abc ez's 21 Pals
----------------
Alpha Azurobe, Level: 17, Rank: 1, Gender: Female, HP IV: 96(0%), ATK IV: 86(0%), DEF IV: 54(0%), Work Speed: (0%), Skills: Hooligan
Alpha Bushi, Level: 23, Rank: 1, Gender: Female, HP IV: 87(0%), ATK IV: 57(0%), DEF IV: 65(0%), Work Speed: (0%), Skills: Destructive
Celaray, Level: 1, Rank: 1, Gender: Female, HP IV: 24(0%), ATK IV: 22(0%), DEF IV: 11(0%), Work Speed: (0%), Skills: Bottomless Stomach, Destructive
Celaray, Level: 1, Rank: 1, Gender: Female, HP IV: 62(0%), ATK IV: 79(0%), DEF IV: 43(0%), Work Speed: (0%), Skills: Serious
Dazzi, Level: 1, Rank: 1, Gender: Female, HP IV: 44(0%), ATK IV: 1(0%), DEF IV: 90(0%), Work Speed: (0%), Skills: Veil of Darkness, Burly Body
Depresso, Level: 11, Rank: 1, Gender: Male, HP IV: 21(0%), ATK IV: 38(0%), DEF IV: 53(0%), Work Speed: (0%), Skills: Runner
Depresso, Level: 14, Rank: 1, Gender: Female, HP IV: 35(0%), ATK IV: 14(0%), DEF IV: 94(0%), Work Speed: (0%), Skills: Hard Skin, Serious
Direhowl, Level: 15, Rank: 1, Gender: Male, HP IV: 2(0%), ATK IV: 79(0%), DEF IV: 19(0%), Work Speed: (0%), Skills: Brave
Flambelle, Level: 3, Rank: 1, Gender: Male, HP IV: 45(0%), ATK IV: 49(0%), DEF IV: 36(0%), Work Speed: (0%), Skills: Slacker
Galeclaw, Level: 20, Rank: 1, Gender: Female, HP IV: 75(0%), ATK IV: 42(0%), DEF IV: 50(0%), Work Speed: (0%), Skills: Aggressive
Grintale, Level: 25, Rank: 1, Gender: Female, HP IV: 42(0%), ATK IV: 33(0%), DEF IV: 31(0%), Work Speed: (0%)
Jolthog Cryst, Level: 3, Rank: 1, Gender: Male, HP IV: 36(0%), ATK IV: 12(0%), DEF IV: 84(0%), Work Speed: (0%), Skills: Workaholic
Loupmoon, Level: 17, Rank: 1, Gender: Male, HP IV: 89(0%), ATK IV: 70(0%), DEF IV: 57(0%), Work Speed: (0%), Skills: Zen Mind
Mau, Level: 1, Rank: 1, Gender: Female, HP IV: 70(0%), ATK IV: 0(0%), DEF IV: 55(0%), Work Speed: (0%), Skills: Swift
Pengullet, Level: 13, Rank: 1, Gender: Male, HP IV: 68(0%), ATK IV: 44(0%), DEF IV: 77(0%), Work Speed: (0%), Skills: Conceited
Relaxaurus, Level: 15, Rank: 1, Gender: Female, HP IV: 39(0%), ATK IV: 6(0%), DEF IV: 49(0%), Work Speed: (0%), Skills: Glutton, Abnormal
Swee, Level: 15, Rank: 1, Gender: Male, HP IV: 38(0%), ATK IV: 86(0%), DEF IV: 9(0%), Work Speed: (0%), Skills: Blood of the Dragon
Sweepa, Level: 1, Rank: 1, Gender: Female, HP IV: 1(0%), ATK IV: 85(0%), DEF IV: 72(0%), Work Speed: (0%), Skills: Mercy hit
Tanzee, Level: 1, Rank: 1, Gender: Female, HP IV: 71(0%), ATK IV: 47(0%), DEF IV: 46(0%), Work Speed: (0%), Skills: Ferocious
Vanwyrm, Level: 1, Rank: 1, Gender: Female, HP IV: 93(0%), ATK IV: 50(0%), DEF IV: 83(0%), Work Speed: (0%), Skills: Infinite Stamina
Vanwyrm, Level: 12, Rank: 1, Gender: Male, HP IV: 34(0%), ATK IV: 32(0%), DEF IV: 9(0%), Work Speed: (0%), Skills: Easygoing
abc ez's 21 Pals
----------------
Alpha Azurobe, Level: 17, Rank: 1, Gender: Female, HP IV: 96(0%), ATK IV: 86(0%), DEF IV: 54(0%), Work Speed: (0%), Skills: Hooligan
Alpha Bushi, Level: 23, Rank: 1, Gender: Female, HP IV: 87(0%), ATK IV: 57(0%), DEF IV: 65(0%), Work Speed: (0%), Skills: Destructive
Celaray, Level: 1, Rank: 1, Gender: Female, HP IV: 24(0%), ATK IV: 22(0%), DEF IV: 11(0%), Work Speed: (0%), Skills: Bottomless Stomach, Destructive
Celaray, Level: 1, Rank: 1, Gender: Female, HP IV: 62(0%), ATK IV: 79(0%), DEF IV: 43(0%), Work Speed: (0%), Skills: Serious
Dazzi, Level: 1, Rank: 1, Gender: Female, HP IV: 44(0%), ATK IV: 1(0%), DEF IV: 90(0%), Work Speed: (0%), Skills: Veil of Darkness, Burly Body
Depresso, Level: 11, Rank: 1, Gender: Male, HP IV: 21(0%), ATK IV: 38(0%), DEF IV: 53(0%), Work Speed: (0%), Skills: Runner
Depresso, Level: 14, Rank: 1, Gender: Female, HP IV: 35(0%), ATK IV: 14(0%), DEF IV: 94(0%), Work Speed: (0%), Skills: Hard Skin, Serious
Direhowl, Level: 15, Rank: 1, Gender: Male, HP IV: 2(0%), ATK IV: 79(0%), DEF IV: 19(0%), Work Speed: (0%), Skills: Brave
Flambelle, Level: 3, Rank: 1, Gender: Male, HP IV: 45(0%), ATK IV: 49(0%), DEF IV: 36(0%), Work Speed: (0%), Skills: Slacker
Galeclaw, Level: 20, Rank: 1, Gender: Female, HP IV: 75(0%), ATK IV: 42(0%), DEF IV: 50(0%), Work Speed: (0%), Skills: Aggressive
Grintale, Level: 25, Rank: 1, Gender: Female, HP IV: 42(0%), ATK IV: 33(0%), DEF IV: 31(0%), Work Speed: (0%)
Jolthog Cryst, Level: 3, Rank: 1, Gender: Male, HP IV: 36(0%), ATK IV: 12(0%), DEF IV: 84(0%), Work Speed: (0%), Skills: Workaholic
Loupmoon, Level: 17, Rank: 1, Gender: Male, HP IV: 89(0%), ATK IV: 70(0%), DEF IV: 57(0%), Work Speed: (0%), Skills: Zen Mind
Mau, Level: 1, Rank: 1, Gender: Female, HP IV: 70(0%), ATK IV: 0(0%), DEF IV: 55(0%), Work Speed: (0%), Skills: Swift
Pengullet, Level: 13, Rank: 1, Gender: Male, HP IV: 68(0%), ATK IV: 44(0%), DEF IV: 77(0%), Work Speed: (0%), Skills: Conceited
Relaxaurus, Level: 15, Rank: 1, Gender: Female, HP IV: 39(0%), ATK IV: 6(0%), DEF IV: 49(0%), Work Speed: (0%), Skills: Glutton, Abnormal
Swee, Level: 15, Rank: 1, Gender: Male, HP IV: 38(0%), ATK IV: 86(0%), DEF IV: 9(0%), Work Speed: (0%), Skills: Blood of the Dragon
Sweepa, Level: 1, Rank: 1, Gender: Female, HP IV: 1(0%), ATK IV: 85(0%), DEF IV: 72(0%), Work Speed: (0%), Skills: Mercy hit
Tanzee, Level: 1, Rank: 1, Gender: Female, HP IV: 71(0%), ATK IV: 47(0%), DEF IV: 46(0%), Work Speed: (0%), Skills: Ferocious
Vanwyrm, Level: 1, Rank: 1, Gender: Female, HP IV: 93(0%), ATK IV: 50(0%), DEF IV: 83(0%), Work Speed: (0%), Skills: Infinite Stamina
Vanwyrm, Level: 12, Rank: 1, Gender: Male, HP IV: 34(0%), ATK IV: 32(0%), DEF IV: 9(0%), Work Speed: (0%), Skills: Easygoing
abc ez's 21 Pals
----------------
Alpha Azurobe, Level: 17, Rank: 1, Gender: Female, HP IV: 96(0%), ATK IV: 86(0%), DEF IV: 54(0%), Work Speed: (0%), Skills: Hooligan
Alpha Bushi, Level: 23, Rank: 1, Gender: Female, HP IV: 87(0%), ATK IV: 57(0%), DEF IV: 65(0%), Work Speed: (0%), Skills: Destructive
Celaray, Level: 1, Rank: 1, Gender: Female, HP IV: 24(0%), ATK IV: 22(0%), DEF IV: 11(0%), Work Speed: (0%), Skills: Bottomless Stomach, Destructive
Celaray, Level: 1, Rank: 1, Gender: Female, HP IV: 62(0%), ATK IV: 79(0%), DEF IV: 43(0%), Work Speed: (0%), Skills: Serious
Dazzi, Level: 1, Rank: 1, Gender: Female, HP IV: 44(0%), ATK IV: 1(0%), DEF IV: 90(0%), Work Speed: (0%), Skills: Veil of Darkness, Burly Body
Depresso, Level: 11, Rank: 1, Gender: Male, HP IV: 21(0%), ATK IV: 38(0%), DEF IV: 53(0%), Work Speed: (0%), Skills: Runner
Depresso, Level: 14, Rank: 1, Gender: Female, HP IV: 35(0%), ATK IV: 14(0%), DEF IV: 94(0%), Work Speed: (0%), Skills: Hard Skin, Serious
Direhowl, Level: 15, Rank: 1, Gender: Male, HP IV: 2(0%), ATK IV: 79(0%), DEF IV: 19(0%), Work Speed: (0%), Skills: Brave
Flambelle, Level: 3, Rank: 1, Gender: Male, HP IV: 45(0%), ATK IV: 49(0%), DEF IV: 36(0%), Work Speed: (0%), Skills: Slacker
Galeclaw, Level: 20, Rank: 1, Gender: Female, HP IV: 75(0%), ATK IV: 42(0%), DEF IV: 50(0%), Work Speed: (0%), Skills: Aggressive
Grintale, Level: 25, Rank: 1, Gender: Female, HP IV: 42(0%), ATK IV: 33(0%), DEF IV: 31(0%), Work Speed: (0%)
Jolthog Cryst, Level: 3, Rank: 1, Gender: Male, HP IV: 36(0%), ATK IV: 12(0%), DEF IV: 84(0%), Work Speed: (0%), Skills: Workaholic
Loupmoon, Level: 17, Rank: 1, Gender: Male, HP IV: 89(0%), ATK IV: 70(0%), DEF IV: 57(0%), Work Speed: (0%), Skills: Zen Mind
Mau, Level: 1, Rank: 1, Gender: Female, HP IV: 70(0%), ATK IV: 0(0%), DEF IV: 55(0%), Work Speed: (0%), Skills: Swift
Pengullet, Level: 13, Rank: 1, Gender: Male, HP IV: 68(0%), ATK IV: 44(0%), DEF IV: 77(0%), Work Speed: (0%), Skills: Conceited
Relaxaurus, Level: 15, Rank: 1, Gender: Female, HP IV: 39(0%), ATK IV: 6(0%), DEF IV: 49(0%), Work Speed: (0%), Skills: Glutton, Abnormal
Swee, Level: 15, Rank: 1, Gender: Male, HP IV: 38(0%), ATK IV: 86(0%), DEF IV: 9(0%), Work Speed: (0%), Skills: Blood of the Dragon
Sweepa, Level: 1, Rank: 1, Gender: Female, HP IV: 1(0%), ATK IV: 85(0%), DEF IV: 72(0%), Work Speed: (0%), Skills: Mercy hit
Tanzee, Level: 1, Rank: 1, Gender: Female, HP IV: 71(0%), ATK IV: 47(0%), DEF IV: 46(0%), Work Speed: (0%), Skills: Ferocious
Vanwyrm, Level: 1, Rank: 1, Gender: Female, HP IV: 93(0%), ATK IV: 50(0%), DEF IV: 83(0%), Work Speed: (0%), Skills: Infinite Stamina
Vanwyrm, Level: 12, Rank: 1, Gender: Male, HP IV: 34(0%), ATK IV: 32(0%), DEF IV: 9(0%), Work Speed: (0%), Skills: Easygoing
abc ez's 21 Pals
----------------
Alpha Azurobe, Level: 17, Rank: 1, Gender: Female, HP IV: 96(0%), ATK IV: 86(0%), DEF IV: 54(0%), Work Speed: (0%), Skills: Hooligan
Alpha Bushi, Level: 23, Rank: 1, Gender: Female, HP IV: 87(0%), ATK IV: 57(0%), DEF IV: 65(0%), Work Speed: (0%), Skills: Destructive
Celaray, Level: 1, Rank: 1, Gender: Female, HP IV: 24(0%), ATK IV: 22(0%), DEF IV: 11(0%), Work Speed: (0%), Skills: Bottomless Stomach, Destructive
Celaray, Level: 1, Rank: 1, Gender: Female, HP IV: 62(0%), ATK IV: 79(0%), DEF IV: 43(0%), Work Speed: (0%), Skills: Serious
Dazzi, Level: 1, Rank: 1, Gender: Female, HP IV: 44(0%), ATK IV: 1(0%), DEF IV: 90(0%), Work Speed: (0%), Skills: Veil of Darkness, Burly Body
Depresso, Level: 11, Rank: 1, Gender: Male, HP IV: 21(0%), ATK IV: 38(0%), DEF IV: 53(0%), Work Speed: (0%), Skills: Runner
Depresso, Level: 14, Rank: 1, Gender: Female, HP IV: 35(0%), ATK IV: 14(0%), DEF IV: 94(0%), Work Speed: (0%), Skills: Hard Skin, Serious
Direhowl, Level: 15, Rank: 1, Gender: Male, HP IV: 2(0%), ATK IV: 79(0%), DEF IV: 19(0%), Work Speed: (0%), Skills: Brave
Flambelle, Level: 3, Rank: 1, Gender: Male, HP IV: 45(0%), ATK IV: 49(0%), DEF IV: 36(0%), Work Speed: (0%), Skills: Slacker
Galeclaw, Level: 20, Rank: 1, Gender: Female, HP IV: 75(0%), ATK IV: 42(0%), DEF IV: 50(0%), Work Speed: (0%), Skills: Aggressive
Grintale, Level: 25, Rank: 1, Gender: Female, HP IV: 42(0%), ATK IV: 33(0%), DEF IV: 31(0%), Work Speed: (0%)
Jolthog Cryst, Level: 3, Rank: 1, Gender: Male, HP IV: 36(0%), ATK IV: 12(0%), DEF IV: 84(0%), Work Speed: (0%), Skills: Workaholic
Loupmoon, Level: 17, Rank: 1, Gender: Male, HP IV: 89(0%), ATK IV: 70(0%), DEF IV: 57(0%), Work Speed: (0%), Skills: Zen Mind
Mau, Level: 1, Rank: 1, Gender: Female, HP IV: 70(0%), ATK IV: 0(0%), DEF IV: 55(0%), Work Speed: (0%), Skills: Swift
Pengullet, Level: 13, Rank: 1, Gender: Male, HP IV: 68(0%), ATK IV: 44(0%), DEF IV: 77(0%), Work Speed: (0%), Skills: Conceited
Relaxaurus, Level: 15, Rank: 1, Gender: Female, HP IV: 39(0%), ATK IV: 6(0%), DEF IV: 49(0%), Work Speed: (0%), Skills: Glutton, Abnormal
Swee, Level: 15, Rank: 1, Gender: Male, HP IV: 38(0%), ATK IV: 86(0%), DEF IV: 9(0%), Work Speed: (0%), Skills: Blood of the Dragon
Sweepa, Level: 1, Rank: 1, Gender: Female, HP IV: 1(0%), ATK IV: 85(0%), DEF IV: 72(0%), Work Speed: (0%), Skills: Mercy hit
Tanzee, Level: 1, Rank: 1, Gender: Female, HP IV: 71(0%), ATK IV: 47(0%), DEF IV: 46(0%), Work Speed: (0%), Skills: Ferocious
Vanwyrm, Level: 1, Rank: 1, Gender: Female, HP IV: 93(0%), ATK IV: 50(0%), DEF IV: 83(0%), Work Speed: (0%), Skills: Infinite Stamina
Vanwyrm, Level: 12, Rank: 1, Gender: Male, HP IV: 34(0%), ATK IV: 32(0%), DEF IV: 9(0%), Work Speed: (0%), Skills: Easygoing
abc ez's 21 Pals
----------------
Alpha Azurobe, Level: 17, Rank: 1, Gender: Female, HP IV: 96(0%), ATK IV: 86(0%), DEF IV: 54(0%), Work Speed: (0%), Skills: Hooligan
Alpha Bushi, Level: 23, Rank: 1, Gender: Female, HP IV: 87(0%), ATK IV: 57(0%), DEF IV: 65(0%), Work Speed: (0%), Skills: Destructive
Celaray, Level: 1, Rank: 1, Gender: Female, HP IV: 24(0%), ATK IV: 22(0%), DEF IV: 11(0%), Work Speed: (0%), Skills: Bottomless Stomach, Destructive
Celaray, Level: 1, Rank: 1, Gender: Female, HP IV: 62(0%), ATK IV: 79(0%), DEF IV: 43(0%), Work Speed: (0%), Skills: Serious
Dazzi, Level: 1, Rank: 1, Gender: Female, HP IV: 44(0%), ATK IV: 1(0%), DEF IV: 90(0%), Work Speed: (0%), Skills: Veil of Darkness, Burly Body
Depresso, Level: 11, Rank: 1, Gender: Male, HP IV: 21(0%), ATK IV: 38(0%), DEF IV: 53(0%), Work Speed: (0%), Skills: Runner
Depresso, Level: 14, Rank: 1, Gender: Female, HP IV: 35(0%), ATK IV: 14(0%), DEF IV: 94(0%), Work Speed: (0%), Skills: Hard Skin, Serious
Direhowl, Level: 15, Rank: 1, Gender: Male, HP IV: 2(0%), ATK IV: 79(0%), DEF IV: 19(0%), Work Speed: (0%), Skills: Brave
Flambelle, Level: 3, Rank: 1, Gender: Male, HP IV: 45(0%), ATK IV: 49(0%), DEF IV: 36(0%), Work Speed: (0%), Skills: Slacker
Galeclaw, Level: 20, Rank: 1, Gender: Female, HP IV: 75(0%), ATK IV: 42(0%), DEF IV: 50(0%), Work Speed: (0%), Skills: Aggressive
Grintale, Level: 25, Rank: 1, Gender: Female, HP IV: 42(0%), ATK IV: 33(0%), DEF IV: 31(0%), Work Speed: (0%)
Jolthog Cryst, Level: 3, Rank: 1, Gender: Male, HP IV: 36(0%), ATK IV: 12(0%), DEF IV: 84(0%), Work Speed: (0%), Skills: Workaholic
Loupmoon, Level: 17, Rank: 1, Gender: Male, HP IV: 89(0%), ATK IV: 70(0%), DEF IV: 57(0%), Work Speed: (0%), Skills: Zen Mind
Mau, Level: 1, Rank: 1, Gender: Female, HP IV: 70(0%), ATK IV: 0(0%), DEF IV: 55(0%), Work Speed: (0%), Skills: Swift
Pengullet, Level: 13, Rank: 1, Gender: Male, HP IV: 68(0%), ATK IV: 44(0%), DEF IV: 77(0%), Work Speed: (0%), Skills: Conceited
Relaxaurus, Level: 15, Rank: 1, Gender: Female, HP IV: 39(0%), ATK IV: 6(0%), DEF IV: 49(0%), Work Speed: (0%), Skills: Glutton, Abnormal
Swee, Level: 15, Rank: 1, Gender: Male, HP IV: 38(0%), ATK IV: 86(0%), DEF IV: 9(0%), Work Speed: (0%), Skills: Blood of the Dragon
Sweepa, Level: 1, Rank: 1, Gender: Female, HP IV: 1(0%), ATK IV: 85(0%), DEF IV: 72(0%), Work Speed: (0%), Skills: Mercy hit
Tanzee, Level: 1, Rank: 1, Gender: Female, HP IV: 71(0%), ATK IV: 47(0%), DEF IV: 46(0%), Work Speed: (0%), Skills: Ferocious
Vanwyrm, Level: 1, Rank: 1, Gender: Female, HP IV: 93(0%), ATK IV: 50(0%), DEF IV: 83(0%), Work Speed: (0%), Skills: Infinite Stamina
Vanwyrm, Level: 12, Rank: 1, Gender: Male, HP IV: 34(0%), ATK IV: 32(0%), DEF IV: 9(0%), Work Speed: (0%), Skills: Easygoing
abc ez's 21 Pals
----------------
Alpha Azurobe, Level: 17, Rank: 1, Gender: Female, HP IV: 96(0%), ATK IV: 86(0%), DEF IV: 54(0%), Work Speed: (0%), Skills: Hooligan
Alpha Bushi, Level: 23, Rank: 1, Gender: Female, HP IV: 87(0%), ATK IV: 57(0%), DEF IV: 65(0%), Work Speed: (0%), Skills: Destructive
Celaray, Level: 1, Rank: 1, Gender: Female, HP IV: 24(0%), ATK IV: 22(0%), DEF IV: 11(0%), Work Speed: (0%), Skills: Bottomless Stomach, Destructive
Celaray, Level: 1, Rank: 1, Gender: Female, HP IV: 62(0%), ATK IV: 79(0%), DEF IV: 43(0%), Work Speed: (0%), Skills: Serious
Dazzi, Level: 1, Rank: 1, Gender: Female, HP IV: 44(0%), ATK IV: 1(0%), DEF IV: 90(0%), Work Speed: (0%), Skills: Veil of Darkness, Burly Body
Depresso, Level: 11, Rank: 1, Gender: Male, HP IV: 21(0%), ATK IV: 38(0%), DEF IV: 53(0%), Work Speed: (0%), Skills: Runner
Depresso, Level: 14, Rank: 1, Gender: Female, HP IV: 35(0%), ATK IV: 14(0%), DEF IV: 94(0%), Work Speed: (0%), Skills: Hard Skin, Serious
Direhowl, Level: 15, Rank: 1, Gender: Male, HP IV: 2(0%), ATK IV: 79(0%), DEF IV: 19(0%), Work Speed: (0%), Skills: Brave
Flambelle, Level: 3, Rank: 1, Gender: Male, HP IV: 45(0%), ATK IV: 49(0%), DEF IV: 36(0%), Work Speed: (0%), Skills: Slacker
Galeclaw, Level: 20, Rank: 1, Gender: Female, HP IV: 75(0%), ATK IV: 42(0%), DEF IV: 50(0%), Work Speed: (0%), Skills: Aggressive
Grintale, Level: 25, Rank: 1, Gender: Female, HP IV: 42(0%), ATK IV: 33(0%), DEF IV: 31(0%), Work Speed: (0%)
Jolthog Cryst, Level: 3, Rank: 1, Gender: Male, HP IV: 36(0%), ATK IV: 12(0%), DEF IV: 84(0%), Work Speed: (0%), Skills: Workaholic
Loupmoon, Level: 17, Rank: 1, Gender: Male, HP IV: 89(0%), ATK IV: 70(0%), DEF IV: 57(0%), Work Speed: (0%), Skills: Zen Mind
Mau, Level: 1, Rank: 1, Gender: Female, HP IV: 70(0%), ATK IV: 0(0%), DEF IV: 55(0%), Work Speed: (0%), Skills: Swift
Pengullet, Level: 13, Rank: 1, Gender: Male, HP IV: 68(0%), ATK IV: 44(0%), DEF IV: 77(0%), Work Speed: (0%), Skills: Conceited
Relaxaurus, Level: 15, Rank: 1, Gender: Female, HP IV: 39(0%), ATK IV: 6(0%), DEF IV: 49(0%), Work Speed: (0%), Skills: Glutton, Abnormal
Swee, Level: 15, Rank: 1, Gender: Male, HP IV: 38(0%), ATK IV: 86(0%), DEF IV: 9(0%), Work Speed: (0%), Skills: Blood of the Dragon
Sweepa, Level: 1, Rank: 1, Gender: Female, HP IV: 1(0%), ATK IV: 85(0%), DEF IV: 72(0%), Work Speed: (0%), Skills: Mercy hit
Tanzee, Level: 1, Rank: 1, Gender: Female, HP IV: 71(0%), ATK IV: 47(0%), DEF IV: 46(0%), Work Speed: (0%), Skills: Ferocious
Vanwyrm, Level: 1, Rank: 1, Gender: Female, HP IV: 93(0%), ATK IV: 50(0%), DEF IV: 83(0%), Work Speed: (0%), Skills: Infinite Stamina
Vanwyrm, Level: 12, Rank: 1, Gender: Male, HP IV: 34(0%), ATK IV: 32(0%), DEF IV: 9(0%), Work Speed: (0%), Skills: Easygoing
abc ez's 21 Pals
----------------
Alpha Azurobe, Level: 17, Rank: 1, Gender: Female, HP IV: 96(0%), ATK IV: 86(0%), DEF IV: 54(0%), Work Speed: (0%), Skills: Hooligan
Alpha Bushi, Level: 23, Rank: 1, Gender: Female, HP IV: 87(0%), ATK IV: 57(0%), DEF IV: 65(0%), Work Speed: (0%), Skills: Destructive
Celaray, Level: 1, Rank: 1, Gender: Female, HP IV: 24(0%), ATK IV: 22(0%), DEF IV: 11(0%), Work Speed: (0%), Skills: Bottomless Stomach, Destructive
Celaray, Level: 1, Rank: 1, Gender: Female, HP IV: 62(0%), ATK IV: 79(0%), DEF IV: 43(0%), Work Speed: (0%), Skills: Serious
Dazzi, Level: 1, Rank: 1, Gender: Female, HP IV: 44(0%), ATK IV: 1(0%), DEF IV: 90(0%), Work Speed: (0%), Skills: Veil of Darkness, Burly Body
Depresso, Level: 11, Rank: 1, Gender: Male, HP IV: 21(0%), ATK IV: 38(0%), DEF IV: 53(0%), Work Speed: (0%), Skills: Runner
Depresso, Level: 14, Rank: 1, Gender: Female, HP IV: 35(0%), ATK IV: 14(0%), DEF IV: 94(0%), Work Speed: (0%), Skills: Hard Skin, Serious
Direhowl, Level: 15, Rank: 1, Gender: Male, HP IV: 2(0%), ATK IV: 79(0%), DEF IV: 19(0%), Work Speed: (0%), Skills: Brave
Flambelle, Level: 3, Rank: 1, Gender: Male, HP IV: 45(0%), ATK IV: 49(0%), DEF IV: 36(0%), Work Speed: (0%), Skills: Slacker
Galeclaw, Level: 20, Rank: 1, Gender: Female, HP IV: 75(0%), ATK IV: 42(0%), DEF IV: 50(0%), Work Speed: (0%), Skills: Aggressive
Grintale, Level: 25, Rank: 1, Gender: Female, HP IV: 42(0%), ATK IV: 33(0%), DEF IV: 31(0%), Work Speed: (0%)
Jolthog Cryst, Level: 3, Rank: 1, Gender: Male, HP IV: 36(0%), ATK IV: 12(0%), DEF IV: 84(0%), Work Speed: (0%), Skills: Workaholic
Loupmoon, Level: 17, Rank: 1, Gender: Male, HP IV: 89(0%), ATK IV: 70(0%), DEF IV: 57(0%), Work Speed: (0%), Skills: Zen Mind
Mau, Level: 1, Rank: 1, Gender: Female, HP IV: 70(0%), ATK IV: 0(0%), DEF IV: 55(0%), Work Speed: (0%), Skills: Swift
Pengullet, Level: 13, Rank: 1, Gender: Male, HP IV: 68(0%), ATK IV: 44(0%), DEF IV: 77(0%), Work Speed: (0%), Skills: Conceited
Relaxaurus, Level: 15, Rank: 1, Gender: Female, HP IV: 39(0%), ATK IV: 6(0%), DEF IV: 49(0%), Work Speed: (0%), Skills: Glutton, Abnormal
Swee, Level: 15, Rank: 1, Gender: Male, HP IV: 38(0%), ATK IV: 86(0%), DEF IV: 9(0%), Work Speed: (0%), Skills: Blood of the Dragon
Sweepa, Level: 1, Rank: 1, Gender: Female, HP IV: 1(0%), ATK IV: 85(0%), DEF IV: 72(0%), Work Speed: (0%), Skills: Mercy hit
Tanzee, Level: 1, Rank: 1, Gender: Female, HP IV: 71(0%), ATK IV: 47(0%), DEF IV: 46(0%), Work Speed: (0%), Skills: Ferocious
Vanwyrm, Level: 1, Rank: 1, Gender: Female, HP IV: 93(0%), ATK IV: 50(0%), DEF IV: 83(0%), Work Speed: (0%), Skills: Infinite Stamina
Vanwyrm, Level: 12, Rank: 1, Gender: Male, HP IV: 34(0%), ATK IV: 32(0%), DEF IV: 9(0%), Work Speed: (0%), Skills: Easygoing
abc ez's 21 Pals
----------------
Alpha Azurobe, Level: 17, Rank: 1, Gender: Female, HP IV: 96(0%), ATK IV: 86(0%), DEF IV: 54(0%), Work Speed: (0%), Skills: Hooligan
Alpha Bushi, Level: 23, Rank: 1, Gender: Female, HP IV: 87(0%), ATK IV: 57(0%), DEF IV: 65(0%), Work Speed: (0%), Skills: Destructive
Celaray, Level: 1, Rank: 1, Gender: Female, HP IV: 24(0%), ATK IV: 22(0%), DEF IV: 11(0%), Work Speed: (0%), Skills: Bottomless Stomach, Destructive
Celaray, Level: 1, Rank: 1, Gender: Female, HP IV: 62(0%), ATK IV: 79(0%), DEF IV: 43(0%), Work Speed: (0%), Skills: Serious
Dazzi, Level: 1, Rank: 1, Gender: Female, HP IV: 44(0%), ATK IV: 1(0%), DEF IV: 90(0%), Work Speed: (0%), Skills: Veil of Darkness, Burly Body
Depresso, Level: 11, Rank: 1, Gender: Male, HP IV: 21(0%), ATK IV: 38(0%), DEF IV: 53(0%), Work Speed: (0%), Skills: Runner
Depresso, Level: 14, Rank: 1, Gender: Female, HP IV: 35(0%), ATK IV: 14(0%), DEF IV: 94(0%), Work Speed: (0%), Skills: Hard Skin, Serious
Direhowl, Level: 15, Rank: 1, Gender: Male, HP IV: 2(0%), ATK IV: 79(0%), DEF IV: 19(0%), Work Speed: (0%), Skills: Brave
Flambelle, Level: 3, Rank: 1, Gender: Male, HP IV: 45(0%), ATK IV: 49(0%), DEF IV: 36(0%), Work Speed: (0%), Skills: Slacker
Galeclaw, Level: 20, Rank: 1, Gender: Female, HP IV: 75(0%), ATK IV: 42(0%), DEF IV: 50(0%), Work Speed: (0%), Skills: Aggressive
Grintale, Level: 25, Rank: 1, Gender: Female, HP IV: 42(0%), ATK IV: 33(0%), DEF IV: 31(0%), Work Speed: (0%)
Jolthog Cryst, Level: 3, Rank: 1, Gender: Male, HP IV: 36(0%), ATK IV: 12(0%), DEF IV: 84(0%), Work Speed: (0%), Skills: Workaholic
Loupmoon, Level: 17, Rank: 1, Gender: Male, HP IV: 89(0%), ATK IV: 70(0%), DEF IV: 57(0%), Work Speed: (0%), Skills: Zen Mind
Mau, Level: 1, Rank: 1, Gender: Female, HP IV: 70(0%), ATK IV: 0(0%), DEF IV: 55(0%), Work Speed: (0%), Skills: Swift
Pengullet, Level: 13, Rank: 1, Gender: Male, HP IV: 68(0%), ATK IV: 44(0%), DEF IV: 77(0%), Work Speed: (0%), Skills: Conceited
Relaxaurus, Level: 15, Rank: 1, Gender: Female, HP IV: 39(0%), ATK IV: 6(0%), DEF IV: 49(0%), Work Speed: (0%), Skills: Glutton, Abnormal
Swee, Level: 15, Rank: 1, Gender: Male, HP IV: 38(0%), ATK IV: 86(0%), DEF IV: 9(0%), Work Speed: (0%), Skills: Blood of the Dragon
Sweepa, Level: 1, Rank: 1, Gender: Female, HP IV: 1(0%), ATK IV: 85(0%), DEF IV: 72(0%), Work Speed: (0%), Skills: Mercy hit
Tanzee, Level: 1, Rank: 1, Gender: Female, HP IV: 71(0%), ATK IV: 47(0%), DEF IV: 46(0%), Work Speed: (0%), Skills: Ferocious
Vanwyrm, Level: 1, Rank: 1, Gender: Female, HP IV: 93(0%), ATK IV: 50(0%), DEF IV: 83(0%), Work Speed: (0%), Skills: Infinite Stamina
Vanwyrm, Level: 12, Rank: 1, Gender: Male, HP IV: 34(0%), ATK IV: 32(0%), DEF IV: 9(0%), Work Speed: (0%), Skills: Easygoing
abc ez's 21 Pals
----------------
Alpha Azurobe, Level: 17, Rank: 1, Gender: Female, HP IV: 96(0%), ATK IV: 86(0%), DEF IV: 54(0%), Work Speed: (0%), Skills: Hooligan
Alpha Bushi, Level: 23, Rank: 1, Gender: Female, HP IV: 87(0%), ATK IV: 57(0%), DEF IV: 65(0%), Work Speed: (0%), Skills: Destructive
Celaray, Level: 1, Rank: 1, Gender: Female, HP IV: 24(0%), ATK IV: 22(0%), DEF IV: 11(0%), Work Speed: (0%), Skills: Bottomless Stomach, Destructive
Celaray, Level: 1, Rank: 1, Gender: Female, HP IV: 62(0%), ATK IV: 79(0%), DEF IV: 43(0%), Work Speed: (0%), Skills: Serious
Dazzi, Level: 1, Rank: 1, Gender: Female, HP IV: 44(0%), ATK IV: 1(0%), DEF IV: 90(0%), Work Speed: (0%), Skills: Veil of Darkness, Burly Body
Depresso, Level: 11, Rank: 1, Gender: Male, HP IV: 21(0%), ATK IV: 38(0%), DEF IV: 53(0%), Work Speed: (0%), Skills: Runner
Depresso, Level: 14, Rank: 1, Gender: Female, HP IV: 35(0%), ATK IV: 14(0%), DEF IV: 94(0%), Work Speed: (0%), Skills: Hard Skin, Serious
Direhowl, Level: 15, Rank: 1, Gender: Male, HP IV: 2(0%), ATK IV: 79(0%), DEF IV: 19(0%), Work Speed: (0%), Skills: Brave
Flambelle, Level: 3, Rank: 1, Gender: Male, HP IV: 45(0%), ATK IV: 49(0%), DEF IV: 36(0%), Work Speed: (0%), Skills: Slacker
Galeclaw, Level: 20, Rank: 1, Gender: Female, HP IV: 75(0%), ATK IV: 42(0%), DEF IV: 50(0%), Work Speed: (0%), Skills: Aggressive
Grintale, Level: 25, Rank: 1, Gender: Female, HP IV: 42(0%), ATK IV: 33(0%), DEF IV: 31(0%), Work Speed: (0%)
Jolthog Cryst, Level: 3, Rank: 1, Gender: Male, HP IV: 36(0%), ATK IV: 12(0%), DEF IV: 84(0%), Work Speed: (0%), Skills: Workaholic
Loupmoon, Level: 17, Rank: 1, Gender: Male, HP IV: 89(0%), ATK IV: 70(0%), DEF IV: 57(0%), Work Speed: (0%), Skills: Zen Mind
Mau, Level: 1, Rank: 1, Gender: Female, HP IV: 70(0%), ATK IV: 0(0%), DEF IV: 55(0%), Work Speed: (0%), Skills: Swift
Pengullet, Level: 13, Rank: 1, Gender: Male, HP IV: 68(0%), ATK IV: 44(0%), DEF IV: 77(0%), Work Speed: (0%), Skills: Conceited
Relaxaurus, Level: 15, Rank: 1, Gender: Female, HP IV: 39(0%), ATK IV: 6(0%), DEF IV: 49(0%), Work Speed: (0%), Skills: Glutton, Abnormal
Swee, Level: 15, Rank: 1, Gender: Male, HP IV: 38(0%), ATK IV: 86(0%), DEF IV: 9(0%), Work Speed: (0%), Skills: Blood of the Dragon
Sweepa, Level: 1, Rank: 1, Gender: Female, HP IV: 1(0%), ATK IV: 85(0%), DEF IV: 72(0%), Work Speed: (0%), Skills: Mercy hit
Tanzee, Level: 1, Rank: 1, Gender: Female, HP IV: 71(0%), ATK IV: 47(0%), DEF IV: 46(0%), Work Speed: (0%), Skills: Ferocious
Vanwyrm, Level: 1, Rank: 1, Gender: Female, HP IV: 93(0%), ATK IV: 50(0%), DEF IV: 83(0%), Work Speed: (0%), Skills: Infinite Stamina
Vanwyrm, Level: 12, Rank: 1, Gender: Male, HP IV: 34(0%), ATK IV: 32(0%), DEF IV: 9(0%), Work Speed: (0%), Skills: Easygoing
abc ez's 21 Pals
----------------
Alpha Azurobe, Level: 17, Rank: 1, Gender: Female, HP IV: 96(0%), ATK IV: 86(0%), DEF IV: 54(0%), Work Speed: (0%), Skills: Hooligan
Alpha Bushi, Level: 23, Rank: 1, Gender: Female, HP IV: 87(0%), ATK IV: 57(0%), DEF IV: 65(0%), Work Speed: (0%), Skills: Destructive
Celaray, Level: 1, Rank: 1, Gender: Female, HP IV: 24(0%), ATK IV: 22(0%), DEF IV: 11(0%), Work Speed: (0%), Skills: Bottomless Stomach, Destructive
Celaray, Level: 1, Rank: 1, Gender: Female, HP IV: 62(0%), ATK IV: 79(0%), DEF IV: 43(0%), Work Speed: (0%), Skills: Serious
Dazzi, Level: 1, Rank: 1, Gender: Female, HP IV: 44(0%), ATK IV: 1(0%), DEF IV: 90(0%), Work Speed: (0%), Skills: Veil of Darkness, Burly Body
Depresso, Level: 11, Rank: 1, Gender: Male, HP IV: 21(0%), ATK IV: 38(0%), DEF IV: 53(0%), Work Speed: (0%), Skills: Runner
Depresso, Level: 14, Rank: 1, Gender: Female, HP IV: 35(0%), ATK IV: 14(0%), DEF IV: 94(0%), Work Speed: (0%), Skills: Hard Skin, Serious
Direhowl, Level: 15, Rank: 1, Gender: Male, HP IV: 2(0%), ATK IV: 79(0%), DEF IV: 19(0%), Work Speed: (0%), Skills: Brave
Flambelle, Level: 3, Rank: 1, Gender: Male, HP IV: 45(0%), ATK IV: 49(0%), DEF IV: 36(0%), Work Speed: (0%), Skills: Slacker
Galeclaw, Level: 20, Rank: 1, Gender: Female, HP IV: 75(0%), ATK IV: 42(0%), DEF IV: 50(0%), Work Speed: (0%), Skills: Aggressive
Grintale, Level: 25, Rank: 1, Gender: Female, HP IV: 42(0%), ATK IV: 33(0%), DEF IV: 31(0%), Work Speed: (0%)
Jolthog Cryst, Level: 3, Rank: 1, Gender: Male, HP IV: 36(0%), ATK IV: 12(0%), DEF IV: 84(0%), Work Speed: (0%), Skills: Workaholic
Loupmoon, Level: 17, Rank: 1, Gender: Male, HP IV: 89(0%), ATK IV: 70(0%), DEF IV: 57(0%), Work Speed: (0%), Skills: Zen Mind
Mau, Level: 1, Rank: 1, Gender: Female, HP IV: 70(0%), ATK IV: 0(0%), DEF IV: 55(0%), Work Speed: (0%), Skills: Swift
Pengullet, Level: 13, Rank: 1, Gender: Male, HP IV: 68(0%), ATK IV: 44(0%), DEF IV: 77(0%), Work Speed: (0%), Skills: Conceited
Relaxaurus, Level: 15, Rank: 1, Gender: Female, HP IV: 39(0%), ATK IV: 6(0%), DEF IV: 49(0%), Work Speed: (0%), Skills: Glutton, Abnormal
Swee, Level: 15, Rank: 1, Gender: Male, HP IV: 38(0%), ATK IV: 86(0%), DEF IV: 9(0%), Work Speed: (0%), Skills: Blood of the Dragon
Sweepa, Level: 1, Rank: 1, Gender: Female, HP IV: 1(0%), ATK IV: 85(0%), DEF IV: 72(0%), Work Speed: (0%), Skills: Mercy hit
Tanzee, Level: 1, Rank: 1, Gender: Female, HP IV: 71(0%), ATK IV: 47(0%), DEF IV: 46(0%), Work Speed: (0%), Skills: Ferocious
Vanwyrm, Level: 1, Rank: 1, Gender: Female, HP IV: 93(0%), ATK IV: 50(0%), DEF IV: 83(0%), Work Speed: (0%), Skills: Infinite Stamina
Vanwyrm, Level: 12, Rank: 1, Gender: Male, HP IV: 34(0%), ATK IV: 32(0%), DEF IV: 9(0%), Work Speed: (0%), Skills: Easygoing
abc ez's 21 Pals
----------------
Alpha Azurobe, Level: 17, Rank: 1, Gender: Female, HP IV: 96(0%), ATK IV: 86(0%), DEF IV: 54(0%), Work Speed: (0%), Skills: Hooligan
Alpha Bushi, Level: 23, Rank: 1, Gender: Female, HP IV: 87(0%), ATK IV: 57(0%), DEF IV: 65(0%), Work Speed: (0%), Skills: Destructive
Celaray, Level: 1, Rank: 1, Gender: Female, HP IV: 24(0%), ATK IV: 22(0%), DEF IV: 11(0%), Work Speed: (0%), Skills: Bottomless Stomach, Destructive
Celaray, Level: 1, Rank: 1, Gender: Female, HP IV: 62(0%), ATK IV: 79(0%), DEF IV: 43(0%), Work Speed: (0%), Skills: Serious
Dazzi, Level: 1, Rank: 1, Gender: Female, HP IV: 44(0%), ATK IV: 1(0%), DEF IV: 90(0%), Work Speed: (0%), Skills: Veil of Darkness, Burly Body
Depresso, Level: 11, Rank: 1, Gender: Male, HP IV: 21(0%), ATK IV: 38(0%), DEF IV: 53(0%), Work Speed: (0%), Skills: Runner
Depresso, Level: 14, Rank: 1, Gender: Female, HP IV: 35(0%), ATK IV: 14(0%), DEF IV: 94(0%), Work Speed: (0%), Skills: Hard Skin, Serious
Direhowl, Level: 15, Rank: 1, Gender: Male, HP IV: 2(0%), ATK IV: 79(0%), DEF IV: 19(0%), Work Speed: (0%), Skills: Brave
Flambelle, Level: 3, Rank: 1, Gender: Male, HP IV: 45(0%), ATK IV: 49(0%), DEF IV: 36(0%), Work Speed: (0%), Skills: Slacker
Galeclaw, Level: 20, Rank: 1, Gender: Female, HP IV: 75(0%), ATK IV: 42(0%), DEF IV: 50(0%), Work Speed: (0%), Skills: Aggressive
Grintale, Level: 25, Rank: 1, Gender: Female, HP IV: 42(0%), ATK IV: 33(0%), DEF IV: 31(0%), Work Speed: (0%)
Jolthog Cryst, Level: 3, Rank: 1, Gender: Male, HP IV: 36(0%), ATK IV: 12(0%), DEF IV: 84(0%), Work Speed: (0%), Skills: Workaholic
Loupmoon, Level: 17, Rank: 1, Gender: Male, HP IV: 89(0%), ATK IV: 70(0%), DEF IV: 57(0%), Work Speed: (0%), Skills: Zen Mind
Mau, Level: 1, Rank: 1, Gender: Female, HP IV: 70(0%), ATK IV: 0(0%), DEF IV: 55(0%), Work Speed: (0%), Skills: Swift
Pengullet, Level: 13, Rank: 1, Gender: Male, HP IV: 68(0%), ATK IV: 44(0%), DEF IV: 77(0%), Work Speed: (0%), Skills: Conceited
Relaxaurus, Level: 15, Rank: 1, Gender: Female, HP IV: 39(0%), ATK IV: 6(0%), DEF IV: 49(0%), Work Speed: (0%), Skills: Glutton, Abnormal
Swee, Level: 15, Rank: 1, Gender: Male, HP IV: 38(0%), ATK IV: 86(0%), DEF IV: 9(0%), Work Speed: (0%), Skills: Blood of the Dragon
Sweepa, Level: 1, Rank: 1, Gender: Female, HP IV: 1(0%), ATK IV: 85(0%), DEF IV: 72(0%), Work Speed: (0%), Skills: Mercy hit
Tanzee, Level: 1, Rank: 1, Gender: Female, HP IV: 71(0%), ATK IV: 47(0%), DEF IV: 46(0%), Work Speed: (0%), Skills: Ferocious
Vanwyrm, Level: 1, Rank: 1, Gender: Female, HP IV: 93(0%), ATK IV: 50(0%), DEF IV: 83(0%), Work Speed: (0%), Skills: Infinite Stamina
Vanwyrm, Level: 12, Rank: 1, Gender: Male, HP IV: 34(0%), ATK IV: 32(0%), DEF IV: 9(0%), Work Speed: (0%), Skills: Easygoing
abc ez's 21 Pals
----------------
Alpha Azurobe, Level: 17, Rank: 1, Gender: Female, HP IV: 96(0%), ATK IV: 86(0%), DEF IV: 54(0%), Work Speed: (0%), Skills: Hooligan
Alpha Bushi, Level: 23, Rank: 1, Gender: Female, HP IV: 87(0%), ATK IV: 57(0%), DEF IV: 65(0%), Work Speed: (0%), Skills: Destructive
Celaray, Level: 1, Rank: 1, Gender: Female, HP IV: 24(0%), ATK IV: 22(0%), DEF IV: 11(0%), Work Speed: (0%), Skills: Bottomless Stomach, Destructive
Celaray, Level: 1, Rank: 1, Gender: Female, HP IV: 62(0%), ATK IV: 79(0%), DEF IV: 43(0%), Work Speed: (0%), Skills: Serious
Dazzi, Level: 1, Rank: 1, Gender: Female, HP IV: 44(0%), ATK IV: 1(0%), DEF IV: 90(0%), Work Speed: (0%), Skills: Veil of Darkness, Burly Body
Depresso, Level: 11, Rank: 1, Gender: Male, HP IV: 21(0%), ATK IV: 38(0%), DEF IV: 53(0%), Work Speed: (0%), Skills: Runner
Depresso, Level: 14, Rank: 1, Gender: Female, HP IV: 35(0%), ATK IV: 14(0%), DEF IV: 94(0%), Work Speed: (0%), Skills: Hard Skin, Serious
Direhowl, Level: 15, Rank: 1, Gender: Male, HP IV: 2(0%), ATK IV: 79(0%), DEF IV: 19(0%), Work Speed: (0%), Skills: Brave
Flambelle, Level: 3, Rank: 1, Gender: Male, HP IV: 45(0%), ATK IV: 49(0%), DEF IV: 36(0%), Work Speed: (0%), Skills: Slacker
Galeclaw, Level: 20, Rank: 1, Gender: Female, HP IV: 75(0%), ATK IV: 42(0%), DEF IV: 50(0%), Work Speed: (0%), Skills: Aggressive
Grintale, Level: 25, Rank: 1, Gender: Female, HP IV: 42(0%), ATK IV: 33(0%), DEF IV: 31(0%), Work Speed: (0%)
Jolthog Cryst, Level: 3, Rank: 1, Gender: Male, HP IV: 36(0%), ATK IV: 12(0%), DEF IV: 84(0%), Work Speed: (0%), Skills: Workaholic
Loupmoon, Level: 17, Rank: 1, Gender: Male, HP IV: 89(0%), ATK IV: 70(0%), DEF IV: 57(0%), Work Speed: (0%), Skills: Zen Mind
Mau, Level: 1, Rank: 1, Gender: Female, HP IV: 70(0%), ATK IV: 0(0%), DEF IV: 55(0%), Work Speed: (0%), Skills: Swift
Pengullet, Level: 13, Rank: 1, Gender: Male, HP IV: 68(0%), ATK IV: 44(0%), DEF IV: 77(0%), Work Speed: (0%), Skills: Conceited
Relaxaurus, Level: 15, Rank: 1, Gender: Female, HP IV: 39(0%), ATK IV: 6(0%), DEF IV: 49(0%), Work Speed: (0%), Skills: Glutton, Abnormal
Swee, Level: 15, Rank: 1, Gender: Male, HP IV: 38(0%), ATK IV: 86(0%), DEF IV: 9(0%), Work Speed: (0%), Skills: Blood of the Dragon
Sweepa, Level: 1, Rank: 1, Gender: Female, HP IV: 1(0%), ATK IV: 85(0%), DEF IV: 72(0%), Work Speed: (0%), Skills: Mercy hit
Tanzee, Level: 1, Rank: 1, Gender: Female, HP IV: 71(0%), ATK IV: 47(0%), DEF IV: 46(0%), Work Speed: (0%), Skills: Ferocious
Vanwyrm, Level: 1, Rank: 1, Gender: Female, HP IV: 93(0%), ATK IV: 50(0%), DEF IV: 83(0%), Work Speed: (0%), Skills: Infinite Stamina
Vanwyrm, Level: 12, Rank: 1, Gender: Male, HP IV: 34(0%), ATK IV: 32(0%), DEF IV: 9(0%), Work Speed: (0%), Skills: Easygoing
abc ez's 21 Pals
----------------
Alpha Azurobe, Level: 17, Rank: 1, Gender: Female, HP IV: 96(0%), ATK IV: 86(0%), DEF IV: 54(0%), Work Speed: (0%), Skills: Hooligan
Alpha Bushi, Level: 23, Rank: 1, Gender: Female, HP IV: 87(0%), ATK IV: 57(0%), DEF IV: 65(0%), Work Speed: (0%), Skills: Destructive
Celaray, Level: 1, Rank: 1, Gender: Female, HP IV: 24(0%), ATK IV: 22(0%), DEF IV: 11(0%), Work Speed: (0%), Skills: Bottomless Stomach, Destructive
Celaray, Level: 1, Rank: 1, Gender: Female, HP IV: 62(0%), ATK IV: 79(0%), DEF IV: 43(0%), Work Speed: (0%), Skills: Serious
Dazzi, Level: 1, Rank: 1, Gender: Female, HP IV: 44(0%), ATK IV: 1(0%), DEF IV: 90(0%), Work Speed: (0%), Skills: Veil of Darkness, Burly Body
Depresso, Level: 11, Rank: 1, Gender: Male, HP IV: 21(0%), ATK IV: 38(0%), DEF IV: 53(0%), Work Speed: (0%), Skills: Runner
Depresso, Level: 14, Rank: 1, Gender: Female, HP IV: 35(0%), ATK IV: 14(0%), DEF IV: 94(0%), Work Speed: (0%), Skills: Hard Skin, Serious
Direhowl, Level: 15, Rank: 1, Gender: Male, HP IV: 2(0%), ATK IV: 79(0%), DEF IV: 19(0%), Work Speed: (0%), Skills: Brave
Flambelle, Level: 3, Rank: 1, Gender: Male, HP IV: 45(0%), ATK IV: 49(0%), DEF IV: 36(0%), Work Speed: (0%), Skills: Slacker
Galeclaw, Level: 20, Rank: 1, Gender: Female, HP IV: 75(0%), ATK IV: 42(0%), DEF IV: 50(0%), Work Speed: (0%), Skills: Aggressive
Grintale, Level: 25, Rank: 1, Gender: Female, HP IV: 42(0%), ATK IV: 33(0%), DEF IV: 31(0%), Work Speed: (0%)
Jolthog Cryst, Level: 3, Rank: 1, Gender: Male, HP IV: 36(0%), ATK IV: 12(0%), DEF IV: 84(0%), Work Speed: (0%), Skills: Workaholic
Loupmoon, Level: 17, Rank: 1, Gender: Male, HP IV: 89(0%), ATK IV: 70(0%), DEF IV: 57(0%), Work Speed: (0%), Skills: Zen Mind
Mau, Level: 1, Rank: 1, Gender: Female, HP IV: 70(0%), ATK IV: 0(0%), DEF IV: 55(0%), Work Speed: (0%), Skills: Swift
Pengullet, Level: 13, Rank: 1, Gender: Male, HP IV: 68(0%), ATK IV: 44(0%), DEF IV: 77(0%), Work Speed: (0%), Skills: Conceited
Relaxaurus, Level: 15, Rank: 1, Gender: Female, HP IV: 39(0%), ATK IV: 6(0%), DEF IV: 49(0%), Work Speed: (0%), Skills: Glutton, Abnormal
Swee, Level: 15, Rank: 1, Gender: Male, HP IV: 38(0%), ATK IV: 86(0%), DEF IV: 9(0%), Work Speed: (0%), Skills: Blood of the Dragon
Sweepa, Level: 1, Rank: 1, Gender: Female, HP IV: 1(0%), ATK IV: 85(0%), DEF IV: 72(0%), Work Speed: (0%), Skills: Mercy hit
Tanzee, Level: 1, Rank: 1, Gender: Female, HP IV: 71(0%), ATK IV: 47(0%), DEF IV: 46(0%), Work Speed: (0%), Skills: Ferocious
Vanwyrm, Level: 1, Rank: 1, Gender: Female, HP IV: 93(0%), ATK IV: 50(0%), DEF IV: 83(0%), Work Speed: (0%), Skills: Infinite Stamina
Vanwyrm, Level: 12, Rank: 1, Gender: Male, HP IV: 34(0%), ATK IV: 32(0%), DEF IV: 9(0%), Work Speed: (0%), Skills: Easygoing
abc ez's 21 Pals
----------------
Alpha Azurobe, Level: 17, Rank: 1, Gender: Female, HP IV: 96(0%), ATK IV: 86(0%), DEF IV: 54(0%), Work Speed: (0%), Skills: Hooligan
Alpha Bushi, Level: 23, Rank: 1, Gender: Female, HP IV: 87(0%), ATK IV: 57(0%), DEF IV: 65(0%), Work Speed: (0%), Skills: Destructive
Celaray, Level: 1, Rank: 1, Gender: Female, HP IV: 24(0%), ATK IV: 22(0%), DEF IV: 11(0%), Work Speed: (0%), Skills: Bottomless Stomach, Destructive
Celaray, Level: 1, Rank: 1, Gender: Female, HP IV: 62(0%), ATK IV: 79(0%), DEF IV: 43(0%), Work Speed: (0%), Skills: Serious
Dazzi, Level: 1, Rank: 1, Gender: Female, HP IV: 44(0%), ATK IV: 1(0%), DEF IV: 90(0%), Work Speed: (0%), Skills: Veil of Darkness, Burly Body
Depresso, Level: 11, Rank: 1, Gender: Male, HP IV: 21(0%), ATK IV: 38(0%), DEF IV: 53(0%), Work Speed: (0%), Skills: Runner
Depresso, Level: 14, Rank: 1, Gender: Female, HP IV: 35(0%), ATK IV: 14(0%), DEF IV: 94(0%), Work Speed: (0%), Skills: Hard Skin, Serious
Direhowl, Level: 15, Rank: 1, Gender: Male, HP IV: 2(0%), ATK IV: 79(0%), DEF IV: 19(0%), Work Speed: (0%), Skills: Brave
Flambelle, Level: 3, Rank: 1, Gender: Male, HP IV: 45(0%), ATK IV: 49(0%), DEF IV: 36(0%), Work Speed: (0%), Skills: Slacker
Galeclaw, Level: 20, Rank: 1, Gender: Female, HP IV: 75(0%), ATK IV: 42(0%), DEF IV: 50(0%), Work Speed: (0%), Skills: Aggressive
Grintale, Level: 25, Rank: 1, Gender: Female, HP IV: 42(0%), ATK IV: 33(0%), DEF IV: 31(0%), Work Speed: (0%)
Jolthog Cryst, Level: 3, Rank: 1, Gender: Male, HP IV: 36(0%), ATK IV: 12(0%), DEF IV: 84(0%), Work Speed: (0%), Skills: Workaholic
Loupmoon, Level: 17, Rank: 1, Gender: Male, HP IV: 89(0%), ATK IV: 70(0%), DEF IV: 57(0%), Work Speed: (0%), Skills: Zen Mind
Mau, Level: 1, Rank: 1, Gender: Female, HP IV: 70(0%), ATK IV: 0(0%), DEF IV: 55(0%), Work Speed: (0%), Skills: Swift
Pengullet, Level: 13, Rank: 1, Gender: Male, HP IV: 68(0%), ATK IV: 44(0%), DEF IV: 77(0%), Work Speed: (0%), Skills: Conceited
Relaxaurus, Level: 15, Rank: 1, Gender: Female, HP IV: 39(0%), ATK IV: 6(0%), DEF IV: 49(0%), Work Speed: (0%), Skills: Glutton, Abnormal
Swee, Level: 15, Rank: 1, Gender: Male, HP IV: 38(0%), ATK IV: 86(0%), DEF IV: 9(0%), Work Speed: (0%), Skills: Blood of the Dragon
Sweepa, Level: 1, Rank: 1, Gender: Female, HP IV: 1(0%), ATK IV: 85(0%), DEF IV: 72(0%), Work Speed: (0%), Skills: Mercy hit
Tanzee, Level: 1, Rank: 1, Gender: Female, HP IV: 71(0%), ATK IV: 47(0%), DEF IV: 46(0%), Work Speed: (0%), Skills: Ferocious
Vanwyrm, Level: 1, Rank: 1, Gender: Female, HP IV: 93(0%), ATK IV: 50(0%), DEF IV: 83(0%), Work Speed: (0%), Skills: Infinite Stamina
Vanwyrm, Level: 12, Rank: 1, Gender: Male, HP IV: 34(0%), ATK IV: 32(0%), DEF IV: 9(0%), Work Speed: (0%), Skills: Easygoing
