abdo's 4 Pals
-------------
Lamball, Level: 4, Rank: 1, Gender: Female, HP IV: 54(0%), ATK IV: 71(0%), DEF IV: 12(0%), Work Speed: (0%), Skills: Fit as a Fiddle
Lifmunk, Level: 5, Rank: 1, Gender: Female, HP IV: 96(0%), ATK IV: 51(0%), DEF IV: 100(0%), Work Speed: (0%), Skills: Fragrant Foliage, Hooligan
Lifmunk, Level: 6, Rank: 1, Gender: Female, HP IV: 31(0%), ATK IV: 35(0%), DEF IV: 14(0%), Work Speed: (0%)
Tanzee, Level: 6, Rank: 1, Gender: Female, HP IV: 66(0%), ATK IV: 38(0%), DEF IV: 53(0%), Work Speed: (0%), Skills: Aggressive
abdo's 4 Pals
-------------
Lamball, Level: 4, Rank: 1, Gender: Female, HP IV: 54(0%), ATK IV: 71(0%), DEF IV: 12(0%), Work Speed: (0%), Skills: Fit as a Fiddle
Lifmunk, Level: 5, Rank: 1, Gender: Female, HP IV: 96(0%), ATK IV: 51(0%), DEF IV: 100(0%), Work Speed: (0%), Skills: Fragrant Foliage, Hooligan
Lifmunk, Level: 6, Rank: 1, Gender: Female, HP IV: 31(0%), ATK IV: 35(0%), DEF IV: 14(0%), Work Speed: (0%)
Tanzee, Level: 6, Rank: 1, Gender: Female, HP IV: 66(0%), ATK IV: 38(0%), DEF IV: 53(0%), Work Speed: (0%), Skills: Aggressive
abdo's 4 Pals
-------------
Lamball, Level: 4, Rank: 1, Gender: Female, HP IV: 54(0%), ATK IV: 71(0%), DEF IV: 12(0%), Work Speed: (0%), Skills: Fit as a Fiddle
Lifmunk, Level: 5, Rank: 1, Gender: Female, HP IV: 96(0%), ATK IV: 51(0%), DEF IV: 100(0%), Work Speed: (0%), Skills: Fragrant Foliage, Hooligan
Lifmunk, Level: 6, Rank: 1, Gender: Female, HP IV: 31(0%), ATK IV: 35(0%), DEF IV: 14(0%), Work Speed: (0%)
Tanzee, Level: 6, Rank: 1, Gender: Female, HP IV: 66(0%), ATK IV: 38(0%), DEF IV: 53(0%), Work Speed: (0%), Skills: Aggressive
abdo's 4 Pals
-------------
Lamball, Level: 4, Rank: 1, Gender: Female, HP IV: 54(0%), ATK IV: 71(0%), DEF IV: 12(0%), Work Speed: (0%), Skills: Fit as a Fiddle
Lifmunk, Level: 5, Rank: 1, Gender: Female, HP IV: 96(0%), ATK IV: 51(0%), DEF IV: 100(0%), Work Speed: (0%), Skills: Fragrant Foliage, Hooligan
Lifmunk, Level: 6, Rank: 1, Gender: Female, HP IV: 31(0%), ATK IV: 35(0%), DEF IV: 14(0%), Work Speed: (0%)
Tanzee, Level: 6, Rank: 1, Gender: Female, HP IV: 66(0%), ATK IV: 38(0%), DEF IV: 53(0%), Work Speed: (0%), Skills: Aggressive
abdo's 4 Pals
-------------
Lamball, Level: 4, Rank: 1, Gender: Female, HP IV: 54(0%), ATK IV: 71(0%), DEF IV: 12(0%), Work Speed: (0%), Skills: Fit as a Fiddle
Lifmunk, Level: 5, Rank: 1, Gender: Female, HP IV: 96(0%), ATK IV: 51(0%), DEF IV: 100(0%), Work Speed: (0%), Skills: Fragrant Foliage, Hooligan
Lifmunk, Level: 6, Rank: 1, Gender: Female, HP IV: 31(0%), ATK IV: 35(0%), DEF IV: 14(0%), Work Speed: (0%)
Tanzee, Level: 6, Rank: 1, Gender: Female, HP IV: 66(0%), ATK IV: 38(0%), DEF IV: 53(0%), Work Speed: (0%), Skills: Aggressive
abdo's 4 Pals
-------------
Lamball, Level: 4, Rank: 1, Gender: Female, HP IV: 54(0%), ATK IV: 71(0%), DEF IV: 12(0%), Work Speed: (0%), Skills: Fit as a Fiddle
Lifmunk, Level: 5, Rank: 1, Gender: Female, HP IV: 96(0%), ATK IV: 51(0%), DEF IV: 100(0%), Work Speed: (0%), Skills: Fragrant Foliage, Hooligan
Lifmunk, Level: 6, Rank: 1, Gender: Female, HP IV: 31(0%), ATK IV: 35(0%), DEF IV: 14(0%), Work Speed: (0%)
Tanzee, Level: 6, Rank: 1, Gender: Female, HP IV: 66(0%), ATK IV: 38(0%), DEF IV: 53(0%), Work Speed: (0%), Skills: Aggressive
abdo's 4 Pals
-------------
Lamball, Level: 4, Rank: 1, Gender: Female, HP IV: 54(0%), ATK IV: 71(0%), DEF IV: 12(0%), Work Speed: (0%), Skills: Fit as a Fiddle
Lifmunk, Level: 5, Rank: 1, Gender: Female, HP IV: 96(0%), ATK IV: 51(0%), DEF IV: 100(0%), Work Speed: (0%), Skills: Fragrant Foliage, Hooligan
Lifmunk, Level: 6, Rank: 1, Gender: Female, HP IV: 31(0%), ATK IV: 35(0%), DEF IV: 14(0%), Work Speed: (0%)
Tanzee, Level: 6, Rank: 1, Gender: Female, HP IV: 66(0%), ATK IV: 38(0%), DEF IV: 53(0%), Work Speed: (0%), Skills: Aggressive
abdo's 4 Pals
-------------
Lamball, Level: 4, Rank: 1, Gender: Female, HP IV: 54(0%), ATK IV: 71(0%), DEF IV: 12(0%), Work Speed: (0%), Skills: Fit as a Fiddle
Lifmunk, Level: 5, Rank: 1, Gender: Female, HP IV: 96(0%), ATK IV: 51(0%), DEF IV: 100(0%), Work Speed: (0%), Skills: Fragrant Foliage, Hooligan
Lifmunk, Level: 6, Rank: 1, Gender: Female, HP IV: 31(0%), ATK IV: 35(0%), DEF IV: 14(0%), Work Speed: (0%)
Tanzee, Level: 6, Rank: 1, Gender: Female, HP IV: 66(0%), ATK IV: 38(0%), DEF IV: 53(0%), Work Speed: (0%), Skills: Aggressive
abdo's 4 Pals
-------------
Lamball, Level: 4, Rank: 1, Gender: Female, HP IV: 54(0%), ATK IV: 71(0%), DEF IV: 12(0%), Work Speed: (0%), Skills: Fit as a Fiddle
Lifmunk, Level: 5, Rank: 1, Gender: Female, HP IV: 96(0%), ATK IV: 51(0%), DEF IV: 100(0%), Work Speed: (0%), Skills: Fragrant Foliage, Hooligan
Lifmunk, Level: 6, Rank: 1, Gender: Female, HP IV: 31(0%), ATK IV: 35(0%), DEF IV: 14(0%), Work Speed: (0%)
Tanzee, Level: 6, Rank: 1, Gender: Female, HP IV: 66(0%), ATK IV: 38(0%), DEF IV: 53(0%), Work Speed: (0%), Skills: Aggressive
abdo's 4 Pals
-------------
Lamball, Level: 4, Rank: 1, Gender: Female, HP IV: 54(0%), ATK IV: 71(0%), DEF IV: 12(0%), Work Speed: (0%), Skills: Fit as a Fiddle
Lifmunk, Level: 5, Rank: 1, Gender: Female, HP IV: 96(0%), ATK IV: 51(0%), DEF IV: 100(0%), Work Speed: (0%), Skills: Fragrant Foliage, Hooligan
Lifmunk, Level: 6, Rank: 1, Gender: Female, HP IV: 31(0%), ATK IV: 35(0%), DEF IV: 14(0%), Work Speed: (0%)
Tanzee, Level: 6, Rank: 1, Gender: Female, HP IV: 66(0%), ATK IV: 38(0%), DEF IV: 53(0%), Work Speed: (0%), Skills: Aggressive
abdo's 4 Pals
-------------
Lamball, Level: 4, Rank: 1, Gender: Female, HP IV: 54(0%), ATK IV: 71(0%), DEF IV: 12(0%), Work Speed: (0%), Skills: Fit as a Fiddle
Lifmunk, Level: 5, Rank: 1, Gender: Female, HP IV: 96(0%), ATK IV: 51(0%), DEF IV: 100(0%), Work Speed: (0%), Skills: Fragrant Foliage, Hooligan
Lifmunk, Level: 6, Rank: 1, Gender: Female, HP IV: 31(0%), ATK IV: 35(0%), DEF IV: 14(0%), Work Speed: (0%)
Tanzee, Level: 6, Rank: 1, Gender: Female, HP IV: 66(0%), ATK IV: 38(0%), DEF IV: 53(0%), Work Speed: (0%), Skills: Aggressive
abdo's 4 Pals
-------------
Lamball, Level: 4, Rank: 1, Gender: Female, HP IV: 54(0%), ATK IV: 71(0%), DEF IV: 12(0%), Work Speed: (0%), Skills: Fit as a Fiddle
Lifmunk, Level: 5, Rank: 1, Gender: Female, HP IV: 96(0%), ATK IV: 51(0%), DEF IV: 100(0%), Work Speed: (0%), Skills: Fragrant Foliage, Hooligan
Lifmunk, Level: 6, Rank: 1, Gender: Female, HP IV: 31(0%), ATK IV: 35(0%), DEF IV: 14(0%), Work Speed: (0%)
Tanzee, Level: 6, Rank: 1, Gender: Female, HP IV: 66(0%), ATK IV: 38(0%), DEF IV: 53(0%), Work Speed: (0%), Skills: Aggressive
abdo's 4 Pals
-------------
Lamball, Level: 4, Rank: 1, Gender: Female, HP IV: 54(0%), ATK IV: 71(0%), DEF IV: 12(0%), Work Speed: (0%), Skills: Fit as a Fiddle
Lifmunk, Level: 5, Rank: 1, Gender: Female, HP IV: 96(0%), ATK IV: 51(0%), DEF IV: 100(0%), Work Speed: (0%), Skills: Fragrant Foliage, Hooligan
Lifmunk, Level: 6, Rank: 1, Gender: Female, HP IV: 31(0%), ATK IV: 35(0%), DEF IV: 14(0%), Work Speed: (0%)
Tanzee, Level: 6, Rank: 1, Gender: Female, HP IV: 66(0%), ATK IV: 38(0%), DEF IV: 53(0%), Work Speed: (0%), Skills: Aggressive
abdo's 4 Pals
-------------
Lamball, Level: 4, Rank: 1, Gender: Female, HP IV: 54(0%), ATK IV: 71(0%), DEF IV: 12(0%), Work Speed: (0%), Skills: Fit as a Fiddle
Lifmunk, Level: 5, Rank: 1, Gender: Female, HP IV: 96(0%), ATK IV: 51(0%), DEF IV: 100(0%), Work Speed: (0%), Skills: Fragrant Foliage, Hooligan
Lifmunk, Level: 6, Rank: 1, Gender: Female, HP IV: 31(0%), ATK IV: 35(0%), DEF IV: 14(0%), Work Speed: (0%)
Tanzee, Level: 6, Rank: 1, Gender: Female, HP IV: 66(0%), ATK IV: 38(0%), DEF IV: 53(0%), Work Speed: (0%), Skills: Aggressive
