AceHydras's 27 Pals
-------------------
Alpha Chillet, Level: 12, Rank: 1, Gender: Female, HP IV: 65(0%), ATK IV: 66(0%), DEF IV: 76(0%), Work Speed: (0%), Skills: Abnormal
Alpha Depresso, Level: 12, Rank: 1, Gender: Male, HP IV: 52(0%), ATK IV: 67(0%), DEF IV: 62(0%), Work Speed: (0%), Skills: Sadist
Bristla, Level: 7, Rank: 1, Gender: Male, HP IV: 31(0%), ATK IV: 64(0%), DEF IV: 78(0%), Work Speed: (0%), Skills: Blood of the Dragon
Cattiva, Level: 10, Rank: 1, Gender: Male, HP IV: 13(0%), ATK IV: 86(0%), DEF IV: 1(0%), Work Speed: (0%), Skills: Coward, Mine Foreman
Cattiva, Level: 9, Rank: 1, Gender: Male, HP IV: 35(0%), ATK IV: 20(0%), DEF IV: 68(0%), Work Speed: (0%), Skills: Coward, Musclehead
Chikipi, Level: 13, Rank: 1, Gender: Male, HP IV: 23(0%), ATK IV: 81(0%), DEF IV: 79(0%), Work Speed: (0%), Skills: Blood of the Dragon
Chikipi, Level: 3, Rank: 1, Gender: Female, HP IV: 20(0%), ATK IV: 57(0%), DEF IV: 54(0%), Work Speed: (0%)
Chikipi, Level: 3, Rank: 1, Gender: Male, HP IV: 46(0%), ATK IV: 10(0%), DEF IV: 42(0%), Work Speed: (0%), Skills: Downtrodden, Conceited
Chikipi, Level: 9, Rank: 1, Gender: Male, HP IV: 13(0%), ATK IV: 83(0%), DEF IV: 82(0%), Work Speed: (0%), Skills: Impatient
Cinnamoth, Level: 1, Rank: 1, Gender: Female, HP IV: 35(0%), ATK IV: 30(0%), DEF IV: 60(0%), Work Speed: (0%), Skills: Conceited
Cremis, Level: 3, Rank: 1, Gender: Male, HP IV: 13(0%), ATK IV: 87(0%), DEF IV: 30(0%), Work Speed: (0%), Skills: Clumsy
Daedream, Level: 13, Rank: 1, Gender: Male, HP IV: 85(0%), ATK IV: 15(0%), DEF IV: 16(0%), Work Speed: (0%), Skills: Mine Foreman
Depresso, Level: 4, Rank: 1, Gender: Female, HP IV: 68(0%), ATK IV: 97(0%), DEF IV: 76(0%), Work Speed: (0%), Skills: Motivational Leader
Depresso, Level: 6, Rank: 1, Gender: Male, HP IV: 12(0%), ATK IV: 96(0%), DEF IV: 65(0%), Work Speed: (0%), Skills: Brave
Depresso, Level: 9, Rank: 1, Gender: Male, HP IV: 19(0%), ATK IV: 61(0%), DEF IV: 84(0%), Work Speed: (0%), Skills: Workaholic
Dinossom, Level: 14, Rank: 1, Gender: Female, HP IV: 64(0%), ATK IV: 28(0%), DEF IV: 70(0%), Work Speed: (0%), Skills: Hard Skin, Logging Foreman
Eikthyrdeer, Level: 11, Rank: 1, Gender: Male, HP IV: 21(0%), ATK IV: 92(0%), DEF IV: 11(0%), Work Speed: (0%), Skills: Abnormal
Eikthyrdeer, Level: 13, Rank: 1, Gender: Male, HP IV: 40(0%), ATK IV: 91(0%), DEF IV: 71(0%), Work Speed: (0%), Skills: Shabby
Foxparks, Level: 7, Rank: 1, Gender: Female, HP IV: 3(0%), ATK IV: 22(0%), DEF IV: 43(0%), Work Speed: (0%), Skills: Brittle
Fuddler, Level: 10, Rank: 1, Gender: Male, HP IV: 55(0%), ATK IV: 93(0%), DEF IV: 76(0%), Work Speed: (0%), Skills: Blood of the Dragon
Fuddler, Level: 9, Rank: 1, Gender: Male, HP IV: 82(0%), ATK IV: 40(0%), DEF IV: 8(0%), Work Speed: (0%), Skills: Downtrodden
Hoocrates, Level: 13, Rank: 1, Gender: Male, HP IV: 32(0%), ATK IV: 82(0%), DEF IV: 5(0%), Work Speed: (0%), Skills: Hooligan
Lamball, Level: 4, Rank: 1, Gender: Female, HP IV: 84(0%), ATK IV: 2(0%), DEF IV: 2(0%), Work Speed: (0%), Skills: Earthquake Resistant
Lamball, Level: 8, Rank: 1, Gender: Female, HP IV: 10(0%), ATK IV: 82(0%), DEF IV: 49(0%), Work Speed: (0%), Skills: Suntan Lover
Lamball, Level: 8, Rank: 1, Gender: Male, HP IV: 7(0%), ATK IV: 0(0%), DEF IV: 42(0%), Work Speed: (0%), Skills: Logging Foreman
Mau, Level: 6, Rank: 1, Gender: Male, HP IV: 93(0%), ATK IV: 8(0%), DEF IV: 85(0%), Work Speed: (0%), Skills: Sickly
Teafant, Level: 8, Rank: 1, Gender: Male, HP IV: 5(0%), ATK IV: 20(0%), DEF IV: 32(0%), Work Speed: (0%), Skills: Burly Body
AceHydras's 27 Pals
-------------------
Alpha Chillet, Level: 12, Rank: 1, Gender: Female, HP IV: 65(0%), ATK IV: 66(0%), DEF IV: 76(0%), Work Speed: (0%), Skills: Abnormal
Alpha Depresso, Level: 12, Rank: 1, Gender: Male, HP IV: 52(0%), ATK IV: 67(0%), DEF IV: 62(0%), Work Speed: (0%), Skills: Sadist
Bristla, Level: 7, Rank: 1, Gender: Male, HP IV: 31(0%), ATK IV: 64(0%), DEF IV: 78(0%), Work Speed: (0%), Skills: Blood of the Dragon
Cattiva, Level: 10, Rank: 1, Gender: Male, HP IV: 13(0%), ATK IV: 86(0%), DEF IV: 1(0%), Work Speed: (0%), Skills: Coward, Mine Foreman
Cattiva, Level: 9, Rank: 1, Gender: Male, HP IV: 35(0%), ATK IV: 20(0%), DEF IV: 68(0%), Work Speed: (0%), Skills: Coward, Musclehead
Chikipi, Level: 13, Rank: 1, Gender: Male, HP IV: 23(0%), ATK IV: 81(0%), DEF IV: 79(0%), Work Speed: (0%), Skills: Blood of the Dragon
Chikipi, Level: 3, Rank: 1, Gender: Female, HP IV: 20(0%), ATK IV: 57(0%), DEF IV: 54(0%), Work Speed: (0%)
Chikipi, Level: 3, Rank: 1, Gender: Male, HP IV: 46(0%), ATK IV: 10(0%), DEF IV: 42(0%), Work Speed: (0%), Skills: Downtrodden, Conceited
Chikipi, Level: 9, Rank: 1, Gender: Male, HP IV: 13(0%), ATK IV: 83(0%), DEF IV: 82(0%), Work Speed: (0%), Skills: Impatient
Cinnamoth, Level: 1, Rank: 1, Gender: Female, HP IV: 35(0%), ATK IV: 30(0%), DEF IV: 60(0%), Work Speed: (0%), Skills: Conceited
Cremis, Level: 3, Rank: 1, Gender: Male, HP IV: 13(0%), ATK IV: 87(0%), DEF IV: 30(0%), Work Speed: (0%), Skills: Clumsy
Daedream, Level: 13, Rank: 1, Gender: Male, HP IV: 85(0%), ATK IV: 15(0%), DEF IV: 16(0%), Work Speed: (0%), Skills: Mine Foreman
Depresso, Level: 4, Rank: 1, Gender: Female, HP IV: 68(0%), ATK IV: 97(0%), DEF IV: 76(0%), Work Speed: (0%), Skills: Motivational Leader
Depresso, Level: 6, Rank: 1, Gender: Male, HP IV: 12(0%), ATK IV: 96(0%), DEF IV: 65(0%), Work Speed: (0%), Skills: Brave
Depresso, Level: 9, Rank: 1, Gender: Male, HP IV: 19(0%), ATK IV: 61(0%), DEF IV: 84(0%), Work Speed: (0%), Skills: Workaholic
Dinossom, Level: 14, Rank: 1, Gender: Female, HP IV: 64(0%), ATK IV: 28(0%), DEF IV: 70(0%), Work Speed: (0%), Skills: Hard Skin, Logging Foreman
Eikthyrdeer, Level: 11, Rank: 1, Gender: Male, HP IV: 21(0%), ATK IV: 92(0%), DEF IV: 11(0%), Work Speed: (0%), Skills: Abnormal
Eikthyrdeer, Level: 13, Rank: 1, Gender: Male, HP IV: 40(0%), ATK IV: 91(0%), DEF IV: 71(0%), Work Speed: (0%), Skills: Shabby
Foxparks, Level: 7, Rank: 1, Gender: Female, HP IV: 3(0%), ATK IV: 22(0%), DEF IV: 43(0%), Work Speed: (0%), Skills: Brittle
Fuddler, Level: 10, Rank: 1, Gender: Male, HP IV: 55(0%), ATK IV: 93(0%), DEF IV: 76(0%), Work Speed: (0%), Skills: Blood of the Dragon
Fuddler, Level: 9, Rank: 1, Gender: Male, HP IV: 82(0%), ATK IV: 40(0%), DEF IV: 8(0%), Work Speed: (0%), Skills: Downtrodden
Hoocrates, Level: 13, Rank: 1, Gender: Male, HP IV: 32(0%), ATK IV: 82(0%), DEF IV: 5(0%), Work Speed: (0%), Skills: Hooligan
Lamball, Level: 4, Rank: 1, Gender: Female, HP IV: 84(0%), ATK IV: 2(0%), DEF IV: 2(0%), Work Speed: (0%), Skills: Earthquake Resistant
Lamball, Level: 8, Rank: 1, Gender: Female, HP IV: 10(0%), ATK IV: 82(0%), DEF IV: 49(0%), Work Speed: (0%), Skills: Suntan Lover
Lamball, Level: 8, Rank: 1, Gender: Male, HP IV: 7(0%), ATK IV: 0(0%), DEF IV: 42(0%), Work Speed: (0%), Skills: Logging Foreman
Mau, Level: 6, Rank: 1, Gender: Male, HP IV: 93(0%), ATK IV: 8(0%), DEF IV: 85(0%), Work Speed: (0%), Skills: Sickly
Teafant, Level: 8, Rank: 1, Gender: Male, HP IV: 5(0%), ATK IV: 20(0%), DEF IV: 32(0%), Work Speed: (0%), Skills: Burly Body
AceHydras's 27 Pals
-------------------
Alpha Chillet, Level: 12, Rank: 1, Gender: Female, HP IV: 65(0%), ATK IV: 66(0%), DEF IV: 76(0%), Work Speed: (0%), Skills: Abnormal
Alpha Depresso, Level: 12, Rank: 1, Gender: Male, HP IV: 52(0%), ATK IV: 67(0%), DEF IV: 62(0%), Work Speed: (0%), Skills: Sadist
Bristla, Level: 7, Rank: 1, Gender: Male, HP IV: 31(0%), ATK IV: 64(0%), DEF IV: 78(0%), Work Speed: (0%), Skills: Blood of the Dragon
Cattiva, Level: 10, Rank: 1, Gender: Male, HP IV: 13(0%), ATK IV: 86(0%), DEF IV: 1(0%), Work Speed: (0%), Skills: Coward, Mine Foreman
Cattiva, Level: 9, Rank: 1, Gender: Male, HP IV: 35(0%), ATK IV: 20(0%), DEF IV: 68(0%), Work Speed: (0%), Skills: Coward, Musclehead
Chikipi, Level: 13, Rank: 1, Gender: Male, HP IV: 23(0%), ATK IV: 81(0%), DEF IV: 79(0%), Work Speed: (0%), Skills: Blood of the Dragon
Chikipi, Level: 3, Rank: 1, Gender: Female, HP IV: 20(0%), ATK IV: 57(0%), DEF IV: 54(0%), Work Speed: (0%)
Chikipi, Level: 3, Rank: 1, Gender: Male, HP IV: 46(0%), ATK IV: 10(0%), DEF IV: 42(0%), Work Speed: (0%), Skills: Downtrodden, Conceited
Chikipi, Level: 9, Rank: 1, Gender: Male, HP IV: 13(0%), ATK IV: 83(0%), DEF IV: 82(0%), Work Speed: (0%), Skills: Impatient
Cinnamoth, Level: 1, Rank: 1, Gender: Female, HP IV: 35(0%), ATK IV: 30(0%), DEF IV: 60(0%), Work Speed: (0%), Skills: Conceited
Cremis, Level: 3, Rank: 1, Gender: Male, HP IV: 13(0%), ATK IV: 87(0%), DEF IV: 30(0%), Work Speed: (0%), Skills: Clumsy
Daedream, Level: 13, Rank: 1, Gender: Male, HP IV: 85(0%), ATK IV: 15(0%), DEF IV: 16(0%), Work Speed: (0%), Skills: Mine Foreman
Depresso, Level: 4, Rank: 1, Gender: Female, HP IV: 68(0%), ATK IV: 97(0%), DEF IV: 76(0%), Work Speed: (0%), Skills: Motivational Leader
Depresso, Level: 6, Rank: 1, Gender: Male, HP IV: 12(0%), ATK IV: 96(0%), DEF IV: 65(0%), Work Speed: (0%), Skills: Brave
Depresso, Level: 9, Rank: 1, Gender: Male, HP IV: 19(0%), ATK IV: 61(0%), DEF IV: 84(0%), Work Speed: (0%), Skills: Workaholic
Dinossom, Level: 14, Rank: 1, Gender: Female, HP IV: 64(0%), ATK IV: 28(0%), DEF IV: 70(0%), Work Speed: (0%), Skills: Hard Skin, Logging Foreman
Eikthyrdeer, Level: 11, Rank: 1, Gender: Male, HP IV: 21(0%), ATK IV: 92(0%), DEF IV: 11(0%), Work Speed: (0%), Skills: Abnormal
Eikthyrdeer, Level: 13, Rank: 1, Gender: Male, HP IV: 40(0%), ATK IV: 91(0%), DEF IV: 71(0%), Work Speed: (0%), Skills: Shabby
Foxparks, Level: 7, Rank: 1, Gender: Female, HP IV: 3(0%), ATK IV: 22(0%), DEF IV: 43(0%), Work Speed: (0%), Skills: Brittle
Fuddler, Level: 10, Rank: 1, Gender: Male, HP IV: 55(0%), ATK IV: 93(0%), DEF IV: 76(0%), Work Speed: (0%), Skills: Blood of the Dragon
Fuddler, Level: 9, Rank: 1, Gender: Male, HP IV: 82(0%), ATK IV: 40(0%), DEF IV: 8(0%), Work Speed: (0%), Skills: Downtrodden
Hoocrates, Level: 13, Rank: 1, Gender: Male, HP IV: 32(0%), ATK IV: 82(0%), DEF IV: 5(0%), Work Speed: (0%), Skills: Hooligan
Lamball, Level: 4, Rank: 1, Gender: Female, HP IV: 84(0%), ATK IV: 2(0%), DEF IV: 2(0%), Work Speed: (0%), Skills: Earthquake Resistant
Lamball, Level: 8, Rank: 1, Gender: Female, HP IV: 10(0%), ATK IV: 82(0%), DEF IV: 49(0%), Work Speed: (0%), Skills: Suntan Lover
Lamball, Level: 8, Rank: 1, Gender: Male, HP IV: 7(0%), ATK IV: 0(0%), DEF IV: 42(0%), Work Speed: (0%), Skills: Logging Foreman
Mau, Level: 6, Rank: 1, Gender: Male, HP IV: 93(0%), ATK IV: 8(0%), DEF IV: 85(0%), Work Speed: (0%), Skills: Sickly
Teafant, Level: 8, Rank: 1, Gender: Male, HP IV: 5(0%), ATK IV: 20(0%), DEF IV: 32(0%), Work Speed: (0%), Skills: Burly Body
AceHydras's 27 Pals
-------------------
Alpha Chillet, Level: 12, Rank: 1, Gender: Female, HP IV: 65(0%), ATK IV: 66(0%), DEF IV: 76(0%), Work Speed: (0%), Skills: Abnormal
Alpha Depresso, Level: 12, Rank: 1, Gender: Male, HP IV: 52(0%), ATK IV: 67(0%), DEF IV: 62(0%), Work Speed: (0%), Skills: Sadist
Bristla, Level: 7, Rank: 1, Gender: Male, HP IV: 31(0%), ATK IV: 64(0%), DEF IV: 78(0%), Work Speed: (0%), Skills: Blood of the Dragon
Cattiva, Level: 10, Rank: 1, Gender: Male, HP IV: 13(0%), ATK IV: 86(0%), DEF IV: 1(0%), Work Speed: (0%), Skills: Coward, Mine Foreman
Cattiva, Level: 9, Rank: 1, Gender: Male, HP IV: 35(0%), ATK IV: 20(0%), DEF IV: 68(0%), Work Speed: (0%), Skills: Coward, Musclehead
Chikipi, Level: 13, Rank: 1, Gender: Male, HP IV: 23(0%), ATK IV: 81(0%), DEF IV: 79(0%), Work Speed: (0%), Skills: Blood of the Dragon
Chikipi, Level: 3, Rank: 1, Gender: Female, HP IV: 20(0%), ATK IV: 57(0%), DEF IV: 54(0%), Work Speed: (0%)
Chikipi, Level: 3, Rank: 1, Gender: Male, HP IV: 46(0%), ATK IV: 10(0%), DEF IV: 42(0%), Work Speed: (0%), Skills: Downtrodden, Conceited
Chikipi, Level: 9, Rank: 1, Gender: Male, HP IV: 13(0%), ATK IV: 83(0%), DEF IV: 82(0%), Work Speed: (0%), Skills: Impatient
Cinnamoth, Level: 1, Rank: 1, Gender: Female, HP IV: 35(0%), ATK IV: 30(0%), DEF IV: 60(0%), Work Speed: (0%), Skills: Conceited
Cremis, Level: 3, Rank: 1, Gender: Male, HP IV: 13(0%), ATK IV: 87(0%), DEF IV: 30(0%), Work Speed: (0%), Skills: Clumsy
Daedream, Level: 13, Rank: 1, Gender: Male, HP IV: 85(0%), ATK IV: 15(0%), DEF IV: 16(0%), Work Speed: (0%), Skills: Mine Foreman
Depresso, Level: 4, Rank: 1, Gender: Female, HP IV: 68(0%), ATK IV: 97(0%), DEF IV: 76(0%), Work Speed: (0%), Skills: Motivational Leader
Depresso, Level: 6, Rank: 1, Gender: Male, HP IV: 12(0%), ATK IV: 96(0%), DEF IV: 65(0%), Work Speed: (0%), Skills: Brave
Depresso, Level: 9, Rank: 1, Gender: Male, HP IV: 19(0%), ATK IV: 61(0%), DEF IV: 84(0%), Work Speed: (0%), Skills: Workaholic
Dinossom, Level: 14, Rank: 1, Gender: Female, HP IV: 64(0%), ATK IV: 28(0%), DEF IV: 70(0%), Work Speed: (0%), Skills: Hard Skin, Logging Foreman
Eikthyrdeer, Level: 11, Rank: 1, Gender: Male, HP IV: 21(0%), ATK IV: 92(0%), DEF IV: 11(0%), Work Speed: (0%), Skills: Abnormal
Eikthyrdeer, Level: 13, Rank: 1, Gender: Male, HP IV: 40(0%), ATK IV: 91(0%), DEF IV: 71(0%), Work Speed: (0%), Skills: Shabby
Foxparks, Level: 7, Rank: 1, Gender: Female, HP IV: 3(0%), ATK IV: 22(0%), DEF IV: 43(0%), Work Speed: (0%), Skills: Brittle
Fuddler, Level: 10, Rank: 1, Gender: Male, HP IV: 55(0%), ATK IV: 93(0%), DEF IV: 76(0%), Work Speed: (0%), Skills: Blood of the Dragon
Fuddler, Level: 9, Rank: 1, Gender: Male, HP IV: 82(0%), ATK IV: 40(0%), DEF IV: 8(0%), Work Speed: (0%), Skills: Downtrodden
Hoocrates, Level: 13, Rank: 1, Gender: Male, HP IV: 32(0%), ATK IV: 82(0%), DEF IV: 5(0%), Work Speed: (0%), Skills: Hooligan
Lamball, Level: 4, Rank: 1, Gender: Female, HP IV: 84(0%), ATK IV: 2(0%), DEF IV: 2(0%), Work Speed: (0%), Skills: Earthquake Resistant
Lamball, Level: 8, Rank: 1, Gender: Female, HP IV: 10(0%), ATK IV: 82(0%), DEF IV: 49(0%), Work Speed: (0%), Skills: Suntan Lover
Lamball, Level: 8, Rank: 1, Gender: Male, HP IV: 7(0%), ATK IV: 0(0%), DEF IV: 42(0%), Work Speed: (0%), Skills: Logging Foreman
Mau, Level: 6, Rank: 1, Gender: Male, HP IV: 93(0%), ATK IV: 8(0%), DEF IV: 85(0%), Work Speed: (0%), Skills: Sickly
Teafant, Level: 8, Rank: 1, Gender: Male, HP IV: 5(0%), ATK IV: 20(0%), DEF IV: 32(0%), Work Speed: (0%), Skills: Burly Body
AceHydras's 27 Pals
-------------------
Alpha Chillet, Level: 12, Rank: 1, Gender: Female, HP IV: 65(0%), ATK IV: 66(0%), DEF IV: 76(0%), Work Speed: (0%), Skills: Abnormal
Alpha Depresso, Level: 12, Rank: 1, Gender: Male, HP IV: 52(0%), ATK IV: 67(0%), DEF IV: 62(0%), Work Speed: (0%), Skills: Sadist
Bristla, Level: 7, Rank: 1, Gender: Male, HP IV: 31(0%), ATK IV: 64(0%), DEF IV: 78(0%), Work Speed: (0%), Skills: Blood of the Dragon
Cattiva, Level: 10, Rank: 1, Gender: Male, HP IV: 13(0%), ATK IV: 86(0%), DEF IV: 1(0%), Work Speed: (0%), Skills: Coward, Mine Foreman
Cattiva, Level: 9, Rank: 1, Gender: Male, HP IV: 35(0%), ATK IV: 20(0%), DEF IV: 68(0%), Work Speed: (0%), Skills: Coward, Musclehead
Chikipi, Level: 13, Rank: 1, Gender: Male, HP IV: 23(0%), ATK IV: 81(0%), DEF IV: 79(0%), Work Speed: (0%), Skills: Blood of the Dragon
Chikipi, Level: 3, Rank: 1, Gender: Female, HP IV: 20(0%), ATK IV: 57(0%), DEF IV: 54(0%), Work Speed: (0%)
Chikipi, Level: 3, Rank: 1, Gender: Male, HP IV: 46(0%), ATK IV: 10(0%), DEF IV: 42(0%), Work Speed: (0%), Skills: Downtrodden, Conceited
Chikipi, Level: 9, Rank: 1, Gender: Male, HP IV: 13(0%), ATK IV: 83(0%), DEF IV: 82(0%), Work Speed: (0%), Skills: Impatient
Cinnamoth, Level: 1, Rank: 1, Gender: Female, HP IV: 35(0%), ATK IV: 30(0%), DEF IV: 60(0%), Work Speed: (0%), Skills: Conceited
Cremis, Level: 3, Rank: 1, Gender: Male, HP IV: 13(0%), ATK IV: 87(0%), DEF IV: 30(0%), Work Speed: (0%), Skills: Clumsy
Daedream, Level: 13, Rank: 1, Gender: Male, HP IV: 85(0%), ATK IV: 15(0%), DEF IV: 16(0%), Work Speed: (0%), Skills: Mine Foreman
Depresso, Level: 4, Rank: 1, Gender: Female, HP IV: 68(0%), ATK IV: 97(0%), DEF IV: 76(0%), Work Speed: (0%), Skills: Motivational Leader
Depresso, Level: 6, Rank: 1, Gender: Male, HP IV: 12(0%), ATK IV: 96(0%), DEF IV: 65(0%), Work Speed: (0%), Skills: Brave
Depresso, Level: 9, Rank: 1, Gender: Male, HP IV: 19(0%), ATK IV: 61(0%), DEF IV: 84(0%), Work Speed: (0%), Skills: Workaholic
Dinossom, Level: 14, Rank: 1, Gender: Female, HP IV: 64(0%), ATK IV: 28(0%), DEF IV: 70(0%), Work Speed: (0%), Skills: Hard Skin, Logging Foreman
Eikthyrdeer, Level: 11, Rank: 1, Gender: Male, HP IV: 21(0%), ATK IV: 92(0%), DEF IV: 11(0%), Work Speed: (0%), Skills: Abnormal
Eikthyrdeer, Level: 13, Rank: 1, Gender: Male, HP IV: 40(0%), ATK IV: 91(0%), DEF IV: 71(0%), Work Speed: (0%), Skills: Shabby
Foxparks, Level: 7, Rank: 1, Gender: Female, HP IV: 3(0%), ATK IV: 22(0%), DEF IV: 43(0%), Work Speed: (0%), Skills: Brittle
Fuddler, Level: 10, Rank: 1, Gender: Male, HP IV: 55(0%), ATK IV: 93(0%), DEF IV: 76(0%), Work Speed: (0%), Skills: Blood of the Dragon
Fuddler, Level: 9, Rank: 1, Gender: Male, HP IV: 82(0%), ATK IV: 40(0%), DEF IV: 8(0%), Work Speed: (0%), Skills: Downtrodden
Hoocrates, Level: 13, Rank: 1, Gender: Male, HP IV: 32(0%), ATK IV: 82(0%), DEF IV: 5(0%), Work Speed: (0%), Skills: Hooligan
Lamball, Level: 4, Rank: 1, Gender: Female, HP IV: 84(0%), ATK IV: 2(0%), DEF IV: 2(0%), Work Speed: (0%), Skills: Earthquake Resistant
Lamball, Level: 8, Rank: 1, Gender: Female, HP IV: 10(0%), ATK IV: 82(0%), DEF IV: 49(0%), Work Speed: (0%), Skills: Suntan Lover
Lamball, Level: 8, Rank: 1, Gender: Male, HP IV: 7(0%), ATK IV: 0(0%), DEF IV: 42(0%), Work Speed: (0%), Skills: Logging Foreman
Mau, Level: 6, Rank: 1, Gender: Male, HP IV: 93(0%), ATK IV: 8(0%), DEF IV: 85(0%), Work Speed: (0%), Skills: Sickly
Teafant, Level: 8, Rank: 1, Gender: Male, HP IV: 5(0%), ATK IV: 20(0%), DEF IV: 32(0%), Work Speed: (0%), Skills: Burly Body
AceHydras's 27 Pals
-------------------
Alpha Chillet, Level: 12, Rank: 1, Gender: Female, HP IV: 65(0%), ATK IV: 66(0%), DEF IV: 76(0%), Work Speed: (0%), Skills: Abnormal
Alpha Depresso, Level: 12, Rank: 1, Gender: Male, HP IV: 52(0%), ATK IV: 67(0%), DEF IV: 62(0%), Work Speed: (0%), Skills: Sadist
Bristla, Level: 7, Rank: 1, Gender: Male, HP IV: 31(0%), ATK IV: 64(0%), DEF IV: 78(0%), Work Speed: (0%), Skills: Blood of the Dragon
Cattiva, Level: 10, Rank: 1, Gender: Male, HP IV: 13(0%), ATK IV: 86(0%), DEF IV: 1(0%), Work Speed: (0%), Skills: Coward, Mine Foreman
Cattiva, Level: 9, Rank: 1, Gender: Male, HP IV: 35(0%), ATK IV: 20(0%), DEF IV: 68(0%), Work Speed: (0%), Skills: Coward, Musclehead
Chikipi, Level: 13, Rank: 1, Gender: Male, HP IV: 23(0%), ATK IV: 81(0%), DEF IV: 79(0%), Work Speed: (0%), Skills: Blood of the Dragon
Chikipi, Level: 3, Rank: 1, Gender: Female, HP IV: 20(0%), ATK IV: 57(0%), DEF IV: 54(0%), Work Speed: (0%)
Chikipi, Level: 3, Rank: 1, Gender: Male, HP IV: 46(0%), ATK IV: 10(0%), DEF IV: 42(0%), Work Speed: (0%), Skills: Downtrodden, Conceited
Chikipi, Level: 9, Rank: 1, Gender: Male, HP IV: 13(0%), ATK IV: 83(0%), DEF IV: 82(0%), Work Speed: (0%), Skills: Impatient
Cinnamoth, Level: 1, Rank: 1, Gender: Female, HP IV: 35(0%), ATK IV: 30(0%), DEF IV: 60(0%), Work Speed: (0%), Skills: Conceited
Cremis, Level: 3, Rank: 1, Gender: Male, HP IV: 13(0%), ATK IV: 87(0%), DEF IV: 30(0%), Work Speed: (0%), Skills: Clumsy
Daedream, Level: 13, Rank: 1, Gender: Male, HP IV: 85(0%), ATK IV: 15(0%), DEF IV: 16(0%), Work Speed: (0%), Skills: Mine Foreman
Depresso, Level: 4, Rank: 1, Gender: Female, HP IV: 68(0%), ATK IV: 97(0%), DEF IV: 76(0%), Work Speed: (0%), Skills: Motivational Leader
Depresso, Level: 6, Rank: 1, Gender: Male, HP IV: 12(0%), ATK IV: 96(0%), DEF IV: 65(0%), Work Speed: (0%), Skills: Brave
Depresso, Level: 9, Rank: 1, Gender: Male, HP IV: 19(0%), ATK IV: 61(0%), DEF IV: 84(0%), Work Speed: (0%), Skills: Workaholic
Dinossom, Level: 14, Rank: 1, Gender: Female, HP IV: 64(0%), ATK IV: 28(0%), DEF IV: 70(0%), Work Speed: (0%), Skills: Hard Skin, Logging Foreman
Eikthyrdeer, Level: 11, Rank: 1, Gender: Male, HP IV: 21(0%), ATK IV: 92(0%), DEF IV: 11(0%), Work Speed: (0%), Skills: Abnormal
Eikthyrdeer, Level: 13, Rank: 1, Gender: Male, HP IV: 40(0%), ATK IV: 91(0%), DEF IV: 71(0%), Work Speed: (0%), Skills: Shabby
Foxparks, Level: 7, Rank: 1, Gender: Female, HP IV: 3(0%), ATK IV: 22(0%), DEF IV: 43(0%), Work Speed: (0%), Skills: Brittle
Fuddler, Level: 10, Rank: 1, Gender: Male, HP IV: 55(0%), ATK IV: 93(0%), DEF IV: 76(0%), Work Speed: (0%), Skills: Blood of the Dragon
Fuddler, Level: 9, Rank: 1, Gender: Male, HP IV: 82(0%), ATK IV: 40(0%), DEF IV: 8(0%), Work Speed: (0%), Skills: Downtrodden
Hoocrates, Level: 13, Rank: 1, Gender: Male, HP IV: 32(0%), ATK IV: 82(0%), DEF IV: 5(0%), Work Speed: (0%), Skills: Hooligan
Lamball, Level: 4, Rank: 1, Gender: Female, HP IV: 84(0%), ATK IV: 2(0%), DEF IV: 2(0%), Work Speed: (0%), Skills: Earthquake Resistant
Lamball, Level: 8, Rank: 1, Gender: Female, HP IV: 10(0%), ATK IV: 82(0%), DEF IV: 49(0%), Work Speed: (0%), Skills: Suntan Lover
Lamball, Level: 8, Rank: 1, Gender: Male, HP IV: 7(0%), ATK IV: 0(0%), DEF IV: 42(0%), Work Speed: (0%), Skills: Logging Foreman
Mau, Level: 6, Rank: 1, Gender: Male, HP IV: 93(0%), ATK IV: 8(0%), DEF IV: 85(0%), Work Speed: (0%), Skills: Sickly
Teafant, Level: 8, Rank: 1, Gender: Male, HP IV: 5(0%), ATK IV: 20(0%), DEF IV: 32(0%), Work Speed: (0%), Skills: Burly Body
AceHydras's 27 Pals
-------------------
Alpha Chillet, Level: 12, Rank: 1, Gender: Female, HP IV: 65(0%), ATK IV: 66(0%), DEF IV: 76(0%), Work Speed: (0%), Skills: Abnormal
Alpha Depresso, Level: 12, Rank: 1, Gender: Male, HP IV: 52(0%), ATK IV: 67(0%), DEF IV: 62(0%), Work Speed: (0%), Skills: Sadist
Bristla, Level: 7, Rank: 1, Gender: Male, HP IV: 31(0%), ATK IV: 64(0%), DEF IV: 78(0%), Work Speed: (0%), Skills: Blood of the Dragon
Cattiva, Level: 10, Rank: 1, Gender: Male, HP IV: 13(0%), ATK IV: 86(0%), DEF IV: 1(0%), Work Speed: (0%), Skills: Coward, Mine Foreman
Cattiva, Level: 9, Rank: 1, Gender: Male, HP IV: 35(0%), ATK IV: 20(0%), DEF IV: 68(0%), Work Speed: (0%), Skills: Coward, Musclehead
Chikipi, Level: 13, Rank: 1, Gender: Male, HP IV: 23(0%), ATK IV: 81(0%), DEF IV: 79(0%), Work Speed: (0%), Skills: Blood of the Dragon
Chikipi, Level: 3, Rank: 1, Gender: Female, HP IV: 20(0%), ATK IV: 57(0%), DEF IV: 54(0%), Work Speed: (0%)
Chikipi, Level: 3, Rank: 1, Gender: Male, HP IV: 46(0%), ATK IV: 10(0%), DEF IV: 42(0%), Work Speed: (0%), Skills: Downtrodden, Conceited
Chikipi, Level: 9, Rank: 1, Gender: Male, HP IV: 13(0%), ATK IV: 83(0%), DEF IV: 82(0%), Work Speed: (0%), Skills: Impatient
Cinnamoth, Level: 1, Rank: 1, Gender: Female, HP IV: 35(0%), ATK IV: 30(0%), DEF IV: 60(0%), Work Speed: (0%), Skills: Conceited
Cremis, Level: 3, Rank: 1, Gender: Male, HP IV: 13(0%), ATK IV: 87(0%), DEF IV: 30(0%), Work Speed: (0%), Skills: Clumsy
Daedream, Level: 13, Rank: 1, Gender: Male, HP IV: 85(0%), ATK IV: 15(0%), DEF IV: 16(0%), Work Speed: (0%), Skills: Mine Foreman
Depresso, Level: 4, Rank: 1, Gender: Female, HP IV: 68(0%), ATK IV: 97(0%), DEF IV: 76(0%), Work Speed: (0%), Skills: Motivational Leader
Depresso, Level: 6, Rank: 1, Gender: Male, HP IV: 12(0%), ATK IV: 96(0%), DEF IV: 65(0%), Work Speed: (0%), Skills: Brave
Depresso, Level: 9, Rank: 1, Gender: Male, HP IV: 19(0%), ATK IV: 61(0%), DEF IV: 84(0%), Work Speed: (0%), Skills: Workaholic
Dinossom, Level: 14, Rank: 1, Gender: Female, HP IV: 64(0%), ATK IV: 28(0%), DEF IV: 70(0%), Work Speed: (0%), Skills: Hard Skin, Logging Foreman
Eikthyrdeer, Level: 11, Rank: 1, Gender: Male, HP IV: 21(0%), ATK IV: 92(0%), DEF IV: 11(0%), Work Speed: (0%), Skills: Abnormal
Eikthyrdeer, Level: 13, Rank: 1, Gender: Male, HP IV: 40(0%), ATK IV: 91(0%), DEF IV: 71(0%), Work Speed: (0%), Skills: Shabby
Foxparks, Level: 7, Rank: 1, Gender: Female, HP IV: 3(0%), ATK IV: 22(0%), DEF IV: 43(0%), Work Speed: (0%), Skills: Brittle
Fuddler, Level: 10, Rank: 1, Gender: Male, HP IV: 55(0%), ATK IV: 93(0%), DEF IV: 76(0%), Work Speed: (0%), Skills: Blood of the Dragon
Fuddler, Level: 9, Rank: 1, Gender: Male, HP IV: 82(0%), ATK IV: 40(0%), DEF IV: 8(0%), Work Speed: (0%), Skills: Downtrodden
Hoocrates, Level: 13, Rank: 1, Gender: Male, HP IV: 32(0%), ATK IV: 82(0%), DEF IV: 5(0%), Work Speed: (0%), Skills: Hooligan
Lamball, Level: 4, Rank: 1, Gender: Female, HP IV: 84(0%), ATK IV: 2(0%), DEF IV: 2(0%), Work Speed: (0%), Skills: Earthquake Resistant
Lamball, Level: 8, Rank: 1, Gender: Female, HP IV: 10(0%), ATK IV: 82(0%), DEF IV: 49(0%), Work Speed: (0%), Skills: Suntan Lover
Lamball, Level: 8, Rank: 1, Gender: Male, HP IV: 7(0%), ATK IV: 0(0%), DEF IV: 42(0%), Work Speed: (0%), Skills: Logging Foreman
Mau, Level: 6, Rank: 1, Gender: Male, HP IV: 93(0%), ATK IV: 8(0%), DEF IV: 85(0%), Work Speed: (0%), Skills: Sickly
Teafant, Level: 8, Rank: 1, Gender: Male, HP IV: 5(0%), ATK IV: 20(0%), DEF IV: 32(0%), Work Speed: (0%), Skills: Burly Body
AceHydras's 27 Pals
-------------------
Alpha Chillet, Level: 12, Rank: 1, Gender: Female, HP IV: 65(0%), ATK IV: 66(0%), DEF IV: 76(0%), Work Speed: (0%), Skills: Abnormal
Alpha Depresso, Level: 12, Rank: 1, Gender: Male, HP IV: 52(0%), ATK IV: 67(0%), DEF IV: 62(0%), Work Speed: (0%), Skills: Sadist
Bristla, Level: 7, Rank: 1, Gender: Male, HP IV: 31(0%), ATK IV: 64(0%), DEF IV: 78(0%), Work Speed: (0%), Skills: Blood of the Dragon
Cattiva, Level: 10, Rank: 1, Gender: Male, HP IV: 13(0%), ATK IV: 86(0%), DEF IV: 1(0%), Work Speed: (0%), Skills: Coward, Mine Foreman
Cattiva, Level: 9, Rank: 1, Gender: Male, HP IV: 35(0%), ATK IV: 20(0%), DEF IV: 68(0%), Work Speed: (0%), Skills: Coward, Musclehead
Chikipi, Level: 13, Rank: 1, Gender: Male, HP IV: 23(0%), ATK IV: 81(0%), DEF IV: 79(0%), Work Speed: (0%), Skills: Blood of the Dragon
Chikipi, Level: 3, Rank: 1, Gender: Female, HP IV: 20(0%), ATK IV: 57(0%), DEF IV: 54(0%), Work Speed: (0%)
Chikipi, Level: 3, Rank: 1, Gender: Male, HP IV: 46(0%), ATK IV: 10(0%), DEF IV: 42(0%), Work Speed: (0%), Skills: Downtrodden, Conceited
Chikipi, Level: 9, Rank: 1, Gender: Male, HP IV: 13(0%), ATK IV: 83(0%), DEF IV: 82(0%), Work Speed: (0%), Skills: Impatient
Cinnamoth, Level: 1, Rank: 1, Gender: Female, HP IV: 35(0%), ATK IV: 30(0%), DEF IV: 60(0%), Work Speed: (0%), Skills: Conceited
Cremis, Level: 3, Rank: 1, Gender: Male, HP IV: 13(0%), ATK IV: 87(0%), DEF IV: 30(0%), Work Speed: (0%), Skills: Clumsy
Daedream, Level: 13, Rank: 1, Gender: Male, HP IV: 85(0%), ATK IV: 15(0%), DEF IV: 16(0%), Work Speed: (0%), Skills: Mine Foreman
Depresso, Level: 4, Rank: 1, Gender: Female, HP IV: 68(0%), ATK IV: 97(0%), DEF IV: 76(0%), Work Speed: (0%), Skills: Motivational Leader
Depresso, Level: 6, Rank: 1, Gender: Male, HP IV: 12(0%), ATK IV: 96(0%), DEF IV: 65(0%), Work Speed: (0%), Skills: Brave
Depresso, Level: 9, Rank: 1, Gender: Male, HP IV: 19(0%), ATK IV: 61(0%), DEF IV: 84(0%), Work Speed: (0%), Skills: Workaholic
Dinossom, Level: 14, Rank: 1, Gender: Female, HP IV: 64(0%), ATK IV: 28(0%), DEF IV: 70(0%), Work Speed: (0%), Skills: Hard Skin, Logging Foreman
Eikthyrdeer, Level: 11, Rank: 1, Gender: Male, HP IV: 21(0%), ATK IV: 92(0%), DEF IV: 11(0%), Work Speed: (0%), Skills: Abnormal
Eikthyrdeer, Level: 13, Rank: 1, Gender: Male, HP IV: 40(0%), ATK IV: 91(0%), DEF IV: 71(0%), Work Speed: (0%), Skills: Shabby
Foxparks, Level: 7, Rank: 1, Gender: Female, HP IV: 3(0%), ATK IV: 22(0%), DEF IV: 43(0%), Work Speed: (0%), Skills: Brittle
Fuddler, Level: 10, Rank: 1, Gender: Male, HP IV: 55(0%), ATK IV: 93(0%), DEF IV: 76(0%), Work Speed: (0%), Skills: Blood of the Dragon
Fuddler, Level: 9, Rank: 1, Gender: Male, HP IV: 82(0%), ATK IV: 40(0%), DEF IV: 8(0%), Work Speed: (0%), Skills: Downtrodden
Hoocrates, Level: 13, Rank: 1, Gender: Male, HP IV: 32(0%), ATK IV: 82(0%), DEF IV: 5(0%), Work Speed: (0%), Skills: Hooligan
Lamball, Level: 4, Rank: 1, Gender: Female, HP IV: 84(0%), ATK IV: 2(0%), DEF IV: 2(0%), Work Speed: (0%), Skills: Earthquake Resistant
Lamball, Level: 8, Rank: 1, Gender: Female, HP IV: 10(0%), ATK IV: 82(0%), DEF IV: 49(0%), Work Speed: (0%), Skills: Suntan Lover
Lamball, Level: 8, Rank: 1, Gender: Male, HP IV: 7(0%), ATK IV: 0(0%), DEF IV: 42(0%), Work Speed: (0%), Skills: Logging Foreman
Mau, Level: 6, Rank: 1, Gender: Male, HP IV: 93(0%), ATK IV: 8(0%), DEF IV: 85(0%), Work Speed: (0%), Skills: Sickly
Teafant, Level: 8, Rank: 1, Gender: Male, HP IV: 5(0%), ATK IV: 20(0%), DEF IV: 32(0%), Work Speed: (0%), Skills: Burly Body
AceHydras's 27 Pals
-------------------
Alpha Chillet, Level: 12, Rank: 1, Gender: Female, HP IV: 65(0%), ATK IV: 66(0%), DEF IV: 76(0%), Work Speed: (0%), Skills: Abnormal
Alpha Depresso, Level: 12, Rank: 1, Gender: Male, HP IV: 52(0%), ATK IV: 67(0%), DEF IV: 62(0%), Work Speed: (0%), Skills: Sadist
Bristla, Level: 7, Rank: 1, Gender: Male, HP IV: 31(0%), ATK IV: 64(0%), DEF IV: 78(0%), Work Speed: (0%), Skills: Blood of the Dragon
Cattiva, Level: 10, Rank: 1, Gender: Male, HP IV: 13(0%), ATK IV: 86(0%), DEF IV: 1(0%), Work Speed: (0%), Skills: Coward, Mine Foreman
Cattiva, Level: 9, Rank: 1, Gender: Male, HP IV: 35(0%), ATK IV: 20(0%), DEF IV: 68(0%), Work Speed: (0%), Skills: Coward, Musclehead
Chikipi, Level: 13, Rank: 1, Gender: Male, HP IV: 23(0%), ATK IV: 81(0%), DEF IV: 79(0%), Work Speed: (0%), Skills: Blood of the Dragon
Chikipi, Level: 3, Rank: 1, Gender: Female, HP IV: 20(0%), ATK IV: 57(0%), DEF IV: 54(0%), Work Speed: (0%)
Chikipi, Level: 3, Rank: 1, Gender: Male, HP IV: 46(0%), ATK IV: 10(0%), DEF IV: 42(0%), Work Speed: (0%), Skills: Downtrodden, Conceited
Chikipi, Level: 9, Rank: 1, Gender: Male, HP IV: 13(0%), ATK IV: 83(0%), DEF IV: 82(0%), Work Speed: (0%), Skills: Impatient
Cinnamoth, Level: 1, Rank: 1, Gender: Female, HP IV: 35(0%), ATK IV: 30(0%), DEF IV: 60(0%), Work Speed: (0%), Skills: Conceited
Cremis, Level: 3, Rank: 1, Gender: Male, HP IV: 13(0%), ATK IV: 87(0%), DEF IV: 30(0%), Work Speed: (0%), Skills: Clumsy
Daedream, Level: 13, Rank: 1, Gender: Male, HP IV: 85(0%), ATK IV: 15(0%), DEF IV: 16(0%), Work Speed: (0%), Skills: Mine Foreman
Depresso, Level: 4, Rank: 1, Gender: Female, HP IV: 68(0%), ATK IV: 97(0%), DEF IV: 76(0%), Work Speed: (0%), Skills: Motivational Leader
Depresso, Level: 6, Rank: 1, Gender: Male, HP IV: 12(0%), ATK IV: 96(0%), DEF IV: 65(0%), Work Speed: (0%), Skills: Brave
Depresso, Level: 9, Rank: 1, Gender: Male, HP IV: 19(0%), ATK IV: 61(0%), DEF IV: 84(0%), Work Speed: (0%), Skills: Workaholic
Dinossom, Level: 14, Rank: 1, Gender: Female, HP IV: 64(0%), ATK IV: 28(0%), DEF IV: 70(0%), Work Speed: (0%), Skills: Hard Skin, Logging Foreman
Eikthyrdeer, Level: 11, Rank: 1, Gender: Male, HP IV: 21(0%), ATK IV: 92(0%), DEF IV: 11(0%), Work Speed: (0%), Skills: Abnormal
Eikthyrdeer, Level: 13, Rank: 1, Gender: Male, HP IV: 40(0%), ATK IV: 91(0%), DEF IV: 71(0%), Work Speed: (0%), Skills: Shabby
Foxparks, Level: 7, Rank: 1, Gender: Female, HP IV: 3(0%), ATK IV: 22(0%), DEF IV: 43(0%), Work Speed: (0%), Skills: Brittle
Fuddler, Level: 10, Rank: 1, Gender: Male, HP IV: 55(0%), ATK IV: 93(0%), DEF IV: 76(0%), Work Speed: (0%), Skills: Blood of the Dragon
Fuddler, Level: 9, Rank: 1, Gender: Male, HP IV: 82(0%), ATK IV: 40(0%), DEF IV: 8(0%), Work Speed: (0%), Skills: Downtrodden
Hoocrates, Level: 13, Rank: 1, Gender: Male, HP IV: 32(0%), ATK IV: 82(0%), DEF IV: 5(0%), Work Speed: (0%), Skills: Hooligan
Lamball, Level: 4, Rank: 1, Gender: Female, HP IV: 84(0%), ATK IV: 2(0%), DEF IV: 2(0%), Work Speed: (0%), Skills: Earthquake Resistant
Lamball, Level: 8, Rank: 1, Gender: Female, HP IV: 10(0%), ATK IV: 82(0%), DEF IV: 49(0%), Work Speed: (0%), Skills: Suntan Lover
Lamball, Level: 8, Rank: 1, Gender: Male, HP IV: 7(0%), ATK IV: 0(0%), DEF IV: 42(0%), Work Speed: (0%), Skills: Logging Foreman
Mau, Level: 6, Rank: 1, Gender: Male, HP IV: 93(0%), ATK IV: 8(0%), DEF IV: 85(0%), Work Speed: (0%), Skills: Sickly
Teafant, Level: 8, Rank: 1, Gender: Male, HP IV: 5(0%), ATK IV: 20(0%), DEF IV: 32(0%), Work Speed: (0%), Skills: Burly Body
AceHydras's 27 Pals
-------------------
Alpha Chillet, Level: 12, Rank: 1, Gender: Female, HP IV: 65(0%), ATK IV: 66(0%), DEF IV: 76(0%), Work Speed: (0%), Skills: Abnormal
Alpha Depresso, Level: 12, Rank: 1, Gender: Male, HP IV: 52(0%), ATK IV: 67(0%), DEF IV: 62(0%), Work Speed: (0%), Skills: Sadist
Bristla, Level: 7, Rank: 1, Gender: Male, HP IV: 31(0%), ATK IV: 64(0%), DEF IV: 78(0%), Work Speed: (0%), Skills: Blood of the Dragon
Cattiva, Level: 10, Rank: 1, Gender: Male, HP IV: 13(0%), ATK IV: 86(0%), DEF IV: 1(0%), Work Speed: (0%), Skills: Coward, Mine Foreman
Cattiva, Level: 9, Rank: 1, Gender: Male, HP IV: 35(0%), ATK IV: 20(0%), DEF IV: 68(0%), Work Speed: (0%), Skills: Coward, Musclehead
Chikipi, Level: 13, Rank: 1, Gender: Male, HP IV: 23(0%), ATK IV: 81(0%), DEF IV: 79(0%), Work Speed: (0%), Skills: Blood of the Dragon
Chikipi, Level: 3, Rank: 1, Gender: Female, HP IV: 20(0%), ATK IV: 57(0%), DEF IV: 54(0%), Work Speed: (0%)
Chikipi, Level: 3, Rank: 1, Gender: Male, HP IV: 46(0%), ATK IV: 10(0%), DEF IV: 42(0%), Work Speed: (0%), Skills: Downtrodden, Conceited
Chikipi, Level: 9, Rank: 1, Gender: Male, HP IV: 13(0%), ATK IV: 83(0%), DEF IV: 82(0%), Work Speed: (0%), Skills: Impatient
Cinnamoth, Level: 1, Rank: 1, Gender: Female, HP IV: 35(0%), ATK IV: 30(0%), DEF IV: 60(0%), Work Speed: (0%), Skills: Conceited
Cremis, Level: 3, Rank: 1, Gender: Male, HP IV: 13(0%), ATK IV: 87(0%), DEF IV: 30(0%), Work Speed: (0%), Skills: Clumsy
Daedream, Level: 13, Rank: 1, Gender: Male, HP IV: 85(0%), ATK IV: 15(0%), DEF IV: 16(0%), Work Speed: (0%), Skills: Mine Foreman
Depresso, Level: 4, Rank: 1, Gender: Female, HP IV: 68(0%), ATK IV: 97(0%), DEF IV: 76(0%), Work Speed: (0%), Skills: Motivational Leader
Depresso, Level: 6, Rank: 1, Gender: Male, HP IV: 12(0%), ATK IV: 96(0%), DEF IV: 65(0%), Work Speed: (0%), Skills: Brave
Depresso, Level: 9, Rank: 1, Gender: Male, HP IV: 19(0%), ATK IV: 61(0%), DEF IV: 84(0%), Work Speed: (0%), Skills: Workaholic
Dinossom, Level: 14, Rank: 1, Gender: Female, HP IV: 64(0%), ATK IV: 28(0%), DEF IV: 70(0%), Work Speed: (0%), Skills: Hard Skin, Logging Foreman
Eikthyrdeer, Level: 11, Rank: 1, Gender: Male, HP IV: 21(0%), ATK IV: 92(0%), DEF IV: 11(0%), Work Speed: (0%), Skills: Abnormal
Eikthyrdeer, Level: 13, Rank: 1, Gender: Male, HP IV: 40(0%), ATK IV: 91(0%), DEF IV: 71(0%), Work Speed: (0%), Skills: Shabby
Foxparks, Level: 7, Rank: 1, Gender: Female, HP IV: 3(0%), ATK IV: 22(0%), DEF IV: 43(0%), Work Speed: (0%), Skills: Brittle
Fuddler, Level: 10, Rank: 1, Gender: Male, HP IV: 55(0%), ATK IV: 93(0%), DEF IV: 76(0%), Work Speed: (0%), Skills: Blood of the Dragon
Fuddler, Level: 9, Rank: 1, Gender: Male, HP IV: 82(0%), ATK IV: 40(0%), DEF IV: 8(0%), Work Speed: (0%), Skills: Downtrodden
Hoocrates, Level: 13, Rank: 1, Gender: Male, HP IV: 32(0%), ATK IV: 82(0%), DEF IV: 5(0%), Work Speed: (0%), Skills: Hooligan
Lamball, Level: 4, Rank: 1, Gender: Female, HP IV: 84(0%), ATK IV: 2(0%), DEF IV: 2(0%), Work Speed: (0%), Skills: Earthquake Resistant
Lamball, Level: 8, Rank: 1, Gender: Female, HP IV: 10(0%), ATK IV: 82(0%), DEF IV: 49(0%), Work Speed: (0%), Skills: Suntan Lover
Lamball, Level: 8, Rank: 1, Gender: Male, HP IV: 7(0%), ATK IV: 0(0%), DEF IV: 42(0%), Work Speed: (0%), Skills: Logging Foreman
Mau, Level: 6, Rank: 1, Gender: Male, HP IV: 93(0%), ATK IV: 8(0%), DEF IV: 85(0%), Work Speed: (0%), Skills: Sickly
Teafant, Level: 8, Rank: 1, Gender: Male, HP IV: 5(0%), ATK IV: 20(0%), DEF IV: 32(0%), Work Speed: (0%), Skills: Burly Body
AceHydras's 27 Pals
-------------------
Alpha Chillet, Level: 12, Rank: 1, Gender: Female, HP IV: 65(0%), ATK IV: 66(0%), DEF IV: 76(0%), Work Speed: (0%), Skills: Abnormal
Alpha Depresso, Level: 12, Rank: 1, Gender: Male, HP IV: 52(0%), ATK IV: 67(0%), DEF IV: 62(0%), Work Speed: (0%), Skills: Sadist
Bristla, Level: 7, Rank: 1, Gender: Male, HP IV: 31(0%), ATK IV: 64(0%), DEF IV: 78(0%), Work Speed: (0%), Skills: Blood of the Dragon
Cattiva, Level: 10, Rank: 1, Gender: Male, HP IV: 13(0%), ATK IV: 86(0%), DEF IV: 1(0%), Work Speed: (0%), Skills: Coward, Mine Foreman
Cattiva, Level: 9, Rank: 1, Gender: Male, HP IV: 35(0%), ATK IV: 20(0%), DEF IV: 68(0%), Work Speed: (0%), Skills: Coward, Musclehead
Chikipi, Level: 13, Rank: 1, Gender: Male, HP IV: 23(0%), ATK IV: 81(0%), DEF IV: 79(0%), Work Speed: (0%), Skills: Blood of the Dragon
Chikipi, Level: 3, Rank: 1, Gender: Female, HP IV: 20(0%), ATK IV: 57(0%), DEF IV: 54(0%), Work Speed: (0%)
Chikipi, Level: 3, Rank: 1, Gender: Male, HP IV: 46(0%), ATK IV: 10(0%), DEF IV: 42(0%), Work Speed: (0%), Skills: Downtrodden, Conceited
Chikipi, Level: 9, Rank: 1, Gender: Male, HP IV: 13(0%), ATK IV: 83(0%), DEF IV: 82(0%), Work Speed: (0%), Skills: Impatient
Cinnamoth, Level: 1, Rank: 1, Gender: Female, HP IV: 35(0%), ATK IV: 30(0%), DEF IV: 60(0%), Work Speed: (0%), Skills: Conceited
Cremis, Level: 3, Rank: 1, Gender: Male, HP IV: 13(0%), ATK IV: 87(0%), DEF IV: 30(0%), Work Speed: (0%), Skills: Clumsy
Daedream, Level: 13, Rank: 1, Gender: Male, HP IV: 85(0%), ATK IV: 15(0%), DEF IV: 16(0%), Work Speed: (0%), Skills: Mine Foreman
Depresso, Level: 4, Rank: 1, Gender: Female, HP IV: 68(0%), ATK IV: 97(0%), DEF IV: 76(0%), Work Speed: (0%), Skills: Motivational Leader
Depresso, Level: 6, Rank: 1, Gender: Male, HP IV: 12(0%), ATK IV: 96(0%), DEF IV: 65(0%), Work Speed: (0%), Skills: Brave
Depresso, Level: 9, Rank: 1, Gender: Male, HP IV: 19(0%), ATK IV: 61(0%), DEF IV: 84(0%), Work Speed: (0%), Skills: Workaholic
Dinossom, Level: 14, Rank: 1, Gender: Female, HP IV: 64(0%), ATK IV: 28(0%), DEF IV: 70(0%), Work Speed: (0%), Skills: Hard Skin, Logging Foreman
Eikthyrdeer, Level: 11, Rank: 1, Gender: Male, HP IV: 21(0%), ATK IV: 92(0%), DEF IV: 11(0%), Work Speed: (0%), Skills: Abnormal
Eikthyrdeer, Level: 13, Rank: 1, Gender: Male, HP IV: 40(0%), ATK IV: 91(0%), DEF IV: 71(0%), Work Speed: (0%), Skills: Shabby
Foxparks, Level: 7, Rank: 1, Gender: Female, HP IV: 3(0%), ATK IV: 22(0%), DEF IV: 43(0%), Work Speed: (0%), Skills: Brittle
Fuddler, Level: 10, Rank: 1, Gender: Male, HP IV: 55(0%), ATK IV: 93(0%), DEF IV: 76(0%), Work Speed: (0%), Skills: Blood of the Dragon
Fuddler, Level: 9, Rank: 1, Gender: Male, HP IV: 82(0%), ATK IV: 40(0%), DEF IV: 8(0%), Work Speed: (0%), Skills: Downtrodden
Hoocrates, Level: 13, Rank: 1, Gender: Male, HP IV: 32(0%), ATK IV: 82(0%), DEF IV: 5(0%), Work Speed: (0%), Skills: Hooligan
Lamball, Level: 4, Rank: 1, Gender: Female, HP IV: 84(0%), ATK IV: 2(0%), DEF IV: 2(0%), Work Speed: (0%), Skills: Earthquake Resistant
Lamball, Level: 8, Rank: 1, Gender: Female, HP IV: 10(0%), ATK IV: 82(0%), DEF IV: 49(0%), Work Speed: (0%), Skills: Suntan Lover
Lamball, Level: 8, Rank: 1, Gender: Male, HP IV: 7(0%), ATK IV: 0(0%), DEF IV: 42(0%), Work Speed: (0%), Skills: Logging Foreman
Mau, Level: 6, Rank: 1, Gender: Male, HP IV: 93(0%), ATK IV: 8(0%), DEF IV: 85(0%), Work Speed: (0%), Skills: Sickly
Teafant, Level: 8, Rank: 1, Gender: Male, HP IV: 5(0%), ATK IV: 20(0%), DEF IV: 32(0%), Work Speed: (0%), Skills: Burly Body
AceHydras's 27 Pals
-------------------
Alpha Chillet, Level: 12, Rank: 1, Gender: Female, HP IV: 65(0%), ATK IV: 66(0%), DEF IV: 76(0%), Work Speed: (0%), Skills: Abnormal
Alpha Depresso, Level: 12, Rank: 1, Gender: Male, HP IV: 52(0%), ATK IV: 67(0%), DEF IV: 62(0%), Work Speed: (0%), Skills: Sadist
Bristla, Level: 7, Rank: 1, Gender: Male, HP IV: 31(0%), ATK IV: 64(0%), DEF IV: 78(0%), Work Speed: (0%), Skills: Blood of the Dragon
Cattiva, Level: 10, Rank: 1, Gender: Male, HP IV: 13(0%), ATK IV: 86(0%), DEF IV: 1(0%), Work Speed: (0%), Skills: Coward, Mine Foreman
Cattiva, Level: 9, Rank: 1, Gender: Male, HP IV: 35(0%), ATK IV: 20(0%), DEF IV: 68(0%), Work Speed: (0%), Skills: Coward, Musclehead
Chikipi, Level: 13, Rank: 1, Gender: Male, HP IV: 23(0%), ATK IV: 81(0%), DEF IV: 79(0%), Work Speed: (0%), Skills: Blood of the Dragon
Chikipi, Level: 3, Rank: 1, Gender: Female, HP IV: 20(0%), ATK IV: 57(0%), DEF IV: 54(0%), Work Speed: (0%)
Chikipi, Level: 3, Rank: 1, Gender: Male, HP IV: 46(0%), ATK IV: 10(0%), DEF IV: 42(0%), Work Speed: (0%), Skills: Downtrodden, Conceited
Chikipi, Level: 9, Rank: 1, Gender: Male, HP IV: 13(0%), ATK IV: 83(0%), DEF IV: 82(0%), Work Speed: (0%), Skills: Impatient
Cinnamoth, Level: 1, Rank: 1, Gender: Female, HP IV: 35(0%), ATK IV: 30(0%), DEF IV: 60(0%), Work Speed: (0%), Skills: Conceited
Cremis, Level: 3, Rank: 1, Gender: Male, HP IV: 13(0%), ATK IV: 87(0%), DEF IV: 30(0%), Work Speed: (0%), Skills: Clumsy
Daedream, Level: 13, Rank: 1, Gender: Male, HP IV: 85(0%), ATK IV: 15(0%), DEF IV: 16(0%), Work Speed: (0%), Skills: Mine Foreman
Depresso, Level: 4, Rank: 1, Gender: Female, HP IV: 68(0%), ATK IV: 97(0%), DEF IV: 76(0%), Work Speed: (0%), Skills: Motivational Leader
Depresso, Level: 6, Rank: 1, Gender: Male, HP IV: 12(0%), ATK IV: 96(0%), DEF IV: 65(0%), Work Speed: (0%), Skills: Brave
Depresso, Level: 9, Rank: 1, Gender: Male, HP IV: 19(0%), ATK IV: 61(0%), DEF IV: 84(0%), Work Speed: (0%), Skills: Workaholic
Dinossom, Level: 14, Rank: 1, Gender: Female, HP IV: 64(0%), ATK IV: 28(0%), DEF IV: 70(0%), Work Speed: (0%), Skills: Hard Skin, Logging Foreman
Eikthyrdeer, Level: 11, Rank: 1, Gender: Male, HP IV: 21(0%), ATK IV: 92(0%), DEF IV: 11(0%), Work Speed: (0%), Skills: Abnormal
Eikthyrdeer, Level: 13, Rank: 1, Gender: Male, HP IV: 40(0%), ATK IV: 91(0%), DEF IV: 71(0%), Work Speed: (0%), Skills: Shabby
Foxparks, Level: 7, Rank: 1, Gender: Female, HP IV: 3(0%), ATK IV: 22(0%), DEF IV: 43(0%), Work Speed: (0%), Skills: Brittle
Fuddler, Level: 10, Rank: 1, Gender: Male, HP IV: 55(0%), ATK IV: 93(0%), DEF IV: 76(0%), Work Speed: (0%), Skills: Blood of the Dragon
Fuddler, Level: 9, Rank: 1, Gender: Male, HP IV: 82(0%), ATK IV: 40(0%), DEF IV: 8(0%), Work Speed: (0%), Skills: Downtrodden
Hoocrates, Level: 13, Rank: 1, Gender: Male, HP IV: 32(0%), ATK IV: 82(0%), DEF IV: 5(0%), Work Speed: (0%), Skills: Hooligan
Lamball, Level: 4, Rank: 1, Gender: Female, HP IV: 84(0%), ATK IV: 2(0%), DEF IV: 2(0%), Work Speed: (0%), Skills: Earthquake Resistant
Lamball, Level: 8, Rank: 1, Gender: Female, HP IV: 10(0%), ATK IV: 82(0%), DEF IV: 49(0%), Work Speed: (0%), Skills: Suntan Lover
Lamball, Level: 8, Rank: 1, Gender: Male, HP IV: 7(0%), ATK IV: 0(0%), DEF IV: 42(0%), Work Speed: (0%), Skills: Logging Foreman
Mau, Level: 6, Rank: 1, Gender: Male, HP IV: 93(0%), ATK IV: 8(0%), DEF IV: 85(0%), Work Speed: (0%), Skills: Sickly
Teafant, Level: 8, Rank: 1, Gender: Male, HP IV: 5(0%), ATK IV: 20(0%), DEF IV: 32(0%), Work Speed: (0%), Skills: Burly Body
AceHydras's 27 Pals
-------------------
Alpha Chillet, Level: 12, Rank: 1, Gender: Female, HP IV: 65(0%), ATK IV: 66(0%), DEF IV: 76(0%), Work Speed: (0%), Skills: Abnormal
Alpha Depresso, Level: 12, Rank: 1, Gender: Male, HP IV: 52(0%), ATK IV: 67(0%), DEF IV: 62(0%), Work Speed: (0%), Skills: Sadist
Bristla, Level: 7, Rank: 1, Gender: Male, HP IV: 31(0%), ATK IV: 64(0%), DEF IV: 78(0%), Work Speed: (0%), Skills: Blood of the Dragon
Cattiva, Level: 10, Rank: 1, Gender: Male, HP IV: 13(0%), ATK IV: 86(0%), DEF IV: 1(0%), Work Speed: (0%), Skills: Coward, Mine Foreman
Cattiva, Level: 9, Rank: 1, Gender: Male, HP IV: 35(0%), ATK IV: 20(0%), DEF IV: 68(0%), Work Speed: (0%), Skills: Coward, Musclehead
Chikipi, Level: 13, Rank: 1, Gender: Male, HP IV: 23(0%), ATK IV: 81(0%), DEF IV: 79(0%), Work Speed: (0%), Skills: Blood of the Dragon
Chikipi, Level: 3, Rank: 1, Gender: Female, HP IV: 20(0%), ATK IV: 57(0%), DEF IV: 54(0%), Work Speed: (0%)
Chikipi, Level: 3, Rank: 1, Gender: Male, HP IV: 46(0%), ATK IV: 10(0%), DEF IV: 42(0%), Work Speed: (0%), Skills: Downtrodden, Conceited
Chikipi, Level: 9, Rank: 1, Gender: Male, HP IV: 13(0%), ATK IV: 83(0%), DEF IV: 82(0%), Work Speed: (0%), Skills: Impatient
Cinnamoth, Level: 1, Rank: 1, Gender: Female, HP IV: 35(0%), ATK IV: 30(0%), DEF IV: 60(0%), Work Speed: (0%), Skills: Conceited
Cremis, Level: 3, Rank: 1, Gender: Male, HP IV: 13(0%), ATK IV: 87(0%), DEF IV: 30(0%), Work Speed: (0%), Skills: Clumsy
Daedream, Level: 13, Rank: 1, Gender: Male, HP IV: 85(0%), ATK IV: 15(0%), DEF IV: 16(0%), Work Speed: (0%), Skills: Mine Foreman
Depresso, Level: 4, Rank: 1, Gender: Female, HP IV: 68(0%), ATK IV: 97(0%), DEF IV: 76(0%), Work Speed: (0%), Skills: Motivational Leader
Depresso, Level: 6, Rank: 1, Gender: Male, HP IV: 12(0%), ATK IV: 96(0%), DEF IV: 65(0%), Work Speed: (0%), Skills: Brave
Depresso, Level: 9, Rank: 1, Gender: Male, HP IV: 19(0%), ATK IV: 61(0%), DEF IV: 84(0%), Work Speed: (0%), Skills: Workaholic
Dinossom, Level: 14, Rank: 1, Gender: Female, HP IV: 64(0%), ATK IV: 28(0%), DEF IV: 70(0%), Work Speed: (0%), Skills: Hard Skin, Logging Foreman
Eikthyrdeer, Level: 11, Rank: 1, Gender: Male, HP IV: 21(0%), ATK IV: 92(0%), DEF IV: 11(0%), Work Speed: (0%), Skills: Abnormal
Eikthyrdeer, Level: 13, Rank: 1, Gender: Male, HP IV: 40(0%), ATK IV: 91(0%), DEF IV: 71(0%), Work Speed: (0%), Skills: Shabby
Foxparks, Level: 7, Rank: 1, Gender: Female, HP IV: 3(0%), ATK IV: 22(0%), DEF IV: 43(0%), Work Speed: (0%), Skills: Brittle
Fuddler, Level: 10, Rank: 1, Gender: Male, HP IV: 55(0%), ATK IV: 93(0%), DEF IV: 76(0%), Work Speed: (0%), Skills: Blood of the Dragon
Fuddler, Level: 9, Rank: 1, Gender: Male, HP IV: 82(0%), ATK IV: 40(0%), DEF IV: 8(0%), Work Speed: (0%), Skills: Downtrodden
Hoocrates, Level: 13, Rank: 1, Gender: Male, HP IV: 32(0%), ATK IV: 82(0%), DEF IV: 5(0%), Work Speed: (0%), Skills: Hooligan
Lamball, Level: 4, Rank: 1, Gender: Female, HP IV: 84(0%), ATK IV: 2(0%), DEF IV: 2(0%), Work Speed: (0%), Skills: Earthquake Resistant
Lamball, Level: 8, Rank: 1, Gender: Female, HP IV: 10(0%), ATK IV: 82(0%), DEF IV: 49(0%), Work Speed: (0%), Skills: Suntan Lover
Lamball, Level: 8, Rank: 1, Gender: Male, HP IV: 7(0%), ATK IV: 0(0%), DEF IV: 42(0%), Work Speed: (0%), Skills: Logging Foreman
Mau, Level: 6, Rank: 1, Gender: Male, HP IV: 93(0%), ATK IV: 8(0%), DEF IV: 85(0%), Work Speed: (0%), Skills: Sickly
Teafant, Level: 8, Rank: 1, Gender: Male, HP IV: 5(0%), ATK IV: 20(0%), DEF IV: 32(0%), Work Speed: (0%), Skills: Burly Body
AceHydras's 27 Pals
-------------------
Alpha Chillet, Level: 12, Rank: 1, Gender: Female, HP IV: 65(0%), ATK IV: 66(0%), DEF IV: 76(0%), Work Speed: (0%), Skills: Abnormal
Alpha Depresso, Level: 12, Rank: 1, Gender: Male, HP IV: 52(0%), ATK IV: 67(0%), DEF IV: 62(0%), Work Speed: (0%), Skills: Sadist
Bristla, Level: 7, Rank: 1, Gender: Male, HP IV: 31(0%), ATK IV: 64(0%), DEF IV: 78(0%), Work Speed: (0%), Skills: Blood of the Dragon
Cattiva, Level: 10, Rank: 1, Gender: Male, HP IV: 13(0%), ATK IV: 86(0%), DEF IV: 1(0%), Work Speed: (0%), Skills: Coward, Mine Foreman
Cattiva, Level: 9, Rank: 1, Gender: Male, HP IV: 35(0%), ATK IV: 20(0%), DEF IV: 68(0%), Work Speed: (0%), Skills: Coward, Musclehead
Chikipi, Level: 13, Rank: 1, Gender: Male, HP IV: 23(0%), ATK IV: 81(0%), DEF IV: 79(0%), Work Speed: (0%), Skills: Blood of the Dragon
Chikipi, Level: 3, Rank: 1, Gender: Female, HP IV: 20(0%), ATK IV: 57(0%), DEF IV: 54(0%), Work Speed: (0%)
Chikipi, Level: 3, Rank: 1, Gender: Male, HP IV: 46(0%), ATK IV: 10(0%), DEF IV: 42(0%), Work Speed: (0%), Skills: Downtrodden, Conceited
Chikipi, Level: 9, Rank: 1, Gender: Male, HP IV: 13(0%), ATK IV: 83(0%), DEF IV: 82(0%), Work Speed: (0%), Skills: Impatient
Cinnamoth, Level: 1, Rank: 1, Gender: Female, HP IV: 35(0%), ATK IV: 30(0%), DEF IV: 60(0%), Work Speed: (0%), Skills: Conceited
Cremis, Level: 3, Rank: 1, Gender: Male, HP IV: 13(0%), ATK IV: 87(0%), DEF IV: 30(0%), Work Speed: (0%), Skills: Clumsy
Daedream, Level: 13, Rank: 1, Gender: Male, HP IV: 85(0%), ATK IV: 15(0%), DEF IV: 16(0%), Work Speed: (0%), Skills: Mine Foreman
Depresso, Level: 4, Rank: 1, Gender: Female, HP IV: 68(0%), ATK IV: 97(0%), DEF IV: 76(0%), Work Speed: (0%), Skills: Motivational Leader
Depresso, Level: 6, Rank: 1, Gender: Male, HP IV: 12(0%), ATK IV: 96(0%), DEF IV: 65(0%), Work Speed: (0%), Skills: Brave
Depresso, Level: 9, Rank: 1, Gender: Male, HP IV: 19(0%), ATK IV: 61(0%), DEF IV: 84(0%), Work Speed: (0%), Skills: Workaholic
Dinossom, Level: 14, Rank: 1, Gender: Female, HP IV: 64(0%), ATK IV: 28(0%), DEF IV: 70(0%), Work Speed: (0%), Skills: Hard Skin, Logging Foreman
Eikthyrdeer, Level: 11, Rank: 1, Gender: Male, HP IV: 21(0%), ATK IV: 92(0%), DEF IV: 11(0%), Work Speed: (0%), Skills: Abnormal
Eikthyrdeer, Level: 13, Rank: 1, Gender: Male, HP IV: 40(0%), ATK IV: 91(0%), DEF IV: 71(0%), Work Speed: (0%), Skills: Shabby
Foxparks, Level: 7, Rank: 1, Gender: Female, HP IV: 3(0%), ATK IV: 22(0%), DEF IV: 43(0%), Work Speed: (0%), Skills: Brittle
Fuddler, Level: 10, Rank: 1, Gender: Male, HP IV: 55(0%), ATK IV: 93(0%), DEF IV: 76(0%), Work Speed: (0%), Skills: Blood of the Dragon
Fuddler, Level: 9, Rank: 1, Gender: Male, HP IV: 82(0%), ATK IV: 40(0%), DEF IV: 8(0%), Work Speed: (0%), Skills: Downtrodden
Hoocrates, Level: 13, Rank: 1, Gender: Male, HP IV: 32(0%), ATK IV: 82(0%), DEF IV: 5(0%), Work Speed: (0%), Skills: Hooligan
Lamball, Level: 4, Rank: 1, Gender: Female, HP IV: 84(0%), ATK IV: 2(0%), DEF IV: 2(0%), Work Speed: (0%), Skills: Earthquake Resistant
Lamball, Level: 8, Rank: 1, Gender: Female, HP IV: 10(0%), ATK IV: 82(0%), DEF IV: 49(0%), Work Speed: (0%), Skills: Suntan Lover
Lamball, Level: 8, Rank: 1, Gender: Male, HP IV: 7(0%), ATK IV: 0(0%), DEF IV: 42(0%), Work Speed: (0%), Skills: Logging Foreman
Mau, Level: 6, Rank: 1, Gender: Male, HP IV: 93(0%), ATK IV: 8(0%), DEF IV: 85(0%), Work Speed: (0%), Skills: Sickly
Teafant, Level: 8, Rank: 1, Gender: Male, HP IV: 5(0%), ATK IV: 20(0%), DEF IV: 32(0%), Work Speed: (0%), Skills: Burly Body
