Aelsius's 5 Pals
----------------
Dazzi, Level: 10, Rank: 1, Gender: Female, HP IV: 82(0%), ATK IV: 17(0%), DEF IV: 98(0%), Work Speed: (0%), Skills: Cheery
Galeclaw, Level: 7, Rank: 1, Gender: Female, HP IV: 52(0%), ATK IV: 10(0%), DEF IV: 95(0%), Work Speed: (0%), Skills: Noble
Galeclaw, Level: 7, Rank: 1, Gender: Female, HP IV: 85(0%), ATK IV: 98(0%), DEF IV: 96(0%), Work Speed: (0%), Skills: Work Slave
Melpaca, Level: 10, Rank: 1, Gender: Female, HP IV: 89(0%), ATK IV: 7(0%), DEF IV: 15(0%), Work Speed: (0%), Skills: Destructive
Vanwyrm, Level: 11, Rank: 1, Gender: Male, HP IV: 0(0%), ATK IV: 42(0%), DEF IV: 63(0%), Work Speed: (0%), Skills: Clumsy
Aelsius's 5 Pals
----------------
Dazzi, Level: 10, Rank: 1, Gender: Female, HP IV: 82(0%), ATK IV: 17(0%), DEF IV: 98(0%), Work Speed: (0%), Skills: Cheery
Galeclaw, Level: 7, Rank: 1, Gender: Female, HP IV: 52(0%), ATK IV: 10(0%), DEF IV: 95(0%), Work Speed: (0%), Skills: Noble
Galeclaw, Level: 7, Rank: 1, Gender: Female, HP IV: 85(0%), ATK IV: 98(0%), DEF IV: 96(0%), Work Speed: (0%), Skills: Work Slave
Melpaca, Level: 10, Rank: 1, Gender: Female, HP IV: 89(0%), ATK IV: 7(0%), DEF IV: 15(0%), Work Speed: (0%), Skills: Destructive
Vanwyrm, Level: 11, Rank: 1, Gender: Male, HP IV: 0(0%), ATK IV: 42(0%), DEF IV: 63(0%), Work Speed: (0%), Skills: Clumsy
Aelsius's 5 Pals
----------------
Dazzi, Level: 10, Rank: 1, Gender: Female, HP IV: 82(0%), ATK IV: 17(0%), DEF IV: 98(0%), Work Speed: (0%), Skills: Cheery
Galeclaw, Level: 7, Rank: 1, Gender: Female, HP IV: 52(0%), ATK IV: 10(0%), DEF IV: 95(0%), Work Speed: (0%), Skills: Noble
Galeclaw, Level: 7, Rank: 1, Gender: Female, HP IV: 85(0%), ATK IV: 98(0%), DEF IV: 96(0%), Work Speed: (0%), Skills: Work Slave
Melpaca, Level: 10, Rank: 1, Gender: Female, HP IV: 89(0%), ATK IV: 7(0%), DEF IV: 15(0%), Work Speed: (0%), Skills: Destructive
Vanwyrm, Level: 11, Rank: 1, Gender: Male, HP IV: 0(0%), ATK IV: 42(0%), DEF IV: 63(0%), Work Speed: (0%), Skills: Clumsy
Aelsius's 5 Pals
----------------
Dazzi, Level: 10, Rank: 1, Gender: Female, HP IV: 82(0%), ATK IV: 17(0%), DEF IV: 98(0%), Work Speed: (0%), Skills: Cheery
Galeclaw, Level: 7, Rank: 1, Gender: Female, HP IV: 52(0%), ATK IV: 10(0%), DEF IV: 95(0%), Work Speed: (0%), Skills: Noble
Galeclaw, Level: 7, Rank: 1, Gender: Female, HP IV: 85(0%), ATK IV: 98(0%), DEF IV: 96(0%), Work Speed: (0%), Skills: Work Slave
Melpaca, Level: 10, Rank: 1, Gender: Female, HP IV: 89(0%), ATK IV: 7(0%), DEF IV: 15(0%), Work Speed: (0%), Skills: Destructive
Vanwyrm, Level: 11, Rank: 1, Gender: Male, HP IV: 0(0%), ATK IV: 42(0%), DEF IV: 63(0%), Work Speed: (0%), Skills: Clumsy
Aelsius's 5 Pals
----------------
Dazzi, Level: 10, Rank: 1, Gender: Female, HP IV: 82(0%), ATK IV: 17(0%), DEF IV: 98(0%), Work Speed: (0%), Skills: Cheery
Galeclaw, Level: 7, Rank: 1, Gender: Female, HP IV: 52(0%), ATK IV: 10(0%), DEF IV: 95(0%), Work Speed: (0%), Skills: Noble
Galeclaw, Level: 7, Rank: 1, Gender: Female, HP IV: 85(0%), ATK IV: 98(0%), DEF IV: 96(0%), Work Speed: (0%), Skills: Work Slave
Melpaca, Level: 10, Rank: 1, Gender: Female, HP IV: 89(0%), ATK IV: 7(0%), DEF IV: 15(0%), Work Speed: (0%), Skills: Destructive
Vanwyrm, Level: 11, Rank: 1, Gender: Male, HP IV: 0(0%), ATK IV: 42(0%), DEF IV: 63(0%), Work Speed: (0%), Skills: Clumsy
Aelsius's 5 Pals
----------------
Dazzi, Level: 10, Rank: 1, Gender: Female, HP IV: 82(0%), ATK IV: 17(0%), DEF IV: 98(0%), Work Speed: (0%), Skills: Cheery
Galeclaw, Level: 7, Rank: 1, Gender: Female, HP IV: 52(0%), ATK IV: 10(0%), DEF IV: 95(0%), Work Speed: (0%), Skills: Noble
Galeclaw, Level: 7, Rank: 1, Gender: Female, HP IV: 85(0%), ATK IV: 98(0%), DEF IV: 96(0%), Work Speed: (0%), Skills: Work Slave
Melpaca, Level: 10, Rank: 1, Gender: Female, HP IV: 89(0%), ATK IV: 7(0%), DEF IV: 15(0%), Work Speed: (0%), Skills: Destructive
Vanwyrm, Level: 11, Rank: 1, Gender: Male, HP IV: 0(0%), ATK IV: 42(0%), DEF IV: 63(0%), Work Speed: (0%), Skills: Clumsy
Aelsius's 5 Pals
----------------
Dazzi, Level: 10, Rank: 1, Gender: Female, HP IV: 82(0%), ATK IV: 17(0%), DEF IV: 98(0%), Work Speed: (0%), Skills: Cheery
Galeclaw, Level: 7, Rank: 1, Gender: Female, HP IV: 52(0%), ATK IV: 10(0%), DEF IV: 95(0%), Work Speed: (0%), Skills: Noble
Galeclaw, Level: 7, Rank: 1, Gender: Female, HP IV: 85(0%), ATK IV: 98(0%), DEF IV: 96(0%), Work Speed: (0%), Skills: Work Slave
Melpaca, Level: 10, Rank: 1, Gender: Female, HP IV: 89(0%), ATK IV: 7(0%), DEF IV: 15(0%), Work Speed: (0%), Skills: Destructive
Vanwyrm, Level: 11, Rank: 1, Gender: Male, HP IV: 0(0%), ATK IV: 42(0%), DEF IV: 63(0%), Work Speed: (0%), Skills: Clumsy
Aelsius's 5 Pals
----------------
Dazzi, Level: 10, Rank: 1, Gender: Female, HP IV: 82(0%), ATK IV: 17(0%), DEF IV: 98(0%), Work Speed: (0%), Skills: Cheery
Galeclaw, Level: 7, Rank: 1, Gender: Female, HP IV: 52(0%), ATK IV: 10(0%), DEF IV: 95(0%), Work Speed: (0%), Skills: Noble
Galeclaw, Level: 7, Rank: 1, Gender: Female, HP IV: 85(0%), ATK IV: 98(0%), DEF IV: 96(0%), Work Speed: (0%), Skills: Work Slave
Melpaca, Level: 10, Rank: 1, Gender: Female, HP IV: 89(0%), ATK IV: 7(0%), DEF IV: 15(0%), Work Speed: (0%), Skills: Destructive
Vanwyrm, Level: 11, Rank: 1, Gender: Male, HP IV: 0(0%), ATK IV: 42(0%), DEF IV: 63(0%), Work Speed: (0%), Skills: Clumsy
Aelsius's 5 Pals
----------------
Dazzi, Level: 10, Rank: 1, Gender: Female, HP IV: 82(0%), ATK IV: 17(0%), DEF IV: 98(0%), Work Speed: (0%), Skills: Cheery
Galeclaw, Level: 7, Rank: 1, Gender: Female, HP IV: 52(0%), ATK IV: 10(0%), DEF IV: 95(0%), Work Speed: (0%), Skills: Noble
Galeclaw, Level: 7, Rank: 1, Gender: Female, HP IV: 85(0%), ATK IV: 98(0%), DEF IV: 96(0%), Work Speed: (0%), Skills: Work Slave
Melpaca, Level: 10, Rank: 1, Gender: Female, HP IV: 89(0%), ATK IV: 7(0%), DEF IV: 15(0%), Work Speed: (0%), Skills: Destructive
Vanwyrm, Level: 11, Rank: 1, Gender: Male, HP IV: 0(0%), ATK IV: 42(0%), DEF IV: 63(0%), Work Speed: (0%), Skills: Clumsy
Aelsius's 5 Pals
----------------
Dazzi, Level: 10, Rank: 1, Gender: Female, HP IV: 82(0%), ATK IV: 17(0%), DEF IV: 98(0%), Work Speed: (0%), Skills: Cheery
Galeclaw, Level: 7, Rank: 1, Gender: Female, HP IV: 52(0%), ATK IV: 10(0%), DEF IV: 95(0%), Work Speed: (0%), Skills: Noble
Galeclaw, Level: 7, Rank: 1, Gender: Female, HP IV: 85(0%), ATK IV: 98(0%), DEF IV: 96(0%), Work Speed: (0%), Skills: Work Slave
Melpaca, Level: 10, Rank: 1, Gender: Female, HP IV: 89(0%), ATK IV: 7(0%), DEF IV: 15(0%), Work Speed: (0%), Skills: Destructive
Vanwyrm, Level: 11, Rank: 1, Gender: Male, HP IV: 0(0%), ATK IV: 42(0%), DEF IV: 63(0%), Work Speed: (0%), Skills: Clumsy
Aelsius's 5 Pals
----------------
Dazzi, Level: 10, Rank: 1, Gender: Female, HP IV: 82(0%), ATK IV: 17(0%), DEF IV: 98(0%), Work Speed: (0%), Skills: Cheery
Galeclaw, Level: 7, Rank: 1, Gender: Female, HP IV: 52(0%), ATK IV: 10(0%), DEF IV: 95(0%), Work Speed: (0%), Skills: Noble
Galeclaw, Level: 7, Rank: 1, Gender: Female, HP IV: 85(0%), ATK IV: 98(0%), DEF IV: 96(0%), Work Speed: (0%), Skills: Work Slave
Melpaca, Level: 10, Rank: 1, Gender: Female, HP IV: 89(0%), ATK IV: 7(0%), DEF IV: 15(0%), Work Speed: (0%), Skills: Destructive
Vanwyrm, Level: 11, Rank: 1, Gender: Male, HP IV: 0(0%), ATK IV: 42(0%), DEF IV: 63(0%), Work Speed: (0%), Skills: Clumsy
Aelsius's 5 Pals
----------------
Dazzi, Level: 10, Rank: 1, Gender: Female, HP IV: 82(0%), ATK IV: 17(0%), DEF IV: 98(0%), Work Speed: (0%), Skills: Cheery
Galeclaw, Level: 7, Rank: 1, Gender: Female, HP IV: 52(0%), ATK IV: 10(0%), DEF IV: 95(0%), Work Speed: (0%), Skills: Noble
Galeclaw, Level: 7, Rank: 1, Gender: Female, HP IV: 85(0%), ATK IV: 98(0%), DEF IV: 96(0%), Work Speed: (0%), Skills: Work Slave
Melpaca, Level: 10, Rank: 1, Gender: Female, HP IV: 89(0%), ATK IV: 7(0%), DEF IV: 15(0%), Work Speed: (0%), Skills: Destructive
Vanwyrm, Level: 11, Rank: 1, Gender: Male, HP IV: 0(0%), ATK IV: 42(0%), DEF IV: 63(0%), Work Speed: (0%), Skills: Clumsy
Aelsius's 5 Pals
----------------
Dazzi, Level: 10, Rank: 1, Gender: Female, HP IV: 82(0%), ATK IV: 17(0%), DEF IV: 98(0%), Work Speed: (0%), Skills: Cheery
Galeclaw, Level: 7, Rank: 1, Gender: Female, HP IV: 52(0%), ATK IV: 10(0%), DEF IV: 95(0%), Work Speed: (0%), Skills: Noble
Galeclaw, Level: 7, Rank: 1, Gender: Female, HP IV: 85(0%), ATK IV: 98(0%), DEF IV: 96(0%), Work Speed: (0%), Skills: Work Slave
Melpaca, Level: 10, Rank: 1, Gender: Female, HP IV: 89(0%), ATK IV: 7(0%), DEF IV: 15(0%), Work Speed: (0%), Skills: Destructive
Vanwyrm, Level: 11, Rank: 1, Gender: Male, HP IV: 0(0%), ATK IV: 42(0%), DEF IV: 63(0%), Work Speed: (0%), Skills: Clumsy
Aelsius's 5 Pals
----------------
Dazzi, Level: 10, Rank: 1, Gender: Female, HP IV: 82(0%), ATK IV: 17(0%), DEF IV: 98(0%), Work Speed: (0%), Skills: Cheery
Galeclaw, Level: 7, Rank: 1, Gender: Female, HP IV: 52(0%), ATK IV: 10(0%), DEF IV: 95(0%), Work Speed: (0%), Skills: Noble
Galeclaw, Level: 7, Rank: 1, Gender: Female, HP IV: 85(0%), ATK IV: 98(0%), DEF IV: 96(0%), Work Speed: (0%), Skills: Work Slave
Melpaca, Level: 10, Rank: 1, Gender: Female, HP IV: 89(0%), ATK IV: 7(0%), DEF IV: 15(0%), Work Speed: (0%), Skills: Destructive
Vanwyrm, Level: 11, Rank: 1, Gender: Male, HP IV: 0(0%), ATK IV: 42(0%), DEF IV: 63(0%), Work Speed: (0%), Skills: Clumsy
