afkimblind's 14 Pals
--------------------
Chikipi, Level: 4, Rank: 1, Gender: Male, HP IV: 85(0%), ATK IV: 30(0%), DEF IV: 6(0%), Work Speed: (0%), Skills: Brave
Chikipi, Level: 5, Rank: 1, Gender: Male, HP IV: 65(0%), ATK IV: 70(0%), DEF IV: 8(0%), Work Speed: (0%), Skills: Easygoing
Chikipi, Level: 7, Rank: 1, Gender: Male, HP IV: 93(0%), ATK IV: 42(0%), DEF IV: 11(0%), Work Speed: (0%), Skills: Nimble
Cremis, Level: 2, Rank: 1, Gender: Male, HP IV: 34(0%), ATK IV: 55(0%), DEF IV: 88(0%), Work Speed: (0%), Skills: Stronghold Strategist
Cremis, Level: 7, Rank: 1, Gender: Female, HP IV: 5(0%), ATK IV: 83(0%), DEF IV: 31(0%), Work Speed: (0%), Skills: Swift, Clumsy
Cremis, Level: 7, Rank: 1, Gender: Male, HP IV: 2(0%), ATK IV: 46(0%), DEF IV: 62(0%), Work Speed: (0%), Skills: Easygoing
Cremis, Level: 7, Rank: 1, Gender: Male, HP IV: 84(0%), ATK IV: 4(0%), DEF IV: 2(0%), Work Speed: (0%), Skills: Motivational Leader
Daedream, Level: 4, Rank: 1, Gender: Female, HP IV: 0(0%), ATK IV: 30(0%), DEF IV: 16(0%), Work Speed: (0%), Skills: Impatient
Gumoss (Special), Level: 3, Rank: 1, Gender: Male, HP IV: 54(0%), ATK IV: 3(0%), DEF IV: 70(0%), Work Speed: (0%), Skills: Dragonkiller, Pyromaniac, Suntan Lover
Gumoss, Level: 2, Rank: 1, Gender: Female, HP IV: 4(0%), ATK IV: 35(0%), DEF IV: 71(0%), Work Speed: (0%), Skills: Serenity
Gumoss, Level: 3, Rank: 1, Gender: Male, HP IV: 82(0%), ATK IV: 64(0%), DEF IV: 52(0%), Work Speed: (0%), Skills: Hooligan
Lamball, Level: 2, Rank: 1, Gender: Female, HP IV: 41(0%), ATK IV: 50(0%), DEF IV: 88(0%), Work Speed: (0%), Skills: Veil of Darkness
Lifmunk, Level: 5, Rank: 1, Gender: Male, HP IV: 12(0%), ATK IV: 33(0%), DEF IV: 75(0%), Work Speed: (0%), Skills: Easygoing
Pengullet, Level: 7, Rank: 1, Gender: Male, HP IV: 42(0%), ATK IV: 90(0%), DEF IV: 16(0%), Work Speed: (0%), Skills: Fine Furs
afkimblind's 14 Pals
--------------------
Chikipi, Level: 4, Rank: 1, Gender: Male, HP IV: 85(0%), ATK IV: 30(0%), DEF IV: 6(0%), Work Speed: (0%), Skills: Brave
Chikipi, Level: 5, Rank: 1, Gender: Male, HP IV: 65(0%), ATK IV: 70(0%), DEF IV: 8(0%), Work Speed: (0%), Skills: Easygoing
Chikipi, Level: 7, Rank: 1, Gender: Male, HP IV: 93(0%), ATK IV: 42(0%), DEF IV: 11(0%), Work Speed: (0%), Skills: Nimble
Cremis, Level: 2, Rank: 1, Gender: Male, HP IV: 34(0%), ATK IV: 55(0%), DEF IV: 88(0%), Work Speed: (0%), Skills: Stronghold Strategist
Cremis, Level: 7, Rank: 1, Gender: Female, HP IV: 5(0%), ATK IV: 83(0%), DEF IV: 31(0%), Work Speed: (0%), Skills: Swift, Clumsy
Cremis, Level: 7, Rank: 1, Gender: Male, HP IV: 2(0%), ATK IV: 46(0%), DEF IV: 62(0%), Work Speed: (0%), Skills: Easygoing
Cremis, Level: 7, Rank: 1, Gender: Male, HP IV: 84(0%), ATK IV: 4(0%), DEF IV: 2(0%), Work Speed: (0%), Skills: Motivational Leader
Daedream, Level: 4, Rank: 1, Gender: Female, HP IV: 0(0%), ATK IV: 30(0%), DEF IV: 16(0%), Work Speed: (0%), Skills: Impatient
Gumoss (Special), Level: 3, Rank: 1, Gender: Male, HP IV: 54(0%), ATK IV: 3(0%), DEF IV: 70(0%), Work Speed: (0%), Skills: Dragonkiller, Pyromaniac, Suntan Lover
Gumoss, Level: 2, Rank: 1, Gender: Female, HP IV: 4(0%), ATK IV: 35(0%), DEF IV: 71(0%), Work Speed: (0%), Skills: Serenity
Gumoss, Level: 3, Rank: 1, Gender: Male, HP IV: 82(0%), ATK IV: 64(0%), DEF IV: 52(0%), Work Speed: (0%), Skills: Hooligan
Lamball, Level: 2, Rank: 1, Gender: Female, HP IV: 41(0%), ATK IV: 50(0%), DEF IV: 88(0%), Work Speed: (0%), Skills: Veil of Darkness
Lifmunk, Level: 5, Rank: 1, Gender: Male, HP IV: 12(0%), ATK IV: 33(0%), DEF IV: 75(0%), Work Speed: (0%), Skills: Easygoing
Pengullet, Level: 7, Rank: 1, Gender: Male, HP IV: 42(0%), ATK IV: 90(0%), DEF IV: 16(0%), Work Speed: (0%), Skills: Fine Furs
afkimblind's 14 Pals
--------------------
Chikipi, Level: 4, Rank: 1, Gender: Male, HP IV: 85(0%), ATK IV: 30(0%), DEF IV: 6(0%), Work Speed: (0%), Skills: Brave
Chikipi, Level: 5, Rank: 1, Gender: Male, HP IV: 65(0%), ATK IV: 70(0%), DEF IV: 8(0%), Work Speed: (0%), Skills: Easygoing
Chikipi, Level: 7, Rank: 1, Gender: Male, HP IV: 93(0%), ATK IV: 42(0%), DEF IV: 11(0%), Work Speed: (0%), Skills: Nimble
Cremis, Level: 2, Rank: 1, Gender: Male, HP IV: 34(0%), ATK IV: 55(0%), DEF IV: 88(0%), Work Speed: (0%), Skills: Stronghold Strategist
Cremis, Level: 7, Rank: 1, Gender: Female, HP IV: 5(0%), ATK IV: 83(0%), DEF IV: 31(0%), Work Speed: (0%), Skills: Swift, Clumsy
Cremis, Level: 7, Rank: 1, Gender: Male, HP IV: 2(0%), ATK IV: 46(0%), DEF IV: 62(0%), Work Speed: (0%), Skills: Easygoing
Cremis, Level: 7, Rank: 1, Gender: Male, HP IV: 84(0%), ATK IV: 4(0%), DEF IV: 2(0%), Work Speed: (0%), Skills: Motivational Leader
Daedream, Level: 4, Rank: 1, Gender: Female, HP IV: 0(0%), ATK IV: 30(0%), DEF IV: 16(0%), Work Speed: (0%), Skills: Impatient
Gumoss (Special), Level: 3, Rank: 1, Gender: Male, HP IV: 54(0%), ATK IV: 3(0%), DEF IV: 70(0%), Work Speed: (0%), Skills: Dragonkiller, Pyromaniac, Suntan Lover
Gumoss, Level: 2, Rank: 1, Gender: Female, HP IV: 4(0%), ATK IV: 35(0%), DEF IV: 71(0%), Work Speed: (0%), Skills: Serenity
Gumoss, Level: 3, Rank: 1, Gender: Male, HP IV: 82(0%), ATK IV: 64(0%), DEF IV: 52(0%), Work Speed: (0%), Skills: Hooligan
Lamball, Level: 2, Rank: 1, Gender: Female, HP IV: 41(0%), ATK IV: 50(0%), DEF IV: 88(0%), Work Speed: (0%), Skills: Veil of Darkness
Lifmunk, Level: 5, Rank: 1, Gender: Male, HP IV: 12(0%), ATK IV: 33(0%), DEF IV: 75(0%), Work Speed: (0%), Skills: Easygoing
Pengullet, Level: 7, Rank: 1, Gender: Male, HP IV: 42(0%), ATK IV: 90(0%), DEF IV: 16(0%), Work Speed: (0%), Skills: Fine Furs
afkimblind's 14 Pals
--------------------
Chikipi, Level: 4, Rank: 1, Gender: Male, HP IV: 85(0%), ATK IV: 30(0%), DEF IV: 6(0%), Work Speed: (0%), Skills: Brave
Chikipi, Level: 5, Rank: 1, Gender: Male, HP IV: 65(0%), ATK IV: 70(0%), DEF IV: 8(0%), Work Speed: (0%), Skills: Easygoing
Chikipi, Level: 7, Rank: 1, Gender: Male, HP IV: 93(0%), ATK IV: 42(0%), DEF IV: 11(0%), Work Speed: (0%), Skills: Nimble
Cremis, Level: 2, Rank: 1, Gender: Male, HP IV: 34(0%), ATK IV: 55(0%), DEF IV: 88(0%), Work Speed: (0%), Skills: Stronghold Strategist
Cremis, Level: 7, Rank: 1, Gender: Female, HP IV: 5(0%), ATK IV: 83(0%), DEF IV: 31(0%), Work Speed: (0%), Skills: Swift, Clumsy
Cremis, Level: 7, Rank: 1, Gender: Male, HP IV: 2(0%), ATK IV: 46(0%), DEF IV: 62(0%), Work Speed: (0%), Skills: Easygoing
Cremis, Level: 7, Rank: 1, Gender: Male, HP IV: 84(0%), ATK IV: 4(0%), DEF IV: 2(0%), Work Speed: (0%), Skills: Motivational Leader
Daedream, Level: 4, Rank: 1, Gender: Female, HP IV: 0(0%), ATK IV: 30(0%), DEF IV: 16(0%), Work Speed: (0%), Skills: Impatient
Gumoss (Special), Level: 3, Rank: 1, Gender: Male, HP IV: 54(0%), ATK IV: 3(0%), DEF IV: 70(0%), Work Speed: (0%), Skills: Dragonkiller, Pyromaniac, Suntan Lover
Gumoss, Level: 2, Rank: 1, Gender: Female, HP IV: 4(0%), ATK IV: 35(0%), DEF IV: 71(0%), Work Speed: (0%), Skills: Serenity
Gumoss, Level: 3, Rank: 1, Gender: Male, HP IV: 82(0%), ATK IV: 64(0%), DEF IV: 52(0%), Work Speed: (0%), Skills: Hooligan
Lamball, Level: 2, Rank: 1, Gender: Female, HP IV: 41(0%), ATK IV: 50(0%), DEF IV: 88(0%), Work Speed: (0%), Skills: Veil of Darkness
Lifmunk, Level: 5, Rank: 1, Gender: Male, HP IV: 12(0%), ATK IV: 33(0%), DEF IV: 75(0%), Work Speed: (0%), Skills: Easygoing
Pengullet, Level: 7, Rank: 1, Gender: Male, HP IV: 42(0%), ATK IV: 90(0%), DEF IV: 16(0%), Work Speed: (0%), Skills: Fine Furs
afkimblind's 14 Pals
--------------------
Chikipi, Level: 4, Rank: 1, Gender: Male, HP IV: 85(0%), ATK IV: 30(0%), DEF IV: 6(0%), Work Speed: (0%), Skills: Brave
Chikipi, Level: 5, Rank: 1, Gender: Male, HP IV: 65(0%), ATK IV: 70(0%), DEF IV: 8(0%), Work Speed: (0%), Skills: Easygoing
Chikipi, Level: 7, Rank: 1, Gender: Male, HP IV: 93(0%), ATK IV: 42(0%), DEF IV: 11(0%), Work Speed: (0%), Skills: Nimble
Cremis, Level: 2, Rank: 1, Gender: Male, HP IV: 34(0%), ATK IV: 55(0%), DEF IV: 88(0%), Work Speed: (0%), Skills: Stronghold Strategist
Cremis, Level: 7, Rank: 1, Gender: Female, HP IV: 5(0%), ATK IV: 83(0%), DEF IV: 31(0%), Work Speed: (0%), Skills: Swift, Clumsy
Cremis, Level: 7, Rank: 1, Gender: Male, HP IV: 2(0%), ATK IV: 46(0%), DEF IV: 62(0%), Work Speed: (0%), Skills: Easygoing
Cremis, Level: 7, Rank: 1, Gender: Male, HP IV: 84(0%), ATK IV: 4(0%), DEF IV: 2(0%), Work Speed: (0%), Skills: Motivational Leader
Daedream, Level: 4, Rank: 1, Gender: Female, HP IV: 0(0%), ATK IV: 30(0%), DEF IV: 16(0%), Work Speed: (0%), Skills: Impatient
Gumoss (Special), Level: 3, Rank: 1, Gender: Male, HP IV: 54(0%), ATK IV: 3(0%), DEF IV: 70(0%), Work Speed: (0%), Skills: Dragonkiller, Pyromaniac, Suntan Lover
Gumoss, Level: 2, Rank: 1, Gender: Female, HP IV: 4(0%), ATK IV: 35(0%), DEF IV: 71(0%), Work Speed: (0%), Skills: Serenity
Gumoss, Level: 3, Rank: 1, Gender: Male, HP IV: 82(0%), ATK IV: 64(0%), DEF IV: 52(0%), Work Speed: (0%), Skills: Hooligan
Lamball, Level: 2, Rank: 1, Gender: Female, HP IV: 41(0%), ATK IV: 50(0%), DEF IV: 88(0%), Work Speed: (0%), Skills: Veil of Darkness
Lifmunk, Level: 5, Rank: 1, Gender: Male, HP IV: 12(0%), ATK IV: 33(0%), DEF IV: 75(0%), Work Speed: (0%), Skills: Easygoing
Pengullet, Level: 7, Rank: 1, Gender: Male, HP IV: 42(0%), ATK IV: 90(0%), DEF IV: 16(0%), Work Speed: (0%), Skills: Fine Furs
afkimblind's 14 Pals
--------------------
Chikipi, Level: 4, Rank: 1, Gender: Male, HP IV: 85(0%), ATK IV: 30(0%), DEF IV: 6(0%), Work Speed: (0%), Skills: Brave
Chikipi, Level: 5, Rank: 1, Gender: Male, HP IV: 65(0%), ATK IV: 70(0%), DEF IV: 8(0%), Work Speed: (0%), Skills: Easygoing
Chikipi, Level: 7, Rank: 1, Gender: Male, HP IV: 93(0%), ATK IV: 42(0%), DEF IV: 11(0%), Work Speed: (0%), Skills: Nimble
Cremis, Level: 2, Rank: 1, Gender: Male, HP IV: 34(0%), ATK IV: 55(0%), DEF IV: 88(0%), Work Speed: (0%), Skills: Stronghold Strategist
Cremis, Level: 7, Rank: 1, Gender: Female, HP IV: 5(0%), ATK IV: 83(0%), DEF IV: 31(0%), Work Speed: (0%), Skills: Swift, Clumsy
Cremis, Level: 7, Rank: 1, Gender: Male, HP IV: 2(0%), ATK IV: 46(0%), DEF IV: 62(0%), Work Speed: (0%), Skills: Easygoing
Cremis, Level: 7, Rank: 1, Gender: Male, HP IV: 84(0%), ATK IV: 4(0%), DEF IV: 2(0%), Work Speed: (0%), Skills: Motivational Leader
Daedream, Level: 4, Rank: 1, Gender: Female, HP IV: 0(0%), ATK IV: 30(0%), DEF IV: 16(0%), Work Speed: (0%), Skills: Impatient
Gumoss (Special), Level: 3, Rank: 1, Gender: Male, HP IV: 54(0%), ATK IV: 3(0%), DEF IV: 70(0%), Work Speed: (0%), Skills: Dragonkiller, Pyromaniac, Suntan Lover
Gumoss, Level: 2, Rank: 1, Gender: Female, HP IV: 4(0%), ATK IV: 35(0%), DEF IV: 71(0%), Work Speed: (0%), Skills: Serenity
Gumoss, Level: 3, Rank: 1, Gender: Male, HP IV: 82(0%), ATK IV: 64(0%), DEF IV: 52(0%), Work Speed: (0%), Skills: Hooligan
Lamball, Level: 2, Rank: 1, Gender: Female, HP IV: 41(0%), ATK IV: 50(0%), DEF IV: 88(0%), Work Speed: (0%), Skills: Veil of Darkness
Lifmunk, Level: 5, Rank: 1, Gender: Male, HP IV: 12(0%), ATK IV: 33(0%), DEF IV: 75(0%), Work Speed: (0%), Skills: Easygoing
Pengullet, Level: 7, Rank: 1, Gender: Male, HP IV: 42(0%), ATK IV: 90(0%), DEF IV: 16(0%), Work Speed: (0%), Skills: Fine Furs
afkimblind's 14 Pals
--------------------
Chikipi, Level: 4, Rank: 1, Gender: Male, HP IV: 85(0%), ATK IV: 30(0%), DEF IV: 6(0%), Work Speed: (0%), Skills: Brave
Chikipi, Level: 5, Rank: 1, Gender: Male, HP IV: 65(0%), ATK IV: 70(0%), DEF IV: 8(0%), Work Speed: (0%), Skills: Easygoing
Chikipi, Level: 7, Rank: 1, Gender: Male, HP IV: 93(0%), ATK IV: 42(0%), DEF IV: 11(0%), Work Speed: (0%), Skills: Nimble
Cremis, Level: 2, Rank: 1, Gender: Male, HP IV: 34(0%), ATK IV: 55(0%), DEF IV: 88(0%), Work Speed: (0%), Skills: Stronghold Strategist
Cremis, Level: 7, Rank: 1, Gender: Female, HP IV: 5(0%), ATK IV: 83(0%), DEF IV: 31(0%), Work Speed: (0%), Skills: Swift, Clumsy
Cremis, Level: 7, Rank: 1, Gender: Male, HP IV: 2(0%), ATK IV: 46(0%), DEF IV: 62(0%), Work Speed: (0%), Skills: Easygoing
Cremis, Level: 7, Rank: 1, Gender: Male, HP IV: 84(0%), ATK IV: 4(0%), DEF IV: 2(0%), Work Speed: (0%), Skills: Motivational Leader
Daedream, Level: 4, Rank: 1, Gender: Female, HP IV: 0(0%), ATK IV: 30(0%), DEF IV: 16(0%), Work Speed: (0%), Skills: Impatient
Gumoss (Special), Level: 3, Rank: 1, Gender: Male, HP IV: 54(0%), ATK IV: 3(0%), DEF IV: 70(0%), Work Speed: (0%), Skills: Dragonkiller, Pyromaniac, Suntan Lover
Gumoss, Level: 2, Rank: 1, Gender: Female, HP IV: 4(0%), ATK IV: 35(0%), DEF IV: 71(0%), Work Speed: (0%), Skills: Serenity
Gumoss, Level: 3, Rank: 1, Gender: Male, HP IV: 82(0%), ATK IV: 64(0%), DEF IV: 52(0%), Work Speed: (0%), Skills: Hooligan
Lamball, Level: 2, Rank: 1, Gender: Female, HP IV: 41(0%), ATK IV: 50(0%), DEF IV: 88(0%), Work Speed: (0%), Skills: Veil of Darkness
Lifmunk, Level: 5, Rank: 1, Gender: Male, HP IV: 12(0%), ATK IV: 33(0%), DEF IV: 75(0%), Work Speed: (0%), Skills: Easygoing
Pengullet, Level: 7, Rank: 1, Gender: Male, HP IV: 42(0%), ATK IV: 90(0%), DEF IV: 16(0%), Work Speed: (0%), Skills: Fine Furs
afkimblind's 14 Pals
--------------------
Chikipi, Level: 4, Rank: 1, Gender: Male, HP IV: 85(0%), ATK IV: 30(0%), DEF IV: 6(0%), Work Speed: (0%), Skills: Brave
Chikipi, Level: 5, Rank: 1, Gender: Male, HP IV: 65(0%), ATK IV: 70(0%), DEF IV: 8(0%), Work Speed: (0%), Skills: Easygoing
Chikipi, Level: 7, Rank: 1, Gender: Male, HP IV: 93(0%), ATK IV: 42(0%), DEF IV: 11(0%), Work Speed: (0%), Skills: Nimble
Cremis, Level: 2, Rank: 1, Gender: Male, HP IV: 34(0%), ATK IV: 55(0%), DEF IV: 88(0%), Work Speed: (0%), Skills: Stronghold Strategist
Cremis, Level: 7, Rank: 1, Gender: Female, HP IV: 5(0%), ATK IV: 83(0%), DEF IV: 31(0%), Work Speed: (0%), Skills: Swift, Clumsy
Cremis, Level: 7, Rank: 1, Gender: Male, HP IV: 2(0%), ATK IV: 46(0%), DEF IV: 62(0%), Work Speed: (0%), Skills: Easygoing
Cremis, Level: 7, Rank: 1, Gender: Male, HP IV: 84(0%), ATK IV: 4(0%), DEF IV: 2(0%), Work Speed: (0%), Skills: Motivational Leader
Daedream, Level: 4, Rank: 1, Gender: Female, HP IV: 0(0%), ATK IV: 30(0%), DEF IV: 16(0%), Work Speed: (0%), Skills: Impatient
Gumoss (Special), Level: 3, Rank: 1, Gender: Male, HP IV: 54(0%), ATK IV: 3(0%), DEF IV: 70(0%), Work Speed: (0%), Skills: Dragonkiller, Pyromaniac, Suntan Lover
Gumoss, Level: 2, Rank: 1, Gender: Female, HP IV: 4(0%), ATK IV: 35(0%), DEF IV: 71(0%), Work Speed: (0%), Skills: Serenity
Gumoss, Level: 3, Rank: 1, Gender: Male, HP IV: 82(0%), ATK IV: 64(0%), DEF IV: 52(0%), Work Speed: (0%), Skills: Hooligan
Lamball, Level: 2, Rank: 1, Gender: Female, HP IV: 41(0%), ATK IV: 50(0%), DEF IV: 88(0%), Work Speed: (0%), Skills: Veil of Darkness
Lifmunk, Level: 5, Rank: 1, Gender: Male, HP IV: 12(0%), ATK IV: 33(0%), DEF IV: 75(0%), Work Speed: (0%), Skills: Easygoing
Pengullet, Level: 7, Rank: 1, Gender: Male, HP IV: 42(0%), ATK IV: 90(0%), DEF IV: 16(0%), Work Speed: (0%), Skills: Fine Furs
afkimblind's 14 Pals
--------------------
Chikipi, Level: 4, Rank: 1, Gender: Male, HP IV: 85(0%), ATK IV: 30(0%), DEF IV: 6(0%), Work Speed: (0%), Skills: Brave
Chikipi, Level: 5, Rank: 1, Gender: Male, HP IV: 65(0%), ATK IV: 70(0%), DEF IV: 8(0%), Work Speed: (0%), Skills: Easygoing
Chikipi, Level: 7, Rank: 1, Gender: Male, HP IV: 93(0%), ATK IV: 42(0%), DEF IV: 11(0%), Work Speed: (0%), Skills: Nimble
Cremis, Level: 2, Rank: 1, Gender: Male, HP IV: 34(0%), ATK IV: 55(0%), DEF IV: 88(0%), Work Speed: (0%), Skills: Stronghold Strategist
Cremis, Level: 7, Rank: 1, Gender: Female, HP IV: 5(0%), ATK IV: 83(0%), DEF IV: 31(0%), Work Speed: (0%), Skills: Swift, Clumsy
Cremis, Level: 7, Rank: 1, Gender: Male, HP IV: 2(0%), ATK IV: 46(0%), DEF IV: 62(0%), Work Speed: (0%), Skills: Easygoing
Cremis, Level: 7, Rank: 1, Gender: Male, HP IV: 84(0%), ATK IV: 4(0%), DEF IV: 2(0%), Work Speed: (0%), Skills: Motivational Leader
Daedream, Level: 4, Rank: 1, Gender: Female, HP IV: 0(0%), ATK IV: 30(0%), DEF IV: 16(0%), Work Speed: (0%), Skills: Impatient
Gumoss (Special), Level: 3, Rank: 1, Gender: Male, HP IV: 54(0%), ATK IV: 3(0%), DEF IV: 70(0%), Work Speed: (0%), Skills: Dragonkiller, Pyromaniac, Suntan Lover
Gumoss, Level: 2, Rank: 1, Gender: Female, HP IV: 4(0%), ATK IV: 35(0%), DEF IV: 71(0%), Work Speed: (0%), Skills: Serenity
Gumoss, Level: 3, Rank: 1, Gender: Male, HP IV: 82(0%), ATK IV: 64(0%), DEF IV: 52(0%), Work Speed: (0%), Skills: Hooligan
Lamball, Level: 2, Rank: 1, Gender: Female, HP IV: 41(0%), ATK IV: 50(0%), DEF IV: 88(0%), Work Speed: (0%), Skills: Veil of Darkness
Lifmunk, Level: 5, Rank: 1, Gender: Male, HP IV: 12(0%), ATK IV: 33(0%), DEF IV: 75(0%), Work Speed: (0%), Skills: Easygoing
Pengullet, Level: 7, Rank: 1, Gender: Male, HP IV: 42(0%), ATK IV: 90(0%), DEF IV: 16(0%), Work Speed: (0%), Skills: Fine Furs
afkimblind's 14 Pals
--------------------
Chikipi, Level: 4, Rank: 1, Gender: Male, HP IV: 85(0%), ATK IV: 30(0%), DEF IV: 6(0%), Work Speed: (0%), Skills: Brave
Chikipi, Level: 5, Rank: 1, Gender: Male, HP IV: 65(0%), ATK IV: 70(0%), DEF IV: 8(0%), Work Speed: (0%), Skills: Easygoing
Chikipi, Level: 7, Rank: 1, Gender: Male, HP IV: 93(0%), ATK IV: 42(0%), DEF IV: 11(0%), Work Speed: (0%), Skills: Nimble
Cremis, Level: 2, Rank: 1, Gender: Male, HP IV: 34(0%), ATK IV: 55(0%), DEF IV: 88(0%), Work Speed: (0%), Skills: Stronghold Strategist
Cremis, Level: 7, Rank: 1, Gender: Female, HP IV: 5(0%), ATK IV: 83(0%), DEF IV: 31(0%), Work Speed: (0%), Skills: Swift, Clumsy
Cremis, Level: 7, Rank: 1, Gender: Male, HP IV: 2(0%), ATK IV: 46(0%), DEF IV: 62(0%), Work Speed: (0%), Skills: Easygoing
Cremis, Level: 7, Rank: 1, Gender: Male, HP IV: 84(0%), ATK IV: 4(0%), DEF IV: 2(0%), Work Speed: (0%), Skills: Motivational Leader
Daedream, Level: 4, Rank: 1, Gender: Female, HP IV: 0(0%), ATK IV: 30(0%), DEF IV: 16(0%), Work Speed: (0%), Skills: Impatient
Gumoss (Special), Level: 3, Rank: 1, Gender: Male, HP IV: 54(0%), ATK IV: 3(0%), DEF IV: 70(0%), Work Speed: (0%), Skills: Dragonkiller, Pyromaniac, Suntan Lover
Gumoss, Level: 2, Rank: 1, Gender: Female, HP IV: 4(0%), ATK IV: 35(0%), DEF IV: 71(0%), Work Speed: (0%), Skills: Serenity
Gumoss, Level: 3, Rank: 1, Gender: Male, HP IV: 82(0%), ATK IV: 64(0%), DEF IV: 52(0%), Work Speed: (0%), Skills: Hooligan
Lamball, Level: 2, Rank: 1, Gender: Female, HP IV: 41(0%), ATK IV: 50(0%), DEF IV: 88(0%), Work Speed: (0%), Skills: Veil of Darkness
Lifmunk, Level: 5, Rank: 1, Gender: Male, HP IV: 12(0%), ATK IV: 33(0%), DEF IV: 75(0%), Work Speed: (0%), Skills: Easygoing
Pengullet, Level: 7, Rank: 1, Gender: Male, HP IV: 42(0%), ATK IV: 90(0%), DEF IV: 16(0%), Work Speed: (0%), Skills: Fine Furs
afkimblind's 14 Pals
--------------------
Chikipi, Level: 4, Rank: 1, Gender: Male, HP IV: 85(0%), ATK IV: 30(0%), DEF IV: 6(0%), Work Speed: (0%), Skills: Brave
Chikipi, Level: 5, Rank: 1, Gender: Male, HP IV: 65(0%), ATK IV: 70(0%), DEF IV: 8(0%), Work Speed: (0%), Skills: Easygoing
Chikipi, Level: 7, Rank: 1, Gender: Male, HP IV: 93(0%), ATK IV: 42(0%), DEF IV: 11(0%), Work Speed: (0%), Skills: Nimble
Cremis, Level: 2, Rank: 1, Gender: Male, HP IV: 34(0%), ATK IV: 55(0%), DEF IV: 88(0%), Work Speed: (0%), Skills: Stronghold Strategist
Cremis, Level: 7, Rank: 1, Gender: Female, HP IV: 5(0%), ATK IV: 83(0%), DEF IV: 31(0%), Work Speed: (0%), Skills: Swift, Clumsy
Cremis, Level: 7, Rank: 1, Gender: Male, HP IV: 2(0%), ATK IV: 46(0%), DEF IV: 62(0%), Work Speed: (0%), Skills: Easygoing
Cremis, Level: 7, Rank: 1, Gender: Male, HP IV: 84(0%), ATK IV: 4(0%), DEF IV: 2(0%), Work Speed: (0%), Skills: Motivational Leader
Daedream, Level: 4, Rank: 1, Gender: Female, HP IV: 0(0%), ATK IV: 30(0%), DEF IV: 16(0%), Work Speed: (0%), Skills: Impatient
Gumoss (Special), Level: 3, Rank: 1, Gender: Male, HP IV: 54(0%), ATK IV: 3(0%), DEF IV: 70(0%), Work Speed: (0%), Skills: Dragonkiller, Pyromaniac, Suntan Lover
Gumoss, Level: 2, Rank: 1, Gender: Female, HP IV: 4(0%), ATK IV: 35(0%), DEF IV: 71(0%), Work Speed: (0%), Skills: Serenity
Gumoss, Level: 3, Rank: 1, Gender: Male, HP IV: 82(0%), ATK IV: 64(0%), DEF IV: 52(0%), Work Speed: (0%), Skills: Hooligan
Lamball, Level: 2, Rank: 1, Gender: Female, HP IV: 41(0%), ATK IV: 50(0%), DEF IV: 88(0%), Work Speed: (0%), Skills: Veil of Darkness
Lifmunk, Level: 5, Rank: 1, Gender: Male, HP IV: 12(0%), ATK IV: 33(0%), DEF IV: 75(0%), Work Speed: (0%), Skills: Easygoing
Pengullet, Level: 7, Rank: 1, Gender: Male, HP IV: 42(0%), ATK IV: 90(0%), DEF IV: 16(0%), Work Speed: (0%), Skills: Fine Furs
afkimblind's 14 Pals
--------------------
Chikipi, Level: 4, Rank: 1, Gender: Male, HP IV: 85(0%), ATK IV: 30(0%), DEF IV: 6(0%), Work Speed: (0%), Skills: Brave
Chikipi, Level: 5, Rank: 1, Gender: Male, HP IV: 65(0%), ATK IV: 70(0%), DEF IV: 8(0%), Work Speed: (0%), Skills: Easygoing
Chikipi, Level: 7, Rank: 1, Gender: Male, HP IV: 93(0%), ATK IV: 42(0%), DEF IV: 11(0%), Work Speed: (0%), Skills: Nimble
Cremis, Level: 2, Rank: 1, Gender: Male, HP IV: 34(0%), ATK IV: 55(0%), DEF IV: 88(0%), Work Speed: (0%), Skills: Stronghold Strategist
Cremis, Level: 7, Rank: 1, Gender: Female, HP IV: 5(0%), ATK IV: 83(0%), DEF IV: 31(0%), Work Speed: (0%), Skills: Swift, Clumsy
Cremis, Level: 7, Rank: 1, Gender: Male, HP IV: 2(0%), ATK IV: 46(0%), DEF IV: 62(0%), Work Speed: (0%), Skills: Easygoing
Cremis, Level: 7, Rank: 1, Gender: Male, HP IV: 84(0%), ATK IV: 4(0%), DEF IV: 2(0%), Work Speed: (0%), Skills: Motivational Leader
Daedream, Level: 4, Rank: 1, Gender: Female, HP IV: 0(0%), ATK IV: 30(0%), DEF IV: 16(0%), Work Speed: (0%), Skills: Impatient
Gumoss (Special), Level: 3, Rank: 1, Gender: Male, HP IV: 54(0%), ATK IV: 3(0%), DEF IV: 70(0%), Work Speed: (0%), Skills: Dragonkiller, Pyromaniac, Suntan Lover
Gumoss, Level: 2, Rank: 1, Gender: Female, HP IV: 4(0%), ATK IV: 35(0%), DEF IV: 71(0%), Work Speed: (0%), Skills: Serenity
Gumoss, Level: 3, Rank: 1, Gender: Male, HP IV: 82(0%), ATK IV: 64(0%), DEF IV: 52(0%), Work Speed: (0%), Skills: Hooligan
Lamball, Level: 2, Rank: 1, Gender: Female, HP IV: 41(0%), ATK IV: 50(0%), DEF IV: 88(0%), Work Speed: (0%), Skills: Veil of Darkness
Lifmunk, Level: 5, Rank: 1, Gender: Male, HP IV: 12(0%), ATK IV: 33(0%), DEF IV: 75(0%), Work Speed: (0%), Skills: Easygoing
Pengullet, Level: 7, Rank: 1, Gender: Male, HP IV: 42(0%), ATK IV: 90(0%), DEF IV: 16(0%), Work Speed: (0%), Skills: Fine Furs
afkimblind's 14 Pals
--------------------
Chikipi, Level: 4, Rank: 1, Gender: Male, HP IV: 85(0%), ATK IV: 30(0%), DEF IV: 6(0%), Work Speed: (0%), Skills: Brave
Chikipi, Level: 5, Rank: 1, Gender: Male, HP IV: 65(0%), ATK IV: 70(0%), DEF IV: 8(0%), Work Speed: (0%), Skills: Easygoing
Chikipi, Level: 7, Rank: 1, Gender: Male, HP IV: 93(0%), ATK IV: 42(0%), DEF IV: 11(0%), Work Speed: (0%), Skills: Nimble
Cremis, Level: 2, Rank: 1, Gender: Male, HP IV: 34(0%), ATK IV: 55(0%), DEF IV: 88(0%), Work Speed: (0%), Skills: Stronghold Strategist
Cremis, Level: 7, Rank: 1, Gender: Female, HP IV: 5(0%), ATK IV: 83(0%), DEF IV: 31(0%), Work Speed: (0%), Skills: Swift, Clumsy
Cremis, Level: 7, Rank: 1, Gender: Male, HP IV: 2(0%), ATK IV: 46(0%), DEF IV: 62(0%), Work Speed: (0%), Skills: Easygoing
Cremis, Level: 7, Rank: 1, Gender: Male, HP IV: 84(0%), ATK IV: 4(0%), DEF IV: 2(0%), Work Speed: (0%), Skills: Motivational Leader
Daedream, Level: 4, Rank: 1, Gender: Female, HP IV: 0(0%), ATK IV: 30(0%), DEF IV: 16(0%), Work Speed: (0%), Skills: Impatient
Gumoss (Special), Level: 3, Rank: 1, Gender: Male, HP IV: 54(0%), ATK IV: 3(0%), DEF IV: 70(0%), Work Speed: (0%), Skills: Dragonkiller, Pyromaniac, Suntan Lover
Gumoss, Level: 2, Rank: 1, Gender: Female, HP IV: 4(0%), ATK IV: 35(0%), DEF IV: 71(0%), Work Speed: (0%), Skills: Serenity
Gumoss, Level: 3, Rank: 1, Gender: Male, HP IV: 82(0%), ATK IV: 64(0%), DEF IV: 52(0%), Work Speed: (0%), Skills: Hooligan
Lamball, Level: 2, Rank: 1, Gender: Female, HP IV: 41(0%), ATK IV: 50(0%), DEF IV: 88(0%), Work Speed: (0%), Skills: Veil of Darkness
Lifmunk, Level: 5, Rank: 1, Gender: Male, HP IV: 12(0%), ATK IV: 33(0%), DEF IV: 75(0%), Work Speed: (0%), Skills: Easygoing
Pengullet, Level: 7, Rank: 1, Gender: Male, HP IV: 42(0%), ATK IV: 90(0%), DEF IV: 16(0%), Work Speed: (0%), Skills: Fine Furs
afkimblind's 14 Pals
--------------------
Chikipi, Level: 4, Rank: 1, Gender: Male, HP IV: 85(0%), ATK IV: 30(0%), DEF IV: 6(0%), Work Speed: (0%), Skills: Brave
Chikipi, Level: 5, Rank: 1, Gender: Male, HP IV: 65(0%), ATK IV: 70(0%), DEF IV: 8(0%), Work Speed: (0%), Skills: Easygoing
Chikipi, Level: 7, Rank: 1, Gender: Male, HP IV: 93(0%), ATK IV: 42(0%), DEF IV: 11(0%), Work Speed: (0%), Skills: Nimble
Cremis, Level: 2, Rank: 1, Gender: Male, HP IV: 34(0%), ATK IV: 55(0%), DEF IV: 88(0%), Work Speed: (0%), Skills: Stronghold Strategist
Cremis, Level: 7, Rank: 1, Gender: Female, HP IV: 5(0%), ATK IV: 83(0%), DEF IV: 31(0%), Work Speed: (0%), Skills: Swift, Clumsy
Cremis, Level: 7, Rank: 1, Gender: Male, HP IV: 2(0%), ATK IV: 46(0%), DEF IV: 62(0%), Work Speed: (0%), Skills: Easygoing
Cremis, Level: 7, Rank: 1, Gender: Male, HP IV: 84(0%), ATK IV: 4(0%), DEF IV: 2(0%), Work Speed: (0%), Skills: Motivational Leader
Daedream, Level: 4, Rank: 1, Gender: Female, HP IV: 0(0%), ATK IV: 30(0%), DEF IV: 16(0%), Work Speed: (0%), Skills: Impatient
Gumoss (Special), Level: 3, Rank: 1, Gender: Male, HP IV: 54(0%), ATK IV: 3(0%), DEF IV: 70(0%), Work Speed: (0%), Skills: Dragonkiller, Pyromaniac, Suntan Lover
Gumoss, Level: 2, Rank: 1, Gender: Female, HP IV: 4(0%), ATK IV: 35(0%), DEF IV: 71(0%), Work Speed: (0%), Skills: Serenity
Gumoss, Level: 3, Rank: 1, Gender: Male, HP IV: 82(0%), ATK IV: 64(0%), DEF IV: 52(0%), Work Speed: (0%), Skills: Hooligan
Lamball, Level: 2, Rank: 1, Gender: Female, HP IV: 41(0%), ATK IV: 50(0%), DEF IV: 88(0%), Work Speed: (0%), Skills: Veil of Darkness
Lifmunk, Level: 5, Rank: 1, Gender: Male, HP IV: 12(0%), ATK IV: 33(0%), DEF IV: 75(0%), Work Speed: (0%), Skills: Easygoing
Pengullet, Level: 7, Rank: 1, Gender: Male, HP IV: 42(0%), ATK IV: 90(0%), DEF IV: 16(0%), Work Speed: (0%), Skills: Fine Furs
