alicia's 8 Pals
---------------
Alpha Mossanda, Level: 29, Rank: 1, Gender: Male, HP IV: 70(0%), ATK IV: 99(0%), DEF IV: 84(0%), Work Speed: (0%)
Alpha Quivern, Level: 45, Rank: 1, Gender: Male, HP IV: 94(0%), ATK IV: 87(0%), DEF IV: 64(0%), Work Speed: (0%)
Bellanoir Libero, Level: 45, Rank: 1, Gender: Female, HP IV: 84(0%), ATK IV: 100(0%), DEF IV: 98(0%), Work Speed: (0%), Skills: Musclehead, Ferocious, Serenity, Siren of the Void
Gorirat Terra, Level: 44, Rank: 1, Gender: Male, HP IV: 97(0%), ATK IV: 51(0%), DEF IV: 20(0%), Work Speed: (0%), Skills: Hooligan, Cheery
Katress, Level: 46, Rank: 1, Gender: Female, HP IV: 44(0%), ATK IV: 18(0%), DEF IV: 78(0%), Work Speed: (0%), Skills: Waterproof
Nitewing, Level: 45, Rank: 1, Gender: Female, HP IV: 60(0%), ATK IV: 81(0%), DEF IV: 82(0%), Work Speed: (0%), Skills: Blood of the Dragon
Ragnahawk, Level: 45, Rank: 1, Gender: Male, HP IV: 1(30%), ATK IV: 32(30%), DEF IV: 31(0%), Work Speed: (0%)
Suzaku, Level: 43, Rank: 1, Gender: Male, HP IV: 90(0%), ATK IV: 49(0%), DEF IV: 9(0%), Work Speed: (0%), Skills: Earthquake Resistant
alicia's 8 Pals
---------------
Alpha Mossanda, Level: 29, Rank: 1, Gender: Male, HP IV: 70(0%), ATK IV: 99(0%), DEF IV: 84(0%), Work Speed: (0%)
Alpha Quivern, Level: 45, Rank: 1, Gender: Male, HP IV: 94(0%), ATK IV: 87(0%), DEF IV: 64(0%), Work Speed: (0%)
Bellanoir Libero, Level: 45, Rank: 1, Gender: Female, HP IV: 84(0%), ATK IV: 100(0%), DEF IV: 98(0%), Work Speed: (0%), Skills: Musclehead, Ferocious, Serenity, Siren of the Void
Gorirat Terra, Level: 44, Rank: 1, Gender: Male, HP IV: 97(0%), ATK IV: 51(0%), DEF IV: 20(0%), Work Speed: (0%), Skills: Hooligan, Cheery
Katress, Level: 46, Rank: 1, Gender: Female, HP IV: 44(0%), ATK IV: 18(0%), DEF IV: 78(0%), Work Speed: (0%), Skills: Waterproof
Nitewing, Level: 45, Rank: 1, Gender: Female, HP IV: 60(0%), ATK IV: 81(0%), DEF IV: 82(0%), Work Speed: (0%), Skills: Blood of the Dragon
Ragnahawk, Level: 45, Rank: 1, Gender: Male, HP IV: 1(30%), ATK IV: 32(30%), DEF IV: 31(0%), Work Speed: (0%)
Suzaku, Level: 43, Rank: 1, Gender: Male, HP IV: 90(0%), ATK IV: 49(0%), DEF IV: 9(0%), Work Speed: (0%), Skills: Earthquake Resistant
alicia's 8 Pals
---------------
Alpha Mossanda, Level: 29, Rank: 1, Gender: Male, HP IV: 70(0%), ATK IV: 99(0%), DEF IV: 84(0%), Work Speed: (0%)
Alpha Quivern, Level: 45, Rank: 1, Gender: Male, HP IV: 94(0%), ATK IV: 87(0%), DEF IV: 64(0%), Work Speed: (0%)
Bellanoir Libero, Level: 45, Rank: 1, Gender: Female, HP IV: 84(0%), ATK IV: 100(0%), DEF IV: 98(0%), Work Speed: (0%), Skills: Musclehead, Ferocious, Serenity, Siren of the Void
Gorirat Terra, Level: 44, Rank: 1, Gender: Male, HP IV: 97(0%), ATK IV: 51(0%), DEF IV: 20(0%), Work Speed: (0%), Skills: Hooligan, Cheery
Katress, Level: 46, Rank: 1, Gender: Female, HP IV: 44(0%), ATK IV: 18(0%), DEF IV: 78(0%), Work Speed: (0%), Skills: Waterproof
Nitewing, Level: 45, Rank: 1, Gender: Female, HP IV: 60(0%), ATK IV: 81(0%), DEF IV: 82(0%), Work Speed: (0%), Skills: Blood of the Dragon
Ragnahawk, Level: 45, Rank: 1, Gender: Male, HP IV: 1(30%), ATK IV: 32(30%), DEF IV: 31(0%), Work Speed: (0%)
Suzaku, Level: 43, Rank: 1, Gender: Male, HP IV: 90(0%), ATK IV: 49(0%), DEF IV: 9(0%), Work Speed: (0%), Skills: Earthquake Resistant
alicia's 8 Pals
---------------
Alpha Mossanda, Level: 29, Rank: 1, Gender: Male, HP IV: 70(0%), ATK IV: 99(0%), DEF IV: 84(0%), Work Speed: (0%)
Alpha Quivern, Level: 45, Rank: 1, Gender: Male, HP IV: 94(0%), ATK IV: 87(0%), DEF IV: 64(0%), Work Speed: (0%)
Bellanoir Libero, Level: 45, Rank: 1, Gender: Female, HP IV: 84(0%), ATK IV: 100(0%), DEF IV: 98(0%), Work Speed: (0%), Skills: Musclehead, Ferocious, Serenity, Siren of the Void
Gorirat Terra, Level: 44, Rank: 1, Gender: Male, HP IV: 97(0%), ATK IV: 51(0%), DEF IV: 20(0%), Work Speed: (0%), Skills: Hooligan, Cheery
Katress, Level: 46, Rank: 1, Gender: Female, HP IV: 44(0%), ATK IV: 18(0%), DEF IV: 78(0%), Work Speed: (0%), Skills: Waterproof
Nitewing, Level: 45, Rank: 1, Gender: Female, HP IV: 60(0%), ATK IV: 81(0%), DEF IV: 82(0%), Work Speed: (0%), Skills: Blood of the Dragon
Ragnahawk, Level: 45, Rank: 1, Gender: Male, HP IV: 1(30%), ATK IV: 32(30%), DEF IV: 31(0%), Work Speed: (0%)
Suzaku, Level: 43, Rank: 1, Gender: Male, HP IV: 90(0%), ATK IV: 49(0%), DEF IV: 9(0%), Work Speed: (0%), Skills: Earthquake Resistant
alicia's 8 Pals
---------------
Alpha Mossanda, Level: 29, Rank: 1, Gender: Male, HP IV: 70(0%), ATK IV: 99(0%), DEF IV: 84(0%), Work Speed: (0%)
Alpha Quivern, Level: 45, Rank: 1, Gender: Male, HP IV: 94(0%), ATK IV: 87(0%), DEF IV: 64(0%), Work Speed: (0%)
Bellanoir Libero, Level: 45, Rank: 1, Gender: Female, HP IV: 84(0%), ATK IV: 100(0%), DEF IV: 98(0%), Work Speed: (0%), Skills: Musclehead, Ferocious, Serenity, Siren of the Void
Gorirat Terra, Level: 44, Rank: 1, Gender: Male, HP IV: 97(0%), ATK IV: 51(0%), DEF IV: 20(0%), Work Speed: (0%), Skills: Hooligan, Cheery
Katress, Level: 46, Rank: 1, Gender: Female, HP IV: 44(0%), ATK IV: 18(0%), DEF IV: 78(0%), Work Speed: (0%), Skills: Waterproof
Nitewing, Level: 45, Rank: 1, Gender: Female, HP IV: 60(0%), ATK IV: 81(0%), DEF IV: 82(0%), Work Speed: (0%), Skills: Blood of the Dragon
Ragnahawk, Level: 45, Rank: 1, Gender: Male, HP IV: 1(30%), ATK IV: 32(30%), DEF IV: 31(0%), Work Speed: (0%)
Suzaku, Level: 43, Rank: 1, Gender: Male, HP IV: 90(0%), ATK IV: 49(0%), DEF IV: 9(0%), Work Speed: (0%), Skills: Earthquake Resistant
alicia's 8 Pals
---------------
Alpha Mossanda, Level: 29, Rank: 1, Gender: Male, HP IV: 70(0%), ATK IV: 99(0%), DEF IV: 84(0%), Work Speed: (0%)
Alpha Quivern, Level: 45, Rank: 1, Gender: Male, HP IV: 94(0%), ATK IV: 87(0%), DEF IV: 64(0%), Work Speed: (0%)
Bellanoir Libero, Level: 45, Rank: 1, Gender: Female, HP IV: 84(0%), ATK IV: 100(0%), DEF IV: 98(0%), Work Speed: (0%), Skills: Musclehead, Ferocious, Serenity, Siren of the Void
Gorirat Terra, Level: 44, Rank: 1, Gender: Male, HP IV: 97(0%), ATK IV: 51(0%), DEF IV: 20(0%), Work Speed: (0%), Skills: Hooligan, Cheery
Katress, Level: 46, Rank: 1, Gender: Female, HP IV: 44(0%), ATK IV: 18(0%), DEF IV: 78(0%), Work Speed: (0%), Skills: Waterproof
Nitewing, Level: 45, Rank: 1, Gender: Female, HP IV: 60(0%), ATK IV: 81(0%), DEF IV: 82(0%), Work Speed: (0%), Skills: Blood of the Dragon
Ragnahawk, Level: 45, Rank: 1, Gender: Male, HP IV: 1(30%), ATK IV: 32(30%), DEF IV: 31(0%), Work Speed: (0%)
Suzaku, Level: 43, Rank: 1, Gender: Male, HP IV: 90(0%), ATK IV: 49(0%), DEF IV: 9(0%), Work Speed: (0%), Skills: Earthquake Resistant
alicia's 8 Pals
---------------
Alpha Mossanda, Level: 29, Rank: 1, Gender: Male, HP IV: 70(0%), ATK IV: 99(0%), DEF IV: 84(0%), Work Speed: (0%)
Alpha Quivern, Level: 45, Rank: 1, Gender: Male, HP IV: 94(0%), ATK IV: 87(0%), DEF IV: 64(0%), Work Speed: (0%)
Bellanoir Libero, Level: 45, Rank: 1, Gender: Female, HP IV: 84(0%), ATK IV: 100(0%), DEF IV: 98(0%), Work Speed: (0%), Skills: Musclehead, Ferocious, Serenity, Siren of the Void
Gorirat Terra, Level: 44, Rank: 1, Gender: Male, HP IV: 97(0%), ATK IV: 51(0%), DEF IV: 20(0%), Work Speed: (0%), Skills: Hooligan, Cheery
Katress, Level: 46, Rank: 1, Gender: Female, HP IV: 44(0%), ATK IV: 18(0%), DEF IV: 78(0%), Work Speed: (0%), Skills: Waterproof
Nitewing, Level: 45, Rank: 1, Gender: Female, HP IV: 60(0%), ATK IV: 81(0%), DEF IV: 82(0%), Work Speed: (0%), Skills: Blood of the Dragon
Ragnahawk, Level: 45, Rank: 1, Gender: Male, HP IV: 1(30%), ATK IV: 32(30%), DEF IV: 31(0%), Work Speed: (0%)
Suzaku, Level: 43, Rank: 1, Gender: Male, HP IV: 90(0%), ATK IV: 49(0%), DEF IV: 9(0%), Work Speed: (0%), Skills: Earthquake Resistant
alicia's 8 Pals
---------------
Alpha Mossanda, Level: 29, Rank: 1, Gender: Male, HP IV: 70(0%), ATK IV: 99(0%), DEF IV: 84(0%), Work Speed: (0%)
Alpha Quivern, Level: 45, Rank: 1, Gender: Male, HP IV: 94(0%), ATK IV: 87(0%), DEF IV: 64(0%), Work Speed: (0%)
Bellanoir Libero, Level: 45, Rank: 1, Gender: Female, HP IV: 84(0%), ATK IV: 100(0%), DEF IV: 98(0%), Work Speed: (0%), Skills: Musclehead, Ferocious, Serenity, Siren of the Void
Gorirat Terra, Level: 44, Rank: 1, Gender: Male, HP IV: 97(0%), ATK IV: 51(0%), DEF IV: 20(0%), Work Speed: (0%), Skills: Hooligan, Cheery
Katress, Level: 46, Rank: 1, Gender: Female, HP IV: 44(0%), ATK IV: 18(0%), DEF IV: 78(0%), Work Speed: (0%), Skills: Waterproof
Nitewing, Level: 45, Rank: 1, Gender: Female, HP IV: 60(0%), ATK IV: 81(0%), DEF IV: 82(0%), Work Speed: (0%), Skills: Blood of the Dragon
Ragnahawk, Level: 45, Rank: 1, Gender: Male, HP IV: 1(30%), ATK IV: 32(30%), DEF IV: 31(0%), Work Speed: (0%)
Suzaku, Level: 43, Rank: 1, Gender: Male, HP IV: 90(0%), ATK IV: 49(0%), DEF IV: 9(0%), Work Speed: (0%), Skills: Earthquake Resistant
alicia's 8 Pals
---------------
Alpha Mossanda, Level: 29, Rank: 1, Gender: Male, HP IV: 70(0%), ATK IV: 99(0%), DEF IV: 84(0%), Work Speed: (0%)
Alpha Quivern, Level: 45, Rank: 1, Gender: Male, HP IV: 94(0%), ATK IV: 87(0%), DEF IV: 64(0%), Work Speed: (0%)
Bellanoir Libero, Level: 45, Rank: 1, Gender: Female, HP IV: 84(0%), ATK IV: 100(0%), DEF IV: 98(0%), Work Speed: (0%), Skills: Musclehead, Ferocious, Serenity, Siren of the Void
Gorirat Terra, Level: 44, Rank: 1, Gender: Male, HP IV: 97(0%), ATK IV: 51(0%), DEF IV: 20(0%), Work Speed: (0%), Skills: Hooligan, Cheery
Katress, Level: 46, Rank: 1, Gender: Female, HP IV: 44(0%), ATK IV: 18(0%), DEF IV: 78(0%), Work Speed: (0%), Skills: Waterproof
Nitewing, Level: 45, Rank: 1, Gender: Female, HP IV: 60(0%), ATK IV: 81(0%), DEF IV: 82(0%), Work Speed: (0%), Skills: Blood of the Dragon
Ragnahawk, Level: 45, Rank: 1, Gender: Male, HP IV: 1(30%), ATK IV: 32(30%), DEF IV: 31(0%), Work Speed: (0%)
Suzaku, Level: 43, Rank: 1, Gender: Male, HP IV: 90(0%), ATK IV: 49(0%), DEF IV: 9(0%), Work Speed: (0%), Skills: Earthquake Resistant
alicia's 8 Pals
---------------
Alpha Mossanda, Level: 29, Rank: 1, Gender: Male, HP IV: 70(0%), ATK IV: 99(0%), DEF IV: 84(0%), Work Speed: (0%)
Alpha Quivern, Level: 45, Rank: 1, Gender: Male, HP IV: 94(0%), ATK IV: 87(0%), DEF IV: 64(0%), Work Speed: (0%)
Bellanoir Libero, Level: 45, Rank: 1, Gender: Female, HP IV: 84(0%), ATK IV: 100(0%), DEF IV: 98(0%), Work Speed: (0%), Skills: Musclehead, Ferocious, Serenity, Siren of the Void
Gorirat Terra, Level: 44, Rank: 1, Gender: Male, HP IV: 97(0%), ATK IV: 51(0%), DEF IV: 20(0%), Work Speed: (0%), Skills: Hooligan, Cheery
Katress, Level: 46, Rank: 1, Gender: Female, HP IV: 44(0%), ATK IV: 18(0%), DEF IV: 78(0%), Work Speed: (0%), Skills: Waterproof
Nitewing, Level: 45, Rank: 1, Gender: Female, HP IV: 60(0%), ATK IV: 81(0%), DEF IV: 82(0%), Work Speed: (0%), Skills: Blood of the Dragon
Ragnahawk, Level: 45, Rank: 1, Gender: Male, HP IV: 1(30%), ATK IV: 32(30%), DEF IV: 31(0%), Work Speed: (0%)
Suzaku, Level: 43, Rank: 1, Gender: Male, HP IV: 90(0%), ATK IV: 49(0%), DEF IV: 9(0%), Work Speed: (0%), Skills: Earthquake Resistant
alicia's 8 Pals
---------------
Alpha Mossanda, Level: 29, Rank: 1, Gender: Male, HP IV: 70(0%), ATK IV: 99(0%), DEF IV: 84(0%), Work Speed: (0%)
Alpha Quivern, Level: 45, Rank: 1, Gender: Male, HP IV: 94(0%), ATK IV: 87(0%), DEF IV: 64(0%), Work Speed: (0%)
Bellanoir Libero, Level: 45, Rank: 1, Gender: Female, HP IV: 84(0%), ATK IV: 100(0%), DEF IV: 98(0%), Work Speed: (0%), Skills: Musclehead, Ferocious, Serenity, Siren of the Void
Gorirat Terra, Level: 44, Rank: 1, Gender: Male, HP IV: 97(0%), ATK IV: 51(0%), DEF IV: 20(0%), Work Speed: (0%), Skills: Hooligan, Cheery
Katress, Level: 46, Rank: 1, Gender: Female, HP IV: 44(0%), ATK IV: 18(0%), DEF IV: 78(0%), Work Speed: (0%), Skills: Waterproof
Nitewing, Level: 45, Rank: 1, Gender: Female, HP IV: 60(0%), ATK IV: 81(0%), DEF IV: 82(0%), Work Speed: (0%), Skills: Blood of the Dragon
Ragnahawk, Level: 45, Rank: 1, Gender: Male, HP IV: 1(30%), ATK IV: 32(30%), DEF IV: 31(0%), Work Speed: (0%)
Suzaku, Level: 43, Rank: 1, Gender: Male, HP IV: 90(0%), ATK IV: 49(0%), DEF IV: 9(0%), Work Speed: (0%), Skills: Earthquake Resistant
alicia's 8 Pals
---------------
Alpha Mossanda, Level: 29, Rank: 1, Gender: Male, HP IV: 70(0%), ATK IV: 99(0%), DEF IV: 84(0%), Work Speed: (0%)
Alpha Quivern, Level: 45, Rank: 1, Gender: Male, HP IV: 94(0%), ATK IV: 87(0%), DEF IV: 64(0%), Work Speed: (0%)
Bellanoir Libero, Level: 45, Rank: 1, Gender: Female, HP IV: 84(0%), ATK IV: 100(0%), DEF IV: 98(0%), Work Speed: (0%), Skills: Musclehead, Ferocious, Serenity, Siren of the Void
Gorirat Terra, Level: 44, Rank: 1, Gender: Male, HP IV: 97(0%), ATK IV: 51(0%), DEF IV: 20(0%), Work Speed: (0%), Skills: Hooligan, Cheery
Katress, Level: 46, Rank: 1, Gender: Female, HP IV: 44(0%), ATK IV: 18(0%), DEF IV: 78(0%), Work Speed: (0%), Skills: Waterproof
Nitewing, Level: 45, Rank: 1, Gender: Female, HP IV: 60(0%), ATK IV: 81(0%), DEF IV: 82(0%), Work Speed: (0%), Skills: Blood of the Dragon
Ragnahawk, Level: 45, Rank: 1, Gender: Male, HP IV: 1(30%), ATK IV: 32(30%), DEF IV: 31(0%), Work Speed: (0%)
Suzaku, Level: 43, Rank: 1, Gender: Male, HP IV: 90(0%), ATK IV: 49(0%), DEF IV: 9(0%), Work Speed: (0%), Skills: Earthquake Resistant
alicia's 8 Pals
---------------
Alpha Mossanda, Level: 29, Rank: 1, Gender: Male, HP IV: 70(0%), ATK IV: 99(0%), DEF IV: 84(0%), Work Speed: (0%)
Alpha Quivern, Level: 45, Rank: 1, Gender: Male, HP IV: 94(0%), ATK IV: 87(0%), DEF IV: 64(0%), Work Speed: (0%)
Bellanoir Libero, Level: 45, Rank: 1, Gender: Female, HP IV: 84(0%), ATK IV: 100(0%), DEF IV: 98(0%), Work Speed: (0%), Skills: Musclehead, Ferocious, Serenity, Siren of the Void
Gorirat Terra, Level: 44, Rank: 1, Gender: Male, HP IV: 97(0%), ATK IV: 51(0%), DEF IV: 20(0%), Work Speed: (0%), Skills: Hooligan, Cheery
Katress, Level: 46, Rank: 1, Gender: Female, HP IV: 44(0%), ATK IV: 18(0%), DEF IV: 78(0%), Work Speed: (0%), Skills: Waterproof
Nitewing, Level: 45, Rank: 1, Gender: Female, HP IV: 60(0%), ATK IV: 81(0%), DEF IV: 82(0%), Work Speed: (0%), Skills: Blood of the Dragon
Ragnahawk, Level: 45, Rank: 1, Gender: Male, HP IV: 1(30%), ATK IV: 32(30%), DEF IV: 31(0%), Work Speed: (0%)
Suzaku, Level: 43, Rank: 1, Gender: Male, HP IV: 90(0%), ATK IV: 49(0%), DEF IV: 9(0%), Work Speed: (0%), Skills: Earthquake Resistant
alicia's 8 Pals
---------------
Alpha Mossanda, Level: 29, Rank: 1, Gender: Male, HP IV: 70(0%), ATK IV: 99(0%), DEF IV: 84(0%), Work Speed: (0%)
Alpha Quivern, Level: 45, Rank: 1, Gender: Male, HP IV: 94(0%), ATK IV: 87(0%), DEF IV: 64(0%), Work Speed: (0%)
Bellanoir Libero, Level: 45, Rank: 1, Gender: Female, HP IV: 84(0%), ATK IV: 100(0%), DEF IV: 98(0%), Work Speed: (0%), Skills: Musclehead, Ferocious, Serenity, Siren of the Void
Gorirat Terra, Level: 44, Rank: 1, Gender: Male, HP IV: 97(0%), ATK IV: 51(0%), DEF IV: 20(0%), Work Speed: (0%), Skills: Hooligan, Cheery
Katress, Level: 46, Rank: 1, Gender: Female, HP IV: 44(0%), ATK IV: 18(0%), DEF IV: 78(0%), Work Speed: (0%), Skills: Waterproof
Nitewing, Level: 45, Rank: 1, Gender: Female, HP IV: 60(0%), ATK IV: 81(0%), DEF IV: 82(0%), Work Speed: (0%), Skills: Blood of the Dragon
Ragnahawk, Level: 45, Rank: 1, Gender: Male, HP IV: 1(30%), ATK IV: 32(30%), DEF IV: 31(0%), Work Speed: (0%)
Suzaku, Level: 43, Rank: 1, Gender: Male, HP IV: 90(0%), ATK IV: 49(0%), DEF IV: 9(0%), Work Speed: (0%), Skills: Earthquake Resistant
