Aly's 4 Pals
------------
Cattiva, Level: 5, Rank: 1, Gender: Female, HP IV: 26(0%), ATK IV: 98(0%), DEF IV: 49(0%), Work Speed: (0%), Skills: Coward, Logging Foreman
Foxparks, Level: 6, Rank: 1, Gender: Female, HP IV: 89(0%), ATK IV: 78(0%), DEF IV: 4(0%), Work Speed: (0%), Skills: Fine Furs
Lamball, Level: 4, Rank: 1, Gender: Male, HP IV: 11(0%), ATK IV: 70(0%), DEF IV: 49(0%), Work Speed: (0%), Skills: Infinite Stamina
Lamball, Level: 4, Rank: 1, Gender: Male, HP IV: 70(0%), ATK IV: 57(0%), DEF IV: 26(0%), Work Speed: (0%), Skills: Clumsy
Aly's 4 Pals
------------
Cattiva, Level: 5, Rank: 1, Gender: Female, HP IV: 26(0%), ATK IV: 98(0%), DEF IV: 49(0%), Work Speed: (0%), Skills: Coward, Logging Foreman
Foxparks, Level: 6, Rank: 1, Gender: Female, HP IV: 89(0%), ATK IV: 78(0%), DEF IV: 4(0%), Work Speed: (0%), Skills: Fine Furs
Lamball, Level: 4, Rank: 1, Gender: Male, HP IV: 11(0%), ATK IV: 70(0%), DEF IV: 49(0%), Work Speed: (0%), Skills: Infinite Stamina
Lamball, Level: 4, Rank: 1, Gender: Male, HP IV: 70(0%), ATK IV: 57(0%), DEF IV: 26(0%), Work Speed: (0%), Skills: Clumsy
Aly's 4 Pals
------------
Cattiva, Level: 5, Rank: 1, Gender: Female, HP IV: 26(0%), ATK IV: 98(0%), DEF IV: 49(0%), Work Speed: (0%), Skills: Coward, Logging Foreman
Foxparks, Level: 6, Rank: 1, Gender: Female, HP IV: 89(0%), ATK IV: 78(0%), DEF IV: 4(0%), Work Speed: (0%), Skills: Fine Furs
Lamball, Level: 4, Rank: 1, Gender: Male, HP IV: 11(0%), ATK IV: 70(0%), DEF IV: 49(0%), Work Speed: (0%), Skills: Infinite Stamina
Lamball, Level: 4, Rank: 1, Gender: Male, HP IV: 70(0%), ATK IV: 57(0%), DEF IV: 26(0%), Work Speed: (0%), Skills: Clumsy
Aly's 4 Pals
------------
Cattiva, Level: 5, Rank: 1, Gender: Female, HP IV: 26(0%), ATK IV: 98(0%), DEF IV: 49(0%), Work Speed: (0%), Skills: Coward, Logging Foreman
Foxparks, Level: 6, Rank: 1, Gender: Female, HP IV: 89(0%), ATK IV: 78(0%), DEF IV: 4(0%), Work Speed: (0%), Skills: Fine Furs
Lamball, Level: 4, Rank: 1, Gender: Male, HP IV: 11(0%), ATK IV: 70(0%), DEF IV: 49(0%), Work Speed: (0%), Skills: Infinite Stamina
Lamball, Level: 4, Rank: 1, Gender: Male, HP IV: 70(0%), ATK IV: 57(0%), DEF IV: 26(0%), Work Speed: (0%), Skills: Clumsy
Aly's 4 Pals
------------
Cattiva, Level: 5, Rank: 1, Gender: Female, HP IV: 26(0%), ATK IV: 98(0%), DEF IV: 49(0%), Work Speed: (0%), Skills: Coward, Logging Foreman
Foxparks, Level: 6, Rank: 1, Gender: Female, HP IV: 89(0%), ATK IV: 78(0%), DEF IV: 4(0%), Work Speed: (0%), Skills: Fine Furs
Lamball, Level: 4, Rank: 1, Gender: Male, HP IV: 11(0%), ATK IV: 70(0%), DEF IV: 49(0%), Work Speed: (0%), Skills: Infinite Stamina
Lamball, Level: 4, Rank: 1, Gender: Male, HP IV: 70(0%), ATK IV: 57(0%), DEF IV: 26(0%), Work Speed: (0%), Skills: Clumsy
Aly's 4 Pals
------------
Cattiva, Level: 5, Rank: 1, Gender: Female, HP IV: 26(0%), ATK IV: 98(0%), DEF IV: 49(0%), Work Speed: (0%), Skills: Coward, Logging Foreman
Foxparks, Level: 6, Rank: 1, Gender: Female, HP IV: 89(0%), ATK IV: 78(0%), DEF IV: 4(0%), Work Speed: (0%), Skills: Fine Furs
Lamball, Level: 4, Rank: 1, Gender: Male, HP IV: 11(0%), ATK IV: 70(0%), DEF IV: 49(0%), Work Speed: (0%), Skills: Infinite Stamina
Lamball, Level: 4, Rank: 1, Gender: Male, HP IV: 70(0%), ATK IV: 57(0%), DEF IV: 26(0%), Work Speed: (0%), Skills: Clumsy
Aly's 4 Pals
------------
Cattiva, Level: 5, Rank: 1, Gender: Female, HP IV: 26(0%), ATK IV: 98(0%), DEF IV: 49(0%), Work Speed: (0%), Skills: Coward, Logging Foreman
Foxparks, Level: 6, Rank: 1, Gender: Female, HP IV: 89(0%), ATK IV: 78(0%), DEF IV: 4(0%), Work Speed: (0%), Skills: Fine Furs
Lamball, Level: 4, Rank: 1, Gender: Male, HP IV: 11(0%), ATK IV: 70(0%), DEF IV: 49(0%), Work Speed: (0%), Skills: Infinite Stamina
Lamball, Level: 4, Rank: 1, Gender: Male, HP IV: 70(0%), ATK IV: 57(0%), DEF IV: 26(0%), Work Speed: (0%), Skills: Clumsy
Aly's 4 Pals
------------
Cattiva, Level: 5, Rank: 1, Gender: Female, HP IV: 26(0%), ATK IV: 98(0%), DEF IV: 49(0%), Work Speed: (0%), Skills: Coward, Logging Foreman
Foxparks, Level: 6, Rank: 1, Gender: Female, HP IV: 89(0%), ATK IV: 78(0%), DEF IV: 4(0%), Work Speed: (0%), Skills: Fine Furs
Lamball, Level: 4, Rank: 1, Gender: Male, HP IV: 11(0%), ATK IV: 70(0%), DEF IV: 49(0%), Work Speed: (0%), Skills: Infinite Stamina
Lamball, Level: 4, Rank: 1, Gender: Male, HP IV: 70(0%), ATK IV: 57(0%), DEF IV: 26(0%), Work Speed: (0%), Skills: Clumsy
Aly's 4 Pals
------------
Cattiva, Level: 5, Rank: 1, Gender: Female, HP IV: 26(0%), ATK IV: 98(0%), DEF IV: 49(0%), Work Speed: (0%), Skills: Coward, Logging Foreman
Foxparks, Level: 6, Rank: 1, Gender: Female, HP IV: 89(0%), ATK IV: 78(0%), DEF IV: 4(0%), Work Speed: (0%), Skills: Fine Furs
Lamball, Level: 4, Rank: 1, Gender: Male, HP IV: 11(0%), ATK IV: 70(0%), DEF IV: 49(0%), Work Speed: (0%), Skills: Infinite Stamina
Lamball, Level: 4, Rank: 1, Gender: Male, HP IV: 70(0%), ATK IV: 57(0%), DEF IV: 26(0%), Work Speed: (0%), Skills: Clumsy
Aly's 4 Pals
------------
Cattiva, Level: 5, Rank: 1, Gender: Female, HP IV: 26(0%), ATK IV: 98(0%), DEF IV: 49(0%), Work Speed: (0%), Skills: Coward, Logging Foreman
Foxparks, Level: 6, Rank: 1, Gender: Female, HP IV: 89(0%), ATK IV: 78(0%), DEF IV: 4(0%), Work Speed: (0%), Skills: Fine Furs
Lamball, Level: 4, Rank: 1, Gender: Male, HP IV: 11(0%), ATK IV: 70(0%), DEF IV: 49(0%), Work Speed: (0%), Skills: Infinite Stamina
Lamball, Level: 4, Rank: 1, Gender: Male, HP IV: 70(0%), ATK IV: 57(0%), DEF IV: 26(0%), Work Speed: (0%), Skills: Clumsy
Aly's 4 Pals
------------
Cattiva, Level: 5, Rank: 1, Gender: Female, HP IV: 26(0%), ATK IV: 98(0%), DEF IV: 49(0%), Work Speed: (0%), Skills: Coward, Logging Foreman
Foxparks, Level: 6, Rank: 1, Gender: Female, HP IV: 89(0%), ATK IV: 78(0%), DEF IV: 4(0%), Work Speed: (0%), Skills: Fine Furs
Lamball, Level: 4, Rank: 1, Gender: Male, HP IV: 11(0%), ATK IV: 70(0%), DEF IV: 49(0%), Work Speed: (0%), Skills: Infinite Stamina
Lamball, Level: 4, Rank: 1, Gender: Male, HP IV: 70(0%), ATK IV: 57(0%), DEF IV: 26(0%), Work Speed: (0%), Skills: Clumsy
Aly's 4 Pals
------------
Cattiva, Level: 5, Rank: 1, Gender: Female, HP IV: 26(0%), ATK IV: 98(0%), DEF IV: 49(0%), Work Speed: (0%), Skills: Coward, Logging Foreman
Foxparks, Level: 6, Rank: 1, Gender: Female, HP IV: 89(0%), ATK IV: 78(0%), DEF IV: 4(0%), Work Speed: (0%), Skills: Fine Furs
Lamball, Level: 4, Rank: 1, Gender: Male, HP IV: 11(0%), ATK IV: 70(0%), DEF IV: 49(0%), Work Speed: (0%), Skills: Infinite Stamina
Lamball, Level: 4, Rank: 1, Gender: Male, HP IV: 70(0%), ATK IV: 57(0%), DEF IV: 26(0%), Work Speed: (0%), Skills: Clumsy
Aly's 4 Pals
------------
Cattiva, Level: 5, Rank: 1, Gender: Female, HP IV: 26(0%), ATK IV: 98(0%), DEF IV: 49(0%), Work Speed: (0%), Skills: Coward, Logging Foreman
Foxparks, Level: 6, Rank: 1, Gender: Female, HP IV: 89(0%), ATK IV: 78(0%), DEF IV: 4(0%), Work Speed: (0%), Skills: Fine Furs
Lamball, Level: 4, Rank: 1, Gender: Male, HP IV: 11(0%), ATK IV: 70(0%), DEF IV: 49(0%), Work Speed: (0%), Skills: Infinite Stamina
Lamball, Level: 4, Rank: 1, Gender: Male, HP IV: 70(0%), ATK IV: 57(0%), DEF IV: 26(0%), Work Speed: (0%), Skills: Clumsy
Aly's 4 Pals
------------
Cattiva, Level: 5, Rank: 1, Gender: Female, HP IV: 26(0%), ATK IV: 98(0%), DEF IV: 49(0%), Work Speed: (0%), Skills: Coward, Logging Foreman
Foxparks, Level: 6, Rank: 1, Gender: Female, HP IV: 89(0%), ATK IV: 78(0%), DEF IV: 4(0%), Work Speed: (0%), Skills: Fine Furs
Lamball, Level: 4, Rank: 1, Gender: Male, HP IV: 11(0%), ATK IV: 70(0%), DEF IV: 49(0%), Work Speed: (0%), Skills: Infinite Stamina
Lamball, Level: 4, Rank: 1, Gender: Male, HP IV: 70(0%), ATK IV: 57(0%), DEF IV: 26(0%), Work Speed: (0%), Skills: Clumsy
