Anacornia's 8 Pals
------------------
Cremis, Level: 6, Rank: 1, Gender: Male, HP IV: 27(0%), ATK IV: 73(0%), DEF IV: 92(0%), Work Speed: (0%)
Croajiro, Level: 6, Rank: 1, Gender: Male, HP IV: 12(0%), ATK IV: 49(0%), DEF IV: 58(0%), Work Speed: (0%), Skills: Fine Furs
Croajiro, Level: 7, Rank: 1, Gender: Female, HP IV: 95(0%), ATK IV: 52(0%), DEF IV: 11(0%), Work Speed: (0%), Skills: Blood of the Dragon, Runner
Daedream, Level: 6, Rank: 1, Gender: Male, HP IV: 37(0%), ATK IV: 87(0%), DEF IV: 42(0%), Work Speed: (0%), Skills: Hooligan
Depresso, Level: 6, Rank: 1, Gender: Female, HP IV: 61(0%), ATK IV: 64(0%), DEF IV: 2(0%), Work Speed: (0%), Skills: Stronghold Strategist
Foxparks, Level: 6, Rank: 1, Gender: Female, HP IV: 10(0%), ATK IV: 18(0%), DEF IV: 58(0%), Work Speed: (0%), Skills: Suntan Lover, Earthquake Resistant
Foxparks, Level: 6, Rank: 1, Gender: Female, HP IV: 47(0%), ATK IV: 97(0%), DEF IV: 37(0%), Work Speed: (0%), Skills: Hard Skin, Nocturnal
Nitewing, Level: 10, Rank: 1, Gender: Male, HP IV: 52(0%), ATK IV: 31(0%), DEF IV: 10(0%), Work Speed: (0%), Skills: Sadist, Fragrant Foliage, Insulated Body, Conceited
Anacornia's 8 Pals
------------------
Cremis, Level: 6, Rank: 1, Gender: Male, HP IV: 27(0%), ATK IV: 73(0%), DEF IV: 92(0%), Work Speed: (0%)
Croajiro, Level: 6, Rank: 1, Gender: Male, HP IV: 12(0%), ATK IV: 49(0%), DEF IV: 58(0%), Work Speed: (0%), Skills: Fine Furs
Croajiro, Level: 7, Rank: 1, Gender: Female, HP IV: 95(0%), ATK IV: 52(0%), DEF IV: 11(0%), Work Speed: (0%), Skills: Blood of the Dragon, Runner
Daedream, Level: 6, Rank: 1, Gender: Male, HP IV: 37(0%), ATK IV: 87(0%), DEF IV: 42(0%), Work Speed: (0%), Skills: Hooligan
Depresso, Level: 6, Rank: 1, Gender: Female, HP IV: 61(0%), ATK IV: 64(0%), DEF IV: 2(0%), Work Speed: (0%), Skills: Stronghold Strategist
Foxparks, Level: 6, Rank: 1, Gender: Female, HP IV: 10(0%), ATK IV: 18(0%), DEF IV: 58(0%), Work Speed: (0%), Skills: Suntan Lover, Earthquake Resistant
Foxparks, Level: 6, Rank: 1, Gender: Female, HP IV: 47(0%), ATK IV: 97(0%), DEF IV: 37(0%), Work Speed: (0%), Skills: Hard Skin, Nocturnal
Nitewing, Level: 10, Rank: 1, Gender: Male, HP IV: 52(0%), ATK IV: 31(0%), DEF IV: 10(0%), Work Speed: (0%), Skills: Sadist, Fragrant Foliage, Insulated Body, Conceited
Anacornia's 8 Pals
------------------
Cremis, Level: 6, Rank: 1, Gender: Male, HP IV: 27(0%), ATK IV: 73(0%), DEF IV: 92(0%), Work Speed: (0%)
Croajiro, Level: 6, Rank: 1, Gender: Male, HP IV: 12(0%), ATK IV: 49(0%), DEF IV: 58(0%), Work Speed: (0%), Skills: Fine Furs
Croajiro, Level: 7, Rank: 1, Gender: Female, HP IV: 95(0%), ATK IV: 52(0%), DEF IV: 11(0%), Work Speed: (0%), Skills: Blood of the Dragon, Runner
Daedream, Level: 6, Rank: 1, Gender: Male, HP IV: 37(0%), ATK IV: 87(0%), DEF IV: 42(0%), Work Speed: (0%), Skills: Hooligan
Depresso, Level: 6, Rank: 1, Gender: Female, HP IV: 61(0%), ATK IV: 64(0%), DEF IV: 2(0%), Work Speed: (0%), Skills: Stronghold Strategist
Foxparks, Level: 6, Rank: 1, Gender: Female, HP IV: 10(0%), ATK IV: 18(0%), DEF IV: 58(0%), Work Speed: (0%), Skills: Suntan Lover, Earthquake Resistant
Foxparks, Level: 6, Rank: 1, Gender: Female, HP IV: 47(0%), ATK IV: 97(0%), DEF IV: 37(0%), Work Speed: (0%), Skills: Hard Skin, Nocturnal
Nitewing, Level: 10, Rank: 1, Gender: Male, HP IV: 52(0%), ATK IV: 31(0%), DEF IV: 10(0%), Work Speed: (0%), Skills: Sadist, Fragrant Foliage, Insulated Body, Conceited
Anacornia's 8 Pals
------------------
Cremis, Level: 6, Rank: 1, Gender: Male, HP IV: 27(0%), ATK IV: 73(0%), DEF IV: 92(0%), Work Speed: (0%)
Croajiro, Level: 6, Rank: 1, Gender: Male, HP IV: 12(0%), ATK IV: 49(0%), DEF IV: 58(0%), Work Speed: (0%), Skills: Fine Furs
Croajiro, Level: 7, Rank: 1, Gender: Female, HP IV: 95(0%), ATK IV: 52(0%), DEF IV: 11(0%), Work Speed: (0%), Skills: Blood of the Dragon, Runner
Daedream, Level: 6, Rank: 1, Gender: Male, HP IV: 37(0%), ATK IV: 87(0%), DEF IV: 42(0%), Work Speed: (0%), Skills: Hooligan
Depresso, Level: 6, Rank: 1, Gender: Female, HP IV: 61(0%), ATK IV: 64(0%), DEF IV: 2(0%), Work Speed: (0%), Skills: Stronghold Strategist
Foxparks, Level: 6, Rank: 1, Gender: Female, HP IV: 10(0%), ATK IV: 18(0%), DEF IV: 58(0%), Work Speed: (0%), Skills: Suntan Lover, Earthquake Resistant
Foxparks, Level: 6, Rank: 1, Gender: Female, HP IV: 47(0%), ATK IV: 97(0%), DEF IV: 37(0%), Work Speed: (0%), Skills: Hard Skin, Nocturnal
Nitewing, Level: 10, Rank: 1, Gender: Male, HP IV: 52(0%), ATK IV: 31(0%), DEF IV: 10(0%), Work Speed: (0%), Skills: Sadist, Fragrant Foliage, Insulated Body, Conceited
Anacornia's 8 Pals
------------------
Cremis, Level: 6, Rank: 1, Gender: Male, HP IV: 27(0%), ATK IV: 73(0%), DEF IV: 92(0%), Work Speed: (0%)
Croajiro, Level: 6, Rank: 1, Gender: Male, HP IV: 12(0%), ATK IV: 49(0%), DEF IV: 58(0%), Work Speed: (0%), Skills: Fine Furs
Croajiro, Level: 7, Rank: 1, Gender: Female, HP IV: 95(0%), ATK IV: 52(0%), DEF IV: 11(0%), Work Speed: (0%), Skills: Blood of the Dragon, Runner
Daedream, Level: 6, Rank: 1, Gender: Male, HP IV: 37(0%), ATK IV: 87(0%), DEF IV: 42(0%), Work Speed: (0%), Skills: Hooligan
Depresso, Level: 6, Rank: 1, Gender: Female, HP IV: 61(0%), ATK IV: 64(0%), DEF IV: 2(0%), Work Speed: (0%), Skills: Stronghold Strategist
Foxparks, Level: 6, Rank: 1, Gender: Female, HP IV: 10(0%), ATK IV: 18(0%), DEF IV: 58(0%), Work Speed: (0%), Skills: Suntan Lover, Earthquake Resistant
Foxparks, Level: 6, Rank: 1, Gender: Female, HP IV: 47(0%), ATK IV: 97(0%), DEF IV: 37(0%), Work Speed: (0%), Skills: Hard Skin, Nocturnal
Nitewing, Level: 10, Rank: 1, Gender: Male, HP IV: 52(0%), ATK IV: 31(0%), DEF IV: 10(0%), Work Speed: (0%), Skills: Sadist, Fragrant Foliage, Insulated Body, Conceited
Anacornia's 8 Pals
------------------
Cremis, Level: 6, Rank: 1, Gender: Male, HP IV: 27(0%), ATK IV: 73(0%), DEF IV: 92(0%), Work Speed: (0%)
Croajiro, Level: 6, Rank: 1, Gender: Male, HP IV: 12(0%), ATK IV: 49(0%), DEF IV: 58(0%), Work Speed: (0%), Skills: Fine Furs
Croajiro, Level: 7, Rank: 1, Gender: Female, HP IV: 95(0%), ATK IV: 52(0%), DEF IV: 11(0%), Work Speed: (0%), Skills: Blood of the Dragon, Runner
Daedream, Level: 6, Rank: 1, Gender: Male, HP IV: 37(0%), ATK IV: 87(0%), DEF IV: 42(0%), Work Speed: (0%), Skills: Hooligan
Depresso, Level: 6, Rank: 1, Gender: Female, HP IV: 61(0%), ATK IV: 64(0%), DEF IV: 2(0%), Work Speed: (0%), Skills: Stronghold Strategist
Foxparks, Level: 6, Rank: 1, Gender: Female, HP IV: 10(0%), ATK IV: 18(0%), DEF IV: 58(0%), Work Speed: (0%), Skills: Suntan Lover, Earthquake Resistant
Foxparks, Level: 6, Rank: 1, Gender: Female, HP IV: 47(0%), ATK IV: 97(0%), DEF IV: 37(0%), Work Speed: (0%), Skills: Hard Skin, Nocturnal
Nitewing, Level: 10, Rank: 1, Gender: Male, HP IV: 52(0%), ATK IV: 31(0%), DEF IV: 10(0%), Work Speed: (0%), Skills: Sadist, Fragrant Foliage, Insulated Body, Conceited
Anacornia's 8 Pals
------------------
Cremis, Level: 6, Rank: 1, Gender: Male, HP IV: 27(0%), ATK IV: 73(0%), DEF IV: 92(0%), Work Speed: (0%)
Croajiro, Level: 6, Rank: 1, Gender: Male, HP IV: 12(0%), ATK IV: 49(0%), DEF IV: 58(0%), Work Speed: (0%), Skills: Fine Furs
Croajiro, Level: 7, Rank: 1, Gender: Female, HP IV: 95(0%), ATK IV: 52(0%), DEF IV: 11(0%), Work Speed: (0%), Skills: Blood of the Dragon, Runner
Daedream, Level: 6, Rank: 1, Gender: Male, HP IV: 37(0%), ATK IV: 87(0%), DEF IV: 42(0%), Work Speed: (0%), Skills: Hooligan
Depresso, Level: 6, Rank: 1, Gender: Female, HP IV: 61(0%), ATK IV: 64(0%), DEF IV: 2(0%), Work Speed: (0%), Skills: Stronghold Strategist
Foxparks, Level: 6, Rank: 1, Gender: Female, HP IV: 10(0%), ATK IV: 18(0%), DEF IV: 58(0%), Work Speed: (0%), Skills: Suntan Lover, Earthquake Resistant
Foxparks, Level: 6, Rank: 1, Gender: Female, HP IV: 47(0%), ATK IV: 97(0%), DEF IV: 37(0%), Work Speed: (0%), Skills: Hard Skin, Nocturnal
Nitewing, Level: 10, Rank: 1, Gender: Male, HP IV: 52(0%), ATK IV: 31(0%), DEF IV: 10(0%), Work Speed: (0%), Skills: Sadist, Fragrant Foliage, Insulated Body, Conceited
Anacornia's 8 Pals
------------------
Cremis, Level: 6, Rank: 1, Gender: Male, HP IV: 27(0%), ATK IV: 73(0%), DEF IV: 92(0%), Work Speed: (0%)
Croajiro, Level: 6, Rank: 1, Gender: Male, HP IV: 12(0%), ATK IV: 49(0%), DEF IV: 58(0%), Work Speed: (0%), Skills: Fine Furs
Croajiro, Level: 7, Rank: 1, Gender: Female, HP IV: 95(0%), ATK IV: 52(0%), DEF IV: 11(0%), Work Speed: (0%), Skills: Blood of the Dragon, Runner
Daedream, Level: 6, Rank: 1, Gender: Male, HP IV: 37(0%), ATK IV: 87(0%), DEF IV: 42(0%), Work Speed: (0%), Skills: Hooligan
Depresso, Level: 6, Rank: 1, Gender: Female, HP IV: 61(0%), ATK IV: 64(0%), DEF IV: 2(0%), Work Speed: (0%), Skills: Stronghold Strategist
Foxparks, Level: 6, Rank: 1, Gender: Female, HP IV: 10(0%), ATK IV: 18(0%), DEF IV: 58(0%), Work Speed: (0%), Skills: Suntan Lover, Earthquake Resistant
Foxparks, Level: 6, Rank: 1, Gender: Female, HP IV: 47(0%), ATK IV: 97(0%), DEF IV: 37(0%), Work Speed: (0%), Skills: Hard Skin, Nocturnal
Nitewing, Level: 10, Rank: 1, Gender: Male, HP IV: 52(0%), ATK IV: 31(0%), DEF IV: 10(0%), Work Speed: (0%), Skills: Sadist, Fragrant Foliage, Insulated Body, Conceited
Anacornia's 8 Pals
------------------
Cremis, Level: 6, Rank: 1, Gender: Male, HP IV: 27(0%), ATK IV: 73(0%), DEF IV: 92(0%), Work Speed: (0%)
Croajiro, Level: 6, Rank: 1, Gender: Male, HP IV: 12(0%), ATK IV: 49(0%), DEF IV: 58(0%), Work Speed: (0%), Skills: Fine Furs
Croajiro, Level: 7, Rank: 1, Gender: Female, HP IV: 95(0%), ATK IV: 52(0%), DEF IV: 11(0%), Work Speed: (0%), Skills: Blood of the Dragon, Runner
Daedream, Level: 6, Rank: 1, Gender: Male, HP IV: 37(0%), ATK IV: 87(0%), DEF IV: 42(0%), Work Speed: (0%), Skills: Hooligan
Depresso, Level: 6, Rank: 1, Gender: Female, HP IV: 61(0%), ATK IV: 64(0%), DEF IV: 2(0%), Work Speed: (0%), Skills: Stronghold Strategist
Foxparks, Level: 6, Rank: 1, Gender: Female, HP IV: 10(0%), ATK IV: 18(0%), DEF IV: 58(0%), Work Speed: (0%), Skills: Suntan Lover, Earthquake Resistant
Foxparks, Level: 6, Rank: 1, Gender: Female, HP IV: 47(0%), ATK IV: 97(0%), DEF IV: 37(0%), Work Speed: (0%), Skills: Hard Skin, Nocturnal
Nitewing, Level: 10, Rank: 1, Gender: Male, HP IV: 52(0%), ATK IV: 31(0%), DEF IV: 10(0%), Work Speed: (0%), Skills: Sadist, Fragrant Foliage, Insulated Body, Conceited
Anacornia's 8 Pals
------------------
Cremis, Level: 6, Rank: 1, Gender: Male, HP IV: 27(0%), ATK IV: 73(0%), DEF IV: 92(0%), Work Speed: (0%)
Croajiro, Level: 6, Rank: 1, Gender: Male, HP IV: 12(0%), ATK IV: 49(0%), DEF IV: 58(0%), Work Speed: (0%), Skills: Fine Furs
Croajiro, Level: 7, Rank: 1, Gender: Female, HP IV: 95(0%), ATK IV: 52(0%), DEF IV: 11(0%), Work Speed: (0%), Skills: Blood of the Dragon, Runner
Daedream, Level: 6, Rank: 1, Gender: Male, HP IV: 37(0%), ATK IV: 87(0%), DEF IV: 42(0%), Work Speed: (0%), Skills: Hooligan
Depresso, Level: 6, Rank: 1, Gender: Female, HP IV: 61(0%), ATK IV: 64(0%), DEF IV: 2(0%), Work Speed: (0%), Skills: Stronghold Strategist
Foxparks, Level: 6, Rank: 1, Gender: Female, HP IV: 10(0%), ATK IV: 18(0%), DEF IV: 58(0%), Work Speed: (0%), Skills: Suntan Lover, Earthquake Resistant
Foxparks, Level: 6, Rank: 1, Gender: Female, HP IV: 47(0%), ATK IV: 97(0%), DEF IV: 37(0%), Work Speed: (0%), Skills: Hard Skin, Nocturnal
Nitewing, Level: 10, Rank: 1, Gender: Male, HP IV: 52(0%), ATK IV: 31(0%), DEF IV: 10(0%), Work Speed: (0%), Skills: Sadist, Fragrant Foliage, Insulated Body, Conceited
Anacornia's 8 Pals
------------------
Cremis, Level: 6, Rank: 1, Gender: Male, HP IV: 27(0%), ATK IV: 73(0%), DEF IV: 92(0%), Work Speed: (0%)
Croajiro, Level: 6, Rank: 1, Gender: Male, HP IV: 12(0%), ATK IV: 49(0%), DEF IV: 58(0%), Work Speed: (0%), Skills: Fine Furs
Croajiro, Level: 7, Rank: 1, Gender: Female, HP IV: 95(0%), ATK IV: 52(0%), DEF IV: 11(0%), Work Speed: (0%), Skills: Blood of the Dragon, Runner
Daedream, Level: 6, Rank: 1, Gender: Male, HP IV: 37(0%), ATK IV: 87(0%), DEF IV: 42(0%), Work Speed: (0%), Skills: Hooligan
Depresso, Level: 6, Rank: 1, Gender: Female, HP IV: 61(0%), ATK IV: 64(0%), DEF IV: 2(0%), Work Speed: (0%), Skills: Stronghold Strategist
Foxparks, Level: 6, Rank: 1, Gender: Female, HP IV: 10(0%), ATK IV: 18(0%), DEF IV: 58(0%), Work Speed: (0%), Skills: Suntan Lover, Earthquake Resistant
Foxparks, Level: 6, Rank: 1, Gender: Female, HP IV: 47(0%), ATK IV: 97(0%), DEF IV: 37(0%), Work Speed: (0%), Skills: Hard Skin, Nocturnal
Nitewing, Level: 10, Rank: 1, Gender: Male, HP IV: 52(0%), ATK IV: 31(0%), DEF IV: 10(0%), Work Speed: (0%), Skills: Sadist, Fragrant Foliage, Insulated Body, Conceited
Anacornia's 8 Pals
------------------
Cremis, Level: 6, Rank: 1, Gender: Male, HP IV: 27(0%), ATK IV: 73(0%), DEF IV: 92(0%), Work Speed: (0%)
Croajiro, Level: 6, Rank: 1, Gender: Male, HP IV: 12(0%), ATK IV: 49(0%), DEF IV: 58(0%), Work Speed: (0%), Skills: Fine Furs
Croajiro, Level: 7, Rank: 1, Gender: Female, HP IV: 95(0%), ATK IV: 52(0%), DEF IV: 11(0%), Work Speed: (0%), Skills: Blood of the Dragon, Runner
Daedream, Level: 6, Rank: 1, Gender: Male, HP IV: 37(0%), ATK IV: 87(0%), DEF IV: 42(0%), Work Speed: (0%), Skills: Hooligan
Depresso, Level: 6, Rank: 1, Gender: Female, HP IV: 61(0%), ATK IV: 64(0%), DEF IV: 2(0%), Work Speed: (0%), Skills: Stronghold Strategist
Foxparks, Level: 6, Rank: 1, Gender: Female, HP IV: 10(0%), ATK IV: 18(0%), DEF IV: 58(0%), Work Speed: (0%), Skills: Suntan Lover, Earthquake Resistant
Foxparks, Level: 6, Rank: 1, Gender: Female, HP IV: 47(0%), ATK IV: 97(0%), DEF IV: 37(0%), Work Speed: (0%), Skills: Hard Skin, Nocturnal
Nitewing, Level: 10, Rank: 1, Gender: Male, HP IV: 52(0%), ATK IV: 31(0%), DEF IV: 10(0%), Work Speed: (0%), Skills: Sadist, Fragrant Foliage, Insulated Body, Conceited
Anacornia's 8 Pals
------------------
Cremis, Level: 6, Rank: 1, Gender: Male, HP IV: 27(0%), ATK IV: 73(0%), DEF IV: 92(0%), Work Speed: (0%)
Croajiro, Level: 6, Rank: 1, Gender: Male, HP IV: 12(0%), ATK IV: 49(0%), DEF IV: 58(0%), Work Speed: (0%), Skills: Fine Furs
Croajiro, Level: 7, Rank: 1, Gender: Female, HP IV: 95(0%), ATK IV: 52(0%), DEF IV: 11(0%), Work Speed: (0%), Skills: Blood of the Dragon, Runner
Daedream, Level: 6, Rank: 1, Gender: Male, HP IV: 37(0%), ATK IV: 87(0%), DEF IV: 42(0%), Work Speed: (0%), Skills: Hooligan
Depresso, Level: 6, Rank: 1, Gender: Female, HP IV: 61(0%), ATK IV: 64(0%), DEF IV: 2(0%), Work Speed: (0%), Skills: Stronghold Strategist
Foxparks, Level: 6, Rank: 1, Gender: Female, HP IV: 10(0%), ATK IV: 18(0%), DEF IV: 58(0%), Work Speed: (0%), Skills: Suntan Lover, Earthquake Resistant
Foxparks, Level: 6, Rank: 1, Gender: Female, HP IV: 47(0%), ATK IV: 97(0%), DEF IV: 37(0%), Work Speed: (0%), Skills: Hard Skin, Nocturnal
Nitewing, Level: 10, Rank: 1, Gender: Male, HP IV: 52(0%), ATK IV: 31(0%), DEF IV: 10(0%), Work Speed: (0%), Skills: Sadist, Fragrant Foliage, Insulated Body, Conceited
Anacornia's 8 Pals
------------------
Cremis, Level: 6, Rank: 1, Gender: Male, HP IV: 27(0%), ATK IV: 73(0%), DEF IV: 92(0%), Work Speed: (0%)
Croajiro, Level: 6, Rank: 1, Gender: Male, HP IV: 12(0%), ATK IV: 49(0%), DEF IV: 58(0%), Work Speed: (0%), Skills: Fine Furs
Croajiro, Level: 7, Rank: 1, Gender: Female, HP IV: 95(0%), ATK IV: 52(0%), DEF IV: 11(0%), Work Speed: (0%), Skills: Blood of the Dragon, Runner
Daedream, Level: 6, Rank: 1, Gender: Male, HP IV: 37(0%), ATK IV: 87(0%), DEF IV: 42(0%), Work Speed: (0%), Skills: Hooligan
Depresso, Level: 6, Rank: 1, Gender: Female, HP IV: 61(0%), ATK IV: 64(0%), DEF IV: 2(0%), Work Speed: (0%), Skills: Stronghold Strategist
Foxparks, Level: 6, Rank: 1, Gender: Female, HP IV: 10(0%), ATK IV: 18(0%), DEF IV: 58(0%), Work Speed: (0%), Skills: Suntan Lover, Earthquake Resistant
Foxparks, Level: 6, Rank: 1, Gender: Female, HP IV: 47(0%), ATK IV: 97(0%), DEF IV: 37(0%), Work Speed: (0%), Skills: Hard Skin, Nocturnal
Nitewing, Level: 10, Rank: 1, Gender: Male, HP IV: 52(0%), ATK IV: 31(0%), DEF IV: 10(0%), Work Speed: (0%), Skills: Sadist, Fragrant Foliage, Insulated Body, Conceited
