Ascalon RK's 3 Pals
-------------------
Cattiva, Level: 2, Rank: 1, Gender: Female, HP IV: 3(0%), ATK IV: 70(0%), DEF IV: 74(0%), Work Speed: (0%), Skills: Coward, Workaholic
Cattiva, Level: 4, Rank: 1, Gender: Female, HP IV: 43(0%), ATK IV: 3(0%), DEF IV: 85(0%), Work Speed: (0%), Skills: Coward, Suntan Lover
Gumoss, Level: 5, Rank: 1, Gender: Female, HP IV: 15(0%), ATK IV: 10(0%), DEF IV: 32(0%), Work Speed: (0%), Skills: Shabby
Ascalon RK's 3 Pals
-------------------
Cattiva, Level: 2, Rank: 1, Gender: Female, HP IV: 3(0%), ATK IV: 70(0%), DEF IV: 74(0%), Work Speed: (0%), Skills: Coward, Workaholic
Cattiva, Level: 4, Rank: 1, Gender: Female, HP IV: 43(0%), ATK IV: 3(0%), DEF IV: 85(0%), Work Speed: (0%), Skills: Coward, Suntan Lover
Gumoss, Level: 5, Rank: 1, Gender: Female, HP IV: 15(0%), ATK IV: 10(0%), DEF IV: 32(0%), Work Speed: (0%), Skills: Shabby
Ascalon RK's 3 Pals
-------------------
Cattiva, Level: 2, Rank: 1, Gender: Female, HP IV: 3(0%), ATK IV: 70(0%), DEF IV: 74(0%), Work Speed: (0%), Skills: Coward, Workaholic
Cattiva, Level: 4, Rank: 1, Gender: Female, HP IV: 43(0%), ATK IV: 3(0%), DEF IV: 85(0%), Work Speed: (0%), Skills: Coward, Suntan Lover
Gumoss, Level: 5, Rank: 1, Gender: Female, HP IV: 15(0%), ATK IV: 10(0%), DEF IV: 32(0%), Work Speed: (0%), Skills: Shabby
Ascalon RK's 3 Pals
-------------------
Cattiva, Level: 2, Rank: 1, Gender: Female, HP IV: 3(0%), ATK IV: 70(0%), DEF IV: 74(0%), Work Speed: (0%), Skills: Coward, Workaholic
Cattiva, Level: 4, Rank: 1, Gender: Female, HP IV: 43(0%), ATK IV: 3(0%), DEF IV: 85(0%), Work Speed: (0%), Skills: Coward, Suntan Lover
Gumoss, Level: 5, Rank: 1, Gender: Female, HP IV: 15(0%), ATK IV: 10(0%), DEF IV: 32(0%), Work Speed: (0%), Skills: Shabby
Ascalon RK's 3 Pals
-------------------
Cattiva, Level: 2, Rank: 1, Gender: Female, HP IV: 3(0%), ATK IV: 70(0%), DEF IV: 74(0%), Work Speed: (0%), Skills: Coward, Workaholic
Cattiva, Level: 4, Rank: 1, Gender: Female, HP IV: 43(0%), ATK IV: 3(0%), DEF IV: 85(0%), Work Speed: (0%), Skills: Coward, Suntan Lover
Gumoss, Level: 5, Rank: 1, Gender: Female, HP IV: 15(0%), ATK IV: 10(0%), DEF IV: 32(0%), Work Speed: (0%), Skills: Shabby
Ascalon RK's 3 Pals
-------------------
Cattiva, Level: 2, Rank: 1, Gender: Female, HP IV: 3(0%), ATK IV: 70(0%), DEF IV: 74(0%), Work Speed: (0%), Skills: Coward, Workaholic
Cattiva, Level: 4, Rank: 1, Gender: Female, HP IV: 43(0%), ATK IV: 3(0%), DEF IV: 85(0%), Work Speed: (0%), Skills: Coward, Suntan Lover
Gumoss, Level: 5, Rank: 1, Gender: Female, HP IV: 15(0%), ATK IV: 10(0%), DEF IV: 32(0%), Work Speed: (0%), Skills: Shabby
Ascalon RK's 3 Pals
-------------------
Cattiva, Level: 2, Rank: 1, Gender: Female, HP IV: 3(0%), ATK IV: 70(0%), DEF IV: 74(0%), Work Speed: (0%), Skills: Coward, Workaholic
Cattiva, Level: 4, Rank: 1, Gender: Female, HP IV: 43(0%), ATK IV: 3(0%), DEF IV: 85(0%), Work Speed: (0%), Skills: Coward, Suntan Lover
Gumoss, Level: 5, Rank: 1, Gender: Female, HP IV: 15(0%), ATK IV: 10(0%), DEF IV: 32(0%), Work Speed: (0%), Skills: Shabby
Ascalon RK's 3 Pals
-------------------
Cattiva, Level: 2, Rank: 1, Gender: Female, HP IV: 3(0%), ATK IV: 70(0%), DEF IV: 74(0%), Work Speed: (0%), Skills: Coward, Workaholic
Cattiva, Level: 4, Rank: 1, Gender: Female, HP IV: 43(0%), ATK IV: 3(0%), DEF IV: 85(0%), Work Speed: (0%), Skills: Coward, Suntan Lover
Gumoss, Level: 5, Rank: 1, Gender: Female, HP IV: 15(0%), ATK IV: 10(0%), DEF IV: 32(0%), Work Speed: (0%), Skills: Shabby
Ascalon RK's 3 Pals
-------------------
Cattiva, Level: 2, Rank: 1, Gender: Female, HP IV: 3(0%), ATK IV: 70(0%), DEF IV: 74(0%), Work Speed: (0%), Skills: Coward, Workaholic
Cattiva, Level: 4, Rank: 1, Gender: Female, HP IV: 43(0%), ATK IV: 3(0%), DEF IV: 85(0%), Work Speed: (0%), Skills: Coward, Suntan Lover
Gumoss, Level: 5, Rank: 1, Gender: Female, HP IV: 15(0%), ATK IV: 10(0%), DEF IV: 32(0%), Work Speed: (0%), Skills: Shabby
Ascalon RK's 3 Pals
-------------------
Cattiva, Level: 2, Rank: 1, Gender: Female, HP IV: 3(0%), ATK IV: 70(0%), DEF IV: 74(0%), Work Speed: (0%), Skills: Coward, Workaholic
Cattiva, Level: 4, Rank: 1, Gender: Female, HP IV: 43(0%), ATK IV: 3(0%), DEF IV: 85(0%), Work Speed: (0%), Skills: Coward, Suntan Lover
Gumoss, Level: 5, Rank: 1, Gender: Female, HP IV: 15(0%), ATK IV: 10(0%), DEF IV: 32(0%), Work Speed: (0%), Skills: Shabby
Ascalon RK's 3 Pals
-------------------
Cattiva, Level: 2, Rank: 1, Gender: Female, HP IV: 3(0%), ATK IV: 70(0%), DEF IV: 74(0%), Work Speed: (0%), Skills: Coward, Workaholic
Cattiva, Level: 4, Rank: 1, Gender: Female, HP IV: 43(0%), ATK IV: 3(0%), DEF IV: 85(0%), Work Speed: (0%), Skills: Coward, Suntan Lover
Gumoss, Level: 5, Rank: 1, Gender: Female, HP IV: 15(0%), ATK IV: 10(0%), DEF IV: 32(0%), Work Speed: (0%), Skills: Shabby
Ascalon RK's 3 Pals
-------------------
Cattiva, Level: 2, Rank: 1, Gender: Female, HP IV: 3(0%), ATK IV: 70(0%), DEF IV: 74(0%), Work Speed: (0%), Skills: Coward, Workaholic
Cattiva, Level: 4, Rank: 1, Gender: Female, HP IV: 43(0%), ATK IV: 3(0%), DEF IV: 85(0%), Work Speed: (0%), Skills: Coward, Suntan Lover
Gumoss, Level: 5, Rank: 1, Gender: Female, HP IV: 15(0%), ATK IV: 10(0%), DEF IV: 32(0%), Work Speed: (0%), Skills: Shabby
Ascalon RK's 3 Pals
-------------------
Cattiva, Level: 2, Rank: 1, Gender: Female, HP IV: 3(0%), ATK IV: 70(0%), DEF IV: 74(0%), Work Speed: (0%), Skills: Coward, Workaholic
Cattiva, Level: 4, Rank: 1, Gender: Female, HP IV: 43(0%), ATK IV: 3(0%), DEF IV: 85(0%), Work Speed: (0%), Skills: Coward, Suntan Lover
Gumoss, Level: 5, Rank: 1, Gender: Female, HP IV: 15(0%), ATK IV: 10(0%), DEF IV: 32(0%), Work Speed: (0%), Skills: Shabby
Ascalon RK's 3 Pals
-------------------
Cattiva, Level: 2, Rank: 1, Gender: Female, HP IV: 3(0%), ATK IV: 70(0%), DEF IV: 74(0%), Work Speed: (0%), Skills: Coward, Workaholic
Cattiva, Level: 4, Rank: 1, Gender: Female, HP IV: 43(0%), ATK IV: 3(0%), DEF IV: 85(0%), Work Speed: (0%), Skills: Coward, Suntan Lover
Gumoss, Level: 5, Rank: 1, Gender: Female, HP IV: 15(0%), ATK IV: 10(0%), DEF IV: 32(0%), Work Speed: (0%), Skills: Shabby
