avengerx7's 8 Pals
------------------
Cattiva, Level: 3, Rank: 1, Gender: Male, HP IV: 80(0%), ATK IV: 15(0%), DEF IV: 49(0%), Work Speed: (0%), Skills: Coward, Nocturnal
Cattiva, Level: 6, Rank: 1, Gender: Male, HP IV: 63(0%), ATK IV: 72(0%), DEF IV: 15(0%), Work Speed: (0%), Skills: Coward, Musclehead
Chikipi, Level: 6, Rank: 1, Gender: Female, HP IV: 19(0%), ATK IV: 24(0%), DEF IV: 29(0%), Work Speed: (0%), Skills: Workaholic
Chikipi, Level: 6, Rank: 1, Gender: Male, HP IV: 3(0%), ATK IV: 45(0%), DEF IV: 95(0%), Work Speed: (0%), Skills: Earthquake Resistant
Foxparks, Level: 6, Rank: 1, Gender: Male, HP IV: 33(0%), ATK IV: 60(0%), DEF IV: 53(0%), Work Speed: (0%), Skills: Fit as a Fiddle, Burly Body
Lamball, Level: 6, Rank: 1, Gender: Female, HP IV: 42(0%), ATK IV: 96(0%), DEF IV: 16(0%), Work Speed: (0%), Skills: Mercy hit
Melpaca, Level: 9, Rank: 1, Gender: Female, HP IV: 86(0%), ATK IV: 20(0%), DEF IV: 47(0%), Work Speed: (0%), Skills: Conceited, Dainty Eater
Pengullet, Level: 3, Rank: 1, Gender: Female, HP IV: 27(0%), ATK IV: 61(0%), DEF IV: 91(0%), Work Speed: (0%), Skills: Slacker
avengerx7's 8 Pals
------------------
Cattiva, Level: 3, Rank: 1, Gender: Male, HP IV: 80(0%), ATK IV: 15(0%), DEF IV: 49(0%), Work Speed: (0%), Skills: Coward, Nocturnal
Cattiva, Level: 6, Rank: 1, Gender: Male, HP IV: 63(0%), ATK IV: 72(0%), DEF IV: 15(0%), Work Speed: (0%), Skills: Coward, Musclehead
Chikipi, Level: 6, Rank: 1, Gender: Female, HP IV: 19(0%), ATK IV: 24(0%), DEF IV: 29(0%), Work Speed: (0%), Skills: Workaholic
Chikipi, Level: 6, Rank: 1, Gender: Male, HP IV: 3(0%), ATK IV: 45(0%), DEF IV: 95(0%), Work Speed: (0%), Skills: Earthquake Resistant
Foxparks, Level: 6, Rank: 1, Gender: Male, HP IV: 33(0%), ATK IV: 60(0%), DEF IV: 53(0%), Work Speed: (0%), Skills: Fit as a Fiddle, Burly Body
Lamball, Level: 6, Rank: 1, Gender: Female, HP IV: 42(0%), ATK IV: 96(0%), DEF IV: 16(0%), Work Speed: (0%), Skills: Mercy hit
Melpaca, Level: 9, Rank: 1, Gender: Female, HP IV: 86(0%), ATK IV: 20(0%), DEF IV: 47(0%), Work Speed: (0%), Skills: Conceited, Dainty Eater
Pengullet, Level: 3, Rank: 1, Gender: Female, HP IV: 27(0%), ATK IV: 61(0%), DEF IV: 91(0%), Work Speed: (0%), Skills: Slacker
avengerx7's 8 Pals
------------------
Cattiva, Level: 3, Rank: 1, Gender: Male, HP IV: 80(0%), ATK IV: 15(0%), DEF IV: 49(0%), Work Speed: (0%), Skills: Coward, Nocturnal
Cattiva, Level: 6, Rank: 1, Gender: Male, HP IV: 63(0%), ATK IV: 72(0%), DEF IV: 15(0%), Work Speed: (0%), Skills: Coward, Musclehead
Chikipi, Level: 6, Rank: 1, Gender: Female, HP IV: 19(0%), ATK IV: 24(0%), DEF IV: 29(0%), Work Speed: (0%), Skills: Workaholic
Chikipi, Level: 6, Rank: 1, Gender: Male, HP IV: 3(0%), ATK IV: 45(0%), DEF IV: 95(0%), Work Speed: (0%), Skills: Earthquake Resistant
Foxparks, Level: 6, Rank: 1, Gender: Male, HP IV: 33(0%), ATK IV: 60(0%), DEF IV: 53(0%), Work Speed: (0%), Skills: Fit as a Fiddle, Burly Body
Lamball, Level: 6, Rank: 1, Gender: Female, HP IV: 42(0%), ATK IV: 96(0%), DEF IV: 16(0%), Work Speed: (0%), Skills: Mercy hit
Melpaca, Level: 9, Rank: 1, Gender: Female, HP IV: 86(0%), ATK IV: 20(0%), DEF IV: 47(0%), Work Speed: (0%), Skills: Conceited, Dainty Eater
Pengullet, Level: 3, Rank: 1, Gender: Female, HP IV: 27(0%), ATK IV: 61(0%), DEF IV: 91(0%), Work Speed: (0%), Skills: Slacker
avengerx7's 8 Pals
------------------
Cattiva, Level: 3, Rank: 1, Gender: Male, HP IV: 80(0%), ATK IV: 15(0%), DEF IV: 49(0%), Work Speed: (0%), Skills: Coward, Nocturnal
Cattiva, Level: 6, Rank: 1, Gender: Male, HP IV: 63(0%), ATK IV: 72(0%), DEF IV: 15(0%), Work Speed: (0%), Skills: Coward, Musclehead
Chikipi, Level: 6, Rank: 1, Gender: Female, HP IV: 19(0%), ATK IV: 24(0%), DEF IV: 29(0%), Work Speed: (0%), Skills: Workaholic
Chikipi, Level: 6, Rank: 1, Gender: Male, HP IV: 3(0%), ATK IV: 45(0%), DEF IV: 95(0%), Work Speed: (0%), Skills: Earthquake Resistant
Foxparks, Level: 6, Rank: 1, Gender: Male, HP IV: 33(0%), ATK IV: 60(0%), DEF IV: 53(0%), Work Speed: (0%), Skills: Fit as a Fiddle, Burly Body
Lamball, Level: 6, Rank: 1, Gender: Female, HP IV: 42(0%), ATK IV: 96(0%), DEF IV: 16(0%), Work Speed: (0%), Skills: Mercy hit
Melpaca, Level: 9, Rank: 1, Gender: Female, HP IV: 86(0%), ATK IV: 20(0%), DEF IV: 47(0%), Work Speed: (0%), Skills: Conceited, Dainty Eater
Pengullet, Level: 3, Rank: 1, Gender: Female, HP IV: 27(0%), ATK IV: 61(0%), DEF IV: 91(0%), Work Speed: (0%), Skills: Slacker
avengerx7's 8 Pals
------------------
Cattiva, Level: 3, Rank: 1, Gender: Male, HP IV: 80(0%), ATK IV: 15(0%), DEF IV: 49(0%), Work Speed: (0%), Skills: Coward, Nocturnal
Cattiva, Level: 6, Rank: 1, Gender: Male, HP IV: 63(0%), ATK IV: 72(0%), DEF IV: 15(0%), Work Speed: (0%), Skills: Coward, Musclehead
Chikipi, Level: 6, Rank: 1, Gender: Female, HP IV: 19(0%), ATK IV: 24(0%), DEF IV: 29(0%), Work Speed: (0%), Skills: Workaholic
Chikipi, Level: 6, Rank: 1, Gender: Male, HP IV: 3(0%), ATK IV: 45(0%), DEF IV: 95(0%), Work Speed: (0%), Skills: Earthquake Resistant
Foxparks, Level: 6, Rank: 1, Gender: Male, HP IV: 33(0%), ATK IV: 60(0%), DEF IV: 53(0%), Work Speed: (0%), Skills: Fit as a Fiddle, Burly Body
Lamball, Level: 6, Rank: 1, Gender: Female, HP IV: 42(0%), ATK IV: 96(0%), DEF IV: 16(0%), Work Speed: (0%), Skills: Mercy hit
Melpaca, Level: 9, Rank: 1, Gender: Female, HP IV: 86(0%), ATK IV: 20(0%), DEF IV: 47(0%), Work Speed: (0%), Skills: Conceited, Dainty Eater
Pengullet, Level: 3, Rank: 1, Gender: Female, HP IV: 27(0%), ATK IV: 61(0%), DEF IV: 91(0%), Work Speed: (0%), Skills: Slacker
avengerx7's 8 Pals
------------------
Cattiva, Level: 3, Rank: 1, Gender: Male, HP IV: 80(0%), ATK IV: 15(0%), DEF IV: 49(0%), Work Speed: (0%), Skills: Coward, Nocturnal
Cattiva, Level: 6, Rank: 1, Gender: Male, HP IV: 63(0%), ATK IV: 72(0%), DEF IV: 15(0%), Work Speed: (0%), Skills: Coward, Musclehead
Chikipi, Level: 6, Rank: 1, Gender: Female, HP IV: 19(0%), ATK IV: 24(0%), DEF IV: 29(0%), Work Speed: (0%), Skills: Workaholic
Chikipi, Level: 6, Rank: 1, Gender: Male, HP IV: 3(0%), ATK IV: 45(0%), DEF IV: 95(0%), Work Speed: (0%), Skills: Earthquake Resistant
Foxparks, Level: 6, Rank: 1, Gender: Male, HP IV: 33(0%), ATK IV: 60(0%), DEF IV: 53(0%), Work Speed: (0%), Skills: Fit as a Fiddle, Burly Body
Lamball, Level: 6, Rank: 1, Gender: Female, HP IV: 42(0%), ATK IV: 96(0%), DEF IV: 16(0%), Work Speed: (0%), Skills: Mercy hit
Melpaca, Level: 9, Rank: 1, Gender: Female, HP IV: 86(0%), ATK IV: 20(0%), DEF IV: 47(0%), Work Speed: (0%), Skills: Conceited, Dainty Eater
Pengullet, Level: 3, Rank: 1, Gender: Female, HP IV: 27(0%), ATK IV: 61(0%), DEF IV: 91(0%), Work Speed: (0%), Skills: Slacker
avengerx7's 8 Pals
------------------
Cattiva, Level: 3, Rank: 1, Gender: Male, HP IV: 80(0%), ATK IV: 15(0%), DEF IV: 49(0%), Work Speed: (0%), Skills: Coward, Nocturnal
Cattiva, Level: 6, Rank: 1, Gender: Male, HP IV: 63(0%), ATK IV: 72(0%), DEF IV: 15(0%), Work Speed: (0%), Skills: Coward, Musclehead
Chikipi, Level: 6, Rank: 1, Gender: Female, HP IV: 19(0%), ATK IV: 24(0%), DEF IV: 29(0%), Work Speed: (0%), Skills: Workaholic
Chikipi, Level: 6, Rank: 1, Gender: Male, HP IV: 3(0%), ATK IV: 45(0%), DEF IV: 95(0%), Work Speed: (0%), Skills: Earthquake Resistant
Foxparks, Level: 6, Rank: 1, Gender: Male, HP IV: 33(0%), ATK IV: 60(0%), DEF IV: 53(0%), Work Speed: (0%), Skills: Fit as a Fiddle, Burly Body
Lamball, Level: 6, Rank: 1, Gender: Female, HP IV: 42(0%), ATK IV: 96(0%), DEF IV: 16(0%), Work Speed: (0%), Skills: Mercy hit
Melpaca, Level: 9, Rank: 1, Gender: Female, HP IV: 86(0%), ATK IV: 20(0%), DEF IV: 47(0%), Work Speed: (0%), Skills: Conceited, Dainty Eater
Pengullet, Level: 3, Rank: 1, Gender: Female, HP IV: 27(0%), ATK IV: 61(0%), DEF IV: 91(0%), Work Speed: (0%), Skills: Slacker
avengerx7's 8 Pals
------------------
Cattiva, Level: 3, Rank: 1, Gender: Male, HP IV: 80(0%), ATK IV: 15(0%), DEF IV: 49(0%), Work Speed: (0%), Skills: Coward, Nocturnal
Cattiva, Level: 6, Rank: 1, Gender: Male, HP IV: 63(0%), ATK IV: 72(0%), DEF IV: 15(0%), Work Speed: (0%), Skills: Coward, Musclehead
Chikipi, Level: 6, Rank: 1, Gender: Female, HP IV: 19(0%), ATK IV: 24(0%), DEF IV: 29(0%), Work Speed: (0%), Skills: Workaholic
Chikipi, Level: 6, Rank: 1, Gender: Male, HP IV: 3(0%), ATK IV: 45(0%), DEF IV: 95(0%), Work Speed: (0%), Skills: Earthquake Resistant
Foxparks, Level: 6, Rank: 1, Gender: Male, HP IV: 33(0%), ATK IV: 60(0%), DEF IV: 53(0%), Work Speed: (0%), Skills: Fit as a Fiddle, Burly Body
Lamball, Level: 6, Rank: 1, Gender: Female, HP IV: 42(0%), ATK IV: 96(0%), DEF IV: 16(0%), Work Speed: (0%), Skills: Mercy hit
Melpaca, Level: 9, Rank: 1, Gender: Female, HP IV: 86(0%), ATK IV: 20(0%), DEF IV: 47(0%), Work Speed: (0%), Skills: Conceited, Dainty Eater
Pengullet, Level: 3, Rank: 1, Gender: Female, HP IV: 27(0%), ATK IV: 61(0%), DEF IV: 91(0%), Work Speed: (0%), Skills: Slacker
avengerx7's 8 Pals
------------------
Cattiva, Level: 3, Rank: 1, Gender: Male, HP IV: 80(0%), ATK IV: 15(0%), DEF IV: 49(0%), Work Speed: (0%), Skills: Coward, Nocturnal
Cattiva, Level: 6, Rank: 1, Gender: Male, HP IV: 63(0%), ATK IV: 72(0%), DEF IV: 15(0%), Work Speed: (0%), Skills: Coward, Musclehead
Chikipi, Level: 6, Rank: 1, Gender: Female, HP IV: 19(0%), ATK IV: 24(0%), DEF IV: 29(0%), Work Speed: (0%), Skills: Workaholic
Chikipi, Level: 6, Rank: 1, Gender: Male, HP IV: 3(0%), ATK IV: 45(0%), DEF IV: 95(0%), Work Speed: (0%), Skills: Earthquake Resistant
Foxparks, Level: 6, Rank: 1, Gender: Male, HP IV: 33(0%), ATK IV: 60(0%), DEF IV: 53(0%), Work Speed: (0%), Skills: Fit as a Fiddle, Burly Body
Lamball, Level: 6, Rank: 1, Gender: Female, HP IV: 42(0%), ATK IV: 96(0%), DEF IV: 16(0%), Work Speed: (0%), Skills: Mercy hit
Melpaca, Level: 9, Rank: 1, Gender: Female, HP IV: 86(0%), ATK IV: 20(0%), DEF IV: 47(0%), Work Speed: (0%), Skills: Conceited, Dainty Eater
Pengullet, Level: 3, Rank: 1, Gender: Female, HP IV: 27(0%), ATK IV: 61(0%), DEF IV: 91(0%), Work Speed: (0%), Skills: Slacker
avengerx7's 8 Pals
------------------
Cattiva, Level: 3, Rank: 1, Gender: Male, HP IV: 80(0%), ATK IV: 15(0%), DEF IV: 49(0%), Work Speed: (0%), Skills: Coward, Nocturnal
Cattiva, Level: 6, Rank: 1, Gender: Male, HP IV: 63(0%), ATK IV: 72(0%), DEF IV: 15(0%), Work Speed: (0%), Skills: Coward, Musclehead
Chikipi, Level: 6, Rank: 1, Gender: Female, HP IV: 19(0%), ATK IV: 24(0%), DEF IV: 29(0%), Work Speed: (0%), Skills: Workaholic
Chikipi, Level: 6, Rank: 1, Gender: Male, HP IV: 3(0%), ATK IV: 45(0%), DEF IV: 95(0%), Work Speed: (0%), Skills: Earthquake Resistant
Foxparks, Level: 6, Rank: 1, Gender: Male, HP IV: 33(0%), ATK IV: 60(0%), DEF IV: 53(0%), Work Speed: (0%), Skills: Fit as a Fiddle, Burly Body
Lamball, Level: 6, Rank: 1, Gender: Female, HP IV: 42(0%), ATK IV: 96(0%), DEF IV: 16(0%), Work Speed: (0%), Skills: Mercy hit
Melpaca, Level: 9, Rank: 1, Gender: Female, HP IV: 86(0%), ATK IV: 20(0%), DEF IV: 47(0%), Work Speed: (0%), Skills: Conceited, Dainty Eater
Pengullet, Level: 3, Rank: 1, Gender: Female, HP IV: 27(0%), ATK IV: 61(0%), DEF IV: 91(0%), Work Speed: (0%), Skills: Slacker
avengerx7's 8 Pals
------------------
Cattiva, Level: 3, Rank: 1, Gender: Male, HP IV: 80(0%), ATK IV: 15(0%), DEF IV: 49(0%), Work Speed: (0%), Skills: Coward, Nocturnal
Cattiva, Level: 6, Rank: 1, Gender: Male, HP IV: 63(0%), ATK IV: 72(0%), DEF IV: 15(0%), Work Speed: (0%), Skills: Coward, Musclehead
Chikipi, Level: 6, Rank: 1, Gender: Female, HP IV: 19(0%), ATK IV: 24(0%), DEF IV: 29(0%), Work Speed: (0%), Skills: Workaholic
Chikipi, Level: 6, Rank: 1, Gender: Male, HP IV: 3(0%), ATK IV: 45(0%), DEF IV: 95(0%), Work Speed: (0%), Skills: Earthquake Resistant
Foxparks, Level: 6, Rank: 1, Gender: Male, HP IV: 33(0%), ATK IV: 60(0%), DEF IV: 53(0%), Work Speed: (0%), Skills: Fit as a Fiddle, Burly Body
Lamball, Level: 6, Rank: 1, Gender: Female, HP IV: 42(0%), ATK IV: 96(0%), DEF IV: 16(0%), Work Speed: (0%), Skills: Mercy hit
Melpaca, Level: 9, Rank: 1, Gender: Female, HP IV: 86(0%), ATK IV: 20(0%), DEF IV: 47(0%), Work Speed: (0%), Skills: Conceited, Dainty Eater
Pengullet, Level: 3, Rank: 1, Gender: Female, HP IV: 27(0%), ATK IV: 61(0%), DEF IV: 91(0%), Work Speed: (0%), Skills: Slacker
avengerx7's 8 Pals
------------------
Cattiva, Level: 3, Rank: 1, Gender: Male, HP IV: 80(0%), ATK IV: 15(0%), DEF IV: 49(0%), Work Speed: (0%), Skills: Coward, Nocturnal
Cattiva, Level: 6, Rank: 1, Gender: Male, HP IV: 63(0%), ATK IV: 72(0%), DEF IV: 15(0%), Work Speed: (0%), Skills: Coward, Musclehead
Chikipi, Level: 6, Rank: 1, Gender: Female, HP IV: 19(0%), ATK IV: 24(0%), DEF IV: 29(0%), Work Speed: (0%), Skills: Workaholic
Chikipi, Level: 6, Rank: 1, Gender: Male, HP IV: 3(0%), ATK IV: 45(0%), DEF IV: 95(0%), Work Speed: (0%), Skills: Earthquake Resistant
Foxparks, Level: 6, Rank: 1, Gender: Male, HP IV: 33(0%), ATK IV: 60(0%), DEF IV: 53(0%), Work Speed: (0%), Skills: Fit as a Fiddle, Burly Body
Lamball, Level: 6, Rank: 1, Gender: Female, HP IV: 42(0%), ATK IV: 96(0%), DEF IV: 16(0%), Work Speed: (0%), Skills: Mercy hit
Melpaca, Level: 9, Rank: 1, Gender: Female, HP IV: 86(0%), ATK IV: 20(0%), DEF IV: 47(0%), Work Speed: (0%), Skills: Conceited, Dainty Eater
Pengullet, Level: 3, Rank: 1, Gender: Female, HP IV: 27(0%), ATK IV: 61(0%), DEF IV: 91(0%), Work Speed: (0%), Skills: Slacker
avengerx7's 8 Pals
------------------
Cattiva, Level: 3, Rank: 1, Gender: Male, HP IV: 80(0%), ATK IV: 15(0%), DEF IV: 49(0%), Work Speed: (0%), Skills: Coward, Nocturnal
Cattiva, Level: 6, Rank: 1, Gender: Male, HP IV: 63(0%), ATK IV: 72(0%), DEF IV: 15(0%), Work Speed: (0%), Skills: Coward, Musclehead
Chikipi, Level: 6, Rank: 1, Gender: Female, HP IV: 19(0%), ATK IV: 24(0%), DEF IV: 29(0%), Work Speed: (0%), Skills: Workaholic
Chikipi, Level: 6, Rank: 1, Gender: Male, HP IV: 3(0%), ATK IV: 45(0%), DEF IV: 95(0%), Work Speed: (0%), Skills: Earthquake Resistant
Foxparks, Level: 6, Rank: 1, Gender: Male, HP IV: 33(0%), ATK IV: 60(0%), DEF IV: 53(0%), Work Speed: (0%), Skills: Fit as a Fiddle, Burly Body
Lamball, Level: 6, Rank: 1, Gender: Female, HP IV: 42(0%), ATK IV: 96(0%), DEF IV: 16(0%), Work Speed: (0%), Skills: Mercy hit
Melpaca, Level: 9, Rank: 1, Gender: Female, HP IV: 86(0%), ATK IV: 20(0%), DEF IV: 47(0%), Work Speed: (0%), Skills: Conceited, Dainty Eater
Pengullet, Level: 3, Rank: 1, Gender: Female, HP IV: 27(0%), ATK IV: 61(0%), DEF IV: 91(0%), Work Speed: (0%), Skills: Slacker
avengerx7's 8 Pals
------------------
Cattiva, Level: 3, Rank: 1, Gender: Male, HP IV: 80(0%), ATK IV: 15(0%), DEF IV: 49(0%), Work Speed: (0%), Skills: Coward, Nocturnal
Cattiva, Level: 6, Rank: 1, Gender: Male, HP IV: 63(0%), ATK IV: 72(0%), DEF IV: 15(0%), Work Speed: (0%), Skills: Coward, Musclehead
Chikipi, Level: 6, Rank: 1, Gender: Female, HP IV: 19(0%), ATK IV: 24(0%), DEF IV: 29(0%), Work Speed: (0%), Skills: Workaholic
Chikipi, Level: 6, Rank: 1, Gender: Male, HP IV: 3(0%), ATK IV: 45(0%), DEF IV: 95(0%), Work Speed: (0%), Skills: Earthquake Resistant
Foxparks, Level: 6, Rank: 1, Gender: Male, HP IV: 33(0%), ATK IV: 60(0%), DEF IV: 53(0%), Work Speed: (0%), Skills: Fit as a Fiddle, Burly Body
Lamball, Level: 6, Rank: 1, Gender: Female, HP IV: 42(0%), ATK IV: 96(0%), DEF IV: 16(0%), Work Speed: (0%), Skills: Mercy hit
Melpaca, Level: 9, Rank: 1, Gender: Female, HP IV: 86(0%), ATK IV: 20(0%), DEF IV: 47(0%), Work Speed: (0%), Skills: Conceited, Dainty Eater
Pengullet, Level: 3, Rank: 1, Gender: Female, HP IV: 27(0%), ATK IV: 61(0%), DEF IV: 91(0%), Work Speed: (0%), Skills: Slacker
