B Banner's 9 Pals
-----------------
Alpha Chillet, Level: 11, Rank: 1, Gender: Male, HP IV: 62(0%), ATK IV: 56(0%), DEF IV: 77(0%), Work Speed: (0%), Skills: Fragrant Foliage
Anubis, Level: 1, Rank: 1, Gender: Female, HP IV: 15(0%), ATK IV: 93(0%), DEF IV: 95(0%), Work Speed: (0%), Skills: Earth Emperor, Heated Body, Workaholic
Anubis, Level: 1, Rank: 1, Gender: Male, HP IV: 6(0%), ATK IV: 31(0%), DEF IV: 10(0%), Work Speed: (0%), Skills: Cheery, Earth Emperor
Anubis, Level: 1, Rank: 1, Gender: Male, HP IV: 70(0%), ATK IV: 62(0%), DEF IV: 95(0%), Work Speed: (0%), Skills: Earth Emperor
Anubis, Level: 5, Rank: 1, Gender: Male, HP IV: 63(0%), ATK IV: 90(0%), DEF IV: 67(0%), Work Speed: (0%), Skills: Cheery, Earth Emperor, Blood of the Dragon
Eikthyrdeer, Level: 13, Rank: 1, Gender: Female, HP IV: 89(0%), ATK IV: 68(0%), DEF IV: 76(0%), Work Speed: (0%), Skills: Coward, Masochist, Swift
Foxparks, Level: 11, Rank: 1, Gender: Male, HP IV: 69(0%), ATK IV: 20(0%), DEF IV: 47(0%), Work Speed: (0%), Skills: Hard Skin
Nitewing, Level: 13, Rank: 1, Gender: Female, HP IV: 44(0%), ATK IV: 79(0%), DEF IV: 2(0%), Work Speed: (0%), Skills: Suntan Lover
Pengullet, Level: 8, Rank: 1, Gender: Female, HP IV: 42(0%), ATK IV: 98(0%), DEF IV: 51(0%), Work Speed: (0%), Skills: Vanguard
B Banner's 9 Pals
-----------------
Alpha Chillet, Level: 11, Rank: 1, Gender: Male, HP IV: 62(0%), ATK IV: 56(0%), DEF IV: 77(0%), Work Speed: (0%), Skills: Fragrant Foliage
Anubis, Level: 1, Rank: 1, Gender: Female, HP IV: 15(0%), ATK IV: 93(0%), DEF IV: 95(0%), Work Speed: (0%), Skills: Earth Emperor, Heated Body, Workaholic
Anubis, Level: 1, Rank: 1, Gender: Male, HP IV: 6(0%), ATK IV: 31(0%), DEF IV: 10(0%), Work Speed: (0%), Skills: Cheery, Earth Emperor
Anubis, Level: 1, Rank: 1, Gender: Male, HP IV: 70(0%), ATK IV: 62(0%), DEF IV: 95(0%), Work Speed: (0%), Skills: Earth Emperor
Anubis, Level: 5, Rank: 1, Gender: Male, HP IV: 63(0%), ATK IV: 90(0%), DEF IV: 67(0%), Work Speed: (0%), Skills: Cheery, Earth Emperor, Blood of the Dragon
Eikthyrdeer, Level: 13, Rank: 1, Gender: Female, HP IV: 89(0%), ATK IV: 68(0%), DEF IV: 76(0%), Work Speed: (0%), Skills: Coward, Masochist, Swift
Foxparks, Level: 11, Rank: 1, Gender: Male, HP IV: 69(0%), ATK IV: 20(0%), DEF IV: 47(0%), Work Speed: (0%), Skills: Hard Skin
Nitewing, Level: 13, Rank: 1, Gender: Female, HP IV: 44(0%), ATK IV: 79(0%), DEF IV: 2(0%), Work Speed: (0%), Skills: Suntan Lover
Pengullet, Level: 8, Rank: 1, Gender: Female, HP IV: 42(0%), ATK IV: 98(0%), DEF IV: 51(0%), Work Speed: (0%), Skills: Vanguard
B Banner's 9 Pals
-----------------
Alpha Chillet, Level: 11, Rank: 1, Gender: Male, HP IV: 62(0%), ATK IV: 56(0%), DEF IV: 77(0%), Work Speed: (0%), Skills: Fragrant Foliage
Anubis, Level: 1, Rank: 1, Gender: Female, HP IV: 15(0%), ATK IV: 93(0%), DEF IV: 95(0%), Work Speed: (0%), Skills: Earth Emperor, Heated Body, Workaholic
Anubis, Level: 1, Rank: 1, Gender: Male, HP IV: 6(0%), ATK IV: 31(0%), DEF IV: 10(0%), Work Speed: (0%), Skills: Cheery, Earth Emperor
Anubis, Level: 1, Rank: 1, Gender: Male, HP IV: 70(0%), ATK IV: 62(0%), DEF IV: 95(0%), Work Speed: (0%), Skills: Earth Emperor
Anubis, Level: 5, Rank: 1, Gender: Male, HP IV: 63(0%), ATK IV: 90(0%), DEF IV: 67(0%), Work Speed: (0%), Skills: Cheery, Earth Emperor, Blood of the Dragon
Eikthyrdeer, Level: 13, Rank: 1, Gender: Female, HP IV: 89(0%), ATK IV: 68(0%), DEF IV: 76(0%), Work Speed: (0%), Skills: Coward, Masochist, Swift
Foxparks, Level: 11, Rank: 1, Gender: Male, HP IV: 69(0%), ATK IV: 20(0%), DEF IV: 47(0%), Work Speed: (0%), Skills: Hard Skin
Nitewing, Level: 13, Rank: 1, Gender: Female, HP IV: 44(0%), ATK IV: 79(0%), DEF IV: 2(0%), Work Speed: (0%), Skills: Suntan Lover
Pengullet, Level: 8, Rank: 1, Gender: Female, HP IV: 42(0%), ATK IV: 98(0%), DEF IV: 51(0%), Work Speed: (0%), Skills: Vanguard
B Banner's 9 Pals
-----------------
Alpha Chillet, Level: 11, Rank: 1, Gender: Male, HP IV: 62(0%), ATK IV: 56(0%), DEF IV: 77(0%), Work Speed: (0%), Skills: Fragrant Foliage
Anubis, Level: 1, Rank: 1, Gender: Female, HP IV: 15(0%), ATK IV: 93(0%), DEF IV: 95(0%), Work Speed: (0%), Skills: Earth Emperor, Heated Body, Workaholic
Anubis, Level: 1, Rank: 1, Gender: Male, HP IV: 6(0%), ATK IV: 31(0%), DEF IV: 10(0%), Work Speed: (0%), Skills: Cheery, Earth Emperor
Anubis, Level: 1, Rank: 1, Gender: Male, HP IV: 70(0%), ATK IV: 62(0%), DEF IV: 95(0%), Work Speed: (0%), Skills: Earth Emperor
Anubis, Level: 5, Rank: 1, Gender: Male, HP IV: 63(0%), ATK IV: 90(0%), DEF IV: 67(0%), Work Speed: (0%), Skills: Cheery, Earth Emperor, Blood of the Dragon
Eikthyrdeer, Level: 13, Rank: 1, Gender: Female, HP IV: 89(0%), ATK IV: 68(0%), DEF IV: 76(0%), Work Speed: (0%), Skills: Coward, Masochist, Swift
Foxparks, Level: 11, Rank: 1, Gender: Male, HP IV: 69(0%), ATK IV: 20(0%), DEF IV: 47(0%), Work Speed: (0%), Skills: Hard Skin
Nitewing, Level: 13, Rank: 1, Gender: Female, HP IV: 44(0%), ATK IV: 79(0%), DEF IV: 2(0%), Work Speed: (0%), Skills: Suntan Lover
Pengullet, Level: 8, Rank: 1, Gender: Female, HP IV: 42(0%), ATK IV: 98(0%), DEF IV: 51(0%), Work Speed: (0%), Skills: Vanguard
B Banner's 9 Pals
-----------------
Alpha Chillet, Level: 11, Rank: 1, Gender: Male, HP IV: 62(0%), ATK IV: 56(0%), DEF IV: 77(0%), Work Speed: (0%), Skills: Fragrant Foliage
Anubis, Level: 1, Rank: 1, Gender: Female, HP IV: 15(0%), ATK IV: 93(0%), DEF IV: 95(0%), Work Speed: (0%), Skills: Earth Emperor, Heated Body, Workaholic
Anubis, Level: 1, Rank: 1, Gender: Male, HP IV: 6(0%), ATK IV: 31(0%), DEF IV: 10(0%), Work Speed: (0%), Skills: Cheery, Earth Emperor
Anubis, Level: 1, Rank: 1, Gender: Male, HP IV: 70(0%), ATK IV: 62(0%), DEF IV: 95(0%), Work Speed: (0%), Skills: Earth Emperor
Anubis, Level: 5, Rank: 1, Gender: Male, HP IV: 63(0%), ATK IV: 90(0%), DEF IV: 67(0%), Work Speed: (0%), Skills: Cheery, Earth Emperor, Blood of the Dragon
Eikthyrdeer, Level: 13, Rank: 1, Gender: Female, HP IV: 89(0%), ATK IV: 68(0%), DEF IV: 76(0%), Work Speed: (0%), Skills: Coward, Masochist, Swift
Foxparks, Level: 11, Rank: 1, Gender: Male, HP IV: 69(0%), ATK IV: 20(0%), DEF IV: 47(0%), Work Speed: (0%), Skills: Hard Skin
Nitewing, Level: 13, Rank: 1, Gender: Female, HP IV: 44(0%), ATK IV: 79(0%), DEF IV: 2(0%), Work Speed: (0%), Skills: Suntan Lover
Pengullet, Level: 8, Rank: 1, Gender: Female, HP IV: 42(0%), ATK IV: 98(0%), DEF IV: 51(0%), Work Speed: (0%), Skills: Vanguard
B Banner's 9 Pals
-----------------
Alpha Chillet, Level: 11, Rank: 1, Gender: Male, HP IV: 62(0%), ATK IV: 56(0%), DEF IV: 77(0%), Work Speed: (0%), Skills: Fragrant Foliage
Anubis, Level: 1, Rank: 1, Gender: Female, HP IV: 15(0%), ATK IV: 93(0%), DEF IV: 95(0%), Work Speed: (0%), Skills: Earth Emperor, Heated Body, Workaholic
Anubis, Level: 1, Rank: 1, Gender: Male, HP IV: 6(0%), ATK IV: 31(0%), DEF IV: 10(0%), Work Speed: (0%), Skills: Cheery, Earth Emperor
Anubis, Level: 1, Rank: 1, Gender: Male, HP IV: 70(0%), ATK IV: 62(0%), DEF IV: 95(0%), Work Speed: (0%), Skills: Earth Emperor
Anubis, Level: 5, Rank: 1, Gender: Male, HP IV: 63(0%), ATK IV: 90(0%), DEF IV: 67(0%), Work Speed: (0%), Skills: Cheery, Earth Emperor, Blood of the Dragon
Eikthyrdeer, Level: 13, Rank: 1, Gender: Female, HP IV: 89(0%), ATK IV: 68(0%), DEF IV: 76(0%), Work Speed: (0%), Skills: Coward, Masochist, Swift
Foxparks, Level: 11, Rank: 1, Gender: Male, HP IV: 69(0%), ATK IV: 20(0%), DEF IV: 47(0%), Work Speed: (0%), Skills: Hard Skin
Nitewing, Level: 13, Rank: 1, Gender: Female, HP IV: 44(0%), ATK IV: 79(0%), DEF IV: 2(0%), Work Speed: (0%), Skills: Suntan Lover
Pengullet, Level: 8, Rank: 1, Gender: Female, HP IV: 42(0%), ATK IV: 98(0%), DEF IV: 51(0%), Work Speed: (0%), Skills: Vanguard
B Banner's 9 Pals
-----------------
Alpha Chillet, Level: 11, Rank: 1, Gender: Male, HP IV: 62(0%), ATK IV: 56(0%), DEF IV: 77(0%), Work Speed: (0%), Skills: Fragrant Foliage
Anubis, Level: 1, Rank: 1, Gender: Female, HP IV: 15(0%), ATK IV: 93(0%), DEF IV: 95(0%), Work Speed: (0%), Skills: Earth Emperor, Heated Body, Workaholic
Anubis, Level: 1, Rank: 1, Gender: Male, HP IV: 6(0%), ATK IV: 31(0%), DEF IV: 10(0%), Work Speed: (0%), Skills: Cheery, Earth Emperor
Anubis, Level: 1, Rank: 1, Gender: Male, HP IV: 70(0%), ATK IV: 62(0%), DEF IV: 95(0%), Work Speed: (0%), Skills: Earth Emperor
Anubis, Level: 5, Rank: 1, Gender: Male, HP IV: 63(0%), ATK IV: 90(0%), DEF IV: 67(0%), Work Speed: (0%), Skills: Cheery, Earth Emperor, Blood of the Dragon
Eikthyrdeer, Level: 13, Rank: 1, Gender: Female, HP IV: 89(0%), ATK IV: 68(0%), DEF IV: 76(0%), Work Speed: (0%), Skills: Coward, Masochist, Swift
Foxparks, Level: 11, Rank: 1, Gender: Male, HP IV: 69(0%), ATK IV: 20(0%), DEF IV: 47(0%), Work Speed: (0%), Skills: Hard Skin
Nitewing, Level: 13, Rank: 1, Gender: Female, HP IV: 44(0%), ATK IV: 79(0%), DEF IV: 2(0%), Work Speed: (0%), Skills: Suntan Lover
Pengullet, Level: 8, Rank: 1, Gender: Female, HP IV: 42(0%), ATK IV: 98(0%), DEF IV: 51(0%), Work Speed: (0%), Skills: Vanguard
B Banner's 9 Pals
-----------------
Alpha Chillet, Level: 11, Rank: 1, Gender: Male, HP IV: 62(0%), ATK IV: 56(0%), DEF IV: 77(0%), Work Speed: (0%), Skills: Fragrant Foliage
Anubis, Level: 1, Rank: 1, Gender: Female, HP IV: 15(0%), ATK IV: 93(0%), DEF IV: 95(0%), Work Speed: (0%), Skills: Earth Emperor, Heated Body, Workaholic
Anubis, Level: 1, Rank: 1, Gender: Male, HP IV: 6(0%), ATK IV: 31(0%), DEF IV: 10(0%), Work Speed: (0%), Skills: Cheery, Earth Emperor
Anubis, Level: 1, Rank: 1, Gender: Male, HP IV: 70(0%), ATK IV: 62(0%), DEF IV: 95(0%), Work Speed: (0%), Skills: Earth Emperor
Anubis, Level: 5, Rank: 1, Gender: Male, HP IV: 63(0%), ATK IV: 90(0%), DEF IV: 67(0%), Work Speed: (0%), Skills: Cheery, Earth Emperor, Blood of the Dragon
Eikthyrdeer, Level: 13, Rank: 1, Gender: Female, HP IV: 89(0%), ATK IV: 68(0%), DEF IV: 76(0%), Work Speed: (0%), Skills: Coward, Masochist, Swift
Foxparks, Level: 11, Rank: 1, Gender: Male, HP IV: 69(0%), ATK IV: 20(0%), DEF IV: 47(0%), Work Speed: (0%), Skills: Hard Skin
Nitewing, Level: 13, Rank: 1, Gender: Female, HP IV: 44(0%), ATK IV: 79(0%), DEF IV: 2(0%), Work Speed: (0%), Skills: Suntan Lover
Pengullet, Level: 8, Rank: 1, Gender: Female, HP IV: 42(0%), ATK IV: 98(0%), DEF IV: 51(0%), Work Speed: (0%), Skills: Vanguard
B Banner's 9 Pals
-----------------
Alpha Chillet, Level: 11, Rank: 1, Gender: Male, HP IV: 62(0%), ATK IV: 56(0%), DEF IV: 77(0%), Work Speed: (0%), Skills: Fragrant Foliage
Anubis, Level: 1, Rank: 1, Gender: Female, HP IV: 15(0%), ATK IV: 93(0%), DEF IV: 95(0%), Work Speed: (0%), Skills: Earth Emperor, Heated Body, Workaholic
Anubis, Level: 1, Rank: 1, Gender: Male, HP IV: 6(0%), ATK IV: 31(0%), DEF IV: 10(0%), Work Speed: (0%), Skills: Cheery, Earth Emperor
Anubis, Level: 1, Rank: 1, Gender: Male, HP IV: 70(0%), ATK IV: 62(0%), DEF IV: 95(0%), Work Speed: (0%), Skills: Earth Emperor
Anubis, Level: 5, Rank: 1, Gender: Male, HP IV: 63(0%), ATK IV: 90(0%), DEF IV: 67(0%), Work Speed: (0%), Skills: Cheery, Earth Emperor, Blood of the Dragon
Eikthyrdeer, Level: 13, Rank: 1, Gender: Female, HP IV: 89(0%), ATK IV: 68(0%), DEF IV: 76(0%), Work Speed: (0%), Skills: Coward, Masochist, Swift
Foxparks, Level: 11, Rank: 1, Gender: Male, HP IV: 69(0%), ATK IV: 20(0%), DEF IV: 47(0%), Work Speed: (0%), Skills: Hard Skin
Nitewing, Level: 13, Rank: 1, Gender: Female, HP IV: 44(0%), ATK IV: 79(0%), DEF IV: 2(0%), Work Speed: (0%), Skills: Suntan Lover
Pengullet, Level: 8, Rank: 1, Gender: Female, HP IV: 42(0%), ATK IV: 98(0%), DEF IV: 51(0%), Work Speed: (0%), Skills: Vanguard
B Banner's 9 Pals
-----------------
Alpha Chillet, Level: 11, Rank: 1, Gender: Male, HP IV: 62(0%), ATK IV: 56(0%), DEF IV: 77(0%), Work Speed: (0%), Skills: Fragrant Foliage
Anubis, Level: 1, Rank: 1, Gender: Female, HP IV: 15(0%), ATK IV: 93(0%), DEF IV: 95(0%), Work Speed: (0%), Skills: Earth Emperor, Heated Body, Workaholic
Anubis, Level: 1, Rank: 1, Gender: Male, HP IV: 6(0%), ATK IV: 31(0%), DEF IV: 10(0%), Work Speed: (0%), Skills: Cheery, Earth Emperor
Anubis, Level: 1, Rank: 1, Gender: Male, HP IV: 70(0%), ATK IV: 62(0%), DEF IV: 95(0%), Work Speed: (0%), Skills: Earth Emperor
Anubis, Level: 5, Rank: 1, Gender: Male, HP IV: 63(0%), ATK IV: 90(0%), DEF IV: 67(0%), Work Speed: (0%), Skills: Cheery, Earth Emperor, Blood of the Dragon
Eikthyrdeer, Level: 13, Rank: 1, Gender: Female, HP IV: 89(0%), ATK IV: 68(0%), DEF IV: 76(0%), Work Speed: (0%), Skills: Coward, Masochist, Swift
Foxparks, Level: 11, Rank: 1, Gender: Male, HP IV: 69(0%), ATK IV: 20(0%), DEF IV: 47(0%), Work Speed: (0%), Skills: Hard Skin
Nitewing, Level: 13, Rank: 1, Gender: Female, HP IV: 44(0%), ATK IV: 79(0%), DEF IV: 2(0%), Work Speed: (0%), Skills: Suntan Lover
Pengullet, Level: 8, Rank: 1, Gender: Female, HP IV: 42(0%), ATK IV: 98(0%), DEF IV: 51(0%), Work Speed: (0%), Skills: Vanguard
B Banner's 9 Pals
-----------------
Alpha Chillet, Level: 11, Rank: 1, Gender: Male, HP IV: 62(0%), ATK IV: 56(0%), DEF IV: 77(0%), Work Speed: (0%), Skills: Fragrant Foliage
Anubis, Level: 1, Rank: 1, Gender: Female, HP IV: 15(0%), ATK IV: 93(0%), DEF IV: 95(0%), Work Speed: (0%), Skills: Earth Emperor, Heated Body, Workaholic
Anubis, Level: 1, Rank: 1, Gender: Male, HP IV: 6(0%), ATK IV: 31(0%), DEF IV: 10(0%), Work Speed: (0%), Skills: Cheery, Earth Emperor
Anubis, Level: 1, Rank: 1, Gender: Male, HP IV: 70(0%), ATK IV: 62(0%), DEF IV: 95(0%), Work Speed: (0%), Skills: Earth Emperor
Anubis, Level: 5, Rank: 1, Gender: Male, HP IV: 63(0%), ATK IV: 90(0%), DEF IV: 67(0%), Work Speed: (0%), Skills: Cheery, Earth Emperor, Blood of the Dragon
Eikthyrdeer, Level: 13, Rank: 1, Gender: Female, HP IV: 89(0%), ATK IV: 68(0%), DEF IV: 76(0%), Work Speed: (0%), Skills: Coward, Masochist, Swift
Foxparks, Level: 11, Rank: 1, Gender: Male, HP IV: 69(0%), ATK IV: 20(0%), DEF IV: 47(0%), Work Speed: (0%), Skills: Hard Skin
Nitewing, Level: 13, Rank: 1, Gender: Female, HP IV: 44(0%), ATK IV: 79(0%), DEF IV: 2(0%), Work Speed: (0%), Skills: Suntan Lover
Pengullet, Level: 8, Rank: 1, Gender: Female, HP IV: 42(0%), ATK IV: 98(0%), DEF IV: 51(0%), Work Speed: (0%), Skills: Vanguard
B Banner's 9 Pals
-----------------
Alpha Chillet, Level: 11, Rank: 1, Gender: Male, HP IV: 62(0%), ATK IV: 56(0%), DEF IV: 77(0%), Work Speed: (0%), Skills: Fragrant Foliage
Anubis, Level: 1, Rank: 1, Gender: Female, HP IV: 15(0%), ATK IV: 93(0%), DEF IV: 95(0%), Work Speed: (0%), Skills: Earth Emperor, Heated Body, Workaholic
Anubis, Level: 1, Rank: 1, Gender: Male, HP IV: 6(0%), ATK IV: 31(0%), DEF IV: 10(0%), Work Speed: (0%), Skills: Cheery, Earth Emperor
Anubis, Level: 1, Rank: 1, Gender: Male, HP IV: 70(0%), ATK IV: 62(0%), DEF IV: 95(0%), Work Speed: (0%), Skills: Earth Emperor
Anubis, Level: 5, Rank: 1, Gender: Male, HP IV: 63(0%), ATK IV: 90(0%), DEF IV: 67(0%), Work Speed: (0%), Skills: Cheery, Earth Emperor, Blood of the Dragon
Eikthyrdeer, Level: 13, Rank: 1, Gender: Female, HP IV: 89(0%), ATK IV: 68(0%), DEF IV: 76(0%), Work Speed: (0%), Skills: Coward, Masochist, Swift
Foxparks, Level: 11, Rank: 1, Gender: Male, HP IV: 69(0%), ATK IV: 20(0%), DEF IV: 47(0%), Work Speed: (0%), Skills: Hard Skin
Nitewing, Level: 13, Rank: 1, Gender: Female, HP IV: 44(0%), ATK IV: 79(0%), DEF IV: 2(0%), Work Speed: (0%), Skills: Suntan Lover
Pengullet, Level: 8, Rank: 1, Gender: Female, HP IV: 42(0%), ATK IV: 98(0%), DEF IV: 51(0%), Work Speed: (0%), Skills: Vanguard
B Banner's 9 Pals
-----------------
Alpha Chillet, Level: 11, Rank: 1, Gender: Male, HP IV: 62(0%), ATK IV: 56(0%), DEF IV: 77(0%), Work Speed: (0%), Skills: Fragrant Foliage
Anubis, Level: 1, Rank: 1, Gender: Female, HP IV: 15(0%), ATK IV: 93(0%), DEF IV: 95(0%), Work Speed: (0%), Skills: Earth Emperor, Heated Body, Workaholic
Anubis, Level: 1, Rank: 1, Gender: Male, HP IV: 6(0%), ATK IV: 31(0%), DEF IV: 10(0%), Work Speed: (0%), Skills: Cheery, Earth Emperor
Anubis, Level: 1, Rank: 1, Gender: Male, HP IV: 70(0%), ATK IV: 62(0%), DEF IV: 95(0%), Work Speed: (0%), Skills: Earth Emperor
Anubis, Level: 5, Rank: 1, Gender: Male, HP IV: 63(0%), ATK IV: 90(0%), DEF IV: 67(0%), Work Speed: (0%), Skills: Cheery, Earth Emperor, Blood of the Dragon
Eikthyrdeer, Level: 13, Rank: 1, Gender: Female, HP IV: 89(0%), ATK IV: 68(0%), DEF IV: 76(0%), Work Speed: (0%), Skills: Coward, Masochist, Swift
Foxparks, Level: 11, Rank: 1, Gender: Male, HP IV: 69(0%), ATK IV: 20(0%), DEF IV: 47(0%), Work Speed: (0%), Skills: Hard Skin
Nitewing, Level: 13, Rank: 1, Gender: Female, HP IV: 44(0%), ATK IV: 79(0%), DEF IV: 2(0%), Work Speed: (0%), Skills: Suntan Lover
Pengullet, Level: 8, Rank: 1, Gender: Female, HP IV: 42(0%), ATK IV: 98(0%), DEF IV: 51(0%), Work Speed: (0%), Skills: Vanguard
B Banner's 9 Pals
-----------------
Alpha Chillet, Level: 11, Rank: 1, Gender: Male, HP IV: 62(0%), ATK IV: 56(0%), DEF IV: 77(0%), Work Speed: (0%), Skills: Fragrant Foliage
Anubis, Level: 1, Rank: 1, Gender: Female, HP IV: 15(0%), ATK IV: 93(0%), DEF IV: 95(0%), Work Speed: (0%), Skills: Earth Emperor, Heated Body, Workaholic
Anubis, Level: 1, Rank: 1, Gender: Male, HP IV: 6(0%), ATK IV: 31(0%), DEF IV: 10(0%), Work Speed: (0%), Skills: Cheery, Earth Emperor
Anubis, Level: 1, Rank: 1, Gender: Male, HP IV: 70(0%), ATK IV: 62(0%), DEF IV: 95(0%), Work Speed: (0%), Skills: Earth Emperor
Anubis, Level: 5, Rank: 1, Gender: Male, HP IV: 63(0%), ATK IV: 90(0%), DEF IV: 67(0%), Work Speed: (0%), Skills: Cheery, Earth Emperor, Blood of the Dragon
Eikthyrdeer, Level: 13, Rank: 1, Gender: Female, HP IV: 89(0%), ATK IV: 68(0%), DEF IV: 76(0%), Work Speed: (0%), Skills: Coward, Masochist, Swift
Foxparks, Level: 11, Rank: 1, Gender: Male, HP IV: 69(0%), ATK IV: 20(0%), DEF IV: 47(0%), Work Speed: (0%), Skills: Hard Skin
Nitewing, Level: 13, Rank: 1, Gender: Female, HP IV: 44(0%), ATK IV: 79(0%), DEF IV: 2(0%), Work Speed: (0%), Skills: Suntan Lover
Pengullet, Level: 8, Rank: 1, Gender: Female, HP IV: 42(0%), ATK IV: 98(0%), DEF IV: 51(0%), Work Speed: (0%), Skills: Vanguard
