BAananbeater's 17 Pals
----------------------
Alpha Mau, Level: 18, Rank: 1, Gender: Female, HP IV: 57(0%), ATK IV: 90(0%), DEF IV: 61(0%), Work Speed: (0%), Skills: Coldblooded, Zen Mind, Capacitor
Alpha Sweepa, Level: 11, Rank: 1, Gender: Male, HP IV: 84(0%), ATK IV: 62(0%), DEF IV: 67(0%), Work Speed: (0%), Skills: Aggressive, Blood of the Dragon
Cattiva, Level: 4, Rank: 1, Gender: Male, HP IV: 61(0%), ATK IV: 44(0%), DEF IV: 14(0%), Work Speed: (0%), Skills: Coward, Earthquake Resistant
Celaray, Level: 2, Rank: 1, Gender: Female, HP IV: 30(0%), ATK IV: 69(0%), DEF IV: 35(0%), Work Speed: (0%), Skills: Fragrant Foliage, Infinite Stamina
Croajiro, Level: 7, Rank: 1, Gender: Male, HP IV: 69(0%), ATK IV: 3(0%), DEF IV: 48(0%), Work Speed: (0%), Skills: Easygoing
Depresso, Level: 7, Rank: 1, Gender: Female, HP IV: 93(0%), ATK IV: 16(0%), DEF IV: 22(0%), Work Speed: (0%), Skills: Slacker
Direhowl, Level: 7, Rank: 1, Gender: Male, HP IV: 91(0%), ATK IV: 41(0%), DEF IV: 19(0%), Work Speed: (0%)
Eikthyrdeer, Level: 10, Rank: 1, Gender: Female, HP IV: 70(0%), ATK IV: 67(0%), DEF IV: 16(0%), Work Speed: (0%), Skills: Conceited
Foxparks, Level: 1, Rank: 1, Gender: Female, HP IV: 60(0%), ATK IV: 86(0%), DEF IV: 41(0%), Work Speed: (0%), Skills: Runner
Killamari, Level: 14, Rank: 1, Gender: Female, HP IV: 58(0%), ATK IV: 78(0%), DEF IV: 36(0%), Work Speed: (0%), Skills: Abnormal
Killamari, Level: 7, Rank: 1, Gender: Female, HP IV: 84(0%), ATK IV: 47(0%), DEF IV: 4(0%), Work Speed: (0%), Skills: Philantropist
Lamball, Level: 12, Rank: 1, Gender: Male, HP IV: 86(0%), ATK IV: 23(0%), DEF IV: 53(0%), Work Speed: (0%), Skills: Artisan
Mau, Level: 8, Rank: 1, Gender: Female, HP IV: 88(0%), ATK IV: 77(0%), DEF IV: 66(0%), Work Speed: (0%), Skills: Hard Skin
Melpaca, Level: 12, Rank: 1, Gender: Male, HP IV: 16(0%), ATK IV: 56(0%), DEF IV: 11(0%), Work Speed: (0%), Skills: Work Slave
Melpaca, Level: 9, Rank: 1, Gender: Female, HP IV: 8(0%), ATK IV: 55(0%), DEF IV: 18(0%), Work Speed: (0%), Skills: Slacker
Rooby, Level: 12, Rank: 1, Gender: Male, HP IV: 28(0%), ATK IV: 4(0%), DEF IV: 24(0%), Work Speed: (0%)
Swee, Level: 9, Rank: 1, Gender: Male, HP IV: 72(0%), ATK IV: 60(0%), DEF IV: 53(0%), Work Speed: (0%), Skills: Sadist, Insulated Body
BAananbeater's 17 Pals
----------------------
Alpha Mau, Level: 18, Rank: 1, Gender: Female, HP IV: 57(0%), ATK IV: 90(0%), DEF IV: 61(0%), Work Speed: (0%), Skills: Coldblooded, Zen Mind, Capacitor
Alpha Sweepa, Level: 11, Rank: 1, Gender: Male, HP IV: 84(0%), ATK IV: 62(0%), DEF IV: 67(0%), Work Speed: (0%), Skills: Aggressive, Blood of the Dragon
Cattiva, Level: 4, Rank: 1, Gender: Male, HP IV: 61(0%), ATK IV: 44(0%), DEF IV: 14(0%), Work Speed: (0%), Skills: Coward, Earthquake Resistant
Celaray, Level: 2, Rank: 1, Gender: Female, HP IV: 30(0%), ATK IV: 69(0%), DEF IV: 35(0%), Work Speed: (0%), Skills: Fragrant Foliage, Infinite Stamina
Croajiro, Level: 7, Rank: 1, Gender: Male, HP IV: 69(0%), ATK IV: 3(0%), DEF IV: 48(0%), Work Speed: (0%), Skills: Easygoing
Depresso, Level: 7, Rank: 1, Gender: Female, HP IV: 93(0%), ATK IV: 16(0%), DEF IV: 22(0%), Work Speed: (0%), Skills: Slacker
Direhowl, Level: 7, Rank: 1, Gender: Male, HP IV: 91(0%), ATK IV: 41(0%), DEF IV: 19(0%), Work Speed: (0%)
Eikthyrdeer, Level: 10, Rank: 1, Gender: Female, HP IV: 70(0%), ATK IV: 67(0%), DEF IV: 16(0%), Work Speed: (0%), Skills: Conceited
Foxparks, Level: 1, Rank: 1, Gender: Female, HP IV: 60(0%), ATK IV: 86(0%), DEF IV: 41(0%), Work Speed: (0%), Skills: Runner
Killamari, Level: 14, Rank: 1, Gender: Female, HP IV: 58(0%), ATK IV: 78(0%), DEF IV: 36(0%), Work Speed: (0%), Skills: Abnormal
Killamari, Level: 7, Rank: 1, Gender: Female, HP IV: 84(0%), ATK IV: 47(0%), DEF IV: 4(0%), Work Speed: (0%), Skills: Philantropist
Lamball, Level: 12, Rank: 1, Gender: Male, HP IV: 86(0%), ATK IV: 23(0%), DEF IV: 53(0%), Work Speed: (0%), Skills: Artisan
Mau, Level: 8, Rank: 1, Gender: Female, HP IV: 88(0%), ATK IV: 77(0%), DEF IV: 66(0%), Work Speed: (0%), Skills: Hard Skin
Melpaca, Level: 12, Rank: 1, Gender: Male, HP IV: 16(0%), ATK IV: 56(0%), DEF IV: 11(0%), Work Speed: (0%), Skills: Work Slave
Melpaca, Level: 9, Rank: 1, Gender: Female, HP IV: 8(0%), ATK IV: 55(0%), DEF IV: 18(0%), Work Speed: (0%), Skills: Slacker
Rooby, Level: 12, Rank: 1, Gender: Male, HP IV: 28(0%), ATK IV: 4(0%), DEF IV: 24(0%), Work Speed: (0%)
Swee, Level: 9, Rank: 1, Gender: Male, HP IV: 72(0%), ATK IV: 60(0%), DEF IV: 53(0%), Work Speed: (0%), Skills: Sadist, Insulated Body
BAananbeater's 17 Pals
----------------------
Alpha Mau, Level: 18, Rank: 1, Gender: Female, HP IV: 57(0%), ATK IV: 90(0%), DEF IV: 61(0%), Work Speed: (0%), Skills: Coldblooded, Zen Mind, Capacitor
Alpha Sweepa, Level: 11, Rank: 1, Gender: Male, HP IV: 84(0%), ATK IV: 62(0%), DEF IV: 67(0%), Work Speed: (0%), Skills: Aggressive, Blood of the Dragon
Cattiva, Level: 4, Rank: 1, Gender: Male, HP IV: 61(0%), ATK IV: 44(0%), DEF IV: 14(0%), Work Speed: (0%), Skills: Coward, Earthquake Resistant
Celaray, Level: 2, Rank: 1, Gender: Female, HP IV: 30(0%), ATK IV: 69(0%), DEF IV: 35(0%), Work Speed: (0%), Skills: Fragrant Foliage, Infinite Stamina
Croajiro, Level: 7, Rank: 1, Gender: Male, HP IV: 69(0%), ATK IV: 3(0%), DEF IV: 48(0%), Work Speed: (0%), Skills: Easygoing
Depresso, Level: 7, Rank: 1, Gender: Female, HP IV: 93(0%), ATK IV: 16(0%), DEF IV: 22(0%), Work Speed: (0%), Skills: Slacker
Direhowl, Level: 7, Rank: 1, Gender: Male, HP IV: 91(0%), ATK IV: 41(0%), DEF IV: 19(0%), Work Speed: (0%)
Eikthyrdeer, Level: 10, Rank: 1, Gender: Female, HP IV: 70(0%), ATK IV: 67(0%), DEF IV: 16(0%), Work Speed: (0%), Skills: Conceited
Foxparks, Level: 1, Rank: 1, Gender: Female, HP IV: 60(0%), ATK IV: 86(0%), DEF IV: 41(0%), Work Speed: (0%), Skills: Runner
Killamari, Level: 14, Rank: 1, Gender: Female, HP IV: 58(0%), ATK IV: 78(0%), DEF IV: 36(0%), Work Speed: (0%), Skills: Abnormal
Killamari, Level: 7, Rank: 1, Gender: Female, HP IV: 84(0%), ATK IV: 47(0%), DEF IV: 4(0%), Work Speed: (0%), Skills: Philantropist
Lamball, Level: 12, Rank: 1, Gender: Male, HP IV: 86(0%), ATK IV: 23(0%), DEF IV: 53(0%), Work Speed: (0%), Skills: Artisan
Mau, Level: 8, Rank: 1, Gender: Female, HP IV: 88(0%), ATK IV: 77(0%), DEF IV: 66(0%), Work Speed: (0%), Skills: Hard Skin
Melpaca, Level: 12, Rank: 1, Gender: Male, HP IV: 16(0%), ATK IV: 56(0%), DEF IV: 11(0%), Work Speed: (0%), Skills: Work Slave
Melpaca, Level: 9, Rank: 1, Gender: Female, HP IV: 8(0%), ATK IV: 55(0%), DEF IV: 18(0%), Work Speed: (0%), Skills: Slacker
Rooby, Level: 12, Rank: 1, Gender: Male, HP IV: 28(0%), ATK IV: 4(0%), DEF IV: 24(0%), Work Speed: (0%)
Swee, Level: 9, Rank: 1, Gender: Male, HP IV: 72(0%), ATK IV: 60(0%), DEF IV: 53(0%), Work Speed: (0%), Skills: Sadist, Insulated Body
BAananbeater's 17 Pals
----------------------
Alpha Mau, Level: 18, Rank: 1, Gender: Female, HP IV: 57(0%), ATK IV: 90(0%), DEF IV: 61(0%), Work Speed: (0%), Skills: Coldblooded, Zen Mind, Capacitor
Alpha Sweepa, Level: 11, Rank: 1, Gender: Male, HP IV: 84(0%), ATK IV: 62(0%), DEF IV: 67(0%), Work Speed: (0%), Skills: Aggressive, Blood of the Dragon
Cattiva, Level: 4, Rank: 1, Gender: Male, HP IV: 61(0%), ATK IV: 44(0%), DEF IV: 14(0%), Work Speed: (0%), Skills: Coward, Earthquake Resistant
Celaray, Level: 2, Rank: 1, Gender: Female, HP IV: 30(0%), ATK IV: 69(0%), DEF IV: 35(0%), Work Speed: (0%), Skills: Fragrant Foliage, Infinite Stamina
Croajiro, Level: 7, Rank: 1, Gender: Male, HP IV: 69(0%), ATK IV: 3(0%), DEF IV: 48(0%), Work Speed: (0%), Skills: Easygoing
Depresso, Level: 7, Rank: 1, Gender: Female, HP IV: 93(0%), ATK IV: 16(0%), DEF IV: 22(0%), Work Speed: (0%), Skills: Slacker
Direhowl, Level: 7, Rank: 1, Gender: Male, HP IV: 91(0%), ATK IV: 41(0%), DEF IV: 19(0%), Work Speed: (0%)
Eikthyrdeer, Level: 10, Rank: 1, Gender: Female, HP IV: 70(0%), ATK IV: 67(0%), DEF IV: 16(0%), Work Speed: (0%), Skills: Conceited
Foxparks, Level: 1, Rank: 1, Gender: Female, HP IV: 60(0%), ATK IV: 86(0%), DEF IV: 41(0%), Work Speed: (0%), Skills: Runner
Killamari, Level: 14, Rank: 1, Gender: Female, HP IV: 58(0%), ATK IV: 78(0%), DEF IV: 36(0%), Work Speed: (0%), Skills: Abnormal
Killamari, Level: 7, Rank: 1, Gender: Female, HP IV: 84(0%), ATK IV: 47(0%), DEF IV: 4(0%), Work Speed: (0%), Skills: Philantropist
Lamball, Level: 12, Rank: 1, Gender: Male, HP IV: 86(0%), ATK IV: 23(0%), DEF IV: 53(0%), Work Speed: (0%), Skills: Artisan
Mau, Level: 8, Rank: 1, Gender: Female, HP IV: 88(0%), ATK IV: 77(0%), DEF IV: 66(0%), Work Speed: (0%), Skills: Hard Skin
Melpaca, Level: 12, Rank: 1, Gender: Male, HP IV: 16(0%), ATK IV: 56(0%), DEF IV: 11(0%), Work Speed: (0%), Skills: Work Slave
Melpaca, Level: 9, Rank: 1, Gender: Female, HP IV: 8(0%), ATK IV: 55(0%), DEF IV: 18(0%), Work Speed: (0%), Skills: Slacker
Rooby, Level: 12, Rank: 1, Gender: Male, HP IV: 28(0%), ATK IV: 4(0%), DEF IV: 24(0%), Work Speed: (0%)
Swee, Level: 9, Rank: 1, Gender: Male, HP IV: 72(0%), ATK IV: 60(0%), DEF IV: 53(0%), Work Speed: (0%), Skills: Sadist, Insulated Body
BAananbeater's 17 Pals
----------------------
Alpha Mau, Level: 18, Rank: 1, Gender: Female, HP IV: 57(0%), ATK IV: 90(0%), DEF IV: 61(0%), Work Speed: (0%), Skills: Coldblooded, Zen Mind, Capacitor
Alpha Sweepa, Level: 11, Rank: 1, Gender: Male, HP IV: 84(0%), ATK IV: 62(0%), DEF IV: 67(0%), Work Speed: (0%), Skills: Aggressive, Blood of the Dragon
Cattiva, Level: 4, Rank: 1, Gender: Male, HP IV: 61(0%), ATK IV: 44(0%), DEF IV: 14(0%), Work Speed: (0%), Skills: Coward, Earthquake Resistant
Celaray, Level: 2, Rank: 1, Gender: Female, HP IV: 30(0%), ATK IV: 69(0%), DEF IV: 35(0%), Work Speed: (0%), Skills: Fragrant Foliage, Infinite Stamina
Croajiro, Level: 7, Rank: 1, Gender: Male, HP IV: 69(0%), ATK IV: 3(0%), DEF IV: 48(0%), Work Speed: (0%), Skills: Easygoing
Depresso, Level: 7, Rank: 1, Gender: Female, HP IV: 93(0%), ATK IV: 16(0%), DEF IV: 22(0%), Work Speed: (0%), Skills: Slacker
Direhowl, Level: 7, Rank: 1, Gender: Male, HP IV: 91(0%), ATK IV: 41(0%), DEF IV: 19(0%), Work Speed: (0%)
Eikthyrdeer, Level: 10, Rank: 1, Gender: Female, HP IV: 70(0%), ATK IV: 67(0%), DEF IV: 16(0%), Work Speed: (0%), Skills: Conceited
Foxparks, Level: 1, Rank: 1, Gender: Female, HP IV: 60(0%), ATK IV: 86(0%), DEF IV: 41(0%), Work Speed: (0%), Skills: Runner
Killamari, Level: 14, Rank: 1, Gender: Female, HP IV: 58(0%), ATK IV: 78(0%), DEF IV: 36(0%), Work Speed: (0%), Skills: Abnormal
Killamari, Level: 7, Rank: 1, Gender: Female, HP IV: 84(0%), ATK IV: 47(0%), DEF IV: 4(0%), Work Speed: (0%), Skills: Philantropist
Lamball, Level: 12, Rank: 1, Gender: Male, HP IV: 86(0%), ATK IV: 23(0%), DEF IV: 53(0%), Work Speed: (0%), Skills: Artisan
Mau, Level: 8, Rank: 1, Gender: Female, HP IV: 88(0%), ATK IV: 77(0%), DEF IV: 66(0%), Work Speed: (0%), Skills: Hard Skin
Melpaca, Level: 12, Rank: 1, Gender: Male, HP IV: 16(0%), ATK IV: 56(0%), DEF IV: 11(0%), Work Speed: (0%), Skills: Work Slave
Melpaca, Level: 9, Rank: 1, Gender: Female, HP IV: 8(0%), ATK IV: 55(0%), DEF IV: 18(0%), Work Speed: (0%), Skills: Slacker
Rooby, Level: 12, Rank: 1, Gender: Male, HP IV: 28(0%), ATK IV: 4(0%), DEF IV: 24(0%), Work Speed: (0%)
Swee, Level: 9, Rank: 1, Gender: Male, HP IV: 72(0%), ATK IV: 60(0%), DEF IV: 53(0%), Work Speed: (0%), Skills: Sadist, Insulated Body
BAananbeater's 17 Pals
----------------------
Alpha Mau, Level: 18, Rank: 1, Gender: Female, HP IV: 57(0%), ATK IV: 90(0%), DEF IV: 61(0%), Work Speed: (0%), Skills: Coldblooded, Zen Mind, Capacitor
Alpha Sweepa, Level: 11, Rank: 1, Gender: Male, HP IV: 84(0%), ATK IV: 62(0%), DEF IV: 67(0%), Work Speed: (0%), Skills: Aggressive, Blood of the Dragon
Cattiva, Level: 4, Rank: 1, Gender: Male, HP IV: 61(0%), ATK IV: 44(0%), DEF IV: 14(0%), Work Speed: (0%), Skills: Coward, Earthquake Resistant
Celaray, Level: 2, Rank: 1, Gender: Female, HP IV: 30(0%), ATK IV: 69(0%), DEF IV: 35(0%), Work Speed: (0%), Skills: Fragrant Foliage, Infinite Stamina
Croajiro, Level: 7, Rank: 1, Gender: Male, HP IV: 69(0%), ATK IV: 3(0%), DEF IV: 48(0%), Work Speed: (0%), Skills: Easygoing
Depresso, Level: 7, Rank: 1, Gender: Female, HP IV: 93(0%), ATK IV: 16(0%), DEF IV: 22(0%), Work Speed: (0%), Skills: Slacker
Direhowl, Level: 7, Rank: 1, Gender: Male, HP IV: 91(0%), ATK IV: 41(0%), DEF IV: 19(0%), Work Speed: (0%)
Eikthyrdeer, Level: 10, Rank: 1, Gender: Female, HP IV: 70(0%), ATK IV: 67(0%), DEF IV: 16(0%), Work Speed: (0%), Skills: Conceited
Foxparks, Level: 1, Rank: 1, Gender: Female, HP IV: 60(0%), ATK IV: 86(0%), DEF IV: 41(0%), Work Speed: (0%), Skills: Runner
Killamari, Level: 14, Rank: 1, Gender: Female, HP IV: 58(0%), ATK IV: 78(0%), DEF IV: 36(0%), Work Speed: (0%), Skills: Abnormal
Killamari, Level: 7, Rank: 1, Gender: Female, HP IV: 84(0%), ATK IV: 47(0%), DEF IV: 4(0%), Work Speed: (0%), Skills: Philantropist
Lamball, Level: 12, Rank: 1, Gender: Male, HP IV: 86(0%), ATK IV: 23(0%), DEF IV: 53(0%), Work Speed: (0%), Skills: Artisan
Mau, Level: 8, Rank: 1, Gender: Female, HP IV: 88(0%), ATK IV: 77(0%), DEF IV: 66(0%), Work Speed: (0%), Skills: Hard Skin
Melpaca, Level: 12, Rank: 1, Gender: Male, HP IV: 16(0%), ATK IV: 56(0%), DEF IV: 11(0%), Work Speed: (0%), Skills: Work Slave
Melpaca, Level: 9, Rank: 1, Gender: Female, HP IV: 8(0%), ATK IV: 55(0%), DEF IV: 18(0%), Work Speed: (0%), Skills: Slacker
Rooby, Level: 12, Rank: 1, Gender: Male, HP IV: 28(0%), ATK IV: 4(0%), DEF IV: 24(0%), Work Speed: (0%)
Swee, Level: 9, Rank: 1, Gender: Male, HP IV: 72(0%), ATK IV: 60(0%), DEF IV: 53(0%), Work Speed: (0%), Skills: Sadist, Insulated Body
BAananbeater's 17 Pals
----------------------
Alpha Mau, Level: 18, Rank: 1, Gender: Female, HP IV: 57(0%), ATK IV: 90(0%), DEF IV: 61(0%), Work Speed: (0%), Skills: Coldblooded, Zen Mind, Capacitor
Alpha Sweepa, Level: 11, Rank: 1, Gender: Male, HP IV: 84(0%), ATK IV: 62(0%), DEF IV: 67(0%), Work Speed: (0%), Skills: Aggressive, Blood of the Dragon
Cattiva, Level: 4, Rank: 1, Gender: Male, HP IV: 61(0%), ATK IV: 44(0%), DEF IV: 14(0%), Work Speed: (0%), Skills: Coward, Earthquake Resistant
Celaray, Level: 2, Rank: 1, Gender: Female, HP IV: 30(0%), ATK IV: 69(0%), DEF IV: 35(0%), Work Speed: (0%), Skills: Fragrant Foliage, Infinite Stamina
Croajiro, Level: 7, Rank: 1, Gender: Male, HP IV: 69(0%), ATK IV: 3(0%), DEF IV: 48(0%), Work Speed: (0%), Skills: Easygoing
Depresso, Level: 7, Rank: 1, Gender: Female, HP IV: 93(0%), ATK IV: 16(0%), DEF IV: 22(0%), Work Speed: (0%), Skills: Slacker
Direhowl, Level: 7, Rank: 1, Gender: Male, HP IV: 91(0%), ATK IV: 41(0%), DEF IV: 19(0%), Work Speed: (0%)
Eikthyrdeer, Level: 10, Rank: 1, Gender: Female, HP IV: 70(0%), ATK IV: 67(0%), DEF IV: 16(0%), Work Speed: (0%), Skills: Conceited
Foxparks, Level: 1, Rank: 1, Gender: Female, HP IV: 60(0%), ATK IV: 86(0%), DEF IV: 41(0%), Work Speed: (0%), Skills: Runner
Killamari, Level: 14, Rank: 1, Gender: Female, HP IV: 58(0%), ATK IV: 78(0%), DEF IV: 36(0%), Work Speed: (0%), Skills: Abnormal
Killamari, Level: 7, Rank: 1, Gender: Female, HP IV: 84(0%), ATK IV: 47(0%), DEF IV: 4(0%), Work Speed: (0%), Skills: Philantropist
Lamball, Level: 12, Rank: 1, Gender: Male, HP IV: 86(0%), ATK IV: 23(0%), DEF IV: 53(0%), Work Speed: (0%), Skills: Artisan
Mau, Level: 8, Rank: 1, Gender: Female, HP IV: 88(0%), ATK IV: 77(0%), DEF IV: 66(0%), Work Speed: (0%), Skills: Hard Skin
Melpaca, Level: 12, Rank: 1, Gender: Male, HP IV: 16(0%), ATK IV: 56(0%), DEF IV: 11(0%), Work Speed: (0%), Skills: Work Slave
Melpaca, Level: 9, Rank: 1, Gender: Female, HP IV: 8(0%), ATK IV: 55(0%), DEF IV: 18(0%), Work Speed: (0%), Skills: Slacker
Rooby, Level: 12, Rank: 1, Gender: Male, HP IV: 28(0%), ATK IV: 4(0%), DEF IV: 24(0%), Work Speed: (0%)
Swee, Level: 9, Rank: 1, Gender: Male, HP IV: 72(0%), ATK IV: 60(0%), DEF IV: 53(0%), Work Speed: (0%), Skills: Sadist, Insulated Body
BAananbeater's 17 Pals
----------------------
Alpha Mau, Level: 18, Rank: 1, Gender: Female, HP IV: 57(0%), ATK IV: 90(0%), DEF IV: 61(0%), Work Speed: (0%), Skills: Coldblooded, Zen Mind, Capacitor
Alpha Sweepa, Level: 11, Rank: 1, Gender: Male, HP IV: 84(0%), ATK IV: 62(0%), DEF IV: 67(0%), Work Speed: (0%), Skills: Aggressive, Blood of the Dragon
Cattiva, Level: 4, Rank: 1, Gender: Male, HP IV: 61(0%), ATK IV: 44(0%), DEF IV: 14(0%), Work Speed: (0%), Skills: Coward, Earthquake Resistant
Celaray, Level: 2, Rank: 1, Gender: Female, HP IV: 30(0%), ATK IV: 69(0%), DEF IV: 35(0%), Work Speed: (0%), Skills: Fragrant Foliage, Infinite Stamina
Croajiro, Level: 7, Rank: 1, Gender: Male, HP IV: 69(0%), ATK IV: 3(0%), DEF IV: 48(0%), Work Speed: (0%), Skills: Easygoing
Depresso, Level: 7, Rank: 1, Gender: Female, HP IV: 93(0%), ATK IV: 16(0%), DEF IV: 22(0%), Work Speed: (0%), Skills: Slacker
Direhowl, Level: 7, Rank: 1, Gender: Male, HP IV: 91(0%), ATK IV: 41(0%), DEF IV: 19(0%), Work Speed: (0%)
Eikthyrdeer, Level: 10, Rank: 1, Gender: Female, HP IV: 70(0%), ATK IV: 67(0%), DEF IV: 16(0%), Work Speed: (0%), Skills: Conceited
Foxparks, Level: 1, Rank: 1, Gender: Female, HP IV: 60(0%), ATK IV: 86(0%), DEF IV: 41(0%), Work Speed: (0%), Skills: Runner
Killamari, Level: 14, Rank: 1, Gender: Female, HP IV: 58(0%), ATK IV: 78(0%), DEF IV: 36(0%), Work Speed: (0%), Skills: Abnormal
Killamari, Level: 7, Rank: 1, Gender: Female, HP IV: 84(0%), ATK IV: 47(0%), DEF IV: 4(0%), Work Speed: (0%), Skills: Philantropist
Lamball, Level: 12, Rank: 1, Gender: Male, HP IV: 86(0%), ATK IV: 23(0%), DEF IV: 53(0%), Work Speed: (0%), Skills: Artisan
Mau, Level: 8, Rank: 1, Gender: Female, HP IV: 88(0%), ATK IV: 77(0%), DEF IV: 66(0%), Work Speed: (0%), Skills: Hard Skin
Melpaca, Level: 12, Rank: 1, Gender: Male, HP IV: 16(0%), ATK IV: 56(0%), DEF IV: 11(0%), Work Speed: (0%), Skills: Work Slave
Melpaca, Level: 9, Rank: 1, Gender: Female, HP IV: 8(0%), ATK IV: 55(0%), DEF IV: 18(0%), Work Speed: (0%), Skills: Slacker
Rooby, Level: 12, Rank: 1, Gender: Male, HP IV: 28(0%), ATK IV: 4(0%), DEF IV: 24(0%), Work Speed: (0%)
Swee, Level: 9, Rank: 1, Gender: Male, HP IV: 72(0%), ATK IV: 60(0%), DEF IV: 53(0%), Work Speed: (0%), Skills: Sadist, Insulated Body
BAananbeater's 17 Pals
----------------------
Alpha Mau, Level: 18, Rank: 1, Gender: Female, HP IV: 57(0%), ATK IV: 90(0%), DEF IV: 61(0%), Work Speed: (0%), Skills: Coldblooded, Zen Mind, Capacitor
Alpha Sweepa, Level: 11, Rank: 1, Gender: Male, HP IV: 84(0%), ATK IV: 62(0%), DEF IV: 67(0%), Work Speed: (0%), Skills: Aggressive, Blood of the Dragon
Cattiva, Level: 4, Rank: 1, Gender: Male, HP IV: 61(0%), ATK IV: 44(0%), DEF IV: 14(0%), Work Speed: (0%), Skills: Coward, Earthquake Resistant
Celaray, Level: 2, Rank: 1, Gender: Female, HP IV: 30(0%), ATK IV: 69(0%), DEF IV: 35(0%), Work Speed: (0%), Skills: Fragrant Foliage, Infinite Stamina
Croajiro, Level: 7, Rank: 1, Gender: Male, HP IV: 69(0%), ATK IV: 3(0%), DEF IV: 48(0%), Work Speed: (0%), Skills: Easygoing
Depresso, Level: 7, Rank: 1, Gender: Female, HP IV: 93(0%), ATK IV: 16(0%), DEF IV: 22(0%), Work Speed: (0%), Skills: Slacker
Direhowl, Level: 7, Rank: 1, Gender: Male, HP IV: 91(0%), ATK IV: 41(0%), DEF IV: 19(0%), Work Speed: (0%)
Eikthyrdeer, Level: 10, Rank: 1, Gender: Female, HP IV: 70(0%), ATK IV: 67(0%), DEF IV: 16(0%), Work Speed: (0%), Skills: Conceited
Foxparks, Level: 1, Rank: 1, Gender: Female, HP IV: 60(0%), ATK IV: 86(0%), DEF IV: 41(0%), Work Speed: (0%), Skills: Runner
Killamari, Level: 14, Rank: 1, Gender: Female, HP IV: 58(0%), ATK IV: 78(0%), DEF IV: 36(0%), Work Speed: (0%), Skills: Abnormal
Killamari, Level: 7, Rank: 1, Gender: Female, HP IV: 84(0%), ATK IV: 47(0%), DEF IV: 4(0%), Work Speed: (0%), Skills: Philantropist
Lamball, Level: 12, Rank: 1, Gender: Male, HP IV: 86(0%), ATK IV: 23(0%), DEF IV: 53(0%), Work Speed: (0%), Skills: Artisan
Mau, Level: 8, Rank: 1, Gender: Female, HP IV: 88(0%), ATK IV: 77(0%), DEF IV: 66(0%), Work Speed: (0%), Skills: Hard Skin
Melpaca, Level: 12, Rank: 1, Gender: Male, HP IV: 16(0%), ATK IV: 56(0%), DEF IV: 11(0%), Work Speed: (0%), Skills: Work Slave
Melpaca, Level: 9, Rank: 1, Gender: Female, HP IV: 8(0%), ATK IV: 55(0%), DEF IV: 18(0%), Work Speed: (0%), Skills: Slacker
Rooby, Level: 12, Rank: 1, Gender: Male, HP IV: 28(0%), ATK IV: 4(0%), DEF IV: 24(0%), Work Speed: (0%)
Swee, Level: 9, Rank: 1, Gender: Male, HP IV: 72(0%), ATK IV: 60(0%), DEF IV: 53(0%), Work Speed: (0%), Skills: Sadist, Insulated Body
BAananbeater's 17 Pals
----------------------
Alpha Mau, Level: 18, Rank: 1, Gender: Female, HP IV: 57(0%), ATK IV: 90(0%), DEF IV: 61(0%), Work Speed: (0%), Skills: Coldblooded, Zen Mind, Capacitor
Alpha Sweepa, Level: 11, Rank: 1, Gender: Male, HP IV: 84(0%), ATK IV: 62(0%), DEF IV: 67(0%), Work Speed: (0%), Skills: Aggressive, Blood of the Dragon
Cattiva, Level: 4, Rank: 1, Gender: Male, HP IV: 61(0%), ATK IV: 44(0%), DEF IV: 14(0%), Work Speed: (0%), Skills: Coward, Earthquake Resistant
Celaray, Level: 2, Rank: 1, Gender: Female, HP IV: 30(0%), ATK IV: 69(0%), DEF IV: 35(0%), Work Speed: (0%), Skills: Fragrant Foliage, Infinite Stamina
Croajiro, Level: 7, Rank: 1, Gender: Male, HP IV: 69(0%), ATK IV: 3(0%), DEF IV: 48(0%), Work Speed: (0%), Skills: Easygoing
Depresso, Level: 7, Rank: 1, Gender: Female, HP IV: 93(0%), ATK IV: 16(0%), DEF IV: 22(0%), Work Speed: (0%), Skills: Slacker
Direhowl, Level: 7, Rank: 1, Gender: Male, HP IV: 91(0%), ATK IV: 41(0%), DEF IV: 19(0%), Work Speed: (0%)
Eikthyrdeer, Level: 10, Rank: 1, Gender: Female, HP IV: 70(0%), ATK IV: 67(0%), DEF IV: 16(0%), Work Speed: (0%), Skills: Conceited
Foxparks, Level: 1, Rank: 1, Gender: Female, HP IV: 60(0%), ATK IV: 86(0%), DEF IV: 41(0%), Work Speed: (0%), Skills: Runner
Killamari, Level: 14, Rank: 1, Gender: Female, HP IV: 58(0%), ATK IV: 78(0%), DEF IV: 36(0%), Work Speed: (0%), Skills: Abnormal
Killamari, Level: 7, Rank: 1, Gender: Female, HP IV: 84(0%), ATK IV: 47(0%), DEF IV: 4(0%), Work Speed: (0%), Skills: Philantropist
Lamball, Level: 12, Rank: 1, Gender: Male, HP IV: 86(0%), ATK IV: 23(0%), DEF IV: 53(0%), Work Speed: (0%), Skills: Artisan
Mau, Level: 8, Rank: 1, Gender: Female, HP IV: 88(0%), ATK IV: 77(0%), DEF IV: 66(0%), Work Speed: (0%), Skills: Hard Skin
Melpaca, Level: 12, Rank: 1, Gender: Male, HP IV: 16(0%), ATK IV: 56(0%), DEF IV: 11(0%), Work Speed: (0%), Skills: Work Slave
Melpaca, Level: 9, Rank: 1, Gender: Female, HP IV: 8(0%), ATK IV: 55(0%), DEF IV: 18(0%), Work Speed: (0%), Skills: Slacker
Rooby, Level: 12, Rank: 1, Gender: Male, HP IV: 28(0%), ATK IV: 4(0%), DEF IV: 24(0%), Work Speed: (0%)
Swee, Level: 9, Rank: 1, Gender: Male, HP IV: 72(0%), ATK IV: 60(0%), DEF IV: 53(0%), Work Speed: (0%), Skills: Sadist, Insulated Body
BAananbeater's 17 Pals
----------------------
Alpha Mau, Level: 18, Rank: 1, Gender: Female, HP IV: 57(0%), ATK IV: 90(0%), DEF IV: 61(0%), Work Speed: (0%), Skills: Coldblooded, Zen Mind, Capacitor
Alpha Sweepa, Level: 11, Rank: 1, Gender: Male, HP IV: 84(0%), ATK IV: 62(0%), DEF IV: 67(0%), Work Speed: (0%), Skills: Aggressive, Blood of the Dragon
Cattiva, Level: 4, Rank: 1, Gender: Male, HP IV: 61(0%), ATK IV: 44(0%), DEF IV: 14(0%), Work Speed: (0%), Skills: Coward, Earthquake Resistant
Celaray, Level: 2, Rank: 1, Gender: Female, HP IV: 30(0%), ATK IV: 69(0%), DEF IV: 35(0%), Work Speed: (0%), Skills: Fragrant Foliage, Infinite Stamina
Croajiro, Level: 7, Rank: 1, Gender: Male, HP IV: 69(0%), ATK IV: 3(0%), DEF IV: 48(0%), Work Speed: (0%), Skills: Easygoing
Depresso, Level: 7, Rank: 1, Gender: Female, HP IV: 93(0%), ATK IV: 16(0%), DEF IV: 22(0%), Work Speed: (0%), Skills: Slacker
Direhowl, Level: 7, Rank: 1, Gender: Male, HP IV: 91(0%), ATK IV: 41(0%), DEF IV: 19(0%), Work Speed: (0%)
Eikthyrdeer, Level: 10, Rank: 1, Gender: Female, HP IV: 70(0%), ATK IV: 67(0%), DEF IV: 16(0%), Work Speed: (0%), Skills: Conceited
Foxparks, Level: 1, Rank: 1, Gender: Female, HP IV: 60(0%), ATK IV: 86(0%), DEF IV: 41(0%), Work Speed: (0%), Skills: Runner
Killamari, Level: 14, Rank: 1, Gender: Female, HP IV: 58(0%), ATK IV: 78(0%), DEF IV: 36(0%), Work Speed: (0%), Skills: Abnormal
Killamari, Level: 7, Rank: 1, Gender: Female, HP IV: 84(0%), ATK IV: 47(0%), DEF IV: 4(0%), Work Speed: (0%), Skills: Philantropist
Lamball, Level: 12, Rank: 1, Gender: Male, HP IV: 86(0%), ATK IV: 23(0%), DEF IV: 53(0%), Work Speed: (0%), Skills: Artisan
Mau, Level: 8, Rank: 1, Gender: Female, HP IV: 88(0%), ATK IV: 77(0%), DEF IV: 66(0%), Work Speed: (0%), Skills: Hard Skin
Melpaca, Level: 12, Rank: 1, Gender: Male, HP IV: 16(0%), ATK IV: 56(0%), DEF IV: 11(0%), Work Speed: (0%), Skills: Work Slave
Melpaca, Level: 9, Rank: 1, Gender: Female, HP IV: 8(0%), ATK IV: 55(0%), DEF IV: 18(0%), Work Speed: (0%), Skills: Slacker
Rooby, Level: 12, Rank: 1, Gender: Male, HP IV: 28(0%), ATK IV: 4(0%), DEF IV: 24(0%), Work Speed: (0%)
Swee, Level: 9, Rank: 1, Gender: Male, HP IV: 72(0%), ATK IV: 60(0%), DEF IV: 53(0%), Work Speed: (0%), Skills: Sadist, Insulated Body
BAananbeater's 17 Pals
----------------------
Alpha Mau, Level: 18, Rank: 1, Gender: Female, HP IV: 57(0%), ATK IV: 90(0%), DEF IV: 61(0%), Work Speed: (0%), Skills: Coldblooded, Zen Mind, Capacitor
Alpha Sweepa, Level: 11, Rank: 1, Gender: Male, HP IV: 84(0%), ATK IV: 62(0%), DEF IV: 67(0%), Work Speed: (0%), Skills: Aggressive, Blood of the Dragon
Cattiva, Level: 4, Rank: 1, Gender: Male, HP IV: 61(0%), ATK IV: 44(0%), DEF IV: 14(0%), Work Speed: (0%), Skills: Coward, Earthquake Resistant
Celaray, Level: 2, Rank: 1, Gender: Female, HP IV: 30(0%), ATK IV: 69(0%), DEF IV: 35(0%), Work Speed: (0%), Skills: Fragrant Foliage, Infinite Stamina
Croajiro, Level: 7, Rank: 1, Gender: Male, HP IV: 69(0%), ATK IV: 3(0%), DEF IV: 48(0%), Work Speed: (0%), Skills: Easygoing
Depresso, Level: 7, Rank: 1, Gender: Female, HP IV: 93(0%), ATK IV: 16(0%), DEF IV: 22(0%), Work Speed: (0%), Skills: Slacker
Direhowl, Level: 7, Rank: 1, Gender: Male, HP IV: 91(0%), ATK IV: 41(0%), DEF IV: 19(0%), Work Speed: (0%)
Eikthyrdeer, Level: 10, Rank: 1, Gender: Female, HP IV: 70(0%), ATK IV: 67(0%), DEF IV: 16(0%), Work Speed: (0%), Skills: Conceited
Foxparks, Level: 1, Rank: 1, Gender: Female, HP IV: 60(0%), ATK IV: 86(0%), DEF IV: 41(0%), Work Speed: (0%), Skills: Runner
Killamari, Level: 14, Rank: 1, Gender: Female, HP IV: 58(0%), ATK IV: 78(0%), DEF IV: 36(0%), Work Speed: (0%), Skills: Abnormal
Killamari, Level: 7, Rank: 1, Gender: Female, HP IV: 84(0%), ATK IV: 47(0%), DEF IV: 4(0%), Work Speed: (0%), Skills: Philantropist
Lamball, Level: 12, Rank: 1, Gender: Male, HP IV: 86(0%), ATK IV: 23(0%), DEF IV: 53(0%), Work Speed: (0%), Skills: Artisan
Mau, Level: 8, Rank: 1, Gender: Female, HP IV: 88(0%), ATK IV: 77(0%), DEF IV: 66(0%), Work Speed: (0%), Skills: Hard Skin
Melpaca, Level: 12, Rank: 1, Gender: Male, HP IV: 16(0%), ATK IV: 56(0%), DEF IV: 11(0%), Work Speed: (0%), Skills: Work Slave
Melpaca, Level: 9, Rank: 1, Gender: Female, HP IV: 8(0%), ATK IV: 55(0%), DEF IV: 18(0%), Work Speed: (0%), Skills: Slacker
Rooby, Level: 12, Rank: 1, Gender: Male, HP IV: 28(0%), ATK IV: 4(0%), DEF IV: 24(0%), Work Speed: (0%)
Swee, Level: 9, Rank: 1, Gender: Male, HP IV: 72(0%), ATK IV: 60(0%), DEF IV: 53(0%), Work Speed: (0%), Skills: Sadist, Insulated Body
BAananbeater's 17 Pals
----------------------
Alpha Mau, Level: 18, Rank: 1, Gender: Female, HP IV: 57(0%), ATK IV: 90(0%), DEF IV: 61(0%), Work Speed: (0%), Skills: Coldblooded, Zen Mind, Capacitor
Alpha Sweepa, Level: 11, Rank: 1, Gender: Male, HP IV: 84(0%), ATK IV: 62(0%), DEF IV: 67(0%), Work Speed: (0%), Skills: Aggressive, Blood of the Dragon
Cattiva, Level: 4, Rank: 1, Gender: Male, HP IV: 61(0%), ATK IV: 44(0%), DEF IV: 14(0%), Work Speed: (0%), Skills: Coward, Earthquake Resistant
Celaray, Level: 2, Rank: 1, Gender: Female, HP IV: 30(0%), ATK IV: 69(0%), DEF IV: 35(0%), Work Speed: (0%), Skills: Fragrant Foliage, Infinite Stamina
Croajiro, Level: 7, Rank: 1, Gender: Male, HP IV: 69(0%), ATK IV: 3(0%), DEF IV: 48(0%), Work Speed: (0%), Skills: Easygoing
Depresso, Level: 7, Rank: 1, Gender: Female, HP IV: 93(0%), ATK IV: 16(0%), DEF IV: 22(0%), Work Speed: (0%), Skills: Slacker
Direhowl, Level: 7, Rank: 1, Gender: Male, HP IV: 91(0%), ATK IV: 41(0%), DEF IV: 19(0%), Work Speed: (0%)
Eikthyrdeer, Level: 10, Rank: 1, Gender: Female, HP IV: 70(0%), ATK IV: 67(0%), DEF IV: 16(0%), Work Speed: (0%), Skills: Conceited
Foxparks, Level: 1, Rank: 1, Gender: Female, HP IV: 60(0%), ATK IV: 86(0%), DEF IV: 41(0%), Work Speed: (0%), Skills: Runner
Killamari, Level: 14, Rank: 1, Gender: Female, HP IV: 58(0%), ATK IV: 78(0%), DEF IV: 36(0%), Work Speed: (0%), Skills: Abnormal
Killamari, Level: 7, Rank: 1, Gender: Female, HP IV: 84(0%), ATK IV: 47(0%), DEF IV: 4(0%), Work Speed: (0%), Skills: Philantropist
Lamball, Level: 12, Rank: 1, Gender: Male, HP IV: 86(0%), ATK IV: 23(0%), DEF IV: 53(0%), Work Speed: (0%), Skills: Artisan
Mau, Level: 8, Rank: 1, Gender: Female, HP IV: 88(0%), ATK IV: 77(0%), DEF IV: 66(0%), Work Speed: (0%), Skills: Hard Skin
Melpaca, Level: 12, Rank: 1, Gender: Male, HP IV: 16(0%), ATK IV: 56(0%), DEF IV: 11(0%), Work Speed: (0%), Skills: Work Slave
Melpaca, Level: 9, Rank: 1, Gender: Female, HP IV: 8(0%), ATK IV: 55(0%), DEF IV: 18(0%), Work Speed: (0%), Skills: Slacker
Rooby, Level: 12, Rank: 1, Gender: Male, HP IV: 28(0%), ATK IV: 4(0%), DEF IV: 24(0%), Work Speed: (0%)
Swee, Level: 9, Rank: 1, Gender: Male, HP IV: 72(0%), ATK IV: 60(0%), DEF IV: 53(0%), Work Speed: (0%), Skills: Sadist, Insulated Body
BAananbeater's 17 Pals
----------------------
Alpha Mau, Level: 18, Rank: 1, Gender: Female, HP IV: 57(0%), ATK IV: 90(0%), DEF IV: 61(0%), Work Speed: (0%), Skills: Coldblooded, Zen Mind, Capacitor
Alpha Sweepa, Level: 11, Rank: 1, Gender: Male, HP IV: 84(0%), ATK IV: 62(0%), DEF IV: 67(0%), Work Speed: (0%), Skills: Aggressive, Blood of the Dragon
Cattiva, Level: 4, Rank: 1, Gender: Male, HP IV: 61(0%), ATK IV: 44(0%), DEF IV: 14(0%), Work Speed: (0%), Skills: Coward, Earthquake Resistant
Celaray, Level: 2, Rank: 1, Gender: Female, HP IV: 30(0%), ATK IV: 69(0%), DEF IV: 35(0%), Work Speed: (0%), Skills: Fragrant Foliage, Infinite Stamina
Croajiro, Level: 7, Rank: 1, Gender: Male, HP IV: 69(0%), ATK IV: 3(0%), DEF IV: 48(0%), Work Speed: (0%), Skills: Easygoing
Depresso, Level: 7, Rank: 1, Gender: Female, HP IV: 93(0%), ATK IV: 16(0%), DEF IV: 22(0%), Work Speed: (0%), Skills: Slacker
Direhowl, Level: 7, Rank: 1, Gender: Male, HP IV: 91(0%), ATK IV: 41(0%), DEF IV: 19(0%), Work Speed: (0%)
Eikthyrdeer, Level: 10, Rank: 1, Gender: Female, HP IV: 70(0%), ATK IV: 67(0%), DEF IV: 16(0%), Work Speed: (0%), Skills: Conceited
Foxparks, Level: 1, Rank: 1, Gender: Female, HP IV: 60(0%), ATK IV: 86(0%), DEF IV: 41(0%), Work Speed: (0%), Skills: Runner
Killamari, Level: 14, Rank: 1, Gender: Female, HP IV: 58(0%), ATK IV: 78(0%), DEF IV: 36(0%), Work Speed: (0%), Skills: Abnormal
Killamari, Level: 7, Rank: 1, Gender: Female, HP IV: 84(0%), ATK IV: 47(0%), DEF IV: 4(0%), Work Speed: (0%), Skills: Philantropist
Lamball, Level: 12, Rank: 1, Gender: Male, HP IV: 86(0%), ATK IV: 23(0%), DEF IV: 53(0%), Work Speed: (0%), Skills: Artisan
Mau, Level: 8, Rank: 1, Gender: Female, HP IV: 88(0%), ATK IV: 77(0%), DEF IV: 66(0%), Work Speed: (0%), Skills: Hard Skin
Melpaca, Level: 12, Rank: 1, Gender: Male, HP IV: 16(0%), ATK IV: 56(0%), DEF IV: 11(0%), Work Speed: (0%), Skills: Work Slave
Melpaca, Level: 9, Rank: 1, Gender: Female, HP IV: 8(0%), ATK IV: 55(0%), DEF IV: 18(0%), Work Speed: (0%), Skills: Slacker
Rooby, Level: 12, Rank: 1, Gender: Male, HP IV: 28(0%), ATK IV: 4(0%), DEF IV: 24(0%), Work Speed: (0%)
Swee, Level: 9, Rank: 1, Gender: Male, HP IV: 72(0%), ATK IV: 60(0%), DEF IV: 53(0%), Work Speed: (0%), Skills: Sadist, Insulated Body
