baldur's 7 Pals
---------------
Cattiva, Level: 4, Rank: 1, Gender: Male, HP IV: 30(0%), ATK IV: 17(0%), DEF IV: 6(0%), Work Speed: (0%), Skills: Coward, Sickly, Capacitor, Waterproof
Cattiva, Level: 5, Rank: 1, Gender: Female, HP IV: 38(0%), ATK IV: 13(0%), DEF IV: 29(0%), Work Speed: (0%), Skills: Coward, Philantropist, Waterproof
Cattiva, Level: 5, Rank: 1, Gender: Female, HP IV: 62(0%), ATK IV: 94(0%), DEF IV: 0(0%), Work Speed: (0%), Skills: Coward, Diet Lover
Cattiva, Level: 5, Rank: 1, Gender: Male, HP IV: 50(0%), ATK IV: 84(0%), DEF IV: 10(0%), Work Speed: (0%), Skills: Coward, Sickly
Rooby, Level: 3, Rank: 1, Gender: Female, HP IV: 74(0%), ATK IV: 82(0%), DEF IV: 59(0%), Work Speed: (0%), Skills: Work Slave
Rooby, Level: 4, Rank: 1, Gender: Female, HP IV: 85(0%), ATK IV: 76(0%), DEF IV: 46(0%), Work Speed: (0%), Skills: Hooligan
Rooby, Level: 4, Rank: 1, Gender: Male, HP IV: 29(0%), ATK IV: 11(0%), DEF IV: 77(0%), Work Speed: (0%), Skills: Brittle
baldur's 7 Pals
---------------
Cattiva, Level: 4, Rank: 1, Gender: Male, HP IV: 30(0%), ATK IV: 17(0%), DEF IV: 6(0%), Work Speed: (0%), Skills: Coward, Sickly, Capacitor, Waterproof
Cattiva, Level: 5, Rank: 1, Gender: Female, HP IV: 38(0%), ATK IV: 13(0%), DEF IV: 29(0%), Work Speed: (0%), Skills: Coward, Philantropist, Waterproof
Cattiva, Level: 5, Rank: 1, Gender: Female, HP IV: 62(0%), ATK IV: 94(0%), DEF IV: 0(0%), Work Speed: (0%), Skills: Coward, Diet Lover
Cattiva, Level: 5, Rank: 1, Gender: Male, HP IV: 50(0%), ATK IV: 84(0%), DEF IV: 10(0%), Work Speed: (0%), Skills: Coward, Sickly
Rooby, Level: 3, Rank: 1, Gender: Female, HP IV: 74(0%), ATK IV: 82(0%), DEF IV: 59(0%), Work Speed: (0%), Skills: Work Slave
Rooby, Level: 4, Rank: 1, Gender: Female, HP IV: 85(0%), ATK IV: 76(0%), DEF IV: 46(0%), Work Speed: (0%), Skills: Hooligan
Rooby, Level: 4, Rank: 1, Gender: Male, HP IV: 29(0%), ATK IV: 11(0%), DEF IV: 77(0%), Work Speed: (0%), Skills: Brittle
baldur's 7 Pals
---------------
Cattiva, Level: 4, Rank: 1, Gender: Male, HP IV: 30(0%), ATK IV: 17(0%), DEF IV: 6(0%), Work Speed: (0%), Skills: Coward, Sickly, Capacitor, Waterproof
Cattiva, Level: 5, Rank: 1, Gender: Female, HP IV: 38(0%), ATK IV: 13(0%), DEF IV: 29(0%), Work Speed: (0%), Skills: Coward, Philantropist, Waterproof
Cattiva, Level: 5, Rank: 1, Gender: Female, HP IV: 62(0%), ATK IV: 94(0%), DEF IV: 0(0%), Work Speed: (0%), Skills: Coward, Diet Lover
Cattiva, Level: 5, Rank: 1, Gender: Male, HP IV: 50(0%), ATK IV: 84(0%), DEF IV: 10(0%), Work Speed: (0%), Skills: Coward, Sickly
Rooby, Level: 3, Rank: 1, Gender: Female, HP IV: 74(0%), ATK IV: 82(0%), DEF IV: 59(0%), Work Speed: (0%), Skills: Work Slave
Rooby, Level: 4, Rank: 1, Gender: Female, HP IV: 85(0%), ATK IV: 76(0%), DEF IV: 46(0%), Work Speed: (0%), Skills: Hooligan
Rooby, Level: 4, Rank: 1, Gender: Male, HP IV: 29(0%), ATK IV: 11(0%), DEF IV: 77(0%), Work Speed: (0%), Skills: Brittle
baldur's 7 Pals
---------------
Cattiva, Level: 4, Rank: 1, Gender: Male, HP IV: 30(0%), ATK IV: 17(0%), DEF IV: 6(0%), Work Speed: (0%), Skills: Coward, Sickly, Capacitor, Waterproof
Cattiva, Level: 5, Rank: 1, Gender: Female, HP IV: 38(0%), ATK IV: 13(0%), DEF IV: 29(0%), Work Speed: (0%), Skills: Coward, Philantropist, Waterproof
Cattiva, Level: 5, Rank: 1, Gender: Female, HP IV: 62(0%), ATK IV: 94(0%), DEF IV: 0(0%), Work Speed: (0%), Skills: Coward, Diet Lover
Cattiva, Level: 5, Rank: 1, Gender: Male, HP IV: 50(0%), ATK IV: 84(0%), DEF IV: 10(0%), Work Speed: (0%), Skills: Coward, Sickly
Rooby, Level: 3, Rank: 1, Gender: Female, HP IV: 74(0%), ATK IV: 82(0%), DEF IV: 59(0%), Work Speed: (0%), Skills: Work Slave
Rooby, Level: 4, Rank: 1, Gender: Female, HP IV: 85(0%), ATK IV: 76(0%), DEF IV: 46(0%), Work Speed: (0%), Skills: Hooligan
Rooby, Level: 4, Rank: 1, Gender: Male, HP IV: 29(0%), ATK IV: 11(0%), DEF IV: 77(0%), Work Speed: (0%), Skills: Brittle
baldur's 7 Pals
---------------
Cattiva, Level: 4, Rank: 1, Gender: Male, HP IV: 30(0%), ATK IV: 17(0%), DEF IV: 6(0%), Work Speed: (0%), Skills: Coward, Sickly, Capacitor, Waterproof
Cattiva, Level: 5, Rank: 1, Gender: Female, HP IV: 38(0%), ATK IV: 13(0%), DEF IV: 29(0%), Work Speed: (0%), Skills: Coward, Philantropist, Waterproof
Cattiva, Level: 5, Rank: 1, Gender: Female, HP IV: 62(0%), ATK IV: 94(0%), DEF IV: 0(0%), Work Speed: (0%), Skills: Coward, Diet Lover
Cattiva, Level: 5, Rank: 1, Gender: Male, HP IV: 50(0%), ATK IV: 84(0%), DEF IV: 10(0%), Work Speed: (0%), Skills: Coward, Sickly
Rooby, Level: 3, Rank: 1, Gender: Female, HP IV: 74(0%), ATK IV: 82(0%), DEF IV: 59(0%), Work Speed: (0%), Skills: Work Slave
Rooby, Level: 4, Rank: 1, Gender: Female, HP IV: 85(0%), ATK IV: 76(0%), DEF IV: 46(0%), Work Speed: (0%), Skills: Hooligan
Rooby, Level: 4, Rank: 1, Gender: Male, HP IV: 29(0%), ATK IV: 11(0%), DEF IV: 77(0%), Work Speed: (0%), Skills: Brittle
baldur's 7 Pals
---------------
Cattiva, Level: 4, Rank: 1, Gender: Male, HP IV: 30(0%), ATK IV: 17(0%), DEF IV: 6(0%), Work Speed: (0%), Skills: Coward, Sickly, Capacitor, Waterproof
Cattiva, Level: 5, Rank: 1, Gender: Female, HP IV: 38(0%), ATK IV: 13(0%), DEF IV: 29(0%), Work Speed: (0%), Skills: Coward, Philantropist, Waterproof
Cattiva, Level: 5, Rank: 1, Gender: Female, HP IV: 62(0%), ATK IV: 94(0%), DEF IV: 0(0%), Work Speed: (0%), Skills: Coward, Diet Lover
Cattiva, Level: 5, Rank: 1, Gender: Male, HP IV: 50(0%), ATK IV: 84(0%), DEF IV: 10(0%), Work Speed: (0%), Skills: Coward, Sickly
Rooby, Level: 3, Rank: 1, Gender: Female, HP IV: 74(0%), ATK IV: 82(0%), DEF IV: 59(0%), Work Speed: (0%), Skills: Work Slave
Rooby, Level: 4, Rank: 1, Gender: Female, HP IV: 85(0%), ATK IV: 76(0%), DEF IV: 46(0%), Work Speed: (0%), Skills: Hooligan
Rooby, Level: 4, Rank: 1, Gender: Male, HP IV: 29(0%), ATK IV: 11(0%), DEF IV: 77(0%), Work Speed: (0%), Skills: Brittle
