Banitzero's 11 Pals
-------------------
Cattiva, Level: 10, Rank: 1, Gender: Male, HP IV: 67(0%), ATK IV: 20(0%), DEF IV: 50(0%), Work Speed: (0%), Skills: Coward, Serious
Cremis, Level: 8, Rank: 1, Gender: Male, HP IV: 54(0%), ATK IV: 36(0%), DEF IV: 99(0%), Work Speed: (0%), Skills: Pyromaniac
Foxparks, Level: 6, Rank: 1, Gender: Female, HP IV: 77(0%), ATK IV: 87(0%), DEF IV: 88(0%), Work Speed: (0%), Skills: Waterproof
Foxparks, Level: 7, Rank: 1, Gender: Male, HP IV: 33(0%), ATK IV: 94(0%), DEF IV: 0(0%), Work Speed: (0%), Skills: Veil of Darkness
Jolthog Cryst, Level: 4, Rank: 1, Gender: Male, HP IV: 30(0%), ATK IV: 44(0%), DEF IV: 68(0%), Work Speed: (0%), Skills: Nocturnal
Lamball, Level: 2, Rank: 1, Gender: Female, HP IV: 25(0%), ATK IV: 78(0%), DEF IV: 10(0%), Work Speed: (0%), Skills: Coldblooded
Lamball, Level: 4, Rank: 1, Gender: Female, HP IV: 67(0%), ATK IV: 71(0%), DEF IV: 53(0%), Work Speed: (0%), Skills: Sadist, Conceited
Lamball, Level: 7, Rank: 1, Gender: Male, HP IV: 39(0%), ATK IV: 83(0%), DEF IV: 87(0%), Work Speed: (0%)
Lamball, Level: 9, Rank: 1, Gender: Female, HP IV: 27(0%), ATK IV: 22(0%), DEF IV: 75(0%), Work Speed: (0%), Skills: Coward
Melpaca, Level: 9, Rank: 1, Gender: Female, HP IV: 7(0%), ATK IV: 55(0%), DEF IV: 41(0%), Work Speed: (0%), Skills: Artisan
Rushoar, Level: 3, Rank: 1, Gender: Female, HP IV: 3(0%), ATK IV: 66(0%), DEF IV: 92(0%), Work Speed: (0%)
Banitzero's 11 Pals
-------------------
Cattiva, Level: 10, Rank: 1, Gender: Male, HP IV: 67(0%), ATK IV: 20(0%), DEF IV: 50(0%), Work Speed: (0%), Skills: Coward, Serious
Cremis, Level: 8, Rank: 1, Gender: Male, HP IV: 54(0%), ATK IV: 36(0%), DEF IV: 99(0%), Work Speed: (0%), Skills: Pyromaniac
Foxparks, Level: 6, Rank: 1, Gender: Female, HP IV: 77(0%), ATK IV: 87(0%), DEF IV: 88(0%), Work Speed: (0%), Skills: Waterproof
Foxparks, Level: 7, Rank: 1, Gender: Male, HP IV: 33(0%), ATK IV: 94(0%), DEF IV: 0(0%), Work Speed: (0%), Skills: Veil of Darkness
Jolthog Cryst, Level: 4, Rank: 1, Gender: Male, HP IV: 30(0%), ATK IV: 44(0%), DEF IV: 68(0%), Work Speed: (0%), Skills: Nocturnal
Lamball, Level: 2, Rank: 1, Gender: Female, HP IV: 25(0%), ATK IV: 78(0%), DEF IV: 10(0%), Work Speed: (0%), Skills: Coldblooded
Lamball, Level: 4, Rank: 1, Gender: Female, HP IV: 67(0%), ATK IV: 71(0%), DEF IV: 53(0%), Work Speed: (0%), Skills: Sadist, Conceited
Lamball, Level: 7, Rank: 1, Gender: Male, HP IV: 39(0%), ATK IV: 83(0%), DEF IV: 87(0%), Work Speed: (0%)
Lamball, Level: 9, Rank: 1, Gender: Female, HP IV: 27(0%), ATK IV: 22(0%), DEF IV: 75(0%), Work Speed: (0%), Skills: Coward
Melpaca, Level: 9, Rank: 1, Gender: Female, HP IV: 7(0%), ATK IV: 55(0%), DEF IV: 41(0%), Work Speed: (0%), Skills: Artisan
Rushoar, Level: 3, Rank: 1, Gender: Female, HP IV: 3(0%), ATK IV: 66(0%), DEF IV: 92(0%), Work Speed: (0%)
Banitzero's 11 Pals
-------------------
Cattiva, Level: 10, Rank: 1, Gender: Male, HP IV: 67(0%), ATK IV: 20(0%), DEF IV: 50(0%), Work Speed: (0%), Skills: Coward, Serious
Cremis, Level: 8, Rank: 1, Gender: Male, HP IV: 54(0%), ATK IV: 36(0%), DEF IV: 99(0%), Work Speed: (0%), Skills: Pyromaniac
Foxparks, Level: 6, Rank: 1, Gender: Female, HP IV: 77(0%), ATK IV: 87(0%), DEF IV: 88(0%), Work Speed: (0%), Skills: Waterproof
Foxparks, Level: 7, Rank: 1, Gender: Male, HP IV: 33(0%), ATK IV: 94(0%), DEF IV: 0(0%), Work Speed: (0%), Skills: Veil of Darkness
Jolthog Cryst, Level: 4, Rank: 1, Gender: Male, HP IV: 30(0%), ATK IV: 44(0%), DEF IV: 68(0%), Work Speed: (0%), Skills: Nocturnal
Lamball, Level: 2, Rank: 1, Gender: Female, HP IV: 25(0%), ATK IV: 78(0%), DEF IV: 10(0%), Work Speed: (0%), Skills: Coldblooded
Lamball, Level: 4, Rank: 1, Gender: Female, HP IV: 67(0%), ATK IV: 71(0%), DEF IV: 53(0%), Work Speed: (0%), Skills: Sadist, Conceited
Lamball, Level: 7, Rank: 1, Gender: Male, HP IV: 39(0%), ATK IV: 83(0%), DEF IV: 87(0%), Work Speed: (0%)
Lamball, Level: 9, Rank: 1, Gender: Female, HP IV: 27(0%), ATK IV: 22(0%), DEF IV: 75(0%), Work Speed: (0%), Skills: Coward
Melpaca, Level: 9, Rank: 1, Gender: Female, HP IV: 7(0%), ATK IV: 55(0%), DEF IV: 41(0%), Work Speed: (0%), Skills: Artisan
Rushoar, Level: 3, Rank: 1, Gender: Female, HP IV: 3(0%), ATK IV: 66(0%), DEF IV: 92(0%), Work Speed: (0%)
Banitzero's 11 Pals
-------------------
Cattiva, Level: 10, Rank: 1, Gender: Male, HP IV: 67(0%), ATK IV: 20(0%), DEF IV: 50(0%), Work Speed: (0%), Skills: Coward, Serious
Cremis, Level: 8, Rank: 1, Gender: Male, HP IV: 54(0%), ATK IV: 36(0%), DEF IV: 99(0%), Work Speed: (0%), Skills: Pyromaniac
Foxparks, Level: 6, Rank: 1, Gender: Female, HP IV: 77(0%), ATK IV: 87(0%), DEF IV: 88(0%), Work Speed: (0%), Skills: Waterproof
Foxparks, Level: 7, Rank: 1, Gender: Male, HP IV: 33(0%), ATK IV: 94(0%), DEF IV: 0(0%), Work Speed: (0%), Skills: Veil of Darkness
Jolthog Cryst, Level: 4, Rank: 1, Gender: Male, HP IV: 30(0%), ATK IV: 44(0%), DEF IV: 68(0%), Work Speed: (0%), Skills: Nocturnal
Lamball, Level: 2, Rank: 1, Gender: Female, HP IV: 25(0%), ATK IV: 78(0%), DEF IV: 10(0%), Work Speed: (0%), Skills: Coldblooded
Lamball, Level: 4, Rank: 1, Gender: Female, HP IV: 67(0%), ATK IV: 71(0%), DEF IV: 53(0%), Work Speed: (0%), Skills: Sadist, Conceited
Lamball, Level: 7, Rank: 1, Gender: Male, HP IV: 39(0%), ATK IV: 83(0%), DEF IV: 87(0%), Work Speed: (0%)
Lamball, Level: 9, Rank: 1, Gender: Female, HP IV: 27(0%), ATK IV: 22(0%), DEF IV: 75(0%), Work Speed: (0%), Skills: Coward
Melpaca, Level: 9, Rank: 1, Gender: Female, HP IV: 7(0%), ATK IV: 55(0%), DEF IV: 41(0%), Work Speed: (0%), Skills: Artisan
Rushoar, Level: 3, Rank: 1, Gender: Female, HP IV: 3(0%), ATK IV: 66(0%), DEF IV: 92(0%), Work Speed: (0%)
Banitzero's 11 Pals
-------------------
Cattiva, Level: 10, Rank: 1, Gender: Male, HP IV: 67(0%), ATK IV: 20(0%), DEF IV: 50(0%), Work Speed: (0%), Skills: Coward, Serious
Cremis, Level: 8, Rank: 1, Gender: Male, HP IV: 54(0%), ATK IV: 36(0%), DEF IV: 99(0%), Work Speed: (0%), Skills: Pyromaniac
Foxparks, Level: 6, Rank: 1, Gender: Female, HP IV: 77(0%), ATK IV: 87(0%), DEF IV: 88(0%), Work Speed: (0%), Skills: Waterproof
Foxparks, Level: 7, Rank: 1, Gender: Male, HP IV: 33(0%), ATK IV: 94(0%), DEF IV: 0(0%), Work Speed: (0%), Skills: Veil of Darkness
Jolthog Cryst, Level: 4, Rank: 1, Gender: Male, HP IV: 30(0%), ATK IV: 44(0%), DEF IV: 68(0%), Work Speed: (0%), Skills: Nocturnal
Lamball, Level: 2, Rank: 1, Gender: Female, HP IV: 25(0%), ATK IV: 78(0%), DEF IV: 10(0%), Work Speed: (0%), Skills: Coldblooded
Lamball, Level: 4, Rank: 1, Gender: Female, HP IV: 67(0%), ATK IV: 71(0%), DEF IV: 53(0%), Work Speed: (0%), Skills: Sadist, Conceited
Lamball, Level: 7, Rank: 1, Gender: Male, HP IV: 39(0%), ATK IV: 83(0%), DEF IV: 87(0%), Work Speed: (0%)
Lamball, Level: 9, Rank: 1, Gender: Female, HP IV: 27(0%), ATK IV: 22(0%), DEF IV: 75(0%), Work Speed: (0%), Skills: Coward
Melpaca, Level: 9, Rank: 1, Gender: Female, HP IV: 7(0%), ATK IV: 55(0%), DEF IV: 41(0%), Work Speed: (0%), Skills: Artisan
Rushoar, Level: 3, Rank: 1, Gender: Female, HP IV: 3(0%), ATK IV: 66(0%), DEF IV: 92(0%), Work Speed: (0%)
Banitzero's 11 Pals
-------------------
Cattiva, Level: 10, Rank: 1, Gender: Male, HP IV: 67(0%), ATK IV: 20(0%), DEF IV: 50(0%), Work Speed: (0%), Skills: Coward, Serious
Cremis, Level: 8, Rank: 1, Gender: Male, HP IV: 54(0%), ATK IV: 36(0%), DEF IV: 99(0%), Work Speed: (0%), Skills: Pyromaniac
Foxparks, Level: 6, Rank: 1, Gender: Female, HP IV: 77(0%), ATK IV: 87(0%), DEF IV: 88(0%), Work Speed: (0%), Skills: Waterproof
Foxparks, Level: 7, Rank: 1, Gender: Male, HP IV: 33(0%), ATK IV: 94(0%), DEF IV: 0(0%), Work Speed: (0%), Skills: Veil of Darkness
Jolthog Cryst, Level: 4, Rank: 1, Gender: Male, HP IV: 30(0%), ATK IV: 44(0%), DEF IV: 68(0%), Work Speed: (0%), Skills: Nocturnal
Lamball, Level: 2, Rank: 1, Gender: Female, HP IV: 25(0%), ATK IV: 78(0%), DEF IV: 10(0%), Work Speed: (0%), Skills: Coldblooded
Lamball, Level: 4, Rank: 1, Gender: Female, HP IV: 67(0%), ATK IV: 71(0%), DEF IV: 53(0%), Work Speed: (0%), Skills: Sadist, Conceited
Lamball, Level: 7, Rank: 1, Gender: Male, HP IV: 39(0%), ATK IV: 83(0%), DEF IV: 87(0%), Work Speed: (0%)
Lamball, Level: 9, Rank: 1, Gender: Female, HP IV: 27(0%), ATK IV: 22(0%), DEF IV: 75(0%), Work Speed: (0%), Skills: Coward
Melpaca, Level: 9, Rank: 1, Gender: Female, HP IV: 7(0%), ATK IV: 55(0%), DEF IV: 41(0%), Work Speed: (0%), Skills: Artisan
Rushoar, Level: 3, Rank: 1, Gender: Female, HP IV: 3(0%), ATK IV: 66(0%), DEF IV: 92(0%), Work Speed: (0%)
Banitzero's 11 Pals
-------------------
Cattiva, Level: 10, Rank: 1, Gender: Male, HP IV: 67(0%), ATK IV: 20(0%), DEF IV: 50(0%), Work Speed: (0%), Skills: Coward, Serious
Cremis, Level: 8, Rank: 1, Gender: Male, HP IV: 54(0%), ATK IV: 36(0%), DEF IV: 99(0%), Work Speed: (0%), Skills: Pyromaniac
Foxparks, Level: 6, Rank: 1, Gender: Female, HP IV: 77(0%), ATK IV: 87(0%), DEF IV: 88(0%), Work Speed: (0%), Skills: Waterproof
Foxparks, Level: 7, Rank: 1, Gender: Male, HP IV: 33(0%), ATK IV: 94(0%), DEF IV: 0(0%), Work Speed: (0%), Skills: Veil of Darkness
Jolthog Cryst, Level: 4, Rank: 1, Gender: Male, HP IV: 30(0%), ATK IV: 44(0%), DEF IV: 68(0%), Work Speed: (0%), Skills: Nocturnal
Lamball, Level: 2, Rank: 1, Gender: Female, HP IV: 25(0%), ATK IV: 78(0%), DEF IV: 10(0%), Work Speed: (0%), Skills: Coldblooded
Lamball, Level: 4, Rank: 1, Gender: Female, HP IV: 67(0%), ATK IV: 71(0%), DEF IV: 53(0%), Work Speed: (0%), Skills: Sadist, Conceited
Lamball, Level: 7, Rank: 1, Gender: Male, HP IV: 39(0%), ATK IV: 83(0%), DEF IV: 87(0%), Work Speed: (0%)
Lamball, Level: 9, Rank: 1, Gender: Female, HP IV: 27(0%), ATK IV: 22(0%), DEF IV: 75(0%), Work Speed: (0%), Skills: Coward
Melpaca, Level: 9, Rank: 1, Gender: Female, HP IV: 7(0%), ATK IV: 55(0%), DEF IV: 41(0%), Work Speed: (0%), Skills: Artisan
Rushoar, Level: 3, Rank: 1, Gender: Female, HP IV: 3(0%), ATK IV: 66(0%), DEF IV: 92(0%), Work Speed: (0%)
Banitzero's 11 Pals
-------------------
Cattiva, Level: 10, Rank: 1, Gender: Male, HP IV: 67(0%), ATK IV: 20(0%), DEF IV: 50(0%), Work Speed: (0%), Skills: Coward, Serious
Cremis, Level: 8, Rank: 1, Gender: Male, HP IV: 54(0%), ATK IV: 36(0%), DEF IV: 99(0%), Work Speed: (0%), Skills: Pyromaniac
Foxparks, Level: 6, Rank: 1, Gender: Female, HP IV: 77(0%), ATK IV: 87(0%), DEF IV: 88(0%), Work Speed: (0%), Skills: Waterproof
Foxparks, Level: 7, Rank: 1, Gender: Male, HP IV: 33(0%), ATK IV: 94(0%), DEF IV: 0(0%), Work Speed: (0%), Skills: Veil of Darkness
Jolthog Cryst, Level: 4, Rank: 1, Gender: Male, HP IV: 30(0%), ATK IV: 44(0%), DEF IV: 68(0%), Work Speed: (0%), Skills: Nocturnal
Lamball, Level: 2, Rank: 1, Gender: Female, HP IV: 25(0%), ATK IV: 78(0%), DEF IV: 10(0%), Work Speed: (0%), Skills: Coldblooded
Lamball, Level: 4, Rank: 1, Gender: Female, HP IV: 67(0%), ATK IV: 71(0%), DEF IV: 53(0%), Work Speed: (0%), Skills: Sadist, Conceited
Lamball, Level: 7, Rank: 1, Gender: Male, HP IV: 39(0%), ATK IV: 83(0%), DEF IV: 87(0%), Work Speed: (0%)
Lamball, Level: 9, Rank: 1, Gender: Female, HP IV: 27(0%), ATK IV: 22(0%), DEF IV: 75(0%), Work Speed: (0%), Skills: Coward
Melpaca, Level: 9, Rank: 1, Gender: Female, HP IV: 7(0%), ATK IV: 55(0%), DEF IV: 41(0%), Work Speed: (0%), Skills: Artisan
Rushoar, Level: 3, Rank: 1, Gender: Female, HP IV: 3(0%), ATK IV: 66(0%), DEF IV: 92(0%), Work Speed: (0%)
Banitzero's 11 Pals
-------------------
Cattiva, Level: 10, Rank: 1, Gender: Male, HP IV: 67(0%), ATK IV: 20(0%), DEF IV: 50(0%), Work Speed: (0%), Skills: Coward, Serious
Cremis, Level: 8, Rank: 1, Gender: Male, HP IV: 54(0%), ATK IV: 36(0%), DEF IV: 99(0%), Work Speed: (0%), Skills: Pyromaniac
Foxparks, Level: 6, Rank: 1, Gender: Female, HP IV: 77(0%), ATK IV: 87(0%), DEF IV: 88(0%), Work Speed: (0%), Skills: Waterproof
Foxparks, Level: 7, Rank: 1, Gender: Male, HP IV: 33(0%), ATK IV: 94(0%), DEF IV: 0(0%), Work Speed: (0%), Skills: Veil of Darkness
Jolthog Cryst, Level: 4, Rank: 1, Gender: Male, HP IV: 30(0%), ATK IV: 44(0%), DEF IV: 68(0%), Work Speed: (0%), Skills: Nocturnal
Lamball, Level: 2, Rank: 1, Gender: Female, HP IV: 25(0%), ATK IV: 78(0%), DEF IV: 10(0%), Work Speed: (0%), Skills: Coldblooded
Lamball, Level: 4, Rank: 1, Gender: Female, HP IV: 67(0%), ATK IV: 71(0%), DEF IV: 53(0%), Work Speed: (0%), Skills: Sadist, Conceited
Lamball, Level: 7, Rank: 1, Gender: Male, HP IV: 39(0%), ATK IV: 83(0%), DEF IV: 87(0%), Work Speed: (0%)
Lamball, Level: 9, Rank: 1, Gender: Female, HP IV: 27(0%), ATK IV: 22(0%), DEF IV: 75(0%), Work Speed: (0%), Skills: Coward
Melpaca, Level: 9, Rank: 1, Gender: Female, HP IV: 7(0%), ATK IV: 55(0%), DEF IV: 41(0%), Work Speed: (0%), Skills: Artisan
Rushoar, Level: 3, Rank: 1, Gender: Female, HP IV: 3(0%), ATK IV: 66(0%), DEF IV: 92(0%), Work Speed: (0%)
Banitzero's 11 Pals
-------------------
Cattiva, Level: 10, Rank: 1, Gender: Male, HP IV: 67(0%), ATK IV: 20(0%), DEF IV: 50(0%), Work Speed: (0%), Skills: Coward, Serious
Cremis, Level: 8, Rank: 1, Gender: Male, HP IV: 54(0%), ATK IV: 36(0%), DEF IV: 99(0%), Work Speed: (0%), Skills: Pyromaniac
Foxparks, Level: 6, Rank: 1, Gender: Female, HP IV: 77(0%), ATK IV: 87(0%), DEF IV: 88(0%), Work Speed: (0%), Skills: Waterproof
Foxparks, Level: 7, Rank: 1, Gender: Male, HP IV: 33(0%), ATK IV: 94(0%), DEF IV: 0(0%), Work Speed: (0%), Skills: Veil of Darkness
Jolthog Cryst, Level: 4, Rank: 1, Gender: Male, HP IV: 30(0%), ATK IV: 44(0%), DEF IV: 68(0%), Work Speed: (0%), Skills: Nocturnal
Lamball, Level: 2, Rank: 1, Gender: Female, HP IV: 25(0%), ATK IV: 78(0%), DEF IV: 10(0%), Work Speed: (0%), Skills: Coldblooded
Lamball, Level: 4, Rank: 1, Gender: Female, HP IV: 67(0%), ATK IV: 71(0%), DEF IV: 53(0%), Work Speed: (0%), Skills: Sadist, Conceited
Lamball, Level: 7, Rank: 1, Gender: Male, HP IV: 39(0%), ATK IV: 83(0%), DEF IV: 87(0%), Work Speed: (0%)
Lamball, Level: 9, Rank: 1, Gender: Female, HP IV: 27(0%), ATK IV: 22(0%), DEF IV: 75(0%), Work Speed: (0%), Skills: Coward
Melpaca, Level: 9, Rank: 1, Gender: Female, HP IV: 7(0%), ATK IV: 55(0%), DEF IV: 41(0%), Work Speed: (0%), Skills: Artisan
Rushoar, Level: 3, Rank: 1, Gender: Female, HP IV: 3(0%), ATK IV: 66(0%), DEF IV: 92(0%), Work Speed: (0%)
Banitzero's 11 Pals
-------------------
Cattiva, Level: 10, Rank: 1, Gender: Male, HP IV: 67(0%), ATK IV: 20(0%), DEF IV: 50(0%), Work Speed: (0%), Skills: Coward, Serious
Cremis, Level: 8, Rank: 1, Gender: Male, HP IV: 54(0%), ATK IV: 36(0%), DEF IV: 99(0%), Work Speed: (0%), Skills: Pyromaniac
Foxparks, Level: 6, Rank: 1, Gender: Female, HP IV: 77(0%), ATK IV: 87(0%), DEF IV: 88(0%), Work Speed: (0%), Skills: Waterproof
Foxparks, Level: 7, Rank: 1, Gender: Male, HP IV: 33(0%), ATK IV: 94(0%), DEF IV: 0(0%), Work Speed: (0%), Skills: Veil of Darkness
Jolthog Cryst, Level: 4, Rank: 1, Gender: Male, HP IV: 30(0%), ATK IV: 44(0%), DEF IV: 68(0%), Work Speed: (0%), Skills: Nocturnal
Lamball, Level: 2, Rank: 1, Gender: Female, HP IV: 25(0%), ATK IV: 78(0%), DEF IV: 10(0%), Work Speed: (0%), Skills: Coldblooded
Lamball, Level: 4, Rank: 1, Gender: Female, HP IV: 67(0%), ATK IV: 71(0%), DEF IV: 53(0%), Work Speed: (0%), Skills: Sadist, Conceited
Lamball, Level: 7, Rank: 1, Gender: Male, HP IV: 39(0%), ATK IV: 83(0%), DEF IV: 87(0%), Work Speed: (0%)
Lamball, Level: 9, Rank: 1, Gender: Female, HP IV: 27(0%), ATK IV: 22(0%), DEF IV: 75(0%), Work Speed: (0%), Skills: Coward
Melpaca, Level: 9, Rank: 1, Gender: Female, HP IV: 7(0%), ATK IV: 55(0%), DEF IV: 41(0%), Work Speed: (0%), Skills: Artisan
Rushoar, Level: 3, Rank: 1, Gender: Female, HP IV: 3(0%), ATK IV: 66(0%), DEF IV: 92(0%), Work Speed: (0%)
Banitzero's 11 Pals
-------------------
Cattiva, Level: 10, Rank: 1, Gender: Male, HP IV: 67(0%), ATK IV: 20(0%), DEF IV: 50(0%), Work Speed: (0%), Skills: Coward, Serious
Cremis, Level: 8, Rank: 1, Gender: Male, HP IV: 54(0%), ATK IV: 36(0%), DEF IV: 99(0%), Work Speed: (0%), Skills: Pyromaniac
Foxparks, Level: 6, Rank: 1, Gender: Female, HP IV: 77(0%), ATK IV: 87(0%), DEF IV: 88(0%), Work Speed: (0%), Skills: Waterproof
Foxparks, Level: 7, Rank: 1, Gender: Male, HP IV: 33(0%), ATK IV: 94(0%), DEF IV: 0(0%), Work Speed: (0%), Skills: Veil of Darkness
Jolthog Cryst, Level: 4, Rank: 1, Gender: Male, HP IV: 30(0%), ATK IV: 44(0%), DEF IV: 68(0%), Work Speed: (0%), Skills: Nocturnal
Lamball, Level: 2, Rank: 1, Gender: Female, HP IV: 25(0%), ATK IV: 78(0%), DEF IV: 10(0%), Work Speed: (0%), Skills: Coldblooded
Lamball, Level: 4, Rank: 1, Gender: Female, HP IV: 67(0%), ATK IV: 71(0%), DEF IV: 53(0%), Work Speed: (0%), Skills: Sadist, Conceited
Lamball, Level: 7, Rank: 1, Gender: Male, HP IV: 39(0%), ATK IV: 83(0%), DEF IV: 87(0%), Work Speed: (0%)
Lamball, Level: 9, Rank: 1, Gender: Female, HP IV: 27(0%), ATK IV: 22(0%), DEF IV: 75(0%), Work Speed: (0%), Skills: Coward
Melpaca, Level: 9, Rank: 1, Gender: Female, HP IV: 7(0%), ATK IV: 55(0%), DEF IV: 41(0%), Work Speed: (0%), Skills: Artisan
Rushoar, Level: 3, Rank: 1, Gender: Female, HP IV: 3(0%), ATK IV: 66(0%), DEF IV: 92(0%), Work Speed: (0%)
Banitzero's 11 Pals
-------------------
Cattiva, Level: 10, Rank: 1, Gender: Male, HP IV: 67(0%), ATK IV: 20(0%), DEF IV: 50(0%), Work Speed: (0%), Skills: Coward, Serious
Cremis, Level: 8, Rank: 1, Gender: Male, HP IV: 54(0%), ATK IV: 36(0%), DEF IV: 99(0%), Work Speed: (0%), Skills: Pyromaniac
Foxparks, Level: 6, Rank: 1, Gender: Female, HP IV: 77(0%), ATK IV: 87(0%), DEF IV: 88(0%), Work Speed: (0%), Skills: Waterproof
Foxparks, Level: 7, Rank: 1, Gender: Male, HP IV: 33(0%), ATK IV: 94(0%), DEF IV: 0(0%), Work Speed: (0%), Skills: Veil of Darkness
Jolthog Cryst, Level: 4, Rank: 1, Gender: Male, HP IV: 30(0%), ATK IV: 44(0%), DEF IV: 68(0%), Work Speed: (0%), Skills: Nocturnal
Lamball, Level: 2, Rank: 1, Gender: Female, HP IV: 25(0%), ATK IV: 78(0%), DEF IV: 10(0%), Work Speed: (0%), Skills: Coldblooded
Lamball, Level: 4, Rank: 1, Gender: Female, HP IV: 67(0%), ATK IV: 71(0%), DEF IV: 53(0%), Work Speed: (0%), Skills: Sadist, Conceited
Lamball, Level: 7, Rank: 1, Gender: Male, HP IV: 39(0%), ATK IV: 83(0%), DEF IV: 87(0%), Work Speed: (0%)
Lamball, Level: 9, Rank: 1, Gender: Female, HP IV: 27(0%), ATK IV: 22(0%), DEF IV: 75(0%), Work Speed: (0%), Skills: Coward
Melpaca, Level: 9, Rank: 1, Gender: Female, HP IV: 7(0%), ATK IV: 55(0%), DEF IV: 41(0%), Work Speed: (0%), Skills: Artisan
Rushoar, Level: 3, Rank: 1, Gender: Female, HP IV: 3(0%), ATK IV: 66(0%), DEF IV: 92(0%), Work Speed: (0%)
Banitzero's 11 Pals
-------------------
Cattiva, Level: 10, Rank: 1, Gender: Male, HP IV: 67(0%), ATK IV: 20(0%), DEF IV: 50(0%), Work Speed: (0%), Skills: Coward, Serious
Cremis, Level: 8, Rank: 1, Gender: Male, HP IV: 54(0%), ATK IV: 36(0%), DEF IV: 99(0%), Work Speed: (0%), Skills: Pyromaniac
Foxparks, Level: 6, Rank: 1, Gender: Female, HP IV: 77(0%), ATK IV: 87(0%), DEF IV: 88(0%), Work Speed: (0%), Skills: Waterproof
Foxparks, Level: 7, Rank: 1, Gender: Male, HP IV: 33(0%), ATK IV: 94(0%), DEF IV: 0(0%), Work Speed: (0%), Skills: Veil of Darkness
Jolthog Cryst, Level: 4, Rank: 1, Gender: Male, HP IV: 30(0%), ATK IV: 44(0%), DEF IV: 68(0%), Work Speed: (0%), Skills: Nocturnal
Lamball, Level: 2, Rank: 1, Gender: Female, HP IV: 25(0%), ATK IV: 78(0%), DEF IV: 10(0%), Work Speed: (0%), Skills: Coldblooded
Lamball, Level: 4, Rank: 1, Gender: Female, HP IV: 67(0%), ATK IV: 71(0%), DEF IV: 53(0%), Work Speed: (0%), Skills: Sadist, Conceited
Lamball, Level: 7, Rank: 1, Gender: Male, HP IV: 39(0%), ATK IV: 83(0%), DEF IV: 87(0%), Work Speed: (0%)
Lamball, Level: 9, Rank: 1, Gender: Female, HP IV: 27(0%), ATK IV: 22(0%), DEF IV: 75(0%), Work Speed: (0%), Skills: Coward
Melpaca, Level: 9, Rank: 1, Gender: Female, HP IV: 7(0%), ATK IV: 55(0%), DEF IV: 41(0%), Work Speed: (0%), Skills: Artisan
Rushoar, Level: 3, Rank: 1, Gender: Female, HP IV: 3(0%), ATK IV: 66(0%), DEF IV: 92(0%), Work Speed: (0%)
