BaRtola's 51 Pals
-----------------
Alpha Sweepa, Level: 15, Rank: 1, Gender: Male, HP IV: 67(3%), ATK IV: 100(3%), DEF IV: 92(0%), Work Speed: (0%), Skills: Dragonkiller
Caprity, Level: 7, Rank: 1, Gender: Female, HP IV: 17(0%), ATK IV: 48(0%), DEF IV: 29(0%), Work Speed: (0%), Skills: Abnormal
Caprity, Level: 7, Rank: 1, Gender: Male, HP IV: 62(0%), ATK IV: 59(0%), DEF IV: 13(0%), Work Speed: (0%), Skills: Fragrant Foliage
Cattiva, Level: 12, Rank: 1, Gender: Female, HP IV: 4(0%), ATK IV: 52(0%), DEF IV: 89(0%), Work Speed: (0%), Skills: Coward, Cheery, Ferocious, Masochist
Cattiva, Level: 2, Rank: 1, Gender: Female, HP IV: 50(0%), ATK IV: 23(0%), DEF IV: 15(0%), Work Speed: (0%), Skills: Coward, Burly Body
Cattiva, Level: 3, Rank: 1, Gender: Female, HP IV: 16(0%), ATK IV: 44(0%), DEF IV: 65(0%), Work Speed: (0%), Skills: Coward, Blood of the Dragon
Cattiva, Level: 3, Rank: 1, Gender: Female, HP IV: 5(0%), ATK IV: 56(0%), DEF IV: 49(0%), Work Speed: (0%), Skills: Coward, Dainty Eater
Cattiva, Level: 3, Rank: 1, Gender: Female, HP IV: 60(0%), ATK IV: 82(0%), DEF IV: 97(0%), Work Speed: (0%), Skills: Coward, Nocturnal
Cattiva, Level: 3, Rank: 1, Gender: Female, HP IV: 99(0%), ATK IV: 22(0%), DEF IV: 64(0%), Work Speed: (0%), Skills: Coward, Hydromaniac, Workaholic, Insulated Body
Celaray, Level: 10, Rank: 1, Gender: Female, HP IV: 86(0%), ATK IV: 41(0%), DEF IV: 28(0%), Work Speed: (0%), Skills: Pyromaniac
Chikipi, Level: 3, Rank: 1, Gender: Male, HP IV: 58(0%), ATK IV: 38(0%), DEF IV: 54(0%), Work Speed: (0%), Skills: Mercy hit
Chikipi, Level: 4, Rank: 1, Gender: Female, HP IV: 58(0%), ATK IV: 65(0%), DEF IV: 51(0%), Work Speed: (0%), Skills: Botanical Barrier
Chikipi, Level: 5, Rank: 1, Gender: Male, HP IV: 48(0%), ATK IV: 93(0%), DEF IV: 74(0%), Work Speed: (0%), Skills: Dragonkiller, Mine Foreman, Runner
Chikipi, Level: 6, Rank: 1, Gender: Female, HP IV: 92(0%), ATK IV: 65(0%), DEF IV: 41(0%), Work Speed: (0%), Skills: Hydromaniac
Chikipi, Level: 8, Rank: 1, Gender: Female, HP IV: 42(0%), ATK IV: 23(0%), DEF IV: 21(0%), Work Speed: (0%), Skills: Coldblooded
Chikipi, Level: 8, Rank: 1, Gender: Female, HP IV: 89(0%), ATK IV: 17(0%), DEF IV: 39(0%), Work Speed: (0%), Skills: Ferocious
Chikipi, Level: 8, Rank: 1, Gender: Female, HP IV: 98(0%), ATK IV: 9(0%), DEF IV: 50(0%), Work Speed: (0%), Skills: Easygoing
Cremis, Level: 5, Rank: 1, Gender: Male, HP IV: 83(0%), ATK IV: 26(0%), DEF IV: 45(0%), Work Speed: (0%), Skills: Fit as a Fiddle
Croajiro, Level: 7, Rank: 1, Gender: Female, HP IV: 13(0%), ATK IV: 98(0%), DEF IV: 13(0%), Work Speed: (0%), Skills: Zen Mind
Croajiro, Level: 9, Rank: 1, Gender: Female, HP IV: 2(0%), ATK IV: 9(0%), DEF IV: 23(0%), Work Speed: (0%), Skills: Downtrodden
Daedream, Level: 4, Rank: 1, Gender: Female, HP IV: 48(0%), ATK IV: 35(0%), DEF IV: 13(0%), Work Speed: (0%), Skills: Power of Gaia
Direhowl, Level: 10, Rank: 1, Gender: Male, HP IV: 95(0%), ATK IV: 67(0%), DEF IV: 71(0%), Work Speed: (0%), Skills: Motivational Leader
Direhowl, Level: 15, Rank: 1, Gender: Female, HP IV: 26(0%), ATK IV: 41(0%), DEF IV: 18(0%), Work Speed: (0%)
Eikthyrdeer, Level: 15, Rank: 1, Gender: Female, HP IV: 82(0%), ATK IV: 56(0%), DEF IV: 82(0%), Work Speed: (0%), Skills: Brave
Eikthyrdeer, Level: 15, Rank: 1, Gender: Female, HP IV: 98(0%), ATK IV: 72(0%), DEF IV: 47(0%), Work Speed: (0%), Skills: Mine Foreman
Foxparks, Level: 3, Rank: 1, Gender: Male, HP IV: 11(0%), ATK IV: 68(0%), DEF IV: 50(0%), Work Speed: (0%), Skills: Hooligan
Foxparks, Level: 3, Rank: 1, Gender: Male, HP IV: 76(0%), ATK IV: 15(0%), DEF IV: 49(0%), Work Speed: (0%), Skills: Conceited
Fuack, Level: 11, Rank: 1, Gender: Female, HP IV: 16(0%), ATK IV: 16(0%), DEF IV: 71(0%), Work Speed: (0%), Skills: Coldblooded
Fuack, Level: 11, Rank: 1, Gender: Male, HP IV: 73(0%), ATK IV: 11(0%), DEF IV: 94(0%), Work Speed: (0%), Skills: Blood of the Dragon
Fuack, Level: 13, Rank: 1, Gender: Female, HP IV: 38(0%), ATK IV: 83(0%), DEF IV: 45(0%), Work Speed: (0%), Skills: Serenity
Fuack, Level: 3, Rank: 1, Gender: Female, HP IV: 14(0%), ATK IV: 100(0%), DEF IV: 71(0%), Work Speed: (0%)
Fuack, Level: 3, Rank: 1, Gender: Male, HP IV: 94(0%), ATK IV: 90(0%), DEF IV: 40(0%), Work Speed: (0%), Skills: Clumsy
Fuack, Level: 5, Rank: 1, Gender: Female, HP IV: 1(0%), ATK IV: 93(0%), DEF IV: 17(0%), Work Speed: (0%), Skills: Fine Furs
Fuack, Level: 6, Rank: 1, Gender: Male, HP IV: 57(0%), ATK IV: 72(0%), DEF IV: 80(0%), Work Speed: (0%), Skills: Artisan
Hoocrates, Level: 3, Rank: 1, Gender: Female, HP IV: 10(0%), ATK IV: 65(0%), DEF IV: 3(0%), Work Speed: (0%), Skills: Work Slave
Kelpsea, Level: 9, Rank: 1, Gender: Male, HP IV: 43(0%), ATK IV: 73(0%), DEF IV: 74(0%), Work Speed: (0%), Skills: Hooligan
Lamball, Level: 4, Rank: 1, Gender: Female, HP IV: 20(0%), ATK IV: 53(0%), DEF IV: 2(0%), Work Speed: (0%), Skills: Suntan Lover
Lamball, Level: 4, Rank: 1, Gender: Female, HP IV: 79(0%), ATK IV: 43(0%), DEF IV: 43(0%), Work Speed: (0%), Skills: Sadist
Lamball, Level: 4, Rank: 1, Gender: Male, HP IV: 23(0%), ATK IV: 90(0%), DEF IV: 74(0%), Work Speed: (0%), Skills: Pyromaniac
Lamball, Level: 5, Rank: 1, Gender: Female, HP IV: 20(0%), ATK IV: 10(0%), DEF IV: 42(0%), Work Speed: (0%), Skills: Nocturnal, Botanical Barrier, Philantropist, Slacker
Lamball, Level: 5, Rank: 1, Gender: Female, HP IV: 26(0%), ATK IV: 93(0%), DEF IV: 58(0%), Work Speed: (0%), Skills: Conceited
Lamball, Level: 5, Rank: 1, Gender: Male, HP IV: 40(0%), ATK IV: 63(0%), DEF IV: 77(0%), Work Speed: (0%), Skills: Burly Body
Lamball, Level: 8, Rank: 1, Gender: Male, HP IV: 75(0%), ATK IV: 52(0%), DEF IV: 43(0%), Work Speed: (0%), Skills: Work Slave, Brave
Pengullet, Level: 4, Rank: 1, Gender: Female, HP IV: 94(0%), ATK IV: 81(0%), DEF IV: 80(0%), Work Speed: (0%), Skills: Pyromaniac
Ribbuny, Level: 3, Rank: 1, Gender: Male, HP IV: 68(0%), ATK IV: 34(0%), DEF IV: 50(0%), Work Speed: (0%), Skills: Botanical Barrier
Rooby, Level: 10, Rank: 1, Gender: Male, HP IV: 43(0%), ATK IV: 46(0%), DEF IV: 80(0%), Work Speed: (0%), Skills: Sickly
Rooby, Level: 15, Rank: 1, Gender: Male, HP IV: 45(0%), ATK IV: 8(0%), DEF IV: 34(0%), Work Speed: (0%), Skills: Capacitor
Rushoar, Level: 6, Rank: 1, Gender: Female, HP IV: 77(0%), ATK IV: 28(0%), DEF IV: 89(0%), Work Speed: (0%), Skills: Blood of the Dragon
Swee, Level: 9, Rank: 1, Gender: Male, HP IV: 51(0%), ATK IV: 34(0%), DEF IV: 61(0%), Work Speed: (0%), Skills: Positive Thinker
Tanzee, Level: 4, Rank: 1, Gender: Male, HP IV: 42(0%), ATK IV: 76(0%), DEF IV: 96(0%), Work Speed: (0%), Skills: Artisan, Coward
Univolt, Level: 15, Rank: 1, Gender: Female, HP IV: 13(0%), ATK IV: 71(0%), DEF IV: 50(0%), Work Speed: (0%), Skills: Clumsy
BaRtola's 51 Pals
-----------------
Alpha Sweepa, Level: 15, Rank: 1, Gender: Male, HP IV: 67(3%), ATK IV: 100(3%), DEF IV: 92(0%), Work Speed: (0%), Skills: Dragonkiller
Caprity, Level: 7, Rank: 1, Gender: Female, HP IV: 17(0%), ATK IV: 48(0%), DEF IV: 29(0%), Work Speed: (0%), Skills: Abnormal
Caprity, Level: 7, Rank: 1, Gender: Male, HP IV: 62(0%), ATK IV: 59(0%), DEF IV: 13(0%), Work Speed: (0%), Skills: Fragrant Foliage
Cattiva, Level: 12, Rank: 1, Gender: Female, HP IV: 4(0%), ATK IV: 52(0%), DEF IV: 89(0%), Work Speed: (0%), Skills: Coward, Cheery, Ferocious, Masochist
Cattiva, Level: 2, Rank: 1, Gender: Female, HP IV: 50(0%), ATK IV: 23(0%), DEF IV: 15(0%), Work Speed: (0%), Skills: Coward, Burly Body
Cattiva, Level: 3, Rank: 1, Gender: Female, HP IV: 16(0%), ATK IV: 44(0%), DEF IV: 65(0%), Work Speed: (0%), Skills: Coward, Blood of the Dragon
Cattiva, Level: 3, Rank: 1, Gender: Female, HP IV: 5(0%), ATK IV: 56(0%), DEF IV: 49(0%), Work Speed: (0%), Skills: Coward, Dainty Eater
Cattiva, Level: 3, Rank: 1, Gender: Female, HP IV: 60(0%), ATK IV: 82(0%), DEF IV: 97(0%), Work Speed: (0%), Skills: Coward, Nocturnal
Cattiva, Level: 3, Rank: 1, Gender: Female, HP IV: 99(0%), ATK IV: 22(0%), DEF IV: 64(0%), Work Speed: (0%), Skills: Coward, Hydromaniac, Workaholic, Insulated Body
Celaray, Level: 10, Rank: 1, Gender: Female, HP IV: 86(0%), ATK IV: 41(0%), DEF IV: 28(0%), Work Speed: (0%), Skills: Pyromaniac
Chikipi, Level: 3, Rank: 1, Gender: Male, HP IV: 58(0%), ATK IV: 38(0%), DEF IV: 54(0%), Work Speed: (0%), Skills: Mercy hit
Chikipi, Level: 4, Rank: 1, Gender: Female, HP IV: 58(0%), ATK IV: 65(0%), DEF IV: 51(0%), Work Speed: (0%), Skills: Botanical Barrier
Chikipi, Level: 5, Rank: 1, Gender: Male, HP IV: 48(0%), ATK IV: 93(0%), DEF IV: 74(0%), Work Speed: (0%), Skills: Dragonkiller, Mine Foreman, Runner
Chikipi, Level: 6, Rank: 1, Gender: Female, HP IV: 92(0%), ATK IV: 65(0%), DEF IV: 41(0%), Work Speed: (0%), Skills: Hydromaniac
Chikipi, Level: 8, Rank: 1, Gender: Female, HP IV: 42(0%), ATK IV: 23(0%), DEF IV: 21(0%), Work Speed: (0%), Skills: Coldblooded
Chikipi, Level: 8, Rank: 1, Gender: Female, HP IV: 89(0%), ATK IV: 17(0%), DEF IV: 39(0%), Work Speed: (0%), Skills: Ferocious
Chikipi, Level: 8, Rank: 1, Gender: Female, HP IV: 98(0%), ATK IV: 9(0%), DEF IV: 50(0%), Work Speed: (0%), Skills: Easygoing
Cremis, Level: 5, Rank: 1, Gender: Male, HP IV: 83(0%), ATK IV: 26(0%), DEF IV: 45(0%), Work Speed: (0%), Skills: Fit as a Fiddle
Croajiro, Level: 7, Rank: 1, Gender: Female, HP IV: 13(0%), ATK IV: 98(0%), DEF IV: 13(0%), Work Speed: (0%), Skills: Zen Mind
Croajiro, Level: 9, Rank: 1, Gender: Female, HP IV: 2(0%), ATK IV: 9(0%), DEF IV: 23(0%), Work Speed: (0%), Skills: Downtrodden
Daedream, Level: 4, Rank: 1, Gender: Female, HP IV: 48(0%), ATK IV: 35(0%), DEF IV: 13(0%), Work Speed: (0%), Skills: Power of Gaia
Direhowl, Level: 10, Rank: 1, Gender: Male, HP IV: 95(0%), ATK IV: 67(0%), DEF IV: 71(0%), Work Speed: (0%), Skills: Motivational Leader
Direhowl, Level: 15, Rank: 1, Gender: Female, HP IV: 26(0%), ATK IV: 41(0%), DEF IV: 18(0%), Work Speed: (0%)
Eikthyrdeer, Level: 15, Rank: 1, Gender: Female, HP IV: 82(0%), ATK IV: 56(0%), DEF IV: 82(0%), Work Speed: (0%), Skills: Brave
Eikthyrdeer, Level: 15, Rank: 1, Gender: Female, HP IV: 98(0%), ATK IV: 72(0%), DEF IV: 47(0%), Work Speed: (0%), Skills: Mine Foreman
Foxparks, Level: 3, Rank: 1, Gender: Male, HP IV: 11(0%), ATK IV: 68(0%), DEF IV: 50(0%), Work Speed: (0%), Skills: Hooligan
Foxparks, Level: 3, Rank: 1, Gender: Male, HP IV: 76(0%), ATK IV: 15(0%), DEF IV: 49(0%), Work Speed: (0%), Skills: Conceited
Fuack, Level: 11, Rank: 1, Gender: Female, HP IV: 16(0%), ATK IV: 16(0%), DEF IV: 71(0%), Work Speed: (0%), Skills: Coldblooded
Fuack, Level: 11, Rank: 1, Gender: Male, HP IV: 73(0%), ATK IV: 11(0%), DEF IV: 94(0%), Work Speed: (0%), Skills: Blood of the Dragon
Fuack, Level: 13, Rank: 1, Gender: Female, HP IV: 38(0%), ATK IV: 83(0%), DEF IV: 45(0%), Work Speed: (0%), Skills: Serenity
Fuack, Level: 3, Rank: 1, Gender: Female, HP IV: 14(0%), ATK IV: 100(0%), DEF IV: 71(0%), Work Speed: (0%)
Fuack, Level: 3, Rank: 1, Gender: Male, HP IV: 94(0%), ATK IV: 90(0%), DEF IV: 40(0%), Work Speed: (0%), Skills: Clumsy
Fuack, Level: 5, Rank: 1, Gender: Female, HP IV: 1(0%), ATK IV: 93(0%), DEF IV: 17(0%), Work Speed: (0%), Skills: Fine Furs
Fuack, Level: 6, Rank: 1, Gender: Male, HP IV: 57(0%), ATK IV: 72(0%), DEF IV: 80(0%), Work Speed: (0%), Skills: Artisan
Hoocrates, Level: 3, Rank: 1, Gender: Female, HP IV: 10(0%), ATK IV: 65(0%), DEF IV: 3(0%), Work Speed: (0%), Skills: Work Slave
Kelpsea, Level: 9, Rank: 1, Gender: Male, HP IV: 43(0%), ATK IV: 73(0%), DEF IV: 74(0%), Work Speed: (0%), Skills: Hooligan
Lamball, Level: 4, Rank: 1, Gender: Female, HP IV: 20(0%), ATK IV: 53(0%), DEF IV: 2(0%), Work Speed: (0%), Skills: Suntan Lover
Lamball, Level: 4, Rank: 1, Gender: Female, HP IV: 79(0%), ATK IV: 43(0%), DEF IV: 43(0%), Work Speed: (0%), Skills: Sadist
Lamball, Level: 4, Rank: 1, Gender: Male, HP IV: 23(0%), ATK IV: 90(0%), DEF IV: 74(0%), Work Speed: (0%), Skills: Pyromaniac
Lamball, Level: 5, Rank: 1, Gender: Female, HP IV: 20(0%), ATK IV: 10(0%), DEF IV: 42(0%), Work Speed: (0%), Skills: Nocturnal, Botanical Barrier, Philantropist, Slacker
Lamball, Level: 5, Rank: 1, Gender: Female, HP IV: 26(0%), ATK IV: 93(0%), DEF IV: 58(0%), Work Speed: (0%), Skills: Conceited
Lamball, Level: 5, Rank: 1, Gender: Male, HP IV: 40(0%), ATK IV: 63(0%), DEF IV: 77(0%), Work Speed: (0%), Skills: Burly Body
Lamball, Level: 8, Rank: 1, Gender: Male, HP IV: 75(0%), ATK IV: 52(0%), DEF IV: 43(0%), Work Speed: (0%), Skills: Work Slave, Brave
Pengullet, Level: 4, Rank: 1, Gender: Female, HP IV: 94(0%), ATK IV: 81(0%), DEF IV: 80(0%), Work Speed: (0%), Skills: Pyromaniac
Ribbuny, Level: 3, Rank: 1, Gender: Male, HP IV: 68(0%), ATK IV: 34(0%), DEF IV: 50(0%), Work Speed: (0%), Skills: Botanical Barrier
Rooby, Level: 10, Rank: 1, Gender: Male, HP IV: 43(0%), ATK IV: 46(0%), DEF IV: 80(0%), Work Speed: (0%), Skills: Sickly
Rooby, Level: 15, Rank: 1, Gender: Male, HP IV: 45(0%), ATK IV: 8(0%), DEF IV: 34(0%), Work Speed: (0%), Skills: Capacitor
Rushoar, Level: 6, Rank: 1, Gender: Female, HP IV: 77(0%), ATK IV: 28(0%), DEF IV: 89(0%), Work Speed: (0%), Skills: Blood of the Dragon
Swee, Level: 9, Rank: 1, Gender: Male, HP IV: 51(0%), ATK IV: 34(0%), DEF IV: 61(0%), Work Speed: (0%), Skills: Positive Thinker
Tanzee, Level: 4, Rank: 1, Gender: Male, HP IV: 42(0%), ATK IV: 76(0%), DEF IV: 96(0%), Work Speed: (0%), Skills: Artisan, Coward
Univolt, Level: 15, Rank: 1, Gender: Female, HP IV: 13(0%), ATK IV: 71(0%), DEF IV: 50(0%), Work Speed: (0%), Skills: Clumsy
BaRtola's 51 Pals
-----------------
Alpha Sweepa, Level: 15, Rank: 1, Gender: Male, HP IV: 67(3%), ATK IV: 100(3%), DEF IV: 92(0%), Work Speed: (0%), Skills: Dragonkiller
Caprity, Level: 7, Rank: 1, Gender: Female, HP IV: 17(0%), ATK IV: 48(0%), DEF IV: 29(0%), Work Speed: (0%), Skills: Abnormal
Caprity, Level: 7, Rank: 1, Gender: Male, HP IV: 62(0%), ATK IV: 59(0%), DEF IV: 13(0%), Work Speed: (0%), Skills: Fragrant Foliage
Cattiva, Level: 12, Rank: 1, Gender: Female, HP IV: 4(0%), ATK IV: 52(0%), DEF IV: 89(0%), Work Speed: (0%), Skills: Coward, Cheery, Ferocious, Masochist
Cattiva, Level: 2, Rank: 1, Gender: Female, HP IV: 50(0%), ATK IV: 23(0%), DEF IV: 15(0%), Work Speed: (0%), Skills: Coward, Burly Body
Cattiva, Level: 3, Rank: 1, Gender: Female, HP IV: 16(0%), ATK IV: 44(0%), DEF IV: 65(0%), Work Speed: (0%), Skills: Coward, Blood of the Dragon
Cattiva, Level: 3, Rank: 1, Gender: Female, HP IV: 5(0%), ATK IV: 56(0%), DEF IV: 49(0%), Work Speed: (0%), Skills: Coward, Dainty Eater
Cattiva, Level: 3, Rank: 1, Gender: Female, HP IV: 60(0%), ATK IV: 82(0%), DEF IV: 97(0%), Work Speed: (0%), Skills: Coward, Nocturnal
Cattiva, Level: 3, Rank: 1, Gender: Female, HP IV: 99(0%), ATK IV: 22(0%), DEF IV: 64(0%), Work Speed: (0%), Skills: Coward, Hydromaniac, Workaholic, Insulated Body
Celaray, Level: 10, Rank: 1, Gender: Female, HP IV: 86(0%), ATK IV: 41(0%), DEF IV: 28(0%), Work Speed: (0%), Skills: Pyromaniac
Chikipi, Level: 3, Rank: 1, Gender: Male, HP IV: 58(0%), ATK IV: 38(0%), DEF IV: 54(0%), Work Speed: (0%), Skills: Mercy hit
Chikipi, Level: 4, Rank: 1, Gender: Female, HP IV: 58(0%), ATK IV: 65(0%), DEF IV: 51(0%), Work Speed: (0%), Skills: Botanical Barrier
Chikipi, Level: 5, Rank: 1, Gender: Male, HP IV: 48(0%), ATK IV: 93(0%), DEF IV: 74(0%), Work Speed: (0%), Skills: Dragonkiller, Mine Foreman, Runner
Chikipi, Level: 6, Rank: 1, Gender: Female, HP IV: 92(0%), ATK IV: 65(0%), DEF IV: 41(0%), Work Speed: (0%), Skills: Hydromaniac
Chikipi, Level: 8, Rank: 1, Gender: Female, HP IV: 42(0%), ATK IV: 23(0%), DEF IV: 21(0%), Work Speed: (0%), Skills: Coldblooded
Chikipi, Level: 8, Rank: 1, Gender: Female, HP IV: 89(0%), ATK IV: 17(0%), DEF IV: 39(0%), Work Speed: (0%), Skills: Ferocious
Chikipi, Level: 8, Rank: 1, Gender: Female, HP IV: 98(0%), ATK IV: 9(0%), DEF IV: 50(0%), Work Speed: (0%), Skills: Easygoing
Cremis, Level: 5, Rank: 1, Gender: Male, HP IV: 83(0%), ATK IV: 26(0%), DEF IV: 45(0%), Work Speed: (0%), Skills: Fit as a Fiddle
Croajiro, Level: 7, Rank: 1, Gender: Female, HP IV: 13(0%), ATK IV: 98(0%), DEF IV: 13(0%), Work Speed: (0%), Skills: Zen Mind
Croajiro, Level: 9, Rank: 1, Gender: Female, HP IV: 2(0%), ATK IV: 9(0%), DEF IV: 23(0%), Work Speed: (0%), Skills: Downtrodden
Daedream, Level: 4, Rank: 1, Gender: Female, HP IV: 48(0%), ATK IV: 35(0%), DEF IV: 13(0%), Work Speed: (0%), Skills: Power of Gaia
Direhowl, Level: 10, Rank: 1, Gender: Male, HP IV: 95(0%), ATK IV: 67(0%), DEF IV: 71(0%), Work Speed: (0%), Skills: Motivational Leader
Direhowl, Level: 15, Rank: 1, Gender: Female, HP IV: 26(0%), ATK IV: 41(0%), DEF IV: 18(0%), Work Speed: (0%)
Eikthyrdeer, Level: 15, Rank: 1, Gender: Female, HP IV: 82(0%), ATK IV: 56(0%), DEF IV: 82(0%), Work Speed: (0%), Skills: Brave
Eikthyrdeer, Level: 15, Rank: 1, Gender: Female, HP IV: 98(0%), ATK IV: 72(0%), DEF IV: 47(0%), Work Speed: (0%), Skills: Mine Foreman
Foxparks, Level: 3, Rank: 1, Gender: Male, HP IV: 11(0%), ATK IV: 68(0%), DEF IV: 50(0%), Work Speed: (0%), Skills: Hooligan
Foxparks, Level: 3, Rank: 1, Gender: Male, HP IV: 76(0%), ATK IV: 15(0%), DEF IV: 49(0%), Work Speed: (0%), Skills: Conceited
Fuack, Level: 11, Rank: 1, Gender: Female, HP IV: 16(0%), ATK IV: 16(0%), DEF IV: 71(0%), Work Speed: (0%), Skills: Coldblooded
Fuack, Level: 11, Rank: 1, Gender: Male, HP IV: 73(0%), ATK IV: 11(0%), DEF IV: 94(0%), Work Speed: (0%), Skills: Blood of the Dragon
Fuack, Level: 13, Rank: 1, Gender: Female, HP IV: 38(0%), ATK IV: 83(0%), DEF IV: 45(0%), Work Speed: (0%), Skills: Serenity
Fuack, Level: 3, Rank: 1, Gender: Female, HP IV: 14(0%), ATK IV: 100(0%), DEF IV: 71(0%), Work Speed: (0%)
Fuack, Level: 3, Rank: 1, Gender: Male, HP IV: 94(0%), ATK IV: 90(0%), DEF IV: 40(0%), Work Speed: (0%), Skills: Clumsy
Fuack, Level: 5, Rank: 1, Gender: Female, HP IV: 1(0%), ATK IV: 93(0%), DEF IV: 17(0%), Work Speed: (0%), Skills: Fine Furs
Fuack, Level: 6, Rank: 1, Gender: Male, HP IV: 57(0%), ATK IV: 72(0%), DEF IV: 80(0%), Work Speed: (0%), Skills: Artisan
Hoocrates, Level: 3, Rank: 1, Gender: Female, HP IV: 10(0%), ATK IV: 65(0%), DEF IV: 3(0%), Work Speed: (0%), Skills: Work Slave
Kelpsea, Level: 9, Rank: 1, Gender: Male, HP IV: 43(0%), ATK IV: 73(0%), DEF IV: 74(0%), Work Speed: (0%), Skills: Hooligan
Lamball, Level: 4, Rank: 1, Gender: Female, HP IV: 20(0%), ATK IV: 53(0%), DEF IV: 2(0%), Work Speed: (0%), Skills: Suntan Lover
Lamball, Level: 4, Rank: 1, Gender: Female, HP IV: 79(0%), ATK IV: 43(0%), DEF IV: 43(0%), Work Speed: (0%), Skills: Sadist
Lamball, Level: 4, Rank: 1, Gender: Male, HP IV: 23(0%), ATK IV: 90(0%), DEF IV: 74(0%), Work Speed: (0%), Skills: Pyromaniac
Lamball, Level: 5, Rank: 1, Gender: Female, HP IV: 20(0%), ATK IV: 10(0%), DEF IV: 42(0%), Work Speed: (0%), Skills: Nocturnal, Botanical Barrier, Philantropist, Slacker
Lamball, Level: 5, Rank: 1, Gender: Female, HP IV: 26(0%), ATK IV: 93(0%), DEF IV: 58(0%), Work Speed: (0%), Skills: Conceited
Lamball, Level: 5, Rank: 1, Gender: Male, HP IV: 40(0%), ATK IV: 63(0%), DEF IV: 77(0%), Work Speed: (0%), Skills: Burly Body
Lamball, Level: 8, Rank: 1, Gender: Male, HP IV: 75(0%), ATK IV: 52(0%), DEF IV: 43(0%), Work Speed: (0%), Skills: Work Slave, Brave
Pengullet, Level: 4, Rank: 1, Gender: Female, HP IV: 94(0%), ATK IV: 81(0%), DEF IV: 80(0%), Work Speed: (0%), Skills: Pyromaniac
Ribbuny, Level: 3, Rank: 1, Gender: Male, HP IV: 68(0%), ATK IV: 34(0%), DEF IV: 50(0%), Work Speed: (0%), Skills: Botanical Barrier
Rooby, Level: 10, Rank: 1, Gender: Male, HP IV: 43(0%), ATK IV: 46(0%), DEF IV: 80(0%), Work Speed: (0%), Skills: Sickly
Rooby, Level: 15, Rank: 1, Gender: Male, HP IV: 45(0%), ATK IV: 8(0%), DEF IV: 34(0%), Work Speed: (0%), Skills: Capacitor
Rushoar, Level: 6, Rank: 1, Gender: Female, HP IV: 77(0%), ATK IV: 28(0%), DEF IV: 89(0%), Work Speed: (0%), Skills: Blood of the Dragon
Swee, Level: 9, Rank: 1, Gender: Male, HP IV: 51(0%), ATK IV: 34(0%), DEF IV: 61(0%), Work Speed: (0%), Skills: Positive Thinker
Tanzee, Level: 4, Rank: 1, Gender: Male, HP IV: 42(0%), ATK IV: 76(0%), DEF IV: 96(0%), Work Speed: (0%), Skills: Artisan, Coward
Univolt, Level: 15, Rank: 1, Gender: Female, HP IV: 13(0%), ATK IV: 71(0%), DEF IV: 50(0%), Work Speed: (0%), Skills: Clumsy
BaRtola's 51 Pals
-----------------
Alpha Sweepa, Level: 15, Rank: 1, Gender: Male, HP IV: 67(3%), ATK IV: 100(3%), DEF IV: 92(0%), Work Speed: (0%), Skills: Dragonkiller
Caprity, Level: 7, Rank: 1, Gender: Female, HP IV: 17(0%), ATK IV: 48(0%), DEF IV: 29(0%), Work Speed: (0%), Skills: Abnormal
Caprity, Level: 7, Rank: 1, Gender: Male, HP IV: 62(0%), ATK IV: 59(0%), DEF IV: 13(0%), Work Speed: (0%), Skills: Fragrant Foliage
Cattiva, Level: 12, Rank: 1, Gender: Female, HP IV: 4(0%), ATK IV: 52(0%), DEF IV: 89(0%), Work Speed: (0%), Skills: Coward, Cheery, Ferocious, Masochist
Cattiva, Level: 2, Rank: 1, Gender: Female, HP IV: 50(0%), ATK IV: 23(0%), DEF IV: 15(0%), Work Speed: (0%), Skills: Coward, Burly Body
Cattiva, Level: 3, Rank: 1, Gender: Female, HP IV: 16(0%), ATK IV: 44(0%), DEF IV: 65(0%), Work Speed: (0%), Skills: Coward, Blood of the Dragon
Cattiva, Level: 3, Rank: 1, Gender: Female, HP IV: 5(0%), ATK IV: 56(0%), DEF IV: 49(0%), Work Speed: (0%), Skills: Coward, Dainty Eater
Cattiva, Level: 3, Rank: 1, Gender: Female, HP IV: 60(0%), ATK IV: 82(0%), DEF IV: 97(0%), Work Speed: (0%), Skills: Coward, Nocturnal
Cattiva, Level: 3, Rank: 1, Gender: Female, HP IV: 99(0%), ATK IV: 22(0%), DEF IV: 64(0%), Work Speed: (0%), Skills: Coward, Hydromaniac, Workaholic, Insulated Body
Celaray, Level: 10, Rank: 1, Gender: Female, HP IV: 86(0%), ATK IV: 41(0%), DEF IV: 28(0%), Work Speed: (0%), Skills: Pyromaniac
Chikipi, Level: 3, Rank: 1, Gender: Male, HP IV: 58(0%), ATK IV: 38(0%), DEF IV: 54(0%), Work Speed: (0%), Skills: Mercy hit
Chikipi, Level: 4, Rank: 1, Gender: Female, HP IV: 58(0%), ATK IV: 65(0%), DEF IV: 51(0%), Work Speed: (0%), Skills: Botanical Barrier
Chikipi, Level: 5, Rank: 1, Gender: Male, HP IV: 48(0%), ATK IV: 93(0%), DEF IV: 74(0%), Work Speed: (0%), Skills: Dragonkiller, Mine Foreman, Runner
Chikipi, Level: 6, Rank: 1, Gender: Female, HP IV: 92(0%), ATK IV: 65(0%), DEF IV: 41(0%), Work Speed: (0%), Skills: Hydromaniac
Chikipi, Level: 8, Rank: 1, Gender: Female, HP IV: 42(0%), ATK IV: 23(0%), DEF IV: 21(0%), Work Speed: (0%), Skills: Coldblooded
Chikipi, Level: 8, Rank: 1, Gender: Female, HP IV: 89(0%), ATK IV: 17(0%), DEF IV: 39(0%), Work Speed: (0%), Skills: Ferocious
Chikipi, Level: 8, Rank: 1, Gender: Female, HP IV: 98(0%), ATK IV: 9(0%), DEF IV: 50(0%), Work Speed: (0%), Skills: Easygoing
Cremis, Level: 5, Rank: 1, Gender: Male, HP IV: 83(0%), ATK IV: 26(0%), DEF IV: 45(0%), Work Speed: (0%), Skills: Fit as a Fiddle
Croajiro, Level: 7, Rank: 1, Gender: Female, HP IV: 13(0%), ATK IV: 98(0%), DEF IV: 13(0%), Work Speed: (0%), Skills: Zen Mind
Croajiro, Level: 9, Rank: 1, Gender: Female, HP IV: 2(0%), ATK IV: 9(0%), DEF IV: 23(0%), Work Speed: (0%), Skills: Downtrodden
Daedream, Level: 4, Rank: 1, Gender: Female, HP IV: 48(0%), ATK IV: 35(0%), DEF IV: 13(0%), Work Speed: (0%), Skills: Power of Gaia
Direhowl, Level: 10, Rank: 1, Gender: Male, HP IV: 95(0%), ATK IV: 67(0%), DEF IV: 71(0%), Work Speed: (0%), Skills: Motivational Leader
Direhowl, Level: 15, Rank: 1, Gender: Female, HP IV: 26(0%), ATK IV: 41(0%), DEF IV: 18(0%), Work Speed: (0%)
Eikthyrdeer, Level: 15, Rank: 1, Gender: Female, HP IV: 82(0%), ATK IV: 56(0%), DEF IV: 82(0%), Work Speed: (0%), Skills: Brave
Eikthyrdeer, Level: 15, Rank: 1, Gender: Female, HP IV: 98(0%), ATK IV: 72(0%), DEF IV: 47(0%), Work Speed: (0%), Skills: Mine Foreman
Foxparks, Level: 3, Rank: 1, Gender: Male, HP IV: 11(0%), ATK IV: 68(0%), DEF IV: 50(0%), Work Speed: (0%), Skills: Hooligan
Foxparks, Level: 3, Rank: 1, Gender: Male, HP IV: 76(0%), ATK IV: 15(0%), DEF IV: 49(0%), Work Speed: (0%), Skills: Conceited
Fuack, Level: 11, Rank: 1, Gender: Female, HP IV: 16(0%), ATK IV: 16(0%), DEF IV: 71(0%), Work Speed: (0%), Skills: Coldblooded
Fuack, Level: 11, Rank: 1, Gender: Male, HP IV: 73(0%), ATK IV: 11(0%), DEF IV: 94(0%), Work Speed: (0%), Skills: Blood of the Dragon
Fuack, Level: 13, Rank: 1, Gender: Female, HP IV: 38(0%), ATK IV: 83(0%), DEF IV: 45(0%), Work Speed: (0%), Skills: Serenity
Fuack, Level: 3, Rank: 1, Gender: Female, HP IV: 14(0%), ATK IV: 100(0%), DEF IV: 71(0%), Work Speed: (0%)
Fuack, Level: 3, Rank: 1, Gender: Male, HP IV: 94(0%), ATK IV: 90(0%), DEF IV: 40(0%), Work Speed: (0%), Skills: Clumsy
Fuack, Level: 5, Rank: 1, Gender: Female, HP IV: 1(0%), ATK IV: 93(0%), DEF IV: 17(0%), Work Speed: (0%), Skills: Fine Furs
Fuack, Level: 6, Rank: 1, Gender: Male, HP IV: 57(0%), ATK IV: 72(0%), DEF IV: 80(0%), Work Speed: (0%), Skills: Artisan
Hoocrates, Level: 3, Rank: 1, Gender: Female, HP IV: 10(0%), ATK IV: 65(0%), DEF IV: 3(0%), Work Speed: (0%), Skills: Work Slave
Kelpsea, Level: 9, Rank: 1, Gender: Male, HP IV: 43(0%), ATK IV: 73(0%), DEF IV: 74(0%), Work Speed: (0%), Skills: Hooligan
Lamball, Level: 4, Rank: 1, Gender: Female, HP IV: 20(0%), ATK IV: 53(0%), DEF IV: 2(0%), Work Speed: (0%), Skills: Suntan Lover
Lamball, Level: 4, Rank: 1, Gender: Female, HP IV: 79(0%), ATK IV: 43(0%), DEF IV: 43(0%), Work Speed: (0%), Skills: Sadist
Lamball, Level: 4, Rank: 1, Gender: Male, HP IV: 23(0%), ATK IV: 90(0%), DEF IV: 74(0%), Work Speed: (0%), Skills: Pyromaniac
Lamball, Level: 5, Rank: 1, Gender: Female, HP IV: 20(0%), ATK IV: 10(0%), DEF IV: 42(0%), Work Speed: (0%), Skills: Nocturnal, Botanical Barrier, Philantropist, Slacker
Lamball, Level: 5, Rank: 1, Gender: Female, HP IV: 26(0%), ATK IV: 93(0%), DEF IV: 58(0%), Work Speed: (0%), Skills: Conceited
Lamball, Level: 5, Rank: 1, Gender: Male, HP IV: 40(0%), ATK IV: 63(0%), DEF IV: 77(0%), Work Speed: (0%), Skills: Burly Body
Lamball, Level: 8, Rank: 1, Gender: Male, HP IV: 75(0%), ATK IV: 52(0%), DEF IV: 43(0%), Work Speed: (0%), Skills: Work Slave, Brave
Pengullet, Level: 4, Rank: 1, Gender: Female, HP IV: 94(0%), ATK IV: 81(0%), DEF IV: 80(0%), Work Speed: (0%), Skills: Pyromaniac
Ribbuny, Level: 3, Rank: 1, Gender: Male, HP IV: 68(0%), ATK IV: 34(0%), DEF IV: 50(0%), Work Speed: (0%), Skills: Botanical Barrier
Rooby, Level: 10, Rank: 1, Gender: Male, HP IV: 43(0%), ATK IV: 46(0%), DEF IV: 80(0%), Work Speed: (0%), Skills: Sickly
Rooby, Level: 15, Rank: 1, Gender: Male, HP IV: 45(0%), ATK IV: 8(0%), DEF IV: 34(0%), Work Speed: (0%), Skills: Capacitor
Rushoar, Level: 6, Rank: 1, Gender: Female, HP IV: 77(0%), ATK IV: 28(0%), DEF IV: 89(0%), Work Speed: (0%), Skills: Blood of the Dragon
Swee, Level: 9, Rank: 1, Gender: Male, HP IV: 51(0%), ATK IV: 34(0%), DEF IV: 61(0%), Work Speed: (0%), Skills: Positive Thinker
Tanzee, Level: 4, Rank: 1, Gender: Male, HP IV: 42(0%), ATK IV: 76(0%), DEF IV: 96(0%), Work Speed: (0%), Skills: Artisan, Coward
Univolt, Level: 15, Rank: 1, Gender: Female, HP IV: 13(0%), ATK IV: 71(0%), DEF IV: 50(0%), Work Speed: (0%), Skills: Clumsy
BaRtola's 51 Pals
-----------------
Alpha Sweepa, Level: 15, Rank: 1, Gender: Male, HP IV: 67(3%), ATK IV: 100(3%), DEF IV: 92(0%), Work Speed: (0%), Skills: Dragonkiller
Caprity, Level: 7, Rank: 1, Gender: Female, HP IV: 17(0%), ATK IV: 48(0%), DEF IV: 29(0%), Work Speed: (0%), Skills: Abnormal
Caprity, Level: 7, Rank: 1, Gender: Male, HP IV: 62(0%), ATK IV: 59(0%), DEF IV: 13(0%), Work Speed: (0%), Skills: Fragrant Foliage
Cattiva, Level: 12, Rank: 1, Gender: Female, HP IV: 4(0%), ATK IV: 52(0%), DEF IV: 89(0%), Work Speed: (0%), Skills: Coward, Cheery, Ferocious, Masochist
Cattiva, Level: 2, Rank: 1, Gender: Female, HP IV: 50(0%), ATK IV: 23(0%), DEF IV: 15(0%), Work Speed: (0%), Skills: Coward, Burly Body
Cattiva, Level: 3, Rank: 1, Gender: Female, HP IV: 16(0%), ATK IV: 44(0%), DEF IV: 65(0%), Work Speed: (0%), Skills: Coward, Blood of the Dragon
Cattiva, Level: 3, Rank: 1, Gender: Female, HP IV: 5(0%), ATK IV: 56(0%), DEF IV: 49(0%), Work Speed: (0%), Skills: Coward, Dainty Eater
Cattiva, Level: 3, Rank: 1, Gender: Female, HP IV: 60(0%), ATK IV: 82(0%), DEF IV: 97(0%), Work Speed: (0%), Skills: Coward, Nocturnal
Cattiva, Level: 3, Rank: 1, Gender: Female, HP IV: 99(0%), ATK IV: 22(0%), DEF IV: 64(0%), Work Speed: (0%), Skills: Coward, Hydromaniac, Workaholic, Insulated Body
Celaray, Level: 10, Rank: 1, Gender: Female, HP IV: 86(0%), ATK IV: 41(0%), DEF IV: 28(0%), Work Speed: (0%), Skills: Pyromaniac
Chikipi, Level: 3, Rank: 1, Gender: Male, HP IV: 58(0%), ATK IV: 38(0%), DEF IV: 54(0%), Work Speed: (0%), Skills: Mercy hit
Chikipi, Level: 4, Rank: 1, Gender: Female, HP IV: 58(0%), ATK IV: 65(0%), DEF IV: 51(0%), Work Speed: (0%), Skills: Botanical Barrier
Chikipi, Level: 5, Rank: 1, Gender: Male, HP IV: 48(0%), ATK IV: 93(0%), DEF IV: 74(0%), Work Speed: (0%), Skills: Dragonkiller, Mine Foreman, Runner
Chikipi, Level: 6, Rank: 1, Gender: Female, HP IV: 92(0%), ATK IV: 65(0%), DEF IV: 41(0%), Work Speed: (0%), Skills: Hydromaniac
Chikipi, Level: 8, Rank: 1, Gender: Female, HP IV: 42(0%), ATK IV: 23(0%), DEF IV: 21(0%), Work Speed: (0%), Skills: Coldblooded
Chikipi, Level: 8, Rank: 1, Gender: Female, HP IV: 89(0%), ATK IV: 17(0%), DEF IV: 39(0%), Work Speed: (0%), Skills: Ferocious
Chikipi, Level: 8, Rank: 1, Gender: Female, HP IV: 98(0%), ATK IV: 9(0%), DEF IV: 50(0%), Work Speed: (0%), Skills: Easygoing
Cremis, Level: 5, Rank: 1, Gender: Male, HP IV: 83(0%), ATK IV: 26(0%), DEF IV: 45(0%), Work Speed: (0%), Skills: Fit as a Fiddle
Croajiro, Level: 7, Rank: 1, Gender: Female, HP IV: 13(0%), ATK IV: 98(0%), DEF IV: 13(0%), Work Speed: (0%), Skills: Zen Mind
Croajiro, Level: 9, Rank: 1, Gender: Female, HP IV: 2(0%), ATK IV: 9(0%), DEF IV: 23(0%), Work Speed: (0%), Skills: Downtrodden
Daedream, Level: 4, Rank: 1, Gender: Female, HP IV: 48(0%), ATK IV: 35(0%), DEF IV: 13(0%), Work Speed: (0%), Skills: Power of Gaia
Direhowl, Level: 10, Rank: 1, Gender: Male, HP IV: 95(0%), ATK IV: 67(0%), DEF IV: 71(0%), Work Speed: (0%), Skills: Motivational Leader
Direhowl, Level: 15, Rank: 1, Gender: Female, HP IV: 26(0%), ATK IV: 41(0%), DEF IV: 18(0%), Work Speed: (0%)
Eikthyrdeer, Level: 15, Rank: 1, Gender: Female, HP IV: 82(0%), ATK IV: 56(0%), DEF IV: 82(0%), Work Speed: (0%), Skills: Brave
Eikthyrdeer, Level: 15, Rank: 1, Gender: Female, HP IV: 98(0%), ATK IV: 72(0%), DEF IV: 47(0%), Work Speed: (0%), Skills: Mine Foreman
Foxparks, Level: 3, Rank: 1, Gender: Male, HP IV: 11(0%), ATK IV: 68(0%), DEF IV: 50(0%), Work Speed: (0%), Skills: Hooligan
Foxparks, Level: 3, Rank: 1, Gender: Male, HP IV: 76(0%), ATK IV: 15(0%), DEF IV: 49(0%), Work Speed: (0%), Skills: Conceited
Fuack, Level: 11, Rank: 1, Gender: Female, HP IV: 16(0%), ATK IV: 16(0%), DEF IV: 71(0%), Work Speed: (0%), Skills: Coldblooded
Fuack, Level: 11, Rank: 1, Gender: Male, HP IV: 73(0%), ATK IV: 11(0%), DEF IV: 94(0%), Work Speed: (0%), Skills: Blood of the Dragon
Fuack, Level: 13, Rank: 1, Gender: Female, HP IV: 38(0%), ATK IV: 83(0%), DEF IV: 45(0%), Work Speed: (0%), Skills: Serenity
Fuack, Level: 3, Rank: 1, Gender: Female, HP IV: 14(0%), ATK IV: 100(0%), DEF IV: 71(0%), Work Speed: (0%)
Fuack, Level: 3, Rank: 1, Gender: Male, HP IV: 94(0%), ATK IV: 90(0%), DEF IV: 40(0%), Work Speed: (0%), Skills: Clumsy
Fuack, Level: 5, Rank: 1, Gender: Female, HP IV: 1(0%), ATK IV: 93(0%), DEF IV: 17(0%), Work Speed: (0%), Skills: Fine Furs
Fuack, Level: 6, Rank: 1, Gender: Male, HP IV: 57(0%), ATK IV: 72(0%), DEF IV: 80(0%), Work Speed: (0%), Skills: Artisan
Hoocrates, Level: 3, Rank: 1, Gender: Female, HP IV: 10(0%), ATK IV: 65(0%), DEF IV: 3(0%), Work Speed: (0%), Skills: Work Slave
Kelpsea, Level: 9, Rank: 1, Gender: Male, HP IV: 43(0%), ATK IV: 73(0%), DEF IV: 74(0%), Work Speed: (0%), Skills: Hooligan
Lamball, Level: 4, Rank: 1, Gender: Female, HP IV: 20(0%), ATK IV: 53(0%), DEF IV: 2(0%), Work Speed: (0%), Skills: Suntan Lover
Lamball, Level: 4, Rank: 1, Gender: Female, HP IV: 79(0%), ATK IV: 43(0%), DEF IV: 43(0%), Work Speed: (0%), Skills: Sadist
Lamball, Level: 4, Rank: 1, Gender: Male, HP IV: 23(0%), ATK IV: 90(0%), DEF IV: 74(0%), Work Speed: (0%), Skills: Pyromaniac
Lamball, Level: 5, Rank: 1, Gender: Female, HP IV: 20(0%), ATK IV: 10(0%), DEF IV: 42(0%), Work Speed: (0%), Skills: Nocturnal, Botanical Barrier, Philantropist, Slacker
Lamball, Level: 5, Rank: 1, Gender: Female, HP IV: 26(0%), ATK IV: 93(0%), DEF IV: 58(0%), Work Speed: (0%), Skills: Conceited
Lamball, Level: 5, Rank: 1, Gender: Male, HP IV: 40(0%), ATK IV: 63(0%), DEF IV: 77(0%), Work Speed: (0%), Skills: Burly Body
Lamball, Level: 8, Rank: 1, Gender: Male, HP IV: 75(0%), ATK IV: 52(0%), DEF IV: 43(0%), Work Speed: (0%), Skills: Work Slave, Brave
Pengullet, Level: 4, Rank: 1, Gender: Female, HP IV: 94(0%), ATK IV: 81(0%), DEF IV: 80(0%), Work Speed: (0%), Skills: Pyromaniac
Ribbuny, Level: 3, Rank: 1, Gender: Male, HP IV: 68(0%), ATK IV: 34(0%), DEF IV: 50(0%), Work Speed: (0%), Skills: Botanical Barrier
Rooby, Level: 10, Rank: 1, Gender: Male, HP IV: 43(0%), ATK IV: 46(0%), DEF IV: 80(0%), Work Speed: (0%), Skills: Sickly
Rooby, Level: 15, Rank: 1, Gender: Male, HP IV: 45(0%), ATK IV: 8(0%), DEF IV: 34(0%), Work Speed: (0%), Skills: Capacitor
Rushoar, Level: 6, Rank: 1, Gender: Female, HP IV: 77(0%), ATK IV: 28(0%), DEF IV: 89(0%), Work Speed: (0%), Skills: Blood of the Dragon
Swee, Level: 9, Rank: 1, Gender: Male, HP IV: 51(0%), ATK IV: 34(0%), DEF IV: 61(0%), Work Speed: (0%), Skills: Positive Thinker
Tanzee, Level: 4, Rank: 1, Gender: Male, HP IV: 42(0%), ATK IV: 76(0%), DEF IV: 96(0%), Work Speed: (0%), Skills: Artisan, Coward
Univolt, Level: 15, Rank: 1, Gender: Female, HP IV: 13(0%), ATK IV: 71(0%), DEF IV: 50(0%), Work Speed: (0%), Skills: Clumsy
BaRtola's 51 Pals
-----------------
Alpha Sweepa, Level: 15, Rank: 1, Gender: Male, HP IV: 67(3%), ATK IV: 100(3%), DEF IV: 92(0%), Work Speed: (0%), Skills: Dragonkiller
Caprity, Level: 7, Rank: 1, Gender: Female, HP IV: 17(0%), ATK IV: 48(0%), DEF IV: 29(0%), Work Speed: (0%), Skills: Abnormal
Caprity, Level: 7, Rank: 1, Gender: Male, HP IV: 62(0%), ATK IV: 59(0%), DEF IV: 13(0%), Work Speed: (0%), Skills: Fragrant Foliage
Cattiva, Level: 12, Rank: 1, Gender: Female, HP IV: 4(0%), ATK IV: 52(0%), DEF IV: 89(0%), Work Speed: (0%), Skills: Coward, Cheery, Ferocious, Masochist
Cattiva, Level: 2, Rank: 1, Gender: Female, HP IV: 50(0%), ATK IV: 23(0%), DEF IV: 15(0%), Work Speed: (0%), Skills: Coward, Burly Body
Cattiva, Level: 3, Rank: 1, Gender: Female, HP IV: 16(0%), ATK IV: 44(0%), DEF IV: 65(0%), Work Speed: (0%), Skills: Coward, Blood of the Dragon
Cattiva, Level: 3, Rank: 1, Gender: Female, HP IV: 5(0%), ATK IV: 56(0%), DEF IV: 49(0%), Work Speed: (0%), Skills: Coward, Dainty Eater
Cattiva, Level: 3, Rank: 1, Gender: Female, HP IV: 60(0%), ATK IV: 82(0%), DEF IV: 97(0%), Work Speed: (0%), Skills: Coward, Nocturnal
Cattiva, Level: 3, Rank: 1, Gender: Female, HP IV: 99(0%), ATK IV: 22(0%), DEF IV: 64(0%), Work Speed: (0%), Skills: Coward, Hydromaniac, Workaholic, Insulated Body
Celaray, Level: 10, Rank: 1, Gender: Female, HP IV: 86(0%), ATK IV: 41(0%), DEF IV: 28(0%), Work Speed: (0%), Skills: Pyromaniac
Chikipi, Level: 3, Rank: 1, Gender: Male, HP IV: 58(0%), ATK IV: 38(0%), DEF IV: 54(0%), Work Speed: (0%), Skills: Mercy hit
Chikipi, Level: 4, Rank: 1, Gender: Female, HP IV: 58(0%), ATK IV: 65(0%), DEF IV: 51(0%), Work Speed: (0%), Skills: Botanical Barrier
Chikipi, Level: 5, Rank: 1, Gender: Male, HP IV: 48(0%), ATK IV: 93(0%), DEF IV: 74(0%), Work Speed: (0%), Skills: Dragonkiller, Mine Foreman, Runner
Chikipi, Level: 6, Rank: 1, Gender: Female, HP IV: 92(0%), ATK IV: 65(0%), DEF IV: 41(0%), Work Speed: (0%), Skills: Hydromaniac
Chikipi, Level: 8, Rank: 1, Gender: Female, HP IV: 42(0%), ATK IV: 23(0%), DEF IV: 21(0%), Work Speed: (0%), Skills: Coldblooded
Chikipi, Level: 8, Rank: 1, Gender: Female, HP IV: 89(0%), ATK IV: 17(0%), DEF IV: 39(0%), Work Speed: (0%), Skills: Ferocious
Chikipi, Level: 8, Rank: 1, Gender: Female, HP IV: 98(0%), ATK IV: 9(0%), DEF IV: 50(0%), Work Speed: (0%), Skills: Easygoing
Cremis, Level: 5, Rank: 1, Gender: Male, HP IV: 83(0%), ATK IV: 26(0%), DEF IV: 45(0%), Work Speed: (0%), Skills: Fit as a Fiddle
Croajiro, Level: 7, Rank: 1, Gender: Female, HP IV: 13(0%), ATK IV: 98(0%), DEF IV: 13(0%), Work Speed: (0%), Skills: Zen Mind
Croajiro, Level: 9, Rank: 1, Gender: Female, HP IV: 2(0%), ATK IV: 9(0%), DEF IV: 23(0%), Work Speed: (0%), Skills: Downtrodden
Daedream, Level: 4, Rank: 1, Gender: Female, HP IV: 48(0%), ATK IV: 35(0%), DEF IV: 13(0%), Work Speed: (0%), Skills: Power of Gaia
Direhowl, Level: 10, Rank: 1, Gender: Male, HP IV: 95(0%), ATK IV: 67(0%), DEF IV: 71(0%), Work Speed: (0%), Skills: Motivational Leader
Direhowl, Level: 15, Rank: 1, Gender: Female, HP IV: 26(0%), ATK IV: 41(0%), DEF IV: 18(0%), Work Speed: (0%)
Eikthyrdeer, Level: 15, Rank: 1, Gender: Female, HP IV: 82(0%), ATK IV: 56(0%), DEF IV: 82(0%), Work Speed: (0%), Skills: Brave
Eikthyrdeer, Level: 15, Rank: 1, Gender: Female, HP IV: 98(0%), ATK IV: 72(0%), DEF IV: 47(0%), Work Speed: (0%), Skills: Mine Foreman
Foxparks, Level: 3, Rank: 1, Gender: Male, HP IV: 11(0%), ATK IV: 68(0%), DEF IV: 50(0%), Work Speed: (0%), Skills: Hooligan
Foxparks, Level: 3, Rank: 1, Gender: Male, HP IV: 76(0%), ATK IV: 15(0%), DEF IV: 49(0%), Work Speed: (0%), Skills: Conceited
Fuack, Level: 11, Rank: 1, Gender: Female, HP IV: 16(0%), ATK IV: 16(0%), DEF IV: 71(0%), Work Speed: (0%), Skills: Coldblooded
Fuack, Level: 11, Rank: 1, Gender: Male, HP IV: 73(0%), ATK IV: 11(0%), DEF IV: 94(0%), Work Speed: (0%), Skills: Blood of the Dragon
Fuack, Level: 13, Rank: 1, Gender: Female, HP IV: 38(0%), ATK IV: 83(0%), DEF IV: 45(0%), Work Speed: (0%), Skills: Serenity
Fuack, Level: 3, Rank: 1, Gender: Female, HP IV: 14(0%), ATK IV: 100(0%), DEF IV: 71(0%), Work Speed: (0%)
Fuack, Level: 3, Rank: 1, Gender: Male, HP IV: 94(0%), ATK IV: 90(0%), DEF IV: 40(0%), Work Speed: (0%), Skills: Clumsy
Fuack, Level: 5, Rank: 1, Gender: Female, HP IV: 1(0%), ATK IV: 93(0%), DEF IV: 17(0%), Work Speed: (0%), Skills: Fine Furs
Fuack, Level: 6, Rank: 1, Gender: Male, HP IV: 57(0%), ATK IV: 72(0%), DEF IV: 80(0%), Work Speed: (0%), Skills: Artisan
Hoocrates, Level: 3, Rank: 1, Gender: Female, HP IV: 10(0%), ATK IV: 65(0%), DEF IV: 3(0%), Work Speed: (0%), Skills: Work Slave
Kelpsea, Level: 9, Rank: 1, Gender: Male, HP IV: 43(0%), ATK IV: 73(0%), DEF IV: 74(0%), Work Speed: (0%), Skills: Hooligan
Lamball, Level: 4, Rank: 1, Gender: Female, HP IV: 20(0%), ATK IV: 53(0%), DEF IV: 2(0%), Work Speed: (0%), Skills: Suntan Lover
Lamball, Level: 4, Rank: 1, Gender: Female, HP IV: 79(0%), ATK IV: 43(0%), DEF IV: 43(0%), Work Speed: (0%), Skills: Sadist
Lamball, Level: 4, Rank: 1, Gender: Male, HP IV: 23(0%), ATK IV: 90(0%), DEF IV: 74(0%), Work Speed: (0%), Skills: Pyromaniac
Lamball, Level: 5, Rank: 1, Gender: Female, HP IV: 20(0%), ATK IV: 10(0%), DEF IV: 42(0%), Work Speed: (0%), Skills: Nocturnal, Botanical Barrier, Philantropist, Slacker
Lamball, Level: 5, Rank: 1, Gender: Female, HP IV: 26(0%), ATK IV: 93(0%), DEF IV: 58(0%), Work Speed: (0%), Skills: Conceited
Lamball, Level: 5, Rank: 1, Gender: Male, HP IV: 40(0%), ATK IV: 63(0%), DEF IV: 77(0%), Work Speed: (0%), Skills: Burly Body
Lamball, Level: 8, Rank: 1, Gender: Male, HP IV: 75(0%), ATK IV: 52(0%), DEF IV: 43(0%), Work Speed: (0%), Skills: Work Slave, Brave
Pengullet, Level: 4, Rank: 1, Gender: Female, HP IV: 94(0%), ATK IV: 81(0%), DEF IV: 80(0%), Work Speed: (0%), Skills: Pyromaniac
Ribbuny, Level: 3, Rank: 1, Gender: Male, HP IV: 68(0%), ATK IV: 34(0%), DEF IV: 50(0%), Work Speed: (0%), Skills: Botanical Barrier
Rooby, Level: 10, Rank: 1, Gender: Male, HP IV: 43(0%), ATK IV: 46(0%), DEF IV: 80(0%), Work Speed: (0%), Skills: Sickly
Rooby, Level: 15, Rank: 1, Gender: Male, HP IV: 45(0%), ATK IV: 8(0%), DEF IV: 34(0%), Work Speed: (0%), Skills: Capacitor
Rushoar, Level: 6, Rank: 1, Gender: Female, HP IV: 77(0%), ATK IV: 28(0%), DEF IV: 89(0%), Work Speed: (0%), Skills: Blood of the Dragon
Swee, Level: 9, Rank: 1, Gender: Male, HP IV: 51(0%), ATK IV: 34(0%), DEF IV: 61(0%), Work Speed: (0%), Skills: Positive Thinker
Tanzee, Level: 4, Rank: 1, Gender: Male, HP IV: 42(0%), ATK IV: 76(0%), DEF IV: 96(0%), Work Speed: (0%), Skills: Artisan, Coward
Univolt, Level: 15, Rank: 1, Gender: Female, HP IV: 13(0%), ATK IV: 71(0%), DEF IV: 50(0%), Work Speed: (0%), Skills: Clumsy
BaRtola's 51 Pals
-----------------
Alpha Sweepa, Level: 15, Rank: 1, Gender: Male, HP IV: 67(3%), ATK IV: 100(3%), DEF IV: 92(0%), Work Speed: (0%), Skills: Dragonkiller
Caprity, Level: 7, Rank: 1, Gender: Female, HP IV: 17(0%), ATK IV: 48(0%), DEF IV: 29(0%), Work Speed: (0%), Skills: Abnormal
Caprity, Level: 7, Rank: 1, Gender: Male, HP IV: 62(0%), ATK IV: 59(0%), DEF IV: 13(0%), Work Speed: (0%), Skills: Fragrant Foliage
Cattiva, Level: 12, Rank: 1, Gender: Female, HP IV: 4(0%), ATK IV: 52(0%), DEF IV: 89(0%), Work Speed: (0%), Skills: Coward, Cheery, Ferocious, Masochist
Cattiva, Level: 2, Rank: 1, Gender: Female, HP IV: 50(0%), ATK IV: 23(0%), DEF IV: 15(0%), Work Speed: (0%), Skills: Coward, Burly Body
Cattiva, Level: 3, Rank: 1, Gender: Female, HP IV: 16(0%), ATK IV: 44(0%), DEF IV: 65(0%), Work Speed: (0%), Skills: Coward, Blood of the Dragon
Cattiva, Level: 3, Rank: 1, Gender: Female, HP IV: 5(0%), ATK IV: 56(0%), DEF IV: 49(0%), Work Speed: (0%), Skills: Coward, Dainty Eater
Cattiva, Level: 3, Rank: 1, Gender: Female, HP IV: 60(0%), ATK IV: 82(0%), DEF IV: 97(0%), Work Speed: (0%), Skills: Coward, Nocturnal
Cattiva, Level: 3, Rank: 1, Gender: Female, HP IV: 99(0%), ATK IV: 22(0%), DEF IV: 64(0%), Work Speed: (0%), Skills: Coward, Hydromaniac, Workaholic, Insulated Body
Celaray, Level: 10, Rank: 1, Gender: Female, HP IV: 86(0%), ATK IV: 41(0%), DEF IV: 28(0%), Work Speed: (0%), Skills: Pyromaniac
Chikipi, Level: 3, Rank: 1, Gender: Male, HP IV: 58(0%), ATK IV: 38(0%), DEF IV: 54(0%), Work Speed: (0%), Skills: Mercy hit
Chikipi, Level: 4, Rank: 1, Gender: Female, HP IV: 58(0%), ATK IV: 65(0%), DEF IV: 51(0%), Work Speed: (0%), Skills: Botanical Barrier
Chikipi, Level: 5, Rank: 1, Gender: Male, HP IV: 48(0%), ATK IV: 93(0%), DEF IV: 74(0%), Work Speed: (0%), Skills: Dragonkiller, Mine Foreman, Runner
Chikipi, Level: 6, Rank: 1, Gender: Female, HP IV: 92(0%), ATK IV: 65(0%), DEF IV: 41(0%), Work Speed: (0%), Skills: Hydromaniac
Chikipi, Level: 8, Rank: 1, Gender: Female, HP IV: 42(0%), ATK IV: 23(0%), DEF IV: 21(0%), Work Speed: (0%), Skills: Coldblooded
Chikipi, Level: 8, Rank: 1, Gender: Female, HP IV: 89(0%), ATK IV: 17(0%), DEF IV: 39(0%), Work Speed: (0%), Skills: Ferocious
Chikipi, Level: 8, Rank: 1, Gender: Female, HP IV: 98(0%), ATK IV: 9(0%), DEF IV: 50(0%), Work Speed: (0%), Skills: Easygoing
Cremis, Level: 5, Rank: 1, Gender: Male, HP IV: 83(0%), ATK IV: 26(0%), DEF IV: 45(0%), Work Speed: (0%), Skills: Fit as a Fiddle
Croajiro, Level: 7, Rank: 1, Gender: Female, HP IV: 13(0%), ATK IV: 98(0%), DEF IV: 13(0%), Work Speed: (0%), Skills: Zen Mind
Croajiro, Level: 9, Rank: 1, Gender: Female, HP IV: 2(0%), ATK IV: 9(0%), DEF IV: 23(0%), Work Speed: (0%), Skills: Downtrodden
Daedream, Level: 4, Rank: 1, Gender: Female, HP IV: 48(0%), ATK IV: 35(0%), DEF IV: 13(0%), Work Speed: (0%), Skills: Power of Gaia
Direhowl, Level: 10, Rank: 1, Gender: Male, HP IV: 95(0%), ATK IV: 67(0%), DEF IV: 71(0%), Work Speed: (0%), Skills: Motivational Leader
Direhowl, Level: 15, Rank: 1, Gender: Female, HP IV: 26(0%), ATK IV: 41(0%), DEF IV: 18(0%), Work Speed: (0%)
Eikthyrdeer, Level: 15, Rank: 1, Gender: Female, HP IV: 82(0%), ATK IV: 56(0%), DEF IV: 82(0%), Work Speed: (0%), Skills: Brave
Eikthyrdeer, Level: 15, Rank: 1, Gender: Female, HP IV: 98(0%), ATK IV: 72(0%), DEF IV: 47(0%), Work Speed: (0%), Skills: Mine Foreman
Foxparks, Level: 3, Rank: 1, Gender: Male, HP IV: 11(0%), ATK IV: 68(0%), DEF IV: 50(0%), Work Speed: (0%), Skills: Hooligan
Foxparks, Level: 3, Rank: 1, Gender: Male, HP IV: 76(0%), ATK IV: 15(0%), DEF IV: 49(0%), Work Speed: (0%), Skills: Conceited
Fuack, Level: 11, Rank: 1, Gender: Female, HP IV: 16(0%), ATK IV: 16(0%), DEF IV: 71(0%), Work Speed: (0%), Skills: Coldblooded
Fuack, Level: 11, Rank: 1, Gender: Male, HP IV: 73(0%), ATK IV: 11(0%), DEF IV: 94(0%), Work Speed: (0%), Skills: Blood of the Dragon
Fuack, Level: 13, Rank: 1, Gender: Female, HP IV: 38(0%), ATK IV: 83(0%), DEF IV: 45(0%), Work Speed: (0%), Skills: Serenity
Fuack, Level: 3, Rank: 1, Gender: Female, HP IV: 14(0%), ATK IV: 100(0%), DEF IV: 71(0%), Work Speed: (0%)
Fuack, Level: 3, Rank: 1, Gender: Male, HP IV: 94(0%), ATK IV: 90(0%), DEF IV: 40(0%), Work Speed: (0%), Skills: Clumsy
Fuack, Level: 5, Rank: 1, Gender: Female, HP IV: 1(0%), ATK IV: 93(0%), DEF IV: 17(0%), Work Speed: (0%), Skills: Fine Furs
Fuack, Level: 6, Rank: 1, Gender: Male, HP IV: 57(0%), ATK IV: 72(0%), DEF IV: 80(0%), Work Speed: (0%), Skills: Artisan
Hoocrates, Level: 3, Rank: 1, Gender: Female, HP IV: 10(0%), ATK IV: 65(0%), DEF IV: 3(0%), Work Speed: (0%), Skills: Work Slave
Kelpsea, Level: 9, Rank: 1, Gender: Male, HP IV: 43(0%), ATK IV: 73(0%), DEF IV: 74(0%), Work Speed: (0%), Skills: Hooligan
Lamball, Level: 4, Rank: 1, Gender: Female, HP IV: 20(0%), ATK IV: 53(0%), DEF IV: 2(0%), Work Speed: (0%), Skills: Suntan Lover
Lamball, Level: 4, Rank: 1, Gender: Female, HP IV: 79(0%), ATK IV: 43(0%), DEF IV: 43(0%), Work Speed: (0%), Skills: Sadist
Lamball, Level: 4, Rank: 1, Gender: Male, HP IV: 23(0%), ATK IV: 90(0%), DEF IV: 74(0%), Work Speed: (0%), Skills: Pyromaniac
Lamball, Level: 5, Rank: 1, Gender: Female, HP IV: 20(0%), ATK IV: 10(0%), DEF IV: 42(0%), Work Speed: (0%), Skills: Nocturnal, Botanical Barrier, Philantropist, Slacker
Lamball, Level: 5, Rank: 1, Gender: Female, HP IV: 26(0%), ATK IV: 93(0%), DEF IV: 58(0%), Work Speed: (0%), Skills: Conceited
Lamball, Level: 5, Rank: 1, Gender: Male, HP IV: 40(0%), ATK IV: 63(0%), DEF IV: 77(0%), Work Speed: (0%), Skills: Burly Body
Lamball, Level: 8, Rank: 1, Gender: Male, HP IV: 75(0%), ATK IV: 52(0%), DEF IV: 43(0%), Work Speed: (0%), Skills: Work Slave, Brave
Pengullet, Level: 4, Rank: 1, Gender: Female, HP IV: 94(0%), ATK IV: 81(0%), DEF IV: 80(0%), Work Speed: (0%), Skills: Pyromaniac
Ribbuny, Level: 3, Rank: 1, Gender: Male, HP IV: 68(0%), ATK IV: 34(0%), DEF IV: 50(0%), Work Speed: (0%), Skills: Botanical Barrier
Rooby, Level: 10, Rank: 1, Gender: Male, HP IV: 43(0%), ATK IV: 46(0%), DEF IV: 80(0%), Work Speed: (0%), Skills: Sickly
Rooby, Level: 15, Rank: 1, Gender: Male, HP IV: 45(0%), ATK IV: 8(0%), DEF IV: 34(0%), Work Speed: (0%), Skills: Capacitor
Rushoar, Level: 6, Rank: 1, Gender: Female, HP IV: 77(0%), ATK IV: 28(0%), DEF IV: 89(0%), Work Speed: (0%), Skills: Blood of the Dragon
Swee, Level: 9, Rank: 1, Gender: Male, HP IV: 51(0%), ATK IV: 34(0%), DEF IV: 61(0%), Work Speed: (0%), Skills: Positive Thinker
Tanzee, Level: 4, Rank: 1, Gender: Male, HP IV: 42(0%), ATK IV: 76(0%), DEF IV: 96(0%), Work Speed: (0%), Skills: Artisan, Coward
Univolt, Level: 15, Rank: 1, Gender: Female, HP IV: 13(0%), ATK IV: 71(0%), DEF IV: 50(0%), Work Speed: (0%), Skills: Clumsy
BaRtola's 51 Pals
-----------------
Alpha Sweepa, Level: 15, Rank: 1, Gender: Male, HP IV: 67(3%), ATK IV: 100(3%), DEF IV: 92(0%), Work Speed: (0%), Skills: Dragonkiller
Caprity, Level: 7, Rank: 1, Gender: Female, HP IV: 17(0%), ATK IV: 48(0%), DEF IV: 29(0%), Work Speed: (0%), Skills: Abnormal
Caprity, Level: 7, Rank: 1, Gender: Male, HP IV: 62(0%), ATK IV: 59(0%), DEF IV: 13(0%), Work Speed: (0%), Skills: Fragrant Foliage
Cattiva, Level: 12, Rank: 1, Gender: Female, HP IV: 4(0%), ATK IV: 52(0%), DEF IV: 89(0%), Work Speed: (0%), Skills: Coward, Cheery, Ferocious, Masochist
Cattiva, Level: 2, Rank: 1, Gender: Female, HP IV: 50(0%), ATK IV: 23(0%), DEF IV: 15(0%), Work Speed: (0%), Skills: Coward, Burly Body
Cattiva, Level: 3, Rank: 1, Gender: Female, HP IV: 16(0%), ATK IV: 44(0%), DEF IV: 65(0%), Work Speed: (0%), Skills: Coward, Blood of the Dragon
Cattiva, Level: 3, Rank: 1, Gender: Female, HP IV: 5(0%), ATK IV: 56(0%), DEF IV: 49(0%), Work Speed: (0%), Skills: Coward, Dainty Eater
Cattiva, Level: 3, Rank: 1, Gender: Female, HP IV: 60(0%), ATK IV: 82(0%), DEF IV: 97(0%), Work Speed: (0%), Skills: Coward, Nocturnal
Cattiva, Level: 3, Rank: 1, Gender: Female, HP IV: 99(0%), ATK IV: 22(0%), DEF IV: 64(0%), Work Speed: (0%), Skills: Coward, Hydromaniac, Workaholic, Insulated Body
Celaray, Level: 10, Rank: 1, Gender: Female, HP IV: 86(0%), ATK IV: 41(0%), DEF IV: 28(0%), Work Speed: (0%), Skills: Pyromaniac
Chikipi, Level: 3, Rank: 1, Gender: Male, HP IV: 58(0%), ATK IV: 38(0%), DEF IV: 54(0%), Work Speed: (0%), Skills: Mercy hit
Chikipi, Level: 4, Rank: 1, Gender: Female, HP IV: 58(0%), ATK IV: 65(0%), DEF IV: 51(0%), Work Speed: (0%), Skills: Botanical Barrier
Chikipi, Level: 5, Rank: 1, Gender: Male, HP IV: 48(0%), ATK IV: 93(0%), DEF IV: 74(0%), Work Speed: (0%), Skills: Dragonkiller, Mine Foreman, Runner
Chikipi, Level: 6, Rank: 1, Gender: Female, HP IV: 92(0%), ATK IV: 65(0%), DEF IV: 41(0%), Work Speed: (0%), Skills: Hydromaniac
Chikipi, Level: 8, Rank: 1, Gender: Female, HP IV: 42(0%), ATK IV: 23(0%), DEF IV: 21(0%), Work Speed: (0%), Skills: Coldblooded
Chikipi, Level: 8, Rank: 1, Gender: Female, HP IV: 89(0%), ATK IV: 17(0%), DEF IV: 39(0%), Work Speed: (0%), Skills: Ferocious
Chikipi, Level: 8, Rank: 1, Gender: Female, HP IV: 98(0%), ATK IV: 9(0%), DEF IV: 50(0%), Work Speed: (0%), Skills: Easygoing
Cremis, Level: 5, Rank: 1, Gender: Male, HP IV: 83(0%), ATK IV: 26(0%), DEF IV: 45(0%), Work Speed: (0%), Skills: Fit as a Fiddle
Croajiro, Level: 7, Rank: 1, Gender: Female, HP IV: 13(0%), ATK IV: 98(0%), DEF IV: 13(0%), Work Speed: (0%), Skills: Zen Mind
Croajiro, Level: 9, Rank: 1, Gender: Female, HP IV: 2(0%), ATK IV: 9(0%), DEF IV: 23(0%), Work Speed: (0%), Skills: Downtrodden
Daedream, Level: 4, Rank: 1, Gender: Female, HP IV: 48(0%), ATK IV: 35(0%), DEF IV: 13(0%), Work Speed: (0%), Skills: Power of Gaia
Direhowl, Level: 10, Rank: 1, Gender: Male, HP IV: 95(0%), ATK IV: 67(0%), DEF IV: 71(0%), Work Speed: (0%), Skills: Motivational Leader
Direhowl, Level: 15, Rank: 1, Gender: Female, HP IV: 26(0%), ATK IV: 41(0%), DEF IV: 18(0%), Work Speed: (0%)
Eikthyrdeer, Level: 15, Rank: 1, Gender: Female, HP IV: 82(0%), ATK IV: 56(0%), DEF IV: 82(0%), Work Speed: (0%), Skills: Brave
Eikthyrdeer, Level: 15, Rank: 1, Gender: Female, HP IV: 98(0%), ATK IV: 72(0%), DEF IV: 47(0%), Work Speed: (0%), Skills: Mine Foreman
Foxparks, Level: 3, Rank: 1, Gender: Male, HP IV: 11(0%), ATK IV: 68(0%), DEF IV: 50(0%), Work Speed: (0%), Skills: Hooligan
Foxparks, Level: 3, Rank: 1, Gender: Male, HP IV: 76(0%), ATK IV: 15(0%), DEF IV: 49(0%), Work Speed: (0%), Skills: Conceited
Fuack, Level: 11, Rank: 1, Gender: Female, HP IV: 16(0%), ATK IV: 16(0%), DEF IV: 71(0%), Work Speed: (0%), Skills: Coldblooded
Fuack, Level: 11, Rank: 1, Gender: Male, HP IV: 73(0%), ATK IV: 11(0%), DEF IV: 94(0%), Work Speed: (0%), Skills: Blood of the Dragon
Fuack, Level: 13, Rank: 1, Gender: Female, HP IV: 38(0%), ATK IV: 83(0%), DEF IV: 45(0%), Work Speed: (0%), Skills: Serenity
Fuack, Level: 3, Rank: 1, Gender: Female, HP IV: 14(0%), ATK IV: 100(0%), DEF IV: 71(0%), Work Speed: (0%)
Fuack, Level: 3, Rank: 1, Gender: Male, HP IV: 94(0%), ATK IV: 90(0%), DEF IV: 40(0%), Work Speed: (0%), Skills: Clumsy
Fuack, Level: 5, Rank: 1, Gender: Female, HP IV: 1(0%), ATK IV: 93(0%), DEF IV: 17(0%), Work Speed: (0%), Skills: Fine Furs
Fuack, Level: 6, Rank: 1, Gender: Male, HP IV: 57(0%), ATK IV: 72(0%), DEF IV: 80(0%), Work Speed: (0%), Skills: Artisan
Hoocrates, Level: 3, Rank: 1, Gender: Female, HP IV: 10(0%), ATK IV: 65(0%), DEF IV: 3(0%), Work Speed: (0%), Skills: Work Slave
Kelpsea, Level: 9, Rank: 1, Gender: Male, HP IV: 43(0%), ATK IV: 73(0%), DEF IV: 74(0%), Work Speed: (0%), Skills: Hooligan
Lamball, Level: 4, Rank: 1, Gender: Female, HP IV: 20(0%), ATK IV: 53(0%), DEF IV: 2(0%), Work Speed: (0%), Skills: Suntan Lover
Lamball, Level: 4, Rank: 1, Gender: Female, HP IV: 79(0%), ATK IV: 43(0%), DEF IV: 43(0%), Work Speed: (0%), Skills: Sadist
Lamball, Level: 4, Rank: 1, Gender: Male, HP IV: 23(0%), ATK IV: 90(0%), DEF IV: 74(0%), Work Speed: (0%), Skills: Pyromaniac
Lamball, Level: 5, Rank: 1, Gender: Female, HP IV: 20(0%), ATK IV: 10(0%), DEF IV: 42(0%), Work Speed: (0%), Skills: Nocturnal, Botanical Barrier, Philantropist, Slacker
Lamball, Level: 5, Rank: 1, Gender: Female, HP IV: 26(0%), ATK IV: 93(0%), DEF IV: 58(0%), Work Speed: (0%), Skills: Conceited
Lamball, Level: 5, Rank: 1, Gender: Male, HP IV: 40(0%), ATK IV: 63(0%), DEF IV: 77(0%), Work Speed: (0%), Skills: Burly Body
Lamball, Level: 8, Rank: 1, Gender: Male, HP IV: 75(0%), ATK IV: 52(0%), DEF IV: 43(0%), Work Speed: (0%), Skills: Work Slave, Brave
Pengullet, Level: 4, Rank: 1, Gender: Female, HP IV: 94(0%), ATK IV: 81(0%), DEF IV: 80(0%), Work Speed: (0%), Skills: Pyromaniac
Ribbuny, Level: 3, Rank: 1, Gender: Male, HP IV: 68(0%), ATK IV: 34(0%), DEF IV: 50(0%), Work Speed: (0%), Skills: Botanical Barrier
Rooby, Level: 10, Rank: 1, Gender: Male, HP IV: 43(0%), ATK IV: 46(0%), DEF IV: 80(0%), Work Speed: (0%), Skills: Sickly
Rooby, Level: 15, Rank: 1, Gender: Male, HP IV: 45(0%), ATK IV: 8(0%), DEF IV: 34(0%), Work Speed: (0%), Skills: Capacitor
Rushoar, Level: 6, Rank: 1, Gender: Female, HP IV: 77(0%), ATK IV: 28(0%), DEF IV: 89(0%), Work Speed: (0%), Skills: Blood of the Dragon
Swee, Level: 9, Rank: 1, Gender: Male, HP IV: 51(0%), ATK IV: 34(0%), DEF IV: 61(0%), Work Speed: (0%), Skills: Positive Thinker
Tanzee, Level: 4, Rank: 1, Gender: Male, HP IV: 42(0%), ATK IV: 76(0%), DEF IV: 96(0%), Work Speed: (0%), Skills: Artisan, Coward
Univolt, Level: 15, Rank: 1, Gender: Female, HP IV: 13(0%), ATK IV: 71(0%), DEF IV: 50(0%), Work Speed: (0%), Skills: Clumsy
BaRtola's 51 Pals
-----------------
Alpha Sweepa, Level: 15, Rank: 1, Gender: Male, HP IV: 67(3%), ATK IV: 100(3%), DEF IV: 92(0%), Work Speed: (0%), Skills: Dragonkiller
Caprity, Level: 7, Rank: 1, Gender: Female, HP IV: 17(0%), ATK IV: 48(0%), DEF IV: 29(0%), Work Speed: (0%), Skills: Abnormal
Caprity, Level: 7, Rank: 1, Gender: Male, HP IV: 62(0%), ATK IV: 59(0%), DEF IV: 13(0%), Work Speed: (0%), Skills: Fragrant Foliage
Cattiva, Level: 12, Rank: 1, Gender: Female, HP IV: 4(0%), ATK IV: 52(0%), DEF IV: 89(0%), Work Speed: (0%), Skills: Coward, Cheery, Ferocious, Masochist
Cattiva, Level: 2, Rank: 1, Gender: Female, HP IV: 50(0%), ATK IV: 23(0%), DEF IV: 15(0%), Work Speed: (0%), Skills: Coward, Burly Body
Cattiva, Level: 3, Rank: 1, Gender: Female, HP IV: 16(0%), ATK IV: 44(0%), DEF IV: 65(0%), Work Speed: (0%), Skills: Coward, Blood of the Dragon
Cattiva, Level: 3, Rank: 1, Gender: Female, HP IV: 5(0%), ATK IV: 56(0%), DEF IV: 49(0%), Work Speed: (0%), Skills: Coward, Dainty Eater
Cattiva, Level: 3, Rank: 1, Gender: Female, HP IV: 60(0%), ATK IV: 82(0%), DEF IV: 97(0%), Work Speed: (0%), Skills: Coward, Nocturnal
Cattiva, Level: 3, Rank: 1, Gender: Female, HP IV: 99(0%), ATK IV: 22(0%), DEF IV: 64(0%), Work Speed: (0%), Skills: Coward, Hydromaniac, Workaholic, Insulated Body
Celaray, Level: 10, Rank: 1, Gender: Female, HP IV: 86(0%), ATK IV: 41(0%), DEF IV: 28(0%), Work Speed: (0%), Skills: Pyromaniac
Chikipi, Level: 3, Rank: 1, Gender: Male, HP IV: 58(0%), ATK IV: 38(0%), DEF IV: 54(0%), Work Speed: (0%), Skills: Mercy hit
Chikipi, Level: 4, Rank: 1, Gender: Female, HP IV: 58(0%), ATK IV: 65(0%), DEF IV: 51(0%), Work Speed: (0%), Skills: Botanical Barrier
Chikipi, Level: 5, Rank: 1, Gender: Male, HP IV: 48(0%), ATK IV: 93(0%), DEF IV: 74(0%), Work Speed: (0%), Skills: Dragonkiller, Mine Foreman, Runner
Chikipi, Level: 6, Rank: 1, Gender: Female, HP IV: 92(0%), ATK IV: 65(0%), DEF IV: 41(0%), Work Speed: (0%), Skills: Hydromaniac
Chikipi, Level: 8, Rank: 1, Gender: Female, HP IV: 42(0%), ATK IV: 23(0%), DEF IV: 21(0%), Work Speed: (0%), Skills: Coldblooded
Chikipi, Level: 8, Rank: 1, Gender: Female, HP IV: 89(0%), ATK IV: 17(0%), DEF IV: 39(0%), Work Speed: (0%), Skills: Ferocious
Chikipi, Level: 8, Rank: 1, Gender: Female, HP IV: 98(0%), ATK IV: 9(0%), DEF IV: 50(0%), Work Speed: (0%), Skills: Easygoing
Cremis, Level: 5, Rank: 1, Gender: Male, HP IV: 83(0%), ATK IV: 26(0%), DEF IV: 45(0%), Work Speed: (0%), Skills: Fit as a Fiddle
Croajiro, Level: 7, Rank: 1, Gender: Female, HP IV: 13(0%), ATK IV: 98(0%), DEF IV: 13(0%), Work Speed: (0%), Skills: Zen Mind
Croajiro, Level: 9, Rank: 1, Gender: Female, HP IV: 2(0%), ATK IV: 9(0%), DEF IV: 23(0%), Work Speed: (0%), Skills: Downtrodden
Daedream, Level: 4, Rank: 1, Gender: Female, HP IV: 48(0%), ATK IV: 35(0%), DEF IV: 13(0%), Work Speed: (0%), Skills: Power of Gaia
Direhowl, Level: 10, Rank: 1, Gender: Male, HP IV: 95(0%), ATK IV: 67(0%), DEF IV: 71(0%), Work Speed: (0%), Skills: Motivational Leader
Direhowl, Level: 15, Rank: 1, Gender: Female, HP IV: 26(0%), ATK IV: 41(0%), DEF IV: 18(0%), Work Speed: (0%)
Eikthyrdeer, Level: 15, Rank: 1, Gender: Female, HP IV: 82(0%), ATK IV: 56(0%), DEF IV: 82(0%), Work Speed: (0%), Skills: Brave
Eikthyrdeer, Level: 15, Rank: 1, Gender: Female, HP IV: 98(0%), ATK IV: 72(0%), DEF IV: 47(0%), Work Speed: (0%), Skills: Mine Foreman
Foxparks, Level: 3, Rank: 1, Gender: Male, HP IV: 11(0%), ATK IV: 68(0%), DEF IV: 50(0%), Work Speed: (0%), Skills: Hooligan
Foxparks, Level: 3, Rank: 1, Gender: Male, HP IV: 76(0%), ATK IV: 15(0%), DEF IV: 49(0%), Work Speed: (0%), Skills: Conceited
Fuack, Level: 11, Rank: 1, Gender: Female, HP IV: 16(0%), ATK IV: 16(0%), DEF IV: 71(0%), Work Speed: (0%), Skills: Coldblooded
Fuack, Level: 11, Rank: 1, Gender: Male, HP IV: 73(0%), ATK IV: 11(0%), DEF IV: 94(0%), Work Speed: (0%), Skills: Blood of the Dragon
Fuack, Level: 13, Rank: 1, Gender: Female, HP IV: 38(0%), ATK IV: 83(0%), DEF IV: 45(0%), Work Speed: (0%), Skills: Serenity
Fuack, Level: 3, Rank: 1, Gender: Female, HP IV: 14(0%), ATK IV: 100(0%), DEF IV: 71(0%), Work Speed: (0%)
Fuack, Level: 3, Rank: 1, Gender: Male, HP IV: 94(0%), ATK IV: 90(0%), DEF IV: 40(0%), Work Speed: (0%), Skills: Clumsy
Fuack, Level: 5, Rank: 1, Gender: Female, HP IV: 1(0%), ATK IV: 93(0%), DEF IV: 17(0%), Work Speed: (0%), Skills: Fine Furs
Fuack, Level: 6, Rank: 1, Gender: Male, HP IV: 57(0%), ATK IV: 72(0%), DEF IV: 80(0%), Work Speed: (0%), Skills: Artisan
Hoocrates, Level: 3, Rank: 1, Gender: Female, HP IV: 10(0%), ATK IV: 65(0%), DEF IV: 3(0%), Work Speed: (0%), Skills: Work Slave
Kelpsea, Level: 9, Rank: 1, Gender: Male, HP IV: 43(0%), ATK IV: 73(0%), DEF IV: 74(0%), Work Speed: (0%), Skills: Hooligan
Lamball, Level: 4, Rank: 1, Gender: Female, HP IV: 20(0%), ATK IV: 53(0%), DEF IV: 2(0%), Work Speed: (0%), Skills: Suntan Lover
Lamball, Level: 4, Rank: 1, Gender: Female, HP IV: 79(0%), ATK IV: 43(0%), DEF IV: 43(0%), Work Speed: (0%), Skills: Sadist
Lamball, Level: 4, Rank: 1, Gender: Male, HP IV: 23(0%), ATK IV: 90(0%), DEF IV: 74(0%), Work Speed: (0%), Skills: Pyromaniac
Lamball, Level: 5, Rank: 1, Gender: Female, HP IV: 20(0%), ATK IV: 10(0%), DEF IV: 42(0%), Work Speed: (0%), Skills: Nocturnal, Botanical Barrier, Philantropist, Slacker
Lamball, Level: 5, Rank: 1, Gender: Female, HP IV: 26(0%), ATK IV: 93(0%), DEF IV: 58(0%), Work Speed: (0%), Skills: Conceited
Lamball, Level: 5, Rank: 1, Gender: Male, HP IV: 40(0%), ATK IV: 63(0%), DEF IV: 77(0%), Work Speed: (0%), Skills: Burly Body
Lamball, Level: 8, Rank: 1, Gender: Male, HP IV: 75(0%), ATK IV: 52(0%), DEF IV: 43(0%), Work Speed: (0%), Skills: Work Slave, Brave
Pengullet, Level: 4, Rank: 1, Gender: Female, HP IV: 94(0%), ATK IV: 81(0%), DEF IV: 80(0%), Work Speed: (0%), Skills: Pyromaniac
Ribbuny, Level: 3, Rank: 1, Gender: Male, HP IV: 68(0%), ATK IV: 34(0%), DEF IV: 50(0%), Work Speed: (0%), Skills: Botanical Barrier
Rooby, Level: 10, Rank: 1, Gender: Male, HP IV: 43(0%), ATK IV: 46(0%), DEF IV: 80(0%), Work Speed: (0%), Skills: Sickly
Rooby, Level: 15, Rank: 1, Gender: Male, HP IV: 45(0%), ATK IV: 8(0%), DEF IV: 34(0%), Work Speed: (0%), Skills: Capacitor
Rushoar, Level: 6, Rank: 1, Gender: Female, HP IV: 77(0%), ATK IV: 28(0%), DEF IV: 89(0%), Work Speed: (0%), Skills: Blood of the Dragon
Swee, Level: 9, Rank: 1, Gender: Male, HP IV: 51(0%), ATK IV: 34(0%), DEF IV: 61(0%), Work Speed: (0%), Skills: Positive Thinker
Tanzee, Level: 4, Rank: 1, Gender: Male, HP IV: 42(0%), ATK IV: 76(0%), DEF IV: 96(0%), Work Speed: (0%), Skills: Artisan, Coward
Univolt, Level: 15, Rank: 1, Gender: Female, HP IV: 13(0%), ATK IV: 71(0%), DEF IV: 50(0%), Work Speed: (0%), Skills: Clumsy
BaRtola's 51 Pals
-----------------
Alpha Sweepa, Level: 15, Rank: 1, Gender: Male, HP IV: 67(3%), ATK IV: 100(3%), DEF IV: 92(0%), Work Speed: (0%), Skills: Dragonkiller
Caprity, Level: 7, Rank: 1, Gender: Female, HP IV: 17(0%), ATK IV: 48(0%), DEF IV: 29(0%), Work Speed: (0%), Skills: Abnormal
Caprity, Level: 7, Rank: 1, Gender: Male, HP IV: 62(0%), ATK IV: 59(0%), DEF IV: 13(0%), Work Speed: (0%), Skills: Fragrant Foliage
Cattiva, Level: 12, Rank: 1, Gender: Female, HP IV: 4(0%), ATK IV: 52(0%), DEF IV: 89(0%), Work Speed: (0%), Skills: Coward, Cheery, Ferocious, Masochist
Cattiva, Level: 2, Rank: 1, Gender: Female, HP IV: 50(0%), ATK IV: 23(0%), DEF IV: 15(0%), Work Speed: (0%), Skills: Coward, Burly Body
Cattiva, Level: 3, Rank: 1, Gender: Female, HP IV: 16(0%), ATK IV: 44(0%), DEF IV: 65(0%), Work Speed: (0%), Skills: Coward, Blood of the Dragon
Cattiva, Level: 3, Rank: 1, Gender: Female, HP IV: 5(0%), ATK IV: 56(0%), DEF IV: 49(0%), Work Speed: (0%), Skills: Coward, Dainty Eater
Cattiva, Level: 3, Rank: 1, Gender: Female, HP IV: 60(0%), ATK IV: 82(0%), DEF IV: 97(0%), Work Speed: (0%), Skills: Coward, Nocturnal
Cattiva, Level: 3, Rank: 1, Gender: Female, HP IV: 99(0%), ATK IV: 22(0%), DEF IV: 64(0%), Work Speed: (0%), Skills: Coward, Hydromaniac, Workaholic, Insulated Body
Celaray, Level: 10, Rank: 1, Gender: Female, HP IV: 86(0%), ATK IV: 41(0%), DEF IV: 28(0%), Work Speed: (0%), Skills: Pyromaniac
Chikipi, Level: 3, Rank: 1, Gender: Male, HP IV: 58(0%), ATK IV: 38(0%), DEF IV: 54(0%), Work Speed: (0%), Skills: Mercy hit
Chikipi, Level: 4, Rank: 1, Gender: Female, HP IV: 58(0%), ATK IV: 65(0%), DEF IV: 51(0%), Work Speed: (0%), Skills: Botanical Barrier
Chikipi, Level: 5, Rank: 1, Gender: Male, HP IV: 48(0%), ATK IV: 93(0%), DEF IV: 74(0%), Work Speed: (0%), Skills: Dragonkiller, Mine Foreman, Runner
Chikipi, Level: 6, Rank: 1, Gender: Female, HP IV: 92(0%), ATK IV: 65(0%), DEF IV: 41(0%), Work Speed: (0%), Skills: Hydromaniac
Chikipi, Level: 8, Rank: 1, Gender: Female, HP IV: 42(0%), ATK IV: 23(0%), DEF IV: 21(0%), Work Speed: (0%), Skills: Coldblooded
Chikipi, Level: 8, Rank: 1, Gender: Female, HP IV: 89(0%), ATK IV: 17(0%), DEF IV: 39(0%), Work Speed: (0%), Skills: Ferocious
Chikipi, Level: 8, Rank: 1, Gender: Female, HP IV: 98(0%), ATK IV: 9(0%), DEF IV: 50(0%), Work Speed: (0%), Skills: Easygoing
Cremis, Level: 5, Rank: 1, Gender: Male, HP IV: 83(0%), ATK IV: 26(0%), DEF IV: 45(0%), Work Speed: (0%), Skills: Fit as a Fiddle
Croajiro, Level: 7, Rank: 1, Gender: Female, HP IV: 13(0%), ATK IV: 98(0%), DEF IV: 13(0%), Work Speed: (0%), Skills: Zen Mind
Croajiro, Level: 9, Rank: 1, Gender: Female, HP IV: 2(0%), ATK IV: 9(0%), DEF IV: 23(0%), Work Speed: (0%), Skills: Downtrodden
Daedream, Level: 4, Rank: 1, Gender: Female, HP IV: 48(0%), ATK IV: 35(0%), DEF IV: 13(0%), Work Speed: (0%), Skills: Power of Gaia
Direhowl, Level: 10, Rank: 1, Gender: Male, HP IV: 95(0%), ATK IV: 67(0%), DEF IV: 71(0%), Work Speed: (0%), Skills: Motivational Leader
Direhowl, Level: 15, Rank: 1, Gender: Female, HP IV: 26(0%), ATK IV: 41(0%), DEF IV: 18(0%), Work Speed: (0%)
Eikthyrdeer, Level: 15, Rank: 1, Gender: Female, HP IV: 82(0%), ATK IV: 56(0%), DEF IV: 82(0%), Work Speed: (0%), Skills: Brave
Eikthyrdeer, Level: 15, Rank: 1, Gender: Female, HP IV: 98(0%), ATK IV: 72(0%), DEF IV: 47(0%), Work Speed: (0%), Skills: Mine Foreman
Foxparks, Level: 3, Rank: 1, Gender: Male, HP IV: 11(0%), ATK IV: 68(0%), DEF IV: 50(0%), Work Speed: (0%), Skills: Hooligan
Foxparks, Level: 3, Rank: 1, Gender: Male, HP IV: 76(0%), ATK IV: 15(0%), DEF IV: 49(0%), Work Speed: (0%), Skills: Conceited
Fuack, Level: 11, Rank: 1, Gender: Female, HP IV: 16(0%), ATK IV: 16(0%), DEF IV: 71(0%), Work Speed: (0%), Skills: Coldblooded
Fuack, Level: 11, Rank: 1, Gender: Male, HP IV: 73(0%), ATK IV: 11(0%), DEF IV: 94(0%), Work Speed: (0%), Skills: Blood of the Dragon
Fuack, Level: 13, Rank: 1, Gender: Female, HP IV: 38(0%), ATK IV: 83(0%), DEF IV: 45(0%), Work Speed: (0%), Skills: Serenity
Fuack, Level: 3, Rank: 1, Gender: Female, HP IV: 14(0%), ATK IV: 100(0%), DEF IV: 71(0%), Work Speed: (0%)
Fuack, Level: 3, Rank: 1, Gender: Male, HP IV: 94(0%), ATK IV: 90(0%), DEF IV: 40(0%), Work Speed: (0%), Skills: Clumsy
Fuack, Level: 5, Rank: 1, Gender: Female, HP IV: 1(0%), ATK IV: 93(0%), DEF IV: 17(0%), Work Speed: (0%), Skills: Fine Furs
Fuack, Level: 6, Rank: 1, Gender: Male, HP IV: 57(0%), ATK IV: 72(0%), DEF IV: 80(0%), Work Speed: (0%), Skills: Artisan
Hoocrates, Level: 3, Rank: 1, Gender: Female, HP IV: 10(0%), ATK IV: 65(0%), DEF IV: 3(0%), Work Speed: (0%), Skills: Work Slave
Kelpsea, Level: 9, Rank: 1, Gender: Male, HP IV: 43(0%), ATK IV: 73(0%), DEF IV: 74(0%), Work Speed: (0%), Skills: Hooligan
Lamball, Level: 4, Rank: 1, Gender: Female, HP IV: 20(0%), ATK IV: 53(0%), DEF IV: 2(0%), Work Speed: (0%), Skills: Suntan Lover
Lamball, Level: 4, Rank: 1, Gender: Female, HP IV: 79(0%), ATK IV: 43(0%), DEF IV: 43(0%), Work Speed: (0%), Skills: Sadist
Lamball, Level: 4, Rank: 1, Gender: Male, HP IV: 23(0%), ATK IV: 90(0%), DEF IV: 74(0%), Work Speed: (0%), Skills: Pyromaniac
Lamball, Level: 5, Rank: 1, Gender: Female, HP IV: 20(0%), ATK IV: 10(0%), DEF IV: 42(0%), Work Speed: (0%), Skills: Nocturnal, Botanical Barrier, Philantropist, Slacker
Lamball, Level: 5, Rank: 1, Gender: Female, HP IV: 26(0%), ATK IV: 93(0%), DEF IV: 58(0%), Work Speed: (0%), Skills: Conceited
Lamball, Level: 5, Rank: 1, Gender: Male, HP IV: 40(0%), ATK IV: 63(0%), DEF IV: 77(0%), Work Speed: (0%), Skills: Burly Body
Lamball, Level: 8, Rank: 1, Gender: Male, HP IV: 75(0%), ATK IV: 52(0%), DEF IV: 43(0%), Work Speed: (0%), Skills: Work Slave, Brave
Pengullet, Level: 4, Rank: 1, Gender: Female, HP IV: 94(0%), ATK IV: 81(0%), DEF IV: 80(0%), Work Speed: (0%), Skills: Pyromaniac
Ribbuny, Level: 3, Rank: 1, Gender: Male, HP IV: 68(0%), ATK IV: 34(0%), DEF IV: 50(0%), Work Speed: (0%), Skills: Botanical Barrier
Rooby, Level: 10, Rank: 1, Gender: Male, HP IV: 43(0%), ATK IV: 46(0%), DEF IV: 80(0%), Work Speed: (0%), Skills: Sickly
Rooby, Level: 15, Rank: 1, Gender: Male, HP IV: 45(0%), ATK IV: 8(0%), DEF IV: 34(0%), Work Speed: (0%), Skills: Capacitor
Rushoar, Level: 6, Rank: 1, Gender: Female, HP IV: 77(0%), ATK IV: 28(0%), DEF IV: 89(0%), Work Speed: (0%), Skills: Blood of the Dragon
Swee, Level: 9, Rank: 1, Gender: Male, HP IV: 51(0%), ATK IV: 34(0%), DEF IV: 61(0%), Work Speed: (0%), Skills: Positive Thinker
Tanzee, Level: 4, Rank: 1, Gender: Male, HP IV: 42(0%), ATK IV: 76(0%), DEF IV: 96(0%), Work Speed: (0%), Skills: Artisan, Coward
Univolt, Level: 15, Rank: 1, Gender: Female, HP IV: 13(0%), ATK IV: 71(0%), DEF IV: 50(0%), Work Speed: (0%), Skills: Clumsy
BaRtola's 51 Pals
-----------------
Alpha Sweepa, Level: 15, Rank: 1, Gender: Male, HP IV: 67(3%), ATK IV: 100(3%), DEF IV: 92(0%), Work Speed: (0%), Skills: Dragonkiller
Caprity, Level: 7, Rank: 1, Gender: Female, HP IV: 17(0%), ATK IV: 48(0%), DEF IV: 29(0%), Work Speed: (0%), Skills: Abnormal
Caprity, Level: 7, Rank: 1, Gender: Male, HP IV: 62(0%), ATK IV: 59(0%), DEF IV: 13(0%), Work Speed: (0%), Skills: Fragrant Foliage
Cattiva, Level: 12, Rank: 1, Gender: Female, HP IV: 4(0%), ATK IV: 52(0%), DEF IV: 89(0%), Work Speed: (0%), Skills: Coward, Cheery, Ferocious, Masochist
Cattiva, Level: 2, Rank: 1, Gender: Female, HP IV: 50(0%), ATK IV: 23(0%), DEF IV: 15(0%), Work Speed: (0%), Skills: Coward, Burly Body
Cattiva, Level: 3, Rank: 1, Gender: Female, HP IV: 16(0%), ATK IV: 44(0%), DEF IV: 65(0%), Work Speed: (0%), Skills: Coward, Blood of the Dragon
Cattiva, Level: 3, Rank: 1, Gender: Female, HP IV: 5(0%), ATK IV: 56(0%), DEF IV: 49(0%), Work Speed: (0%), Skills: Coward, Dainty Eater
Cattiva, Level: 3, Rank: 1, Gender: Female, HP IV: 60(0%), ATK IV: 82(0%), DEF IV: 97(0%), Work Speed: (0%), Skills: Coward, Nocturnal
Cattiva, Level: 3, Rank: 1, Gender: Female, HP IV: 99(0%), ATK IV: 22(0%), DEF IV: 64(0%), Work Speed: (0%), Skills: Coward, Hydromaniac, Workaholic, Insulated Body
Celaray, Level: 10, Rank: 1, Gender: Female, HP IV: 86(0%), ATK IV: 41(0%), DEF IV: 28(0%), Work Speed: (0%), Skills: Pyromaniac
Chikipi, Level: 3, Rank: 1, Gender: Male, HP IV: 58(0%), ATK IV: 38(0%), DEF IV: 54(0%), Work Speed: (0%), Skills: Mercy hit
Chikipi, Level: 4, Rank: 1, Gender: Female, HP IV: 58(0%), ATK IV: 65(0%), DEF IV: 51(0%), Work Speed: (0%), Skills: Botanical Barrier
Chikipi, Level: 5, Rank: 1, Gender: Male, HP IV: 48(0%), ATK IV: 93(0%), DEF IV: 74(0%), Work Speed: (0%), Skills: Dragonkiller, Mine Foreman, Runner
Chikipi, Level: 6, Rank: 1, Gender: Female, HP IV: 92(0%), ATK IV: 65(0%), DEF IV: 41(0%), Work Speed: (0%), Skills: Hydromaniac
Chikipi, Level: 8, Rank: 1, Gender: Female, HP IV: 42(0%), ATK IV: 23(0%), DEF IV: 21(0%), Work Speed: (0%), Skills: Coldblooded
Chikipi, Level: 8, Rank: 1, Gender: Female, HP IV: 89(0%), ATK IV: 17(0%), DEF IV: 39(0%), Work Speed: (0%), Skills: Ferocious
Chikipi, Level: 8, Rank: 1, Gender: Female, HP IV: 98(0%), ATK IV: 9(0%), DEF IV: 50(0%), Work Speed: (0%), Skills: Easygoing
Cremis, Level: 5, Rank: 1, Gender: Male, HP IV: 83(0%), ATK IV: 26(0%), DEF IV: 45(0%), Work Speed: (0%), Skills: Fit as a Fiddle
Croajiro, Level: 7, Rank: 1, Gender: Female, HP IV: 13(0%), ATK IV: 98(0%), DEF IV: 13(0%), Work Speed: (0%), Skills: Zen Mind
Croajiro, Level: 9, Rank: 1, Gender: Female, HP IV: 2(0%), ATK IV: 9(0%), DEF IV: 23(0%), Work Speed: (0%), Skills: Downtrodden
Daedream, Level: 4, Rank: 1, Gender: Female, HP IV: 48(0%), ATK IV: 35(0%), DEF IV: 13(0%), Work Speed: (0%), Skills: Power of Gaia
Direhowl, Level: 10, Rank: 1, Gender: Male, HP IV: 95(0%), ATK IV: 67(0%), DEF IV: 71(0%), Work Speed: (0%), Skills: Motivational Leader
Direhowl, Level: 15, Rank: 1, Gender: Female, HP IV: 26(0%), ATK IV: 41(0%), DEF IV: 18(0%), Work Speed: (0%)
Eikthyrdeer, Level: 15, Rank: 1, Gender: Female, HP IV: 82(0%), ATK IV: 56(0%), DEF IV: 82(0%), Work Speed: (0%), Skills: Brave
Eikthyrdeer, Level: 15, Rank: 1, Gender: Female, HP IV: 98(0%), ATK IV: 72(0%), DEF IV: 47(0%), Work Speed: (0%), Skills: Mine Foreman
Foxparks, Level: 3, Rank: 1, Gender: Male, HP IV: 11(0%), ATK IV: 68(0%), DEF IV: 50(0%), Work Speed: (0%), Skills: Hooligan
Foxparks, Level: 3, Rank: 1, Gender: Male, HP IV: 76(0%), ATK IV: 15(0%), DEF IV: 49(0%), Work Speed: (0%), Skills: Conceited
Fuack, Level: 11, Rank: 1, Gender: Female, HP IV: 16(0%), ATK IV: 16(0%), DEF IV: 71(0%), Work Speed: (0%), Skills: Coldblooded
Fuack, Level: 11, Rank: 1, Gender: Male, HP IV: 73(0%), ATK IV: 11(0%), DEF IV: 94(0%), Work Speed: (0%), Skills: Blood of the Dragon
Fuack, Level: 13, Rank: 1, Gender: Female, HP IV: 38(0%), ATK IV: 83(0%), DEF IV: 45(0%), Work Speed: (0%), Skills: Serenity
Fuack, Level: 3, Rank: 1, Gender: Female, HP IV: 14(0%), ATK IV: 100(0%), DEF IV: 71(0%), Work Speed: (0%)
Fuack, Level: 3, Rank: 1, Gender: Male, HP IV: 94(0%), ATK IV: 90(0%), DEF IV: 40(0%), Work Speed: (0%), Skills: Clumsy
Fuack, Level: 5, Rank: 1, Gender: Female, HP IV: 1(0%), ATK IV: 93(0%), DEF IV: 17(0%), Work Speed: (0%), Skills: Fine Furs
Fuack, Level: 6, Rank: 1, Gender: Male, HP IV: 57(0%), ATK IV: 72(0%), DEF IV: 80(0%), Work Speed: (0%), Skills: Artisan
Hoocrates, Level: 3, Rank: 1, Gender: Female, HP IV: 10(0%), ATK IV: 65(0%), DEF IV: 3(0%), Work Speed: (0%), Skills: Work Slave
Kelpsea, Level: 9, Rank: 1, Gender: Male, HP IV: 43(0%), ATK IV: 73(0%), DEF IV: 74(0%), Work Speed: (0%), Skills: Hooligan
Lamball, Level: 4, Rank: 1, Gender: Female, HP IV: 20(0%), ATK IV: 53(0%), DEF IV: 2(0%), Work Speed: (0%), Skills: Suntan Lover
Lamball, Level: 4, Rank: 1, Gender: Female, HP IV: 79(0%), ATK IV: 43(0%), DEF IV: 43(0%), Work Speed: (0%), Skills: Sadist
Lamball, Level: 4, Rank: 1, Gender: Male, HP IV: 23(0%), ATK IV: 90(0%), DEF IV: 74(0%), Work Speed: (0%), Skills: Pyromaniac
Lamball, Level: 5, Rank: 1, Gender: Female, HP IV: 20(0%), ATK IV: 10(0%), DEF IV: 42(0%), Work Speed: (0%), Skills: Nocturnal, Botanical Barrier, Philantropist, Slacker
Lamball, Level: 5, Rank: 1, Gender: Female, HP IV: 26(0%), ATK IV: 93(0%), DEF IV: 58(0%), Work Speed: (0%), Skills: Conceited
Lamball, Level: 5, Rank: 1, Gender: Male, HP IV: 40(0%), ATK IV: 63(0%), DEF IV: 77(0%), Work Speed: (0%), Skills: Burly Body
Lamball, Level: 8, Rank: 1, Gender: Male, HP IV: 75(0%), ATK IV: 52(0%), DEF IV: 43(0%), Work Speed: (0%), Skills: Work Slave, Brave
Pengullet, Level: 4, Rank: 1, Gender: Female, HP IV: 94(0%), ATK IV: 81(0%), DEF IV: 80(0%), Work Speed: (0%), Skills: Pyromaniac
Ribbuny, Level: 3, Rank: 1, Gender: Male, HP IV: 68(0%), ATK IV: 34(0%), DEF IV: 50(0%), Work Speed: (0%), Skills: Botanical Barrier
Rooby, Level: 10, Rank: 1, Gender: Male, HP IV: 43(0%), ATK IV: 46(0%), DEF IV: 80(0%), Work Speed: (0%), Skills: Sickly
Rooby, Level: 15, Rank: 1, Gender: Male, HP IV: 45(0%), ATK IV: 8(0%), DEF IV: 34(0%), Work Speed: (0%), Skills: Capacitor
Rushoar, Level: 6, Rank: 1, Gender: Female, HP IV: 77(0%), ATK IV: 28(0%), DEF IV: 89(0%), Work Speed: (0%), Skills: Blood of the Dragon
Swee, Level: 9, Rank: 1, Gender: Male, HP IV: 51(0%), ATK IV: 34(0%), DEF IV: 61(0%), Work Speed: (0%), Skills: Positive Thinker
Tanzee, Level: 4, Rank: 1, Gender: Male, HP IV: 42(0%), ATK IV: 76(0%), DEF IV: 96(0%), Work Speed: (0%), Skills: Artisan, Coward
Univolt, Level: 15, Rank: 1, Gender: Female, HP IV: 13(0%), ATK IV: 71(0%), DEF IV: 50(0%), Work Speed: (0%), Skills: Clumsy
BaRtola's 51 Pals
-----------------
Alpha Sweepa, Level: 15, Rank: 1, Gender: Male, HP IV: 67(3%), ATK IV: 100(3%), DEF IV: 92(0%), Work Speed: (0%), Skills: Dragonkiller
Caprity, Level: 7, Rank: 1, Gender: Female, HP IV: 17(0%), ATK IV: 48(0%), DEF IV: 29(0%), Work Speed: (0%), Skills: Abnormal
Caprity, Level: 7, Rank: 1, Gender: Male, HP IV: 62(0%), ATK IV: 59(0%), DEF IV: 13(0%), Work Speed: (0%), Skills: Fragrant Foliage
Cattiva, Level: 12, Rank: 1, Gender: Female, HP IV: 4(0%), ATK IV: 52(0%), DEF IV: 89(0%), Work Speed: (0%), Skills: Coward, Cheery, Ferocious, Masochist
Cattiva, Level: 2, Rank: 1, Gender: Female, HP IV: 50(0%), ATK IV: 23(0%), DEF IV: 15(0%), Work Speed: (0%), Skills: Coward, Burly Body
Cattiva, Level: 3, Rank: 1, Gender: Female, HP IV: 16(0%), ATK IV: 44(0%), DEF IV: 65(0%), Work Speed: (0%), Skills: Coward, Blood of the Dragon
Cattiva, Level: 3, Rank: 1, Gender: Female, HP IV: 5(0%), ATK IV: 56(0%), DEF IV: 49(0%), Work Speed: (0%), Skills: Coward, Dainty Eater
Cattiva, Level: 3, Rank: 1, Gender: Female, HP IV: 60(0%), ATK IV: 82(0%), DEF IV: 97(0%), Work Speed: (0%), Skills: Coward, Nocturnal
Cattiva, Level: 3, Rank: 1, Gender: Female, HP IV: 99(0%), ATK IV: 22(0%), DEF IV: 64(0%), Work Speed: (0%), Skills: Coward, Hydromaniac, Workaholic, Insulated Body
Celaray, Level: 10, Rank: 1, Gender: Female, HP IV: 86(0%), ATK IV: 41(0%), DEF IV: 28(0%), Work Speed: (0%), Skills: Pyromaniac
Chikipi, Level: 3, Rank: 1, Gender: Male, HP IV: 58(0%), ATK IV: 38(0%), DEF IV: 54(0%), Work Speed: (0%), Skills: Mercy hit
Chikipi, Level: 4, Rank: 1, Gender: Female, HP IV: 58(0%), ATK IV: 65(0%), DEF IV: 51(0%), Work Speed: (0%), Skills: Botanical Barrier
Chikipi, Level: 5, Rank: 1, Gender: Male, HP IV: 48(0%), ATK IV: 93(0%), DEF IV: 74(0%), Work Speed: (0%), Skills: Dragonkiller, Mine Foreman, Runner
Chikipi, Level: 6, Rank: 1, Gender: Female, HP IV: 92(0%), ATK IV: 65(0%), DEF IV: 41(0%), Work Speed: (0%), Skills: Hydromaniac
Chikipi, Level: 8, Rank: 1, Gender: Female, HP IV: 42(0%), ATK IV: 23(0%), DEF IV: 21(0%), Work Speed: (0%), Skills: Coldblooded
Chikipi, Level: 8, Rank: 1, Gender: Female, HP IV: 89(0%), ATK IV: 17(0%), DEF IV: 39(0%), Work Speed: (0%), Skills: Ferocious
Chikipi, Level: 8, Rank: 1, Gender: Female, HP IV: 98(0%), ATK IV: 9(0%), DEF IV: 50(0%), Work Speed: (0%), Skills: Easygoing
Cremis, Level: 5, Rank: 1, Gender: Male, HP IV: 83(0%), ATK IV: 26(0%), DEF IV: 45(0%), Work Speed: (0%), Skills: Fit as a Fiddle
Croajiro, Level: 7, Rank: 1, Gender: Female, HP IV: 13(0%), ATK IV: 98(0%), DEF IV: 13(0%), Work Speed: (0%), Skills: Zen Mind
Croajiro, Level: 9, Rank: 1, Gender: Female, HP IV: 2(0%), ATK IV: 9(0%), DEF IV: 23(0%), Work Speed: (0%), Skills: Downtrodden
Daedream, Level: 4, Rank: 1, Gender: Female, HP IV: 48(0%), ATK IV: 35(0%), DEF IV: 13(0%), Work Speed: (0%), Skills: Power of Gaia
Direhowl, Level: 10, Rank: 1, Gender: Male, HP IV: 95(0%), ATK IV: 67(0%), DEF IV: 71(0%), Work Speed: (0%), Skills: Motivational Leader
Direhowl, Level: 15, Rank: 1, Gender: Female, HP IV: 26(0%), ATK IV: 41(0%), DEF IV: 18(0%), Work Speed: (0%)
Eikthyrdeer, Level: 15, Rank: 1, Gender: Female, HP IV: 82(0%), ATK IV: 56(0%), DEF IV: 82(0%), Work Speed: (0%), Skills: Brave
Eikthyrdeer, Level: 15, Rank: 1, Gender: Female, HP IV: 98(0%), ATK IV: 72(0%), DEF IV: 47(0%), Work Speed: (0%), Skills: Mine Foreman
Foxparks, Level: 3, Rank: 1, Gender: Male, HP IV: 11(0%), ATK IV: 68(0%), DEF IV: 50(0%), Work Speed: (0%), Skills: Hooligan
Foxparks, Level: 3, Rank: 1, Gender: Male, HP IV: 76(0%), ATK IV: 15(0%), DEF IV: 49(0%), Work Speed: (0%), Skills: Conceited
Fuack, Level: 11, Rank: 1, Gender: Female, HP IV: 16(0%), ATK IV: 16(0%), DEF IV: 71(0%), Work Speed: (0%), Skills: Coldblooded
Fuack, Level: 11, Rank: 1, Gender: Male, HP IV: 73(0%), ATK IV: 11(0%), DEF IV: 94(0%), Work Speed: (0%), Skills: Blood of the Dragon
Fuack, Level: 13, Rank: 1, Gender: Female, HP IV: 38(0%), ATK IV: 83(0%), DEF IV: 45(0%), Work Speed: (0%), Skills: Serenity
Fuack, Level: 3, Rank: 1, Gender: Female, HP IV: 14(0%), ATK IV: 100(0%), DEF IV: 71(0%), Work Speed: (0%)
Fuack, Level: 3, Rank: 1, Gender: Male, HP IV: 94(0%), ATK IV: 90(0%), DEF IV: 40(0%), Work Speed: (0%), Skills: Clumsy
Fuack, Level: 5, Rank: 1, Gender: Female, HP IV: 1(0%), ATK IV: 93(0%), DEF IV: 17(0%), Work Speed: (0%), Skills: Fine Furs
Fuack, Level: 6, Rank: 1, Gender: Male, HP IV: 57(0%), ATK IV: 72(0%), DEF IV: 80(0%), Work Speed: (0%), Skills: Artisan
Hoocrates, Level: 3, Rank: 1, Gender: Female, HP IV: 10(0%), ATK IV: 65(0%), DEF IV: 3(0%), Work Speed: (0%), Skills: Work Slave
Kelpsea, Level: 9, Rank: 1, Gender: Male, HP IV: 43(0%), ATK IV: 73(0%), DEF IV: 74(0%), Work Speed: (0%), Skills: Hooligan
Lamball, Level: 4, Rank: 1, Gender: Female, HP IV: 20(0%), ATK IV: 53(0%), DEF IV: 2(0%), Work Speed: (0%), Skills: Suntan Lover
Lamball, Level: 4, Rank: 1, Gender: Female, HP IV: 79(0%), ATK IV: 43(0%), DEF IV: 43(0%), Work Speed: (0%), Skills: Sadist
Lamball, Level: 4, Rank: 1, Gender: Male, HP IV: 23(0%), ATK IV: 90(0%), DEF IV: 74(0%), Work Speed: (0%), Skills: Pyromaniac
Lamball, Level: 5, Rank: 1, Gender: Female, HP IV: 20(0%), ATK IV: 10(0%), DEF IV: 42(0%), Work Speed: (0%), Skills: Nocturnal, Botanical Barrier, Philantropist, Slacker
Lamball, Level: 5, Rank: 1, Gender: Female, HP IV: 26(0%), ATK IV: 93(0%), DEF IV: 58(0%), Work Speed: (0%), Skills: Conceited
Lamball, Level: 5, Rank: 1, Gender: Male, HP IV: 40(0%), ATK IV: 63(0%), DEF IV: 77(0%), Work Speed: (0%), Skills: Burly Body
Lamball, Level: 8, Rank: 1, Gender: Male, HP IV: 75(0%), ATK IV: 52(0%), DEF IV: 43(0%), Work Speed: (0%), Skills: Work Slave, Brave
Pengullet, Level: 4, Rank: 1, Gender: Female, HP IV: 94(0%), ATK IV: 81(0%), DEF IV: 80(0%), Work Speed: (0%), Skills: Pyromaniac
Ribbuny, Level: 3, Rank: 1, Gender: Male, HP IV: 68(0%), ATK IV: 34(0%), DEF IV: 50(0%), Work Speed: (0%), Skills: Botanical Barrier
Rooby, Level: 10, Rank: 1, Gender: Male, HP IV: 43(0%), ATK IV: 46(0%), DEF IV: 80(0%), Work Speed: (0%), Skills: Sickly
Rooby, Level: 15, Rank: 1, Gender: Male, HP IV: 45(0%), ATK IV: 8(0%), DEF IV: 34(0%), Work Speed: (0%), Skills: Capacitor
Rushoar, Level: 6, Rank: 1, Gender: Female, HP IV: 77(0%), ATK IV: 28(0%), DEF IV: 89(0%), Work Speed: (0%), Skills: Blood of the Dragon
Swee, Level: 9, Rank: 1, Gender: Male, HP IV: 51(0%), ATK IV: 34(0%), DEF IV: 61(0%), Work Speed: (0%), Skills: Positive Thinker
Tanzee, Level: 4, Rank: 1, Gender: Male, HP IV: 42(0%), ATK IV: 76(0%), DEF IV: 96(0%), Work Speed: (0%), Skills: Artisan, Coward
Univolt, Level: 15, Rank: 1, Gender: Female, HP IV: 13(0%), ATK IV: 71(0%), DEF IV: 50(0%), Work Speed: (0%), Skills: Clumsy
BaRtola's 51 Pals
-----------------
Alpha Sweepa, Level: 15, Rank: 1, Gender: Male, HP IV: 67(3%), ATK IV: 100(3%), DEF IV: 92(0%), Work Speed: (0%), Skills: Dragonkiller
Caprity, Level: 7, Rank: 1, Gender: Female, HP IV: 17(0%), ATK IV: 48(0%), DEF IV: 29(0%), Work Speed: (0%), Skills: Abnormal
Caprity, Level: 7, Rank: 1, Gender: Male, HP IV: 62(0%), ATK IV: 59(0%), DEF IV: 13(0%), Work Speed: (0%), Skills: Fragrant Foliage
Cattiva, Level: 12, Rank: 1, Gender: Female, HP IV: 4(0%), ATK IV: 52(0%), DEF IV: 89(0%), Work Speed: (0%), Skills: Coward, Cheery, Ferocious, Masochist
Cattiva, Level: 2, Rank: 1, Gender: Female, HP IV: 50(0%), ATK IV: 23(0%), DEF IV: 15(0%), Work Speed: (0%), Skills: Coward, Burly Body
Cattiva, Level: 3, Rank: 1, Gender: Female, HP IV: 16(0%), ATK IV: 44(0%), DEF IV: 65(0%), Work Speed: (0%), Skills: Coward, Blood of the Dragon
Cattiva, Level: 3, Rank: 1, Gender: Female, HP IV: 5(0%), ATK IV: 56(0%), DEF IV: 49(0%), Work Speed: (0%), Skills: Coward, Dainty Eater
Cattiva, Level: 3, Rank: 1, Gender: Female, HP IV: 60(0%), ATK IV: 82(0%), DEF IV: 97(0%), Work Speed: (0%), Skills: Coward, Nocturnal
Cattiva, Level: 3, Rank: 1, Gender: Female, HP IV: 99(0%), ATK IV: 22(0%), DEF IV: 64(0%), Work Speed: (0%), Skills: Coward, Hydromaniac, Workaholic, Insulated Body
Celaray, Level: 10, Rank: 1, Gender: Female, HP IV: 86(0%), ATK IV: 41(0%), DEF IV: 28(0%), Work Speed: (0%), Skills: Pyromaniac
Chikipi, Level: 3, Rank: 1, Gender: Male, HP IV: 58(0%), ATK IV: 38(0%), DEF IV: 54(0%), Work Speed: (0%), Skills: Mercy hit
Chikipi, Level: 4, Rank: 1, Gender: Female, HP IV: 58(0%), ATK IV: 65(0%), DEF IV: 51(0%), Work Speed: (0%), Skills: Botanical Barrier
Chikipi, Level: 5, Rank: 1, Gender: Male, HP IV: 48(0%), ATK IV: 93(0%), DEF IV: 74(0%), Work Speed: (0%), Skills: Dragonkiller, Mine Foreman, Runner
Chikipi, Level: 6, Rank: 1, Gender: Female, HP IV: 92(0%), ATK IV: 65(0%), DEF IV: 41(0%), Work Speed: (0%), Skills: Hydromaniac
Chikipi, Level: 8, Rank: 1, Gender: Female, HP IV: 42(0%), ATK IV: 23(0%), DEF IV: 21(0%), Work Speed: (0%), Skills: Coldblooded
Chikipi, Level: 8, Rank: 1, Gender: Female, HP IV: 89(0%), ATK IV: 17(0%), DEF IV: 39(0%), Work Speed: (0%), Skills: Ferocious
Chikipi, Level: 8, Rank: 1, Gender: Female, HP IV: 98(0%), ATK IV: 9(0%), DEF IV: 50(0%), Work Speed: (0%), Skills: Easygoing
Cremis, Level: 5, Rank: 1, Gender: Male, HP IV: 83(0%), ATK IV: 26(0%), DEF IV: 45(0%), Work Speed: (0%), Skills: Fit as a Fiddle
Croajiro, Level: 7, Rank: 1, Gender: Female, HP IV: 13(0%), ATK IV: 98(0%), DEF IV: 13(0%), Work Speed: (0%), Skills: Zen Mind
Croajiro, Level: 9, Rank: 1, Gender: Female, HP IV: 2(0%), ATK IV: 9(0%), DEF IV: 23(0%), Work Speed: (0%), Skills: Downtrodden
Daedream, Level: 4, Rank: 1, Gender: Female, HP IV: 48(0%), ATK IV: 35(0%), DEF IV: 13(0%), Work Speed: (0%), Skills: Power of Gaia
Direhowl, Level: 10, Rank: 1, Gender: Male, HP IV: 95(0%), ATK IV: 67(0%), DEF IV: 71(0%), Work Speed: (0%), Skills: Motivational Leader
Direhowl, Level: 15, Rank: 1, Gender: Female, HP IV: 26(0%), ATK IV: 41(0%), DEF IV: 18(0%), Work Speed: (0%)
Eikthyrdeer, Level: 15, Rank: 1, Gender: Female, HP IV: 82(0%), ATK IV: 56(0%), DEF IV: 82(0%), Work Speed: (0%), Skills: Brave
Eikthyrdeer, Level: 15, Rank: 1, Gender: Female, HP IV: 98(0%), ATK IV: 72(0%), DEF IV: 47(0%), Work Speed: (0%), Skills: Mine Foreman
Foxparks, Level: 3, Rank: 1, Gender: Male, HP IV: 11(0%), ATK IV: 68(0%), DEF IV: 50(0%), Work Speed: (0%), Skills: Hooligan
Foxparks, Level: 3, Rank: 1, Gender: Male, HP IV: 76(0%), ATK IV: 15(0%), DEF IV: 49(0%), Work Speed: (0%), Skills: Conceited
Fuack, Level: 11, Rank: 1, Gender: Female, HP IV: 16(0%), ATK IV: 16(0%), DEF IV: 71(0%), Work Speed: (0%), Skills: Coldblooded
Fuack, Level: 11, Rank: 1, Gender: Male, HP IV: 73(0%), ATK IV: 11(0%), DEF IV: 94(0%), Work Speed: (0%), Skills: Blood of the Dragon
Fuack, Level: 13, Rank: 1, Gender: Female, HP IV: 38(0%), ATK IV: 83(0%), DEF IV: 45(0%), Work Speed: (0%), Skills: Serenity
Fuack, Level: 3, Rank: 1, Gender: Female, HP IV: 14(0%), ATK IV: 100(0%), DEF IV: 71(0%), Work Speed: (0%)
Fuack, Level: 3, Rank: 1, Gender: Male, HP IV: 94(0%), ATK IV: 90(0%), DEF IV: 40(0%), Work Speed: (0%), Skills: Clumsy
Fuack, Level: 5, Rank: 1, Gender: Female, HP IV: 1(0%), ATK IV: 93(0%), DEF IV: 17(0%), Work Speed: (0%), Skills: Fine Furs
Fuack, Level: 6, Rank: 1, Gender: Male, HP IV: 57(0%), ATK IV: 72(0%), DEF IV: 80(0%), Work Speed: (0%), Skills: Artisan
Hoocrates, Level: 3, Rank: 1, Gender: Female, HP IV: 10(0%), ATK IV: 65(0%), DEF IV: 3(0%), Work Speed: (0%), Skills: Work Slave
Kelpsea, Level: 9, Rank: 1, Gender: Male, HP IV: 43(0%), ATK IV: 73(0%), DEF IV: 74(0%), Work Speed: (0%), Skills: Hooligan
Lamball, Level: 4, Rank: 1, Gender: Female, HP IV: 20(0%), ATK IV: 53(0%), DEF IV: 2(0%), Work Speed: (0%), Skills: Suntan Lover
Lamball, Level: 4, Rank: 1, Gender: Female, HP IV: 79(0%), ATK IV: 43(0%), DEF IV: 43(0%), Work Speed: (0%), Skills: Sadist
Lamball, Level: 4, Rank: 1, Gender: Male, HP IV: 23(0%), ATK IV: 90(0%), DEF IV: 74(0%), Work Speed: (0%), Skills: Pyromaniac
Lamball, Level: 5, Rank: 1, Gender: Female, HP IV: 20(0%), ATK IV: 10(0%), DEF IV: 42(0%), Work Speed: (0%), Skills: Nocturnal, Botanical Barrier, Philantropist, Slacker
Lamball, Level: 5, Rank: 1, Gender: Female, HP IV: 26(0%), ATK IV: 93(0%), DEF IV: 58(0%), Work Speed: (0%), Skills: Conceited
Lamball, Level: 5, Rank: 1, Gender: Male, HP IV: 40(0%), ATK IV: 63(0%), DEF IV: 77(0%), Work Speed: (0%), Skills: Burly Body
Lamball, Level: 8, Rank: 1, Gender: Male, HP IV: 75(0%), ATK IV: 52(0%), DEF IV: 43(0%), Work Speed: (0%), Skills: Work Slave, Brave
Pengullet, Level: 4, Rank: 1, Gender: Female, HP IV: 94(0%), ATK IV: 81(0%), DEF IV: 80(0%), Work Speed: (0%), Skills: Pyromaniac
Ribbuny, Level: 3, Rank: 1, Gender: Male, HP IV: 68(0%), ATK IV: 34(0%), DEF IV: 50(0%), Work Speed: (0%), Skills: Botanical Barrier
Rooby, Level: 10, Rank: 1, Gender: Male, HP IV: 43(0%), ATK IV: 46(0%), DEF IV: 80(0%), Work Speed: (0%), Skills: Sickly
Rooby, Level: 15, Rank: 1, Gender: Male, HP IV: 45(0%), ATK IV: 8(0%), DEF IV: 34(0%), Work Speed: (0%), Skills: Capacitor
Rushoar, Level: 6, Rank: 1, Gender: Female, HP IV: 77(0%), ATK IV: 28(0%), DEF IV: 89(0%), Work Speed: (0%), Skills: Blood of the Dragon
Swee, Level: 9, Rank: 1, Gender: Male, HP IV: 51(0%), ATK IV: 34(0%), DEF IV: 61(0%), Work Speed: (0%), Skills: Positive Thinker
Tanzee, Level: 4, Rank: 1, Gender: Male, HP IV: 42(0%), ATK IV: 76(0%), DEF IV: 96(0%), Work Speed: (0%), Skills: Artisan, Coward
Univolt, Level: 15, Rank: 1, Gender: Female, HP IV: 13(0%), ATK IV: 71(0%), DEF IV: 50(0%), Work Speed: (0%), Skills: Clumsy
BaRtola's 51 Pals
-----------------
Alpha Sweepa, Level: 15, Rank: 1, Gender: Male, HP IV: 67(3%), ATK IV: 100(3%), DEF IV: 92(0%), Work Speed: (0%), Skills: Dragonkiller
Caprity, Level: 7, Rank: 1, Gender: Female, HP IV: 17(0%), ATK IV: 48(0%), DEF IV: 29(0%), Work Speed: (0%), Skills: Abnormal
Caprity, Level: 7, Rank: 1, Gender: Male, HP IV: 62(0%), ATK IV: 59(0%), DEF IV: 13(0%), Work Speed: (0%), Skills: Fragrant Foliage
Cattiva, Level: 12, Rank: 1, Gender: Female, HP IV: 4(0%), ATK IV: 52(0%), DEF IV: 89(0%), Work Speed: (0%), Skills: Coward, Cheery, Ferocious, Masochist
Cattiva, Level: 2, Rank: 1, Gender: Female, HP IV: 50(0%), ATK IV: 23(0%), DEF IV: 15(0%), Work Speed: (0%), Skills: Coward, Burly Body
Cattiva, Level: 3, Rank: 1, Gender: Female, HP IV: 16(0%), ATK IV: 44(0%), DEF IV: 65(0%), Work Speed: (0%), Skills: Coward, Blood of the Dragon
Cattiva, Level: 3, Rank: 1, Gender: Female, HP IV: 5(0%), ATK IV: 56(0%), DEF IV: 49(0%), Work Speed: (0%), Skills: Coward, Dainty Eater
Cattiva, Level: 3, Rank: 1, Gender: Female, HP IV: 60(0%), ATK IV: 82(0%), DEF IV: 97(0%), Work Speed: (0%), Skills: Coward, Nocturnal
Cattiva, Level: 3, Rank: 1, Gender: Female, HP IV: 99(0%), ATK IV: 22(0%), DEF IV: 64(0%), Work Speed: (0%), Skills: Coward, Hydromaniac, Workaholic, Insulated Body
Celaray, Level: 10, Rank: 1, Gender: Female, HP IV: 86(0%), ATK IV: 41(0%), DEF IV: 28(0%), Work Speed: (0%), Skills: Pyromaniac
Chikipi, Level: 3, Rank: 1, Gender: Male, HP IV: 58(0%), ATK IV: 38(0%), DEF IV: 54(0%), Work Speed: (0%), Skills: Mercy hit
Chikipi, Level: 4, Rank: 1, Gender: Female, HP IV: 58(0%), ATK IV: 65(0%), DEF IV: 51(0%), Work Speed: (0%), Skills: Botanical Barrier
Chikipi, Level: 5, Rank: 1, Gender: Male, HP IV: 48(0%), ATK IV: 93(0%), DEF IV: 74(0%), Work Speed: (0%), Skills: Dragonkiller, Mine Foreman, Runner
Chikipi, Level: 6, Rank: 1, Gender: Female, HP IV: 92(0%), ATK IV: 65(0%), DEF IV: 41(0%), Work Speed: (0%), Skills: Hydromaniac
Chikipi, Level: 8, Rank: 1, Gender: Female, HP IV: 42(0%), ATK IV: 23(0%), DEF IV: 21(0%), Work Speed: (0%), Skills: Coldblooded
Chikipi, Level: 8, Rank: 1, Gender: Female, HP IV: 89(0%), ATK IV: 17(0%), DEF IV: 39(0%), Work Speed: (0%), Skills: Ferocious
Chikipi, Level: 8, Rank: 1, Gender: Female, HP IV: 98(0%), ATK IV: 9(0%), DEF IV: 50(0%), Work Speed: (0%), Skills: Easygoing
Cremis, Level: 5, Rank: 1, Gender: Male, HP IV: 83(0%), ATK IV: 26(0%), DEF IV: 45(0%), Work Speed: (0%), Skills: Fit as a Fiddle
Croajiro, Level: 7, Rank: 1, Gender: Female, HP IV: 13(0%), ATK IV: 98(0%), DEF IV: 13(0%), Work Speed: (0%), Skills: Zen Mind
Croajiro, Level: 9, Rank: 1, Gender: Female, HP IV: 2(0%), ATK IV: 9(0%), DEF IV: 23(0%), Work Speed: (0%), Skills: Downtrodden
Daedream, Level: 4, Rank: 1, Gender: Female, HP IV: 48(0%), ATK IV: 35(0%), DEF IV: 13(0%), Work Speed: (0%), Skills: Power of Gaia
Direhowl, Level: 10, Rank: 1, Gender: Male, HP IV: 95(0%), ATK IV: 67(0%), DEF IV: 71(0%), Work Speed: (0%), Skills: Motivational Leader
Direhowl, Level: 15, Rank: 1, Gender: Female, HP IV: 26(0%), ATK IV: 41(0%), DEF IV: 18(0%), Work Speed: (0%)
Eikthyrdeer, Level: 15, Rank: 1, Gender: Female, HP IV: 82(0%), ATK IV: 56(0%), DEF IV: 82(0%), Work Speed: (0%), Skills: Brave
Eikthyrdeer, Level: 15, Rank: 1, Gender: Female, HP IV: 98(0%), ATK IV: 72(0%), DEF IV: 47(0%), Work Speed: (0%), Skills: Mine Foreman
Foxparks, Level: 3, Rank: 1, Gender: Male, HP IV: 11(0%), ATK IV: 68(0%), DEF IV: 50(0%), Work Speed: (0%), Skills: Hooligan
Foxparks, Level: 3, Rank: 1, Gender: Male, HP IV: 76(0%), ATK IV: 15(0%), DEF IV: 49(0%), Work Speed: (0%), Skills: Conceited
Fuack, Level: 11, Rank: 1, Gender: Female, HP IV: 16(0%), ATK IV: 16(0%), DEF IV: 71(0%), Work Speed: (0%), Skills: Coldblooded
Fuack, Level: 11, Rank: 1, Gender: Male, HP IV: 73(0%), ATK IV: 11(0%), DEF IV: 94(0%), Work Speed: (0%), Skills: Blood of the Dragon
Fuack, Level: 13, Rank: 1, Gender: Female, HP IV: 38(0%), ATK IV: 83(0%), DEF IV: 45(0%), Work Speed: (0%), Skills: Serenity
Fuack, Level: 3, Rank: 1, Gender: Female, HP IV: 14(0%), ATK IV: 100(0%), DEF IV: 71(0%), Work Speed: (0%)
Fuack, Level: 3, Rank: 1, Gender: Male, HP IV: 94(0%), ATK IV: 90(0%), DEF IV: 40(0%), Work Speed: (0%), Skills: Clumsy
Fuack, Level: 5, Rank: 1, Gender: Female, HP IV: 1(0%), ATK IV: 93(0%), DEF IV: 17(0%), Work Speed: (0%), Skills: Fine Furs
Fuack, Level: 6, Rank: 1, Gender: Male, HP IV: 57(0%), ATK IV: 72(0%), DEF IV: 80(0%), Work Speed: (0%), Skills: Artisan
Hoocrates, Level: 3, Rank: 1, Gender: Female, HP IV: 10(0%), ATK IV: 65(0%), DEF IV: 3(0%), Work Speed: (0%), Skills: Work Slave
Kelpsea, Level: 9, Rank: 1, Gender: Male, HP IV: 43(0%), ATK IV: 73(0%), DEF IV: 74(0%), Work Speed: (0%), Skills: Hooligan
Lamball, Level: 4, Rank: 1, Gender: Female, HP IV: 20(0%), ATK IV: 53(0%), DEF IV: 2(0%), Work Speed: (0%), Skills: Suntan Lover
Lamball, Level: 4, Rank: 1, Gender: Female, HP IV: 79(0%), ATK IV: 43(0%), DEF IV: 43(0%), Work Speed: (0%), Skills: Sadist
Lamball, Level: 4, Rank: 1, Gender: Male, HP IV: 23(0%), ATK IV: 90(0%), DEF IV: 74(0%), Work Speed: (0%), Skills: Pyromaniac
Lamball, Level: 5, Rank: 1, Gender: Female, HP IV: 20(0%), ATK IV: 10(0%), DEF IV: 42(0%), Work Speed: (0%), Skills: Nocturnal, Botanical Barrier, Philantropist, Slacker
Lamball, Level: 5, Rank: 1, Gender: Female, HP IV: 26(0%), ATK IV: 93(0%), DEF IV: 58(0%), Work Speed: (0%), Skills: Conceited
Lamball, Level: 5, Rank: 1, Gender: Male, HP IV: 40(0%), ATK IV: 63(0%), DEF IV: 77(0%), Work Speed: (0%), Skills: Burly Body
Lamball, Level: 8, Rank: 1, Gender: Male, HP IV: 75(0%), ATK IV: 52(0%), DEF IV: 43(0%), Work Speed: (0%), Skills: Work Slave, Brave
Pengullet, Level: 4, Rank: 1, Gender: Female, HP IV: 94(0%), ATK IV: 81(0%), DEF IV: 80(0%), Work Speed: (0%), Skills: Pyromaniac
Ribbuny, Level: 3, Rank: 1, Gender: Male, HP IV: 68(0%), ATK IV: 34(0%), DEF IV: 50(0%), Work Speed: (0%), Skills: Botanical Barrier
Rooby, Level: 10, Rank: 1, Gender: Male, HP IV: 43(0%), ATK IV: 46(0%), DEF IV: 80(0%), Work Speed: (0%), Skills: Sickly
Rooby, Level: 15, Rank: 1, Gender: Male, HP IV: 45(0%), ATK IV: 8(0%), DEF IV: 34(0%), Work Speed: (0%), Skills: Capacitor
Rushoar, Level: 6, Rank: 1, Gender: Female, HP IV: 77(0%), ATK IV: 28(0%), DEF IV: 89(0%), Work Speed: (0%), Skills: Blood of the Dragon
Swee, Level: 9, Rank: 1, Gender: Male, HP IV: 51(0%), ATK IV: 34(0%), DEF IV: 61(0%), Work Speed: (0%), Skills: Positive Thinker
Tanzee, Level: 4, Rank: 1, Gender: Male, HP IV: 42(0%), ATK IV: 76(0%), DEF IV: 96(0%), Work Speed: (0%), Skills: Artisan, Coward
Univolt, Level: 15, Rank: 1, Gender: Female, HP IV: 13(0%), ATK IV: 71(0%), DEF IV: 50(0%), Work Speed: (0%), Skills: Clumsy
