Beast's 11 Pals
---------------
Cattiva, Level: 8, Rank: 1, Gender: Female, HP IV: 2(0%), ATK IV: 84(0%), DEF IV: 77(0%), Work Speed: (0%), Skills: Coward, Nimble
Cremis, Level: 13, Rank: 1, Gender: Female, HP IV: 21(0%), ATK IV: 81(0%), DEF IV: 49(0%), Work Speed: (0%), Skills: Botanical Barrier
Depresso, Level: 11, Rank: 1, Gender: Female, HP IV: 99(0%), ATK IV: 29(0%), DEF IV: 70(0%), Work Speed: (0%), Skills: Work Slave
Direhowl, Level: 12, Rank: 1, Gender: Male, HP IV: 91(0%), ATK IV: 8(0%), DEF IV: 65(0%), Work Speed: (0%), Skills: Logging Foreman
Direhowl, Level: 6, Rank: 1, Gender: Female, HP IV: 61(0%), ATK IV: 13(0%), DEF IV: 63(0%), Work Speed: (0%), Skills: Fragrant Foliage
Eikthyrdeer, Level: 13, Rank: 1, Gender: Male, HP IV: 7(0%), ATK IV: 41(0%), DEF IV: 59(0%), Work Speed: (0%), Skills: Philantropist
Fuack, Level: 13, Rank: 1, Gender: Male, HP IV: 41(0%), ATK IV: 35(0%), DEF IV: 22(0%), Work Speed: (0%), Skills: Workaholic
Fuack, Level: 8, Rank: 1, Gender: Female, HP IV: 86(0%), ATK IV: 19(0%), DEF IV: 85(0%), Work Speed: (0%), Skills: Mercy hit
Hoocrates, Level: 13, Rank: 1, Gender: Male, HP IV: 24(0%), ATK IV: 62(0%), DEF IV: 35(0%), Work Speed: (0%), Skills: Hydromaniac
Lamball, Level: 10, Rank: 1, Gender: Female, HP IV: 17(0%), ATK IV: 80(0%), DEF IV: 92(0%), Work Speed: (0%)
Tombat, Level: 5, Rank: 1, Gender: Female, HP IV: 18(0%), ATK IV: 18(0%), DEF IV: 46(0%), Work Speed: (0%), Skills: Cheery
Beast's 11 Pals
---------------
Cattiva, Level: 8, Rank: 1, Gender: Female, HP IV: 2(0%), ATK IV: 84(0%), DEF IV: 77(0%), Work Speed: (0%), Skills: Coward, Nimble
Cremis, Level: 13, Rank: 1, Gender: Female, HP IV: 21(0%), ATK IV: 81(0%), DEF IV: 49(0%), Work Speed: (0%), Skills: Botanical Barrier
Depresso, Level: 11, Rank: 1, Gender: Female, HP IV: 99(0%), ATK IV: 29(0%), DEF IV: 70(0%), Work Speed: (0%), Skills: Work Slave
Direhowl, Level: 12, Rank: 1, Gender: Male, HP IV: 91(0%), ATK IV: 8(0%), DEF IV: 65(0%), Work Speed: (0%), Skills: Logging Foreman
Direhowl, Level: 6, Rank: 1, Gender: Female, HP IV: 61(0%), ATK IV: 13(0%), DEF IV: 63(0%), Work Speed: (0%), Skills: Fragrant Foliage
Eikthyrdeer, Level: 13, Rank: 1, Gender: Male, HP IV: 7(0%), ATK IV: 41(0%), DEF IV: 59(0%), Work Speed: (0%), Skills: Philantropist
Fuack, Level: 13, Rank: 1, Gender: Male, HP IV: 41(0%), ATK IV: 35(0%), DEF IV: 22(0%), Work Speed: (0%), Skills: Workaholic
Fuack, Level: 8, Rank: 1, Gender: Female, HP IV: 86(0%), ATK IV: 19(0%), DEF IV: 85(0%), Work Speed: (0%), Skills: Mercy hit
Hoocrates, Level: 13, Rank: 1, Gender: Male, HP IV: 24(0%), ATK IV: 62(0%), DEF IV: 35(0%), Work Speed: (0%), Skills: Hydromaniac
Lamball, Level: 10, Rank: 1, Gender: Female, HP IV: 17(0%), ATK IV: 80(0%), DEF IV: 92(0%), Work Speed: (0%)
Tombat, Level: 5, Rank: 1, Gender: Female, HP IV: 18(0%), ATK IV: 18(0%), DEF IV: 46(0%), Work Speed: (0%), Skills: Cheery
Beast's 11 Pals
---------------
Cattiva, Level: 8, Rank: 1, Gender: Female, HP IV: 2(0%), ATK IV: 84(0%), DEF IV: 77(0%), Work Speed: (0%), Skills: Coward, Nimble
Cremis, Level: 13, Rank: 1, Gender: Female, HP IV: 21(0%), ATK IV: 81(0%), DEF IV: 49(0%), Work Speed: (0%), Skills: Botanical Barrier
Depresso, Level: 11, Rank: 1, Gender: Female, HP IV: 99(0%), ATK IV: 29(0%), DEF IV: 70(0%), Work Speed: (0%), Skills: Work Slave
Direhowl, Level: 12, Rank: 1, Gender: Male, HP IV: 91(0%), ATK IV: 8(0%), DEF IV: 65(0%), Work Speed: (0%), Skills: Logging Foreman
Direhowl, Level: 6, Rank: 1, Gender: Female, HP IV: 61(0%), ATK IV: 13(0%), DEF IV: 63(0%), Work Speed: (0%), Skills: Fragrant Foliage
Eikthyrdeer, Level: 13, Rank: 1, Gender: Male, HP IV: 7(0%), ATK IV: 41(0%), DEF IV: 59(0%), Work Speed: (0%), Skills: Philantropist
Fuack, Level: 13, Rank: 1, Gender: Male, HP IV: 41(0%), ATK IV: 35(0%), DEF IV: 22(0%), Work Speed: (0%), Skills: Workaholic
Fuack, Level: 8, Rank: 1, Gender: Female, HP IV: 86(0%), ATK IV: 19(0%), DEF IV: 85(0%), Work Speed: (0%), Skills: Mercy hit
Hoocrates, Level: 13, Rank: 1, Gender: Male, HP IV: 24(0%), ATK IV: 62(0%), DEF IV: 35(0%), Work Speed: (0%), Skills: Hydromaniac
Lamball, Level: 10, Rank: 1, Gender: Female, HP IV: 17(0%), ATK IV: 80(0%), DEF IV: 92(0%), Work Speed: (0%)
Tombat, Level: 5, Rank: 1, Gender: Female, HP IV: 18(0%), ATK IV: 18(0%), DEF IV: 46(0%), Work Speed: (0%), Skills: Cheery
Beast's 11 Pals
---------------
Cattiva, Level: 8, Rank: 1, Gender: Female, HP IV: 2(0%), ATK IV: 84(0%), DEF IV: 77(0%), Work Speed: (0%), Skills: Coward, Nimble
Cremis, Level: 13, Rank: 1, Gender: Female, HP IV: 21(0%), ATK IV: 81(0%), DEF IV: 49(0%), Work Speed: (0%), Skills: Botanical Barrier
Depresso, Level: 11, Rank: 1, Gender: Female, HP IV: 99(0%), ATK IV: 29(0%), DEF IV: 70(0%), Work Speed: (0%), Skills: Work Slave
Direhowl, Level: 12, Rank: 1, Gender: Male, HP IV: 91(0%), ATK IV: 8(0%), DEF IV: 65(0%), Work Speed: (0%), Skills: Logging Foreman
Direhowl, Level: 6, Rank: 1, Gender: Female, HP IV: 61(0%), ATK IV: 13(0%), DEF IV: 63(0%), Work Speed: (0%), Skills: Fragrant Foliage
Eikthyrdeer, Level: 13, Rank: 1, Gender: Male, HP IV: 7(0%), ATK IV: 41(0%), DEF IV: 59(0%), Work Speed: (0%), Skills: Philantropist
Fuack, Level: 13, Rank: 1, Gender: Male, HP IV: 41(0%), ATK IV: 35(0%), DEF IV: 22(0%), Work Speed: (0%), Skills: Workaholic
Fuack, Level: 8, Rank: 1, Gender: Female, HP IV: 86(0%), ATK IV: 19(0%), DEF IV: 85(0%), Work Speed: (0%), Skills: Mercy hit
Hoocrates, Level: 13, Rank: 1, Gender: Male, HP IV: 24(0%), ATK IV: 62(0%), DEF IV: 35(0%), Work Speed: (0%), Skills: Hydromaniac
Lamball, Level: 10, Rank: 1, Gender: Female, HP IV: 17(0%), ATK IV: 80(0%), DEF IV: 92(0%), Work Speed: (0%)
Tombat, Level: 5, Rank: 1, Gender: Female, HP IV: 18(0%), ATK IV: 18(0%), DEF IV: 46(0%), Work Speed: (0%), Skills: Cheery
Beast's 11 Pals
---------------
Cattiva, Level: 8, Rank: 1, Gender: Female, HP IV: 2(0%), ATK IV: 84(0%), DEF IV: 77(0%), Work Speed: (0%), Skills: Coward, Nimble
Cremis, Level: 13, Rank: 1, Gender: Female, HP IV: 21(0%), ATK IV: 81(0%), DEF IV: 49(0%), Work Speed: (0%), Skills: Botanical Barrier
Depresso, Level: 11, Rank: 1, Gender: Female, HP IV: 99(0%), ATK IV: 29(0%), DEF IV: 70(0%), Work Speed: (0%), Skills: Work Slave
Direhowl, Level: 12, Rank: 1, Gender: Male, HP IV: 91(0%), ATK IV: 8(0%), DEF IV: 65(0%), Work Speed: (0%), Skills: Logging Foreman
Direhowl, Level: 6, Rank: 1, Gender: Female, HP IV: 61(0%), ATK IV: 13(0%), DEF IV: 63(0%), Work Speed: (0%), Skills: Fragrant Foliage
Eikthyrdeer, Level: 13, Rank: 1, Gender: Male, HP IV: 7(0%), ATK IV: 41(0%), DEF IV: 59(0%), Work Speed: (0%), Skills: Philantropist
Fuack, Level: 13, Rank: 1, Gender: Male, HP IV: 41(0%), ATK IV: 35(0%), DEF IV: 22(0%), Work Speed: (0%), Skills: Workaholic
Fuack, Level: 8, Rank: 1, Gender: Female, HP IV: 86(0%), ATK IV: 19(0%), DEF IV: 85(0%), Work Speed: (0%), Skills: Mercy hit
Hoocrates, Level: 13, Rank: 1, Gender: Male, HP IV: 24(0%), ATK IV: 62(0%), DEF IV: 35(0%), Work Speed: (0%), Skills: Hydromaniac
Lamball, Level: 10, Rank: 1, Gender: Female, HP IV: 17(0%), ATK IV: 80(0%), DEF IV: 92(0%), Work Speed: (0%)
Tombat, Level: 5, Rank: 1, Gender: Female, HP IV: 18(0%), ATK IV: 18(0%), DEF IV: 46(0%), Work Speed: (0%), Skills: Cheery
Beast's 11 Pals
---------------
Cattiva, Level: 8, Rank: 1, Gender: Female, HP IV: 2(0%), ATK IV: 84(0%), DEF IV: 77(0%), Work Speed: (0%), Skills: Coward, Nimble
Cremis, Level: 13, Rank: 1, Gender: Female, HP IV: 21(0%), ATK IV: 81(0%), DEF IV: 49(0%), Work Speed: (0%), Skills: Botanical Barrier
Depresso, Level: 11, Rank: 1, Gender: Female, HP IV: 99(0%), ATK IV: 29(0%), DEF IV: 70(0%), Work Speed: (0%), Skills: Work Slave
Direhowl, Level: 12, Rank: 1, Gender: Male, HP IV: 91(0%), ATK IV: 8(0%), DEF IV: 65(0%), Work Speed: (0%), Skills: Logging Foreman
Direhowl, Level: 6, Rank: 1, Gender: Female, HP IV: 61(0%), ATK IV: 13(0%), DEF IV: 63(0%), Work Speed: (0%), Skills: Fragrant Foliage
Eikthyrdeer, Level: 13, Rank: 1, Gender: Male, HP IV: 7(0%), ATK IV: 41(0%), DEF IV: 59(0%), Work Speed: (0%), Skills: Philantropist
Fuack, Level: 13, Rank: 1, Gender: Male, HP IV: 41(0%), ATK IV: 35(0%), DEF IV: 22(0%), Work Speed: (0%), Skills: Workaholic
Fuack, Level: 8, Rank: 1, Gender: Female, HP IV: 86(0%), ATK IV: 19(0%), DEF IV: 85(0%), Work Speed: (0%), Skills: Mercy hit
Hoocrates, Level: 13, Rank: 1, Gender: Male, HP IV: 24(0%), ATK IV: 62(0%), DEF IV: 35(0%), Work Speed: (0%), Skills: Hydromaniac
Lamball, Level: 10, Rank: 1, Gender: Female, HP IV: 17(0%), ATK IV: 80(0%), DEF IV: 92(0%), Work Speed: (0%)
Tombat, Level: 5, Rank: 1, Gender: Female, HP IV: 18(0%), ATK IV: 18(0%), DEF IV: 46(0%), Work Speed: (0%), Skills: Cheery
Beast's 11 Pals
---------------
Cattiva, Level: 8, Rank: 1, Gender: Female, HP IV: 2(0%), ATK IV: 84(0%), DEF IV: 77(0%), Work Speed: (0%), Skills: Coward, Nimble
Cremis, Level: 13, Rank: 1, Gender: Female, HP IV: 21(0%), ATK IV: 81(0%), DEF IV: 49(0%), Work Speed: (0%), Skills: Botanical Barrier
Depresso, Level: 11, Rank: 1, Gender: Female, HP IV: 99(0%), ATK IV: 29(0%), DEF IV: 70(0%), Work Speed: (0%), Skills: Work Slave
Direhowl, Level: 12, Rank: 1, Gender: Male, HP IV: 91(0%), ATK IV: 8(0%), DEF IV: 65(0%), Work Speed: (0%), Skills: Logging Foreman
Direhowl, Level: 6, Rank: 1, Gender: Female, HP IV: 61(0%), ATK IV: 13(0%), DEF IV: 63(0%), Work Speed: (0%), Skills: Fragrant Foliage
Eikthyrdeer, Level: 13, Rank: 1, Gender: Male, HP IV: 7(0%), ATK IV: 41(0%), DEF IV: 59(0%), Work Speed: (0%), Skills: Philantropist
Fuack, Level: 13, Rank: 1, Gender: Male, HP IV: 41(0%), ATK IV: 35(0%), DEF IV: 22(0%), Work Speed: (0%), Skills: Workaholic
Fuack, Level: 8, Rank: 1, Gender: Female, HP IV: 86(0%), ATK IV: 19(0%), DEF IV: 85(0%), Work Speed: (0%), Skills: Mercy hit
Hoocrates, Level: 13, Rank: 1, Gender: Male, HP IV: 24(0%), ATK IV: 62(0%), DEF IV: 35(0%), Work Speed: (0%), Skills: Hydromaniac
Lamball, Level: 10, Rank: 1, Gender: Female, HP IV: 17(0%), ATK IV: 80(0%), DEF IV: 92(0%), Work Speed: (0%)
Tombat, Level: 5, Rank: 1, Gender: Female, HP IV: 18(0%), ATK IV: 18(0%), DEF IV: 46(0%), Work Speed: (0%), Skills: Cheery
Beast's 11 Pals
---------------
Cattiva, Level: 8, Rank: 1, Gender: Female, HP IV: 2(0%), ATK IV: 84(0%), DEF IV: 77(0%), Work Speed: (0%), Skills: Coward, Nimble
Cremis, Level: 13, Rank: 1, Gender: Female, HP IV: 21(0%), ATK IV: 81(0%), DEF IV: 49(0%), Work Speed: (0%), Skills: Botanical Barrier
Depresso, Level: 11, Rank: 1, Gender: Female, HP IV: 99(0%), ATK IV: 29(0%), DEF IV: 70(0%), Work Speed: (0%), Skills: Work Slave
Direhowl, Level: 12, Rank: 1, Gender: Male, HP IV: 91(0%), ATK IV: 8(0%), DEF IV: 65(0%), Work Speed: (0%), Skills: Logging Foreman
Direhowl, Level: 6, Rank: 1, Gender: Female, HP IV: 61(0%), ATK IV: 13(0%), DEF IV: 63(0%), Work Speed: (0%), Skills: Fragrant Foliage
Eikthyrdeer, Level: 13, Rank: 1, Gender: Male, HP IV: 7(0%), ATK IV: 41(0%), DEF IV: 59(0%), Work Speed: (0%), Skills: Philantropist
Fuack, Level: 13, Rank: 1, Gender: Male, HP IV: 41(0%), ATK IV: 35(0%), DEF IV: 22(0%), Work Speed: (0%), Skills: Workaholic
Fuack, Level: 8, Rank: 1, Gender: Female, HP IV: 86(0%), ATK IV: 19(0%), DEF IV: 85(0%), Work Speed: (0%), Skills: Mercy hit
Hoocrates, Level: 13, Rank: 1, Gender: Male, HP IV: 24(0%), ATK IV: 62(0%), DEF IV: 35(0%), Work Speed: (0%), Skills: Hydromaniac
Lamball, Level: 10, Rank: 1, Gender: Female, HP IV: 17(0%), ATK IV: 80(0%), DEF IV: 92(0%), Work Speed: (0%)
Tombat, Level: 5, Rank: 1, Gender: Female, HP IV: 18(0%), ATK IV: 18(0%), DEF IV: 46(0%), Work Speed: (0%), Skills: Cheery
Beast's 11 Pals
---------------
Cattiva, Level: 8, Rank: 1, Gender: Female, HP IV: 2(0%), ATK IV: 84(0%), DEF IV: 77(0%), Work Speed: (0%), Skills: Coward, Nimble
Cremis, Level: 13, Rank: 1, Gender: Female, HP IV: 21(0%), ATK IV: 81(0%), DEF IV: 49(0%), Work Speed: (0%), Skills: Botanical Barrier
Depresso, Level: 11, Rank: 1, Gender: Female, HP IV: 99(0%), ATK IV: 29(0%), DEF IV: 70(0%), Work Speed: (0%), Skills: Work Slave
Direhowl, Level: 12, Rank: 1, Gender: Male, HP IV: 91(0%), ATK IV: 8(0%), DEF IV: 65(0%), Work Speed: (0%), Skills: Logging Foreman
Direhowl, Level: 6, Rank: 1, Gender: Female, HP IV: 61(0%), ATK IV: 13(0%), DEF IV: 63(0%), Work Speed: (0%), Skills: Fragrant Foliage
Eikthyrdeer, Level: 13, Rank: 1, Gender: Male, HP IV: 7(0%), ATK IV: 41(0%), DEF IV: 59(0%), Work Speed: (0%), Skills: Philantropist
Fuack, Level: 13, Rank: 1, Gender: Male, HP IV: 41(0%), ATK IV: 35(0%), DEF IV: 22(0%), Work Speed: (0%), Skills: Workaholic
Fuack, Level: 8, Rank: 1, Gender: Female, HP IV: 86(0%), ATK IV: 19(0%), DEF IV: 85(0%), Work Speed: (0%), Skills: Mercy hit
Hoocrates, Level: 13, Rank: 1, Gender: Male, HP IV: 24(0%), ATK IV: 62(0%), DEF IV: 35(0%), Work Speed: (0%), Skills: Hydromaniac
Lamball, Level: 10, Rank: 1, Gender: Female, HP IV: 17(0%), ATK IV: 80(0%), DEF IV: 92(0%), Work Speed: (0%)
Tombat, Level: 5, Rank: 1, Gender: Female, HP IV: 18(0%), ATK IV: 18(0%), DEF IV: 46(0%), Work Speed: (0%), Skills: Cheery
Beast's 11 Pals
---------------
Cattiva, Level: 8, Rank: 1, Gender: Female, HP IV: 2(0%), ATK IV: 84(0%), DEF IV: 77(0%), Work Speed: (0%), Skills: Coward, Nimble
Cremis, Level: 13, Rank: 1, Gender: Female, HP IV: 21(0%), ATK IV: 81(0%), DEF IV: 49(0%), Work Speed: (0%), Skills: Botanical Barrier
Depresso, Level: 11, Rank: 1, Gender: Female, HP IV: 99(0%), ATK IV: 29(0%), DEF IV: 70(0%), Work Speed: (0%), Skills: Work Slave
Direhowl, Level: 12, Rank: 1, Gender: Male, HP IV: 91(0%), ATK IV: 8(0%), DEF IV: 65(0%), Work Speed: (0%), Skills: Logging Foreman
Direhowl, Level: 6, Rank: 1, Gender: Female, HP IV: 61(0%), ATK IV: 13(0%), DEF IV: 63(0%), Work Speed: (0%), Skills: Fragrant Foliage
Eikthyrdeer, Level: 13, Rank: 1, Gender: Male, HP IV: 7(0%), ATK IV: 41(0%), DEF IV: 59(0%), Work Speed: (0%), Skills: Philantropist
Fuack, Level: 13, Rank: 1, Gender: Male, HP IV: 41(0%), ATK IV: 35(0%), DEF IV: 22(0%), Work Speed: (0%), Skills: Workaholic
Fuack, Level: 8, Rank: 1, Gender: Female, HP IV: 86(0%), ATK IV: 19(0%), DEF IV: 85(0%), Work Speed: (0%), Skills: Mercy hit
Hoocrates, Level: 13, Rank: 1, Gender: Male, HP IV: 24(0%), ATK IV: 62(0%), DEF IV: 35(0%), Work Speed: (0%), Skills: Hydromaniac
Lamball, Level: 10, Rank: 1, Gender: Female, HP IV: 17(0%), ATK IV: 80(0%), DEF IV: 92(0%), Work Speed: (0%)
Tombat, Level: 5, Rank: 1, Gender: Female, HP IV: 18(0%), ATK IV: 18(0%), DEF IV: 46(0%), Work Speed: (0%), Skills: Cheery
Beast's 11 Pals
---------------
Cattiva, Level: 8, Rank: 1, Gender: Female, HP IV: 2(0%), ATK IV: 84(0%), DEF IV: 77(0%), Work Speed: (0%), Skills: Coward, Nimble
Cremis, Level: 13, Rank: 1, Gender: Female, HP IV: 21(0%), ATK IV: 81(0%), DEF IV: 49(0%), Work Speed: (0%), Skills: Botanical Barrier
Depresso, Level: 11, Rank: 1, Gender: Female, HP IV: 99(0%), ATK IV: 29(0%), DEF IV: 70(0%), Work Speed: (0%), Skills: Work Slave
Direhowl, Level: 12, Rank: 1, Gender: Male, HP IV: 91(0%), ATK IV: 8(0%), DEF IV: 65(0%), Work Speed: (0%), Skills: Logging Foreman
Direhowl, Level: 6, Rank: 1, Gender: Female, HP IV: 61(0%), ATK IV: 13(0%), DEF IV: 63(0%), Work Speed: (0%), Skills: Fragrant Foliage
Eikthyrdeer, Level: 13, Rank: 1, Gender: Male, HP IV: 7(0%), ATK IV: 41(0%), DEF IV: 59(0%), Work Speed: (0%), Skills: Philantropist
Fuack, Level: 13, Rank: 1, Gender: Male, HP IV: 41(0%), ATK IV: 35(0%), DEF IV: 22(0%), Work Speed: (0%), Skills: Workaholic
Fuack, Level: 8, Rank: 1, Gender: Female, HP IV: 86(0%), ATK IV: 19(0%), DEF IV: 85(0%), Work Speed: (0%), Skills: Mercy hit
Hoocrates, Level: 13, Rank: 1, Gender: Male, HP IV: 24(0%), ATK IV: 62(0%), DEF IV: 35(0%), Work Speed: (0%), Skills: Hydromaniac
Lamball, Level: 10, Rank: 1, Gender: Female, HP IV: 17(0%), ATK IV: 80(0%), DEF IV: 92(0%), Work Speed: (0%)
Tombat, Level: 5, Rank: 1, Gender: Female, HP IV: 18(0%), ATK IV: 18(0%), DEF IV: 46(0%), Work Speed: (0%), Skills: Cheery
Beast's 11 Pals
---------------
Cattiva, Level: 8, Rank: 1, Gender: Female, HP IV: 2(0%), ATK IV: 84(0%), DEF IV: 77(0%), Work Speed: (0%), Skills: Coward, Nimble
Cremis, Level: 13, Rank: 1, Gender: Female, HP IV: 21(0%), ATK IV: 81(0%), DEF IV: 49(0%), Work Speed: (0%), Skills: Botanical Barrier
Depresso, Level: 11, Rank: 1, Gender: Female, HP IV: 99(0%), ATK IV: 29(0%), DEF IV: 70(0%), Work Speed: (0%), Skills: Work Slave
Direhowl, Level: 12, Rank: 1, Gender: Male, HP IV: 91(0%), ATK IV: 8(0%), DEF IV: 65(0%), Work Speed: (0%), Skills: Logging Foreman
Direhowl, Level: 6, Rank: 1, Gender: Female, HP IV: 61(0%), ATK IV: 13(0%), DEF IV: 63(0%), Work Speed: (0%), Skills: Fragrant Foliage
Eikthyrdeer, Level: 13, Rank: 1, Gender: Male, HP IV: 7(0%), ATK IV: 41(0%), DEF IV: 59(0%), Work Speed: (0%), Skills: Philantropist
Fuack, Level: 13, Rank: 1, Gender: Male, HP IV: 41(0%), ATK IV: 35(0%), DEF IV: 22(0%), Work Speed: (0%), Skills: Workaholic
Fuack, Level: 8, Rank: 1, Gender: Female, HP IV: 86(0%), ATK IV: 19(0%), DEF IV: 85(0%), Work Speed: (0%), Skills: Mercy hit
Hoocrates, Level: 13, Rank: 1, Gender: Male, HP IV: 24(0%), ATK IV: 62(0%), DEF IV: 35(0%), Work Speed: (0%), Skills: Hydromaniac
Lamball, Level: 10, Rank: 1, Gender: Female, HP IV: 17(0%), ATK IV: 80(0%), DEF IV: 92(0%), Work Speed: (0%)
Tombat, Level: 5, Rank: 1, Gender: Female, HP IV: 18(0%), ATK IV: 18(0%), DEF IV: 46(0%), Work Speed: (0%), Skills: Cheery
Beast's 11 Pals
---------------
Cattiva, Level: 8, Rank: 1, Gender: Female, HP IV: 2(0%), ATK IV: 84(0%), DEF IV: 77(0%), Work Speed: (0%), Skills: Coward, Nimble
Cremis, Level: 13, Rank: 1, Gender: Female, HP IV: 21(0%), ATK IV: 81(0%), DEF IV: 49(0%), Work Speed: (0%), Skills: Botanical Barrier
Depresso, Level: 11, Rank: 1, Gender: Female, HP IV: 99(0%), ATK IV: 29(0%), DEF IV: 70(0%), Work Speed: (0%), Skills: Work Slave
Direhowl, Level: 12, Rank: 1, Gender: Male, HP IV: 91(0%), ATK IV: 8(0%), DEF IV: 65(0%), Work Speed: (0%), Skills: Logging Foreman
Direhowl, Level: 6, Rank: 1, Gender: Female, HP IV: 61(0%), ATK IV: 13(0%), DEF IV: 63(0%), Work Speed: (0%), Skills: Fragrant Foliage
Eikthyrdeer, Level: 13, Rank: 1, Gender: Male, HP IV: 7(0%), ATK IV: 41(0%), DEF IV: 59(0%), Work Speed: (0%), Skills: Philantropist
Fuack, Level: 13, Rank: 1, Gender: Male, HP IV: 41(0%), ATK IV: 35(0%), DEF IV: 22(0%), Work Speed: (0%), Skills: Workaholic
Fuack, Level: 8, Rank: 1, Gender: Female, HP IV: 86(0%), ATK IV: 19(0%), DEF IV: 85(0%), Work Speed: (0%), Skills: Mercy hit
Hoocrates, Level: 13, Rank: 1, Gender: Male, HP IV: 24(0%), ATK IV: 62(0%), DEF IV: 35(0%), Work Speed: (0%), Skills: Hydromaniac
Lamball, Level: 10, Rank: 1, Gender: Female, HP IV: 17(0%), ATK IV: 80(0%), DEF IV: 92(0%), Work Speed: (0%)
Tombat, Level: 5, Rank: 1, Gender: Female, HP IV: 18(0%), ATK IV: 18(0%), DEF IV: 46(0%), Work Speed: (0%), Skills: Cheery
Beast's 11 Pals
---------------
Cattiva, Level: 8, Rank: 1, Gender: Female, HP IV: 2(0%), ATK IV: 84(0%), DEF IV: 77(0%), Work Speed: (0%), Skills: Coward, Nimble
Cremis, Level: 13, Rank: 1, Gender: Female, HP IV: 21(0%), ATK IV: 81(0%), DEF IV: 49(0%), Work Speed: (0%), Skills: Botanical Barrier
Depresso, Level: 11, Rank: 1, Gender: Female, HP IV: 99(0%), ATK IV: 29(0%), DEF IV: 70(0%), Work Speed: (0%), Skills: Work Slave
Direhowl, Level: 12, Rank: 1, Gender: Male, HP IV: 91(0%), ATK IV: 8(0%), DEF IV: 65(0%), Work Speed: (0%), Skills: Logging Foreman
Direhowl, Level: 6, Rank: 1, Gender: Female, HP IV: 61(0%), ATK IV: 13(0%), DEF IV: 63(0%), Work Speed: (0%), Skills: Fragrant Foliage
Eikthyrdeer, Level: 13, Rank: 1, Gender: Male, HP IV: 7(0%), ATK IV: 41(0%), DEF IV: 59(0%), Work Speed: (0%), Skills: Philantropist
Fuack, Level: 13, Rank: 1, Gender: Male, HP IV: 41(0%), ATK IV: 35(0%), DEF IV: 22(0%), Work Speed: (0%), Skills: Workaholic
Fuack, Level: 8, Rank: 1, Gender: Female, HP IV: 86(0%), ATK IV: 19(0%), DEF IV: 85(0%), Work Speed: (0%), Skills: Mercy hit
Hoocrates, Level: 13, Rank: 1, Gender: Male, HP IV: 24(0%), ATK IV: 62(0%), DEF IV: 35(0%), Work Speed: (0%), Skills: Hydromaniac
Lamball, Level: 10, Rank: 1, Gender: Female, HP IV: 17(0%), ATK IV: 80(0%), DEF IV: 92(0%), Work Speed: (0%)
Tombat, Level: 5, Rank: 1, Gender: Female, HP IV: 18(0%), ATK IV: 18(0%), DEF IV: 46(0%), Work Speed: (0%), Skills: Cheery
