Beau Pup's 3 Pals
-----------------
Caprity, Level: 7, Rank: 1, Gender: Male, HP IV: 51(0%), ATK IV: 25(0%), DEF IV: 0(0%), Work Speed: (0%), Skills: Workaholic
Chikipi, Level: 6, Rank: 1, Gender: Female, HP IV: 83(0%), ATK IV: 0(0%), DEF IV: 50(0%), Work Speed: (0%), Skills: Masochist
Teafant, Level: 6, Rank: 1, Gender: Male, HP IV: 71(0%), ATK IV: 19(0%), DEF IV: 0(0%), Work Speed: (0%)
Beau Pup's 3 Pals
-----------------
Caprity, Level: 7, Rank: 1, Gender: Male, HP IV: 51(0%), ATK IV: 25(0%), DEF IV: 0(0%), Work Speed: (0%), Skills: Workaholic
Chikipi, Level: 6, Rank: 1, Gender: Female, HP IV: 83(0%), ATK IV: 0(0%), DEF IV: 50(0%), Work Speed: (0%), Skills: Masochist
Teafant, Level: 6, Rank: 1, Gender: Male, HP IV: 71(0%), ATK IV: 19(0%), DEF IV: 0(0%), Work Speed: (0%)
Beau Pup's 3 Pals
-----------------
Caprity, Level: 7, Rank: 1, Gender: Male, HP IV: 51(0%), ATK IV: 25(0%), DEF IV: 0(0%), Work Speed: (0%), Skills: Workaholic
Chikipi, Level: 6, Rank: 1, Gender: Female, HP IV: 83(0%), ATK IV: 0(0%), DEF IV: 50(0%), Work Speed: (0%), Skills: Masochist
Teafant, Level: 6, Rank: 1, Gender: Male, HP IV: 71(0%), ATK IV: 19(0%), DEF IV: 0(0%), Work Speed: (0%)
Beau Pup's 3 Pals
-----------------
Caprity, Level: 7, Rank: 1, Gender: Male, HP IV: 51(0%), ATK IV: 25(0%), DEF IV: 0(0%), Work Speed: (0%), Skills: Workaholic
Chikipi, Level: 6, Rank: 1, Gender: Female, HP IV: 83(0%), ATK IV: 0(0%), DEF IV: 50(0%), Work Speed: (0%), Skills: Masochist
Teafant, Level: 6, Rank: 1, Gender: Male, HP IV: 71(0%), ATK IV: 19(0%), DEF IV: 0(0%), Work Speed: (0%)
Beau Pup's 3 Pals
-----------------
Caprity, Level: 7, Rank: 1, Gender: Male, HP IV: 51(0%), ATK IV: 25(0%), DEF IV: 0(0%), Work Speed: (0%), Skills: Workaholic
Chikipi, Level: 6, Rank: 1, Gender: Female, HP IV: 83(0%), ATK IV: 0(0%), DEF IV: 50(0%), Work Speed: (0%), Skills: Masochist
Teafant, Level: 6, Rank: 1, Gender: Male, HP IV: 71(0%), ATK IV: 19(0%), DEF IV: 0(0%), Work Speed: (0%)
Beau Pup's 3 Pals
-----------------
Caprity, Level: 7, Rank: 1, Gender: Male, HP IV: 51(0%), ATK IV: 25(0%), DEF IV: 0(0%), Work Speed: (0%), Skills: Workaholic
Chikipi, Level: 6, Rank: 1, Gender: Female, HP IV: 83(0%), ATK IV: 0(0%), DEF IV: 50(0%), Work Speed: (0%), Skills: Masochist
Teafant, Level: 6, Rank: 1, Gender: Male, HP IV: 71(0%), ATK IV: 19(0%), DEF IV: 0(0%), Work Speed: (0%)
Beau Pup's 3 Pals
-----------------
Caprity, Level: 7, Rank: 1, Gender: Male, HP IV: 51(0%), ATK IV: 25(0%), DEF IV: 0(0%), Work Speed: (0%), Skills: Workaholic
Chikipi, Level: 6, Rank: 1, Gender: Female, HP IV: 83(0%), ATK IV: 0(0%), DEF IV: 50(0%), Work Speed: (0%), Skills: Masochist
Teafant, Level: 6, Rank: 1, Gender: Male, HP IV: 71(0%), ATK IV: 19(0%), DEF IV: 0(0%), Work Speed: (0%)
Beau Pup's 3 Pals
-----------------
Caprity, Level: 7, Rank: 1, Gender: Male, HP IV: 51(0%), ATK IV: 25(0%), DEF IV: 0(0%), Work Speed: (0%), Skills: Workaholic
Chikipi, Level: 6, Rank: 1, Gender: Female, HP IV: 83(0%), ATK IV: 0(0%), DEF IV: 50(0%), Work Speed: (0%), Skills: Masochist
Teafant, Level: 6, Rank: 1, Gender: Male, HP IV: 71(0%), ATK IV: 19(0%), DEF IV: 0(0%), Work Speed: (0%)
Beau Pup's 3 Pals
-----------------
Caprity, Level: 7, Rank: 1, Gender: Male, HP IV: 51(0%), ATK IV: 25(0%), DEF IV: 0(0%), Work Speed: (0%), Skills: Workaholic
Chikipi, Level: 6, Rank: 1, Gender: Female, HP IV: 83(0%), ATK IV: 0(0%), DEF IV: 50(0%), Work Speed: (0%), Skills: Masochist
Teafant, Level: 6, Rank: 1, Gender: Male, HP IV: 71(0%), ATK IV: 19(0%), DEF IV: 0(0%), Work Speed: (0%)
Beau Pup's 3 Pals
-----------------
Caprity, Level: 7, Rank: 1, Gender: Male, HP IV: 51(0%), ATK IV: 25(0%), DEF IV: 0(0%), Work Speed: (0%), Skills: Workaholic
Chikipi, Level: 6, Rank: 1, Gender: Female, HP IV: 83(0%), ATK IV: 0(0%), DEF IV: 50(0%), Work Speed: (0%), Skills: Masochist
Teafant, Level: 6, Rank: 1, Gender: Male, HP IV: 71(0%), ATK IV: 19(0%), DEF IV: 0(0%), Work Speed: (0%)
Beau Pup's 3 Pals
-----------------
Caprity, Level: 7, Rank: 1, Gender: Male, HP IV: 51(0%), ATK IV: 25(0%), DEF IV: 0(0%), Work Speed: (0%), Skills: Workaholic
Chikipi, Level: 6, Rank: 1, Gender: Female, HP IV: 83(0%), ATK IV: 0(0%), DEF IV: 50(0%), Work Speed: (0%), Skills: Masochist
Teafant, Level: 6, Rank: 1, Gender: Male, HP IV: 71(0%), ATK IV: 19(0%), DEF IV: 0(0%), Work Speed: (0%)
Beau Pup's 3 Pals
-----------------
Caprity, Level: 7, Rank: 1, Gender: Male, HP IV: 51(0%), ATK IV: 25(0%), DEF IV: 0(0%), Work Speed: (0%), Skills: Workaholic
Chikipi, Level: 6, Rank: 1, Gender: Female, HP IV: 83(0%), ATK IV: 0(0%), DEF IV: 50(0%), Work Speed: (0%), Skills: Masochist
Teafant, Level: 6, Rank: 1, Gender: Male, HP IV: 71(0%), ATK IV: 19(0%), DEF IV: 0(0%), Work Speed: (0%)
Beau Pup's 3 Pals
-----------------
Caprity, Level: 7, Rank: 1, Gender: Male, HP IV: 51(0%), ATK IV: 25(0%), DEF IV: 0(0%), Work Speed: (0%), Skills: Workaholic
Chikipi, Level: 6, Rank: 1, Gender: Female, HP IV: 83(0%), ATK IV: 0(0%), DEF IV: 50(0%), Work Speed: (0%), Skills: Masochist
Teafant, Level: 6, Rank: 1, Gender: Male, HP IV: 71(0%), ATK IV: 19(0%), DEF IV: 0(0%), Work Speed: (0%)
Beau Pup's 3 Pals
-----------------
Caprity, Level: 7, Rank: 1, Gender: Male, HP IV: 51(0%), ATK IV: 25(0%), DEF IV: 0(0%), Work Speed: (0%), Skills: Workaholic
Chikipi, Level: 6, Rank: 1, Gender: Female, HP IV: 83(0%), ATK IV: 0(0%), DEF IV: 50(0%), Work Speed: (0%), Skills: Masochist
Teafant, Level: 6, Rank: 1, Gender: Male, HP IV: 71(0%), ATK IV: 19(0%), DEF IV: 0(0%), Work Speed: (0%)
