Beefydoveety's 4 Pals
---------------------
Chikipi, Level: 3, Rank: 1, Gender: Female, HP IV: 78(0%), ATK IV: 40(0%), DEF IV: 26(0%), Work Speed: (0%), Skills: Brave
Chikipi, Level: 4, Rank: 1, Gender: Female, HP IV: 21(0%), ATK IV: 80(0%), DEF IV: 23(0%), Work Speed: (0%), Skills: Waterproof
Gumoss, Level: 4, Rank: 1, Gender: Female, HP IV: 68(0%), ATK IV: 23(0%), DEF IV: 19(0%), Work Speed: (0%), Skills: Heated Body
Lamball, Level: 4, Rank: 1, Gender: Female, HP IV: 99(0%), ATK IV: 1(0%), DEF IV: 48(0%), Work Speed: (0%), Skills: Waterproof
Beefydoveety's 4 Pals
---------------------
Chikipi, Level: 3, Rank: 1, Gender: Female, HP IV: 78(0%), ATK IV: 40(0%), DEF IV: 26(0%), Work Speed: (0%), Skills: Brave
Chikipi, Level: 4, Rank: 1, Gender: Female, HP IV: 21(0%), ATK IV: 80(0%), DEF IV: 23(0%), Work Speed: (0%), Skills: Waterproof
Gumoss, Level: 4, Rank: 1, Gender: Female, HP IV: 68(0%), ATK IV: 23(0%), DEF IV: 19(0%), Work Speed: (0%), Skills: Heated Body
Lamball, Level: 4, Rank: 1, Gender: Female, HP IV: 99(0%), ATK IV: 1(0%), DEF IV: 48(0%), Work Speed: (0%), Skills: Waterproof
Beefydoveety's 4 Pals
---------------------
Chikipi, Level: 3, Rank: 1, Gender: Female, HP IV: 78(0%), ATK IV: 40(0%), DEF IV: 26(0%), Work Speed: (0%), Skills: Brave
Chikipi, Level: 4, Rank: 1, Gender: Female, HP IV: 21(0%), ATK IV: 80(0%), DEF IV: 23(0%), Work Speed: (0%), Skills: Waterproof
Gumoss, Level: 4, Rank: 1, Gender: Female, HP IV: 68(0%), ATK IV: 23(0%), DEF IV: 19(0%), Work Speed: (0%), Skills: Heated Body
Lamball, Level: 4, Rank: 1, Gender: Female, HP IV: 99(0%), ATK IV: 1(0%), DEF IV: 48(0%), Work Speed: (0%), Skills: Waterproof
Beefydoveety's 4 Pals
---------------------
Chikipi, Level: 3, Rank: 1, Gender: Female, HP IV: 78(0%), ATK IV: 40(0%), DEF IV: 26(0%), Work Speed: (0%), Skills: Brave
Chikipi, Level: 4, Rank: 1, Gender: Female, HP IV: 21(0%), ATK IV: 80(0%), DEF IV: 23(0%), Work Speed: (0%), Skills: Waterproof
Gumoss, Level: 4, Rank: 1, Gender: Female, HP IV: 68(0%), ATK IV: 23(0%), DEF IV: 19(0%), Work Speed: (0%), Skills: Heated Body
Lamball, Level: 4, Rank: 1, Gender: Female, HP IV: 99(0%), ATK IV: 1(0%), DEF IV: 48(0%), Work Speed: (0%), Skills: Waterproof
Beefydoveety's 4 Pals
---------------------
Chikipi, Level: 3, Rank: 1, Gender: Female, HP IV: 78(0%), ATK IV: 40(0%), DEF IV: 26(0%), Work Speed: (0%), Skills: Brave
Chikipi, Level: 4, Rank: 1, Gender: Female, HP IV: 21(0%), ATK IV: 80(0%), DEF IV: 23(0%), Work Speed: (0%), Skills: Waterproof
Gumoss, Level: 4, Rank: 1, Gender: Female, HP IV: 68(0%), ATK IV: 23(0%), DEF IV: 19(0%), Work Speed: (0%), Skills: Heated Body
Lamball, Level: 4, Rank: 1, Gender: Female, HP IV: 99(0%), ATK IV: 1(0%), DEF IV: 48(0%), Work Speed: (0%), Skills: Waterproof
Beefydoveety's 4 Pals
---------------------
Chikipi, Level: 3, Rank: 1, Gender: Female, HP IV: 78(0%), ATK IV: 40(0%), DEF IV: 26(0%), Work Speed: (0%), Skills: Brave
Chikipi, Level: 4, Rank: 1, Gender: Female, HP IV: 21(0%), ATK IV: 80(0%), DEF IV: 23(0%), Work Speed: (0%), Skills: Waterproof
Gumoss, Level: 4, Rank: 1, Gender: Female, HP IV: 68(0%), ATK IV: 23(0%), DEF IV: 19(0%), Work Speed: (0%), Skills: Heated Body
Lamball, Level: 4, Rank: 1, Gender: Female, HP IV: 99(0%), ATK IV: 1(0%), DEF IV: 48(0%), Work Speed: (0%), Skills: Waterproof
Beefydoveety's 4 Pals
---------------------
Chikipi, Level: 3, Rank: 1, Gender: Female, HP IV: 78(0%), ATK IV: 40(0%), DEF IV: 26(0%), Work Speed: (0%), Skills: Brave
Chikipi, Level: 4, Rank: 1, Gender: Female, HP IV: 21(0%), ATK IV: 80(0%), DEF IV: 23(0%), Work Speed: (0%), Skills: Waterproof
Gumoss, Level: 4, Rank: 1, Gender: Female, HP IV: 68(0%), ATK IV: 23(0%), DEF IV: 19(0%), Work Speed: (0%), Skills: Heated Body
Lamball, Level: 4, Rank: 1, Gender: Female, HP IV: 99(0%), ATK IV: 1(0%), DEF IV: 48(0%), Work Speed: (0%), Skills: Waterproof
Beefydoveety's 4 Pals
---------------------
Chikipi, Level: 3, Rank: 1, Gender: Female, HP IV: 78(0%), ATK IV: 40(0%), DEF IV: 26(0%), Work Speed: (0%), Skills: Brave
Chikipi, Level: 4, Rank: 1, Gender: Female, HP IV: 21(0%), ATK IV: 80(0%), DEF IV: 23(0%), Work Speed: (0%), Skills: Waterproof
Gumoss, Level: 4, Rank: 1, Gender: Female, HP IV: 68(0%), ATK IV: 23(0%), DEF IV: 19(0%), Work Speed: (0%), Skills: Heated Body
Lamball, Level: 4, Rank: 1, Gender: Female, HP IV: 99(0%), ATK IV: 1(0%), DEF IV: 48(0%), Work Speed: (0%), Skills: Waterproof
Beefydoveety's 4 Pals
---------------------
Chikipi, Level: 3, Rank: 1, Gender: Female, HP IV: 78(0%), ATK IV: 40(0%), DEF IV: 26(0%), Work Speed: (0%), Skills: Brave
Chikipi, Level: 4, Rank: 1, Gender: Female, HP IV: 21(0%), ATK IV: 80(0%), DEF IV: 23(0%), Work Speed: (0%), Skills: Waterproof
Gumoss, Level: 4, Rank: 1, Gender: Female, HP IV: 68(0%), ATK IV: 23(0%), DEF IV: 19(0%), Work Speed: (0%), Skills: Heated Body
Lamball, Level: 4, Rank: 1, Gender: Female, HP IV: 99(0%), ATK IV: 1(0%), DEF IV: 48(0%), Work Speed: (0%), Skills: Waterproof
Beefydoveety's 4 Pals
---------------------
Chikipi, Level: 3, Rank: 1, Gender: Female, HP IV: 78(0%), ATK IV: 40(0%), DEF IV: 26(0%), Work Speed: (0%), Skills: Brave
Chikipi, Level: 4, Rank: 1, Gender: Female, HP IV: 21(0%), ATK IV: 80(0%), DEF IV: 23(0%), Work Speed: (0%), Skills: Waterproof
Gumoss, Level: 4, Rank: 1, Gender: Female, HP IV: 68(0%), ATK IV: 23(0%), DEF IV: 19(0%), Work Speed: (0%), Skills: Heated Body
Lamball, Level: 4, Rank: 1, Gender: Female, HP IV: 99(0%), ATK IV: 1(0%), DEF IV: 48(0%), Work Speed: (0%), Skills: Waterproof
Beefydoveety's 4 Pals
---------------------
Chikipi, Level: 3, Rank: 1, Gender: Female, HP IV: 78(0%), ATK IV: 40(0%), DEF IV: 26(0%), Work Speed: (0%), Skills: Brave
Chikipi, Level: 4, Rank: 1, Gender: Female, HP IV: 21(0%), ATK IV: 80(0%), DEF IV: 23(0%), Work Speed: (0%), Skills: Waterproof
Gumoss, Level: 4, Rank: 1, Gender: Female, HP IV: 68(0%), ATK IV: 23(0%), DEF IV: 19(0%), Work Speed: (0%), Skills: Heated Body
Lamball, Level: 4, Rank: 1, Gender: Female, HP IV: 99(0%), ATK IV: 1(0%), DEF IV: 48(0%), Work Speed: (0%), Skills: Waterproof
Beefydoveety's 4 Pals
---------------------
Chikipi, Level: 3, Rank: 1, Gender: Female, HP IV: 78(0%), ATK IV: 40(0%), DEF IV: 26(0%), Work Speed: (0%), Skills: Brave
Chikipi, Level: 4, Rank: 1, Gender: Female, HP IV: 21(0%), ATK IV: 80(0%), DEF IV: 23(0%), Work Speed: (0%), Skills: Waterproof
Gumoss, Level: 4, Rank: 1, Gender: Female, HP IV: 68(0%), ATK IV: 23(0%), DEF IV: 19(0%), Work Speed: (0%), Skills: Heated Body
Lamball, Level: 4, Rank: 1, Gender: Female, HP IV: 99(0%), ATK IV: 1(0%), DEF IV: 48(0%), Work Speed: (0%), Skills: Waterproof
Beefydoveety's 4 Pals
---------------------
Chikipi, Level: 3, Rank: 1, Gender: Female, HP IV: 78(0%), ATK IV: 40(0%), DEF IV: 26(0%), Work Speed: (0%), Skills: Brave
Chikipi, Level: 4, Rank: 1, Gender: Female, HP IV: 21(0%), ATK IV: 80(0%), DEF IV: 23(0%), Work Speed: (0%), Skills: Waterproof
Gumoss, Level: 4, Rank: 1, Gender: Female, HP IV: 68(0%), ATK IV: 23(0%), DEF IV: 19(0%), Work Speed: (0%), Skills: Heated Body
Lamball, Level: 4, Rank: 1, Gender: Female, HP IV: 99(0%), ATK IV: 1(0%), DEF IV: 48(0%), Work Speed: (0%), Skills: Waterproof
Beefydoveety's 4 Pals
---------------------
Chikipi, Level: 3, Rank: 1, Gender: Female, HP IV: 78(0%), ATK IV: 40(0%), DEF IV: 26(0%), Work Speed: (0%), Skills: Brave
Chikipi, Level: 4, Rank: 1, Gender: Female, HP IV: 21(0%), ATK IV: 80(0%), DEF IV: 23(0%), Work Speed: (0%), Skills: Waterproof
Gumoss, Level: 4, Rank: 1, Gender: Female, HP IV: 68(0%), ATK IV: 23(0%), DEF IV: 19(0%), Work Speed: (0%), Skills: Heated Body
Lamball, Level: 4, Rank: 1, Gender: Female, HP IV: 99(0%), ATK IV: 1(0%), DEF IV: 48(0%), Work Speed: (0%), Skills: Waterproof
