Berto's 36 Pals
---------------
Cattiva, Level: 10, Rank: 1, Gender: Male, HP IV: 41(0%), ATK IV: 44(0%), DEF IV: 13(0%), Work Speed: (0%), Skills: Coward, Fit as a Fiddle
Cattiva, Level: 10, Rank: 1, Gender: Male, HP IV: 48(0%), ATK IV: 87(0%), DEF IV: 47(0%), Work Speed: (0%), Skills: Coward, Impatient, Nimble
Cattiva, Level: 3, Rank: 1, Gender: Male, HP IV: 57(0%), ATK IV: 74(0%), DEF IV: 32(0%), Work Speed: (0%), Skills: Coward, Clumsy, Nocturnal, Ferocious
Chikipi, Level: 4, Rank: 1, Gender: Female, HP IV: 28(0%), ATK IV: 79(0%), DEF IV: 82(0%), Work Speed: (0%), Skills: Masochist
Chikipi, Level: 4, Rank: 1, Gender: Male, HP IV: 30(0%), ATK IV: 28(0%), DEF IV: 56(0%), Work Speed: (0%), Skills: Impatient, Cheery
Chikipi, Level: 4, Rank: 1, Gender: Male, HP IV: 9(0%), ATK IV: 70(0%), DEF IV: 38(0%), Work Speed: (0%), Skills: Pacifist
Chikipi, Level: 6, Rank: 1, Gender: Female, HP IV: 54(0%), ATK IV: 99(0%), DEF IV: 27(0%), Work Speed: (0%), Skills: Diet Lover
Chikipi, Level: 7, Rank: 1, Gender: Male, HP IV: 83(0%), ATK IV: 26(0%), DEF IV: 51(0%), Work Speed: (0%), Skills: Bottomless Stomach
Cremis, Level: 4, Rank: 1, Gender: Male, HP IV: 50(0%), ATK IV: 19(0%), DEF IV: 88(0%), Work Speed: (0%), Skills: Motivational Leader
Cremis, Level: 5, Rank: 1, Gender: Male, HP IV: 31(0%), ATK IV: 40(0%), DEF IV: 10(0%), Work Speed: (0%), Skills: Impatient
Cremis, Level: 5, Rank: 1, Gender: Male, HP IV: 50(0%), ATK IV: 98(0%), DEF IV: 72(0%), Work Speed: (0%), Skills: Coward
Cremis, Level: 5, Rank: 1, Gender: Male, HP IV: 6(0%), ATK IV: 79(0%), DEF IV: 22(0%), Work Speed: (0%), Skills: Nocturnal
Cremis, Level: 7, Rank: 1, Gender: Male, HP IV: 44(0%), ATK IV: 61(0%), DEF IV: 48(0%), Work Speed: (0%), Skills: Slacker
Depresso, Level: 10, Rank: 1, Gender: Female, HP IV: 87(0%), ATK IV: 71(0%), DEF IV: 55(0%), Work Speed: (0%)
Direhowl, Level: 7, Rank: 1, Gender: Male, HP IV: 74(0%), ATK IV: 10(0%), DEF IV: 20(0%), Work Speed: (0%), Skills: Downtrodden
Direhowl, Level: 8, Rank: 1, Gender: Female, HP IV: 58(0%), ATK IV: 89(0%), DEF IV: 80(0%), Work Speed: (0%), Skills: Ferocious
Eikthyrdeer, Level: 11, Rank: 1, Gender: Male, HP IV: 4(0%), ATK IV: 7(0%), DEF IV: 56(0%), Work Speed: (0%), Skills: Hooligan
Eikthyrdeer, Level: 12, Rank: 1, Gender: Male, HP IV: 92(0%), ATK IV: 51(0%), DEF IV: 64(0%), Work Speed: (0%), Skills: Positive Thinker
Eikthyrdeer, Level: 8, Rank: 1, Gender: Male, HP IV: 9(0%), ATK IV: 21(0%), DEF IV: 96(0%), Work Speed: (0%), Skills: Masochist, Mine Foreman
Fuack, Level: 10, Rank: 1, Gender: Male, HP IV: 33(0%), ATK IV: 76(0%), DEF IV: 59(0%), Work Speed: (0%), Skills: Destructive
Gumoss, Level: 10, Rank: 1, Gender: Female, HP IV: 17(0%), ATK IV: 50(0%), DEF IV: 0(0%), Work Speed: (0%), Skills: Capacitor
Gumoss, Level: 11, Rank: 1, Gender: Male, HP IV: 38(0%), ATK IV: 63(0%), DEF IV: 42(0%), Work Speed: (0%), Skills: Impatient
Gumoss, Level: 4, Rank: 1, Gender: Male, HP IV: 45(0%), ATK IV: 72(0%), DEF IV: 58(0%), Work Speed: (0%), Skills: Brittle
Gumoss, Level: 5, Rank: 1, Gender: Female, HP IV: 41(0%), ATK IV: 9(0%), DEF IV: 72(0%), Work Speed: (0%), Skills: Diet Lover
Hoocrates, Level: 10, Rank: 1, Gender: Male, HP IV: 26(0%), ATK IV: 62(0%), DEF IV: 17(0%), Work Speed: (0%), Skills: Shabby
Lamball, Level: 2, Rank: 1, Gender: Female, HP IV: 92(0%), ATK IV: 0(0%), DEF IV: 99(0%), Work Speed: (0%), Skills: Hooligan
Lamball, Level: 4, Rank: 1, Gender: Male, HP IV: 52(0%), ATK IV: 26(0%), DEF IV: 27(0%), Work Speed: (0%)
Lamball, Level: 6, Rank: 1, Gender: Male, HP IV: 12(0%), ATK IV: 2(0%), DEF IV: 28(0%), Work Speed: (0%), Skills: Philantropist
Lifmunk, Level: 11, Rank: 1, Gender: Male, HP IV: 30(0%), ATK IV: 56(0%), DEF IV: 89(0%), Work Speed: (0%), Skills: Insulated Body
Lifmunk, Level: 12, Rank: 1, Gender: Male, HP IV: 82(0%), ATK IV: 85(0%), DEF IV: 36(0%), Work Speed: (0%), Skills: Pacifist
Melpaca, Level: 8, Rank: 1, Gender: Male, HP IV: 23(0%), ATK IV: 2(0%), DEF IV: 24(0%), Work Speed: (0%), Skills: Mercy hit
Nox, Level: 9, Rank: 1, Gender: Male, HP IV: 13(0%), ATK IV: 34(0%), DEF IV: 34(0%), Work Speed: (0%), Skills: Ferocious
Rooby, Level: 10, Rank: 1, Gender: Female, HP IV: 27(0%), ATK IV: 27(0%), DEF IV: 36(0%), Work Speed: (0%), Skills: Cheery
Rooby, Level: 11, Rank: 1, Gender: Male, HP IV: 25(0%), ATK IV: 18(0%), DEF IV: 52(0%), Work Speed: (0%), Skills: Destructive
Rushoar, Level: 11, Rank: 1, Gender: Male, HP IV: 78(0%), ATK IV: 69(0%), DEF IV: 64(0%), Work Speed: (0%), Skills: Destructive
Syndicate Thug (Bat), Level: 7, Rank: 1, Gender: Unknown, HP IV: 69(0%), ATK IV: 10(0%), DEF IV: 70(0%), Work Speed: (0%), Skills: Blood of the Dragon, Capacitor
Berto's 36 Pals
---------------
Cattiva, Level: 10, Rank: 1, Gender: Male, HP IV: 41(0%), ATK IV: 44(0%), DEF IV: 13(0%), Work Speed: (0%), Skills: Coward, Fit as a Fiddle
Cattiva, Level: 10, Rank: 1, Gender: Male, HP IV: 48(0%), ATK IV: 87(0%), DEF IV: 47(0%), Work Speed: (0%), Skills: Coward, Impatient, Nimble
Cattiva, Level: 3, Rank: 1, Gender: Male, HP IV: 57(0%), ATK IV: 74(0%), DEF IV: 32(0%), Work Speed: (0%), Skills: Coward, Clumsy, Nocturnal, Ferocious
Chikipi, Level: 4, Rank: 1, Gender: Female, HP IV: 28(0%), ATK IV: 79(0%), DEF IV: 82(0%), Work Speed: (0%), Skills: Masochist
Chikipi, Level: 4, Rank: 1, Gender: Male, HP IV: 30(0%), ATK IV: 28(0%), DEF IV: 56(0%), Work Speed: (0%), Skills: Impatient, Cheery
Chikipi, Level: 4, Rank: 1, Gender: Male, HP IV: 9(0%), ATK IV: 70(0%), DEF IV: 38(0%), Work Speed: (0%), Skills: Pacifist
Chikipi, Level: 6, Rank: 1, Gender: Female, HP IV: 54(0%), ATK IV: 99(0%), DEF IV: 27(0%), Work Speed: (0%), Skills: Diet Lover
Chikipi, Level: 7, Rank: 1, Gender: Male, HP IV: 83(0%), ATK IV: 26(0%), DEF IV: 51(0%), Work Speed: (0%), Skills: Bottomless Stomach
Cremis, Level: 4, Rank: 1, Gender: Male, HP IV: 50(0%), ATK IV: 19(0%), DEF IV: 88(0%), Work Speed: (0%), Skills: Motivational Leader
Cremis, Level: 5, Rank: 1, Gender: Male, HP IV: 31(0%), ATK IV: 40(0%), DEF IV: 10(0%), Work Speed: (0%), Skills: Impatient
Cremis, Level: 5, Rank: 1, Gender: Male, HP IV: 50(0%), ATK IV: 98(0%), DEF IV: 72(0%), Work Speed: (0%), Skills: Coward
Cremis, Level: 5, Rank: 1, Gender: Male, HP IV: 6(0%), ATK IV: 79(0%), DEF IV: 22(0%), Work Speed: (0%), Skills: Nocturnal
Cremis, Level: 7, Rank: 1, Gender: Male, HP IV: 44(0%), ATK IV: 61(0%), DEF IV: 48(0%), Work Speed: (0%), Skills: Slacker
Depresso, Level: 10, Rank: 1, Gender: Female, HP IV: 87(0%), ATK IV: 71(0%), DEF IV: 55(0%), Work Speed: (0%)
Direhowl, Level: 7, Rank: 1, Gender: Male, HP IV: 74(0%), ATK IV: 10(0%), DEF IV: 20(0%), Work Speed: (0%), Skills: Downtrodden
Direhowl, Level: 8, Rank: 1, Gender: Female, HP IV: 58(0%), ATK IV: 89(0%), DEF IV: 80(0%), Work Speed: (0%), Skills: Ferocious
Eikthyrdeer, Level: 11, Rank: 1, Gender: Male, HP IV: 4(0%), ATK IV: 7(0%), DEF IV: 56(0%), Work Speed: (0%), Skills: Hooligan
Eikthyrdeer, Level: 12, Rank: 1, Gender: Male, HP IV: 92(0%), ATK IV: 51(0%), DEF IV: 64(0%), Work Speed: (0%), Skills: Positive Thinker
Eikthyrdeer, Level: 8, Rank: 1, Gender: Male, HP IV: 9(0%), ATK IV: 21(0%), DEF IV: 96(0%), Work Speed: (0%), Skills: Masochist, Mine Foreman
Fuack, Level: 10, Rank: 1, Gender: Male, HP IV: 33(0%), ATK IV: 76(0%), DEF IV: 59(0%), Work Speed: (0%), Skills: Destructive
Gumoss, Level: 10, Rank: 1, Gender: Female, HP IV: 17(0%), ATK IV: 50(0%), DEF IV: 0(0%), Work Speed: (0%), Skills: Capacitor
Gumoss, Level: 11, Rank: 1, Gender: Male, HP IV: 38(0%), ATK IV: 63(0%), DEF IV: 42(0%), Work Speed: (0%), Skills: Impatient
Gumoss, Level: 4, Rank: 1, Gender: Male, HP IV: 45(0%), ATK IV: 72(0%), DEF IV: 58(0%), Work Speed: (0%), Skills: Brittle
Gumoss, Level: 5, Rank: 1, Gender: Female, HP IV: 41(0%), ATK IV: 9(0%), DEF IV: 72(0%), Work Speed: (0%), Skills: Diet Lover
Hoocrates, Level: 10, Rank: 1, Gender: Male, HP IV: 26(0%), ATK IV: 62(0%), DEF IV: 17(0%), Work Speed: (0%), Skills: Shabby
Lamball, Level: 2, Rank: 1, Gender: Female, HP IV: 92(0%), ATK IV: 0(0%), DEF IV: 99(0%), Work Speed: (0%), Skills: Hooligan
Lamball, Level: 4, Rank: 1, Gender: Male, HP IV: 52(0%), ATK IV: 26(0%), DEF IV: 27(0%), Work Speed: (0%)
Lamball, Level: 6, Rank: 1, Gender: Male, HP IV: 12(0%), ATK IV: 2(0%), DEF IV: 28(0%), Work Speed: (0%), Skills: Philantropist
Lifmunk, Level: 11, Rank: 1, Gender: Male, HP IV: 30(0%), ATK IV: 56(0%), DEF IV: 89(0%), Work Speed: (0%), Skills: Insulated Body
Lifmunk, Level: 12, Rank: 1, Gender: Male, HP IV: 82(0%), ATK IV: 85(0%), DEF IV: 36(0%), Work Speed: (0%), Skills: Pacifist
Melpaca, Level: 8, Rank: 1, Gender: Male, HP IV: 23(0%), ATK IV: 2(0%), DEF IV: 24(0%), Work Speed: (0%), Skills: Mercy hit
Nox, Level: 9, Rank: 1, Gender: Male, HP IV: 13(0%), ATK IV: 34(0%), DEF IV: 34(0%), Work Speed: (0%), Skills: Ferocious
Rooby, Level: 10, Rank: 1, Gender: Female, HP IV: 27(0%), ATK IV: 27(0%), DEF IV: 36(0%), Work Speed: (0%), Skills: Cheery
Rooby, Level: 11, Rank: 1, Gender: Male, HP IV: 25(0%), ATK IV: 18(0%), DEF IV: 52(0%), Work Speed: (0%), Skills: Destructive
Rushoar, Level: 11, Rank: 1, Gender: Male, HP IV: 78(0%), ATK IV: 69(0%), DEF IV: 64(0%), Work Speed: (0%), Skills: Destructive
Syndicate Thug (Bat), Level: 7, Rank: 1, Gender: Unknown, HP IV: 69(0%), ATK IV: 10(0%), DEF IV: 70(0%), Work Speed: (0%), Skills: Blood of the Dragon, Capacitor
Berto's 36 Pals
---------------
Cattiva, Level: 10, Rank: 1, Gender: Male, HP IV: 41(0%), ATK IV: 44(0%), DEF IV: 13(0%), Work Speed: (0%), Skills: Coward, Fit as a Fiddle
Cattiva, Level: 10, Rank: 1, Gender: Male, HP IV: 48(0%), ATK IV: 87(0%), DEF IV: 47(0%), Work Speed: (0%), Skills: Coward, Impatient, Nimble
Cattiva, Level: 3, Rank: 1, Gender: Male, HP IV: 57(0%), ATK IV: 74(0%), DEF IV: 32(0%), Work Speed: (0%), Skills: Coward, Clumsy, Nocturnal, Ferocious
Chikipi, Level: 4, Rank: 1, Gender: Female, HP IV: 28(0%), ATK IV: 79(0%), DEF IV: 82(0%), Work Speed: (0%), Skills: Masochist
Chikipi, Level: 4, Rank: 1, Gender: Male, HP IV: 30(0%), ATK IV: 28(0%), DEF IV: 56(0%), Work Speed: (0%), Skills: Impatient, Cheery
Chikipi, Level: 4, Rank: 1, Gender: Male, HP IV: 9(0%), ATK IV: 70(0%), DEF IV: 38(0%), Work Speed: (0%), Skills: Pacifist
Chikipi, Level: 6, Rank: 1, Gender: Female, HP IV: 54(0%), ATK IV: 99(0%), DEF IV: 27(0%), Work Speed: (0%), Skills: Diet Lover
Chikipi, Level: 7, Rank: 1, Gender: Male, HP IV: 83(0%), ATK IV: 26(0%), DEF IV: 51(0%), Work Speed: (0%), Skills: Bottomless Stomach
Cremis, Level: 4, Rank: 1, Gender: Male, HP IV: 50(0%), ATK IV: 19(0%), DEF IV: 88(0%), Work Speed: (0%), Skills: Motivational Leader
Cremis, Level: 5, Rank: 1, Gender: Male, HP IV: 31(0%), ATK IV: 40(0%), DEF IV: 10(0%), Work Speed: (0%), Skills: Impatient
Cremis, Level: 5, Rank: 1, Gender: Male, HP IV: 50(0%), ATK IV: 98(0%), DEF IV: 72(0%), Work Speed: (0%), Skills: Coward
Cremis, Level: 5, Rank: 1, Gender: Male, HP IV: 6(0%), ATK IV: 79(0%), DEF IV: 22(0%), Work Speed: (0%), Skills: Nocturnal
Cremis, Level: 7, Rank: 1, Gender: Male, HP IV: 44(0%), ATK IV: 61(0%), DEF IV: 48(0%), Work Speed: (0%), Skills: Slacker
Depresso, Level: 10, Rank: 1, Gender: Female, HP IV: 87(0%), ATK IV: 71(0%), DEF IV: 55(0%), Work Speed: (0%)
Direhowl, Level: 7, Rank: 1, Gender: Male, HP IV: 74(0%), ATK IV: 10(0%), DEF IV: 20(0%), Work Speed: (0%), Skills: Downtrodden
Direhowl, Level: 8, Rank: 1, Gender: Female, HP IV: 58(0%), ATK IV: 89(0%), DEF IV: 80(0%), Work Speed: (0%), Skills: Ferocious
Eikthyrdeer, Level: 11, Rank: 1, Gender: Male, HP IV: 4(0%), ATK IV: 7(0%), DEF IV: 56(0%), Work Speed: (0%), Skills: Hooligan
Eikthyrdeer, Level: 12, Rank: 1, Gender: Male, HP IV: 92(0%), ATK IV: 51(0%), DEF IV: 64(0%), Work Speed: (0%), Skills: Positive Thinker
Eikthyrdeer, Level: 8, Rank: 1, Gender: Male, HP IV: 9(0%), ATK IV: 21(0%), DEF IV: 96(0%), Work Speed: (0%), Skills: Masochist, Mine Foreman
Fuack, Level: 10, Rank: 1, Gender: Male, HP IV: 33(0%), ATK IV: 76(0%), DEF IV: 59(0%), Work Speed: (0%), Skills: Destructive
Gumoss, Level: 10, Rank: 1, Gender: Female, HP IV: 17(0%), ATK IV: 50(0%), DEF IV: 0(0%), Work Speed: (0%), Skills: Capacitor
Gumoss, Level: 11, Rank: 1, Gender: Male, HP IV: 38(0%), ATK IV: 63(0%), DEF IV: 42(0%), Work Speed: (0%), Skills: Impatient
Gumoss, Level: 4, Rank: 1, Gender: Male, HP IV: 45(0%), ATK IV: 72(0%), DEF IV: 58(0%), Work Speed: (0%), Skills: Brittle
Gumoss, Level: 5, Rank: 1, Gender: Female, HP IV: 41(0%), ATK IV: 9(0%), DEF IV: 72(0%), Work Speed: (0%), Skills: Diet Lover
Hoocrates, Level: 10, Rank: 1, Gender: Male, HP IV: 26(0%), ATK IV: 62(0%), DEF IV: 17(0%), Work Speed: (0%), Skills: Shabby
Lamball, Level: 2, Rank: 1, Gender: Female, HP IV: 92(0%), ATK IV: 0(0%), DEF IV: 99(0%), Work Speed: (0%), Skills: Hooligan
Lamball, Level: 4, Rank: 1, Gender: Male, HP IV: 52(0%), ATK IV: 26(0%), DEF IV: 27(0%), Work Speed: (0%)
Lamball, Level: 6, Rank: 1, Gender: Male, HP IV: 12(0%), ATK IV: 2(0%), DEF IV: 28(0%), Work Speed: (0%), Skills: Philantropist
Lifmunk, Level: 11, Rank: 1, Gender: Male, HP IV: 30(0%), ATK IV: 56(0%), DEF IV: 89(0%), Work Speed: (0%), Skills: Insulated Body
Lifmunk, Level: 12, Rank: 1, Gender: Male, HP IV: 82(0%), ATK IV: 85(0%), DEF IV: 36(0%), Work Speed: (0%), Skills: Pacifist
Melpaca, Level: 8, Rank: 1, Gender: Male, HP IV: 23(0%), ATK IV: 2(0%), DEF IV: 24(0%), Work Speed: (0%), Skills: Mercy hit
Nox, Level: 9, Rank: 1, Gender: Male, HP IV: 13(0%), ATK IV: 34(0%), DEF IV: 34(0%), Work Speed: (0%), Skills: Ferocious
Rooby, Level: 10, Rank: 1, Gender: Female, HP IV: 27(0%), ATK IV: 27(0%), DEF IV: 36(0%), Work Speed: (0%), Skills: Cheery
Rooby, Level: 11, Rank: 1, Gender: Male, HP IV: 25(0%), ATK IV: 18(0%), DEF IV: 52(0%), Work Speed: (0%), Skills: Destructive
Rushoar, Level: 11, Rank: 1, Gender: Male, HP IV: 78(0%), ATK IV: 69(0%), DEF IV: 64(0%), Work Speed: (0%), Skills: Destructive
Syndicate Thug (Bat), Level: 7, Rank: 1, Gender: Unknown, HP IV: 69(0%), ATK IV: 10(0%), DEF IV: 70(0%), Work Speed: (0%), Skills: Blood of the Dragon, Capacitor
Berto's 36 Pals
---------------
Cattiva, Level: 10, Rank: 1, Gender: Male, HP IV: 41(0%), ATK IV: 44(0%), DEF IV: 13(0%), Work Speed: (0%), Skills: Coward, Fit as a Fiddle
Cattiva, Level: 10, Rank: 1, Gender: Male, HP IV: 48(0%), ATK IV: 87(0%), DEF IV: 47(0%), Work Speed: (0%), Skills: Coward, Impatient, Nimble
Cattiva, Level: 3, Rank: 1, Gender: Male, HP IV: 57(0%), ATK IV: 74(0%), DEF IV: 32(0%), Work Speed: (0%), Skills: Coward, Clumsy, Nocturnal, Ferocious
Chikipi, Level: 4, Rank: 1, Gender: Female, HP IV: 28(0%), ATK IV: 79(0%), DEF IV: 82(0%), Work Speed: (0%), Skills: Masochist
Chikipi, Level: 4, Rank: 1, Gender: Male, HP IV: 30(0%), ATK IV: 28(0%), DEF IV: 56(0%), Work Speed: (0%), Skills: Impatient, Cheery
Chikipi, Level: 4, Rank: 1, Gender: Male, HP IV: 9(0%), ATK IV: 70(0%), DEF IV: 38(0%), Work Speed: (0%), Skills: Pacifist
Chikipi, Level: 6, Rank: 1, Gender: Female, HP IV: 54(0%), ATK IV: 99(0%), DEF IV: 27(0%), Work Speed: (0%), Skills: Diet Lover
Chikipi, Level: 7, Rank: 1, Gender: Male, HP IV: 83(0%), ATK IV: 26(0%), DEF IV: 51(0%), Work Speed: (0%), Skills: Bottomless Stomach
Cremis, Level: 4, Rank: 1, Gender: Male, HP IV: 50(0%), ATK IV: 19(0%), DEF IV: 88(0%), Work Speed: (0%), Skills: Motivational Leader
Cremis, Level: 5, Rank: 1, Gender: Male, HP IV: 31(0%), ATK IV: 40(0%), DEF IV: 10(0%), Work Speed: (0%), Skills: Impatient
Cremis, Level: 5, Rank: 1, Gender: Male, HP IV: 50(0%), ATK IV: 98(0%), DEF IV: 72(0%), Work Speed: (0%), Skills: Coward
Cremis, Level: 5, Rank: 1, Gender: Male, HP IV: 6(0%), ATK IV: 79(0%), DEF IV: 22(0%), Work Speed: (0%), Skills: Nocturnal
Cremis, Level: 7, Rank: 1, Gender: Male, HP IV: 44(0%), ATK IV: 61(0%), DEF IV: 48(0%), Work Speed: (0%), Skills: Slacker
Depresso, Level: 10, Rank: 1, Gender: Female, HP IV: 87(0%), ATK IV: 71(0%), DEF IV: 55(0%), Work Speed: (0%)
Direhowl, Level: 7, Rank: 1, Gender: Male, HP IV: 74(0%), ATK IV: 10(0%), DEF IV: 20(0%), Work Speed: (0%), Skills: Downtrodden
Direhowl, Level: 8, Rank: 1, Gender: Female, HP IV: 58(0%), ATK IV: 89(0%), DEF IV: 80(0%), Work Speed: (0%), Skills: Ferocious
Eikthyrdeer, Level: 11, Rank: 1, Gender: Male, HP IV: 4(0%), ATK IV: 7(0%), DEF IV: 56(0%), Work Speed: (0%), Skills: Hooligan
Eikthyrdeer, Level: 12, Rank: 1, Gender: Male, HP IV: 92(0%), ATK IV: 51(0%), DEF IV: 64(0%), Work Speed: (0%), Skills: Positive Thinker
Eikthyrdeer, Level: 8, Rank: 1, Gender: Male, HP IV: 9(0%), ATK IV: 21(0%), DEF IV: 96(0%), Work Speed: (0%), Skills: Masochist, Mine Foreman
Fuack, Level: 10, Rank: 1, Gender: Male, HP IV: 33(0%), ATK IV: 76(0%), DEF IV: 59(0%), Work Speed: (0%), Skills: Destructive
Gumoss, Level: 10, Rank: 1, Gender: Female, HP IV: 17(0%), ATK IV: 50(0%), DEF IV: 0(0%), Work Speed: (0%), Skills: Capacitor
Gumoss, Level: 11, Rank: 1, Gender: Male, HP IV: 38(0%), ATK IV: 63(0%), DEF IV: 42(0%), Work Speed: (0%), Skills: Impatient
Gumoss, Level: 4, Rank: 1, Gender: Male, HP IV: 45(0%), ATK IV: 72(0%), DEF IV: 58(0%), Work Speed: (0%), Skills: Brittle
Gumoss, Level: 5, Rank: 1, Gender: Female, HP IV: 41(0%), ATK IV: 9(0%), DEF IV: 72(0%), Work Speed: (0%), Skills: Diet Lover
Hoocrates, Level: 10, Rank: 1, Gender: Male, HP IV: 26(0%), ATK IV: 62(0%), DEF IV: 17(0%), Work Speed: (0%), Skills: Shabby
Lamball, Level: 2, Rank: 1, Gender: Female, HP IV: 92(0%), ATK IV: 0(0%), DEF IV: 99(0%), Work Speed: (0%), Skills: Hooligan
Lamball, Level: 4, Rank: 1, Gender: Male, HP IV: 52(0%), ATK IV: 26(0%), DEF IV: 27(0%), Work Speed: (0%)
Lamball, Level: 6, Rank: 1, Gender: Male, HP IV: 12(0%), ATK IV: 2(0%), DEF IV: 28(0%), Work Speed: (0%), Skills: Philantropist
Lifmunk, Level: 11, Rank: 1, Gender: Male, HP IV: 30(0%), ATK IV: 56(0%), DEF IV: 89(0%), Work Speed: (0%), Skills: Insulated Body
Lifmunk, Level: 12, Rank: 1, Gender: Male, HP IV: 82(0%), ATK IV: 85(0%), DEF IV: 36(0%), Work Speed: (0%), Skills: Pacifist
Melpaca, Level: 8, Rank: 1, Gender: Male, HP IV: 23(0%), ATK IV: 2(0%), DEF IV: 24(0%), Work Speed: (0%), Skills: Mercy hit
Nox, Level: 9, Rank: 1, Gender: Male, HP IV: 13(0%), ATK IV: 34(0%), DEF IV: 34(0%), Work Speed: (0%), Skills: Ferocious
Rooby, Level: 10, Rank: 1, Gender: Female, HP IV: 27(0%), ATK IV: 27(0%), DEF IV: 36(0%), Work Speed: (0%), Skills: Cheery
Rooby, Level: 11, Rank: 1, Gender: Male, HP IV: 25(0%), ATK IV: 18(0%), DEF IV: 52(0%), Work Speed: (0%), Skills: Destructive
Rushoar, Level: 11, Rank: 1, Gender: Male, HP IV: 78(0%), ATK IV: 69(0%), DEF IV: 64(0%), Work Speed: (0%), Skills: Destructive
Syndicate Thug (Bat), Level: 7, Rank: 1, Gender: Unknown, HP IV: 69(0%), ATK IV: 10(0%), DEF IV: 70(0%), Work Speed: (0%), Skills: Blood of the Dragon, Capacitor
Berto's 36 Pals
---------------
Cattiva, Level: 10, Rank: 1, Gender: Male, HP IV: 41(0%), ATK IV: 44(0%), DEF IV: 13(0%), Work Speed: (0%), Skills: Coward, Fit as a Fiddle
Cattiva, Level: 10, Rank: 1, Gender: Male, HP IV: 48(0%), ATK IV: 87(0%), DEF IV: 47(0%), Work Speed: (0%), Skills: Coward, Impatient, Nimble
Cattiva, Level: 3, Rank: 1, Gender: Male, HP IV: 57(0%), ATK IV: 74(0%), DEF IV: 32(0%), Work Speed: (0%), Skills: Coward, Clumsy, Nocturnal, Ferocious
Chikipi, Level: 4, Rank: 1, Gender: Female, HP IV: 28(0%), ATK IV: 79(0%), DEF IV: 82(0%), Work Speed: (0%), Skills: Masochist
Chikipi, Level: 4, Rank: 1, Gender: Male, HP IV: 30(0%), ATK IV: 28(0%), DEF IV: 56(0%), Work Speed: (0%), Skills: Impatient, Cheery
Chikipi, Level: 4, Rank: 1, Gender: Male, HP IV: 9(0%), ATK IV: 70(0%), DEF IV: 38(0%), Work Speed: (0%), Skills: Pacifist
Chikipi, Level: 6, Rank: 1, Gender: Female, HP IV: 54(0%), ATK IV: 99(0%), DEF IV: 27(0%), Work Speed: (0%), Skills: Diet Lover
Chikipi, Level: 7, Rank: 1, Gender: Male, HP IV: 83(0%), ATK IV: 26(0%), DEF IV: 51(0%), Work Speed: (0%), Skills: Bottomless Stomach
Cremis, Level: 4, Rank: 1, Gender: Male, HP IV: 50(0%), ATK IV: 19(0%), DEF IV: 88(0%), Work Speed: (0%), Skills: Motivational Leader
Cremis, Level: 5, Rank: 1, Gender: Male, HP IV: 31(0%), ATK IV: 40(0%), DEF IV: 10(0%), Work Speed: (0%), Skills: Impatient
Cremis, Level: 5, Rank: 1, Gender: Male, HP IV: 50(0%), ATK IV: 98(0%), DEF IV: 72(0%), Work Speed: (0%), Skills: Coward
Cremis, Level: 5, Rank: 1, Gender: Male, HP IV: 6(0%), ATK IV: 79(0%), DEF IV: 22(0%), Work Speed: (0%), Skills: Nocturnal
Cremis, Level: 7, Rank: 1, Gender: Male, HP IV: 44(0%), ATK IV: 61(0%), DEF IV: 48(0%), Work Speed: (0%), Skills: Slacker
Depresso, Level: 10, Rank: 1, Gender: Female, HP IV: 87(0%), ATK IV: 71(0%), DEF IV: 55(0%), Work Speed: (0%)
Direhowl, Level: 7, Rank: 1, Gender: Male, HP IV: 74(0%), ATK IV: 10(0%), DEF IV: 20(0%), Work Speed: (0%), Skills: Downtrodden
Direhowl, Level: 8, Rank: 1, Gender: Female, HP IV: 58(0%), ATK IV: 89(0%), DEF IV: 80(0%), Work Speed: (0%), Skills: Ferocious
Eikthyrdeer, Level: 11, Rank: 1, Gender: Male, HP IV: 4(0%), ATK IV: 7(0%), DEF IV: 56(0%), Work Speed: (0%), Skills: Hooligan
Eikthyrdeer, Level: 12, Rank: 1, Gender: Male, HP IV: 92(0%), ATK IV: 51(0%), DEF IV: 64(0%), Work Speed: (0%), Skills: Positive Thinker
Eikthyrdeer, Level: 8, Rank: 1, Gender: Male, HP IV: 9(0%), ATK IV: 21(0%), DEF IV: 96(0%), Work Speed: (0%), Skills: Masochist, Mine Foreman
Fuack, Level: 10, Rank: 1, Gender: Male, HP IV: 33(0%), ATK IV: 76(0%), DEF IV: 59(0%), Work Speed: (0%), Skills: Destructive
Gumoss, Level: 10, Rank: 1, Gender: Female, HP IV: 17(0%), ATK IV: 50(0%), DEF IV: 0(0%), Work Speed: (0%), Skills: Capacitor
Gumoss, Level: 11, Rank: 1, Gender: Male, HP IV: 38(0%), ATK IV: 63(0%), DEF IV: 42(0%), Work Speed: (0%), Skills: Impatient
Gumoss, Level: 4, Rank: 1, Gender: Male, HP IV: 45(0%), ATK IV: 72(0%), DEF IV: 58(0%), Work Speed: (0%), Skills: Brittle
Gumoss, Level: 5, Rank: 1, Gender: Female, HP IV: 41(0%), ATK IV: 9(0%), DEF IV: 72(0%), Work Speed: (0%), Skills: Diet Lover
Hoocrates, Level: 10, Rank: 1, Gender: Male, HP IV: 26(0%), ATK IV: 62(0%), DEF IV: 17(0%), Work Speed: (0%), Skills: Shabby
Lamball, Level: 2, Rank: 1, Gender: Female, HP IV: 92(0%), ATK IV: 0(0%), DEF IV: 99(0%), Work Speed: (0%), Skills: Hooligan
Lamball, Level: 4, Rank: 1, Gender: Male, HP IV: 52(0%), ATK IV: 26(0%), DEF IV: 27(0%), Work Speed: (0%)
Lamball, Level: 6, Rank: 1, Gender: Male, HP IV: 12(0%), ATK IV: 2(0%), DEF IV: 28(0%), Work Speed: (0%), Skills: Philantropist
Lifmunk, Level: 11, Rank: 1, Gender: Male, HP IV: 30(0%), ATK IV: 56(0%), DEF IV: 89(0%), Work Speed: (0%), Skills: Insulated Body
Lifmunk, Level: 12, Rank: 1, Gender: Male, HP IV: 82(0%), ATK IV: 85(0%), DEF IV: 36(0%), Work Speed: (0%), Skills: Pacifist
Melpaca, Level: 8, Rank: 1, Gender: Male, HP IV: 23(0%), ATK IV: 2(0%), DEF IV: 24(0%), Work Speed: (0%), Skills: Mercy hit
Nox, Level: 9, Rank: 1, Gender: Male, HP IV: 13(0%), ATK IV: 34(0%), DEF IV: 34(0%), Work Speed: (0%), Skills: Ferocious
Rooby, Level: 10, Rank: 1, Gender: Female, HP IV: 27(0%), ATK IV: 27(0%), DEF IV: 36(0%), Work Speed: (0%), Skills: Cheery
Rooby, Level: 11, Rank: 1, Gender: Male, HP IV: 25(0%), ATK IV: 18(0%), DEF IV: 52(0%), Work Speed: (0%), Skills: Destructive
Rushoar, Level: 11, Rank: 1, Gender: Male, HP IV: 78(0%), ATK IV: 69(0%), DEF IV: 64(0%), Work Speed: (0%), Skills: Destructive
Syndicate Thug (Bat), Level: 7, Rank: 1, Gender: Unknown, HP IV: 69(0%), ATK IV: 10(0%), DEF IV: 70(0%), Work Speed: (0%), Skills: Blood of the Dragon, Capacitor
Berto's 36 Pals
---------------
Cattiva, Level: 10, Rank: 1, Gender: Male, HP IV: 41(0%), ATK IV: 44(0%), DEF IV: 13(0%), Work Speed: (0%), Skills: Coward, Fit as a Fiddle
Cattiva, Level: 10, Rank: 1, Gender: Male, HP IV: 48(0%), ATK IV: 87(0%), DEF IV: 47(0%), Work Speed: (0%), Skills: Coward, Impatient, Nimble
Cattiva, Level: 3, Rank: 1, Gender: Male, HP IV: 57(0%), ATK IV: 74(0%), DEF IV: 32(0%), Work Speed: (0%), Skills: Coward, Clumsy, Nocturnal, Ferocious
Chikipi, Level: 4, Rank: 1, Gender: Female, HP IV: 28(0%), ATK IV: 79(0%), DEF IV: 82(0%), Work Speed: (0%), Skills: Masochist
Chikipi, Level: 4, Rank: 1, Gender: Male, HP IV: 30(0%), ATK IV: 28(0%), DEF IV: 56(0%), Work Speed: (0%), Skills: Impatient, Cheery
Chikipi, Level: 4, Rank: 1, Gender: Male, HP IV: 9(0%), ATK IV: 70(0%), DEF IV: 38(0%), Work Speed: (0%), Skills: Pacifist
Chikipi, Level: 6, Rank: 1, Gender: Female, HP IV: 54(0%), ATK IV: 99(0%), DEF IV: 27(0%), Work Speed: (0%), Skills: Diet Lover
Chikipi, Level: 7, Rank: 1, Gender: Male, HP IV: 83(0%), ATK IV: 26(0%), DEF IV: 51(0%), Work Speed: (0%), Skills: Bottomless Stomach
Cremis, Level: 4, Rank: 1, Gender: Male, HP IV: 50(0%), ATK IV: 19(0%), DEF IV: 88(0%), Work Speed: (0%), Skills: Motivational Leader
Cremis, Level: 5, Rank: 1, Gender: Male, HP IV: 31(0%), ATK IV: 40(0%), DEF IV: 10(0%), Work Speed: (0%), Skills: Impatient
Cremis, Level: 5, Rank: 1, Gender: Male, HP IV: 50(0%), ATK IV: 98(0%), DEF IV: 72(0%), Work Speed: (0%), Skills: Coward
Cremis, Level: 5, Rank: 1, Gender: Male, HP IV: 6(0%), ATK IV: 79(0%), DEF IV: 22(0%), Work Speed: (0%), Skills: Nocturnal
Cremis, Level: 7, Rank: 1, Gender: Male, HP IV: 44(0%), ATK IV: 61(0%), DEF IV: 48(0%), Work Speed: (0%), Skills: Slacker
Depresso, Level: 10, Rank: 1, Gender: Female, HP IV: 87(0%), ATK IV: 71(0%), DEF IV: 55(0%), Work Speed: (0%)
Direhowl, Level: 7, Rank: 1, Gender: Male, HP IV: 74(0%), ATK IV: 10(0%), DEF IV: 20(0%), Work Speed: (0%), Skills: Downtrodden
Direhowl, Level: 8, Rank: 1, Gender: Female, HP IV: 58(0%), ATK IV: 89(0%), DEF IV: 80(0%), Work Speed: (0%), Skills: Ferocious
Eikthyrdeer, Level: 11, Rank: 1, Gender: Male, HP IV: 4(0%), ATK IV: 7(0%), DEF IV: 56(0%), Work Speed: (0%), Skills: Hooligan
Eikthyrdeer, Level: 12, Rank: 1, Gender: Male, HP IV: 92(0%), ATK IV: 51(0%), DEF IV: 64(0%), Work Speed: (0%), Skills: Positive Thinker
Eikthyrdeer, Level: 8, Rank: 1, Gender: Male, HP IV: 9(0%), ATK IV: 21(0%), DEF IV: 96(0%), Work Speed: (0%), Skills: Masochist, Mine Foreman
Fuack, Level: 10, Rank: 1, Gender: Male, HP IV: 33(0%), ATK IV: 76(0%), DEF IV: 59(0%), Work Speed: (0%), Skills: Destructive
Gumoss, Level: 10, Rank: 1, Gender: Female, HP IV: 17(0%), ATK IV: 50(0%), DEF IV: 0(0%), Work Speed: (0%), Skills: Capacitor
Gumoss, Level: 11, Rank: 1, Gender: Male, HP IV: 38(0%), ATK IV: 63(0%), DEF IV: 42(0%), Work Speed: (0%), Skills: Impatient
Gumoss, Level: 4, Rank: 1, Gender: Male, HP IV: 45(0%), ATK IV: 72(0%), DEF IV: 58(0%), Work Speed: (0%), Skills: Brittle
Gumoss, Level: 5, Rank: 1, Gender: Female, HP IV: 41(0%), ATK IV: 9(0%), DEF IV: 72(0%), Work Speed: (0%), Skills: Diet Lover
Hoocrates, Level: 10, Rank: 1, Gender: Male, HP IV: 26(0%), ATK IV: 62(0%), DEF IV: 17(0%), Work Speed: (0%), Skills: Shabby
Lamball, Level: 2, Rank: 1, Gender: Female, HP IV: 92(0%), ATK IV: 0(0%), DEF IV: 99(0%), Work Speed: (0%), Skills: Hooligan
Lamball, Level: 4, Rank: 1, Gender: Male, HP IV: 52(0%), ATK IV: 26(0%), DEF IV: 27(0%), Work Speed: (0%)
Lamball, Level: 6, Rank: 1, Gender: Male, HP IV: 12(0%), ATK IV: 2(0%), DEF IV: 28(0%), Work Speed: (0%), Skills: Philantropist
Lifmunk, Level: 11, Rank: 1, Gender: Male, HP IV: 30(0%), ATK IV: 56(0%), DEF IV: 89(0%), Work Speed: (0%), Skills: Insulated Body
Lifmunk, Level: 12, Rank: 1, Gender: Male, HP IV: 82(0%), ATK IV: 85(0%), DEF IV: 36(0%), Work Speed: (0%), Skills: Pacifist
Melpaca, Level: 8, Rank: 1, Gender: Male, HP IV: 23(0%), ATK IV: 2(0%), DEF IV: 24(0%), Work Speed: (0%), Skills: Mercy hit
Nox, Level: 9, Rank: 1, Gender: Male, HP IV: 13(0%), ATK IV: 34(0%), DEF IV: 34(0%), Work Speed: (0%), Skills: Ferocious
Rooby, Level: 10, Rank: 1, Gender: Female, HP IV: 27(0%), ATK IV: 27(0%), DEF IV: 36(0%), Work Speed: (0%), Skills: Cheery
Rooby, Level: 11, Rank: 1, Gender: Male, HP IV: 25(0%), ATK IV: 18(0%), DEF IV: 52(0%), Work Speed: (0%), Skills: Destructive
Rushoar, Level: 11, Rank: 1, Gender: Male, HP IV: 78(0%), ATK IV: 69(0%), DEF IV: 64(0%), Work Speed: (0%), Skills: Destructive
Syndicate Thug (Bat), Level: 7, Rank: 1, Gender: Unknown, HP IV: 69(0%), ATK IV: 10(0%), DEF IV: 70(0%), Work Speed: (0%), Skills: Blood of the Dragon, Capacitor
Berto's 36 Pals
---------------
Cattiva, Level: 10, Rank: 1, Gender: Male, HP IV: 41(0%), ATK IV: 44(0%), DEF IV: 13(0%), Work Speed: (0%), Skills: Coward, Fit as a Fiddle
Cattiva, Level: 10, Rank: 1, Gender: Male, HP IV: 48(0%), ATK IV: 87(0%), DEF IV: 47(0%), Work Speed: (0%), Skills: Coward, Impatient, Nimble
Cattiva, Level: 3, Rank: 1, Gender: Male, HP IV: 57(0%), ATK IV: 74(0%), DEF IV: 32(0%), Work Speed: (0%), Skills: Coward, Clumsy, Nocturnal, Ferocious
Chikipi, Level: 4, Rank: 1, Gender: Female, HP IV: 28(0%), ATK IV: 79(0%), DEF IV: 82(0%), Work Speed: (0%), Skills: Masochist
Chikipi, Level: 4, Rank: 1, Gender: Male, HP IV: 30(0%), ATK IV: 28(0%), DEF IV: 56(0%), Work Speed: (0%), Skills: Impatient, Cheery
Chikipi, Level: 4, Rank: 1, Gender: Male, HP IV: 9(0%), ATK IV: 70(0%), DEF IV: 38(0%), Work Speed: (0%), Skills: Pacifist
Chikipi, Level: 6, Rank: 1, Gender: Female, HP IV: 54(0%), ATK IV: 99(0%), DEF IV: 27(0%), Work Speed: (0%), Skills: Diet Lover
Chikipi, Level: 7, Rank: 1, Gender: Male, HP IV: 83(0%), ATK IV: 26(0%), DEF IV: 51(0%), Work Speed: (0%), Skills: Bottomless Stomach
Cremis, Level: 4, Rank: 1, Gender: Male, HP IV: 50(0%), ATK IV: 19(0%), DEF IV: 88(0%), Work Speed: (0%), Skills: Motivational Leader
Cremis, Level: 5, Rank: 1, Gender: Male, HP IV: 31(0%), ATK IV: 40(0%), DEF IV: 10(0%), Work Speed: (0%), Skills: Impatient
Cremis, Level: 5, Rank: 1, Gender: Male, HP IV: 50(0%), ATK IV: 98(0%), DEF IV: 72(0%), Work Speed: (0%), Skills: Coward
Cremis, Level: 5, Rank: 1, Gender: Male, HP IV: 6(0%), ATK IV: 79(0%), DEF IV: 22(0%), Work Speed: (0%), Skills: Nocturnal
Cremis, Level: 7, Rank: 1, Gender: Male, HP IV: 44(0%), ATK IV: 61(0%), DEF IV: 48(0%), Work Speed: (0%), Skills: Slacker
Depresso, Level: 10, Rank: 1, Gender: Female, HP IV: 87(0%), ATK IV: 71(0%), DEF IV: 55(0%), Work Speed: (0%)
Direhowl, Level: 7, Rank: 1, Gender: Male, HP IV: 74(0%), ATK IV: 10(0%), DEF IV: 20(0%), Work Speed: (0%), Skills: Downtrodden
Direhowl, Level: 8, Rank: 1, Gender: Female, HP IV: 58(0%), ATK IV: 89(0%), DEF IV: 80(0%), Work Speed: (0%), Skills: Ferocious
Eikthyrdeer, Level: 11, Rank: 1, Gender: Male, HP IV: 4(0%), ATK IV: 7(0%), DEF IV: 56(0%), Work Speed: (0%), Skills: Hooligan
Eikthyrdeer, Level: 12, Rank: 1, Gender: Male, HP IV: 92(0%), ATK IV: 51(0%), DEF IV: 64(0%), Work Speed: (0%), Skills: Positive Thinker
Eikthyrdeer, Level: 8, Rank: 1, Gender: Male, HP IV: 9(0%), ATK IV: 21(0%), DEF IV: 96(0%), Work Speed: (0%), Skills: Masochist, Mine Foreman
Fuack, Level: 10, Rank: 1, Gender: Male, HP IV: 33(0%), ATK IV: 76(0%), DEF IV: 59(0%), Work Speed: (0%), Skills: Destructive
Gumoss, Level: 10, Rank: 1, Gender: Female, HP IV: 17(0%), ATK IV: 50(0%), DEF IV: 0(0%), Work Speed: (0%), Skills: Capacitor
Gumoss, Level: 11, Rank: 1, Gender: Male, HP IV: 38(0%), ATK IV: 63(0%), DEF IV: 42(0%), Work Speed: (0%), Skills: Impatient
Gumoss, Level: 4, Rank: 1, Gender: Male, HP IV: 45(0%), ATK IV: 72(0%), DEF IV: 58(0%), Work Speed: (0%), Skills: Brittle
Gumoss, Level: 5, Rank: 1, Gender: Female, HP IV: 41(0%), ATK IV: 9(0%), DEF IV: 72(0%), Work Speed: (0%), Skills: Diet Lover
Hoocrates, Level: 10, Rank: 1, Gender: Male, HP IV: 26(0%), ATK IV: 62(0%), DEF IV: 17(0%), Work Speed: (0%), Skills: Shabby
Lamball, Level: 2, Rank: 1, Gender: Female, HP IV: 92(0%), ATK IV: 0(0%), DEF IV: 99(0%), Work Speed: (0%), Skills: Hooligan
Lamball, Level: 4, Rank: 1, Gender: Male, HP IV: 52(0%), ATK IV: 26(0%), DEF IV: 27(0%), Work Speed: (0%)
Lamball, Level: 6, Rank: 1, Gender: Male, HP IV: 12(0%), ATK IV: 2(0%), DEF IV: 28(0%), Work Speed: (0%), Skills: Philantropist
Lifmunk, Level: 11, Rank: 1, Gender: Male, HP IV: 30(0%), ATK IV: 56(0%), DEF IV: 89(0%), Work Speed: (0%), Skills: Insulated Body
Lifmunk, Level: 12, Rank: 1, Gender: Male, HP IV: 82(0%), ATK IV: 85(0%), DEF IV: 36(0%), Work Speed: (0%), Skills: Pacifist
Melpaca, Level: 8, Rank: 1, Gender: Male, HP IV: 23(0%), ATK IV: 2(0%), DEF IV: 24(0%), Work Speed: (0%), Skills: Mercy hit
Nox, Level: 9, Rank: 1, Gender: Male, HP IV: 13(0%), ATK IV: 34(0%), DEF IV: 34(0%), Work Speed: (0%), Skills: Ferocious
Rooby, Level: 10, Rank: 1, Gender: Female, HP IV: 27(0%), ATK IV: 27(0%), DEF IV: 36(0%), Work Speed: (0%), Skills: Cheery
Rooby, Level: 11, Rank: 1, Gender: Male, HP IV: 25(0%), ATK IV: 18(0%), DEF IV: 52(0%), Work Speed: (0%), Skills: Destructive
Rushoar, Level: 11, Rank: 1, Gender: Male, HP IV: 78(0%), ATK IV: 69(0%), DEF IV: 64(0%), Work Speed: (0%), Skills: Destructive
Syndicate Thug (Bat), Level: 7, Rank: 1, Gender: Unknown, HP IV: 69(0%), ATK IV: 10(0%), DEF IV: 70(0%), Work Speed: (0%), Skills: Blood of the Dragon, Capacitor
Berto's 36 Pals
---------------
Cattiva, Level: 10, Rank: 1, Gender: Male, HP IV: 41(0%), ATK IV: 44(0%), DEF IV: 13(0%), Work Speed: (0%), Skills: Coward, Fit as a Fiddle
Cattiva, Level: 10, Rank: 1, Gender: Male, HP IV: 48(0%), ATK IV: 87(0%), DEF IV: 47(0%), Work Speed: (0%), Skills: Coward, Impatient, Nimble
Cattiva, Level: 3, Rank: 1, Gender: Male, HP IV: 57(0%), ATK IV: 74(0%), DEF IV: 32(0%), Work Speed: (0%), Skills: Coward, Clumsy, Nocturnal, Ferocious
Chikipi, Level: 4, Rank: 1, Gender: Female, HP IV: 28(0%), ATK IV: 79(0%), DEF IV: 82(0%), Work Speed: (0%), Skills: Masochist
Chikipi, Level: 4, Rank: 1, Gender: Male, HP IV: 30(0%), ATK IV: 28(0%), DEF IV: 56(0%), Work Speed: (0%), Skills: Impatient, Cheery
Chikipi, Level: 4, Rank: 1, Gender: Male, HP IV: 9(0%), ATK IV: 70(0%), DEF IV: 38(0%), Work Speed: (0%), Skills: Pacifist
Chikipi, Level: 6, Rank: 1, Gender: Female, HP IV: 54(0%), ATK IV: 99(0%), DEF IV: 27(0%), Work Speed: (0%), Skills: Diet Lover
Chikipi, Level: 7, Rank: 1, Gender: Male, HP IV: 83(0%), ATK IV: 26(0%), DEF IV: 51(0%), Work Speed: (0%), Skills: Bottomless Stomach
Cremis, Level: 4, Rank: 1, Gender: Male, HP IV: 50(0%), ATK IV: 19(0%), DEF IV: 88(0%), Work Speed: (0%), Skills: Motivational Leader
Cremis, Level: 5, Rank: 1, Gender: Male, HP IV: 31(0%), ATK IV: 40(0%), DEF IV: 10(0%), Work Speed: (0%), Skills: Impatient
Cremis, Level: 5, Rank: 1, Gender: Male, HP IV: 50(0%), ATK IV: 98(0%), DEF IV: 72(0%), Work Speed: (0%), Skills: Coward
Cremis, Level: 5, Rank: 1, Gender: Male, HP IV: 6(0%), ATK IV: 79(0%), DEF IV: 22(0%), Work Speed: (0%), Skills: Nocturnal
Cremis, Level: 7, Rank: 1, Gender: Male, HP IV: 44(0%), ATK IV: 61(0%), DEF IV: 48(0%), Work Speed: (0%), Skills: Slacker
Depresso, Level: 10, Rank: 1, Gender: Female, HP IV: 87(0%), ATK IV: 71(0%), DEF IV: 55(0%), Work Speed: (0%)
Direhowl, Level: 7, Rank: 1, Gender: Male, HP IV: 74(0%), ATK IV: 10(0%), DEF IV: 20(0%), Work Speed: (0%), Skills: Downtrodden
Direhowl, Level: 8, Rank: 1, Gender: Female, HP IV: 58(0%), ATK IV: 89(0%), DEF IV: 80(0%), Work Speed: (0%), Skills: Ferocious
Eikthyrdeer, Level: 11, Rank: 1, Gender: Male, HP IV: 4(0%), ATK IV: 7(0%), DEF IV: 56(0%), Work Speed: (0%), Skills: Hooligan
Eikthyrdeer, Level: 12, Rank: 1, Gender: Male, HP IV: 92(0%), ATK IV: 51(0%), DEF IV: 64(0%), Work Speed: (0%), Skills: Positive Thinker
Eikthyrdeer, Level: 8, Rank: 1, Gender: Male, HP IV: 9(0%), ATK IV: 21(0%), DEF IV: 96(0%), Work Speed: (0%), Skills: Masochist, Mine Foreman
Fuack, Level: 10, Rank: 1, Gender: Male, HP IV: 33(0%), ATK IV: 76(0%), DEF IV: 59(0%), Work Speed: (0%), Skills: Destructive
Gumoss, Level: 10, Rank: 1, Gender: Female, HP IV: 17(0%), ATK IV: 50(0%), DEF IV: 0(0%), Work Speed: (0%), Skills: Capacitor
Gumoss, Level: 11, Rank: 1, Gender: Male, HP IV: 38(0%), ATK IV: 63(0%), DEF IV: 42(0%), Work Speed: (0%), Skills: Impatient
Gumoss, Level: 4, Rank: 1, Gender: Male, HP IV: 45(0%), ATK IV: 72(0%), DEF IV: 58(0%), Work Speed: (0%), Skills: Brittle
Gumoss, Level: 5, Rank: 1, Gender: Female, HP IV: 41(0%), ATK IV: 9(0%), DEF IV: 72(0%), Work Speed: (0%), Skills: Diet Lover
Hoocrates, Level: 10, Rank: 1, Gender: Male, HP IV: 26(0%), ATK IV: 62(0%), DEF IV: 17(0%), Work Speed: (0%), Skills: Shabby
Lamball, Level: 2, Rank: 1, Gender: Female, HP IV: 92(0%), ATK IV: 0(0%), DEF IV: 99(0%), Work Speed: (0%), Skills: Hooligan
Lamball, Level: 4, Rank: 1, Gender: Male, HP IV: 52(0%), ATK IV: 26(0%), DEF IV: 27(0%), Work Speed: (0%)
Lamball, Level: 6, Rank: 1, Gender: Male, HP IV: 12(0%), ATK IV: 2(0%), DEF IV: 28(0%), Work Speed: (0%), Skills: Philantropist
Lifmunk, Level: 11, Rank: 1, Gender: Male, HP IV: 30(0%), ATK IV: 56(0%), DEF IV: 89(0%), Work Speed: (0%), Skills: Insulated Body
Lifmunk, Level: 12, Rank: 1, Gender: Male, HP IV: 82(0%), ATK IV: 85(0%), DEF IV: 36(0%), Work Speed: (0%), Skills: Pacifist
Melpaca, Level: 8, Rank: 1, Gender: Male, HP IV: 23(0%), ATK IV: 2(0%), DEF IV: 24(0%), Work Speed: (0%), Skills: Mercy hit
Nox, Level: 9, Rank: 1, Gender: Male, HP IV: 13(0%), ATK IV: 34(0%), DEF IV: 34(0%), Work Speed: (0%), Skills: Ferocious
Rooby, Level: 10, Rank: 1, Gender: Female, HP IV: 27(0%), ATK IV: 27(0%), DEF IV: 36(0%), Work Speed: (0%), Skills: Cheery
Rooby, Level: 11, Rank: 1, Gender: Male, HP IV: 25(0%), ATK IV: 18(0%), DEF IV: 52(0%), Work Speed: (0%), Skills: Destructive
Rushoar, Level: 11, Rank: 1, Gender: Male, HP IV: 78(0%), ATK IV: 69(0%), DEF IV: 64(0%), Work Speed: (0%), Skills: Destructive
Syndicate Thug (Bat), Level: 7, Rank: 1, Gender: Unknown, HP IV: 69(0%), ATK IV: 10(0%), DEF IV: 70(0%), Work Speed: (0%), Skills: Blood of the Dragon, Capacitor
Berto's 36 Pals
---------------
Cattiva, Level: 10, Rank: 1, Gender: Male, HP IV: 41(0%), ATK IV: 44(0%), DEF IV: 13(0%), Work Speed: (0%), Skills: Coward, Fit as a Fiddle
Cattiva, Level: 10, Rank: 1, Gender: Male, HP IV: 48(0%), ATK IV: 87(0%), DEF IV: 47(0%), Work Speed: (0%), Skills: Coward, Impatient, Nimble
Cattiva, Level: 3, Rank: 1, Gender: Male, HP IV: 57(0%), ATK IV: 74(0%), DEF IV: 32(0%), Work Speed: (0%), Skills: Coward, Clumsy, Nocturnal, Ferocious
Chikipi, Level: 4, Rank: 1, Gender: Female, HP IV: 28(0%), ATK IV: 79(0%), DEF IV: 82(0%), Work Speed: (0%), Skills: Masochist
Chikipi, Level: 4, Rank: 1, Gender: Male, HP IV: 30(0%), ATK IV: 28(0%), DEF IV: 56(0%), Work Speed: (0%), Skills: Impatient, Cheery
Chikipi, Level: 4, Rank: 1, Gender: Male, HP IV: 9(0%), ATK IV: 70(0%), DEF IV: 38(0%), Work Speed: (0%), Skills: Pacifist
Chikipi, Level: 6, Rank: 1, Gender: Female, HP IV: 54(0%), ATK IV: 99(0%), DEF IV: 27(0%), Work Speed: (0%), Skills: Diet Lover
Chikipi, Level: 7, Rank: 1, Gender: Male, HP IV: 83(0%), ATK IV: 26(0%), DEF IV: 51(0%), Work Speed: (0%), Skills: Bottomless Stomach
Cremis, Level: 4, Rank: 1, Gender: Male, HP IV: 50(0%), ATK IV: 19(0%), DEF IV: 88(0%), Work Speed: (0%), Skills: Motivational Leader
Cremis, Level: 5, Rank: 1, Gender: Male, HP IV: 31(0%), ATK IV: 40(0%), DEF IV: 10(0%), Work Speed: (0%), Skills: Impatient
Cremis, Level: 5, Rank: 1, Gender: Male, HP IV: 50(0%), ATK IV: 98(0%), DEF IV: 72(0%), Work Speed: (0%), Skills: Coward
Cremis, Level: 5, Rank: 1, Gender: Male, HP IV: 6(0%), ATK IV: 79(0%), DEF IV: 22(0%), Work Speed: (0%), Skills: Nocturnal
Cremis, Level: 7, Rank: 1, Gender: Male, HP IV: 44(0%), ATK IV: 61(0%), DEF IV: 48(0%), Work Speed: (0%), Skills: Slacker
Depresso, Level: 10, Rank: 1, Gender: Female, HP IV: 87(0%), ATK IV: 71(0%), DEF IV: 55(0%), Work Speed: (0%)
Direhowl, Level: 7, Rank: 1, Gender: Male, HP IV: 74(0%), ATK IV: 10(0%), DEF IV: 20(0%), Work Speed: (0%), Skills: Downtrodden
Direhowl, Level: 8, Rank: 1, Gender: Female, HP IV: 58(0%), ATK IV: 89(0%), DEF IV: 80(0%), Work Speed: (0%), Skills: Ferocious
Eikthyrdeer, Level: 11, Rank: 1, Gender: Male, HP IV: 4(0%), ATK IV: 7(0%), DEF IV: 56(0%), Work Speed: (0%), Skills: Hooligan
Eikthyrdeer, Level: 12, Rank: 1, Gender: Male, HP IV: 92(0%), ATK IV: 51(0%), DEF IV: 64(0%), Work Speed: (0%), Skills: Positive Thinker
Eikthyrdeer, Level: 8, Rank: 1, Gender: Male, HP IV: 9(0%), ATK IV: 21(0%), DEF IV: 96(0%), Work Speed: (0%), Skills: Masochist, Mine Foreman
Fuack, Level: 10, Rank: 1, Gender: Male, HP IV: 33(0%), ATK IV: 76(0%), DEF IV: 59(0%), Work Speed: (0%), Skills: Destructive
Gumoss, Level: 10, Rank: 1, Gender: Female, HP IV: 17(0%), ATK IV: 50(0%), DEF IV: 0(0%), Work Speed: (0%), Skills: Capacitor
Gumoss, Level: 11, Rank: 1, Gender: Male, HP IV: 38(0%), ATK IV: 63(0%), DEF IV: 42(0%), Work Speed: (0%), Skills: Impatient
Gumoss, Level: 4, Rank: 1, Gender: Male, HP IV: 45(0%), ATK IV: 72(0%), DEF IV: 58(0%), Work Speed: (0%), Skills: Brittle
Gumoss, Level: 5, Rank: 1, Gender: Female, HP IV: 41(0%), ATK IV: 9(0%), DEF IV: 72(0%), Work Speed: (0%), Skills: Diet Lover
Hoocrates, Level: 10, Rank: 1, Gender: Male, HP IV: 26(0%), ATK IV: 62(0%), DEF IV: 17(0%), Work Speed: (0%), Skills: Shabby
Lamball, Level: 2, Rank: 1, Gender: Female, HP IV: 92(0%), ATK IV: 0(0%), DEF IV: 99(0%), Work Speed: (0%), Skills: Hooligan
Lamball, Level: 4, Rank: 1, Gender: Male, HP IV: 52(0%), ATK IV: 26(0%), DEF IV: 27(0%), Work Speed: (0%)
Lamball, Level: 6, Rank: 1, Gender: Male, HP IV: 12(0%), ATK IV: 2(0%), DEF IV: 28(0%), Work Speed: (0%), Skills: Philantropist
Lifmunk, Level: 11, Rank: 1, Gender: Male, HP IV: 30(0%), ATK IV: 56(0%), DEF IV: 89(0%), Work Speed: (0%), Skills: Insulated Body
Lifmunk, Level: 12, Rank: 1, Gender: Male, HP IV: 82(0%), ATK IV: 85(0%), DEF IV: 36(0%), Work Speed: (0%), Skills: Pacifist
Melpaca, Level: 8, Rank: 1, Gender: Male, HP IV: 23(0%), ATK IV: 2(0%), DEF IV: 24(0%), Work Speed: (0%), Skills: Mercy hit
Nox, Level: 9, Rank: 1, Gender: Male, HP IV: 13(0%), ATK IV: 34(0%), DEF IV: 34(0%), Work Speed: (0%), Skills: Ferocious
Rooby, Level: 10, Rank: 1, Gender: Female, HP IV: 27(0%), ATK IV: 27(0%), DEF IV: 36(0%), Work Speed: (0%), Skills: Cheery
Rooby, Level: 11, Rank: 1, Gender: Male, HP IV: 25(0%), ATK IV: 18(0%), DEF IV: 52(0%), Work Speed: (0%), Skills: Destructive
Rushoar, Level: 11, Rank: 1, Gender: Male, HP IV: 78(0%), ATK IV: 69(0%), DEF IV: 64(0%), Work Speed: (0%), Skills: Destructive
Syndicate Thug (Bat), Level: 7, Rank: 1, Gender: Unknown, HP IV: 69(0%), ATK IV: 10(0%), DEF IV: 70(0%), Work Speed: (0%), Skills: Blood of the Dragon, Capacitor
Berto's 36 Pals
---------------
Cattiva, Level: 10, Rank: 1, Gender: Male, HP IV: 41(0%), ATK IV: 44(0%), DEF IV: 13(0%), Work Speed: (0%), Skills: Coward, Fit as a Fiddle
Cattiva, Level: 10, Rank: 1, Gender: Male, HP IV: 48(0%), ATK IV: 87(0%), DEF IV: 47(0%), Work Speed: (0%), Skills: Coward, Impatient, Nimble
Cattiva, Level: 3, Rank: 1, Gender: Male, HP IV: 57(0%), ATK IV: 74(0%), DEF IV: 32(0%), Work Speed: (0%), Skills: Coward, Clumsy, Nocturnal, Ferocious
Chikipi, Level: 4, Rank: 1, Gender: Female, HP IV: 28(0%), ATK IV: 79(0%), DEF IV: 82(0%), Work Speed: (0%), Skills: Masochist
Chikipi, Level: 4, Rank: 1, Gender: Male, HP IV: 30(0%), ATK IV: 28(0%), DEF IV: 56(0%), Work Speed: (0%), Skills: Impatient, Cheery
Chikipi, Level: 4, Rank: 1, Gender: Male, HP IV: 9(0%), ATK IV: 70(0%), DEF IV: 38(0%), Work Speed: (0%), Skills: Pacifist
Chikipi, Level: 6, Rank: 1, Gender: Female, HP IV: 54(0%), ATK IV: 99(0%), DEF IV: 27(0%), Work Speed: (0%), Skills: Diet Lover
Chikipi, Level: 7, Rank: 1, Gender: Male, HP IV: 83(0%), ATK IV: 26(0%), DEF IV: 51(0%), Work Speed: (0%), Skills: Bottomless Stomach
Cremis, Level: 4, Rank: 1, Gender: Male, HP IV: 50(0%), ATK IV: 19(0%), DEF IV: 88(0%), Work Speed: (0%), Skills: Motivational Leader
Cremis, Level: 5, Rank: 1, Gender: Male, HP IV: 31(0%), ATK IV: 40(0%), DEF IV: 10(0%), Work Speed: (0%), Skills: Impatient
Cremis, Level: 5, Rank: 1, Gender: Male, HP IV: 50(0%), ATK IV: 98(0%), DEF IV: 72(0%), Work Speed: (0%), Skills: Coward
Cremis, Level: 5, Rank: 1, Gender: Male, HP IV: 6(0%), ATK IV: 79(0%), DEF IV: 22(0%), Work Speed: (0%), Skills: Nocturnal
Cremis, Level: 7, Rank: 1, Gender: Male, HP IV: 44(0%), ATK IV: 61(0%), DEF IV: 48(0%), Work Speed: (0%), Skills: Slacker
Depresso, Level: 10, Rank: 1, Gender: Female, HP IV: 87(0%), ATK IV: 71(0%), DEF IV: 55(0%), Work Speed: (0%)
Direhowl, Level: 7, Rank: 1, Gender: Male, HP IV: 74(0%), ATK IV: 10(0%), DEF IV: 20(0%), Work Speed: (0%), Skills: Downtrodden
Direhowl, Level: 8, Rank: 1, Gender: Female, HP IV: 58(0%), ATK IV: 89(0%), DEF IV: 80(0%), Work Speed: (0%), Skills: Ferocious
Eikthyrdeer, Level: 11, Rank: 1, Gender: Male, HP IV: 4(0%), ATK IV: 7(0%), DEF IV: 56(0%), Work Speed: (0%), Skills: Hooligan
Eikthyrdeer, Level: 12, Rank: 1, Gender: Male, HP IV: 92(0%), ATK IV: 51(0%), DEF IV: 64(0%), Work Speed: (0%), Skills: Positive Thinker
Eikthyrdeer, Level: 8, Rank: 1, Gender: Male, HP IV: 9(0%), ATK IV: 21(0%), DEF IV: 96(0%), Work Speed: (0%), Skills: Masochist, Mine Foreman
Fuack, Level: 10, Rank: 1, Gender: Male, HP IV: 33(0%), ATK IV: 76(0%), DEF IV: 59(0%), Work Speed: (0%), Skills: Destructive
Gumoss, Level: 10, Rank: 1, Gender: Female, HP IV: 17(0%), ATK IV: 50(0%), DEF IV: 0(0%), Work Speed: (0%), Skills: Capacitor
Gumoss, Level: 11, Rank: 1, Gender: Male, HP IV: 38(0%), ATK IV: 63(0%), DEF IV: 42(0%), Work Speed: (0%), Skills: Impatient
Gumoss, Level: 4, Rank: 1, Gender: Male, HP IV: 45(0%), ATK IV: 72(0%), DEF IV: 58(0%), Work Speed: (0%), Skills: Brittle
Gumoss, Level: 5, Rank: 1, Gender: Female, HP IV: 41(0%), ATK IV: 9(0%), DEF IV: 72(0%), Work Speed: (0%), Skills: Diet Lover
Hoocrates, Level: 10, Rank: 1, Gender: Male, HP IV: 26(0%), ATK IV: 62(0%), DEF IV: 17(0%), Work Speed: (0%), Skills: Shabby
Lamball, Level: 2, Rank: 1, Gender: Female, HP IV: 92(0%), ATK IV: 0(0%), DEF IV: 99(0%), Work Speed: (0%), Skills: Hooligan
Lamball, Level: 4, Rank: 1, Gender: Male, HP IV: 52(0%), ATK IV: 26(0%), DEF IV: 27(0%), Work Speed: (0%)
Lamball, Level: 6, Rank: 1, Gender: Male, HP IV: 12(0%), ATK IV: 2(0%), DEF IV: 28(0%), Work Speed: (0%), Skills: Philantropist
Lifmunk, Level: 11, Rank: 1, Gender: Male, HP IV: 30(0%), ATK IV: 56(0%), DEF IV: 89(0%), Work Speed: (0%), Skills: Insulated Body
Lifmunk, Level: 12, Rank: 1, Gender: Male, HP IV: 82(0%), ATK IV: 85(0%), DEF IV: 36(0%), Work Speed: (0%), Skills: Pacifist
Melpaca, Level: 8, Rank: 1, Gender: Male, HP IV: 23(0%), ATK IV: 2(0%), DEF IV: 24(0%), Work Speed: (0%), Skills: Mercy hit
Nox, Level: 9, Rank: 1, Gender: Male, HP IV: 13(0%), ATK IV: 34(0%), DEF IV: 34(0%), Work Speed: (0%), Skills: Ferocious
Rooby, Level: 10, Rank: 1, Gender: Female, HP IV: 27(0%), ATK IV: 27(0%), DEF IV: 36(0%), Work Speed: (0%), Skills: Cheery
Rooby, Level: 11, Rank: 1, Gender: Male, HP IV: 25(0%), ATK IV: 18(0%), DEF IV: 52(0%), Work Speed: (0%), Skills: Destructive
Rushoar, Level: 11, Rank: 1, Gender: Male, HP IV: 78(0%), ATK IV: 69(0%), DEF IV: 64(0%), Work Speed: (0%), Skills: Destructive
Syndicate Thug (Bat), Level: 7, Rank: 1, Gender: Unknown, HP IV: 69(0%), ATK IV: 10(0%), DEF IV: 70(0%), Work Speed: (0%), Skills: Blood of the Dragon, Capacitor
Berto's 36 Pals
---------------
Cattiva, Level: 10, Rank: 1, Gender: Male, HP IV: 41(0%), ATK IV: 44(0%), DEF IV: 13(0%), Work Speed: (0%), Skills: Coward, Fit as a Fiddle
Cattiva, Level: 10, Rank: 1, Gender: Male, HP IV: 48(0%), ATK IV: 87(0%), DEF IV: 47(0%), Work Speed: (0%), Skills: Coward, Impatient, Nimble
Cattiva, Level: 3, Rank: 1, Gender: Male, HP IV: 57(0%), ATK IV: 74(0%), DEF IV: 32(0%), Work Speed: (0%), Skills: Coward, Clumsy, Nocturnal, Ferocious
Chikipi, Level: 4, Rank: 1, Gender: Female, HP IV: 28(0%), ATK IV: 79(0%), DEF IV: 82(0%), Work Speed: (0%), Skills: Masochist
Chikipi, Level: 4, Rank: 1, Gender: Male, HP IV: 30(0%), ATK IV: 28(0%), DEF IV: 56(0%), Work Speed: (0%), Skills: Impatient, Cheery
Chikipi, Level: 4, Rank: 1, Gender: Male, HP IV: 9(0%), ATK IV: 70(0%), DEF IV: 38(0%), Work Speed: (0%), Skills: Pacifist
Chikipi, Level: 6, Rank: 1, Gender: Female, HP IV: 54(0%), ATK IV: 99(0%), DEF IV: 27(0%), Work Speed: (0%), Skills: Diet Lover
Chikipi, Level: 7, Rank: 1, Gender: Male, HP IV: 83(0%), ATK IV: 26(0%), DEF IV: 51(0%), Work Speed: (0%), Skills: Bottomless Stomach
Cremis, Level: 4, Rank: 1, Gender: Male, HP IV: 50(0%), ATK IV: 19(0%), DEF IV: 88(0%), Work Speed: (0%), Skills: Motivational Leader
Cremis, Level: 5, Rank: 1, Gender: Male, HP IV: 31(0%), ATK IV: 40(0%), DEF IV: 10(0%), Work Speed: (0%), Skills: Impatient
Cremis, Level: 5, Rank: 1, Gender: Male, HP IV: 50(0%), ATK IV: 98(0%), DEF IV: 72(0%), Work Speed: (0%), Skills: Coward
Cremis, Level: 5, Rank: 1, Gender: Male, HP IV: 6(0%), ATK IV: 79(0%), DEF IV: 22(0%), Work Speed: (0%), Skills: Nocturnal
Cremis, Level: 7, Rank: 1, Gender: Male, HP IV: 44(0%), ATK IV: 61(0%), DEF IV: 48(0%), Work Speed: (0%), Skills: Slacker
Depresso, Level: 10, Rank: 1, Gender: Female, HP IV: 87(0%), ATK IV: 71(0%), DEF IV: 55(0%), Work Speed: (0%)
Direhowl, Level: 7, Rank: 1, Gender: Male, HP IV: 74(0%), ATK IV: 10(0%), DEF IV: 20(0%), Work Speed: (0%), Skills: Downtrodden
Direhowl, Level: 8, Rank: 1, Gender: Female, HP IV: 58(0%), ATK IV: 89(0%), DEF IV: 80(0%), Work Speed: (0%), Skills: Ferocious
Eikthyrdeer, Level: 11, Rank: 1, Gender: Male, HP IV: 4(0%), ATK IV: 7(0%), DEF IV: 56(0%), Work Speed: (0%), Skills: Hooligan
Eikthyrdeer, Level: 12, Rank: 1, Gender: Male, HP IV: 92(0%), ATK IV: 51(0%), DEF IV: 64(0%), Work Speed: (0%), Skills: Positive Thinker
Eikthyrdeer, Level: 8, Rank: 1, Gender: Male, HP IV: 9(0%), ATK IV: 21(0%), DEF IV: 96(0%), Work Speed: (0%), Skills: Masochist, Mine Foreman
Fuack, Level: 10, Rank: 1, Gender: Male, HP IV: 33(0%), ATK IV: 76(0%), DEF IV: 59(0%), Work Speed: (0%), Skills: Destructive
Gumoss, Level: 10, Rank: 1, Gender: Female, HP IV: 17(0%), ATK IV: 50(0%), DEF IV: 0(0%), Work Speed: (0%), Skills: Capacitor
Gumoss, Level: 11, Rank: 1, Gender: Male, HP IV: 38(0%), ATK IV: 63(0%), DEF IV: 42(0%), Work Speed: (0%), Skills: Impatient
Gumoss, Level: 4, Rank: 1, Gender: Male, HP IV: 45(0%), ATK IV: 72(0%), DEF IV: 58(0%), Work Speed: (0%), Skills: Brittle
Gumoss, Level: 5, Rank: 1, Gender: Female, HP IV: 41(0%), ATK IV: 9(0%), DEF IV: 72(0%), Work Speed: (0%), Skills: Diet Lover
Hoocrates, Level: 10, Rank: 1, Gender: Male, HP IV: 26(0%), ATK IV: 62(0%), DEF IV: 17(0%), Work Speed: (0%), Skills: Shabby
Lamball, Level: 2, Rank: 1, Gender: Female, HP IV: 92(0%), ATK IV: 0(0%), DEF IV: 99(0%), Work Speed: (0%), Skills: Hooligan
Lamball, Level: 4, Rank: 1, Gender: Male, HP IV: 52(0%), ATK IV: 26(0%), DEF IV: 27(0%), Work Speed: (0%)
Lamball, Level: 6, Rank: 1, Gender: Male, HP IV: 12(0%), ATK IV: 2(0%), DEF IV: 28(0%), Work Speed: (0%), Skills: Philantropist
Lifmunk, Level: 11, Rank: 1, Gender: Male, HP IV: 30(0%), ATK IV: 56(0%), DEF IV: 89(0%), Work Speed: (0%), Skills: Insulated Body
Lifmunk, Level: 12, Rank: 1, Gender: Male, HP IV: 82(0%), ATK IV: 85(0%), DEF IV: 36(0%), Work Speed: (0%), Skills: Pacifist
Melpaca, Level: 8, Rank: 1, Gender: Male, HP IV: 23(0%), ATK IV: 2(0%), DEF IV: 24(0%), Work Speed: (0%), Skills: Mercy hit
Nox, Level: 9, Rank: 1, Gender: Male, HP IV: 13(0%), ATK IV: 34(0%), DEF IV: 34(0%), Work Speed: (0%), Skills: Ferocious
Rooby, Level: 10, Rank: 1, Gender: Female, HP IV: 27(0%), ATK IV: 27(0%), DEF IV: 36(0%), Work Speed: (0%), Skills: Cheery
Rooby, Level: 11, Rank: 1, Gender: Male, HP IV: 25(0%), ATK IV: 18(0%), DEF IV: 52(0%), Work Speed: (0%), Skills: Destructive
Rushoar, Level: 11, Rank: 1, Gender: Male, HP IV: 78(0%), ATK IV: 69(0%), DEF IV: 64(0%), Work Speed: (0%), Skills: Destructive
Syndicate Thug (Bat), Level: 7, Rank: 1, Gender: Unknown, HP IV: 69(0%), ATK IV: 10(0%), DEF IV: 70(0%), Work Speed: (0%), Skills: Blood of the Dragon, Capacitor
Berto's 36 Pals
---------------
Cattiva, Level: 10, Rank: 1, Gender: Male, HP IV: 41(0%), ATK IV: 44(0%), DEF IV: 13(0%), Work Speed: (0%), Skills: Coward, Fit as a Fiddle
Cattiva, Level: 10, Rank: 1, Gender: Male, HP IV: 48(0%), ATK IV: 87(0%), DEF IV: 47(0%), Work Speed: (0%), Skills: Coward, Impatient, Nimble
Cattiva, Level: 3, Rank: 1, Gender: Male, HP IV: 57(0%), ATK IV: 74(0%), DEF IV: 32(0%), Work Speed: (0%), Skills: Coward, Clumsy, Nocturnal, Ferocious
Chikipi, Level: 4, Rank: 1, Gender: Female, HP IV: 28(0%), ATK IV: 79(0%), DEF IV: 82(0%), Work Speed: (0%), Skills: Masochist
Chikipi, Level: 4, Rank: 1, Gender: Male, HP IV: 30(0%), ATK IV: 28(0%), DEF IV: 56(0%), Work Speed: (0%), Skills: Impatient, Cheery
Chikipi, Level: 4, Rank: 1, Gender: Male, HP IV: 9(0%), ATK IV: 70(0%), DEF IV: 38(0%), Work Speed: (0%), Skills: Pacifist
Chikipi, Level: 6, Rank: 1, Gender: Female, HP IV: 54(0%), ATK IV: 99(0%), DEF IV: 27(0%), Work Speed: (0%), Skills: Diet Lover
Chikipi, Level: 7, Rank: 1, Gender: Male, HP IV: 83(0%), ATK IV: 26(0%), DEF IV: 51(0%), Work Speed: (0%), Skills: Bottomless Stomach
Cremis, Level: 4, Rank: 1, Gender: Male, HP IV: 50(0%), ATK IV: 19(0%), DEF IV: 88(0%), Work Speed: (0%), Skills: Motivational Leader
Cremis, Level: 5, Rank: 1, Gender: Male, HP IV: 31(0%), ATK IV: 40(0%), DEF IV: 10(0%), Work Speed: (0%), Skills: Impatient
Cremis, Level: 5, Rank: 1, Gender: Male, HP IV: 50(0%), ATK IV: 98(0%), DEF IV: 72(0%), Work Speed: (0%), Skills: Coward
Cremis, Level: 5, Rank: 1, Gender: Male, HP IV: 6(0%), ATK IV: 79(0%), DEF IV: 22(0%), Work Speed: (0%), Skills: Nocturnal
Cremis, Level: 7, Rank: 1, Gender: Male, HP IV: 44(0%), ATK IV: 61(0%), DEF IV: 48(0%), Work Speed: (0%), Skills: Slacker
Depresso, Level: 10, Rank: 1, Gender: Female, HP IV: 87(0%), ATK IV: 71(0%), DEF IV: 55(0%), Work Speed: (0%)
Direhowl, Level: 7, Rank: 1, Gender: Male, HP IV: 74(0%), ATK IV: 10(0%), DEF IV: 20(0%), Work Speed: (0%), Skills: Downtrodden
Direhowl, Level: 8, Rank: 1, Gender: Female, HP IV: 58(0%), ATK IV: 89(0%), DEF IV: 80(0%), Work Speed: (0%), Skills: Ferocious
Eikthyrdeer, Level: 11, Rank: 1, Gender: Male, HP IV: 4(0%), ATK IV: 7(0%), DEF IV: 56(0%), Work Speed: (0%), Skills: Hooligan
Eikthyrdeer, Level: 12, Rank: 1, Gender: Male, HP IV: 92(0%), ATK IV: 51(0%), DEF IV: 64(0%), Work Speed: (0%), Skills: Positive Thinker
Eikthyrdeer, Level: 8, Rank: 1, Gender: Male, HP IV: 9(0%), ATK IV: 21(0%), DEF IV: 96(0%), Work Speed: (0%), Skills: Masochist, Mine Foreman
Fuack, Level: 10, Rank: 1, Gender: Male, HP IV: 33(0%), ATK IV: 76(0%), DEF IV: 59(0%), Work Speed: (0%), Skills: Destructive
Gumoss, Level: 10, Rank: 1, Gender: Female, HP IV: 17(0%), ATK IV: 50(0%), DEF IV: 0(0%), Work Speed: (0%), Skills: Capacitor
Gumoss, Level: 11, Rank: 1, Gender: Male, HP IV: 38(0%), ATK IV: 63(0%), DEF IV: 42(0%), Work Speed: (0%), Skills: Impatient
Gumoss, Level: 4, Rank: 1, Gender: Male, HP IV: 45(0%), ATK IV: 72(0%), DEF IV: 58(0%), Work Speed: (0%), Skills: Brittle
Gumoss, Level: 5, Rank: 1, Gender: Female, HP IV: 41(0%), ATK IV: 9(0%), DEF IV: 72(0%), Work Speed: (0%), Skills: Diet Lover
Hoocrates, Level: 10, Rank: 1, Gender: Male, HP IV: 26(0%), ATK IV: 62(0%), DEF IV: 17(0%), Work Speed: (0%), Skills: Shabby
Lamball, Level: 2, Rank: 1, Gender: Female, HP IV: 92(0%), ATK IV: 0(0%), DEF IV: 99(0%), Work Speed: (0%), Skills: Hooligan
Lamball, Level: 4, Rank: 1, Gender: Male, HP IV: 52(0%), ATK IV: 26(0%), DEF IV: 27(0%), Work Speed: (0%)
Lamball, Level: 6, Rank: 1, Gender: Male, HP IV: 12(0%), ATK IV: 2(0%), DEF IV: 28(0%), Work Speed: (0%), Skills: Philantropist
Lifmunk, Level: 11, Rank: 1, Gender: Male, HP IV: 30(0%), ATK IV: 56(0%), DEF IV: 89(0%), Work Speed: (0%), Skills: Insulated Body
Lifmunk, Level: 12, Rank: 1, Gender: Male, HP IV: 82(0%), ATK IV: 85(0%), DEF IV: 36(0%), Work Speed: (0%), Skills: Pacifist
Melpaca, Level: 8, Rank: 1, Gender: Male, HP IV: 23(0%), ATK IV: 2(0%), DEF IV: 24(0%), Work Speed: (0%), Skills: Mercy hit
Nox, Level: 9, Rank: 1, Gender: Male, HP IV: 13(0%), ATK IV: 34(0%), DEF IV: 34(0%), Work Speed: (0%), Skills: Ferocious
Rooby, Level: 10, Rank: 1, Gender: Female, HP IV: 27(0%), ATK IV: 27(0%), DEF IV: 36(0%), Work Speed: (0%), Skills: Cheery
Rooby, Level: 11, Rank: 1, Gender: Male, HP IV: 25(0%), ATK IV: 18(0%), DEF IV: 52(0%), Work Speed: (0%), Skills: Destructive
Rushoar, Level: 11, Rank: 1, Gender: Male, HP IV: 78(0%), ATK IV: 69(0%), DEF IV: 64(0%), Work Speed: (0%), Skills: Destructive
Syndicate Thug (Bat), Level: 7, Rank: 1, Gender: Unknown, HP IV: 69(0%), ATK IV: 10(0%), DEF IV: 70(0%), Work Speed: (0%), Skills: Blood of the Dragon, Capacitor
Berto's 36 Pals
---------------
Cattiva, Level: 10, Rank: 1, Gender: Male, HP IV: 41(0%), ATK IV: 44(0%), DEF IV: 13(0%), Work Speed: (0%), Skills: Coward, Fit as a Fiddle
Cattiva, Level: 10, Rank: 1, Gender: Male, HP IV: 48(0%), ATK IV: 87(0%), DEF IV: 47(0%), Work Speed: (0%), Skills: Coward, Impatient, Nimble
Cattiva, Level: 3, Rank: 1, Gender: Male, HP IV: 57(0%), ATK IV: 74(0%), DEF IV: 32(0%), Work Speed: (0%), Skills: Coward, Clumsy, Nocturnal, Ferocious
Chikipi, Level: 4, Rank: 1, Gender: Female, HP IV: 28(0%), ATK IV: 79(0%), DEF IV: 82(0%), Work Speed: (0%), Skills: Masochist
Chikipi, Level: 4, Rank: 1, Gender: Male, HP IV: 30(0%), ATK IV: 28(0%), DEF IV: 56(0%), Work Speed: (0%), Skills: Impatient, Cheery
Chikipi, Level: 4, Rank: 1, Gender: Male, HP IV: 9(0%), ATK IV: 70(0%), DEF IV: 38(0%), Work Speed: (0%), Skills: Pacifist
Chikipi, Level: 6, Rank: 1, Gender: Female, HP IV: 54(0%), ATK IV: 99(0%), DEF IV: 27(0%), Work Speed: (0%), Skills: Diet Lover
Chikipi, Level: 7, Rank: 1, Gender: Male, HP IV: 83(0%), ATK IV: 26(0%), DEF IV: 51(0%), Work Speed: (0%), Skills: Bottomless Stomach
Cremis, Level: 4, Rank: 1, Gender: Male, HP IV: 50(0%), ATK IV: 19(0%), DEF IV: 88(0%), Work Speed: (0%), Skills: Motivational Leader
Cremis, Level: 5, Rank: 1, Gender: Male, HP IV: 31(0%), ATK IV: 40(0%), DEF IV: 10(0%), Work Speed: (0%), Skills: Impatient
Cremis, Level: 5, Rank: 1, Gender: Male, HP IV: 50(0%), ATK IV: 98(0%), DEF IV: 72(0%), Work Speed: (0%), Skills: Coward
Cremis, Level: 5, Rank: 1, Gender: Male, HP IV: 6(0%), ATK IV: 79(0%), DEF IV: 22(0%), Work Speed: (0%), Skills: Nocturnal
Cremis, Level: 7, Rank: 1, Gender: Male, HP IV: 44(0%), ATK IV: 61(0%), DEF IV: 48(0%), Work Speed: (0%), Skills: Slacker
Depresso, Level: 10, Rank: 1, Gender: Female, HP IV: 87(0%), ATK IV: 71(0%), DEF IV: 55(0%), Work Speed: (0%)
Direhowl, Level: 7, Rank: 1, Gender: Male, HP IV: 74(0%), ATK IV: 10(0%), DEF IV: 20(0%), Work Speed: (0%), Skills: Downtrodden
Direhowl, Level: 8, Rank: 1, Gender: Female, HP IV: 58(0%), ATK IV: 89(0%), DEF IV: 80(0%), Work Speed: (0%), Skills: Ferocious
Eikthyrdeer, Level: 11, Rank: 1, Gender: Male, HP IV: 4(0%), ATK IV: 7(0%), DEF IV: 56(0%), Work Speed: (0%), Skills: Hooligan
Eikthyrdeer, Level: 12, Rank: 1, Gender: Male, HP IV: 92(0%), ATK IV: 51(0%), DEF IV: 64(0%), Work Speed: (0%), Skills: Positive Thinker
Eikthyrdeer, Level: 8, Rank: 1, Gender: Male, HP IV: 9(0%), ATK IV: 21(0%), DEF IV: 96(0%), Work Speed: (0%), Skills: Masochist, Mine Foreman
Fuack, Level: 10, Rank: 1, Gender: Male, HP IV: 33(0%), ATK IV: 76(0%), DEF IV: 59(0%), Work Speed: (0%), Skills: Destructive
Gumoss, Level: 10, Rank: 1, Gender: Female, HP IV: 17(0%), ATK IV: 50(0%), DEF IV: 0(0%), Work Speed: (0%), Skills: Capacitor
Gumoss, Level: 11, Rank: 1, Gender: Male, HP IV: 38(0%), ATK IV: 63(0%), DEF IV: 42(0%), Work Speed: (0%), Skills: Impatient
Gumoss, Level: 4, Rank: 1, Gender: Male, HP IV: 45(0%), ATK IV: 72(0%), DEF IV: 58(0%), Work Speed: (0%), Skills: Brittle
Gumoss, Level: 5, Rank: 1, Gender: Female, HP IV: 41(0%), ATK IV: 9(0%), DEF IV: 72(0%), Work Speed: (0%), Skills: Diet Lover
Hoocrates, Level: 10, Rank: 1, Gender: Male, HP IV: 26(0%), ATK IV: 62(0%), DEF IV: 17(0%), Work Speed: (0%), Skills: Shabby
Lamball, Level: 2, Rank: 1, Gender: Female, HP IV: 92(0%), ATK IV: 0(0%), DEF IV: 99(0%), Work Speed: (0%), Skills: Hooligan
Lamball, Level: 4, Rank: 1, Gender: Male, HP IV: 52(0%), ATK IV: 26(0%), DEF IV: 27(0%), Work Speed: (0%)
Lamball, Level: 6, Rank: 1, Gender: Male, HP IV: 12(0%), ATK IV: 2(0%), DEF IV: 28(0%), Work Speed: (0%), Skills: Philantropist
Lifmunk, Level: 11, Rank: 1, Gender: Male, HP IV: 30(0%), ATK IV: 56(0%), DEF IV: 89(0%), Work Speed: (0%), Skills: Insulated Body
Lifmunk, Level: 12, Rank: 1, Gender: Male, HP IV: 82(0%), ATK IV: 85(0%), DEF IV: 36(0%), Work Speed: (0%), Skills: Pacifist
Melpaca, Level: 8, Rank: 1, Gender: Male, HP IV: 23(0%), ATK IV: 2(0%), DEF IV: 24(0%), Work Speed: (0%), Skills: Mercy hit
Nox, Level: 9, Rank: 1, Gender: Male, HP IV: 13(0%), ATK IV: 34(0%), DEF IV: 34(0%), Work Speed: (0%), Skills: Ferocious
Rooby, Level: 10, Rank: 1, Gender: Female, HP IV: 27(0%), ATK IV: 27(0%), DEF IV: 36(0%), Work Speed: (0%), Skills: Cheery
Rooby, Level: 11, Rank: 1, Gender: Male, HP IV: 25(0%), ATK IV: 18(0%), DEF IV: 52(0%), Work Speed: (0%), Skills: Destructive
Rushoar, Level: 11, Rank: 1, Gender: Male, HP IV: 78(0%), ATK IV: 69(0%), DEF IV: 64(0%), Work Speed: (0%), Skills: Destructive
Syndicate Thug (Bat), Level: 7, Rank: 1, Gender: Unknown, HP IV: 69(0%), ATK IV: 10(0%), DEF IV: 70(0%), Work Speed: (0%), Skills: Blood of the Dragon, Capacitor
Berto's 36 Pals
---------------
Cattiva, Level: 10, Rank: 1, Gender: Male, HP IV: 41(0%), ATK IV: 44(0%), DEF IV: 13(0%), Work Speed: (0%), Skills: Coward, Fit as a Fiddle
Cattiva, Level: 10, Rank: 1, Gender: Male, HP IV: 48(0%), ATK IV: 87(0%), DEF IV: 47(0%), Work Speed: (0%), Skills: Coward, Impatient, Nimble
Cattiva, Level: 3, Rank: 1, Gender: Male, HP IV: 57(0%), ATK IV: 74(0%), DEF IV: 32(0%), Work Speed: (0%), Skills: Coward, Clumsy, Nocturnal, Ferocious
Chikipi, Level: 4, Rank: 1, Gender: Female, HP IV: 28(0%), ATK IV: 79(0%), DEF IV: 82(0%), Work Speed: (0%), Skills: Masochist
Chikipi, Level: 4, Rank: 1, Gender: Male, HP IV: 30(0%), ATK IV: 28(0%), DEF IV: 56(0%), Work Speed: (0%), Skills: Impatient, Cheery
Chikipi, Level: 4, Rank: 1, Gender: Male, HP IV: 9(0%), ATK IV: 70(0%), DEF IV: 38(0%), Work Speed: (0%), Skills: Pacifist
Chikipi, Level: 6, Rank: 1, Gender: Female, HP IV: 54(0%), ATK IV: 99(0%), DEF IV: 27(0%), Work Speed: (0%), Skills: Diet Lover
Chikipi, Level: 7, Rank: 1, Gender: Male, HP IV: 83(0%), ATK IV: 26(0%), DEF IV: 51(0%), Work Speed: (0%), Skills: Bottomless Stomach
Cremis, Level: 4, Rank: 1, Gender: Male, HP IV: 50(0%), ATK IV: 19(0%), DEF IV: 88(0%), Work Speed: (0%), Skills: Motivational Leader
Cremis, Level: 5, Rank: 1, Gender: Male, HP IV: 31(0%), ATK IV: 40(0%), DEF IV: 10(0%), Work Speed: (0%), Skills: Impatient
Cremis, Level: 5, Rank: 1, Gender: Male, HP IV: 50(0%), ATK IV: 98(0%), DEF IV: 72(0%), Work Speed: (0%), Skills: Coward
Cremis, Level: 5, Rank: 1, Gender: Male, HP IV: 6(0%), ATK IV: 79(0%), DEF IV: 22(0%), Work Speed: (0%), Skills: Nocturnal
Cremis, Level: 7, Rank: 1, Gender: Male, HP IV: 44(0%), ATK IV: 61(0%), DEF IV: 48(0%), Work Speed: (0%), Skills: Slacker
Depresso, Level: 10, Rank: 1, Gender: Female, HP IV: 87(0%), ATK IV: 71(0%), DEF IV: 55(0%), Work Speed: (0%)
Direhowl, Level: 7, Rank: 1, Gender: Male, HP IV: 74(0%), ATK IV: 10(0%), DEF IV: 20(0%), Work Speed: (0%), Skills: Downtrodden
Direhowl, Level: 8, Rank: 1, Gender: Female, HP IV: 58(0%), ATK IV: 89(0%), DEF IV: 80(0%), Work Speed: (0%), Skills: Ferocious
Eikthyrdeer, Level: 11, Rank: 1, Gender: Male, HP IV: 4(0%), ATK IV: 7(0%), DEF IV: 56(0%), Work Speed: (0%), Skills: Hooligan
Eikthyrdeer, Level: 12, Rank: 1, Gender: Male, HP IV: 92(0%), ATK IV: 51(0%), DEF IV: 64(0%), Work Speed: (0%), Skills: Positive Thinker
Eikthyrdeer, Level: 8, Rank: 1, Gender: Male, HP IV: 9(0%), ATK IV: 21(0%), DEF IV: 96(0%), Work Speed: (0%), Skills: Masochist, Mine Foreman
Fuack, Level: 10, Rank: 1, Gender: Male, HP IV: 33(0%), ATK IV: 76(0%), DEF IV: 59(0%), Work Speed: (0%), Skills: Destructive
Gumoss, Level: 10, Rank: 1, Gender: Female, HP IV: 17(0%), ATK IV: 50(0%), DEF IV: 0(0%), Work Speed: (0%), Skills: Capacitor
Gumoss, Level: 11, Rank: 1, Gender: Male, HP IV: 38(0%), ATK IV: 63(0%), DEF IV: 42(0%), Work Speed: (0%), Skills: Impatient
Gumoss, Level: 4, Rank: 1, Gender: Male, HP IV: 45(0%), ATK IV: 72(0%), DEF IV: 58(0%), Work Speed: (0%), Skills: Brittle
Gumoss, Level: 5, Rank: 1, Gender: Female, HP IV: 41(0%), ATK IV: 9(0%), DEF IV: 72(0%), Work Speed: (0%), Skills: Diet Lover
Hoocrates, Level: 10, Rank: 1, Gender: Male, HP IV: 26(0%), ATK IV: 62(0%), DEF IV: 17(0%), Work Speed: (0%), Skills: Shabby
Lamball, Level: 2, Rank: 1, Gender: Female, HP IV: 92(0%), ATK IV: 0(0%), DEF IV: 99(0%), Work Speed: (0%), Skills: Hooligan
Lamball, Level: 4, Rank: 1, Gender: Male, HP IV: 52(0%), ATK IV: 26(0%), DEF IV: 27(0%), Work Speed: (0%)
Lamball, Level: 6, Rank: 1, Gender: Male, HP IV: 12(0%), ATK IV: 2(0%), DEF IV: 28(0%), Work Speed: (0%), Skills: Philantropist
Lifmunk, Level: 11, Rank: 1, Gender: Male, HP IV: 30(0%), ATK IV: 56(0%), DEF IV: 89(0%), Work Speed: (0%), Skills: Insulated Body
Lifmunk, Level: 12, Rank: 1, Gender: Male, HP IV: 82(0%), ATK IV: 85(0%), DEF IV: 36(0%), Work Speed: (0%), Skills: Pacifist
Melpaca, Level: 8, Rank: 1, Gender: Male, HP IV: 23(0%), ATK IV: 2(0%), DEF IV: 24(0%), Work Speed: (0%), Skills: Mercy hit
Nox, Level: 9, Rank: 1, Gender: Male, HP IV: 13(0%), ATK IV: 34(0%), DEF IV: 34(0%), Work Speed: (0%), Skills: Ferocious
Rooby, Level: 10, Rank: 1, Gender: Female, HP IV: 27(0%), ATK IV: 27(0%), DEF IV: 36(0%), Work Speed: (0%), Skills: Cheery
Rooby, Level: 11, Rank: 1, Gender: Male, HP IV: 25(0%), ATK IV: 18(0%), DEF IV: 52(0%), Work Speed: (0%), Skills: Destructive
Rushoar, Level: 11, Rank: 1, Gender: Male, HP IV: 78(0%), ATK IV: 69(0%), DEF IV: 64(0%), Work Speed: (0%), Skills: Destructive
Syndicate Thug (Bat), Level: 7, Rank: 1, Gender: Unknown, HP IV: 69(0%), ATK IV: 10(0%), DEF IV: 70(0%), Work Speed: (0%), Skills: Blood of the Dragon, Capacitor
