BigBootyJudy's 46 Pals
----------------------
Cattiva, Level: 11, Rank: 1, Gender: Female, HP IV: 55(0%), ATK IV: 80(0%), DEF IV: 4(0%), Work Speed: (0%), Skills: Coward, Diet Lover, Destructive
Cattiva, Level: 2, Rank: 1, Gender: Female, HP IV: 87(0%), ATK IV: 97(0%), DEF IV: 42(0%), Work Speed: (0%), Skills: Coward, Nocturnal
Cattiva, Level: 3, Rank: 1, Gender: Male, HP IV: 95(0%), ATK IV: 32(0%), DEF IV: 100(0%), Work Speed: (0%), Skills: Coward, Positive Thinker
Cattiva, Level: 4, Rank: 1, Gender: Female, HP IV: 51(0%), ATK IV: 61(0%), DEF IV: 41(0%), Work Speed: (0%), Skills: Coward, Bottomless Stomach
Cattiva, Level: 4, Rank: 1, Gender: Male, HP IV: 50(0%), ATK IV: 87(0%), DEF IV: 58(0%), Work Speed: (0%), Skills: Coward
Cattiva, Level: 4, Rank: 1, Gender: Male, HP IV: 93(0%), ATK IV: 53(0%), DEF IV: 99(0%), Work Speed: (0%), Skills: Coward, Burly Body
Cattiva, Level: 4, Rank: 1, Gender: Male, HP IV: 94(0%), ATK IV: 5(0%), DEF IV: 38(0%), Work Speed: (0%), Skills: Coward, Nimble, Logging Foreman
Celaray, Level: 3, Rank: 1, Gender: Female, HP IV: 7(0%), ATK IV: 51(0%), DEF IV: 91(0%), Work Speed: (0%), Skills: Infinite Stamina
Chikipi, Level: 2, Rank: 1, Gender: Male, HP IV: 3(0%), ATK IV: 94(0%), DEF IV: 0(0%), Work Speed: (0%), Skills: Insulated Body
Chikipi, Level: 3, Rank: 1, Gender: Female, HP IV: 90(0%), ATK IV: 4(0%), DEF IV: 38(0%), Work Speed: (0%), Skills: Hard Skin
Chikipi, Level: 4, Rank: 1, Gender: Female, HP IV: 12(0%), ATK IV: 78(0%), DEF IV: 82(0%), Work Speed: (0%), Skills: Infinite Stamina, Nimble
Chikipi, Level: 4, Rank: 1, Gender: Female, HP IV: 29(0%), ATK IV: 15(0%), DEF IV: 92(0%), Work Speed: (0%), Skills: Fragrant Foliage
Chikipi, Level: 4, Rank: 1, Gender: Female, HP IV: 5(0%), ATK IV: 20(0%), DEF IV: 25(0%), Work Speed: (0%), Skills: Ferocious
Cremis, Level: 3, Rank: 1, Gender: Female, HP IV: 0(0%), ATK IV: 41(0%), DEF IV: 76(0%), Work Speed: (0%)
Cremis, Level: 4, Rank: 1, Gender: Female, HP IV: 13(0%), ATK IV: 53(0%), DEF IV: 27(0%), Work Speed: (0%), Skills: Bottomless Stomach, Dragonkiller, Brave
Cremis, Level: 4, Rank: 1, Gender: Male, HP IV: 42(0%), ATK IV: 80(0%), DEF IV: 33(0%), Work Speed: (0%), Skills: Zen Mind, Dainty Eater
Cremis, Level: 6, Rank: 1, Gender: Male, HP IV: 57(0%), ATK IV: 75(0%), DEF IV: 32(0%), Work Speed: (0%), Skills: Unstable
Depresso, Level: 3, Rank: 1, Gender: Male, HP IV: 3(0%), ATK IV: 14(0%), DEF IV: 65(0%), Work Speed: (0%), Skills: Burly Body, Earthquake Resistant, Glutton, Logging Foreman
Depresso, Level: 7, Rank: 1, Gender: Female, HP IV: 58(0%), ATK IV: 37(0%), DEF IV: 62(0%), Work Speed: (0%), Skills: Clumsy
Direhowl, Level: 7, Rank: 1, Gender: Female, HP IV: 22(0%), ATK IV: 96(0%), DEF IV: 91(0%), Work Speed: (0%), Skills: Slacker, Hooligan
Foxparks, Level: 11, Rank: 1, Gender: Female, HP IV: 2(0%), ATK IV: 91(0%), DEF IV: 1(0%), Work Speed: (0%), Skills: Abnormal, Zen Mind
Foxparks, Level: 11, Rank: 1, Gender: Female, HP IV: 46(0%), ATK IV: 35(0%), DEF IV: 87(0%), Work Speed: (0%), Skills: Serenity
Foxparks, Level: 11, Rank: 1, Gender: Male, HP IV: 23(0%), ATK IV: 0(0%), DEF IV: 69(0%), Work Speed: (0%), Skills: Slacker
Fuack, Level: 3, Rank: 1, Gender: Male, HP IV: 40(0%), ATK IV: 59(0%), DEF IV: 29(0%), Work Speed: (0%)
Fuack, Level: 5, Rank: 1, Gender: Male, HP IV: 0(0%), ATK IV: 65(0%), DEF IV: 45(0%), Work Speed: (0%), Skills: Work Slave
Gumoss, Level: 5, Rank: 1, Gender: Male, HP IV: 88(0%), ATK IV: 1(0%), DEF IV: 56(0%), Work Speed: (0%)
Hoocrates, Level: 6, Rank: 1, Gender: Female, HP IV: 14(0%), ATK IV: 53(0%), DEF IV: 33(0%), Work Speed: (0%), Skills: Nocturnal
Hoocrates, Level: 6, Rank: 1, Gender: Female, HP IV: 83(0%), ATK IV: 74(0%), DEF IV: 82(0%), Work Speed: (0%), Skills: Ferocious
Lamball, Level: 1, Rank: 1, Gender: Female, HP IV: 52(0%), ATK IV: 61(0%), DEF IV: 2(0%), Work Speed: (0%)
Lamball, Level: 11, Rank: 1, Gender: Male, HP IV: 20(0%), ATK IV: 10(0%), DEF IV: 95(0%), Work Speed: (0%)
Lamball, Level: 2, Rank: 1, Gender: Female, HP IV: 5(0%), ATK IV: 31(0%), DEF IV: 43(0%), Work Speed: (0%), Skills: Positive Thinker
Lamball, Level: 3, Rank: 1, Gender: Female, HP IV: 49(0%), ATK IV: 96(0%), DEF IV: 82(0%), Work Speed: (0%), Skills: Stronghold Strategist
Lamball, Level: 3, Rank: 1, Gender: Female, HP IV: 66(0%), ATK IV: 22(0%), DEF IV: 94(0%), Work Speed: (0%), Skills: Positive Thinker
Lamball, Level: 3, Rank: 1, Gender: Female, HP IV: 7(0%), ATK IV: 20(0%), DEF IV: 18(0%), Work Speed: (0%), Skills: Runner
Lamball, Level: 4, Rank: 1, Gender: Female, HP IV: 72(0%), ATK IV: 48(0%), DEF IV: 9(0%), Work Speed: (0%), Skills: Nocturnal
Lamball, Level: 4, Rank: 1, Gender: Male, HP IV: 83(0%), ATK IV: 83(0%), DEF IV: 93(0%), Work Speed: (0%), Skills: Logging Foreman, Masochist
Lamball, Level: 5, Rank: 1, Gender: Female, HP IV: 39(0%), ATK IV: 57(0%), DEF IV: 21(0%), Work Speed: (0%), Skills: Diet Lover
Lifmunk, Level: 5, Rank: 1, Gender: Male, HP IV: 64(0%), ATK IV: 45(0%), DEF IV: 46(0%), Work Speed: (0%), Skills: Botanical Barrier, Downtrodden
Melpaca, Level: 7, Rank: 1, Gender: Female, HP IV: 87(0%), ATK IV: 95(0%), DEF IV: 40(0%), Work Speed: (0%), Skills: Stronghold Strategist
Nitewing, Level: 13, Rank: 1, Gender: Female, HP IV: 8(0%), ATK IV: 28(0%), DEF IV: 5(0%), Work Speed: (0%), Skills: Zen Mind, Hooligan
Rooby, Level: 2, Rank: 1, Gender: Female, HP IV: 13(0%), ATK IV: 98(0%), DEF IV: 87(0%), Work Speed: (0%), Skills: Infinite Stamina
Rooby, Level: 2, Rank: 1, Gender: Male, HP IV: 38(0%), ATK IV: 69(0%), DEF IV: 23(0%), Work Speed: (0%), Skills: Downtrodden
Rooby, Level: 3, Rank: 1, Gender: Male, HP IV: 63(0%), ATK IV: 28(0%), DEF IV: 86(0%), Work Speed: (0%), Skills: Zen Mind
Rooby, Level: 4, Rank: 1, Gender: Female, HP IV: 88(0%), ATK IV: 32(0%), DEF IV: 44(0%), Work Speed: (0%), Skills: Hard Skin
Rooby, Level: 5, Rank: 1, Gender: Male, HP IV: 70(0%), ATK IV: 28(0%), DEF IV: 84(0%), Work Speed: (0%), Skills: Hydromaniac
Rushoar, Level: 2, Rank: 1, Gender: Female, HP IV: 94(0%), ATK IV: 6(0%), DEF IV: 78(0%), Work Speed: (0%), Skills: Brittle
BigBootyJudy's 46 Pals
----------------------
Cattiva, Level: 11, Rank: 1, Gender: Female, HP IV: 55(0%), ATK IV: 80(0%), DEF IV: 4(0%), Work Speed: (0%), Skills: Coward, Diet Lover, Destructive
Cattiva, Level: 2, Rank: 1, Gender: Female, HP IV: 87(0%), ATK IV: 97(0%), DEF IV: 42(0%), Work Speed: (0%), Skills: Coward, Nocturnal
Cattiva, Level: 3, Rank: 1, Gender: Male, HP IV: 95(0%), ATK IV: 32(0%), DEF IV: 100(0%), Work Speed: (0%), Skills: Coward, Positive Thinker
Cattiva, Level: 4, Rank: 1, Gender: Female, HP IV: 51(0%), ATK IV: 61(0%), DEF IV: 41(0%), Work Speed: (0%), Skills: Coward, Bottomless Stomach
Cattiva, Level: 4, Rank: 1, Gender: Male, HP IV: 50(0%), ATK IV: 87(0%), DEF IV: 58(0%), Work Speed: (0%), Skills: Coward
Cattiva, Level: 4, Rank: 1, Gender: Male, HP IV: 93(0%), ATK IV: 53(0%), DEF IV: 99(0%), Work Speed: (0%), Skills: Coward, Burly Body
Cattiva, Level: 4, Rank: 1, Gender: Male, HP IV: 94(0%), ATK IV: 5(0%), DEF IV: 38(0%), Work Speed: (0%), Skills: Coward, Nimble, Logging Foreman
Celaray, Level: 3, Rank: 1, Gender: Female, HP IV: 7(0%), ATK IV: 51(0%), DEF IV: 91(0%), Work Speed: (0%), Skills: Infinite Stamina
Chikipi, Level: 2, Rank: 1, Gender: Male, HP IV: 3(0%), ATK IV: 94(0%), DEF IV: 0(0%), Work Speed: (0%), Skills: Insulated Body
Chikipi, Level: 3, Rank: 1, Gender: Female, HP IV: 90(0%), ATK IV: 4(0%), DEF IV: 38(0%), Work Speed: (0%), Skills: Hard Skin
Chikipi, Level: 4, Rank: 1, Gender: Female, HP IV: 12(0%), ATK IV: 78(0%), DEF IV: 82(0%), Work Speed: (0%), Skills: Infinite Stamina, Nimble
Chikipi, Level: 4, Rank: 1, Gender: Female, HP IV: 29(0%), ATK IV: 15(0%), DEF IV: 92(0%), Work Speed: (0%), Skills: Fragrant Foliage
Chikipi, Level: 4, Rank: 1, Gender: Female, HP IV: 5(0%), ATK IV: 20(0%), DEF IV: 25(0%), Work Speed: (0%), Skills: Ferocious
Cremis, Level: 3, Rank: 1, Gender: Female, HP IV: 0(0%), ATK IV: 41(0%), DEF IV: 76(0%), Work Speed: (0%)
Cremis, Level: 4, Rank: 1, Gender: Female, HP IV: 13(0%), ATK IV: 53(0%), DEF IV: 27(0%), Work Speed: (0%), Skills: Bottomless Stomach, Dragonkiller, Brave
Cremis, Level: 4, Rank: 1, Gender: Male, HP IV: 42(0%), ATK IV: 80(0%), DEF IV: 33(0%), Work Speed: (0%), Skills: Zen Mind, Dainty Eater
Cremis, Level: 6, Rank: 1, Gender: Male, HP IV: 57(0%), ATK IV: 75(0%), DEF IV: 32(0%), Work Speed: (0%), Skills: Unstable
Depresso, Level: 3, Rank: 1, Gender: Male, HP IV: 3(0%), ATK IV: 14(0%), DEF IV: 65(0%), Work Speed: (0%), Skills: Burly Body, Earthquake Resistant, Glutton, Logging Foreman
Depresso, Level: 7, Rank: 1, Gender: Female, HP IV: 58(0%), ATK IV: 37(0%), DEF IV: 62(0%), Work Speed: (0%), Skills: Clumsy
Direhowl, Level: 7, Rank: 1, Gender: Female, HP IV: 22(0%), ATK IV: 96(0%), DEF IV: 91(0%), Work Speed: (0%), Skills: Slacker, Hooligan
Foxparks, Level: 11, Rank: 1, Gender: Female, HP IV: 2(0%), ATK IV: 91(0%), DEF IV: 1(0%), Work Speed: (0%), Skills: Abnormal, Zen Mind
Foxparks, Level: 11, Rank: 1, Gender: Female, HP IV: 46(0%), ATK IV: 35(0%), DEF IV: 87(0%), Work Speed: (0%), Skills: Serenity
Foxparks, Level: 11, Rank: 1, Gender: Male, HP IV: 23(0%), ATK IV: 0(0%), DEF IV: 69(0%), Work Speed: (0%), Skills: Slacker
Fuack, Level: 3, Rank: 1, Gender: Male, HP IV: 40(0%), ATK IV: 59(0%), DEF IV: 29(0%), Work Speed: (0%)
Fuack, Level: 5, Rank: 1, Gender: Male, HP IV: 0(0%), ATK IV: 65(0%), DEF IV: 45(0%), Work Speed: (0%), Skills: Work Slave
Gumoss, Level: 5, Rank: 1, Gender: Male, HP IV: 88(0%), ATK IV: 1(0%), DEF IV: 56(0%), Work Speed: (0%)
Hoocrates, Level: 6, Rank: 1, Gender: Female, HP IV: 14(0%), ATK IV: 53(0%), DEF IV: 33(0%), Work Speed: (0%), Skills: Nocturnal
Hoocrates, Level: 6, Rank: 1, Gender: Female, HP IV: 83(0%), ATK IV: 74(0%), DEF IV: 82(0%), Work Speed: (0%), Skills: Ferocious
Lamball, Level: 1, Rank: 1, Gender: Female, HP IV: 52(0%), ATK IV: 61(0%), DEF IV: 2(0%), Work Speed: (0%)
Lamball, Level: 11, Rank: 1, Gender: Male, HP IV: 20(0%), ATK IV: 10(0%), DEF IV: 95(0%), Work Speed: (0%)
Lamball, Level: 2, Rank: 1, Gender: Female, HP IV: 5(0%), ATK IV: 31(0%), DEF IV: 43(0%), Work Speed: (0%), Skills: Positive Thinker
Lamball, Level: 3, Rank: 1, Gender: Female, HP IV: 49(0%), ATK IV: 96(0%), DEF IV: 82(0%), Work Speed: (0%), Skills: Stronghold Strategist
Lamball, Level: 3, Rank: 1, Gender: Female, HP IV: 66(0%), ATK IV: 22(0%), DEF IV: 94(0%), Work Speed: (0%), Skills: Positive Thinker
Lamball, Level: 3, Rank: 1, Gender: Female, HP IV: 7(0%), ATK IV: 20(0%), DEF IV: 18(0%), Work Speed: (0%), Skills: Runner
Lamball, Level: 4, Rank: 1, Gender: Female, HP IV: 72(0%), ATK IV: 48(0%), DEF IV: 9(0%), Work Speed: (0%), Skills: Nocturnal
Lamball, Level: 4, Rank: 1, Gender: Male, HP IV: 83(0%), ATK IV: 83(0%), DEF IV: 93(0%), Work Speed: (0%), Skills: Logging Foreman, Masochist
Lamball, Level: 5, Rank: 1, Gender: Female, HP IV: 39(0%), ATK IV: 57(0%), DEF IV: 21(0%), Work Speed: (0%), Skills: Diet Lover
Lifmunk, Level: 5, Rank: 1, Gender: Male, HP IV: 64(0%), ATK IV: 45(0%), DEF IV: 46(0%), Work Speed: (0%), Skills: Botanical Barrier, Downtrodden
Melpaca, Level: 7, Rank: 1, Gender: Female, HP IV: 87(0%), ATK IV: 95(0%), DEF IV: 40(0%), Work Speed: (0%), Skills: Stronghold Strategist
Nitewing, Level: 13, Rank: 1, Gender: Female, HP IV: 8(0%), ATK IV: 28(0%), DEF IV: 5(0%), Work Speed: (0%), Skills: Zen Mind, Hooligan
Rooby, Level: 2, Rank: 1, Gender: Female, HP IV: 13(0%), ATK IV: 98(0%), DEF IV: 87(0%), Work Speed: (0%), Skills: Infinite Stamina
Rooby, Level: 2, Rank: 1, Gender: Male, HP IV: 38(0%), ATK IV: 69(0%), DEF IV: 23(0%), Work Speed: (0%), Skills: Downtrodden
Rooby, Level: 3, Rank: 1, Gender: Male, HP IV: 63(0%), ATK IV: 28(0%), DEF IV: 86(0%), Work Speed: (0%), Skills: Zen Mind
Rooby, Level: 4, Rank: 1, Gender: Female, HP IV: 88(0%), ATK IV: 32(0%), DEF IV: 44(0%), Work Speed: (0%), Skills: Hard Skin
Rooby, Level: 5, Rank: 1, Gender: Male, HP IV: 70(0%), ATK IV: 28(0%), DEF IV: 84(0%), Work Speed: (0%), Skills: Hydromaniac
Rushoar, Level: 2, Rank: 1, Gender: Female, HP IV: 94(0%), ATK IV: 6(0%), DEF IV: 78(0%), Work Speed: (0%), Skills: Brittle
BigBootyJudy's 46 Pals
----------------------
Cattiva, Level: 11, Rank: 1, Gender: Female, HP IV: 55(0%), ATK IV: 80(0%), DEF IV: 4(0%), Work Speed: (0%), Skills: Coward, Diet Lover, Destructive
Cattiva, Level: 2, Rank: 1, Gender: Female, HP IV: 87(0%), ATK IV: 97(0%), DEF IV: 42(0%), Work Speed: (0%), Skills: Coward, Nocturnal
Cattiva, Level: 3, Rank: 1, Gender: Male, HP IV: 95(0%), ATK IV: 32(0%), DEF IV: 100(0%), Work Speed: (0%), Skills: Coward, Positive Thinker
Cattiva, Level: 4, Rank: 1, Gender: Female, HP IV: 51(0%), ATK IV: 61(0%), DEF IV: 41(0%), Work Speed: (0%), Skills: Coward, Bottomless Stomach
Cattiva, Level: 4, Rank: 1, Gender: Male, HP IV: 50(0%), ATK IV: 87(0%), DEF IV: 58(0%), Work Speed: (0%), Skills: Coward
Cattiva, Level: 4, Rank: 1, Gender: Male, HP IV: 93(0%), ATK IV: 53(0%), DEF IV: 99(0%), Work Speed: (0%), Skills: Coward, Burly Body
Cattiva, Level: 4, Rank: 1, Gender: Male, HP IV: 94(0%), ATK IV: 5(0%), DEF IV: 38(0%), Work Speed: (0%), Skills: Coward, Nimble, Logging Foreman
Celaray, Level: 3, Rank: 1, Gender: Female, HP IV: 7(0%), ATK IV: 51(0%), DEF IV: 91(0%), Work Speed: (0%), Skills: Infinite Stamina
Chikipi, Level: 2, Rank: 1, Gender: Male, HP IV: 3(0%), ATK IV: 94(0%), DEF IV: 0(0%), Work Speed: (0%), Skills: Insulated Body
Chikipi, Level: 3, Rank: 1, Gender: Female, HP IV: 90(0%), ATK IV: 4(0%), DEF IV: 38(0%), Work Speed: (0%), Skills: Hard Skin
Chikipi, Level: 4, Rank: 1, Gender: Female, HP IV: 12(0%), ATK IV: 78(0%), DEF IV: 82(0%), Work Speed: (0%), Skills: Infinite Stamina, Nimble
Chikipi, Level: 4, Rank: 1, Gender: Female, HP IV: 29(0%), ATK IV: 15(0%), DEF IV: 92(0%), Work Speed: (0%), Skills: Fragrant Foliage
Chikipi, Level: 4, Rank: 1, Gender: Female, HP IV: 5(0%), ATK IV: 20(0%), DEF IV: 25(0%), Work Speed: (0%), Skills: Ferocious
Cremis, Level: 3, Rank: 1, Gender: Female, HP IV: 0(0%), ATK IV: 41(0%), DEF IV: 76(0%), Work Speed: (0%)
Cremis, Level: 4, Rank: 1, Gender: Female, HP IV: 13(0%), ATK IV: 53(0%), DEF IV: 27(0%), Work Speed: (0%), Skills: Bottomless Stomach, Dragonkiller, Brave
Cremis, Level: 4, Rank: 1, Gender: Male, HP IV: 42(0%), ATK IV: 80(0%), DEF IV: 33(0%), Work Speed: (0%), Skills: Zen Mind, Dainty Eater
Cremis, Level: 6, Rank: 1, Gender: Male, HP IV: 57(0%), ATK IV: 75(0%), DEF IV: 32(0%), Work Speed: (0%), Skills: Unstable
Depresso, Level: 3, Rank: 1, Gender: Male, HP IV: 3(0%), ATK IV: 14(0%), DEF IV: 65(0%), Work Speed: (0%), Skills: Burly Body, Earthquake Resistant, Glutton, Logging Foreman
Depresso, Level: 7, Rank: 1, Gender: Female, HP IV: 58(0%), ATK IV: 37(0%), DEF IV: 62(0%), Work Speed: (0%), Skills: Clumsy
Direhowl, Level: 7, Rank: 1, Gender: Female, HP IV: 22(0%), ATK IV: 96(0%), DEF IV: 91(0%), Work Speed: (0%), Skills: Slacker, Hooligan
Foxparks, Level: 11, Rank: 1, Gender: Female, HP IV: 2(0%), ATK IV: 91(0%), DEF IV: 1(0%), Work Speed: (0%), Skills: Abnormal, Zen Mind
Foxparks, Level: 11, Rank: 1, Gender: Female, HP IV: 46(0%), ATK IV: 35(0%), DEF IV: 87(0%), Work Speed: (0%), Skills: Serenity
Foxparks, Level: 11, Rank: 1, Gender: Male, HP IV: 23(0%), ATK IV: 0(0%), DEF IV: 69(0%), Work Speed: (0%), Skills: Slacker
Fuack, Level: 3, Rank: 1, Gender: Male, HP IV: 40(0%), ATK IV: 59(0%), DEF IV: 29(0%), Work Speed: (0%)
Fuack, Level: 5, Rank: 1, Gender: Male, HP IV: 0(0%), ATK IV: 65(0%), DEF IV: 45(0%), Work Speed: (0%), Skills: Work Slave
Gumoss, Level: 5, Rank: 1, Gender: Male, HP IV: 88(0%), ATK IV: 1(0%), DEF IV: 56(0%), Work Speed: (0%)
Hoocrates, Level: 6, Rank: 1, Gender: Female, HP IV: 14(0%), ATK IV: 53(0%), DEF IV: 33(0%), Work Speed: (0%), Skills: Nocturnal
Hoocrates, Level: 6, Rank: 1, Gender: Female, HP IV: 83(0%), ATK IV: 74(0%), DEF IV: 82(0%), Work Speed: (0%), Skills: Ferocious
Lamball, Level: 1, Rank: 1, Gender: Female, HP IV: 52(0%), ATK IV: 61(0%), DEF IV: 2(0%), Work Speed: (0%)
Lamball, Level: 11, Rank: 1, Gender: Male, HP IV: 20(0%), ATK IV: 10(0%), DEF IV: 95(0%), Work Speed: (0%)
Lamball, Level: 2, Rank: 1, Gender: Female, HP IV: 5(0%), ATK IV: 31(0%), DEF IV: 43(0%), Work Speed: (0%), Skills: Positive Thinker
Lamball, Level: 3, Rank: 1, Gender: Female, HP IV: 49(0%), ATK IV: 96(0%), DEF IV: 82(0%), Work Speed: (0%), Skills: Stronghold Strategist
Lamball, Level: 3, Rank: 1, Gender: Female, HP IV: 66(0%), ATK IV: 22(0%), DEF IV: 94(0%), Work Speed: (0%), Skills: Positive Thinker
Lamball, Level: 3, Rank: 1, Gender: Female, HP IV: 7(0%), ATK IV: 20(0%), DEF IV: 18(0%), Work Speed: (0%), Skills: Runner
Lamball, Level: 4, Rank: 1, Gender: Female, HP IV: 72(0%), ATK IV: 48(0%), DEF IV: 9(0%), Work Speed: (0%), Skills: Nocturnal
Lamball, Level: 4, Rank: 1, Gender: Male, HP IV: 83(0%), ATK IV: 83(0%), DEF IV: 93(0%), Work Speed: (0%), Skills: Logging Foreman, Masochist
Lamball, Level: 5, Rank: 1, Gender: Female, HP IV: 39(0%), ATK IV: 57(0%), DEF IV: 21(0%), Work Speed: (0%), Skills: Diet Lover
Lifmunk, Level: 5, Rank: 1, Gender: Male, HP IV: 64(0%), ATK IV: 45(0%), DEF IV: 46(0%), Work Speed: (0%), Skills: Botanical Barrier, Downtrodden
Melpaca, Level: 7, Rank: 1, Gender: Female, HP IV: 87(0%), ATK IV: 95(0%), DEF IV: 40(0%), Work Speed: (0%), Skills: Stronghold Strategist
Nitewing, Level: 13, Rank: 1, Gender: Female, HP IV: 8(0%), ATK IV: 28(0%), DEF IV: 5(0%), Work Speed: (0%), Skills: Zen Mind, Hooligan
Rooby, Level: 2, Rank: 1, Gender: Female, HP IV: 13(0%), ATK IV: 98(0%), DEF IV: 87(0%), Work Speed: (0%), Skills: Infinite Stamina
Rooby, Level: 2, Rank: 1, Gender: Male, HP IV: 38(0%), ATK IV: 69(0%), DEF IV: 23(0%), Work Speed: (0%), Skills: Downtrodden
Rooby, Level: 3, Rank: 1, Gender: Male, HP IV: 63(0%), ATK IV: 28(0%), DEF IV: 86(0%), Work Speed: (0%), Skills: Zen Mind
Rooby, Level: 4, Rank: 1, Gender: Female, HP IV: 88(0%), ATK IV: 32(0%), DEF IV: 44(0%), Work Speed: (0%), Skills: Hard Skin
Rooby, Level: 5, Rank: 1, Gender: Male, HP IV: 70(0%), ATK IV: 28(0%), DEF IV: 84(0%), Work Speed: (0%), Skills: Hydromaniac
Rushoar, Level: 2, Rank: 1, Gender: Female, HP IV: 94(0%), ATK IV: 6(0%), DEF IV: 78(0%), Work Speed: (0%), Skills: Brittle
BigBootyJudy's 46 Pals
----------------------
Cattiva, Level: 11, Rank: 1, Gender: Female, HP IV: 55(0%), ATK IV: 80(0%), DEF IV: 4(0%), Work Speed: (0%), Skills: Coward, Diet Lover, Destructive
Cattiva, Level: 2, Rank: 1, Gender: Female, HP IV: 87(0%), ATK IV: 97(0%), DEF IV: 42(0%), Work Speed: (0%), Skills: Coward, Nocturnal
Cattiva, Level: 3, Rank: 1, Gender: Male, HP IV: 95(0%), ATK IV: 32(0%), DEF IV: 100(0%), Work Speed: (0%), Skills: Coward, Positive Thinker
Cattiva, Level: 4, Rank: 1, Gender: Female, HP IV: 51(0%), ATK IV: 61(0%), DEF IV: 41(0%), Work Speed: (0%), Skills: Coward, Bottomless Stomach
Cattiva, Level: 4, Rank: 1, Gender: Male, HP IV: 50(0%), ATK IV: 87(0%), DEF IV: 58(0%), Work Speed: (0%), Skills: Coward
Cattiva, Level: 4, Rank: 1, Gender: Male, HP IV: 93(0%), ATK IV: 53(0%), DEF IV: 99(0%), Work Speed: (0%), Skills: Coward, Burly Body
Cattiva, Level: 4, Rank: 1, Gender: Male, HP IV: 94(0%), ATK IV: 5(0%), DEF IV: 38(0%), Work Speed: (0%), Skills: Coward, Nimble, Logging Foreman
Celaray, Level: 3, Rank: 1, Gender: Female, HP IV: 7(0%), ATK IV: 51(0%), DEF IV: 91(0%), Work Speed: (0%), Skills: Infinite Stamina
Chikipi, Level: 2, Rank: 1, Gender: Male, HP IV: 3(0%), ATK IV: 94(0%), DEF IV: 0(0%), Work Speed: (0%), Skills: Insulated Body
Chikipi, Level: 3, Rank: 1, Gender: Female, HP IV: 90(0%), ATK IV: 4(0%), DEF IV: 38(0%), Work Speed: (0%), Skills: Hard Skin
Chikipi, Level: 4, Rank: 1, Gender: Female, HP IV: 12(0%), ATK IV: 78(0%), DEF IV: 82(0%), Work Speed: (0%), Skills: Infinite Stamina, Nimble
Chikipi, Level: 4, Rank: 1, Gender: Female, HP IV: 29(0%), ATK IV: 15(0%), DEF IV: 92(0%), Work Speed: (0%), Skills: Fragrant Foliage
Chikipi, Level: 4, Rank: 1, Gender: Female, HP IV: 5(0%), ATK IV: 20(0%), DEF IV: 25(0%), Work Speed: (0%), Skills: Ferocious
Cremis, Level: 3, Rank: 1, Gender: Female, HP IV: 0(0%), ATK IV: 41(0%), DEF IV: 76(0%), Work Speed: (0%)
Cremis, Level: 4, Rank: 1, Gender: Female, HP IV: 13(0%), ATK IV: 53(0%), DEF IV: 27(0%), Work Speed: (0%), Skills: Bottomless Stomach, Dragonkiller, Brave
Cremis, Level: 4, Rank: 1, Gender: Male, HP IV: 42(0%), ATK IV: 80(0%), DEF IV: 33(0%), Work Speed: (0%), Skills: Zen Mind, Dainty Eater
Cremis, Level: 6, Rank: 1, Gender: Male, HP IV: 57(0%), ATK IV: 75(0%), DEF IV: 32(0%), Work Speed: (0%), Skills: Unstable
Depresso, Level: 3, Rank: 1, Gender: Male, HP IV: 3(0%), ATK IV: 14(0%), DEF IV: 65(0%), Work Speed: (0%), Skills: Burly Body, Earthquake Resistant, Glutton, Logging Foreman
Depresso, Level: 7, Rank: 1, Gender: Female, HP IV: 58(0%), ATK IV: 37(0%), DEF IV: 62(0%), Work Speed: (0%), Skills: Clumsy
Direhowl, Level: 7, Rank: 1, Gender: Female, HP IV: 22(0%), ATK IV: 96(0%), DEF IV: 91(0%), Work Speed: (0%), Skills: Slacker, Hooligan
Foxparks, Level: 11, Rank: 1, Gender: Female, HP IV: 2(0%), ATK IV: 91(0%), DEF IV: 1(0%), Work Speed: (0%), Skills: Abnormal, Zen Mind
Foxparks, Level: 11, Rank: 1, Gender: Female, HP IV: 46(0%), ATK IV: 35(0%), DEF IV: 87(0%), Work Speed: (0%), Skills: Serenity
Foxparks, Level: 11, Rank: 1, Gender: Male, HP IV: 23(0%), ATK IV: 0(0%), DEF IV: 69(0%), Work Speed: (0%), Skills: Slacker
Fuack, Level: 3, Rank: 1, Gender: Male, HP IV: 40(0%), ATK IV: 59(0%), DEF IV: 29(0%), Work Speed: (0%)
Fuack, Level: 5, Rank: 1, Gender: Male, HP IV: 0(0%), ATK IV: 65(0%), DEF IV: 45(0%), Work Speed: (0%), Skills: Work Slave
Gumoss, Level: 5, Rank: 1, Gender: Male, HP IV: 88(0%), ATK IV: 1(0%), DEF IV: 56(0%), Work Speed: (0%)
Hoocrates, Level: 6, Rank: 1, Gender: Female, HP IV: 14(0%), ATK IV: 53(0%), DEF IV: 33(0%), Work Speed: (0%), Skills: Nocturnal
Hoocrates, Level: 6, Rank: 1, Gender: Female, HP IV: 83(0%), ATK IV: 74(0%), DEF IV: 82(0%), Work Speed: (0%), Skills: Ferocious
Lamball, Level: 1, Rank: 1, Gender: Female, HP IV: 52(0%), ATK IV: 61(0%), DEF IV: 2(0%), Work Speed: (0%)
Lamball, Level: 11, Rank: 1, Gender: Male, HP IV: 20(0%), ATK IV: 10(0%), DEF IV: 95(0%), Work Speed: (0%)
Lamball, Level: 2, Rank: 1, Gender: Female, HP IV: 5(0%), ATK IV: 31(0%), DEF IV: 43(0%), Work Speed: (0%), Skills: Positive Thinker
Lamball, Level: 3, Rank: 1, Gender: Female, HP IV: 49(0%), ATK IV: 96(0%), DEF IV: 82(0%), Work Speed: (0%), Skills: Stronghold Strategist
Lamball, Level: 3, Rank: 1, Gender: Female, HP IV: 66(0%), ATK IV: 22(0%), DEF IV: 94(0%), Work Speed: (0%), Skills: Positive Thinker
Lamball, Level: 3, Rank: 1, Gender: Female, HP IV: 7(0%), ATK IV: 20(0%), DEF IV: 18(0%), Work Speed: (0%), Skills: Runner
Lamball, Level: 4, Rank: 1, Gender: Female, HP IV: 72(0%), ATK IV: 48(0%), DEF IV: 9(0%), Work Speed: (0%), Skills: Nocturnal
Lamball, Level: 4, Rank: 1, Gender: Male, HP IV: 83(0%), ATK IV: 83(0%), DEF IV: 93(0%), Work Speed: (0%), Skills: Logging Foreman, Masochist
Lamball, Level: 5, Rank: 1, Gender: Female, HP IV: 39(0%), ATK IV: 57(0%), DEF IV: 21(0%), Work Speed: (0%), Skills: Diet Lover
Lifmunk, Level: 5, Rank: 1, Gender: Male, HP IV: 64(0%), ATK IV: 45(0%), DEF IV: 46(0%), Work Speed: (0%), Skills: Botanical Barrier, Downtrodden
Melpaca, Level: 7, Rank: 1, Gender: Female, HP IV: 87(0%), ATK IV: 95(0%), DEF IV: 40(0%), Work Speed: (0%), Skills: Stronghold Strategist
Nitewing, Level: 13, Rank: 1, Gender: Female, HP IV: 8(0%), ATK IV: 28(0%), DEF IV: 5(0%), Work Speed: (0%), Skills: Zen Mind, Hooligan
Rooby, Level: 2, Rank: 1, Gender: Female, HP IV: 13(0%), ATK IV: 98(0%), DEF IV: 87(0%), Work Speed: (0%), Skills: Infinite Stamina
Rooby, Level: 2, Rank: 1, Gender: Male, HP IV: 38(0%), ATK IV: 69(0%), DEF IV: 23(0%), Work Speed: (0%), Skills: Downtrodden
Rooby, Level: 3, Rank: 1, Gender: Male, HP IV: 63(0%), ATK IV: 28(0%), DEF IV: 86(0%), Work Speed: (0%), Skills: Zen Mind
Rooby, Level: 4, Rank: 1, Gender: Female, HP IV: 88(0%), ATK IV: 32(0%), DEF IV: 44(0%), Work Speed: (0%), Skills: Hard Skin
Rooby, Level: 5, Rank: 1, Gender: Male, HP IV: 70(0%), ATK IV: 28(0%), DEF IV: 84(0%), Work Speed: (0%), Skills: Hydromaniac
Rushoar, Level: 2, Rank: 1, Gender: Female, HP IV: 94(0%), ATK IV: 6(0%), DEF IV: 78(0%), Work Speed: (0%), Skills: Brittle
BigBootyJudy's 46 Pals
----------------------
Cattiva, Level: 11, Rank: 1, Gender: Female, HP IV: 55(0%), ATK IV: 80(0%), DEF IV: 4(0%), Work Speed: (0%), Skills: Coward, Diet Lover, Destructive
Cattiva, Level: 2, Rank: 1, Gender: Female, HP IV: 87(0%), ATK IV: 97(0%), DEF IV: 42(0%), Work Speed: (0%), Skills: Coward, Nocturnal
Cattiva, Level: 3, Rank: 1, Gender: Male, HP IV: 95(0%), ATK IV: 32(0%), DEF IV: 100(0%), Work Speed: (0%), Skills: Coward, Positive Thinker
Cattiva, Level: 4, Rank: 1, Gender: Female, HP IV: 51(0%), ATK IV: 61(0%), DEF IV: 41(0%), Work Speed: (0%), Skills: Coward, Bottomless Stomach
Cattiva, Level: 4, Rank: 1, Gender: Male, HP IV: 50(0%), ATK IV: 87(0%), DEF IV: 58(0%), Work Speed: (0%), Skills: Coward
Cattiva, Level: 4, Rank: 1, Gender: Male, HP IV: 93(0%), ATK IV: 53(0%), DEF IV: 99(0%), Work Speed: (0%), Skills: Coward, Burly Body
Cattiva, Level: 4, Rank: 1, Gender: Male, HP IV: 94(0%), ATK IV: 5(0%), DEF IV: 38(0%), Work Speed: (0%), Skills: Coward, Nimble, Logging Foreman
Celaray, Level: 3, Rank: 1, Gender: Female, HP IV: 7(0%), ATK IV: 51(0%), DEF IV: 91(0%), Work Speed: (0%), Skills: Infinite Stamina
Chikipi, Level: 2, Rank: 1, Gender: Male, HP IV: 3(0%), ATK IV: 94(0%), DEF IV: 0(0%), Work Speed: (0%), Skills: Insulated Body
Chikipi, Level: 3, Rank: 1, Gender: Female, HP IV: 90(0%), ATK IV: 4(0%), DEF IV: 38(0%), Work Speed: (0%), Skills: Hard Skin
Chikipi, Level: 4, Rank: 1, Gender: Female, HP IV: 12(0%), ATK IV: 78(0%), DEF IV: 82(0%), Work Speed: (0%), Skills: Infinite Stamina, Nimble
Chikipi, Level: 4, Rank: 1, Gender: Female, HP IV: 29(0%), ATK IV: 15(0%), DEF IV: 92(0%), Work Speed: (0%), Skills: Fragrant Foliage
Chikipi, Level: 4, Rank: 1, Gender: Female, HP IV: 5(0%), ATK IV: 20(0%), DEF IV: 25(0%), Work Speed: (0%), Skills: Ferocious
Cremis, Level: 3, Rank: 1, Gender: Female, HP IV: 0(0%), ATK IV: 41(0%), DEF IV: 76(0%), Work Speed: (0%)
Cremis, Level: 4, Rank: 1, Gender: Female, HP IV: 13(0%), ATK IV: 53(0%), DEF IV: 27(0%), Work Speed: (0%), Skills: Bottomless Stomach, Dragonkiller, Brave
Cremis, Level: 4, Rank: 1, Gender: Male, HP IV: 42(0%), ATK IV: 80(0%), DEF IV: 33(0%), Work Speed: (0%), Skills: Zen Mind, Dainty Eater
Cremis, Level: 6, Rank: 1, Gender: Male, HP IV: 57(0%), ATK IV: 75(0%), DEF IV: 32(0%), Work Speed: (0%), Skills: Unstable
Depresso, Level: 3, Rank: 1, Gender: Male, HP IV: 3(0%), ATK IV: 14(0%), DEF IV: 65(0%), Work Speed: (0%), Skills: Burly Body, Earthquake Resistant, Glutton, Logging Foreman
Depresso, Level: 7, Rank: 1, Gender: Female, HP IV: 58(0%), ATK IV: 37(0%), DEF IV: 62(0%), Work Speed: (0%), Skills: Clumsy
Direhowl, Level: 7, Rank: 1, Gender: Female, HP IV: 22(0%), ATK IV: 96(0%), DEF IV: 91(0%), Work Speed: (0%), Skills: Slacker, Hooligan
Foxparks, Level: 11, Rank: 1, Gender: Female, HP IV: 2(0%), ATK IV: 91(0%), DEF IV: 1(0%), Work Speed: (0%), Skills: Abnormal, Zen Mind
Foxparks, Level: 11, Rank: 1, Gender: Female, HP IV: 46(0%), ATK IV: 35(0%), DEF IV: 87(0%), Work Speed: (0%), Skills: Serenity
Foxparks, Level: 11, Rank: 1, Gender: Male, HP IV: 23(0%), ATK IV: 0(0%), DEF IV: 69(0%), Work Speed: (0%), Skills: Slacker
Fuack, Level: 3, Rank: 1, Gender: Male, HP IV: 40(0%), ATK IV: 59(0%), DEF IV: 29(0%), Work Speed: (0%)
Fuack, Level: 5, Rank: 1, Gender: Male, HP IV: 0(0%), ATK IV: 65(0%), DEF IV: 45(0%), Work Speed: (0%), Skills: Work Slave
Gumoss, Level: 5, Rank: 1, Gender: Male, HP IV: 88(0%), ATK IV: 1(0%), DEF IV: 56(0%), Work Speed: (0%)
Hoocrates, Level: 6, Rank: 1, Gender: Female, HP IV: 14(0%), ATK IV: 53(0%), DEF IV: 33(0%), Work Speed: (0%), Skills: Nocturnal
Hoocrates, Level: 6, Rank: 1, Gender: Female, HP IV: 83(0%), ATK IV: 74(0%), DEF IV: 82(0%), Work Speed: (0%), Skills: Ferocious
Lamball, Level: 1, Rank: 1, Gender: Female, HP IV: 52(0%), ATK IV: 61(0%), DEF IV: 2(0%), Work Speed: (0%)
Lamball, Level: 11, Rank: 1, Gender: Male, HP IV: 20(0%), ATK IV: 10(0%), DEF IV: 95(0%), Work Speed: (0%)
Lamball, Level: 2, Rank: 1, Gender: Female, HP IV: 5(0%), ATK IV: 31(0%), DEF IV: 43(0%), Work Speed: (0%), Skills: Positive Thinker
Lamball, Level: 3, Rank: 1, Gender: Female, HP IV: 49(0%), ATK IV: 96(0%), DEF IV: 82(0%), Work Speed: (0%), Skills: Stronghold Strategist
Lamball, Level: 3, Rank: 1, Gender: Female, HP IV: 66(0%), ATK IV: 22(0%), DEF IV: 94(0%), Work Speed: (0%), Skills: Positive Thinker
Lamball, Level: 3, Rank: 1, Gender: Female, HP IV: 7(0%), ATK IV: 20(0%), DEF IV: 18(0%), Work Speed: (0%), Skills: Runner
Lamball, Level: 4, Rank: 1, Gender: Female, HP IV: 72(0%), ATK IV: 48(0%), DEF IV: 9(0%), Work Speed: (0%), Skills: Nocturnal
Lamball, Level: 4, Rank: 1, Gender: Male, HP IV: 83(0%), ATK IV: 83(0%), DEF IV: 93(0%), Work Speed: (0%), Skills: Logging Foreman, Masochist
Lamball, Level: 5, Rank: 1, Gender: Female, HP IV: 39(0%), ATK IV: 57(0%), DEF IV: 21(0%), Work Speed: (0%), Skills: Diet Lover
Lifmunk, Level: 5, Rank: 1, Gender: Male, HP IV: 64(0%), ATK IV: 45(0%), DEF IV: 46(0%), Work Speed: (0%), Skills: Botanical Barrier, Downtrodden
Melpaca, Level: 7, Rank: 1, Gender: Female, HP IV: 87(0%), ATK IV: 95(0%), DEF IV: 40(0%), Work Speed: (0%), Skills: Stronghold Strategist
Nitewing, Level: 13, Rank: 1, Gender: Female, HP IV: 8(0%), ATK IV: 28(0%), DEF IV: 5(0%), Work Speed: (0%), Skills: Zen Mind, Hooligan
Rooby, Level: 2, Rank: 1, Gender: Female, HP IV: 13(0%), ATK IV: 98(0%), DEF IV: 87(0%), Work Speed: (0%), Skills: Infinite Stamina
Rooby, Level: 2, Rank: 1, Gender: Male, HP IV: 38(0%), ATK IV: 69(0%), DEF IV: 23(0%), Work Speed: (0%), Skills: Downtrodden
Rooby, Level: 3, Rank: 1, Gender: Male, HP IV: 63(0%), ATK IV: 28(0%), DEF IV: 86(0%), Work Speed: (0%), Skills: Zen Mind
Rooby, Level: 4, Rank: 1, Gender: Female, HP IV: 88(0%), ATK IV: 32(0%), DEF IV: 44(0%), Work Speed: (0%), Skills: Hard Skin
Rooby, Level: 5, Rank: 1, Gender: Male, HP IV: 70(0%), ATK IV: 28(0%), DEF IV: 84(0%), Work Speed: (0%), Skills: Hydromaniac
Rushoar, Level: 2, Rank: 1, Gender: Female, HP IV: 94(0%), ATK IV: 6(0%), DEF IV: 78(0%), Work Speed: (0%), Skills: Brittle
BigBootyJudy's 46 Pals
----------------------
Cattiva, Level: 11, Rank: 1, Gender: Female, HP IV: 55(0%), ATK IV: 80(0%), DEF IV: 4(0%), Work Speed: (0%), Skills: Coward, Diet Lover, Destructive
Cattiva, Level: 2, Rank: 1, Gender: Female, HP IV: 87(0%), ATK IV: 97(0%), DEF IV: 42(0%), Work Speed: (0%), Skills: Coward, Nocturnal
Cattiva, Level: 3, Rank: 1, Gender: Male, HP IV: 95(0%), ATK IV: 32(0%), DEF IV: 100(0%), Work Speed: (0%), Skills: Coward, Positive Thinker
Cattiva, Level: 4, Rank: 1, Gender: Female, HP IV: 51(0%), ATK IV: 61(0%), DEF IV: 41(0%), Work Speed: (0%), Skills: Coward, Bottomless Stomach
Cattiva, Level: 4, Rank: 1, Gender: Male, HP IV: 50(0%), ATK IV: 87(0%), DEF IV: 58(0%), Work Speed: (0%), Skills: Coward
Cattiva, Level: 4, Rank: 1, Gender: Male, HP IV: 93(0%), ATK IV: 53(0%), DEF IV: 99(0%), Work Speed: (0%), Skills: Coward, Burly Body
Cattiva, Level: 4, Rank: 1, Gender: Male, HP IV: 94(0%), ATK IV: 5(0%), DEF IV: 38(0%), Work Speed: (0%), Skills: Coward, Nimble, Logging Foreman
Celaray, Level: 3, Rank: 1, Gender: Female, HP IV: 7(0%), ATK IV: 51(0%), DEF IV: 91(0%), Work Speed: (0%), Skills: Infinite Stamina
Chikipi, Level: 2, Rank: 1, Gender: Male, HP IV: 3(0%), ATK IV: 94(0%), DEF IV: 0(0%), Work Speed: (0%), Skills: Insulated Body
Chikipi, Level: 3, Rank: 1, Gender: Female, HP IV: 90(0%), ATK IV: 4(0%), DEF IV: 38(0%), Work Speed: (0%), Skills: Hard Skin
Chikipi, Level: 4, Rank: 1, Gender: Female, HP IV: 12(0%), ATK IV: 78(0%), DEF IV: 82(0%), Work Speed: (0%), Skills: Infinite Stamina, Nimble
Chikipi, Level: 4, Rank: 1, Gender: Female, HP IV: 29(0%), ATK IV: 15(0%), DEF IV: 92(0%), Work Speed: (0%), Skills: Fragrant Foliage
Chikipi, Level: 4, Rank: 1, Gender: Female, HP IV: 5(0%), ATK IV: 20(0%), DEF IV: 25(0%), Work Speed: (0%), Skills: Ferocious
Cremis, Level: 3, Rank: 1, Gender: Female, HP IV: 0(0%), ATK IV: 41(0%), DEF IV: 76(0%), Work Speed: (0%)
Cremis, Level: 4, Rank: 1, Gender: Female, HP IV: 13(0%), ATK IV: 53(0%), DEF IV: 27(0%), Work Speed: (0%), Skills: Bottomless Stomach, Dragonkiller, Brave
Cremis, Level: 4, Rank: 1, Gender: Male, HP IV: 42(0%), ATK IV: 80(0%), DEF IV: 33(0%), Work Speed: (0%), Skills: Zen Mind, Dainty Eater
Cremis, Level: 6, Rank: 1, Gender: Male, HP IV: 57(0%), ATK IV: 75(0%), DEF IV: 32(0%), Work Speed: (0%), Skills: Unstable
Depresso, Level: 3, Rank: 1, Gender: Male, HP IV: 3(0%), ATK IV: 14(0%), DEF IV: 65(0%), Work Speed: (0%), Skills: Burly Body, Earthquake Resistant, Glutton, Logging Foreman
Depresso, Level: 7, Rank: 1, Gender: Female, HP IV: 58(0%), ATK IV: 37(0%), DEF IV: 62(0%), Work Speed: (0%), Skills: Clumsy
Direhowl, Level: 7, Rank: 1, Gender: Female, HP IV: 22(0%), ATK IV: 96(0%), DEF IV: 91(0%), Work Speed: (0%), Skills: Slacker, Hooligan
Foxparks, Level: 11, Rank: 1, Gender: Female, HP IV: 2(0%), ATK IV: 91(0%), DEF IV: 1(0%), Work Speed: (0%), Skills: Abnormal, Zen Mind
Foxparks, Level: 11, Rank: 1, Gender: Female, HP IV: 46(0%), ATK IV: 35(0%), DEF IV: 87(0%), Work Speed: (0%), Skills: Serenity
Foxparks, Level: 11, Rank: 1, Gender: Male, HP IV: 23(0%), ATK IV: 0(0%), DEF IV: 69(0%), Work Speed: (0%), Skills: Slacker
Fuack, Level: 3, Rank: 1, Gender: Male, HP IV: 40(0%), ATK IV: 59(0%), DEF IV: 29(0%), Work Speed: (0%)
Fuack, Level: 5, Rank: 1, Gender: Male, HP IV: 0(0%), ATK IV: 65(0%), DEF IV: 45(0%), Work Speed: (0%), Skills: Work Slave
Gumoss, Level: 5, Rank: 1, Gender: Male, HP IV: 88(0%), ATK IV: 1(0%), DEF IV: 56(0%), Work Speed: (0%)
Hoocrates, Level: 6, Rank: 1, Gender: Female, HP IV: 14(0%), ATK IV: 53(0%), DEF IV: 33(0%), Work Speed: (0%), Skills: Nocturnal
Hoocrates, Level: 6, Rank: 1, Gender: Female, HP IV: 83(0%), ATK IV: 74(0%), DEF IV: 82(0%), Work Speed: (0%), Skills: Ferocious
Lamball, Level: 1, Rank: 1, Gender: Female, HP IV: 52(0%), ATK IV: 61(0%), DEF IV: 2(0%), Work Speed: (0%)
Lamball, Level: 11, Rank: 1, Gender: Male, HP IV: 20(0%), ATK IV: 10(0%), DEF IV: 95(0%), Work Speed: (0%)
Lamball, Level: 2, Rank: 1, Gender: Female, HP IV: 5(0%), ATK IV: 31(0%), DEF IV: 43(0%), Work Speed: (0%), Skills: Positive Thinker
Lamball, Level: 3, Rank: 1, Gender: Female, HP IV: 49(0%), ATK IV: 96(0%), DEF IV: 82(0%), Work Speed: (0%), Skills: Stronghold Strategist
Lamball, Level: 3, Rank: 1, Gender: Female, HP IV: 66(0%), ATK IV: 22(0%), DEF IV: 94(0%), Work Speed: (0%), Skills: Positive Thinker
Lamball, Level: 3, Rank: 1, Gender: Female, HP IV: 7(0%), ATK IV: 20(0%), DEF IV: 18(0%), Work Speed: (0%), Skills: Runner
Lamball, Level: 4, Rank: 1, Gender: Female, HP IV: 72(0%), ATK IV: 48(0%), DEF IV: 9(0%), Work Speed: (0%), Skills: Nocturnal
Lamball, Level: 4, Rank: 1, Gender: Male, HP IV: 83(0%), ATK IV: 83(0%), DEF IV: 93(0%), Work Speed: (0%), Skills: Logging Foreman, Masochist
Lamball, Level: 5, Rank: 1, Gender: Female, HP IV: 39(0%), ATK IV: 57(0%), DEF IV: 21(0%), Work Speed: (0%), Skills: Diet Lover
Lifmunk, Level: 5, Rank: 1, Gender: Male, HP IV: 64(0%), ATK IV: 45(0%), DEF IV: 46(0%), Work Speed: (0%), Skills: Botanical Barrier, Downtrodden
Melpaca, Level: 7, Rank: 1, Gender: Female, HP IV: 87(0%), ATK IV: 95(0%), DEF IV: 40(0%), Work Speed: (0%), Skills: Stronghold Strategist
Nitewing, Level: 13, Rank: 1, Gender: Female, HP IV: 8(0%), ATK IV: 28(0%), DEF IV: 5(0%), Work Speed: (0%), Skills: Zen Mind, Hooligan
Rooby, Level: 2, Rank: 1, Gender: Female, HP IV: 13(0%), ATK IV: 98(0%), DEF IV: 87(0%), Work Speed: (0%), Skills: Infinite Stamina
Rooby, Level: 2, Rank: 1, Gender: Male, HP IV: 38(0%), ATK IV: 69(0%), DEF IV: 23(0%), Work Speed: (0%), Skills: Downtrodden
Rooby, Level: 3, Rank: 1, Gender: Male, HP IV: 63(0%), ATK IV: 28(0%), DEF IV: 86(0%), Work Speed: (0%), Skills: Zen Mind
Rooby, Level: 4, Rank: 1, Gender: Female, HP IV: 88(0%), ATK IV: 32(0%), DEF IV: 44(0%), Work Speed: (0%), Skills: Hard Skin
Rooby, Level: 5, Rank: 1, Gender: Male, HP IV: 70(0%), ATK IV: 28(0%), DEF IV: 84(0%), Work Speed: (0%), Skills: Hydromaniac
Rushoar, Level: 2, Rank: 1, Gender: Female, HP IV: 94(0%), ATK IV: 6(0%), DEF IV: 78(0%), Work Speed: (0%), Skills: Brittle
BigBootyJudy's 46 Pals
----------------------
Cattiva, Level: 11, Rank: 1, Gender: Female, HP IV: 55(0%), ATK IV: 80(0%), DEF IV: 4(0%), Work Speed: (0%), Skills: Coward, Diet Lover, Destructive
Cattiva, Level: 2, Rank: 1, Gender: Female, HP IV: 87(0%), ATK IV: 97(0%), DEF IV: 42(0%), Work Speed: (0%), Skills: Coward, Nocturnal
Cattiva, Level: 3, Rank: 1, Gender: Male, HP IV: 95(0%), ATK IV: 32(0%), DEF IV: 100(0%), Work Speed: (0%), Skills: Coward, Positive Thinker
Cattiva, Level: 4, Rank: 1, Gender: Female, HP IV: 51(0%), ATK IV: 61(0%), DEF IV: 41(0%), Work Speed: (0%), Skills: Coward, Bottomless Stomach
Cattiva, Level: 4, Rank: 1, Gender: Male, HP IV: 50(0%), ATK IV: 87(0%), DEF IV: 58(0%), Work Speed: (0%), Skills: Coward
Cattiva, Level: 4, Rank: 1, Gender: Male, HP IV: 93(0%), ATK IV: 53(0%), DEF IV: 99(0%), Work Speed: (0%), Skills: Coward, Burly Body
Cattiva, Level: 4, Rank: 1, Gender: Male, HP IV: 94(0%), ATK IV: 5(0%), DEF IV: 38(0%), Work Speed: (0%), Skills: Coward, Nimble, Logging Foreman
Celaray, Level: 3, Rank: 1, Gender: Female, HP IV: 7(0%), ATK IV: 51(0%), DEF IV: 91(0%), Work Speed: (0%), Skills: Infinite Stamina
Chikipi, Level: 2, Rank: 1, Gender: Male, HP IV: 3(0%), ATK IV: 94(0%), DEF IV: 0(0%), Work Speed: (0%), Skills: Insulated Body
Chikipi, Level: 3, Rank: 1, Gender: Female, HP IV: 90(0%), ATK IV: 4(0%), DEF IV: 38(0%), Work Speed: (0%), Skills: Hard Skin
Chikipi, Level: 4, Rank: 1, Gender: Female, HP IV: 12(0%), ATK IV: 78(0%), DEF IV: 82(0%), Work Speed: (0%), Skills: Infinite Stamina, Nimble
Chikipi, Level: 4, Rank: 1, Gender: Female, HP IV: 29(0%), ATK IV: 15(0%), DEF IV: 92(0%), Work Speed: (0%), Skills: Fragrant Foliage
Chikipi, Level: 4, Rank: 1, Gender: Female, HP IV: 5(0%), ATK IV: 20(0%), DEF IV: 25(0%), Work Speed: (0%), Skills: Ferocious
Cremis, Level: 3, Rank: 1, Gender: Female, HP IV: 0(0%), ATK IV: 41(0%), DEF IV: 76(0%), Work Speed: (0%)
Cremis, Level: 4, Rank: 1, Gender: Female, HP IV: 13(0%), ATK IV: 53(0%), DEF IV: 27(0%), Work Speed: (0%), Skills: Bottomless Stomach, Dragonkiller, Brave
Cremis, Level: 4, Rank: 1, Gender: Male, HP IV: 42(0%), ATK IV: 80(0%), DEF IV: 33(0%), Work Speed: (0%), Skills: Zen Mind, Dainty Eater
Cremis, Level: 6, Rank: 1, Gender: Male, HP IV: 57(0%), ATK IV: 75(0%), DEF IV: 32(0%), Work Speed: (0%), Skills: Unstable
Depresso, Level: 3, Rank: 1, Gender: Male, HP IV: 3(0%), ATK IV: 14(0%), DEF IV: 65(0%), Work Speed: (0%), Skills: Burly Body, Earthquake Resistant, Glutton, Logging Foreman
Depresso, Level: 7, Rank: 1, Gender: Female, HP IV: 58(0%), ATK IV: 37(0%), DEF IV: 62(0%), Work Speed: (0%), Skills: Clumsy
Direhowl, Level: 7, Rank: 1, Gender: Female, HP IV: 22(0%), ATK IV: 96(0%), DEF IV: 91(0%), Work Speed: (0%), Skills: Slacker, Hooligan
Foxparks, Level: 11, Rank: 1, Gender: Female, HP IV: 2(0%), ATK IV: 91(0%), DEF IV: 1(0%), Work Speed: (0%), Skills: Abnormal, Zen Mind
Foxparks, Level: 11, Rank: 1, Gender: Female, HP IV: 46(0%), ATK IV: 35(0%), DEF IV: 87(0%), Work Speed: (0%), Skills: Serenity
Foxparks, Level: 11, Rank: 1, Gender: Male, HP IV: 23(0%), ATK IV: 0(0%), DEF IV: 69(0%), Work Speed: (0%), Skills: Slacker
Fuack, Level: 3, Rank: 1, Gender: Male, HP IV: 40(0%), ATK IV: 59(0%), DEF IV: 29(0%), Work Speed: (0%)
Fuack, Level: 5, Rank: 1, Gender: Male, HP IV: 0(0%), ATK IV: 65(0%), DEF IV: 45(0%), Work Speed: (0%), Skills: Work Slave
Gumoss, Level: 5, Rank: 1, Gender: Male, HP IV: 88(0%), ATK IV: 1(0%), DEF IV: 56(0%), Work Speed: (0%)
Hoocrates, Level: 6, Rank: 1, Gender: Female, HP IV: 14(0%), ATK IV: 53(0%), DEF IV: 33(0%), Work Speed: (0%), Skills: Nocturnal
Hoocrates, Level: 6, Rank: 1, Gender: Female, HP IV: 83(0%), ATK IV: 74(0%), DEF IV: 82(0%), Work Speed: (0%), Skills: Ferocious
Lamball, Level: 1, Rank: 1, Gender: Female, HP IV: 52(0%), ATK IV: 61(0%), DEF IV: 2(0%), Work Speed: (0%)
Lamball, Level: 11, Rank: 1, Gender: Male, HP IV: 20(0%), ATK IV: 10(0%), DEF IV: 95(0%), Work Speed: (0%)
Lamball, Level: 2, Rank: 1, Gender: Female, HP IV: 5(0%), ATK IV: 31(0%), DEF IV: 43(0%), Work Speed: (0%), Skills: Positive Thinker
Lamball, Level: 3, Rank: 1, Gender: Female, HP IV: 49(0%), ATK IV: 96(0%), DEF IV: 82(0%), Work Speed: (0%), Skills: Stronghold Strategist
Lamball, Level: 3, Rank: 1, Gender: Female, HP IV: 66(0%), ATK IV: 22(0%), DEF IV: 94(0%), Work Speed: (0%), Skills: Positive Thinker
Lamball, Level: 3, Rank: 1, Gender: Female, HP IV: 7(0%), ATK IV: 20(0%), DEF IV: 18(0%), Work Speed: (0%), Skills: Runner
Lamball, Level: 4, Rank: 1, Gender: Female, HP IV: 72(0%), ATK IV: 48(0%), DEF IV: 9(0%), Work Speed: (0%), Skills: Nocturnal
Lamball, Level: 4, Rank: 1, Gender: Male, HP IV: 83(0%), ATK IV: 83(0%), DEF IV: 93(0%), Work Speed: (0%), Skills: Logging Foreman, Masochist
Lamball, Level: 5, Rank: 1, Gender: Female, HP IV: 39(0%), ATK IV: 57(0%), DEF IV: 21(0%), Work Speed: (0%), Skills: Diet Lover
Lifmunk, Level: 5, Rank: 1, Gender: Male, HP IV: 64(0%), ATK IV: 45(0%), DEF IV: 46(0%), Work Speed: (0%), Skills: Botanical Barrier, Downtrodden
Melpaca, Level: 7, Rank: 1, Gender: Female, HP IV: 87(0%), ATK IV: 95(0%), DEF IV: 40(0%), Work Speed: (0%), Skills: Stronghold Strategist
Nitewing, Level: 13, Rank: 1, Gender: Female, HP IV: 8(0%), ATK IV: 28(0%), DEF IV: 5(0%), Work Speed: (0%), Skills: Zen Mind, Hooligan
Rooby, Level: 2, Rank: 1, Gender: Female, HP IV: 13(0%), ATK IV: 98(0%), DEF IV: 87(0%), Work Speed: (0%), Skills: Infinite Stamina
Rooby, Level: 2, Rank: 1, Gender: Male, HP IV: 38(0%), ATK IV: 69(0%), DEF IV: 23(0%), Work Speed: (0%), Skills: Downtrodden
Rooby, Level: 3, Rank: 1, Gender: Male, HP IV: 63(0%), ATK IV: 28(0%), DEF IV: 86(0%), Work Speed: (0%), Skills: Zen Mind
Rooby, Level: 4, Rank: 1, Gender: Female, HP IV: 88(0%), ATK IV: 32(0%), DEF IV: 44(0%), Work Speed: (0%), Skills: Hard Skin
Rooby, Level: 5, Rank: 1, Gender: Male, HP IV: 70(0%), ATK IV: 28(0%), DEF IV: 84(0%), Work Speed: (0%), Skills: Hydromaniac
Rushoar, Level: 2, Rank: 1, Gender: Female, HP IV: 94(0%), ATK IV: 6(0%), DEF IV: 78(0%), Work Speed: (0%), Skills: Brittle
BigBootyJudy's 46 Pals
----------------------
Cattiva, Level: 11, Rank: 1, Gender: Female, HP IV: 55(0%), ATK IV: 80(0%), DEF IV: 4(0%), Work Speed: (0%), Skills: Coward, Diet Lover, Destructive
Cattiva, Level: 2, Rank: 1, Gender: Female, HP IV: 87(0%), ATK IV: 97(0%), DEF IV: 42(0%), Work Speed: (0%), Skills: Coward, Nocturnal
Cattiva, Level: 3, Rank: 1, Gender: Male, HP IV: 95(0%), ATK IV: 32(0%), DEF IV: 100(0%), Work Speed: (0%), Skills: Coward, Positive Thinker
Cattiva, Level: 4, Rank: 1, Gender: Female, HP IV: 51(0%), ATK IV: 61(0%), DEF IV: 41(0%), Work Speed: (0%), Skills: Coward, Bottomless Stomach
Cattiva, Level: 4, Rank: 1, Gender: Male, HP IV: 50(0%), ATK IV: 87(0%), DEF IV: 58(0%), Work Speed: (0%), Skills: Coward
Cattiva, Level: 4, Rank: 1, Gender: Male, HP IV: 93(0%), ATK IV: 53(0%), DEF IV: 99(0%), Work Speed: (0%), Skills: Coward, Burly Body
Cattiva, Level: 4, Rank: 1, Gender: Male, HP IV: 94(0%), ATK IV: 5(0%), DEF IV: 38(0%), Work Speed: (0%), Skills: Coward, Nimble, Logging Foreman
Celaray, Level: 3, Rank: 1, Gender: Female, HP IV: 7(0%), ATK IV: 51(0%), DEF IV: 91(0%), Work Speed: (0%), Skills: Infinite Stamina
Chikipi, Level: 2, Rank: 1, Gender: Male, HP IV: 3(0%), ATK IV: 94(0%), DEF IV: 0(0%), Work Speed: (0%), Skills: Insulated Body
Chikipi, Level: 3, Rank: 1, Gender: Female, HP IV: 90(0%), ATK IV: 4(0%), DEF IV: 38(0%), Work Speed: (0%), Skills: Hard Skin
Chikipi, Level: 4, Rank: 1, Gender: Female, HP IV: 12(0%), ATK IV: 78(0%), DEF IV: 82(0%), Work Speed: (0%), Skills: Infinite Stamina, Nimble
Chikipi, Level: 4, Rank: 1, Gender: Female, HP IV: 29(0%), ATK IV: 15(0%), DEF IV: 92(0%), Work Speed: (0%), Skills: Fragrant Foliage
Chikipi, Level: 4, Rank: 1, Gender: Female, HP IV: 5(0%), ATK IV: 20(0%), DEF IV: 25(0%), Work Speed: (0%), Skills: Ferocious
Cremis, Level: 3, Rank: 1, Gender: Female, HP IV: 0(0%), ATK IV: 41(0%), DEF IV: 76(0%), Work Speed: (0%)
Cremis, Level: 4, Rank: 1, Gender: Female, HP IV: 13(0%), ATK IV: 53(0%), DEF IV: 27(0%), Work Speed: (0%), Skills: Bottomless Stomach, Dragonkiller, Brave
Cremis, Level: 4, Rank: 1, Gender: Male, HP IV: 42(0%), ATK IV: 80(0%), DEF IV: 33(0%), Work Speed: (0%), Skills: Zen Mind, Dainty Eater
Cremis, Level: 6, Rank: 1, Gender: Male, HP IV: 57(0%), ATK IV: 75(0%), DEF IV: 32(0%), Work Speed: (0%), Skills: Unstable
Depresso, Level: 3, Rank: 1, Gender: Male, HP IV: 3(0%), ATK IV: 14(0%), DEF IV: 65(0%), Work Speed: (0%), Skills: Burly Body, Earthquake Resistant, Glutton, Logging Foreman
Depresso, Level: 7, Rank: 1, Gender: Female, HP IV: 58(0%), ATK IV: 37(0%), DEF IV: 62(0%), Work Speed: (0%), Skills: Clumsy
Direhowl, Level: 7, Rank: 1, Gender: Female, HP IV: 22(0%), ATK IV: 96(0%), DEF IV: 91(0%), Work Speed: (0%), Skills: Slacker, Hooligan
Foxparks, Level: 11, Rank: 1, Gender: Female, HP IV: 2(0%), ATK IV: 91(0%), DEF IV: 1(0%), Work Speed: (0%), Skills: Abnormal, Zen Mind
Foxparks, Level: 11, Rank: 1, Gender: Female, HP IV: 46(0%), ATK IV: 35(0%), DEF IV: 87(0%), Work Speed: (0%), Skills: Serenity
Foxparks, Level: 11, Rank: 1, Gender: Male, HP IV: 23(0%), ATK IV: 0(0%), DEF IV: 69(0%), Work Speed: (0%), Skills: Slacker
Fuack, Level: 3, Rank: 1, Gender: Male, HP IV: 40(0%), ATK IV: 59(0%), DEF IV: 29(0%), Work Speed: (0%)
Fuack, Level: 5, Rank: 1, Gender: Male, HP IV: 0(0%), ATK IV: 65(0%), DEF IV: 45(0%), Work Speed: (0%), Skills: Work Slave
Gumoss, Level: 5, Rank: 1, Gender: Male, HP IV: 88(0%), ATK IV: 1(0%), DEF IV: 56(0%), Work Speed: (0%)
Hoocrates, Level: 6, Rank: 1, Gender: Female, HP IV: 14(0%), ATK IV: 53(0%), DEF IV: 33(0%), Work Speed: (0%), Skills: Nocturnal
Hoocrates, Level: 6, Rank: 1, Gender: Female, HP IV: 83(0%), ATK IV: 74(0%), DEF IV: 82(0%), Work Speed: (0%), Skills: Ferocious
Lamball, Level: 1, Rank: 1, Gender: Female, HP IV: 52(0%), ATK IV: 61(0%), DEF IV: 2(0%), Work Speed: (0%)
Lamball, Level: 11, Rank: 1, Gender: Male, HP IV: 20(0%), ATK IV: 10(0%), DEF IV: 95(0%), Work Speed: (0%)
Lamball, Level: 2, Rank: 1, Gender: Female, HP IV: 5(0%), ATK IV: 31(0%), DEF IV: 43(0%), Work Speed: (0%), Skills: Positive Thinker
Lamball, Level: 3, Rank: 1, Gender: Female, HP IV: 49(0%), ATK IV: 96(0%), DEF IV: 82(0%), Work Speed: (0%), Skills: Stronghold Strategist
Lamball, Level: 3, Rank: 1, Gender: Female, HP IV: 66(0%), ATK IV: 22(0%), DEF IV: 94(0%), Work Speed: (0%), Skills: Positive Thinker
Lamball, Level: 3, Rank: 1, Gender: Female, HP IV: 7(0%), ATK IV: 20(0%), DEF IV: 18(0%), Work Speed: (0%), Skills: Runner
Lamball, Level: 4, Rank: 1, Gender: Female, HP IV: 72(0%), ATK IV: 48(0%), DEF IV: 9(0%), Work Speed: (0%), Skills: Nocturnal
Lamball, Level: 4, Rank: 1, Gender: Male, HP IV: 83(0%), ATK IV: 83(0%), DEF IV: 93(0%), Work Speed: (0%), Skills: Logging Foreman, Masochist
Lamball, Level: 5, Rank: 1, Gender: Female, HP IV: 39(0%), ATK IV: 57(0%), DEF IV: 21(0%), Work Speed: (0%), Skills: Diet Lover
Lifmunk, Level: 5, Rank: 1, Gender: Male, HP IV: 64(0%), ATK IV: 45(0%), DEF IV: 46(0%), Work Speed: (0%), Skills: Botanical Barrier, Downtrodden
Melpaca, Level: 7, Rank: 1, Gender: Female, HP IV: 87(0%), ATK IV: 95(0%), DEF IV: 40(0%), Work Speed: (0%), Skills: Stronghold Strategist
Nitewing, Level: 13, Rank: 1, Gender: Female, HP IV: 8(0%), ATK IV: 28(0%), DEF IV: 5(0%), Work Speed: (0%), Skills: Zen Mind, Hooligan
Rooby, Level: 2, Rank: 1, Gender: Female, HP IV: 13(0%), ATK IV: 98(0%), DEF IV: 87(0%), Work Speed: (0%), Skills: Infinite Stamina
Rooby, Level: 2, Rank: 1, Gender: Male, HP IV: 38(0%), ATK IV: 69(0%), DEF IV: 23(0%), Work Speed: (0%), Skills: Downtrodden
Rooby, Level: 3, Rank: 1, Gender: Male, HP IV: 63(0%), ATK IV: 28(0%), DEF IV: 86(0%), Work Speed: (0%), Skills: Zen Mind
Rooby, Level: 4, Rank: 1, Gender: Female, HP IV: 88(0%), ATK IV: 32(0%), DEF IV: 44(0%), Work Speed: (0%), Skills: Hard Skin
Rooby, Level: 5, Rank: 1, Gender: Male, HP IV: 70(0%), ATK IV: 28(0%), DEF IV: 84(0%), Work Speed: (0%), Skills: Hydromaniac
Rushoar, Level: 2, Rank: 1, Gender: Female, HP IV: 94(0%), ATK IV: 6(0%), DEF IV: 78(0%), Work Speed: (0%), Skills: Brittle
BigBootyJudy's 46 Pals
----------------------
Cattiva, Level: 11, Rank: 1, Gender: Female, HP IV: 55(0%), ATK IV: 80(0%), DEF IV: 4(0%), Work Speed: (0%), Skills: Coward, Diet Lover, Destructive
Cattiva, Level: 2, Rank: 1, Gender: Female, HP IV: 87(0%), ATK IV: 97(0%), DEF IV: 42(0%), Work Speed: (0%), Skills: Coward, Nocturnal
Cattiva, Level: 3, Rank: 1, Gender: Male, HP IV: 95(0%), ATK IV: 32(0%), DEF IV: 100(0%), Work Speed: (0%), Skills: Coward, Positive Thinker
Cattiva, Level: 4, Rank: 1, Gender: Female, HP IV: 51(0%), ATK IV: 61(0%), DEF IV: 41(0%), Work Speed: (0%), Skills: Coward, Bottomless Stomach
Cattiva, Level: 4, Rank: 1, Gender: Male, HP IV: 50(0%), ATK IV: 87(0%), DEF IV: 58(0%), Work Speed: (0%), Skills: Coward
Cattiva, Level: 4, Rank: 1, Gender: Male, HP IV: 93(0%), ATK IV: 53(0%), DEF IV: 99(0%), Work Speed: (0%), Skills: Coward, Burly Body
Cattiva, Level: 4, Rank: 1, Gender: Male, HP IV: 94(0%), ATK IV: 5(0%), DEF IV: 38(0%), Work Speed: (0%), Skills: Coward, Nimble, Logging Foreman
Celaray, Level: 3, Rank: 1, Gender: Female, HP IV: 7(0%), ATK IV: 51(0%), DEF IV: 91(0%), Work Speed: (0%), Skills: Infinite Stamina
Chikipi, Level: 2, Rank: 1, Gender: Male, HP IV: 3(0%), ATK IV: 94(0%), DEF IV: 0(0%), Work Speed: (0%), Skills: Insulated Body
Chikipi, Level: 3, Rank: 1, Gender: Female, HP IV: 90(0%), ATK IV: 4(0%), DEF IV: 38(0%), Work Speed: (0%), Skills: Hard Skin
Chikipi, Level: 4, Rank: 1, Gender: Female, HP IV: 12(0%), ATK IV: 78(0%), DEF IV: 82(0%), Work Speed: (0%), Skills: Infinite Stamina, Nimble
Chikipi, Level: 4, Rank: 1, Gender: Female, HP IV: 29(0%), ATK IV: 15(0%), DEF IV: 92(0%), Work Speed: (0%), Skills: Fragrant Foliage
Chikipi, Level: 4, Rank: 1, Gender: Female, HP IV: 5(0%), ATK IV: 20(0%), DEF IV: 25(0%), Work Speed: (0%), Skills: Ferocious
Cremis, Level: 3, Rank: 1, Gender: Female, HP IV: 0(0%), ATK IV: 41(0%), DEF IV: 76(0%), Work Speed: (0%)
Cremis, Level: 4, Rank: 1, Gender: Female, HP IV: 13(0%), ATK IV: 53(0%), DEF IV: 27(0%), Work Speed: (0%), Skills: Bottomless Stomach, Dragonkiller, Brave
Cremis, Level: 4, Rank: 1, Gender: Male, HP IV: 42(0%), ATK IV: 80(0%), DEF IV: 33(0%), Work Speed: (0%), Skills: Zen Mind, Dainty Eater
Cremis, Level: 6, Rank: 1, Gender: Male, HP IV: 57(0%), ATK IV: 75(0%), DEF IV: 32(0%), Work Speed: (0%), Skills: Unstable
Depresso, Level: 3, Rank: 1, Gender: Male, HP IV: 3(0%), ATK IV: 14(0%), DEF IV: 65(0%), Work Speed: (0%), Skills: Burly Body, Earthquake Resistant, Glutton, Logging Foreman
Depresso, Level: 7, Rank: 1, Gender: Female, HP IV: 58(0%), ATK IV: 37(0%), DEF IV: 62(0%), Work Speed: (0%), Skills: Clumsy
Direhowl, Level: 7, Rank: 1, Gender: Female, HP IV: 22(0%), ATK IV: 96(0%), DEF IV: 91(0%), Work Speed: (0%), Skills: Slacker, Hooligan
Foxparks, Level: 11, Rank: 1, Gender: Female, HP IV: 2(0%), ATK IV: 91(0%), DEF IV: 1(0%), Work Speed: (0%), Skills: Abnormal, Zen Mind
Foxparks, Level: 11, Rank: 1, Gender: Female, HP IV: 46(0%), ATK IV: 35(0%), DEF IV: 87(0%), Work Speed: (0%), Skills: Serenity
Foxparks, Level: 11, Rank: 1, Gender: Male, HP IV: 23(0%), ATK IV: 0(0%), DEF IV: 69(0%), Work Speed: (0%), Skills: Slacker
Fuack, Level: 3, Rank: 1, Gender: Male, HP IV: 40(0%), ATK IV: 59(0%), DEF IV: 29(0%), Work Speed: (0%)
Fuack, Level: 5, Rank: 1, Gender: Male, HP IV: 0(0%), ATK IV: 65(0%), DEF IV: 45(0%), Work Speed: (0%), Skills: Work Slave
Gumoss, Level: 5, Rank: 1, Gender: Male, HP IV: 88(0%), ATK IV: 1(0%), DEF IV: 56(0%), Work Speed: (0%)
Hoocrates, Level: 6, Rank: 1, Gender: Female, HP IV: 14(0%), ATK IV: 53(0%), DEF IV: 33(0%), Work Speed: (0%), Skills: Nocturnal
Hoocrates, Level: 6, Rank: 1, Gender: Female, HP IV: 83(0%), ATK IV: 74(0%), DEF IV: 82(0%), Work Speed: (0%), Skills: Ferocious
Lamball, Level: 1, Rank: 1, Gender: Female, HP IV: 52(0%), ATK IV: 61(0%), DEF IV: 2(0%), Work Speed: (0%)
Lamball, Level: 11, Rank: 1, Gender: Male, HP IV: 20(0%), ATK IV: 10(0%), DEF IV: 95(0%), Work Speed: (0%)
Lamball, Level: 2, Rank: 1, Gender: Female, HP IV: 5(0%), ATK IV: 31(0%), DEF IV: 43(0%), Work Speed: (0%), Skills: Positive Thinker
Lamball, Level: 3, Rank: 1, Gender: Female, HP IV: 49(0%), ATK IV: 96(0%), DEF IV: 82(0%), Work Speed: (0%), Skills: Stronghold Strategist
Lamball, Level: 3, Rank: 1, Gender: Female, HP IV: 66(0%), ATK IV: 22(0%), DEF IV: 94(0%), Work Speed: (0%), Skills: Positive Thinker
Lamball, Level: 3, Rank: 1, Gender: Female, HP IV: 7(0%), ATK IV: 20(0%), DEF IV: 18(0%), Work Speed: (0%), Skills: Runner
Lamball, Level: 4, Rank: 1, Gender: Female, HP IV: 72(0%), ATK IV: 48(0%), DEF IV: 9(0%), Work Speed: (0%), Skills: Nocturnal
Lamball, Level: 4, Rank: 1, Gender: Male, HP IV: 83(0%), ATK IV: 83(0%), DEF IV: 93(0%), Work Speed: (0%), Skills: Logging Foreman, Masochist
Lamball, Level: 5, Rank: 1, Gender: Female, HP IV: 39(0%), ATK IV: 57(0%), DEF IV: 21(0%), Work Speed: (0%), Skills: Diet Lover
Lifmunk, Level: 5, Rank: 1, Gender: Male, HP IV: 64(0%), ATK IV: 45(0%), DEF IV: 46(0%), Work Speed: (0%), Skills: Botanical Barrier, Downtrodden
Melpaca, Level: 7, Rank: 1, Gender: Female, HP IV: 87(0%), ATK IV: 95(0%), DEF IV: 40(0%), Work Speed: (0%), Skills: Stronghold Strategist
Nitewing, Level: 13, Rank: 1, Gender: Female, HP IV: 8(0%), ATK IV: 28(0%), DEF IV: 5(0%), Work Speed: (0%), Skills: Zen Mind, Hooligan
Rooby, Level: 2, Rank: 1, Gender: Female, HP IV: 13(0%), ATK IV: 98(0%), DEF IV: 87(0%), Work Speed: (0%), Skills: Infinite Stamina
Rooby, Level: 2, Rank: 1, Gender: Male, HP IV: 38(0%), ATK IV: 69(0%), DEF IV: 23(0%), Work Speed: (0%), Skills: Downtrodden
Rooby, Level: 3, Rank: 1, Gender: Male, HP IV: 63(0%), ATK IV: 28(0%), DEF IV: 86(0%), Work Speed: (0%), Skills: Zen Mind
Rooby, Level: 4, Rank: 1, Gender: Female, HP IV: 88(0%), ATK IV: 32(0%), DEF IV: 44(0%), Work Speed: (0%), Skills: Hard Skin
Rooby, Level: 5, Rank: 1, Gender: Male, HP IV: 70(0%), ATK IV: 28(0%), DEF IV: 84(0%), Work Speed: (0%), Skills: Hydromaniac
Rushoar, Level: 2, Rank: 1, Gender: Female, HP IV: 94(0%), ATK IV: 6(0%), DEF IV: 78(0%), Work Speed: (0%), Skills: Brittle
BigBootyJudy's 46 Pals
----------------------
Cattiva, Level: 11, Rank: 1, Gender: Female, HP IV: 55(0%), ATK IV: 80(0%), DEF IV: 4(0%), Work Speed: (0%), Skills: Coward, Diet Lover, Destructive
Cattiva, Level: 2, Rank: 1, Gender: Female, HP IV: 87(0%), ATK IV: 97(0%), DEF IV: 42(0%), Work Speed: (0%), Skills: Coward, Nocturnal
Cattiva, Level: 3, Rank: 1, Gender: Male, HP IV: 95(0%), ATK IV: 32(0%), DEF IV: 100(0%), Work Speed: (0%), Skills: Coward, Positive Thinker
Cattiva, Level: 4, Rank: 1, Gender: Female, HP IV: 51(0%), ATK IV: 61(0%), DEF IV: 41(0%), Work Speed: (0%), Skills: Coward, Bottomless Stomach
Cattiva, Level: 4, Rank: 1, Gender: Male, HP IV: 50(0%), ATK IV: 87(0%), DEF IV: 58(0%), Work Speed: (0%), Skills: Coward
Cattiva, Level: 4, Rank: 1, Gender: Male, HP IV: 93(0%), ATK IV: 53(0%), DEF IV: 99(0%), Work Speed: (0%), Skills: Coward, Burly Body
Cattiva, Level: 4, Rank: 1, Gender: Male, HP IV: 94(0%), ATK IV: 5(0%), DEF IV: 38(0%), Work Speed: (0%), Skills: Coward, Nimble, Logging Foreman
Celaray, Level: 3, Rank: 1, Gender: Female, HP IV: 7(0%), ATK IV: 51(0%), DEF IV: 91(0%), Work Speed: (0%), Skills: Infinite Stamina
Chikipi, Level: 2, Rank: 1, Gender: Male, HP IV: 3(0%), ATK IV: 94(0%), DEF IV: 0(0%), Work Speed: (0%), Skills: Insulated Body
Chikipi, Level: 3, Rank: 1, Gender: Female, HP IV: 90(0%), ATK IV: 4(0%), DEF IV: 38(0%), Work Speed: (0%), Skills: Hard Skin
Chikipi, Level: 4, Rank: 1, Gender: Female, HP IV: 12(0%), ATK IV: 78(0%), DEF IV: 82(0%), Work Speed: (0%), Skills: Infinite Stamina, Nimble
Chikipi, Level: 4, Rank: 1, Gender: Female, HP IV: 29(0%), ATK IV: 15(0%), DEF IV: 92(0%), Work Speed: (0%), Skills: Fragrant Foliage
Chikipi, Level: 4, Rank: 1, Gender: Female, HP IV: 5(0%), ATK IV: 20(0%), DEF IV: 25(0%), Work Speed: (0%), Skills: Ferocious
Cremis, Level: 3, Rank: 1, Gender: Female, HP IV: 0(0%), ATK IV: 41(0%), DEF IV: 76(0%), Work Speed: (0%)
Cremis, Level: 4, Rank: 1, Gender: Female, HP IV: 13(0%), ATK IV: 53(0%), DEF IV: 27(0%), Work Speed: (0%), Skills: Bottomless Stomach, Dragonkiller, Brave
Cremis, Level: 4, Rank: 1, Gender: Male, HP IV: 42(0%), ATK IV: 80(0%), DEF IV: 33(0%), Work Speed: (0%), Skills: Zen Mind, Dainty Eater
Cremis, Level: 6, Rank: 1, Gender: Male, HP IV: 57(0%), ATK IV: 75(0%), DEF IV: 32(0%), Work Speed: (0%), Skills: Unstable
Depresso, Level: 3, Rank: 1, Gender: Male, HP IV: 3(0%), ATK IV: 14(0%), DEF IV: 65(0%), Work Speed: (0%), Skills: Burly Body, Earthquake Resistant, Glutton, Logging Foreman
Depresso, Level: 7, Rank: 1, Gender: Female, HP IV: 58(0%), ATK IV: 37(0%), DEF IV: 62(0%), Work Speed: (0%), Skills: Clumsy
Direhowl, Level: 7, Rank: 1, Gender: Female, HP IV: 22(0%), ATK IV: 96(0%), DEF IV: 91(0%), Work Speed: (0%), Skills: Slacker, Hooligan
Foxparks, Level: 11, Rank: 1, Gender: Female, HP IV: 2(0%), ATK IV: 91(0%), DEF IV: 1(0%), Work Speed: (0%), Skills: Abnormal, Zen Mind
Foxparks, Level: 11, Rank: 1, Gender: Female, HP IV: 46(0%), ATK IV: 35(0%), DEF IV: 87(0%), Work Speed: (0%), Skills: Serenity
Foxparks, Level: 11, Rank: 1, Gender: Male, HP IV: 23(0%), ATK IV: 0(0%), DEF IV: 69(0%), Work Speed: (0%), Skills: Slacker
Fuack, Level: 3, Rank: 1, Gender: Male, HP IV: 40(0%), ATK IV: 59(0%), DEF IV: 29(0%), Work Speed: (0%)
Fuack, Level: 5, Rank: 1, Gender: Male, HP IV: 0(0%), ATK IV: 65(0%), DEF IV: 45(0%), Work Speed: (0%), Skills: Work Slave
Gumoss, Level: 5, Rank: 1, Gender: Male, HP IV: 88(0%), ATK IV: 1(0%), DEF IV: 56(0%), Work Speed: (0%)
Hoocrates, Level: 6, Rank: 1, Gender: Female, HP IV: 14(0%), ATK IV: 53(0%), DEF IV: 33(0%), Work Speed: (0%), Skills: Nocturnal
Hoocrates, Level: 6, Rank: 1, Gender: Female, HP IV: 83(0%), ATK IV: 74(0%), DEF IV: 82(0%), Work Speed: (0%), Skills: Ferocious
Lamball, Level: 1, Rank: 1, Gender: Female, HP IV: 52(0%), ATK IV: 61(0%), DEF IV: 2(0%), Work Speed: (0%)
Lamball, Level: 11, Rank: 1, Gender: Male, HP IV: 20(0%), ATK IV: 10(0%), DEF IV: 95(0%), Work Speed: (0%)
Lamball, Level: 2, Rank: 1, Gender: Female, HP IV: 5(0%), ATK IV: 31(0%), DEF IV: 43(0%), Work Speed: (0%), Skills: Positive Thinker
Lamball, Level: 3, Rank: 1, Gender: Female, HP IV: 49(0%), ATK IV: 96(0%), DEF IV: 82(0%), Work Speed: (0%), Skills: Stronghold Strategist
Lamball, Level: 3, Rank: 1, Gender: Female, HP IV: 66(0%), ATK IV: 22(0%), DEF IV: 94(0%), Work Speed: (0%), Skills: Positive Thinker
Lamball, Level: 3, Rank: 1, Gender: Female, HP IV: 7(0%), ATK IV: 20(0%), DEF IV: 18(0%), Work Speed: (0%), Skills: Runner
Lamball, Level: 4, Rank: 1, Gender: Female, HP IV: 72(0%), ATK IV: 48(0%), DEF IV: 9(0%), Work Speed: (0%), Skills: Nocturnal
Lamball, Level: 4, Rank: 1, Gender: Male, HP IV: 83(0%), ATK IV: 83(0%), DEF IV: 93(0%), Work Speed: (0%), Skills: Logging Foreman, Masochist
Lamball, Level: 5, Rank: 1, Gender: Female, HP IV: 39(0%), ATK IV: 57(0%), DEF IV: 21(0%), Work Speed: (0%), Skills: Diet Lover
Lifmunk, Level: 5, Rank: 1, Gender: Male, HP IV: 64(0%), ATK IV: 45(0%), DEF IV: 46(0%), Work Speed: (0%), Skills: Botanical Barrier, Downtrodden
Melpaca, Level: 7, Rank: 1, Gender: Female, HP IV: 87(0%), ATK IV: 95(0%), DEF IV: 40(0%), Work Speed: (0%), Skills: Stronghold Strategist
Nitewing, Level: 13, Rank: 1, Gender: Female, HP IV: 8(0%), ATK IV: 28(0%), DEF IV: 5(0%), Work Speed: (0%), Skills: Zen Mind, Hooligan
Rooby, Level: 2, Rank: 1, Gender: Female, HP IV: 13(0%), ATK IV: 98(0%), DEF IV: 87(0%), Work Speed: (0%), Skills: Infinite Stamina
Rooby, Level: 2, Rank: 1, Gender: Male, HP IV: 38(0%), ATK IV: 69(0%), DEF IV: 23(0%), Work Speed: (0%), Skills: Downtrodden
Rooby, Level: 3, Rank: 1, Gender: Male, HP IV: 63(0%), ATK IV: 28(0%), DEF IV: 86(0%), Work Speed: (0%), Skills: Zen Mind
Rooby, Level: 4, Rank: 1, Gender: Female, HP IV: 88(0%), ATK IV: 32(0%), DEF IV: 44(0%), Work Speed: (0%), Skills: Hard Skin
Rooby, Level: 5, Rank: 1, Gender: Male, HP IV: 70(0%), ATK IV: 28(0%), DEF IV: 84(0%), Work Speed: (0%), Skills: Hydromaniac
Rushoar, Level: 2, Rank: 1, Gender: Female, HP IV: 94(0%), ATK IV: 6(0%), DEF IV: 78(0%), Work Speed: (0%), Skills: Brittle
BigBootyJudy's 46 Pals
----------------------
Cattiva, Level: 11, Rank: 1, Gender: Female, HP IV: 55(0%), ATK IV: 80(0%), DEF IV: 4(0%), Work Speed: (0%), Skills: Coward, Diet Lover, Destructive
Cattiva, Level: 2, Rank: 1, Gender: Female, HP IV: 87(0%), ATK IV: 97(0%), DEF IV: 42(0%), Work Speed: (0%), Skills: Coward, Nocturnal
Cattiva, Level: 3, Rank: 1, Gender: Male, HP IV: 95(0%), ATK IV: 32(0%), DEF IV: 100(0%), Work Speed: (0%), Skills: Coward, Positive Thinker
Cattiva, Level: 4, Rank: 1, Gender: Female, HP IV: 51(0%), ATK IV: 61(0%), DEF IV: 41(0%), Work Speed: (0%), Skills: Coward, Bottomless Stomach
Cattiva, Level: 4, Rank: 1, Gender: Male, HP IV: 50(0%), ATK IV: 87(0%), DEF IV: 58(0%), Work Speed: (0%), Skills: Coward
Cattiva, Level: 4, Rank: 1, Gender: Male, HP IV: 93(0%), ATK IV: 53(0%), DEF IV: 99(0%), Work Speed: (0%), Skills: Coward, Burly Body
Cattiva, Level: 4, Rank: 1, Gender: Male, HP IV: 94(0%), ATK IV: 5(0%), DEF IV: 38(0%), Work Speed: (0%), Skills: Coward, Nimble, Logging Foreman
Celaray, Level: 3, Rank: 1, Gender: Female, HP IV: 7(0%), ATK IV: 51(0%), DEF IV: 91(0%), Work Speed: (0%), Skills: Infinite Stamina
Chikipi, Level: 2, Rank: 1, Gender: Male, HP IV: 3(0%), ATK IV: 94(0%), DEF IV: 0(0%), Work Speed: (0%), Skills: Insulated Body
Chikipi, Level: 3, Rank: 1, Gender: Female, HP IV: 90(0%), ATK IV: 4(0%), DEF IV: 38(0%), Work Speed: (0%), Skills: Hard Skin
Chikipi, Level: 4, Rank: 1, Gender: Female, HP IV: 12(0%), ATK IV: 78(0%), DEF IV: 82(0%), Work Speed: (0%), Skills: Infinite Stamina, Nimble
Chikipi, Level: 4, Rank: 1, Gender: Female, HP IV: 29(0%), ATK IV: 15(0%), DEF IV: 92(0%), Work Speed: (0%), Skills: Fragrant Foliage
Chikipi, Level: 4, Rank: 1, Gender: Female, HP IV: 5(0%), ATK IV: 20(0%), DEF IV: 25(0%), Work Speed: (0%), Skills: Ferocious
Cremis, Level: 3, Rank: 1, Gender: Female, HP IV: 0(0%), ATK IV: 41(0%), DEF IV: 76(0%), Work Speed: (0%)
Cremis, Level: 4, Rank: 1, Gender: Female, HP IV: 13(0%), ATK IV: 53(0%), DEF IV: 27(0%), Work Speed: (0%), Skills: Bottomless Stomach, Dragonkiller, Brave
Cremis, Level: 4, Rank: 1, Gender: Male, HP IV: 42(0%), ATK IV: 80(0%), DEF IV: 33(0%), Work Speed: (0%), Skills: Zen Mind, Dainty Eater
Cremis, Level: 6, Rank: 1, Gender: Male, HP IV: 57(0%), ATK IV: 75(0%), DEF IV: 32(0%), Work Speed: (0%), Skills: Unstable
Depresso, Level: 3, Rank: 1, Gender: Male, HP IV: 3(0%), ATK IV: 14(0%), DEF IV: 65(0%), Work Speed: (0%), Skills: Burly Body, Earthquake Resistant, Glutton, Logging Foreman
Depresso, Level: 7, Rank: 1, Gender: Female, HP IV: 58(0%), ATK IV: 37(0%), DEF IV: 62(0%), Work Speed: (0%), Skills: Clumsy
Direhowl, Level: 7, Rank: 1, Gender: Female, HP IV: 22(0%), ATK IV: 96(0%), DEF IV: 91(0%), Work Speed: (0%), Skills: Slacker, Hooligan
Foxparks, Level: 11, Rank: 1, Gender: Female, HP IV: 2(0%), ATK IV: 91(0%), DEF IV: 1(0%), Work Speed: (0%), Skills: Abnormal, Zen Mind
Foxparks, Level: 11, Rank: 1, Gender: Female, HP IV: 46(0%), ATK IV: 35(0%), DEF IV: 87(0%), Work Speed: (0%), Skills: Serenity
Foxparks, Level: 11, Rank: 1, Gender: Male, HP IV: 23(0%), ATK IV: 0(0%), DEF IV: 69(0%), Work Speed: (0%), Skills: Slacker
Fuack, Level: 3, Rank: 1, Gender: Male, HP IV: 40(0%), ATK IV: 59(0%), DEF IV: 29(0%), Work Speed: (0%)
Fuack, Level: 5, Rank: 1, Gender: Male, HP IV: 0(0%), ATK IV: 65(0%), DEF IV: 45(0%), Work Speed: (0%), Skills: Work Slave
Gumoss, Level: 5, Rank: 1, Gender: Male, HP IV: 88(0%), ATK IV: 1(0%), DEF IV: 56(0%), Work Speed: (0%)
Hoocrates, Level: 6, Rank: 1, Gender: Female, HP IV: 14(0%), ATK IV: 53(0%), DEF IV: 33(0%), Work Speed: (0%), Skills: Nocturnal
Hoocrates, Level: 6, Rank: 1, Gender: Female, HP IV: 83(0%), ATK IV: 74(0%), DEF IV: 82(0%), Work Speed: (0%), Skills: Ferocious
Lamball, Level: 1, Rank: 1, Gender: Female, HP IV: 52(0%), ATK IV: 61(0%), DEF IV: 2(0%), Work Speed: (0%)
Lamball, Level: 11, Rank: 1, Gender: Male, HP IV: 20(0%), ATK IV: 10(0%), DEF IV: 95(0%), Work Speed: (0%)
Lamball, Level: 2, Rank: 1, Gender: Female, HP IV: 5(0%), ATK IV: 31(0%), DEF IV: 43(0%), Work Speed: (0%), Skills: Positive Thinker
Lamball, Level: 3, Rank: 1, Gender: Female, HP IV: 49(0%), ATK IV: 96(0%), DEF IV: 82(0%), Work Speed: (0%), Skills: Stronghold Strategist
Lamball, Level: 3, Rank: 1, Gender: Female, HP IV: 66(0%), ATK IV: 22(0%), DEF IV: 94(0%), Work Speed: (0%), Skills: Positive Thinker
Lamball, Level: 3, Rank: 1, Gender: Female, HP IV: 7(0%), ATK IV: 20(0%), DEF IV: 18(0%), Work Speed: (0%), Skills: Runner
Lamball, Level: 4, Rank: 1, Gender: Female, HP IV: 72(0%), ATK IV: 48(0%), DEF IV: 9(0%), Work Speed: (0%), Skills: Nocturnal
Lamball, Level: 4, Rank: 1, Gender: Male, HP IV: 83(0%), ATK IV: 83(0%), DEF IV: 93(0%), Work Speed: (0%), Skills: Logging Foreman, Masochist
Lamball, Level: 5, Rank: 1, Gender: Female, HP IV: 39(0%), ATK IV: 57(0%), DEF IV: 21(0%), Work Speed: (0%), Skills: Diet Lover
Lifmunk, Level: 5, Rank: 1, Gender: Male, HP IV: 64(0%), ATK IV: 45(0%), DEF IV: 46(0%), Work Speed: (0%), Skills: Botanical Barrier, Downtrodden
Melpaca, Level: 7, Rank: 1, Gender: Female, HP IV: 87(0%), ATK IV: 95(0%), DEF IV: 40(0%), Work Speed: (0%), Skills: Stronghold Strategist
Nitewing, Level: 13, Rank: 1, Gender: Female, HP IV: 8(0%), ATK IV: 28(0%), DEF IV: 5(0%), Work Speed: (0%), Skills: Zen Mind, Hooligan
Rooby, Level: 2, Rank: 1, Gender: Female, HP IV: 13(0%), ATK IV: 98(0%), DEF IV: 87(0%), Work Speed: (0%), Skills: Infinite Stamina
Rooby, Level: 2, Rank: 1, Gender: Male, HP IV: 38(0%), ATK IV: 69(0%), DEF IV: 23(0%), Work Speed: (0%), Skills: Downtrodden
Rooby, Level: 3, Rank: 1, Gender: Male, HP IV: 63(0%), ATK IV: 28(0%), DEF IV: 86(0%), Work Speed: (0%), Skills: Zen Mind
Rooby, Level: 4, Rank: 1, Gender: Female, HP IV: 88(0%), ATK IV: 32(0%), DEF IV: 44(0%), Work Speed: (0%), Skills: Hard Skin
Rooby, Level: 5, Rank: 1, Gender: Male, HP IV: 70(0%), ATK IV: 28(0%), DEF IV: 84(0%), Work Speed: (0%), Skills: Hydromaniac
Rushoar, Level: 2, Rank: 1, Gender: Female, HP IV: 94(0%), ATK IV: 6(0%), DEF IV: 78(0%), Work Speed: (0%), Skills: Brittle
BigBootyJudy's 46 Pals
----------------------
Cattiva, Level: 11, Rank: 1, Gender: Female, HP IV: 55(0%), ATK IV: 80(0%), DEF IV: 4(0%), Work Speed: (0%), Skills: Coward, Diet Lover, Destructive
Cattiva, Level: 2, Rank: 1, Gender: Female, HP IV: 87(0%), ATK IV: 97(0%), DEF IV: 42(0%), Work Speed: (0%), Skills: Coward, Nocturnal
Cattiva, Level: 3, Rank: 1, Gender: Male, HP IV: 95(0%), ATK IV: 32(0%), DEF IV: 100(0%), Work Speed: (0%), Skills: Coward, Positive Thinker
Cattiva, Level: 4, Rank: 1, Gender: Female, HP IV: 51(0%), ATK IV: 61(0%), DEF IV: 41(0%), Work Speed: (0%), Skills: Coward, Bottomless Stomach
Cattiva, Level: 4, Rank: 1, Gender: Male, HP IV: 50(0%), ATK IV: 87(0%), DEF IV: 58(0%), Work Speed: (0%), Skills: Coward
Cattiva, Level: 4, Rank: 1, Gender: Male, HP IV: 93(0%), ATK IV: 53(0%), DEF IV: 99(0%), Work Speed: (0%), Skills: Coward, Burly Body
Cattiva, Level: 4, Rank: 1, Gender: Male, HP IV: 94(0%), ATK IV: 5(0%), DEF IV: 38(0%), Work Speed: (0%), Skills: Coward, Nimble, Logging Foreman
Celaray, Level: 3, Rank: 1, Gender: Female, HP IV: 7(0%), ATK IV: 51(0%), DEF IV: 91(0%), Work Speed: (0%), Skills: Infinite Stamina
Chikipi, Level: 2, Rank: 1, Gender: Male, HP IV: 3(0%), ATK IV: 94(0%), DEF IV: 0(0%), Work Speed: (0%), Skills: Insulated Body
Chikipi, Level: 3, Rank: 1, Gender: Female, HP IV: 90(0%), ATK IV: 4(0%), DEF IV: 38(0%), Work Speed: (0%), Skills: Hard Skin
Chikipi, Level: 4, Rank: 1, Gender: Female, HP IV: 12(0%), ATK IV: 78(0%), DEF IV: 82(0%), Work Speed: (0%), Skills: Infinite Stamina, Nimble
Chikipi, Level: 4, Rank: 1, Gender: Female, HP IV: 29(0%), ATK IV: 15(0%), DEF IV: 92(0%), Work Speed: (0%), Skills: Fragrant Foliage
Chikipi, Level: 4, Rank: 1, Gender: Female, HP IV: 5(0%), ATK IV: 20(0%), DEF IV: 25(0%), Work Speed: (0%), Skills: Ferocious
Cremis, Level: 3, Rank: 1, Gender: Female, HP IV: 0(0%), ATK IV: 41(0%), DEF IV: 76(0%), Work Speed: (0%)
Cremis, Level: 4, Rank: 1, Gender: Female, HP IV: 13(0%), ATK IV: 53(0%), DEF IV: 27(0%), Work Speed: (0%), Skills: Bottomless Stomach, Dragonkiller, Brave
Cremis, Level: 4, Rank: 1, Gender: Male, HP IV: 42(0%), ATK IV: 80(0%), DEF IV: 33(0%), Work Speed: (0%), Skills: Zen Mind, Dainty Eater
Cremis, Level: 6, Rank: 1, Gender: Male, HP IV: 57(0%), ATK IV: 75(0%), DEF IV: 32(0%), Work Speed: (0%), Skills: Unstable
Depresso, Level: 3, Rank: 1, Gender: Male, HP IV: 3(0%), ATK IV: 14(0%), DEF IV: 65(0%), Work Speed: (0%), Skills: Burly Body, Earthquake Resistant, Glutton, Logging Foreman
Depresso, Level: 7, Rank: 1, Gender: Female, HP IV: 58(0%), ATK IV: 37(0%), DEF IV: 62(0%), Work Speed: (0%), Skills: Clumsy
Direhowl, Level: 7, Rank: 1, Gender: Female, HP IV: 22(0%), ATK IV: 96(0%), DEF IV: 91(0%), Work Speed: (0%), Skills: Slacker, Hooligan
Foxparks, Level: 11, Rank: 1, Gender: Female, HP IV: 2(0%), ATK IV: 91(0%), DEF IV: 1(0%), Work Speed: (0%), Skills: Abnormal, Zen Mind
Foxparks, Level: 11, Rank: 1, Gender: Female, HP IV: 46(0%), ATK IV: 35(0%), DEF IV: 87(0%), Work Speed: (0%), Skills: Serenity
Foxparks, Level: 11, Rank: 1, Gender: Male, HP IV: 23(0%), ATK IV: 0(0%), DEF IV: 69(0%), Work Speed: (0%), Skills: Slacker
Fuack, Level: 3, Rank: 1, Gender: Male, HP IV: 40(0%), ATK IV: 59(0%), DEF IV: 29(0%), Work Speed: (0%)
Fuack, Level: 5, Rank: 1, Gender: Male, HP IV: 0(0%), ATK IV: 65(0%), DEF IV: 45(0%), Work Speed: (0%), Skills: Work Slave
Gumoss, Level: 5, Rank: 1, Gender: Male, HP IV: 88(0%), ATK IV: 1(0%), DEF IV: 56(0%), Work Speed: (0%)
Hoocrates, Level: 6, Rank: 1, Gender: Female, HP IV: 14(0%), ATK IV: 53(0%), DEF IV: 33(0%), Work Speed: (0%), Skills: Nocturnal
Hoocrates, Level: 6, Rank: 1, Gender: Female, HP IV: 83(0%), ATK IV: 74(0%), DEF IV: 82(0%), Work Speed: (0%), Skills: Ferocious
Lamball, Level: 1, Rank: 1, Gender: Female, HP IV: 52(0%), ATK IV: 61(0%), DEF IV: 2(0%), Work Speed: (0%)
Lamball, Level: 11, Rank: 1, Gender: Male, HP IV: 20(0%), ATK IV: 10(0%), DEF IV: 95(0%), Work Speed: (0%)
Lamball, Level: 2, Rank: 1, Gender: Female, HP IV: 5(0%), ATK IV: 31(0%), DEF IV: 43(0%), Work Speed: (0%), Skills: Positive Thinker
Lamball, Level: 3, Rank: 1, Gender: Female, HP IV: 49(0%), ATK IV: 96(0%), DEF IV: 82(0%), Work Speed: (0%), Skills: Stronghold Strategist
Lamball, Level: 3, Rank: 1, Gender: Female, HP IV: 66(0%), ATK IV: 22(0%), DEF IV: 94(0%), Work Speed: (0%), Skills: Positive Thinker
Lamball, Level: 3, Rank: 1, Gender: Female, HP IV: 7(0%), ATK IV: 20(0%), DEF IV: 18(0%), Work Speed: (0%), Skills: Runner
Lamball, Level: 4, Rank: 1, Gender: Female, HP IV: 72(0%), ATK IV: 48(0%), DEF IV: 9(0%), Work Speed: (0%), Skills: Nocturnal
Lamball, Level: 4, Rank: 1, Gender: Male, HP IV: 83(0%), ATK IV: 83(0%), DEF IV: 93(0%), Work Speed: (0%), Skills: Logging Foreman, Masochist
Lamball, Level: 5, Rank: 1, Gender: Female, HP IV: 39(0%), ATK IV: 57(0%), DEF IV: 21(0%), Work Speed: (0%), Skills: Diet Lover
Lifmunk, Level: 5, Rank: 1, Gender: Male, HP IV: 64(0%), ATK IV: 45(0%), DEF IV: 46(0%), Work Speed: (0%), Skills: Botanical Barrier, Downtrodden
Melpaca, Level: 7, Rank: 1, Gender: Female, HP IV: 87(0%), ATK IV: 95(0%), DEF IV: 40(0%), Work Speed: (0%), Skills: Stronghold Strategist
Nitewing, Level: 13, Rank: 1, Gender: Female, HP IV: 8(0%), ATK IV: 28(0%), DEF IV: 5(0%), Work Speed: (0%), Skills: Zen Mind, Hooligan
Rooby, Level: 2, Rank: 1, Gender: Female, HP IV: 13(0%), ATK IV: 98(0%), DEF IV: 87(0%), Work Speed: (0%), Skills: Infinite Stamina
Rooby, Level: 2, Rank: 1, Gender: Male, HP IV: 38(0%), ATK IV: 69(0%), DEF IV: 23(0%), Work Speed: (0%), Skills: Downtrodden
Rooby, Level: 3, Rank: 1, Gender: Male, HP IV: 63(0%), ATK IV: 28(0%), DEF IV: 86(0%), Work Speed: (0%), Skills: Zen Mind
Rooby, Level: 4, Rank: 1, Gender: Female, HP IV: 88(0%), ATK IV: 32(0%), DEF IV: 44(0%), Work Speed: (0%), Skills: Hard Skin
Rooby, Level: 5, Rank: 1, Gender: Male, HP IV: 70(0%), ATK IV: 28(0%), DEF IV: 84(0%), Work Speed: (0%), Skills: Hydromaniac
Rushoar, Level: 2, Rank: 1, Gender: Female, HP IV: 94(0%), ATK IV: 6(0%), DEF IV: 78(0%), Work Speed: (0%), Skills: Brittle
BigBootyJudy's 46 Pals
----------------------
Cattiva, Level: 11, Rank: 1, Gender: Female, HP IV: 55(0%), ATK IV: 80(0%), DEF IV: 4(0%), Work Speed: (0%), Skills: Coward, Diet Lover, Destructive
Cattiva, Level: 2, Rank: 1, Gender: Female, HP IV: 87(0%), ATK IV: 97(0%), DEF IV: 42(0%), Work Speed: (0%), Skills: Coward, Nocturnal
Cattiva, Level: 3, Rank: 1, Gender: Male, HP IV: 95(0%), ATK IV: 32(0%), DEF IV: 100(0%), Work Speed: (0%), Skills: Coward, Positive Thinker
Cattiva, Level: 4, Rank: 1, Gender: Female, HP IV: 51(0%), ATK IV: 61(0%), DEF IV: 41(0%), Work Speed: (0%), Skills: Coward, Bottomless Stomach
Cattiva, Level: 4, Rank: 1, Gender: Male, HP IV: 50(0%), ATK IV: 87(0%), DEF IV: 58(0%), Work Speed: (0%), Skills: Coward
Cattiva, Level: 4, Rank: 1, Gender: Male, HP IV: 93(0%), ATK IV: 53(0%), DEF IV: 99(0%), Work Speed: (0%), Skills: Coward, Burly Body
Cattiva, Level: 4, Rank: 1, Gender: Male, HP IV: 94(0%), ATK IV: 5(0%), DEF IV: 38(0%), Work Speed: (0%), Skills: Coward, Nimble, Logging Foreman
Celaray, Level: 3, Rank: 1, Gender: Female, HP IV: 7(0%), ATK IV: 51(0%), DEF IV: 91(0%), Work Speed: (0%), Skills: Infinite Stamina
Chikipi, Level: 2, Rank: 1, Gender: Male, HP IV: 3(0%), ATK IV: 94(0%), DEF IV: 0(0%), Work Speed: (0%), Skills: Insulated Body
Chikipi, Level: 3, Rank: 1, Gender: Female, HP IV: 90(0%), ATK IV: 4(0%), DEF IV: 38(0%), Work Speed: (0%), Skills: Hard Skin
Chikipi, Level: 4, Rank: 1, Gender: Female, HP IV: 12(0%), ATK IV: 78(0%), DEF IV: 82(0%), Work Speed: (0%), Skills: Infinite Stamina, Nimble
Chikipi, Level: 4, Rank: 1, Gender: Female, HP IV: 29(0%), ATK IV: 15(0%), DEF IV: 92(0%), Work Speed: (0%), Skills: Fragrant Foliage
Chikipi, Level: 4, Rank: 1, Gender: Female, HP IV: 5(0%), ATK IV: 20(0%), DEF IV: 25(0%), Work Speed: (0%), Skills: Ferocious
Cremis, Level: 3, Rank: 1, Gender: Female, HP IV: 0(0%), ATK IV: 41(0%), DEF IV: 76(0%), Work Speed: (0%)
Cremis, Level: 4, Rank: 1, Gender: Female, HP IV: 13(0%), ATK IV: 53(0%), DEF IV: 27(0%), Work Speed: (0%), Skills: Bottomless Stomach, Dragonkiller, Brave
Cremis, Level: 4, Rank: 1, Gender: Male, HP IV: 42(0%), ATK IV: 80(0%), DEF IV: 33(0%), Work Speed: (0%), Skills: Zen Mind, Dainty Eater
Cremis, Level: 6, Rank: 1, Gender: Male, HP IV: 57(0%), ATK IV: 75(0%), DEF IV: 32(0%), Work Speed: (0%), Skills: Unstable
Depresso, Level: 3, Rank: 1, Gender: Male, HP IV: 3(0%), ATK IV: 14(0%), DEF IV: 65(0%), Work Speed: (0%), Skills: Burly Body, Earthquake Resistant, Glutton, Logging Foreman
Depresso, Level: 7, Rank: 1, Gender: Female, HP IV: 58(0%), ATK IV: 37(0%), DEF IV: 62(0%), Work Speed: (0%), Skills: Clumsy
Direhowl, Level: 7, Rank: 1, Gender: Female, HP IV: 22(0%), ATK IV: 96(0%), DEF IV: 91(0%), Work Speed: (0%), Skills: Slacker, Hooligan
Foxparks, Level: 11, Rank: 1, Gender: Female, HP IV: 2(0%), ATK IV: 91(0%), DEF IV: 1(0%), Work Speed: (0%), Skills: Abnormal, Zen Mind
Foxparks, Level: 11, Rank: 1, Gender: Female, HP IV: 46(0%), ATK IV: 35(0%), DEF IV: 87(0%), Work Speed: (0%), Skills: Serenity
Foxparks, Level: 11, Rank: 1, Gender: Male, HP IV: 23(0%), ATK IV: 0(0%), DEF IV: 69(0%), Work Speed: (0%), Skills: Slacker
Fuack, Level: 3, Rank: 1, Gender: Male, HP IV: 40(0%), ATK IV: 59(0%), DEF IV: 29(0%), Work Speed: (0%)
Fuack, Level: 5, Rank: 1, Gender: Male, HP IV: 0(0%), ATK IV: 65(0%), DEF IV: 45(0%), Work Speed: (0%), Skills: Work Slave
Gumoss, Level: 5, Rank: 1, Gender: Male, HP IV: 88(0%), ATK IV: 1(0%), DEF IV: 56(0%), Work Speed: (0%)
Hoocrates, Level: 6, Rank: 1, Gender: Female, HP IV: 14(0%), ATK IV: 53(0%), DEF IV: 33(0%), Work Speed: (0%), Skills: Nocturnal
Hoocrates, Level: 6, Rank: 1, Gender: Female, HP IV: 83(0%), ATK IV: 74(0%), DEF IV: 82(0%), Work Speed: (0%), Skills: Ferocious
Lamball, Level: 1, Rank: 1, Gender: Female, HP IV: 52(0%), ATK IV: 61(0%), DEF IV: 2(0%), Work Speed: (0%)
Lamball, Level: 11, Rank: 1, Gender: Male, HP IV: 20(0%), ATK IV: 10(0%), DEF IV: 95(0%), Work Speed: (0%)
Lamball, Level: 2, Rank: 1, Gender: Female, HP IV: 5(0%), ATK IV: 31(0%), DEF IV: 43(0%), Work Speed: (0%), Skills: Positive Thinker
Lamball, Level: 3, Rank: 1, Gender: Female, HP IV: 49(0%), ATK IV: 96(0%), DEF IV: 82(0%), Work Speed: (0%), Skills: Stronghold Strategist
Lamball, Level: 3, Rank: 1, Gender: Female, HP IV: 66(0%), ATK IV: 22(0%), DEF IV: 94(0%), Work Speed: (0%), Skills: Positive Thinker
Lamball, Level: 3, Rank: 1, Gender: Female, HP IV: 7(0%), ATK IV: 20(0%), DEF IV: 18(0%), Work Speed: (0%), Skills: Runner
Lamball, Level: 4, Rank: 1, Gender: Female, HP IV: 72(0%), ATK IV: 48(0%), DEF IV: 9(0%), Work Speed: (0%), Skills: Nocturnal
Lamball, Level: 4, Rank: 1, Gender: Male, HP IV: 83(0%), ATK IV: 83(0%), DEF IV: 93(0%), Work Speed: (0%), Skills: Logging Foreman, Masochist
Lamball, Level: 5, Rank: 1, Gender: Female, HP IV: 39(0%), ATK IV: 57(0%), DEF IV: 21(0%), Work Speed: (0%), Skills: Diet Lover
Lifmunk, Level: 5, Rank: 1, Gender: Male, HP IV: 64(0%), ATK IV: 45(0%), DEF IV: 46(0%), Work Speed: (0%), Skills: Botanical Barrier, Downtrodden
Melpaca, Level: 7, Rank: 1, Gender: Female, HP IV: 87(0%), ATK IV: 95(0%), DEF IV: 40(0%), Work Speed: (0%), Skills: Stronghold Strategist
Nitewing, Level: 13, Rank: 1, Gender: Female, HP IV: 8(0%), ATK IV: 28(0%), DEF IV: 5(0%), Work Speed: (0%), Skills: Zen Mind, Hooligan
Rooby, Level: 2, Rank: 1, Gender: Female, HP IV: 13(0%), ATK IV: 98(0%), DEF IV: 87(0%), Work Speed: (0%), Skills: Infinite Stamina
Rooby, Level: 2, Rank: 1, Gender: Male, HP IV: 38(0%), ATK IV: 69(0%), DEF IV: 23(0%), Work Speed: (0%), Skills: Downtrodden
Rooby, Level: 3, Rank: 1, Gender: Male, HP IV: 63(0%), ATK IV: 28(0%), DEF IV: 86(0%), Work Speed: (0%), Skills: Zen Mind
Rooby, Level: 4, Rank: 1, Gender: Female, HP IV: 88(0%), ATK IV: 32(0%), DEF IV: 44(0%), Work Speed: (0%), Skills: Hard Skin
Rooby, Level: 5, Rank: 1, Gender: Male, HP IV: 70(0%), ATK IV: 28(0%), DEF IV: 84(0%), Work Speed: (0%), Skills: Hydromaniac
Rushoar, Level: 2, Rank: 1, Gender: Female, HP IV: 94(0%), ATK IV: 6(0%), DEF IV: 78(0%), Work Speed: (0%), Skills: Brittle
BigBootyJudy's 46 Pals
----------------------
Cattiva, Level: 11, Rank: 1, Gender: Female, HP IV: 55(0%), ATK IV: 80(0%), DEF IV: 4(0%), Work Speed: (0%), Skills: Coward, Diet Lover, Destructive
Cattiva, Level: 2, Rank: 1, Gender: Female, HP IV: 87(0%), ATK IV: 97(0%), DEF IV: 42(0%), Work Speed: (0%), Skills: Coward, Nocturnal
Cattiva, Level: 3, Rank: 1, Gender: Male, HP IV: 95(0%), ATK IV: 32(0%), DEF IV: 100(0%), Work Speed: (0%), Skills: Coward, Positive Thinker
Cattiva, Level: 4, Rank: 1, Gender: Female, HP IV: 51(0%), ATK IV: 61(0%), DEF IV: 41(0%), Work Speed: (0%), Skills: Coward, Bottomless Stomach
Cattiva, Level: 4, Rank: 1, Gender: Male, HP IV: 50(0%), ATK IV: 87(0%), DEF IV: 58(0%), Work Speed: (0%), Skills: Coward
Cattiva, Level: 4, Rank: 1, Gender: Male, HP IV: 93(0%), ATK IV: 53(0%), DEF IV: 99(0%), Work Speed: (0%), Skills: Coward, Burly Body
Cattiva, Level: 4, Rank: 1, Gender: Male, HP IV: 94(0%), ATK IV: 5(0%), DEF IV: 38(0%), Work Speed: (0%), Skills: Coward, Nimble, Logging Foreman
Celaray, Level: 3, Rank: 1, Gender: Female, HP IV: 7(0%), ATK IV: 51(0%), DEF IV: 91(0%), Work Speed: (0%), Skills: Infinite Stamina
Chikipi, Level: 2, Rank: 1, Gender: Male, HP IV: 3(0%), ATK IV: 94(0%), DEF IV: 0(0%), Work Speed: (0%), Skills: Insulated Body
Chikipi, Level: 3, Rank: 1, Gender: Female, HP IV: 90(0%), ATK IV: 4(0%), DEF IV: 38(0%), Work Speed: (0%), Skills: Hard Skin
Chikipi, Level: 4, Rank: 1, Gender: Female, HP IV: 12(0%), ATK IV: 78(0%), DEF IV: 82(0%), Work Speed: (0%), Skills: Infinite Stamina, Nimble
Chikipi, Level: 4, Rank: 1, Gender: Female, HP IV: 29(0%), ATK IV: 15(0%), DEF IV: 92(0%), Work Speed: (0%), Skills: Fragrant Foliage
Chikipi, Level: 4, Rank: 1, Gender: Female, HP IV: 5(0%), ATK IV: 20(0%), DEF IV: 25(0%), Work Speed: (0%), Skills: Ferocious
Cremis, Level: 3, Rank: 1, Gender: Female, HP IV: 0(0%), ATK IV: 41(0%), DEF IV: 76(0%), Work Speed: (0%)
Cremis, Level: 4, Rank: 1, Gender: Female, HP IV: 13(0%), ATK IV: 53(0%), DEF IV: 27(0%), Work Speed: (0%), Skills: Bottomless Stomach, Dragonkiller, Brave
Cremis, Level: 4, Rank: 1, Gender: Male, HP IV: 42(0%), ATK IV: 80(0%), DEF IV: 33(0%), Work Speed: (0%), Skills: Zen Mind, Dainty Eater
Cremis, Level: 6, Rank: 1, Gender: Male, HP IV: 57(0%), ATK IV: 75(0%), DEF IV: 32(0%), Work Speed: (0%), Skills: Unstable
Depresso, Level: 3, Rank: 1, Gender: Male, HP IV: 3(0%), ATK IV: 14(0%), DEF IV: 65(0%), Work Speed: (0%), Skills: Burly Body, Earthquake Resistant, Glutton, Logging Foreman
Depresso, Level: 7, Rank: 1, Gender: Female, HP IV: 58(0%), ATK IV: 37(0%), DEF IV: 62(0%), Work Speed: (0%), Skills: Clumsy
Direhowl, Level: 7, Rank: 1, Gender: Female, HP IV: 22(0%), ATK IV: 96(0%), DEF IV: 91(0%), Work Speed: (0%), Skills: Slacker, Hooligan
Foxparks, Level: 11, Rank: 1, Gender: Female, HP IV: 2(0%), ATK IV: 91(0%), DEF IV: 1(0%), Work Speed: (0%), Skills: Abnormal, Zen Mind
Foxparks, Level: 11, Rank: 1, Gender: Female, HP IV: 46(0%), ATK IV: 35(0%), DEF IV: 87(0%), Work Speed: (0%), Skills: Serenity
Foxparks, Level: 11, Rank: 1, Gender: Male, HP IV: 23(0%), ATK IV: 0(0%), DEF IV: 69(0%), Work Speed: (0%), Skills: Slacker
Fuack, Level: 3, Rank: 1, Gender: Male, HP IV: 40(0%), ATK IV: 59(0%), DEF IV: 29(0%), Work Speed: (0%)
Fuack, Level: 5, Rank: 1, Gender: Male, HP IV: 0(0%), ATK IV: 65(0%), DEF IV: 45(0%), Work Speed: (0%), Skills: Work Slave
Gumoss, Level: 5, Rank: 1, Gender: Male, HP IV: 88(0%), ATK IV: 1(0%), DEF IV: 56(0%), Work Speed: (0%)
Hoocrates, Level: 6, Rank: 1, Gender: Female, HP IV: 14(0%), ATK IV: 53(0%), DEF IV: 33(0%), Work Speed: (0%), Skills: Nocturnal
Hoocrates, Level: 6, Rank: 1, Gender: Female, HP IV: 83(0%), ATK IV: 74(0%), DEF IV: 82(0%), Work Speed: (0%), Skills: Ferocious
Lamball, Level: 1, Rank: 1, Gender: Female, HP IV: 52(0%), ATK IV: 61(0%), DEF IV: 2(0%), Work Speed: (0%)
Lamball, Level: 11, Rank: 1, Gender: Male, HP IV: 20(0%), ATK IV: 10(0%), DEF IV: 95(0%), Work Speed: (0%)
Lamball, Level: 2, Rank: 1, Gender: Female, HP IV: 5(0%), ATK IV: 31(0%), DEF IV: 43(0%), Work Speed: (0%), Skills: Positive Thinker
Lamball, Level: 3, Rank: 1, Gender: Female, HP IV: 49(0%), ATK IV: 96(0%), DEF IV: 82(0%), Work Speed: (0%), Skills: Stronghold Strategist
Lamball, Level: 3, Rank: 1, Gender: Female, HP IV: 66(0%), ATK IV: 22(0%), DEF IV: 94(0%), Work Speed: (0%), Skills: Positive Thinker
Lamball, Level: 3, Rank: 1, Gender: Female, HP IV: 7(0%), ATK IV: 20(0%), DEF IV: 18(0%), Work Speed: (0%), Skills: Runner
Lamball, Level: 4, Rank: 1, Gender: Female, HP IV: 72(0%), ATK IV: 48(0%), DEF IV: 9(0%), Work Speed: (0%), Skills: Nocturnal
Lamball, Level: 4, Rank: 1, Gender: Male, HP IV: 83(0%), ATK IV: 83(0%), DEF IV: 93(0%), Work Speed: (0%), Skills: Logging Foreman, Masochist
Lamball, Level: 5, Rank: 1, Gender: Female, HP IV: 39(0%), ATK IV: 57(0%), DEF IV: 21(0%), Work Speed: (0%), Skills: Diet Lover
Lifmunk, Level: 5, Rank: 1, Gender: Male, HP IV: 64(0%), ATK IV: 45(0%), DEF IV: 46(0%), Work Speed: (0%), Skills: Botanical Barrier, Downtrodden
Melpaca, Level: 7, Rank: 1, Gender: Female, HP IV: 87(0%), ATK IV: 95(0%), DEF IV: 40(0%), Work Speed: (0%), Skills: Stronghold Strategist
Nitewing, Level: 13, Rank: 1, Gender: Female, HP IV: 8(0%), ATK IV: 28(0%), DEF IV: 5(0%), Work Speed: (0%), Skills: Zen Mind, Hooligan
Rooby, Level: 2, Rank: 1, Gender: Female, HP IV: 13(0%), ATK IV: 98(0%), DEF IV: 87(0%), Work Speed: (0%), Skills: Infinite Stamina
Rooby, Level: 2, Rank: 1, Gender: Male, HP IV: 38(0%), ATK IV: 69(0%), DEF IV: 23(0%), Work Speed: (0%), Skills: Downtrodden
Rooby, Level: 3, Rank: 1, Gender: Male, HP IV: 63(0%), ATK IV: 28(0%), DEF IV: 86(0%), Work Speed: (0%), Skills: Zen Mind
Rooby, Level: 4, Rank: 1, Gender: Female, HP IV: 88(0%), ATK IV: 32(0%), DEF IV: 44(0%), Work Speed: (0%), Skills: Hard Skin
Rooby, Level: 5, Rank: 1, Gender: Male, HP IV: 70(0%), ATK IV: 28(0%), DEF IV: 84(0%), Work Speed: (0%), Skills: Hydromaniac
Rushoar, Level: 2, Rank: 1, Gender: Female, HP IV: 94(0%), ATK IV: 6(0%), DEF IV: 78(0%), Work Speed: (0%), Skills: Brittle
