Big Bat's 69 Pals
-----------------
Alpha Dumud, Level: 15, Rank: 1, Gender: Female, HP IV: 84(0%), ATK IV: 62(0%), DEF IV: 66(0%), Work Speed: (0%), Skills: Dragonkiller
Alpha Nitewing, Level: 18, Rank: 1, Gender: Female, HP IV: 91(0%), ATK IV: 54(0%), DEF IV: 74(0%), Work Speed: (0%), Skills: Hydromaniac
Caprity, Level: 1, Rank: 1, Gender: Female, HP IV: 48(0%), ATK IV: 47(0%), DEF IV: 96(0%), Work Speed: (0%), Skills: Power of Gaia
Caprity, Level: 12, Rank: 1, Gender: Male, HP IV: 85(0%), ATK IV: 52(0%), DEF IV: 81(0%), Work Speed: (0%), Skills: Pyromaniac, Coward, Unstable
Caprity, Level: 8, Rank: 1, Gender: Female, HP IV: 14(0%), ATK IV: 59(0%), DEF IV: 74(0%), Work Speed: (0%), Skills: Power of Gaia
Cattiva, Level: 17, Rank: 1, Gender: Female, HP IV: 36(0%), ATK IV: 11(0%), DEF IV: 97(0%), Work Speed: (0%), Skills: Coward, Masochist
Cattiva, Level: 17, Rank: 1, Gender: Female, HP IV: 43(0%), ATK IV: 64(0%), DEF IV: 83(0%), Work Speed: (0%), Skills: Coward, Slacker
Cattiva, Level: 17, Rank: 1, Gender: Female, HP IV: 71(0%), ATK IV: 41(0%), DEF IV: 52(0%), Work Speed: (0%), Skills: Coward, Nimble
Cattiva, Level: 5, Rank: 1, Gender: Male, HP IV: 52(0%), ATK IV: 87(0%), DEF IV: 97(0%), Work Speed: (0%), Skills: Coward, Botanical Barrier
Celaray, Level: 3, Rank: 1, Gender: Male, HP IV: 46(0%), ATK IV: 54(0%), DEF IV: 20(0%), Work Speed: (0%), Skills: Mercy hit, Bottomless Stomach
Chikipi, Level: 3, Rank: 1, Gender: Male, HP IV: 45(0%), ATK IV: 84(0%), DEF IV: 82(0%), Work Speed: (0%), Skills: Waterproof
Chikipi, Level: 3, Rank: 1, Gender: Male, HP IV: 99(0%), ATK IV: 66(0%), DEF IV: 98(0%), Work Speed: (0%), Skills: Nimble
Chikipi, Level: 5, Rank: 1, Gender: Female, HP IV: 9(0%), ATK IV: 59(0%), DEF IV: 27(0%), Work Speed: (0%), Skills: Brave
Chikipi, Level: 5, Rank: 1, Gender: Male, HP IV: 79(0%), ATK IV: 13(0%), DEF IV: 41(0%), Work Speed: (0%), Skills: Blood of the Dragon
Croajiro, Level: 3, Rank: 1, Gender: Female, HP IV: 74(0%), ATK IV: 7(0%), DEF IV: 55(0%), Work Speed: (0%), Skills: Pyromaniac, Slacker
Croajiro, Level: 3, Rank: 1, Gender: Male, HP IV: 39(0%), ATK IV: 36(0%), DEF IV: 49(0%), Work Speed: (0%), Skills: Unstable
Croajiro, Level: 3, Rank: 1, Gender: Male, HP IV: 72(0%), ATK IV: 3(0%), DEF IV: 47(0%), Work Speed: (0%)
Croajiro, Level: 4, Rank: 1, Gender: Female, HP IV: 98(0%), ATK IV: 83(0%), DEF IV: 3(0%), Work Speed: (0%), Skills: Nocturnal
Croajiro, Level: 5, Rank: 1, Gender: Female, HP IV: 83(0%), ATK IV: 20(0%), DEF IV: 4(0%), Work Speed: (0%), Skills: Nimble
Croajiro, Level: 6, Rank: 1, Gender: Female, HP IV: 65(0%), ATK IV: 88(0%), DEF IV: 22(0%), Work Speed: (0%), Skills: Veil of Darkness, Capacitor
Dazemu, Level: 18, Rank: 1, Gender: Male, HP IV: 4(0%), ATK IV: 9(0%), DEF IV: 21(0%), Work Speed: (0%), Skills: Glutton
Dazemu, Level: 20, Rank: 1, Gender: Male, HP IV: 95(0%), ATK IV: 10(0%), DEF IV: 27(0%), Work Speed: (0%), Skills: Sadist
Digtoise, Level: 19, Rank: 1, Gender: Male, HP IV: 79(0%), ATK IV: 16(0%), DEF IV: 99(0%), Work Speed: (0%), Skills: Hard Skin, Destructive
Digtoise, Level: 23, Rank: 1, Gender: Female, HP IV: 99(0%), ATK IV: 46(0%), DEF IV: 87(0%), Work Speed: (0%), Skills: Hard Skin, Bottomless Stomach
Dinossom, Level: 14, Rank: 1, Gender: Female, HP IV: 50(0%), ATK IV: 16(0%), DEF IV: 30(0%), Work Speed: (0%), Skills: Masochist
Direhowl, Level: 12, Rank: 1, Gender: Female, HP IV: 28(0%), ATK IV: 71(0%), DEF IV: 55(0%), Work Speed: (0%), Skills: Brave
Direhowl, Level: 17, Rank: 1, Gender: Male, HP IV: 12(0%), ATK IV: 88(0%), DEF IV: 12(0%), Work Speed: (0%), Skills: Sickly
Direhowl, Level: 7, Rank: 1, Gender: Male, HP IV: 58(0%), ATK IV: 71(0%), DEF IV: 89(0%), Work Speed: (0%), Skills: Positive Thinker
Foxparks, Level: 14, Rank: 1, Gender: Female, HP IV: 17(0%), ATK IV: 30(0%), DEF IV: 85(0%), Work Speed: (0%), Skills: Philantropist
Foxparks, Level: 2, Rank: 1, Gender: Male, HP IV: 71(0%), ATK IV: 67(0%), DEF IV: 25(0%), Work Speed: (0%), Skills: Mine Foreman, Logging Foreman
Foxparks, Level: 5, Rank: 1, Gender: Male, HP IV: 3(0%), ATK IV: 0(0%), DEF IV: 80(0%), Work Speed: (0%)
Hangyu, Level: 16, Rank: 1, Gender: Female, HP IV: 79(0%), ATK IV: 33(0%), DEF IV: 39(0%), Work Speed: (0%), Skills: Runner, Hooligan
Lamball, Level: 2, Rank: 1, Gender: Female, HP IV: 24(0%), ATK IV: 44(0%), DEF IV: 82(0%), Work Speed: (0%), Skills: Work Slave
Lamball, Level: 2, Rank: 1, Gender: Female, HP IV: 48(0%), ATK IV: 86(0%), DEF IV: 100(0%), Work Speed: (0%), Skills: Fine Furs
Lamball, Level: 2, Rank: 1, Gender: Female, HP IV: 89(0%), ATK IV: 30(0%), DEF IV: 84(0%), Work Speed: (0%), Skills: Brittle
Lamball, Level: 2, Rank: 1, Gender: Male, HP IV: 33(0%), ATK IV: 78(0%), DEF IV: 53(0%), Work Speed: (0%), Skills: Positive Thinker
Lamball, Level: 2, Rank: 1, Gender: Male, HP IV: 93(0%), ATK IV: 54(0%), DEF IV: 0(0%), Work Speed: (0%), Skills: Masochist
Lamball, Level: 3, Rank: 1, Gender: Female, HP IV: 28(0%), ATK IV: 56(0%), DEF IV: 58(0%), Work Speed: (0%), Skills: Power of Gaia
Lamball, Level: 3, Rank: 1, Gender: Female, HP IV: 57(0%), ATK IV: 95(0%), DEF IV: 96(0%), Work Speed: (0%), Skills: Glutton
Lamball, Level: 3, Rank: 1, Gender: Male, HP IV: 27(0%), ATK IV: 64(0%), DEF IV: 56(0%), Work Speed: (0%), Skills: Veil of Darkness
Lamball, Level: 3, Rank: 1, Gender: Male, HP IV: 94(0%), ATK IV: 93(0%), DEF IV: 73(0%), Work Speed: (0%), Skills: Slacker
Lamball, Level: 4, Rank: 1, Gender: Female, HP IV: 30(0%), ATK IV: 98(0%), DEF IV: 39(0%), Work Speed: (0%), Skills: Infinite Stamina
Lamball, Level: 7, Rank: 1, Gender: Male, HP IV: 37(0%), ATK IV: 59(0%), DEF IV: 67(0%), Work Speed: (0%), Skills: Dragonkiller
Lamball, Level: 8, Rank: 1, Gender: Female, HP IV: 32(0%), ATK IV: 45(0%), DEF IV: 35(0%), Work Speed: (0%), Skills: Workaholic, Nocturnal
Lovander, Level: 22, Rank: 1, Gender: Female, HP IV: 36(0%), ATK IV: 90(0%), DEF IV: 1(0%), Work Speed: (0%), Skills: Abnormal, Swift
Lovander, Level: 22, Rank: 1, Gender: Female, HP IV: 59(0%), ATK IV: 51(0%), DEF IV: 17(0%), Work Speed: (0%), Skills: Abnormal, Insulated Body
Mau, Level: 11, Rank: 1, Gender: Male, HP IV: 9(0%), ATK IV: 17(0%), DEF IV: 13(0%), Work Speed: (0%), Skills: Serenity
Nitewing, Level: 17, Rank: 1, Gender: Male, HP IV: 9(0%), ATK IV: 100(0%), DEF IV: 38(0%), Work Speed: (0%), Skills: Clumsy
Rayhound, Level: 1, Rank: 1, Gender: Female, HP IV: 61(0%), ATK IV: 25(0%), DEF IV: 39(0%), Work Speed: (0%), Skills: Workaholic
Ribbuny, Level: 2, Rank: 1, Gender: Male, HP IV: 13(0%), ATK IV: 63(0%), DEF IV: 68(0%), Work Speed: (0%), Skills: Sickly
Ribbuny, Level: 3, Rank: 1, Gender: Male, HP IV: 42(0%), ATK IV: 2(0%), DEF IV: 28(0%), Work Speed: (0%), Skills: Power of Gaia, Vanguard, Stronghold Strategist
Ribbuny, Level: 4, Rank: 1, Gender: Female, HP IV: 19(0%), ATK IV: 64(0%), DEF IV: 19(0%), Work Speed: (0%), Skills: Serenity
Rushoar, Level: 2, Rank: 1, Gender: Male, HP IV: 7(0%), ATK IV: 46(0%), DEF IV: 94(0%), Work Speed: (0%), Skills: Destructive, Pacifist
Sparkit, Level: 15, Rank: 1, Gender: Male, HP IV: 21(0%), ATK IV: 78(0%), DEF IV: 21(0%), Work Speed: (0%), Skills: Fragrant Foliage, Destructive, Stronghold Strategist, Serenity
Tanzee, Level: 9, Rank: 1, Gender: Male, HP IV: 14(0%), ATK IV: 45(0%), DEF IV: 2(0%), Work Speed: (0%), Skills: Serenity
Tanzee, Level: 9, Rank: 1, Gender: Male, HP IV: 32(0%), ATK IV: 46(0%), DEF IV: 93(0%), Work Speed: (0%), Skills: Hydromaniac
Tanzee, Level: 9, Rank: 1, Gender: Male, HP IV: 43(0%), ATK IV: 2(0%), DEF IV: 15(0%), Work Speed: (0%), Skills: Positive Thinker
Teafant, Level: 10, Rank: 1, Gender: Female, HP IV: 55(0%), ATK IV: 70(0%), DEF IV: 33(0%), Work Speed: (0%), Skills: Swift
Teafant, Level: 17, Rank: 1, Gender: Male, HP IV: 87(0%), ATK IV: 25(0%), DEF IV: 56(0%), Work Speed: (0%), Skills: Hydromaniac
Teafant, Level: 2, Rank: 1, Gender: Male, HP IV: 2(0%), ATK IV: 50(0%), DEF IV: 3(0%), Work Speed: (0%), Skills: Suntan Lover
Teafant, Level: 2, Rank: 1, Gender: Male, HP IV: 48(0%), ATK IV: 8(0%), DEF IV: 59(0%), Work Speed: (0%)
Teafant, Level: 3, Rank: 1, Gender: Male, HP IV: 45(0%), ATK IV: 88(0%), DEF IV: 64(0%), Work Speed: (0%), Skills: Work Slave
Teafant, Level: 4, Rank: 1, Gender: Female, HP IV: 21(0%), ATK IV: 93(0%), DEF IV: 98(0%), Work Speed: (0%), Skills: Nimble
Teafant, Level: 4, Rank: 1, Gender: Female, HP IV: 56(0%), ATK IV: 100(0%), DEF IV: 13(0%), Work Speed: (0%)
Teafant, Level: 4, Rank: 1, Gender: Female, HP IV: 93(0%), ATK IV: 16(0%), DEF IV: 7(0%), Work Speed: (0%), Skills: Easygoing
Teafant, Level: 4, Rank: 1, Gender: Male, HP IV: 45(0%), ATK IV: 27(0%), DEF IV: 24(0%), Work Speed: (0%), Skills: Burly Body
Teafant, Level: 5, Rank: 1, Gender: Male, HP IV: 28(0%), ATK IV: 38(0%), DEF IV: 41(0%), Work Speed: (0%), Skills: Shabby, Logging Foreman
Teafant, Level: 6, Rank: 1, Gender: Female, HP IV: 27(0%), ATK IV: 41(0%), DEF IV: 7(0%), Work Speed: (0%), Skills: Hooligan
Univolt, Level: 1, Rank: 1, Gender: Male, HP IV: 25(0%), ATK IV: 18(0%), DEF IV: 93(0%), Work Speed: (0%), Skills: Hard Skin
Big Bat's 69 Pals
-----------------
Alpha Dumud, Level: 15, Rank: 1, Gender: Female, HP IV: 84(0%), ATK IV: 62(0%), DEF IV: 66(0%), Work Speed: (0%), Skills: Dragonkiller
Alpha Nitewing, Level: 18, Rank: 1, Gender: Female, HP IV: 91(0%), ATK IV: 54(0%), DEF IV: 74(0%), Work Speed: (0%), Skills: Hydromaniac
Caprity, Level: 1, Rank: 1, Gender: Female, HP IV: 48(0%), ATK IV: 47(0%), DEF IV: 96(0%), Work Speed: (0%), Skills: Power of Gaia
Caprity, Level: 12, Rank: 1, Gender: Male, HP IV: 85(0%), ATK IV: 52(0%), DEF IV: 81(0%), Work Speed: (0%), Skills: Pyromaniac, Coward, Unstable
Caprity, Level: 8, Rank: 1, Gender: Female, HP IV: 14(0%), ATK IV: 59(0%), DEF IV: 74(0%), Work Speed: (0%), Skills: Power of Gaia
Cattiva, Level: 17, Rank: 1, Gender: Female, HP IV: 36(0%), ATK IV: 11(0%), DEF IV: 97(0%), Work Speed: (0%), Skills: Coward, Masochist
Cattiva, Level: 17, Rank: 1, Gender: Female, HP IV: 43(0%), ATK IV: 64(0%), DEF IV: 83(0%), Work Speed: (0%), Skills: Coward, Slacker
Cattiva, Level: 17, Rank: 1, Gender: Female, HP IV: 71(0%), ATK IV: 41(0%), DEF IV: 52(0%), Work Speed: (0%), Skills: Coward, Nimble
Cattiva, Level: 5, Rank: 1, Gender: Male, HP IV: 52(0%), ATK IV: 87(0%), DEF IV: 97(0%), Work Speed: (0%), Skills: Coward, Botanical Barrier
Celaray, Level: 3, Rank: 1, Gender: Male, HP IV: 46(0%), ATK IV: 54(0%), DEF IV: 20(0%), Work Speed: (0%), Skills: Mercy hit, Bottomless Stomach
Chikipi, Level: 3, Rank: 1, Gender: Male, HP IV: 45(0%), ATK IV: 84(0%), DEF IV: 82(0%), Work Speed: (0%), Skills: Waterproof
Chikipi, Level: 3, Rank: 1, Gender: Male, HP IV: 99(0%), ATK IV: 66(0%), DEF IV: 98(0%), Work Speed: (0%), Skills: Nimble
Chikipi, Level: 5, Rank: 1, Gender: Female, HP IV: 9(0%), ATK IV: 59(0%), DEF IV: 27(0%), Work Speed: (0%), Skills: Brave
Chikipi, Level: 5, Rank: 1, Gender: Male, HP IV: 79(0%), ATK IV: 13(0%), DEF IV: 41(0%), Work Speed: (0%), Skills: Blood of the Dragon
Croajiro, Level: 3, Rank: 1, Gender: Female, HP IV: 74(0%), ATK IV: 7(0%), DEF IV: 55(0%), Work Speed: (0%), Skills: Pyromaniac, Slacker
Croajiro, Level: 3, Rank: 1, Gender: Male, HP IV: 39(0%), ATK IV: 36(0%), DEF IV: 49(0%), Work Speed: (0%), Skills: Unstable
Croajiro, Level: 3, Rank: 1, Gender: Male, HP IV: 72(0%), ATK IV: 3(0%), DEF IV: 47(0%), Work Speed: (0%)
Croajiro, Level: 4, Rank: 1, Gender: Female, HP IV: 98(0%), ATK IV: 83(0%), DEF IV: 3(0%), Work Speed: (0%), Skills: Nocturnal
Croajiro, Level: 5, Rank: 1, Gender: Female, HP IV: 83(0%), ATK IV: 20(0%), DEF IV: 4(0%), Work Speed: (0%), Skills: Nimble
Croajiro, Level: 6, Rank: 1, Gender: Female, HP IV: 65(0%), ATK IV: 88(0%), DEF IV: 22(0%), Work Speed: (0%), Skills: Veil of Darkness, Capacitor
Dazemu, Level: 18, Rank: 1, Gender: Male, HP IV: 4(0%), ATK IV: 9(0%), DEF IV: 21(0%), Work Speed: (0%), Skills: Glutton
Dazemu, Level: 20, Rank: 1, Gender: Male, HP IV: 95(0%), ATK IV: 10(0%), DEF IV: 27(0%), Work Speed: (0%), Skills: Sadist
Digtoise, Level: 19, Rank: 1, Gender: Male, HP IV: 79(0%), ATK IV: 16(0%), DEF IV: 99(0%), Work Speed: (0%), Skills: Hard Skin, Destructive
Digtoise, Level: 23, Rank: 1, Gender: Female, HP IV: 99(0%), ATK IV: 46(0%), DEF IV: 87(0%), Work Speed: (0%), Skills: Hard Skin, Bottomless Stomach
Dinossom, Level: 14, Rank: 1, Gender: Female, HP IV: 50(0%), ATK IV: 16(0%), DEF IV: 30(0%), Work Speed: (0%), Skills: Masochist
Direhowl, Level: 12, Rank: 1, Gender: Female, HP IV: 28(0%), ATK IV: 71(0%), DEF IV: 55(0%), Work Speed: (0%), Skills: Brave
Direhowl, Level: 17, Rank: 1, Gender: Male, HP IV: 12(0%), ATK IV: 88(0%), DEF IV: 12(0%), Work Speed: (0%), Skills: Sickly
Direhowl, Level: 7, Rank: 1, Gender: Male, HP IV: 58(0%), ATK IV: 71(0%), DEF IV: 89(0%), Work Speed: (0%), Skills: Positive Thinker
Foxparks, Level: 14, Rank: 1, Gender: Female, HP IV: 17(0%), ATK IV: 30(0%), DEF IV: 85(0%), Work Speed: (0%), Skills: Philantropist
Foxparks, Level: 2, Rank: 1, Gender: Male, HP IV: 71(0%), ATK IV: 67(0%), DEF IV: 25(0%), Work Speed: (0%), Skills: Mine Foreman, Logging Foreman
Foxparks, Level: 5, Rank: 1, Gender: Male, HP IV: 3(0%), ATK IV: 0(0%), DEF IV: 80(0%), Work Speed: (0%)
Hangyu, Level: 16, Rank: 1, Gender: Female, HP IV: 79(0%), ATK IV: 33(0%), DEF IV: 39(0%), Work Speed: (0%), Skills: Runner, Hooligan
Lamball, Level: 2, Rank: 1, Gender: Female, HP IV: 24(0%), ATK IV: 44(0%), DEF IV: 82(0%), Work Speed: (0%), Skills: Work Slave
Lamball, Level: 2, Rank: 1, Gender: Female, HP IV: 48(0%), ATK IV: 86(0%), DEF IV: 100(0%), Work Speed: (0%), Skills: Fine Furs
Lamball, Level: 2, Rank: 1, Gender: Female, HP IV: 89(0%), ATK IV: 30(0%), DEF IV: 84(0%), Work Speed: (0%), Skills: Brittle
Lamball, Level: 2, Rank: 1, Gender: Male, HP IV: 33(0%), ATK IV: 78(0%), DEF IV: 53(0%), Work Speed: (0%), Skills: Positive Thinker
Lamball, Level: 2, Rank: 1, Gender: Male, HP IV: 93(0%), ATK IV: 54(0%), DEF IV: 0(0%), Work Speed: (0%), Skills: Masochist
Lamball, Level: 3, Rank: 1, Gender: Female, HP IV: 28(0%), ATK IV: 56(0%), DEF IV: 58(0%), Work Speed: (0%), Skills: Power of Gaia
Lamball, Level: 3, Rank: 1, Gender: Female, HP IV: 57(0%), ATK IV: 95(0%), DEF IV: 96(0%), Work Speed: (0%), Skills: Glutton
Lamball, Level: 3, Rank: 1, Gender: Male, HP IV: 27(0%), ATK IV: 64(0%), DEF IV: 56(0%), Work Speed: (0%), Skills: Veil of Darkness
Lamball, Level: 3, Rank: 1, Gender: Male, HP IV: 94(0%), ATK IV: 93(0%), DEF IV: 73(0%), Work Speed: (0%), Skills: Slacker
Lamball, Level: 4, Rank: 1, Gender: Female, HP IV: 30(0%), ATK IV: 98(0%), DEF IV: 39(0%), Work Speed: (0%), Skills: Infinite Stamina
Lamball, Level: 7, Rank: 1, Gender: Male, HP IV: 37(0%), ATK IV: 59(0%), DEF IV: 67(0%), Work Speed: (0%), Skills: Dragonkiller
Lamball, Level: 8, Rank: 1, Gender: Female, HP IV: 32(0%), ATK IV: 45(0%), DEF IV: 35(0%), Work Speed: (0%), Skills: Workaholic, Nocturnal
Lovander, Level: 22, Rank: 1, Gender: Female, HP IV: 36(0%), ATK IV: 90(0%), DEF IV: 1(0%), Work Speed: (0%), Skills: Abnormal, Swift
Lovander, Level: 22, Rank: 1, Gender: Female, HP IV: 59(0%), ATK IV: 51(0%), DEF IV: 17(0%), Work Speed: (0%), Skills: Abnormal, Insulated Body
Mau, Level: 11, Rank: 1, Gender: Male, HP IV: 9(0%), ATK IV: 17(0%), DEF IV: 13(0%), Work Speed: (0%), Skills: Serenity
Nitewing, Level: 17, Rank: 1, Gender: Male, HP IV: 9(0%), ATK IV: 100(0%), DEF IV: 38(0%), Work Speed: (0%), Skills: Clumsy
Rayhound, Level: 1, Rank: 1, Gender: Female, HP IV: 61(0%), ATK IV: 25(0%), DEF IV: 39(0%), Work Speed: (0%), Skills: Workaholic
Ribbuny, Level: 2, Rank: 1, Gender: Male, HP IV: 13(0%), ATK IV: 63(0%), DEF IV: 68(0%), Work Speed: (0%), Skills: Sickly
Ribbuny, Level: 3, Rank: 1, Gender: Male, HP IV: 42(0%), ATK IV: 2(0%), DEF IV: 28(0%), Work Speed: (0%), Skills: Power of Gaia, Vanguard, Stronghold Strategist
Ribbuny, Level: 4, Rank: 1, Gender: Female, HP IV: 19(0%), ATK IV: 64(0%), DEF IV: 19(0%), Work Speed: (0%), Skills: Serenity
Rushoar, Level: 2, Rank: 1, Gender: Male, HP IV: 7(0%), ATK IV: 46(0%), DEF IV: 94(0%), Work Speed: (0%), Skills: Destructive, Pacifist
Sparkit, Level: 15, Rank: 1, Gender: Male, HP IV: 21(0%), ATK IV: 78(0%), DEF IV: 21(0%), Work Speed: (0%), Skills: Fragrant Foliage, Destructive, Stronghold Strategist, Serenity
Tanzee, Level: 9, Rank: 1, Gender: Male, HP IV: 14(0%), ATK IV: 45(0%), DEF IV: 2(0%), Work Speed: (0%), Skills: Serenity
Tanzee, Level: 9, Rank: 1, Gender: Male, HP IV: 32(0%), ATK IV: 46(0%), DEF IV: 93(0%), Work Speed: (0%), Skills: Hydromaniac
Tanzee, Level: 9, Rank: 1, Gender: Male, HP IV: 43(0%), ATK IV: 2(0%), DEF IV: 15(0%), Work Speed: (0%), Skills: Positive Thinker
Teafant, Level: 10, Rank: 1, Gender: Female, HP IV: 55(0%), ATK IV: 70(0%), DEF IV: 33(0%), Work Speed: (0%), Skills: Swift
Teafant, Level: 17, Rank: 1, Gender: Male, HP IV: 87(0%), ATK IV: 25(0%), DEF IV: 56(0%), Work Speed: (0%), Skills: Hydromaniac
Teafant, Level: 2, Rank: 1, Gender: Male, HP IV: 2(0%), ATK IV: 50(0%), DEF IV: 3(0%), Work Speed: (0%), Skills: Suntan Lover
Teafant, Level: 2, Rank: 1, Gender: Male, HP IV: 48(0%), ATK IV: 8(0%), DEF IV: 59(0%), Work Speed: (0%)
Teafant, Level: 3, Rank: 1, Gender: Male, HP IV: 45(0%), ATK IV: 88(0%), DEF IV: 64(0%), Work Speed: (0%), Skills: Work Slave
Teafant, Level: 4, Rank: 1, Gender: Female, HP IV: 21(0%), ATK IV: 93(0%), DEF IV: 98(0%), Work Speed: (0%), Skills: Nimble
Teafant, Level: 4, Rank: 1, Gender: Female, HP IV: 56(0%), ATK IV: 100(0%), DEF IV: 13(0%), Work Speed: (0%)
Teafant, Level: 4, Rank: 1, Gender: Female, HP IV: 93(0%), ATK IV: 16(0%), DEF IV: 7(0%), Work Speed: (0%), Skills: Easygoing
Teafant, Level: 4, Rank: 1, Gender: Male, HP IV: 45(0%), ATK IV: 27(0%), DEF IV: 24(0%), Work Speed: (0%), Skills: Burly Body
Teafant, Level: 5, Rank: 1, Gender: Male, HP IV: 28(0%), ATK IV: 38(0%), DEF IV: 41(0%), Work Speed: (0%), Skills: Shabby, Logging Foreman
Teafant, Level: 6, Rank: 1, Gender: Female, HP IV: 27(0%), ATK IV: 41(0%), DEF IV: 7(0%), Work Speed: (0%), Skills: Hooligan
Univolt, Level: 1, Rank: 1, Gender: Male, HP IV: 25(0%), ATK IV: 18(0%), DEF IV: 93(0%), Work Speed: (0%), Skills: Hard Skin
Big Bat's 67 Pals
-----------------
Alpha Dumud, Level: 15, Rank: 1, Gender: Female, HP IV: 84(0%), ATK IV: 62(0%), DEF IV: 66(0%), Work Speed: (0%), Skills: Dragonkiller
Alpha Nitewing, Level: 18, Rank: 1, Gender: Female, HP IV: 91(0%), ATK IV: 54(0%), DEF IV: 74(0%), Work Speed: (0%), Skills: Hydromaniac
Caprity, Level: 1, Rank: 1, Gender: Female, HP IV: 48(0%), ATK IV: 47(0%), DEF IV: 96(0%), Work Speed: (0%), Skills: Power of Gaia
Caprity, Level: 12, Rank: 1, Gender: Male, HP IV: 85(0%), ATK IV: 52(0%), DEF IV: 81(0%), Work Speed: (0%), Skills: Pyromaniac, Coward, Unstable
Caprity, Level: 8, Rank: 1, Gender: Female, HP IV: 14(0%), ATK IV: 59(0%), DEF IV: 74(0%), Work Speed: (0%), Skills: Power of Gaia
Cattiva, Level: 17, Rank: 1, Gender: Female, HP IV: 43(0%), ATK IV: 64(0%), DEF IV: 83(0%), Work Speed: (0%), Skills: Coward, Slacker
Cattiva, Level: 17, Rank: 1, Gender: Female, HP IV: 71(0%), ATK IV: 41(0%), DEF IV: 52(0%), Work Speed: (0%), Skills: Coward, Nimble
Cattiva, Level: 5, Rank: 1, Gender: Male, HP IV: 52(0%), ATK IV: 87(0%), DEF IV: 97(0%), Work Speed: (0%), Skills: Coward, Botanical Barrier
Celaray, Level: 3, Rank: 1, Gender: Male, HP IV: 46(0%), ATK IV: 54(0%), DEF IV: 20(0%), Work Speed: (0%), Skills: Mercy hit, Bottomless Stomach
Chikipi, Level: 3, Rank: 1, Gender: Male, HP IV: 45(0%), ATK IV: 84(0%), DEF IV: 82(0%), Work Speed: (0%), Skills: Waterproof
Chikipi, Level: 3, Rank: 1, Gender: Male, HP IV: 99(0%), ATK IV: 66(0%), DEF IV: 98(0%), Work Speed: (0%), Skills: Nimble
Chikipi, Level: 5, Rank: 1, Gender: Female, HP IV: 9(0%), ATK IV: 59(0%), DEF IV: 27(0%), Work Speed: (0%), Skills: Brave
Chikipi, Level: 5, Rank: 1, Gender: Male, HP IV: 79(0%), ATK IV: 13(0%), DEF IV: 41(0%), Work Speed: (0%), Skills: Blood of the Dragon
Croajiro, Level: 3, Rank: 1, Gender: Female, HP IV: 74(0%), ATK IV: 7(0%), DEF IV: 55(0%), Work Speed: (0%), Skills: Pyromaniac, Slacker
Croajiro, Level: 3, Rank: 1, Gender: Male, HP IV: 39(0%), ATK IV: 36(0%), DEF IV: 49(0%), Work Speed: (0%), Skills: Unstable
Croajiro, Level: 3, Rank: 1, Gender: Male, HP IV: 72(0%), ATK IV: 3(0%), DEF IV: 47(0%), Work Speed: (0%)
Croajiro, Level: 4, Rank: 1, Gender: Female, HP IV: 98(0%), ATK IV: 83(0%), DEF IV: 3(0%), Work Speed: (0%), Skills: Nocturnal
Croajiro, Level: 5, Rank: 1, Gender: Female, HP IV: 83(0%), ATK IV: 20(0%), DEF IV: 4(0%), Work Speed: (0%), Skills: Nimble
Croajiro, Level: 6, Rank: 1, Gender: Female, HP IV: 65(0%), ATK IV: 88(0%), DEF IV: 22(0%), Work Speed: (0%), Skills: Veil of Darkness, Capacitor
Dazemu, Level: 18, Rank: 1, Gender: Male, HP IV: 4(0%), ATK IV: 9(0%), DEF IV: 21(0%), Work Speed: (0%), Skills: Glutton
Digtoise, Level: 19, Rank: 1, Gender: Male, HP IV: 79(0%), ATK IV: 16(0%), DEF IV: 99(0%), Work Speed: (0%), Skills: Hard Skin, Destructive
Digtoise, Level: 23, Rank: 1, Gender: Female, HP IV: 99(0%), ATK IV: 46(0%), DEF IV: 87(0%), Work Speed: (0%), Skills: Hard Skin, Bottomless Stomach
Dinossom, Level: 14, Rank: 1, Gender: Female, HP IV: 50(0%), ATK IV: 16(0%), DEF IV: 30(0%), Work Speed: (0%), Skills: Masochist
Direhowl, Level: 12, Rank: 1, Gender: Female, HP IV: 28(0%), ATK IV: 71(0%), DEF IV: 55(0%), Work Speed: (0%), Skills: Brave
Direhowl, Level: 17, Rank: 1, Gender: Male, HP IV: 12(0%), ATK IV: 88(0%), DEF IV: 12(0%), Work Speed: (0%), Skills: Sickly
Direhowl, Level: 7, Rank: 1, Gender: Male, HP IV: 58(0%), ATK IV: 71(0%), DEF IV: 89(0%), Work Speed: (0%), Skills: Positive Thinker
Foxparks, Level: 14, Rank: 1, Gender: Female, HP IV: 17(0%), ATK IV: 30(0%), DEF IV: 85(0%), Work Speed: (0%), Skills: Philantropist
Foxparks, Level: 2, Rank: 1, Gender: Male, HP IV: 71(0%), ATK IV: 67(0%), DEF IV: 25(0%), Work Speed: (0%), Skills: Mine Foreman, Logging Foreman
Foxparks, Level: 5, Rank: 1, Gender: Male, HP IV: 3(0%), ATK IV: 0(0%), DEF IV: 80(0%), Work Speed: (0%)
Hangyu, Level: 16, Rank: 1, Gender: Female, HP IV: 79(0%), ATK IV: 33(0%), DEF IV: 39(0%), Work Speed: (0%), Skills: Runner, Hooligan
Lamball, Level: 2, Rank: 1, Gender: Female, HP IV: 24(0%), ATK IV: 44(0%), DEF IV: 82(0%), Work Speed: (0%), Skills: Work Slave
Lamball, Level: 2, Rank: 1, Gender: Female, HP IV: 48(0%), ATK IV: 86(0%), DEF IV: 100(0%), Work Speed: (0%), Skills: Fine Furs
Lamball, Level: 2, Rank: 1, Gender: Female, HP IV: 89(0%), ATK IV: 30(0%), DEF IV: 84(0%), Work Speed: (0%), Skills: Brittle
Lamball, Level: 2, Rank: 1, Gender: Male, HP IV: 33(0%), ATK IV: 78(0%), DEF IV: 53(0%), Work Speed: (0%), Skills: Positive Thinker
Lamball, Level: 2, Rank: 1, Gender: Male, HP IV: 93(0%), ATK IV: 54(0%), DEF IV: 0(0%), Work Speed: (0%), Skills: Masochist
Lamball, Level: 3, Rank: 1, Gender: Female, HP IV: 28(0%), ATK IV: 56(0%), DEF IV: 58(0%), Work Speed: (0%), Skills: Power of Gaia
Lamball, Level: 3, Rank: 1, Gender: Female, HP IV: 57(0%), ATK IV: 95(0%), DEF IV: 96(0%), Work Speed: (0%), Skills: Glutton
Lamball, Level: 3, Rank: 1, Gender: Male, HP IV: 27(0%), ATK IV: 64(0%), DEF IV: 56(0%), Work Speed: (0%), Skills: Veil of Darkness
Lamball, Level: 3, Rank: 1, Gender: Male, HP IV: 94(0%), ATK IV: 93(0%), DEF IV: 73(0%), Work Speed: (0%), Skills: Slacker
Lamball, Level: 4, Rank: 1, Gender: Female, HP IV: 30(0%), ATK IV: 98(0%), DEF IV: 39(0%), Work Speed: (0%), Skills: Infinite Stamina
Lamball, Level: 7, Rank: 1, Gender: Male, HP IV: 37(0%), ATK IV: 59(0%), DEF IV: 67(0%), Work Speed: (0%), Skills: Dragonkiller
Lamball, Level: 8, Rank: 1, Gender: Female, HP IV: 32(0%), ATK IV: 45(0%), DEF IV: 35(0%), Work Speed: (0%), Skills: Workaholic, Nocturnal
Lovander, Level: 22, Rank: 1, Gender: Female, HP IV: 36(0%), ATK IV: 90(0%), DEF IV: 1(0%), Work Speed: (0%), Skills: Abnormal, Swift
Lovander, Level: 22, Rank: 1, Gender: Female, HP IV: 59(0%), ATK IV: 51(0%), DEF IV: 17(0%), Work Speed: (0%), Skills: Abnormal, Insulated Body
Mau, Level: 11, Rank: 1, Gender: Male, HP IV: 9(0%), ATK IV: 17(0%), DEF IV: 13(0%), Work Speed: (0%), Skills: Serenity
Nitewing, Level: 17, Rank: 1, Gender: Male, HP IV: 9(0%), ATK IV: 100(0%), DEF IV: 38(0%), Work Speed: (0%), Skills: Clumsy
Rayhound, Level: 1, Rank: 1, Gender: Female, HP IV: 61(0%), ATK IV: 25(0%), DEF IV: 39(0%), Work Speed: (0%), Skills: Workaholic
Ribbuny, Level: 2, Rank: 1, Gender: Male, HP IV: 13(0%), ATK IV: 63(0%), DEF IV: 68(0%), Work Speed: (0%), Skills: Sickly
Ribbuny, Level: 3, Rank: 1, Gender: Male, HP IV: 42(0%), ATK IV: 2(0%), DEF IV: 28(0%), Work Speed: (0%), Skills: Power of Gaia, Vanguard, Stronghold Strategist
Ribbuny, Level: 4, Rank: 1, Gender: Female, HP IV: 19(0%), ATK IV: 64(0%), DEF IV: 19(0%), Work Speed: (0%), Skills: Serenity
Rushoar, Level: 2, Rank: 1, Gender: Male, HP IV: 7(0%), ATK IV: 46(0%), DEF IV: 94(0%), Work Speed: (0%), Skills: Destructive, Pacifist
Sparkit, Level: 15, Rank: 1, Gender: Male, HP IV: 21(0%), ATK IV: 78(0%), DEF IV: 21(0%), Work Speed: (0%), Skills: Fragrant Foliage, Destructive, Stronghold Strategist, Serenity
Tanzee, Level: 9, Rank: 1, Gender: Male, HP IV: 14(0%), ATK IV: 45(0%), DEF IV: 2(0%), Work Speed: (0%), Skills: Serenity
Tanzee, Level: 9, Rank: 1, Gender: Male, HP IV: 32(0%), ATK IV: 46(0%), DEF IV: 93(0%), Work Speed: (0%), Skills: Hydromaniac
Tanzee, Level: 9, Rank: 1, Gender: Male, HP IV: 43(0%), ATK IV: 2(0%), DEF IV: 15(0%), Work Speed: (0%), Skills: Positive Thinker
Teafant, Level: 10, Rank: 1, Gender: Female, HP IV: 55(0%), ATK IV: 70(0%), DEF IV: 33(0%), Work Speed: (0%), Skills: Swift
Teafant, Level: 17, Rank: 1, Gender: Male, HP IV: 87(0%), ATK IV: 25(0%), DEF IV: 56(0%), Work Speed: (0%), Skills: Hydromaniac
Teafant, Level: 2, Rank: 1, Gender: Male, HP IV: 2(0%), ATK IV: 50(0%), DEF IV: 3(0%), Work Speed: (0%), Skills: Suntan Lover
Teafant, Level: 2, Rank: 1, Gender: Male, HP IV: 48(0%), ATK IV: 8(0%), DEF IV: 59(0%), Work Speed: (0%)
Teafant, Level: 3, Rank: 1, Gender: Male, HP IV: 45(0%), ATK IV: 88(0%), DEF IV: 64(0%), Work Speed: (0%), Skills: Work Slave
Teafant, Level: 4, Rank: 1, Gender: Female, HP IV: 21(0%), ATK IV: 93(0%), DEF IV: 98(0%), Work Speed: (0%), Skills: Nimble
Teafant, Level: 4, Rank: 1, Gender: Female, HP IV: 56(0%), ATK IV: 100(0%), DEF IV: 13(0%), Work Speed: (0%)
Teafant, Level: 4, Rank: 1, Gender: Female, HP IV: 93(0%), ATK IV: 16(0%), DEF IV: 7(0%), Work Speed: (0%), Skills: Easygoing
Teafant, Level: 4, Rank: 1, Gender: Male, HP IV: 45(0%), ATK IV: 27(0%), DEF IV: 24(0%), Work Speed: (0%), Skills: Burly Body
Teafant, Level: 5, Rank: 1, Gender: Male, HP IV: 28(0%), ATK IV: 38(0%), DEF IV: 41(0%), Work Speed: (0%), Skills: Shabby, Logging Foreman
Teafant, Level: 6, Rank: 1, Gender: Female, HP IV: 27(0%), ATK IV: 41(0%), DEF IV: 7(0%), Work Speed: (0%), Skills: Hooligan
Univolt, Level: 1, Rank: 1, Gender: Male, HP IV: 25(0%), ATK IV: 18(0%), DEF IV: 93(0%), Work Speed: (0%), Skills: Hard Skin
Big Bat's 65 Pals
-----------------
Alpha Dumud, Level: 15, Rank: 1, Gender: Female, HP IV: 84(0%), ATK IV: 62(0%), DEF IV: 66(0%), Work Speed: (0%), Skills: Dragonkiller
Alpha Nitewing, Level: 18, Rank: 1, Gender: Female, HP IV: 91(0%), ATK IV: 54(0%), DEF IV: 74(0%), Work Speed: (0%), Skills: Hydromaniac
Caprity, Level: 1, Rank: 1, Gender: Female, HP IV: 48(0%), ATK IV: 47(0%), DEF IV: 96(0%), Work Speed: (0%), Skills: Power of Gaia
Caprity, Level: 12, Rank: 1, Gender: Male, HP IV: 85(0%), ATK IV: 52(0%), DEF IV: 81(0%), Work Speed: (0%), Skills: Pyromaniac, Coward, Unstable
Caprity, Level: 8, Rank: 1, Gender: Female, HP IV: 14(0%), ATK IV: 59(0%), DEF IV: 74(0%), Work Speed: (0%), Skills: Power of Gaia
Cattiva, Level: 17, Rank: 1, Gender: Female, HP IV: 43(0%), ATK IV: 64(0%), DEF IV: 83(0%), Work Speed: (0%), Skills: Coward, Slacker
Celaray, Level: 3, Rank: 1, Gender: Male, HP IV: 46(0%), ATK IV: 54(0%), DEF IV: 20(0%), Work Speed: (0%), Skills: Mercy hit, Bottomless Stomach
Chikipi, Level: 2, Rank: 1, Gender: Female, HP IV: 77(0%), ATK IV: 100(0%), DEF IV: 58(0%), Work Speed: (0%), Skills: Downtrodden
Chikipi, Level: 3, Rank: 1, Gender: Male, HP IV: 45(0%), ATK IV: 84(0%), DEF IV: 82(0%), Work Speed: (0%), Skills: Waterproof
Chikipi, Level: 3, Rank: 1, Gender: Male, HP IV: 51(0%), ATK IV: 19(0%), DEF IV: 30(0%), Work Speed: (0%), Skills: Positive Thinker, Veil of Darkness, Coward
Chikipi, Level: 3, Rank: 1, Gender: Male, HP IV: 99(0%), ATK IV: 66(0%), DEF IV: 98(0%), Work Speed: (0%), Skills: Nimble
Chikipi, Level: 5, Rank: 1, Gender: Female, HP IV: 9(0%), ATK IV: 59(0%), DEF IV: 27(0%), Work Speed: (0%), Skills: Brave
Chikipi, Level: 5, Rank: 1, Gender: Male, HP IV: 79(0%), ATK IV: 13(0%), DEF IV: 41(0%), Work Speed: (0%), Skills: Blood of the Dragon
Chikipi, Level: 6, Rank: 1, Gender: Male, HP IV: 80(0%), ATK IV: 15(0%), DEF IV: 42(0%), Work Speed: (0%), Skills: Noble
Cremis, Level: 2, Rank: 1, Gender: Female, HP IV: 100(0%), ATK IV: 44(0%), DEF IV: 65(0%), Work Speed: (0%), Skills: Pyromaniac
Croajiro, Level: 3, Rank: 1, Gender: Female, HP IV: 74(0%), ATK IV: 7(0%), DEF IV: 55(0%), Work Speed: (0%), Skills: Pyromaniac, Slacker
Croajiro, Level: 3, Rank: 1, Gender: Male, HP IV: 39(0%), ATK IV: 36(0%), DEF IV: 49(0%), Work Speed: (0%), Skills: Unstable
Croajiro, Level: 3, Rank: 1, Gender: Male, HP IV: 72(0%), ATK IV: 3(0%), DEF IV: 47(0%), Work Speed: (0%)
Croajiro, Level: 4, Rank: 1, Gender: Female, HP IV: 98(0%), ATK IV: 83(0%), DEF IV: 3(0%), Work Speed: (0%), Skills: Nocturnal
Croajiro, Level: 5, Rank: 1, Gender: Female, HP IV: 83(0%), ATK IV: 20(0%), DEF IV: 4(0%), Work Speed: (0%), Skills: Nimble
Croajiro, Level: 6, Rank: 1, Gender: Female, HP IV: 65(0%), ATK IV: 88(0%), DEF IV: 22(0%), Work Speed: (0%), Skills: Veil of Darkness, Capacitor
Dazemu, Level: 18, Rank: 1, Gender: Male, HP IV: 4(0%), ATK IV: 9(0%), DEF IV: 21(0%), Work Speed: (0%), Skills: Glutton
Digtoise, Level: 19, Rank: 1, Gender: Male, HP IV: 79(0%), ATK IV: 16(0%), DEF IV: 99(0%), Work Speed: (0%), Skills: Hard Skin, Destructive
Digtoise, Level: 23, Rank: 1, Gender: Female, HP IV: 99(0%), ATK IV: 46(0%), DEF IV: 87(0%), Work Speed: (0%), Skills: Hard Skin, Bottomless Stomach
Dinossom, Level: 14, Rank: 1, Gender: Female, HP IV: 50(0%), ATK IV: 16(0%), DEF IV: 30(0%), Work Speed: (0%), Skills: Masochist
Direhowl, Level: 12, Rank: 1, Gender: Female, HP IV: 28(0%), ATK IV: 71(0%), DEF IV: 55(0%), Work Speed: (0%), Skills: Brave
Direhowl, Level: 17, Rank: 1, Gender: Male, HP IV: 12(0%), ATK IV: 88(0%), DEF IV: 12(0%), Work Speed: (0%), Skills: Sickly
Direhowl, Level: 7, Rank: 1, Gender: Male, HP IV: 58(0%), ATK IV: 71(0%), DEF IV: 89(0%), Work Speed: (0%), Skills: Positive Thinker
Foxparks, Level: 14, Rank: 1, Gender: Female, HP IV: 17(0%), ATK IV: 30(0%), DEF IV: 85(0%), Work Speed: (0%), Skills: Philantropist
Foxparks, Level: 2, Rank: 1, Gender: Male, HP IV: 71(0%), ATK IV: 67(0%), DEF IV: 25(0%), Work Speed: (0%), Skills: Mine Foreman, Logging Foreman
Foxparks, Level: 8, Rank: 1, Gender: Male, HP IV: 3(0%), ATK IV: 0(0%), DEF IV: 80(0%), Work Speed: (0%)
Hangyu, Level: 16, Rank: 1, Gender: Female, HP IV: 79(0%), ATK IV: 33(0%), DEF IV: 39(0%), Work Speed: (0%), Skills: Runner, Hooligan
Lamball, Level: 2, Rank: 1, Gender: Female, HP IV: 24(0%), ATK IV: 44(0%), DEF IV: 82(0%), Work Speed: (0%), Skills: Work Slave
Lamball, Level: 2, Rank: 1, Gender: Female, HP IV: 48(0%), ATK IV: 86(0%), DEF IV: 100(0%), Work Speed: (0%), Skills: Fine Furs
Lamball, Level: 2, Rank: 1, Gender: Female, HP IV: 89(0%), ATK IV: 30(0%), DEF IV: 84(0%), Work Speed: (0%), Skills: Brittle
Lamball, Level: 3, Rank: 1, Gender: Female, HP IV: 28(0%), ATK IV: 56(0%), DEF IV: 58(0%), Work Speed: (0%), Skills: Power of Gaia
Lamball, Level: 3, Rank: 1, Gender: Female, HP IV: 57(0%), ATK IV: 95(0%), DEF IV: 96(0%), Work Speed: (0%), Skills: Glutton
Lamball, Level: 3, Rank: 1, Gender: Male, HP IV: 27(0%), ATK IV: 64(0%), DEF IV: 56(0%), Work Speed: (0%), Skills: Veil of Darkness
Lamball, Level: 3, Rank: 1, Gender: Male, HP IV: 94(0%), ATK IV: 93(0%), DEF IV: 73(0%), Work Speed: (0%), Skills: Slacker
Lamball, Level: 8, Rank: 1, Gender: Female, HP IV: 32(0%), ATK IV: 45(0%), DEF IV: 35(0%), Work Speed: (0%), Skills: Workaholic, Nocturnal
Lovander, Level: 22, Rank: 1, Gender: Female, HP IV: 36(0%), ATK IV: 90(0%), DEF IV: 1(0%), Work Speed: (0%), Skills: Abnormal, Swift
Lovander, Level: 22, Rank: 1, Gender: Female, HP IV: 59(0%), ATK IV: 51(0%), DEF IV: 17(0%), Work Speed: (0%), Skills: Abnormal, Insulated Body
Mau, Level: 11, Rank: 1, Gender: Male, HP IV: 9(0%), ATK IV: 17(0%), DEF IV: 13(0%), Work Speed: (0%), Skills: Serenity
Nitewing, Level: 17, Rank: 1, Gender: Male, HP IV: 9(0%), ATK IV: 100(0%), DEF IV: 38(0%), Work Speed: (0%), Skills: Clumsy
Rayhound, Level: 1, Rank: 1, Gender: Female, HP IV: 61(0%), ATK IV: 25(0%), DEF IV: 39(0%), Work Speed: (0%), Skills: Workaholic
Ribbuny, Level: 2, Rank: 1, Gender: Male, HP IV: 13(0%), ATK IV: 63(0%), DEF IV: 68(0%), Work Speed: (0%), Skills: Sickly
Ribbuny, Level: 3, Rank: 1, Gender: Male, HP IV: 42(0%), ATK IV: 2(0%), DEF IV: 28(0%), Work Speed: (0%), Skills: Power of Gaia, Vanguard, Stronghold Strategist
Ribbuny, Level: 4, Rank: 1, Gender: Female, HP IV: 19(0%), ATK IV: 64(0%), DEF IV: 19(0%), Work Speed: (0%), Skills: Serenity
Rushoar, Level: 2, Rank: 1, Gender: Male, HP IV: 7(0%), ATK IV: 46(0%), DEF IV: 94(0%), Work Speed: (0%), Skills: Destructive, Pacifist
Sparkit, Level: 15, Rank: 1, Gender: Male, HP IV: 21(0%), ATK IV: 78(0%), DEF IV: 21(0%), Work Speed: (0%), Skills: Fragrant Foliage, Destructive, Stronghold Strategist, Serenity
Tanzee, Level: 9, Rank: 1, Gender: Male, HP IV: 14(0%), ATK IV: 45(0%), DEF IV: 2(0%), Work Speed: (0%), Skills: Serenity
Tanzee, Level: 9, Rank: 1, Gender: Male, HP IV: 32(0%), ATK IV: 46(0%), DEF IV: 93(0%), Work Speed: (0%), Skills: Hydromaniac
Tanzee, Level: 9, Rank: 1, Gender: Male, HP IV: 43(0%), ATK IV: 2(0%), DEF IV: 15(0%), Work Speed: (0%), Skills: Positive Thinker
Teafant, Level: 10, Rank: 1, Gender: Female, HP IV: 55(0%), ATK IV: 70(0%), DEF IV: 33(0%), Work Speed: (0%), Skills: Swift
Teafant, Level: 17, Rank: 1, Gender: Male, HP IV: 87(0%), ATK IV: 25(0%), DEF IV: 56(0%), Work Speed: (0%), Skills: Hydromaniac
Teafant, Level: 2, Rank: 1, Gender: Male, HP IV: 2(0%), ATK IV: 50(0%), DEF IV: 3(0%), Work Speed: (0%), Skills: Suntan Lover
Teafant, Level: 2, Rank: 1, Gender: Male, HP IV: 48(0%), ATK IV: 8(0%), DEF IV: 59(0%), Work Speed: (0%)
Teafant, Level: 3, Rank: 1, Gender: Male, HP IV: 45(0%), ATK IV: 88(0%), DEF IV: 64(0%), Work Speed: (0%), Skills: Work Slave
Teafant, Level: 4, Rank: 1, Gender: Female, HP IV: 21(0%), ATK IV: 93(0%), DEF IV: 98(0%), Work Speed: (0%), Skills: Nimble
Teafant, Level: 4, Rank: 1, Gender: Female, HP IV: 56(0%), ATK IV: 100(0%), DEF IV: 13(0%), Work Speed: (0%)
Teafant, Level: 4, Rank: 1, Gender: Female, HP IV: 93(0%), ATK IV: 16(0%), DEF IV: 7(0%), Work Speed: (0%), Skills: Easygoing
Teafant, Level: 4, Rank: 1, Gender: Male, HP IV: 45(0%), ATK IV: 27(0%), DEF IV: 24(0%), Work Speed: (0%), Skills: Burly Body
Teafant, Level: 5, Rank: 1, Gender: Male, HP IV: 28(0%), ATK IV: 38(0%), DEF IV: 41(0%), Work Speed: (0%), Skills: Shabby, Logging Foreman
Teafant, Level: 6, Rank: 1, Gender: Female, HP IV: 27(0%), ATK IV: 41(0%), DEF IV: 7(0%), Work Speed: (0%), Skills: Hooligan
Univolt, Level: 1, Rank: 1, Gender: Male, HP IV: 25(0%), ATK IV: 18(0%), DEF IV: 93(0%), Work Speed: (0%), Skills: Hard Skin
Big Bat's 40 Pals
-----------------
Alpha Jolthog, Level: 12, Rank: 1, Gender: Male, HP IV: 65(0%), ATK IV: 76(0%), DEF IV: 73(0%), Work Speed: (0%), Skills: Hooligan
Cattiva, Level: 17, Rank: 1, Gender: Female, HP IV: 43(0%), ATK IV: 64(0%), DEF IV: 83(0%), Work Speed: (0%), Skills: Coward, Slacker
Cattiva, Level: 2, Rank: 1, Gender: Male, HP IV: 93(0%), ATK IV: 20(0%), DEF IV: 44(0%), Work Speed: (0%), Skills: Coward, Clumsy
Cattiva, Level: 6, Rank: 1, Gender: Male, HP IV: 52(0%), ATK IV: 87(0%), DEF IV: 97(0%), Work Speed: (0%), Skills: Coward, Botanical Barrier
Chikipi, Level: 1, Rank: 1, Gender: Female, HP IV: 25(0%), ATK IV: 73(0%), DEF IV: 14(0%), Work Speed: (0%), Skills: Stronghold Strategist
Chikipi, Level: 1, Rank: 1, Gender: Female, HP IV: 51(0%), ATK IV: 91(0%), DEF IV: 27(0%), Work Speed: (0%), Skills: Ferocious
Chikipi, Level: 1, Rank: 1, Gender: Female, HP IV: 98(0%), ATK IV: 90(0%), DEF IV: 3(0%), Work Speed: (0%), Skills: Pacifist
Chikipi, Level: 16, Rank: 1, Gender: Male, HP IV: 80(0%), ATK IV: 15(0%), DEF IV: 42(0%), Work Speed: (0%), Skills: Noble
Chikipi, Level: 2, Rank: 1, Gender: Female, HP IV: 77(0%), ATK IV: 100(0%), DEF IV: 58(0%), Work Speed: (0%), Skills: Downtrodden
Chikipi, Level: 2, Rank: 1, Gender: Male, HP IV: 20(0%), ATK IV: 44(0%), DEF IV: 26(0%), Work Speed: (0%)
Chikipi, Level: 3, Rank: 1, Gender: Female, HP IV: 57(0%), ATK IV: 100(0%), DEF IV: 15(0%), Work Speed: (0%), Skills: Botanical Barrier
Chikipi, Level: 3, Rank: 1, Gender: Male, HP IV: 45(0%), ATK IV: 84(0%), DEF IV: 82(0%), Work Speed: (0%), Skills: Waterproof
Chikipi, Level: 3, Rank: 1, Gender: Male, HP IV: 51(0%), ATK IV: 19(0%), DEF IV: 30(0%), Work Speed: (0%), Skills: Positive Thinker, Veil of Darkness, Coward
Chikipi, Level: 3, Rank: 1, Gender: Male, HP IV: 87(0%), ATK IV: 50(0%), DEF IV: 75(0%), Work Speed: (0%), Skills: Heated Body
Chikipi, Level: 3, Rank: 1, Gender: Male, HP IV: 99(0%), ATK IV: 66(0%), DEF IV: 98(0%), Work Speed: (0%), Skills: Nimble
Chikipi, Level: 5, Rank: 1, Gender: Female, HP IV: 9(0%), ATK IV: 59(0%), DEF IV: 27(0%), Work Speed: (0%), Skills: Brave
Chikipi, Level: 5, Rank: 1, Gender: Male, HP IV: 79(0%), ATK IV: 13(0%), DEF IV: 41(0%), Work Speed: (0%), Skills: Blood of the Dragon
Cremis, Level: 4, Rank: 1, Gender: Male, HP IV: 55(0%), ATK IV: 79(0%), DEF IV: 72(0%), Work Speed: (0%), Skills: Swift
Croajiro, Level: 4, Rank: 1, Gender: Female, HP IV: 98(0%), ATK IV: 83(0%), DEF IV: 3(0%), Work Speed: (0%), Skills: Nocturnal
Croajiro, Level: 6, Rank: 1, Gender: Female, HP IV: 65(0%), ATK IV: 88(0%), DEF IV: 22(0%), Work Speed: (0%), Skills: Veil of Darkness, Capacitor
Dazemu, Level: 19, Rank: 1, Gender: Male, HP IV: 4(0%), ATK IV: 9(0%), DEF IV: 21(0%), Work Speed: (0%), Skills: Glutton
Digtoise, Level: 19, Rank: 1, Gender: Male, HP IV: 79(0%), ATK IV: 16(0%), DEF IV: 99(0%), Work Speed: (0%), Skills: Hard Skin, Destructive
Digtoise, Level: 23, Rank: 1, Gender: Female, HP IV: 99(0%), ATK IV: 46(0%), DEF IV: 87(0%), Work Speed: (0%), Skills: Hard Skin, Bottomless Stomach
Direhowl, Level: 19, Rank: 1, Gender: Male, HP IV: 12(0%), ATK IV: 88(0%), DEF IV: 12(0%), Work Speed: (0%), Skills: Sickly
Eikthyrdeer, Level: 1, Rank: 1, Gender: Male, HP IV: 12(0%), ATK IV: 8(0%), DEF IV: 55(0%), Work Speed: (0%), Skills: Fit as a Fiddle
Foxparks, Level: 17, Rank: 1, Gender: Male, HP IV: 3(0%), ATK IV: 0(0%), DEF IV: 80(0%), Work Speed: (0%)
Jolthog, Level: 6, Rank: 1, Gender: Male, HP IV: 50(0%), ATK IV: 50(0%), DEF IV: 69(0%), Work Speed: (0%), Skills: Fine Furs
Jolthog, Level: 6, Rank: 1, Gender: Male, HP IV: 52(0%), ATK IV: 16(0%), DEF IV: 93(0%), Work Speed: (0%), Skills: Suntan Lover
Lamball, Level: 2, Rank: 1, Gender: Female, HP IV: 80(0%), ATK IV: 26(0%), DEF IV: 79(0%), Work Speed: (0%), Skills: Burly Body
Lamball, Level: 3, Rank: 1, Gender: Male, HP IV: 93(0%), ATK IV: 54(0%), DEF IV: 0(0%), Work Speed: (0%), Skills: Masochist
Lovander, Level: 22, Rank: 1, Gender: Female, HP IV: 36(0%), ATK IV: 90(0%), DEF IV: 1(0%), Work Speed: (0%), Skills: Abnormal, Swift
Lovander, Level: 22, Rank: 1, Gender: Female, HP IV: 59(0%), ATK IV: 51(0%), DEF IV: 17(0%), Work Speed: (0%), Skills: Abnormal, Insulated Body
Nitewing, Level: 10, Rank: 1, Gender: Female, HP IV: 49(0%), ATK IV: 37(0%), DEF IV: 66(0%), Work Speed: (0%), Skills: Nimble
Nitewing, Level: 20, Rank: 1, Gender: Male, HP IV: 9(0%), ATK IV: 100(0%), DEF IV: 38(0%), Work Speed: (0%), Skills: Clumsy
Pengullet, Level: 3, Rank: 1, Gender: Male, HP IV: 44(0%), ATK IV: 73(0%), DEF IV: 4(0%), Work Speed: (0%), Skills: Suntan Lover, Aggressive
Rayhound, Level: 1, Rank: 1, Gender: Female, HP IV: 61(0%), ATK IV: 25(0%), DEF IV: 39(0%), Work Speed: (0%), Skills: Workaholic
Sparkit, Level: 15, Rank: 1, Gender: Male, HP IV: 21(0%), ATK IV: 78(0%), DEF IV: 21(0%), Work Speed: (0%), Skills: Fragrant Foliage, Destructive, Stronghold Strategist, Serenity
Tanzee, Level: 5, Rank: 1, Gender: Female, HP IV: 59(0%), ATK IV: 69(0%), DEF IV: 10(0%), Work Speed: (0%), Skills: Sickly
Tanzee, Level: 5, Rank: 1, Gender: Male, HP IV: 68(0%), ATK IV: 42(0%), DEF IV: 27(0%), Work Speed: (0%), Skills: Impatient
Tanzee, Level: 9, Rank: 1, Gender: Male, HP IV: 14(0%), ATK IV: 45(0%), DEF IV: 2(0%), Work Speed: (0%), Skills: Serenity
Big Bat's 40 Pals
-----------------
Alpha Jolthog, Level: 12, Rank: 1, Gender: Male, HP IV: 65(0%), ATK IV: 76(0%), DEF IV: 73(0%), Work Speed: (0%), Skills: Hooligan
Cattiva, Level: 17, Rank: 1, Gender: Female, HP IV: 43(0%), ATK IV: 64(0%), DEF IV: 83(0%), Work Speed: (0%), Skills: Coward, Slacker
Cattiva, Level: 2, Rank: 1, Gender: Male, HP IV: 93(0%), ATK IV: 20(0%), DEF IV: 44(0%), Work Speed: (0%), Skills: Coward, Clumsy
Cattiva, Level: 6, Rank: 1, Gender: Male, HP IV: 52(0%), ATK IV: 87(0%), DEF IV: 97(0%), Work Speed: (0%), Skills: Coward, Botanical Barrier
Chikipi, Level: 1, Rank: 1, Gender: Female, HP IV: 25(0%), ATK IV: 73(0%), DEF IV: 14(0%), Work Speed: (0%), Skills: Stronghold Strategist
Chikipi, Level: 1, Rank: 1, Gender: Female, HP IV: 51(0%), ATK IV: 91(0%), DEF IV: 27(0%), Work Speed: (0%), Skills: Ferocious
Chikipi, Level: 1, Rank: 1, Gender: Female, HP IV: 98(0%), ATK IV: 90(0%), DEF IV: 3(0%), Work Speed: (0%), Skills: Pacifist
Chikipi, Level: 16, Rank: 1, Gender: Male, HP IV: 80(0%), ATK IV: 15(0%), DEF IV: 42(0%), Work Speed: (0%), Skills: Noble
Chikipi, Level: 2, Rank: 1, Gender: Female, HP IV: 77(0%), ATK IV: 100(0%), DEF IV: 58(0%), Work Speed: (0%), Skills: Downtrodden
Chikipi, Level: 2, Rank: 1, Gender: Male, HP IV: 20(0%), ATK IV: 44(0%), DEF IV: 26(0%), Work Speed: (0%)
Chikipi, Level: 3, Rank: 1, Gender: Female, HP IV: 57(0%), ATK IV: 100(0%), DEF IV: 15(0%), Work Speed: (0%), Skills: Botanical Barrier
Chikipi, Level: 3, Rank: 1, Gender: Male, HP IV: 45(0%), ATK IV: 84(0%), DEF IV: 82(0%), Work Speed: (0%), Skills: Waterproof
Chikipi, Level: 3, Rank: 1, Gender: Male, HP IV: 51(0%), ATK IV: 19(0%), DEF IV: 30(0%), Work Speed: (0%), Skills: Positive Thinker, Veil of Darkness, Coward
Chikipi, Level: 3, Rank: 1, Gender: Male, HP IV: 87(0%), ATK IV: 50(0%), DEF IV: 75(0%), Work Speed: (0%), Skills: Heated Body
Chikipi, Level: 3, Rank: 1, Gender: Male, HP IV: 99(0%), ATK IV: 66(0%), DEF IV: 98(0%), Work Speed: (0%), Skills: Nimble
Chikipi, Level: 5, Rank: 1, Gender: Female, HP IV: 9(0%), ATK IV: 59(0%), DEF IV: 27(0%), Work Speed: (0%), Skills: Brave
Chikipi, Level: 5, Rank: 1, Gender: Male, HP IV: 79(0%), ATK IV: 13(0%), DEF IV: 41(0%), Work Speed: (0%), Skills: Blood of the Dragon
Cremis, Level: 4, Rank: 1, Gender: Male, HP IV: 55(0%), ATK IV: 79(0%), DEF IV: 72(0%), Work Speed: (0%), Skills: Swift
Croajiro, Level: 4, Rank: 1, Gender: Female, HP IV: 98(0%), ATK IV: 83(0%), DEF IV: 3(0%), Work Speed: (0%), Skills: Nocturnal
Croajiro, Level: 6, Rank: 1, Gender: Female, HP IV: 65(0%), ATK IV: 88(0%), DEF IV: 22(0%), Work Speed: (0%), Skills: Veil of Darkness, Capacitor
Dazemu, Level: 19, Rank: 1, Gender: Male, HP IV: 4(0%), ATK IV: 9(0%), DEF IV: 21(0%), Work Speed: (0%), Skills: Glutton
Digtoise, Level: 19, Rank: 1, Gender: Male, HP IV: 79(0%), ATK IV: 16(0%), DEF IV: 99(0%), Work Speed: (0%), Skills: Hard Skin, Destructive
Digtoise, Level: 23, Rank: 1, Gender: Female, HP IV: 99(0%), ATK IV: 46(0%), DEF IV: 87(0%), Work Speed: (0%), Skills: Hard Skin, Bottomless Stomach
Direhowl, Level: 19, Rank: 1, Gender: Male, HP IV: 12(0%), ATK IV: 88(0%), DEF IV: 12(0%), Work Speed: (0%), Skills: Sickly
Eikthyrdeer, Level: 1, Rank: 1, Gender: Male, HP IV: 12(0%), ATK IV: 8(0%), DEF IV: 55(0%), Work Speed: (0%), Skills: Fit as a Fiddle
Foxparks, Level: 17, Rank: 1, Gender: Male, HP IV: 3(0%), ATK IV: 0(0%), DEF IV: 80(0%), Work Speed: (0%)
Jolthog, Level: 6, Rank: 1, Gender: Male, HP IV: 50(0%), ATK IV: 50(0%), DEF IV: 69(0%), Work Speed: (0%), Skills: Fine Furs
Jolthog, Level: 6, Rank: 1, Gender: Male, HP IV: 52(0%), ATK IV: 16(0%), DEF IV: 93(0%), Work Speed: (0%), Skills: Suntan Lover
Lamball, Level: 2, Rank: 1, Gender: Female, HP IV: 80(0%), ATK IV: 26(0%), DEF IV: 79(0%), Work Speed: (0%), Skills: Burly Body
Lamball, Level: 3, Rank: 1, Gender: Male, HP IV: 93(0%), ATK IV: 54(0%), DEF IV: 0(0%), Work Speed: (0%), Skills: Masochist
Lovander, Level: 22, Rank: 1, Gender: Female, HP IV: 36(0%), ATK IV: 90(0%), DEF IV: 1(0%), Work Speed: (0%), Skills: Abnormal, Swift
Lovander, Level: 22, Rank: 1, Gender: Female, HP IV: 59(0%), ATK IV: 51(0%), DEF IV: 17(0%), Work Speed: (0%), Skills: Abnormal, Insulated Body
Nitewing, Level: 10, Rank: 1, Gender: Female, HP IV: 49(0%), ATK IV: 37(0%), DEF IV: 66(0%), Work Speed: (0%), Skills: Nimble
Nitewing, Level: 20, Rank: 1, Gender: Male, HP IV: 9(0%), ATK IV: 100(0%), DEF IV: 38(0%), Work Speed: (0%), Skills: Clumsy
Pengullet, Level: 3, Rank: 1, Gender: Male, HP IV: 44(0%), ATK IV: 73(0%), DEF IV: 4(0%), Work Speed: (0%), Skills: Suntan Lover, Aggressive
Rayhound, Level: 1, Rank: 1, Gender: Female, HP IV: 61(0%), ATK IV: 25(0%), DEF IV: 39(0%), Work Speed: (0%), Skills: Workaholic
Sparkit, Level: 15, Rank: 1, Gender: Male, HP IV: 21(0%), ATK IV: 78(0%), DEF IV: 21(0%), Work Speed: (0%), Skills: Fragrant Foliage, Destructive, Stronghold Strategist, Serenity
Tanzee, Level: 5, Rank: 1, Gender: Female, HP IV: 59(0%), ATK IV: 69(0%), DEF IV: 10(0%), Work Speed: (0%), Skills: Sickly
Tanzee, Level: 5, Rank: 1, Gender: Male, HP IV: 68(0%), ATK IV: 42(0%), DEF IV: 27(0%), Work Speed: (0%), Skills: Impatient
Tanzee, Level: 9, Rank: 1, Gender: Male, HP IV: 14(0%), ATK IV: 45(0%), DEF IV: 2(0%), Work Speed: (0%), Skills: Serenity
Big Bat's 40 Pals
-----------------
Alpha Jolthog, Level: 12, Rank: 1, Gender: Male, HP IV: 65(0%), ATK IV: 76(0%), DEF IV: 73(0%), Work Speed: (0%), Skills: Hooligan
Cattiva, Level: 17, Rank: 1, Gender: Female, HP IV: 43(0%), ATK IV: 64(0%), DEF IV: 83(0%), Work Speed: (0%), Skills: Coward, Slacker
Cattiva, Level: 2, Rank: 1, Gender: Male, HP IV: 93(0%), ATK IV: 20(0%), DEF IV: 44(0%), Work Speed: (0%), Skills: Coward, Clumsy
Cattiva, Level: 6, Rank: 1, Gender: Male, HP IV: 52(0%), ATK IV: 87(0%), DEF IV: 97(0%), Work Speed: (0%), Skills: Coward, Botanical Barrier
Chikipi, Level: 1, Rank: 1, Gender: Female, HP IV: 25(0%), ATK IV: 73(0%), DEF IV: 14(0%), Work Speed: (0%), Skills: Stronghold Strategist
Chikipi, Level: 1, Rank: 1, Gender: Female, HP IV: 51(0%), ATK IV: 91(0%), DEF IV: 27(0%), Work Speed: (0%), Skills: Ferocious
Chikipi, Level: 1, Rank: 1, Gender: Female, HP IV: 98(0%), ATK IV: 90(0%), DEF IV: 3(0%), Work Speed: (0%), Skills: Pacifist
Chikipi, Level: 16, Rank: 1, Gender: Male, HP IV: 80(0%), ATK IV: 15(0%), DEF IV: 42(0%), Work Speed: (0%), Skills: Noble
Chikipi, Level: 2, Rank: 1, Gender: Female, HP IV: 77(0%), ATK IV: 100(0%), DEF IV: 58(0%), Work Speed: (0%), Skills: Downtrodden
Chikipi, Level: 2, Rank: 1, Gender: Male, HP IV: 20(0%), ATK IV: 44(0%), DEF IV: 26(0%), Work Speed: (0%)
Chikipi, Level: 3, Rank: 1, Gender: Female, HP IV: 57(0%), ATK IV: 100(0%), DEF IV: 15(0%), Work Speed: (0%), Skills: Botanical Barrier
Chikipi, Level: 3, Rank: 1, Gender: Male, HP IV: 45(0%), ATK IV: 84(0%), DEF IV: 82(0%), Work Speed: (0%), Skills: Waterproof
Chikipi, Level: 3, Rank: 1, Gender: Male, HP IV: 51(0%), ATK IV: 19(0%), DEF IV: 30(0%), Work Speed: (0%), Skills: Positive Thinker, Veil of Darkness, Coward
Chikipi, Level: 3, Rank: 1, Gender: Male, HP IV: 87(0%), ATK IV: 50(0%), DEF IV: 75(0%), Work Speed: (0%), Skills: Heated Body
Chikipi, Level: 3, Rank: 1, Gender: Male, HP IV: 99(0%), ATK IV: 66(0%), DEF IV: 98(0%), Work Speed: (0%), Skills: Nimble
Chikipi, Level: 5, Rank: 1, Gender: Female, HP IV: 9(0%), ATK IV: 59(0%), DEF IV: 27(0%), Work Speed: (0%), Skills: Brave
Chikipi, Level: 5, Rank: 1, Gender: Male, HP IV: 79(0%), ATK IV: 13(0%), DEF IV: 41(0%), Work Speed: (0%), Skills: Blood of the Dragon
Cremis, Level: 4, Rank: 1, Gender: Male, HP IV: 55(0%), ATK IV: 79(0%), DEF IV: 72(0%), Work Speed: (0%), Skills: Swift
Croajiro, Level: 4, Rank: 1, Gender: Female, HP IV: 98(0%), ATK IV: 83(0%), DEF IV: 3(0%), Work Speed: (0%), Skills: Nocturnal
Croajiro, Level: 6, Rank: 1, Gender: Female, HP IV: 65(0%), ATK IV: 88(0%), DEF IV: 22(0%), Work Speed: (0%), Skills: Veil of Darkness, Capacitor
Dazemu, Level: 19, Rank: 1, Gender: Male, HP IV: 4(0%), ATK IV: 9(0%), DEF IV: 21(0%), Work Speed: (0%), Skills: Glutton
Digtoise, Level: 19, Rank: 1, Gender: Male, HP IV: 79(0%), ATK IV: 16(0%), DEF IV: 99(0%), Work Speed: (0%), Skills: Hard Skin, Destructive
Digtoise, Level: 23, Rank: 1, Gender: Female, HP IV: 99(0%), ATK IV: 46(0%), DEF IV: 87(0%), Work Speed: (0%), Skills: Hard Skin, Bottomless Stomach
Direhowl, Level: 19, Rank: 1, Gender: Male, HP IV: 12(0%), ATK IV: 88(0%), DEF IV: 12(0%), Work Speed: (0%), Skills: Sickly
Eikthyrdeer, Level: 1, Rank: 1, Gender: Male, HP IV: 12(0%), ATK IV: 8(0%), DEF IV: 55(0%), Work Speed: (0%), Skills: Fit as a Fiddle
Foxparks, Level: 17, Rank: 1, Gender: Male, HP IV: 3(0%), ATK IV: 0(0%), DEF IV: 80(0%), Work Speed: (0%)
Jolthog, Level: 6, Rank: 1, Gender: Male, HP IV: 50(0%), ATK IV: 50(0%), DEF IV: 69(0%), Work Speed: (0%), Skills: Fine Furs
Jolthog, Level: 6, Rank: 1, Gender: Male, HP IV: 52(0%), ATK IV: 16(0%), DEF IV: 93(0%), Work Speed: (0%), Skills: Suntan Lover
Lamball, Level: 2, Rank: 1, Gender: Female, HP IV: 80(0%), ATK IV: 26(0%), DEF IV: 79(0%), Work Speed: (0%), Skills: Burly Body
Lamball, Level: 3, Rank: 1, Gender: Male, HP IV: 93(0%), ATK IV: 54(0%), DEF IV: 0(0%), Work Speed: (0%), Skills: Masochist
Lovander, Level: 22, Rank: 1, Gender: Female, HP IV: 36(0%), ATK IV: 90(0%), DEF IV: 1(0%), Work Speed: (0%), Skills: Abnormal, Swift
Lovander, Level: 22, Rank: 1, Gender: Female, HP IV: 59(0%), ATK IV: 51(0%), DEF IV: 17(0%), Work Speed: (0%), Skills: Abnormal, Insulated Body
Nitewing, Level: 10, Rank: 1, Gender: Female, HP IV: 49(0%), ATK IV: 37(0%), DEF IV: 66(0%), Work Speed: (0%), Skills: Nimble
Nitewing, Level: 20, Rank: 1, Gender: Male, HP IV: 9(0%), ATK IV: 100(0%), DEF IV: 38(0%), Work Speed: (0%), Skills: Clumsy
Pengullet, Level: 3, Rank: 1, Gender: Male, HP IV: 44(0%), ATK IV: 73(0%), DEF IV: 4(0%), Work Speed: (0%), Skills: Suntan Lover, Aggressive
Rayhound, Level: 1, Rank: 1, Gender: Female, HP IV: 61(0%), ATK IV: 25(0%), DEF IV: 39(0%), Work Speed: (0%), Skills: Workaholic
Sparkit, Level: 15, Rank: 1, Gender: Male, HP IV: 21(0%), ATK IV: 78(0%), DEF IV: 21(0%), Work Speed: (0%), Skills: Fragrant Foliage, Destructive, Stronghold Strategist, Serenity
Tanzee, Level: 5, Rank: 1, Gender: Female, HP IV: 59(0%), ATK IV: 69(0%), DEF IV: 10(0%), Work Speed: (0%), Skills: Sickly
Tanzee, Level: 5, Rank: 1, Gender: Male, HP IV: 68(0%), ATK IV: 42(0%), DEF IV: 27(0%), Work Speed: (0%), Skills: Impatient
Tanzee, Level: 9, Rank: 1, Gender: Male, HP IV: 14(0%), ATK IV: 45(0%), DEF IV: 2(0%), Work Speed: (0%), Skills: Serenity
Big Bat's 40 Pals
-----------------
Alpha Jolthog, Level: 12, Rank: 1, Gender: Male, HP IV: 65(0%), ATK IV: 76(0%), DEF IV: 73(0%), Work Speed: (0%), Skills: Hooligan
Cattiva, Level: 17, Rank: 1, Gender: Female, HP IV: 43(0%), ATK IV: 64(0%), DEF IV: 83(0%), Work Speed: (0%), Skills: Coward, Slacker
Cattiva, Level: 2, Rank: 1, Gender: Male, HP IV: 93(0%), ATK IV: 20(0%), DEF IV: 44(0%), Work Speed: (0%), Skills: Coward, Clumsy
Cattiva, Level: 6, Rank: 1, Gender: Male, HP IV: 52(0%), ATK IV: 87(0%), DEF IV: 97(0%), Work Speed: (0%), Skills: Coward, Botanical Barrier
Chikipi, Level: 1, Rank: 1, Gender: Female, HP IV: 25(0%), ATK IV: 73(0%), DEF IV: 14(0%), Work Speed: (0%), Skills: Stronghold Strategist
Chikipi, Level: 1, Rank: 1, Gender: Female, HP IV: 51(0%), ATK IV: 91(0%), DEF IV: 27(0%), Work Speed: (0%), Skills: Ferocious
Chikipi, Level: 1, Rank: 1, Gender: Female, HP IV: 98(0%), ATK IV: 90(0%), DEF IV: 3(0%), Work Speed: (0%), Skills: Pacifist
Chikipi, Level: 16, Rank: 1, Gender: Male, HP IV: 80(0%), ATK IV: 15(0%), DEF IV: 42(0%), Work Speed: (0%), Skills: Noble
Chikipi, Level: 2, Rank: 1, Gender: Female, HP IV: 77(0%), ATK IV: 100(0%), DEF IV: 58(0%), Work Speed: (0%), Skills: Downtrodden
Chikipi, Level: 2, Rank: 1, Gender: Male, HP IV: 20(0%), ATK IV: 44(0%), DEF IV: 26(0%), Work Speed: (0%)
Chikipi, Level: 3, Rank: 1, Gender: Female, HP IV: 57(0%), ATK IV: 100(0%), DEF IV: 15(0%), Work Speed: (0%), Skills: Botanical Barrier
Chikipi, Level: 3, Rank: 1, Gender: Male, HP IV: 45(0%), ATK IV: 84(0%), DEF IV: 82(0%), Work Speed: (0%), Skills: Waterproof
Chikipi, Level: 3, Rank: 1, Gender: Male, HP IV: 51(0%), ATK IV: 19(0%), DEF IV: 30(0%), Work Speed: (0%), Skills: Positive Thinker, Veil of Darkness, Coward
Chikipi, Level: 3, Rank: 1, Gender: Male, HP IV: 87(0%), ATK IV: 50(0%), DEF IV: 75(0%), Work Speed: (0%), Skills: Heated Body
Chikipi, Level: 3, Rank: 1, Gender: Male, HP IV: 99(0%), ATK IV: 66(0%), DEF IV: 98(0%), Work Speed: (0%), Skills: Nimble
Chikipi, Level: 5, Rank: 1, Gender: Female, HP IV: 9(0%), ATK IV: 59(0%), DEF IV: 27(0%), Work Speed: (0%), Skills: Brave
Chikipi, Level: 5, Rank: 1, Gender: Male, HP IV: 79(0%), ATK IV: 13(0%), DEF IV: 41(0%), Work Speed: (0%), Skills: Blood of the Dragon
Cremis, Level: 4, Rank: 1, Gender: Male, HP IV: 55(0%), ATK IV: 79(0%), DEF IV: 72(0%), Work Speed: (0%), Skills: Swift
Croajiro, Level: 4, Rank: 1, Gender: Female, HP IV: 98(0%), ATK IV: 83(0%), DEF IV: 3(0%), Work Speed: (0%), Skills: Nocturnal
Croajiro, Level: 6, Rank: 1, Gender: Female, HP IV: 65(0%), ATK IV: 88(0%), DEF IV: 22(0%), Work Speed: (0%), Skills: Veil of Darkness, Capacitor
Dazemu, Level: 19, Rank: 1, Gender: Male, HP IV: 4(0%), ATK IV: 9(0%), DEF IV: 21(0%), Work Speed: (0%), Skills: Glutton
Digtoise, Level: 19, Rank: 1, Gender: Male, HP IV: 79(0%), ATK IV: 16(0%), DEF IV: 99(0%), Work Speed: (0%), Skills: Hard Skin, Destructive
Digtoise, Level: 23, Rank: 1, Gender: Female, HP IV: 99(0%), ATK IV: 46(0%), DEF IV: 87(0%), Work Speed: (0%), Skills: Hard Skin, Bottomless Stomach
Direhowl, Level: 19, Rank: 1, Gender: Male, HP IV: 12(0%), ATK IV: 88(0%), DEF IV: 12(0%), Work Speed: (0%), Skills: Sickly
Eikthyrdeer, Level: 1, Rank: 1, Gender: Male, HP IV: 12(0%), ATK IV: 8(0%), DEF IV: 55(0%), Work Speed: (0%), Skills: Fit as a Fiddle
Foxparks, Level: 17, Rank: 1, Gender: Male, HP IV: 3(0%), ATK IV: 0(0%), DEF IV: 80(0%), Work Speed: (0%)
Jolthog, Level: 6, Rank: 1, Gender: Male, HP IV: 50(0%), ATK IV: 50(0%), DEF IV: 69(0%), Work Speed: (0%), Skills: Fine Furs
Jolthog, Level: 6, Rank: 1, Gender: Male, HP IV: 52(0%), ATK IV: 16(0%), DEF IV: 93(0%), Work Speed: (0%), Skills: Suntan Lover
Lamball, Level: 2, Rank: 1, Gender: Female, HP IV: 80(0%), ATK IV: 26(0%), DEF IV: 79(0%), Work Speed: (0%), Skills: Burly Body
Lamball, Level: 3, Rank: 1, Gender: Male, HP IV: 93(0%), ATK IV: 54(0%), DEF IV: 0(0%), Work Speed: (0%), Skills: Masochist
Lovander, Level: 22, Rank: 1, Gender: Female, HP IV: 36(0%), ATK IV: 90(0%), DEF IV: 1(0%), Work Speed: (0%), Skills: Abnormal, Swift
Lovander, Level: 22, Rank: 1, Gender: Female, HP IV: 59(0%), ATK IV: 51(0%), DEF IV: 17(0%), Work Speed: (0%), Skills: Abnormal, Insulated Body
Nitewing, Level: 10, Rank: 1, Gender: Female, HP IV: 49(0%), ATK IV: 37(0%), DEF IV: 66(0%), Work Speed: (0%), Skills: Nimble
Nitewing, Level: 20, Rank: 1, Gender: Male, HP IV: 9(0%), ATK IV: 100(0%), DEF IV: 38(0%), Work Speed: (0%), Skills: Clumsy
Pengullet, Level: 3, Rank: 1, Gender: Male, HP IV: 44(0%), ATK IV: 73(0%), DEF IV: 4(0%), Work Speed: (0%), Skills: Suntan Lover, Aggressive
Rayhound, Level: 1, Rank: 1, Gender: Female, HP IV: 61(0%), ATK IV: 25(0%), DEF IV: 39(0%), Work Speed: (0%), Skills: Workaholic
Sparkit, Level: 15, Rank: 1, Gender: Male, HP IV: 21(0%), ATK IV: 78(0%), DEF IV: 21(0%), Work Speed: (0%), Skills: Fragrant Foliage, Destructive, Stronghold Strategist, Serenity
Tanzee, Level: 5, Rank: 1, Gender: Female, HP IV: 59(0%), ATK IV: 69(0%), DEF IV: 10(0%), Work Speed: (0%), Skills: Sickly
Tanzee, Level: 5, Rank: 1, Gender: Male, HP IV: 68(0%), ATK IV: 42(0%), DEF IV: 27(0%), Work Speed: (0%), Skills: Impatient
Tanzee, Level: 9, Rank: 1, Gender: Male, HP IV: 14(0%), ATK IV: 45(0%), DEF IV: 2(0%), Work Speed: (0%), Skills: Serenity
Big Bat's 40 Pals
-----------------
Alpha Jolthog, Level: 12, Rank: 1, Gender: Male, HP IV: 65(0%), ATK IV: 76(0%), DEF IV: 73(0%), Work Speed: (0%), Skills: Hooligan
Cattiva, Level: 17, Rank: 1, Gender: Female, HP IV: 43(0%), ATK IV: 64(0%), DEF IV: 83(0%), Work Speed: (0%), Skills: Coward, Slacker
Cattiva, Level: 2, Rank: 1, Gender: Male, HP IV: 93(0%), ATK IV: 20(0%), DEF IV: 44(0%), Work Speed: (0%), Skills: Coward, Clumsy
Cattiva, Level: 6, Rank: 1, Gender: Male, HP IV: 52(0%), ATK IV: 87(0%), DEF IV: 97(0%), Work Speed: (0%), Skills: Coward, Botanical Barrier
Chikipi, Level: 1, Rank: 1, Gender: Female, HP IV: 25(0%), ATK IV: 73(0%), DEF IV: 14(0%), Work Speed: (0%), Skills: Stronghold Strategist
Chikipi, Level: 1, Rank: 1, Gender: Female, HP IV: 51(0%), ATK IV: 91(0%), DEF IV: 27(0%), Work Speed: (0%), Skills: Ferocious
Chikipi, Level: 1, Rank: 1, Gender: Female, HP IV: 98(0%), ATK IV: 90(0%), DEF IV: 3(0%), Work Speed: (0%), Skills: Pacifist
Chikipi, Level: 16, Rank: 1, Gender: Male, HP IV: 80(0%), ATK IV: 15(0%), DEF IV: 42(0%), Work Speed: (0%), Skills: Noble
Chikipi, Level: 2, Rank: 1, Gender: Female, HP IV: 77(0%), ATK IV: 100(0%), DEF IV: 58(0%), Work Speed: (0%), Skills: Downtrodden
Chikipi, Level: 2, Rank: 1, Gender: Male, HP IV: 20(0%), ATK IV: 44(0%), DEF IV: 26(0%), Work Speed: (0%)
Chikipi, Level: 3, Rank: 1, Gender: Female, HP IV: 57(0%), ATK IV: 100(0%), DEF IV: 15(0%), Work Speed: (0%), Skills: Botanical Barrier
Chikipi, Level: 3, Rank: 1, Gender: Male, HP IV: 45(0%), ATK IV: 84(0%), DEF IV: 82(0%), Work Speed: (0%), Skills: Waterproof
Chikipi, Level: 3, Rank: 1, Gender: Male, HP IV: 51(0%), ATK IV: 19(0%), DEF IV: 30(0%), Work Speed: (0%), Skills: Positive Thinker, Veil of Darkness, Coward
Chikipi, Level: 3, Rank: 1, Gender: Male, HP IV: 87(0%), ATK IV: 50(0%), DEF IV: 75(0%), Work Speed: (0%), Skills: Heated Body
Chikipi, Level: 3, Rank: 1, Gender: Male, HP IV: 99(0%), ATK IV: 66(0%), DEF IV: 98(0%), Work Speed: (0%), Skills: Nimble
Chikipi, Level: 5, Rank: 1, Gender: Female, HP IV: 9(0%), ATK IV: 59(0%), DEF IV: 27(0%), Work Speed: (0%), Skills: Brave
Chikipi, Level: 5, Rank: 1, Gender: Male, HP IV: 79(0%), ATK IV: 13(0%), DEF IV: 41(0%), Work Speed: (0%), Skills: Blood of the Dragon
Cremis, Level: 4, Rank: 1, Gender: Male, HP IV: 55(0%), ATK IV: 79(0%), DEF IV: 72(0%), Work Speed: (0%), Skills: Swift
Croajiro, Level: 4, Rank: 1, Gender: Female, HP IV: 98(0%), ATK IV: 83(0%), DEF IV: 3(0%), Work Speed: (0%), Skills: Nocturnal
Croajiro, Level: 6, Rank: 1, Gender: Female, HP IV: 65(0%), ATK IV: 88(0%), DEF IV: 22(0%), Work Speed: (0%), Skills: Veil of Darkness, Capacitor
Dazemu, Level: 19, Rank: 1, Gender: Male, HP IV: 4(0%), ATK IV: 9(0%), DEF IV: 21(0%), Work Speed: (0%), Skills: Glutton
Digtoise, Level: 19, Rank: 1, Gender: Male, HP IV: 79(0%), ATK IV: 16(0%), DEF IV: 99(0%), Work Speed: (0%), Skills: Hard Skin, Destructive
Digtoise, Level: 23, Rank: 1, Gender: Female, HP IV: 99(0%), ATK IV: 46(0%), DEF IV: 87(0%), Work Speed: (0%), Skills: Hard Skin, Bottomless Stomach
Direhowl, Level: 19, Rank: 1, Gender: Male, HP IV: 12(0%), ATK IV: 88(0%), DEF IV: 12(0%), Work Speed: (0%), Skills: Sickly
Eikthyrdeer, Level: 1, Rank: 1, Gender: Male, HP IV: 12(0%), ATK IV: 8(0%), DEF IV: 55(0%), Work Speed: (0%), Skills: Fit as a Fiddle
Foxparks, Level: 17, Rank: 1, Gender: Male, HP IV: 3(0%), ATK IV: 0(0%), DEF IV: 80(0%), Work Speed: (0%)
Jolthog, Level: 6, Rank: 1, Gender: Male, HP IV: 50(0%), ATK IV: 50(0%), DEF IV: 69(0%), Work Speed: (0%), Skills: Fine Furs
Jolthog, Level: 6, Rank: 1, Gender: Male, HP IV: 52(0%), ATK IV: 16(0%), DEF IV: 93(0%), Work Speed: (0%), Skills: Suntan Lover
Lamball, Level: 2, Rank: 1, Gender: Female, HP IV: 80(0%), ATK IV: 26(0%), DEF IV: 79(0%), Work Speed: (0%), Skills: Burly Body
Lamball, Level: 3, Rank: 1, Gender: Male, HP IV: 93(0%), ATK IV: 54(0%), DEF IV: 0(0%), Work Speed: (0%), Skills: Masochist
Lovander, Level: 22, Rank: 1, Gender: Female, HP IV: 36(0%), ATK IV: 90(0%), DEF IV: 1(0%), Work Speed: (0%), Skills: Abnormal, Swift
Lovander, Level: 22, Rank: 1, Gender: Female, HP IV: 59(0%), ATK IV: 51(0%), DEF IV: 17(0%), Work Speed: (0%), Skills: Abnormal, Insulated Body
Nitewing, Level: 10, Rank: 1, Gender: Female, HP IV: 49(0%), ATK IV: 37(0%), DEF IV: 66(0%), Work Speed: (0%), Skills: Nimble
Nitewing, Level: 20, Rank: 1, Gender: Male, HP IV: 9(0%), ATK IV: 100(0%), DEF IV: 38(0%), Work Speed: (0%), Skills: Clumsy
Pengullet, Level: 3, Rank: 1, Gender: Male, HP IV: 44(0%), ATK IV: 73(0%), DEF IV: 4(0%), Work Speed: (0%), Skills: Suntan Lover, Aggressive
Rayhound, Level: 1, Rank: 1, Gender: Female, HP IV: 61(0%), ATK IV: 25(0%), DEF IV: 39(0%), Work Speed: (0%), Skills: Workaholic
Sparkit, Level: 15, Rank: 1, Gender: Male, HP IV: 21(0%), ATK IV: 78(0%), DEF IV: 21(0%), Work Speed: (0%), Skills: Fragrant Foliage, Destructive, Stronghold Strategist, Serenity
Tanzee, Level: 5, Rank: 1, Gender: Female, HP IV: 59(0%), ATK IV: 69(0%), DEF IV: 10(0%), Work Speed: (0%), Skills: Sickly
Tanzee, Level: 5, Rank: 1, Gender: Male, HP IV: 68(0%), ATK IV: 42(0%), DEF IV: 27(0%), Work Speed: (0%), Skills: Impatient
Tanzee, Level: 9, Rank: 1, Gender: Male, HP IV: 14(0%), ATK IV: 45(0%), DEF IV: 2(0%), Work Speed: (0%), Skills: Serenity
Big Bat's 40 Pals
-----------------
Alpha Jolthog, Level: 12, Rank: 1, Gender: Male, HP IV: 65(0%), ATK IV: 76(0%), DEF IV: 73(0%), Work Speed: (0%), Skills: Hooligan
Cattiva, Level: 17, Rank: 1, Gender: Female, HP IV: 43(0%), ATK IV: 64(0%), DEF IV: 83(0%), Work Speed: (0%), Skills: Coward, Slacker
Cattiva, Level: 2, Rank: 1, Gender: Male, HP IV: 93(0%), ATK IV: 20(0%), DEF IV: 44(0%), Work Speed: (0%), Skills: Coward, Clumsy
Cattiva, Level: 6, Rank: 1, Gender: Male, HP IV: 52(0%), ATK IV: 87(0%), DEF IV: 97(0%), Work Speed: (0%), Skills: Coward, Botanical Barrier
Chikipi, Level: 1, Rank: 1, Gender: Female, HP IV: 25(0%), ATK IV: 73(0%), DEF IV: 14(0%), Work Speed: (0%), Skills: Stronghold Strategist
Chikipi, Level: 1, Rank: 1, Gender: Female, HP IV: 51(0%), ATK IV: 91(0%), DEF IV: 27(0%), Work Speed: (0%), Skills: Ferocious
Chikipi, Level: 1, Rank: 1, Gender: Female, HP IV: 98(0%), ATK IV: 90(0%), DEF IV: 3(0%), Work Speed: (0%), Skills: Pacifist
Chikipi, Level: 16, Rank: 1, Gender: Male, HP IV: 80(0%), ATK IV: 15(0%), DEF IV: 42(0%), Work Speed: (0%), Skills: Noble
Chikipi, Level: 2, Rank: 1, Gender: Female, HP IV: 77(0%), ATK IV: 100(0%), DEF IV: 58(0%), Work Speed: (0%), Skills: Downtrodden
Chikipi, Level: 2, Rank: 1, Gender: Male, HP IV: 20(0%), ATK IV: 44(0%), DEF IV: 26(0%), Work Speed: (0%)
Chikipi, Level: 3, Rank: 1, Gender: Female, HP IV: 57(0%), ATK IV: 100(0%), DEF IV: 15(0%), Work Speed: (0%), Skills: Botanical Barrier
Chikipi, Level: 3, Rank: 1, Gender: Male, HP IV: 45(0%), ATK IV: 84(0%), DEF IV: 82(0%), Work Speed: (0%), Skills: Waterproof
Chikipi, Level: 3, Rank: 1, Gender: Male, HP IV: 51(0%), ATK IV: 19(0%), DEF IV: 30(0%), Work Speed: (0%), Skills: Positive Thinker, Veil of Darkness, Coward
Chikipi, Level: 3, Rank: 1, Gender: Male, HP IV: 87(0%), ATK IV: 50(0%), DEF IV: 75(0%), Work Speed: (0%), Skills: Heated Body
Chikipi, Level: 3, Rank: 1, Gender: Male, HP IV: 99(0%), ATK IV: 66(0%), DEF IV: 98(0%), Work Speed: (0%), Skills: Nimble
Chikipi, Level: 5, Rank: 1, Gender: Female, HP IV: 9(0%), ATK IV: 59(0%), DEF IV: 27(0%), Work Speed: (0%), Skills: Brave
Chikipi, Level: 5, Rank: 1, Gender: Male, HP IV: 79(0%), ATK IV: 13(0%), DEF IV: 41(0%), Work Speed: (0%), Skills: Blood of the Dragon
Cremis, Level: 4, Rank: 1, Gender: Male, HP IV: 55(0%), ATK IV: 79(0%), DEF IV: 72(0%), Work Speed: (0%), Skills: Swift
Croajiro, Level: 4, Rank: 1, Gender: Female, HP IV: 98(0%), ATK IV: 83(0%), DEF IV: 3(0%), Work Speed: (0%), Skills: Nocturnal
Croajiro, Level: 6, Rank: 1, Gender: Female, HP IV: 65(0%), ATK IV: 88(0%), DEF IV: 22(0%), Work Speed: (0%), Skills: Veil of Darkness, Capacitor
Dazemu, Level: 19, Rank: 1, Gender: Male, HP IV: 4(0%), ATK IV: 9(0%), DEF IV: 21(0%), Work Speed: (0%), Skills: Glutton
Digtoise, Level: 19, Rank: 1, Gender: Male, HP IV: 79(0%), ATK IV: 16(0%), DEF IV: 99(0%), Work Speed: (0%), Skills: Hard Skin, Destructive
Digtoise, Level: 23, Rank: 1, Gender: Female, HP IV: 99(0%), ATK IV: 46(0%), DEF IV: 87(0%), Work Speed: (0%), Skills: Hard Skin, Bottomless Stomach
Direhowl, Level: 19, Rank: 1, Gender: Male, HP IV: 12(0%), ATK IV: 88(0%), DEF IV: 12(0%), Work Speed: (0%), Skills: Sickly
Eikthyrdeer, Level: 1, Rank: 1, Gender: Male, HP IV: 12(0%), ATK IV: 8(0%), DEF IV: 55(0%), Work Speed: (0%), Skills: Fit as a Fiddle
Foxparks, Level: 17, Rank: 1, Gender: Male, HP IV: 3(0%), ATK IV: 0(0%), DEF IV: 80(0%), Work Speed: (0%)
Jolthog, Level: 6, Rank: 1, Gender: Male, HP IV: 50(0%), ATK IV: 50(0%), DEF IV: 69(0%), Work Speed: (0%), Skills: Fine Furs
Jolthog, Level: 6, Rank: 1, Gender: Male, HP IV: 52(0%), ATK IV: 16(0%), DEF IV: 93(0%), Work Speed: (0%), Skills: Suntan Lover
Lamball, Level: 2, Rank: 1, Gender: Female, HP IV: 80(0%), ATK IV: 26(0%), DEF IV: 79(0%), Work Speed: (0%), Skills: Burly Body
Lamball, Level: 3, Rank: 1, Gender: Male, HP IV: 93(0%), ATK IV: 54(0%), DEF IV: 0(0%), Work Speed: (0%), Skills: Masochist
Lovander, Level: 22, Rank: 1, Gender: Female, HP IV: 36(0%), ATK IV: 90(0%), DEF IV: 1(0%), Work Speed: (0%), Skills: Abnormal, Swift
Lovander, Level: 22, Rank: 1, Gender: Female, HP IV: 59(0%), ATK IV: 51(0%), DEF IV: 17(0%), Work Speed: (0%), Skills: Abnormal, Insulated Body
Nitewing, Level: 10, Rank: 1, Gender: Female, HP IV: 49(0%), ATK IV: 37(0%), DEF IV: 66(0%), Work Speed: (0%), Skills: Nimble
Nitewing, Level: 20, Rank: 1, Gender: Male, HP IV: 9(0%), ATK IV: 100(0%), DEF IV: 38(0%), Work Speed: (0%), Skills: Clumsy
Pengullet, Level: 3, Rank: 1, Gender: Male, HP IV: 44(0%), ATK IV: 73(0%), DEF IV: 4(0%), Work Speed: (0%), Skills: Suntan Lover, Aggressive
Rayhound, Level: 1, Rank: 1, Gender: Female, HP IV: 61(0%), ATK IV: 25(0%), DEF IV: 39(0%), Work Speed: (0%), Skills: Workaholic
Sparkit, Level: 15, Rank: 1, Gender: Male, HP IV: 21(0%), ATK IV: 78(0%), DEF IV: 21(0%), Work Speed: (0%), Skills: Fragrant Foliage, Destructive, Stronghold Strategist, Serenity
Tanzee, Level: 5, Rank: 1, Gender: Female, HP IV: 59(0%), ATK IV: 69(0%), DEF IV: 10(0%), Work Speed: (0%), Skills: Sickly
Tanzee, Level: 5, Rank: 1, Gender: Male, HP IV: 68(0%), ATK IV: 42(0%), DEF IV: 27(0%), Work Speed: (0%), Skills: Impatient
Tanzee, Level: 9, Rank: 1, Gender: Male, HP IV: 14(0%), ATK IV: 45(0%), DEF IV: 2(0%), Work Speed: (0%), Skills: Serenity
Big Bat's 40 Pals
-----------------
Alpha Jolthog, Level: 12, Rank: 1, Gender: Male, HP IV: 65(0%), ATK IV: 76(0%), DEF IV: 73(0%), Work Speed: (0%), Skills: Hooligan
Cattiva, Level: 17, Rank: 1, Gender: Female, HP IV: 43(0%), ATK IV: 64(0%), DEF IV: 83(0%), Work Speed: (0%), Skills: Coward, Slacker
Cattiva, Level: 2, Rank: 1, Gender: Male, HP IV: 93(0%), ATK IV: 20(0%), DEF IV: 44(0%), Work Speed: (0%), Skills: Coward, Clumsy
Cattiva, Level: 6, Rank: 1, Gender: Male, HP IV: 52(0%), ATK IV: 87(0%), DEF IV: 97(0%), Work Speed: (0%), Skills: Coward, Botanical Barrier
Chikipi, Level: 1, Rank: 1, Gender: Female, HP IV: 25(0%), ATK IV: 73(0%), DEF IV: 14(0%), Work Speed: (0%), Skills: Stronghold Strategist
Chikipi, Level: 1, Rank: 1, Gender: Female, HP IV: 51(0%), ATK IV: 91(0%), DEF IV: 27(0%), Work Speed: (0%), Skills: Ferocious
Chikipi, Level: 1, Rank: 1, Gender: Female, HP IV: 98(0%), ATK IV: 90(0%), DEF IV: 3(0%), Work Speed: (0%), Skills: Pacifist
Chikipi, Level: 16, Rank: 1, Gender: Male, HP IV: 80(0%), ATK IV: 15(0%), DEF IV: 42(0%), Work Speed: (0%), Skills: Noble
Chikipi, Level: 2, Rank: 1, Gender: Female, HP IV: 77(0%), ATK IV: 100(0%), DEF IV: 58(0%), Work Speed: (0%), Skills: Downtrodden
Chikipi, Level: 2, Rank: 1, Gender: Male, HP IV: 20(0%), ATK IV: 44(0%), DEF IV: 26(0%), Work Speed: (0%)
Chikipi, Level: 3, Rank: 1, Gender: Female, HP IV: 57(0%), ATK IV: 100(0%), DEF IV: 15(0%), Work Speed: (0%), Skills: Botanical Barrier
Chikipi, Level: 3, Rank: 1, Gender: Male, HP IV: 45(0%), ATK IV: 84(0%), DEF IV: 82(0%), Work Speed: (0%), Skills: Waterproof
Chikipi, Level: 3, Rank: 1, Gender: Male, HP IV: 51(0%), ATK IV: 19(0%), DEF IV: 30(0%), Work Speed: (0%), Skills: Positive Thinker, Veil of Darkness, Coward
Chikipi, Level: 3, Rank: 1, Gender: Male, HP IV: 87(0%), ATK IV: 50(0%), DEF IV: 75(0%), Work Speed: (0%), Skills: Heated Body
Chikipi, Level: 3, Rank: 1, Gender: Male, HP IV: 99(0%), ATK IV: 66(0%), DEF IV: 98(0%), Work Speed: (0%), Skills: Nimble
Chikipi, Level: 5, Rank: 1, Gender: Female, HP IV: 9(0%), ATK IV: 59(0%), DEF IV: 27(0%), Work Speed: (0%), Skills: Brave
Chikipi, Level: 5, Rank: 1, Gender: Male, HP IV: 79(0%), ATK IV: 13(0%), DEF IV: 41(0%), Work Speed: (0%), Skills: Blood of the Dragon
Cremis, Level: 4, Rank: 1, Gender: Male, HP IV: 55(0%), ATK IV: 79(0%), DEF IV: 72(0%), Work Speed: (0%), Skills: Swift
Croajiro, Level: 4, Rank: 1, Gender: Female, HP IV: 98(0%), ATK IV: 83(0%), DEF IV: 3(0%), Work Speed: (0%), Skills: Nocturnal
Croajiro, Level: 6, Rank: 1, Gender: Female, HP IV: 65(0%), ATK IV: 88(0%), DEF IV: 22(0%), Work Speed: (0%), Skills: Veil of Darkness, Capacitor
Dazemu, Level: 19, Rank: 1, Gender: Male, HP IV: 4(0%), ATK IV: 9(0%), DEF IV: 21(0%), Work Speed: (0%), Skills: Glutton
Digtoise, Level: 19, Rank: 1, Gender: Male, HP IV: 79(0%), ATK IV: 16(0%), DEF IV: 99(0%), Work Speed: (0%), Skills: Hard Skin, Destructive
Digtoise, Level: 23, Rank: 1, Gender: Female, HP IV: 99(0%), ATK IV: 46(0%), DEF IV: 87(0%), Work Speed: (0%), Skills: Hard Skin, Bottomless Stomach
Direhowl, Level: 19, Rank: 1, Gender: Male, HP IV: 12(0%), ATK IV: 88(0%), DEF IV: 12(0%), Work Speed: (0%), Skills: Sickly
Eikthyrdeer, Level: 1, Rank: 1, Gender: Male, HP IV: 12(0%), ATK IV: 8(0%), DEF IV: 55(0%), Work Speed: (0%), Skills: Fit as a Fiddle
Foxparks, Level: 17, Rank: 1, Gender: Male, HP IV: 3(0%), ATK IV: 0(0%), DEF IV: 80(0%), Work Speed: (0%)
Jolthog, Level: 6, Rank: 1, Gender: Male, HP IV: 50(0%), ATK IV: 50(0%), DEF IV: 69(0%), Work Speed: (0%), Skills: Fine Furs
Jolthog, Level: 6, Rank: 1, Gender: Male, HP IV: 52(0%), ATK IV: 16(0%), DEF IV: 93(0%), Work Speed: (0%), Skills: Suntan Lover
Lamball, Level: 2, Rank: 1, Gender: Female, HP IV: 80(0%), ATK IV: 26(0%), DEF IV: 79(0%), Work Speed: (0%), Skills: Burly Body
Lamball, Level: 3, Rank: 1, Gender: Male, HP IV: 93(0%), ATK IV: 54(0%), DEF IV: 0(0%), Work Speed: (0%), Skills: Masochist
Lovander, Level: 22, Rank: 1, Gender: Female, HP IV: 36(0%), ATK IV: 90(0%), DEF IV: 1(0%), Work Speed: (0%), Skills: Abnormal, Swift
Lovander, Level: 22, Rank: 1, Gender: Female, HP IV: 59(0%), ATK IV: 51(0%), DEF IV: 17(0%), Work Speed: (0%), Skills: Abnormal, Insulated Body
Nitewing, Level: 10, Rank: 1, Gender: Female, HP IV: 49(0%), ATK IV: 37(0%), DEF IV: 66(0%), Work Speed: (0%), Skills: Nimble
Nitewing, Level: 20, Rank: 1, Gender: Male, HP IV: 9(0%), ATK IV: 100(0%), DEF IV: 38(0%), Work Speed: (0%), Skills: Clumsy
Pengullet, Level: 3, Rank: 1, Gender: Male, HP IV: 44(0%), ATK IV: 73(0%), DEF IV: 4(0%), Work Speed: (0%), Skills: Suntan Lover, Aggressive
Rayhound, Level: 1, Rank: 1, Gender: Female, HP IV: 61(0%), ATK IV: 25(0%), DEF IV: 39(0%), Work Speed: (0%), Skills: Workaholic
Sparkit, Level: 15, Rank: 1, Gender: Male, HP IV: 21(0%), ATK IV: 78(0%), DEF IV: 21(0%), Work Speed: (0%), Skills: Fragrant Foliage, Destructive, Stronghold Strategist, Serenity
Tanzee, Level: 5, Rank: 1, Gender: Female, HP IV: 59(0%), ATK IV: 69(0%), DEF IV: 10(0%), Work Speed: (0%), Skills: Sickly
Tanzee, Level: 5, Rank: 1, Gender: Male, HP IV: 68(0%), ATK IV: 42(0%), DEF IV: 27(0%), Work Speed: (0%), Skills: Impatient
Tanzee, Level: 9, Rank: 1, Gender: Male, HP IV: 14(0%), ATK IV: 45(0%), DEF IV: 2(0%), Work Speed: (0%), Skills: Serenity
Big Bat's 40 Pals
-----------------
Alpha Jolthog, Level: 12, Rank: 1, Gender: Male, HP IV: 65(0%), ATK IV: 76(0%), DEF IV: 73(0%), Work Speed: (0%), Skills: Hooligan
Cattiva, Level: 17, Rank: 1, Gender: Female, HP IV: 43(0%), ATK IV: 64(0%), DEF IV: 83(0%), Work Speed: (0%), Skills: Coward, Slacker
Cattiva, Level: 2, Rank: 1, Gender: Male, HP IV: 93(0%), ATK IV: 20(0%), DEF IV: 44(0%), Work Speed: (0%), Skills: Coward, Clumsy
Cattiva, Level: 6, Rank: 1, Gender: Male, HP IV: 52(0%), ATK IV: 87(0%), DEF IV: 97(0%), Work Speed: (0%), Skills: Coward, Botanical Barrier
Chikipi, Level: 1, Rank: 1, Gender: Female, HP IV: 25(0%), ATK IV: 73(0%), DEF IV: 14(0%), Work Speed: (0%), Skills: Stronghold Strategist
Chikipi, Level: 1, Rank: 1, Gender: Female, HP IV: 51(0%), ATK IV: 91(0%), DEF IV: 27(0%), Work Speed: (0%), Skills: Ferocious
Chikipi, Level: 1, Rank: 1, Gender: Female, HP IV: 98(0%), ATK IV: 90(0%), DEF IV: 3(0%), Work Speed: (0%), Skills: Pacifist
Chikipi, Level: 16, Rank: 1, Gender: Male, HP IV: 80(0%), ATK IV: 15(0%), DEF IV: 42(0%), Work Speed: (0%), Skills: Noble
Chikipi, Level: 2, Rank: 1, Gender: Female, HP IV: 77(0%), ATK IV: 100(0%), DEF IV: 58(0%), Work Speed: (0%), Skills: Downtrodden
Chikipi, Level: 2, Rank: 1, Gender: Male, HP IV: 20(0%), ATK IV: 44(0%), DEF IV: 26(0%), Work Speed: (0%)
Chikipi, Level: 3, Rank: 1, Gender: Female, HP IV: 57(0%), ATK IV: 100(0%), DEF IV: 15(0%), Work Speed: (0%), Skills: Botanical Barrier
Chikipi, Level: 3, Rank: 1, Gender: Male, HP IV: 45(0%), ATK IV: 84(0%), DEF IV: 82(0%), Work Speed: (0%), Skills: Waterproof
Chikipi, Level: 3, Rank: 1, Gender: Male, HP IV: 51(0%), ATK IV: 19(0%), DEF IV: 30(0%), Work Speed: (0%), Skills: Positive Thinker, Veil of Darkness, Coward
Chikipi, Level: 3, Rank: 1, Gender: Male, HP IV: 87(0%), ATK IV: 50(0%), DEF IV: 75(0%), Work Speed: (0%), Skills: Heated Body
Chikipi, Level: 3, Rank: 1, Gender: Male, HP IV: 99(0%), ATK IV: 66(0%), DEF IV: 98(0%), Work Speed: (0%), Skills: Nimble
Chikipi, Level: 5, Rank: 1, Gender: Female, HP IV: 9(0%), ATK IV: 59(0%), DEF IV: 27(0%), Work Speed: (0%), Skills: Brave
Chikipi, Level: 5, Rank: 1, Gender: Male, HP IV: 79(0%), ATK IV: 13(0%), DEF IV: 41(0%), Work Speed: (0%), Skills: Blood of the Dragon
Cremis, Level: 4, Rank: 1, Gender: Male, HP IV: 55(0%), ATK IV: 79(0%), DEF IV: 72(0%), Work Speed: (0%), Skills: Swift
Croajiro, Level: 4, Rank: 1, Gender: Female, HP IV: 98(0%), ATK IV: 83(0%), DEF IV: 3(0%), Work Speed: (0%), Skills: Nocturnal
Croajiro, Level: 6, Rank: 1, Gender: Female, HP IV: 65(0%), ATK IV: 88(0%), DEF IV: 22(0%), Work Speed: (0%), Skills: Veil of Darkness, Capacitor
Dazemu, Level: 19, Rank: 1, Gender: Male, HP IV: 4(0%), ATK IV: 9(0%), DEF IV: 21(0%), Work Speed: (0%), Skills: Glutton
Digtoise, Level: 19, Rank: 1, Gender: Male, HP IV: 79(0%), ATK IV: 16(0%), DEF IV: 99(0%), Work Speed: (0%), Skills: Hard Skin, Destructive
Digtoise, Level: 23, Rank: 1, Gender: Female, HP IV: 99(0%), ATK IV: 46(0%), DEF IV: 87(0%), Work Speed: (0%), Skills: Hard Skin, Bottomless Stomach
Direhowl, Level: 19, Rank: 1, Gender: Male, HP IV: 12(0%), ATK IV: 88(0%), DEF IV: 12(0%), Work Speed: (0%), Skills: Sickly
Eikthyrdeer, Level: 1, Rank: 1, Gender: Male, HP IV: 12(0%), ATK IV: 8(0%), DEF IV: 55(0%), Work Speed: (0%), Skills: Fit as a Fiddle
Foxparks, Level: 17, Rank: 1, Gender: Male, HP IV: 3(0%), ATK IV: 0(0%), DEF IV: 80(0%), Work Speed: (0%)
Jolthog, Level: 6, Rank: 1, Gender: Male, HP IV: 50(0%), ATK IV: 50(0%), DEF IV: 69(0%), Work Speed: (0%), Skills: Fine Furs
Jolthog, Level: 6, Rank: 1, Gender: Male, HP IV: 52(0%), ATK IV: 16(0%), DEF IV: 93(0%), Work Speed: (0%), Skills: Suntan Lover
Lamball, Level: 2, Rank: 1, Gender: Female, HP IV: 80(0%), ATK IV: 26(0%), DEF IV: 79(0%), Work Speed: (0%), Skills: Burly Body
Lamball, Level: 3, Rank: 1, Gender: Male, HP IV: 93(0%), ATK IV: 54(0%), DEF IV: 0(0%), Work Speed: (0%), Skills: Masochist
Lovander, Level: 22, Rank: 1, Gender: Female, HP IV: 36(0%), ATK IV: 90(0%), DEF IV: 1(0%), Work Speed: (0%), Skills: Abnormal, Swift
Lovander, Level: 22, Rank: 1, Gender: Female, HP IV: 59(0%), ATK IV: 51(0%), DEF IV: 17(0%), Work Speed: (0%), Skills: Abnormal, Insulated Body
Nitewing, Level: 10, Rank: 1, Gender: Female, HP IV: 49(0%), ATK IV: 37(0%), DEF IV: 66(0%), Work Speed: (0%), Skills: Nimble
Nitewing, Level: 20, Rank: 1, Gender: Male, HP IV: 9(0%), ATK IV: 100(0%), DEF IV: 38(0%), Work Speed: (0%), Skills: Clumsy
Pengullet, Level: 3, Rank: 1, Gender: Male, HP IV: 44(0%), ATK IV: 73(0%), DEF IV: 4(0%), Work Speed: (0%), Skills: Suntan Lover, Aggressive
Rayhound, Level: 1, Rank: 1, Gender: Female, HP IV: 61(0%), ATK IV: 25(0%), DEF IV: 39(0%), Work Speed: (0%), Skills: Workaholic
Sparkit, Level: 15, Rank: 1, Gender: Male, HP IV: 21(0%), ATK IV: 78(0%), DEF IV: 21(0%), Work Speed: (0%), Skills: Fragrant Foliage, Destructive, Stronghold Strategist, Serenity
Tanzee, Level: 5, Rank: 1, Gender: Female, HP IV: 59(0%), ATK IV: 69(0%), DEF IV: 10(0%), Work Speed: (0%), Skills: Sickly
Tanzee, Level: 5, Rank: 1, Gender: Male, HP IV: 68(0%), ATK IV: 42(0%), DEF IV: 27(0%), Work Speed: (0%), Skills: Impatient
Tanzee, Level: 9, Rank: 1, Gender: Male, HP IV: 14(0%), ATK IV: 45(0%), DEF IV: 2(0%), Work Speed: (0%), Skills: Serenity
Big Bat's 40 Pals
-----------------
Alpha Jolthog, Level: 12, Rank: 1, Gender: Male, HP IV: 65(0%), ATK IV: 76(0%), DEF IV: 73(0%), Work Speed: (0%), Skills: Hooligan
Cattiva, Level: 17, Rank: 1, Gender: Female, HP IV: 43(0%), ATK IV: 64(0%), DEF IV: 83(0%), Work Speed: (0%), Skills: Coward, Slacker
Cattiva, Level: 2, Rank: 1, Gender: Male, HP IV: 93(0%), ATK IV: 20(0%), DEF IV: 44(0%), Work Speed: (0%), Skills: Coward, Clumsy
Cattiva, Level: 6, Rank: 1, Gender: Male, HP IV: 52(0%), ATK IV: 87(0%), DEF IV: 97(0%), Work Speed: (0%), Skills: Coward, Botanical Barrier
Chikipi, Level: 1, Rank: 1, Gender: Female, HP IV: 25(0%), ATK IV: 73(0%), DEF IV: 14(0%), Work Speed: (0%), Skills: Stronghold Strategist
Chikipi, Level: 1, Rank: 1, Gender: Female, HP IV: 51(0%), ATK IV: 91(0%), DEF IV: 27(0%), Work Speed: (0%), Skills: Ferocious
Chikipi, Level: 1, Rank: 1, Gender: Female, HP IV: 98(0%), ATK IV: 90(0%), DEF IV: 3(0%), Work Speed: (0%), Skills: Pacifist
Chikipi, Level: 16, Rank: 1, Gender: Male, HP IV: 80(0%), ATK IV: 15(0%), DEF IV: 42(0%), Work Speed: (0%), Skills: Noble
Chikipi, Level: 2, Rank: 1, Gender: Female, HP IV: 77(0%), ATK IV: 100(0%), DEF IV: 58(0%), Work Speed: (0%), Skills: Downtrodden
Chikipi, Level: 2, Rank: 1, Gender: Male, HP IV: 20(0%), ATK IV: 44(0%), DEF IV: 26(0%), Work Speed: (0%)
Chikipi, Level: 3, Rank: 1, Gender: Female, HP IV: 57(0%), ATK IV: 100(0%), DEF IV: 15(0%), Work Speed: (0%), Skills: Botanical Barrier
Chikipi, Level: 3, Rank: 1, Gender: Male, HP IV: 45(0%), ATK IV: 84(0%), DEF IV: 82(0%), Work Speed: (0%), Skills: Waterproof
Chikipi, Level: 3, Rank: 1, Gender: Male, HP IV: 51(0%), ATK IV: 19(0%), DEF IV: 30(0%), Work Speed: (0%), Skills: Positive Thinker, Veil of Darkness, Coward
Chikipi, Level: 3, Rank: 1, Gender: Male, HP IV: 87(0%), ATK IV: 50(0%), DEF IV: 75(0%), Work Speed: (0%), Skills: Heated Body
Chikipi, Level: 3, Rank: 1, Gender: Male, HP IV: 99(0%), ATK IV: 66(0%), DEF IV: 98(0%), Work Speed: (0%), Skills: Nimble
Chikipi, Level: 5, Rank: 1, Gender: Female, HP IV: 9(0%), ATK IV: 59(0%), DEF IV: 27(0%), Work Speed: (0%), Skills: Brave
Chikipi, Level: 5, Rank: 1, Gender: Male, HP IV: 79(0%), ATK IV: 13(0%), DEF IV: 41(0%), Work Speed: (0%), Skills: Blood of the Dragon
Cremis, Level: 4, Rank: 1, Gender: Male, HP IV: 55(0%), ATK IV: 79(0%), DEF IV: 72(0%), Work Speed: (0%), Skills: Swift
Croajiro, Level: 4, Rank: 1, Gender: Female, HP IV: 98(0%), ATK IV: 83(0%), DEF IV: 3(0%), Work Speed: (0%), Skills: Nocturnal
Croajiro, Level: 6, Rank: 1, Gender: Female, HP IV: 65(0%), ATK IV: 88(0%), DEF IV: 22(0%), Work Speed: (0%), Skills: Veil of Darkness, Capacitor
Dazemu, Level: 19, Rank: 1, Gender: Male, HP IV: 4(0%), ATK IV: 9(0%), DEF IV: 21(0%), Work Speed: (0%), Skills: Glutton
Digtoise, Level: 19, Rank: 1, Gender: Male, HP IV: 79(0%), ATK IV: 16(0%), DEF IV: 99(0%), Work Speed: (0%), Skills: Hard Skin, Destructive
Digtoise, Level: 23, Rank: 1, Gender: Female, HP IV: 99(0%), ATK IV: 46(0%), DEF IV: 87(0%), Work Speed: (0%), Skills: Hard Skin, Bottomless Stomach
Direhowl, Level: 19, Rank: 1, Gender: Male, HP IV: 12(0%), ATK IV: 88(0%), DEF IV: 12(0%), Work Speed: (0%), Skills: Sickly
Eikthyrdeer, Level: 1, Rank: 1, Gender: Male, HP IV: 12(0%), ATK IV: 8(0%), DEF IV: 55(0%), Work Speed: (0%), Skills: Fit as a Fiddle
Foxparks, Level: 17, Rank: 1, Gender: Male, HP IV: 3(0%), ATK IV: 0(0%), DEF IV: 80(0%), Work Speed: (0%)
Jolthog, Level: 6, Rank: 1, Gender: Male, HP IV: 50(0%), ATK IV: 50(0%), DEF IV: 69(0%), Work Speed: (0%), Skills: Fine Furs
Jolthog, Level: 6, Rank: 1, Gender: Male, HP IV: 52(0%), ATK IV: 16(0%), DEF IV: 93(0%), Work Speed: (0%), Skills: Suntan Lover
Lamball, Level: 2, Rank: 1, Gender: Female, HP IV: 80(0%), ATK IV: 26(0%), DEF IV: 79(0%), Work Speed: (0%), Skills: Burly Body
Lamball, Level: 3, Rank: 1, Gender: Male, HP IV: 93(0%), ATK IV: 54(0%), DEF IV: 0(0%), Work Speed: (0%), Skills: Masochist
Lovander, Level: 22, Rank: 1, Gender: Female, HP IV: 36(0%), ATK IV: 90(0%), DEF IV: 1(0%), Work Speed: (0%), Skills: Abnormal, Swift
Lovander, Level: 22, Rank: 1, Gender: Female, HP IV: 59(0%), ATK IV: 51(0%), DEF IV: 17(0%), Work Speed: (0%), Skills: Abnormal, Insulated Body
Nitewing, Level: 10, Rank: 1, Gender: Female, HP IV: 49(0%), ATK IV: 37(0%), DEF IV: 66(0%), Work Speed: (0%), Skills: Nimble
Nitewing, Level: 20, Rank: 1, Gender: Male, HP IV: 9(0%), ATK IV: 100(0%), DEF IV: 38(0%), Work Speed: (0%), Skills: Clumsy
Pengullet, Level: 3, Rank: 1, Gender: Male, HP IV: 44(0%), ATK IV: 73(0%), DEF IV: 4(0%), Work Speed: (0%), Skills: Suntan Lover, Aggressive
Rayhound, Level: 1, Rank: 1, Gender: Female, HP IV: 61(0%), ATK IV: 25(0%), DEF IV: 39(0%), Work Speed: (0%), Skills: Workaholic
Sparkit, Level: 15, Rank: 1, Gender: Male, HP IV: 21(0%), ATK IV: 78(0%), DEF IV: 21(0%), Work Speed: (0%), Skills: Fragrant Foliage, Destructive, Stronghold Strategist, Serenity
Tanzee, Level: 5, Rank: 1, Gender: Female, HP IV: 59(0%), ATK IV: 69(0%), DEF IV: 10(0%), Work Speed: (0%), Skills: Sickly
Tanzee, Level: 5, Rank: 1, Gender: Male, HP IV: 68(0%), ATK IV: 42(0%), DEF IV: 27(0%), Work Speed: (0%), Skills: Impatient
Tanzee, Level: 9, Rank: 1, Gender: Male, HP IV: 14(0%), ATK IV: 45(0%), DEF IV: 2(0%), Work Speed: (0%), Skills: Serenity
Big Bat's 40 Pals
-----------------
Alpha Jolthog, Level: 12, Rank: 1, Gender: Male, HP IV: 65(0%), ATK IV: 76(0%), DEF IV: 73(0%), Work Speed: (0%), Skills: Hooligan
Cattiva, Level: 17, Rank: 1, Gender: Female, HP IV: 43(0%), ATK IV: 64(0%), DEF IV: 83(0%), Work Speed: (0%), Skills: Coward, Slacker
Cattiva, Level: 2, Rank: 1, Gender: Male, HP IV: 93(0%), ATK IV: 20(0%), DEF IV: 44(0%), Work Speed: (0%), Skills: Coward, Clumsy
Cattiva, Level: 6, Rank: 1, Gender: Male, HP IV: 52(0%), ATK IV: 87(0%), DEF IV: 97(0%), Work Speed: (0%), Skills: Coward, Botanical Barrier
Chikipi, Level: 1, Rank: 1, Gender: Female, HP IV: 25(0%), ATK IV: 73(0%), DEF IV: 14(0%), Work Speed: (0%), Skills: Stronghold Strategist
Chikipi, Level: 1, Rank: 1, Gender: Female, HP IV: 51(0%), ATK IV: 91(0%), DEF IV: 27(0%), Work Speed: (0%), Skills: Ferocious
Chikipi, Level: 1, Rank: 1, Gender: Female, HP IV: 98(0%), ATK IV: 90(0%), DEF IV: 3(0%), Work Speed: (0%), Skills: Pacifist
Chikipi, Level: 16, Rank: 1, Gender: Male, HP IV: 80(0%), ATK IV: 15(0%), DEF IV: 42(0%), Work Speed: (0%), Skills: Noble
Chikipi, Level: 2, Rank: 1, Gender: Female, HP IV: 77(0%), ATK IV: 100(0%), DEF IV: 58(0%), Work Speed: (0%), Skills: Downtrodden
Chikipi, Level: 2, Rank: 1, Gender: Male, HP IV: 20(0%), ATK IV: 44(0%), DEF IV: 26(0%), Work Speed: (0%)
Chikipi, Level: 3, Rank: 1, Gender: Female, HP IV: 57(0%), ATK IV: 100(0%), DEF IV: 15(0%), Work Speed: (0%), Skills: Botanical Barrier
Chikipi, Level: 3, Rank: 1, Gender: Male, HP IV: 45(0%), ATK IV: 84(0%), DEF IV: 82(0%), Work Speed: (0%), Skills: Waterproof
Chikipi, Level: 3, Rank: 1, Gender: Male, HP IV: 51(0%), ATK IV: 19(0%), DEF IV: 30(0%), Work Speed: (0%), Skills: Positive Thinker, Veil of Darkness, Coward
Chikipi, Level: 3, Rank: 1, Gender: Male, HP IV: 87(0%), ATK IV: 50(0%), DEF IV: 75(0%), Work Speed: (0%), Skills: Heated Body
Chikipi, Level: 3, Rank: 1, Gender: Male, HP IV: 99(0%), ATK IV: 66(0%), DEF IV: 98(0%), Work Speed: (0%), Skills: Nimble
Chikipi, Level: 5, Rank: 1, Gender: Female, HP IV: 9(0%), ATK IV: 59(0%), DEF IV: 27(0%), Work Speed: (0%), Skills: Brave
Chikipi, Level: 5, Rank: 1, Gender: Male, HP IV: 79(0%), ATK IV: 13(0%), DEF IV: 41(0%), Work Speed: (0%), Skills: Blood of the Dragon
Cremis, Level: 4, Rank: 1, Gender: Male, HP IV: 55(0%), ATK IV: 79(0%), DEF IV: 72(0%), Work Speed: (0%), Skills: Swift
Croajiro, Level: 4, Rank: 1, Gender: Female, HP IV: 98(0%), ATK IV: 83(0%), DEF IV: 3(0%), Work Speed: (0%), Skills: Nocturnal
Croajiro, Level: 6, Rank: 1, Gender: Female, HP IV: 65(0%), ATK IV: 88(0%), DEF IV: 22(0%), Work Speed: (0%), Skills: Veil of Darkness, Capacitor
Dazemu, Level: 19, Rank: 1, Gender: Male, HP IV: 4(0%), ATK IV: 9(0%), DEF IV: 21(0%), Work Speed: (0%), Skills: Glutton
Digtoise, Level: 19, Rank: 1, Gender: Male, HP IV: 79(0%), ATK IV: 16(0%), DEF IV: 99(0%), Work Speed: (0%), Skills: Hard Skin, Destructive
Digtoise, Level: 23, Rank: 1, Gender: Female, HP IV: 99(0%), ATK IV: 46(0%), DEF IV: 87(0%), Work Speed: (0%), Skills: Hard Skin, Bottomless Stomach
Direhowl, Level: 19, Rank: 1, Gender: Male, HP IV: 12(0%), ATK IV: 88(0%), DEF IV: 12(0%), Work Speed: (0%), Skills: Sickly
Eikthyrdeer, Level: 1, Rank: 1, Gender: Male, HP IV: 12(0%), ATK IV: 8(0%), DEF IV: 55(0%), Work Speed: (0%), Skills: Fit as a Fiddle
Foxparks, Level: 17, Rank: 1, Gender: Male, HP IV: 3(0%), ATK IV: 0(0%), DEF IV: 80(0%), Work Speed: (0%)
Jolthog, Level: 6, Rank: 1, Gender: Male, HP IV: 50(0%), ATK IV: 50(0%), DEF IV: 69(0%), Work Speed: (0%), Skills: Fine Furs
Jolthog, Level: 6, Rank: 1, Gender: Male, HP IV: 52(0%), ATK IV: 16(0%), DEF IV: 93(0%), Work Speed: (0%), Skills: Suntan Lover
Lamball, Level: 2, Rank: 1, Gender: Female, HP IV: 80(0%), ATK IV: 26(0%), DEF IV: 79(0%), Work Speed: (0%), Skills: Burly Body
Lamball, Level: 3, Rank: 1, Gender: Male, HP IV: 93(0%), ATK IV: 54(0%), DEF IV: 0(0%), Work Speed: (0%), Skills: Masochist
Lovander, Level: 22, Rank: 1, Gender: Female, HP IV: 36(0%), ATK IV: 90(0%), DEF IV: 1(0%), Work Speed: (0%), Skills: Abnormal, Swift
Lovander, Level: 22, Rank: 1, Gender: Female, HP IV: 59(0%), ATK IV: 51(0%), DEF IV: 17(0%), Work Speed: (0%), Skills: Abnormal, Insulated Body
Nitewing, Level: 10, Rank: 1, Gender: Female, HP IV: 49(0%), ATK IV: 37(0%), DEF IV: 66(0%), Work Speed: (0%), Skills: Nimble
Nitewing, Level: 20, Rank: 1, Gender: Male, HP IV: 9(0%), ATK IV: 100(0%), DEF IV: 38(0%), Work Speed: (0%), Skills: Clumsy
Pengullet, Level: 3, Rank: 1, Gender: Male, HP IV: 44(0%), ATK IV: 73(0%), DEF IV: 4(0%), Work Speed: (0%), Skills: Suntan Lover, Aggressive
Rayhound, Level: 1, Rank: 1, Gender: Female, HP IV: 61(0%), ATK IV: 25(0%), DEF IV: 39(0%), Work Speed: (0%), Skills: Workaholic
Sparkit, Level: 15, Rank: 1, Gender: Male, HP IV: 21(0%), ATK IV: 78(0%), DEF IV: 21(0%), Work Speed: (0%), Skills: Fragrant Foliage, Destructive, Stronghold Strategist, Serenity
Tanzee, Level: 5, Rank: 1, Gender: Female, HP IV: 59(0%), ATK IV: 69(0%), DEF IV: 10(0%), Work Speed: (0%), Skills: Sickly
Tanzee, Level: 5, Rank: 1, Gender: Male, HP IV: 68(0%), ATK IV: 42(0%), DEF IV: 27(0%), Work Speed: (0%), Skills: Impatient
Tanzee, Level: 9, Rank: 1, Gender: Male, HP IV: 14(0%), ATK IV: 45(0%), DEF IV: 2(0%), Work Speed: (0%), Skills: Serenity
