Blayze's 36 Pals
----------------
Alpha Azurobe, Level: 17, Rank: 1, Gender: Male, HP IV: 51(0%), ATK IV: 86(0%), DEF IV: 95(0%), Work Speed: (0%), Skills: Artisan
Alpha Fuddler, Level: 11, Rank: 1, Gender: Female, HP IV: 60(0%), ATK IV: 81(0%), DEF IV: 82(0%), Work Speed: (0%), Skills: Suntan Lover
Alpha Jolthog, Level: 10, Rank: 1, Gender: Female, HP IV: 76(0%), ATK IV: 96(0%), DEF IV: 78(0%), Work Speed: (0%), Skills: Dragonkiller
Alpha Penking, Level: 15, Rank: 1, Gender: Female, HP IV: 67(0%), ATK IV: 89(0%), DEF IV: 73(0%), Work Speed: (0%), Skills: Earthquake Resistant
Alpha Tombat, Level: 12, Rank: 1, Gender: Male, HP IV: 100(0%), ATK IV: 54(0%), DEF IV: 96(0%), Work Speed: (0%), Skills: Musclehead
Alpha Tombat, Level: 14, Rank: 1, Gender: Male, HP IV: 55(0%), ATK IV: 98(0%), DEF IV: 69(0%), Work Speed: (0%), Skills: Waterproof, Hydromaniac
Broncherry, Level: 19, Rank: 1, Gender: Male, HP IV: 10(0%), ATK IV: 16(0%), DEF IV: 94(0%), Work Speed: (0%), Skills: Botanical Barrier
Cawgnito, Level: 11, Rank: 1, Gender: Female, HP IV: 14(0%), ATK IV: 36(0%), DEF IV: 15(0%), Work Speed: (0%), Skills: Earthquake Resistant, Veil of Darkness, Positive Thinker
Chillet, Level: 16, Rank: 1, Gender: Male, HP IV: 76(0%), ATK IV: 72(0%), DEF IV: 62(0%), Work Speed: (0%), Skills: Philantropist
Croajiro, Level: 12, Rank: 1, Gender: Male, HP IV: 69(0%), ATK IV: 59(0%), DEF IV: 60(0%), Work Speed: (0%), Skills: Dragonkiller
Daedream, Level: 4, Rank: 1, Gender: Female, HP IV: 56(0%), ATK IV: 60(0%), DEF IV: 56(0%), Work Speed: (0%)
Depresso, Level: 12, Rank: 1, Gender: Female, HP IV: 51(0%), ATK IV: 70(0%), DEF IV: 19(0%), Work Speed: (0%), Skills: Shabby
Direhowl, Level: 7, Rank: 1, Gender: Female, HP IV: 73(0%), ATK IV: 90(0%), DEF IV: 41(0%), Work Speed: (0%), Skills: Zen Mind, Fine Furs, Conceited
Eikthyrdeer, Level: 11, Rank: 1, Gender: Female, HP IV: 55(0%), ATK IV: 73(0%), DEF IV: 41(0%), Work Speed: (0%), Skills: Serenity
Flopie, Level: 12, Rank: 1, Gender: Male, HP IV: 25(0%), ATK IV: 79(0%), DEF IV: 89(0%), Work Speed: (0%), Skills: Noble
Foxparks, Level: 3, Rank: 1, Gender: Male, HP IV: 93(0%), ATK IV: 9(0%), DEF IV: 61(0%), Work Speed: (0%), Skills: Nimble
Galeclaw, Level: 2, Rank: 1, Gender: Female, HP IV: 20(0%), ATK IV: 17(0%), DEF IV: 71(0%), Work Speed: (0%), Skills: Suntan Lover
Katress, Level: 27, Rank: 1, Gender: Female, HP IV: 34(0%), ATK IV: 3(0%), DEF IV: 100(0%), Work Speed: (0%), Skills: Glutton
Kitsun, Level: 24, Rank: 1, Gender: Female, HP IV: 86(0%), ATK IV: 70(0%), DEF IV: 21(0%), Work Speed: (0%), Skills: Abnormal
Loupmoon, Level: 9, Rank: 1, Gender: Female, HP IV: 73(0%), ATK IV: 6(0%), DEF IV: 100(0%), Work Speed: (0%), Skills: Artisan
Menasting, Level: 25, Rank: 1, Gender: Female, HP IV: 13(0%), ATK IV: 33(0%), DEF IV: 30(0%), Work Speed: (0%), Skills: Waterproof
Mozzarina, Level: 10, Rank: 1, Gender: Female, HP IV: 61(0%), ATK IV: 66(0%), DEF IV: 91(0%), Work Speed: (0%), Skills: Sickly
Nitewing, Level: 20, Rank: 1, Gender: Female, HP IV: 12(0%), ATK IV: 8(0%), DEF IV: 95(0%), Work Speed: (0%)
Nox, Level: 1, Rank: 1, Gender: Female, HP IV: 22(0%), ATK IV: 21(0%), DEF IV: 92(0%), Work Speed: (0%), Skills: Impatient
Nox, Level: 1, Rank: 1, Gender: Male, HP IV: 96(0%), ATK IV: 18(0%), DEF IV: 89(0%), Work Speed: (0%), Skills: Coward
Nox, Level: 3, Rank: 1, Gender: Female, HP IV: 11(0%), ATK IV: 22(0%), DEF IV: 96(0%), Work Speed: (0%), Skills: Sadist
Pyrin Noct, Level: 13, Rank: 1, Gender: Female, HP IV: 53(0%), ATK IV: 32(0%), DEF IV: 53(0%), Work Speed: (0%), Skills: Abnormal
Rayhound, Level: 20, Rank: 1, Gender: Male, HP IV: 34(0%), ATK IV: 40(0%), DEF IV: 100(0%), Work Speed: (0%), Skills: Capacitor
Reptyro, Level: 1, Rank: 1, Gender: Male, HP IV: 57(0%), ATK IV: 91(0%), DEF IV: 41(0%), Work Speed: (0%), Skills: Diet Lover
Sparkit, Level: 3, Rank: 1, Gender: Male, HP IV: 56(0%), ATK IV: 40(0%), DEF IV: 50(0%), Work Speed: (0%)
Surfent, Level: 8, Rank: 1, Gender: Female, HP IV: 49(0%), ATK IV: 62(0%), DEF IV: 25(0%), Work Speed: (0%), Skills: Workaholic
Tanzee, Level: 12, Rank: 1, Gender: Female, HP IV: 9(0%), ATK IV: 69(0%), DEF IV: 20(0%), Work Speed: (0%)
Tanzee, Level: 6, Rank: 1, Gender: Female, HP IV: 97(0%), ATK IV: 23(0%), DEF IV: 87(0%), Work Speed: (0%), Skills: Earthquake Resistant
Vanwyrm, Level: 12, Rank: 1, Gender: Female, HP IV: 55(0%), ATK IV: 55(0%), DEF IV: 72(0%), Work Speed: (0%), Skills: Serious
Verdash, Level: 20, Rank: 1, Gender: Male, HP IV: 15(0%), ATK IV: 1(0%), DEF IV: 10(0%), Work Speed: (0%)
Vixy, Level: 4, Rank: 1, Gender: Female, HP IV: 11(0%), ATK IV: 28(0%), DEF IV: 62(0%), Work Speed: (0%)
Blayze's 36 Pals
----------------
Alpha Azurobe, Level: 17, Rank: 1, Gender: Male, HP IV: 51(0%), ATK IV: 86(0%), DEF IV: 95(0%), Work Speed: (0%), Skills: Artisan
Alpha Fuddler, Level: 11, Rank: 1, Gender: Female, HP IV: 60(0%), ATK IV: 81(0%), DEF IV: 82(0%), Work Speed: (0%), Skills: Suntan Lover
Alpha Jolthog, Level: 10, Rank: 1, Gender: Female, HP IV: 76(0%), ATK IV: 96(0%), DEF IV: 78(0%), Work Speed: (0%), Skills: Dragonkiller
Alpha Penking, Level: 15, Rank: 1, Gender: Female, HP IV: 67(0%), ATK IV: 89(0%), DEF IV: 73(0%), Work Speed: (0%), Skills: Earthquake Resistant
Alpha Tombat, Level: 12, Rank: 1, Gender: Male, HP IV: 100(0%), ATK IV: 54(0%), DEF IV: 96(0%), Work Speed: (0%), Skills: Musclehead
Alpha Tombat, Level: 14, Rank: 1, Gender: Male, HP IV: 55(0%), ATK IV: 98(0%), DEF IV: 69(0%), Work Speed: (0%), Skills: Waterproof, Hydromaniac
Broncherry, Level: 19, Rank: 1, Gender: Male, HP IV: 10(0%), ATK IV: 16(0%), DEF IV: 94(0%), Work Speed: (0%), Skills: Botanical Barrier
Cawgnito, Level: 11, Rank: 1, Gender: Female, HP IV: 14(0%), ATK IV: 36(0%), DEF IV: 15(0%), Work Speed: (0%), Skills: Earthquake Resistant, Veil of Darkness, Positive Thinker
Chillet, Level: 16, Rank: 1, Gender: Male, HP IV: 76(0%), ATK IV: 72(0%), DEF IV: 62(0%), Work Speed: (0%), Skills: Philantropist
Croajiro, Level: 12, Rank: 1, Gender: Male, HP IV: 69(0%), ATK IV: 59(0%), DEF IV: 60(0%), Work Speed: (0%), Skills: Dragonkiller
Daedream, Level: 4, Rank: 1, Gender: Female, HP IV: 56(0%), ATK IV: 60(0%), DEF IV: 56(0%), Work Speed: (0%)
Depresso, Level: 12, Rank: 1, Gender: Female, HP IV: 51(0%), ATK IV: 70(0%), DEF IV: 19(0%), Work Speed: (0%), Skills: Shabby
Direhowl, Level: 7, Rank: 1, Gender: Female, HP IV: 73(0%), ATK IV: 90(0%), DEF IV: 41(0%), Work Speed: (0%), Skills: Zen Mind, Fine Furs, Conceited
Eikthyrdeer, Level: 11, Rank: 1, Gender: Female, HP IV: 55(0%), ATK IV: 73(0%), DEF IV: 41(0%), Work Speed: (0%), Skills: Serenity
Flopie, Level: 12, Rank: 1, Gender: Male, HP IV: 25(0%), ATK IV: 79(0%), DEF IV: 89(0%), Work Speed: (0%), Skills: Noble
Foxparks, Level: 3, Rank: 1, Gender: Male, HP IV: 93(0%), ATK IV: 9(0%), DEF IV: 61(0%), Work Speed: (0%), Skills: Nimble
Galeclaw, Level: 2, Rank: 1, Gender: Female, HP IV: 20(0%), ATK IV: 17(0%), DEF IV: 71(0%), Work Speed: (0%), Skills: Suntan Lover
Katress, Level: 27, Rank: 1, Gender: Female, HP IV: 34(0%), ATK IV: 3(0%), DEF IV: 100(0%), Work Speed: (0%), Skills: Glutton
Kitsun, Level: 24, Rank: 1, Gender: Female, HP IV: 86(0%), ATK IV: 70(0%), DEF IV: 21(0%), Work Speed: (0%), Skills: Abnormal
Loupmoon, Level: 9, Rank: 1, Gender: Female, HP IV: 73(0%), ATK IV: 6(0%), DEF IV: 100(0%), Work Speed: (0%), Skills: Artisan
Menasting, Level: 25, Rank: 1, Gender: Female, HP IV: 13(0%), ATK IV: 33(0%), DEF IV: 30(0%), Work Speed: (0%), Skills: Waterproof
Mozzarina, Level: 10, Rank: 1, Gender: Female, HP IV: 61(0%), ATK IV: 66(0%), DEF IV: 91(0%), Work Speed: (0%), Skills: Sickly
Nitewing, Level: 20, Rank: 1, Gender: Female, HP IV: 12(0%), ATK IV: 8(0%), DEF IV: 95(0%), Work Speed: (0%)
Nox, Level: 1, Rank: 1, Gender: Female, HP IV: 22(0%), ATK IV: 21(0%), DEF IV: 92(0%), Work Speed: (0%), Skills: Impatient
Nox, Level: 1, Rank: 1, Gender: Male, HP IV: 96(0%), ATK IV: 18(0%), DEF IV: 89(0%), Work Speed: (0%), Skills: Coward
Nox, Level: 3, Rank: 1, Gender: Female, HP IV: 11(0%), ATK IV: 22(0%), DEF IV: 96(0%), Work Speed: (0%), Skills: Sadist
Pyrin Noct, Level: 13, Rank: 1, Gender: Female, HP IV: 53(0%), ATK IV: 32(0%), DEF IV: 53(0%), Work Speed: (0%), Skills: Abnormal
Rayhound, Level: 20, Rank: 1, Gender: Male, HP IV: 34(0%), ATK IV: 40(0%), DEF IV: 100(0%), Work Speed: (0%), Skills: Capacitor
Reptyro, Level: 1, Rank: 1, Gender: Male, HP IV: 57(0%), ATK IV: 91(0%), DEF IV: 41(0%), Work Speed: (0%), Skills: Diet Lover
Sparkit, Level: 3, Rank: 1, Gender: Male, HP IV: 56(0%), ATK IV: 40(0%), DEF IV: 50(0%), Work Speed: (0%)
Surfent, Level: 8, Rank: 1, Gender: Female, HP IV: 49(0%), ATK IV: 62(0%), DEF IV: 25(0%), Work Speed: (0%), Skills: Workaholic
Tanzee, Level: 12, Rank: 1, Gender: Female, HP IV: 9(0%), ATK IV: 69(0%), DEF IV: 20(0%), Work Speed: (0%)
Tanzee, Level: 6, Rank: 1, Gender: Female, HP IV: 97(0%), ATK IV: 23(0%), DEF IV: 87(0%), Work Speed: (0%), Skills: Earthquake Resistant
Vanwyrm, Level: 12, Rank: 1, Gender: Female, HP IV: 55(0%), ATK IV: 55(0%), DEF IV: 72(0%), Work Speed: (0%), Skills: Serious
Verdash, Level: 20, Rank: 1, Gender: Male, HP IV: 15(0%), ATK IV: 1(0%), DEF IV: 10(0%), Work Speed: (0%)
Vixy, Level: 4, Rank: 1, Gender: Female, HP IV: 11(0%), ATK IV: 28(0%), DEF IV: 62(0%), Work Speed: (0%)
Blayze's 36 Pals
----------------
Alpha Azurobe, Level: 17, Rank: 1, Gender: Male, HP IV: 51(0%), ATK IV: 86(0%), DEF IV: 95(0%), Work Speed: (0%), Skills: Artisan
Alpha Fuddler, Level: 11, Rank: 1, Gender: Female, HP IV: 60(0%), ATK IV: 81(0%), DEF IV: 82(0%), Work Speed: (0%), Skills: Suntan Lover
Alpha Jolthog, Level: 10, Rank: 1, Gender: Female, HP IV: 76(0%), ATK IV: 96(0%), DEF IV: 78(0%), Work Speed: (0%), Skills: Dragonkiller
Alpha Penking, Level: 15, Rank: 1, Gender: Female, HP IV: 67(0%), ATK IV: 89(0%), DEF IV: 73(0%), Work Speed: (0%), Skills: Earthquake Resistant
Alpha Tombat, Level: 12, Rank: 1, Gender: Male, HP IV: 100(0%), ATK IV: 54(0%), DEF IV: 96(0%), Work Speed: (0%), Skills: Musclehead
Alpha Tombat, Level: 14, Rank: 1, Gender: Male, HP IV: 55(0%), ATK IV: 98(0%), DEF IV: 69(0%), Work Speed: (0%), Skills: Waterproof, Hydromaniac
Broncherry, Level: 19, Rank: 1, Gender: Male, HP IV: 10(0%), ATK IV: 16(0%), DEF IV: 94(0%), Work Speed: (0%), Skills: Botanical Barrier
Cawgnito, Level: 11, Rank: 1, Gender: Female, HP IV: 14(0%), ATK IV: 36(0%), DEF IV: 15(0%), Work Speed: (0%), Skills: Earthquake Resistant, Veil of Darkness, Positive Thinker
Chillet, Level: 16, Rank: 1, Gender: Male, HP IV: 76(0%), ATK IV: 72(0%), DEF IV: 62(0%), Work Speed: (0%), Skills: Philantropist
Croajiro, Level: 12, Rank: 1, Gender: Male, HP IV: 69(0%), ATK IV: 59(0%), DEF IV: 60(0%), Work Speed: (0%), Skills: Dragonkiller
Daedream, Level: 4, Rank: 1, Gender: Female, HP IV: 56(0%), ATK IV: 60(0%), DEF IV: 56(0%), Work Speed: (0%)
Depresso, Level: 12, Rank: 1, Gender: Female, HP IV: 51(0%), ATK IV: 70(0%), DEF IV: 19(0%), Work Speed: (0%), Skills: Shabby
Direhowl, Level: 7, Rank: 1, Gender: Female, HP IV: 73(0%), ATK IV: 90(0%), DEF IV: 41(0%), Work Speed: (0%), Skills: Zen Mind, Fine Furs, Conceited
Eikthyrdeer, Level: 11, Rank: 1, Gender: Female, HP IV: 55(0%), ATK IV: 73(0%), DEF IV: 41(0%), Work Speed: (0%), Skills: Serenity
Flopie, Level: 12, Rank: 1, Gender: Male, HP IV: 25(0%), ATK IV: 79(0%), DEF IV: 89(0%), Work Speed: (0%), Skills: Noble
Foxparks, Level: 3, Rank: 1, Gender: Male, HP IV: 93(0%), ATK IV: 9(0%), DEF IV: 61(0%), Work Speed: (0%), Skills: Nimble
Galeclaw, Level: 2, Rank: 1, Gender: Female, HP IV: 20(0%), ATK IV: 17(0%), DEF IV: 71(0%), Work Speed: (0%), Skills: Suntan Lover
Katress, Level: 27, Rank: 1, Gender: Female, HP IV: 34(0%), ATK IV: 3(0%), DEF IV: 100(0%), Work Speed: (0%), Skills: Glutton
Kitsun, Level: 24, Rank: 1, Gender: Female, HP IV: 86(0%), ATK IV: 70(0%), DEF IV: 21(0%), Work Speed: (0%), Skills: Abnormal
Loupmoon, Level: 9, Rank: 1, Gender: Female, HP IV: 73(0%), ATK IV: 6(0%), DEF IV: 100(0%), Work Speed: (0%), Skills: Artisan
Menasting, Level: 25, Rank: 1, Gender: Female, HP IV: 13(0%), ATK IV: 33(0%), DEF IV: 30(0%), Work Speed: (0%), Skills: Waterproof
Mozzarina, Level: 10, Rank: 1, Gender: Female, HP IV: 61(0%), ATK IV: 66(0%), DEF IV: 91(0%), Work Speed: (0%), Skills: Sickly
Nitewing, Level: 20, Rank: 1, Gender: Female, HP IV: 12(0%), ATK IV: 8(0%), DEF IV: 95(0%), Work Speed: (0%)
Nox, Level: 1, Rank: 1, Gender: Female, HP IV: 22(0%), ATK IV: 21(0%), DEF IV: 92(0%), Work Speed: (0%), Skills: Impatient
Nox, Level: 1, Rank: 1, Gender: Male, HP IV: 96(0%), ATK IV: 18(0%), DEF IV: 89(0%), Work Speed: (0%), Skills: Coward
Nox, Level: 3, Rank: 1, Gender: Female, HP IV: 11(0%), ATK IV: 22(0%), DEF IV: 96(0%), Work Speed: (0%), Skills: Sadist
Pyrin Noct, Level: 13, Rank: 1, Gender: Female, HP IV: 53(0%), ATK IV: 32(0%), DEF IV: 53(0%), Work Speed: (0%), Skills: Abnormal
Rayhound, Level: 20, Rank: 1, Gender: Male, HP IV: 34(0%), ATK IV: 40(0%), DEF IV: 100(0%), Work Speed: (0%), Skills: Capacitor
Reptyro, Level: 1, Rank: 1, Gender: Male, HP IV: 57(0%), ATK IV: 91(0%), DEF IV: 41(0%), Work Speed: (0%), Skills: Diet Lover
Sparkit, Level: 3, Rank: 1, Gender: Male, HP IV: 56(0%), ATK IV: 40(0%), DEF IV: 50(0%), Work Speed: (0%)
Surfent, Level: 8, Rank: 1, Gender: Female, HP IV: 49(0%), ATK IV: 62(0%), DEF IV: 25(0%), Work Speed: (0%), Skills: Workaholic
Tanzee, Level: 12, Rank: 1, Gender: Female, HP IV: 9(0%), ATK IV: 69(0%), DEF IV: 20(0%), Work Speed: (0%)
Tanzee, Level: 6, Rank: 1, Gender: Female, HP IV: 97(0%), ATK IV: 23(0%), DEF IV: 87(0%), Work Speed: (0%), Skills: Earthquake Resistant
Vanwyrm, Level: 12, Rank: 1, Gender: Female, HP IV: 55(0%), ATK IV: 55(0%), DEF IV: 72(0%), Work Speed: (0%), Skills: Serious
Verdash, Level: 20, Rank: 1, Gender: Male, HP IV: 15(0%), ATK IV: 1(0%), DEF IV: 10(0%), Work Speed: (0%)
Vixy, Level: 4, Rank: 1, Gender: Female, HP IV: 11(0%), ATK IV: 28(0%), DEF IV: 62(0%), Work Speed: (0%)
Blayze's 36 Pals
----------------
Alpha Azurobe, Level: 17, Rank: 1, Gender: Male, HP IV: 51(0%), ATK IV: 86(0%), DEF IV: 95(0%), Work Speed: (0%), Skills: Artisan
Alpha Fuddler, Level: 11, Rank: 1, Gender: Female, HP IV: 60(0%), ATK IV: 81(0%), DEF IV: 82(0%), Work Speed: (0%), Skills: Suntan Lover
Alpha Jolthog, Level: 10, Rank: 1, Gender: Female, HP IV: 76(0%), ATK IV: 96(0%), DEF IV: 78(0%), Work Speed: (0%), Skills: Dragonkiller
Alpha Penking, Level: 15, Rank: 1, Gender: Female, HP IV: 67(0%), ATK IV: 89(0%), DEF IV: 73(0%), Work Speed: (0%), Skills: Earthquake Resistant
Alpha Tombat, Level: 12, Rank: 1, Gender: Male, HP IV: 100(0%), ATK IV: 54(0%), DEF IV: 96(0%), Work Speed: (0%), Skills: Musclehead
Alpha Tombat, Level: 14, Rank: 1, Gender: Male, HP IV: 55(0%), ATK IV: 98(0%), DEF IV: 69(0%), Work Speed: (0%), Skills: Waterproof, Hydromaniac
Broncherry, Level: 19, Rank: 1, Gender: Male, HP IV: 10(0%), ATK IV: 16(0%), DEF IV: 94(0%), Work Speed: (0%), Skills: Botanical Barrier
Cawgnito, Level: 11, Rank: 1, Gender: Female, HP IV: 14(0%), ATK IV: 36(0%), DEF IV: 15(0%), Work Speed: (0%), Skills: Earthquake Resistant, Veil of Darkness, Positive Thinker
Chillet, Level: 16, Rank: 1, Gender: Male, HP IV: 76(0%), ATK IV: 72(0%), DEF IV: 62(0%), Work Speed: (0%), Skills: Philantropist
Croajiro, Level: 12, Rank: 1, Gender: Male, HP IV: 69(0%), ATK IV: 59(0%), DEF IV: 60(0%), Work Speed: (0%), Skills: Dragonkiller
Daedream, Level: 4, Rank: 1, Gender: Female, HP IV: 56(0%), ATK IV: 60(0%), DEF IV: 56(0%), Work Speed: (0%)
Depresso, Level: 12, Rank: 1, Gender: Female, HP IV: 51(0%), ATK IV: 70(0%), DEF IV: 19(0%), Work Speed: (0%), Skills: Shabby
Direhowl, Level: 7, Rank: 1, Gender: Female, HP IV: 73(0%), ATK IV: 90(0%), DEF IV: 41(0%), Work Speed: (0%), Skills: Zen Mind, Fine Furs, Conceited
Eikthyrdeer, Level: 11, Rank: 1, Gender: Female, HP IV: 55(0%), ATK IV: 73(0%), DEF IV: 41(0%), Work Speed: (0%), Skills: Serenity
Flopie, Level: 12, Rank: 1, Gender: Male, HP IV: 25(0%), ATK IV: 79(0%), DEF IV: 89(0%), Work Speed: (0%), Skills: Noble
Foxparks, Level: 3, Rank: 1, Gender: Male, HP IV: 93(0%), ATK IV: 9(0%), DEF IV: 61(0%), Work Speed: (0%), Skills: Nimble
Galeclaw, Level: 2, Rank: 1, Gender: Female, HP IV: 20(0%), ATK IV: 17(0%), DEF IV: 71(0%), Work Speed: (0%), Skills: Suntan Lover
Katress, Level: 27, Rank: 1, Gender: Female, HP IV: 34(0%), ATK IV: 3(0%), DEF IV: 100(0%), Work Speed: (0%), Skills: Glutton
Kitsun, Level: 24, Rank: 1, Gender: Female, HP IV: 86(0%), ATK IV: 70(0%), DEF IV: 21(0%), Work Speed: (0%), Skills: Abnormal
Loupmoon, Level: 9, Rank: 1, Gender: Female, HP IV: 73(0%), ATK IV: 6(0%), DEF IV: 100(0%), Work Speed: (0%), Skills: Artisan
Menasting, Level: 25, Rank: 1, Gender: Female, HP IV: 13(0%), ATK IV: 33(0%), DEF IV: 30(0%), Work Speed: (0%), Skills: Waterproof
Mozzarina, Level: 10, Rank: 1, Gender: Female, HP IV: 61(0%), ATK IV: 66(0%), DEF IV: 91(0%), Work Speed: (0%), Skills: Sickly
Nitewing, Level: 20, Rank: 1, Gender: Female, HP IV: 12(0%), ATK IV: 8(0%), DEF IV: 95(0%), Work Speed: (0%)
Nox, Level: 1, Rank: 1, Gender: Female, HP IV: 22(0%), ATK IV: 21(0%), DEF IV: 92(0%), Work Speed: (0%), Skills: Impatient
Nox, Level: 1, Rank: 1, Gender: Male, HP IV: 96(0%), ATK IV: 18(0%), DEF IV: 89(0%), Work Speed: (0%), Skills: Coward
Nox, Level: 3, Rank: 1, Gender: Female, HP IV: 11(0%), ATK IV: 22(0%), DEF IV: 96(0%), Work Speed: (0%), Skills: Sadist
Pyrin Noct, Level: 13, Rank: 1, Gender: Female, HP IV: 53(0%), ATK IV: 32(0%), DEF IV: 53(0%), Work Speed: (0%), Skills: Abnormal
Rayhound, Level: 20, Rank: 1, Gender: Male, HP IV: 34(0%), ATK IV: 40(0%), DEF IV: 100(0%), Work Speed: (0%), Skills: Capacitor
Reptyro, Level: 1, Rank: 1, Gender: Male, HP IV: 57(0%), ATK IV: 91(0%), DEF IV: 41(0%), Work Speed: (0%), Skills: Diet Lover
Sparkit, Level: 3, Rank: 1, Gender: Male, HP IV: 56(0%), ATK IV: 40(0%), DEF IV: 50(0%), Work Speed: (0%)
Surfent, Level: 8, Rank: 1, Gender: Female, HP IV: 49(0%), ATK IV: 62(0%), DEF IV: 25(0%), Work Speed: (0%), Skills: Workaholic
Tanzee, Level: 12, Rank: 1, Gender: Female, HP IV: 9(0%), ATK IV: 69(0%), DEF IV: 20(0%), Work Speed: (0%)
Tanzee, Level: 6, Rank: 1, Gender: Female, HP IV: 97(0%), ATK IV: 23(0%), DEF IV: 87(0%), Work Speed: (0%), Skills: Earthquake Resistant
Vanwyrm, Level: 12, Rank: 1, Gender: Female, HP IV: 55(0%), ATK IV: 55(0%), DEF IV: 72(0%), Work Speed: (0%), Skills: Serious
Verdash, Level: 20, Rank: 1, Gender: Male, HP IV: 15(0%), ATK IV: 1(0%), DEF IV: 10(0%), Work Speed: (0%)
Vixy, Level: 4, Rank: 1, Gender: Female, HP IV: 11(0%), ATK IV: 28(0%), DEF IV: 62(0%), Work Speed: (0%)
Blayze's 36 Pals
----------------
Alpha Azurobe, Level: 17, Rank: 1, Gender: Male, HP IV: 51(0%), ATK IV: 86(0%), DEF IV: 95(0%), Work Speed: (0%), Skills: Artisan
Alpha Fuddler, Level: 11, Rank: 1, Gender: Female, HP IV: 60(0%), ATK IV: 81(0%), DEF IV: 82(0%), Work Speed: (0%), Skills: Suntan Lover
Alpha Jolthog, Level: 10, Rank: 1, Gender: Female, HP IV: 76(0%), ATK IV: 96(0%), DEF IV: 78(0%), Work Speed: (0%), Skills: Dragonkiller
Alpha Penking, Level: 15, Rank: 1, Gender: Female, HP IV: 67(0%), ATK IV: 89(0%), DEF IV: 73(0%), Work Speed: (0%), Skills: Earthquake Resistant
Alpha Tombat, Level: 12, Rank: 1, Gender: Male, HP IV: 100(0%), ATK IV: 54(0%), DEF IV: 96(0%), Work Speed: (0%), Skills: Musclehead
Alpha Tombat, Level: 14, Rank: 1, Gender: Male, HP IV: 55(0%), ATK IV: 98(0%), DEF IV: 69(0%), Work Speed: (0%), Skills: Waterproof, Hydromaniac
Broncherry, Level: 19, Rank: 1, Gender: Male, HP IV: 10(0%), ATK IV: 16(0%), DEF IV: 94(0%), Work Speed: (0%), Skills: Botanical Barrier
Cawgnito, Level: 11, Rank: 1, Gender: Female, HP IV: 14(0%), ATK IV: 36(0%), DEF IV: 15(0%), Work Speed: (0%), Skills: Earthquake Resistant, Veil of Darkness, Positive Thinker
Chillet, Level: 16, Rank: 1, Gender: Male, HP IV: 76(0%), ATK IV: 72(0%), DEF IV: 62(0%), Work Speed: (0%), Skills: Philantropist
Croajiro, Level: 12, Rank: 1, Gender: Male, HP IV: 69(0%), ATK IV: 59(0%), DEF IV: 60(0%), Work Speed: (0%), Skills: Dragonkiller
Daedream, Level: 4, Rank: 1, Gender: Female, HP IV: 56(0%), ATK IV: 60(0%), DEF IV: 56(0%), Work Speed: (0%)
Depresso, Level: 12, Rank: 1, Gender: Female, HP IV: 51(0%), ATK IV: 70(0%), DEF IV: 19(0%), Work Speed: (0%), Skills: Shabby
Direhowl, Level: 7, Rank: 1, Gender: Female, HP IV: 73(0%), ATK IV: 90(0%), DEF IV: 41(0%), Work Speed: (0%), Skills: Zen Mind, Fine Furs, Conceited
Eikthyrdeer, Level: 11, Rank: 1, Gender: Female, HP IV: 55(0%), ATK IV: 73(0%), DEF IV: 41(0%), Work Speed: (0%), Skills: Serenity
Flopie, Level: 12, Rank: 1, Gender: Male, HP IV: 25(0%), ATK IV: 79(0%), DEF IV: 89(0%), Work Speed: (0%), Skills: Noble
Foxparks, Level: 3, Rank: 1, Gender: Male, HP IV: 93(0%), ATK IV: 9(0%), DEF IV: 61(0%), Work Speed: (0%), Skills: Nimble
Galeclaw, Level: 2, Rank: 1, Gender: Female, HP IV: 20(0%), ATK IV: 17(0%), DEF IV: 71(0%), Work Speed: (0%), Skills: Suntan Lover
Katress, Level: 27, Rank: 1, Gender: Female, HP IV: 34(0%), ATK IV: 3(0%), DEF IV: 100(0%), Work Speed: (0%), Skills: Glutton
Kitsun, Level: 24, Rank: 1, Gender: Female, HP IV: 86(0%), ATK IV: 70(0%), DEF IV: 21(0%), Work Speed: (0%), Skills: Abnormal
Loupmoon, Level: 9, Rank: 1, Gender: Female, HP IV: 73(0%), ATK IV: 6(0%), DEF IV: 100(0%), Work Speed: (0%), Skills: Artisan
Menasting, Level: 25, Rank: 1, Gender: Female, HP IV: 13(0%), ATK IV: 33(0%), DEF IV: 30(0%), Work Speed: (0%), Skills: Waterproof
Mozzarina, Level: 10, Rank: 1, Gender: Female, HP IV: 61(0%), ATK IV: 66(0%), DEF IV: 91(0%), Work Speed: (0%), Skills: Sickly
Nitewing, Level: 20, Rank: 1, Gender: Female, HP IV: 12(0%), ATK IV: 8(0%), DEF IV: 95(0%), Work Speed: (0%)
Nox, Level: 1, Rank: 1, Gender: Female, HP IV: 22(0%), ATK IV: 21(0%), DEF IV: 92(0%), Work Speed: (0%), Skills: Impatient
Nox, Level: 1, Rank: 1, Gender: Male, HP IV: 96(0%), ATK IV: 18(0%), DEF IV: 89(0%), Work Speed: (0%), Skills: Coward
Nox, Level: 3, Rank: 1, Gender: Female, HP IV: 11(0%), ATK IV: 22(0%), DEF IV: 96(0%), Work Speed: (0%), Skills: Sadist
Pyrin Noct, Level: 13, Rank: 1, Gender: Female, HP IV: 53(0%), ATK IV: 32(0%), DEF IV: 53(0%), Work Speed: (0%), Skills: Abnormal
Rayhound, Level: 20, Rank: 1, Gender: Male, HP IV: 34(0%), ATK IV: 40(0%), DEF IV: 100(0%), Work Speed: (0%), Skills: Capacitor
Reptyro, Level: 1, Rank: 1, Gender: Male, HP IV: 57(0%), ATK IV: 91(0%), DEF IV: 41(0%), Work Speed: (0%), Skills: Diet Lover
Sparkit, Level: 3, Rank: 1, Gender: Male, HP IV: 56(0%), ATK IV: 40(0%), DEF IV: 50(0%), Work Speed: (0%)
Surfent, Level: 8, Rank: 1, Gender: Female, HP IV: 49(0%), ATK IV: 62(0%), DEF IV: 25(0%), Work Speed: (0%), Skills: Workaholic
Tanzee, Level: 12, Rank: 1, Gender: Female, HP IV: 9(0%), ATK IV: 69(0%), DEF IV: 20(0%), Work Speed: (0%)
Tanzee, Level: 6, Rank: 1, Gender: Female, HP IV: 97(0%), ATK IV: 23(0%), DEF IV: 87(0%), Work Speed: (0%), Skills: Earthquake Resistant
Vanwyrm, Level: 12, Rank: 1, Gender: Female, HP IV: 55(0%), ATK IV: 55(0%), DEF IV: 72(0%), Work Speed: (0%), Skills: Serious
Verdash, Level: 20, Rank: 1, Gender: Male, HP IV: 15(0%), ATK IV: 1(0%), DEF IV: 10(0%), Work Speed: (0%)
Vixy, Level: 4, Rank: 1, Gender: Female, HP IV: 11(0%), ATK IV: 28(0%), DEF IV: 62(0%), Work Speed: (0%)
Blayze's 36 Pals
----------------
Alpha Azurobe, Level: 17, Rank: 1, Gender: Male, HP IV: 51(0%), ATK IV: 86(0%), DEF IV: 95(0%), Work Speed: (0%), Skills: Artisan
Alpha Fuddler, Level: 11, Rank: 1, Gender: Female, HP IV: 60(0%), ATK IV: 81(0%), DEF IV: 82(0%), Work Speed: (0%), Skills: Suntan Lover
Alpha Jolthog, Level: 10, Rank: 1, Gender: Female, HP IV: 76(0%), ATK IV: 96(0%), DEF IV: 78(0%), Work Speed: (0%), Skills: Dragonkiller
Alpha Penking, Level: 15, Rank: 1, Gender: Female, HP IV: 67(0%), ATK IV: 89(0%), DEF IV: 73(0%), Work Speed: (0%), Skills: Earthquake Resistant
Alpha Tombat, Level: 12, Rank: 1, Gender: Male, HP IV: 100(0%), ATK IV: 54(0%), DEF IV: 96(0%), Work Speed: (0%), Skills: Musclehead
Alpha Tombat, Level: 14, Rank: 1, Gender: Male, HP IV: 55(0%), ATK IV: 98(0%), DEF IV: 69(0%), Work Speed: (0%), Skills: Waterproof, Hydromaniac
Broncherry, Level: 19, Rank: 1, Gender: Male, HP IV: 10(0%), ATK IV: 16(0%), DEF IV: 94(0%), Work Speed: (0%), Skills: Botanical Barrier
Cawgnito, Level: 11, Rank: 1, Gender: Female, HP IV: 14(0%), ATK IV: 36(0%), DEF IV: 15(0%), Work Speed: (0%), Skills: Earthquake Resistant, Veil of Darkness, Positive Thinker
Chillet, Level: 16, Rank: 1, Gender: Male, HP IV: 76(0%), ATK IV: 72(0%), DEF IV: 62(0%), Work Speed: (0%), Skills: Philantropist
Croajiro, Level: 12, Rank: 1, Gender: Male, HP IV: 69(0%), ATK IV: 59(0%), DEF IV: 60(0%), Work Speed: (0%), Skills: Dragonkiller
Daedream, Level: 4, Rank: 1, Gender: Female, HP IV: 56(0%), ATK IV: 60(0%), DEF IV: 56(0%), Work Speed: (0%)
Depresso, Level: 12, Rank: 1, Gender: Female, HP IV: 51(0%), ATK IV: 70(0%), DEF IV: 19(0%), Work Speed: (0%), Skills: Shabby
Direhowl, Level: 7, Rank: 1, Gender: Female, HP IV: 73(0%), ATK IV: 90(0%), DEF IV: 41(0%), Work Speed: (0%), Skills: Zen Mind, Fine Furs, Conceited
Eikthyrdeer, Level: 11, Rank: 1, Gender: Female, HP IV: 55(0%), ATK IV: 73(0%), DEF IV: 41(0%), Work Speed: (0%), Skills: Serenity
Flopie, Level: 12, Rank: 1, Gender: Male, HP IV: 25(0%), ATK IV: 79(0%), DEF IV: 89(0%), Work Speed: (0%), Skills: Noble
Foxparks, Level: 3, Rank: 1, Gender: Male, HP IV: 93(0%), ATK IV: 9(0%), DEF IV: 61(0%), Work Speed: (0%), Skills: Nimble
Galeclaw, Level: 2, Rank: 1, Gender: Female, HP IV: 20(0%), ATK IV: 17(0%), DEF IV: 71(0%), Work Speed: (0%), Skills: Suntan Lover
Katress, Level: 27, Rank: 1, Gender: Female, HP IV: 34(0%), ATK IV: 3(0%), DEF IV: 100(0%), Work Speed: (0%), Skills: Glutton
Kitsun, Level: 24, Rank: 1, Gender: Female, HP IV: 86(0%), ATK IV: 70(0%), DEF IV: 21(0%), Work Speed: (0%), Skills: Abnormal
Loupmoon, Level: 9, Rank: 1, Gender: Female, HP IV: 73(0%), ATK IV: 6(0%), DEF IV: 100(0%), Work Speed: (0%), Skills: Artisan
Menasting, Level: 25, Rank: 1, Gender: Female, HP IV: 13(0%), ATK IV: 33(0%), DEF IV: 30(0%), Work Speed: (0%), Skills: Waterproof
Mozzarina, Level: 10, Rank: 1, Gender: Female, HP IV: 61(0%), ATK IV: 66(0%), DEF IV: 91(0%), Work Speed: (0%), Skills: Sickly
Nitewing, Level: 20, Rank: 1, Gender: Female, HP IV: 12(0%), ATK IV: 8(0%), DEF IV: 95(0%), Work Speed: (0%)
Nox, Level: 1, Rank: 1, Gender: Female, HP IV: 22(0%), ATK IV: 21(0%), DEF IV: 92(0%), Work Speed: (0%), Skills: Impatient
Nox, Level: 1, Rank: 1, Gender: Male, HP IV: 96(0%), ATK IV: 18(0%), DEF IV: 89(0%), Work Speed: (0%), Skills: Coward
Nox, Level: 3, Rank: 1, Gender: Female, HP IV: 11(0%), ATK IV: 22(0%), DEF IV: 96(0%), Work Speed: (0%), Skills: Sadist
Pyrin Noct, Level: 13, Rank: 1, Gender: Female, HP IV: 53(0%), ATK IV: 32(0%), DEF IV: 53(0%), Work Speed: (0%), Skills: Abnormal
Rayhound, Level: 20, Rank: 1, Gender: Male, HP IV: 34(0%), ATK IV: 40(0%), DEF IV: 100(0%), Work Speed: (0%), Skills: Capacitor
Reptyro, Level: 1, Rank: 1, Gender: Male, HP IV: 57(0%), ATK IV: 91(0%), DEF IV: 41(0%), Work Speed: (0%), Skills: Diet Lover
Sparkit, Level: 3, Rank: 1, Gender: Male, HP IV: 56(0%), ATK IV: 40(0%), DEF IV: 50(0%), Work Speed: (0%)
Surfent, Level: 8, Rank: 1, Gender: Female, HP IV: 49(0%), ATK IV: 62(0%), DEF IV: 25(0%), Work Speed: (0%), Skills: Workaholic
Tanzee, Level: 12, Rank: 1, Gender: Female, HP IV: 9(0%), ATK IV: 69(0%), DEF IV: 20(0%), Work Speed: (0%)
Tanzee, Level: 6, Rank: 1, Gender: Female, HP IV: 97(0%), ATK IV: 23(0%), DEF IV: 87(0%), Work Speed: (0%), Skills: Earthquake Resistant
Vanwyrm, Level: 12, Rank: 1, Gender: Female, HP IV: 55(0%), ATK IV: 55(0%), DEF IV: 72(0%), Work Speed: (0%), Skills: Serious
Verdash, Level: 20, Rank: 1, Gender: Male, HP IV: 15(0%), ATK IV: 1(0%), DEF IV: 10(0%), Work Speed: (0%)
Vixy, Level: 4, Rank: 1, Gender: Female, HP IV: 11(0%), ATK IV: 28(0%), DEF IV: 62(0%), Work Speed: (0%)
Blayze's 36 Pals
----------------
Alpha Azurobe, Level: 17, Rank: 1, Gender: Male, HP IV: 51(0%), ATK IV: 86(0%), DEF IV: 95(0%), Work Speed: (0%), Skills: Artisan
Alpha Fuddler, Level: 11, Rank: 1, Gender: Female, HP IV: 60(0%), ATK IV: 81(0%), DEF IV: 82(0%), Work Speed: (0%), Skills: Suntan Lover
Alpha Jolthog, Level: 10, Rank: 1, Gender: Female, HP IV: 76(0%), ATK IV: 96(0%), DEF IV: 78(0%), Work Speed: (0%), Skills: Dragonkiller
Alpha Penking, Level: 15, Rank: 1, Gender: Female, HP IV: 67(0%), ATK IV: 89(0%), DEF IV: 73(0%), Work Speed: (0%), Skills: Earthquake Resistant
Alpha Tombat, Level: 12, Rank: 1, Gender: Male, HP IV: 100(0%), ATK IV: 54(0%), DEF IV: 96(0%), Work Speed: (0%), Skills: Musclehead
Alpha Tombat, Level: 14, Rank: 1, Gender: Male, HP IV: 55(0%), ATK IV: 98(0%), DEF IV: 69(0%), Work Speed: (0%), Skills: Waterproof, Hydromaniac
Broncherry, Level: 19, Rank: 1, Gender: Male, HP IV: 10(0%), ATK IV: 16(0%), DEF IV: 94(0%), Work Speed: (0%), Skills: Botanical Barrier
Cawgnito, Level: 11, Rank: 1, Gender: Female, HP IV: 14(0%), ATK IV: 36(0%), DEF IV: 15(0%), Work Speed: (0%), Skills: Earthquake Resistant, Veil of Darkness, Positive Thinker
Chillet, Level: 16, Rank: 1, Gender: Male, HP IV: 76(0%), ATK IV: 72(0%), DEF IV: 62(0%), Work Speed: (0%), Skills: Philantropist
Croajiro, Level: 12, Rank: 1, Gender: Male, HP IV: 69(0%), ATK IV: 59(0%), DEF IV: 60(0%), Work Speed: (0%), Skills: Dragonkiller
Daedream, Level: 4, Rank: 1, Gender: Female, HP IV: 56(0%), ATK IV: 60(0%), DEF IV: 56(0%), Work Speed: (0%)
Depresso, Level: 12, Rank: 1, Gender: Female, HP IV: 51(0%), ATK IV: 70(0%), DEF IV: 19(0%), Work Speed: (0%), Skills: Shabby
Direhowl, Level: 7, Rank: 1, Gender: Female, HP IV: 73(0%), ATK IV: 90(0%), DEF IV: 41(0%), Work Speed: (0%), Skills: Zen Mind, Fine Furs, Conceited
Eikthyrdeer, Level: 11, Rank: 1, Gender: Female, HP IV: 55(0%), ATK IV: 73(0%), DEF IV: 41(0%), Work Speed: (0%), Skills: Serenity
Flopie, Level: 12, Rank: 1, Gender: Male, HP IV: 25(0%), ATK IV: 79(0%), DEF IV: 89(0%), Work Speed: (0%), Skills: Noble
Foxparks, Level: 3, Rank: 1, Gender: Male, HP IV: 93(0%), ATK IV: 9(0%), DEF IV: 61(0%), Work Speed: (0%), Skills: Nimble
Galeclaw, Level: 2, Rank: 1, Gender: Female, HP IV: 20(0%), ATK IV: 17(0%), DEF IV: 71(0%), Work Speed: (0%), Skills: Suntan Lover
Katress, Level: 27, Rank: 1, Gender: Female, HP IV: 34(0%), ATK IV: 3(0%), DEF IV: 100(0%), Work Speed: (0%), Skills: Glutton
Kitsun, Level: 24, Rank: 1, Gender: Female, HP IV: 86(0%), ATK IV: 70(0%), DEF IV: 21(0%), Work Speed: (0%), Skills: Abnormal
Loupmoon, Level: 9, Rank: 1, Gender: Female, HP IV: 73(0%), ATK IV: 6(0%), DEF IV: 100(0%), Work Speed: (0%), Skills: Artisan
Menasting, Level: 25, Rank: 1, Gender: Female, HP IV: 13(0%), ATK IV: 33(0%), DEF IV: 30(0%), Work Speed: (0%), Skills: Waterproof
Mozzarina, Level: 10, Rank: 1, Gender: Female, HP IV: 61(0%), ATK IV: 66(0%), DEF IV: 91(0%), Work Speed: (0%), Skills: Sickly
Nitewing, Level: 20, Rank: 1, Gender: Female, HP IV: 12(0%), ATK IV: 8(0%), DEF IV: 95(0%), Work Speed: (0%)
Nox, Level: 1, Rank: 1, Gender: Female, HP IV: 22(0%), ATK IV: 21(0%), DEF IV: 92(0%), Work Speed: (0%), Skills: Impatient
Nox, Level: 1, Rank: 1, Gender: Male, HP IV: 96(0%), ATK IV: 18(0%), DEF IV: 89(0%), Work Speed: (0%), Skills: Coward
Nox, Level: 3, Rank: 1, Gender: Female, HP IV: 11(0%), ATK IV: 22(0%), DEF IV: 96(0%), Work Speed: (0%), Skills: Sadist
Pyrin Noct, Level: 13, Rank: 1, Gender: Female, HP IV: 53(0%), ATK IV: 32(0%), DEF IV: 53(0%), Work Speed: (0%), Skills: Abnormal
Rayhound, Level: 20, Rank: 1, Gender: Male, HP IV: 34(0%), ATK IV: 40(0%), DEF IV: 100(0%), Work Speed: (0%), Skills: Capacitor
Reptyro, Level: 1, Rank: 1, Gender: Male, HP IV: 57(0%), ATK IV: 91(0%), DEF IV: 41(0%), Work Speed: (0%), Skills: Diet Lover
Sparkit, Level: 3, Rank: 1, Gender: Male, HP IV: 56(0%), ATK IV: 40(0%), DEF IV: 50(0%), Work Speed: (0%)
Surfent, Level: 8, Rank: 1, Gender: Female, HP IV: 49(0%), ATK IV: 62(0%), DEF IV: 25(0%), Work Speed: (0%), Skills: Workaholic
Tanzee, Level: 12, Rank: 1, Gender: Female, HP IV: 9(0%), ATK IV: 69(0%), DEF IV: 20(0%), Work Speed: (0%)
Tanzee, Level: 6, Rank: 1, Gender: Female, HP IV: 97(0%), ATK IV: 23(0%), DEF IV: 87(0%), Work Speed: (0%), Skills: Earthquake Resistant
Vanwyrm, Level: 12, Rank: 1, Gender: Female, HP IV: 55(0%), ATK IV: 55(0%), DEF IV: 72(0%), Work Speed: (0%), Skills: Serious
Verdash, Level: 20, Rank: 1, Gender: Male, HP IV: 15(0%), ATK IV: 1(0%), DEF IV: 10(0%), Work Speed: (0%)
Vixy, Level: 4, Rank: 1, Gender: Female, HP IV: 11(0%), ATK IV: 28(0%), DEF IV: 62(0%), Work Speed: (0%)
Blayze's 36 Pals
----------------
Alpha Azurobe, Level: 17, Rank: 1, Gender: Male, HP IV: 51(0%), ATK IV: 86(0%), DEF IV: 95(0%), Work Speed: (0%), Skills: Artisan
Alpha Fuddler, Level: 11, Rank: 1, Gender: Female, HP IV: 60(0%), ATK IV: 81(0%), DEF IV: 82(0%), Work Speed: (0%), Skills: Suntan Lover
Alpha Jolthog, Level: 10, Rank: 1, Gender: Female, HP IV: 76(0%), ATK IV: 96(0%), DEF IV: 78(0%), Work Speed: (0%), Skills: Dragonkiller
Alpha Penking, Level: 15, Rank: 1, Gender: Female, HP IV: 67(0%), ATK IV: 89(0%), DEF IV: 73(0%), Work Speed: (0%), Skills: Earthquake Resistant
Alpha Tombat, Level: 12, Rank: 1, Gender: Male, HP IV: 100(0%), ATK IV: 54(0%), DEF IV: 96(0%), Work Speed: (0%), Skills: Musclehead
Alpha Tombat, Level: 14, Rank: 1, Gender: Male, HP IV: 55(0%), ATK IV: 98(0%), DEF IV: 69(0%), Work Speed: (0%), Skills: Waterproof, Hydromaniac
Broncherry, Level: 19, Rank: 1, Gender: Male, HP IV: 10(0%), ATK IV: 16(0%), DEF IV: 94(0%), Work Speed: (0%), Skills: Botanical Barrier
Cawgnito, Level: 11, Rank: 1, Gender: Female, HP IV: 14(0%), ATK IV: 36(0%), DEF IV: 15(0%), Work Speed: (0%), Skills: Earthquake Resistant, Veil of Darkness, Positive Thinker
Chillet, Level: 16, Rank: 1, Gender: Male, HP IV: 76(0%), ATK IV: 72(0%), DEF IV: 62(0%), Work Speed: (0%), Skills: Philantropist
Croajiro, Level: 12, Rank: 1, Gender: Male, HP IV: 69(0%), ATK IV: 59(0%), DEF IV: 60(0%), Work Speed: (0%), Skills: Dragonkiller
Daedream, Level: 4, Rank: 1, Gender: Female, HP IV: 56(0%), ATK IV: 60(0%), DEF IV: 56(0%), Work Speed: (0%)
Depresso, Level: 12, Rank: 1, Gender: Female, HP IV: 51(0%), ATK IV: 70(0%), DEF IV: 19(0%), Work Speed: (0%), Skills: Shabby
Direhowl, Level: 7, Rank: 1, Gender: Female, HP IV: 73(0%), ATK IV: 90(0%), DEF IV: 41(0%), Work Speed: (0%), Skills: Zen Mind, Fine Furs, Conceited
Eikthyrdeer, Level: 11, Rank: 1, Gender: Female, HP IV: 55(0%), ATK IV: 73(0%), DEF IV: 41(0%), Work Speed: (0%), Skills: Serenity
Flopie, Level: 12, Rank: 1, Gender: Male, HP IV: 25(0%), ATK IV: 79(0%), DEF IV: 89(0%), Work Speed: (0%), Skills: Noble
Foxparks, Level: 3, Rank: 1, Gender: Male, HP IV: 93(0%), ATK IV: 9(0%), DEF IV: 61(0%), Work Speed: (0%), Skills: Nimble
Galeclaw, Level: 2, Rank: 1, Gender: Female, HP IV: 20(0%), ATK IV: 17(0%), DEF IV: 71(0%), Work Speed: (0%), Skills: Suntan Lover
Katress, Level: 27, Rank: 1, Gender: Female, HP IV: 34(0%), ATK IV: 3(0%), DEF IV: 100(0%), Work Speed: (0%), Skills: Glutton
Kitsun, Level: 24, Rank: 1, Gender: Female, HP IV: 86(0%), ATK IV: 70(0%), DEF IV: 21(0%), Work Speed: (0%), Skills: Abnormal
Loupmoon, Level: 9, Rank: 1, Gender: Female, HP IV: 73(0%), ATK IV: 6(0%), DEF IV: 100(0%), Work Speed: (0%), Skills: Artisan
Menasting, Level: 25, Rank: 1, Gender: Female, HP IV: 13(0%), ATK IV: 33(0%), DEF IV: 30(0%), Work Speed: (0%), Skills: Waterproof
Mozzarina, Level: 10, Rank: 1, Gender: Female, HP IV: 61(0%), ATK IV: 66(0%), DEF IV: 91(0%), Work Speed: (0%), Skills: Sickly
Nitewing, Level: 20, Rank: 1, Gender: Female, HP IV: 12(0%), ATK IV: 8(0%), DEF IV: 95(0%), Work Speed: (0%)
Nox, Level: 1, Rank: 1, Gender: Female, HP IV: 22(0%), ATK IV: 21(0%), DEF IV: 92(0%), Work Speed: (0%), Skills: Impatient
Nox, Level: 1, Rank: 1, Gender: Male, HP IV: 96(0%), ATK IV: 18(0%), DEF IV: 89(0%), Work Speed: (0%), Skills: Coward
Nox, Level: 3, Rank: 1, Gender: Female, HP IV: 11(0%), ATK IV: 22(0%), DEF IV: 96(0%), Work Speed: (0%), Skills: Sadist
Pyrin Noct, Level: 13, Rank: 1, Gender: Female, HP IV: 53(0%), ATK IV: 32(0%), DEF IV: 53(0%), Work Speed: (0%), Skills: Abnormal
Rayhound, Level: 20, Rank: 1, Gender: Male, HP IV: 34(0%), ATK IV: 40(0%), DEF IV: 100(0%), Work Speed: (0%), Skills: Capacitor
Reptyro, Level: 1, Rank: 1, Gender: Male, HP IV: 57(0%), ATK IV: 91(0%), DEF IV: 41(0%), Work Speed: (0%), Skills: Diet Lover
Sparkit, Level: 3, Rank: 1, Gender: Male, HP IV: 56(0%), ATK IV: 40(0%), DEF IV: 50(0%), Work Speed: (0%)
Surfent, Level: 8, Rank: 1, Gender: Female, HP IV: 49(0%), ATK IV: 62(0%), DEF IV: 25(0%), Work Speed: (0%), Skills: Workaholic
Tanzee, Level: 12, Rank: 1, Gender: Female, HP IV: 9(0%), ATK IV: 69(0%), DEF IV: 20(0%), Work Speed: (0%)
Tanzee, Level: 6, Rank: 1, Gender: Female, HP IV: 97(0%), ATK IV: 23(0%), DEF IV: 87(0%), Work Speed: (0%), Skills: Earthquake Resistant
Vanwyrm, Level: 12, Rank: 1, Gender: Female, HP IV: 55(0%), ATK IV: 55(0%), DEF IV: 72(0%), Work Speed: (0%), Skills: Serious
Verdash, Level: 20, Rank: 1, Gender: Male, HP IV: 15(0%), ATK IV: 1(0%), DEF IV: 10(0%), Work Speed: (0%)
Vixy, Level: 4, Rank: 1, Gender: Female, HP IV: 11(0%), ATK IV: 28(0%), DEF IV: 62(0%), Work Speed: (0%)
Blayze's 36 Pals
----------------
Alpha Azurobe, Level: 17, Rank: 1, Gender: Male, HP IV: 51(0%), ATK IV: 86(0%), DEF IV: 95(0%), Work Speed: (0%), Skills: Artisan
Alpha Fuddler, Level: 11, Rank: 1, Gender: Female, HP IV: 60(0%), ATK IV: 81(0%), DEF IV: 82(0%), Work Speed: (0%), Skills: Suntan Lover
Alpha Jolthog, Level: 10, Rank: 1, Gender: Female, HP IV: 76(0%), ATK IV: 96(0%), DEF IV: 78(0%), Work Speed: (0%), Skills: Dragonkiller
Alpha Penking, Level: 15, Rank: 1, Gender: Female, HP IV: 67(0%), ATK IV: 89(0%), DEF IV: 73(0%), Work Speed: (0%), Skills: Earthquake Resistant
Alpha Tombat, Level: 12, Rank: 1, Gender: Male, HP IV: 100(0%), ATK IV: 54(0%), DEF IV: 96(0%), Work Speed: (0%), Skills: Musclehead
Alpha Tombat, Level: 14, Rank: 1, Gender: Male, HP IV: 55(0%), ATK IV: 98(0%), DEF IV: 69(0%), Work Speed: (0%), Skills: Waterproof, Hydromaniac
Broncherry, Level: 19, Rank: 1, Gender: Male, HP IV: 10(0%), ATK IV: 16(0%), DEF IV: 94(0%), Work Speed: (0%), Skills: Botanical Barrier
Cawgnito, Level: 11, Rank: 1, Gender: Female, HP IV: 14(0%), ATK IV: 36(0%), DEF IV: 15(0%), Work Speed: (0%), Skills: Earthquake Resistant, Veil of Darkness, Positive Thinker
Chillet, Level: 16, Rank: 1, Gender: Male, HP IV: 76(0%), ATK IV: 72(0%), DEF IV: 62(0%), Work Speed: (0%), Skills: Philantropist
Croajiro, Level: 12, Rank: 1, Gender: Male, HP IV: 69(0%), ATK IV: 59(0%), DEF IV: 60(0%), Work Speed: (0%), Skills: Dragonkiller
Daedream, Level: 4, Rank: 1, Gender: Female, HP IV: 56(0%), ATK IV: 60(0%), DEF IV: 56(0%), Work Speed: (0%)
Depresso, Level: 12, Rank: 1, Gender: Female, HP IV: 51(0%), ATK IV: 70(0%), DEF IV: 19(0%), Work Speed: (0%), Skills: Shabby
Direhowl, Level: 7, Rank: 1, Gender: Female, HP IV: 73(0%), ATK IV: 90(0%), DEF IV: 41(0%), Work Speed: (0%), Skills: Zen Mind, Fine Furs, Conceited
Eikthyrdeer, Level: 11, Rank: 1, Gender: Female, HP IV: 55(0%), ATK IV: 73(0%), DEF IV: 41(0%), Work Speed: (0%), Skills: Serenity
Flopie, Level: 12, Rank: 1, Gender: Male, HP IV: 25(0%), ATK IV: 79(0%), DEF IV: 89(0%), Work Speed: (0%), Skills: Noble
Foxparks, Level: 3, Rank: 1, Gender: Male, HP IV: 93(0%), ATK IV: 9(0%), DEF IV: 61(0%), Work Speed: (0%), Skills: Nimble
Galeclaw, Level: 2, Rank: 1, Gender: Female, HP IV: 20(0%), ATK IV: 17(0%), DEF IV: 71(0%), Work Speed: (0%), Skills: Suntan Lover
Katress, Level: 27, Rank: 1, Gender: Female, HP IV: 34(0%), ATK IV: 3(0%), DEF IV: 100(0%), Work Speed: (0%), Skills: Glutton
Kitsun, Level: 24, Rank: 1, Gender: Female, HP IV: 86(0%), ATK IV: 70(0%), DEF IV: 21(0%), Work Speed: (0%), Skills: Abnormal
Loupmoon, Level: 9, Rank: 1, Gender: Female, HP IV: 73(0%), ATK IV: 6(0%), DEF IV: 100(0%), Work Speed: (0%), Skills: Artisan
Menasting, Level: 25, Rank: 1, Gender: Female, HP IV: 13(0%), ATK IV: 33(0%), DEF IV: 30(0%), Work Speed: (0%), Skills: Waterproof
Mozzarina, Level: 10, Rank: 1, Gender: Female, HP IV: 61(0%), ATK IV: 66(0%), DEF IV: 91(0%), Work Speed: (0%), Skills: Sickly
Nitewing, Level: 20, Rank: 1, Gender: Female, HP IV: 12(0%), ATK IV: 8(0%), DEF IV: 95(0%), Work Speed: (0%)
Nox, Level: 1, Rank: 1, Gender: Female, HP IV: 22(0%), ATK IV: 21(0%), DEF IV: 92(0%), Work Speed: (0%), Skills: Impatient
Nox, Level: 1, Rank: 1, Gender: Male, HP IV: 96(0%), ATK IV: 18(0%), DEF IV: 89(0%), Work Speed: (0%), Skills: Coward
Nox, Level: 3, Rank: 1, Gender: Female, HP IV: 11(0%), ATK IV: 22(0%), DEF IV: 96(0%), Work Speed: (0%), Skills: Sadist
Pyrin Noct, Level: 13, Rank: 1, Gender: Female, HP IV: 53(0%), ATK IV: 32(0%), DEF IV: 53(0%), Work Speed: (0%), Skills: Abnormal
Rayhound, Level: 20, Rank: 1, Gender: Male, HP IV: 34(0%), ATK IV: 40(0%), DEF IV: 100(0%), Work Speed: (0%), Skills: Capacitor
Reptyro, Level: 1, Rank: 1, Gender: Male, HP IV: 57(0%), ATK IV: 91(0%), DEF IV: 41(0%), Work Speed: (0%), Skills: Diet Lover
Sparkit, Level: 3, Rank: 1, Gender: Male, HP IV: 56(0%), ATK IV: 40(0%), DEF IV: 50(0%), Work Speed: (0%)
Surfent, Level: 8, Rank: 1, Gender: Female, HP IV: 49(0%), ATK IV: 62(0%), DEF IV: 25(0%), Work Speed: (0%), Skills: Workaholic
Tanzee, Level: 12, Rank: 1, Gender: Female, HP IV: 9(0%), ATK IV: 69(0%), DEF IV: 20(0%), Work Speed: (0%)
Tanzee, Level: 6, Rank: 1, Gender: Female, HP IV: 97(0%), ATK IV: 23(0%), DEF IV: 87(0%), Work Speed: (0%), Skills: Earthquake Resistant
Vanwyrm, Level: 12, Rank: 1, Gender: Female, HP IV: 55(0%), ATK IV: 55(0%), DEF IV: 72(0%), Work Speed: (0%), Skills: Serious
Verdash, Level: 20, Rank: 1, Gender: Male, HP IV: 15(0%), ATK IV: 1(0%), DEF IV: 10(0%), Work Speed: (0%)
Vixy, Level: 4, Rank: 1, Gender: Female, HP IV: 11(0%), ATK IV: 28(0%), DEF IV: 62(0%), Work Speed: (0%)
Blayze's 36 Pals
----------------
Alpha Azurobe, Level: 17, Rank: 1, Gender: Male, HP IV: 51(0%), ATK IV: 86(0%), DEF IV: 95(0%), Work Speed: (0%), Skills: Artisan
Alpha Fuddler, Level: 11, Rank: 1, Gender: Female, HP IV: 60(0%), ATK IV: 81(0%), DEF IV: 82(0%), Work Speed: (0%), Skills: Suntan Lover
Alpha Jolthog, Level: 10, Rank: 1, Gender: Female, HP IV: 76(0%), ATK IV: 96(0%), DEF IV: 78(0%), Work Speed: (0%), Skills: Dragonkiller
Alpha Penking, Level: 15, Rank: 1, Gender: Female, HP IV: 67(0%), ATK IV: 89(0%), DEF IV: 73(0%), Work Speed: (0%), Skills: Earthquake Resistant
Alpha Tombat, Level: 12, Rank: 1, Gender: Male, HP IV: 100(0%), ATK IV: 54(0%), DEF IV: 96(0%), Work Speed: (0%), Skills: Musclehead
Alpha Tombat, Level: 14, Rank: 1, Gender: Male, HP IV: 55(0%), ATK IV: 98(0%), DEF IV: 69(0%), Work Speed: (0%), Skills: Waterproof, Hydromaniac
Broncherry, Level: 19, Rank: 1, Gender: Male, HP IV: 10(0%), ATK IV: 16(0%), DEF IV: 94(0%), Work Speed: (0%), Skills: Botanical Barrier
Cawgnito, Level: 11, Rank: 1, Gender: Female, HP IV: 14(0%), ATK IV: 36(0%), DEF IV: 15(0%), Work Speed: (0%), Skills: Earthquake Resistant, Veil of Darkness, Positive Thinker
Chillet, Level: 16, Rank: 1, Gender: Male, HP IV: 76(0%), ATK IV: 72(0%), DEF IV: 62(0%), Work Speed: (0%), Skills: Philantropist
Croajiro, Level: 12, Rank: 1, Gender: Male, HP IV: 69(0%), ATK IV: 59(0%), DEF IV: 60(0%), Work Speed: (0%), Skills: Dragonkiller
Daedream, Level: 4, Rank: 1, Gender: Female, HP IV: 56(0%), ATK IV: 60(0%), DEF IV: 56(0%), Work Speed: (0%)
Depresso, Level: 12, Rank: 1, Gender: Female, HP IV: 51(0%), ATK IV: 70(0%), DEF IV: 19(0%), Work Speed: (0%), Skills: Shabby
Direhowl, Level: 7, Rank: 1, Gender: Female, HP IV: 73(0%), ATK IV: 90(0%), DEF IV: 41(0%), Work Speed: (0%), Skills: Zen Mind, Fine Furs, Conceited
Eikthyrdeer, Level: 11, Rank: 1, Gender: Female, HP IV: 55(0%), ATK IV: 73(0%), DEF IV: 41(0%), Work Speed: (0%), Skills: Serenity
Flopie, Level: 12, Rank: 1, Gender: Male, HP IV: 25(0%), ATK IV: 79(0%), DEF IV: 89(0%), Work Speed: (0%), Skills: Noble
Foxparks, Level: 3, Rank: 1, Gender: Male, HP IV: 93(0%), ATK IV: 9(0%), DEF IV: 61(0%), Work Speed: (0%), Skills: Nimble
Galeclaw, Level: 2, Rank: 1, Gender: Female, HP IV: 20(0%), ATK IV: 17(0%), DEF IV: 71(0%), Work Speed: (0%), Skills: Suntan Lover
Katress, Level: 27, Rank: 1, Gender: Female, HP IV: 34(0%), ATK IV: 3(0%), DEF IV: 100(0%), Work Speed: (0%), Skills: Glutton
Kitsun, Level: 24, Rank: 1, Gender: Female, HP IV: 86(0%), ATK IV: 70(0%), DEF IV: 21(0%), Work Speed: (0%), Skills: Abnormal
Loupmoon, Level: 9, Rank: 1, Gender: Female, HP IV: 73(0%), ATK IV: 6(0%), DEF IV: 100(0%), Work Speed: (0%), Skills: Artisan
Menasting, Level: 25, Rank: 1, Gender: Female, HP IV: 13(0%), ATK IV: 33(0%), DEF IV: 30(0%), Work Speed: (0%), Skills: Waterproof
Mozzarina, Level: 10, Rank: 1, Gender: Female, HP IV: 61(0%), ATK IV: 66(0%), DEF IV: 91(0%), Work Speed: (0%), Skills: Sickly
Nitewing, Level: 20, Rank: 1, Gender: Female, HP IV: 12(0%), ATK IV: 8(0%), DEF IV: 95(0%), Work Speed: (0%)
Nox, Level: 1, Rank: 1, Gender: Female, HP IV: 22(0%), ATK IV: 21(0%), DEF IV: 92(0%), Work Speed: (0%), Skills: Impatient
Nox, Level: 1, Rank: 1, Gender: Male, HP IV: 96(0%), ATK IV: 18(0%), DEF IV: 89(0%), Work Speed: (0%), Skills: Coward
Nox, Level: 3, Rank: 1, Gender: Female, HP IV: 11(0%), ATK IV: 22(0%), DEF IV: 96(0%), Work Speed: (0%), Skills: Sadist
Pyrin Noct, Level: 13, Rank: 1, Gender: Female, HP IV: 53(0%), ATK IV: 32(0%), DEF IV: 53(0%), Work Speed: (0%), Skills: Abnormal
Rayhound, Level: 20, Rank: 1, Gender: Male, HP IV: 34(0%), ATK IV: 40(0%), DEF IV: 100(0%), Work Speed: (0%), Skills: Capacitor
Reptyro, Level: 1, Rank: 1, Gender: Male, HP IV: 57(0%), ATK IV: 91(0%), DEF IV: 41(0%), Work Speed: (0%), Skills: Diet Lover
Sparkit, Level: 3, Rank: 1, Gender: Male, HP IV: 56(0%), ATK IV: 40(0%), DEF IV: 50(0%), Work Speed: (0%)
Surfent, Level: 8, Rank: 1, Gender: Female, HP IV: 49(0%), ATK IV: 62(0%), DEF IV: 25(0%), Work Speed: (0%), Skills: Workaholic
Tanzee, Level: 12, Rank: 1, Gender: Female, HP IV: 9(0%), ATK IV: 69(0%), DEF IV: 20(0%), Work Speed: (0%)
Tanzee, Level: 6, Rank: 1, Gender: Female, HP IV: 97(0%), ATK IV: 23(0%), DEF IV: 87(0%), Work Speed: (0%), Skills: Earthquake Resistant
Vanwyrm, Level: 12, Rank: 1, Gender: Female, HP IV: 55(0%), ATK IV: 55(0%), DEF IV: 72(0%), Work Speed: (0%), Skills: Serious
Verdash, Level: 20, Rank: 1, Gender: Male, HP IV: 15(0%), ATK IV: 1(0%), DEF IV: 10(0%), Work Speed: (0%)
Vixy, Level: 4, Rank: 1, Gender: Female, HP IV: 11(0%), ATK IV: 28(0%), DEF IV: 62(0%), Work Speed: (0%)
Blayze's 36 Pals
----------------
Alpha Azurobe, Level: 17, Rank: 1, Gender: Male, HP IV: 51(0%), ATK IV: 86(0%), DEF IV: 95(0%), Work Speed: (0%), Skills: Artisan
Alpha Fuddler, Level: 11, Rank: 1, Gender: Female, HP IV: 60(0%), ATK IV: 81(0%), DEF IV: 82(0%), Work Speed: (0%), Skills: Suntan Lover
Alpha Jolthog, Level: 10, Rank: 1, Gender: Female, HP IV: 76(0%), ATK IV: 96(0%), DEF IV: 78(0%), Work Speed: (0%), Skills: Dragonkiller
Alpha Penking, Level: 15, Rank: 1, Gender: Female, HP IV: 67(0%), ATK IV: 89(0%), DEF IV: 73(0%), Work Speed: (0%), Skills: Earthquake Resistant
Alpha Tombat, Level: 12, Rank: 1, Gender: Male, HP IV: 100(0%), ATK IV: 54(0%), DEF IV: 96(0%), Work Speed: (0%), Skills: Musclehead
Alpha Tombat, Level: 14, Rank: 1, Gender: Male, HP IV: 55(0%), ATK IV: 98(0%), DEF IV: 69(0%), Work Speed: (0%), Skills: Waterproof, Hydromaniac
Broncherry, Level: 19, Rank: 1, Gender: Male, HP IV: 10(0%), ATK IV: 16(0%), DEF IV: 94(0%), Work Speed: (0%), Skills: Botanical Barrier
Cawgnito, Level: 11, Rank: 1, Gender: Female, HP IV: 14(0%), ATK IV: 36(0%), DEF IV: 15(0%), Work Speed: (0%), Skills: Earthquake Resistant, Veil of Darkness, Positive Thinker
Chillet, Level: 16, Rank: 1, Gender: Male, HP IV: 76(0%), ATK IV: 72(0%), DEF IV: 62(0%), Work Speed: (0%), Skills: Philantropist
Croajiro, Level: 12, Rank: 1, Gender: Male, HP IV: 69(0%), ATK IV: 59(0%), DEF IV: 60(0%), Work Speed: (0%), Skills: Dragonkiller
Daedream, Level: 4, Rank: 1, Gender: Female, HP IV: 56(0%), ATK IV: 60(0%), DEF IV: 56(0%), Work Speed: (0%)
Depresso, Level: 12, Rank: 1, Gender: Female, HP IV: 51(0%), ATK IV: 70(0%), DEF IV: 19(0%), Work Speed: (0%), Skills: Shabby
Direhowl, Level: 7, Rank: 1, Gender: Female, HP IV: 73(0%), ATK IV: 90(0%), DEF IV: 41(0%), Work Speed: (0%), Skills: Zen Mind, Fine Furs, Conceited
Eikthyrdeer, Level: 11, Rank: 1, Gender: Female, HP IV: 55(0%), ATK IV: 73(0%), DEF IV: 41(0%), Work Speed: (0%), Skills: Serenity
Flopie, Level: 12, Rank: 1, Gender: Male, HP IV: 25(0%), ATK IV: 79(0%), DEF IV: 89(0%), Work Speed: (0%), Skills: Noble
Foxparks, Level: 3, Rank: 1, Gender: Male, HP IV: 93(0%), ATK IV: 9(0%), DEF IV: 61(0%), Work Speed: (0%), Skills: Nimble
Galeclaw, Level: 2, Rank: 1, Gender: Female, HP IV: 20(0%), ATK IV: 17(0%), DEF IV: 71(0%), Work Speed: (0%), Skills: Suntan Lover
Katress, Level: 27, Rank: 1, Gender: Female, HP IV: 34(0%), ATK IV: 3(0%), DEF IV: 100(0%), Work Speed: (0%), Skills: Glutton
Kitsun, Level: 24, Rank: 1, Gender: Female, HP IV: 86(0%), ATK IV: 70(0%), DEF IV: 21(0%), Work Speed: (0%), Skills: Abnormal
Loupmoon, Level: 9, Rank: 1, Gender: Female, HP IV: 73(0%), ATK IV: 6(0%), DEF IV: 100(0%), Work Speed: (0%), Skills: Artisan
Menasting, Level: 25, Rank: 1, Gender: Female, HP IV: 13(0%), ATK IV: 33(0%), DEF IV: 30(0%), Work Speed: (0%), Skills: Waterproof
Mozzarina, Level: 10, Rank: 1, Gender: Female, HP IV: 61(0%), ATK IV: 66(0%), DEF IV: 91(0%), Work Speed: (0%), Skills: Sickly
Nitewing, Level: 20, Rank: 1, Gender: Female, HP IV: 12(0%), ATK IV: 8(0%), DEF IV: 95(0%), Work Speed: (0%)
Nox, Level: 1, Rank: 1, Gender: Female, HP IV: 22(0%), ATK IV: 21(0%), DEF IV: 92(0%), Work Speed: (0%), Skills: Impatient
Nox, Level: 1, Rank: 1, Gender: Male, HP IV: 96(0%), ATK IV: 18(0%), DEF IV: 89(0%), Work Speed: (0%), Skills: Coward
Nox, Level: 3, Rank: 1, Gender: Female, HP IV: 11(0%), ATK IV: 22(0%), DEF IV: 96(0%), Work Speed: (0%), Skills: Sadist
Pyrin Noct, Level: 13, Rank: 1, Gender: Female, HP IV: 53(0%), ATK IV: 32(0%), DEF IV: 53(0%), Work Speed: (0%), Skills: Abnormal
Rayhound, Level: 20, Rank: 1, Gender: Male, HP IV: 34(0%), ATK IV: 40(0%), DEF IV: 100(0%), Work Speed: (0%), Skills: Capacitor
Reptyro, Level: 1, Rank: 1, Gender: Male, HP IV: 57(0%), ATK IV: 91(0%), DEF IV: 41(0%), Work Speed: (0%), Skills: Diet Lover
Sparkit, Level: 3, Rank: 1, Gender: Male, HP IV: 56(0%), ATK IV: 40(0%), DEF IV: 50(0%), Work Speed: (0%)
Surfent, Level: 8, Rank: 1, Gender: Female, HP IV: 49(0%), ATK IV: 62(0%), DEF IV: 25(0%), Work Speed: (0%), Skills: Workaholic
Tanzee, Level: 12, Rank: 1, Gender: Female, HP IV: 9(0%), ATK IV: 69(0%), DEF IV: 20(0%), Work Speed: (0%)
Tanzee, Level: 6, Rank: 1, Gender: Female, HP IV: 97(0%), ATK IV: 23(0%), DEF IV: 87(0%), Work Speed: (0%), Skills: Earthquake Resistant
Vanwyrm, Level: 12, Rank: 1, Gender: Female, HP IV: 55(0%), ATK IV: 55(0%), DEF IV: 72(0%), Work Speed: (0%), Skills: Serious
Verdash, Level: 20, Rank: 1, Gender: Male, HP IV: 15(0%), ATK IV: 1(0%), DEF IV: 10(0%), Work Speed: (0%)
Vixy, Level: 4, Rank: 1, Gender: Female, HP IV: 11(0%), ATK IV: 28(0%), DEF IV: 62(0%), Work Speed: (0%)
Blayze's 36 Pals
----------------
Alpha Azurobe, Level: 17, Rank: 1, Gender: Male, HP IV: 51(0%), ATK IV: 86(0%), DEF IV: 95(0%), Work Speed: (0%), Skills: Artisan
Alpha Fuddler, Level: 11, Rank: 1, Gender: Female, HP IV: 60(0%), ATK IV: 81(0%), DEF IV: 82(0%), Work Speed: (0%), Skills: Suntan Lover
Alpha Jolthog, Level: 10, Rank: 1, Gender: Female, HP IV: 76(0%), ATK IV: 96(0%), DEF IV: 78(0%), Work Speed: (0%), Skills: Dragonkiller
Alpha Penking, Level: 15, Rank: 1, Gender: Female, HP IV: 67(0%), ATK IV: 89(0%), DEF IV: 73(0%), Work Speed: (0%), Skills: Earthquake Resistant
Alpha Tombat, Level: 12, Rank: 1, Gender: Male, HP IV: 100(0%), ATK IV: 54(0%), DEF IV: 96(0%), Work Speed: (0%), Skills: Musclehead
Alpha Tombat, Level: 14, Rank: 1, Gender: Male, HP IV: 55(0%), ATK IV: 98(0%), DEF IV: 69(0%), Work Speed: (0%), Skills: Waterproof, Hydromaniac
Broncherry, Level: 19, Rank: 1, Gender: Male, HP IV: 10(0%), ATK IV: 16(0%), DEF IV: 94(0%), Work Speed: (0%), Skills: Botanical Barrier
Cawgnito, Level: 11, Rank: 1, Gender: Female, HP IV: 14(0%), ATK IV: 36(0%), DEF IV: 15(0%), Work Speed: (0%), Skills: Earthquake Resistant, Veil of Darkness, Positive Thinker
Chillet, Level: 16, Rank: 1, Gender: Male, HP IV: 76(0%), ATK IV: 72(0%), DEF IV: 62(0%), Work Speed: (0%), Skills: Philantropist
Croajiro, Level: 12, Rank: 1, Gender: Male, HP IV: 69(0%), ATK IV: 59(0%), DEF IV: 60(0%), Work Speed: (0%), Skills: Dragonkiller
Daedream, Level: 4, Rank: 1, Gender: Female, HP IV: 56(0%), ATK IV: 60(0%), DEF IV: 56(0%), Work Speed: (0%)
Depresso, Level: 12, Rank: 1, Gender: Female, HP IV: 51(0%), ATK IV: 70(0%), DEF IV: 19(0%), Work Speed: (0%), Skills: Shabby
Direhowl, Level: 7, Rank: 1, Gender: Female, HP IV: 73(0%), ATK IV: 90(0%), DEF IV: 41(0%), Work Speed: (0%), Skills: Zen Mind, Fine Furs, Conceited
Eikthyrdeer, Level: 11, Rank: 1, Gender: Female, HP IV: 55(0%), ATK IV: 73(0%), DEF IV: 41(0%), Work Speed: (0%), Skills: Serenity
Flopie, Level: 12, Rank: 1, Gender: Male, HP IV: 25(0%), ATK IV: 79(0%), DEF IV: 89(0%), Work Speed: (0%), Skills: Noble
Foxparks, Level: 3, Rank: 1, Gender: Male, HP IV: 93(0%), ATK IV: 9(0%), DEF IV: 61(0%), Work Speed: (0%), Skills: Nimble
Galeclaw, Level: 2, Rank: 1, Gender: Female, HP IV: 20(0%), ATK IV: 17(0%), DEF IV: 71(0%), Work Speed: (0%), Skills: Suntan Lover
Katress, Level: 27, Rank: 1, Gender: Female, HP IV: 34(0%), ATK IV: 3(0%), DEF IV: 100(0%), Work Speed: (0%), Skills: Glutton
Kitsun, Level: 24, Rank: 1, Gender: Female, HP IV: 86(0%), ATK IV: 70(0%), DEF IV: 21(0%), Work Speed: (0%), Skills: Abnormal
Loupmoon, Level: 9, Rank: 1, Gender: Female, HP IV: 73(0%), ATK IV: 6(0%), DEF IV: 100(0%), Work Speed: (0%), Skills: Artisan
Menasting, Level: 25, Rank: 1, Gender: Female, HP IV: 13(0%), ATK IV: 33(0%), DEF IV: 30(0%), Work Speed: (0%), Skills: Waterproof
Mozzarina, Level: 10, Rank: 1, Gender: Female, HP IV: 61(0%), ATK IV: 66(0%), DEF IV: 91(0%), Work Speed: (0%), Skills: Sickly
Nitewing, Level: 20, Rank: 1, Gender: Female, HP IV: 12(0%), ATK IV: 8(0%), DEF IV: 95(0%), Work Speed: (0%)
Nox, Level: 1, Rank: 1, Gender: Female, HP IV: 22(0%), ATK IV: 21(0%), DEF IV: 92(0%), Work Speed: (0%), Skills: Impatient
Nox, Level: 1, Rank: 1, Gender: Male, HP IV: 96(0%), ATK IV: 18(0%), DEF IV: 89(0%), Work Speed: (0%), Skills: Coward
Nox, Level: 3, Rank: 1, Gender: Female, HP IV: 11(0%), ATK IV: 22(0%), DEF IV: 96(0%), Work Speed: (0%), Skills: Sadist
Pyrin Noct, Level: 13, Rank: 1, Gender: Female, HP IV: 53(0%), ATK IV: 32(0%), DEF IV: 53(0%), Work Speed: (0%), Skills: Abnormal
Rayhound, Level: 20, Rank: 1, Gender: Male, HP IV: 34(0%), ATK IV: 40(0%), DEF IV: 100(0%), Work Speed: (0%), Skills: Capacitor
Reptyro, Level: 1, Rank: 1, Gender: Male, HP IV: 57(0%), ATK IV: 91(0%), DEF IV: 41(0%), Work Speed: (0%), Skills: Diet Lover
Sparkit, Level: 3, Rank: 1, Gender: Male, HP IV: 56(0%), ATK IV: 40(0%), DEF IV: 50(0%), Work Speed: (0%)
Surfent, Level: 8, Rank: 1, Gender: Female, HP IV: 49(0%), ATK IV: 62(0%), DEF IV: 25(0%), Work Speed: (0%), Skills: Workaholic
Tanzee, Level: 12, Rank: 1, Gender: Female, HP IV: 9(0%), ATK IV: 69(0%), DEF IV: 20(0%), Work Speed: (0%)
Tanzee, Level: 6, Rank: 1, Gender: Female, HP IV: 97(0%), ATK IV: 23(0%), DEF IV: 87(0%), Work Speed: (0%), Skills: Earthquake Resistant
Vanwyrm, Level: 12, Rank: 1, Gender: Female, HP IV: 55(0%), ATK IV: 55(0%), DEF IV: 72(0%), Work Speed: (0%), Skills: Serious
Verdash, Level: 20, Rank: 1, Gender: Male, HP IV: 15(0%), ATK IV: 1(0%), DEF IV: 10(0%), Work Speed: (0%)
Vixy, Level: 4, Rank: 1, Gender: Female, HP IV: 11(0%), ATK IV: 28(0%), DEF IV: 62(0%), Work Speed: (0%)
Blayze's 36 Pals
----------------
Alpha Azurobe, Level: 17, Rank: 1, Gender: Male, HP IV: 51(0%), ATK IV: 86(0%), DEF IV: 95(0%), Work Speed: (0%), Skills: Artisan
Alpha Fuddler, Level: 11, Rank: 1, Gender: Female, HP IV: 60(0%), ATK IV: 81(0%), DEF IV: 82(0%), Work Speed: (0%), Skills: Suntan Lover
Alpha Jolthog, Level: 10, Rank: 1, Gender: Female, HP IV: 76(0%), ATK IV: 96(0%), DEF IV: 78(0%), Work Speed: (0%), Skills: Dragonkiller
Alpha Penking, Level: 15, Rank: 1, Gender: Female, HP IV: 67(0%), ATK IV: 89(0%), DEF IV: 73(0%), Work Speed: (0%), Skills: Earthquake Resistant
Alpha Tombat, Level: 12, Rank: 1, Gender: Male, HP IV: 100(0%), ATK IV: 54(0%), DEF IV: 96(0%), Work Speed: (0%), Skills: Musclehead
Alpha Tombat, Level: 14, Rank: 1, Gender: Male, HP IV: 55(0%), ATK IV: 98(0%), DEF IV: 69(0%), Work Speed: (0%), Skills: Waterproof, Hydromaniac
Broncherry, Level: 19, Rank: 1, Gender: Male, HP IV: 10(0%), ATK IV: 16(0%), DEF IV: 94(0%), Work Speed: (0%), Skills: Botanical Barrier
Cawgnito, Level: 11, Rank: 1, Gender: Female, HP IV: 14(0%), ATK IV: 36(0%), DEF IV: 15(0%), Work Speed: (0%), Skills: Earthquake Resistant, Veil of Darkness, Positive Thinker
Chillet, Level: 16, Rank: 1, Gender: Male, HP IV: 76(0%), ATK IV: 72(0%), DEF IV: 62(0%), Work Speed: (0%), Skills: Philantropist
Croajiro, Level: 12, Rank: 1, Gender: Male, HP IV: 69(0%), ATK IV: 59(0%), DEF IV: 60(0%), Work Speed: (0%), Skills: Dragonkiller
Daedream, Level: 4, Rank: 1, Gender: Female, HP IV: 56(0%), ATK IV: 60(0%), DEF IV: 56(0%), Work Speed: (0%)
Depresso, Level: 12, Rank: 1, Gender: Female, HP IV: 51(0%), ATK IV: 70(0%), DEF IV: 19(0%), Work Speed: (0%), Skills: Shabby
Direhowl, Level: 7, Rank: 1, Gender: Female, HP IV: 73(0%), ATK IV: 90(0%), DEF IV: 41(0%), Work Speed: (0%), Skills: Zen Mind, Fine Furs, Conceited
Eikthyrdeer, Level: 11, Rank: 1, Gender: Female, HP IV: 55(0%), ATK IV: 73(0%), DEF IV: 41(0%), Work Speed: (0%), Skills: Serenity
Flopie, Level: 12, Rank: 1, Gender: Male, HP IV: 25(0%), ATK IV: 79(0%), DEF IV: 89(0%), Work Speed: (0%), Skills: Noble
Foxparks, Level: 3, Rank: 1, Gender: Male, HP IV: 93(0%), ATK IV: 9(0%), DEF IV: 61(0%), Work Speed: (0%), Skills: Nimble
Galeclaw, Level: 2, Rank: 1, Gender: Female, HP IV: 20(0%), ATK IV: 17(0%), DEF IV: 71(0%), Work Speed: (0%), Skills: Suntan Lover
Katress, Level: 27, Rank: 1, Gender: Female, HP IV: 34(0%), ATK IV: 3(0%), DEF IV: 100(0%), Work Speed: (0%), Skills: Glutton
Kitsun, Level: 24, Rank: 1, Gender: Female, HP IV: 86(0%), ATK IV: 70(0%), DEF IV: 21(0%), Work Speed: (0%), Skills: Abnormal
Loupmoon, Level: 9, Rank: 1, Gender: Female, HP IV: 73(0%), ATK IV: 6(0%), DEF IV: 100(0%), Work Speed: (0%), Skills: Artisan
Menasting, Level: 25, Rank: 1, Gender: Female, HP IV: 13(0%), ATK IV: 33(0%), DEF IV: 30(0%), Work Speed: (0%), Skills: Waterproof
Mozzarina, Level: 10, Rank: 1, Gender: Female, HP IV: 61(0%), ATK IV: 66(0%), DEF IV: 91(0%), Work Speed: (0%), Skills: Sickly
Nitewing, Level: 20, Rank: 1, Gender: Female, HP IV: 12(0%), ATK IV: 8(0%), DEF IV: 95(0%), Work Speed: (0%)
Nox, Level: 1, Rank: 1, Gender: Female, HP IV: 22(0%), ATK IV: 21(0%), DEF IV: 92(0%), Work Speed: (0%), Skills: Impatient
Nox, Level: 1, Rank: 1, Gender: Male, HP IV: 96(0%), ATK IV: 18(0%), DEF IV: 89(0%), Work Speed: (0%), Skills: Coward
Nox, Level: 3, Rank: 1, Gender: Female, HP IV: 11(0%), ATK IV: 22(0%), DEF IV: 96(0%), Work Speed: (0%), Skills: Sadist
Pyrin Noct, Level: 13, Rank: 1, Gender: Female, HP IV: 53(0%), ATK IV: 32(0%), DEF IV: 53(0%), Work Speed: (0%), Skills: Abnormal
Rayhound, Level: 20, Rank: 1, Gender: Male, HP IV: 34(0%), ATK IV: 40(0%), DEF IV: 100(0%), Work Speed: (0%), Skills: Capacitor
Reptyro, Level: 1, Rank: 1, Gender: Male, HP IV: 57(0%), ATK IV: 91(0%), DEF IV: 41(0%), Work Speed: (0%), Skills: Diet Lover
Sparkit, Level: 3, Rank: 1, Gender: Male, HP IV: 56(0%), ATK IV: 40(0%), DEF IV: 50(0%), Work Speed: (0%)
Surfent, Level: 8, Rank: 1, Gender: Female, HP IV: 49(0%), ATK IV: 62(0%), DEF IV: 25(0%), Work Speed: (0%), Skills: Workaholic
Tanzee, Level: 12, Rank: 1, Gender: Female, HP IV: 9(0%), ATK IV: 69(0%), DEF IV: 20(0%), Work Speed: (0%)
Tanzee, Level: 6, Rank: 1, Gender: Female, HP IV: 97(0%), ATK IV: 23(0%), DEF IV: 87(0%), Work Speed: (0%), Skills: Earthquake Resistant
Vanwyrm, Level: 12, Rank: 1, Gender: Female, HP IV: 55(0%), ATK IV: 55(0%), DEF IV: 72(0%), Work Speed: (0%), Skills: Serious
Verdash, Level: 20, Rank: 1, Gender: Male, HP IV: 15(0%), ATK IV: 1(0%), DEF IV: 10(0%), Work Speed: (0%)
Vixy, Level: 4, Rank: 1, Gender: Female, HP IV: 11(0%), ATK IV: 28(0%), DEF IV: 62(0%), Work Speed: (0%)
Blayze's 36 Pals
----------------
Alpha Azurobe, Level: 17, Rank: 1, Gender: Male, HP IV: 51(0%), ATK IV: 86(0%), DEF IV: 95(0%), Work Speed: (0%), Skills: Artisan
Alpha Fuddler, Level: 11, Rank: 1, Gender: Female, HP IV: 60(0%), ATK IV: 81(0%), DEF IV: 82(0%), Work Speed: (0%), Skills: Suntan Lover
Alpha Jolthog, Level: 10, Rank: 1, Gender: Female, HP IV: 76(0%), ATK IV: 96(0%), DEF IV: 78(0%), Work Speed: (0%), Skills: Dragonkiller
Alpha Penking, Level: 15, Rank: 1, Gender: Female, HP IV: 67(0%), ATK IV: 89(0%), DEF IV: 73(0%), Work Speed: (0%), Skills: Earthquake Resistant
Alpha Tombat, Level: 12, Rank: 1, Gender: Male, HP IV: 100(0%), ATK IV: 54(0%), DEF IV: 96(0%), Work Speed: (0%), Skills: Musclehead
Alpha Tombat, Level: 14, Rank: 1, Gender: Male, HP IV: 55(0%), ATK IV: 98(0%), DEF IV: 69(0%), Work Speed: (0%), Skills: Waterproof, Hydromaniac
Broncherry, Level: 19, Rank: 1, Gender: Male, HP IV: 10(0%), ATK IV: 16(0%), DEF IV: 94(0%), Work Speed: (0%), Skills: Botanical Barrier
Cawgnito, Level: 11, Rank: 1, Gender: Female, HP IV: 14(0%), ATK IV: 36(0%), DEF IV: 15(0%), Work Speed: (0%), Skills: Earthquake Resistant, Veil of Darkness, Positive Thinker
Chillet, Level: 16, Rank: 1, Gender: Male, HP IV: 76(0%), ATK IV: 72(0%), DEF IV: 62(0%), Work Speed: (0%), Skills: Philantropist
Croajiro, Level: 12, Rank: 1, Gender: Male, HP IV: 69(0%), ATK IV: 59(0%), DEF IV: 60(0%), Work Speed: (0%), Skills: Dragonkiller
Daedream, Level: 4, Rank: 1, Gender: Female, HP IV: 56(0%), ATK IV: 60(0%), DEF IV: 56(0%), Work Speed: (0%)
Depresso, Level: 12, Rank: 1, Gender: Female, HP IV: 51(0%), ATK IV: 70(0%), DEF IV: 19(0%), Work Speed: (0%), Skills: Shabby
Direhowl, Level: 7, Rank: 1, Gender: Female, HP IV: 73(0%), ATK IV: 90(0%), DEF IV: 41(0%), Work Speed: (0%), Skills: Zen Mind, Fine Furs, Conceited
Eikthyrdeer, Level: 11, Rank: 1, Gender: Female, HP IV: 55(0%), ATK IV: 73(0%), DEF IV: 41(0%), Work Speed: (0%), Skills: Serenity
Flopie, Level: 12, Rank: 1, Gender: Male, HP IV: 25(0%), ATK IV: 79(0%), DEF IV: 89(0%), Work Speed: (0%), Skills: Noble
Foxparks, Level: 3, Rank: 1, Gender: Male, HP IV: 93(0%), ATK IV: 9(0%), DEF IV: 61(0%), Work Speed: (0%), Skills: Nimble
Galeclaw, Level: 2, Rank: 1, Gender: Female, HP IV: 20(0%), ATK IV: 17(0%), DEF IV: 71(0%), Work Speed: (0%), Skills: Suntan Lover
Katress, Level: 27, Rank: 1, Gender: Female, HP IV: 34(0%), ATK IV: 3(0%), DEF IV: 100(0%), Work Speed: (0%), Skills: Glutton
Kitsun, Level: 24, Rank: 1, Gender: Female, HP IV: 86(0%), ATK IV: 70(0%), DEF IV: 21(0%), Work Speed: (0%), Skills: Abnormal
Loupmoon, Level: 9, Rank: 1, Gender: Female, HP IV: 73(0%), ATK IV: 6(0%), DEF IV: 100(0%), Work Speed: (0%), Skills: Artisan
Menasting, Level: 25, Rank: 1, Gender: Female, HP IV: 13(0%), ATK IV: 33(0%), DEF IV: 30(0%), Work Speed: (0%), Skills: Waterproof
Mozzarina, Level: 10, Rank: 1, Gender: Female, HP IV: 61(0%), ATK IV: 66(0%), DEF IV: 91(0%), Work Speed: (0%), Skills: Sickly
Nitewing, Level: 20, Rank: 1, Gender: Female, HP IV: 12(0%), ATK IV: 8(0%), DEF IV: 95(0%), Work Speed: (0%)
Nox, Level: 1, Rank: 1, Gender: Female, HP IV: 22(0%), ATK IV: 21(0%), DEF IV: 92(0%), Work Speed: (0%), Skills: Impatient
Nox, Level: 1, Rank: 1, Gender: Male, HP IV: 96(0%), ATK IV: 18(0%), DEF IV: 89(0%), Work Speed: (0%), Skills: Coward
Nox, Level: 3, Rank: 1, Gender: Female, HP IV: 11(0%), ATK IV: 22(0%), DEF IV: 96(0%), Work Speed: (0%), Skills: Sadist
Pyrin Noct, Level: 13, Rank: 1, Gender: Female, HP IV: 53(0%), ATK IV: 32(0%), DEF IV: 53(0%), Work Speed: (0%), Skills: Abnormal
Rayhound, Level: 20, Rank: 1, Gender: Male, HP IV: 34(0%), ATK IV: 40(0%), DEF IV: 100(0%), Work Speed: (0%), Skills: Capacitor
Reptyro, Level: 1, Rank: 1, Gender: Male, HP IV: 57(0%), ATK IV: 91(0%), DEF IV: 41(0%), Work Speed: (0%), Skills: Diet Lover
Sparkit, Level: 3, Rank: 1, Gender: Male, HP IV: 56(0%), ATK IV: 40(0%), DEF IV: 50(0%), Work Speed: (0%)
Surfent, Level: 8, Rank: 1, Gender: Female, HP IV: 49(0%), ATK IV: 62(0%), DEF IV: 25(0%), Work Speed: (0%), Skills: Workaholic
Tanzee, Level: 12, Rank: 1, Gender: Female, HP IV: 9(0%), ATK IV: 69(0%), DEF IV: 20(0%), Work Speed: (0%)
Tanzee, Level: 6, Rank: 1, Gender: Female, HP IV: 97(0%), ATK IV: 23(0%), DEF IV: 87(0%), Work Speed: (0%), Skills: Earthquake Resistant
Vanwyrm, Level: 12, Rank: 1, Gender: Female, HP IV: 55(0%), ATK IV: 55(0%), DEF IV: 72(0%), Work Speed: (0%), Skills: Serious
Verdash, Level: 20, Rank: 1, Gender: Male, HP IV: 15(0%), ATK IV: 1(0%), DEF IV: 10(0%), Work Speed: (0%)
Vixy, Level: 4, Rank: 1, Gender: Female, HP IV: 11(0%), ATK IV: 28(0%), DEF IV: 62(0%), Work Speed: (0%)
