borgar's 37 Pals
----------------
Beakon, Level: 15, Rank: 1, Gender: Female, HP IV: 50(0%), ATK IV: 23(0%), DEF IV: 55(0%), Work Speed: (0%), Skills: Dragonkiller, Veil of Darkness
Bushi, Level: 15, Rank: 1, Gender: Female, HP IV: 26(0%), ATK IV: 91(0%), DEF IV: 82(0%), Work Speed: (0%), Skills: Hooligan, Hard Skin
Caprity, Level: 1, Rank: 1, Gender: Female, HP IV: 99(0%), ATK IV: 41(0%), DEF IV: 38(0%), Work Speed: (0%), Skills: Stronghold Strategist
Caprity, Level: 16, Rank: 1, Gender: Female, HP IV: 15(0%), ATK IV: 70(0%), DEF IV: 98(0%), Work Speed: (0%), Skills: Philantropist
Celaray, Level: 1, Rank: 1, Gender: Male, HP IV: 52(0%), ATK IV: 78(0%), DEF IV: 63(0%), Work Speed: (0%), Skills: Brittle
Celaray, Level: 1, Rank: 1, Gender: Male, HP IV: 83(0%), ATK IV: 35(0%), DEF IV: 67(0%), Work Speed: (0%), Skills: Clumsy
Chikipi, Level: 5, Rank: 1, Gender: Male, HP IV: 88(0%), ATK IV: 58(0%), DEF IV: 24(0%), Work Speed: (0%), Skills: Pacifist
Chillet, Level: 1, Rank: 1, Gender: Female, HP IV: 93(0%), ATK IV: 85(0%), DEF IV: 55(0%), Work Speed: (0%), Skills: Ferocious
Chillet, Level: 1, Rank: 1, Gender: Male, HP IV: 73(0%), ATK IV: 18(0%), DEF IV: 41(0%), Work Speed: (0%), Skills: Insulated Body, Power of Gaia
Foxcicle, Level: 1, Rank: 1, Gender: Female, HP IV: 68(0%), ATK IV: 35(0%), DEF IV: 32(0%), Work Speed: (0%), Skills: Insulated Body, Noble
Foxcicle, Level: 1, Rank: 1, Gender: Male, HP IV: 47(0%), ATK IV: 59(0%), DEF IV: 86(0%), Work Speed: (0%), Skills: Blood of the Dragon
Foxcicle, Level: 1, Rank: 1, Gender: Male, HP IV: 95(0%), ATK IV: 21(0%), DEF IV: 43(0%), Work Speed: (0%), Skills: Hard Skin
Fuack, Level: 18, Rank: 1, Gender: Male, HP IV: 55(0%), ATK IV: 64(0%), DEF IV: 58(0%), Work Speed: (0%), Skills: Sadist
Fuddler, Level: 16, Rank: 1, Gender: Female, HP IV: 100(0%), ATK IV: 7(0%), DEF IV: 64(0%), Work Speed: (0%), Skills: Power of Gaia
Gumoss, Level: 6, Rank: 1, Gender: Female, HP IV: 53(0%), ATK IV: 33(0%), DEF IV: 93(0%), Work Speed: (0%), Skills: Dainty Eater
Hoocrates, Level: 11, Rank: 1, Gender: Male, HP IV: 32(0%), ATK IV: 23(0%), DEF IV: 50(0%), Work Speed: (0%), Skills: Botanical Barrier, Earthquake Resistant
Lamball, Level: 10, Rank: 1, Gender: Male, HP IV: 20(0%), ATK IV: 30(0%), DEF IV: 18(0%), Work Speed: (0%), Skills: Stronghold Strategist, Bottomless Stomach
Lifmunk, Level: 9, Rank: 1, Gender: Female, HP IV: 26(0%), ATK IV: 39(0%), DEF IV: 9(0%), Work Speed: (0%), Skills: Earthquake Resistant
Mau Cryst, Level: 1, Rank: 1, Gender: Male, HP IV: 21(0%), ATK IV: 65(0%), DEF IV: 88(0%), Work Speed: (0%), Skills: Logging Foreman
Mau, Level: 1, Rank: 1, Gender: Female, HP IV: 10(0%), ATK IV: 35(0%), DEF IV: 57(0%), Work Speed: (0%), Skills: Heated Body
Nitewing, Level: 11, Rank: 1, Gender: Female, HP IV: 45(0%), ATK IV: 18(0%), DEF IV: 56(0%), Work Speed: (0%), Skills: Coward
Nitewing, Level: 12, Rank: 1, Gender: Male, HP IV: 77(0%), ATK IV: 8(0%), DEF IV: 49(0%), Work Speed: (0%), Skills: Veil of Darkness
Nitewing, Level: 15, Rank: 1, Gender: Male, HP IV: 44(0%), ATK IV: 12(0%), DEF IV: 80(0%), Work Speed: (0%)
Nox, Level: 17, Rank: 1, Gender: Male, HP IV: 61(0%), ATK IV: 59(0%), DEF IV: 1(0%), Work Speed: (0%)
Pengullet, Level: 1, Rank: 1, Gender: Male, HP IV: 49(0%), ATK IV: 12(0%), DEF IV: 90(0%), Work Speed: (0%)
Pengullet, Level: 17, Rank: 1, Gender: Male, HP IV: 28(0%), ATK IV: 6(0%), DEF IV: 41(0%), Work Speed: (0%), Skills: Ferocious
Reindrix, Level: 1, Rank: 1, Gender: Male, HP IV: 99(0%), ATK IV: 99(0%), DEF IV: 36(0%), Work Speed: (0%), Skills: Veil of Darkness
Reptyro Cryst, Level: 1, Rank: 1, Gender: Male, HP IV: 1(0%), ATK IV: 78(0%), DEF IV: 21(0%), Work Speed: (0%), Skills: Sickly
Rooby, Level: 15, Rank: 1, Gender: Female, HP IV: 28(0%), ATK IV: 54(0%), DEF IV: 93(0%), Work Speed: (0%)
Sibelyx, Level: 1, Rank: 1, Gender: Female, HP IV: 23(0%), ATK IV: 68(0%), DEF IV: 98(0%), Work Speed: (0%), Skills: Glutton
Swee, Level: 1, Rank: 1, Gender: Male, HP IV: 13(0%), ATK IV: 58(0%), DEF IV: 32(0%), Work Speed: (0%), Skills: Runner
Swee, Level: 1, Rank: 1, Gender: Male, HP IV: 27(0%), ATK IV: 97(0%), DEF IV: 16(0%), Work Speed: (0%), Skills: Bottomless Stomach
Swee, Level: 1, Rank: 1, Gender: Male, HP IV: 65(0%), ATK IV: 97(0%), DEF IV: 30(0%), Work Speed: (0%), Skills: Unstable
Tanzee, Level: 7, Rank: 1, Gender: Male, HP IV: 37(0%), ATK IV: 6(0%), DEF IV: 97(0%), Work Speed: (0%)
Tanzee, Level: 9, Rank: 1, Gender: Male, HP IV: 36(0%), ATK IV: 8(0%), DEF IV: 28(0%), Work Speed: (0%), Skills: Fit as a Fiddle
Vixy, Level: 10, Rank: 1, Gender: Female, HP IV: 77(0%), ATK IV: 4(0%), DEF IV: 8(0%), Work Speed: (0%), Skills: Sickly
Vixy, Level: 4, Rank: 1, Gender: Female, HP IV: 86(0%), ATK IV: 20(0%), DEF IV: 48(0%), Work Speed: (0%), Skills: Workaholic
borgar's 37 Pals
----------------
Beakon, Level: 15, Rank: 1, Gender: Female, HP IV: 50(0%), ATK IV: 23(0%), DEF IV: 55(0%), Work Speed: (0%), Skills: Dragonkiller, Veil of Darkness
Bushi, Level: 15, Rank: 1, Gender: Female, HP IV: 26(0%), ATK IV: 91(0%), DEF IV: 82(0%), Work Speed: (0%), Skills: Hooligan, Hard Skin
Caprity, Level: 1, Rank: 1, Gender: Female, HP IV: 99(0%), ATK IV: 41(0%), DEF IV: 38(0%), Work Speed: (0%), Skills: Stronghold Strategist
Caprity, Level: 16, Rank: 1, Gender: Female, HP IV: 15(0%), ATK IV: 70(0%), DEF IV: 98(0%), Work Speed: (0%), Skills: Philantropist
Celaray, Level: 1, Rank: 1, Gender: Male, HP IV: 52(0%), ATK IV: 78(0%), DEF IV: 63(0%), Work Speed: (0%), Skills: Brittle
Celaray, Level: 1, Rank: 1, Gender: Male, HP IV: 83(0%), ATK IV: 35(0%), DEF IV: 67(0%), Work Speed: (0%), Skills: Clumsy
Chikipi, Level: 5, Rank: 1, Gender: Male, HP IV: 88(0%), ATK IV: 58(0%), DEF IV: 24(0%), Work Speed: (0%), Skills: Pacifist
Chillet, Level: 1, Rank: 1, Gender: Female, HP IV: 93(0%), ATK IV: 85(0%), DEF IV: 55(0%), Work Speed: (0%), Skills: Ferocious
Chillet, Level: 1, Rank: 1, Gender: Male, HP IV: 73(0%), ATK IV: 18(0%), DEF IV: 41(0%), Work Speed: (0%), Skills: Insulated Body, Power of Gaia
Foxcicle, Level: 1, Rank: 1, Gender: Female, HP IV: 68(0%), ATK IV: 35(0%), DEF IV: 32(0%), Work Speed: (0%), Skills: Insulated Body, Noble
Foxcicle, Level: 1, Rank: 1, Gender: Male, HP IV: 47(0%), ATK IV: 59(0%), DEF IV: 86(0%), Work Speed: (0%), Skills: Blood of the Dragon
Foxcicle, Level: 1, Rank: 1, Gender: Male, HP IV: 95(0%), ATK IV: 21(0%), DEF IV: 43(0%), Work Speed: (0%), Skills: Hard Skin
Fuack, Level: 18, Rank: 1, Gender: Male, HP IV: 55(0%), ATK IV: 64(0%), DEF IV: 58(0%), Work Speed: (0%), Skills: Sadist
Fuddler, Level: 16, Rank: 1, Gender: Female, HP IV: 100(0%), ATK IV: 7(0%), DEF IV: 64(0%), Work Speed: (0%), Skills: Power of Gaia
Gumoss, Level: 6, Rank: 1, Gender: Female, HP IV: 53(0%), ATK IV: 33(0%), DEF IV: 93(0%), Work Speed: (0%), Skills: Dainty Eater
Hoocrates, Level: 11, Rank: 1, Gender: Male, HP IV: 32(0%), ATK IV: 23(0%), DEF IV: 50(0%), Work Speed: (0%), Skills: Botanical Barrier, Earthquake Resistant
Lamball, Level: 10, Rank: 1, Gender: Male, HP IV: 20(0%), ATK IV: 30(0%), DEF IV: 18(0%), Work Speed: (0%), Skills: Stronghold Strategist, Bottomless Stomach
Lifmunk, Level: 9, Rank: 1, Gender: Female, HP IV: 26(0%), ATK IV: 39(0%), DEF IV: 9(0%), Work Speed: (0%), Skills: Earthquake Resistant
Mau Cryst, Level: 1, Rank: 1, Gender: Male, HP IV: 21(0%), ATK IV: 65(0%), DEF IV: 88(0%), Work Speed: (0%), Skills: Logging Foreman
Mau, Level: 1, Rank: 1, Gender: Female, HP IV: 10(0%), ATK IV: 35(0%), DEF IV: 57(0%), Work Speed: (0%), Skills: Heated Body
Nitewing, Level: 11, Rank: 1, Gender: Female, HP IV: 45(0%), ATK IV: 18(0%), DEF IV: 56(0%), Work Speed: (0%), Skills: Coward
Nitewing, Level: 12, Rank: 1, Gender: Male, HP IV: 77(0%), ATK IV: 8(0%), DEF IV: 49(0%), Work Speed: (0%), Skills: Veil of Darkness
Nitewing, Level: 15, Rank: 1, Gender: Male, HP IV: 44(0%), ATK IV: 12(0%), DEF IV: 80(0%), Work Speed: (0%)
Nox, Level: 17, Rank: 1, Gender: Male, HP IV: 61(0%), ATK IV: 59(0%), DEF IV: 1(0%), Work Speed: (0%)
Pengullet, Level: 1, Rank: 1, Gender: Male, HP IV: 49(0%), ATK IV: 12(0%), DEF IV: 90(0%), Work Speed: (0%)
Pengullet, Level: 17, Rank: 1, Gender: Male, HP IV: 28(0%), ATK IV: 6(0%), DEF IV: 41(0%), Work Speed: (0%), Skills: Ferocious
Reindrix, Level: 1, Rank: 1, Gender: Male, HP IV: 99(0%), ATK IV: 99(0%), DEF IV: 36(0%), Work Speed: (0%), Skills: Veil of Darkness
Reptyro Cryst, Level: 1, Rank: 1, Gender: Male, HP IV: 1(0%), ATK IV: 78(0%), DEF IV: 21(0%), Work Speed: (0%), Skills: Sickly
Rooby, Level: 15, Rank: 1, Gender: Female, HP IV: 28(0%), ATK IV: 54(0%), DEF IV: 93(0%), Work Speed: (0%)
Sibelyx, Level: 1, Rank: 1, Gender: Female, HP IV: 23(0%), ATK IV: 68(0%), DEF IV: 98(0%), Work Speed: (0%), Skills: Glutton
Swee, Level: 1, Rank: 1, Gender: Male, HP IV: 13(0%), ATK IV: 58(0%), DEF IV: 32(0%), Work Speed: (0%), Skills: Runner
Swee, Level: 1, Rank: 1, Gender: Male, HP IV: 27(0%), ATK IV: 97(0%), DEF IV: 16(0%), Work Speed: (0%), Skills: Bottomless Stomach
Swee, Level: 1, Rank: 1, Gender: Male, HP IV: 65(0%), ATK IV: 97(0%), DEF IV: 30(0%), Work Speed: (0%), Skills: Unstable
Tanzee, Level: 7, Rank: 1, Gender: Male, HP IV: 37(0%), ATK IV: 6(0%), DEF IV: 97(0%), Work Speed: (0%)
Tanzee, Level: 9, Rank: 1, Gender: Male, HP IV: 36(0%), ATK IV: 8(0%), DEF IV: 28(0%), Work Speed: (0%), Skills: Fit as a Fiddle
Vixy, Level: 10, Rank: 1, Gender: Female, HP IV: 77(0%), ATK IV: 4(0%), DEF IV: 8(0%), Work Speed: (0%), Skills: Sickly
Vixy, Level: 4, Rank: 1, Gender: Female, HP IV: 86(0%), ATK IV: 20(0%), DEF IV: 48(0%), Work Speed: (0%), Skills: Workaholic
borgar's 37 Pals
----------------
Beakon, Level: 15, Rank: 1, Gender: Female, HP IV: 50(0%), ATK IV: 23(0%), DEF IV: 55(0%), Work Speed: (0%), Skills: Dragonkiller, Veil of Darkness
Bushi, Level: 15, Rank: 1, Gender: Female, HP IV: 26(0%), ATK IV: 91(0%), DEF IV: 82(0%), Work Speed: (0%), Skills: Hooligan, Hard Skin
Caprity, Level: 1, Rank: 1, Gender: Female, HP IV: 99(0%), ATK IV: 41(0%), DEF IV: 38(0%), Work Speed: (0%), Skills: Stronghold Strategist
Caprity, Level: 16, Rank: 1, Gender: Female, HP IV: 15(0%), ATK IV: 70(0%), DEF IV: 98(0%), Work Speed: (0%), Skills: Philantropist
Celaray, Level: 1, Rank: 1, Gender: Male, HP IV: 52(0%), ATK IV: 78(0%), DEF IV: 63(0%), Work Speed: (0%), Skills: Brittle
Celaray, Level: 1, Rank: 1, Gender: Male, HP IV: 83(0%), ATK IV: 35(0%), DEF IV: 67(0%), Work Speed: (0%), Skills: Clumsy
Chikipi, Level: 5, Rank: 1, Gender: Male, HP IV: 88(0%), ATK IV: 58(0%), DEF IV: 24(0%), Work Speed: (0%), Skills: Pacifist
Chillet, Level: 1, Rank: 1, Gender: Female, HP IV: 93(0%), ATK IV: 85(0%), DEF IV: 55(0%), Work Speed: (0%), Skills: Ferocious
Chillet, Level: 1, Rank: 1, Gender: Male, HP IV: 73(0%), ATK IV: 18(0%), DEF IV: 41(0%), Work Speed: (0%), Skills: Insulated Body, Power of Gaia
Foxcicle, Level: 1, Rank: 1, Gender: Female, HP IV: 68(0%), ATK IV: 35(0%), DEF IV: 32(0%), Work Speed: (0%), Skills: Insulated Body, Noble
Foxcicle, Level: 1, Rank: 1, Gender: Male, HP IV: 47(0%), ATK IV: 59(0%), DEF IV: 86(0%), Work Speed: (0%), Skills: Blood of the Dragon
Foxcicle, Level: 1, Rank: 1, Gender: Male, HP IV: 95(0%), ATK IV: 21(0%), DEF IV: 43(0%), Work Speed: (0%), Skills: Hard Skin
Fuack, Level: 18, Rank: 1, Gender: Male, HP IV: 55(0%), ATK IV: 64(0%), DEF IV: 58(0%), Work Speed: (0%), Skills: Sadist
Fuddler, Level: 16, Rank: 1, Gender: Female, HP IV: 100(0%), ATK IV: 7(0%), DEF IV: 64(0%), Work Speed: (0%), Skills: Power of Gaia
Gumoss, Level: 6, Rank: 1, Gender: Female, HP IV: 53(0%), ATK IV: 33(0%), DEF IV: 93(0%), Work Speed: (0%), Skills: Dainty Eater
Hoocrates, Level: 11, Rank: 1, Gender: Male, HP IV: 32(0%), ATK IV: 23(0%), DEF IV: 50(0%), Work Speed: (0%), Skills: Botanical Barrier, Earthquake Resistant
Lamball, Level: 10, Rank: 1, Gender: Male, HP IV: 20(0%), ATK IV: 30(0%), DEF IV: 18(0%), Work Speed: (0%), Skills: Stronghold Strategist, Bottomless Stomach
Lifmunk, Level: 9, Rank: 1, Gender: Female, HP IV: 26(0%), ATK IV: 39(0%), DEF IV: 9(0%), Work Speed: (0%), Skills: Earthquake Resistant
Mau Cryst, Level: 1, Rank: 1, Gender: Male, HP IV: 21(0%), ATK IV: 65(0%), DEF IV: 88(0%), Work Speed: (0%), Skills: Logging Foreman
Mau, Level: 1, Rank: 1, Gender: Female, HP IV: 10(0%), ATK IV: 35(0%), DEF IV: 57(0%), Work Speed: (0%), Skills: Heated Body
Nitewing, Level: 11, Rank: 1, Gender: Female, HP IV: 45(0%), ATK IV: 18(0%), DEF IV: 56(0%), Work Speed: (0%), Skills: Coward
Nitewing, Level: 12, Rank: 1, Gender: Male, HP IV: 77(0%), ATK IV: 8(0%), DEF IV: 49(0%), Work Speed: (0%), Skills: Veil of Darkness
Nitewing, Level: 15, Rank: 1, Gender: Male, HP IV: 44(0%), ATK IV: 12(0%), DEF IV: 80(0%), Work Speed: (0%)
Nox, Level: 17, Rank: 1, Gender: Male, HP IV: 61(0%), ATK IV: 59(0%), DEF IV: 1(0%), Work Speed: (0%)
Pengullet, Level: 1, Rank: 1, Gender: Male, HP IV: 49(0%), ATK IV: 12(0%), DEF IV: 90(0%), Work Speed: (0%)
Pengullet, Level: 17, Rank: 1, Gender: Male, HP IV: 28(0%), ATK IV: 6(0%), DEF IV: 41(0%), Work Speed: (0%), Skills: Ferocious
Reindrix, Level: 1, Rank: 1, Gender: Male, HP IV: 99(0%), ATK IV: 99(0%), DEF IV: 36(0%), Work Speed: (0%), Skills: Veil of Darkness
Reptyro Cryst, Level: 1, Rank: 1, Gender: Male, HP IV: 1(0%), ATK IV: 78(0%), DEF IV: 21(0%), Work Speed: (0%), Skills: Sickly
Rooby, Level: 15, Rank: 1, Gender: Female, HP IV: 28(0%), ATK IV: 54(0%), DEF IV: 93(0%), Work Speed: (0%)
Sibelyx, Level: 1, Rank: 1, Gender: Female, HP IV: 23(0%), ATK IV: 68(0%), DEF IV: 98(0%), Work Speed: (0%), Skills: Glutton
Swee, Level: 1, Rank: 1, Gender: Male, HP IV: 13(0%), ATK IV: 58(0%), DEF IV: 32(0%), Work Speed: (0%), Skills: Runner
Swee, Level: 1, Rank: 1, Gender: Male, HP IV: 27(0%), ATK IV: 97(0%), DEF IV: 16(0%), Work Speed: (0%), Skills: Bottomless Stomach
Swee, Level: 1, Rank: 1, Gender: Male, HP IV: 65(0%), ATK IV: 97(0%), DEF IV: 30(0%), Work Speed: (0%), Skills: Unstable
Tanzee, Level: 7, Rank: 1, Gender: Male, HP IV: 37(0%), ATK IV: 6(0%), DEF IV: 97(0%), Work Speed: (0%)
Tanzee, Level: 9, Rank: 1, Gender: Male, HP IV: 36(0%), ATK IV: 8(0%), DEF IV: 28(0%), Work Speed: (0%), Skills: Fit as a Fiddle
Vixy, Level: 10, Rank: 1, Gender: Female, HP IV: 77(0%), ATK IV: 4(0%), DEF IV: 8(0%), Work Speed: (0%), Skills: Sickly
Vixy, Level: 4, Rank: 1, Gender: Female, HP IV: 86(0%), ATK IV: 20(0%), DEF IV: 48(0%), Work Speed: (0%), Skills: Workaholic
borgar's 37 Pals
----------------
Beakon, Level: 15, Rank: 1, Gender: Female, HP IV: 50(0%), ATK IV: 23(0%), DEF IV: 55(0%), Work Speed: (0%), Skills: Dragonkiller, Veil of Darkness
Bushi, Level: 15, Rank: 1, Gender: Female, HP IV: 26(0%), ATK IV: 91(0%), DEF IV: 82(0%), Work Speed: (0%), Skills: Hooligan, Hard Skin
Caprity, Level: 1, Rank: 1, Gender: Female, HP IV: 99(0%), ATK IV: 41(0%), DEF IV: 38(0%), Work Speed: (0%), Skills: Stronghold Strategist
Caprity, Level: 16, Rank: 1, Gender: Female, HP IV: 15(0%), ATK IV: 70(0%), DEF IV: 98(0%), Work Speed: (0%), Skills: Philantropist
Celaray, Level: 1, Rank: 1, Gender: Male, HP IV: 52(0%), ATK IV: 78(0%), DEF IV: 63(0%), Work Speed: (0%), Skills: Brittle
Celaray, Level: 1, Rank: 1, Gender: Male, HP IV: 83(0%), ATK IV: 35(0%), DEF IV: 67(0%), Work Speed: (0%), Skills: Clumsy
Chikipi, Level: 5, Rank: 1, Gender: Male, HP IV: 88(0%), ATK IV: 58(0%), DEF IV: 24(0%), Work Speed: (0%), Skills: Pacifist
Chillet, Level: 1, Rank: 1, Gender: Female, HP IV: 93(0%), ATK IV: 85(0%), DEF IV: 55(0%), Work Speed: (0%), Skills: Ferocious
Chillet, Level: 1, Rank: 1, Gender: Male, HP IV: 73(0%), ATK IV: 18(0%), DEF IV: 41(0%), Work Speed: (0%), Skills: Insulated Body, Power of Gaia
Foxcicle, Level: 1, Rank: 1, Gender: Female, HP IV: 68(0%), ATK IV: 35(0%), DEF IV: 32(0%), Work Speed: (0%), Skills: Insulated Body, Noble
Foxcicle, Level: 1, Rank: 1, Gender: Male, HP IV: 47(0%), ATK IV: 59(0%), DEF IV: 86(0%), Work Speed: (0%), Skills: Blood of the Dragon
Foxcicle, Level: 1, Rank: 1, Gender: Male, HP IV: 95(0%), ATK IV: 21(0%), DEF IV: 43(0%), Work Speed: (0%), Skills: Hard Skin
Fuack, Level: 18, Rank: 1, Gender: Male, HP IV: 55(0%), ATK IV: 64(0%), DEF IV: 58(0%), Work Speed: (0%), Skills: Sadist
Fuddler, Level: 16, Rank: 1, Gender: Female, HP IV: 100(0%), ATK IV: 7(0%), DEF IV: 64(0%), Work Speed: (0%), Skills: Power of Gaia
Gumoss, Level: 6, Rank: 1, Gender: Female, HP IV: 53(0%), ATK IV: 33(0%), DEF IV: 93(0%), Work Speed: (0%), Skills: Dainty Eater
Hoocrates, Level: 11, Rank: 1, Gender: Male, HP IV: 32(0%), ATK IV: 23(0%), DEF IV: 50(0%), Work Speed: (0%), Skills: Botanical Barrier, Earthquake Resistant
Lamball, Level: 10, Rank: 1, Gender: Male, HP IV: 20(0%), ATK IV: 30(0%), DEF IV: 18(0%), Work Speed: (0%), Skills: Stronghold Strategist, Bottomless Stomach
Lifmunk, Level: 9, Rank: 1, Gender: Female, HP IV: 26(0%), ATK IV: 39(0%), DEF IV: 9(0%), Work Speed: (0%), Skills: Earthquake Resistant
Mau Cryst, Level: 1, Rank: 1, Gender: Male, HP IV: 21(0%), ATK IV: 65(0%), DEF IV: 88(0%), Work Speed: (0%), Skills: Logging Foreman
Mau, Level: 1, Rank: 1, Gender: Female, HP IV: 10(0%), ATK IV: 35(0%), DEF IV: 57(0%), Work Speed: (0%), Skills: Heated Body
Nitewing, Level: 11, Rank: 1, Gender: Female, HP IV: 45(0%), ATK IV: 18(0%), DEF IV: 56(0%), Work Speed: (0%), Skills: Coward
Nitewing, Level: 12, Rank: 1, Gender: Male, HP IV: 77(0%), ATK IV: 8(0%), DEF IV: 49(0%), Work Speed: (0%), Skills: Veil of Darkness
Nitewing, Level: 15, Rank: 1, Gender: Male, HP IV: 44(0%), ATK IV: 12(0%), DEF IV: 80(0%), Work Speed: (0%)
Nox, Level: 17, Rank: 1, Gender: Male, HP IV: 61(0%), ATK IV: 59(0%), DEF IV: 1(0%), Work Speed: (0%)
Pengullet, Level: 1, Rank: 1, Gender: Male, HP IV: 49(0%), ATK IV: 12(0%), DEF IV: 90(0%), Work Speed: (0%)
Pengullet, Level: 17, Rank: 1, Gender: Male, HP IV: 28(0%), ATK IV: 6(0%), DEF IV: 41(0%), Work Speed: (0%), Skills: Ferocious
Reindrix, Level: 1, Rank: 1, Gender: Male, HP IV: 99(0%), ATK IV: 99(0%), DEF IV: 36(0%), Work Speed: (0%), Skills: Veil of Darkness
Reptyro Cryst, Level: 1, Rank: 1, Gender: Male, HP IV: 1(0%), ATK IV: 78(0%), DEF IV: 21(0%), Work Speed: (0%), Skills: Sickly
Rooby, Level: 15, Rank: 1, Gender: Female, HP IV: 28(0%), ATK IV: 54(0%), DEF IV: 93(0%), Work Speed: (0%)
Sibelyx, Level: 1, Rank: 1, Gender: Female, HP IV: 23(0%), ATK IV: 68(0%), DEF IV: 98(0%), Work Speed: (0%), Skills: Glutton
Swee, Level: 1, Rank: 1, Gender: Male, HP IV: 13(0%), ATK IV: 58(0%), DEF IV: 32(0%), Work Speed: (0%), Skills: Runner
Swee, Level: 1, Rank: 1, Gender: Male, HP IV: 27(0%), ATK IV: 97(0%), DEF IV: 16(0%), Work Speed: (0%), Skills: Bottomless Stomach
Swee, Level: 1, Rank: 1, Gender: Male, HP IV: 65(0%), ATK IV: 97(0%), DEF IV: 30(0%), Work Speed: (0%), Skills: Unstable
Tanzee, Level: 7, Rank: 1, Gender: Male, HP IV: 37(0%), ATK IV: 6(0%), DEF IV: 97(0%), Work Speed: (0%)
Tanzee, Level: 9, Rank: 1, Gender: Male, HP IV: 36(0%), ATK IV: 8(0%), DEF IV: 28(0%), Work Speed: (0%), Skills: Fit as a Fiddle
Vixy, Level: 10, Rank: 1, Gender: Female, HP IV: 77(0%), ATK IV: 4(0%), DEF IV: 8(0%), Work Speed: (0%), Skills: Sickly
Vixy, Level: 4, Rank: 1, Gender: Female, HP IV: 86(0%), ATK IV: 20(0%), DEF IV: 48(0%), Work Speed: (0%), Skills: Workaholic
borgar's 37 Pals
----------------
Beakon, Level: 15, Rank: 1, Gender: Female, HP IV: 50(0%), ATK IV: 23(0%), DEF IV: 55(0%), Work Speed: (0%), Skills: Dragonkiller, Veil of Darkness
Bushi, Level: 15, Rank: 1, Gender: Female, HP IV: 26(0%), ATK IV: 91(0%), DEF IV: 82(0%), Work Speed: (0%), Skills: Hooligan, Hard Skin
Caprity, Level: 1, Rank: 1, Gender: Female, HP IV: 99(0%), ATK IV: 41(0%), DEF IV: 38(0%), Work Speed: (0%), Skills: Stronghold Strategist
Caprity, Level: 16, Rank: 1, Gender: Female, HP IV: 15(0%), ATK IV: 70(0%), DEF IV: 98(0%), Work Speed: (0%), Skills: Philantropist
Celaray, Level: 1, Rank: 1, Gender: Male, HP IV: 52(0%), ATK IV: 78(0%), DEF IV: 63(0%), Work Speed: (0%), Skills: Brittle
Celaray, Level: 1, Rank: 1, Gender: Male, HP IV: 83(0%), ATK IV: 35(0%), DEF IV: 67(0%), Work Speed: (0%), Skills: Clumsy
Chikipi, Level: 5, Rank: 1, Gender: Male, HP IV: 88(0%), ATK IV: 58(0%), DEF IV: 24(0%), Work Speed: (0%), Skills: Pacifist
Chillet, Level: 1, Rank: 1, Gender: Female, HP IV: 93(0%), ATK IV: 85(0%), DEF IV: 55(0%), Work Speed: (0%), Skills: Ferocious
Chillet, Level: 1, Rank: 1, Gender: Male, HP IV: 73(0%), ATK IV: 18(0%), DEF IV: 41(0%), Work Speed: (0%), Skills: Insulated Body, Power of Gaia
Foxcicle, Level: 1, Rank: 1, Gender: Female, HP IV: 68(0%), ATK IV: 35(0%), DEF IV: 32(0%), Work Speed: (0%), Skills: Insulated Body, Noble
Foxcicle, Level: 1, Rank: 1, Gender: Male, HP IV: 47(0%), ATK IV: 59(0%), DEF IV: 86(0%), Work Speed: (0%), Skills: Blood of the Dragon
Foxcicle, Level: 1, Rank: 1, Gender: Male, HP IV: 95(0%), ATK IV: 21(0%), DEF IV: 43(0%), Work Speed: (0%), Skills: Hard Skin
Fuack, Level: 18, Rank: 1, Gender: Male, HP IV: 55(0%), ATK IV: 64(0%), DEF IV: 58(0%), Work Speed: (0%), Skills: Sadist
Fuddler, Level: 16, Rank: 1, Gender: Female, HP IV: 100(0%), ATK IV: 7(0%), DEF IV: 64(0%), Work Speed: (0%), Skills: Power of Gaia
Gumoss, Level: 6, Rank: 1, Gender: Female, HP IV: 53(0%), ATK IV: 33(0%), DEF IV: 93(0%), Work Speed: (0%), Skills: Dainty Eater
Hoocrates, Level: 11, Rank: 1, Gender: Male, HP IV: 32(0%), ATK IV: 23(0%), DEF IV: 50(0%), Work Speed: (0%), Skills: Botanical Barrier, Earthquake Resistant
Lamball, Level: 10, Rank: 1, Gender: Male, HP IV: 20(0%), ATK IV: 30(0%), DEF IV: 18(0%), Work Speed: (0%), Skills: Stronghold Strategist, Bottomless Stomach
Lifmunk, Level: 9, Rank: 1, Gender: Female, HP IV: 26(0%), ATK IV: 39(0%), DEF IV: 9(0%), Work Speed: (0%), Skills: Earthquake Resistant
Mau Cryst, Level: 1, Rank: 1, Gender: Male, HP IV: 21(0%), ATK IV: 65(0%), DEF IV: 88(0%), Work Speed: (0%), Skills: Logging Foreman
Mau, Level: 1, Rank: 1, Gender: Female, HP IV: 10(0%), ATK IV: 35(0%), DEF IV: 57(0%), Work Speed: (0%), Skills: Heated Body
Nitewing, Level: 11, Rank: 1, Gender: Female, HP IV: 45(0%), ATK IV: 18(0%), DEF IV: 56(0%), Work Speed: (0%), Skills: Coward
Nitewing, Level: 12, Rank: 1, Gender: Male, HP IV: 77(0%), ATK IV: 8(0%), DEF IV: 49(0%), Work Speed: (0%), Skills: Veil of Darkness
Nitewing, Level: 15, Rank: 1, Gender: Male, HP IV: 44(0%), ATK IV: 12(0%), DEF IV: 80(0%), Work Speed: (0%)
Nox, Level: 17, Rank: 1, Gender: Male, HP IV: 61(0%), ATK IV: 59(0%), DEF IV: 1(0%), Work Speed: (0%)
Pengullet, Level: 1, Rank: 1, Gender: Male, HP IV: 49(0%), ATK IV: 12(0%), DEF IV: 90(0%), Work Speed: (0%)
Pengullet, Level: 17, Rank: 1, Gender: Male, HP IV: 28(0%), ATK IV: 6(0%), DEF IV: 41(0%), Work Speed: (0%), Skills: Ferocious
Reindrix, Level: 1, Rank: 1, Gender: Male, HP IV: 99(0%), ATK IV: 99(0%), DEF IV: 36(0%), Work Speed: (0%), Skills: Veil of Darkness
Reptyro Cryst, Level: 1, Rank: 1, Gender: Male, HP IV: 1(0%), ATK IV: 78(0%), DEF IV: 21(0%), Work Speed: (0%), Skills: Sickly
Rooby, Level: 15, Rank: 1, Gender: Female, HP IV: 28(0%), ATK IV: 54(0%), DEF IV: 93(0%), Work Speed: (0%)
Sibelyx, Level: 1, Rank: 1, Gender: Female, HP IV: 23(0%), ATK IV: 68(0%), DEF IV: 98(0%), Work Speed: (0%), Skills: Glutton
Swee, Level: 1, Rank: 1, Gender: Male, HP IV: 13(0%), ATK IV: 58(0%), DEF IV: 32(0%), Work Speed: (0%), Skills: Runner
Swee, Level: 1, Rank: 1, Gender: Male, HP IV: 27(0%), ATK IV: 97(0%), DEF IV: 16(0%), Work Speed: (0%), Skills: Bottomless Stomach
Swee, Level: 1, Rank: 1, Gender: Male, HP IV: 65(0%), ATK IV: 97(0%), DEF IV: 30(0%), Work Speed: (0%), Skills: Unstable
Tanzee, Level: 7, Rank: 1, Gender: Male, HP IV: 37(0%), ATK IV: 6(0%), DEF IV: 97(0%), Work Speed: (0%)
Tanzee, Level: 9, Rank: 1, Gender: Male, HP IV: 36(0%), ATK IV: 8(0%), DEF IV: 28(0%), Work Speed: (0%), Skills: Fit as a Fiddle
Vixy, Level: 10, Rank: 1, Gender: Female, HP IV: 77(0%), ATK IV: 4(0%), DEF IV: 8(0%), Work Speed: (0%), Skills: Sickly
Vixy, Level: 4, Rank: 1, Gender: Female, HP IV: 86(0%), ATK IV: 20(0%), DEF IV: 48(0%), Work Speed: (0%), Skills: Workaholic
borgar's 37 Pals
----------------
Beakon, Level: 15, Rank: 1, Gender: Female, HP IV: 50(0%), ATK IV: 23(0%), DEF IV: 55(0%), Work Speed: (0%), Skills: Dragonkiller, Veil of Darkness
Bushi, Level: 15, Rank: 1, Gender: Female, HP IV: 26(0%), ATK IV: 91(0%), DEF IV: 82(0%), Work Speed: (0%), Skills: Hooligan, Hard Skin
Caprity, Level: 1, Rank: 1, Gender: Female, HP IV: 99(0%), ATK IV: 41(0%), DEF IV: 38(0%), Work Speed: (0%), Skills: Stronghold Strategist
Caprity, Level: 16, Rank: 1, Gender: Female, HP IV: 15(0%), ATK IV: 70(0%), DEF IV: 98(0%), Work Speed: (0%), Skills: Philantropist
Celaray, Level: 1, Rank: 1, Gender: Male, HP IV: 52(0%), ATK IV: 78(0%), DEF IV: 63(0%), Work Speed: (0%), Skills: Brittle
Celaray, Level: 1, Rank: 1, Gender: Male, HP IV: 83(0%), ATK IV: 35(0%), DEF IV: 67(0%), Work Speed: (0%), Skills: Clumsy
Chikipi, Level: 5, Rank: 1, Gender: Male, HP IV: 88(0%), ATK IV: 58(0%), DEF IV: 24(0%), Work Speed: (0%), Skills: Pacifist
Chillet, Level: 1, Rank: 1, Gender: Female, HP IV: 93(0%), ATK IV: 85(0%), DEF IV: 55(0%), Work Speed: (0%), Skills: Ferocious
Chillet, Level: 1, Rank: 1, Gender: Male, HP IV: 73(0%), ATK IV: 18(0%), DEF IV: 41(0%), Work Speed: (0%), Skills: Insulated Body, Power of Gaia
Foxcicle, Level: 1, Rank: 1, Gender: Female, HP IV: 68(0%), ATK IV: 35(0%), DEF IV: 32(0%), Work Speed: (0%), Skills: Insulated Body, Noble
Foxcicle, Level: 1, Rank: 1, Gender: Male, HP IV: 47(0%), ATK IV: 59(0%), DEF IV: 86(0%), Work Speed: (0%), Skills: Blood of the Dragon
Foxcicle, Level: 1, Rank: 1, Gender: Male, HP IV: 95(0%), ATK IV: 21(0%), DEF IV: 43(0%), Work Speed: (0%), Skills: Hard Skin
Fuack, Level: 18, Rank: 1, Gender: Male, HP IV: 55(0%), ATK IV: 64(0%), DEF IV: 58(0%), Work Speed: (0%), Skills: Sadist
Fuddler, Level: 16, Rank: 1, Gender: Female, HP IV: 100(0%), ATK IV: 7(0%), DEF IV: 64(0%), Work Speed: (0%), Skills: Power of Gaia
Gumoss, Level: 6, Rank: 1, Gender: Female, HP IV: 53(0%), ATK IV: 33(0%), DEF IV: 93(0%), Work Speed: (0%), Skills: Dainty Eater
Hoocrates, Level: 11, Rank: 1, Gender: Male, HP IV: 32(0%), ATK IV: 23(0%), DEF IV: 50(0%), Work Speed: (0%), Skills: Botanical Barrier, Earthquake Resistant
Lamball, Level: 10, Rank: 1, Gender: Male, HP IV: 20(0%), ATK IV: 30(0%), DEF IV: 18(0%), Work Speed: (0%), Skills: Stronghold Strategist, Bottomless Stomach
Lifmunk, Level: 9, Rank: 1, Gender: Female, HP IV: 26(0%), ATK IV: 39(0%), DEF IV: 9(0%), Work Speed: (0%), Skills: Earthquake Resistant
Mau Cryst, Level: 1, Rank: 1, Gender: Male, HP IV: 21(0%), ATK IV: 65(0%), DEF IV: 88(0%), Work Speed: (0%), Skills: Logging Foreman
Mau, Level: 1, Rank: 1, Gender: Female, HP IV: 10(0%), ATK IV: 35(0%), DEF IV: 57(0%), Work Speed: (0%), Skills: Heated Body
Nitewing, Level: 11, Rank: 1, Gender: Female, HP IV: 45(0%), ATK IV: 18(0%), DEF IV: 56(0%), Work Speed: (0%), Skills: Coward
Nitewing, Level: 12, Rank: 1, Gender: Male, HP IV: 77(0%), ATK IV: 8(0%), DEF IV: 49(0%), Work Speed: (0%), Skills: Veil of Darkness
Nitewing, Level: 15, Rank: 1, Gender: Male, HP IV: 44(0%), ATK IV: 12(0%), DEF IV: 80(0%), Work Speed: (0%)
Nox, Level: 17, Rank: 1, Gender: Male, HP IV: 61(0%), ATK IV: 59(0%), DEF IV: 1(0%), Work Speed: (0%)
Pengullet, Level: 1, Rank: 1, Gender: Male, HP IV: 49(0%), ATK IV: 12(0%), DEF IV: 90(0%), Work Speed: (0%)
Pengullet, Level: 17, Rank: 1, Gender: Male, HP IV: 28(0%), ATK IV: 6(0%), DEF IV: 41(0%), Work Speed: (0%), Skills: Ferocious
Reindrix, Level: 1, Rank: 1, Gender: Male, HP IV: 99(0%), ATK IV: 99(0%), DEF IV: 36(0%), Work Speed: (0%), Skills: Veil of Darkness
Reptyro Cryst, Level: 1, Rank: 1, Gender: Male, HP IV: 1(0%), ATK IV: 78(0%), DEF IV: 21(0%), Work Speed: (0%), Skills: Sickly
Rooby, Level: 15, Rank: 1, Gender: Female, HP IV: 28(0%), ATK IV: 54(0%), DEF IV: 93(0%), Work Speed: (0%)
Sibelyx, Level: 1, Rank: 1, Gender: Female, HP IV: 23(0%), ATK IV: 68(0%), DEF IV: 98(0%), Work Speed: (0%), Skills: Glutton
Swee, Level: 1, Rank: 1, Gender: Male, HP IV: 13(0%), ATK IV: 58(0%), DEF IV: 32(0%), Work Speed: (0%), Skills: Runner
Swee, Level: 1, Rank: 1, Gender: Male, HP IV: 27(0%), ATK IV: 97(0%), DEF IV: 16(0%), Work Speed: (0%), Skills: Bottomless Stomach
Swee, Level: 1, Rank: 1, Gender: Male, HP IV: 65(0%), ATK IV: 97(0%), DEF IV: 30(0%), Work Speed: (0%), Skills: Unstable
Tanzee, Level: 7, Rank: 1, Gender: Male, HP IV: 37(0%), ATK IV: 6(0%), DEF IV: 97(0%), Work Speed: (0%)
Tanzee, Level: 9, Rank: 1, Gender: Male, HP IV: 36(0%), ATK IV: 8(0%), DEF IV: 28(0%), Work Speed: (0%), Skills: Fit as a Fiddle
Vixy, Level: 10, Rank: 1, Gender: Female, HP IV: 77(0%), ATK IV: 4(0%), DEF IV: 8(0%), Work Speed: (0%), Skills: Sickly
Vixy, Level: 4, Rank: 1, Gender: Female, HP IV: 86(0%), ATK IV: 20(0%), DEF IV: 48(0%), Work Speed: (0%), Skills: Workaholic
borgar's 37 Pals
----------------
Beakon, Level: 15, Rank: 1, Gender: Female, HP IV: 50(0%), ATK IV: 23(0%), DEF IV: 55(0%), Work Speed: (0%), Skills: Dragonkiller, Veil of Darkness
Bushi, Level: 15, Rank: 1, Gender: Female, HP IV: 26(0%), ATK IV: 91(0%), DEF IV: 82(0%), Work Speed: (0%), Skills: Hooligan, Hard Skin
Caprity, Level: 1, Rank: 1, Gender: Female, HP IV: 99(0%), ATK IV: 41(0%), DEF IV: 38(0%), Work Speed: (0%), Skills: Stronghold Strategist
Caprity, Level: 16, Rank: 1, Gender: Female, HP IV: 15(0%), ATK IV: 70(0%), DEF IV: 98(0%), Work Speed: (0%), Skills: Philantropist
Celaray, Level: 1, Rank: 1, Gender: Male, HP IV: 52(0%), ATK IV: 78(0%), DEF IV: 63(0%), Work Speed: (0%), Skills: Brittle
Celaray, Level: 1, Rank: 1, Gender: Male, HP IV: 83(0%), ATK IV: 35(0%), DEF IV: 67(0%), Work Speed: (0%), Skills: Clumsy
Chikipi, Level: 5, Rank: 1, Gender: Male, HP IV: 88(0%), ATK IV: 58(0%), DEF IV: 24(0%), Work Speed: (0%), Skills: Pacifist
Chillet, Level: 1, Rank: 1, Gender: Female, HP IV: 93(0%), ATK IV: 85(0%), DEF IV: 55(0%), Work Speed: (0%), Skills: Ferocious
Chillet, Level: 1, Rank: 1, Gender: Male, HP IV: 73(0%), ATK IV: 18(0%), DEF IV: 41(0%), Work Speed: (0%), Skills: Insulated Body, Power of Gaia
Foxcicle, Level: 1, Rank: 1, Gender: Female, HP IV: 68(0%), ATK IV: 35(0%), DEF IV: 32(0%), Work Speed: (0%), Skills: Insulated Body, Noble
Foxcicle, Level: 1, Rank: 1, Gender: Male, HP IV: 47(0%), ATK IV: 59(0%), DEF IV: 86(0%), Work Speed: (0%), Skills: Blood of the Dragon
Foxcicle, Level: 1, Rank: 1, Gender: Male, HP IV: 95(0%), ATK IV: 21(0%), DEF IV: 43(0%), Work Speed: (0%), Skills: Hard Skin
Fuack, Level: 18, Rank: 1, Gender: Male, HP IV: 55(0%), ATK IV: 64(0%), DEF IV: 58(0%), Work Speed: (0%), Skills: Sadist
Fuddler, Level: 16, Rank: 1, Gender: Female, HP IV: 100(0%), ATK IV: 7(0%), DEF IV: 64(0%), Work Speed: (0%), Skills: Power of Gaia
Gumoss, Level: 6, Rank: 1, Gender: Female, HP IV: 53(0%), ATK IV: 33(0%), DEF IV: 93(0%), Work Speed: (0%), Skills: Dainty Eater
Hoocrates, Level: 11, Rank: 1, Gender: Male, HP IV: 32(0%), ATK IV: 23(0%), DEF IV: 50(0%), Work Speed: (0%), Skills: Botanical Barrier, Earthquake Resistant
Lamball, Level: 10, Rank: 1, Gender: Male, HP IV: 20(0%), ATK IV: 30(0%), DEF IV: 18(0%), Work Speed: (0%), Skills: Stronghold Strategist, Bottomless Stomach
Lifmunk, Level: 9, Rank: 1, Gender: Female, HP IV: 26(0%), ATK IV: 39(0%), DEF IV: 9(0%), Work Speed: (0%), Skills: Earthquake Resistant
Mau Cryst, Level: 1, Rank: 1, Gender: Male, HP IV: 21(0%), ATK IV: 65(0%), DEF IV: 88(0%), Work Speed: (0%), Skills: Logging Foreman
Mau, Level: 1, Rank: 1, Gender: Female, HP IV: 10(0%), ATK IV: 35(0%), DEF IV: 57(0%), Work Speed: (0%), Skills: Heated Body
Nitewing, Level: 11, Rank: 1, Gender: Female, HP IV: 45(0%), ATK IV: 18(0%), DEF IV: 56(0%), Work Speed: (0%), Skills: Coward
Nitewing, Level: 12, Rank: 1, Gender: Male, HP IV: 77(0%), ATK IV: 8(0%), DEF IV: 49(0%), Work Speed: (0%), Skills: Veil of Darkness
Nitewing, Level: 15, Rank: 1, Gender: Male, HP IV: 44(0%), ATK IV: 12(0%), DEF IV: 80(0%), Work Speed: (0%)
Nox, Level: 17, Rank: 1, Gender: Male, HP IV: 61(0%), ATK IV: 59(0%), DEF IV: 1(0%), Work Speed: (0%)
Pengullet, Level: 1, Rank: 1, Gender: Male, HP IV: 49(0%), ATK IV: 12(0%), DEF IV: 90(0%), Work Speed: (0%)
Pengullet, Level: 17, Rank: 1, Gender: Male, HP IV: 28(0%), ATK IV: 6(0%), DEF IV: 41(0%), Work Speed: (0%), Skills: Ferocious
Reindrix, Level: 1, Rank: 1, Gender: Male, HP IV: 99(0%), ATK IV: 99(0%), DEF IV: 36(0%), Work Speed: (0%), Skills: Veil of Darkness
Reptyro Cryst, Level: 1, Rank: 1, Gender: Male, HP IV: 1(0%), ATK IV: 78(0%), DEF IV: 21(0%), Work Speed: (0%), Skills: Sickly
Rooby, Level: 15, Rank: 1, Gender: Female, HP IV: 28(0%), ATK IV: 54(0%), DEF IV: 93(0%), Work Speed: (0%)
Sibelyx, Level: 1, Rank: 1, Gender: Female, HP IV: 23(0%), ATK IV: 68(0%), DEF IV: 98(0%), Work Speed: (0%), Skills: Glutton
Swee, Level: 1, Rank: 1, Gender: Male, HP IV: 13(0%), ATK IV: 58(0%), DEF IV: 32(0%), Work Speed: (0%), Skills: Runner
Swee, Level: 1, Rank: 1, Gender: Male, HP IV: 27(0%), ATK IV: 97(0%), DEF IV: 16(0%), Work Speed: (0%), Skills: Bottomless Stomach
Swee, Level: 1, Rank: 1, Gender: Male, HP IV: 65(0%), ATK IV: 97(0%), DEF IV: 30(0%), Work Speed: (0%), Skills: Unstable
Tanzee, Level: 7, Rank: 1, Gender: Male, HP IV: 37(0%), ATK IV: 6(0%), DEF IV: 97(0%), Work Speed: (0%)
Tanzee, Level: 9, Rank: 1, Gender: Male, HP IV: 36(0%), ATK IV: 8(0%), DEF IV: 28(0%), Work Speed: (0%), Skills: Fit as a Fiddle
Vixy, Level: 10, Rank: 1, Gender: Female, HP IV: 77(0%), ATK IV: 4(0%), DEF IV: 8(0%), Work Speed: (0%), Skills: Sickly
Vixy, Level: 4, Rank: 1, Gender: Female, HP IV: 86(0%), ATK IV: 20(0%), DEF IV: 48(0%), Work Speed: (0%), Skills: Workaholic
borgar's 37 Pals
----------------
Beakon, Level: 15, Rank: 1, Gender: Female, HP IV: 50(0%), ATK IV: 23(0%), DEF IV: 55(0%), Work Speed: (0%), Skills: Dragonkiller, Veil of Darkness
Bushi, Level: 15, Rank: 1, Gender: Female, HP IV: 26(0%), ATK IV: 91(0%), DEF IV: 82(0%), Work Speed: (0%), Skills: Hooligan, Hard Skin
Caprity, Level: 1, Rank: 1, Gender: Female, HP IV: 99(0%), ATK IV: 41(0%), DEF IV: 38(0%), Work Speed: (0%), Skills: Stronghold Strategist
Caprity, Level: 16, Rank: 1, Gender: Female, HP IV: 15(0%), ATK IV: 70(0%), DEF IV: 98(0%), Work Speed: (0%), Skills: Philantropist
Celaray, Level: 1, Rank: 1, Gender: Male, HP IV: 52(0%), ATK IV: 78(0%), DEF IV: 63(0%), Work Speed: (0%), Skills: Brittle
Celaray, Level: 1, Rank: 1, Gender: Male, HP IV: 83(0%), ATK IV: 35(0%), DEF IV: 67(0%), Work Speed: (0%), Skills: Clumsy
Chikipi, Level: 5, Rank: 1, Gender: Male, HP IV: 88(0%), ATK IV: 58(0%), DEF IV: 24(0%), Work Speed: (0%), Skills: Pacifist
Chillet, Level: 1, Rank: 1, Gender: Female, HP IV: 93(0%), ATK IV: 85(0%), DEF IV: 55(0%), Work Speed: (0%), Skills: Ferocious
Chillet, Level: 1, Rank: 1, Gender: Male, HP IV: 73(0%), ATK IV: 18(0%), DEF IV: 41(0%), Work Speed: (0%), Skills: Insulated Body, Power of Gaia
Foxcicle, Level: 1, Rank: 1, Gender: Female, HP IV: 68(0%), ATK IV: 35(0%), DEF IV: 32(0%), Work Speed: (0%), Skills: Insulated Body, Noble
Foxcicle, Level: 1, Rank: 1, Gender: Male, HP IV: 47(0%), ATK IV: 59(0%), DEF IV: 86(0%), Work Speed: (0%), Skills: Blood of the Dragon
Foxcicle, Level: 1, Rank: 1, Gender: Male, HP IV: 95(0%), ATK IV: 21(0%), DEF IV: 43(0%), Work Speed: (0%), Skills: Hard Skin
Fuack, Level: 18, Rank: 1, Gender: Male, HP IV: 55(0%), ATK IV: 64(0%), DEF IV: 58(0%), Work Speed: (0%), Skills: Sadist
Fuddler, Level: 16, Rank: 1, Gender: Female, HP IV: 100(0%), ATK IV: 7(0%), DEF IV: 64(0%), Work Speed: (0%), Skills: Power of Gaia
Gumoss, Level: 6, Rank: 1, Gender: Female, HP IV: 53(0%), ATK IV: 33(0%), DEF IV: 93(0%), Work Speed: (0%), Skills: Dainty Eater
Hoocrates, Level: 11, Rank: 1, Gender: Male, HP IV: 32(0%), ATK IV: 23(0%), DEF IV: 50(0%), Work Speed: (0%), Skills: Botanical Barrier, Earthquake Resistant
Lamball, Level: 10, Rank: 1, Gender: Male, HP IV: 20(0%), ATK IV: 30(0%), DEF IV: 18(0%), Work Speed: (0%), Skills: Stronghold Strategist, Bottomless Stomach
Lifmunk, Level: 9, Rank: 1, Gender: Female, HP IV: 26(0%), ATK IV: 39(0%), DEF IV: 9(0%), Work Speed: (0%), Skills: Earthquake Resistant
Mau Cryst, Level: 1, Rank: 1, Gender: Male, HP IV: 21(0%), ATK IV: 65(0%), DEF IV: 88(0%), Work Speed: (0%), Skills: Logging Foreman
Mau, Level: 1, Rank: 1, Gender: Female, HP IV: 10(0%), ATK IV: 35(0%), DEF IV: 57(0%), Work Speed: (0%), Skills: Heated Body
Nitewing, Level: 11, Rank: 1, Gender: Female, HP IV: 45(0%), ATK IV: 18(0%), DEF IV: 56(0%), Work Speed: (0%), Skills: Coward
Nitewing, Level: 12, Rank: 1, Gender: Male, HP IV: 77(0%), ATK IV: 8(0%), DEF IV: 49(0%), Work Speed: (0%), Skills: Veil of Darkness
Nitewing, Level: 15, Rank: 1, Gender: Male, HP IV: 44(0%), ATK IV: 12(0%), DEF IV: 80(0%), Work Speed: (0%)
Nox, Level: 17, Rank: 1, Gender: Male, HP IV: 61(0%), ATK IV: 59(0%), DEF IV: 1(0%), Work Speed: (0%)
Pengullet, Level: 1, Rank: 1, Gender: Male, HP IV: 49(0%), ATK IV: 12(0%), DEF IV: 90(0%), Work Speed: (0%)
Pengullet, Level: 17, Rank: 1, Gender: Male, HP IV: 28(0%), ATK IV: 6(0%), DEF IV: 41(0%), Work Speed: (0%), Skills: Ferocious
Reindrix, Level: 1, Rank: 1, Gender: Male, HP IV: 99(0%), ATK IV: 99(0%), DEF IV: 36(0%), Work Speed: (0%), Skills: Veil of Darkness
Reptyro Cryst, Level: 1, Rank: 1, Gender: Male, HP IV: 1(0%), ATK IV: 78(0%), DEF IV: 21(0%), Work Speed: (0%), Skills: Sickly
Rooby, Level: 15, Rank: 1, Gender: Female, HP IV: 28(0%), ATK IV: 54(0%), DEF IV: 93(0%), Work Speed: (0%)
Sibelyx, Level: 1, Rank: 1, Gender: Female, HP IV: 23(0%), ATK IV: 68(0%), DEF IV: 98(0%), Work Speed: (0%), Skills: Glutton
Swee, Level: 1, Rank: 1, Gender: Male, HP IV: 13(0%), ATK IV: 58(0%), DEF IV: 32(0%), Work Speed: (0%), Skills: Runner
Swee, Level: 1, Rank: 1, Gender: Male, HP IV: 27(0%), ATK IV: 97(0%), DEF IV: 16(0%), Work Speed: (0%), Skills: Bottomless Stomach
Swee, Level: 1, Rank: 1, Gender: Male, HP IV: 65(0%), ATK IV: 97(0%), DEF IV: 30(0%), Work Speed: (0%), Skills: Unstable
Tanzee, Level: 7, Rank: 1, Gender: Male, HP IV: 37(0%), ATK IV: 6(0%), DEF IV: 97(0%), Work Speed: (0%)
Tanzee, Level: 9, Rank: 1, Gender: Male, HP IV: 36(0%), ATK IV: 8(0%), DEF IV: 28(0%), Work Speed: (0%), Skills: Fit as a Fiddle
Vixy, Level: 10, Rank: 1, Gender: Female, HP IV: 77(0%), ATK IV: 4(0%), DEF IV: 8(0%), Work Speed: (0%), Skills: Sickly
Vixy, Level: 4, Rank: 1, Gender: Female, HP IV: 86(0%), ATK IV: 20(0%), DEF IV: 48(0%), Work Speed: (0%), Skills: Workaholic
borgar's 37 Pals
----------------
Beakon, Level: 15, Rank: 1, Gender: Female, HP IV: 50(0%), ATK IV: 23(0%), DEF IV: 55(0%), Work Speed: (0%), Skills: Dragonkiller, Veil of Darkness
Bushi, Level: 15, Rank: 1, Gender: Female, HP IV: 26(0%), ATK IV: 91(0%), DEF IV: 82(0%), Work Speed: (0%), Skills: Hooligan, Hard Skin
Caprity, Level: 1, Rank: 1, Gender: Female, HP IV: 99(0%), ATK IV: 41(0%), DEF IV: 38(0%), Work Speed: (0%), Skills: Stronghold Strategist
Caprity, Level: 16, Rank: 1, Gender: Female, HP IV: 15(0%), ATK IV: 70(0%), DEF IV: 98(0%), Work Speed: (0%), Skills: Philantropist
Celaray, Level: 1, Rank: 1, Gender: Male, HP IV: 52(0%), ATK IV: 78(0%), DEF IV: 63(0%), Work Speed: (0%), Skills: Brittle
Celaray, Level: 1, Rank: 1, Gender: Male, HP IV: 83(0%), ATK IV: 35(0%), DEF IV: 67(0%), Work Speed: (0%), Skills: Clumsy
Chikipi, Level: 5, Rank: 1, Gender: Male, HP IV: 88(0%), ATK IV: 58(0%), DEF IV: 24(0%), Work Speed: (0%), Skills: Pacifist
Chillet, Level: 1, Rank: 1, Gender: Female, HP IV: 93(0%), ATK IV: 85(0%), DEF IV: 55(0%), Work Speed: (0%), Skills: Ferocious
Chillet, Level: 1, Rank: 1, Gender: Male, HP IV: 73(0%), ATK IV: 18(0%), DEF IV: 41(0%), Work Speed: (0%), Skills: Insulated Body, Power of Gaia
Foxcicle, Level: 1, Rank: 1, Gender: Female, HP IV: 68(0%), ATK IV: 35(0%), DEF IV: 32(0%), Work Speed: (0%), Skills: Insulated Body, Noble
Foxcicle, Level: 1, Rank: 1, Gender: Male, HP IV: 47(0%), ATK IV: 59(0%), DEF IV: 86(0%), Work Speed: (0%), Skills: Blood of the Dragon
Foxcicle, Level: 1, Rank: 1, Gender: Male, HP IV: 95(0%), ATK IV: 21(0%), DEF IV: 43(0%), Work Speed: (0%), Skills: Hard Skin
Fuack, Level: 18, Rank: 1, Gender: Male, HP IV: 55(0%), ATK IV: 64(0%), DEF IV: 58(0%), Work Speed: (0%), Skills: Sadist
Fuddler, Level: 16, Rank: 1, Gender: Female, HP IV: 100(0%), ATK IV: 7(0%), DEF IV: 64(0%), Work Speed: (0%), Skills: Power of Gaia
Gumoss, Level: 6, Rank: 1, Gender: Female, HP IV: 53(0%), ATK IV: 33(0%), DEF IV: 93(0%), Work Speed: (0%), Skills: Dainty Eater
Hoocrates, Level: 11, Rank: 1, Gender: Male, HP IV: 32(0%), ATK IV: 23(0%), DEF IV: 50(0%), Work Speed: (0%), Skills: Botanical Barrier, Earthquake Resistant
Lamball, Level: 10, Rank: 1, Gender: Male, HP IV: 20(0%), ATK IV: 30(0%), DEF IV: 18(0%), Work Speed: (0%), Skills: Stronghold Strategist, Bottomless Stomach
Lifmunk, Level: 9, Rank: 1, Gender: Female, HP IV: 26(0%), ATK IV: 39(0%), DEF IV: 9(0%), Work Speed: (0%), Skills: Earthquake Resistant
Mau Cryst, Level: 1, Rank: 1, Gender: Male, HP IV: 21(0%), ATK IV: 65(0%), DEF IV: 88(0%), Work Speed: (0%), Skills: Logging Foreman
Mau, Level: 1, Rank: 1, Gender: Female, HP IV: 10(0%), ATK IV: 35(0%), DEF IV: 57(0%), Work Speed: (0%), Skills: Heated Body
Nitewing, Level: 11, Rank: 1, Gender: Female, HP IV: 45(0%), ATK IV: 18(0%), DEF IV: 56(0%), Work Speed: (0%), Skills: Coward
Nitewing, Level: 12, Rank: 1, Gender: Male, HP IV: 77(0%), ATK IV: 8(0%), DEF IV: 49(0%), Work Speed: (0%), Skills: Veil of Darkness
Nitewing, Level: 15, Rank: 1, Gender: Male, HP IV: 44(0%), ATK IV: 12(0%), DEF IV: 80(0%), Work Speed: (0%)
Nox, Level: 17, Rank: 1, Gender: Male, HP IV: 61(0%), ATK IV: 59(0%), DEF IV: 1(0%), Work Speed: (0%)
Pengullet, Level: 1, Rank: 1, Gender: Male, HP IV: 49(0%), ATK IV: 12(0%), DEF IV: 90(0%), Work Speed: (0%)
Pengullet, Level: 17, Rank: 1, Gender: Male, HP IV: 28(0%), ATK IV: 6(0%), DEF IV: 41(0%), Work Speed: (0%), Skills: Ferocious
Reindrix, Level: 1, Rank: 1, Gender: Male, HP IV: 99(0%), ATK IV: 99(0%), DEF IV: 36(0%), Work Speed: (0%), Skills: Veil of Darkness
Reptyro Cryst, Level: 1, Rank: 1, Gender: Male, HP IV: 1(0%), ATK IV: 78(0%), DEF IV: 21(0%), Work Speed: (0%), Skills: Sickly
Rooby, Level: 15, Rank: 1, Gender: Female, HP IV: 28(0%), ATK IV: 54(0%), DEF IV: 93(0%), Work Speed: (0%)
Sibelyx, Level: 1, Rank: 1, Gender: Female, HP IV: 23(0%), ATK IV: 68(0%), DEF IV: 98(0%), Work Speed: (0%), Skills: Glutton
Swee, Level: 1, Rank: 1, Gender: Male, HP IV: 13(0%), ATK IV: 58(0%), DEF IV: 32(0%), Work Speed: (0%), Skills: Runner
Swee, Level: 1, Rank: 1, Gender: Male, HP IV: 27(0%), ATK IV: 97(0%), DEF IV: 16(0%), Work Speed: (0%), Skills: Bottomless Stomach
Swee, Level: 1, Rank: 1, Gender: Male, HP IV: 65(0%), ATK IV: 97(0%), DEF IV: 30(0%), Work Speed: (0%), Skills: Unstable
Tanzee, Level: 7, Rank: 1, Gender: Male, HP IV: 37(0%), ATK IV: 6(0%), DEF IV: 97(0%), Work Speed: (0%)
Tanzee, Level: 9, Rank: 1, Gender: Male, HP IV: 36(0%), ATK IV: 8(0%), DEF IV: 28(0%), Work Speed: (0%), Skills: Fit as a Fiddle
Vixy, Level: 10, Rank: 1, Gender: Female, HP IV: 77(0%), ATK IV: 4(0%), DEF IV: 8(0%), Work Speed: (0%), Skills: Sickly
Vixy, Level: 4, Rank: 1, Gender: Female, HP IV: 86(0%), ATK IV: 20(0%), DEF IV: 48(0%), Work Speed: (0%), Skills: Workaholic
borgar's 37 Pals
----------------
Beakon, Level: 15, Rank: 1, Gender: Female, HP IV: 50(0%), ATK IV: 23(0%), DEF IV: 55(0%), Work Speed: (0%), Skills: Dragonkiller, Veil of Darkness
Bushi, Level: 15, Rank: 1, Gender: Female, HP IV: 26(0%), ATK IV: 91(0%), DEF IV: 82(0%), Work Speed: (0%), Skills: Hooligan, Hard Skin
Caprity, Level: 1, Rank: 1, Gender: Female, HP IV: 99(0%), ATK IV: 41(0%), DEF IV: 38(0%), Work Speed: (0%), Skills: Stronghold Strategist
Caprity, Level: 16, Rank: 1, Gender: Female, HP IV: 15(0%), ATK IV: 70(0%), DEF IV: 98(0%), Work Speed: (0%), Skills: Philantropist
Celaray, Level: 1, Rank: 1, Gender: Male, HP IV: 52(0%), ATK IV: 78(0%), DEF IV: 63(0%), Work Speed: (0%), Skills: Brittle
Celaray, Level: 1, Rank: 1, Gender: Male, HP IV: 83(0%), ATK IV: 35(0%), DEF IV: 67(0%), Work Speed: (0%), Skills: Clumsy
Chikipi, Level: 5, Rank: 1, Gender: Male, HP IV: 88(0%), ATK IV: 58(0%), DEF IV: 24(0%), Work Speed: (0%), Skills: Pacifist
Chillet, Level: 1, Rank: 1, Gender: Female, HP IV: 93(0%), ATK IV: 85(0%), DEF IV: 55(0%), Work Speed: (0%), Skills: Ferocious
Chillet, Level: 1, Rank: 1, Gender: Male, HP IV: 73(0%), ATK IV: 18(0%), DEF IV: 41(0%), Work Speed: (0%), Skills: Insulated Body, Power of Gaia
Foxcicle, Level: 1, Rank: 1, Gender: Female, HP IV: 68(0%), ATK IV: 35(0%), DEF IV: 32(0%), Work Speed: (0%), Skills: Insulated Body, Noble
Foxcicle, Level: 1, Rank: 1, Gender: Male, HP IV: 47(0%), ATK IV: 59(0%), DEF IV: 86(0%), Work Speed: (0%), Skills: Blood of the Dragon
Foxcicle, Level: 1, Rank: 1, Gender: Male, HP IV: 95(0%), ATK IV: 21(0%), DEF IV: 43(0%), Work Speed: (0%), Skills: Hard Skin
Fuack, Level: 18, Rank: 1, Gender: Male, HP IV: 55(0%), ATK IV: 64(0%), DEF IV: 58(0%), Work Speed: (0%), Skills: Sadist
Fuddler, Level: 16, Rank: 1, Gender: Female, HP IV: 100(0%), ATK IV: 7(0%), DEF IV: 64(0%), Work Speed: (0%), Skills: Power of Gaia
Gumoss, Level: 6, Rank: 1, Gender: Female, HP IV: 53(0%), ATK IV: 33(0%), DEF IV: 93(0%), Work Speed: (0%), Skills: Dainty Eater
Hoocrates, Level: 11, Rank: 1, Gender: Male, HP IV: 32(0%), ATK IV: 23(0%), DEF IV: 50(0%), Work Speed: (0%), Skills: Botanical Barrier, Earthquake Resistant
Lamball, Level: 10, Rank: 1, Gender: Male, HP IV: 20(0%), ATK IV: 30(0%), DEF IV: 18(0%), Work Speed: (0%), Skills: Stronghold Strategist, Bottomless Stomach
Lifmunk, Level: 9, Rank: 1, Gender: Female, HP IV: 26(0%), ATK IV: 39(0%), DEF IV: 9(0%), Work Speed: (0%), Skills: Earthquake Resistant
Mau Cryst, Level: 1, Rank: 1, Gender: Male, HP IV: 21(0%), ATK IV: 65(0%), DEF IV: 88(0%), Work Speed: (0%), Skills: Logging Foreman
Mau, Level: 1, Rank: 1, Gender: Female, HP IV: 10(0%), ATK IV: 35(0%), DEF IV: 57(0%), Work Speed: (0%), Skills: Heated Body
Nitewing, Level: 11, Rank: 1, Gender: Female, HP IV: 45(0%), ATK IV: 18(0%), DEF IV: 56(0%), Work Speed: (0%), Skills: Coward
Nitewing, Level: 12, Rank: 1, Gender: Male, HP IV: 77(0%), ATK IV: 8(0%), DEF IV: 49(0%), Work Speed: (0%), Skills: Veil of Darkness
Nitewing, Level: 15, Rank: 1, Gender: Male, HP IV: 44(0%), ATK IV: 12(0%), DEF IV: 80(0%), Work Speed: (0%)
Nox, Level: 17, Rank: 1, Gender: Male, HP IV: 61(0%), ATK IV: 59(0%), DEF IV: 1(0%), Work Speed: (0%)
Pengullet, Level: 1, Rank: 1, Gender: Male, HP IV: 49(0%), ATK IV: 12(0%), DEF IV: 90(0%), Work Speed: (0%)
Pengullet, Level: 17, Rank: 1, Gender: Male, HP IV: 28(0%), ATK IV: 6(0%), DEF IV: 41(0%), Work Speed: (0%), Skills: Ferocious
Reindrix, Level: 1, Rank: 1, Gender: Male, HP IV: 99(0%), ATK IV: 99(0%), DEF IV: 36(0%), Work Speed: (0%), Skills: Veil of Darkness
Reptyro Cryst, Level: 1, Rank: 1, Gender: Male, HP IV: 1(0%), ATK IV: 78(0%), DEF IV: 21(0%), Work Speed: (0%), Skills: Sickly
Rooby, Level: 15, Rank: 1, Gender: Female, HP IV: 28(0%), ATK IV: 54(0%), DEF IV: 93(0%), Work Speed: (0%)
Sibelyx, Level: 1, Rank: 1, Gender: Female, HP IV: 23(0%), ATK IV: 68(0%), DEF IV: 98(0%), Work Speed: (0%), Skills: Glutton
Swee, Level: 1, Rank: 1, Gender: Male, HP IV: 13(0%), ATK IV: 58(0%), DEF IV: 32(0%), Work Speed: (0%), Skills: Runner
Swee, Level: 1, Rank: 1, Gender: Male, HP IV: 27(0%), ATK IV: 97(0%), DEF IV: 16(0%), Work Speed: (0%), Skills: Bottomless Stomach
Swee, Level: 1, Rank: 1, Gender: Male, HP IV: 65(0%), ATK IV: 97(0%), DEF IV: 30(0%), Work Speed: (0%), Skills: Unstable
Tanzee, Level: 7, Rank: 1, Gender: Male, HP IV: 37(0%), ATK IV: 6(0%), DEF IV: 97(0%), Work Speed: (0%)
Tanzee, Level: 9, Rank: 1, Gender: Male, HP IV: 36(0%), ATK IV: 8(0%), DEF IV: 28(0%), Work Speed: (0%), Skills: Fit as a Fiddle
Vixy, Level: 10, Rank: 1, Gender: Female, HP IV: 77(0%), ATK IV: 4(0%), DEF IV: 8(0%), Work Speed: (0%), Skills: Sickly
Vixy, Level: 4, Rank: 1, Gender: Female, HP IV: 86(0%), ATK IV: 20(0%), DEF IV: 48(0%), Work Speed: (0%), Skills: Workaholic
borgar's 37 Pals
----------------
Beakon, Level: 15, Rank: 1, Gender: Female, HP IV: 50(0%), ATK IV: 23(0%), DEF IV: 55(0%), Work Speed: (0%), Skills: Dragonkiller, Veil of Darkness
Bushi, Level: 15, Rank: 1, Gender: Female, HP IV: 26(0%), ATK IV: 91(0%), DEF IV: 82(0%), Work Speed: (0%), Skills: Hooligan, Hard Skin
Caprity, Level: 1, Rank: 1, Gender: Female, HP IV: 99(0%), ATK IV: 41(0%), DEF IV: 38(0%), Work Speed: (0%), Skills: Stronghold Strategist
Caprity, Level: 16, Rank: 1, Gender: Female, HP IV: 15(0%), ATK IV: 70(0%), DEF IV: 98(0%), Work Speed: (0%), Skills: Philantropist
Celaray, Level: 1, Rank: 1, Gender: Male, HP IV: 52(0%), ATK IV: 78(0%), DEF IV: 63(0%), Work Speed: (0%), Skills: Brittle
Celaray, Level: 1, Rank: 1, Gender: Male, HP IV: 83(0%), ATK IV: 35(0%), DEF IV: 67(0%), Work Speed: (0%), Skills: Clumsy
Chikipi, Level: 5, Rank: 1, Gender: Male, HP IV: 88(0%), ATK IV: 58(0%), DEF IV: 24(0%), Work Speed: (0%), Skills: Pacifist
Chillet, Level: 1, Rank: 1, Gender: Female, HP IV: 93(0%), ATK IV: 85(0%), DEF IV: 55(0%), Work Speed: (0%), Skills: Ferocious
Chillet, Level: 1, Rank: 1, Gender: Male, HP IV: 73(0%), ATK IV: 18(0%), DEF IV: 41(0%), Work Speed: (0%), Skills: Insulated Body, Power of Gaia
Foxcicle, Level: 1, Rank: 1, Gender: Female, HP IV: 68(0%), ATK IV: 35(0%), DEF IV: 32(0%), Work Speed: (0%), Skills: Insulated Body, Noble
Foxcicle, Level: 1, Rank: 1, Gender: Male, HP IV: 47(0%), ATK IV: 59(0%), DEF IV: 86(0%), Work Speed: (0%), Skills: Blood of the Dragon
Foxcicle, Level: 1, Rank: 1, Gender: Male, HP IV: 95(0%), ATK IV: 21(0%), DEF IV: 43(0%), Work Speed: (0%), Skills: Hard Skin
Fuack, Level: 18, Rank: 1, Gender: Male, HP IV: 55(0%), ATK IV: 64(0%), DEF IV: 58(0%), Work Speed: (0%), Skills: Sadist
Fuddler, Level: 16, Rank: 1, Gender: Female, HP IV: 100(0%), ATK IV: 7(0%), DEF IV: 64(0%), Work Speed: (0%), Skills: Power of Gaia
Gumoss, Level: 6, Rank: 1, Gender: Female, HP IV: 53(0%), ATK IV: 33(0%), DEF IV: 93(0%), Work Speed: (0%), Skills: Dainty Eater
Hoocrates, Level: 11, Rank: 1, Gender: Male, HP IV: 32(0%), ATK IV: 23(0%), DEF IV: 50(0%), Work Speed: (0%), Skills: Botanical Barrier, Earthquake Resistant
Lamball, Level: 10, Rank: 1, Gender: Male, HP IV: 20(0%), ATK IV: 30(0%), DEF IV: 18(0%), Work Speed: (0%), Skills: Stronghold Strategist, Bottomless Stomach
Lifmunk, Level: 9, Rank: 1, Gender: Female, HP IV: 26(0%), ATK IV: 39(0%), DEF IV: 9(0%), Work Speed: (0%), Skills: Earthquake Resistant
Mau Cryst, Level: 1, Rank: 1, Gender: Male, HP IV: 21(0%), ATK IV: 65(0%), DEF IV: 88(0%), Work Speed: (0%), Skills: Logging Foreman
Mau, Level: 1, Rank: 1, Gender: Female, HP IV: 10(0%), ATK IV: 35(0%), DEF IV: 57(0%), Work Speed: (0%), Skills: Heated Body
Nitewing, Level: 11, Rank: 1, Gender: Female, HP IV: 45(0%), ATK IV: 18(0%), DEF IV: 56(0%), Work Speed: (0%), Skills: Coward
Nitewing, Level: 12, Rank: 1, Gender: Male, HP IV: 77(0%), ATK IV: 8(0%), DEF IV: 49(0%), Work Speed: (0%), Skills: Veil of Darkness
Nitewing, Level: 15, Rank: 1, Gender: Male, HP IV: 44(0%), ATK IV: 12(0%), DEF IV: 80(0%), Work Speed: (0%)
Nox, Level: 17, Rank: 1, Gender: Male, HP IV: 61(0%), ATK IV: 59(0%), DEF IV: 1(0%), Work Speed: (0%)
Pengullet, Level: 1, Rank: 1, Gender: Male, HP IV: 49(0%), ATK IV: 12(0%), DEF IV: 90(0%), Work Speed: (0%)
Pengullet, Level: 17, Rank: 1, Gender: Male, HP IV: 28(0%), ATK IV: 6(0%), DEF IV: 41(0%), Work Speed: (0%), Skills: Ferocious
Reindrix, Level: 1, Rank: 1, Gender: Male, HP IV: 99(0%), ATK IV: 99(0%), DEF IV: 36(0%), Work Speed: (0%), Skills: Veil of Darkness
Reptyro Cryst, Level: 1, Rank: 1, Gender: Male, HP IV: 1(0%), ATK IV: 78(0%), DEF IV: 21(0%), Work Speed: (0%), Skills: Sickly
Rooby, Level: 15, Rank: 1, Gender: Female, HP IV: 28(0%), ATK IV: 54(0%), DEF IV: 93(0%), Work Speed: (0%)
Sibelyx, Level: 1, Rank: 1, Gender: Female, HP IV: 23(0%), ATK IV: 68(0%), DEF IV: 98(0%), Work Speed: (0%), Skills: Glutton
Swee, Level: 1, Rank: 1, Gender: Male, HP IV: 13(0%), ATK IV: 58(0%), DEF IV: 32(0%), Work Speed: (0%), Skills: Runner
Swee, Level: 1, Rank: 1, Gender: Male, HP IV: 27(0%), ATK IV: 97(0%), DEF IV: 16(0%), Work Speed: (0%), Skills: Bottomless Stomach
Swee, Level: 1, Rank: 1, Gender: Male, HP IV: 65(0%), ATK IV: 97(0%), DEF IV: 30(0%), Work Speed: (0%), Skills: Unstable
Tanzee, Level: 7, Rank: 1, Gender: Male, HP IV: 37(0%), ATK IV: 6(0%), DEF IV: 97(0%), Work Speed: (0%)
Tanzee, Level: 9, Rank: 1, Gender: Male, HP IV: 36(0%), ATK IV: 8(0%), DEF IV: 28(0%), Work Speed: (0%), Skills: Fit as a Fiddle
Vixy, Level: 10, Rank: 1, Gender: Female, HP IV: 77(0%), ATK IV: 4(0%), DEF IV: 8(0%), Work Speed: (0%), Skills: Sickly
Vixy, Level: 4, Rank: 1, Gender: Female, HP IV: 86(0%), ATK IV: 20(0%), DEF IV: 48(0%), Work Speed: (0%), Skills: Workaholic
borgar's 37 Pals
----------------
Beakon, Level: 15, Rank: 1, Gender: Female, HP IV: 50(0%), ATK IV: 23(0%), DEF IV: 55(0%), Work Speed: (0%), Skills: Dragonkiller, Veil of Darkness
Bushi, Level: 15, Rank: 1, Gender: Female, HP IV: 26(0%), ATK IV: 91(0%), DEF IV: 82(0%), Work Speed: (0%), Skills: Hooligan, Hard Skin
Caprity, Level: 1, Rank: 1, Gender: Female, HP IV: 99(0%), ATK IV: 41(0%), DEF IV: 38(0%), Work Speed: (0%), Skills: Stronghold Strategist
Caprity, Level: 16, Rank: 1, Gender: Female, HP IV: 15(0%), ATK IV: 70(0%), DEF IV: 98(0%), Work Speed: (0%), Skills: Philantropist
Celaray, Level: 1, Rank: 1, Gender: Male, HP IV: 52(0%), ATK IV: 78(0%), DEF IV: 63(0%), Work Speed: (0%), Skills: Brittle
Celaray, Level: 1, Rank: 1, Gender: Male, HP IV: 83(0%), ATK IV: 35(0%), DEF IV: 67(0%), Work Speed: (0%), Skills: Clumsy
Chikipi, Level: 5, Rank: 1, Gender: Male, HP IV: 88(0%), ATK IV: 58(0%), DEF IV: 24(0%), Work Speed: (0%), Skills: Pacifist
Chillet, Level: 1, Rank: 1, Gender: Female, HP IV: 93(0%), ATK IV: 85(0%), DEF IV: 55(0%), Work Speed: (0%), Skills: Ferocious
Chillet, Level: 1, Rank: 1, Gender: Male, HP IV: 73(0%), ATK IV: 18(0%), DEF IV: 41(0%), Work Speed: (0%), Skills: Insulated Body, Power of Gaia
Foxcicle, Level: 1, Rank: 1, Gender: Female, HP IV: 68(0%), ATK IV: 35(0%), DEF IV: 32(0%), Work Speed: (0%), Skills: Insulated Body, Noble
Foxcicle, Level: 1, Rank: 1, Gender: Male, HP IV: 47(0%), ATK IV: 59(0%), DEF IV: 86(0%), Work Speed: (0%), Skills: Blood of the Dragon
Foxcicle, Level: 1, Rank: 1, Gender: Male, HP IV: 95(0%), ATK IV: 21(0%), DEF IV: 43(0%), Work Speed: (0%), Skills: Hard Skin
Fuack, Level: 18, Rank: 1, Gender: Male, HP IV: 55(0%), ATK IV: 64(0%), DEF IV: 58(0%), Work Speed: (0%), Skills: Sadist
Fuddler, Level: 16, Rank: 1, Gender: Female, HP IV: 100(0%), ATK IV: 7(0%), DEF IV: 64(0%), Work Speed: (0%), Skills: Power of Gaia
Gumoss, Level: 6, Rank: 1, Gender: Female, HP IV: 53(0%), ATK IV: 33(0%), DEF IV: 93(0%), Work Speed: (0%), Skills: Dainty Eater
Hoocrates, Level: 11, Rank: 1, Gender: Male, HP IV: 32(0%), ATK IV: 23(0%), DEF IV: 50(0%), Work Speed: (0%), Skills: Botanical Barrier, Earthquake Resistant
Lamball, Level: 10, Rank: 1, Gender: Male, HP IV: 20(0%), ATK IV: 30(0%), DEF IV: 18(0%), Work Speed: (0%), Skills: Stronghold Strategist, Bottomless Stomach
Lifmunk, Level: 9, Rank: 1, Gender: Female, HP IV: 26(0%), ATK IV: 39(0%), DEF IV: 9(0%), Work Speed: (0%), Skills: Earthquake Resistant
Mau Cryst, Level: 1, Rank: 1, Gender: Male, HP IV: 21(0%), ATK IV: 65(0%), DEF IV: 88(0%), Work Speed: (0%), Skills: Logging Foreman
Mau, Level: 1, Rank: 1, Gender: Female, HP IV: 10(0%), ATK IV: 35(0%), DEF IV: 57(0%), Work Speed: (0%), Skills: Heated Body
Nitewing, Level: 11, Rank: 1, Gender: Female, HP IV: 45(0%), ATK IV: 18(0%), DEF IV: 56(0%), Work Speed: (0%), Skills: Coward
Nitewing, Level: 12, Rank: 1, Gender: Male, HP IV: 77(0%), ATK IV: 8(0%), DEF IV: 49(0%), Work Speed: (0%), Skills: Veil of Darkness
Nitewing, Level: 15, Rank: 1, Gender: Male, HP IV: 44(0%), ATK IV: 12(0%), DEF IV: 80(0%), Work Speed: (0%)
Nox, Level: 17, Rank: 1, Gender: Male, HP IV: 61(0%), ATK IV: 59(0%), DEF IV: 1(0%), Work Speed: (0%)
Pengullet, Level: 1, Rank: 1, Gender: Male, HP IV: 49(0%), ATK IV: 12(0%), DEF IV: 90(0%), Work Speed: (0%)
Pengullet, Level: 17, Rank: 1, Gender: Male, HP IV: 28(0%), ATK IV: 6(0%), DEF IV: 41(0%), Work Speed: (0%), Skills: Ferocious
Reindrix, Level: 1, Rank: 1, Gender: Male, HP IV: 99(0%), ATK IV: 99(0%), DEF IV: 36(0%), Work Speed: (0%), Skills: Veil of Darkness
Reptyro Cryst, Level: 1, Rank: 1, Gender: Male, HP IV: 1(0%), ATK IV: 78(0%), DEF IV: 21(0%), Work Speed: (0%), Skills: Sickly
Rooby, Level: 15, Rank: 1, Gender: Female, HP IV: 28(0%), ATK IV: 54(0%), DEF IV: 93(0%), Work Speed: (0%)
Sibelyx, Level: 1, Rank: 1, Gender: Female, HP IV: 23(0%), ATK IV: 68(0%), DEF IV: 98(0%), Work Speed: (0%), Skills: Glutton
Swee, Level: 1, Rank: 1, Gender: Male, HP IV: 13(0%), ATK IV: 58(0%), DEF IV: 32(0%), Work Speed: (0%), Skills: Runner
Swee, Level: 1, Rank: 1, Gender: Male, HP IV: 27(0%), ATK IV: 97(0%), DEF IV: 16(0%), Work Speed: (0%), Skills: Bottomless Stomach
Swee, Level: 1, Rank: 1, Gender: Male, HP IV: 65(0%), ATK IV: 97(0%), DEF IV: 30(0%), Work Speed: (0%), Skills: Unstable
Tanzee, Level: 7, Rank: 1, Gender: Male, HP IV: 37(0%), ATK IV: 6(0%), DEF IV: 97(0%), Work Speed: (0%)
Tanzee, Level: 9, Rank: 1, Gender: Male, HP IV: 36(0%), ATK IV: 8(0%), DEF IV: 28(0%), Work Speed: (0%), Skills: Fit as a Fiddle
Vixy, Level: 10, Rank: 1, Gender: Female, HP IV: 77(0%), ATK IV: 4(0%), DEF IV: 8(0%), Work Speed: (0%), Skills: Sickly
Vixy, Level: 4, Rank: 1, Gender: Female, HP IV: 86(0%), ATK IV: 20(0%), DEF IV: 48(0%), Work Speed: (0%), Skills: Workaholic
borgar's 37 Pals
----------------
Beakon, Level: 15, Rank: 1, Gender: Female, HP IV: 50(0%), ATK IV: 23(0%), DEF IV: 55(0%), Work Speed: (0%), Skills: Dragonkiller, Veil of Darkness
Bushi, Level: 15, Rank: 1, Gender: Female, HP IV: 26(0%), ATK IV: 91(0%), DEF IV: 82(0%), Work Speed: (0%), Skills: Hooligan, Hard Skin
Caprity, Level: 1, Rank: 1, Gender: Female, HP IV: 99(0%), ATK IV: 41(0%), DEF IV: 38(0%), Work Speed: (0%), Skills: Stronghold Strategist
Caprity, Level: 16, Rank: 1, Gender: Female, HP IV: 15(0%), ATK IV: 70(0%), DEF IV: 98(0%), Work Speed: (0%), Skills: Philantropist
Celaray, Level: 1, Rank: 1, Gender: Male, HP IV: 52(0%), ATK IV: 78(0%), DEF IV: 63(0%), Work Speed: (0%), Skills: Brittle
Celaray, Level: 1, Rank: 1, Gender: Male, HP IV: 83(0%), ATK IV: 35(0%), DEF IV: 67(0%), Work Speed: (0%), Skills: Clumsy
Chikipi, Level: 5, Rank: 1, Gender: Male, HP IV: 88(0%), ATK IV: 58(0%), DEF IV: 24(0%), Work Speed: (0%), Skills: Pacifist
Chillet, Level: 1, Rank: 1, Gender: Female, HP IV: 93(0%), ATK IV: 85(0%), DEF IV: 55(0%), Work Speed: (0%), Skills: Ferocious
Chillet, Level: 1, Rank: 1, Gender: Male, HP IV: 73(0%), ATK IV: 18(0%), DEF IV: 41(0%), Work Speed: (0%), Skills: Insulated Body, Power of Gaia
Foxcicle, Level: 1, Rank: 1, Gender: Female, HP IV: 68(0%), ATK IV: 35(0%), DEF IV: 32(0%), Work Speed: (0%), Skills: Insulated Body, Noble
Foxcicle, Level: 1, Rank: 1, Gender: Male, HP IV: 47(0%), ATK IV: 59(0%), DEF IV: 86(0%), Work Speed: (0%), Skills: Blood of the Dragon
Foxcicle, Level: 1, Rank: 1, Gender: Male, HP IV: 95(0%), ATK IV: 21(0%), DEF IV: 43(0%), Work Speed: (0%), Skills: Hard Skin
Fuack, Level: 18, Rank: 1, Gender: Male, HP IV: 55(0%), ATK IV: 64(0%), DEF IV: 58(0%), Work Speed: (0%), Skills: Sadist
Fuddler, Level: 16, Rank: 1, Gender: Female, HP IV: 100(0%), ATK IV: 7(0%), DEF IV: 64(0%), Work Speed: (0%), Skills: Power of Gaia
Gumoss, Level: 6, Rank: 1, Gender: Female, HP IV: 53(0%), ATK IV: 33(0%), DEF IV: 93(0%), Work Speed: (0%), Skills: Dainty Eater
Hoocrates, Level: 11, Rank: 1, Gender: Male, HP IV: 32(0%), ATK IV: 23(0%), DEF IV: 50(0%), Work Speed: (0%), Skills: Botanical Barrier, Earthquake Resistant
Lamball, Level: 10, Rank: 1, Gender: Male, HP IV: 20(0%), ATK IV: 30(0%), DEF IV: 18(0%), Work Speed: (0%), Skills: Stronghold Strategist, Bottomless Stomach
Lifmunk, Level: 9, Rank: 1, Gender: Female, HP IV: 26(0%), ATK IV: 39(0%), DEF IV: 9(0%), Work Speed: (0%), Skills: Earthquake Resistant
Mau Cryst, Level: 1, Rank: 1, Gender: Male, HP IV: 21(0%), ATK IV: 65(0%), DEF IV: 88(0%), Work Speed: (0%), Skills: Logging Foreman
Mau, Level: 1, Rank: 1, Gender: Female, HP IV: 10(0%), ATK IV: 35(0%), DEF IV: 57(0%), Work Speed: (0%), Skills: Heated Body
Nitewing, Level: 11, Rank: 1, Gender: Female, HP IV: 45(0%), ATK IV: 18(0%), DEF IV: 56(0%), Work Speed: (0%), Skills: Coward
Nitewing, Level: 12, Rank: 1, Gender: Male, HP IV: 77(0%), ATK IV: 8(0%), DEF IV: 49(0%), Work Speed: (0%), Skills: Veil of Darkness
Nitewing, Level: 15, Rank: 1, Gender: Male, HP IV: 44(0%), ATK IV: 12(0%), DEF IV: 80(0%), Work Speed: (0%)
Nox, Level: 17, Rank: 1, Gender: Male, HP IV: 61(0%), ATK IV: 59(0%), DEF IV: 1(0%), Work Speed: (0%)
Pengullet, Level: 1, Rank: 1, Gender: Male, HP IV: 49(0%), ATK IV: 12(0%), DEF IV: 90(0%), Work Speed: (0%)
Pengullet, Level: 17, Rank: 1, Gender: Male, HP IV: 28(0%), ATK IV: 6(0%), DEF IV: 41(0%), Work Speed: (0%), Skills: Ferocious
Reindrix, Level: 1, Rank: 1, Gender: Male, HP IV: 99(0%), ATK IV: 99(0%), DEF IV: 36(0%), Work Speed: (0%), Skills: Veil of Darkness
Reptyro Cryst, Level: 1, Rank: 1, Gender: Male, HP IV: 1(0%), ATK IV: 78(0%), DEF IV: 21(0%), Work Speed: (0%), Skills: Sickly
Rooby, Level: 15, Rank: 1, Gender: Female, HP IV: 28(0%), ATK IV: 54(0%), DEF IV: 93(0%), Work Speed: (0%)
Sibelyx, Level: 1, Rank: 1, Gender: Female, HP IV: 23(0%), ATK IV: 68(0%), DEF IV: 98(0%), Work Speed: (0%), Skills: Glutton
Swee, Level: 1, Rank: 1, Gender: Male, HP IV: 13(0%), ATK IV: 58(0%), DEF IV: 32(0%), Work Speed: (0%), Skills: Runner
Swee, Level: 1, Rank: 1, Gender: Male, HP IV: 27(0%), ATK IV: 97(0%), DEF IV: 16(0%), Work Speed: (0%), Skills: Bottomless Stomach
Swee, Level: 1, Rank: 1, Gender: Male, HP IV: 65(0%), ATK IV: 97(0%), DEF IV: 30(0%), Work Speed: (0%), Skills: Unstable
Tanzee, Level: 7, Rank: 1, Gender: Male, HP IV: 37(0%), ATK IV: 6(0%), DEF IV: 97(0%), Work Speed: (0%)
Tanzee, Level: 9, Rank: 1, Gender: Male, HP IV: 36(0%), ATK IV: 8(0%), DEF IV: 28(0%), Work Speed: (0%), Skills: Fit as a Fiddle
Vixy, Level: 10, Rank: 1, Gender: Female, HP IV: 77(0%), ATK IV: 4(0%), DEF IV: 8(0%), Work Speed: (0%), Skills: Sickly
Vixy, Level: 4, Rank: 1, Gender: Female, HP IV: 86(0%), ATK IV: 20(0%), DEF IV: 48(0%), Work Speed: (0%), Skills: Workaholic
borgar's 37 Pals
----------------
Beakon, Level: 15, Rank: 1, Gender: Female, HP IV: 50(0%), ATK IV: 23(0%), DEF IV: 55(0%), Work Speed: (0%), Skills: Dragonkiller, Veil of Darkness
Bushi, Level: 15, Rank: 1, Gender: Female, HP IV: 26(0%), ATK IV: 91(0%), DEF IV: 82(0%), Work Speed: (0%), Skills: Hooligan, Hard Skin
Caprity, Level: 1, Rank: 1, Gender: Female, HP IV: 99(0%), ATK IV: 41(0%), DEF IV: 38(0%), Work Speed: (0%), Skills: Stronghold Strategist
Caprity, Level: 16, Rank: 1, Gender: Female, HP IV: 15(0%), ATK IV: 70(0%), DEF IV: 98(0%), Work Speed: (0%), Skills: Philantropist
Celaray, Level: 1, Rank: 1, Gender: Male, HP IV: 52(0%), ATK IV: 78(0%), DEF IV: 63(0%), Work Speed: (0%), Skills: Brittle
Celaray, Level: 1, Rank: 1, Gender: Male, HP IV: 83(0%), ATK IV: 35(0%), DEF IV: 67(0%), Work Speed: (0%), Skills: Clumsy
Chikipi, Level: 5, Rank: 1, Gender: Male, HP IV: 88(0%), ATK IV: 58(0%), DEF IV: 24(0%), Work Speed: (0%), Skills: Pacifist
Chillet, Level: 1, Rank: 1, Gender: Female, HP IV: 93(0%), ATK IV: 85(0%), DEF IV: 55(0%), Work Speed: (0%), Skills: Ferocious
Chillet, Level: 1, Rank: 1, Gender: Male, HP IV: 73(0%), ATK IV: 18(0%), DEF IV: 41(0%), Work Speed: (0%), Skills: Insulated Body, Power of Gaia
Foxcicle, Level: 1, Rank: 1, Gender: Female, HP IV: 68(0%), ATK IV: 35(0%), DEF IV: 32(0%), Work Speed: (0%), Skills: Insulated Body, Noble
Foxcicle, Level: 1, Rank: 1, Gender: Male, HP IV: 47(0%), ATK IV: 59(0%), DEF IV: 86(0%), Work Speed: (0%), Skills: Blood of the Dragon
Foxcicle, Level: 1, Rank: 1, Gender: Male, HP IV: 95(0%), ATK IV: 21(0%), DEF IV: 43(0%), Work Speed: (0%), Skills: Hard Skin
Fuack, Level: 18, Rank: 1, Gender: Male, HP IV: 55(0%), ATK IV: 64(0%), DEF IV: 58(0%), Work Speed: (0%), Skills: Sadist
Fuddler, Level: 16, Rank: 1, Gender: Female, HP IV: 100(0%), ATK IV: 7(0%), DEF IV: 64(0%), Work Speed: (0%), Skills: Power of Gaia
Gumoss, Level: 6, Rank: 1, Gender: Female, HP IV: 53(0%), ATK IV: 33(0%), DEF IV: 93(0%), Work Speed: (0%), Skills: Dainty Eater
Hoocrates, Level: 11, Rank: 1, Gender: Male, HP IV: 32(0%), ATK IV: 23(0%), DEF IV: 50(0%), Work Speed: (0%), Skills: Botanical Barrier, Earthquake Resistant
Lamball, Level: 10, Rank: 1, Gender: Male, HP IV: 20(0%), ATK IV: 30(0%), DEF IV: 18(0%), Work Speed: (0%), Skills: Stronghold Strategist, Bottomless Stomach
Lifmunk, Level: 9, Rank: 1, Gender: Female, HP IV: 26(0%), ATK IV: 39(0%), DEF IV: 9(0%), Work Speed: (0%), Skills: Earthquake Resistant
Mau Cryst, Level: 1, Rank: 1, Gender: Male, HP IV: 21(0%), ATK IV: 65(0%), DEF IV: 88(0%), Work Speed: (0%), Skills: Logging Foreman
Mau, Level: 1, Rank: 1, Gender: Female, HP IV: 10(0%), ATK IV: 35(0%), DEF IV: 57(0%), Work Speed: (0%), Skills: Heated Body
Nitewing, Level: 11, Rank: 1, Gender: Female, HP IV: 45(0%), ATK IV: 18(0%), DEF IV: 56(0%), Work Speed: (0%), Skills: Coward
Nitewing, Level: 12, Rank: 1, Gender: Male, HP IV: 77(0%), ATK IV: 8(0%), DEF IV: 49(0%), Work Speed: (0%), Skills: Veil of Darkness
Nitewing, Level: 15, Rank: 1, Gender: Male, HP IV: 44(0%), ATK IV: 12(0%), DEF IV: 80(0%), Work Speed: (0%)
Nox, Level: 17, Rank: 1, Gender: Male, HP IV: 61(0%), ATK IV: 59(0%), DEF IV: 1(0%), Work Speed: (0%)
Pengullet, Level: 1, Rank: 1, Gender: Male, HP IV: 49(0%), ATK IV: 12(0%), DEF IV: 90(0%), Work Speed: (0%)
Pengullet, Level: 17, Rank: 1, Gender: Male, HP IV: 28(0%), ATK IV: 6(0%), DEF IV: 41(0%), Work Speed: (0%), Skills: Ferocious
Reindrix, Level: 1, Rank: 1, Gender: Male, HP IV: 99(0%), ATK IV: 99(0%), DEF IV: 36(0%), Work Speed: (0%), Skills: Veil of Darkness
Reptyro Cryst, Level: 1, Rank: 1, Gender: Male, HP IV: 1(0%), ATK IV: 78(0%), DEF IV: 21(0%), Work Speed: (0%), Skills: Sickly
Rooby, Level: 15, Rank: 1, Gender: Female, HP IV: 28(0%), ATK IV: 54(0%), DEF IV: 93(0%), Work Speed: (0%)
Sibelyx, Level: 1, Rank: 1, Gender: Female, HP IV: 23(0%), ATK IV: 68(0%), DEF IV: 98(0%), Work Speed: (0%), Skills: Glutton
Swee, Level: 1, Rank: 1, Gender: Male, HP IV: 13(0%), ATK IV: 58(0%), DEF IV: 32(0%), Work Speed: (0%), Skills: Runner
Swee, Level: 1, Rank: 1, Gender: Male, HP IV: 27(0%), ATK IV: 97(0%), DEF IV: 16(0%), Work Speed: (0%), Skills: Bottomless Stomach
Swee, Level: 1, Rank: 1, Gender: Male, HP IV: 65(0%), ATK IV: 97(0%), DEF IV: 30(0%), Work Speed: (0%), Skills: Unstable
Tanzee, Level: 7, Rank: 1, Gender: Male, HP IV: 37(0%), ATK IV: 6(0%), DEF IV: 97(0%), Work Speed: (0%)
Tanzee, Level: 9, Rank: 1, Gender: Male, HP IV: 36(0%), ATK IV: 8(0%), DEF IV: 28(0%), Work Speed: (0%), Skills: Fit as a Fiddle
Vixy, Level: 10, Rank: 1, Gender: Female, HP IV: 77(0%), ATK IV: 4(0%), DEF IV: 8(0%), Work Speed: (0%), Skills: Sickly
Vixy, Level: 4, Rank: 1, Gender: Female, HP IV: 86(0%), ATK IV: 20(0%), DEF IV: 48(0%), Work Speed: (0%), Skills: Workaholic
