BukRuRu's 3 Pals
----------------
Hoocrates, Level: 4, Rank: 1, Gender: Male, HP IV: 9(0%), ATK IV: 18(0%), DEF IV: 74(0%), Work Speed: (0%), Skills: Mine Foreman
Lamball, Level: 3, Rank: 1, Gender: Female, HP IV: 6(0%), ATK IV: 75(0%), DEF IV: 1(0%), Work Speed: (0%), Skills: Easygoing
Lamball, Level: 4, Rank: 1, Gender: Female, HP IV: 78(0%), ATK IV: 30(0%), DEF IV: 85(0%), Work Speed: (0%)
BukRuRu's 3 Pals
----------------
Hoocrates, Level: 4, Rank: 1, Gender: Male, HP IV: 9(0%), ATK IV: 18(0%), DEF IV: 74(0%), Work Speed: (0%), Skills: Mine Foreman
Lamball, Level: 3, Rank: 1, Gender: Female, HP IV: 6(0%), ATK IV: 75(0%), DEF IV: 1(0%), Work Speed: (0%), Skills: Easygoing
Lamball, Level: 4, Rank: 1, Gender: Female, HP IV: 78(0%), ATK IV: 30(0%), DEF IV: 85(0%), Work Speed: (0%)
BukRuRu's 3 Pals
----------------
Hoocrates, Level: 4, Rank: 1, Gender: Male, HP IV: 9(0%), ATK IV: 18(0%), DEF IV: 74(0%), Work Speed: (0%), Skills: Mine Foreman
Lamball, Level: 3, Rank: 1, Gender: Female, HP IV: 6(0%), ATK IV: 75(0%), DEF IV: 1(0%), Work Speed: (0%), Skills: Easygoing
Lamball, Level: 4, Rank: 1, Gender: Female, HP IV: 78(0%), ATK IV: 30(0%), DEF IV: 85(0%), Work Speed: (0%)
BukRuRu's 3 Pals
----------------
Hoocrates, Level: 4, Rank: 1, Gender: Male, HP IV: 9(0%), ATK IV: 18(0%), DEF IV: 74(0%), Work Speed: (0%), Skills: Mine Foreman
Lamball, Level: 3, Rank: 1, Gender: Female, HP IV: 6(0%), ATK IV: 75(0%), DEF IV: 1(0%), Work Speed: (0%), Skills: Easygoing
Lamball, Level: 4, Rank: 1, Gender: Female, HP IV: 78(0%), ATK IV: 30(0%), DEF IV: 85(0%), Work Speed: (0%)
BukRuRu's 3 Pals
----------------
Hoocrates, Level: 4, Rank: 1, Gender: Male, HP IV: 9(0%), ATK IV: 18(0%), DEF IV: 74(0%), Work Speed: (0%), Skills: Mine Foreman
Lamball, Level: 3, Rank: 1, Gender: Female, HP IV: 6(0%), ATK IV: 75(0%), DEF IV: 1(0%), Work Speed: (0%), Skills: Easygoing
Lamball, Level: 4, Rank: 1, Gender: Female, HP IV: 78(0%), ATK IV: 30(0%), DEF IV: 85(0%), Work Speed: (0%)
BukRuRu's 3 Pals
----------------
Hoocrates, Level: 4, Rank: 1, Gender: Male, HP IV: 9(0%), ATK IV: 18(0%), DEF IV: 74(0%), Work Speed: (0%), Skills: Mine Foreman
Lamball, Level: 3, Rank: 1, Gender: Female, HP IV: 6(0%), ATK IV: 75(0%), DEF IV: 1(0%), Work Speed: (0%), Skills: Easygoing
Lamball, Level: 4, Rank: 1, Gender: Female, HP IV: 78(0%), ATK IV: 30(0%), DEF IV: 85(0%), Work Speed: (0%)
BukRuRu's 3 Pals
----------------
Hoocrates, Level: 4, Rank: 1, Gender: Male, HP IV: 9(0%), ATK IV: 18(0%), DEF IV: 74(0%), Work Speed: (0%), Skills: Mine Foreman
Lamball, Level: 3, Rank: 1, Gender: Female, HP IV: 6(0%), ATK IV: 75(0%), DEF IV: 1(0%), Work Speed: (0%), Skills: Easygoing
Lamball, Level: 4, Rank: 1, Gender: Female, HP IV: 78(0%), ATK IV: 30(0%), DEF IV: 85(0%), Work Speed: (0%)
BukRuRu's 3 Pals
----------------
Hoocrates, Level: 4, Rank: 1, Gender: Male, HP IV: 9(0%), ATK IV: 18(0%), DEF IV: 74(0%), Work Speed: (0%), Skills: Mine Foreman
Lamball, Level: 3, Rank: 1, Gender: Female, HP IV: 6(0%), ATK IV: 75(0%), DEF IV: 1(0%), Work Speed: (0%), Skills: Easygoing
Lamball, Level: 4, Rank: 1, Gender: Female, HP IV: 78(0%), ATK IV: 30(0%), DEF IV: 85(0%), Work Speed: (0%)
BukRuRu's 3 Pals
----------------
Hoocrates, Level: 4, Rank: 1, Gender: Male, HP IV: 9(0%), ATK IV: 18(0%), DEF IV: 74(0%), Work Speed: (0%), Skills: Mine Foreman
Lamball, Level: 3, Rank: 1, Gender: Female, HP IV: 6(0%), ATK IV: 75(0%), DEF IV: 1(0%), Work Speed: (0%), Skills: Easygoing
Lamball, Level: 4, Rank: 1, Gender: Female, HP IV: 78(0%), ATK IV: 30(0%), DEF IV: 85(0%), Work Speed: (0%)
BukRuRu's 3 Pals
----------------
Hoocrates, Level: 4, Rank: 1, Gender: Male, HP IV: 9(0%), ATK IV: 18(0%), DEF IV: 74(0%), Work Speed: (0%), Skills: Mine Foreman
Lamball, Level: 3, Rank: 1, Gender: Female, HP IV: 6(0%), ATK IV: 75(0%), DEF IV: 1(0%), Work Speed: (0%), Skills: Easygoing
Lamball, Level: 4, Rank: 1, Gender: Female, HP IV: 78(0%), ATK IV: 30(0%), DEF IV: 85(0%), Work Speed: (0%)
BukRuRu's 3 Pals
----------------
Hoocrates, Level: 4, Rank: 1, Gender: Male, HP IV: 9(0%), ATK IV: 18(0%), DEF IV: 74(0%), Work Speed: (0%), Skills: Mine Foreman
Lamball, Level: 3, Rank: 1, Gender: Female, HP IV: 6(0%), ATK IV: 75(0%), DEF IV: 1(0%), Work Speed: (0%), Skills: Easygoing
Lamball, Level: 4, Rank: 1, Gender: Female, HP IV: 78(0%), ATK IV: 30(0%), DEF IV: 85(0%), Work Speed: (0%)
BukRuRu's 3 Pals
----------------
Hoocrates, Level: 4, Rank: 1, Gender: Male, HP IV: 9(0%), ATK IV: 18(0%), DEF IV: 74(0%), Work Speed: (0%), Skills: Mine Foreman
Lamball, Level: 3, Rank: 1, Gender: Female, HP IV: 6(0%), ATK IV: 75(0%), DEF IV: 1(0%), Work Speed: (0%), Skills: Easygoing
Lamball, Level: 4, Rank: 1, Gender: Female, HP IV: 78(0%), ATK IV: 30(0%), DEF IV: 85(0%), Work Speed: (0%)
BukRuRu's 3 Pals
----------------
Hoocrates, Level: 4, Rank: 1, Gender: Male, HP IV: 9(0%), ATK IV: 18(0%), DEF IV: 74(0%), Work Speed: (0%), Skills: Mine Foreman
Lamball, Level: 3, Rank: 1, Gender: Female, HP IV: 6(0%), ATK IV: 75(0%), DEF IV: 1(0%), Work Speed: (0%), Skills: Easygoing
Lamball, Level: 4, Rank: 1, Gender: Female, HP IV: 78(0%), ATK IV: 30(0%), DEF IV: 85(0%), Work Speed: (0%)
BukRuRu's 3 Pals
----------------
Hoocrates, Level: 4, Rank: 1, Gender: Male, HP IV: 9(0%), ATK IV: 18(0%), DEF IV: 74(0%), Work Speed: (0%), Skills: Mine Foreman
Lamball, Level: 3, Rank: 1, Gender: Female, HP IV: 6(0%), ATK IV: 75(0%), DEF IV: 1(0%), Work Speed: (0%), Skills: Easygoing
Lamball, Level: 4, Rank: 1, Gender: Female, HP IV: 78(0%), ATK IV: 30(0%), DEF IV: 85(0%), Work Speed: (0%)
