Burger's 5 Pals
---------------
Cattiva, Level: 4, Rank: 1, Gender: Male, HP IV: 23(0%), ATK IV: 72(0%), DEF IV: 58(0%), Work Speed: (0%), Skills: Coward, Fragrant Foliage
Chikipi, Level: 4, Rank: 1, Gender: Female, HP IV: 54(0%), ATK IV: 23(0%), DEF IV: 7(0%), Work Speed: (0%), Skills: Workaholic
Foxparks, Level: 3, Rank: 1, Gender: Male, HP IV: 11(0%), ATK IV: 24(0%), DEF IV: 32(0%), Work Speed: (0%), Skills: Sadist
Hoocrates, Level: 4, Rank: 1, Gender: Male, HP IV: 25(0%), ATK IV: 42(0%), DEF IV: 65(0%), Work Speed: (0%), Skills: Destructive
Rushoar, Level: 5, Rank: 1, Gender: Male, HP IV: 70(0%), ATK IV: 77(0%), DEF IV: 72(0%), Work Speed: (0%), Skills: Stronghold Strategist
Burger's 5 Pals
---------------
Cattiva, Level: 4, Rank: 1, Gender: Male, HP IV: 23(0%), ATK IV: 72(0%), DEF IV: 58(0%), Work Speed: (0%), Skills: Coward, Fragrant Foliage
Chikipi, Level: 4, Rank: 1, Gender: Female, HP IV: 54(0%), ATK IV: 23(0%), DEF IV: 7(0%), Work Speed: (0%), Skills: Workaholic
Foxparks, Level: 3, Rank: 1, Gender: Male, HP IV: 11(0%), ATK IV: 24(0%), DEF IV: 32(0%), Work Speed: (0%), Skills: Sadist
Hoocrates, Level: 4, Rank: 1, Gender: Male, HP IV: 25(0%), ATK IV: 42(0%), DEF IV: 65(0%), Work Speed: (0%), Skills: Destructive
Rushoar, Level: 5, Rank: 1, Gender: Male, HP IV: 70(0%), ATK IV: 77(0%), DEF IV: 72(0%), Work Speed: (0%), Skills: Stronghold Strategist
Burger's 5 Pals
---------------
Cattiva, Level: 4, Rank: 1, Gender: Male, HP IV: 23(0%), ATK IV: 72(0%), DEF IV: 58(0%), Work Speed: (0%), Skills: Coward, Fragrant Foliage
Chikipi, Level: 4, Rank: 1, Gender: Female, HP IV: 54(0%), ATK IV: 23(0%), DEF IV: 7(0%), Work Speed: (0%), Skills: Workaholic
Foxparks, Level: 3, Rank: 1, Gender: Male, HP IV: 11(0%), ATK IV: 24(0%), DEF IV: 32(0%), Work Speed: (0%), Skills: Sadist
Hoocrates, Level: 4, Rank: 1, Gender: Male, HP IV: 25(0%), ATK IV: 42(0%), DEF IV: 65(0%), Work Speed: (0%), Skills: Destructive
Rushoar, Level: 5, Rank: 1, Gender: Male, HP IV: 70(0%), ATK IV: 77(0%), DEF IV: 72(0%), Work Speed: (0%), Skills: Stronghold Strategist
Burger's 5 Pals
---------------
Cattiva, Level: 4, Rank: 1, Gender: Male, HP IV: 23(0%), ATK IV: 72(0%), DEF IV: 58(0%), Work Speed: (0%), Skills: Coward, Fragrant Foliage
Chikipi, Level: 4, Rank: 1, Gender: Female, HP IV: 54(0%), ATK IV: 23(0%), DEF IV: 7(0%), Work Speed: (0%), Skills: Workaholic
Foxparks, Level: 3, Rank: 1, Gender: Male, HP IV: 11(0%), ATK IV: 24(0%), DEF IV: 32(0%), Work Speed: (0%), Skills: Sadist
Hoocrates, Level: 4, Rank: 1, Gender: Male, HP IV: 25(0%), ATK IV: 42(0%), DEF IV: 65(0%), Work Speed: (0%), Skills: Destructive
Rushoar, Level: 5, Rank: 1, Gender: Male, HP IV: 70(0%), ATK IV: 77(0%), DEF IV: 72(0%), Work Speed: (0%), Skills: Stronghold Strategist
Burger's 5 Pals
---------------
Cattiva, Level: 4, Rank: 1, Gender: Male, HP IV: 23(0%), ATK IV: 72(0%), DEF IV: 58(0%), Work Speed: (0%), Skills: Coward, Fragrant Foliage
Chikipi, Level: 4, Rank: 1, Gender: Female, HP IV: 54(0%), ATK IV: 23(0%), DEF IV: 7(0%), Work Speed: (0%), Skills: Workaholic
Foxparks, Level: 3, Rank: 1, Gender: Male, HP IV: 11(0%), ATK IV: 24(0%), DEF IV: 32(0%), Work Speed: (0%), Skills: Sadist
Hoocrates, Level: 4, Rank: 1, Gender: Male, HP IV: 25(0%), ATK IV: 42(0%), DEF IV: 65(0%), Work Speed: (0%), Skills: Destructive
Rushoar, Level: 5, Rank: 1, Gender: Male, HP IV: 70(0%), ATK IV: 77(0%), DEF IV: 72(0%), Work Speed: (0%), Skills: Stronghold Strategist
Burger's 5 Pals
---------------
Cattiva, Level: 4, Rank: 1, Gender: Male, HP IV: 23(0%), ATK IV: 72(0%), DEF IV: 58(0%), Work Speed: (0%), Skills: Coward, Fragrant Foliage
Chikipi, Level: 4, Rank: 1, Gender: Female, HP IV: 54(0%), ATK IV: 23(0%), DEF IV: 7(0%), Work Speed: (0%), Skills: Workaholic
Foxparks, Level: 3, Rank: 1, Gender: Male, HP IV: 11(0%), ATK IV: 24(0%), DEF IV: 32(0%), Work Speed: (0%), Skills: Sadist
Hoocrates, Level: 4, Rank: 1, Gender: Male, HP IV: 25(0%), ATK IV: 42(0%), DEF IV: 65(0%), Work Speed: (0%), Skills: Destructive
Rushoar, Level: 5, Rank: 1, Gender: Male, HP IV: 70(0%), ATK IV: 77(0%), DEF IV: 72(0%), Work Speed: (0%), Skills: Stronghold Strategist
Burger's 5 Pals
---------------
Cattiva, Level: 4, Rank: 1, Gender: Male, HP IV: 23(0%), ATK IV: 72(0%), DEF IV: 58(0%), Work Speed: (0%), Skills: Coward, Fragrant Foliage
Chikipi, Level: 4, Rank: 1, Gender: Female, HP IV: 54(0%), ATK IV: 23(0%), DEF IV: 7(0%), Work Speed: (0%), Skills: Workaholic
Foxparks, Level: 3, Rank: 1, Gender: Male, HP IV: 11(0%), ATK IV: 24(0%), DEF IV: 32(0%), Work Speed: (0%), Skills: Sadist
Hoocrates, Level: 4, Rank: 1, Gender: Male, HP IV: 25(0%), ATK IV: 42(0%), DEF IV: 65(0%), Work Speed: (0%), Skills: Destructive
Rushoar, Level: 5, Rank: 1, Gender: Male, HP IV: 70(0%), ATK IV: 77(0%), DEF IV: 72(0%), Work Speed: (0%), Skills: Stronghold Strategist
Burger's 5 Pals
---------------
Cattiva, Level: 4, Rank: 1, Gender: Male, HP IV: 23(0%), ATK IV: 72(0%), DEF IV: 58(0%), Work Speed: (0%), Skills: Coward, Fragrant Foliage
Chikipi, Level: 4, Rank: 1, Gender: Female, HP IV: 54(0%), ATK IV: 23(0%), DEF IV: 7(0%), Work Speed: (0%), Skills: Workaholic
Foxparks, Level: 3, Rank: 1, Gender: Male, HP IV: 11(0%), ATK IV: 24(0%), DEF IV: 32(0%), Work Speed: (0%), Skills: Sadist
Hoocrates, Level: 4, Rank: 1, Gender: Male, HP IV: 25(0%), ATK IV: 42(0%), DEF IV: 65(0%), Work Speed: (0%), Skills: Destructive
Rushoar, Level: 5, Rank: 1, Gender: Male, HP IV: 70(0%), ATK IV: 77(0%), DEF IV: 72(0%), Work Speed: (0%), Skills: Stronghold Strategist
Burger's 5 Pals
---------------
Cattiva, Level: 4, Rank: 1, Gender: Male, HP IV: 23(0%), ATK IV: 72(0%), DEF IV: 58(0%), Work Speed: (0%), Skills: Coward, Fragrant Foliage
Chikipi, Level: 4, Rank: 1, Gender: Female, HP IV: 54(0%), ATK IV: 23(0%), DEF IV: 7(0%), Work Speed: (0%), Skills: Workaholic
Foxparks, Level: 3, Rank: 1, Gender: Male, HP IV: 11(0%), ATK IV: 24(0%), DEF IV: 32(0%), Work Speed: (0%), Skills: Sadist
Hoocrates, Level: 4, Rank: 1, Gender: Male, HP IV: 25(0%), ATK IV: 42(0%), DEF IV: 65(0%), Work Speed: (0%), Skills: Destructive
Rushoar, Level: 5, Rank: 1, Gender: Male, HP IV: 70(0%), ATK IV: 77(0%), DEF IV: 72(0%), Work Speed: (0%), Skills: Stronghold Strategist
Burger's 5 Pals
---------------
Cattiva, Level: 4, Rank: 1, Gender: Male, HP IV: 23(0%), ATK IV: 72(0%), DEF IV: 58(0%), Work Speed: (0%), Skills: Coward, Fragrant Foliage
Chikipi, Level: 4, Rank: 1, Gender: Female, HP IV: 54(0%), ATK IV: 23(0%), DEF IV: 7(0%), Work Speed: (0%), Skills: Workaholic
Foxparks, Level: 3, Rank: 1, Gender: Male, HP IV: 11(0%), ATK IV: 24(0%), DEF IV: 32(0%), Work Speed: (0%), Skills: Sadist
Hoocrates, Level: 4, Rank: 1, Gender: Male, HP IV: 25(0%), ATK IV: 42(0%), DEF IV: 65(0%), Work Speed: (0%), Skills: Destructive
Rushoar, Level: 5, Rank: 1, Gender: Male, HP IV: 70(0%), ATK IV: 77(0%), DEF IV: 72(0%), Work Speed: (0%), Skills: Stronghold Strategist
Burger's 22 Pals
----------------
Cattiva, Level: 10, Rank: 1, Gender: Male, HP IV: 23(0%), ATK IV: 72(0%), DEF IV: 58(0%), Work Speed: (0%), Skills: Coward, Fragrant Foliage
Cattiva, Level: 2, Rank: 1, Gender: Male, HP IV: 92(0%), ATK IV: 64(0%), DEF IV: 10(0%), Work Speed: (0%), Skills: Coward, Earthquake Resistant
Chikipi, Level: 1, Rank: 1, Gender: Female, HP IV: 88(0%), ATK IV: 69(0%), DEF IV: 37(0%), Work Speed: (0%), Skills: Slacker, Hooligan
Chikipi, Level: 2, Rank: 1, Gender: Male, HP IV: 98(0%), ATK IV: 100(0%), DEF IV: 17(0%), Work Speed: (0%), Skills: Hydromaniac
Chikipi, Level: 9, Rank: 1, Gender: Female, HP IV: 54(0%), ATK IV: 23(0%), DEF IV: 7(0%), Work Speed: (0%), Skills: Workaholic
Cremis, Level: 2, Rank: 1, Gender: Male, HP IV: 93(0%), ATK IV: 85(0%), DEF IV: 64(0%), Work Speed: (0%), Skills: Positive Thinker
Direhowl, Level: 10, Rank: 1, Gender: Male, HP IV: 51(0%), ATK IV: 36(0%), DEF IV: 100(0%), Work Speed: (0%), Skills: Serenity
Direhowl, Level: 6, Rank: 1, Gender: Female, HP IV: 30(0%), ATK IV: 44(0%), DEF IV: 97(0%), Work Speed: (0%), Skills: Abnormal, Aggressive, Bottomless Stomach
Direhowl, Level: 7, Rank: 1, Gender: Male, HP IV: 65(0%), ATK IV: 83(0%), DEF IV: 10(0%), Work Speed: (0%), Skills: Earthquake Resistant
Hoocrates, Level: 10, Rank: 1, Gender: Male, HP IV: 25(0%), ATK IV: 42(0%), DEF IV: 65(0%), Work Speed: (0%), Skills: Destructive
Hoocrates, Level: 5, Rank: 1, Gender: Male, HP IV: 85(0%), ATK IV: 45(0%), DEF IV: 24(0%), Work Speed: (0%), Skills: Serious, Glutton, Fragrant Foliage, Coward
Hoocrates, Level: 6, Rank: 1, Gender: Female, HP IV: 35(0%), ATK IV: 100(0%), DEF IV: 84(0%), Work Speed: (0%), Skills: Swift
Jolthog, Level: 6, Rank: 1, Gender: Male, HP IV: 24(0%), ATK IV: 95(0%), DEF IV: 77(0%), Work Speed: (0%)
Lamball, Level: 2, Rank: 1, Gender: Male, HP IV: 14(0%), ATK IV: 71(0%), DEF IV: 67(0%), Work Speed: (0%), Skills: Power of Gaia
Lamball, Level: 3, Rank: 1, Gender: Male, HP IV: 36(0%), ATK IV: 4(0%), DEF IV: 76(0%), Work Speed: (0%), Skills: Glutton
Lamball, Level: 3, Rank: 1, Gender: Male, HP IV: 9(0%), ATK IV: 30(0%), DEF IV: 18(0%), Work Speed: (0%), Skills: Fit as a Fiddle
Nitewing, Level: 13, Rank: 1, Gender: Male, HP IV: 23(0%), ATK IV: 46(0%), DEF IV: 80(0%), Work Speed: (0%), Skills: Veil of Darkness, Suntan Lover
Rooby, Level: 3, Rank: 1, Gender: Male, HP IV: 72(0%), ATK IV: 1(0%), DEF IV: 74(0%), Work Speed: (0%), Skills: Impatient
Rushoar, Level: 10, Rank: 1, Gender: Male, HP IV: 70(0%), ATK IV: 77(0%), DEF IV: 72(0%), Work Speed: (0%), Skills: Stronghold Strategist
Rushoar, Level: 4, Rank: 1, Gender: Male, HP IV: 84(0%), ATK IV: 9(0%), DEF IV: 38(0%), Work Speed: (0%), Skills: Fragrant Foliage
Teafant, Level: 3, Rank: 1, Gender: Female, HP IV: 34(0%), ATK IV: 2(0%), DEF IV: 38(0%), Work Speed: (0%), Skills: Destructive
Vixy, Level: 6, Rank: 1, Gender: Male, HP IV: 52(0%), ATK IV: 98(0%), DEF IV: 71(0%), Work Speed: (0%), Skills: Coldblooded
Burger's 52 Pals
----------------
Alpha Broncherry, Level: 23, Rank: 1, Gender: Female, HP IV: 53(0%), ATK IV: 100(0%), DEF IV: 88(0%), Work Speed: (0%), Skills: Pacifist
Alpha Jolthog, Level: 16, Rank: 1, Gender: Female, HP IV: 90(0%), ATK IV: 75(0%), DEF IV: 71(0%), Work Speed: (0%), Skills: Infinite Stamina
Cattiva, Level: 16, Rank: 1, Gender: Male, HP IV: 23(0%), ATK IV: 72(0%), DEF IV: 58(0%), Work Speed: (0%), Skills: Coward, Fragrant Foliage
Cattiva, Level: 2, Rank: 1, Gender: Female, HP IV: 93(0%), ATK IV: 61(0%), DEF IV: 7(0%), Work Speed: (0%), Skills: Coward, Hard Skin
Cattiva, Level: 2, Rank: 1, Gender: Male, HP IV: 92(0%), ATK IV: 64(0%), DEF IV: 10(0%), Work Speed: (0%), Skills: Coward, Earthquake Resistant
Cattiva, Level: 4, Rank: 1, Gender: Female, HP IV: 15(0%), ATK IV: 54(0%), DEF IV: 3(0%), Work Speed: (0%), Skills: Coward, Vanguard, Philantropist
Cattiva, Level: 4, Rank: 1, Gender: Male, HP IV: 56(0%), ATK IV: 1(0%), DEF IV: 76(0%), Work Speed: (0%), Skills: Coward, Slacker
Cattiva, Level: 4, Rank: 1, Gender: Male, HP IV: 85(0%), ATK IV: 27(0%), DEF IV: 89(0%), Work Speed: (0%), Skills: Coward, Work Slave
Chikipi, Level: 1, Rank: 1, Gender: Female, HP IV: 88(0%), ATK IV: 69(0%), DEF IV: 37(0%), Work Speed: (0%), Skills: Slacker, Hooligan
Chikipi, Level: 2, Rank: 1, Gender: Male, HP IV: 98(0%), ATK IV: 100(0%), DEF IV: 17(0%), Work Speed: (0%), Skills: Hydromaniac
Chikipi, Level: 9, Rank: 1, Gender: Female, HP IV: 54(0%), ATK IV: 23(0%), DEF IV: 7(0%), Work Speed: (0%), Skills: Workaholic
Cremis, Level: 2, Rank: 1, Gender: Male, HP IV: 93(0%), ATK IV: 85(0%), DEF IV: 64(0%), Work Speed: (0%), Skills: Positive Thinker
Croajiro, Level: 4, Rank: 1, Gender: Male, HP IV: 40(0%), ATK IV: 45(0%), DEF IV: 47(0%), Work Speed: (0%), Skills: Unstable
Daedream, Level: 10, Rank: 1, Gender: Female, HP IV: 84(0%), ATK IV: 33(0%), DEF IV: 7(0%), Work Speed: (0%), Skills: Slacker
Daedream, Level: 6, Rank: 1, Gender: Female, HP IV: 45(0%), ATK IV: 71(0%), DEF IV: 55(0%), Work Speed: (0%), Skills: Waterproof, Power of Gaia
Daedream, Level: 6, Rank: 1, Gender: Male, HP IV: 94(0%), ATK IV: 17(0%), DEF IV: 86(0%), Work Speed: (0%), Skills: Fit as a Fiddle
Direhowl, Level: 21, Rank: 1, Gender: Male, HP IV: 51(0%), ATK IV: 36(9%), DEF IV: 100(0%), Work Speed: (0%), Skills: Serenity
Direhowl, Level: 6, Rank: 1, Gender: Female, HP IV: 30(0%), ATK IV: 44(0%), DEF IV: 97(0%), Work Speed: (0%), Skills: Abnormal, Aggressive, Bottomless Stomach
Direhowl, Level: 7, Rank: 1, Gender: Male, HP IV: 65(0%), ATK IV: 83(0%), DEF IV: 10(0%), Work Speed: (0%), Skills: Earthquake Resistant
Eikthyrdeer, Level: 11, Rank: 1, Gender: Female, HP IV: 21(0%), ATK IV: 17(0%), DEF IV: 77(0%), Work Speed: (0%)
Eikthyrdeer, Level: 8, Rank: 1, Gender: Female, HP IV: 21(0%), ATK IV: 10(0%), DEF IV: 2(0%), Work Speed: (0%), Skills: Masochist
Eikthyrdeer, Level: 8, Rank: 1, Gender: Male, HP IV: 92(0%), ATK IV: 76(0%), DEF IV: 69(0%), Work Speed: (0%)
Fuack, Level: 2, Rank: 1, Gender: Female, HP IV: 25(0%), ATK IV: 86(0%), DEF IV: 99(0%), Work Speed: (0%), Skills: Coldblooded
Fuack, Level: 2, Rank: 1, Gender: Male, HP IV: 89(0%), ATK IV: 100(0%), DEF IV: 90(0%), Work Speed: (0%), Skills: Waterproof
Fuddler, Level: 8, Rank: 1, Gender: Female, HP IV: 22(0%), ATK IV: 62(0%), DEF IV: 44(0%), Work Speed: (0%)
Gumoss (Special), Level: 3, Rank: 1, Gender: Female, HP IV: 38(0%), ATK IV: 76(0%), DEF IV: 90(0%), Work Speed: (0%), Skills: Fit as a Fiddle
Gumoss (Special), Level: 4, Rank: 1, Gender: Female, HP IV: 20(0%), ATK IV: 62(0%), DEF IV: 46(0%), Work Speed: (0%), Skills: Coldblooded
Gumoss, Level: 3, Rank: 1, Gender: Female, HP IV: 14(0%), ATK IV: 18(0%), DEF IV: 9(0%), Work Speed: (0%), Skills: Aggressive
Gumoss, Level: 4, Rank: 1, Gender: Male, HP IV: 25(0%), ATK IV: 87(0%), DEF IV: 39(0%), Work Speed: (0%), Skills: Hooligan
Hoocrates, Level: 16, Rank: 1, Gender: Male, HP IV: 25(0%), ATK IV: 42(0%), DEF IV: 65(0%), Work Speed: (0%), Skills: Destructive
Hoocrates, Level: 4, Rank: 1, Gender: Male, HP IV: 32(0%), ATK IV: 88(0%), DEF IV: 95(0%), Work Speed: (0%), Skills: Vanguard
Hoocrates, Level: 5, Rank: 1, Gender: Male, HP IV: 85(0%), ATK IV: 45(0%), DEF IV: 24(0%), Work Speed: (0%), Skills: Serious, Glutton, Fragrant Foliage, Coward
Hoocrates, Level: 5, Rank: 1, Gender: Male, HP IV: 90(0%), ATK IV: 77(0%), DEF IV: 63(0%), Work Speed: (0%), Skills: Veil of Darkness
Hoocrates, Level: 6, Rank: 1, Gender: Female, HP IV: 35(0%), ATK IV: 100(0%), DEF IV: 84(0%), Work Speed: (0%), Skills: Swift
Jolthog, Level: 6, Rank: 1, Gender: Male, HP IV: 24(0%), ATK IV: 95(0%), DEF IV: 77(0%), Work Speed: (0%)
Jolthog, Level: 6, Rank: 1, Gender: Male, HP IV: 69(0%), ATK IV: 62(0%), DEF IV: 15(0%), Work Speed: (0%), Skills: Workaholic
Killamari, Level: 10, Rank: 1, Gender: Female, HP IV: 37(0%), ATK IV: 79(0%), DEF IV: 1(0%), Work Speed: (0%), Skills: Cheery
Lamball, Level: 2, Rank: 1, Gender: Male, HP IV: 14(0%), ATK IV: 71(0%), DEF IV: 67(0%), Work Speed: (0%), Skills: Power of Gaia
Lamball, Level: 3, Rank: 1, Gender: Male, HP IV: 36(0%), ATK IV: 4(0%), DEF IV: 76(0%), Work Speed: (0%), Skills: Glutton
Lamball, Level: 3, Rank: 1, Gender: Male, HP IV: 9(0%), ATK IV: 30(0%), DEF IV: 18(0%), Work Speed: (0%), Skills: Fit as a Fiddle
Nitewing, Level: 16, Rank: 1, Gender: Male, HP IV: 23(0%), ATK IV: 46(0%), DEF IV: 80(0%), Work Speed: (0%), Skills: Veil of Darkness, Suntan Lover
Rooby, Level: 3, Rank: 1, Gender: Male, HP IV: 72(0%), ATK IV: 1(0%), DEF IV: 74(0%), Work Speed: (0%), Skills: Impatient
Rushoar, Level: 16, Rank: 1, Gender: Male, HP IV: 70(0%), ATK IV: 77(0%), DEF IV: 72(0%), Work Speed: (0%), Skills: Stronghold Strategist
Rushoar, Level: 4, Rank: 1, Gender: Male, HP IV: 84(0%), ATK IV: 9(0%), DEF IV: 38(0%), Work Speed: (0%), Skills: Fragrant Foliage
Rushoar, Level: 7, Rank: 1, Gender: Female, HP IV: 73(0%), ATK IV: 35(0%), DEF IV: 96(0%), Work Speed: (0%), Skills: Mine Foreman
Swee, Level: 5, Rank: 1, Gender: Male, HP IV: 69(0%), ATK IV: 28(0%), DEF IV: 2(0%), Work Speed: (0%), Skills: Vanguard
Sweepa, Level: 8, Rank: 1, Gender: Female, HP IV: 100(0%), ATK IV: 40(0%), DEF IV: 67(0%), Work Speed: (0%), Skills: Slacker
Tanzee, Level: 11, Rank: 1, Gender: Male, HP IV: 8(0%), ATK IV: 59(0%), DEF IV: 2(0%), Work Speed: (0%), Skills: Slacker
Teafant, Level: 2, Rank: 1, Gender: Male, HP IV: 32(0%), ATK IV: 24(0%), DEF IV: 13(0%), Work Speed: (0%), Skills: Coldblooded
Teafant, Level: 3, Rank: 1, Gender: Female, HP IV: 34(0%), ATK IV: 2(0%), DEF IV: 38(0%), Work Speed: (0%), Skills: Destructive
Teafant, Level: 4, Rank: 1, Gender: Female, HP IV: 19(0%), ATK IV: 64(0%), DEF IV: 30(0%), Work Speed: (0%), Skills: Hydromaniac
Vixy, Level: 6, Rank: 1, Gender: Male, HP IV: 52(0%), ATK IV: 98(0%), DEF IV: 71(0%), Work Speed: (0%), Skills: Coldblooded
Burger's 52 Pals
----------------
Alpha Broncherry, Level: 23, Rank: 1, Gender: Female, HP IV: 53(0%), ATK IV: 100(0%), DEF IV: 88(0%), Work Speed: (0%), Skills: Pacifist
Alpha Jolthog, Level: 16, Rank: 1, Gender: Female, HP IV: 90(0%), ATK IV: 75(0%), DEF IV: 71(0%), Work Speed: (0%), Skills: Infinite Stamina
Cattiva, Level: 16, Rank: 1, Gender: Male, HP IV: 23(0%), ATK IV: 72(0%), DEF IV: 58(0%), Work Speed: (0%), Skills: Coward, Fragrant Foliage
Cattiva, Level: 2, Rank: 1, Gender: Female, HP IV: 93(0%), ATK IV: 61(0%), DEF IV: 7(0%), Work Speed: (0%), Skills: Coward, Hard Skin
Cattiva, Level: 2, Rank: 1, Gender: Male, HP IV: 92(0%), ATK IV: 64(0%), DEF IV: 10(0%), Work Speed: (0%), Skills: Coward, Earthquake Resistant
Cattiva, Level: 4, Rank: 1, Gender: Female, HP IV: 15(0%), ATK IV: 54(0%), DEF IV: 3(0%), Work Speed: (0%), Skills: Coward, Vanguard, Philantropist
Cattiva, Level: 4, Rank: 1, Gender: Male, HP IV: 56(0%), ATK IV: 1(0%), DEF IV: 76(0%), Work Speed: (0%), Skills: Coward, Slacker
Cattiva, Level: 4, Rank: 1, Gender: Male, HP IV: 85(0%), ATK IV: 27(0%), DEF IV: 89(0%), Work Speed: (0%), Skills: Coward, Work Slave
Chikipi, Level: 1, Rank: 1, Gender: Female, HP IV: 88(0%), ATK IV: 69(0%), DEF IV: 37(0%), Work Speed: (0%), Skills: Slacker, Hooligan
Chikipi, Level: 2, Rank: 1, Gender: Male, HP IV: 98(0%), ATK IV: 100(0%), DEF IV: 17(0%), Work Speed: (0%), Skills: Hydromaniac
Chikipi, Level: 9, Rank: 1, Gender: Female, HP IV: 54(0%), ATK IV: 23(0%), DEF IV: 7(0%), Work Speed: (0%), Skills: Workaholic
Cremis, Level: 2, Rank: 1, Gender: Male, HP IV: 93(0%), ATK IV: 85(0%), DEF IV: 64(0%), Work Speed: (0%), Skills: Positive Thinker
Croajiro, Level: 4, Rank: 1, Gender: Male, HP IV: 40(0%), ATK IV: 45(0%), DEF IV: 47(0%), Work Speed: (0%), Skills: Unstable
Daedream, Level: 10, Rank: 1, Gender: Female, HP IV: 84(0%), ATK IV: 33(0%), DEF IV: 7(0%), Work Speed: (0%), Skills: Slacker
Daedream, Level: 6, Rank: 1, Gender: Female, HP IV: 45(0%), ATK IV: 71(0%), DEF IV: 55(0%), Work Speed: (0%), Skills: Waterproof, Power of Gaia
Daedream, Level: 6, Rank: 1, Gender: Male, HP IV: 94(0%), ATK IV: 17(0%), DEF IV: 86(0%), Work Speed: (0%), Skills: Fit as a Fiddle
Direhowl, Level: 21, Rank: 1, Gender: Male, HP IV: 51(0%), ATK IV: 36(9%), DEF IV: 100(0%), Work Speed: (0%), Skills: Serenity
Direhowl, Level: 6, Rank: 1, Gender: Female, HP IV: 30(0%), ATK IV: 44(0%), DEF IV: 97(0%), Work Speed: (0%), Skills: Abnormal, Aggressive, Bottomless Stomach
Direhowl, Level: 7, Rank: 1, Gender: Male, HP IV: 65(0%), ATK IV: 83(0%), DEF IV: 10(0%), Work Speed: (0%), Skills: Earthquake Resistant
Eikthyrdeer, Level: 11, Rank: 1, Gender: Female, HP IV: 21(0%), ATK IV: 17(0%), DEF IV: 77(0%), Work Speed: (0%)
Eikthyrdeer, Level: 8, Rank: 1, Gender: Female, HP IV: 21(0%), ATK IV: 10(0%), DEF IV: 2(0%), Work Speed: (0%), Skills: Masochist
Eikthyrdeer, Level: 8, Rank: 1, Gender: Male, HP IV: 92(0%), ATK IV: 76(0%), DEF IV: 69(0%), Work Speed: (0%)
Fuack, Level: 2, Rank: 1, Gender: Female, HP IV: 25(0%), ATK IV: 86(0%), DEF IV: 99(0%), Work Speed: (0%), Skills: Coldblooded
Fuack, Level: 2, Rank: 1, Gender: Male, HP IV: 89(0%), ATK IV: 100(0%), DEF IV: 90(0%), Work Speed: (0%), Skills: Waterproof
Fuddler, Level: 8, Rank: 1, Gender: Female, HP IV: 22(0%), ATK IV: 62(0%), DEF IV: 44(0%), Work Speed: (0%)
Gumoss (Special), Level: 3, Rank: 1, Gender: Female, HP IV: 38(0%), ATK IV: 76(0%), DEF IV: 90(0%), Work Speed: (0%), Skills: Fit as a Fiddle
Gumoss (Special), Level: 4, Rank: 1, Gender: Female, HP IV: 20(0%), ATK IV: 62(0%), DEF IV: 46(0%), Work Speed: (0%), Skills: Coldblooded
Gumoss, Level: 3, Rank: 1, Gender: Female, HP IV: 14(0%), ATK IV: 18(0%), DEF IV: 9(0%), Work Speed: (0%), Skills: Aggressive
Gumoss, Level: 4, Rank: 1, Gender: Male, HP IV: 25(0%), ATK IV: 87(0%), DEF IV: 39(0%), Work Speed: (0%), Skills: Hooligan
Hoocrates, Level: 16, Rank: 1, Gender: Male, HP IV: 25(0%), ATK IV: 42(0%), DEF IV: 65(0%), Work Speed: (0%), Skills: Destructive
Hoocrates, Level: 4, Rank: 1, Gender: Male, HP IV: 32(0%), ATK IV: 88(0%), DEF IV: 95(0%), Work Speed: (0%), Skills: Vanguard
Hoocrates, Level: 5, Rank: 1, Gender: Male, HP IV: 85(0%), ATK IV: 45(0%), DEF IV: 24(0%), Work Speed: (0%), Skills: Serious, Glutton, Fragrant Foliage, Coward
Hoocrates, Level: 5, Rank: 1, Gender: Male, HP IV: 90(0%), ATK IV: 77(0%), DEF IV: 63(0%), Work Speed: (0%), Skills: Veil of Darkness
Hoocrates, Level: 6, Rank: 1, Gender: Female, HP IV: 35(0%), ATK IV: 100(0%), DEF IV: 84(0%), Work Speed: (0%), Skills: Swift
Jolthog, Level: 6, Rank: 1, Gender: Male, HP IV: 24(0%), ATK IV: 95(0%), DEF IV: 77(0%), Work Speed: (0%)
Jolthog, Level: 6, Rank: 1, Gender: Male, HP IV: 69(0%), ATK IV: 62(0%), DEF IV: 15(0%), Work Speed: (0%), Skills: Workaholic
Killamari, Level: 10, Rank: 1, Gender: Female, HP IV: 37(0%), ATK IV: 79(0%), DEF IV: 1(0%), Work Speed: (0%), Skills: Cheery
Lamball, Level: 2, Rank: 1, Gender: Male, HP IV: 14(0%), ATK IV: 71(0%), DEF IV: 67(0%), Work Speed: (0%), Skills: Power of Gaia
Lamball, Level: 3, Rank: 1, Gender: Male, HP IV: 36(0%), ATK IV: 4(0%), DEF IV: 76(0%), Work Speed: (0%), Skills: Glutton
Lamball, Level: 3, Rank: 1, Gender: Male, HP IV: 9(0%), ATK IV: 30(0%), DEF IV: 18(0%), Work Speed: (0%), Skills: Fit as a Fiddle
Nitewing, Level: 16, Rank: 1, Gender: Male, HP IV: 23(0%), ATK IV: 46(0%), DEF IV: 80(0%), Work Speed: (0%), Skills: Veil of Darkness, Suntan Lover
Rooby, Level: 3, Rank: 1, Gender: Male, HP IV: 72(0%), ATK IV: 1(0%), DEF IV: 74(0%), Work Speed: (0%), Skills: Impatient
Rushoar, Level: 16, Rank: 1, Gender: Male, HP IV: 70(0%), ATK IV: 77(0%), DEF IV: 72(0%), Work Speed: (0%), Skills: Stronghold Strategist
Rushoar, Level: 4, Rank: 1, Gender: Male, HP IV: 84(0%), ATK IV: 9(0%), DEF IV: 38(0%), Work Speed: (0%), Skills: Fragrant Foliage
Rushoar, Level: 7, Rank: 1, Gender: Female, HP IV: 73(0%), ATK IV: 35(0%), DEF IV: 96(0%), Work Speed: (0%), Skills: Mine Foreman
Swee, Level: 5, Rank: 1, Gender: Male, HP IV: 69(0%), ATK IV: 28(0%), DEF IV: 2(0%), Work Speed: (0%), Skills: Vanguard
Sweepa, Level: 8, Rank: 1, Gender: Female, HP IV: 100(0%), ATK IV: 40(0%), DEF IV: 67(0%), Work Speed: (0%), Skills: Slacker
Tanzee, Level: 11, Rank: 1, Gender: Male, HP IV: 8(0%), ATK IV: 59(0%), DEF IV: 2(0%), Work Speed: (0%), Skills: Slacker
Teafant, Level: 2, Rank: 1, Gender: Male, HP IV: 32(0%), ATK IV: 24(0%), DEF IV: 13(0%), Work Speed: (0%), Skills: Coldblooded
Teafant, Level: 3, Rank: 1, Gender: Female, HP IV: 34(0%), ATK IV: 2(0%), DEF IV: 38(0%), Work Speed: (0%), Skills: Destructive
Teafant, Level: 4, Rank: 1, Gender: Female, HP IV: 19(0%), ATK IV: 64(0%), DEF IV: 30(0%), Work Speed: (0%), Skills: Hydromaniac
Vixy, Level: 6, Rank: 1, Gender: Male, HP IV: 52(0%), ATK IV: 98(0%), DEF IV: 71(0%), Work Speed: (0%), Skills: Coldblooded
Burger's 52 Pals
----------------
Alpha Broncherry, Level: 23, Rank: 1, Gender: Female, HP IV: 53(0%), ATK IV: 100(0%), DEF IV: 88(0%), Work Speed: (0%), Skills: Pacifist
Alpha Jolthog, Level: 16, Rank: 1, Gender: Female, HP IV: 90(0%), ATK IV: 75(0%), DEF IV: 71(0%), Work Speed: (0%), Skills: Infinite Stamina
Cattiva, Level: 16, Rank: 1, Gender: Male, HP IV: 23(0%), ATK IV: 72(0%), DEF IV: 58(0%), Work Speed: (0%), Skills: Coward, Fragrant Foliage
Cattiva, Level: 2, Rank: 1, Gender: Female, HP IV: 93(0%), ATK IV: 61(0%), DEF IV: 7(0%), Work Speed: (0%), Skills: Coward, Hard Skin
Cattiva, Level: 2, Rank: 1, Gender: Male, HP IV: 92(0%), ATK IV: 64(0%), DEF IV: 10(0%), Work Speed: (0%), Skills: Coward, Earthquake Resistant
Cattiva, Level: 4, Rank: 1, Gender: Female, HP IV: 15(0%), ATK IV: 54(0%), DEF IV: 3(0%), Work Speed: (0%), Skills: Coward, Vanguard, Philantropist
Cattiva, Level: 4, Rank: 1, Gender: Male, HP IV: 56(0%), ATK IV: 1(0%), DEF IV: 76(0%), Work Speed: (0%), Skills: Coward, Slacker
Cattiva, Level: 4, Rank: 1, Gender: Male, HP IV: 85(0%), ATK IV: 27(0%), DEF IV: 89(0%), Work Speed: (0%), Skills: Coward, Work Slave
Chikipi, Level: 1, Rank: 1, Gender: Female, HP IV: 88(0%), ATK IV: 69(0%), DEF IV: 37(0%), Work Speed: (0%), Skills: Slacker, Hooligan
Chikipi, Level: 2, Rank: 1, Gender: Male, HP IV: 98(0%), ATK IV: 100(0%), DEF IV: 17(0%), Work Speed: (0%), Skills: Hydromaniac
Chikipi, Level: 9, Rank: 1, Gender: Female, HP IV: 54(0%), ATK IV: 23(0%), DEF IV: 7(0%), Work Speed: (0%), Skills: Workaholic
Cremis, Level: 2, Rank: 1, Gender: Male, HP IV: 93(0%), ATK IV: 85(0%), DEF IV: 64(0%), Work Speed: (0%), Skills: Positive Thinker
Croajiro, Level: 4, Rank: 1, Gender: Male, HP IV: 40(0%), ATK IV: 45(0%), DEF IV: 47(0%), Work Speed: (0%), Skills: Unstable
Daedream, Level: 10, Rank: 1, Gender: Female, HP IV: 84(0%), ATK IV: 33(0%), DEF IV: 7(0%), Work Speed: (0%), Skills: Slacker
Daedream, Level: 6, Rank: 1, Gender: Female, HP IV: 45(0%), ATK IV: 71(0%), DEF IV: 55(0%), Work Speed: (0%), Skills: Waterproof, Power of Gaia
Daedream, Level: 6, Rank: 1, Gender: Male, HP IV: 94(0%), ATK IV: 17(0%), DEF IV: 86(0%), Work Speed: (0%), Skills: Fit as a Fiddle
Direhowl, Level: 21, Rank: 1, Gender: Male, HP IV: 51(0%), ATK IV: 36(9%), DEF IV: 100(0%), Work Speed: (0%), Skills: Serenity
Direhowl, Level: 6, Rank: 1, Gender: Female, HP IV: 30(0%), ATK IV: 44(0%), DEF IV: 97(0%), Work Speed: (0%), Skills: Abnormal, Aggressive, Bottomless Stomach
Direhowl, Level: 7, Rank: 1, Gender: Male, HP IV: 65(0%), ATK IV: 83(0%), DEF IV: 10(0%), Work Speed: (0%), Skills: Earthquake Resistant
Eikthyrdeer, Level: 11, Rank: 1, Gender: Female, HP IV: 21(0%), ATK IV: 17(0%), DEF IV: 77(0%), Work Speed: (0%)
Eikthyrdeer, Level: 8, Rank: 1, Gender: Female, HP IV: 21(0%), ATK IV: 10(0%), DEF IV: 2(0%), Work Speed: (0%), Skills: Masochist
Eikthyrdeer, Level: 8, Rank: 1, Gender: Male, HP IV: 92(0%), ATK IV: 76(0%), DEF IV: 69(0%), Work Speed: (0%)
Fuack, Level: 2, Rank: 1, Gender: Female, HP IV: 25(0%), ATK IV: 86(0%), DEF IV: 99(0%), Work Speed: (0%), Skills: Coldblooded
Fuack, Level: 2, Rank: 1, Gender: Male, HP IV: 89(0%), ATK IV: 100(0%), DEF IV: 90(0%), Work Speed: (0%), Skills: Waterproof
Fuddler, Level: 8, Rank: 1, Gender: Female, HP IV: 22(0%), ATK IV: 62(0%), DEF IV: 44(0%), Work Speed: (0%)
Gumoss (Special), Level: 3, Rank: 1, Gender: Female, HP IV: 38(0%), ATK IV: 76(0%), DEF IV: 90(0%), Work Speed: (0%), Skills: Fit as a Fiddle
Gumoss (Special), Level: 4, Rank: 1, Gender: Female, HP IV: 20(0%), ATK IV: 62(0%), DEF IV: 46(0%), Work Speed: (0%), Skills: Coldblooded
Gumoss, Level: 3, Rank: 1, Gender: Female, HP IV: 14(0%), ATK IV: 18(0%), DEF IV: 9(0%), Work Speed: (0%), Skills: Aggressive
Gumoss, Level: 4, Rank: 1, Gender: Male, HP IV: 25(0%), ATK IV: 87(0%), DEF IV: 39(0%), Work Speed: (0%), Skills: Hooligan
Hoocrates, Level: 16, Rank: 1, Gender: Male, HP IV: 25(0%), ATK IV: 42(0%), DEF IV: 65(0%), Work Speed: (0%), Skills: Destructive
Hoocrates, Level: 4, Rank: 1, Gender: Male, HP IV: 32(0%), ATK IV: 88(0%), DEF IV: 95(0%), Work Speed: (0%), Skills: Vanguard
Hoocrates, Level: 5, Rank: 1, Gender: Male, HP IV: 85(0%), ATK IV: 45(0%), DEF IV: 24(0%), Work Speed: (0%), Skills: Serious, Glutton, Fragrant Foliage, Coward
Hoocrates, Level: 5, Rank: 1, Gender: Male, HP IV: 90(0%), ATK IV: 77(0%), DEF IV: 63(0%), Work Speed: (0%), Skills: Veil of Darkness
Hoocrates, Level: 6, Rank: 1, Gender: Female, HP IV: 35(0%), ATK IV: 100(0%), DEF IV: 84(0%), Work Speed: (0%), Skills: Swift
Jolthog, Level: 6, Rank: 1, Gender: Male, HP IV: 24(0%), ATK IV: 95(0%), DEF IV: 77(0%), Work Speed: (0%)
Jolthog, Level: 6, Rank: 1, Gender: Male, HP IV: 69(0%), ATK IV: 62(0%), DEF IV: 15(0%), Work Speed: (0%), Skills: Workaholic
Killamari, Level: 10, Rank: 1, Gender: Female, HP IV: 37(0%), ATK IV: 79(0%), DEF IV: 1(0%), Work Speed: (0%), Skills: Cheery
Lamball, Level: 2, Rank: 1, Gender: Male, HP IV: 14(0%), ATK IV: 71(0%), DEF IV: 67(0%), Work Speed: (0%), Skills: Power of Gaia
Lamball, Level: 3, Rank: 1, Gender: Male, HP IV: 36(0%), ATK IV: 4(0%), DEF IV: 76(0%), Work Speed: (0%), Skills: Glutton
Lamball, Level: 3, Rank: 1, Gender: Male, HP IV: 9(0%), ATK IV: 30(0%), DEF IV: 18(0%), Work Speed: (0%), Skills: Fit as a Fiddle
Nitewing, Level: 16, Rank: 1, Gender: Male, HP IV: 23(0%), ATK IV: 46(0%), DEF IV: 80(0%), Work Speed: (0%), Skills: Veil of Darkness, Suntan Lover
Rooby, Level: 3, Rank: 1, Gender: Male, HP IV: 72(0%), ATK IV: 1(0%), DEF IV: 74(0%), Work Speed: (0%), Skills: Impatient
Rushoar, Level: 16, Rank: 1, Gender: Male, HP IV: 70(0%), ATK IV: 77(0%), DEF IV: 72(0%), Work Speed: (0%), Skills: Stronghold Strategist
Rushoar, Level: 4, Rank: 1, Gender: Male, HP IV: 84(0%), ATK IV: 9(0%), DEF IV: 38(0%), Work Speed: (0%), Skills: Fragrant Foliage
Rushoar, Level: 7, Rank: 1, Gender: Female, HP IV: 73(0%), ATK IV: 35(0%), DEF IV: 96(0%), Work Speed: (0%), Skills: Mine Foreman
Swee, Level: 5, Rank: 1, Gender: Male, HP IV: 69(0%), ATK IV: 28(0%), DEF IV: 2(0%), Work Speed: (0%), Skills: Vanguard
Sweepa, Level: 8, Rank: 1, Gender: Female, HP IV: 100(0%), ATK IV: 40(0%), DEF IV: 67(0%), Work Speed: (0%), Skills: Slacker
Tanzee, Level: 11, Rank: 1, Gender: Male, HP IV: 8(0%), ATK IV: 59(0%), DEF IV: 2(0%), Work Speed: (0%), Skills: Slacker
Teafant, Level: 2, Rank: 1, Gender: Male, HP IV: 32(0%), ATK IV: 24(0%), DEF IV: 13(0%), Work Speed: (0%), Skills: Coldblooded
Teafant, Level: 3, Rank: 1, Gender: Female, HP IV: 34(0%), ATK IV: 2(0%), DEF IV: 38(0%), Work Speed: (0%), Skills: Destructive
Teafant, Level: 4, Rank: 1, Gender: Female, HP IV: 19(0%), ATK IV: 64(0%), DEF IV: 30(0%), Work Speed: (0%), Skills: Hydromaniac
Vixy, Level: 6, Rank: 1, Gender: Male, HP IV: 52(0%), ATK IV: 98(0%), DEF IV: 71(0%), Work Speed: (0%), Skills: Coldblooded
