Cakqwa's 15 Pals
----------------
Alpha Foxparks, Level: 6, Rank: 1, Gender: Female, HP IV: 84(0%), ATK IV: 93(0%), DEF IV: 98(0%), Work Speed: (0%), Skills: Lucky, Slacker
Cattiva, Level: 10, Rank: 1, Gender: Female, HP IV: 100(0%), ATK IV: 72(0%), DEF IV: 21(0%), Work Speed: (0%), Skills: Coward, Aggressive, Downtrodden
Cattiva, Level: 10, Rank: 1, Gender: Male, HP IV: 13(0%), ATK IV: 56(0%), DEF IV: 3(0%), Work Speed: (0%), Skills: Coward, Musclehead
Cattiva, Level: 10, Rank: 1, Gender: Male, HP IV: 18(0%), ATK IV: 84(0%), DEF IV: 88(0%), Work Speed: (0%), Skills: Coward, Vanguard, Sickly
Daedream, Level: 10, Rank: 1, Gender: Female, HP IV: 81(0%), ATK IV: 55(0%), DEF IV: 56(0%), Work Speed: (0%), Skills: Vanguard, Destructive
Daedream, Level: 3, Rank: 1, Gender: Female, HP IV: 24(0%), ATK IV: 77(0%), DEF IV: 27(0%), Work Speed: (0%), Skills: Unstable
Daedream, Level: 4, Rank: 1, Gender: Female, HP IV: 21(0%), ATK IV: 0(0%), DEF IV: 59(0%), Work Speed: (0%), Skills: Blood of the Dragon
Daedream, Level: 6, Rank: 1, Gender: Male, HP IV: 60(0%), ATK IV: 76(0%), DEF IV: 6(0%), Work Speed: (0%), Skills: Philantropist
Foxparks, Level: 3, Rank: 1, Gender: Female, HP IV: 4(0%), ATK IV: 6(0%), DEF IV: 92(0%), Work Speed: (0%), Skills: Motivational Leader
Foxparks, Level: 4, Rank: 1, Gender: Male, HP IV: 10(0%), ATK IV: 16(0%), DEF IV: 84(0%), Work Speed: (0%)
Foxparks, Level: 6, Rank: 1, Gender: Female, HP IV: 17(0%), ATK IV: 79(0%), DEF IV: 27(0%), Work Speed: (0%), Skills: Veil of Darkness, Botanical Barrier, Swift
Hoocrates, Level: 10, Rank: 1, Gender: Male, HP IV: 78(0%), ATK IV: 45(0%), DEF IV: 83(0%), Work Speed: (0%), Skills: Motivational Leader
Tocotoco, Level: 1, Rank: 1, Gender: Male, HP IV: 35(0%), ATK IV: 70(0%), DEF IV: 26(0%), Work Speed: (0%), Skills: Noble
Vixy, Level: 3, Rank: 1, Gender: Male, HP IV: 48(0%), ATK IV: 54(0%), DEF IV: 68(0%), Work Speed: (0%)
Vixy, Level: 6, Rank: 1, Gender: Female, HP IV: 41(0%), ATK IV: 70(0%), DEF IV: 63(0%), Work Speed: (0%), Skills: Earthquake Resistant
Cakqwa's 15 Pals
----------------
Alpha Foxparks, Level: 6, Rank: 1, Gender: Female, HP IV: 84(0%), ATK IV: 93(0%), DEF IV: 98(0%), Work Speed: (0%), Skills: Lucky, Slacker
Cattiva, Level: 10, Rank: 1, Gender: Female, HP IV: 100(0%), ATK IV: 72(0%), DEF IV: 21(0%), Work Speed: (0%), Skills: Coward, Aggressive, Downtrodden
Cattiva, Level: 10, Rank: 1, Gender: Male, HP IV: 13(0%), ATK IV: 56(0%), DEF IV: 3(0%), Work Speed: (0%), Skills: Coward, Musclehead
Cattiva, Level: 10, Rank: 1, Gender: Male, HP IV: 18(0%), ATK IV: 84(0%), DEF IV: 88(0%), Work Speed: (0%), Skills: Coward, Vanguard, Sickly
Daedream, Level: 10, Rank: 1, Gender: Female, HP IV: 81(0%), ATK IV: 55(0%), DEF IV: 56(0%), Work Speed: (0%), Skills: Vanguard, Destructive
Daedream, Level: 3, Rank: 1, Gender: Female, HP IV: 24(0%), ATK IV: 77(0%), DEF IV: 27(0%), Work Speed: (0%), Skills: Unstable
Daedream, Level: 4, Rank: 1, Gender: Female, HP IV: 21(0%), ATK IV: 0(0%), DEF IV: 59(0%), Work Speed: (0%), Skills: Blood of the Dragon
Daedream, Level: 6, Rank: 1, Gender: Male, HP IV: 60(0%), ATK IV: 76(0%), DEF IV: 6(0%), Work Speed: (0%), Skills: Philantropist
Foxparks, Level: 3, Rank: 1, Gender: Female, HP IV: 4(0%), ATK IV: 6(0%), DEF IV: 92(0%), Work Speed: (0%), Skills: Motivational Leader
Foxparks, Level: 4, Rank: 1, Gender: Male, HP IV: 10(0%), ATK IV: 16(0%), DEF IV: 84(0%), Work Speed: (0%)
Foxparks, Level: 6, Rank: 1, Gender: Female, HP IV: 17(0%), ATK IV: 79(0%), DEF IV: 27(0%), Work Speed: (0%), Skills: Veil of Darkness, Botanical Barrier, Swift
Hoocrates, Level: 10, Rank: 1, Gender: Male, HP IV: 78(0%), ATK IV: 45(0%), DEF IV: 83(0%), Work Speed: (0%), Skills: Motivational Leader
Tocotoco, Level: 1, Rank: 1, Gender: Male, HP IV: 35(0%), ATK IV: 70(0%), DEF IV: 26(0%), Work Speed: (0%), Skills: Noble
Vixy, Level: 3, Rank: 1, Gender: Male, HP IV: 48(0%), ATK IV: 54(0%), DEF IV: 68(0%), Work Speed: (0%)
Vixy, Level: 6, Rank: 1, Gender: Female, HP IV: 41(0%), ATK IV: 70(0%), DEF IV: 63(0%), Work Speed: (0%), Skills: Earthquake Resistant
Cakqwa's 15 Pals
----------------
Alpha Foxparks, Level: 6, Rank: 1, Gender: Female, HP IV: 84(0%), ATK IV: 93(0%), DEF IV: 98(0%), Work Speed: (0%), Skills: Lucky, Slacker
Cattiva, Level: 10, Rank: 1, Gender: Female, HP IV: 100(0%), ATK IV: 72(0%), DEF IV: 21(0%), Work Speed: (0%), Skills: Coward, Aggressive, Downtrodden
Cattiva, Level: 10, Rank: 1, Gender: Male, HP IV: 13(0%), ATK IV: 56(0%), DEF IV: 3(0%), Work Speed: (0%), Skills: Coward, Musclehead
Cattiva, Level: 10, Rank: 1, Gender: Male, HP IV: 18(0%), ATK IV: 84(0%), DEF IV: 88(0%), Work Speed: (0%), Skills: Coward, Vanguard, Sickly
Daedream, Level: 10, Rank: 1, Gender: Female, HP IV: 81(0%), ATK IV: 55(0%), DEF IV: 56(0%), Work Speed: (0%), Skills: Vanguard, Destructive
Daedream, Level: 3, Rank: 1, Gender: Female, HP IV: 24(0%), ATK IV: 77(0%), DEF IV: 27(0%), Work Speed: (0%), Skills: Unstable
Daedream, Level: 4, Rank: 1, Gender: Female, HP IV: 21(0%), ATK IV: 0(0%), DEF IV: 59(0%), Work Speed: (0%), Skills: Blood of the Dragon
Daedream, Level: 6, Rank: 1, Gender: Male, HP IV: 60(0%), ATK IV: 76(0%), DEF IV: 6(0%), Work Speed: (0%), Skills: Philantropist
Foxparks, Level: 3, Rank: 1, Gender: Female, HP IV: 4(0%), ATK IV: 6(0%), DEF IV: 92(0%), Work Speed: (0%), Skills: Motivational Leader
Foxparks, Level: 4, Rank: 1, Gender: Male, HP IV: 10(0%), ATK IV: 16(0%), DEF IV: 84(0%), Work Speed: (0%)
Foxparks, Level: 6, Rank: 1, Gender: Female, HP IV: 17(0%), ATK IV: 79(0%), DEF IV: 27(0%), Work Speed: (0%), Skills: Veil of Darkness, Botanical Barrier, Swift
Hoocrates, Level: 10, Rank: 1, Gender: Male, HP IV: 78(0%), ATK IV: 45(0%), DEF IV: 83(0%), Work Speed: (0%), Skills: Motivational Leader
Tocotoco, Level: 1, Rank: 1, Gender: Male, HP IV: 35(0%), ATK IV: 70(0%), DEF IV: 26(0%), Work Speed: (0%), Skills: Noble
Vixy, Level: 3, Rank: 1, Gender: Male, HP IV: 48(0%), ATK IV: 54(0%), DEF IV: 68(0%), Work Speed: (0%)
Vixy, Level: 6, Rank: 1, Gender: Female, HP IV: 41(0%), ATK IV: 70(0%), DEF IV: 63(0%), Work Speed: (0%), Skills: Earthquake Resistant
Cakqwa's 15 Pals
----------------
Alpha Foxparks, Level: 6, Rank: 1, Gender: Female, HP IV: 84(0%), ATK IV: 93(0%), DEF IV: 98(0%), Work Speed: (0%), Skills: Lucky, Slacker
Cattiva, Level: 10, Rank: 1, Gender: Female, HP IV: 100(0%), ATK IV: 72(0%), DEF IV: 21(0%), Work Speed: (0%), Skills: Coward, Aggressive, Downtrodden
Cattiva, Level: 10, Rank: 1, Gender: Male, HP IV: 13(0%), ATK IV: 56(0%), DEF IV: 3(0%), Work Speed: (0%), Skills: Coward, Musclehead
Cattiva, Level: 10, Rank: 1, Gender: Male, HP IV: 18(0%), ATK IV: 84(0%), DEF IV: 88(0%), Work Speed: (0%), Skills: Coward, Vanguard, Sickly
Daedream, Level: 10, Rank: 1, Gender: Female, HP IV: 81(0%), ATK IV: 55(0%), DEF IV: 56(0%), Work Speed: (0%), Skills: Vanguard, Destructive
Daedream, Level: 3, Rank: 1, Gender: Female, HP IV: 24(0%), ATK IV: 77(0%), DEF IV: 27(0%), Work Speed: (0%), Skills: Unstable
Daedream, Level: 4, Rank: 1, Gender: Female, HP IV: 21(0%), ATK IV: 0(0%), DEF IV: 59(0%), Work Speed: (0%), Skills: Blood of the Dragon
Daedream, Level: 6, Rank: 1, Gender: Male, HP IV: 60(0%), ATK IV: 76(0%), DEF IV: 6(0%), Work Speed: (0%), Skills: Philantropist
Foxparks, Level: 3, Rank: 1, Gender: Female, HP IV: 4(0%), ATK IV: 6(0%), DEF IV: 92(0%), Work Speed: (0%), Skills: Motivational Leader
Foxparks, Level: 4, Rank: 1, Gender: Male, HP IV: 10(0%), ATK IV: 16(0%), DEF IV: 84(0%), Work Speed: (0%)
Foxparks, Level: 6, Rank: 1, Gender: Female, HP IV: 17(0%), ATK IV: 79(0%), DEF IV: 27(0%), Work Speed: (0%), Skills: Veil of Darkness, Botanical Barrier, Swift
Hoocrates, Level: 10, Rank: 1, Gender: Male, HP IV: 78(0%), ATK IV: 45(0%), DEF IV: 83(0%), Work Speed: (0%), Skills: Motivational Leader
Tocotoco, Level: 1, Rank: 1, Gender: Male, HP IV: 35(0%), ATK IV: 70(0%), DEF IV: 26(0%), Work Speed: (0%), Skills: Noble
Vixy, Level: 3, Rank: 1, Gender: Male, HP IV: 48(0%), ATK IV: 54(0%), DEF IV: 68(0%), Work Speed: (0%)
Vixy, Level: 6, Rank: 1, Gender: Female, HP IV: 41(0%), ATK IV: 70(0%), DEF IV: 63(0%), Work Speed: (0%), Skills: Earthquake Resistant
Cakqwa's 15 Pals
----------------
Alpha Foxparks, Level: 6, Rank: 1, Gender: Female, HP IV: 84(0%), ATK IV: 93(0%), DEF IV: 98(0%), Work Speed: (0%), Skills: Lucky, Slacker
Cattiva, Level: 10, Rank: 1, Gender: Female, HP IV: 100(0%), ATK IV: 72(0%), DEF IV: 21(0%), Work Speed: (0%), Skills: Coward, Aggressive, Downtrodden
Cattiva, Level: 10, Rank: 1, Gender: Male, HP IV: 13(0%), ATK IV: 56(0%), DEF IV: 3(0%), Work Speed: (0%), Skills: Coward, Musclehead
Cattiva, Level: 10, Rank: 1, Gender: Male, HP IV: 18(0%), ATK IV: 84(0%), DEF IV: 88(0%), Work Speed: (0%), Skills: Coward, Vanguard, Sickly
Daedream, Level: 10, Rank: 1, Gender: Female, HP IV: 81(0%), ATK IV: 55(0%), DEF IV: 56(0%), Work Speed: (0%), Skills: Vanguard, Destructive
Daedream, Level: 3, Rank: 1, Gender: Female, HP IV: 24(0%), ATK IV: 77(0%), DEF IV: 27(0%), Work Speed: (0%), Skills: Unstable
Daedream, Level: 4, Rank: 1, Gender: Female, HP IV: 21(0%), ATK IV: 0(0%), DEF IV: 59(0%), Work Speed: (0%), Skills: Blood of the Dragon
Daedream, Level: 6, Rank: 1, Gender: Male, HP IV: 60(0%), ATK IV: 76(0%), DEF IV: 6(0%), Work Speed: (0%), Skills: Philantropist
Foxparks, Level: 3, Rank: 1, Gender: Female, HP IV: 4(0%), ATK IV: 6(0%), DEF IV: 92(0%), Work Speed: (0%), Skills: Motivational Leader
Foxparks, Level: 4, Rank: 1, Gender: Male, HP IV: 10(0%), ATK IV: 16(0%), DEF IV: 84(0%), Work Speed: (0%)
Foxparks, Level: 6, Rank: 1, Gender: Female, HP IV: 17(0%), ATK IV: 79(0%), DEF IV: 27(0%), Work Speed: (0%), Skills: Veil of Darkness, Botanical Barrier, Swift
Hoocrates, Level: 10, Rank: 1, Gender: Male, HP IV: 78(0%), ATK IV: 45(0%), DEF IV: 83(0%), Work Speed: (0%), Skills: Motivational Leader
Tocotoco, Level: 1, Rank: 1, Gender: Male, HP IV: 35(0%), ATK IV: 70(0%), DEF IV: 26(0%), Work Speed: (0%), Skills: Noble
Vixy, Level: 3, Rank: 1, Gender: Male, HP IV: 48(0%), ATK IV: 54(0%), DEF IV: 68(0%), Work Speed: (0%)
Vixy, Level: 6, Rank: 1, Gender: Female, HP IV: 41(0%), ATK IV: 70(0%), DEF IV: 63(0%), Work Speed: (0%), Skills: Earthquake Resistant
Cakqwa's 15 Pals
----------------
Alpha Foxparks, Level: 6, Rank: 1, Gender: Female, HP IV: 84(0%), ATK IV: 93(0%), DEF IV: 98(0%), Work Speed: (0%), Skills: Lucky, Slacker
Cattiva, Level: 10, Rank: 1, Gender: Female, HP IV: 100(0%), ATK IV: 72(0%), DEF IV: 21(0%), Work Speed: (0%), Skills: Coward, Aggressive, Downtrodden
Cattiva, Level: 10, Rank: 1, Gender: Male, HP IV: 13(0%), ATK IV: 56(0%), DEF IV: 3(0%), Work Speed: (0%), Skills: Coward, Musclehead
Cattiva, Level: 10, Rank: 1, Gender: Male, HP IV: 18(0%), ATK IV: 84(0%), DEF IV: 88(0%), Work Speed: (0%), Skills: Coward, Vanguard, Sickly
Daedream, Level: 10, Rank: 1, Gender: Female, HP IV: 81(0%), ATK IV: 55(0%), DEF IV: 56(0%), Work Speed: (0%), Skills: Vanguard, Destructive
Daedream, Level: 3, Rank: 1, Gender: Female, HP IV: 24(0%), ATK IV: 77(0%), DEF IV: 27(0%), Work Speed: (0%), Skills: Unstable
Daedream, Level: 4, Rank: 1, Gender: Female, HP IV: 21(0%), ATK IV: 0(0%), DEF IV: 59(0%), Work Speed: (0%), Skills: Blood of the Dragon
Daedream, Level: 6, Rank: 1, Gender: Male, HP IV: 60(0%), ATK IV: 76(0%), DEF IV: 6(0%), Work Speed: (0%), Skills: Philantropist
Foxparks, Level: 3, Rank: 1, Gender: Female, HP IV: 4(0%), ATK IV: 6(0%), DEF IV: 92(0%), Work Speed: (0%), Skills: Motivational Leader
Foxparks, Level: 4, Rank: 1, Gender: Male, HP IV: 10(0%), ATK IV: 16(0%), DEF IV: 84(0%), Work Speed: (0%)
Foxparks, Level: 6, Rank: 1, Gender: Female, HP IV: 17(0%), ATK IV: 79(0%), DEF IV: 27(0%), Work Speed: (0%), Skills: Veil of Darkness, Botanical Barrier, Swift
Hoocrates, Level: 10, Rank: 1, Gender: Male, HP IV: 78(0%), ATK IV: 45(0%), DEF IV: 83(0%), Work Speed: (0%), Skills: Motivational Leader
Tocotoco, Level: 1, Rank: 1, Gender: Male, HP IV: 35(0%), ATK IV: 70(0%), DEF IV: 26(0%), Work Speed: (0%), Skills: Noble
Vixy, Level: 3, Rank: 1, Gender: Male, HP IV: 48(0%), ATK IV: 54(0%), DEF IV: 68(0%), Work Speed: (0%)
Vixy, Level: 6, Rank: 1, Gender: Female, HP IV: 41(0%), ATK IV: 70(0%), DEF IV: 63(0%), Work Speed: (0%), Skills: Earthquake Resistant
Cakqwa's 15 Pals
----------------
Alpha Foxparks, Level: 6, Rank: 1, Gender: Female, HP IV: 84(0%), ATK IV: 93(0%), DEF IV: 98(0%), Work Speed: (0%), Skills: Lucky, Slacker
Cattiva, Level: 10, Rank: 1, Gender: Female, HP IV: 100(0%), ATK IV: 72(0%), DEF IV: 21(0%), Work Speed: (0%), Skills: Coward, Aggressive, Downtrodden
Cattiva, Level: 10, Rank: 1, Gender: Male, HP IV: 13(0%), ATK IV: 56(0%), DEF IV: 3(0%), Work Speed: (0%), Skills: Coward, Musclehead
Cattiva, Level: 10, Rank: 1, Gender: Male, HP IV: 18(0%), ATK IV: 84(0%), DEF IV: 88(0%), Work Speed: (0%), Skills: Coward, Vanguard, Sickly
Daedream, Level: 10, Rank: 1, Gender: Female, HP IV: 81(0%), ATK IV: 55(0%), DEF IV: 56(0%), Work Speed: (0%), Skills: Vanguard, Destructive
Daedream, Level: 3, Rank: 1, Gender: Female, HP IV: 24(0%), ATK IV: 77(0%), DEF IV: 27(0%), Work Speed: (0%), Skills: Unstable
Daedream, Level: 4, Rank: 1, Gender: Female, HP IV: 21(0%), ATK IV: 0(0%), DEF IV: 59(0%), Work Speed: (0%), Skills: Blood of the Dragon
Daedream, Level: 6, Rank: 1, Gender: Male, HP IV: 60(0%), ATK IV: 76(0%), DEF IV: 6(0%), Work Speed: (0%), Skills: Philantropist
Foxparks, Level: 3, Rank: 1, Gender: Female, HP IV: 4(0%), ATK IV: 6(0%), DEF IV: 92(0%), Work Speed: (0%), Skills: Motivational Leader
Foxparks, Level: 4, Rank: 1, Gender: Male, HP IV: 10(0%), ATK IV: 16(0%), DEF IV: 84(0%), Work Speed: (0%)
Foxparks, Level: 6, Rank: 1, Gender: Female, HP IV: 17(0%), ATK IV: 79(0%), DEF IV: 27(0%), Work Speed: (0%), Skills: Veil of Darkness, Botanical Barrier, Swift
Hoocrates, Level: 10, Rank: 1, Gender: Male, HP IV: 78(0%), ATK IV: 45(0%), DEF IV: 83(0%), Work Speed: (0%), Skills: Motivational Leader
Tocotoco, Level: 1, Rank: 1, Gender: Male, HP IV: 35(0%), ATK IV: 70(0%), DEF IV: 26(0%), Work Speed: (0%), Skills: Noble
Vixy, Level: 3, Rank: 1, Gender: Male, HP IV: 48(0%), ATK IV: 54(0%), DEF IV: 68(0%), Work Speed: (0%)
Vixy, Level: 6, Rank: 1, Gender: Female, HP IV: 41(0%), ATK IV: 70(0%), DEF IV: 63(0%), Work Speed: (0%), Skills: Earthquake Resistant
Cakqwa's 15 Pals
----------------
Alpha Foxparks, Level: 6, Rank: 1, Gender: Female, HP IV: 84(0%), ATK IV: 93(0%), DEF IV: 98(0%), Work Speed: (0%), Skills: Lucky, Slacker
Cattiva, Level: 10, Rank: 1, Gender: Female, HP IV: 100(0%), ATK IV: 72(0%), DEF IV: 21(0%), Work Speed: (0%), Skills: Coward, Aggressive, Downtrodden
Cattiva, Level: 10, Rank: 1, Gender: Male, HP IV: 13(0%), ATK IV: 56(0%), DEF IV: 3(0%), Work Speed: (0%), Skills: Coward, Musclehead
Cattiva, Level: 10, Rank: 1, Gender: Male, HP IV: 18(0%), ATK IV: 84(0%), DEF IV: 88(0%), Work Speed: (0%), Skills: Coward, Vanguard, Sickly
Daedream, Level: 10, Rank: 1, Gender: Female, HP IV: 81(0%), ATK IV: 55(0%), DEF IV: 56(0%), Work Speed: (0%), Skills: Vanguard, Destructive
Daedream, Level: 3, Rank: 1, Gender: Female, HP IV: 24(0%), ATK IV: 77(0%), DEF IV: 27(0%), Work Speed: (0%), Skills: Unstable
Daedream, Level: 4, Rank: 1, Gender: Female, HP IV: 21(0%), ATK IV: 0(0%), DEF IV: 59(0%), Work Speed: (0%), Skills: Blood of the Dragon
Daedream, Level: 6, Rank: 1, Gender: Male, HP IV: 60(0%), ATK IV: 76(0%), DEF IV: 6(0%), Work Speed: (0%), Skills: Philantropist
Foxparks, Level: 3, Rank: 1, Gender: Female, HP IV: 4(0%), ATK IV: 6(0%), DEF IV: 92(0%), Work Speed: (0%), Skills: Motivational Leader
Foxparks, Level: 4, Rank: 1, Gender: Male, HP IV: 10(0%), ATK IV: 16(0%), DEF IV: 84(0%), Work Speed: (0%)
Foxparks, Level: 6, Rank: 1, Gender: Female, HP IV: 17(0%), ATK IV: 79(0%), DEF IV: 27(0%), Work Speed: (0%), Skills: Veil of Darkness, Botanical Barrier, Swift
Hoocrates, Level: 10, Rank: 1, Gender: Male, HP IV: 78(0%), ATK IV: 45(0%), DEF IV: 83(0%), Work Speed: (0%), Skills: Motivational Leader
Tocotoco, Level: 1, Rank: 1, Gender: Male, HP IV: 35(0%), ATK IV: 70(0%), DEF IV: 26(0%), Work Speed: (0%), Skills: Noble
Vixy, Level: 3, Rank: 1, Gender: Male, HP IV: 48(0%), ATK IV: 54(0%), DEF IV: 68(0%), Work Speed: (0%)
Vixy, Level: 6, Rank: 1, Gender: Female, HP IV: 41(0%), ATK IV: 70(0%), DEF IV: 63(0%), Work Speed: (0%), Skills: Earthquake Resistant
Cakqwa's 15 Pals
----------------
Alpha Foxparks, Level: 6, Rank: 1, Gender: Female, HP IV: 84(0%), ATK IV: 93(0%), DEF IV: 98(0%), Work Speed: (0%), Skills: Lucky, Slacker
Cattiva, Level: 10, Rank: 1, Gender: Female, HP IV: 100(0%), ATK IV: 72(0%), DEF IV: 21(0%), Work Speed: (0%), Skills: Coward, Aggressive, Downtrodden
Cattiva, Level: 10, Rank: 1, Gender: Male, HP IV: 13(0%), ATK IV: 56(0%), DEF IV: 3(0%), Work Speed: (0%), Skills: Coward, Musclehead
Cattiva, Level: 10, Rank: 1, Gender: Male, HP IV: 18(0%), ATK IV: 84(0%), DEF IV: 88(0%), Work Speed: (0%), Skills: Coward, Vanguard, Sickly
Daedream, Level: 10, Rank: 1, Gender: Female, HP IV: 81(0%), ATK IV: 55(0%), DEF IV: 56(0%), Work Speed: (0%), Skills: Vanguard, Destructive
Daedream, Level: 3, Rank: 1, Gender: Female, HP IV: 24(0%), ATK IV: 77(0%), DEF IV: 27(0%), Work Speed: (0%), Skills: Unstable
Daedream, Level: 4, Rank: 1, Gender: Female, HP IV: 21(0%), ATK IV: 0(0%), DEF IV: 59(0%), Work Speed: (0%), Skills: Blood of the Dragon
Daedream, Level: 6, Rank: 1, Gender: Male, HP IV: 60(0%), ATK IV: 76(0%), DEF IV: 6(0%), Work Speed: (0%), Skills: Philantropist
Foxparks, Level: 3, Rank: 1, Gender: Female, HP IV: 4(0%), ATK IV: 6(0%), DEF IV: 92(0%), Work Speed: (0%), Skills: Motivational Leader
Foxparks, Level: 4, Rank: 1, Gender: Male, HP IV: 10(0%), ATK IV: 16(0%), DEF IV: 84(0%), Work Speed: (0%)
Foxparks, Level: 6, Rank: 1, Gender: Female, HP IV: 17(0%), ATK IV: 79(0%), DEF IV: 27(0%), Work Speed: (0%), Skills: Veil of Darkness, Botanical Barrier, Swift
Hoocrates, Level: 10, Rank: 1, Gender: Male, HP IV: 78(0%), ATK IV: 45(0%), DEF IV: 83(0%), Work Speed: (0%), Skills: Motivational Leader
Tocotoco, Level: 1, Rank: 1, Gender: Male, HP IV: 35(0%), ATK IV: 70(0%), DEF IV: 26(0%), Work Speed: (0%), Skills: Noble
Vixy, Level: 3, Rank: 1, Gender: Male, HP IV: 48(0%), ATK IV: 54(0%), DEF IV: 68(0%), Work Speed: (0%)
Vixy, Level: 6, Rank: 1, Gender: Female, HP IV: 41(0%), ATK IV: 70(0%), DEF IV: 63(0%), Work Speed: (0%), Skills: Earthquake Resistant
Cakqwa's 15 Pals
----------------
Alpha Foxparks, Level: 6, Rank: 1, Gender: Female, HP IV: 84(0%), ATK IV: 93(0%), DEF IV: 98(0%), Work Speed: (0%), Skills: Lucky, Slacker
Cattiva, Level: 10, Rank: 1, Gender: Female, HP IV: 100(0%), ATK IV: 72(0%), DEF IV: 21(0%), Work Speed: (0%), Skills: Coward, Aggressive, Downtrodden
Cattiva, Level: 10, Rank: 1, Gender: Male, HP IV: 13(0%), ATK IV: 56(0%), DEF IV: 3(0%), Work Speed: (0%), Skills: Coward, Musclehead
Cattiva, Level: 10, Rank: 1, Gender: Male, HP IV: 18(0%), ATK IV: 84(0%), DEF IV: 88(0%), Work Speed: (0%), Skills: Coward, Vanguard, Sickly
Daedream, Level: 10, Rank: 1, Gender: Female, HP IV: 81(0%), ATK IV: 55(0%), DEF IV: 56(0%), Work Speed: (0%), Skills: Vanguard, Destructive
Daedream, Level: 3, Rank: 1, Gender: Female, HP IV: 24(0%), ATK IV: 77(0%), DEF IV: 27(0%), Work Speed: (0%), Skills: Unstable
Daedream, Level: 4, Rank: 1, Gender: Female, HP IV: 21(0%), ATK IV: 0(0%), DEF IV: 59(0%), Work Speed: (0%), Skills: Blood of the Dragon
Daedream, Level: 6, Rank: 1, Gender: Male, HP IV: 60(0%), ATK IV: 76(0%), DEF IV: 6(0%), Work Speed: (0%), Skills: Philantropist
Foxparks, Level: 3, Rank: 1, Gender: Female, HP IV: 4(0%), ATK IV: 6(0%), DEF IV: 92(0%), Work Speed: (0%), Skills: Motivational Leader
Foxparks, Level: 4, Rank: 1, Gender: Male, HP IV: 10(0%), ATK IV: 16(0%), DEF IV: 84(0%), Work Speed: (0%)
Foxparks, Level: 6, Rank: 1, Gender: Female, HP IV: 17(0%), ATK IV: 79(0%), DEF IV: 27(0%), Work Speed: (0%), Skills: Veil of Darkness, Botanical Barrier, Swift
Hoocrates, Level: 10, Rank: 1, Gender: Male, HP IV: 78(0%), ATK IV: 45(0%), DEF IV: 83(0%), Work Speed: (0%), Skills: Motivational Leader
Tocotoco, Level: 1, Rank: 1, Gender: Male, HP IV: 35(0%), ATK IV: 70(0%), DEF IV: 26(0%), Work Speed: (0%), Skills: Noble
Vixy, Level: 3, Rank: 1, Gender: Male, HP IV: 48(0%), ATK IV: 54(0%), DEF IV: 68(0%), Work Speed: (0%)
Vixy, Level: 6, Rank: 1, Gender: Female, HP IV: 41(0%), ATK IV: 70(0%), DEF IV: 63(0%), Work Speed: (0%), Skills: Earthquake Resistant
Cakqwa's 15 Pals
----------------
Alpha Foxparks, Level: 6, Rank: 1, Gender: Female, HP IV: 84(0%), ATK IV: 93(0%), DEF IV: 98(0%), Work Speed: (0%), Skills: Lucky, Slacker
Cattiva, Level: 10, Rank: 1, Gender: Female, HP IV: 100(0%), ATK IV: 72(0%), DEF IV: 21(0%), Work Speed: (0%), Skills: Coward, Aggressive, Downtrodden
Cattiva, Level: 10, Rank: 1, Gender: Male, HP IV: 13(0%), ATK IV: 56(0%), DEF IV: 3(0%), Work Speed: (0%), Skills: Coward, Musclehead
Cattiva, Level: 10, Rank: 1, Gender: Male, HP IV: 18(0%), ATK IV: 84(0%), DEF IV: 88(0%), Work Speed: (0%), Skills: Coward, Vanguard, Sickly
Daedream, Level: 10, Rank: 1, Gender: Female, HP IV: 81(0%), ATK IV: 55(0%), DEF IV: 56(0%), Work Speed: (0%), Skills: Vanguard, Destructive
Daedream, Level: 3, Rank: 1, Gender: Female, HP IV: 24(0%), ATK IV: 77(0%), DEF IV: 27(0%), Work Speed: (0%), Skills: Unstable
Daedream, Level: 4, Rank: 1, Gender: Female, HP IV: 21(0%), ATK IV: 0(0%), DEF IV: 59(0%), Work Speed: (0%), Skills: Blood of the Dragon
Daedream, Level: 6, Rank: 1, Gender: Male, HP IV: 60(0%), ATK IV: 76(0%), DEF IV: 6(0%), Work Speed: (0%), Skills: Philantropist
Foxparks, Level: 3, Rank: 1, Gender: Female, HP IV: 4(0%), ATK IV: 6(0%), DEF IV: 92(0%), Work Speed: (0%), Skills: Motivational Leader
Foxparks, Level: 4, Rank: 1, Gender: Male, HP IV: 10(0%), ATK IV: 16(0%), DEF IV: 84(0%), Work Speed: (0%)
Foxparks, Level: 6, Rank: 1, Gender: Female, HP IV: 17(0%), ATK IV: 79(0%), DEF IV: 27(0%), Work Speed: (0%), Skills: Veil of Darkness, Botanical Barrier, Swift
Hoocrates, Level: 10, Rank: 1, Gender: Male, HP IV: 78(0%), ATK IV: 45(0%), DEF IV: 83(0%), Work Speed: (0%), Skills: Motivational Leader
Tocotoco, Level: 1, Rank: 1, Gender: Male, HP IV: 35(0%), ATK IV: 70(0%), DEF IV: 26(0%), Work Speed: (0%), Skills: Noble
Vixy, Level: 3, Rank: 1, Gender: Male, HP IV: 48(0%), ATK IV: 54(0%), DEF IV: 68(0%), Work Speed: (0%)
Vixy, Level: 6, Rank: 1, Gender: Female, HP IV: 41(0%), ATK IV: 70(0%), DEF IV: 63(0%), Work Speed: (0%), Skills: Earthquake Resistant
Cakqwa's 15 Pals
----------------
Alpha Foxparks, Level: 6, Rank: 1, Gender: Female, HP IV: 84(0%), ATK IV: 93(0%), DEF IV: 98(0%), Work Speed: (0%), Skills: Lucky, Slacker
Cattiva, Level: 10, Rank: 1, Gender: Female, HP IV: 100(0%), ATK IV: 72(0%), DEF IV: 21(0%), Work Speed: (0%), Skills: Coward, Aggressive, Downtrodden
Cattiva, Level: 10, Rank: 1, Gender: Male, HP IV: 13(0%), ATK IV: 56(0%), DEF IV: 3(0%), Work Speed: (0%), Skills: Coward, Musclehead
Cattiva, Level: 10, Rank: 1, Gender: Male, HP IV: 18(0%), ATK IV: 84(0%), DEF IV: 88(0%), Work Speed: (0%), Skills: Coward, Vanguard, Sickly
Daedream, Level: 10, Rank: 1, Gender: Female, HP IV: 81(0%), ATK IV: 55(0%), DEF IV: 56(0%), Work Speed: (0%), Skills: Vanguard, Destructive
Daedream, Level: 3, Rank: 1, Gender: Female, HP IV: 24(0%), ATK IV: 77(0%), DEF IV: 27(0%), Work Speed: (0%), Skills: Unstable
Daedream, Level: 4, Rank: 1, Gender: Female, HP IV: 21(0%), ATK IV: 0(0%), DEF IV: 59(0%), Work Speed: (0%), Skills: Blood of the Dragon
Daedream, Level: 6, Rank: 1, Gender: Male, HP IV: 60(0%), ATK IV: 76(0%), DEF IV: 6(0%), Work Speed: (0%), Skills: Philantropist
Foxparks, Level: 3, Rank: 1, Gender: Female, HP IV: 4(0%), ATK IV: 6(0%), DEF IV: 92(0%), Work Speed: (0%), Skills: Motivational Leader
Foxparks, Level: 4, Rank: 1, Gender: Male, HP IV: 10(0%), ATK IV: 16(0%), DEF IV: 84(0%), Work Speed: (0%)
Foxparks, Level: 6, Rank: 1, Gender: Female, HP IV: 17(0%), ATK IV: 79(0%), DEF IV: 27(0%), Work Speed: (0%), Skills: Veil of Darkness, Botanical Barrier, Swift
Hoocrates, Level: 10, Rank: 1, Gender: Male, HP IV: 78(0%), ATK IV: 45(0%), DEF IV: 83(0%), Work Speed: (0%), Skills: Motivational Leader
Tocotoco, Level: 1, Rank: 1, Gender: Male, HP IV: 35(0%), ATK IV: 70(0%), DEF IV: 26(0%), Work Speed: (0%), Skills: Noble
Vixy, Level: 3, Rank: 1, Gender: Male, HP IV: 48(0%), ATK IV: 54(0%), DEF IV: 68(0%), Work Speed: (0%)
Vixy, Level: 6, Rank: 1, Gender: Female, HP IV: 41(0%), ATK IV: 70(0%), DEF IV: 63(0%), Work Speed: (0%), Skills: Earthquake Resistant
Cakqwa's 15 Pals
----------------
Alpha Foxparks, Level: 6, Rank: 1, Gender: Female, HP IV: 84(0%), ATK IV: 93(0%), DEF IV: 98(0%), Work Speed: (0%), Skills: Lucky, Slacker
Cattiva, Level: 10, Rank: 1, Gender: Female, HP IV: 100(0%), ATK IV: 72(0%), DEF IV: 21(0%), Work Speed: (0%), Skills: Coward, Aggressive, Downtrodden
Cattiva, Level: 10, Rank: 1, Gender: Male, HP IV: 13(0%), ATK IV: 56(0%), DEF IV: 3(0%), Work Speed: (0%), Skills: Coward, Musclehead
Cattiva, Level: 10, Rank: 1, Gender: Male, HP IV: 18(0%), ATK IV: 84(0%), DEF IV: 88(0%), Work Speed: (0%), Skills: Coward, Vanguard, Sickly
Daedream, Level: 10, Rank: 1, Gender: Female, HP IV: 81(0%), ATK IV: 55(0%), DEF IV: 56(0%), Work Speed: (0%), Skills: Vanguard, Destructive
Daedream, Level: 3, Rank: 1, Gender: Female, HP IV: 24(0%), ATK IV: 77(0%), DEF IV: 27(0%), Work Speed: (0%), Skills: Unstable
Daedream, Level: 4, Rank: 1, Gender: Female, HP IV: 21(0%), ATK IV: 0(0%), DEF IV: 59(0%), Work Speed: (0%), Skills: Blood of the Dragon
Daedream, Level: 6, Rank: 1, Gender: Male, HP IV: 60(0%), ATK IV: 76(0%), DEF IV: 6(0%), Work Speed: (0%), Skills: Philantropist
Foxparks, Level: 3, Rank: 1, Gender: Female, HP IV: 4(0%), ATK IV: 6(0%), DEF IV: 92(0%), Work Speed: (0%), Skills: Motivational Leader
Foxparks, Level: 4, Rank: 1, Gender: Male, HP IV: 10(0%), ATK IV: 16(0%), DEF IV: 84(0%), Work Speed: (0%)
Foxparks, Level: 6, Rank: 1, Gender: Female, HP IV: 17(0%), ATK IV: 79(0%), DEF IV: 27(0%), Work Speed: (0%), Skills: Veil of Darkness, Botanical Barrier, Swift
Hoocrates, Level: 10, Rank: 1, Gender: Male, HP IV: 78(0%), ATK IV: 45(0%), DEF IV: 83(0%), Work Speed: (0%), Skills: Motivational Leader
Tocotoco, Level: 1, Rank: 1, Gender: Male, HP IV: 35(0%), ATK IV: 70(0%), DEF IV: 26(0%), Work Speed: (0%), Skills: Noble
Vixy, Level: 3, Rank: 1, Gender: Male, HP IV: 48(0%), ATK IV: 54(0%), DEF IV: 68(0%), Work Speed: (0%)
Vixy, Level: 6, Rank: 1, Gender: Female, HP IV: 41(0%), ATK IV: 70(0%), DEF IV: 63(0%), Work Speed: (0%), Skills: Earthquake Resistant
Cakqwa's 15 Pals
----------------
Alpha Foxparks, Level: 6, Rank: 1, Gender: Female, HP IV: 84(0%), ATK IV: 93(0%), DEF IV: 98(0%), Work Speed: (0%), Skills: Lucky, Slacker
Cattiva, Level: 10, Rank: 1, Gender: Female, HP IV: 100(0%), ATK IV: 72(0%), DEF IV: 21(0%), Work Speed: (0%), Skills: Coward, Aggressive, Downtrodden
Cattiva, Level: 10, Rank: 1, Gender: Male, HP IV: 13(0%), ATK IV: 56(0%), DEF IV: 3(0%), Work Speed: (0%), Skills: Coward, Musclehead
Cattiva, Level: 10, Rank: 1, Gender: Male, HP IV: 18(0%), ATK IV: 84(0%), DEF IV: 88(0%), Work Speed: (0%), Skills: Coward, Vanguard, Sickly
Daedream, Level: 10, Rank: 1, Gender: Female, HP IV: 81(0%), ATK IV: 55(0%), DEF IV: 56(0%), Work Speed: (0%), Skills: Vanguard, Destructive
Daedream, Level: 3, Rank: 1, Gender: Female, HP IV: 24(0%), ATK IV: 77(0%), DEF IV: 27(0%), Work Speed: (0%), Skills: Unstable
Daedream, Level: 4, Rank: 1, Gender: Female, HP IV: 21(0%), ATK IV: 0(0%), DEF IV: 59(0%), Work Speed: (0%), Skills: Blood of the Dragon
Daedream, Level: 6, Rank: 1, Gender: Male, HP IV: 60(0%), ATK IV: 76(0%), DEF IV: 6(0%), Work Speed: (0%), Skills: Philantropist
Foxparks, Level: 3, Rank: 1, Gender: Female, HP IV: 4(0%), ATK IV: 6(0%), DEF IV: 92(0%), Work Speed: (0%), Skills: Motivational Leader
Foxparks, Level: 4, Rank: 1, Gender: Male, HP IV: 10(0%), ATK IV: 16(0%), DEF IV: 84(0%), Work Speed: (0%)
Foxparks, Level: 6, Rank: 1, Gender: Female, HP IV: 17(0%), ATK IV: 79(0%), DEF IV: 27(0%), Work Speed: (0%), Skills: Veil of Darkness, Botanical Barrier, Swift
Hoocrates, Level: 10, Rank: 1, Gender: Male, HP IV: 78(0%), ATK IV: 45(0%), DEF IV: 83(0%), Work Speed: (0%), Skills: Motivational Leader
Tocotoco, Level: 1, Rank: 1, Gender: Male, HP IV: 35(0%), ATK IV: 70(0%), DEF IV: 26(0%), Work Speed: (0%), Skills: Noble
Vixy, Level: 3, Rank: 1, Gender: Male, HP IV: 48(0%), ATK IV: 54(0%), DEF IV: 68(0%), Work Speed: (0%)
Vixy, Level: 6, Rank: 1, Gender: Female, HP IV: 41(0%), ATK IV: 70(0%), DEF IV: 63(0%), Work Speed: (0%), Skills: Earthquake Resistant
