CapitateSnafu's 7 Pals
----------------------
Cremis, Level: 5, Rank: 1, Gender: Male, HP IV: 31(0%), ATK IV: 73(0%), DEF IV: 95(0%), Work Speed: (0%), Skills: Hard Skin, Philantropist
Direhowl, Level: 6, Rank: 1, Gender: Female, HP IV: 51(0%), ATK IV: 99(0%), DEF IV: 32(0%), Work Speed: (0%), Skills: Work Slave
Foxparks, Level: 3, Rank: 1, Gender: Male, HP IV: 86(0%), ATK IV: 37(0%), DEF IV: 83(0%), Work Speed: (0%), Skills: Veil of Darkness, Pyromaniac
Fuack, Level: 6, Rank: 1, Gender: Female, HP IV: 44(0%), ATK IV: 64(0%), DEF IV: 14(0%), Work Speed: (0%), Skills: Pacifist, Mine Foreman, Dainty Eater
Fuack, Level: 6, Rank: 1, Gender: Male, HP IV: 26(0%), ATK IV: 34(0%), DEF IV: 27(0%), Work Speed: (0%), Skills: Mine Foreman
Lamball, Level: 4, Rank: 1, Gender: Female, HP IV: 90(0%), ATK IV: 95(0%), DEF IV: 10(0%), Work Speed: (0%), Skills: Zen Mind
Sparkit, Level: 6, Rank: 1, Gender: Male, HP IV: 17(0%), ATK IV: 50(0%), DEF IV: 27(0%), Work Speed: (0%), Skills: Botanical Barrier
CapitateSnafu's 7 Pals
----------------------
Cremis, Level: 5, Rank: 1, Gender: Male, HP IV: 31(0%), ATK IV: 73(0%), DEF IV: 95(0%), Work Speed: (0%), Skills: Hard Skin, Philantropist
Direhowl, Level: 6, Rank: 1, Gender: Female, HP IV: 51(0%), ATK IV: 99(0%), DEF IV: 32(0%), Work Speed: (0%), Skills: Work Slave
Foxparks, Level: 3, Rank: 1, Gender: Male, HP IV: 86(0%), ATK IV: 37(0%), DEF IV: 83(0%), Work Speed: (0%), Skills: Veil of Darkness, Pyromaniac
Fuack, Level: 6, Rank: 1, Gender: Female, HP IV: 44(0%), ATK IV: 64(0%), DEF IV: 14(0%), Work Speed: (0%), Skills: Pacifist, Mine Foreman, Dainty Eater
Fuack, Level: 6, Rank: 1, Gender: Male, HP IV: 26(0%), ATK IV: 34(0%), DEF IV: 27(0%), Work Speed: (0%), Skills: Mine Foreman
Lamball, Level: 4, Rank: 1, Gender: Female, HP IV: 90(0%), ATK IV: 95(0%), DEF IV: 10(0%), Work Speed: (0%), Skills: Zen Mind
Sparkit, Level: 6, Rank: 1, Gender: Male, HP IV: 17(0%), ATK IV: 50(0%), DEF IV: 27(0%), Work Speed: (0%), Skills: Botanical Barrier
CapitateSnafu's 7 Pals
----------------------
Cremis, Level: 5, Rank: 1, Gender: Male, HP IV: 31(0%), ATK IV: 73(0%), DEF IV: 95(0%), Work Speed: (0%), Skills: Hard Skin, Philantropist
Direhowl, Level: 6, Rank: 1, Gender: Female, HP IV: 51(0%), ATK IV: 99(0%), DEF IV: 32(0%), Work Speed: (0%), Skills: Work Slave
Foxparks, Level: 3, Rank: 1, Gender: Male, HP IV: 86(0%), ATK IV: 37(0%), DEF IV: 83(0%), Work Speed: (0%), Skills: Veil of Darkness, Pyromaniac
Fuack, Level: 6, Rank: 1, Gender: Female, HP IV: 44(0%), ATK IV: 64(0%), DEF IV: 14(0%), Work Speed: (0%), Skills: Pacifist, Mine Foreman, Dainty Eater
Fuack, Level: 6, Rank: 1, Gender: Male, HP IV: 26(0%), ATK IV: 34(0%), DEF IV: 27(0%), Work Speed: (0%), Skills: Mine Foreman
Lamball, Level: 4, Rank: 1, Gender: Female, HP IV: 90(0%), ATK IV: 95(0%), DEF IV: 10(0%), Work Speed: (0%), Skills: Zen Mind
Sparkit, Level: 6, Rank: 1, Gender: Male, HP IV: 17(0%), ATK IV: 50(0%), DEF IV: 27(0%), Work Speed: (0%), Skills: Botanical Barrier
CapitateSnafu's 7 Pals
----------------------
Cremis, Level: 5, Rank: 1, Gender: Male, HP IV: 31(0%), ATK IV: 73(0%), DEF IV: 95(0%), Work Speed: (0%), Skills: Hard Skin, Philantropist
Direhowl, Level: 6, Rank: 1, Gender: Female, HP IV: 51(0%), ATK IV: 99(0%), DEF IV: 32(0%), Work Speed: (0%), Skills: Work Slave
Foxparks, Level: 3, Rank: 1, Gender: Male, HP IV: 86(0%), ATK IV: 37(0%), DEF IV: 83(0%), Work Speed: (0%), Skills: Veil of Darkness, Pyromaniac
Fuack, Level: 6, Rank: 1, Gender: Female, HP IV: 44(0%), ATK IV: 64(0%), DEF IV: 14(0%), Work Speed: (0%), Skills: Pacifist, Mine Foreman, Dainty Eater
Fuack, Level: 6, Rank: 1, Gender: Male, HP IV: 26(0%), ATK IV: 34(0%), DEF IV: 27(0%), Work Speed: (0%), Skills: Mine Foreman
Lamball, Level: 4, Rank: 1, Gender: Female, HP IV: 90(0%), ATK IV: 95(0%), DEF IV: 10(0%), Work Speed: (0%), Skills: Zen Mind
Sparkit, Level: 6, Rank: 1, Gender: Male, HP IV: 17(0%), ATK IV: 50(0%), DEF IV: 27(0%), Work Speed: (0%), Skills: Botanical Barrier
