ChaosAdams's 8 Pals
-------------------
Cattiva, Level: 6, Rank: 1, Gender: Male, HP IV: 1(0%), ATK IV: 44(0%), DEF IV: 87(0%), Work Speed: (0%), Skills: Coward, Swift
Chikipi, Level: 6, Rank: 1, Gender: Female, HP IV: 21(0%), ATK IV: 29(0%), DEF IV: 90(0%), Work Speed: (0%), Skills: Dragonkiller
Chikipi, Level: 6, Rank: 1, Gender: Female, HP IV: 61(0%), ATK IV: 24(0%), DEF IV: 94(0%), Work Speed: (0%), Skills: Coward
Direhowl, Level: 5, Rank: 1, Gender: Female, HP IV: 38(0%), ATK IV: 45(0%), DEF IV: 90(0%), Work Speed: (0%), Skills: Impatient
Direhowl, Level: 5, Rank: 1, Gender: Female, HP IV: 51(0%), ATK IV: 22(0%), DEF IV: 46(0%), Work Speed: (0%)
Fuack, Level: 2, Rank: 1, Gender: Female, HP IV: 94(0%), ATK IV: 92(0%), DEF IV: 26(0%), Work Speed: (0%), Skills: Conceited
Lifmunk, Level: 6, Rank: 1, Gender: Female, HP IV: 14(0%), ATK IV: 48(0%), DEF IV: 24(0%), Work Speed: (0%), Skills: Coldblooded, Brittle
Melpaca, Level: 8, Rank: 1, Gender: Female, HP IV: 60(0%), ATK IV: 41(0%), DEF IV: 23(0%), Work Speed: (0%), Skills: Earthquake Resistant
ChaosAdams's 8 Pals
-------------------
Cattiva, Level: 6, Rank: 1, Gender: Male, HP IV: 1(0%), ATK IV: 44(0%), DEF IV: 87(0%), Work Speed: (0%), Skills: Coward, Swift
Chikipi, Level: 6, Rank: 1, Gender: Female, HP IV: 21(0%), ATK IV: 29(0%), DEF IV: 90(0%), Work Speed: (0%), Skills: Dragonkiller
Chikipi, Level: 6, Rank: 1, Gender: Female, HP IV: 61(0%), ATK IV: 24(0%), DEF IV: 94(0%), Work Speed: (0%), Skills: Coward
Direhowl, Level: 5, Rank: 1, Gender: Female, HP IV: 38(0%), ATK IV: 45(0%), DEF IV: 90(0%), Work Speed: (0%), Skills: Impatient
Direhowl, Level: 5, Rank: 1, Gender: Female, HP IV: 51(0%), ATK IV: 22(0%), DEF IV: 46(0%), Work Speed: (0%)
Fuack, Level: 2, Rank: 1, Gender: Female, HP IV: 94(0%), ATK IV: 92(0%), DEF IV: 26(0%), Work Speed: (0%), Skills: Conceited
Lifmunk, Level: 6, Rank: 1, Gender: Female, HP IV: 14(0%), ATK IV: 48(0%), DEF IV: 24(0%), Work Speed: (0%), Skills: Coldblooded, Brittle
Melpaca, Level: 8, Rank: 1, Gender: Female, HP IV: 60(0%), ATK IV: 41(0%), DEF IV: 23(0%), Work Speed: (0%), Skills: Earthquake Resistant
ChaosAdams's 8 Pals
-------------------
Cattiva, Level: 6, Rank: 1, Gender: Male, HP IV: 1(0%), ATK IV: 44(0%), DEF IV: 87(0%), Work Speed: (0%), Skills: Coward, Swift
Chikipi, Level: 6, Rank: 1, Gender: Female, HP IV: 21(0%), ATK IV: 29(0%), DEF IV: 90(0%), Work Speed: (0%), Skills: Dragonkiller
Chikipi, Level: 6, Rank: 1, Gender: Female, HP IV: 61(0%), ATK IV: 24(0%), DEF IV: 94(0%), Work Speed: (0%), Skills: Coward
Direhowl, Level: 5, Rank: 1, Gender: Female, HP IV: 38(0%), ATK IV: 45(0%), DEF IV: 90(0%), Work Speed: (0%), Skills: Impatient
Direhowl, Level: 5, Rank: 1, Gender: Female, HP IV: 51(0%), ATK IV: 22(0%), DEF IV: 46(0%), Work Speed: (0%)
Fuack, Level: 2, Rank: 1, Gender: Female, HP IV: 94(0%), ATK IV: 92(0%), DEF IV: 26(0%), Work Speed: (0%), Skills: Conceited
Lifmunk, Level: 6, Rank: 1, Gender: Female, HP IV: 14(0%), ATK IV: 48(0%), DEF IV: 24(0%), Work Speed: (0%), Skills: Coldblooded, Brittle
Melpaca, Level: 8, Rank: 1, Gender: Female, HP IV: 60(0%), ATK IV: 41(0%), DEF IV: 23(0%), Work Speed: (0%), Skills: Earthquake Resistant
ChaosAdams's 8 Pals
-------------------
Cattiva, Level: 6, Rank: 1, Gender: Male, HP IV: 1(0%), ATK IV: 44(0%), DEF IV: 87(0%), Work Speed: (0%), Skills: Coward, Swift
Chikipi, Level: 6, Rank: 1, Gender: Female, HP IV: 21(0%), ATK IV: 29(0%), DEF IV: 90(0%), Work Speed: (0%), Skills: Dragonkiller
Chikipi, Level: 6, Rank: 1, Gender: Female, HP IV: 61(0%), ATK IV: 24(0%), DEF IV: 94(0%), Work Speed: (0%), Skills: Coward
Direhowl, Level: 5, Rank: 1, Gender: Female, HP IV: 38(0%), ATK IV: 45(0%), DEF IV: 90(0%), Work Speed: (0%), Skills: Impatient
Direhowl, Level: 5, Rank: 1, Gender: Female, HP IV: 51(0%), ATK IV: 22(0%), DEF IV: 46(0%), Work Speed: (0%)
Fuack, Level: 2, Rank: 1, Gender: Female, HP IV: 94(0%), ATK IV: 92(0%), DEF IV: 26(0%), Work Speed: (0%), Skills: Conceited
Lifmunk, Level: 6, Rank: 1, Gender: Female, HP IV: 14(0%), ATK IV: 48(0%), DEF IV: 24(0%), Work Speed: (0%), Skills: Coldblooded, Brittle
Melpaca, Level: 8, Rank: 1, Gender: Female, HP IV: 60(0%), ATK IV: 41(0%), DEF IV: 23(0%), Work Speed: (0%), Skills: Earthquake Resistant
ChaosAdams's 8 Pals
-------------------
Cattiva, Level: 6, Rank: 1, Gender: Male, HP IV: 1(0%), ATK IV: 44(0%), DEF IV: 87(0%), Work Speed: (0%), Skills: Coward, Swift
Chikipi, Level: 6, Rank: 1, Gender: Female, HP IV: 21(0%), ATK IV: 29(0%), DEF IV: 90(0%), Work Speed: (0%), Skills: Dragonkiller
Chikipi, Level: 6, Rank: 1, Gender: Female, HP IV: 61(0%), ATK IV: 24(0%), DEF IV: 94(0%), Work Speed: (0%), Skills: Coward
Direhowl, Level: 5, Rank: 1, Gender: Female, HP IV: 38(0%), ATK IV: 45(0%), DEF IV: 90(0%), Work Speed: (0%), Skills: Impatient
Direhowl, Level: 5, Rank: 1, Gender: Female, HP IV: 51(0%), ATK IV: 22(0%), DEF IV: 46(0%), Work Speed: (0%)
Fuack, Level: 2, Rank: 1, Gender: Female, HP IV: 94(0%), ATK IV: 92(0%), DEF IV: 26(0%), Work Speed: (0%), Skills: Conceited
Lifmunk, Level: 6, Rank: 1, Gender: Female, HP IV: 14(0%), ATK IV: 48(0%), DEF IV: 24(0%), Work Speed: (0%), Skills: Coldblooded, Brittle
Melpaca, Level: 8, Rank: 1, Gender: Female, HP IV: 60(0%), ATK IV: 41(0%), DEF IV: 23(0%), Work Speed: (0%), Skills: Earthquake Resistant
ChaosAdams's 8 Pals
-------------------
Cattiva, Level: 6, Rank: 1, Gender: Male, HP IV: 1(0%), ATK IV: 44(0%), DEF IV: 87(0%), Work Speed: (0%), Skills: Coward, Swift
Chikipi, Level: 6, Rank: 1, Gender: Female, HP IV: 21(0%), ATK IV: 29(0%), DEF IV: 90(0%), Work Speed: (0%), Skills: Dragonkiller
Chikipi, Level: 6, Rank: 1, Gender: Female, HP IV: 61(0%), ATK IV: 24(0%), DEF IV: 94(0%), Work Speed: (0%), Skills: Coward
Direhowl, Level: 5, Rank: 1, Gender: Female, HP IV: 38(0%), ATK IV: 45(0%), DEF IV: 90(0%), Work Speed: (0%), Skills: Impatient
Direhowl, Level: 5, Rank: 1, Gender: Female, HP IV: 51(0%), ATK IV: 22(0%), DEF IV: 46(0%), Work Speed: (0%)
Fuack, Level: 2, Rank: 1, Gender: Female, HP IV: 94(0%), ATK IV: 92(0%), DEF IV: 26(0%), Work Speed: (0%), Skills: Conceited
Lifmunk, Level: 6, Rank: 1, Gender: Female, HP IV: 14(0%), ATK IV: 48(0%), DEF IV: 24(0%), Work Speed: (0%), Skills: Coldblooded, Brittle
Melpaca, Level: 8, Rank: 1, Gender: Female, HP IV: 60(0%), ATK IV: 41(0%), DEF IV: 23(0%), Work Speed: (0%), Skills: Earthquake Resistant
ChaosAdams's 8 Pals
-------------------
Cattiva, Level: 6, Rank: 1, Gender: Male, HP IV: 1(0%), ATK IV: 44(0%), DEF IV: 87(0%), Work Speed: (0%), Skills: Coward, Swift
Chikipi, Level: 6, Rank: 1, Gender: Female, HP IV: 21(0%), ATK IV: 29(0%), DEF IV: 90(0%), Work Speed: (0%), Skills: Dragonkiller
Chikipi, Level: 6, Rank: 1, Gender: Female, HP IV: 61(0%), ATK IV: 24(0%), DEF IV: 94(0%), Work Speed: (0%), Skills: Coward
Direhowl, Level: 5, Rank: 1, Gender: Female, HP IV: 38(0%), ATK IV: 45(0%), DEF IV: 90(0%), Work Speed: (0%), Skills: Impatient
Direhowl, Level: 5, Rank: 1, Gender: Female, HP IV: 51(0%), ATK IV: 22(0%), DEF IV: 46(0%), Work Speed: (0%)
Fuack, Level: 2, Rank: 1, Gender: Female, HP IV: 94(0%), ATK IV: 92(0%), DEF IV: 26(0%), Work Speed: (0%), Skills: Conceited
Lifmunk, Level: 6, Rank: 1, Gender: Female, HP IV: 14(0%), ATK IV: 48(0%), DEF IV: 24(0%), Work Speed: (0%), Skills: Coldblooded, Brittle
Melpaca, Level: 8, Rank: 1, Gender: Female, HP IV: 60(0%), ATK IV: 41(0%), DEF IV: 23(0%), Work Speed: (0%), Skills: Earthquake Resistant
ChaosAdams's 8 Pals
-------------------
Cattiva, Level: 6, Rank: 1, Gender: Male, HP IV: 1(0%), ATK IV: 44(0%), DEF IV: 87(0%), Work Speed: (0%), Skills: Coward, Swift
Chikipi, Level: 6, Rank: 1, Gender: Female, HP IV: 21(0%), ATK IV: 29(0%), DEF IV: 90(0%), Work Speed: (0%), Skills: Dragonkiller
Chikipi, Level: 6, Rank: 1, Gender: Female, HP IV: 61(0%), ATK IV: 24(0%), DEF IV: 94(0%), Work Speed: (0%), Skills: Coward
Direhowl, Level: 5, Rank: 1, Gender: Female, HP IV: 38(0%), ATK IV: 45(0%), DEF IV: 90(0%), Work Speed: (0%), Skills: Impatient
Direhowl, Level: 5, Rank: 1, Gender: Female, HP IV: 51(0%), ATK IV: 22(0%), DEF IV: 46(0%), Work Speed: (0%)
Fuack, Level: 2, Rank: 1, Gender: Female, HP IV: 94(0%), ATK IV: 92(0%), DEF IV: 26(0%), Work Speed: (0%), Skills: Conceited
Lifmunk, Level: 6, Rank: 1, Gender: Female, HP IV: 14(0%), ATK IV: 48(0%), DEF IV: 24(0%), Work Speed: (0%), Skills: Coldblooded, Brittle
Melpaca, Level: 8, Rank: 1, Gender: Female, HP IV: 60(0%), ATK IV: 41(0%), DEF IV: 23(0%), Work Speed: (0%), Skills: Earthquake Resistant
ChaosAdams's 8 Pals
-------------------
Cattiva, Level: 6, Rank: 1, Gender: Male, HP IV: 1(0%), ATK IV: 44(0%), DEF IV: 87(0%), Work Speed: (0%), Skills: Coward, Swift
Chikipi, Level: 6, Rank: 1, Gender: Female, HP IV: 21(0%), ATK IV: 29(0%), DEF IV: 90(0%), Work Speed: (0%), Skills: Dragonkiller
Chikipi, Level: 6, Rank: 1, Gender: Female, HP IV: 61(0%), ATK IV: 24(0%), DEF IV: 94(0%), Work Speed: (0%), Skills: Coward
Direhowl, Level: 5, Rank: 1, Gender: Female, HP IV: 38(0%), ATK IV: 45(0%), DEF IV: 90(0%), Work Speed: (0%), Skills: Impatient
Direhowl, Level: 5, Rank: 1, Gender: Female, HP IV: 51(0%), ATK IV: 22(0%), DEF IV: 46(0%), Work Speed: (0%)
Fuack, Level: 2, Rank: 1, Gender: Female, HP IV: 94(0%), ATK IV: 92(0%), DEF IV: 26(0%), Work Speed: (0%), Skills: Conceited
Lifmunk, Level: 6, Rank: 1, Gender: Female, HP IV: 14(0%), ATK IV: 48(0%), DEF IV: 24(0%), Work Speed: (0%), Skills: Coldblooded, Brittle
Melpaca, Level: 8, Rank: 1, Gender: Female, HP IV: 60(0%), ATK IV: 41(0%), DEF IV: 23(0%), Work Speed: (0%), Skills: Earthquake Resistant
ChaosAdams's 8 Pals
-------------------
Cattiva, Level: 6, Rank: 1, Gender: Male, HP IV: 1(0%), ATK IV: 44(0%), DEF IV: 87(0%), Work Speed: (0%), Skills: Coward, Swift
Chikipi, Level: 6, Rank: 1, Gender: Female, HP IV: 21(0%), ATK IV: 29(0%), DEF IV: 90(0%), Work Speed: (0%), Skills: Dragonkiller
Chikipi, Level: 6, Rank: 1, Gender: Female, HP IV: 61(0%), ATK IV: 24(0%), DEF IV: 94(0%), Work Speed: (0%), Skills: Coward
Direhowl, Level: 5, Rank: 1, Gender: Female, HP IV: 38(0%), ATK IV: 45(0%), DEF IV: 90(0%), Work Speed: (0%), Skills: Impatient
Direhowl, Level: 5, Rank: 1, Gender: Female, HP IV: 51(0%), ATK IV: 22(0%), DEF IV: 46(0%), Work Speed: (0%)
Fuack, Level: 2, Rank: 1, Gender: Female, HP IV: 94(0%), ATK IV: 92(0%), DEF IV: 26(0%), Work Speed: (0%), Skills: Conceited
Lifmunk, Level: 6, Rank: 1, Gender: Female, HP IV: 14(0%), ATK IV: 48(0%), DEF IV: 24(0%), Work Speed: (0%), Skills: Coldblooded, Brittle
Melpaca, Level: 8, Rank: 1, Gender: Female, HP IV: 60(0%), ATK IV: 41(0%), DEF IV: 23(0%), Work Speed: (0%), Skills: Earthquake Resistant
ChaosAdams's 8 Pals
-------------------
Cattiva, Level: 6, Rank: 1, Gender: Male, HP IV: 1(0%), ATK IV: 44(0%), DEF IV: 87(0%), Work Speed: (0%), Skills: Coward, Swift
Chikipi, Level: 6, Rank: 1, Gender: Female, HP IV: 21(0%), ATK IV: 29(0%), DEF IV: 90(0%), Work Speed: (0%), Skills: Dragonkiller
Chikipi, Level: 6, Rank: 1, Gender: Female, HP IV: 61(0%), ATK IV: 24(0%), DEF IV: 94(0%), Work Speed: (0%), Skills: Coward
Direhowl, Level: 5, Rank: 1, Gender: Female, HP IV: 38(0%), ATK IV: 45(0%), DEF IV: 90(0%), Work Speed: (0%), Skills: Impatient
Direhowl, Level: 5, Rank: 1, Gender: Female, HP IV: 51(0%), ATK IV: 22(0%), DEF IV: 46(0%), Work Speed: (0%)
Fuack, Level: 2, Rank: 1, Gender: Female, HP IV: 94(0%), ATK IV: 92(0%), DEF IV: 26(0%), Work Speed: (0%), Skills: Conceited
Lifmunk, Level: 6, Rank: 1, Gender: Female, HP IV: 14(0%), ATK IV: 48(0%), DEF IV: 24(0%), Work Speed: (0%), Skills: Coldblooded, Brittle
Melpaca, Level: 8, Rank: 1, Gender: Female, HP IV: 60(0%), ATK IV: 41(0%), DEF IV: 23(0%), Work Speed: (0%), Skills: Earthquake Resistant
ChaosAdams's 8 Pals
-------------------
Cattiva, Level: 6, Rank: 1, Gender: Male, HP IV: 1(0%), ATK IV: 44(0%), DEF IV: 87(0%), Work Speed: (0%), Skills: Coward, Swift
Chikipi, Level: 6, Rank: 1, Gender: Female, HP IV: 21(0%), ATK IV: 29(0%), DEF IV: 90(0%), Work Speed: (0%), Skills: Dragonkiller
Chikipi, Level: 6, Rank: 1, Gender: Female, HP IV: 61(0%), ATK IV: 24(0%), DEF IV: 94(0%), Work Speed: (0%), Skills: Coward
Direhowl, Level: 5, Rank: 1, Gender: Female, HP IV: 38(0%), ATK IV: 45(0%), DEF IV: 90(0%), Work Speed: (0%), Skills: Impatient
Direhowl, Level: 5, Rank: 1, Gender: Female, HP IV: 51(0%), ATK IV: 22(0%), DEF IV: 46(0%), Work Speed: (0%)
Fuack, Level: 2, Rank: 1, Gender: Female, HP IV: 94(0%), ATK IV: 92(0%), DEF IV: 26(0%), Work Speed: (0%), Skills: Conceited
Lifmunk, Level: 6, Rank: 1, Gender: Female, HP IV: 14(0%), ATK IV: 48(0%), DEF IV: 24(0%), Work Speed: (0%), Skills: Coldblooded, Brittle
Melpaca, Level: 8, Rank: 1, Gender: Female, HP IV: 60(0%), ATK IV: 41(0%), DEF IV: 23(0%), Work Speed: (0%), Skills: Earthquake Resistant
ChaosAdams's 8 Pals
-------------------
Cattiva, Level: 6, Rank: 1, Gender: Male, HP IV: 1(0%), ATK IV: 44(0%), DEF IV: 87(0%), Work Speed: (0%), Skills: Coward, Swift
Chikipi, Level: 6, Rank: 1, Gender: Female, HP IV: 21(0%), ATK IV: 29(0%), DEF IV: 90(0%), Work Speed: (0%), Skills: Dragonkiller
Chikipi, Level: 6, Rank: 1, Gender: Female, HP IV: 61(0%), ATK IV: 24(0%), DEF IV: 94(0%), Work Speed: (0%), Skills: Coward
Direhowl, Level: 5, Rank: 1, Gender: Female, HP IV: 38(0%), ATK IV: 45(0%), DEF IV: 90(0%), Work Speed: (0%), Skills: Impatient
Direhowl, Level: 5, Rank: 1, Gender: Female, HP IV: 51(0%), ATK IV: 22(0%), DEF IV: 46(0%), Work Speed: (0%)
Fuack, Level: 2, Rank: 1, Gender: Female, HP IV: 94(0%), ATK IV: 92(0%), DEF IV: 26(0%), Work Speed: (0%), Skills: Conceited
Lifmunk, Level: 6, Rank: 1, Gender: Female, HP IV: 14(0%), ATK IV: 48(0%), DEF IV: 24(0%), Work Speed: (0%), Skills: Coldblooded, Brittle
Melpaca, Level: 8, Rank: 1, Gender: Female, HP IV: 60(0%), ATK IV: 41(0%), DEF IV: 23(0%), Work Speed: (0%), Skills: Earthquake Resistant
ChaosAdams's 8 Pals
-------------------
Cattiva, Level: 6, Rank: 1, Gender: Male, HP IV: 1(0%), ATK IV: 44(0%), DEF IV: 87(0%), Work Speed: (0%), Skills: Coward, Swift
Chikipi, Level: 6, Rank: 1, Gender: Female, HP IV: 21(0%), ATK IV: 29(0%), DEF IV: 90(0%), Work Speed: (0%), Skills: Dragonkiller
Chikipi, Level: 6, Rank: 1, Gender: Female, HP IV: 61(0%), ATK IV: 24(0%), DEF IV: 94(0%), Work Speed: (0%), Skills: Coward
Direhowl, Level: 5, Rank: 1, Gender: Female, HP IV: 38(0%), ATK IV: 45(0%), DEF IV: 90(0%), Work Speed: (0%), Skills: Impatient
Direhowl, Level: 5, Rank: 1, Gender: Female, HP IV: 51(0%), ATK IV: 22(0%), DEF IV: 46(0%), Work Speed: (0%)
Fuack, Level: 2, Rank: 1, Gender: Female, HP IV: 94(0%), ATK IV: 92(0%), DEF IV: 26(0%), Work Speed: (0%), Skills: Conceited
Lifmunk, Level: 6, Rank: 1, Gender: Female, HP IV: 14(0%), ATK IV: 48(0%), DEF IV: 24(0%), Work Speed: (0%), Skills: Coldblooded, Brittle
Melpaca, Level: 8, Rank: 1, Gender: Female, HP IV: 60(0%), ATK IV: 41(0%), DEF IV: 23(0%), Work Speed: (0%), Skills: Earthquake Resistant
