Chaenda's 14 Pals
-----------------
Cattiva, Level: 9, Rank: 1, Gender: Male, HP IV: 26(0%), ATK IV: 20(0%), DEF IV: 77(0%), Work Speed: (0%), Skills: Coward, Unstable, Serenity
Celaray, Level: 8, Rank: 1, Gender: Female, HP IV: 41(0%), ATK IV: 12(0%), DEF IV: 44(0%), Work Speed: (0%), Skills: Stronghold Strategist
Croajiro, Level: 9, Rank: 1, Gender: Male, HP IV: 9(0%), ATK IV: 75(0%), DEF IV: 10(0%), Work Speed: (0%), Skills: Zen Mind
Direhowl, Level: 5, Rank: 1, Gender: Male, HP IV: 24(0%), ATK IV: 83(0%), DEF IV: 60(0%), Work Speed: (0%), Skills: Unstable
Eikthyrdeer, Level: 11, Rank: 1, Gender: Female, HP IV: 49(0%), ATK IV: 66(0%), DEF IV: 84(0%), Work Speed: (0%)
Fuack, Level: 8, Rank: 1, Gender: Male, HP IV: 17(0%), ATK IV: 5(0%), DEF IV: 43(0%), Work Speed: (0%), Skills: Vanguard
Gumoss, Level: 3, Rank: 1, Gender: Male, HP IV: 59(0%), ATK IV: 52(0%), DEF IV: 97(0%), Work Speed: (0%), Skills: Aggressive
Kelpsea, Level: 11, Rank: 1, Gender: Female, HP IV: 37(0%), ATK IV: 69(0%), DEF IV: 15(0%), Work Speed: (0%), Skills: Dragonkiller
Lamball, Level: 8, Rank: 1, Gender: Male, HP IV: 67(0%), ATK IV: 76(0%), DEF IV: 82(0%), Work Speed: (0%), Skills: Swift, Dainty Eater
Rooby, Level: 9, Rank: 1, Gender: Female, HP IV: 0(0%), ATK IV: 42(0%), DEF IV: 89(0%), Work Speed: (0%), Skills: Capacitor
Rushoar, Level: 3, Rank: 1, Gender: Male, HP IV: 95(0%), ATK IV: 78(0%), DEF IV: 89(0%), Work Speed: (0%), Skills: Dragonkiller
Teafant, Level: 3, Rank: 1, Gender: Male, HP IV: 48(0%), ATK IV: 41(0%), DEF IV: 74(0%), Work Speed: (0%), Skills: Glutton
Univolt, Level: 15, Rank: 1, Gender: Male, HP IV: 9(0%), ATK IV: 9(0%), DEF IV: 27(0%), Work Speed: (0%), Skills: Coward
Xenovader, Level: 15, Rank: 1, Gender: Male, HP IV: 100(0%), ATK IV: 95(0%), DEF IV: 46(0%), Work Speed: (0%), Skills: Otherworldly Cells, Positive Thinker, Nimble
Chaenda's 14 Pals
-----------------
Cattiva, Level: 9, Rank: 1, Gender: Male, HP IV: 26(0%), ATK IV: 20(0%), DEF IV: 77(0%), Work Speed: (0%), Skills: Coward, Unstable, Serenity
Celaray, Level: 8, Rank: 1, Gender: Female, HP IV: 41(0%), ATK IV: 12(0%), DEF IV: 44(0%), Work Speed: (0%), Skills: Stronghold Strategist
Croajiro, Level: 9, Rank: 1, Gender: Male, HP IV: 9(0%), ATK IV: 75(0%), DEF IV: 10(0%), Work Speed: (0%), Skills: Zen Mind
Direhowl, Level: 5, Rank: 1, Gender: Male, HP IV: 24(0%), ATK IV: 83(0%), DEF IV: 60(0%), Work Speed: (0%), Skills: Unstable
Eikthyrdeer, Level: 11, Rank: 1, Gender: Female, HP IV: 49(0%), ATK IV: 66(0%), DEF IV: 84(0%), Work Speed: (0%)
Fuack, Level: 8, Rank: 1, Gender: Male, HP IV: 17(0%), ATK IV: 5(0%), DEF IV: 43(0%), Work Speed: (0%), Skills: Vanguard
Gumoss, Level: 3, Rank: 1, Gender: Male, HP IV: 59(0%), ATK IV: 52(0%), DEF IV: 97(0%), Work Speed: (0%), Skills: Aggressive
Kelpsea, Level: 11, Rank: 1, Gender: Female, HP IV: 37(0%), ATK IV: 69(0%), DEF IV: 15(0%), Work Speed: (0%), Skills: Dragonkiller
Lamball, Level: 8, Rank: 1, Gender: Male, HP IV: 67(0%), ATK IV: 76(0%), DEF IV: 82(0%), Work Speed: (0%), Skills: Swift, Dainty Eater
Rooby, Level: 9, Rank: 1, Gender: Female, HP IV: 0(0%), ATK IV: 42(0%), DEF IV: 89(0%), Work Speed: (0%), Skills: Capacitor
Rushoar, Level: 3, Rank: 1, Gender: Male, HP IV: 95(0%), ATK IV: 78(0%), DEF IV: 89(0%), Work Speed: (0%), Skills: Dragonkiller
Teafant, Level: 3, Rank: 1, Gender: Male, HP IV: 48(0%), ATK IV: 41(0%), DEF IV: 74(0%), Work Speed: (0%), Skills: Glutton
Univolt, Level: 15, Rank: 1, Gender: Male, HP IV: 9(0%), ATK IV: 9(0%), DEF IV: 27(0%), Work Speed: (0%), Skills: Coward
Xenovader, Level: 15, Rank: 1, Gender: Male, HP IV: 100(0%), ATK IV: 95(0%), DEF IV: 46(0%), Work Speed: (0%), Skills: Otherworldly Cells, Positive Thinker, Nimble
Chaenda's 14 Pals
-----------------
Cattiva, Level: 9, Rank: 1, Gender: Male, HP IV: 26(0%), ATK IV: 20(0%), DEF IV: 77(0%), Work Speed: (0%), Skills: Coward, Unstable, Serenity
Celaray, Level: 8, Rank: 1, Gender: Female, HP IV: 41(0%), ATK IV: 12(0%), DEF IV: 44(0%), Work Speed: (0%), Skills: Stronghold Strategist
Croajiro, Level: 9, Rank: 1, Gender: Male, HP IV: 9(0%), ATK IV: 75(0%), DEF IV: 10(0%), Work Speed: (0%), Skills: Zen Mind
Direhowl, Level: 5, Rank: 1, Gender: Male, HP IV: 24(0%), ATK IV: 83(0%), DEF IV: 60(0%), Work Speed: (0%), Skills: Unstable
Eikthyrdeer, Level: 11, Rank: 1, Gender: Female, HP IV: 49(0%), ATK IV: 66(0%), DEF IV: 84(0%), Work Speed: (0%)
Fuack, Level: 8, Rank: 1, Gender: Male, HP IV: 17(0%), ATK IV: 5(0%), DEF IV: 43(0%), Work Speed: (0%), Skills: Vanguard
Gumoss, Level: 3, Rank: 1, Gender: Male, HP IV: 59(0%), ATK IV: 52(0%), DEF IV: 97(0%), Work Speed: (0%), Skills: Aggressive
Kelpsea, Level: 11, Rank: 1, Gender: Female, HP IV: 37(0%), ATK IV: 69(0%), DEF IV: 15(0%), Work Speed: (0%), Skills: Dragonkiller
Lamball, Level: 8, Rank: 1, Gender: Male, HP IV: 67(0%), ATK IV: 76(0%), DEF IV: 82(0%), Work Speed: (0%), Skills: Swift, Dainty Eater
Rooby, Level: 9, Rank: 1, Gender: Female, HP IV: 0(0%), ATK IV: 42(0%), DEF IV: 89(0%), Work Speed: (0%), Skills: Capacitor
Rushoar, Level: 3, Rank: 1, Gender: Male, HP IV: 95(0%), ATK IV: 78(0%), DEF IV: 89(0%), Work Speed: (0%), Skills: Dragonkiller
Teafant, Level: 3, Rank: 1, Gender: Male, HP IV: 48(0%), ATK IV: 41(0%), DEF IV: 74(0%), Work Speed: (0%), Skills: Glutton
Univolt, Level: 15, Rank: 1, Gender: Male, HP IV: 9(0%), ATK IV: 9(0%), DEF IV: 27(0%), Work Speed: (0%), Skills: Coward
Xenovader, Level: 15, Rank: 1, Gender: Male, HP IV: 100(0%), ATK IV: 95(0%), DEF IV: 46(0%), Work Speed: (0%), Skills: Otherworldly Cells, Positive Thinker, Nimble
Chaenda's 14 Pals
-----------------
Cattiva, Level: 9, Rank: 1, Gender: Male, HP IV: 26(0%), ATK IV: 20(0%), DEF IV: 77(0%), Work Speed: (0%), Skills: Coward, Unstable, Serenity
Celaray, Level: 8, Rank: 1, Gender: Female, HP IV: 41(0%), ATK IV: 12(0%), DEF IV: 44(0%), Work Speed: (0%), Skills: Stronghold Strategist
Croajiro, Level: 9, Rank: 1, Gender: Male, HP IV: 9(0%), ATK IV: 75(0%), DEF IV: 10(0%), Work Speed: (0%), Skills: Zen Mind
Direhowl, Level: 5, Rank: 1, Gender: Male, HP IV: 24(0%), ATK IV: 83(0%), DEF IV: 60(0%), Work Speed: (0%), Skills: Unstable
Eikthyrdeer, Level: 11, Rank: 1, Gender: Female, HP IV: 49(0%), ATK IV: 66(0%), DEF IV: 84(0%), Work Speed: (0%)
Fuack, Level: 8, Rank: 1, Gender: Male, HP IV: 17(0%), ATK IV: 5(0%), DEF IV: 43(0%), Work Speed: (0%), Skills: Vanguard
Gumoss, Level: 3, Rank: 1, Gender: Male, HP IV: 59(0%), ATK IV: 52(0%), DEF IV: 97(0%), Work Speed: (0%), Skills: Aggressive
Kelpsea, Level: 11, Rank: 1, Gender: Female, HP IV: 37(0%), ATK IV: 69(0%), DEF IV: 15(0%), Work Speed: (0%), Skills: Dragonkiller
Lamball, Level: 8, Rank: 1, Gender: Male, HP IV: 67(0%), ATK IV: 76(0%), DEF IV: 82(0%), Work Speed: (0%), Skills: Swift, Dainty Eater
Rooby, Level: 9, Rank: 1, Gender: Female, HP IV: 0(0%), ATK IV: 42(0%), DEF IV: 89(0%), Work Speed: (0%), Skills: Capacitor
Rushoar, Level: 3, Rank: 1, Gender: Male, HP IV: 95(0%), ATK IV: 78(0%), DEF IV: 89(0%), Work Speed: (0%), Skills: Dragonkiller
Teafant, Level: 3, Rank: 1, Gender: Male, HP IV: 48(0%), ATK IV: 41(0%), DEF IV: 74(0%), Work Speed: (0%), Skills: Glutton
Univolt, Level: 15, Rank: 1, Gender: Male, HP IV: 9(0%), ATK IV: 9(0%), DEF IV: 27(0%), Work Speed: (0%), Skills: Coward
Xenovader, Level: 15, Rank: 1, Gender: Male, HP IV: 100(0%), ATK IV: 95(0%), DEF IV: 46(0%), Work Speed: (0%), Skills: Otherworldly Cells, Positive Thinker, Nimble
Chaenda's 14 Pals
-----------------
Cattiva, Level: 9, Rank: 1, Gender: Male, HP IV: 26(0%), ATK IV: 20(0%), DEF IV: 77(0%), Work Speed: (0%), Skills: Coward, Unstable, Serenity
Celaray, Level: 8, Rank: 1, Gender: Female, HP IV: 41(0%), ATK IV: 12(0%), DEF IV: 44(0%), Work Speed: (0%), Skills: Stronghold Strategist
Croajiro, Level: 9, Rank: 1, Gender: Male, HP IV: 9(0%), ATK IV: 75(0%), DEF IV: 10(0%), Work Speed: (0%), Skills: Zen Mind
Direhowl, Level: 5, Rank: 1, Gender: Male, HP IV: 24(0%), ATK IV: 83(0%), DEF IV: 60(0%), Work Speed: (0%), Skills: Unstable
Eikthyrdeer, Level: 11, Rank: 1, Gender: Female, HP IV: 49(0%), ATK IV: 66(0%), DEF IV: 84(0%), Work Speed: (0%)
Fuack, Level: 8, Rank: 1, Gender: Male, HP IV: 17(0%), ATK IV: 5(0%), DEF IV: 43(0%), Work Speed: (0%), Skills: Vanguard
Gumoss, Level: 3, Rank: 1, Gender: Male, HP IV: 59(0%), ATK IV: 52(0%), DEF IV: 97(0%), Work Speed: (0%), Skills: Aggressive
Kelpsea, Level: 11, Rank: 1, Gender: Female, HP IV: 37(0%), ATK IV: 69(0%), DEF IV: 15(0%), Work Speed: (0%), Skills: Dragonkiller
Lamball, Level: 8, Rank: 1, Gender: Male, HP IV: 67(0%), ATK IV: 76(0%), DEF IV: 82(0%), Work Speed: (0%), Skills: Swift, Dainty Eater
Rooby, Level: 9, Rank: 1, Gender: Female, HP IV: 0(0%), ATK IV: 42(0%), DEF IV: 89(0%), Work Speed: (0%), Skills: Capacitor
Rushoar, Level: 3, Rank: 1, Gender: Male, HP IV: 95(0%), ATK IV: 78(0%), DEF IV: 89(0%), Work Speed: (0%), Skills: Dragonkiller
Teafant, Level: 3, Rank: 1, Gender: Male, HP IV: 48(0%), ATK IV: 41(0%), DEF IV: 74(0%), Work Speed: (0%), Skills: Glutton
Univolt, Level: 15, Rank: 1, Gender: Male, HP IV: 9(0%), ATK IV: 9(0%), DEF IV: 27(0%), Work Speed: (0%), Skills: Coward
Xenovader, Level: 15, Rank: 1, Gender: Male, HP IV: 100(0%), ATK IV: 95(0%), DEF IV: 46(0%), Work Speed: (0%), Skills: Otherworldly Cells, Positive Thinker, Nimble
Chaenda's 14 Pals
-----------------
Cattiva, Level: 9, Rank: 1, Gender: Male, HP IV: 26(0%), ATK IV: 20(0%), DEF IV: 77(0%), Work Speed: (0%), Skills: Coward, Unstable, Serenity
Celaray, Level: 8, Rank: 1, Gender: Female, HP IV: 41(0%), ATK IV: 12(0%), DEF IV: 44(0%), Work Speed: (0%), Skills: Stronghold Strategist
Croajiro, Level: 9, Rank: 1, Gender: Male, HP IV: 9(0%), ATK IV: 75(0%), DEF IV: 10(0%), Work Speed: (0%), Skills: Zen Mind
Direhowl, Level: 5, Rank: 1, Gender: Male, HP IV: 24(0%), ATK IV: 83(0%), DEF IV: 60(0%), Work Speed: (0%), Skills: Unstable
Eikthyrdeer, Level: 11, Rank: 1, Gender: Female, HP IV: 49(0%), ATK IV: 66(0%), DEF IV: 84(0%), Work Speed: (0%)
Fuack, Level: 8, Rank: 1, Gender: Male, HP IV: 17(0%), ATK IV: 5(0%), DEF IV: 43(0%), Work Speed: (0%), Skills: Vanguard
Gumoss, Level: 3, Rank: 1, Gender: Male, HP IV: 59(0%), ATK IV: 52(0%), DEF IV: 97(0%), Work Speed: (0%), Skills: Aggressive
Kelpsea, Level: 11, Rank: 1, Gender: Female, HP IV: 37(0%), ATK IV: 69(0%), DEF IV: 15(0%), Work Speed: (0%), Skills: Dragonkiller
Lamball, Level: 8, Rank: 1, Gender: Male, HP IV: 67(0%), ATK IV: 76(0%), DEF IV: 82(0%), Work Speed: (0%), Skills: Swift, Dainty Eater
Rooby, Level: 9, Rank: 1, Gender: Female, HP IV: 0(0%), ATK IV: 42(0%), DEF IV: 89(0%), Work Speed: (0%), Skills: Capacitor
Rushoar, Level: 3, Rank: 1, Gender: Male, HP IV: 95(0%), ATK IV: 78(0%), DEF IV: 89(0%), Work Speed: (0%), Skills: Dragonkiller
Teafant, Level: 3, Rank: 1, Gender: Male, HP IV: 48(0%), ATK IV: 41(0%), DEF IV: 74(0%), Work Speed: (0%), Skills: Glutton
Univolt, Level: 15, Rank: 1, Gender: Male, HP IV: 9(0%), ATK IV: 9(0%), DEF IV: 27(0%), Work Speed: (0%), Skills: Coward
Xenovader, Level: 15, Rank: 1, Gender: Male, HP IV: 100(0%), ATK IV: 95(0%), DEF IV: 46(0%), Work Speed: (0%), Skills: Otherworldly Cells, Positive Thinker, Nimble
Chaenda's 14 Pals
-----------------
Cattiva, Level: 9, Rank: 1, Gender: Male, HP IV: 26(0%), ATK IV: 20(0%), DEF IV: 77(0%), Work Speed: (0%), Skills: Coward, Unstable, Serenity
Celaray, Level: 8, Rank: 1, Gender: Female, HP IV: 41(0%), ATK IV: 12(0%), DEF IV: 44(0%), Work Speed: (0%), Skills: Stronghold Strategist
Croajiro, Level: 9, Rank: 1, Gender: Male, HP IV: 9(0%), ATK IV: 75(0%), DEF IV: 10(0%), Work Speed: (0%), Skills: Zen Mind
Direhowl, Level: 5, Rank: 1, Gender: Male, HP IV: 24(0%), ATK IV: 83(0%), DEF IV: 60(0%), Work Speed: (0%), Skills: Unstable
Eikthyrdeer, Level: 11, Rank: 1, Gender: Female, HP IV: 49(0%), ATK IV: 66(0%), DEF IV: 84(0%), Work Speed: (0%)
Fuack, Level: 8, Rank: 1, Gender: Male, HP IV: 17(0%), ATK IV: 5(0%), DEF IV: 43(0%), Work Speed: (0%), Skills: Vanguard
Gumoss, Level: 3, Rank: 1, Gender: Male, HP IV: 59(0%), ATK IV: 52(0%), DEF IV: 97(0%), Work Speed: (0%), Skills: Aggressive
Kelpsea, Level: 11, Rank: 1, Gender: Female, HP IV: 37(0%), ATK IV: 69(0%), DEF IV: 15(0%), Work Speed: (0%), Skills: Dragonkiller
Lamball, Level: 8, Rank: 1, Gender: Male, HP IV: 67(0%), ATK IV: 76(0%), DEF IV: 82(0%), Work Speed: (0%), Skills: Swift, Dainty Eater
Rooby, Level: 9, Rank: 1, Gender: Female, HP IV: 0(0%), ATK IV: 42(0%), DEF IV: 89(0%), Work Speed: (0%), Skills: Capacitor
Rushoar, Level: 3, Rank: 1, Gender: Male, HP IV: 95(0%), ATK IV: 78(0%), DEF IV: 89(0%), Work Speed: (0%), Skills: Dragonkiller
Teafant, Level: 3, Rank: 1, Gender: Male, HP IV: 48(0%), ATK IV: 41(0%), DEF IV: 74(0%), Work Speed: (0%), Skills: Glutton
Univolt, Level: 15, Rank: 1, Gender: Male, HP IV: 9(0%), ATK IV: 9(0%), DEF IV: 27(0%), Work Speed: (0%), Skills: Coward
Xenovader, Level: 15, Rank: 1, Gender: Male, HP IV: 100(0%), ATK IV: 95(0%), DEF IV: 46(0%), Work Speed: (0%), Skills: Otherworldly Cells, Positive Thinker, Nimble
Chaenda's 14 Pals
-----------------
Cattiva, Level: 9, Rank: 1, Gender: Male, HP IV: 26(0%), ATK IV: 20(0%), DEF IV: 77(0%), Work Speed: (0%), Skills: Coward, Unstable, Serenity
Celaray, Level: 8, Rank: 1, Gender: Female, HP IV: 41(0%), ATK IV: 12(0%), DEF IV: 44(0%), Work Speed: (0%), Skills: Stronghold Strategist
Croajiro, Level: 9, Rank: 1, Gender: Male, HP IV: 9(0%), ATK IV: 75(0%), DEF IV: 10(0%), Work Speed: (0%), Skills: Zen Mind
Direhowl, Level: 5, Rank: 1, Gender: Male, HP IV: 24(0%), ATK IV: 83(0%), DEF IV: 60(0%), Work Speed: (0%), Skills: Unstable
Eikthyrdeer, Level: 11, Rank: 1, Gender: Female, HP IV: 49(0%), ATK IV: 66(0%), DEF IV: 84(0%), Work Speed: (0%)
Fuack, Level: 8, Rank: 1, Gender: Male, HP IV: 17(0%), ATK IV: 5(0%), DEF IV: 43(0%), Work Speed: (0%), Skills: Vanguard
Gumoss, Level: 3, Rank: 1, Gender: Male, HP IV: 59(0%), ATK IV: 52(0%), DEF IV: 97(0%), Work Speed: (0%), Skills: Aggressive
Kelpsea, Level: 11, Rank: 1, Gender: Female, HP IV: 37(0%), ATK IV: 69(0%), DEF IV: 15(0%), Work Speed: (0%), Skills: Dragonkiller
Lamball, Level: 8, Rank: 1, Gender: Male, HP IV: 67(0%), ATK IV: 76(0%), DEF IV: 82(0%), Work Speed: (0%), Skills: Swift, Dainty Eater
Rooby, Level: 9, Rank: 1, Gender: Female, HP IV: 0(0%), ATK IV: 42(0%), DEF IV: 89(0%), Work Speed: (0%), Skills: Capacitor
Rushoar, Level: 3, Rank: 1, Gender: Male, HP IV: 95(0%), ATK IV: 78(0%), DEF IV: 89(0%), Work Speed: (0%), Skills: Dragonkiller
Teafant, Level: 3, Rank: 1, Gender: Male, HP IV: 48(0%), ATK IV: 41(0%), DEF IV: 74(0%), Work Speed: (0%), Skills: Glutton
Univolt, Level: 15, Rank: 1, Gender: Male, HP IV: 9(0%), ATK IV: 9(0%), DEF IV: 27(0%), Work Speed: (0%), Skills: Coward
Xenovader, Level: 15, Rank: 1, Gender: Male, HP IV: 100(0%), ATK IV: 95(0%), DEF IV: 46(0%), Work Speed: (0%), Skills: Otherworldly Cells, Positive Thinker, Nimble
Chaenda's 14 Pals
-----------------
Cattiva, Level: 9, Rank: 1, Gender: Male, HP IV: 26(0%), ATK IV: 20(0%), DEF IV: 77(0%), Work Speed: (0%), Skills: Coward, Unstable, Serenity
Celaray, Level: 8, Rank: 1, Gender: Female, HP IV: 41(0%), ATK IV: 12(0%), DEF IV: 44(0%), Work Speed: (0%), Skills: Stronghold Strategist
Croajiro, Level: 9, Rank: 1, Gender: Male, HP IV: 9(0%), ATK IV: 75(0%), DEF IV: 10(0%), Work Speed: (0%), Skills: Zen Mind
Direhowl, Level: 5, Rank: 1, Gender: Male, HP IV: 24(0%), ATK IV: 83(0%), DEF IV: 60(0%), Work Speed: (0%), Skills: Unstable
Eikthyrdeer, Level: 11, Rank: 1, Gender: Female, HP IV: 49(0%), ATK IV: 66(0%), DEF IV: 84(0%), Work Speed: (0%)
Fuack, Level: 8, Rank: 1, Gender: Male, HP IV: 17(0%), ATK IV: 5(0%), DEF IV: 43(0%), Work Speed: (0%), Skills: Vanguard
Gumoss, Level: 3, Rank: 1, Gender: Male, HP IV: 59(0%), ATK IV: 52(0%), DEF IV: 97(0%), Work Speed: (0%), Skills: Aggressive
Kelpsea, Level: 11, Rank: 1, Gender: Female, HP IV: 37(0%), ATK IV: 69(0%), DEF IV: 15(0%), Work Speed: (0%), Skills: Dragonkiller
Lamball, Level: 8, Rank: 1, Gender: Male, HP IV: 67(0%), ATK IV: 76(0%), DEF IV: 82(0%), Work Speed: (0%), Skills: Swift, Dainty Eater
Rooby, Level: 9, Rank: 1, Gender: Female, HP IV: 0(0%), ATK IV: 42(0%), DEF IV: 89(0%), Work Speed: (0%), Skills: Capacitor
Rushoar, Level: 3, Rank: 1, Gender: Male, HP IV: 95(0%), ATK IV: 78(0%), DEF IV: 89(0%), Work Speed: (0%), Skills: Dragonkiller
Teafant, Level: 3, Rank: 1, Gender: Male, HP IV: 48(0%), ATK IV: 41(0%), DEF IV: 74(0%), Work Speed: (0%), Skills: Glutton
Univolt, Level: 15, Rank: 1, Gender: Male, HP IV: 9(0%), ATK IV: 9(0%), DEF IV: 27(0%), Work Speed: (0%), Skills: Coward
Xenovader, Level: 15, Rank: 1, Gender: Male, HP IV: 100(0%), ATK IV: 95(0%), DEF IV: 46(0%), Work Speed: (0%), Skills: Otherworldly Cells, Positive Thinker, Nimble
Chaenda's 14 Pals
-----------------
Cattiva, Level: 9, Rank: 1, Gender: Male, HP IV: 26(0%), ATK IV: 20(0%), DEF IV: 77(0%), Work Speed: (0%), Skills: Coward, Unstable, Serenity
Celaray, Level: 8, Rank: 1, Gender: Female, HP IV: 41(0%), ATK IV: 12(0%), DEF IV: 44(0%), Work Speed: (0%), Skills: Stronghold Strategist
Croajiro, Level: 9, Rank: 1, Gender: Male, HP IV: 9(0%), ATK IV: 75(0%), DEF IV: 10(0%), Work Speed: (0%), Skills: Zen Mind
Direhowl, Level: 5, Rank: 1, Gender: Male, HP IV: 24(0%), ATK IV: 83(0%), DEF IV: 60(0%), Work Speed: (0%), Skills: Unstable
Eikthyrdeer, Level: 11, Rank: 1, Gender: Female, HP IV: 49(0%), ATK IV: 66(0%), DEF IV: 84(0%), Work Speed: (0%)
Fuack, Level: 8, Rank: 1, Gender: Male, HP IV: 17(0%), ATK IV: 5(0%), DEF IV: 43(0%), Work Speed: (0%), Skills: Vanguard
Gumoss, Level: 3, Rank: 1, Gender: Male, HP IV: 59(0%), ATK IV: 52(0%), DEF IV: 97(0%), Work Speed: (0%), Skills: Aggressive
Kelpsea, Level: 11, Rank: 1, Gender: Female, HP IV: 37(0%), ATK IV: 69(0%), DEF IV: 15(0%), Work Speed: (0%), Skills: Dragonkiller
Lamball, Level: 8, Rank: 1, Gender: Male, HP IV: 67(0%), ATK IV: 76(0%), DEF IV: 82(0%), Work Speed: (0%), Skills: Swift, Dainty Eater
Rooby, Level: 9, Rank: 1, Gender: Female, HP IV: 0(0%), ATK IV: 42(0%), DEF IV: 89(0%), Work Speed: (0%), Skills: Capacitor
Rushoar, Level: 3, Rank: 1, Gender: Male, HP IV: 95(0%), ATK IV: 78(0%), DEF IV: 89(0%), Work Speed: (0%), Skills: Dragonkiller
Teafant, Level: 3, Rank: 1, Gender: Male, HP IV: 48(0%), ATK IV: 41(0%), DEF IV: 74(0%), Work Speed: (0%), Skills: Glutton
Univolt, Level: 15, Rank: 1, Gender: Male, HP IV: 9(0%), ATK IV: 9(0%), DEF IV: 27(0%), Work Speed: (0%), Skills: Coward
Xenovader, Level: 15, Rank: 1, Gender: Male, HP IV: 100(0%), ATK IV: 95(0%), DEF IV: 46(0%), Work Speed: (0%), Skills: Otherworldly Cells, Positive Thinker, Nimble
Chaenda's 14 Pals
-----------------
Cattiva, Level: 9, Rank: 1, Gender: Male, HP IV: 26(0%), ATK IV: 20(0%), DEF IV: 77(0%), Work Speed: (0%), Skills: Coward, Unstable, Serenity
Celaray, Level: 8, Rank: 1, Gender: Female, HP IV: 41(0%), ATK IV: 12(0%), DEF IV: 44(0%), Work Speed: (0%), Skills: Stronghold Strategist
Croajiro, Level: 9, Rank: 1, Gender: Male, HP IV: 9(0%), ATK IV: 75(0%), DEF IV: 10(0%), Work Speed: (0%), Skills: Zen Mind
Direhowl, Level: 5, Rank: 1, Gender: Male, HP IV: 24(0%), ATK IV: 83(0%), DEF IV: 60(0%), Work Speed: (0%), Skills: Unstable
Eikthyrdeer, Level: 11, Rank: 1, Gender: Female, HP IV: 49(0%), ATK IV: 66(0%), DEF IV: 84(0%), Work Speed: (0%)
Fuack, Level: 8, Rank: 1, Gender: Male, HP IV: 17(0%), ATK IV: 5(0%), DEF IV: 43(0%), Work Speed: (0%), Skills: Vanguard
Gumoss, Level: 3, Rank: 1, Gender: Male, HP IV: 59(0%), ATK IV: 52(0%), DEF IV: 97(0%), Work Speed: (0%), Skills: Aggressive
Kelpsea, Level: 11, Rank: 1, Gender: Female, HP IV: 37(0%), ATK IV: 69(0%), DEF IV: 15(0%), Work Speed: (0%), Skills: Dragonkiller
Lamball, Level: 8, Rank: 1, Gender: Male, HP IV: 67(0%), ATK IV: 76(0%), DEF IV: 82(0%), Work Speed: (0%), Skills: Swift, Dainty Eater
Rooby, Level: 9, Rank: 1, Gender: Female, HP IV: 0(0%), ATK IV: 42(0%), DEF IV: 89(0%), Work Speed: (0%), Skills: Capacitor
Rushoar, Level: 3, Rank: 1, Gender: Male, HP IV: 95(0%), ATK IV: 78(0%), DEF IV: 89(0%), Work Speed: (0%), Skills: Dragonkiller
Teafant, Level: 3, Rank: 1, Gender: Male, HP IV: 48(0%), ATK IV: 41(0%), DEF IV: 74(0%), Work Speed: (0%), Skills: Glutton
Univolt, Level: 15, Rank: 1, Gender: Male, HP IV: 9(0%), ATK IV: 9(0%), DEF IV: 27(0%), Work Speed: (0%), Skills: Coward
Xenovader, Level: 15, Rank: 1, Gender: Male, HP IV: 100(0%), ATK IV: 95(0%), DEF IV: 46(0%), Work Speed: (0%), Skills: Otherworldly Cells, Positive Thinker, Nimble
Chaenda's 14 Pals
-----------------
Cattiva, Level: 9, Rank: 1, Gender: Male, HP IV: 26(0%), ATK IV: 20(0%), DEF IV: 77(0%), Work Speed: (0%), Skills: Coward, Unstable, Serenity
Celaray, Level: 8, Rank: 1, Gender: Female, HP IV: 41(0%), ATK IV: 12(0%), DEF IV: 44(0%), Work Speed: (0%), Skills: Stronghold Strategist
Croajiro, Level: 9, Rank: 1, Gender: Male, HP IV: 9(0%), ATK IV: 75(0%), DEF IV: 10(0%), Work Speed: (0%), Skills: Zen Mind
Direhowl, Level: 5, Rank: 1, Gender: Male, HP IV: 24(0%), ATK IV: 83(0%), DEF IV: 60(0%), Work Speed: (0%), Skills: Unstable
Eikthyrdeer, Level: 11, Rank: 1, Gender: Female, HP IV: 49(0%), ATK IV: 66(0%), DEF IV: 84(0%), Work Speed: (0%)
Fuack, Level: 8, Rank: 1, Gender: Male, HP IV: 17(0%), ATK IV: 5(0%), DEF IV: 43(0%), Work Speed: (0%), Skills: Vanguard
Gumoss, Level: 3, Rank: 1, Gender: Male, HP IV: 59(0%), ATK IV: 52(0%), DEF IV: 97(0%), Work Speed: (0%), Skills: Aggressive
Kelpsea, Level: 11, Rank: 1, Gender: Female, HP IV: 37(0%), ATK IV: 69(0%), DEF IV: 15(0%), Work Speed: (0%), Skills: Dragonkiller
Lamball, Level: 8, Rank: 1, Gender: Male, HP IV: 67(0%), ATK IV: 76(0%), DEF IV: 82(0%), Work Speed: (0%), Skills: Swift, Dainty Eater
Rooby, Level: 9, Rank: 1, Gender: Female, HP IV: 0(0%), ATK IV: 42(0%), DEF IV: 89(0%), Work Speed: (0%), Skills: Capacitor
Rushoar, Level: 3, Rank: 1, Gender: Male, HP IV: 95(0%), ATK IV: 78(0%), DEF IV: 89(0%), Work Speed: (0%), Skills: Dragonkiller
Teafant, Level: 3, Rank: 1, Gender: Male, HP IV: 48(0%), ATK IV: 41(0%), DEF IV: 74(0%), Work Speed: (0%), Skills: Glutton
Univolt, Level: 15, Rank: 1, Gender: Male, HP IV: 9(0%), ATK IV: 9(0%), DEF IV: 27(0%), Work Speed: (0%), Skills: Coward
Xenovader, Level: 15, Rank: 1, Gender: Male, HP IV: 100(0%), ATK IV: 95(0%), DEF IV: 46(0%), Work Speed: (0%), Skills: Otherworldly Cells, Positive Thinker, Nimble
Chaenda's 14 Pals
-----------------
Cattiva, Level: 9, Rank: 1, Gender: Male, HP IV: 26(0%), ATK IV: 20(0%), DEF IV: 77(0%), Work Speed: (0%), Skills: Coward, Unstable, Serenity
Celaray, Level: 8, Rank: 1, Gender: Female, HP IV: 41(0%), ATK IV: 12(0%), DEF IV: 44(0%), Work Speed: (0%), Skills: Stronghold Strategist
Croajiro, Level: 9, Rank: 1, Gender: Male, HP IV: 9(0%), ATK IV: 75(0%), DEF IV: 10(0%), Work Speed: (0%), Skills: Zen Mind
Direhowl, Level: 5, Rank: 1, Gender: Male, HP IV: 24(0%), ATK IV: 83(0%), DEF IV: 60(0%), Work Speed: (0%), Skills: Unstable
Eikthyrdeer, Level: 11, Rank: 1, Gender: Female, HP IV: 49(0%), ATK IV: 66(0%), DEF IV: 84(0%), Work Speed: (0%)
Fuack, Level: 8, Rank: 1, Gender: Male, HP IV: 17(0%), ATK IV: 5(0%), DEF IV: 43(0%), Work Speed: (0%), Skills: Vanguard
Gumoss, Level: 3, Rank: 1, Gender: Male, HP IV: 59(0%), ATK IV: 52(0%), DEF IV: 97(0%), Work Speed: (0%), Skills: Aggressive
Kelpsea, Level: 11, Rank: 1, Gender: Female, HP IV: 37(0%), ATK IV: 69(0%), DEF IV: 15(0%), Work Speed: (0%), Skills: Dragonkiller
Lamball, Level: 8, Rank: 1, Gender: Male, HP IV: 67(0%), ATK IV: 76(0%), DEF IV: 82(0%), Work Speed: (0%), Skills: Swift, Dainty Eater
Rooby, Level: 9, Rank: 1, Gender: Female, HP IV: 0(0%), ATK IV: 42(0%), DEF IV: 89(0%), Work Speed: (0%), Skills: Capacitor
Rushoar, Level: 3, Rank: 1, Gender: Male, HP IV: 95(0%), ATK IV: 78(0%), DEF IV: 89(0%), Work Speed: (0%), Skills: Dragonkiller
Teafant, Level: 3, Rank: 1, Gender: Male, HP IV: 48(0%), ATK IV: 41(0%), DEF IV: 74(0%), Work Speed: (0%), Skills: Glutton
Univolt, Level: 15, Rank: 1, Gender: Male, HP IV: 9(0%), ATK IV: 9(0%), DEF IV: 27(0%), Work Speed: (0%), Skills: Coward
Xenovader, Level: 15, Rank: 1, Gender: Male, HP IV: 100(0%), ATK IV: 95(0%), DEF IV: 46(0%), Work Speed: (0%), Skills: Otherworldly Cells, Positive Thinker, Nimble
Chaenda's 14 Pals
-----------------
Cattiva, Level: 9, Rank: 1, Gender: Male, HP IV: 26(0%), ATK IV: 20(0%), DEF IV: 77(0%), Work Speed: (0%), Skills: Coward, Unstable, Serenity
Celaray, Level: 8, Rank: 1, Gender: Female, HP IV: 41(0%), ATK IV: 12(0%), DEF IV: 44(0%), Work Speed: (0%), Skills: Stronghold Strategist
Croajiro, Level: 9, Rank: 1, Gender: Male, HP IV: 9(0%), ATK IV: 75(0%), DEF IV: 10(0%), Work Speed: (0%), Skills: Zen Mind
Direhowl, Level: 5, Rank: 1, Gender: Male, HP IV: 24(0%), ATK IV: 83(0%), DEF IV: 60(0%), Work Speed: (0%), Skills: Unstable
Eikthyrdeer, Level: 11, Rank: 1, Gender: Female, HP IV: 49(0%), ATK IV: 66(0%), DEF IV: 84(0%), Work Speed: (0%)
Fuack, Level: 8, Rank: 1, Gender: Male, HP IV: 17(0%), ATK IV: 5(0%), DEF IV: 43(0%), Work Speed: (0%), Skills: Vanguard
Gumoss, Level: 3, Rank: 1, Gender: Male, HP IV: 59(0%), ATK IV: 52(0%), DEF IV: 97(0%), Work Speed: (0%), Skills: Aggressive
Kelpsea, Level: 11, Rank: 1, Gender: Female, HP IV: 37(0%), ATK IV: 69(0%), DEF IV: 15(0%), Work Speed: (0%), Skills: Dragonkiller
Lamball, Level: 8, Rank: 1, Gender: Male, HP IV: 67(0%), ATK IV: 76(0%), DEF IV: 82(0%), Work Speed: (0%), Skills: Swift, Dainty Eater
Rooby, Level: 9, Rank: 1, Gender: Female, HP IV: 0(0%), ATK IV: 42(0%), DEF IV: 89(0%), Work Speed: (0%), Skills: Capacitor
Rushoar, Level: 3, Rank: 1, Gender: Male, HP IV: 95(0%), ATK IV: 78(0%), DEF IV: 89(0%), Work Speed: (0%), Skills: Dragonkiller
Teafant, Level: 3, Rank: 1, Gender: Male, HP IV: 48(0%), ATK IV: 41(0%), DEF IV: 74(0%), Work Speed: (0%), Skills: Glutton
Univolt, Level: 15, Rank: 1, Gender: Male, HP IV: 9(0%), ATK IV: 9(0%), DEF IV: 27(0%), Work Speed: (0%), Skills: Coward
Xenovader, Level: 15, Rank: 1, Gender: Male, HP IV: 100(0%), ATK IV: 95(0%), DEF IV: 46(0%), Work Speed: (0%), Skills: Otherworldly Cells, Positive Thinker, Nimble
