Cherry's 10 Pals
----------------
Cattiva, Level: 1, Rank: 1, Gender: Female, HP IV: 80(0%), ATK IV: 91(0%), DEF IV: 48(0%), Work Speed: (0%), Skills: Coward, Fragrant Foliage
Cattiva, Level: 3, Rank: 1, Gender: Male, HP IV: 56(0%), ATK IV: 3(0%), DEF IV: 14(0%), Work Speed: (0%), Skills: Coward, Sickly
Cattiva, Level: 7, Rank: 1, Gender: Female, HP IV: 25(0%), ATK IV: 85(0%), DEF IV: 2(0%), Work Speed: (0%), Skills: Coward, Motivational Leader
Cattiva, Level: 7, Rank: 1, Gender: Male, HP IV: 19(0%), ATK IV: 42(0%), DEF IV: 85(0%), Work Speed: (0%), Skills: Coward, Pyromaniac, Fit as a Fiddle
Chikipi, Level: 7, Rank: 1, Gender: Female, HP IV: 84(0%), ATK IV: 15(0%), DEF IV: 56(0%), Work Speed: (0%), Skills: Swift
Cremis, Level: 2, Rank: 1, Gender: Female, HP IV: 21(0%), ATK IV: 32(0%), DEF IV: 52(0%), Work Speed: (0%), Skills: Abnormal, Fine Furs
Cremis, Level: 3, Rank: 1, Gender: Male, HP IV: 73(0%), ATK IV: 54(0%), DEF IV: 3(0%), Work Speed: (0%), Skills: Nocturnal
Gumoss, Level: 4, Rank: 1, Gender: Female, HP IV: 25(0%), ATK IV: 61(0%), DEF IV: 80(0%), Work Speed: (0%), Skills: Hydromaniac
Lamball, Level: 6, Rank: 1, Gender: Male, HP IV: 15(0%), ATK IV: 12(0%), DEF IV: 20(0%), Work Speed: (0%), Skills: Destructive
Lamball, Level: 7, Rank: 1, Gender: Female, HP IV: 81(0%), ATK IV: 69(0%), DEF IV: 4(0%), Work Speed: (0%), Skills: Positive Thinker
Cherry's 10 Pals
----------------
Cattiva, Level: 1, Rank: 1, Gender: Female, HP IV: 80(0%), ATK IV: 91(0%), DEF IV: 48(0%), Work Speed: (0%), Skills: Coward, Fragrant Foliage
Cattiva, Level: 3, Rank: 1, Gender: Male, HP IV: 56(0%), ATK IV: 3(0%), DEF IV: 14(0%), Work Speed: (0%), Skills: Coward, Sickly
Cattiva, Level: 7, Rank: 1, Gender: Female, HP IV: 25(0%), ATK IV: 85(0%), DEF IV: 2(0%), Work Speed: (0%), Skills: Coward, Motivational Leader
Cattiva, Level: 7, Rank: 1, Gender: Male, HP IV: 19(0%), ATK IV: 42(0%), DEF IV: 85(0%), Work Speed: (0%), Skills: Coward, Pyromaniac, Fit as a Fiddle
Chikipi, Level: 7, Rank: 1, Gender: Female, HP IV: 84(0%), ATK IV: 15(0%), DEF IV: 56(0%), Work Speed: (0%), Skills: Swift
Cremis, Level: 2, Rank: 1, Gender: Female, HP IV: 21(0%), ATK IV: 32(0%), DEF IV: 52(0%), Work Speed: (0%), Skills: Abnormal, Fine Furs
Cremis, Level: 3, Rank: 1, Gender: Male, HP IV: 73(0%), ATK IV: 54(0%), DEF IV: 3(0%), Work Speed: (0%), Skills: Nocturnal
Gumoss, Level: 4, Rank: 1, Gender: Female, HP IV: 25(0%), ATK IV: 61(0%), DEF IV: 80(0%), Work Speed: (0%), Skills: Hydromaniac
Lamball, Level: 6, Rank: 1, Gender: Male, HP IV: 15(0%), ATK IV: 12(0%), DEF IV: 20(0%), Work Speed: (0%), Skills: Destructive
Lamball, Level: 7, Rank: 1, Gender: Female, HP IV: 81(0%), ATK IV: 69(0%), DEF IV: 4(0%), Work Speed: (0%), Skills: Positive Thinker
Cherry's 10 Pals
----------------
Cattiva, Level: 1, Rank: 1, Gender: Female, HP IV: 80(0%), ATK IV: 91(0%), DEF IV: 48(0%), Work Speed: (0%), Skills: Coward, Fragrant Foliage
Cattiva, Level: 3, Rank: 1, Gender: Male, HP IV: 56(0%), ATK IV: 3(0%), DEF IV: 14(0%), Work Speed: (0%), Skills: Coward, Sickly
Cattiva, Level: 7, Rank: 1, Gender: Female, HP IV: 25(0%), ATK IV: 85(0%), DEF IV: 2(0%), Work Speed: (0%), Skills: Coward, Motivational Leader
Cattiva, Level: 7, Rank: 1, Gender: Male, HP IV: 19(0%), ATK IV: 42(0%), DEF IV: 85(0%), Work Speed: (0%), Skills: Coward, Pyromaniac, Fit as a Fiddle
Chikipi, Level: 7, Rank: 1, Gender: Female, HP IV: 84(0%), ATK IV: 15(0%), DEF IV: 56(0%), Work Speed: (0%), Skills: Swift
Cremis, Level: 2, Rank: 1, Gender: Female, HP IV: 21(0%), ATK IV: 32(0%), DEF IV: 52(0%), Work Speed: (0%), Skills: Abnormal, Fine Furs
Cremis, Level: 3, Rank: 1, Gender: Male, HP IV: 73(0%), ATK IV: 54(0%), DEF IV: 3(0%), Work Speed: (0%), Skills: Nocturnal
Gumoss, Level: 4, Rank: 1, Gender: Female, HP IV: 25(0%), ATK IV: 61(0%), DEF IV: 80(0%), Work Speed: (0%), Skills: Hydromaniac
Lamball, Level: 6, Rank: 1, Gender: Male, HP IV: 15(0%), ATK IV: 12(0%), DEF IV: 20(0%), Work Speed: (0%), Skills: Destructive
Lamball, Level: 7, Rank: 1, Gender: Female, HP IV: 81(0%), ATK IV: 69(0%), DEF IV: 4(0%), Work Speed: (0%), Skills: Positive Thinker
Cherry's 10 Pals
----------------
Cattiva, Level: 1, Rank: 1, Gender: Female, HP IV: 80(0%), ATK IV: 91(0%), DEF IV: 48(0%), Work Speed: (0%), Skills: Coward, Fragrant Foliage
Cattiva, Level: 3, Rank: 1, Gender: Male, HP IV: 56(0%), ATK IV: 3(0%), DEF IV: 14(0%), Work Speed: (0%), Skills: Coward, Sickly
Cattiva, Level: 7, Rank: 1, Gender: Female, HP IV: 25(0%), ATK IV: 85(0%), DEF IV: 2(0%), Work Speed: (0%), Skills: Coward, Motivational Leader
Cattiva, Level: 7, Rank: 1, Gender: Male, HP IV: 19(0%), ATK IV: 42(0%), DEF IV: 85(0%), Work Speed: (0%), Skills: Coward, Pyromaniac, Fit as a Fiddle
Chikipi, Level: 7, Rank: 1, Gender: Female, HP IV: 84(0%), ATK IV: 15(0%), DEF IV: 56(0%), Work Speed: (0%), Skills: Swift
Cremis, Level: 2, Rank: 1, Gender: Female, HP IV: 21(0%), ATK IV: 32(0%), DEF IV: 52(0%), Work Speed: (0%), Skills: Abnormal, Fine Furs
Cremis, Level: 3, Rank: 1, Gender: Male, HP IV: 73(0%), ATK IV: 54(0%), DEF IV: 3(0%), Work Speed: (0%), Skills: Nocturnal
Gumoss, Level: 4, Rank: 1, Gender: Female, HP IV: 25(0%), ATK IV: 61(0%), DEF IV: 80(0%), Work Speed: (0%), Skills: Hydromaniac
Lamball, Level: 6, Rank: 1, Gender: Male, HP IV: 15(0%), ATK IV: 12(0%), DEF IV: 20(0%), Work Speed: (0%), Skills: Destructive
Lamball, Level: 7, Rank: 1, Gender: Female, HP IV: 81(0%), ATK IV: 69(0%), DEF IV: 4(0%), Work Speed: (0%), Skills: Positive Thinker
Cherry's 10 Pals
----------------
Cattiva, Level: 1, Rank: 1, Gender: Female, HP IV: 80(0%), ATK IV: 91(0%), DEF IV: 48(0%), Work Speed: (0%), Skills: Coward, Fragrant Foliage
Cattiva, Level: 3, Rank: 1, Gender: Male, HP IV: 56(0%), ATK IV: 3(0%), DEF IV: 14(0%), Work Speed: (0%), Skills: Coward, Sickly
Cattiva, Level: 7, Rank: 1, Gender: Female, HP IV: 25(0%), ATK IV: 85(0%), DEF IV: 2(0%), Work Speed: (0%), Skills: Coward, Motivational Leader
Cattiva, Level: 7, Rank: 1, Gender: Male, HP IV: 19(0%), ATK IV: 42(0%), DEF IV: 85(0%), Work Speed: (0%), Skills: Coward, Pyromaniac, Fit as a Fiddle
Chikipi, Level: 7, Rank: 1, Gender: Female, HP IV: 84(0%), ATK IV: 15(0%), DEF IV: 56(0%), Work Speed: (0%), Skills: Swift
Cremis, Level: 2, Rank: 1, Gender: Female, HP IV: 21(0%), ATK IV: 32(0%), DEF IV: 52(0%), Work Speed: (0%), Skills: Abnormal, Fine Furs
Cremis, Level: 3, Rank: 1, Gender: Male, HP IV: 73(0%), ATK IV: 54(0%), DEF IV: 3(0%), Work Speed: (0%), Skills: Nocturnal
Gumoss, Level: 4, Rank: 1, Gender: Female, HP IV: 25(0%), ATK IV: 61(0%), DEF IV: 80(0%), Work Speed: (0%), Skills: Hydromaniac
Lamball, Level: 6, Rank: 1, Gender: Male, HP IV: 15(0%), ATK IV: 12(0%), DEF IV: 20(0%), Work Speed: (0%), Skills: Destructive
Lamball, Level: 7, Rank: 1, Gender: Female, HP IV: 81(0%), ATK IV: 69(0%), DEF IV: 4(0%), Work Speed: (0%), Skills: Positive Thinker
Cherry's 10 Pals
----------------
Cattiva, Level: 1, Rank: 1, Gender: Female, HP IV: 80(0%), ATK IV: 91(0%), DEF IV: 48(0%), Work Speed: (0%), Skills: Coward, Fragrant Foliage
Cattiva, Level: 3, Rank: 1, Gender: Male, HP IV: 56(0%), ATK IV: 3(0%), DEF IV: 14(0%), Work Speed: (0%), Skills: Coward, Sickly
Cattiva, Level: 7, Rank: 1, Gender: Female, HP IV: 25(0%), ATK IV: 85(0%), DEF IV: 2(0%), Work Speed: (0%), Skills: Coward, Motivational Leader
Cattiva, Level: 7, Rank: 1, Gender: Male, HP IV: 19(0%), ATK IV: 42(0%), DEF IV: 85(0%), Work Speed: (0%), Skills: Coward, Pyromaniac, Fit as a Fiddle
Chikipi, Level: 7, Rank: 1, Gender: Female, HP IV: 84(0%), ATK IV: 15(0%), DEF IV: 56(0%), Work Speed: (0%), Skills: Swift
Cremis, Level: 2, Rank: 1, Gender: Female, HP IV: 21(0%), ATK IV: 32(0%), DEF IV: 52(0%), Work Speed: (0%), Skills: Abnormal, Fine Furs
Cremis, Level: 3, Rank: 1, Gender: Male, HP IV: 73(0%), ATK IV: 54(0%), DEF IV: 3(0%), Work Speed: (0%), Skills: Nocturnal
Gumoss, Level: 4, Rank: 1, Gender: Female, HP IV: 25(0%), ATK IV: 61(0%), DEF IV: 80(0%), Work Speed: (0%), Skills: Hydromaniac
Lamball, Level: 6, Rank: 1, Gender: Male, HP IV: 15(0%), ATK IV: 12(0%), DEF IV: 20(0%), Work Speed: (0%), Skills: Destructive
Lamball, Level: 7, Rank: 1, Gender: Female, HP IV: 81(0%), ATK IV: 69(0%), DEF IV: 4(0%), Work Speed: (0%), Skills: Positive Thinker
Cherry's 10 Pals
----------------
Cattiva, Level: 1, Rank: 1, Gender: Female, HP IV: 80(0%), ATK IV: 91(0%), DEF IV: 48(0%), Work Speed: (0%), Skills: Coward, Fragrant Foliage
Cattiva, Level: 3, Rank: 1, Gender: Male, HP IV: 56(0%), ATK IV: 3(0%), DEF IV: 14(0%), Work Speed: (0%), Skills: Coward, Sickly
Cattiva, Level: 7, Rank: 1, Gender: Female, HP IV: 25(0%), ATK IV: 85(0%), DEF IV: 2(0%), Work Speed: (0%), Skills: Coward, Motivational Leader
Cattiva, Level: 7, Rank: 1, Gender: Male, HP IV: 19(0%), ATK IV: 42(0%), DEF IV: 85(0%), Work Speed: (0%), Skills: Coward, Pyromaniac, Fit as a Fiddle
Chikipi, Level: 7, Rank: 1, Gender: Female, HP IV: 84(0%), ATK IV: 15(0%), DEF IV: 56(0%), Work Speed: (0%), Skills: Swift
Cremis, Level: 2, Rank: 1, Gender: Female, HP IV: 21(0%), ATK IV: 32(0%), DEF IV: 52(0%), Work Speed: (0%), Skills: Abnormal, Fine Furs
Cremis, Level: 3, Rank: 1, Gender: Male, HP IV: 73(0%), ATK IV: 54(0%), DEF IV: 3(0%), Work Speed: (0%), Skills: Nocturnal
Gumoss, Level: 4, Rank: 1, Gender: Female, HP IV: 25(0%), ATK IV: 61(0%), DEF IV: 80(0%), Work Speed: (0%), Skills: Hydromaniac
Lamball, Level: 6, Rank: 1, Gender: Male, HP IV: 15(0%), ATK IV: 12(0%), DEF IV: 20(0%), Work Speed: (0%), Skills: Destructive
Lamball, Level: 7, Rank: 1, Gender: Female, HP IV: 81(0%), ATK IV: 69(0%), DEF IV: 4(0%), Work Speed: (0%), Skills: Positive Thinker
Cherry's 10 Pals
----------------
Cattiva, Level: 1, Rank: 1, Gender: Female, HP IV: 80(0%), ATK IV: 91(0%), DEF IV: 48(0%), Work Speed: (0%), Skills: Coward, Fragrant Foliage
Cattiva, Level: 3, Rank: 1, Gender: Male, HP IV: 56(0%), ATK IV: 3(0%), DEF IV: 14(0%), Work Speed: (0%), Skills: Coward, Sickly
Cattiva, Level: 7, Rank: 1, Gender: Female, HP IV: 25(0%), ATK IV: 85(0%), DEF IV: 2(0%), Work Speed: (0%), Skills: Coward, Motivational Leader
Cattiva, Level: 7, Rank: 1, Gender: Male, HP IV: 19(0%), ATK IV: 42(0%), DEF IV: 85(0%), Work Speed: (0%), Skills: Coward, Pyromaniac, Fit as a Fiddle
Chikipi, Level: 7, Rank: 1, Gender: Female, HP IV: 84(0%), ATK IV: 15(0%), DEF IV: 56(0%), Work Speed: (0%), Skills: Swift
Cremis, Level: 2, Rank: 1, Gender: Female, HP IV: 21(0%), ATK IV: 32(0%), DEF IV: 52(0%), Work Speed: (0%), Skills: Abnormal, Fine Furs
Cremis, Level: 3, Rank: 1, Gender: Male, HP IV: 73(0%), ATK IV: 54(0%), DEF IV: 3(0%), Work Speed: (0%), Skills: Nocturnal
Gumoss, Level: 4, Rank: 1, Gender: Female, HP IV: 25(0%), ATK IV: 61(0%), DEF IV: 80(0%), Work Speed: (0%), Skills: Hydromaniac
Lamball, Level: 6, Rank: 1, Gender: Male, HP IV: 15(0%), ATK IV: 12(0%), DEF IV: 20(0%), Work Speed: (0%), Skills: Destructive
Lamball, Level: 7, Rank: 1, Gender: Female, HP IV: 81(0%), ATK IV: 69(0%), DEF IV: 4(0%), Work Speed: (0%), Skills: Positive Thinker
Cherry's 10 Pals
----------------
Cattiva, Level: 1, Rank: 1, Gender: Female, HP IV: 80(0%), ATK IV: 91(0%), DEF IV: 48(0%), Work Speed: (0%), Skills: Coward, Fragrant Foliage
Cattiva, Level: 3, Rank: 1, Gender: Male, HP IV: 56(0%), ATK IV: 3(0%), DEF IV: 14(0%), Work Speed: (0%), Skills: Coward, Sickly
Cattiva, Level: 7, Rank: 1, Gender: Female, HP IV: 25(0%), ATK IV: 85(0%), DEF IV: 2(0%), Work Speed: (0%), Skills: Coward, Motivational Leader
Cattiva, Level: 7, Rank: 1, Gender: Male, HP IV: 19(0%), ATK IV: 42(0%), DEF IV: 85(0%), Work Speed: (0%), Skills: Coward, Pyromaniac, Fit as a Fiddle
Chikipi, Level: 7, Rank: 1, Gender: Female, HP IV: 84(0%), ATK IV: 15(0%), DEF IV: 56(0%), Work Speed: (0%), Skills: Swift
Cremis, Level: 2, Rank: 1, Gender: Female, HP IV: 21(0%), ATK IV: 32(0%), DEF IV: 52(0%), Work Speed: (0%), Skills: Abnormal, Fine Furs
Cremis, Level: 3, Rank: 1, Gender: Male, HP IV: 73(0%), ATK IV: 54(0%), DEF IV: 3(0%), Work Speed: (0%), Skills: Nocturnal
Gumoss, Level: 4, Rank: 1, Gender: Female, HP IV: 25(0%), ATK IV: 61(0%), DEF IV: 80(0%), Work Speed: (0%), Skills: Hydromaniac
Lamball, Level: 6, Rank: 1, Gender: Male, HP IV: 15(0%), ATK IV: 12(0%), DEF IV: 20(0%), Work Speed: (0%), Skills: Destructive
Lamball, Level: 7, Rank: 1, Gender: Female, HP IV: 81(0%), ATK IV: 69(0%), DEF IV: 4(0%), Work Speed: (0%), Skills: Positive Thinker
Cherry's 10 Pals
----------------
Cattiva, Level: 1, Rank: 1, Gender: Female, HP IV: 80(0%), ATK IV: 91(0%), DEF IV: 48(0%), Work Speed: (0%), Skills: Coward, Fragrant Foliage
Cattiva, Level: 3, Rank: 1, Gender: Male, HP IV: 56(0%), ATK IV: 3(0%), DEF IV: 14(0%), Work Speed: (0%), Skills: Coward, Sickly
Cattiva, Level: 7, Rank: 1, Gender: Female, HP IV: 25(0%), ATK IV: 85(0%), DEF IV: 2(0%), Work Speed: (0%), Skills: Coward, Motivational Leader
Cattiva, Level: 7, Rank: 1, Gender: Male, HP IV: 19(0%), ATK IV: 42(0%), DEF IV: 85(0%), Work Speed: (0%), Skills: Coward, Pyromaniac, Fit as a Fiddle
Chikipi, Level: 7, Rank: 1, Gender: Female, HP IV: 84(0%), ATK IV: 15(0%), DEF IV: 56(0%), Work Speed: (0%), Skills: Swift
Cremis, Level: 2, Rank: 1, Gender: Female, HP IV: 21(0%), ATK IV: 32(0%), DEF IV: 52(0%), Work Speed: (0%), Skills: Abnormal, Fine Furs
Cremis, Level: 3, Rank: 1, Gender: Male, HP IV: 73(0%), ATK IV: 54(0%), DEF IV: 3(0%), Work Speed: (0%), Skills: Nocturnal
Gumoss, Level: 4, Rank: 1, Gender: Female, HP IV: 25(0%), ATK IV: 61(0%), DEF IV: 80(0%), Work Speed: (0%), Skills: Hydromaniac
Lamball, Level: 6, Rank: 1, Gender: Male, HP IV: 15(0%), ATK IV: 12(0%), DEF IV: 20(0%), Work Speed: (0%), Skills: Destructive
Lamball, Level: 7, Rank: 1, Gender: Female, HP IV: 81(0%), ATK IV: 69(0%), DEF IV: 4(0%), Work Speed: (0%), Skills: Positive Thinker
Cherry's 10 Pals
----------------
Cattiva, Level: 1, Rank: 1, Gender: Female, HP IV: 80(0%), ATK IV: 91(0%), DEF IV: 48(0%), Work Speed: (0%), Skills: Coward, Fragrant Foliage
Cattiva, Level: 3, Rank: 1, Gender: Male, HP IV: 56(0%), ATK IV: 3(0%), DEF IV: 14(0%), Work Speed: (0%), Skills: Coward, Sickly
Cattiva, Level: 7, Rank: 1, Gender: Female, HP IV: 25(0%), ATK IV: 85(0%), DEF IV: 2(0%), Work Speed: (0%), Skills: Coward, Motivational Leader
Cattiva, Level: 7, Rank: 1, Gender: Male, HP IV: 19(0%), ATK IV: 42(0%), DEF IV: 85(0%), Work Speed: (0%), Skills: Coward, Pyromaniac, Fit as a Fiddle
Chikipi, Level: 7, Rank: 1, Gender: Female, HP IV: 84(0%), ATK IV: 15(0%), DEF IV: 56(0%), Work Speed: (0%), Skills: Swift
Cremis, Level: 2, Rank: 1, Gender: Female, HP IV: 21(0%), ATK IV: 32(0%), DEF IV: 52(0%), Work Speed: (0%), Skills: Abnormal, Fine Furs
Cremis, Level: 3, Rank: 1, Gender: Male, HP IV: 73(0%), ATK IV: 54(0%), DEF IV: 3(0%), Work Speed: (0%), Skills: Nocturnal
Gumoss, Level: 4, Rank: 1, Gender: Female, HP IV: 25(0%), ATK IV: 61(0%), DEF IV: 80(0%), Work Speed: (0%), Skills: Hydromaniac
Lamball, Level: 6, Rank: 1, Gender: Male, HP IV: 15(0%), ATK IV: 12(0%), DEF IV: 20(0%), Work Speed: (0%), Skills: Destructive
Lamball, Level: 7, Rank: 1, Gender: Female, HP IV: 81(0%), ATK IV: 69(0%), DEF IV: 4(0%), Work Speed: (0%), Skills: Positive Thinker
Cherry's 10 Pals
----------------
Cattiva, Level: 1, Rank: 1, Gender: Female, HP IV: 80(0%), ATK IV: 91(0%), DEF IV: 48(0%), Work Speed: (0%), Skills: Coward, Fragrant Foliage
Cattiva, Level: 3, Rank: 1, Gender: Male, HP IV: 56(0%), ATK IV: 3(0%), DEF IV: 14(0%), Work Speed: (0%), Skills: Coward, Sickly
Cattiva, Level: 7, Rank: 1, Gender: Female, HP IV: 25(0%), ATK IV: 85(0%), DEF IV: 2(0%), Work Speed: (0%), Skills: Coward, Motivational Leader
Cattiva, Level: 7, Rank: 1, Gender: Male, HP IV: 19(0%), ATK IV: 42(0%), DEF IV: 85(0%), Work Speed: (0%), Skills: Coward, Pyromaniac, Fit as a Fiddle
Chikipi, Level: 7, Rank: 1, Gender: Female, HP IV: 84(0%), ATK IV: 15(0%), DEF IV: 56(0%), Work Speed: (0%), Skills: Swift
Cremis, Level: 2, Rank: 1, Gender: Female, HP IV: 21(0%), ATK IV: 32(0%), DEF IV: 52(0%), Work Speed: (0%), Skills: Abnormal, Fine Furs
Cremis, Level: 3, Rank: 1, Gender: Male, HP IV: 73(0%), ATK IV: 54(0%), DEF IV: 3(0%), Work Speed: (0%), Skills: Nocturnal
Gumoss, Level: 4, Rank: 1, Gender: Female, HP IV: 25(0%), ATK IV: 61(0%), DEF IV: 80(0%), Work Speed: (0%), Skills: Hydromaniac
Lamball, Level: 6, Rank: 1, Gender: Male, HP IV: 15(0%), ATK IV: 12(0%), DEF IV: 20(0%), Work Speed: (0%), Skills: Destructive
Lamball, Level: 7, Rank: 1, Gender: Female, HP IV: 81(0%), ATK IV: 69(0%), DEF IV: 4(0%), Work Speed: (0%), Skills: Positive Thinker
Cherry's 10 Pals
----------------
Cattiva, Level: 1, Rank: 1, Gender: Female, HP IV: 80(0%), ATK IV: 91(0%), DEF IV: 48(0%), Work Speed: (0%), Skills: Coward, Fragrant Foliage
Cattiva, Level: 3, Rank: 1, Gender: Male, HP IV: 56(0%), ATK IV: 3(0%), DEF IV: 14(0%), Work Speed: (0%), Skills: Coward, Sickly
Cattiva, Level: 7, Rank: 1, Gender: Female, HP IV: 25(0%), ATK IV: 85(0%), DEF IV: 2(0%), Work Speed: (0%), Skills: Coward, Motivational Leader
Cattiva, Level: 7, Rank: 1, Gender: Male, HP IV: 19(0%), ATK IV: 42(0%), DEF IV: 85(0%), Work Speed: (0%), Skills: Coward, Pyromaniac, Fit as a Fiddle
Chikipi, Level: 7, Rank: 1, Gender: Female, HP IV: 84(0%), ATK IV: 15(0%), DEF IV: 56(0%), Work Speed: (0%), Skills: Swift
Cremis, Level: 2, Rank: 1, Gender: Female, HP IV: 21(0%), ATK IV: 32(0%), DEF IV: 52(0%), Work Speed: (0%), Skills: Abnormal, Fine Furs
Cremis, Level: 3, Rank: 1, Gender: Male, HP IV: 73(0%), ATK IV: 54(0%), DEF IV: 3(0%), Work Speed: (0%), Skills: Nocturnal
Gumoss, Level: 4, Rank: 1, Gender: Female, HP IV: 25(0%), ATK IV: 61(0%), DEF IV: 80(0%), Work Speed: (0%), Skills: Hydromaniac
Lamball, Level: 6, Rank: 1, Gender: Male, HP IV: 15(0%), ATK IV: 12(0%), DEF IV: 20(0%), Work Speed: (0%), Skills: Destructive
Lamball, Level: 7, Rank: 1, Gender: Female, HP IV: 81(0%), ATK IV: 69(0%), DEF IV: 4(0%), Work Speed: (0%), Skills: Positive Thinker
Cherry's 10 Pals
----------------
Cattiva, Level: 1, Rank: 1, Gender: Female, HP IV: 80(0%), ATK IV: 91(0%), DEF IV: 48(0%), Work Speed: (0%), Skills: Coward, Fragrant Foliage
Cattiva, Level: 3, Rank: 1, Gender: Male, HP IV: 56(0%), ATK IV: 3(0%), DEF IV: 14(0%), Work Speed: (0%), Skills: Coward, Sickly
Cattiva, Level: 7, Rank: 1, Gender: Female, HP IV: 25(0%), ATK IV: 85(0%), DEF IV: 2(0%), Work Speed: (0%), Skills: Coward, Motivational Leader
Cattiva, Level: 7, Rank: 1, Gender: Male, HP IV: 19(0%), ATK IV: 42(0%), DEF IV: 85(0%), Work Speed: (0%), Skills: Coward, Pyromaniac, Fit as a Fiddle
Chikipi, Level: 7, Rank: 1, Gender: Female, HP IV: 84(0%), ATK IV: 15(0%), DEF IV: 56(0%), Work Speed: (0%), Skills: Swift
Cremis, Level: 2, Rank: 1, Gender: Female, HP IV: 21(0%), ATK IV: 32(0%), DEF IV: 52(0%), Work Speed: (0%), Skills: Abnormal, Fine Furs
Cremis, Level: 3, Rank: 1, Gender: Male, HP IV: 73(0%), ATK IV: 54(0%), DEF IV: 3(0%), Work Speed: (0%), Skills: Nocturnal
Gumoss, Level: 4, Rank: 1, Gender: Female, HP IV: 25(0%), ATK IV: 61(0%), DEF IV: 80(0%), Work Speed: (0%), Skills: Hydromaniac
Lamball, Level: 6, Rank: 1, Gender: Male, HP IV: 15(0%), ATK IV: 12(0%), DEF IV: 20(0%), Work Speed: (0%), Skills: Destructive
Lamball, Level: 7, Rank: 1, Gender: Female, HP IV: 81(0%), ATK IV: 69(0%), DEF IV: 4(0%), Work Speed: (0%), Skills: Positive Thinker
