Cheech8367's 49 Pals
--------------------
Alpha Chillet, Level: 11, Rank: 1, Gender: Female, HP IV: 56(0%), ATK IV: 82(0%), DEF IV: 66(0%), Work Speed: (0%), Skills: Suntan Lover
Alpha Chillet, Level: 11, Rank: 1, Gender: Male, HP IV: 60(0%), ATK IV: 67(0%), DEF IV: 97(0%), Work Speed: (0%), Skills: Stronghold Strategist
Alpha Cinnamoth, Level: 1, Rank: 1, Gender: Male, HP IV: 57(0%), ATK IV: 63(0%), DEF IV: 86(0%), Work Speed: (0%), Skills: Heated Body
Alpha Loupmoon, Level: 2, Rank: 1, Gender: Male, HP IV: 75(0%), ATK IV: 73(0%), DEF IV: 88(0%), Work Speed: (0%), Skills: Mercy hit
Alpha Mau cryst, Level: 1, Rank: 1, Gender: Male, HP IV: 66(0%), ATK IV: 55(0%), DEF IV: 100(0%), Work Speed: (0%), Skills: Logging Foreman
Arsox, Level: 15, Rank: 1, Gender: Male, HP IV: 58(0%), ATK IV: 27(0%), DEF IV: 42(0%), Work Speed: (0%), Skills: Dainty Eater
Bristla, Level: 4, Rank: 1, Gender: Female, HP IV: 54(0%), ATK IV: 54(0%), DEF IV: 19(0%), Work Speed: (0%), Skills: Pyromaniac
Caprity, Level: 11, Rank: 1, Gender: Male, HP IV: 23(0%), ATK IV: 34(0%), DEF IV: 22(0%), Work Speed: (0%), Skills: Insulated Body, Shabby
Cattiva, Level: 6, Rank: 1, Gender: Female, HP IV: 11(0%), ATK IV: 6(0%), DEF IV: 18(0%), Work Speed: (0%), Skills: Coward, Diet Lover
Celaray, Level: 14, Rank: 1, Gender: Male, HP IV: 80(0%), ATK IV: 29(0%), DEF IV: 42(0%), Work Speed: (0%), Skills: Slacker
Chillet, Level: 14, Rank: 1, Gender: Male, HP IV: 2(0%), ATK IV: 34(0%), DEF IV: 32(0%), Work Speed: (0%), Skills: Fine Furs
Cinnamoth, Level: 1, Rank: 1, Gender: Male, HP IV: 20(0%), ATK IV: 84(0%), DEF IV: 82(0%), Work Speed: (0%), Skills: Power of Gaia
Cryolinx, Level: 1, Rank: 1, Gender: Female, HP IV: 82(0%), ATK IV: 26(0%), DEF IV: 82(0%), Work Speed: (0%), Skills: Heated Body
Daedream, Level: 9, Rank: 1, Gender: Female, HP IV: 99(0%), ATK IV: 59(0%), DEF IV: 43(0%), Work Speed: (0%), Skills: Ferocious, Work Slave, Suntan Lover
Direhowl, Level: 6, Rank: 1, Gender: Male, HP IV: 1(0%), ATK IV: 12(0%), DEF IV: 94(0%), Work Speed: (0%), Skills: Unstable
Direhowl, Level: 7, Rank: 1, Gender: Male, HP IV: 4(0%), ATK IV: 89(0%), DEF IV: 49(0%), Work Speed: (0%), Skills: Bottomless Stomach
Dumud, Level: 1, Rank: 1, Gender: Male, HP IV: 84(0%), ATK IV: 46(0%), DEF IV: 57(0%), Work Speed: (0%), Skills: Power of Gaia
Dumud, Level: 20, Rank: 1, Gender: Female, HP IV: 26(0%), ATK IV: 28(0%), DEF IV: 30(0%), Work Speed: (0%), Skills: Cheery
Fenglope, Level: 35, Rank: 1, Gender: Female, HP IV: 71(0%), ATK IV: 69(0%), DEF IV: 70(0%), Work Speed: (0%), Skills: Abnormal
Foxparks, Level: 7, Rank: 1, Gender: Female, HP IV: 66(0%), ATK IV: 1(0%), DEF IV: 27(0%), Work Speed: (0%), Skills: Sickly
Foxparks, Level: 8, Rank: 1, Gender: Female, HP IV: 94(0%), ATK IV: 30(0%), DEF IV: 38(0%), Work Speed: (0%), Skills: Masochist
Galeclaw, Level: 7, Rank: 1, Gender: Female, HP IV: 16(0%), ATK IV: 72(0%), DEF IV: 31(0%), Work Speed: (0%), Skills: Cheery, Musclehead, Fragrant Foliage
Hangyu, Level: 1, Rank: 1, Gender: Female, HP IV: 97(0%), ATK IV: 50(0%), DEF IV: 26(0%), Work Speed: (0%), Skills: Sadist
Hoocrates, Level: 4, Rank: 1, Gender: Female, HP IV: 55(0%), ATK IV: 22(0%), DEF IV: 100(0%), Work Speed: (0%), Skills: Ferocious
Kelpsea Ignis, Level: 8, Rank: 1, Gender: Female, HP IV: 68(0%), ATK IV: 83(0%), DEF IV: 73(0%), Work Speed: (0%), Skills: Blood of the Dragon
Kelpsea Ignis, Level: 8, Rank: 1, Gender: Male, HP IV: 42(0%), ATK IV: 1(0%), DEF IV: 52(0%), Work Speed: (0%), Skills: Noble
Kitsun, Level: 11, Rank: 1, Gender: Male, HP IV: 73(0%), ATK IV: 75(0%), DEF IV: 7(0%), Work Speed: (0%), Skills: Unstable
Kitsun, Level: 5, Rank: 1, Gender: Male, HP IV: 59(0%), ATK IV: 85(0%), DEF IV: 58(0%), Work Speed: (0%)
Lamball, Level: 3, Rank: 1, Gender: Female, HP IV: 55(0%), ATK IV: 82(0%), DEF IV: 42(0%), Work Speed: (0%), Skills: Nimble
Lamball, Level: 4, Rank: 1, Gender: Female, HP IV: 70(0%), ATK IV: 3(0%), DEF IV: 46(0%), Work Speed: (0%), Skills: Waterproof
Lamball, Level: 4, Rank: 1, Gender: Male, HP IV: 21(0%), ATK IV: 63(0%), DEF IV: 87(0%), Work Speed: (0%), Skills: Positive Thinker
Lamball, Level: 4, Rank: 1, Gender: Male, HP IV: 53(0%), ATK IV: 16(0%), DEF IV: 26(0%), Work Speed: (0%), Skills: Glutton
Mau Cryst, Level: 1, Rank: 1, Gender: Female, HP IV: 65(0%), ATK IV: 29(0%), DEF IV: 38(0%), Work Speed: (0%), Skills: Fragrant Foliage
Mau Cryst, Level: 4, Rank: 1, Gender: Male, HP IV: 34(0%), ATK IV: 98(0%), DEF IV: 100(0%), Work Speed: (0%), Skills: Bottomless Stomach
Melpaca, Level: 10, Rank: 1, Gender: Male, HP IV: 27(0%), ATK IV: 44(0%), DEF IV: 38(0%), Work Speed: (0%)
Nitewing, Level: 6, Rank: 1, Gender: Female, HP IV: 66(0%), ATK IV: 53(0%), DEF IV: 71(0%), Work Speed: (0%), Skills: Fit as a Fiddle
Nox, Level: 1, Rank: 1, Gender: Male, HP IV: 86(0%), ATK IV: 64(0%), DEF IV: 57(0%), Work Speed: (0%), Skills: Stronghold Strategist
Pengullet, Level: 1, Rank: 1, Gender: Male, HP IV: 84(0%), ATK IV: 68(0%), DEF IV: 98(0%), Work Speed: (0%), Skills: Cheery
Pengullet, Level: 10, Rank: 1, Gender: Female, HP IV: 44(0%), ATK IV: 23(0%), DEF IV: 78(0%), Work Speed: (0%)
Pengullet, Level: 14, Rank: 1, Gender: Female, HP IV: 100(0%), ATK IV: 22(0%), DEF IV: 64(0%), Work Speed: (0%), Skills: Power of Gaia, Pacifist
Pengullet, Level: 4, Rank: 1, Gender: Male, HP IV: 37(0%), ATK IV: 94(0%), DEF IV: 8(0%), Work Speed: (0%), Skills: Zen Mind
Penking, Level: 1, Rank: 1, Gender: Male, HP IV: 13(0%), ATK IV: 89(0%), DEF IV: 0(0%), Work Speed: (0%), Skills: Slacker
Reindrix, Level: 1, Rank: 1, Gender: Male, HP IV: 77(0%), ATK IV: 95(0%), DEF IV: 9(0%), Work Speed: (0%), Skills: Logging Foreman
Rushoar, Level: 2, Rank: 1, Gender: Female, HP IV: 85(0%), ATK IV: 71(0%), DEF IV: 32(0%), Work Speed: (0%), Skills: Mine Foreman
Rushoar, Level: 2, Rank: 1, Gender: Male, HP IV: 54(0%), ATK IV: 72(0%), DEF IV: 59(0%), Work Speed: (0%), Skills: Glutton
Teafant, Level: 6, Rank: 1, Gender: Female, HP IV: 18(0%), ATK IV: 26(0%), DEF IV: 9(0%), Work Speed: (0%)
Tocotoco, Level: 11, Rank: 1, Gender: Male, HP IV: 43(0%), ATK IV: 63(15%), DEF IV: 33(0%), Work Speed: (0%), Skills: Shabby
Vanwyrm Cryst, Level: 12, Rank: 1, Gender: Female, HP IV: 18(0%), ATK IV: 3(0%), DEF IV: 51(0%), Work Speed: (0%), Skills: Sickly
Vanwyrm Cryst, Level: 8, Rank: 1, Gender: Male, HP IV: 10(0%), ATK IV: 69(0%), DEF IV: 13(0%), Work Speed: (0%), Skills: Insulated Body, Veil of Darkness
Cheech8367's 49 Pals
--------------------
Alpha Chillet, Level: 11, Rank: 1, Gender: Female, HP IV: 56(0%), ATK IV: 82(0%), DEF IV: 66(0%), Work Speed: (0%), Skills: Suntan Lover
Alpha Chillet, Level: 11, Rank: 1, Gender: Male, HP IV: 60(0%), ATK IV: 67(0%), DEF IV: 97(0%), Work Speed: (0%), Skills: Stronghold Strategist
Alpha Cinnamoth, Level: 1, Rank: 1, Gender: Male, HP IV: 57(0%), ATK IV: 63(0%), DEF IV: 86(0%), Work Speed: (0%), Skills: Heated Body
Alpha Loupmoon, Level: 2, Rank: 1, Gender: Male, HP IV: 75(0%), ATK IV: 73(0%), DEF IV: 88(0%), Work Speed: (0%), Skills: Mercy hit
Alpha Mau cryst, Level: 1, Rank: 1, Gender: Male, HP IV: 66(0%), ATK IV: 55(0%), DEF IV: 100(0%), Work Speed: (0%), Skills: Logging Foreman
Arsox, Level: 15, Rank: 1, Gender: Male, HP IV: 58(0%), ATK IV: 27(0%), DEF IV: 42(0%), Work Speed: (0%), Skills: Dainty Eater
Bristla, Level: 4, Rank: 1, Gender: Female, HP IV: 54(0%), ATK IV: 54(0%), DEF IV: 19(0%), Work Speed: (0%), Skills: Pyromaniac
Caprity, Level: 11, Rank: 1, Gender: Male, HP IV: 23(0%), ATK IV: 34(0%), DEF IV: 22(0%), Work Speed: (0%), Skills: Insulated Body, Shabby
Cattiva, Level: 6, Rank: 1, Gender: Female, HP IV: 11(0%), ATK IV: 6(0%), DEF IV: 18(0%), Work Speed: (0%), Skills: Coward, Diet Lover
Celaray, Level: 14, Rank: 1, Gender: Male, HP IV: 80(0%), ATK IV: 29(0%), DEF IV: 42(0%), Work Speed: (0%), Skills: Slacker
Chillet, Level: 14, Rank: 1, Gender: Male, HP IV: 2(0%), ATK IV: 34(0%), DEF IV: 32(0%), Work Speed: (0%), Skills: Fine Furs
Cinnamoth, Level: 1, Rank: 1, Gender: Male, HP IV: 20(0%), ATK IV: 84(0%), DEF IV: 82(0%), Work Speed: (0%), Skills: Power of Gaia
Cryolinx, Level: 1, Rank: 1, Gender: Female, HP IV: 82(0%), ATK IV: 26(0%), DEF IV: 82(0%), Work Speed: (0%), Skills: Heated Body
Daedream, Level: 9, Rank: 1, Gender: Female, HP IV: 99(0%), ATK IV: 59(0%), DEF IV: 43(0%), Work Speed: (0%), Skills: Ferocious, Work Slave, Suntan Lover
Direhowl, Level: 6, Rank: 1, Gender: Male, HP IV: 1(0%), ATK IV: 12(0%), DEF IV: 94(0%), Work Speed: (0%), Skills: Unstable
Direhowl, Level: 7, Rank: 1, Gender: Male, HP IV: 4(0%), ATK IV: 89(0%), DEF IV: 49(0%), Work Speed: (0%), Skills: Bottomless Stomach
Dumud, Level: 1, Rank: 1, Gender: Male, HP IV: 84(0%), ATK IV: 46(0%), DEF IV: 57(0%), Work Speed: (0%), Skills: Power of Gaia
Dumud, Level: 20, Rank: 1, Gender: Female, HP IV: 26(0%), ATK IV: 28(0%), DEF IV: 30(0%), Work Speed: (0%), Skills: Cheery
Fenglope, Level: 35, Rank: 1, Gender: Female, HP IV: 71(0%), ATK IV: 69(0%), DEF IV: 70(0%), Work Speed: (0%), Skills: Abnormal
Foxparks, Level: 7, Rank: 1, Gender: Female, HP IV: 66(0%), ATK IV: 1(0%), DEF IV: 27(0%), Work Speed: (0%), Skills: Sickly
Foxparks, Level: 8, Rank: 1, Gender: Female, HP IV: 94(0%), ATK IV: 30(0%), DEF IV: 38(0%), Work Speed: (0%), Skills: Masochist
Galeclaw, Level: 7, Rank: 1, Gender: Female, HP IV: 16(0%), ATK IV: 72(0%), DEF IV: 31(0%), Work Speed: (0%), Skills: Cheery, Musclehead, Fragrant Foliage
Hangyu, Level: 1, Rank: 1, Gender: Female, HP IV: 97(0%), ATK IV: 50(0%), DEF IV: 26(0%), Work Speed: (0%), Skills: Sadist
Hoocrates, Level: 4, Rank: 1, Gender: Female, HP IV: 55(0%), ATK IV: 22(0%), DEF IV: 100(0%), Work Speed: (0%), Skills: Ferocious
Kelpsea Ignis, Level: 8, Rank: 1, Gender: Female, HP IV: 68(0%), ATK IV: 83(0%), DEF IV: 73(0%), Work Speed: (0%), Skills: Blood of the Dragon
Kelpsea Ignis, Level: 8, Rank: 1, Gender: Male, HP IV: 42(0%), ATK IV: 1(0%), DEF IV: 52(0%), Work Speed: (0%), Skills: Noble
Kitsun, Level: 11, Rank: 1, Gender: Male, HP IV: 73(0%), ATK IV: 75(0%), DEF IV: 7(0%), Work Speed: (0%), Skills: Unstable
Kitsun, Level: 5, Rank: 1, Gender: Male, HP IV: 59(0%), ATK IV: 85(0%), DEF IV: 58(0%), Work Speed: (0%)
Lamball, Level: 3, Rank: 1, Gender: Female, HP IV: 55(0%), ATK IV: 82(0%), DEF IV: 42(0%), Work Speed: (0%), Skills: Nimble
Lamball, Level: 4, Rank: 1, Gender: Female, HP IV: 70(0%), ATK IV: 3(0%), DEF IV: 46(0%), Work Speed: (0%), Skills: Waterproof
Lamball, Level: 4, Rank: 1, Gender: Male, HP IV: 21(0%), ATK IV: 63(0%), DEF IV: 87(0%), Work Speed: (0%), Skills: Positive Thinker
Lamball, Level: 4, Rank: 1, Gender: Male, HP IV: 53(0%), ATK IV: 16(0%), DEF IV: 26(0%), Work Speed: (0%), Skills: Glutton
Mau Cryst, Level: 1, Rank: 1, Gender: Female, HP IV: 65(0%), ATK IV: 29(0%), DEF IV: 38(0%), Work Speed: (0%), Skills: Fragrant Foliage
Mau Cryst, Level: 4, Rank: 1, Gender: Male, HP IV: 34(0%), ATK IV: 98(0%), DEF IV: 100(0%), Work Speed: (0%), Skills: Bottomless Stomach
Melpaca, Level: 10, Rank: 1, Gender: Male, HP IV: 27(0%), ATK IV: 44(0%), DEF IV: 38(0%), Work Speed: (0%)
Nitewing, Level: 6, Rank: 1, Gender: Female, HP IV: 66(0%), ATK IV: 53(0%), DEF IV: 71(0%), Work Speed: (0%), Skills: Fit as a Fiddle
Nox, Level: 1, Rank: 1, Gender: Male, HP IV: 86(0%), ATK IV: 64(0%), DEF IV: 57(0%), Work Speed: (0%), Skills: Stronghold Strategist
Pengullet, Level: 1, Rank: 1, Gender: Male, HP IV: 84(0%), ATK IV: 68(0%), DEF IV: 98(0%), Work Speed: (0%), Skills: Cheery
Pengullet, Level: 10, Rank: 1, Gender: Female, HP IV: 44(0%), ATK IV: 23(0%), DEF IV: 78(0%), Work Speed: (0%)
Pengullet, Level: 14, Rank: 1, Gender: Female, HP IV: 100(0%), ATK IV: 22(0%), DEF IV: 64(0%), Work Speed: (0%), Skills: Power of Gaia, Pacifist
Pengullet, Level: 4, Rank: 1, Gender: Male, HP IV: 37(0%), ATK IV: 94(0%), DEF IV: 8(0%), Work Speed: (0%), Skills: Zen Mind
Penking, Level: 1, Rank: 1, Gender: Male, HP IV: 13(0%), ATK IV: 89(0%), DEF IV: 0(0%), Work Speed: (0%), Skills: Slacker
Reindrix, Level: 1, Rank: 1, Gender: Male, HP IV: 77(0%), ATK IV: 95(0%), DEF IV: 9(0%), Work Speed: (0%), Skills: Logging Foreman
Rushoar, Level: 2, Rank: 1, Gender: Female, HP IV: 85(0%), ATK IV: 71(0%), DEF IV: 32(0%), Work Speed: (0%), Skills: Mine Foreman
Rushoar, Level: 2, Rank: 1, Gender: Male, HP IV: 54(0%), ATK IV: 72(0%), DEF IV: 59(0%), Work Speed: (0%), Skills: Glutton
Teafant, Level: 6, Rank: 1, Gender: Female, HP IV: 18(0%), ATK IV: 26(0%), DEF IV: 9(0%), Work Speed: (0%)
Tocotoco, Level: 11, Rank: 1, Gender: Male, HP IV: 43(0%), ATK IV: 63(15%), DEF IV: 33(0%), Work Speed: (0%), Skills: Shabby
Vanwyrm Cryst, Level: 12, Rank: 1, Gender: Female, HP IV: 18(0%), ATK IV: 3(0%), DEF IV: 51(0%), Work Speed: (0%), Skills: Sickly
Vanwyrm Cryst, Level: 8, Rank: 1, Gender: Male, HP IV: 10(0%), ATK IV: 69(0%), DEF IV: 13(0%), Work Speed: (0%), Skills: Insulated Body, Veil of Darkness
Cheech8367's 49 Pals
--------------------
Alpha Chillet, Level: 11, Rank: 1, Gender: Female, HP IV: 56(0%), ATK IV: 82(0%), DEF IV: 66(0%), Work Speed: (0%), Skills: Suntan Lover
Alpha Chillet, Level: 11, Rank: 1, Gender: Male, HP IV: 60(0%), ATK IV: 67(0%), DEF IV: 97(0%), Work Speed: (0%), Skills: Stronghold Strategist
Alpha Cinnamoth, Level: 1, Rank: 1, Gender: Male, HP IV: 57(0%), ATK IV: 63(0%), DEF IV: 86(0%), Work Speed: (0%), Skills: Heated Body
Alpha Loupmoon, Level: 2, Rank: 1, Gender: Male, HP IV: 75(0%), ATK IV: 73(0%), DEF IV: 88(0%), Work Speed: (0%), Skills: Mercy hit
Alpha Mau cryst, Level: 1, Rank: 1, Gender: Male, HP IV: 66(0%), ATK IV: 55(0%), DEF IV: 100(0%), Work Speed: (0%), Skills: Logging Foreman
Arsox, Level: 15, Rank: 1, Gender: Male, HP IV: 58(0%), ATK IV: 27(0%), DEF IV: 42(0%), Work Speed: (0%), Skills: Dainty Eater
Bristla, Level: 4, Rank: 1, Gender: Female, HP IV: 54(0%), ATK IV: 54(0%), DEF IV: 19(0%), Work Speed: (0%), Skills: Pyromaniac
Caprity, Level: 11, Rank: 1, Gender: Male, HP IV: 23(0%), ATK IV: 34(0%), DEF IV: 22(0%), Work Speed: (0%), Skills: Insulated Body, Shabby
Cattiva, Level: 6, Rank: 1, Gender: Female, HP IV: 11(0%), ATK IV: 6(0%), DEF IV: 18(0%), Work Speed: (0%), Skills: Coward, Diet Lover
Celaray, Level: 14, Rank: 1, Gender: Male, HP IV: 80(0%), ATK IV: 29(0%), DEF IV: 42(0%), Work Speed: (0%), Skills: Slacker
Chillet, Level: 14, Rank: 1, Gender: Male, HP IV: 2(0%), ATK IV: 34(0%), DEF IV: 32(0%), Work Speed: (0%), Skills: Fine Furs
Cinnamoth, Level: 1, Rank: 1, Gender: Male, HP IV: 20(0%), ATK IV: 84(0%), DEF IV: 82(0%), Work Speed: (0%), Skills: Power of Gaia
Cryolinx, Level: 1, Rank: 1, Gender: Female, HP IV: 82(0%), ATK IV: 26(0%), DEF IV: 82(0%), Work Speed: (0%), Skills: Heated Body
Daedream, Level: 9, Rank: 1, Gender: Female, HP IV: 99(0%), ATK IV: 59(0%), DEF IV: 43(0%), Work Speed: (0%), Skills: Ferocious, Work Slave, Suntan Lover
Direhowl, Level: 6, Rank: 1, Gender: Male, HP IV: 1(0%), ATK IV: 12(0%), DEF IV: 94(0%), Work Speed: (0%), Skills: Unstable
Direhowl, Level: 7, Rank: 1, Gender: Male, HP IV: 4(0%), ATK IV: 89(0%), DEF IV: 49(0%), Work Speed: (0%), Skills: Bottomless Stomach
Dumud, Level: 1, Rank: 1, Gender: Male, HP IV: 84(0%), ATK IV: 46(0%), DEF IV: 57(0%), Work Speed: (0%), Skills: Power of Gaia
Dumud, Level: 20, Rank: 1, Gender: Female, HP IV: 26(0%), ATK IV: 28(0%), DEF IV: 30(0%), Work Speed: (0%), Skills: Cheery
Fenglope, Level: 35, Rank: 1, Gender: Female, HP IV: 71(0%), ATK IV: 69(0%), DEF IV: 70(0%), Work Speed: (0%), Skills: Abnormal
Foxparks, Level: 7, Rank: 1, Gender: Female, HP IV: 66(0%), ATK IV: 1(0%), DEF IV: 27(0%), Work Speed: (0%), Skills: Sickly
Foxparks, Level: 8, Rank: 1, Gender: Female, HP IV: 94(0%), ATK IV: 30(0%), DEF IV: 38(0%), Work Speed: (0%), Skills: Masochist
Galeclaw, Level: 7, Rank: 1, Gender: Female, HP IV: 16(0%), ATK IV: 72(0%), DEF IV: 31(0%), Work Speed: (0%), Skills: Cheery, Musclehead, Fragrant Foliage
Hangyu, Level: 1, Rank: 1, Gender: Female, HP IV: 97(0%), ATK IV: 50(0%), DEF IV: 26(0%), Work Speed: (0%), Skills: Sadist
Hoocrates, Level: 4, Rank: 1, Gender: Female, HP IV: 55(0%), ATK IV: 22(0%), DEF IV: 100(0%), Work Speed: (0%), Skills: Ferocious
Kelpsea Ignis, Level: 8, Rank: 1, Gender: Female, HP IV: 68(0%), ATK IV: 83(0%), DEF IV: 73(0%), Work Speed: (0%), Skills: Blood of the Dragon
Kelpsea Ignis, Level: 8, Rank: 1, Gender: Male, HP IV: 42(0%), ATK IV: 1(0%), DEF IV: 52(0%), Work Speed: (0%), Skills: Noble
Kitsun, Level: 11, Rank: 1, Gender: Male, HP IV: 73(0%), ATK IV: 75(0%), DEF IV: 7(0%), Work Speed: (0%), Skills: Unstable
Kitsun, Level: 5, Rank: 1, Gender: Male, HP IV: 59(0%), ATK IV: 85(0%), DEF IV: 58(0%), Work Speed: (0%)
Lamball, Level: 3, Rank: 1, Gender: Female, HP IV: 55(0%), ATK IV: 82(0%), DEF IV: 42(0%), Work Speed: (0%), Skills: Nimble
Lamball, Level: 4, Rank: 1, Gender: Female, HP IV: 70(0%), ATK IV: 3(0%), DEF IV: 46(0%), Work Speed: (0%), Skills: Waterproof
Lamball, Level: 4, Rank: 1, Gender: Male, HP IV: 21(0%), ATK IV: 63(0%), DEF IV: 87(0%), Work Speed: (0%), Skills: Positive Thinker
Lamball, Level: 4, Rank: 1, Gender: Male, HP IV: 53(0%), ATK IV: 16(0%), DEF IV: 26(0%), Work Speed: (0%), Skills: Glutton
Mau Cryst, Level: 1, Rank: 1, Gender: Female, HP IV: 65(0%), ATK IV: 29(0%), DEF IV: 38(0%), Work Speed: (0%), Skills: Fragrant Foliage
Mau Cryst, Level: 4, Rank: 1, Gender: Male, HP IV: 34(0%), ATK IV: 98(0%), DEF IV: 100(0%), Work Speed: (0%), Skills: Bottomless Stomach
Melpaca, Level: 10, Rank: 1, Gender: Male, HP IV: 27(0%), ATK IV: 44(0%), DEF IV: 38(0%), Work Speed: (0%)
Nitewing, Level: 6, Rank: 1, Gender: Female, HP IV: 66(0%), ATK IV: 53(0%), DEF IV: 71(0%), Work Speed: (0%), Skills: Fit as a Fiddle
Nox, Level: 1, Rank: 1, Gender: Male, HP IV: 86(0%), ATK IV: 64(0%), DEF IV: 57(0%), Work Speed: (0%), Skills: Stronghold Strategist
Pengullet, Level: 1, Rank: 1, Gender: Male, HP IV: 84(0%), ATK IV: 68(0%), DEF IV: 98(0%), Work Speed: (0%), Skills: Cheery
Pengullet, Level: 10, Rank: 1, Gender: Female, HP IV: 44(0%), ATK IV: 23(0%), DEF IV: 78(0%), Work Speed: (0%)
Pengullet, Level: 14, Rank: 1, Gender: Female, HP IV: 100(0%), ATK IV: 22(0%), DEF IV: 64(0%), Work Speed: (0%), Skills: Power of Gaia, Pacifist
Pengullet, Level: 4, Rank: 1, Gender: Male, HP IV: 37(0%), ATK IV: 94(0%), DEF IV: 8(0%), Work Speed: (0%), Skills: Zen Mind
Penking, Level: 1, Rank: 1, Gender: Male, HP IV: 13(0%), ATK IV: 89(0%), DEF IV: 0(0%), Work Speed: (0%), Skills: Slacker
Reindrix, Level: 1, Rank: 1, Gender: Male, HP IV: 77(0%), ATK IV: 95(0%), DEF IV: 9(0%), Work Speed: (0%), Skills: Logging Foreman
Rushoar, Level: 2, Rank: 1, Gender: Female, HP IV: 85(0%), ATK IV: 71(0%), DEF IV: 32(0%), Work Speed: (0%), Skills: Mine Foreman
Rushoar, Level: 2, Rank: 1, Gender: Male, HP IV: 54(0%), ATK IV: 72(0%), DEF IV: 59(0%), Work Speed: (0%), Skills: Glutton
Teafant, Level: 6, Rank: 1, Gender: Female, HP IV: 18(0%), ATK IV: 26(0%), DEF IV: 9(0%), Work Speed: (0%)
Tocotoco, Level: 11, Rank: 1, Gender: Male, HP IV: 43(0%), ATK IV: 63(15%), DEF IV: 33(0%), Work Speed: (0%), Skills: Shabby
Vanwyrm Cryst, Level: 12, Rank: 1, Gender: Female, HP IV: 18(0%), ATK IV: 3(0%), DEF IV: 51(0%), Work Speed: (0%), Skills: Sickly
Vanwyrm Cryst, Level: 8, Rank: 1, Gender: Male, HP IV: 10(0%), ATK IV: 69(0%), DEF IV: 13(0%), Work Speed: (0%), Skills: Insulated Body, Veil of Darkness
Cheech8367's 49 Pals
--------------------
Alpha Chillet, Level: 11, Rank: 1, Gender: Female, HP IV: 56(0%), ATK IV: 82(0%), DEF IV: 66(0%), Work Speed: (0%), Skills: Suntan Lover
Alpha Chillet, Level: 11, Rank: 1, Gender: Male, HP IV: 60(0%), ATK IV: 67(0%), DEF IV: 97(0%), Work Speed: (0%), Skills: Stronghold Strategist
Alpha Cinnamoth, Level: 1, Rank: 1, Gender: Male, HP IV: 57(0%), ATK IV: 63(0%), DEF IV: 86(0%), Work Speed: (0%), Skills: Heated Body
Alpha Loupmoon, Level: 2, Rank: 1, Gender: Male, HP IV: 75(0%), ATK IV: 73(0%), DEF IV: 88(0%), Work Speed: (0%), Skills: Mercy hit
Alpha Mau cryst, Level: 1, Rank: 1, Gender: Male, HP IV: 66(0%), ATK IV: 55(0%), DEF IV: 100(0%), Work Speed: (0%), Skills: Logging Foreman
Arsox, Level: 15, Rank: 1, Gender: Male, HP IV: 58(0%), ATK IV: 27(0%), DEF IV: 42(0%), Work Speed: (0%), Skills: Dainty Eater
Bristla, Level: 4, Rank: 1, Gender: Female, HP IV: 54(0%), ATK IV: 54(0%), DEF IV: 19(0%), Work Speed: (0%), Skills: Pyromaniac
Caprity, Level: 11, Rank: 1, Gender: Male, HP IV: 23(0%), ATK IV: 34(0%), DEF IV: 22(0%), Work Speed: (0%), Skills: Insulated Body, Shabby
Cattiva, Level: 6, Rank: 1, Gender: Female, HP IV: 11(0%), ATK IV: 6(0%), DEF IV: 18(0%), Work Speed: (0%), Skills: Coward, Diet Lover
Celaray, Level: 14, Rank: 1, Gender: Male, HP IV: 80(0%), ATK IV: 29(0%), DEF IV: 42(0%), Work Speed: (0%), Skills: Slacker
Chillet, Level: 14, Rank: 1, Gender: Male, HP IV: 2(0%), ATK IV: 34(0%), DEF IV: 32(0%), Work Speed: (0%), Skills: Fine Furs
Cinnamoth, Level: 1, Rank: 1, Gender: Male, HP IV: 20(0%), ATK IV: 84(0%), DEF IV: 82(0%), Work Speed: (0%), Skills: Power of Gaia
Cryolinx, Level: 1, Rank: 1, Gender: Female, HP IV: 82(0%), ATK IV: 26(0%), DEF IV: 82(0%), Work Speed: (0%), Skills: Heated Body
Daedream, Level: 9, Rank: 1, Gender: Female, HP IV: 99(0%), ATK IV: 59(0%), DEF IV: 43(0%), Work Speed: (0%), Skills: Ferocious, Work Slave, Suntan Lover
Direhowl, Level: 6, Rank: 1, Gender: Male, HP IV: 1(0%), ATK IV: 12(0%), DEF IV: 94(0%), Work Speed: (0%), Skills: Unstable
Direhowl, Level: 7, Rank: 1, Gender: Male, HP IV: 4(0%), ATK IV: 89(0%), DEF IV: 49(0%), Work Speed: (0%), Skills: Bottomless Stomach
Dumud, Level: 1, Rank: 1, Gender: Male, HP IV: 84(0%), ATK IV: 46(0%), DEF IV: 57(0%), Work Speed: (0%), Skills: Power of Gaia
Dumud, Level: 20, Rank: 1, Gender: Female, HP IV: 26(0%), ATK IV: 28(0%), DEF IV: 30(0%), Work Speed: (0%), Skills: Cheery
Fenglope, Level: 35, Rank: 1, Gender: Female, HP IV: 71(0%), ATK IV: 69(0%), DEF IV: 70(0%), Work Speed: (0%), Skills: Abnormal
Foxparks, Level: 7, Rank: 1, Gender: Female, HP IV: 66(0%), ATK IV: 1(0%), DEF IV: 27(0%), Work Speed: (0%), Skills: Sickly
Foxparks, Level: 8, Rank: 1, Gender: Female, HP IV: 94(0%), ATK IV: 30(0%), DEF IV: 38(0%), Work Speed: (0%), Skills: Masochist
Galeclaw, Level: 7, Rank: 1, Gender: Female, HP IV: 16(0%), ATK IV: 72(0%), DEF IV: 31(0%), Work Speed: (0%), Skills: Cheery, Musclehead, Fragrant Foliage
Hangyu, Level: 1, Rank: 1, Gender: Female, HP IV: 97(0%), ATK IV: 50(0%), DEF IV: 26(0%), Work Speed: (0%), Skills: Sadist
Hoocrates, Level: 4, Rank: 1, Gender: Female, HP IV: 55(0%), ATK IV: 22(0%), DEF IV: 100(0%), Work Speed: (0%), Skills: Ferocious
Kelpsea Ignis, Level: 8, Rank: 1, Gender: Female, HP IV: 68(0%), ATK IV: 83(0%), DEF IV: 73(0%), Work Speed: (0%), Skills: Blood of the Dragon
Kelpsea Ignis, Level: 8, Rank: 1, Gender: Male, HP IV: 42(0%), ATK IV: 1(0%), DEF IV: 52(0%), Work Speed: (0%), Skills: Noble
Kitsun, Level: 11, Rank: 1, Gender: Male, HP IV: 73(0%), ATK IV: 75(0%), DEF IV: 7(0%), Work Speed: (0%), Skills: Unstable
Kitsun, Level: 5, Rank: 1, Gender: Male, HP IV: 59(0%), ATK IV: 85(0%), DEF IV: 58(0%), Work Speed: (0%)
Lamball, Level: 3, Rank: 1, Gender: Female, HP IV: 55(0%), ATK IV: 82(0%), DEF IV: 42(0%), Work Speed: (0%), Skills: Nimble
Lamball, Level: 4, Rank: 1, Gender: Female, HP IV: 70(0%), ATK IV: 3(0%), DEF IV: 46(0%), Work Speed: (0%), Skills: Waterproof
Lamball, Level: 4, Rank: 1, Gender: Male, HP IV: 21(0%), ATK IV: 63(0%), DEF IV: 87(0%), Work Speed: (0%), Skills: Positive Thinker
Lamball, Level: 4, Rank: 1, Gender: Male, HP IV: 53(0%), ATK IV: 16(0%), DEF IV: 26(0%), Work Speed: (0%), Skills: Glutton
Mau Cryst, Level: 1, Rank: 1, Gender: Female, HP IV: 65(0%), ATK IV: 29(0%), DEF IV: 38(0%), Work Speed: (0%), Skills: Fragrant Foliage
Mau Cryst, Level: 4, Rank: 1, Gender: Male, HP IV: 34(0%), ATK IV: 98(0%), DEF IV: 100(0%), Work Speed: (0%), Skills: Bottomless Stomach
Melpaca, Level: 10, Rank: 1, Gender: Male, HP IV: 27(0%), ATK IV: 44(0%), DEF IV: 38(0%), Work Speed: (0%)
Nitewing, Level: 6, Rank: 1, Gender: Female, HP IV: 66(0%), ATK IV: 53(0%), DEF IV: 71(0%), Work Speed: (0%), Skills: Fit as a Fiddle
Nox, Level: 1, Rank: 1, Gender: Male, HP IV: 86(0%), ATK IV: 64(0%), DEF IV: 57(0%), Work Speed: (0%), Skills: Stronghold Strategist
Pengullet, Level: 1, Rank: 1, Gender: Male, HP IV: 84(0%), ATK IV: 68(0%), DEF IV: 98(0%), Work Speed: (0%), Skills: Cheery
Pengullet, Level: 10, Rank: 1, Gender: Female, HP IV: 44(0%), ATK IV: 23(0%), DEF IV: 78(0%), Work Speed: (0%)
Pengullet, Level: 14, Rank: 1, Gender: Female, HP IV: 100(0%), ATK IV: 22(0%), DEF IV: 64(0%), Work Speed: (0%), Skills: Power of Gaia, Pacifist
Pengullet, Level: 4, Rank: 1, Gender: Male, HP IV: 37(0%), ATK IV: 94(0%), DEF IV: 8(0%), Work Speed: (0%), Skills: Zen Mind
Penking, Level: 1, Rank: 1, Gender: Male, HP IV: 13(0%), ATK IV: 89(0%), DEF IV: 0(0%), Work Speed: (0%), Skills: Slacker
Reindrix, Level: 1, Rank: 1, Gender: Male, HP IV: 77(0%), ATK IV: 95(0%), DEF IV: 9(0%), Work Speed: (0%), Skills: Logging Foreman
Rushoar, Level: 2, Rank: 1, Gender: Female, HP IV: 85(0%), ATK IV: 71(0%), DEF IV: 32(0%), Work Speed: (0%), Skills: Mine Foreman
Rushoar, Level: 2, Rank: 1, Gender: Male, HP IV: 54(0%), ATK IV: 72(0%), DEF IV: 59(0%), Work Speed: (0%), Skills: Glutton
Teafant, Level: 6, Rank: 1, Gender: Female, HP IV: 18(0%), ATK IV: 26(0%), DEF IV: 9(0%), Work Speed: (0%)
Tocotoco, Level: 11, Rank: 1, Gender: Male, HP IV: 43(0%), ATK IV: 63(15%), DEF IV: 33(0%), Work Speed: (0%), Skills: Shabby
Vanwyrm Cryst, Level: 12, Rank: 1, Gender: Female, HP IV: 18(0%), ATK IV: 3(0%), DEF IV: 51(0%), Work Speed: (0%), Skills: Sickly
Vanwyrm Cryst, Level: 8, Rank: 1, Gender: Male, HP IV: 10(0%), ATK IV: 69(0%), DEF IV: 13(0%), Work Speed: (0%), Skills: Insulated Body, Veil of Darkness
Cheech8367's 49 Pals
--------------------
Alpha Chillet, Level: 11, Rank: 1, Gender: Female, HP IV: 56(0%), ATK IV: 82(0%), DEF IV: 66(0%), Work Speed: (0%), Skills: Suntan Lover
Alpha Chillet, Level: 11, Rank: 1, Gender: Male, HP IV: 60(0%), ATK IV: 67(0%), DEF IV: 97(0%), Work Speed: (0%), Skills: Stronghold Strategist
Alpha Cinnamoth, Level: 1, Rank: 1, Gender: Male, HP IV: 57(0%), ATK IV: 63(0%), DEF IV: 86(0%), Work Speed: (0%), Skills: Heated Body
Alpha Loupmoon, Level: 2, Rank: 1, Gender: Male, HP IV: 75(0%), ATK IV: 73(0%), DEF IV: 88(0%), Work Speed: (0%), Skills: Mercy hit
Alpha Mau cryst, Level: 1, Rank: 1, Gender: Male, HP IV: 66(0%), ATK IV: 55(0%), DEF IV: 100(0%), Work Speed: (0%), Skills: Logging Foreman
Arsox, Level: 15, Rank: 1, Gender: Male, HP IV: 58(0%), ATK IV: 27(0%), DEF IV: 42(0%), Work Speed: (0%), Skills: Dainty Eater
Bristla, Level: 4, Rank: 1, Gender: Female, HP IV: 54(0%), ATK IV: 54(0%), DEF IV: 19(0%), Work Speed: (0%), Skills: Pyromaniac
Caprity, Level: 11, Rank: 1, Gender: Male, HP IV: 23(0%), ATK IV: 34(0%), DEF IV: 22(0%), Work Speed: (0%), Skills: Insulated Body, Shabby
Cattiva, Level: 6, Rank: 1, Gender: Female, HP IV: 11(0%), ATK IV: 6(0%), DEF IV: 18(0%), Work Speed: (0%), Skills: Coward, Diet Lover
Celaray, Level: 14, Rank: 1, Gender: Male, HP IV: 80(0%), ATK IV: 29(0%), DEF IV: 42(0%), Work Speed: (0%), Skills: Slacker
Chillet, Level: 14, Rank: 1, Gender: Male, HP IV: 2(0%), ATK IV: 34(0%), DEF IV: 32(0%), Work Speed: (0%), Skills: Fine Furs
Cinnamoth, Level: 1, Rank: 1, Gender: Male, HP IV: 20(0%), ATK IV: 84(0%), DEF IV: 82(0%), Work Speed: (0%), Skills: Power of Gaia
Cryolinx, Level: 1, Rank: 1, Gender: Female, HP IV: 82(0%), ATK IV: 26(0%), DEF IV: 82(0%), Work Speed: (0%), Skills: Heated Body
Daedream, Level: 9, Rank: 1, Gender: Female, HP IV: 99(0%), ATK IV: 59(0%), DEF IV: 43(0%), Work Speed: (0%), Skills: Ferocious, Work Slave, Suntan Lover
Direhowl, Level: 6, Rank: 1, Gender: Male, HP IV: 1(0%), ATK IV: 12(0%), DEF IV: 94(0%), Work Speed: (0%), Skills: Unstable
Direhowl, Level: 7, Rank: 1, Gender: Male, HP IV: 4(0%), ATK IV: 89(0%), DEF IV: 49(0%), Work Speed: (0%), Skills: Bottomless Stomach
Dumud, Level: 1, Rank: 1, Gender: Male, HP IV: 84(0%), ATK IV: 46(0%), DEF IV: 57(0%), Work Speed: (0%), Skills: Power of Gaia
Dumud, Level: 20, Rank: 1, Gender: Female, HP IV: 26(0%), ATK IV: 28(0%), DEF IV: 30(0%), Work Speed: (0%), Skills: Cheery
Fenglope, Level: 35, Rank: 1, Gender: Female, HP IV: 71(0%), ATK IV: 69(0%), DEF IV: 70(0%), Work Speed: (0%), Skills: Abnormal
Foxparks, Level: 7, Rank: 1, Gender: Female, HP IV: 66(0%), ATK IV: 1(0%), DEF IV: 27(0%), Work Speed: (0%), Skills: Sickly
Foxparks, Level: 8, Rank: 1, Gender: Female, HP IV: 94(0%), ATK IV: 30(0%), DEF IV: 38(0%), Work Speed: (0%), Skills: Masochist
Galeclaw, Level: 7, Rank: 1, Gender: Female, HP IV: 16(0%), ATK IV: 72(0%), DEF IV: 31(0%), Work Speed: (0%), Skills: Cheery, Musclehead, Fragrant Foliage
Hangyu, Level: 1, Rank: 1, Gender: Female, HP IV: 97(0%), ATK IV: 50(0%), DEF IV: 26(0%), Work Speed: (0%), Skills: Sadist
Hoocrates, Level: 4, Rank: 1, Gender: Female, HP IV: 55(0%), ATK IV: 22(0%), DEF IV: 100(0%), Work Speed: (0%), Skills: Ferocious
Kelpsea Ignis, Level: 8, Rank: 1, Gender: Female, HP IV: 68(0%), ATK IV: 83(0%), DEF IV: 73(0%), Work Speed: (0%), Skills: Blood of the Dragon
Kelpsea Ignis, Level: 8, Rank: 1, Gender: Male, HP IV: 42(0%), ATK IV: 1(0%), DEF IV: 52(0%), Work Speed: (0%), Skills: Noble
Kitsun, Level: 11, Rank: 1, Gender: Male, HP IV: 73(0%), ATK IV: 75(0%), DEF IV: 7(0%), Work Speed: (0%), Skills: Unstable
Kitsun, Level: 5, Rank: 1, Gender: Male, HP IV: 59(0%), ATK IV: 85(0%), DEF IV: 58(0%), Work Speed: (0%)
Lamball, Level: 3, Rank: 1, Gender: Female, HP IV: 55(0%), ATK IV: 82(0%), DEF IV: 42(0%), Work Speed: (0%), Skills: Nimble
Lamball, Level: 4, Rank: 1, Gender: Female, HP IV: 70(0%), ATK IV: 3(0%), DEF IV: 46(0%), Work Speed: (0%), Skills: Waterproof
Lamball, Level: 4, Rank: 1, Gender: Male, HP IV: 21(0%), ATK IV: 63(0%), DEF IV: 87(0%), Work Speed: (0%), Skills: Positive Thinker
Lamball, Level: 4, Rank: 1, Gender: Male, HP IV: 53(0%), ATK IV: 16(0%), DEF IV: 26(0%), Work Speed: (0%), Skills: Glutton
Mau Cryst, Level: 1, Rank: 1, Gender: Female, HP IV: 65(0%), ATK IV: 29(0%), DEF IV: 38(0%), Work Speed: (0%), Skills: Fragrant Foliage
Mau Cryst, Level: 4, Rank: 1, Gender: Male, HP IV: 34(0%), ATK IV: 98(0%), DEF IV: 100(0%), Work Speed: (0%), Skills: Bottomless Stomach
Melpaca, Level: 10, Rank: 1, Gender: Male, HP IV: 27(0%), ATK IV: 44(0%), DEF IV: 38(0%), Work Speed: (0%)
Nitewing, Level: 6, Rank: 1, Gender: Female, HP IV: 66(0%), ATK IV: 53(0%), DEF IV: 71(0%), Work Speed: (0%), Skills: Fit as a Fiddle
Nox, Level: 1, Rank: 1, Gender: Male, HP IV: 86(0%), ATK IV: 64(0%), DEF IV: 57(0%), Work Speed: (0%), Skills: Stronghold Strategist
Pengullet, Level: 1, Rank: 1, Gender: Male, HP IV: 84(0%), ATK IV: 68(0%), DEF IV: 98(0%), Work Speed: (0%), Skills: Cheery
Pengullet, Level: 10, Rank: 1, Gender: Female, HP IV: 44(0%), ATK IV: 23(0%), DEF IV: 78(0%), Work Speed: (0%)
Pengullet, Level: 14, Rank: 1, Gender: Female, HP IV: 100(0%), ATK IV: 22(0%), DEF IV: 64(0%), Work Speed: (0%), Skills: Power of Gaia, Pacifist
Pengullet, Level: 4, Rank: 1, Gender: Male, HP IV: 37(0%), ATK IV: 94(0%), DEF IV: 8(0%), Work Speed: (0%), Skills: Zen Mind
Penking, Level: 1, Rank: 1, Gender: Male, HP IV: 13(0%), ATK IV: 89(0%), DEF IV: 0(0%), Work Speed: (0%), Skills: Slacker
Reindrix, Level: 1, Rank: 1, Gender: Male, HP IV: 77(0%), ATK IV: 95(0%), DEF IV: 9(0%), Work Speed: (0%), Skills: Logging Foreman
Rushoar, Level: 2, Rank: 1, Gender: Female, HP IV: 85(0%), ATK IV: 71(0%), DEF IV: 32(0%), Work Speed: (0%), Skills: Mine Foreman
Rushoar, Level: 2, Rank: 1, Gender: Male, HP IV: 54(0%), ATK IV: 72(0%), DEF IV: 59(0%), Work Speed: (0%), Skills: Glutton
Teafant, Level: 6, Rank: 1, Gender: Female, HP IV: 18(0%), ATK IV: 26(0%), DEF IV: 9(0%), Work Speed: (0%)
Tocotoco, Level: 11, Rank: 1, Gender: Male, HP IV: 43(0%), ATK IV: 63(15%), DEF IV: 33(0%), Work Speed: (0%), Skills: Shabby
Vanwyrm Cryst, Level: 12, Rank: 1, Gender: Female, HP IV: 18(0%), ATK IV: 3(0%), DEF IV: 51(0%), Work Speed: (0%), Skills: Sickly
Vanwyrm Cryst, Level: 8, Rank: 1, Gender: Male, HP IV: 10(0%), ATK IV: 69(0%), DEF IV: 13(0%), Work Speed: (0%), Skills: Insulated Body, Veil of Darkness
Cheech8367's 49 Pals
--------------------
Alpha Chillet, Level: 11, Rank: 1, Gender: Female, HP IV: 56(0%), ATK IV: 82(0%), DEF IV: 66(0%), Work Speed: (0%), Skills: Suntan Lover
Alpha Chillet, Level: 11, Rank: 1, Gender: Male, HP IV: 60(0%), ATK IV: 67(0%), DEF IV: 97(0%), Work Speed: (0%), Skills: Stronghold Strategist
Alpha Cinnamoth, Level: 1, Rank: 1, Gender: Male, HP IV: 57(0%), ATK IV: 63(0%), DEF IV: 86(0%), Work Speed: (0%), Skills: Heated Body
Alpha Loupmoon, Level: 2, Rank: 1, Gender: Male, HP IV: 75(0%), ATK IV: 73(0%), DEF IV: 88(0%), Work Speed: (0%), Skills: Mercy hit
Alpha Mau cryst, Level: 1, Rank: 1, Gender: Male, HP IV: 66(0%), ATK IV: 55(0%), DEF IV: 100(0%), Work Speed: (0%), Skills: Logging Foreman
Arsox, Level: 15, Rank: 1, Gender: Male, HP IV: 58(0%), ATK IV: 27(0%), DEF IV: 42(0%), Work Speed: (0%), Skills: Dainty Eater
Bristla, Level: 4, Rank: 1, Gender: Female, HP IV: 54(0%), ATK IV: 54(0%), DEF IV: 19(0%), Work Speed: (0%), Skills: Pyromaniac
Caprity, Level: 11, Rank: 1, Gender: Male, HP IV: 23(0%), ATK IV: 34(0%), DEF IV: 22(0%), Work Speed: (0%), Skills: Insulated Body, Shabby
Cattiva, Level: 6, Rank: 1, Gender: Female, HP IV: 11(0%), ATK IV: 6(0%), DEF IV: 18(0%), Work Speed: (0%), Skills: Coward, Diet Lover
Celaray, Level: 14, Rank: 1, Gender: Male, HP IV: 80(0%), ATK IV: 29(0%), DEF IV: 42(0%), Work Speed: (0%), Skills: Slacker
Chillet, Level: 14, Rank: 1, Gender: Male, HP IV: 2(0%), ATK IV: 34(0%), DEF IV: 32(0%), Work Speed: (0%), Skills: Fine Furs
Cinnamoth, Level: 1, Rank: 1, Gender: Male, HP IV: 20(0%), ATK IV: 84(0%), DEF IV: 82(0%), Work Speed: (0%), Skills: Power of Gaia
Cryolinx, Level: 1, Rank: 1, Gender: Female, HP IV: 82(0%), ATK IV: 26(0%), DEF IV: 82(0%), Work Speed: (0%), Skills: Heated Body
Daedream, Level: 9, Rank: 1, Gender: Female, HP IV: 99(0%), ATK IV: 59(0%), DEF IV: 43(0%), Work Speed: (0%), Skills: Ferocious, Work Slave, Suntan Lover
Direhowl, Level: 6, Rank: 1, Gender: Male, HP IV: 1(0%), ATK IV: 12(0%), DEF IV: 94(0%), Work Speed: (0%), Skills: Unstable
Direhowl, Level: 7, Rank: 1, Gender: Male, HP IV: 4(0%), ATK IV: 89(0%), DEF IV: 49(0%), Work Speed: (0%), Skills: Bottomless Stomach
Dumud, Level: 1, Rank: 1, Gender: Male, HP IV: 84(0%), ATK IV: 46(0%), DEF IV: 57(0%), Work Speed: (0%), Skills: Power of Gaia
Dumud, Level: 20, Rank: 1, Gender: Female, HP IV: 26(0%), ATK IV: 28(0%), DEF IV: 30(0%), Work Speed: (0%), Skills: Cheery
Fenglope, Level: 35, Rank: 1, Gender: Female, HP IV: 71(0%), ATK IV: 69(0%), DEF IV: 70(0%), Work Speed: (0%), Skills: Abnormal
Foxparks, Level: 7, Rank: 1, Gender: Female, HP IV: 66(0%), ATK IV: 1(0%), DEF IV: 27(0%), Work Speed: (0%), Skills: Sickly
Foxparks, Level: 8, Rank: 1, Gender: Female, HP IV: 94(0%), ATK IV: 30(0%), DEF IV: 38(0%), Work Speed: (0%), Skills: Masochist
Galeclaw, Level: 7, Rank: 1, Gender: Female, HP IV: 16(0%), ATK IV: 72(0%), DEF IV: 31(0%), Work Speed: (0%), Skills: Cheery, Musclehead, Fragrant Foliage
Hangyu, Level: 1, Rank: 1, Gender: Female, HP IV: 97(0%), ATK IV: 50(0%), DEF IV: 26(0%), Work Speed: (0%), Skills: Sadist
Hoocrates, Level: 4, Rank: 1, Gender: Female, HP IV: 55(0%), ATK IV: 22(0%), DEF IV: 100(0%), Work Speed: (0%), Skills: Ferocious
Kelpsea Ignis, Level: 8, Rank: 1, Gender: Female, HP IV: 68(0%), ATK IV: 83(0%), DEF IV: 73(0%), Work Speed: (0%), Skills: Blood of the Dragon
Kelpsea Ignis, Level: 8, Rank: 1, Gender: Male, HP IV: 42(0%), ATK IV: 1(0%), DEF IV: 52(0%), Work Speed: (0%), Skills: Noble
Kitsun, Level: 11, Rank: 1, Gender: Male, HP IV: 73(0%), ATK IV: 75(0%), DEF IV: 7(0%), Work Speed: (0%), Skills: Unstable
Kitsun, Level: 5, Rank: 1, Gender: Male, HP IV: 59(0%), ATK IV: 85(0%), DEF IV: 58(0%), Work Speed: (0%)
Lamball, Level: 3, Rank: 1, Gender: Female, HP IV: 55(0%), ATK IV: 82(0%), DEF IV: 42(0%), Work Speed: (0%), Skills: Nimble
Lamball, Level: 4, Rank: 1, Gender: Female, HP IV: 70(0%), ATK IV: 3(0%), DEF IV: 46(0%), Work Speed: (0%), Skills: Waterproof
Lamball, Level: 4, Rank: 1, Gender: Male, HP IV: 21(0%), ATK IV: 63(0%), DEF IV: 87(0%), Work Speed: (0%), Skills: Positive Thinker
Lamball, Level: 4, Rank: 1, Gender: Male, HP IV: 53(0%), ATK IV: 16(0%), DEF IV: 26(0%), Work Speed: (0%), Skills: Glutton
Mau Cryst, Level: 1, Rank: 1, Gender: Female, HP IV: 65(0%), ATK IV: 29(0%), DEF IV: 38(0%), Work Speed: (0%), Skills: Fragrant Foliage
Mau Cryst, Level: 4, Rank: 1, Gender: Male, HP IV: 34(0%), ATK IV: 98(0%), DEF IV: 100(0%), Work Speed: (0%), Skills: Bottomless Stomach
Melpaca, Level: 10, Rank: 1, Gender: Male, HP IV: 27(0%), ATK IV: 44(0%), DEF IV: 38(0%), Work Speed: (0%)
Nitewing, Level: 6, Rank: 1, Gender: Female, HP IV: 66(0%), ATK IV: 53(0%), DEF IV: 71(0%), Work Speed: (0%), Skills: Fit as a Fiddle
Nox, Level: 1, Rank: 1, Gender: Male, HP IV: 86(0%), ATK IV: 64(0%), DEF IV: 57(0%), Work Speed: (0%), Skills: Stronghold Strategist
Pengullet, Level: 1, Rank: 1, Gender: Male, HP IV: 84(0%), ATK IV: 68(0%), DEF IV: 98(0%), Work Speed: (0%), Skills: Cheery
Pengullet, Level: 10, Rank: 1, Gender: Female, HP IV: 44(0%), ATK IV: 23(0%), DEF IV: 78(0%), Work Speed: (0%)
Pengullet, Level: 14, Rank: 1, Gender: Female, HP IV: 100(0%), ATK IV: 22(0%), DEF IV: 64(0%), Work Speed: (0%), Skills: Power of Gaia, Pacifist
Pengullet, Level: 4, Rank: 1, Gender: Male, HP IV: 37(0%), ATK IV: 94(0%), DEF IV: 8(0%), Work Speed: (0%), Skills: Zen Mind
Penking, Level: 1, Rank: 1, Gender: Male, HP IV: 13(0%), ATK IV: 89(0%), DEF IV: 0(0%), Work Speed: (0%), Skills: Slacker
Reindrix, Level: 1, Rank: 1, Gender: Male, HP IV: 77(0%), ATK IV: 95(0%), DEF IV: 9(0%), Work Speed: (0%), Skills: Logging Foreman
Rushoar, Level: 2, Rank: 1, Gender: Female, HP IV: 85(0%), ATK IV: 71(0%), DEF IV: 32(0%), Work Speed: (0%), Skills: Mine Foreman
Rushoar, Level: 2, Rank: 1, Gender: Male, HP IV: 54(0%), ATK IV: 72(0%), DEF IV: 59(0%), Work Speed: (0%), Skills: Glutton
Teafant, Level: 6, Rank: 1, Gender: Female, HP IV: 18(0%), ATK IV: 26(0%), DEF IV: 9(0%), Work Speed: (0%)
Tocotoco, Level: 11, Rank: 1, Gender: Male, HP IV: 43(0%), ATK IV: 63(15%), DEF IV: 33(0%), Work Speed: (0%), Skills: Shabby
Vanwyrm Cryst, Level: 12, Rank: 1, Gender: Female, HP IV: 18(0%), ATK IV: 3(0%), DEF IV: 51(0%), Work Speed: (0%), Skills: Sickly
Vanwyrm Cryst, Level: 8, Rank: 1, Gender: Male, HP IV: 10(0%), ATK IV: 69(0%), DEF IV: 13(0%), Work Speed: (0%), Skills: Insulated Body, Veil of Darkness
Cheech8367's 49 Pals
--------------------
Alpha Chillet, Level: 11, Rank: 1, Gender: Female, HP IV: 56(0%), ATK IV: 82(0%), DEF IV: 66(0%), Work Speed: (0%), Skills: Suntan Lover
Alpha Chillet, Level: 11, Rank: 1, Gender: Male, HP IV: 60(0%), ATK IV: 67(0%), DEF IV: 97(0%), Work Speed: (0%), Skills: Stronghold Strategist
Alpha Cinnamoth, Level: 1, Rank: 1, Gender: Male, HP IV: 57(0%), ATK IV: 63(0%), DEF IV: 86(0%), Work Speed: (0%), Skills: Heated Body
Alpha Loupmoon, Level: 2, Rank: 1, Gender: Male, HP IV: 75(0%), ATK IV: 73(0%), DEF IV: 88(0%), Work Speed: (0%), Skills: Mercy hit
Alpha Mau cryst, Level: 1, Rank: 1, Gender: Male, HP IV: 66(0%), ATK IV: 55(0%), DEF IV: 100(0%), Work Speed: (0%), Skills: Logging Foreman
Arsox, Level: 15, Rank: 1, Gender: Male, HP IV: 58(0%), ATK IV: 27(0%), DEF IV: 42(0%), Work Speed: (0%), Skills: Dainty Eater
Bristla, Level: 4, Rank: 1, Gender: Female, HP IV: 54(0%), ATK IV: 54(0%), DEF IV: 19(0%), Work Speed: (0%), Skills: Pyromaniac
Caprity, Level: 11, Rank: 1, Gender: Male, HP IV: 23(0%), ATK IV: 34(0%), DEF IV: 22(0%), Work Speed: (0%), Skills: Insulated Body, Shabby
Cattiva, Level: 6, Rank: 1, Gender: Female, HP IV: 11(0%), ATK IV: 6(0%), DEF IV: 18(0%), Work Speed: (0%), Skills: Coward, Diet Lover
Celaray, Level: 14, Rank: 1, Gender: Male, HP IV: 80(0%), ATK IV: 29(0%), DEF IV: 42(0%), Work Speed: (0%), Skills: Slacker
Chillet, Level: 14, Rank: 1, Gender: Male, HP IV: 2(0%), ATK IV: 34(0%), DEF IV: 32(0%), Work Speed: (0%), Skills: Fine Furs
Cinnamoth, Level: 1, Rank: 1, Gender: Male, HP IV: 20(0%), ATK IV: 84(0%), DEF IV: 82(0%), Work Speed: (0%), Skills: Power of Gaia
Cryolinx, Level: 1, Rank: 1, Gender: Female, HP IV: 82(0%), ATK IV: 26(0%), DEF IV: 82(0%), Work Speed: (0%), Skills: Heated Body
Daedream, Level: 9, Rank: 1, Gender: Female, HP IV: 99(0%), ATK IV: 59(0%), DEF IV: 43(0%), Work Speed: (0%), Skills: Ferocious, Work Slave, Suntan Lover
Direhowl, Level: 6, Rank: 1, Gender: Male, HP IV: 1(0%), ATK IV: 12(0%), DEF IV: 94(0%), Work Speed: (0%), Skills: Unstable
Direhowl, Level: 7, Rank: 1, Gender: Male, HP IV: 4(0%), ATK IV: 89(0%), DEF IV: 49(0%), Work Speed: (0%), Skills: Bottomless Stomach
Dumud, Level: 1, Rank: 1, Gender: Male, HP IV: 84(0%), ATK IV: 46(0%), DEF IV: 57(0%), Work Speed: (0%), Skills: Power of Gaia
Dumud, Level: 20, Rank: 1, Gender: Female, HP IV: 26(0%), ATK IV: 28(0%), DEF IV: 30(0%), Work Speed: (0%), Skills: Cheery
Fenglope, Level: 35, Rank: 1, Gender: Female, HP IV: 71(0%), ATK IV: 69(0%), DEF IV: 70(0%), Work Speed: (0%), Skills: Abnormal
Foxparks, Level: 7, Rank: 1, Gender: Female, HP IV: 66(0%), ATK IV: 1(0%), DEF IV: 27(0%), Work Speed: (0%), Skills: Sickly
Foxparks, Level: 8, Rank: 1, Gender: Female, HP IV: 94(0%), ATK IV: 30(0%), DEF IV: 38(0%), Work Speed: (0%), Skills: Masochist
Galeclaw, Level: 7, Rank: 1, Gender: Female, HP IV: 16(0%), ATK IV: 72(0%), DEF IV: 31(0%), Work Speed: (0%), Skills: Cheery, Musclehead, Fragrant Foliage
Hangyu, Level: 1, Rank: 1, Gender: Female, HP IV: 97(0%), ATK IV: 50(0%), DEF IV: 26(0%), Work Speed: (0%), Skills: Sadist
Hoocrates, Level: 4, Rank: 1, Gender: Female, HP IV: 55(0%), ATK IV: 22(0%), DEF IV: 100(0%), Work Speed: (0%), Skills: Ferocious
Kelpsea Ignis, Level: 8, Rank: 1, Gender: Female, HP IV: 68(0%), ATK IV: 83(0%), DEF IV: 73(0%), Work Speed: (0%), Skills: Blood of the Dragon
Kelpsea Ignis, Level: 8, Rank: 1, Gender: Male, HP IV: 42(0%), ATK IV: 1(0%), DEF IV: 52(0%), Work Speed: (0%), Skills: Noble
Kitsun, Level: 11, Rank: 1, Gender: Male, HP IV: 73(0%), ATK IV: 75(0%), DEF IV: 7(0%), Work Speed: (0%), Skills: Unstable
Kitsun, Level: 5, Rank: 1, Gender: Male, HP IV: 59(0%), ATK IV: 85(0%), DEF IV: 58(0%), Work Speed: (0%)
Lamball, Level: 3, Rank: 1, Gender: Female, HP IV: 55(0%), ATK IV: 82(0%), DEF IV: 42(0%), Work Speed: (0%), Skills: Nimble
Lamball, Level: 4, Rank: 1, Gender: Female, HP IV: 70(0%), ATK IV: 3(0%), DEF IV: 46(0%), Work Speed: (0%), Skills: Waterproof
Lamball, Level: 4, Rank: 1, Gender: Male, HP IV: 21(0%), ATK IV: 63(0%), DEF IV: 87(0%), Work Speed: (0%), Skills: Positive Thinker
Lamball, Level: 4, Rank: 1, Gender: Male, HP IV: 53(0%), ATK IV: 16(0%), DEF IV: 26(0%), Work Speed: (0%), Skills: Glutton
Mau Cryst, Level: 1, Rank: 1, Gender: Female, HP IV: 65(0%), ATK IV: 29(0%), DEF IV: 38(0%), Work Speed: (0%), Skills: Fragrant Foliage
Mau Cryst, Level: 4, Rank: 1, Gender: Male, HP IV: 34(0%), ATK IV: 98(0%), DEF IV: 100(0%), Work Speed: (0%), Skills: Bottomless Stomach
Melpaca, Level: 10, Rank: 1, Gender: Male, HP IV: 27(0%), ATK IV: 44(0%), DEF IV: 38(0%), Work Speed: (0%)
Nitewing, Level: 6, Rank: 1, Gender: Female, HP IV: 66(0%), ATK IV: 53(0%), DEF IV: 71(0%), Work Speed: (0%), Skills: Fit as a Fiddle
Nox, Level: 1, Rank: 1, Gender: Male, HP IV: 86(0%), ATK IV: 64(0%), DEF IV: 57(0%), Work Speed: (0%), Skills: Stronghold Strategist
Pengullet, Level: 1, Rank: 1, Gender: Male, HP IV: 84(0%), ATK IV: 68(0%), DEF IV: 98(0%), Work Speed: (0%), Skills: Cheery
Pengullet, Level: 10, Rank: 1, Gender: Female, HP IV: 44(0%), ATK IV: 23(0%), DEF IV: 78(0%), Work Speed: (0%)
Pengullet, Level: 14, Rank: 1, Gender: Female, HP IV: 100(0%), ATK IV: 22(0%), DEF IV: 64(0%), Work Speed: (0%), Skills: Power of Gaia, Pacifist
Pengullet, Level: 4, Rank: 1, Gender: Male, HP IV: 37(0%), ATK IV: 94(0%), DEF IV: 8(0%), Work Speed: (0%), Skills: Zen Mind
Penking, Level: 1, Rank: 1, Gender: Male, HP IV: 13(0%), ATK IV: 89(0%), DEF IV: 0(0%), Work Speed: (0%), Skills: Slacker
Reindrix, Level: 1, Rank: 1, Gender: Male, HP IV: 77(0%), ATK IV: 95(0%), DEF IV: 9(0%), Work Speed: (0%), Skills: Logging Foreman
Rushoar, Level: 2, Rank: 1, Gender: Female, HP IV: 85(0%), ATK IV: 71(0%), DEF IV: 32(0%), Work Speed: (0%), Skills: Mine Foreman
Rushoar, Level: 2, Rank: 1, Gender: Male, HP IV: 54(0%), ATK IV: 72(0%), DEF IV: 59(0%), Work Speed: (0%), Skills: Glutton
Teafant, Level: 6, Rank: 1, Gender: Female, HP IV: 18(0%), ATK IV: 26(0%), DEF IV: 9(0%), Work Speed: (0%)
Tocotoco, Level: 11, Rank: 1, Gender: Male, HP IV: 43(0%), ATK IV: 63(15%), DEF IV: 33(0%), Work Speed: (0%), Skills: Shabby
Vanwyrm Cryst, Level: 12, Rank: 1, Gender: Female, HP IV: 18(0%), ATK IV: 3(0%), DEF IV: 51(0%), Work Speed: (0%), Skills: Sickly
Vanwyrm Cryst, Level: 8, Rank: 1, Gender: Male, HP IV: 10(0%), ATK IV: 69(0%), DEF IV: 13(0%), Work Speed: (0%), Skills: Insulated Body, Veil of Darkness
Cheech8367's 49 Pals
--------------------
Alpha Chillet, Level: 11, Rank: 1, Gender: Female, HP IV: 56(0%), ATK IV: 82(0%), DEF IV: 66(0%), Work Speed: (0%), Skills: Suntan Lover
Alpha Chillet, Level: 11, Rank: 1, Gender: Male, HP IV: 60(0%), ATK IV: 67(0%), DEF IV: 97(0%), Work Speed: (0%), Skills: Stronghold Strategist
Alpha Cinnamoth, Level: 1, Rank: 1, Gender: Male, HP IV: 57(0%), ATK IV: 63(0%), DEF IV: 86(0%), Work Speed: (0%), Skills: Heated Body
Alpha Loupmoon, Level: 2, Rank: 1, Gender: Male, HP IV: 75(0%), ATK IV: 73(0%), DEF IV: 88(0%), Work Speed: (0%), Skills: Mercy hit
Alpha Mau cryst, Level: 1, Rank: 1, Gender: Male, HP IV: 66(0%), ATK IV: 55(0%), DEF IV: 100(0%), Work Speed: (0%), Skills: Logging Foreman
Arsox, Level: 15, Rank: 1, Gender: Male, HP IV: 58(0%), ATK IV: 27(0%), DEF IV: 42(0%), Work Speed: (0%), Skills: Dainty Eater
Bristla, Level: 4, Rank: 1, Gender: Female, HP IV: 54(0%), ATK IV: 54(0%), DEF IV: 19(0%), Work Speed: (0%), Skills: Pyromaniac
Caprity, Level: 11, Rank: 1, Gender: Male, HP IV: 23(0%), ATK IV: 34(0%), DEF IV: 22(0%), Work Speed: (0%), Skills: Insulated Body, Shabby
Cattiva, Level: 6, Rank: 1, Gender: Female, HP IV: 11(0%), ATK IV: 6(0%), DEF IV: 18(0%), Work Speed: (0%), Skills: Coward, Diet Lover
Celaray, Level: 14, Rank: 1, Gender: Male, HP IV: 80(0%), ATK IV: 29(0%), DEF IV: 42(0%), Work Speed: (0%), Skills: Slacker
Chillet, Level: 14, Rank: 1, Gender: Male, HP IV: 2(0%), ATK IV: 34(0%), DEF IV: 32(0%), Work Speed: (0%), Skills: Fine Furs
Cinnamoth, Level: 1, Rank: 1, Gender: Male, HP IV: 20(0%), ATK IV: 84(0%), DEF IV: 82(0%), Work Speed: (0%), Skills: Power of Gaia
Cryolinx, Level: 1, Rank: 1, Gender: Female, HP IV: 82(0%), ATK IV: 26(0%), DEF IV: 82(0%), Work Speed: (0%), Skills: Heated Body
Daedream, Level: 9, Rank: 1, Gender: Female, HP IV: 99(0%), ATK IV: 59(0%), DEF IV: 43(0%), Work Speed: (0%), Skills: Ferocious, Work Slave, Suntan Lover
Direhowl, Level: 6, Rank: 1, Gender: Male, HP IV: 1(0%), ATK IV: 12(0%), DEF IV: 94(0%), Work Speed: (0%), Skills: Unstable
Direhowl, Level: 7, Rank: 1, Gender: Male, HP IV: 4(0%), ATK IV: 89(0%), DEF IV: 49(0%), Work Speed: (0%), Skills: Bottomless Stomach
Dumud, Level: 1, Rank: 1, Gender: Male, HP IV: 84(0%), ATK IV: 46(0%), DEF IV: 57(0%), Work Speed: (0%), Skills: Power of Gaia
Dumud, Level: 20, Rank: 1, Gender: Female, HP IV: 26(0%), ATK IV: 28(0%), DEF IV: 30(0%), Work Speed: (0%), Skills: Cheery
Fenglope, Level: 35, Rank: 1, Gender: Female, HP IV: 71(0%), ATK IV: 69(0%), DEF IV: 70(0%), Work Speed: (0%), Skills: Abnormal
Foxparks, Level: 7, Rank: 1, Gender: Female, HP IV: 66(0%), ATK IV: 1(0%), DEF IV: 27(0%), Work Speed: (0%), Skills: Sickly
Foxparks, Level: 8, Rank: 1, Gender: Female, HP IV: 94(0%), ATK IV: 30(0%), DEF IV: 38(0%), Work Speed: (0%), Skills: Masochist
Galeclaw, Level: 7, Rank: 1, Gender: Female, HP IV: 16(0%), ATK IV: 72(0%), DEF IV: 31(0%), Work Speed: (0%), Skills: Cheery, Musclehead, Fragrant Foliage
Hangyu, Level: 1, Rank: 1, Gender: Female, HP IV: 97(0%), ATK IV: 50(0%), DEF IV: 26(0%), Work Speed: (0%), Skills: Sadist
Hoocrates, Level: 4, Rank: 1, Gender: Female, HP IV: 55(0%), ATK IV: 22(0%), DEF IV: 100(0%), Work Speed: (0%), Skills: Ferocious
Kelpsea Ignis, Level: 8, Rank: 1, Gender: Female, HP IV: 68(0%), ATK IV: 83(0%), DEF IV: 73(0%), Work Speed: (0%), Skills: Blood of the Dragon
Kelpsea Ignis, Level: 8, Rank: 1, Gender: Male, HP IV: 42(0%), ATK IV: 1(0%), DEF IV: 52(0%), Work Speed: (0%), Skills: Noble
Kitsun, Level: 11, Rank: 1, Gender: Male, HP IV: 73(0%), ATK IV: 75(0%), DEF IV: 7(0%), Work Speed: (0%), Skills: Unstable
Kitsun, Level: 5, Rank: 1, Gender: Male, HP IV: 59(0%), ATK IV: 85(0%), DEF IV: 58(0%), Work Speed: (0%)
Lamball, Level: 3, Rank: 1, Gender: Female, HP IV: 55(0%), ATK IV: 82(0%), DEF IV: 42(0%), Work Speed: (0%), Skills: Nimble
Lamball, Level: 4, Rank: 1, Gender: Female, HP IV: 70(0%), ATK IV: 3(0%), DEF IV: 46(0%), Work Speed: (0%), Skills: Waterproof
Lamball, Level: 4, Rank: 1, Gender: Male, HP IV: 21(0%), ATK IV: 63(0%), DEF IV: 87(0%), Work Speed: (0%), Skills: Positive Thinker
Lamball, Level: 4, Rank: 1, Gender: Male, HP IV: 53(0%), ATK IV: 16(0%), DEF IV: 26(0%), Work Speed: (0%), Skills: Glutton
Mau Cryst, Level: 1, Rank: 1, Gender: Female, HP IV: 65(0%), ATK IV: 29(0%), DEF IV: 38(0%), Work Speed: (0%), Skills: Fragrant Foliage
Mau Cryst, Level: 4, Rank: 1, Gender: Male, HP IV: 34(0%), ATK IV: 98(0%), DEF IV: 100(0%), Work Speed: (0%), Skills: Bottomless Stomach
Melpaca, Level: 10, Rank: 1, Gender: Male, HP IV: 27(0%), ATK IV: 44(0%), DEF IV: 38(0%), Work Speed: (0%)
Nitewing, Level: 6, Rank: 1, Gender: Female, HP IV: 66(0%), ATK IV: 53(0%), DEF IV: 71(0%), Work Speed: (0%), Skills: Fit as a Fiddle
Nox, Level: 1, Rank: 1, Gender: Male, HP IV: 86(0%), ATK IV: 64(0%), DEF IV: 57(0%), Work Speed: (0%), Skills: Stronghold Strategist
Pengullet, Level: 1, Rank: 1, Gender: Male, HP IV: 84(0%), ATK IV: 68(0%), DEF IV: 98(0%), Work Speed: (0%), Skills: Cheery
Pengullet, Level: 10, Rank: 1, Gender: Female, HP IV: 44(0%), ATK IV: 23(0%), DEF IV: 78(0%), Work Speed: (0%)
Pengullet, Level: 14, Rank: 1, Gender: Female, HP IV: 100(0%), ATK IV: 22(0%), DEF IV: 64(0%), Work Speed: (0%), Skills: Power of Gaia, Pacifist
Pengullet, Level: 4, Rank: 1, Gender: Male, HP IV: 37(0%), ATK IV: 94(0%), DEF IV: 8(0%), Work Speed: (0%), Skills: Zen Mind
Penking, Level: 1, Rank: 1, Gender: Male, HP IV: 13(0%), ATK IV: 89(0%), DEF IV: 0(0%), Work Speed: (0%), Skills: Slacker
Reindrix, Level: 1, Rank: 1, Gender: Male, HP IV: 77(0%), ATK IV: 95(0%), DEF IV: 9(0%), Work Speed: (0%), Skills: Logging Foreman
Rushoar, Level: 2, Rank: 1, Gender: Female, HP IV: 85(0%), ATK IV: 71(0%), DEF IV: 32(0%), Work Speed: (0%), Skills: Mine Foreman
Rushoar, Level: 2, Rank: 1, Gender: Male, HP IV: 54(0%), ATK IV: 72(0%), DEF IV: 59(0%), Work Speed: (0%), Skills: Glutton
Teafant, Level: 6, Rank: 1, Gender: Female, HP IV: 18(0%), ATK IV: 26(0%), DEF IV: 9(0%), Work Speed: (0%)
Tocotoco, Level: 11, Rank: 1, Gender: Male, HP IV: 43(0%), ATK IV: 63(15%), DEF IV: 33(0%), Work Speed: (0%), Skills: Shabby
Vanwyrm Cryst, Level: 12, Rank: 1, Gender: Female, HP IV: 18(0%), ATK IV: 3(0%), DEF IV: 51(0%), Work Speed: (0%), Skills: Sickly
Vanwyrm Cryst, Level: 8, Rank: 1, Gender: Male, HP IV: 10(0%), ATK IV: 69(0%), DEF IV: 13(0%), Work Speed: (0%), Skills: Insulated Body, Veil of Darkness
Cheech8367's 49 Pals
--------------------
Alpha Chillet, Level: 11, Rank: 1, Gender: Female, HP IV: 56(0%), ATK IV: 82(0%), DEF IV: 66(0%), Work Speed: (0%), Skills: Suntan Lover
Alpha Chillet, Level: 11, Rank: 1, Gender: Male, HP IV: 60(0%), ATK IV: 67(0%), DEF IV: 97(0%), Work Speed: (0%), Skills: Stronghold Strategist
Alpha Cinnamoth, Level: 1, Rank: 1, Gender: Male, HP IV: 57(0%), ATK IV: 63(0%), DEF IV: 86(0%), Work Speed: (0%), Skills: Heated Body
Alpha Loupmoon, Level: 2, Rank: 1, Gender: Male, HP IV: 75(0%), ATK IV: 73(0%), DEF IV: 88(0%), Work Speed: (0%), Skills: Mercy hit
Alpha Mau cryst, Level: 1, Rank: 1, Gender: Male, HP IV: 66(0%), ATK IV: 55(0%), DEF IV: 100(0%), Work Speed: (0%), Skills: Logging Foreman
Arsox, Level: 15, Rank: 1, Gender: Male, HP IV: 58(0%), ATK IV: 27(0%), DEF IV: 42(0%), Work Speed: (0%), Skills: Dainty Eater
Bristla, Level: 4, Rank: 1, Gender: Female, HP IV: 54(0%), ATK IV: 54(0%), DEF IV: 19(0%), Work Speed: (0%), Skills: Pyromaniac
Caprity, Level: 11, Rank: 1, Gender: Male, HP IV: 23(0%), ATK IV: 34(0%), DEF IV: 22(0%), Work Speed: (0%), Skills: Insulated Body, Shabby
Cattiva, Level: 6, Rank: 1, Gender: Female, HP IV: 11(0%), ATK IV: 6(0%), DEF IV: 18(0%), Work Speed: (0%), Skills: Coward, Diet Lover
Celaray, Level: 14, Rank: 1, Gender: Male, HP IV: 80(0%), ATK IV: 29(0%), DEF IV: 42(0%), Work Speed: (0%), Skills: Slacker
Chillet, Level: 14, Rank: 1, Gender: Male, HP IV: 2(0%), ATK IV: 34(0%), DEF IV: 32(0%), Work Speed: (0%), Skills: Fine Furs
Cinnamoth, Level: 1, Rank: 1, Gender: Male, HP IV: 20(0%), ATK IV: 84(0%), DEF IV: 82(0%), Work Speed: (0%), Skills: Power of Gaia
Cryolinx, Level: 1, Rank: 1, Gender: Female, HP IV: 82(0%), ATK IV: 26(0%), DEF IV: 82(0%), Work Speed: (0%), Skills: Heated Body
Daedream, Level: 9, Rank: 1, Gender: Female, HP IV: 99(0%), ATK IV: 59(0%), DEF IV: 43(0%), Work Speed: (0%), Skills: Ferocious, Work Slave, Suntan Lover
Direhowl, Level: 6, Rank: 1, Gender: Male, HP IV: 1(0%), ATK IV: 12(0%), DEF IV: 94(0%), Work Speed: (0%), Skills: Unstable
Direhowl, Level: 7, Rank: 1, Gender: Male, HP IV: 4(0%), ATK IV: 89(0%), DEF IV: 49(0%), Work Speed: (0%), Skills: Bottomless Stomach
Dumud, Level: 1, Rank: 1, Gender: Male, HP IV: 84(0%), ATK IV: 46(0%), DEF IV: 57(0%), Work Speed: (0%), Skills: Power of Gaia
Dumud, Level: 20, Rank: 1, Gender: Female, HP IV: 26(0%), ATK IV: 28(0%), DEF IV: 30(0%), Work Speed: (0%), Skills: Cheery
Fenglope, Level: 35, Rank: 1, Gender: Female, HP IV: 71(0%), ATK IV: 69(0%), DEF IV: 70(0%), Work Speed: (0%), Skills: Abnormal
Foxparks, Level: 7, Rank: 1, Gender: Female, HP IV: 66(0%), ATK IV: 1(0%), DEF IV: 27(0%), Work Speed: (0%), Skills: Sickly
Foxparks, Level: 8, Rank: 1, Gender: Female, HP IV: 94(0%), ATK IV: 30(0%), DEF IV: 38(0%), Work Speed: (0%), Skills: Masochist
Galeclaw, Level: 7, Rank: 1, Gender: Female, HP IV: 16(0%), ATK IV: 72(0%), DEF IV: 31(0%), Work Speed: (0%), Skills: Cheery, Musclehead, Fragrant Foliage
Hangyu, Level: 1, Rank: 1, Gender: Female, HP IV: 97(0%), ATK IV: 50(0%), DEF IV: 26(0%), Work Speed: (0%), Skills: Sadist
Hoocrates, Level: 4, Rank: 1, Gender: Female, HP IV: 55(0%), ATK IV: 22(0%), DEF IV: 100(0%), Work Speed: (0%), Skills: Ferocious
Kelpsea Ignis, Level: 8, Rank: 1, Gender: Female, HP IV: 68(0%), ATK IV: 83(0%), DEF IV: 73(0%), Work Speed: (0%), Skills: Blood of the Dragon
Kelpsea Ignis, Level: 8, Rank: 1, Gender: Male, HP IV: 42(0%), ATK IV: 1(0%), DEF IV: 52(0%), Work Speed: (0%), Skills: Noble
Kitsun, Level: 11, Rank: 1, Gender: Male, HP IV: 73(0%), ATK IV: 75(0%), DEF IV: 7(0%), Work Speed: (0%), Skills: Unstable
Kitsun, Level: 5, Rank: 1, Gender: Male, HP IV: 59(0%), ATK IV: 85(0%), DEF IV: 58(0%), Work Speed: (0%)
Lamball, Level: 3, Rank: 1, Gender: Female, HP IV: 55(0%), ATK IV: 82(0%), DEF IV: 42(0%), Work Speed: (0%), Skills: Nimble
Lamball, Level: 4, Rank: 1, Gender: Female, HP IV: 70(0%), ATK IV: 3(0%), DEF IV: 46(0%), Work Speed: (0%), Skills: Waterproof
Lamball, Level: 4, Rank: 1, Gender: Male, HP IV: 21(0%), ATK IV: 63(0%), DEF IV: 87(0%), Work Speed: (0%), Skills: Positive Thinker
Lamball, Level: 4, Rank: 1, Gender: Male, HP IV: 53(0%), ATK IV: 16(0%), DEF IV: 26(0%), Work Speed: (0%), Skills: Glutton
Mau Cryst, Level: 1, Rank: 1, Gender: Female, HP IV: 65(0%), ATK IV: 29(0%), DEF IV: 38(0%), Work Speed: (0%), Skills: Fragrant Foliage
Mau Cryst, Level: 4, Rank: 1, Gender: Male, HP IV: 34(0%), ATK IV: 98(0%), DEF IV: 100(0%), Work Speed: (0%), Skills: Bottomless Stomach
Melpaca, Level: 10, Rank: 1, Gender: Male, HP IV: 27(0%), ATK IV: 44(0%), DEF IV: 38(0%), Work Speed: (0%)
Nitewing, Level: 6, Rank: 1, Gender: Female, HP IV: 66(0%), ATK IV: 53(0%), DEF IV: 71(0%), Work Speed: (0%), Skills: Fit as a Fiddle
Nox, Level: 1, Rank: 1, Gender: Male, HP IV: 86(0%), ATK IV: 64(0%), DEF IV: 57(0%), Work Speed: (0%), Skills: Stronghold Strategist
Pengullet, Level: 1, Rank: 1, Gender: Male, HP IV: 84(0%), ATK IV: 68(0%), DEF IV: 98(0%), Work Speed: (0%), Skills: Cheery
Pengullet, Level: 10, Rank: 1, Gender: Female, HP IV: 44(0%), ATK IV: 23(0%), DEF IV: 78(0%), Work Speed: (0%)
Pengullet, Level: 14, Rank: 1, Gender: Female, HP IV: 100(0%), ATK IV: 22(0%), DEF IV: 64(0%), Work Speed: (0%), Skills: Power of Gaia, Pacifist
Pengullet, Level: 4, Rank: 1, Gender: Male, HP IV: 37(0%), ATK IV: 94(0%), DEF IV: 8(0%), Work Speed: (0%), Skills: Zen Mind
Penking, Level: 1, Rank: 1, Gender: Male, HP IV: 13(0%), ATK IV: 89(0%), DEF IV: 0(0%), Work Speed: (0%), Skills: Slacker
Reindrix, Level: 1, Rank: 1, Gender: Male, HP IV: 77(0%), ATK IV: 95(0%), DEF IV: 9(0%), Work Speed: (0%), Skills: Logging Foreman
Rushoar, Level: 2, Rank: 1, Gender: Female, HP IV: 85(0%), ATK IV: 71(0%), DEF IV: 32(0%), Work Speed: (0%), Skills: Mine Foreman
Rushoar, Level: 2, Rank: 1, Gender: Male, HP IV: 54(0%), ATK IV: 72(0%), DEF IV: 59(0%), Work Speed: (0%), Skills: Glutton
Teafant, Level: 6, Rank: 1, Gender: Female, HP IV: 18(0%), ATK IV: 26(0%), DEF IV: 9(0%), Work Speed: (0%)
Tocotoco, Level: 11, Rank: 1, Gender: Male, HP IV: 43(0%), ATK IV: 63(15%), DEF IV: 33(0%), Work Speed: (0%), Skills: Shabby
Vanwyrm Cryst, Level: 12, Rank: 1, Gender: Female, HP IV: 18(0%), ATK IV: 3(0%), DEF IV: 51(0%), Work Speed: (0%), Skills: Sickly
Vanwyrm Cryst, Level: 8, Rank: 1, Gender: Male, HP IV: 10(0%), ATK IV: 69(0%), DEF IV: 13(0%), Work Speed: (0%), Skills: Insulated Body, Veil of Darkness
Cheech8367's 49 Pals
--------------------
Alpha Chillet, Level: 11, Rank: 1, Gender: Female, HP IV: 56(0%), ATK IV: 82(0%), DEF IV: 66(0%), Work Speed: (0%), Skills: Suntan Lover
Alpha Chillet, Level: 11, Rank: 1, Gender: Male, HP IV: 60(0%), ATK IV: 67(0%), DEF IV: 97(0%), Work Speed: (0%), Skills: Stronghold Strategist
Alpha Cinnamoth, Level: 1, Rank: 1, Gender: Male, HP IV: 57(0%), ATK IV: 63(0%), DEF IV: 86(0%), Work Speed: (0%), Skills: Heated Body
Alpha Loupmoon, Level: 2, Rank: 1, Gender: Male, HP IV: 75(0%), ATK IV: 73(0%), DEF IV: 88(0%), Work Speed: (0%), Skills: Mercy hit
Alpha Mau cryst, Level: 1, Rank: 1, Gender: Male, HP IV: 66(0%), ATK IV: 55(0%), DEF IV: 100(0%), Work Speed: (0%), Skills: Logging Foreman
Arsox, Level: 15, Rank: 1, Gender: Male, HP IV: 58(0%), ATK IV: 27(0%), DEF IV: 42(0%), Work Speed: (0%), Skills: Dainty Eater
Bristla, Level: 4, Rank: 1, Gender: Female, HP IV: 54(0%), ATK IV: 54(0%), DEF IV: 19(0%), Work Speed: (0%), Skills: Pyromaniac
Caprity, Level: 11, Rank: 1, Gender: Male, HP IV: 23(0%), ATK IV: 34(0%), DEF IV: 22(0%), Work Speed: (0%), Skills: Insulated Body, Shabby
Cattiva, Level: 6, Rank: 1, Gender: Female, HP IV: 11(0%), ATK IV: 6(0%), DEF IV: 18(0%), Work Speed: (0%), Skills: Coward, Diet Lover
Celaray, Level: 14, Rank: 1, Gender: Male, HP IV: 80(0%), ATK IV: 29(0%), DEF IV: 42(0%), Work Speed: (0%), Skills: Slacker
Chillet, Level: 14, Rank: 1, Gender: Male, HP IV: 2(0%), ATK IV: 34(0%), DEF IV: 32(0%), Work Speed: (0%), Skills: Fine Furs
Cinnamoth, Level: 1, Rank: 1, Gender: Male, HP IV: 20(0%), ATK IV: 84(0%), DEF IV: 82(0%), Work Speed: (0%), Skills: Power of Gaia
Cryolinx, Level: 1, Rank: 1, Gender: Female, HP IV: 82(0%), ATK IV: 26(0%), DEF IV: 82(0%), Work Speed: (0%), Skills: Heated Body
Daedream, Level: 9, Rank: 1, Gender: Female, HP IV: 99(0%), ATK IV: 59(0%), DEF IV: 43(0%), Work Speed: (0%), Skills: Ferocious, Work Slave, Suntan Lover
Direhowl, Level: 6, Rank: 1, Gender: Male, HP IV: 1(0%), ATK IV: 12(0%), DEF IV: 94(0%), Work Speed: (0%), Skills: Unstable
Direhowl, Level: 7, Rank: 1, Gender: Male, HP IV: 4(0%), ATK IV: 89(0%), DEF IV: 49(0%), Work Speed: (0%), Skills: Bottomless Stomach
Dumud, Level: 1, Rank: 1, Gender: Male, HP IV: 84(0%), ATK IV: 46(0%), DEF IV: 57(0%), Work Speed: (0%), Skills: Power of Gaia
Dumud, Level: 20, Rank: 1, Gender: Female, HP IV: 26(0%), ATK IV: 28(0%), DEF IV: 30(0%), Work Speed: (0%), Skills: Cheery
Fenglope, Level: 35, Rank: 1, Gender: Female, HP IV: 71(0%), ATK IV: 69(0%), DEF IV: 70(0%), Work Speed: (0%), Skills: Abnormal
Foxparks, Level: 7, Rank: 1, Gender: Female, HP IV: 66(0%), ATK IV: 1(0%), DEF IV: 27(0%), Work Speed: (0%), Skills: Sickly
Foxparks, Level: 8, Rank: 1, Gender: Female, HP IV: 94(0%), ATK IV: 30(0%), DEF IV: 38(0%), Work Speed: (0%), Skills: Masochist
Galeclaw, Level: 7, Rank: 1, Gender: Female, HP IV: 16(0%), ATK IV: 72(0%), DEF IV: 31(0%), Work Speed: (0%), Skills: Cheery, Musclehead, Fragrant Foliage
Hangyu, Level: 1, Rank: 1, Gender: Female, HP IV: 97(0%), ATK IV: 50(0%), DEF IV: 26(0%), Work Speed: (0%), Skills: Sadist
Hoocrates, Level: 4, Rank: 1, Gender: Female, HP IV: 55(0%), ATK IV: 22(0%), DEF IV: 100(0%), Work Speed: (0%), Skills: Ferocious
Kelpsea Ignis, Level: 8, Rank: 1, Gender: Female, HP IV: 68(0%), ATK IV: 83(0%), DEF IV: 73(0%), Work Speed: (0%), Skills: Blood of the Dragon
Kelpsea Ignis, Level: 8, Rank: 1, Gender: Male, HP IV: 42(0%), ATK IV: 1(0%), DEF IV: 52(0%), Work Speed: (0%), Skills: Noble
Kitsun, Level: 11, Rank: 1, Gender: Male, HP IV: 73(0%), ATK IV: 75(0%), DEF IV: 7(0%), Work Speed: (0%), Skills: Unstable
Kitsun, Level: 5, Rank: 1, Gender: Male, HP IV: 59(0%), ATK IV: 85(0%), DEF IV: 58(0%), Work Speed: (0%)
Lamball, Level: 3, Rank: 1, Gender: Female, HP IV: 55(0%), ATK IV: 82(0%), DEF IV: 42(0%), Work Speed: (0%), Skills: Nimble
Lamball, Level: 4, Rank: 1, Gender: Female, HP IV: 70(0%), ATK IV: 3(0%), DEF IV: 46(0%), Work Speed: (0%), Skills: Waterproof
Lamball, Level: 4, Rank: 1, Gender: Male, HP IV: 21(0%), ATK IV: 63(0%), DEF IV: 87(0%), Work Speed: (0%), Skills: Positive Thinker
Lamball, Level: 4, Rank: 1, Gender: Male, HP IV: 53(0%), ATK IV: 16(0%), DEF IV: 26(0%), Work Speed: (0%), Skills: Glutton
Mau Cryst, Level: 1, Rank: 1, Gender: Female, HP IV: 65(0%), ATK IV: 29(0%), DEF IV: 38(0%), Work Speed: (0%), Skills: Fragrant Foliage
Mau Cryst, Level: 4, Rank: 1, Gender: Male, HP IV: 34(0%), ATK IV: 98(0%), DEF IV: 100(0%), Work Speed: (0%), Skills: Bottomless Stomach
Melpaca, Level: 10, Rank: 1, Gender: Male, HP IV: 27(0%), ATK IV: 44(0%), DEF IV: 38(0%), Work Speed: (0%)
Nitewing, Level: 6, Rank: 1, Gender: Female, HP IV: 66(0%), ATK IV: 53(0%), DEF IV: 71(0%), Work Speed: (0%), Skills: Fit as a Fiddle
Nox, Level: 1, Rank: 1, Gender: Male, HP IV: 86(0%), ATK IV: 64(0%), DEF IV: 57(0%), Work Speed: (0%), Skills: Stronghold Strategist
Pengullet, Level: 1, Rank: 1, Gender: Male, HP IV: 84(0%), ATK IV: 68(0%), DEF IV: 98(0%), Work Speed: (0%), Skills: Cheery
Pengullet, Level: 10, Rank: 1, Gender: Female, HP IV: 44(0%), ATK IV: 23(0%), DEF IV: 78(0%), Work Speed: (0%)
Pengullet, Level: 14, Rank: 1, Gender: Female, HP IV: 100(0%), ATK IV: 22(0%), DEF IV: 64(0%), Work Speed: (0%), Skills: Power of Gaia, Pacifist
Pengullet, Level: 4, Rank: 1, Gender: Male, HP IV: 37(0%), ATK IV: 94(0%), DEF IV: 8(0%), Work Speed: (0%), Skills: Zen Mind
Penking, Level: 1, Rank: 1, Gender: Male, HP IV: 13(0%), ATK IV: 89(0%), DEF IV: 0(0%), Work Speed: (0%), Skills: Slacker
Reindrix, Level: 1, Rank: 1, Gender: Male, HP IV: 77(0%), ATK IV: 95(0%), DEF IV: 9(0%), Work Speed: (0%), Skills: Logging Foreman
Rushoar, Level: 2, Rank: 1, Gender: Female, HP IV: 85(0%), ATK IV: 71(0%), DEF IV: 32(0%), Work Speed: (0%), Skills: Mine Foreman
Rushoar, Level: 2, Rank: 1, Gender: Male, HP IV: 54(0%), ATK IV: 72(0%), DEF IV: 59(0%), Work Speed: (0%), Skills: Glutton
Teafant, Level: 6, Rank: 1, Gender: Female, HP IV: 18(0%), ATK IV: 26(0%), DEF IV: 9(0%), Work Speed: (0%)
Tocotoco, Level: 11, Rank: 1, Gender: Male, HP IV: 43(0%), ATK IV: 63(15%), DEF IV: 33(0%), Work Speed: (0%), Skills: Shabby
Vanwyrm Cryst, Level: 12, Rank: 1, Gender: Female, HP IV: 18(0%), ATK IV: 3(0%), DEF IV: 51(0%), Work Speed: (0%), Skills: Sickly
Vanwyrm Cryst, Level: 8, Rank: 1, Gender: Male, HP IV: 10(0%), ATK IV: 69(0%), DEF IV: 13(0%), Work Speed: (0%), Skills: Insulated Body, Veil of Darkness
Cheech8367's 49 Pals
--------------------
Alpha Chillet, Level: 11, Rank: 1, Gender: Female, HP IV: 56(0%), ATK IV: 82(0%), DEF IV: 66(0%), Work Speed: (0%), Skills: Suntan Lover
Alpha Chillet, Level: 11, Rank: 1, Gender: Male, HP IV: 60(0%), ATK IV: 67(0%), DEF IV: 97(0%), Work Speed: (0%), Skills: Stronghold Strategist
Alpha Cinnamoth, Level: 1, Rank: 1, Gender: Male, HP IV: 57(0%), ATK IV: 63(0%), DEF IV: 86(0%), Work Speed: (0%), Skills: Heated Body
Alpha Loupmoon, Level: 2, Rank: 1, Gender: Male, HP IV: 75(0%), ATK IV: 73(0%), DEF IV: 88(0%), Work Speed: (0%), Skills: Mercy hit
Alpha Mau cryst, Level: 1, Rank: 1, Gender: Male, HP IV: 66(0%), ATK IV: 55(0%), DEF IV: 100(0%), Work Speed: (0%), Skills: Logging Foreman
Arsox, Level: 15, Rank: 1, Gender: Male, HP IV: 58(0%), ATK IV: 27(0%), DEF IV: 42(0%), Work Speed: (0%), Skills: Dainty Eater
Bristla, Level: 4, Rank: 1, Gender: Female, HP IV: 54(0%), ATK IV: 54(0%), DEF IV: 19(0%), Work Speed: (0%), Skills: Pyromaniac
Caprity, Level: 11, Rank: 1, Gender: Male, HP IV: 23(0%), ATK IV: 34(0%), DEF IV: 22(0%), Work Speed: (0%), Skills: Insulated Body, Shabby
Cattiva, Level: 6, Rank: 1, Gender: Female, HP IV: 11(0%), ATK IV: 6(0%), DEF IV: 18(0%), Work Speed: (0%), Skills: Coward, Diet Lover
Celaray, Level: 14, Rank: 1, Gender: Male, HP IV: 80(0%), ATK IV: 29(0%), DEF IV: 42(0%), Work Speed: (0%), Skills: Slacker
Chillet, Level: 14, Rank: 1, Gender: Male, HP IV: 2(0%), ATK IV: 34(0%), DEF IV: 32(0%), Work Speed: (0%), Skills: Fine Furs
Cinnamoth, Level: 1, Rank: 1, Gender: Male, HP IV: 20(0%), ATK IV: 84(0%), DEF IV: 82(0%), Work Speed: (0%), Skills: Power of Gaia
Cryolinx, Level: 1, Rank: 1, Gender: Female, HP IV: 82(0%), ATK IV: 26(0%), DEF IV: 82(0%), Work Speed: (0%), Skills: Heated Body
Daedream, Level: 9, Rank: 1, Gender: Female, HP IV: 99(0%), ATK IV: 59(0%), DEF IV: 43(0%), Work Speed: (0%), Skills: Ferocious, Work Slave, Suntan Lover
Direhowl, Level: 6, Rank: 1, Gender: Male, HP IV: 1(0%), ATK IV: 12(0%), DEF IV: 94(0%), Work Speed: (0%), Skills: Unstable
Direhowl, Level: 7, Rank: 1, Gender: Male, HP IV: 4(0%), ATK IV: 89(0%), DEF IV: 49(0%), Work Speed: (0%), Skills: Bottomless Stomach
Dumud, Level: 1, Rank: 1, Gender: Male, HP IV: 84(0%), ATK IV: 46(0%), DEF IV: 57(0%), Work Speed: (0%), Skills: Power of Gaia
Dumud, Level: 20, Rank: 1, Gender: Female, HP IV: 26(0%), ATK IV: 28(0%), DEF IV: 30(0%), Work Speed: (0%), Skills: Cheery
Fenglope, Level: 35, Rank: 1, Gender: Female, HP IV: 71(0%), ATK IV: 69(0%), DEF IV: 70(0%), Work Speed: (0%), Skills: Abnormal
Foxparks, Level: 7, Rank: 1, Gender: Female, HP IV: 66(0%), ATK IV: 1(0%), DEF IV: 27(0%), Work Speed: (0%), Skills: Sickly
Foxparks, Level: 8, Rank: 1, Gender: Female, HP IV: 94(0%), ATK IV: 30(0%), DEF IV: 38(0%), Work Speed: (0%), Skills: Masochist
Galeclaw, Level: 7, Rank: 1, Gender: Female, HP IV: 16(0%), ATK IV: 72(0%), DEF IV: 31(0%), Work Speed: (0%), Skills: Cheery, Musclehead, Fragrant Foliage
Hangyu, Level: 1, Rank: 1, Gender: Female, HP IV: 97(0%), ATK IV: 50(0%), DEF IV: 26(0%), Work Speed: (0%), Skills: Sadist
Hoocrates, Level: 4, Rank: 1, Gender: Female, HP IV: 55(0%), ATK IV: 22(0%), DEF IV: 100(0%), Work Speed: (0%), Skills: Ferocious
Kelpsea Ignis, Level: 8, Rank: 1, Gender: Female, HP IV: 68(0%), ATK IV: 83(0%), DEF IV: 73(0%), Work Speed: (0%), Skills: Blood of the Dragon
Kelpsea Ignis, Level: 8, Rank: 1, Gender: Male, HP IV: 42(0%), ATK IV: 1(0%), DEF IV: 52(0%), Work Speed: (0%), Skills: Noble
Kitsun, Level: 11, Rank: 1, Gender: Male, HP IV: 73(0%), ATK IV: 75(0%), DEF IV: 7(0%), Work Speed: (0%), Skills: Unstable
Kitsun, Level: 5, Rank: 1, Gender: Male, HP IV: 59(0%), ATK IV: 85(0%), DEF IV: 58(0%), Work Speed: (0%)
Lamball, Level: 3, Rank: 1, Gender: Female, HP IV: 55(0%), ATK IV: 82(0%), DEF IV: 42(0%), Work Speed: (0%), Skills: Nimble
Lamball, Level: 4, Rank: 1, Gender: Female, HP IV: 70(0%), ATK IV: 3(0%), DEF IV: 46(0%), Work Speed: (0%), Skills: Waterproof
Lamball, Level: 4, Rank: 1, Gender: Male, HP IV: 21(0%), ATK IV: 63(0%), DEF IV: 87(0%), Work Speed: (0%), Skills: Positive Thinker
Lamball, Level: 4, Rank: 1, Gender: Male, HP IV: 53(0%), ATK IV: 16(0%), DEF IV: 26(0%), Work Speed: (0%), Skills: Glutton
Mau Cryst, Level: 1, Rank: 1, Gender: Female, HP IV: 65(0%), ATK IV: 29(0%), DEF IV: 38(0%), Work Speed: (0%), Skills: Fragrant Foliage
Mau Cryst, Level: 4, Rank: 1, Gender: Male, HP IV: 34(0%), ATK IV: 98(0%), DEF IV: 100(0%), Work Speed: (0%), Skills: Bottomless Stomach
Melpaca, Level: 10, Rank: 1, Gender: Male, HP IV: 27(0%), ATK IV: 44(0%), DEF IV: 38(0%), Work Speed: (0%)
Nitewing, Level: 6, Rank: 1, Gender: Female, HP IV: 66(0%), ATK IV: 53(0%), DEF IV: 71(0%), Work Speed: (0%), Skills: Fit as a Fiddle
Nox, Level: 1, Rank: 1, Gender: Male, HP IV: 86(0%), ATK IV: 64(0%), DEF IV: 57(0%), Work Speed: (0%), Skills: Stronghold Strategist
Pengullet, Level: 1, Rank: 1, Gender: Male, HP IV: 84(0%), ATK IV: 68(0%), DEF IV: 98(0%), Work Speed: (0%), Skills: Cheery
Pengullet, Level: 10, Rank: 1, Gender: Female, HP IV: 44(0%), ATK IV: 23(0%), DEF IV: 78(0%), Work Speed: (0%)
Pengullet, Level: 14, Rank: 1, Gender: Female, HP IV: 100(0%), ATK IV: 22(0%), DEF IV: 64(0%), Work Speed: (0%), Skills: Power of Gaia, Pacifist
Pengullet, Level: 4, Rank: 1, Gender: Male, HP IV: 37(0%), ATK IV: 94(0%), DEF IV: 8(0%), Work Speed: (0%), Skills: Zen Mind
Penking, Level: 1, Rank: 1, Gender: Male, HP IV: 13(0%), ATK IV: 89(0%), DEF IV: 0(0%), Work Speed: (0%), Skills: Slacker
Reindrix, Level: 1, Rank: 1, Gender: Male, HP IV: 77(0%), ATK IV: 95(0%), DEF IV: 9(0%), Work Speed: (0%), Skills: Logging Foreman
Rushoar, Level: 2, Rank: 1, Gender: Female, HP IV: 85(0%), ATK IV: 71(0%), DEF IV: 32(0%), Work Speed: (0%), Skills: Mine Foreman
Rushoar, Level: 2, Rank: 1, Gender: Male, HP IV: 54(0%), ATK IV: 72(0%), DEF IV: 59(0%), Work Speed: (0%), Skills: Glutton
Teafant, Level: 6, Rank: 1, Gender: Female, HP IV: 18(0%), ATK IV: 26(0%), DEF IV: 9(0%), Work Speed: (0%)
Tocotoco, Level: 11, Rank: 1, Gender: Male, HP IV: 43(0%), ATK IV: 63(15%), DEF IV: 33(0%), Work Speed: (0%), Skills: Shabby
Vanwyrm Cryst, Level: 12, Rank: 1, Gender: Female, HP IV: 18(0%), ATK IV: 3(0%), DEF IV: 51(0%), Work Speed: (0%), Skills: Sickly
Vanwyrm Cryst, Level: 8, Rank: 1, Gender: Male, HP IV: 10(0%), ATK IV: 69(0%), DEF IV: 13(0%), Work Speed: (0%), Skills: Insulated Body, Veil of Darkness
Cheech8367's 49 Pals
--------------------
Alpha Chillet, Level: 11, Rank: 1, Gender: Female, HP IV: 56(0%), ATK IV: 82(0%), DEF IV: 66(0%), Work Speed: (0%), Skills: Suntan Lover
Alpha Chillet, Level: 11, Rank: 1, Gender: Male, HP IV: 60(0%), ATK IV: 67(0%), DEF IV: 97(0%), Work Speed: (0%), Skills: Stronghold Strategist
Alpha Cinnamoth, Level: 1, Rank: 1, Gender: Male, HP IV: 57(0%), ATK IV: 63(0%), DEF IV: 86(0%), Work Speed: (0%), Skills: Heated Body
Alpha Loupmoon, Level: 2, Rank: 1, Gender: Male, HP IV: 75(0%), ATK IV: 73(0%), DEF IV: 88(0%), Work Speed: (0%), Skills: Mercy hit
Alpha Mau cryst, Level: 1, Rank: 1, Gender: Male, HP IV: 66(0%), ATK IV: 55(0%), DEF IV: 100(0%), Work Speed: (0%), Skills: Logging Foreman
Arsox, Level: 15, Rank: 1, Gender: Male, HP IV: 58(0%), ATK IV: 27(0%), DEF IV: 42(0%), Work Speed: (0%), Skills: Dainty Eater
Bristla, Level: 4, Rank: 1, Gender: Female, HP IV: 54(0%), ATK IV: 54(0%), DEF IV: 19(0%), Work Speed: (0%), Skills: Pyromaniac
Caprity, Level: 11, Rank: 1, Gender: Male, HP IV: 23(0%), ATK IV: 34(0%), DEF IV: 22(0%), Work Speed: (0%), Skills: Insulated Body, Shabby
Cattiva, Level: 6, Rank: 1, Gender: Female, HP IV: 11(0%), ATK IV: 6(0%), DEF IV: 18(0%), Work Speed: (0%), Skills: Coward, Diet Lover
Celaray, Level: 14, Rank: 1, Gender: Male, HP IV: 80(0%), ATK IV: 29(0%), DEF IV: 42(0%), Work Speed: (0%), Skills: Slacker
Chillet, Level: 14, Rank: 1, Gender: Male, HP IV: 2(0%), ATK IV: 34(0%), DEF IV: 32(0%), Work Speed: (0%), Skills: Fine Furs
Cinnamoth, Level: 1, Rank: 1, Gender: Male, HP IV: 20(0%), ATK IV: 84(0%), DEF IV: 82(0%), Work Speed: (0%), Skills: Power of Gaia
Cryolinx, Level: 1, Rank: 1, Gender: Female, HP IV: 82(0%), ATK IV: 26(0%), DEF IV: 82(0%), Work Speed: (0%), Skills: Heated Body
Daedream, Level: 9, Rank: 1, Gender: Female, HP IV: 99(0%), ATK IV: 59(0%), DEF IV: 43(0%), Work Speed: (0%), Skills: Ferocious, Work Slave, Suntan Lover
Direhowl, Level: 6, Rank: 1, Gender: Male, HP IV: 1(0%), ATK IV: 12(0%), DEF IV: 94(0%), Work Speed: (0%), Skills: Unstable
Direhowl, Level: 7, Rank: 1, Gender: Male, HP IV: 4(0%), ATK IV: 89(0%), DEF IV: 49(0%), Work Speed: (0%), Skills: Bottomless Stomach
Dumud, Level: 1, Rank: 1, Gender: Male, HP IV: 84(0%), ATK IV: 46(0%), DEF IV: 57(0%), Work Speed: (0%), Skills: Power of Gaia
Dumud, Level: 20, Rank: 1, Gender: Female, HP IV: 26(0%), ATK IV: 28(0%), DEF IV: 30(0%), Work Speed: (0%), Skills: Cheery
Fenglope, Level: 35, Rank: 1, Gender: Female, HP IV: 71(0%), ATK IV: 69(0%), DEF IV: 70(0%), Work Speed: (0%), Skills: Abnormal
Foxparks, Level: 7, Rank: 1, Gender: Female, HP IV: 66(0%), ATK IV: 1(0%), DEF IV: 27(0%), Work Speed: (0%), Skills: Sickly
Foxparks, Level: 8, Rank: 1, Gender: Female, HP IV: 94(0%), ATK IV: 30(0%), DEF IV: 38(0%), Work Speed: (0%), Skills: Masochist
Galeclaw, Level: 7, Rank: 1, Gender: Female, HP IV: 16(0%), ATK IV: 72(0%), DEF IV: 31(0%), Work Speed: (0%), Skills: Cheery, Musclehead, Fragrant Foliage
Hangyu, Level: 1, Rank: 1, Gender: Female, HP IV: 97(0%), ATK IV: 50(0%), DEF IV: 26(0%), Work Speed: (0%), Skills: Sadist
Hoocrates, Level: 4, Rank: 1, Gender: Female, HP IV: 55(0%), ATK IV: 22(0%), DEF IV: 100(0%), Work Speed: (0%), Skills: Ferocious
Kelpsea Ignis, Level: 8, Rank: 1, Gender: Female, HP IV: 68(0%), ATK IV: 83(0%), DEF IV: 73(0%), Work Speed: (0%), Skills: Blood of the Dragon
Kelpsea Ignis, Level: 8, Rank: 1, Gender: Male, HP IV: 42(0%), ATK IV: 1(0%), DEF IV: 52(0%), Work Speed: (0%), Skills: Noble
Kitsun, Level: 11, Rank: 1, Gender: Male, HP IV: 73(0%), ATK IV: 75(0%), DEF IV: 7(0%), Work Speed: (0%), Skills: Unstable
Kitsun, Level: 5, Rank: 1, Gender: Male, HP IV: 59(0%), ATK IV: 85(0%), DEF IV: 58(0%), Work Speed: (0%)
Lamball, Level: 3, Rank: 1, Gender: Female, HP IV: 55(0%), ATK IV: 82(0%), DEF IV: 42(0%), Work Speed: (0%), Skills: Nimble
Lamball, Level: 4, Rank: 1, Gender: Female, HP IV: 70(0%), ATK IV: 3(0%), DEF IV: 46(0%), Work Speed: (0%), Skills: Waterproof
Lamball, Level: 4, Rank: 1, Gender: Male, HP IV: 21(0%), ATK IV: 63(0%), DEF IV: 87(0%), Work Speed: (0%), Skills: Positive Thinker
Lamball, Level: 4, Rank: 1, Gender: Male, HP IV: 53(0%), ATK IV: 16(0%), DEF IV: 26(0%), Work Speed: (0%), Skills: Glutton
Mau Cryst, Level: 1, Rank: 1, Gender: Female, HP IV: 65(0%), ATK IV: 29(0%), DEF IV: 38(0%), Work Speed: (0%), Skills: Fragrant Foliage
Mau Cryst, Level: 4, Rank: 1, Gender: Male, HP IV: 34(0%), ATK IV: 98(0%), DEF IV: 100(0%), Work Speed: (0%), Skills: Bottomless Stomach
Melpaca, Level: 10, Rank: 1, Gender: Male, HP IV: 27(0%), ATK IV: 44(0%), DEF IV: 38(0%), Work Speed: (0%)
Nitewing, Level: 6, Rank: 1, Gender: Female, HP IV: 66(0%), ATK IV: 53(0%), DEF IV: 71(0%), Work Speed: (0%), Skills: Fit as a Fiddle
Nox, Level: 1, Rank: 1, Gender: Male, HP IV: 86(0%), ATK IV: 64(0%), DEF IV: 57(0%), Work Speed: (0%), Skills: Stronghold Strategist
Pengullet, Level: 1, Rank: 1, Gender: Male, HP IV: 84(0%), ATK IV: 68(0%), DEF IV: 98(0%), Work Speed: (0%), Skills: Cheery
Pengullet, Level: 10, Rank: 1, Gender: Female, HP IV: 44(0%), ATK IV: 23(0%), DEF IV: 78(0%), Work Speed: (0%)
Pengullet, Level: 14, Rank: 1, Gender: Female, HP IV: 100(0%), ATK IV: 22(0%), DEF IV: 64(0%), Work Speed: (0%), Skills: Power of Gaia, Pacifist
Pengullet, Level: 4, Rank: 1, Gender: Male, HP IV: 37(0%), ATK IV: 94(0%), DEF IV: 8(0%), Work Speed: (0%), Skills: Zen Mind
Penking, Level: 1, Rank: 1, Gender: Male, HP IV: 13(0%), ATK IV: 89(0%), DEF IV: 0(0%), Work Speed: (0%), Skills: Slacker
Reindrix, Level: 1, Rank: 1, Gender: Male, HP IV: 77(0%), ATK IV: 95(0%), DEF IV: 9(0%), Work Speed: (0%), Skills: Logging Foreman
Rushoar, Level: 2, Rank: 1, Gender: Female, HP IV: 85(0%), ATK IV: 71(0%), DEF IV: 32(0%), Work Speed: (0%), Skills: Mine Foreman
Rushoar, Level: 2, Rank: 1, Gender: Male, HP IV: 54(0%), ATK IV: 72(0%), DEF IV: 59(0%), Work Speed: (0%), Skills: Glutton
Teafant, Level: 6, Rank: 1, Gender: Female, HP IV: 18(0%), ATK IV: 26(0%), DEF IV: 9(0%), Work Speed: (0%)
Tocotoco, Level: 11, Rank: 1, Gender: Male, HP IV: 43(0%), ATK IV: 63(15%), DEF IV: 33(0%), Work Speed: (0%), Skills: Shabby
Vanwyrm Cryst, Level: 12, Rank: 1, Gender: Female, HP IV: 18(0%), ATK IV: 3(0%), DEF IV: 51(0%), Work Speed: (0%), Skills: Sickly
Vanwyrm Cryst, Level: 8, Rank: 1, Gender: Male, HP IV: 10(0%), ATK IV: 69(0%), DEF IV: 13(0%), Work Speed: (0%), Skills: Insulated Body, Veil of Darkness
Cheech8367's 49 Pals
--------------------
Alpha Chillet, Level: 11, Rank: 1, Gender: Female, HP IV: 56(0%), ATK IV: 82(0%), DEF IV: 66(0%), Work Speed: (0%), Skills: Suntan Lover
Alpha Chillet, Level: 11, Rank: 1, Gender: Male, HP IV: 60(0%), ATK IV: 67(0%), DEF IV: 97(0%), Work Speed: (0%), Skills: Stronghold Strategist
Alpha Cinnamoth, Level: 1, Rank: 1, Gender: Male, HP IV: 57(0%), ATK IV: 63(0%), DEF IV: 86(0%), Work Speed: (0%), Skills: Heated Body
Alpha Loupmoon, Level: 2, Rank: 1, Gender: Male, HP IV: 75(0%), ATK IV: 73(0%), DEF IV: 88(0%), Work Speed: (0%), Skills: Mercy hit
Alpha Mau cryst, Level: 1, Rank: 1, Gender: Male, HP IV: 66(0%), ATK IV: 55(0%), DEF IV: 100(0%), Work Speed: (0%), Skills: Logging Foreman
Arsox, Level: 15, Rank: 1, Gender: Male, HP IV: 58(0%), ATK IV: 27(0%), DEF IV: 42(0%), Work Speed: (0%), Skills: Dainty Eater
Bristla, Level: 4, Rank: 1, Gender: Female, HP IV: 54(0%), ATK IV: 54(0%), DEF IV: 19(0%), Work Speed: (0%), Skills: Pyromaniac
Caprity, Level: 11, Rank: 1, Gender: Male, HP IV: 23(0%), ATK IV: 34(0%), DEF IV: 22(0%), Work Speed: (0%), Skills: Insulated Body, Shabby
Cattiva, Level: 6, Rank: 1, Gender: Female, HP IV: 11(0%), ATK IV: 6(0%), DEF IV: 18(0%), Work Speed: (0%), Skills: Coward, Diet Lover
Celaray, Level: 14, Rank: 1, Gender: Male, HP IV: 80(0%), ATK IV: 29(0%), DEF IV: 42(0%), Work Speed: (0%), Skills: Slacker
Chillet, Level: 14, Rank: 1, Gender: Male, HP IV: 2(0%), ATK IV: 34(0%), DEF IV: 32(0%), Work Speed: (0%), Skills: Fine Furs
Cinnamoth, Level: 1, Rank: 1, Gender: Male, HP IV: 20(0%), ATK IV: 84(0%), DEF IV: 82(0%), Work Speed: (0%), Skills: Power of Gaia
Cryolinx, Level: 1, Rank: 1, Gender: Female, HP IV: 82(0%), ATK IV: 26(0%), DEF IV: 82(0%), Work Speed: (0%), Skills: Heated Body
Daedream, Level: 9, Rank: 1, Gender: Female, HP IV: 99(0%), ATK IV: 59(0%), DEF IV: 43(0%), Work Speed: (0%), Skills: Ferocious, Work Slave, Suntan Lover
Direhowl, Level: 6, Rank: 1, Gender: Male, HP IV: 1(0%), ATK IV: 12(0%), DEF IV: 94(0%), Work Speed: (0%), Skills: Unstable
Direhowl, Level: 7, Rank: 1, Gender: Male, HP IV: 4(0%), ATK IV: 89(0%), DEF IV: 49(0%), Work Speed: (0%), Skills: Bottomless Stomach
Dumud, Level: 1, Rank: 1, Gender: Male, HP IV: 84(0%), ATK IV: 46(0%), DEF IV: 57(0%), Work Speed: (0%), Skills: Power of Gaia
Dumud, Level: 20, Rank: 1, Gender: Female, HP IV: 26(0%), ATK IV: 28(0%), DEF IV: 30(0%), Work Speed: (0%), Skills: Cheery
Fenglope, Level: 35, Rank: 1, Gender: Female, HP IV: 71(0%), ATK IV: 69(0%), DEF IV: 70(0%), Work Speed: (0%), Skills: Abnormal
Foxparks, Level: 7, Rank: 1, Gender: Female, HP IV: 66(0%), ATK IV: 1(0%), DEF IV: 27(0%), Work Speed: (0%), Skills: Sickly
Foxparks, Level: 8, Rank: 1, Gender: Female, HP IV: 94(0%), ATK IV: 30(0%), DEF IV: 38(0%), Work Speed: (0%), Skills: Masochist
Galeclaw, Level: 7, Rank: 1, Gender: Female, HP IV: 16(0%), ATK IV: 72(0%), DEF IV: 31(0%), Work Speed: (0%), Skills: Cheery, Musclehead, Fragrant Foliage
Hangyu, Level: 1, Rank: 1, Gender: Female, HP IV: 97(0%), ATK IV: 50(0%), DEF IV: 26(0%), Work Speed: (0%), Skills: Sadist
Hoocrates, Level: 4, Rank: 1, Gender: Female, HP IV: 55(0%), ATK IV: 22(0%), DEF IV: 100(0%), Work Speed: (0%), Skills: Ferocious
Kelpsea Ignis, Level: 8, Rank: 1, Gender: Female, HP IV: 68(0%), ATK IV: 83(0%), DEF IV: 73(0%), Work Speed: (0%), Skills: Blood of the Dragon
Kelpsea Ignis, Level: 8, Rank: 1, Gender: Male, HP IV: 42(0%), ATK IV: 1(0%), DEF IV: 52(0%), Work Speed: (0%), Skills: Noble
Kitsun, Level: 11, Rank: 1, Gender: Male, HP IV: 73(0%), ATK IV: 75(0%), DEF IV: 7(0%), Work Speed: (0%), Skills: Unstable
Kitsun, Level: 5, Rank: 1, Gender: Male, HP IV: 59(0%), ATK IV: 85(0%), DEF IV: 58(0%), Work Speed: (0%)
Lamball, Level: 3, Rank: 1, Gender: Female, HP IV: 55(0%), ATK IV: 82(0%), DEF IV: 42(0%), Work Speed: (0%), Skills: Nimble
Lamball, Level: 4, Rank: 1, Gender: Female, HP IV: 70(0%), ATK IV: 3(0%), DEF IV: 46(0%), Work Speed: (0%), Skills: Waterproof
Lamball, Level: 4, Rank: 1, Gender: Male, HP IV: 21(0%), ATK IV: 63(0%), DEF IV: 87(0%), Work Speed: (0%), Skills: Positive Thinker
Lamball, Level: 4, Rank: 1, Gender: Male, HP IV: 53(0%), ATK IV: 16(0%), DEF IV: 26(0%), Work Speed: (0%), Skills: Glutton
Mau Cryst, Level: 1, Rank: 1, Gender: Female, HP IV: 65(0%), ATK IV: 29(0%), DEF IV: 38(0%), Work Speed: (0%), Skills: Fragrant Foliage
Mau Cryst, Level: 4, Rank: 1, Gender: Male, HP IV: 34(0%), ATK IV: 98(0%), DEF IV: 100(0%), Work Speed: (0%), Skills: Bottomless Stomach
Melpaca, Level: 10, Rank: 1, Gender: Male, HP IV: 27(0%), ATK IV: 44(0%), DEF IV: 38(0%), Work Speed: (0%)
Nitewing, Level: 6, Rank: 1, Gender: Female, HP IV: 66(0%), ATK IV: 53(0%), DEF IV: 71(0%), Work Speed: (0%), Skills: Fit as a Fiddle
Nox, Level: 1, Rank: 1, Gender: Male, HP IV: 86(0%), ATK IV: 64(0%), DEF IV: 57(0%), Work Speed: (0%), Skills: Stronghold Strategist
Pengullet, Level: 1, Rank: 1, Gender: Male, HP IV: 84(0%), ATK IV: 68(0%), DEF IV: 98(0%), Work Speed: (0%), Skills: Cheery
Pengullet, Level: 10, Rank: 1, Gender: Female, HP IV: 44(0%), ATK IV: 23(0%), DEF IV: 78(0%), Work Speed: (0%)
Pengullet, Level: 14, Rank: 1, Gender: Female, HP IV: 100(0%), ATK IV: 22(0%), DEF IV: 64(0%), Work Speed: (0%), Skills: Power of Gaia, Pacifist
Pengullet, Level: 4, Rank: 1, Gender: Male, HP IV: 37(0%), ATK IV: 94(0%), DEF IV: 8(0%), Work Speed: (0%), Skills: Zen Mind
Penking, Level: 1, Rank: 1, Gender: Male, HP IV: 13(0%), ATK IV: 89(0%), DEF IV: 0(0%), Work Speed: (0%), Skills: Slacker
Reindrix, Level: 1, Rank: 1, Gender: Male, HP IV: 77(0%), ATK IV: 95(0%), DEF IV: 9(0%), Work Speed: (0%), Skills: Logging Foreman
Rushoar, Level: 2, Rank: 1, Gender: Female, HP IV: 85(0%), ATK IV: 71(0%), DEF IV: 32(0%), Work Speed: (0%), Skills: Mine Foreman
Rushoar, Level: 2, Rank: 1, Gender: Male, HP IV: 54(0%), ATK IV: 72(0%), DEF IV: 59(0%), Work Speed: (0%), Skills: Glutton
Teafant, Level: 6, Rank: 1, Gender: Female, HP IV: 18(0%), ATK IV: 26(0%), DEF IV: 9(0%), Work Speed: (0%)
Tocotoco, Level: 11, Rank: 1, Gender: Male, HP IV: 43(0%), ATK IV: 63(15%), DEF IV: 33(0%), Work Speed: (0%), Skills: Shabby
Vanwyrm Cryst, Level: 12, Rank: 1, Gender: Female, HP IV: 18(0%), ATK IV: 3(0%), DEF IV: 51(0%), Work Speed: (0%), Skills: Sickly
Vanwyrm Cryst, Level: 8, Rank: 1, Gender: Male, HP IV: 10(0%), ATK IV: 69(0%), DEF IV: 13(0%), Work Speed: (0%), Skills: Insulated Body, Veil of Darkness
Cheech8367's 49 Pals
--------------------
Alpha Chillet, Level: 11, Rank: 1, Gender: Female, HP IV: 56(0%), ATK IV: 82(0%), DEF IV: 66(0%), Work Speed: (0%), Skills: Suntan Lover
Alpha Chillet, Level: 11, Rank: 1, Gender: Male, HP IV: 60(0%), ATK IV: 67(0%), DEF IV: 97(0%), Work Speed: (0%), Skills: Stronghold Strategist
Alpha Cinnamoth, Level: 1, Rank: 1, Gender: Male, HP IV: 57(0%), ATK IV: 63(0%), DEF IV: 86(0%), Work Speed: (0%), Skills: Heated Body
Alpha Loupmoon, Level: 2, Rank: 1, Gender: Male, HP IV: 75(0%), ATK IV: 73(0%), DEF IV: 88(0%), Work Speed: (0%), Skills: Mercy hit
Alpha Mau cryst, Level: 1, Rank: 1, Gender: Male, HP IV: 66(0%), ATK IV: 55(0%), DEF IV: 100(0%), Work Speed: (0%), Skills: Logging Foreman
Arsox, Level: 15, Rank: 1, Gender: Male, HP IV: 58(0%), ATK IV: 27(0%), DEF IV: 42(0%), Work Speed: (0%), Skills: Dainty Eater
Bristla, Level: 4, Rank: 1, Gender: Female, HP IV: 54(0%), ATK IV: 54(0%), DEF IV: 19(0%), Work Speed: (0%), Skills: Pyromaniac
Caprity, Level: 11, Rank: 1, Gender: Male, HP IV: 23(0%), ATK IV: 34(0%), DEF IV: 22(0%), Work Speed: (0%), Skills: Insulated Body, Shabby
Cattiva, Level: 6, Rank: 1, Gender: Female, HP IV: 11(0%), ATK IV: 6(0%), DEF IV: 18(0%), Work Speed: (0%), Skills: Coward, Diet Lover
Celaray, Level: 14, Rank: 1, Gender: Male, HP IV: 80(0%), ATK IV: 29(0%), DEF IV: 42(0%), Work Speed: (0%), Skills: Slacker
Chillet, Level: 14, Rank: 1, Gender: Male, HP IV: 2(0%), ATK IV: 34(0%), DEF IV: 32(0%), Work Speed: (0%), Skills: Fine Furs
Cinnamoth, Level: 1, Rank: 1, Gender: Male, HP IV: 20(0%), ATK IV: 84(0%), DEF IV: 82(0%), Work Speed: (0%), Skills: Power of Gaia
Cryolinx, Level: 1, Rank: 1, Gender: Female, HP IV: 82(0%), ATK IV: 26(0%), DEF IV: 82(0%), Work Speed: (0%), Skills: Heated Body
Daedream, Level: 9, Rank: 1, Gender: Female, HP IV: 99(0%), ATK IV: 59(0%), DEF IV: 43(0%), Work Speed: (0%), Skills: Ferocious, Work Slave, Suntan Lover
Direhowl, Level: 6, Rank: 1, Gender: Male, HP IV: 1(0%), ATK IV: 12(0%), DEF IV: 94(0%), Work Speed: (0%), Skills: Unstable
Direhowl, Level: 7, Rank: 1, Gender: Male, HP IV: 4(0%), ATK IV: 89(0%), DEF IV: 49(0%), Work Speed: (0%), Skills: Bottomless Stomach
Dumud, Level: 1, Rank: 1, Gender: Male, HP IV: 84(0%), ATK IV: 46(0%), DEF IV: 57(0%), Work Speed: (0%), Skills: Power of Gaia
Dumud, Level: 20, Rank: 1, Gender: Female, HP IV: 26(0%), ATK IV: 28(0%), DEF IV: 30(0%), Work Speed: (0%), Skills: Cheery
Fenglope, Level: 35, Rank: 1, Gender: Female, HP IV: 71(0%), ATK IV: 69(0%), DEF IV: 70(0%), Work Speed: (0%), Skills: Abnormal
Foxparks, Level: 7, Rank: 1, Gender: Female, HP IV: 66(0%), ATK IV: 1(0%), DEF IV: 27(0%), Work Speed: (0%), Skills: Sickly
Foxparks, Level: 8, Rank: 1, Gender: Female, HP IV: 94(0%), ATK IV: 30(0%), DEF IV: 38(0%), Work Speed: (0%), Skills: Masochist
Galeclaw, Level: 7, Rank: 1, Gender: Female, HP IV: 16(0%), ATK IV: 72(0%), DEF IV: 31(0%), Work Speed: (0%), Skills: Cheery, Musclehead, Fragrant Foliage
Hangyu, Level: 1, Rank: 1, Gender: Female, HP IV: 97(0%), ATK IV: 50(0%), DEF IV: 26(0%), Work Speed: (0%), Skills: Sadist
Hoocrates, Level: 4, Rank: 1, Gender: Female, HP IV: 55(0%), ATK IV: 22(0%), DEF IV: 100(0%), Work Speed: (0%), Skills: Ferocious
Kelpsea Ignis, Level: 8, Rank: 1, Gender: Female, HP IV: 68(0%), ATK IV: 83(0%), DEF IV: 73(0%), Work Speed: (0%), Skills: Blood of the Dragon
Kelpsea Ignis, Level: 8, Rank: 1, Gender: Male, HP IV: 42(0%), ATK IV: 1(0%), DEF IV: 52(0%), Work Speed: (0%), Skills: Noble
Kitsun, Level: 11, Rank: 1, Gender: Male, HP IV: 73(0%), ATK IV: 75(0%), DEF IV: 7(0%), Work Speed: (0%), Skills: Unstable
Kitsun, Level: 5, Rank: 1, Gender: Male, HP IV: 59(0%), ATK IV: 85(0%), DEF IV: 58(0%), Work Speed: (0%)
Lamball, Level: 3, Rank: 1, Gender: Female, HP IV: 55(0%), ATK IV: 82(0%), DEF IV: 42(0%), Work Speed: (0%), Skills: Nimble
Lamball, Level: 4, Rank: 1, Gender: Female, HP IV: 70(0%), ATK IV: 3(0%), DEF IV: 46(0%), Work Speed: (0%), Skills: Waterproof
Lamball, Level: 4, Rank: 1, Gender: Male, HP IV: 21(0%), ATK IV: 63(0%), DEF IV: 87(0%), Work Speed: (0%), Skills: Positive Thinker
Lamball, Level: 4, Rank: 1, Gender: Male, HP IV: 53(0%), ATK IV: 16(0%), DEF IV: 26(0%), Work Speed: (0%), Skills: Glutton
Mau Cryst, Level: 1, Rank: 1, Gender: Female, HP IV: 65(0%), ATK IV: 29(0%), DEF IV: 38(0%), Work Speed: (0%), Skills: Fragrant Foliage
Mau Cryst, Level: 4, Rank: 1, Gender: Male, HP IV: 34(0%), ATK IV: 98(0%), DEF IV: 100(0%), Work Speed: (0%), Skills: Bottomless Stomach
Melpaca, Level: 10, Rank: 1, Gender: Male, HP IV: 27(0%), ATK IV: 44(0%), DEF IV: 38(0%), Work Speed: (0%)
Nitewing, Level: 6, Rank: 1, Gender: Female, HP IV: 66(0%), ATK IV: 53(0%), DEF IV: 71(0%), Work Speed: (0%), Skills: Fit as a Fiddle
Nox, Level: 1, Rank: 1, Gender: Male, HP IV: 86(0%), ATK IV: 64(0%), DEF IV: 57(0%), Work Speed: (0%), Skills: Stronghold Strategist
Pengullet, Level: 1, Rank: 1, Gender: Male, HP IV: 84(0%), ATK IV: 68(0%), DEF IV: 98(0%), Work Speed: (0%), Skills: Cheery
Pengullet, Level: 10, Rank: 1, Gender: Female, HP IV: 44(0%), ATK IV: 23(0%), DEF IV: 78(0%), Work Speed: (0%)
Pengullet, Level: 14, Rank: 1, Gender: Female, HP IV: 100(0%), ATK IV: 22(0%), DEF IV: 64(0%), Work Speed: (0%), Skills: Power of Gaia, Pacifist
Pengullet, Level: 4, Rank: 1, Gender: Male, HP IV: 37(0%), ATK IV: 94(0%), DEF IV: 8(0%), Work Speed: (0%), Skills: Zen Mind
Penking, Level: 1, Rank: 1, Gender: Male, HP IV: 13(0%), ATK IV: 89(0%), DEF IV: 0(0%), Work Speed: (0%), Skills: Slacker
Reindrix, Level: 1, Rank: 1, Gender: Male, HP IV: 77(0%), ATK IV: 95(0%), DEF IV: 9(0%), Work Speed: (0%), Skills: Logging Foreman
Rushoar, Level: 2, Rank: 1, Gender: Female, HP IV: 85(0%), ATK IV: 71(0%), DEF IV: 32(0%), Work Speed: (0%), Skills: Mine Foreman
Rushoar, Level: 2, Rank: 1, Gender: Male, HP IV: 54(0%), ATK IV: 72(0%), DEF IV: 59(0%), Work Speed: (0%), Skills: Glutton
Teafant, Level: 6, Rank: 1, Gender: Female, HP IV: 18(0%), ATK IV: 26(0%), DEF IV: 9(0%), Work Speed: (0%)
Tocotoco, Level: 11, Rank: 1, Gender: Male, HP IV: 43(0%), ATK IV: 63(15%), DEF IV: 33(0%), Work Speed: (0%), Skills: Shabby
Vanwyrm Cryst, Level: 12, Rank: 1, Gender: Female, HP IV: 18(0%), ATK IV: 3(0%), DEF IV: 51(0%), Work Speed: (0%), Skills: Sickly
Vanwyrm Cryst, Level: 8, Rank: 1, Gender: Male, HP IV: 10(0%), ATK IV: 69(0%), DEF IV: 13(0%), Work Speed: (0%), Skills: Insulated Body, Veil of Darkness
