chickennuggets's 3 Pals
-----------------------
Bellanoir Libero, Level: 3, Rank: 1, Gender: Female, HP IV: 98(0%), ATK IV: 68(0%), DEF IV: 2(0%), Work Speed: (0%), Skills: Impatient, Serenity
Blazamut Ryu, Level: 3, Rank: 1, Gender: Male, HP IV: 58(0%), ATK IV: 31(0%), DEF IV: 13(0%), Work Speed: (0%), Skills: Nimble
Mossanda, Level: 28, Rank: 1, Gender: Female, HP IV: 54(0%), ATK IV: 19(0%), DEF IV: 42(0%), Work Speed: (0%), Skills: Waterproof
chickennuggets's 3 Pals
-----------------------
Bellanoir Libero, Level: 3, Rank: 1, Gender: Female, HP IV: 98(0%), ATK IV: 68(0%), DEF IV: 2(0%), Work Speed: (0%), Skills: Impatient, Serenity
Blazamut Ryu, Level: 3, Rank: 1, Gender: Male, HP IV: 58(0%), ATK IV: 31(0%), DEF IV: 13(0%), Work Speed: (0%), Skills: Nimble
Mossanda, Level: 28, Rank: 1, Gender: Female, HP IV: 54(0%), ATK IV: 19(0%), DEF IV: 42(0%), Work Speed: (0%), Skills: Waterproof
chickennuggets's 3 Pals
-----------------------
Bellanoir Libero, Level: 3, Rank: 1, Gender: Female, HP IV: 98(0%), ATK IV: 68(0%), DEF IV: 2(0%), Work Speed: (0%), Skills: Impatient, Serenity
Blazamut Ryu, Level: 3, Rank: 1, Gender: Male, HP IV: 58(0%), ATK IV: 31(0%), DEF IV: 13(0%), Work Speed: (0%), Skills: Nimble
Mossanda, Level: 28, Rank: 1, Gender: Female, HP IV: 54(0%), ATK IV: 19(0%), DEF IV: 42(0%), Work Speed: (0%), Skills: Waterproof
chickennuggets's 3 Pals
-----------------------
Bellanoir Libero, Level: 3, Rank: 1, Gender: Female, HP IV: 98(0%), ATK IV: 68(0%), DEF IV: 2(0%), Work Speed: (0%), Skills: Impatient, Serenity
Blazamut Ryu, Level: 3, Rank: 1, Gender: Male, HP IV: 58(0%), ATK IV: 31(0%), DEF IV: 13(0%), Work Speed: (0%), Skills: Nimble
Mossanda, Level: 28, Rank: 1, Gender: Female, HP IV: 54(0%), ATK IV: 19(0%), DEF IV: 42(0%), Work Speed: (0%), Skills: Waterproof
chickennuggets's 3 Pals
-----------------------
Bellanoir Libero, Level: 3, Rank: 1, Gender: Female, HP IV: 98(0%), ATK IV: 68(0%), DEF IV: 2(0%), Work Speed: (0%), Skills: Impatient, Serenity
Blazamut Ryu, Level: 3, Rank: 1, Gender: Male, HP IV: 58(0%), ATK IV: 31(0%), DEF IV: 13(0%), Work Speed: (0%), Skills: Nimble
Mossanda, Level: 28, Rank: 1, Gender: Female, HP IV: 54(0%), ATK IV: 19(0%), DEF IV: 42(0%), Work Speed: (0%), Skills: Waterproof
chickennuggets's 3 Pals
-----------------------
Bellanoir Libero, Level: 3, Rank: 1, Gender: Female, HP IV: 98(0%), ATK IV: 68(0%), DEF IV: 2(0%), Work Speed: (0%), Skills: Impatient, Serenity
Blazamut Ryu, Level: 3, Rank: 1, Gender: Male, HP IV: 58(0%), ATK IV: 31(0%), DEF IV: 13(0%), Work Speed: (0%), Skills: Nimble
Mossanda, Level: 28, Rank: 1, Gender: Female, HP IV: 54(0%), ATK IV: 19(0%), DEF IV: 42(0%), Work Speed: (0%), Skills: Waterproof
chickennuggets's 3 Pals
-----------------------
Bellanoir Libero, Level: 3, Rank: 1, Gender: Female, HP IV: 98(0%), ATK IV: 68(0%), DEF IV: 2(0%), Work Speed: (0%), Skills: Impatient, Serenity
Blazamut Ryu, Level: 3, Rank: 1, Gender: Male, HP IV: 58(0%), ATK IV: 31(0%), DEF IV: 13(0%), Work Speed: (0%), Skills: Nimble
Mossanda, Level: 28, Rank: 1, Gender: Female, HP IV: 54(0%), ATK IV: 19(0%), DEF IV: 42(0%), Work Speed: (0%), Skills: Waterproof
chickennuggets's 3 Pals
-----------------------
Bellanoir Libero, Level: 3, Rank: 1, Gender: Female, HP IV: 98(0%), ATK IV: 68(0%), DEF IV: 2(0%), Work Speed: (0%), Skills: Impatient, Serenity
Blazamut Ryu, Level: 3, Rank: 1, Gender: Male, HP IV: 58(0%), ATK IV: 31(0%), DEF IV: 13(0%), Work Speed: (0%), Skills: Nimble
Mossanda, Level: 28, Rank: 1, Gender: Female, HP IV: 54(0%), ATK IV: 19(0%), DEF IV: 42(0%), Work Speed: (0%), Skills: Waterproof
chickennuggets's 3 Pals
-----------------------
Bellanoir Libero, Level: 3, Rank: 1, Gender: Female, HP IV: 98(0%), ATK IV: 68(0%), DEF IV: 2(0%), Work Speed: (0%), Skills: Impatient, Serenity
Blazamut Ryu, Level: 3, Rank: 1, Gender: Male, HP IV: 58(0%), ATK IV: 31(0%), DEF IV: 13(0%), Work Speed: (0%), Skills: Nimble
Mossanda, Level: 28, Rank: 1, Gender: Female, HP IV: 54(0%), ATK IV: 19(0%), DEF IV: 42(0%), Work Speed: (0%), Skills: Waterproof
chickennuggets's 3 Pals
-----------------------
Bellanoir Libero, Level: 3, Rank: 1, Gender: Female, HP IV: 98(0%), ATK IV: 68(0%), DEF IV: 2(0%), Work Speed: (0%), Skills: Impatient, Serenity
Blazamut Ryu, Level: 3, Rank: 1, Gender: Male, HP IV: 58(0%), ATK IV: 31(0%), DEF IV: 13(0%), Work Speed: (0%), Skills: Nimble
Mossanda, Level: 28, Rank: 1, Gender: Female, HP IV: 54(0%), ATK IV: 19(0%), DEF IV: 42(0%), Work Speed: (0%), Skills: Waterproof
chickennuggets's 3 Pals
-----------------------
Bellanoir Libero, Level: 3, Rank: 1, Gender: Female, HP IV: 98(0%), ATK IV: 68(0%), DEF IV: 2(0%), Work Speed: (0%), Skills: Impatient, Serenity
Blazamut Ryu, Level: 3, Rank: 1, Gender: Male, HP IV: 58(0%), ATK IV: 31(0%), DEF IV: 13(0%), Work Speed: (0%), Skills: Nimble
Mossanda, Level: 28, Rank: 1, Gender: Female, HP IV: 54(0%), ATK IV: 19(0%), DEF IV: 42(0%), Work Speed: (0%), Skills: Waterproof
chickennuggets's 3 Pals
-----------------------
Bellanoir Libero, Level: 3, Rank: 1, Gender: Female, HP IV: 98(0%), ATK IV: 68(0%), DEF IV: 2(0%), Work Speed: (0%), Skills: Impatient, Serenity
Blazamut Ryu, Level: 3, Rank: 1, Gender: Male, HP IV: 58(0%), ATK IV: 31(0%), DEF IV: 13(0%), Work Speed: (0%), Skills: Nimble
Mossanda, Level: 28, Rank: 1, Gender: Female, HP IV: 54(0%), ATK IV: 19(0%), DEF IV: 42(0%), Work Speed: (0%), Skills: Waterproof
chickennuggets's 3 Pals
-----------------------
Bellanoir Libero, Level: 3, Rank: 1, Gender: Female, HP IV: 98(0%), ATK IV: 68(0%), DEF IV: 2(0%), Work Speed: (0%), Skills: Impatient, Serenity
Blazamut Ryu, Level: 3, Rank: 1, Gender: Male, HP IV: 58(0%), ATK IV: 31(0%), DEF IV: 13(0%), Work Speed: (0%), Skills: Nimble
Mossanda, Level: 28, Rank: 1, Gender: Female, HP IV: 54(0%), ATK IV: 19(0%), DEF IV: 42(0%), Work Speed: (0%), Skills: Waterproof
chickennuggets's 3 Pals
-----------------------
Bellanoir Libero, Level: 3, Rank: 1, Gender: Female, HP IV: 98(0%), ATK IV: 68(0%), DEF IV: 2(0%), Work Speed: (0%), Skills: Impatient, Serenity
Blazamut Ryu, Level: 3, Rank: 1, Gender: Male, HP IV: 58(0%), ATK IV: 31(0%), DEF IV: 13(0%), Work Speed: (0%), Skills: Nimble
Mossanda, Level: 28, Rank: 1, Gender: Female, HP IV: 54(0%), ATK IV: 19(0%), DEF IV: 42(0%), Work Speed: (0%), Skills: Waterproof
