CrismaU's 4 Pals
----------------
Cattiva, Level: 4, Rank: 1, Gender: Male, HP IV: 66(0%), ATK IV: 44(0%), DEF IV: 85(0%), Work Speed: (0%), Skills: Coward, Serious
Cattiva, Level: 5, Rank: 1, Gender: Male, HP IV: 69(0%), ATK IV: 99(0%), DEF IV: 51(0%), Work Speed: (0%), Skills: Coward
Gumoss, Level: 5, Rank: 1, Gender: Male, HP IV: 27(0%), ATK IV: 12(0%), DEF IV: 78(0%), Work Speed: (0%), Skills: Heated Body
Gumoss, Level: 5, Rank: 1, Gender: Male, HP IV: 75(0%), ATK IV: 75(0%), DEF IV: 2(0%), Work Speed: (0%), Skills: Glutton
CrismaU's 4 Pals
----------------
Cattiva, Level: 4, Rank: 1, Gender: Male, HP IV: 66(0%), ATK IV: 44(0%), DEF IV: 85(0%), Work Speed: (0%), Skills: Coward, Serious
Cattiva, Level: 5, Rank: 1, Gender: Male, HP IV: 69(0%), ATK IV: 99(0%), DEF IV: 51(0%), Work Speed: (0%), Skills: Coward
Gumoss, Level: 5, Rank: 1, Gender: Male, HP IV: 27(0%), ATK IV: 12(0%), DEF IV: 78(0%), Work Speed: (0%), Skills: Heated Body
Gumoss, Level: 5, Rank: 1, Gender: Male, HP IV: 75(0%), ATK IV: 75(0%), DEF IV: 2(0%), Work Speed: (0%), Skills: Glutton
CrismaU's 4 Pals
----------------
Cattiva, Level: 4, Rank: 1, Gender: Male, HP IV: 66(0%), ATK IV: 44(0%), DEF IV: 85(0%), Work Speed: (0%), Skills: Coward, Serious
Cattiva, Level: 5, Rank: 1, Gender: Male, HP IV: 69(0%), ATK IV: 99(0%), DEF IV: 51(0%), Work Speed: (0%), Skills: Coward
Gumoss, Level: 5, Rank: 1, Gender: Male, HP IV: 27(0%), ATK IV: 12(0%), DEF IV: 78(0%), Work Speed: (0%), Skills: Heated Body
Gumoss, Level: 5, Rank: 1, Gender: Male, HP IV: 75(0%), ATK IV: 75(0%), DEF IV: 2(0%), Work Speed: (0%), Skills: Glutton
CrismaU's 4 Pals
----------------
Cattiva, Level: 4, Rank: 1, Gender: Male, HP IV: 66(0%), ATK IV: 44(0%), DEF IV: 85(0%), Work Speed: (0%), Skills: Coward, Serious
Cattiva, Level: 5, Rank: 1, Gender: Male, HP IV: 69(0%), ATK IV: 99(0%), DEF IV: 51(0%), Work Speed: (0%), Skills: Coward
Gumoss, Level: 5, Rank: 1, Gender: Male, HP IV: 27(0%), ATK IV: 12(0%), DEF IV: 78(0%), Work Speed: (0%), Skills: Heated Body
Gumoss, Level: 5, Rank: 1, Gender: Male, HP IV: 75(0%), ATK IV: 75(0%), DEF IV: 2(0%), Work Speed: (0%), Skills: Glutton
CrismaU's 4 Pals
----------------
Cattiva, Level: 4, Rank: 1, Gender: Male, HP IV: 66(0%), ATK IV: 44(0%), DEF IV: 85(0%), Work Speed: (0%), Skills: Coward, Serious
Cattiva, Level: 5, Rank: 1, Gender: Male, HP IV: 69(0%), ATK IV: 99(0%), DEF IV: 51(0%), Work Speed: (0%), Skills: Coward
Gumoss, Level: 5, Rank: 1, Gender: Male, HP IV: 27(0%), ATK IV: 12(0%), DEF IV: 78(0%), Work Speed: (0%), Skills: Heated Body
Gumoss, Level: 5, Rank: 1, Gender: Male, HP IV: 75(0%), ATK IV: 75(0%), DEF IV: 2(0%), Work Speed: (0%), Skills: Glutton
CrismaU's 4 Pals
----------------
Cattiva, Level: 4, Rank: 1, Gender: Male, HP IV: 66(0%), ATK IV: 44(0%), DEF IV: 85(0%), Work Speed: (0%), Skills: Coward, Serious
Cattiva, Level: 5, Rank: 1, Gender: Male, HP IV: 69(0%), ATK IV: 99(0%), DEF IV: 51(0%), Work Speed: (0%), Skills: Coward
Gumoss, Level: 5, Rank: 1, Gender: Male, HP IV: 27(0%), ATK IV: 12(0%), DEF IV: 78(0%), Work Speed: (0%), Skills: Heated Body
Gumoss, Level: 5, Rank: 1, Gender: Male, HP IV: 75(0%), ATK IV: 75(0%), DEF IV: 2(0%), Work Speed: (0%), Skills: Glutton
CrismaU's 4 Pals
----------------
Cattiva, Level: 4, Rank: 1, Gender: Male, HP IV: 66(0%), ATK IV: 44(0%), DEF IV: 85(0%), Work Speed: (0%), Skills: Coward, Serious
Cattiva, Level: 5, Rank: 1, Gender: Male, HP IV: 69(0%), ATK IV: 99(0%), DEF IV: 51(0%), Work Speed: (0%), Skills: Coward
Gumoss, Level: 5, Rank: 1, Gender: Male, HP IV: 27(0%), ATK IV: 12(0%), DEF IV: 78(0%), Work Speed: (0%), Skills: Heated Body
Gumoss, Level: 5, Rank: 1, Gender: Male, HP IV: 75(0%), ATK IV: 75(0%), DEF IV: 2(0%), Work Speed: (0%), Skills: Glutton
CrismaU's 4 Pals
----------------
Cattiva, Level: 4, Rank: 1, Gender: Male, HP IV: 66(0%), ATK IV: 44(0%), DEF IV: 85(0%), Work Speed: (0%), Skills: Coward, Serious
Cattiva, Level: 5, Rank: 1, Gender: Male, HP IV: 69(0%), ATK IV: 99(0%), DEF IV: 51(0%), Work Speed: (0%), Skills: Coward
Gumoss, Level: 5, Rank: 1, Gender: Male, HP IV: 27(0%), ATK IV: 12(0%), DEF IV: 78(0%), Work Speed: (0%), Skills: Heated Body
Gumoss, Level: 5, Rank: 1, Gender: Male, HP IV: 75(0%), ATK IV: 75(0%), DEF IV: 2(0%), Work Speed: (0%), Skills: Glutton
CrismaU's 4 Pals
----------------
Cattiva, Level: 4, Rank: 1, Gender: Male, HP IV: 66(0%), ATK IV: 44(0%), DEF IV: 85(0%), Work Speed: (0%), Skills: Coward, Serious
Cattiva, Level: 5, Rank: 1, Gender: Male, HP IV: 69(0%), ATK IV: 99(0%), DEF IV: 51(0%), Work Speed: (0%), Skills: Coward
Gumoss, Level: 5, Rank: 1, Gender: Male, HP IV: 27(0%), ATK IV: 12(0%), DEF IV: 78(0%), Work Speed: (0%), Skills: Heated Body
Gumoss, Level: 5, Rank: 1, Gender: Male, HP IV: 75(0%), ATK IV: 75(0%), DEF IV: 2(0%), Work Speed: (0%), Skills: Glutton
CrismaU's 4 Pals
----------------
Cattiva, Level: 4, Rank: 1, Gender: Male, HP IV: 66(0%), ATK IV: 44(0%), DEF IV: 85(0%), Work Speed: (0%), Skills: Coward, Serious
Cattiva, Level: 5, Rank: 1, Gender: Male, HP IV: 69(0%), ATK IV: 99(0%), DEF IV: 51(0%), Work Speed: (0%), Skills: Coward
Gumoss, Level: 5, Rank: 1, Gender: Male, HP IV: 27(0%), ATK IV: 12(0%), DEF IV: 78(0%), Work Speed: (0%), Skills: Heated Body
Gumoss, Level: 5, Rank: 1, Gender: Male, HP IV: 75(0%), ATK IV: 75(0%), DEF IV: 2(0%), Work Speed: (0%), Skills: Glutton
CrismaU's 4 Pals
----------------
Cattiva, Level: 4, Rank: 1, Gender: Male, HP IV: 66(0%), ATK IV: 44(0%), DEF IV: 85(0%), Work Speed: (0%), Skills: Coward, Serious
Cattiva, Level: 5, Rank: 1, Gender: Male, HP IV: 69(0%), ATK IV: 99(0%), DEF IV: 51(0%), Work Speed: (0%), Skills: Coward
Gumoss, Level: 5, Rank: 1, Gender: Male, HP IV: 27(0%), ATK IV: 12(0%), DEF IV: 78(0%), Work Speed: (0%), Skills: Heated Body
Gumoss, Level: 5, Rank: 1, Gender: Male, HP IV: 75(0%), ATK IV: 75(0%), DEF IV: 2(0%), Work Speed: (0%), Skills: Glutton
CrismaU's 4 Pals
----------------
Cattiva, Level: 4, Rank: 1, Gender: Male, HP IV: 66(0%), ATK IV: 44(0%), DEF IV: 85(0%), Work Speed: (0%), Skills: Coward, Serious
Cattiva, Level: 5, Rank: 1, Gender: Male, HP IV: 69(0%), ATK IV: 99(0%), DEF IV: 51(0%), Work Speed: (0%), Skills: Coward
Gumoss, Level: 5, Rank: 1, Gender: Male, HP IV: 27(0%), ATK IV: 12(0%), DEF IV: 78(0%), Work Speed: (0%), Skills: Heated Body
Gumoss, Level: 5, Rank: 1, Gender: Male, HP IV: 75(0%), ATK IV: 75(0%), DEF IV: 2(0%), Work Speed: (0%), Skills: Glutton
CrismaU's 4 Pals
----------------
Cattiva, Level: 4, Rank: 1, Gender: Male, HP IV: 66(0%), ATK IV: 44(0%), DEF IV: 85(0%), Work Speed: (0%), Skills: Coward, Serious
Cattiva, Level: 5, Rank: 1, Gender: Male, HP IV: 69(0%), ATK IV: 99(0%), DEF IV: 51(0%), Work Speed: (0%), Skills: Coward
Gumoss, Level: 5, Rank: 1, Gender: Male, HP IV: 27(0%), ATK IV: 12(0%), DEF IV: 78(0%), Work Speed: (0%), Skills: Heated Body
Gumoss, Level: 5, Rank: 1, Gender: Male, HP IV: 75(0%), ATK IV: 75(0%), DEF IV: 2(0%), Work Speed: (0%), Skills: Glutton
CrismaU's 4 Pals
----------------
Cattiva, Level: 4, Rank: 1, Gender: Male, HP IV: 66(0%), ATK IV: 44(0%), DEF IV: 85(0%), Work Speed: (0%), Skills: Coward, Serious
Cattiva, Level: 5, Rank: 1, Gender: Male, HP IV: 69(0%), ATK IV: 99(0%), DEF IV: 51(0%), Work Speed: (0%), Skills: Coward
Gumoss, Level: 5, Rank: 1, Gender: Male, HP IV: 27(0%), ATK IV: 12(0%), DEF IV: 78(0%), Work Speed: (0%), Skills: Heated Body
Gumoss, Level: 5, Rank: 1, Gender: Male, HP IV: 75(0%), ATK IV: 75(0%), DEF IV: 2(0%), Work Speed: (0%), Skills: Glutton
