CrimsonCombatant's 11 Pals
--------------------------
Chikipi, Level: 5, Rank: 1, Gender: Female, HP IV: 94(0%), ATK IV: 32(0%), DEF IV: 68(0%), Work Speed: (0%), Skills: Nocturnal
Daedream, Level: 5, Rank: 1, Gender: Female, HP IV: 17(0%), ATK IV: 74(0%), DEF IV: 28(0%), Work Speed: (0%), Skills: Infinite Stamina
Daedream, Level: 8, Rank: 1, Gender: Male, HP IV: 51(0%), ATK IV: 24(0%), DEF IV: 91(0%), Work Speed: (0%)
Foxparks, Level: 3, Rank: 1, Gender: Female, HP IV: 49(0%), ATK IV: 95(0%), DEF IV: 12(0%), Work Speed: (0%), Skills: Abnormal
Foxparks, Level: 8, Rank: 1, Gender: Male, HP IV: 11(0%), ATK IV: 46(0%), DEF IV: 56(0%), Work Speed: (0%)
Foxparks, Level: 8, Rank: 1, Gender: Male, HP IV: 38(0%), ATK IV: 42(0%), DEF IV: 51(0%), Work Speed: (0%), Skills: Fine Furs
Gumoss, Level: 6, Rank: 1, Gender: Male, HP IV: 70(0%), ATK IV: 34(0%), DEF IV: 76(0%), Work Speed: (0%), Skills: Easygoing
Lamball, Buffball, Level: 7, Rank: 1, Gender: Male, HP IV: 59(0%), ATK IV: 53(0%), DEF IV: 80(0%), Work Speed: (0%), Skills: Fit as a Fiddle
Lamball, Darkball, Level: 7, Rank: 1, Gender: Male, HP IV: 44(0%), ATK IV: 4(0%), DEF IV: 14(0%), Work Speed: (0%), Skills: Veil of Darkness
Lamball, Level: 6, Rank: 1, Gender: Male, HP IV: 22(0%), ATK IV: 70(0%), DEF IV: 59(0%), Work Speed: (0%), Skills: Hard Skin
Lamball, lamball, Level: 7, Rank: 1, Gender: Female, HP IV: 19(0%), ATK IV: 1(0%), DEF IV: 75(0%), Work Speed: (0%), Skills: Infinite Stamina
CrimsonCombatant's 11 Pals
--------------------------
Chikipi, Level: 5, Rank: 1, Gender: Female, HP IV: 94(0%), ATK IV: 32(0%), DEF IV: 68(0%), Work Speed: (0%), Skills: Nocturnal
Daedream, Level: 5, Rank: 1, Gender: Female, HP IV: 17(0%), ATK IV: 74(0%), DEF IV: 28(0%), Work Speed: (0%), Skills: Infinite Stamina
Daedream, Level: 8, Rank: 1, Gender: Male, HP IV: 51(0%), ATK IV: 24(0%), DEF IV: 91(0%), Work Speed: (0%)
Foxparks, Level: 3, Rank: 1, Gender: Female, HP IV: 49(0%), ATK IV: 95(0%), DEF IV: 12(0%), Work Speed: (0%), Skills: Abnormal
Foxparks, Level: 8, Rank: 1, Gender: Male, HP IV: 11(0%), ATK IV: 46(0%), DEF IV: 56(0%), Work Speed: (0%)
Foxparks, Level: 8, Rank: 1, Gender: Male, HP IV: 38(0%), ATK IV: 42(0%), DEF IV: 51(0%), Work Speed: (0%), Skills: Fine Furs
Gumoss, Level: 6, Rank: 1, Gender: Male, HP IV: 70(0%), ATK IV: 34(0%), DEF IV: 76(0%), Work Speed: (0%), Skills: Easygoing
Lamball, Buffball, Level: 7, Rank: 1, Gender: Male, HP IV: 59(0%), ATK IV: 53(0%), DEF IV: 80(0%), Work Speed: (0%), Skills: Fit as a Fiddle
Lamball, Darkball, Level: 7, Rank: 1, Gender: Male, HP IV: 44(0%), ATK IV: 4(0%), DEF IV: 14(0%), Work Speed: (0%), Skills: Veil of Darkness
Lamball, Level: 6, Rank: 1, Gender: Male, HP IV: 22(0%), ATK IV: 70(0%), DEF IV: 59(0%), Work Speed: (0%), Skills: Hard Skin
Lamball, lamball, Level: 7, Rank: 1, Gender: Female, HP IV: 19(0%), ATK IV: 1(0%), DEF IV: 75(0%), Work Speed: (0%), Skills: Infinite Stamina
CrimsonCombatant's 11 Pals
--------------------------
Chikipi, Level: 5, Rank: 1, Gender: Female, HP IV: 94(0%), ATK IV: 32(0%), DEF IV: 68(0%), Work Speed: (0%), Skills: Nocturnal
Daedream, Level: 5, Rank: 1, Gender: Female, HP IV: 17(0%), ATK IV: 74(0%), DEF IV: 28(0%), Work Speed: (0%), Skills: Infinite Stamina
Daedream, Level: 8, Rank: 1, Gender: Male, HP IV: 51(0%), ATK IV: 24(0%), DEF IV: 91(0%), Work Speed: (0%)
Foxparks, Level: 3, Rank: 1, Gender: Female, HP IV: 49(0%), ATK IV: 95(0%), DEF IV: 12(0%), Work Speed: (0%), Skills: Abnormal
Foxparks, Level: 8, Rank: 1, Gender: Male, HP IV: 11(0%), ATK IV: 46(0%), DEF IV: 56(0%), Work Speed: (0%)
Foxparks, Level: 8, Rank: 1, Gender: Male, HP IV: 38(0%), ATK IV: 42(0%), DEF IV: 51(0%), Work Speed: (0%), Skills: Fine Furs
Gumoss, Level: 6, Rank: 1, Gender: Male, HP IV: 70(0%), ATK IV: 34(0%), DEF IV: 76(0%), Work Speed: (0%), Skills: Easygoing
Lamball, Buffball, Level: 7, Rank: 1, Gender: Male, HP IV: 59(0%), ATK IV: 53(0%), DEF IV: 80(0%), Work Speed: (0%), Skills: Fit as a Fiddle
Lamball, Darkball, Level: 7, Rank: 1, Gender: Male, HP IV: 44(0%), ATK IV: 4(0%), DEF IV: 14(0%), Work Speed: (0%), Skills: Veil of Darkness
Lamball, Level: 6, Rank: 1, Gender: Male, HP IV: 22(0%), ATK IV: 70(0%), DEF IV: 59(0%), Work Speed: (0%), Skills: Hard Skin
Lamball, lamball, Level: 7, Rank: 1, Gender: Female, HP IV: 19(0%), ATK IV: 1(0%), DEF IV: 75(0%), Work Speed: (0%), Skills: Infinite Stamina
CrimsonCombatant's 11 Pals
--------------------------
Chikipi, Level: 5, Rank: 1, Gender: Female, HP IV: 94(0%), ATK IV: 32(0%), DEF IV: 68(0%), Work Speed: (0%), Skills: Nocturnal
Daedream, Level: 5, Rank: 1, Gender: Female, HP IV: 17(0%), ATK IV: 74(0%), DEF IV: 28(0%), Work Speed: (0%), Skills: Infinite Stamina
Daedream, Level: 8, Rank: 1, Gender: Male, HP IV: 51(0%), ATK IV: 24(0%), DEF IV: 91(0%), Work Speed: (0%)
Foxparks, Level: 3, Rank: 1, Gender: Female, HP IV: 49(0%), ATK IV: 95(0%), DEF IV: 12(0%), Work Speed: (0%), Skills: Abnormal
Foxparks, Level: 8, Rank: 1, Gender: Male, HP IV: 11(0%), ATK IV: 46(0%), DEF IV: 56(0%), Work Speed: (0%)
Foxparks, Level: 8, Rank: 1, Gender: Male, HP IV: 38(0%), ATK IV: 42(0%), DEF IV: 51(0%), Work Speed: (0%), Skills: Fine Furs
Gumoss, Level: 6, Rank: 1, Gender: Male, HP IV: 70(0%), ATK IV: 34(0%), DEF IV: 76(0%), Work Speed: (0%), Skills: Easygoing
Lamball, Buffball, Level: 7, Rank: 1, Gender: Male, HP IV: 59(0%), ATK IV: 53(0%), DEF IV: 80(0%), Work Speed: (0%), Skills: Fit as a Fiddle
Lamball, Darkball, Level: 7, Rank: 1, Gender: Male, HP IV: 44(0%), ATK IV: 4(0%), DEF IV: 14(0%), Work Speed: (0%), Skills: Veil of Darkness
Lamball, Level: 6, Rank: 1, Gender: Male, HP IV: 22(0%), ATK IV: 70(0%), DEF IV: 59(0%), Work Speed: (0%), Skills: Hard Skin
Lamball, lamball, Level: 7, Rank: 1, Gender: Female, HP IV: 19(0%), ATK IV: 1(0%), DEF IV: 75(0%), Work Speed: (0%), Skills: Infinite Stamina
CrimsonCombatant's 11 Pals
--------------------------
Chikipi, Level: 5, Rank: 1, Gender: Female, HP IV: 94(0%), ATK IV: 32(0%), DEF IV: 68(0%), Work Speed: (0%), Skills: Nocturnal
Daedream, Level: 5, Rank: 1, Gender: Female, HP IV: 17(0%), ATK IV: 74(0%), DEF IV: 28(0%), Work Speed: (0%), Skills: Infinite Stamina
Daedream, Level: 8, Rank: 1, Gender: Male, HP IV: 51(0%), ATK IV: 24(0%), DEF IV: 91(0%), Work Speed: (0%)
Foxparks, Level: 3, Rank: 1, Gender: Female, HP IV: 49(0%), ATK IV: 95(0%), DEF IV: 12(0%), Work Speed: (0%), Skills: Abnormal
Foxparks, Level: 8, Rank: 1, Gender: Male, HP IV: 11(0%), ATK IV: 46(0%), DEF IV: 56(0%), Work Speed: (0%)
Foxparks, Level: 8, Rank: 1, Gender: Male, HP IV: 38(0%), ATK IV: 42(0%), DEF IV: 51(0%), Work Speed: (0%), Skills: Fine Furs
Gumoss, Level: 6, Rank: 1, Gender: Male, HP IV: 70(0%), ATK IV: 34(0%), DEF IV: 76(0%), Work Speed: (0%), Skills: Easygoing
Lamball, Buffball, Level: 7, Rank: 1, Gender: Male, HP IV: 59(0%), ATK IV: 53(0%), DEF IV: 80(0%), Work Speed: (0%), Skills: Fit as a Fiddle
Lamball, Darkball, Level: 7, Rank: 1, Gender: Male, HP IV: 44(0%), ATK IV: 4(0%), DEF IV: 14(0%), Work Speed: (0%), Skills: Veil of Darkness
Lamball, Level: 6, Rank: 1, Gender: Male, HP IV: 22(0%), ATK IV: 70(0%), DEF IV: 59(0%), Work Speed: (0%), Skills: Hard Skin
Lamball, lamball, Level: 7, Rank: 1, Gender: Female, HP IV: 19(0%), ATK IV: 1(0%), DEF IV: 75(0%), Work Speed: (0%), Skills: Infinite Stamina
CrimsonCombatant's 11 Pals
--------------------------
Chikipi, Level: 5, Rank: 1, Gender: Female, HP IV: 94(0%), ATK IV: 32(0%), DEF IV: 68(0%), Work Speed: (0%), Skills: Nocturnal
Daedream, Level: 5, Rank: 1, Gender: Female, HP IV: 17(0%), ATK IV: 74(0%), DEF IV: 28(0%), Work Speed: (0%), Skills: Infinite Stamina
Daedream, Level: 8, Rank: 1, Gender: Male, HP IV: 51(0%), ATK IV: 24(0%), DEF IV: 91(0%), Work Speed: (0%)
Foxparks, Level: 3, Rank: 1, Gender: Female, HP IV: 49(0%), ATK IV: 95(0%), DEF IV: 12(0%), Work Speed: (0%), Skills: Abnormal
Foxparks, Level: 8, Rank: 1, Gender: Male, HP IV: 11(0%), ATK IV: 46(0%), DEF IV: 56(0%), Work Speed: (0%)
Foxparks, Level: 8, Rank: 1, Gender: Male, HP IV: 38(0%), ATK IV: 42(0%), DEF IV: 51(0%), Work Speed: (0%), Skills: Fine Furs
Gumoss, Level: 6, Rank: 1, Gender: Male, HP IV: 70(0%), ATK IV: 34(0%), DEF IV: 76(0%), Work Speed: (0%), Skills: Easygoing
Lamball, Buffball, Level: 7, Rank: 1, Gender: Male, HP IV: 59(0%), ATK IV: 53(0%), DEF IV: 80(0%), Work Speed: (0%), Skills: Fit as a Fiddle
Lamball, Darkball, Level: 7, Rank: 1, Gender: Male, HP IV: 44(0%), ATK IV: 4(0%), DEF IV: 14(0%), Work Speed: (0%), Skills: Veil of Darkness
Lamball, Level: 6, Rank: 1, Gender: Male, HP IV: 22(0%), ATK IV: 70(0%), DEF IV: 59(0%), Work Speed: (0%), Skills: Hard Skin
Lamball, lamball, Level: 7, Rank: 1, Gender: Female, HP IV: 19(0%), ATK IV: 1(0%), DEF IV: 75(0%), Work Speed: (0%), Skills: Infinite Stamina
CrimsonCombatant's 11 Pals
--------------------------
Chikipi, Level: 5, Rank: 1, Gender: Female, HP IV: 94(0%), ATK IV: 32(0%), DEF IV: 68(0%), Work Speed: (0%), Skills: Nocturnal
Daedream, Level: 5, Rank: 1, Gender: Female, HP IV: 17(0%), ATK IV: 74(0%), DEF IV: 28(0%), Work Speed: (0%), Skills: Infinite Stamina
Daedream, Level: 8, Rank: 1, Gender: Male, HP IV: 51(0%), ATK IV: 24(0%), DEF IV: 91(0%), Work Speed: (0%)
Foxparks, Level: 3, Rank: 1, Gender: Female, HP IV: 49(0%), ATK IV: 95(0%), DEF IV: 12(0%), Work Speed: (0%), Skills: Abnormal
Foxparks, Level: 8, Rank: 1, Gender: Male, HP IV: 11(0%), ATK IV: 46(0%), DEF IV: 56(0%), Work Speed: (0%)
Foxparks, Level: 8, Rank: 1, Gender: Male, HP IV: 38(0%), ATK IV: 42(0%), DEF IV: 51(0%), Work Speed: (0%), Skills: Fine Furs
Gumoss, Level: 6, Rank: 1, Gender: Male, HP IV: 70(0%), ATK IV: 34(0%), DEF IV: 76(0%), Work Speed: (0%), Skills: Easygoing
Lamball, Buffball, Level: 7, Rank: 1, Gender: Male, HP IV: 59(0%), ATK IV: 53(0%), DEF IV: 80(0%), Work Speed: (0%), Skills: Fit as a Fiddle
Lamball, Darkball, Level: 7, Rank: 1, Gender: Male, HP IV: 44(0%), ATK IV: 4(0%), DEF IV: 14(0%), Work Speed: (0%), Skills: Veil of Darkness
Lamball, Level: 6, Rank: 1, Gender: Male, HP IV: 22(0%), ATK IV: 70(0%), DEF IV: 59(0%), Work Speed: (0%), Skills: Hard Skin
Lamball, lamball, Level: 7, Rank: 1, Gender: Female, HP IV: 19(0%), ATK IV: 1(0%), DEF IV: 75(0%), Work Speed: (0%), Skills: Infinite Stamina
CrimsonCombatant's 11 Pals
--------------------------
Chikipi, Level: 5, Rank: 1, Gender: Female, HP IV: 94(0%), ATK IV: 32(0%), DEF IV: 68(0%), Work Speed: (0%), Skills: Nocturnal
Daedream, Level: 5, Rank: 1, Gender: Female, HP IV: 17(0%), ATK IV: 74(0%), DEF IV: 28(0%), Work Speed: (0%), Skills: Infinite Stamina
Daedream, Level: 8, Rank: 1, Gender: Male, HP IV: 51(0%), ATK IV: 24(0%), DEF IV: 91(0%), Work Speed: (0%)
Foxparks, Level: 3, Rank: 1, Gender: Female, HP IV: 49(0%), ATK IV: 95(0%), DEF IV: 12(0%), Work Speed: (0%), Skills: Abnormal
Foxparks, Level: 8, Rank: 1, Gender: Male, HP IV: 11(0%), ATK IV: 46(0%), DEF IV: 56(0%), Work Speed: (0%)
Foxparks, Level: 8, Rank: 1, Gender: Male, HP IV: 38(0%), ATK IV: 42(0%), DEF IV: 51(0%), Work Speed: (0%), Skills: Fine Furs
Gumoss, Level: 6, Rank: 1, Gender: Male, HP IV: 70(0%), ATK IV: 34(0%), DEF IV: 76(0%), Work Speed: (0%), Skills: Easygoing
Lamball, Buffball, Level: 7, Rank: 1, Gender: Male, HP IV: 59(0%), ATK IV: 53(0%), DEF IV: 80(0%), Work Speed: (0%), Skills: Fit as a Fiddle
Lamball, Darkball, Level: 7, Rank: 1, Gender: Male, HP IV: 44(0%), ATK IV: 4(0%), DEF IV: 14(0%), Work Speed: (0%), Skills: Veil of Darkness
Lamball, Level: 6, Rank: 1, Gender: Male, HP IV: 22(0%), ATK IV: 70(0%), DEF IV: 59(0%), Work Speed: (0%), Skills: Hard Skin
Lamball, lamball, Level: 7, Rank: 1, Gender: Female, HP IV: 19(0%), ATK IV: 1(0%), DEF IV: 75(0%), Work Speed: (0%), Skills: Infinite Stamina
CrimsonCombatant's 11 Pals
--------------------------
Chikipi, Level: 5, Rank: 1, Gender: Female, HP IV: 94(0%), ATK IV: 32(0%), DEF IV: 68(0%), Work Speed: (0%), Skills: Nocturnal
Daedream, Level: 5, Rank: 1, Gender: Female, HP IV: 17(0%), ATK IV: 74(0%), DEF IV: 28(0%), Work Speed: (0%), Skills: Infinite Stamina
Daedream, Level: 8, Rank: 1, Gender: Male, HP IV: 51(0%), ATK IV: 24(0%), DEF IV: 91(0%), Work Speed: (0%)
Foxparks, Level: 3, Rank: 1, Gender: Female, HP IV: 49(0%), ATK IV: 95(0%), DEF IV: 12(0%), Work Speed: (0%), Skills: Abnormal
Foxparks, Level: 8, Rank: 1, Gender: Male, HP IV: 11(0%), ATK IV: 46(0%), DEF IV: 56(0%), Work Speed: (0%)
Foxparks, Level: 8, Rank: 1, Gender: Male, HP IV: 38(0%), ATK IV: 42(0%), DEF IV: 51(0%), Work Speed: (0%), Skills: Fine Furs
Gumoss, Level: 6, Rank: 1, Gender: Male, HP IV: 70(0%), ATK IV: 34(0%), DEF IV: 76(0%), Work Speed: (0%), Skills: Easygoing
Lamball, Buffball, Level: 7, Rank: 1, Gender: Male, HP IV: 59(0%), ATK IV: 53(0%), DEF IV: 80(0%), Work Speed: (0%), Skills: Fit as a Fiddle
Lamball, Darkball, Level: 7, Rank: 1, Gender: Male, HP IV: 44(0%), ATK IV: 4(0%), DEF IV: 14(0%), Work Speed: (0%), Skills: Veil of Darkness
Lamball, Level: 6, Rank: 1, Gender: Male, HP IV: 22(0%), ATK IV: 70(0%), DEF IV: 59(0%), Work Speed: (0%), Skills: Hard Skin
Lamball, lamball, Level: 7, Rank: 1, Gender: Female, HP IV: 19(0%), ATK IV: 1(0%), DEF IV: 75(0%), Work Speed: (0%), Skills: Infinite Stamina
CrimsonCombatant's 11 Pals
--------------------------
Chikipi, Level: 5, Rank: 1, Gender: Female, HP IV: 94(0%), ATK IV: 32(0%), DEF IV: 68(0%), Work Speed: (0%), Skills: Nocturnal
Daedream, Level: 5, Rank: 1, Gender: Female, HP IV: 17(0%), ATK IV: 74(0%), DEF IV: 28(0%), Work Speed: (0%), Skills: Infinite Stamina
Daedream, Level: 8, Rank: 1, Gender: Male, HP IV: 51(0%), ATK IV: 24(0%), DEF IV: 91(0%), Work Speed: (0%)
Foxparks, Level: 3, Rank: 1, Gender: Female, HP IV: 49(0%), ATK IV: 95(0%), DEF IV: 12(0%), Work Speed: (0%), Skills: Abnormal
Foxparks, Level: 8, Rank: 1, Gender: Male, HP IV: 11(0%), ATK IV: 46(0%), DEF IV: 56(0%), Work Speed: (0%)
Foxparks, Level: 8, Rank: 1, Gender: Male, HP IV: 38(0%), ATK IV: 42(0%), DEF IV: 51(0%), Work Speed: (0%), Skills: Fine Furs
Gumoss, Level: 6, Rank: 1, Gender: Male, HP IV: 70(0%), ATK IV: 34(0%), DEF IV: 76(0%), Work Speed: (0%), Skills: Easygoing
Lamball, Buffball, Level: 7, Rank: 1, Gender: Male, HP IV: 59(0%), ATK IV: 53(0%), DEF IV: 80(0%), Work Speed: (0%), Skills: Fit as a Fiddle
Lamball, Darkball, Level: 7, Rank: 1, Gender: Male, HP IV: 44(0%), ATK IV: 4(0%), DEF IV: 14(0%), Work Speed: (0%), Skills: Veil of Darkness
Lamball, Level: 6, Rank: 1, Gender: Male, HP IV: 22(0%), ATK IV: 70(0%), DEF IV: 59(0%), Work Speed: (0%), Skills: Hard Skin
Lamball, lamball, Level: 7, Rank: 1, Gender: Female, HP IV: 19(0%), ATK IV: 1(0%), DEF IV: 75(0%), Work Speed: (0%), Skills: Infinite Stamina
CrimsonCombatant's 11 Pals
--------------------------
Chikipi, Level: 5, Rank: 1, Gender: Female, HP IV: 94(0%), ATK IV: 32(0%), DEF IV: 68(0%), Work Speed: (0%), Skills: Nocturnal
Daedream, Level: 5, Rank: 1, Gender: Female, HP IV: 17(0%), ATK IV: 74(0%), DEF IV: 28(0%), Work Speed: (0%), Skills: Infinite Stamina
Daedream, Level: 8, Rank: 1, Gender: Male, HP IV: 51(0%), ATK IV: 24(0%), DEF IV: 91(0%), Work Speed: (0%)
Foxparks, Level: 3, Rank: 1, Gender: Female, HP IV: 49(0%), ATK IV: 95(0%), DEF IV: 12(0%), Work Speed: (0%), Skills: Abnormal
Foxparks, Level: 8, Rank: 1, Gender: Male, HP IV: 11(0%), ATK IV: 46(0%), DEF IV: 56(0%), Work Speed: (0%)
Foxparks, Level: 8, Rank: 1, Gender: Male, HP IV: 38(0%), ATK IV: 42(0%), DEF IV: 51(0%), Work Speed: (0%), Skills: Fine Furs
Gumoss, Level: 6, Rank: 1, Gender: Male, HP IV: 70(0%), ATK IV: 34(0%), DEF IV: 76(0%), Work Speed: (0%), Skills: Easygoing
Lamball, Buffball, Level: 7, Rank: 1, Gender: Male, HP IV: 59(0%), ATK IV: 53(0%), DEF IV: 80(0%), Work Speed: (0%), Skills: Fit as a Fiddle
Lamball, Darkball, Level: 7, Rank: 1, Gender: Male, HP IV: 44(0%), ATK IV: 4(0%), DEF IV: 14(0%), Work Speed: (0%), Skills: Veil of Darkness
Lamball, Level: 6, Rank: 1, Gender: Male, HP IV: 22(0%), ATK IV: 70(0%), DEF IV: 59(0%), Work Speed: (0%), Skills: Hard Skin
Lamball, lamball, Level: 7, Rank: 1, Gender: Female, HP IV: 19(0%), ATK IV: 1(0%), DEF IV: 75(0%), Work Speed: (0%), Skills: Infinite Stamina
CrimsonCombatant's 11 Pals
--------------------------
Chikipi, Level: 5, Rank: 1, Gender: Female, HP IV: 94(0%), ATK IV: 32(0%), DEF IV: 68(0%), Work Speed: (0%), Skills: Nocturnal
Daedream, Level: 5, Rank: 1, Gender: Female, HP IV: 17(0%), ATK IV: 74(0%), DEF IV: 28(0%), Work Speed: (0%), Skills: Infinite Stamina
Daedream, Level: 8, Rank: 1, Gender: Male, HP IV: 51(0%), ATK IV: 24(0%), DEF IV: 91(0%), Work Speed: (0%)
Foxparks, Level: 3, Rank: 1, Gender: Female, HP IV: 49(0%), ATK IV: 95(0%), DEF IV: 12(0%), Work Speed: (0%), Skills: Abnormal
Foxparks, Level: 8, Rank: 1, Gender: Male, HP IV: 11(0%), ATK IV: 46(0%), DEF IV: 56(0%), Work Speed: (0%)
Foxparks, Level: 8, Rank: 1, Gender: Male, HP IV: 38(0%), ATK IV: 42(0%), DEF IV: 51(0%), Work Speed: (0%), Skills: Fine Furs
Gumoss, Level: 6, Rank: 1, Gender: Male, HP IV: 70(0%), ATK IV: 34(0%), DEF IV: 76(0%), Work Speed: (0%), Skills: Easygoing
Lamball, Buffball, Level: 7, Rank: 1, Gender: Male, HP IV: 59(0%), ATK IV: 53(0%), DEF IV: 80(0%), Work Speed: (0%), Skills: Fit as a Fiddle
Lamball, Darkball, Level: 7, Rank: 1, Gender: Male, HP IV: 44(0%), ATK IV: 4(0%), DEF IV: 14(0%), Work Speed: (0%), Skills: Veil of Darkness
Lamball, Level: 6, Rank: 1, Gender: Male, HP IV: 22(0%), ATK IV: 70(0%), DEF IV: 59(0%), Work Speed: (0%), Skills: Hard Skin
Lamball, lamball, Level: 7, Rank: 1, Gender: Female, HP IV: 19(0%), ATK IV: 1(0%), DEF IV: 75(0%), Work Speed: (0%), Skills: Infinite Stamina
CrimsonCombatant's 11 Pals
--------------------------
Chikipi, Level: 5, Rank: 1, Gender: Female, HP IV: 94(0%), ATK IV: 32(0%), DEF IV: 68(0%), Work Speed: (0%), Skills: Nocturnal
Daedream, Level: 5, Rank: 1, Gender: Female, HP IV: 17(0%), ATK IV: 74(0%), DEF IV: 28(0%), Work Speed: (0%), Skills: Infinite Stamina
Daedream, Level: 8, Rank: 1, Gender: Male, HP IV: 51(0%), ATK IV: 24(0%), DEF IV: 91(0%), Work Speed: (0%)
Foxparks, Level: 3, Rank: 1, Gender: Female, HP IV: 49(0%), ATK IV: 95(0%), DEF IV: 12(0%), Work Speed: (0%), Skills: Abnormal
Foxparks, Level: 8, Rank: 1, Gender: Male, HP IV: 11(0%), ATK IV: 46(0%), DEF IV: 56(0%), Work Speed: (0%)
Foxparks, Level: 8, Rank: 1, Gender: Male, HP IV: 38(0%), ATK IV: 42(0%), DEF IV: 51(0%), Work Speed: (0%), Skills: Fine Furs
Gumoss, Level: 6, Rank: 1, Gender: Male, HP IV: 70(0%), ATK IV: 34(0%), DEF IV: 76(0%), Work Speed: (0%), Skills: Easygoing
Lamball, Buffball, Level: 7, Rank: 1, Gender: Male, HP IV: 59(0%), ATK IV: 53(0%), DEF IV: 80(0%), Work Speed: (0%), Skills: Fit as a Fiddle
Lamball, Darkball, Level: 7, Rank: 1, Gender: Male, HP IV: 44(0%), ATK IV: 4(0%), DEF IV: 14(0%), Work Speed: (0%), Skills: Veil of Darkness
Lamball, Level: 6, Rank: 1, Gender: Male, HP IV: 22(0%), ATK IV: 70(0%), DEF IV: 59(0%), Work Speed: (0%), Skills: Hard Skin
Lamball, lamball, Level: 7, Rank: 1, Gender: Female, HP IV: 19(0%), ATK IV: 1(0%), DEF IV: 75(0%), Work Speed: (0%), Skills: Infinite Stamina
CrimsonCombatant's 11 Pals
--------------------------
Chikipi, Level: 5, Rank: 1, Gender: Female, HP IV: 94(0%), ATK IV: 32(0%), DEF IV: 68(0%), Work Speed: (0%), Skills: Nocturnal
Daedream, Level: 5, Rank: 1, Gender: Female, HP IV: 17(0%), ATK IV: 74(0%), DEF IV: 28(0%), Work Speed: (0%), Skills: Infinite Stamina
Daedream, Level: 8, Rank: 1, Gender: Male, HP IV: 51(0%), ATK IV: 24(0%), DEF IV: 91(0%), Work Speed: (0%)
Foxparks, Level: 3, Rank: 1, Gender: Female, HP IV: 49(0%), ATK IV: 95(0%), DEF IV: 12(0%), Work Speed: (0%), Skills: Abnormal
Foxparks, Level: 8, Rank: 1, Gender: Male, HP IV: 11(0%), ATK IV: 46(0%), DEF IV: 56(0%), Work Speed: (0%)
Foxparks, Level: 8, Rank: 1, Gender: Male, HP IV: 38(0%), ATK IV: 42(0%), DEF IV: 51(0%), Work Speed: (0%), Skills: Fine Furs
Gumoss, Level: 6, Rank: 1, Gender: Male, HP IV: 70(0%), ATK IV: 34(0%), DEF IV: 76(0%), Work Speed: (0%), Skills: Easygoing
Lamball, Buffball, Level: 7, Rank: 1, Gender: Male, HP IV: 59(0%), ATK IV: 53(0%), DEF IV: 80(0%), Work Speed: (0%), Skills: Fit as a Fiddle
Lamball, Darkball, Level: 7, Rank: 1, Gender: Male, HP IV: 44(0%), ATK IV: 4(0%), DEF IV: 14(0%), Work Speed: (0%), Skills: Veil of Darkness
Lamball, Level: 6, Rank: 1, Gender: Male, HP IV: 22(0%), ATK IV: 70(0%), DEF IV: 59(0%), Work Speed: (0%), Skills: Hard Skin
Lamball, lamball, Level: 7, Rank: 1, Gender: Female, HP IV: 19(0%), ATK IV: 1(0%), DEF IV: 75(0%), Work Speed: (0%), Skills: Infinite Stamina
