cspotts93's 41 Pals
-------------------
Alpha Chillet, Level: 11, Rank: 1, Gender: Female, HP IV: 97(0%), ATK IV: 71(0%), DEF IV: 97(0%), Work Speed: (0%)
Alpha Chillet, Level: 13, Rank: 1, Gender: Male, HP IV: 97(0%), ATK IV: 55(0%), DEF IV: 95(0%), Work Speed: (0%), Skills: Power of Gaia
Arsox, Level: 8, Rank: 1, Gender: Male, HP IV: 4(0%), ATK IV: 60(0%), DEF IV: 30(0%), Work Speed: (0%), Skills: Heated Body
Caprity, Level: 12, Rank: 1, Gender: Male, HP IV: 10(0%), ATK IV: 15(0%), DEF IV: 91(0%), Work Speed: (0%), Skills: Sadist
Cattiva, Level: 12, Rank: 1, Gender: Female, HP IV: 20(0%), ATK IV: 60(0%), DEF IV: 90(0%), Work Speed: (0%), Skills: Coward, Sadist, Bottomless Stomach
Cattiva, Level: 14, Rank: 1, Gender: Female, HP IV: 46(0%), ATK IV: 84(0%), DEF IV: 2(0%), Work Speed: (0%), Skills: Coward, Waterproof
Cattiva, Level: 14, Rank: 1, Gender: Female, HP IV: 8(0%), ATK IV: 75(0%), DEF IV: 69(0%), Work Speed: (0%), Skills: Coward, Mercy hit
Cattiva, Level: 2, Rank: 1, Gender: Male, HP IV: 13(0%), ATK IV: 51(0%), DEF IV: 60(0%), Work Speed: (0%), Skills: Coward, Hydromaniac
Chikipi, Level: 3, Rank: 1, Gender: Female, HP IV: 55(0%), ATK IV: 60(0%), DEF IV: 11(0%), Work Speed: (0%), Skills: Coldblooded
Chikipi, Level: 7, Rank: 1, Gender: Male, HP IV: 0(0%), ATK IV: 59(0%), DEF IV: 83(0%), Work Speed: (0%), Skills: Power of Gaia
Cremis, Level: 2, Rank: 1, Gender: Female, HP IV: 30(0%), ATK IV: 75(0%), DEF IV: 91(0%), Work Speed: (0%), Skills: Impatient
Cremis, Level: 2, Rank: 1, Gender: Male, HP IV: 39(0%), ATK IV: 55(0%), DEF IV: 26(0%), Work Speed: (0%), Skills: Easygoing, Mine Foreman
Cremis, Level: 3, Rank: 1, Gender: Female, HP IV: 41(0%), ATK IV: 70(0%), DEF IV: 40(0%), Work Speed: (0%), Skills: Waterproof
Cremis, Level: 8, Rank: 1, Gender: Female, HP IV: 64(0%), ATK IV: 69(0%), DEF IV: 27(0%), Work Speed: (0%), Skills: Shabby
Cremis, Level: 8, Rank: 1, Gender: Female, HP IV: 94(0%), ATK IV: 57(0%), DEF IV: 19(0%), Work Speed: (0%)
Croajiro, Level: 9, Rank: 1, Gender: Female, HP IV: 97(0%), ATK IV: 100(0%), DEF IV: 78(0%), Work Speed: (0%), Skills: Dragonkiller
Eikthyrdeer, Level: 13, Rank: 1, Gender: Male, HP IV: 86(0%), ATK IV: 51(0%), DEF IV: 94(0%), Work Speed: (0%), Skills: Burly Body
Felbat, Level: 12, Rank: 1, Gender: Male, HP IV: 15(0%), ATK IV: 61(0%), DEF IV: 0(0%), Work Speed: (0%), Skills: Work Slave, Insulated Body
Flopie, Level: 1, Rank: 1, Gender: Male, HP IV: 46(0%), ATK IV: 89(0%), DEF IV: 36(0%), Work Speed: (0%), Skills: Dainty Eater
Flopie, Level: 8, Rank: 1, Gender: Male, HP IV: 72(0%), ATK IV: 96(0%), DEF IV: 82(0%), Work Speed: (0%), Skills: Vanguard, Nimble
Foxparks, Level: 5, Rank: 1, Gender: Female, HP IV: 8(0%), ATK IV: 2(0%), DEF IV: 39(0%), Work Speed: (0%), Skills: Veil of Darkness
Kelpsea, Level: 12, Rank: 1, Gender: Male, HP IV: 97(0%), ATK IV: 31(0%), DEF IV: 21(0%), Work Speed: (0%), Skills: Impatient
Lamball, Level: 11, Rank: 1, Gender: Female, HP IV: 71(0%), ATK IV: 53(0%), DEF IV: 6(0%), Work Speed: (0%), Skills: Workaholic
Lamball, Level: 2, Rank: 1, Gender: Female, HP IV: 45(0%), ATK IV: 99(0%), DEF IV: 53(0%), Work Speed: (0%), Skills: Abnormal
Lamball, Level: 2, Rank: 1, Gender: Male, HP IV: 65(0%), ATK IV: 49(0%), DEF IV: 56(0%), Work Speed: (0%), Skills: Masochist
Lamball, Level: 3, Rank: 1, Gender: Female, HP IV: 64(0%), ATK IV: 64(0%), DEF IV: 2(0%), Work Speed: (0%), Skills: Work Slave, Suntan Lover, Sickly
Lamball, Level: 3, Rank: 1, Gender: Male, HP IV: 18(0%), ATK IV: 88(0%), DEF IV: 81(0%), Work Speed: (0%), Skills: Sickly
Lamball, Level: 8, Rank: 1, Gender: Male, HP IV: 30(0%), ATK IV: 32(0%), DEF IV: 58(0%), Work Speed: (0%), Skills: Artisan
Lifmunk, Level: 3, Rank: 1, Gender: Male, HP IV: 33(0%), ATK IV: 39(0%), DEF IV: 0(0%), Work Speed: (0%), Skills: Pacifist
Lifmunk, Level: 8, Rank: 1, Gender: Male, HP IV: 69(0%), ATK IV: 65(0%), DEF IV: 47(0%), Work Speed: (0%), Skills: Bottomless Stomach
Melpaca, Level: 13, Rank: 1, Gender: Female, HP IV: 94(0%), ATK IV: 1(0%), DEF IV: 51(0%), Work Speed: (0%), Skills: Power of Gaia
Pengullet, Level: 6, Rank: 1, Gender: Male, HP IV: 33(0%), ATK IV: 72(0%), DEF IV: 43(0%), Work Speed: (0%), Skills: Slacker
Ribbuny, Level: 5, Rank: 1, Gender: Female, HP IV: 50(0%), ATK IV: 72(0%), DEF IV: 69(0%), Work Speed: (0%), Skills: Power of Gaia
Rushoar, Level: 12, Rank: 1, Gender: Male, HP IV: 94(0%), ATK IV: 13(0%), DEF IV: 88(0%), Work Speed: (0%), Skills: Conceited
Sparkit, Level: 3, Rank: 1, Gender: Female, HP IV: 46(0%), ATK IV: 54(0%), DEF IV: 68(0%), Work Speed: (0%), Skills: Ferocious
Tanzee, Level: 5, Rank: 1, Gender: Female, HP IV: 22(0%), ATK IV: 12(0%), DEF IV: 30(0%), Work Speed: (0%), Skills: Diet Lover
Teafant, Level: 4, Rank: 1, Gender: Female, HP IV: 17(0%), ATK IV: 30(0%), DEF IV: 96(0%), Work Speed: (0%), Skills: Diet Lover
Teafant, Level: 8, Rank: 1, Gender: Male, HP IV: 0(0%), ATK IV: 77(0%), DEF IV: 77(0%), Work Speed: (0%), Skills: Nocturnal
Tocotoco, Level: 1, Rank: 1, Gender: Female, HP IV: 97(0%), ATK IV: 8(0%), DEF IV: 69(0%), Work Speed: (0%)
Vixy, Level: 10, Rank: 1, Gender: Female, HP IV: 76(0%), ATK IV: 2(0%), DEF IV: 23(0%), Work Speed: (0%), Skills: Shabby
Vixy, Level: 4, Rank: 1, Gender: Female, HP IV: 88(0%), ATK IV: 15(0%), DEF IV: 38(0%), Work Speed: (0%), Skills: Nimble
cspotts93's 41 Pals
-------------------
Alpha Chillet, Level: 11, Rank: 1, Gender: Female, HP IV: 97(0%), ATK IV: 71(0%), DEF IV: 97(0%), Work Speed: (0%)
Alpha Chillet, Level: 13, Rank: 1, Gender: Male, HP IV: 97(0%), ATK IV: 55(0%), DEF IV: 95(0%), Work Speed: (0%), Skills: Power of Gaia
Arsox, Level: 8, Rank: 1, Gender: Male, HP IV: 4(0%), ATK IV: 60(0%), DEF IV: 30(0%), Work Speed: (0%), Skills: Heated Body
Caprity, Level: 12, Rank: 1, Gender: Male, HP IV: 10(0%), ATK IV: 15(0%), DEF IV: 91(0%), Work Speed: (0%), Skills: Sadist
Cattiva, Level: 12, Rank: 1, Gender: Female, HP IV: 20(0%), ATK IV: 60(0%), DEF IV: 90(0%), Work Speed: (0%), Skills: Coward, Sadist, Bottomless Stomach
Cattiva, Level: 14, Rank: 1, Gender: Female, HP IV: 46(0%), ATK IV: 84(0%), DEF IV: 2(0%), Work Speed: (0%), Skills: Coward, Waterproof
Cattiva, Level: 14, Rank: 1, Gender: Female, HP IV: 8(0%), ATK IV: 75(0%), DEF IV: 69(0%), Work Speed: (0%), Skills: Coward, Mercy hit
Cattiva, Level: 2, Rank: 1, Gender: Male, HP IV: 13(0%), ATK IV: 51(0%), DEF IV: 60(0%), Work Speed: (0%), Skills: Coward, Hydromaniac
Chikipi, Level: 3, Rank: 1, Gender: Female, HP IV: 55(0%), ATK IV: 60(0%), DEF IV: 11(0%), Work Speed: (0%), Skills: Coldblooded
Chikipi, Level: 7, Rank: 1, Gender: Male, HP IV: 0(0%), ATK IV: 59(0%), DEF IV: 83(0%), Work Speed: (0%), Skills: Power of Gaia
Cremis, Level: 2, Rank: 1, Gender: Female, HP IV: 30(0%), ATK IV: 75(0%), DEF IV: 91(0%), Work Speed: (0%), Skills: Impatient
Cremis, Level: 2, Rank: 1, Gender: Male, HP IV: 39(0%), ATK IV: 55(0%), DEF IV: 26(0%), Work Speed: (0%), Skills: Easygoing, Mine Foreman
Cremis, Level: 3, Rank: 1, Gender: Female, HP IV: 41(0%), ATK IV: 70(0%), DEF IV: 40(0%), Work Speed: (0%), Skills: Waterproof
Cremis, Level: 8, Rank: 1, Gender: Female, HP IV: 64(0%), ATK IV: 69(0%), DEF IV: 27(0%), Work Speed: (0%), Skills: Shabby
Cremis, Level: 8, Rank: 1, Gender: Female, HP IV: 94(0%), ATK IV: 57(0%), DEF IV: 19(0%), Work Speed: (0%)
Croajiro, Level: 9, Rank: 1, Gender: Female, HP IV: 97(0%), ATK IV: 100(0%), DEF IV: 78(0%), Work Speed: (0%), Skills: Dragonkiller
Eikthyrdeer, Level: 13, Rank: 1, Gender: Male, HP IV: 86(0%), ATK IV: 51(0%), DEF IV: 94(0%), Work Speed: (0%), Skills: Burly Body
Felbat, Level: 12, Rank: 1, Gender: Male, HP IV: 15(0%), ATK IV: 61(0%), DEF IV: 0(0%), Work Speed: (0%), Skills: Work Slave, Insulated Body
Flopie, Level: 1, Rank: 1, Gender: Male, HP IV: 46(0%), ATK IV: 89(0%), DEF IV: 36(0%), Work Speed: (0%), Skills: Dainty Eater
Flopie, Level: 8, Rank: 1, Gender: Male, HP IV: 72(0%), ATK IV: 96(0%), DEF IV: 82(0%), Work Speed: (0%), Skills: Vanguard, Nimble
Foxparks, Level: 5, Rank: 1, Gender: Female, HP IV: 8(0%), ATK IV: 2(0%), DEF IV: 39(0%), Work Speed: (0%), Skills: Veil of Darkness
Kelpsea, Level: 12, Rank: 1, Gender: Male, HP IV: 97(0%), ATK IV: 31(0%), DEF IV: 21(0%), Work Speed: (0%), Skills: Impatient
Lamball, Level: 11, Rank: 1, Gender: Female, HP IV: 71(0%), ATK IV: 53(0%), DEF IV: 6(0%), Work Speed: (0%), Skills: Workaholic
Lamball, Level: 2, Rank: 1, Gender: Female, HP IV: 45(0%), ATK IV: 99(0%), DEF IV: 53(0%), Work Speed: (0%), Skills: Abnormal
Lamball, Level: 2, Rank: 1, Gender: Male, HP IV: 65(0%), ATK IV: 49(0%), DEF IV: 56(0%), Work Speed: (0%), Skills: Masochist
Lamball, Level: 3, Rank: 1, Gender: Female, HP IV: 64(0%), ATK IV: 64(0%), DEF IV: 2(0%), Work Speed: (0%), Skills: Work Slave, Suntan Lover, Sickly
Lamball, Level: 3, Rank: 1, Gender: Male, HP IV: 18(0%), ATK IV: 88(0%), DEF IV: 81(0%), Work Speed: (0%), Skills: Sickly
Lamball, Level: 8, Rank: 1, Gender: Male, HP IV: 30(0%), ATK IV: 32(0%), DEF IV: 58(0%), Work Speed: (0%), Skills: Artisan
Lifmunk, Level: 3, Rank: 1, Gender: Male, HP IV: 33(0%), ATK IV: 39(0%), DEF IV: 0(0%), Work Speed: (0%), Skills: Pacifist
Lifmunk, Level: 8, Rank: 1, Gender: Male, HP IV: 69(0%), ATK IV: 65(0%), DEF IV: 47(0%), Work Speed: (0%), Skills: Bottomless Stomach
Melpaca, Level: 13, Rank: 1, Gender: Female, HP IV: 94(0%), ATK IV: 1(0%), DEF IV: 51(0%), Work Speed: (0%), Skills: Power of Gaia
Pengullet, Level: 6, Rank: 1, Gender: Male, HP IV: 33(0%), ATK IV: 72(0%), DEF IV: 43(0%), Work Speed: (0%), Skills: Slacker
Ribbuny, Level: 5, Rank: 1, Gender: Female, HP IV: 50(0%), ATK IV: 72(0%), DEF IV: 69(0%), Work Speed: (0%), Skills: Power of Gaia
Rushoar, Level: 12, Rank: 1, Gender: Male, HP IV: 94(0%), ATK IV: 13(0%), DEF IV: 88(0%), Work Speed: (0%), Skills: Conceited
Sparkit, Level: 3, Rank: 1, Gender: Female, HP IV: 46(0%), ATK IV: 54(0%), DEF IV: 68(0%), Work Speed: (0%), Skills: Ferocious
Tanzee, Level: 5, Rank: 1, Gender: Female, HP IV: 22(0%), ATK IV: 12(0%), DEF IV: 30(0%), Work Speed: (0%), Skills: Diet Lover
Teafant, Level: 4, Rank: 1, Gender: Female, HP IV: 17(0%), ATK IV: 30(0%), DEF IV: 96(0%), Work Speed: (0%), Skills: Diet Lover
Teafant, Level: 8, Rank: 1, Gender: Male, HP IV: 0(0%), ATK IV: 77(0%), DEF IV: 77(0%), Work Speed: (0%), Skills: Nocturnal
Tocotoco, Level: 1, Rank: 1, Gender: Female, HP IV: 97(0%), ATK IV: 8(0%), DEF IV: 69(0%), Work Speed: (0%)
Vixy, Level: 10, Rank: 1, Gender: Female, HP IV: 76(0%), ATK IV: 2(0%), DEF IV: 23(0%), Work Speed: (0%), Skills: Shabby
Vixy, Level: 4, Rank: 1, Gender: Female, HP IV: 88(0%), ATK IV: 15(0%), DEF IV: 38(0%), Work Speed: (0%), Skills: Nimble
cspotts93's 41 Pals
-------------------
Alpha Chillet, Level: 11, Rank: 1, Gender: Female, HP IV: 97(0%), ATK IV: 71(0%), DEF IV: 97(0%), Work Speed: (0%)
Alpha Chillet, Level: 13, Rank: 1, Gender: Male, HP IV: 97(0%), ATK IV: 55(0%), DEF IV: 95(0%), Work Speed: (0%), Skills: Power of Gaia
Arsox, Level: 8, Rank: 1, Gender: Male, HP IV: 4(0%), ATK IV: 60(0%), DEF IV: 30(0%), Work Speed: (0%), Skills: Heated Body
Caprity, Level: 12, Rank: 1, Gender: Male, HP IV: 10(0%), ATK IV: 15(0%), DEF IV: 91(0%), Work Speed: (0%), Skills: Sadist
Cattiva, Level: 12, Rank: 1, Gender: Female, HP IV: 20(0%), ATK IV: 60(0%), DEF IV: 90(0%), Work Speed: (0%), Skills: Coward, Sadist, Bottomless Stomach
Cattiva, Level: 14, Rank: 1, Gender: Female, HP IV: 46(0%), ATK IV: 84(0%), DEF IV: 2(0%), Work Speed: (0%), Skills: Coward, Waterproof
Cattiva, Level: 14, Rank: 1, Gender: Female, HP IV: 8(0%), ATK IV: 75(0%), DEF IV: 69(0%), Work Speed: (0%), Skills: Coward, Mercy hit
Cattiva, Level: 2, Rank: 1, Gender: Male, HP IV: 13(0%), ATK IV: 51(0%), DEF IV: 60(0%), Work Speed: (0%), Skills: Coward, Hydromaniac
Chikipi, Level: 3, Rank: 1, Gender: Female, HP IV: 55(0%), ATK IV: 60(0%), DEF IV: 11(0%), Work Speed: (0%), Skills: Coldblooded
Chikipi, Level: 7, Rank: 1, Gender: Male, HP IV: 0(0%), ATK IV: 59(0%), DEF IV: 83(0%), Work Speed: (0%), Skills: Power of Gaia
Cremis, Level: 2, Rank: 1, Gender: Female, HP IV: 30(0%), ATK IV: 75(0%), DEF IV: 91(0%), Work Speed: (0%), Skills: Impatient
Cremis, Level: 2, Rank: 1, Gender: Male, HP IV: 39(0%), ATK IV: 55(0%), DEF IV: 26(0%), Work Speed: (0%), Skills: Easygoing, Mine Foreman
Cremis, Level: 3, Rank: 1, Gender: Female, HP IV: 41(0%), ATK IV: 70(0%), DEF IV: 40(0%), Work Speed: (0%), Skills: Waterproof
Cremis, Level: 8, Rank: 1, Gender: Female, HP IV: 64(0%), ATK IV: 69(0%), DEF IV: 27(0%), Work Speed: (0%), Skills: Shabby
Cremis, Level: 8, Rank: 1, Gender: Female, HP IV: 94(0%), ATK IV: 57(0%), DEF IV: 19(0%), Work Speed: (0%)
Croajiro, Level: 9, Rank: 1, Gender: Female, HP IV: 97(0%), ATK IV: 100(0%), DEF IV: 78(0%), Work Speed: (0%), Skills: Dragonkiller
Eikthyrdeer, Level: 13, Rank: 1, Gender: Male, HP IV: 86(0%), ATK IV: 51(0%), DEF IV: 94(0%), Work Speed: (0%), Skills: Burly Body
Felbat, Level: 12, Rank: 1, Gender: Male, HP IV: 15(0%), ATK IV: 61(0%), DEF IV: 0(0%), Work Speed: (0%), Skills: Work Slave, Insulated Body
Flopie, Level: 1, Rank: 1, Gender: Male, HP IV: 46(0%), ATK IV: 89(0%), DEF IV: 36(0%), Work Speed: (0%), Skills: Dainty Eater
Flopie, Level: 8, Rank: 1, Gender: Male, HP IV: 72(0%), ATK IV: 96(0%), DEF IV: 82(0%), Work Speed: (0%), Skills: Vanguard, Nimble
Foxparks, Level: 5, Rank: 1, Gender: Female, HP IV: 8(0%), ATK IV: 2(0%), DEF IV: 39(0%), Work Speed: (0%), Skills: Veil of Darkness
Kelpsea, Level: 12, Rank: 1, Gender: Male, HP IV: 97(0%), ATK IV: 31(0%), DEF IV: 21(0%), Work Speed: (0%), Skills: Impatient
Lamball, Level: 11, Rank: 1, Gender: Female, HP IV: 71(0%), ATK IV: 53(0%), DEF IV: 6(0%), Work Speed: (0%), Skills: Workaholic
Lamball, Level: 2, Rank: 1, Gender: Female, HP IV: 45(0%), ATK IV: 99(0%), DEF IV: 53(0%), Work Speed: (0%), Skills: Abnormal
Lamball, Level: 2, Rank: 1, Gender: Male, HP IV: 65(0%), ATK IV: 49(0%), DEF IV: 56(0%), Work Speed: (0%), Skills: Masochist
Lamball, Level: 3, Rank: 1, Gender: Female, HP IV: 64(0%), ATK IV: 64(0%), DEF IV: 2(0%), Work Speed: (0%), Skills: Work Slave, Suntan Lover, Sickly
Lamball, Level: 3, Rank: 1, Gender: Male, HP IV: 18(0%), ATK IV: 88(0%), DEF IV: 81(0%), Work Speed: (0%), Skills: Sickly
Lamball, Level: 8, Rank: 1, Gender: Male, HP IV: 30(0%), ATK IV: 32(0%), DEF IV: 58(0%), Work Speed: (0%), Skills: Artisan
Lifmunk, Level: 3, Rank: 1, Gender: Male, HP IV: 33(0%), ATK IV: 39(0%), DEF IV: 0(0%), Work Speed: (0%), Skills: Pacifist
Lifmunk, Level: 8, Rank: 1, Gender: Male, HP IV: 69(0%), ATK IV: 65(0%), DEF IV: 47(0%), Work Speed: (0%), Skills: Bottomless Stomach
Melpaca, Level: 13, Rank: 1, Gender: Female, HP IV: 94(0%), ATK IV: 1(0%), DEF IV: 51(0%), Work Speed: (0%), Skills: Power of Gaia
Pengullet, Level: 6, Rank: 1, Gender: Male, HP IV: 33(0%), ATK IV: 72(0%), DEF IV: 43(0%), Work Speed: (0%), Skills: Slacker
Ribbuny, Level: 5, Rank: 1, Gender: Female, HP IV: 50(0%), ATK IV: 72(0%), DEF IV: 69(0%), Work Speed: (0%), Skills: Power of Gaia
Rushoar, Level: 12, Rank: 1, Gender: Male, HP IV: 94(0%), ATK IV: 13(0%), DEF IV: 88(0%), Work Speed: (0%), Skills: Conceited
Sparkit, Level: 3, Rank: 1, Gender: Female, HP IV: 46(0%), ATK IV: 54(0%), DEF IV: 68(0%), Work Speed: (0%), Skills: Ferocious
Tanzee, Level: 5, Rank: 1, Gender: Female, HP IV: 22(0%), ATK IV: 12(0%), DEF IV: 30(0%), Work Speed: (0%), Skills: Diet Lover
Teafant, Level: 4, Rank: 1, Gender: Female, HP IV: 17(0%), ATK IV: 30(0%), DEF IV: 96(0%), Work Speed: (0%), Skills: Diet Lover
Teafant, Level: 8, Rank: 1, Gender: Male, HP IV: 0(0%), ATK IV: 77(0%), DEF IV: 77(0%), Work Speed: (0%), Skills: Nocturnal
Tocotoco, Level: 1, Rank: 1, Gender: Female, HP IV: 97(0%), ATK IV: 8(0%), DEF IV: 69(0%), Work Speed: (0%)
Vixy, Level: 10, Rank: 1, Gender: Female, HP IV: 76(0%), ATK IV: 2(0%), DEF IV: 23(0%), Work Speed: (0%), Skills: Shabby
Vixy, Level: 4, Rank: 1, Gender: Female, HP IV: 88(0%), ATK IV: 15(0%), DEF IV: 38(0%), Work Speed: (0%), Skills: Nimble
cspotts93's 41 Pals
-------------------
Alpha Chillet, Level: 11, Rank: 1, Gender: Female, HP IV: 97(0%), ATK IV: 71(0%), DEF IV: 97(0%), Work Speed: (0%)
Alpha Chillet, Level: 13, Rank: 1, Gender: Male, HP IV: 97(0%), ATK IV: 55(0%), DEF IV: 95(0%), Work Speed: (0%), Skills: Power of Gaia
Arsox, Level: 8, Rank: 1, Gender: Male, HP IV: 4(0%), ATK IV: 60(0%), DEF IV: 30(0%), Work Speed: (0%), Skills: Heated Body
Caprity, Level: 12, Rank: 1, Gender: Male, HP IV: 10(0%), ATK IV: 15(0%), DEF IV: 91(0%), Work Speed: (0%), Skills: Sadist
Cattiva, Level: 12, Rank: 1, Gender: Female, HP IV: 20(0%), ATK IV: 60(0%), DEF IV: 90(0%), Work Speed: (0%), Skills: Coward, Sadist, Bottomless Stomach
Cattiva, Level: 14, Rank: 1, Gender: Female, HP IV: 46(0%), ATK IV: 84(0%), DEF IV: 2(0%), Work Speed: (0%), Skills: Coward, Waterproof
Cattiva, Level: 14, Rank: 1, Gender: Female, HP IV: 8(0%), ATK IV: 75(0%), DEF IV: 69(0%), Work Speed: (0%), Skills: Coward, Mercy hit
Cattiva, Level: 2, Rank: 1, Gender: Male, HP IV: 13(0%), ATK IV: 51(0%), DEF IV: 60(0%), Work Speed: (0%), Skills: Coward, Hydromaniac
Chikipi, Level: 3, Rank: 1, Gender: Female, HP IV: 55(0%), ATK IV: 60(0%), DEF IV: 11(0%), Work Speed: (0%), Skills: Coldblooded
Chikipi, Level: 7, Rank: 1, Gender: Male, HP IV: 0(0%), ATK IV: 59(0%), DEF IV: 83(0%), Work Speed: (0%), Skills: Power of Gaia
Cremis, Level: 2, Rank: 1, Gender: Female, HP IV: 30(0%), ATK IV: 75(0%), DEF IV: 91(0%), Work Speed: (0%), Skills: Impatient
Cremis, Level: 2, Rank: 1, Gender: Male, HP IV: 39(0%), ATK IV: 55(0%), DEF IV: 26(0%), Work Speed: (0%), Skills: Easygoing, Mine Foreman
Cremis, Level: 3, Rank: 1, Gender: Female, HP IV: 41(0%), ATK IV: 70(0%), DEF IV: 40(0%), Work Speed: (0%), Skills: Waterproof
Cremis, Level: 8, Rank: 1, Gender: Female, HP IV: 64(0%), ATK IV: 69(0%), DEF IV: 27(0%), Work Speed: (0%), Skills: Shabby
Cremis, Level: 8, Rank: 1, Gender: Female, HP IV: 94(0%), ATK IV: 57(0%), DEF IV: 19(0%), Work Speed: (0%)
Croajiro, Level: 9, Rank: 1, Gender: Female, HP IV: 97(0%), ATK IV: 100(0%), DEF IV: 78(0%), Work Speed: (0%), Skills: Dragonkiller
Eikthyrdeer, Level: 13, Rank: 1, Gender: Male, HP IV: 86(0%), ATK IV: 51(0%), DEF IV: 94(0%), Work Speed: (0%), Skills: Burly Body
Felbat, Level: 12, Rank: 1, Gender: Male, HP IV: 15(0%), ATK IV: 61(0%), DEF IV: 0(0%), Work Speed: (0%), Skills: Work Slave, Insulated Body
Flopie, Level: 1, Rank: 1, Gender: Male, HP IV: 46(0%), ATK IV: 89(0%), DEF IV: 36(0%), Work Speed: (0%), Skills: Dainty Eater
Flopie, Level: 8, Rank: 1, Gender: Male, HP IV: 72(0%), ATK IV: 96(0%), DEF IV: 82(0%), Work Speed: (0%), Skills: Vanguard, Nimble
Foxparks, Level: 5, Rank: 1, Gender: Female, HP IV: 8(0%), ATK IV: 2(0%), DEF IV: 39(0%), Work Speed: (0%), Skills: Veil of Darkness
Kelpsea, Level: 12, Rank: 1, Gender: Male, HP IV: 97(0%), ATK IV: 31(0%), DEF IV: 21(0%), Work Speed: (0%), Skills: Impatient
Lamball, Level: 11, Rank: 1, Gender: Female, HP IV: 71(0%), ATK IV: 53(0%), DEF IV: 6(0%), Work Speed: (0%), Skills: Workaholic
Lamball, Level: 2, Rank: 1, Gender: Female, HP IV: 45(0%), ATK IV: 99(0%), DEF IV: 53(0%), Work Speed: (0%), Skills: Abnormal
Lamball, Level: 2, Rank: 1, Gender: Male, HP IV: 65(0%), ATK IV: 49(0%), DEF IV: 56(0%), Work Speed: (0%), Skills: Masochist
Lamball, Level: 3, Rank: 1, Gender: Female, HP IV: 64(0%), ATK IV: 64(0%), DEF IV: 2(0%), Work Speed: (0%), Skills: Work Slave, Suntan Lover, Sickly
Lamball, Level: 3, Rank: 1, Gender: Male, HP IV: 18(0%), ATK IV: 88(0%), DEF IV: 81(0%), Work Speed: (0%), Skills: Sickly
Lamball, Level: 8, Rank: 1, Gender: Male, HP IV: 30(0%), ATK IV: 32(0%), DEF IV: 58(0%), Work Speed: (0%), Skills: Artisan
Lifmunk, Level: 3, Rank: 1, Gender: Male, HP IV: 33(0%), ATK IV: 39(0%), DEF IV: 0(0%), Work Speed: (0%), Skills: Pacifist
Lifmunk, Level: 8, Rank: 1, Gender: Male, HP IV: 69(0%), ATK IV: 65(0%), DEF IV: 47(0%), Work Speed: (0%), Skills: Bottomless Stomach
Melpaca, Level: 13, Rank: 1, Gender: Female, HP IV: 94(0%), ATK IV: 1(0%), DEF IV: 51(0%), Work Speed: (0%), Skills: Power of Gaia
Pengullet, Level: 6, Rank: 1, Gender: Male, HP IV: 33(0%), ATK IV: 72(0%), DEF IV: 43(0%), Work Speed: (0%), Skills: Slacker
Ribbuny, Level: 5, Rank: 1, Gender: Female, HP IV: 50(0%), ATK IV: 72(0%), DEF IV: 69(0%), Work Speed: (0%), Skills: Power of Gaia
Rushoar, Level: 12, Rank: 1, Gender: Male, HP IV: 94(0%), ATK IV: 13(0%), DEF IV: 88(0%), Work Speed: (0%), Skills: Conceited
Sparkit, Level: 3, Rank: 1, Gender: Female, HP IV: 46(0%), ATK IV: 54(0%), DEF IV: 68(0%), Work Speed: (0%), Skills: Ferocious
Tanzee, Level: 5, Rank: 1, Gender: Female, HP IV: 22(0%), ATK IV: 12(0%), DEF IV: 30(0%), Work Speed: (0%), Skills: Diet Lover
Teafant, Level: 4, Rank: 1, Gender: Female, HP IV: 17(0%), ATK IV: 30(0%), DEF IV: 96(0%), Work Speed: (0%), Skills: Diet Lover
Teafant, Level: 8, Rank: 1, Gender: Male, HP IV: 0(0%), ATK IV: 77(0%), DEF IV: 77(0%), Work Speed: (0%), Skills: Nocturnal
Tocotoco, Level: 1, Rank: 1, Gender: Female, HP IV: 97(0%), ATK IV: 8(0%), DEF IV: 69(0%), Work Speed: (0%)
Vixy, Level: 10, Rank: 1, Gender: Female, HP IV: 76(0%), ATK IV: 2(0%), DEF IV: 23(0%), Work Speed: (0%), Skills: Shabby
Vixy, Level: 4, Rank: 1, Gender: Female, HP IV: 88(0%), ATK IV: 15(0%), DEF IV: 38(0%), Work Speed: (0%), Skills: Nimble
cspotts93's 41 Pals
-------------------
Alpha Chillet, Level: 11, Rank: 1, Gender: Female, HP IV: 97(0%), ATK IV: 71(0%), DEF IV: 97(0%), Work Speed: (0%)
Alpha Chillet, Level: 13, Rank: 1, Gender: Male, HP IV: 97(0%), ATK IV: 55(0%), DEF IV: 95(0%), Work Speed: (0%), Skills: Power of Gaia
Arsox, Level: 8, Rank: 1, Gender: Male, HP IV: 4(0%), ATK IV: 60(0%), DEF IV: 30(0%), Work Speed: (0%), Skills: Heated Body
Caprity, Level: 12, Rank: 1, Gender: Male, HP IV: 10(0%), ATK IV: 15(0%), DEF IV: 91(0%), Work Speed: (0%), Skills: Sadist
Cattiva, Level: 12, Rank: 1, Gender: Female, HP IV: 20(0%), ATK IV: 60(0%), DEF IV: 90(0%), Work Speed: (0%), Skills: Coward, Sadist, Bottomless Stomach
Cattiva, Level: 14, Rank: 1, Gender: Female, HP IV: 46(0%), ATK IV: 84(0%), DEF IV: 2(0%), Work Speed: (0%), Skills: Coward, Waterproof
Cattiva, Level: 14, Rank: 1, Gender: Female, HP IV: 8(0%), ATK IV: 75(0%), DEF IV: 69(0%), Work Speed: (0%), Skills: Coward, Mercy hit
Cattiva, Level: 2, Rank: 1, Gender: Male, HP IV: 13(0%), ATK IV: 51(0%), DEF IV: 60(0%), Work Speed: (0%), Skills: Coward, Hydromaniac
Chikipi, Level: 3, Rank: 1, Gender: Female, HP IV: 55(0%), ATK IV: 60(0%), DEF IV: 11(0%), Work Speed: (0%), Skills: Coldblooded
Chikipi, Level: 7, Rank: 1, Gender: Male, HP IV: 0(0%), ATK IV: 59(0%), DEF IV: 83(0%), Work Speed: (0%), Skills: Power of Gaia
Cremis, Level: 2, Rank: 1, Gender: Female, HP IV: 30(0%), ATK IV: 75(0%), DEF IV: 91(0%), Work Speed: (0%), Skills: Impatient
Cremis, Level: 2, Rank: 1, Gender: Male, HP IV: 39(0%), ATK IV: 55(0%), DEF IV: 26(0%), Work Speed: (0%), Skills: Easygoing, Mine Foreman
Cremis, Level: 3, Rank: 1, Gender: Female, HP IV: 41(0%), ATK IV: 70(0%), DEF IV: 40(0%), Work Speed: (0%), Skills: Waterproof
Cremis, Level: 8, Rank: 1, Gender: Female, HP IV: 64(0%), ATK IV: 69(0%), DEF IV: 27(0%), Work Speed: (0%), Skills: Shabby
Cremis, Level: 8, Rank: 1, Gender: Female, HP IV: 94(0%), ATK IV: 57(0%), DEF IV: 19(0%), Work Speed: (0%)
Croajiro, Level: 9, Rank: 1, Gender: Female, HP IV: 97(0%), ATK IV: 100(0%), DEF IV: 78(0%), Work Speed: (0%), Skills: Dragonkiller
Eikthyrdeer, Level: 13, Rank: 1, Gender: Male, HP IV: 86(0%), ATK IV: 51(0%), DEF IV: 94(0%), Work Speed: (0%), Skills: Burly Body
Felbat, Level: 12, Rank: 1, Gender: Male, HP IV: 15(0%), ATK IV: 61(0%), DEF IV: 0(0%), Work Speed: (0%), Skills: Work Slave, Insulated Body
Flopie, Level: 1, Rank: 1, Gender: Male, HP IV: 46(0%), ATK IV: 89(0%), DEF IV: 36(0%), Work Speed: (0%), Skills: Dainty Eater
Flopie, Level: 8, Rank: 1, Gender: Male, HP IV: 72(0%), ATK IV: 96(0%), DEF IV: 82(0%), Work Speed: (0%), Skills: Vanguard, Nimble
Foxparks, Level: 5, Rank: 1, Gender: Female, HP IV: 8(0%), ATK IV: 2(0%), DEF IV: 39(0%), Work Speed: (0%), Skills: Veil of Darkness
Kelpsea, Level: 12, Rank: 1, Gender: Male, HP IV: 97(0%), ATK IV: 31(0%), DEF IV: 21(0%), Work Speed: (0%), Skills: Impatient
Lamball, Level: 11, Rank: 1, Gender: Female, HP IV: 71(0%), ATK IV: 53(0%), DEF IV: 6(0%), Work Speed: (0%), Skills: Workaholic
Lamball, Level: 2, Rank: 1, Gender: Female, HP IV: 45(0%), ATK IV: 99(0%), DEF IV: 53(0%), Work Speed: (0%), Skills: Abnormal
Lamball, Level: 2, Rank: 1, Gender: Male, HP IV: 65(0%), ATK IV: 49(0%), DEF IV: 56(0%), Work Speed: (0%), Skills: Masochist
Lamball, Level: 3, Rank: 1, Gender: Female, HP IV: 64(0%), ATK IV: 64(0%), DEF IV: 2(0%), Work Speed: (0%), Skills: Work Slave, Suntan Lover, Sickly
Lamball, Level: 3, Rank: 1, Gender: Male, HP IV: 18(0%), ATK IV: 88(0%), DEF IV: 81(0%), Work Speed: (0%), Skills: Sickly
Lamball, Level: 8, Rank: 1, Gender: Male, HP IV: 30(0%), ATK IV: 32(0%), DEF IV: 58(0%), Work Speed: (0%), Skills: Artisan
Lifmunk, Level: 3, Rank: 1, Gender: Male, HP IV: 33(0%), ATK IV: 39(0%), DEF IV: 0(0%), Work Speed: (0%), Skills: Pacifist
Lifmunk, Level: 8, Rank: 1, Gender: Male, HP IV: 69(0%), ATK IV: 65(0%), DEF IV: 47(0%), Work Speed: (0%), Skills: Bottomless Stomach
Melpaca, Level: 13, Rank: 1, Gender: Female, HP IV: 94(0%), ATK IV: 1(0%), DEF IV: 51(0%), Work Speed: (0%), Skills: Power of Gaia
Pengullet, Level: 6, Rank: 1, Gender: Male, HP IV: 33(0%), ATK IV: 72(0%), DEF IV: 43(0%), Work Speed: (0%), Skills: Slacker
Ribbuny, Level: 5, Rank: 1, Gender: Female, HP IV: 50(0%), ATK IV: 72(0%), DEF IV: 69(0%), Work Speed: (0%), Skills: Power of Gaia
Rushoar, Level: 12, Rank: 1, Gender: Male, HP IV: 94(0%), ATK IV: 13(0%), DEF IV: 88(0%), Work Speed: (0%), Skills: Conceited
Sparkit, Level: 3, Rank: 1, Gender: Female, HP IV: 46(0%), ATK IV: 54(0%), DEF IV: 68(0%), Work Speed: (0%), Skills: Ferocious
Tanzee, Level: 5, Rank: 1, Gender: Female, HP IV: 22(0%), ATK IV: 12(0%), DEF IV: 30(0%), Work Speed: (0%), Skills: Diet Lover
Teafant, Level: 4, Rank: 1, Gender: Female, HP IV: 17(0%), ATK IV: 30(0%), DEF IV: 96(0%), Work Speed: (0%), Skills: Diet Lover
Teafant, Level: 8, Rank: 1, Gender: Male, HP IV: 0(0%), ATK IV: 77(0%), DEF IV: 77(0%), Work Speed: (0%), Skills: Nocturnal
Tocotoco, Level: 1, Rank: 1, Gender: Female, HP IV: 97(0%), ATK IV: 8(0%), DEF IV: 69(0%), Work Speed: (0%)
Vixy, Level: 10, Rank: 1, Gender: Female, HP IV: 76(0%), ATK IV: 2(0%), DEF IV: 23(0%), Work Speed: (0%), Skills: Shabby
Vixy, Level: 4, Rank: 1, Gender: Female, HP IV: 88(0%), ATK IV: 15(0%), DEF IV: 38(0%), Work Speed: (0%), Skills: Nimble
cspotts93's 41 Pals
-------------------
Alpha Chillet, Level: 11, Rank: 1, Gender: Female, HP IV: 97(0%), ATK IV: 71(0%), DEF IV: 97(0%), Work Speed: (0%)
Alpha Chillet, Level: 13, Rank: 1, Gender: Male, HP IV: 97(0%), ATK IV: 55(0%), DEF IV: 95(0%), Work Speed: (0%), Skills: Power of Gaia
Arsox, Level: 8, Rank: 1, Gender: Male, HP IV: 4(0%), ATK IV: 60(0%), DEF IV: 30(0%), Work Speed: (0%), Skills: Heated Body
Caprity, Level: 12, Rank: 1, Gender: Male, HP IV: 10(0%), ATK IV: 15(0%), DEF IV: 91(0%), Work Speed: (0%), Skills: Sadist
Cattiva, Level: 12, Rank: 1, Gender: Female, HP IV: 20(0%), ATK IV: 60(0%), DEF IV: 90(0%), Work Speed: (0%), Skills: Coward, Sadist, Bottomless Stomach
Cattiva, Level: 14, Rank: 1, Gender: Female, HP IV: 46(0%), ATK IV: 84(0%), DEF IV: 2(0%), Work Speed: (0%), Skills: Coward, Waterproof
Cattiva, Level: 14, Rank: 1, Gender: Female, HP IV: 8(0%), ATK IV: 75(0%), DEF IV: 69(0%), Work Speed: (0%), Skills: Coward, Mercy hit
Cattiva, Level: 2, Rank: 1, Gender: Male, HP IV: 13(0%), ATK IV: 51(0%), DEF IV: 60(0%), Work Speed: (0%), Skills: Coward, Hydromaniac
Chikipi, Level: 3, Rank: 1, Gender: Female, HP IV: 55(0%), ATK IV: 60(0%), DEF IV: 11(0%), Work Speed: (0%), Skills: Coldblooded
Chikipi, Level: 7, Rank: 1, Gender: Male, HP IV: 0(0%), ATK IV: 59(0%), DEF IV: 83(0%), Work Speed: (0%), Skills: Power of Gaia
Cremis, Level: 2, Rank: 1, Gender: Female, HP IV: 30(0%), ATK IV: 75(0%), DEF IV: 91(0%), Work Speed: (0%), Skills: Impatient
Cremis, Level: 2, Rank: 1, Gender: Male, HP IV: 39(0%), ATK IV: 55(0%), DEF IV: 26(0%), Work Speed: (0%), Skills: Easygoing, Mine Foreman
Cremis, Level: 3, Rank: 1, Gender: Female, HP IV: 41(0%), ATK IV: 70(0%), DEF IV: 40(0%), Work Speed: (0%), Skills: Waterproof
Cremis, Level: 8, Rank: 1, Gender: Female, HP IV: 64(0%), ATK IV: 69(0%), DEF IV: 27(0%), Work Speed: (0%), Skills: Shabby
Cremis, Level: 8, Rank: 1, Gender: Female, HP IV: 94(0%), ATK IV: 57(0%), DEF IV: 19(0%), Work Speed: (0%)
Croajiro, Level: 9, Rank: 1, Gender: Female, HP IV: 97(0%), ATK IV: 100(0%), DEF IV: 78(0%), Work Speed: (0%), Skills: Dragonkiller
Eikthyrdeer, Level: 13, Rank: 1, Gender: Male, HP IV: 86(0%), ATK IV: 51(0%), DEF IV: 94(0%), Work Speed: (0%), Skills: Burly Body
Felbat, Level: 12, Rank: 1, Gender: Male, HP IV: 15(0%), ATK IV: 61(0%), DEF IV: 0(0%), Work Speed: (0%), Skills: Work Slave, Insulated Body
Flopie, Level: 1, Rank: 1, Gender: Male, HP IV: 46(0%), ATK IV: 89(0%), DEF IV: 36(0%), Work Speed: (0%), Skills: Dainty Eater
Flopie, Level: 8, Rank: 1, Gender: Male, HP IV: 72(0%), ATK IV: 96(0%), DEF IV: 82(0%), Work Speed: (0%), Skills: Vanguard, Nimble
Foxparks, Level: 5, Rank: 1, Gender: Female, HP IV: 8(0%), ATK IV: 2(0%), DEF IV: 39(0%), Work Speed: (0%), Skills: Veil of Darkness
Kelpsea, Level: 12, Rank: 1, Gender: Male, HP IV: 97(0%), ATK IV: 31(0%), DEF IV: 21(0%), Work Speed: (0%), Skills: Impatient
Lamball, Level: 11, Rank: 1, Gender: Female, HP IV: 71(0%), ATK IV: 53(0%), DEF IV: 6(0%), Work Speed: (0%), Skills: Workaholic
Lamball, Level: 2, Rank: 1, Gender: Female, HP IV: 45(0%), ATK IV: 99(0%), DEF IV: 53(0%), Work Speed: (0%), Skills: Abnormal
Lamball, Level: 2, Rank: 1, Gender: Male, HP IV: 65(0%), ATK IV: 49(0%), DEF IV: 56(0%), Work Speed: (0%), Skills: Masochist
Lamball, Level: 3, Rank: 1, Gender: Female, HP IV: 64(0%), ATK IV: 64(0%), DEF IV: 2(0%), Work Speed: (0%), Skills: Work Slave, Suntan Lover, Sickly
Lamball, Level: 3, Rank: 1, Gender: Male, HP IV: 18(0%), ATK IV: 88(0%), DEF IV: 81(0%), Work Speed: (0%), Skills: Sickly
Lamball, Level: 8, Rank: 1, Gender: Male, HP IV: 30(0%), ATK IV: 32(0%), DEF IV: 58(0%), Work Speed: (0%), Skills: Artisan
Lifmunk, Level: 3, Rank: 1, Gender: Male, HP IV: 33(0%), ATK IV: 39(0%), DEF IV: 0(0%), Work Speed: (0%), Skills: Pacifist
Lifmunk, Level: 8, Rank: 1, Gender: Male, HP IV: 69(0%), ATK IV: 65(0%), DEF IV: 47(0%), Work Speed: (0%), Skills: Bottomless Stomach
Melpaca, Level: 13, Rank: 1, Gender: Female, HP IV: 94(0%), ATK IV: 1(0%), DEF IV: 51(0%), Work Speed: (0%), Skills: Power of Gaia
Pengullet, Level: 6, Rank: 1, Gender: Male, HP IV: 33(0%), ATK IV: 72(0%), DEF IV: 43(0%), Work Speed: (0%), Skills: Slacker
Ribbuny, Level: 5, Rank: 1, Gender: Female, HP IV: 50(0%), ATK IV: 72(0%), DEF IV: 69(0%), Work Speed: (0%), Skills: Power of Gaia
Rushoar, Level: 12, Rank: 1, Gender: Male, HP IV: 94(0%), ATK IV: 13(0%), DEF IV: 88(0%), Work Speed: (0%), Skills: Conceited
Sparkit, Level: 3, Rank: 1, Gender: Female, HP IV: 46(0%), ATK IV: 54(0%), DEF IV: 68(0%), Work Speed: (0%), Skills: Ferocious
Tanzee, Level: 5, Rank: 1, Gender: Female, HP IV: 22(0%), ATK IV: 12(0%), DEF IV: 30(0%), Work Speed: (0%), Skills: Diet Lover
Teafant, Level: 4, Rank: 1, Gender: Female, HP IV: 17(0%), ATK IV: 30(0%), DEF IV: 96(0%), Work Speed: (0%), Skills: Diet Lover
Teafant, Level: 8, Rank: 1, Gender: Male, HP IV: 0(0%), ATK IV: 77(0%), DEF IV: 77(0%), Work Speed: (0%), Skills: Nocturnal
Tocotoco, Level: 1, Rank: 1, Gender: Female, HP IV: 97(0%), ATK IV: 8(0%), DEF IV: 69(0%), Work Speed: (0%)
Vixy, Level: 10, Rank: 1, Gender: Female, HP IV: 76(0%), ATK IV: 2(0%), DEF IV: 23(0%), Work Speed: (0%), Skills: Shabby
Vixy, Level: 4, Rank: 1, Gender: Female, HP IV: 88(0%), ATK IV: 15(0%), DEF IV: 38(0%), Work Speed: (0%), Skills: Nimble
cspotts93's 41 Pals
-------------------
Alpha Chillet, Level: 11, Rank: 1, Gender: Female, HP IV: 97(0%), ATK IV: 71(0%), DEF IV: 97(0%), Work Speed: (0%)
Alpha Chillet, Level: 13, Rank: 1, Gender: Male, HP IV: 97(0%), ATK IV: 55(0%), DEF IV: 95(0%), Work Speed: (0%), Skills: Power of Gaia
Arsox, Level: 8, Rank: 1, Gender: Male, HP IV: 4(0%), ATK IV: 60(0%), DEF IV: 30(0%), Work Speed: (0%), Skills: Heated Body
Caprity, Level: 12, Rank: 1, Gender: Male, HP IV: 10(0%), ATK IV: 15(0%), DEF IV: 91(0%), Work Speed: (0%), Skills: Sadist
Cattiva, Level: 12, Rank: 1, Gender: Female, HP IV: 20(0%), ATK IV: 60(0%), DEF IV: 90(0%), Work Speed: (0%), Skills: Coward, Sadist, Bottomless Stomach
Cattiva, Level: 14, Rank: 1, Gender: Female, HP IV: 46(0%), ATK IV: 84(0%), DEF IV: 2(0%), Work Speed: (0%), Skills: Coward, Waterproof
Cattiva, Level: 14, Rank: 1, Gender: Female, HP IV: 8(0%), ATK IV: 75(0%), DEF IV: 69(0%), Work Speed: (0%), Skills: Coward, Mercy hit
Cattiva, Level: 2, Rank: 1, Gender: Male, HP IV: 13(0%), ATK IV: 51(0%), DEF IV: 60(0%), Work Speed: (0%), Skills: Coward, Hydromaniac
Chikipi, Level: 3, Rank: 1, Gender: Female, HP IV: 55(0%), ATK IV: 60(0%), DEF IV: 11(0%), Work Speed: (0%), Skills: Coldblooded
Chikipi, Level: 7, Rank: 1, Gender: Male, HP IV: 0(0%), ATK IV: 59(0%), DEF IV: 83(0%), Work Speed: (0%), Skills: Power of Gaia
Cremis, Level: 2, Rank: 1, Gender: Female, HP IV: 30(0%), ATK IV: 75(0%), DEF IV: 91(0%), Work Speed: (0%), Skills: Impatient
Cremis, Level: 2, Rank: 1, Gender: Male, HP IV: 39(0%), ATK IV: 55(0%), DEF IV: 26(0%), Work Speed: (0%), Skills: Easygoing, Mine Foreman
Cremis, Level: 3, Rank: 1, Gender: Female, HP IV: 41(0%), ATK IV: 70(0%), DEF IV: 40(0%), Work Speed: (0%), Skills: Waterproof
Cremis, Level: 8, Rank: 1, Gender: Female, HP IV: 64(0%), ATK IV: 69(0%), DEF IV: 27(0%), Work Speed: (0%), Skills: Shabby
Cremis, Level: 8, Rank: 1, Gender: Female, HP IV: 94(0%), ATK IV: 57(0%), DEF IV: 19(0%), Work Speed: (0%)
Croajiro, Level: 9, Rank: 1, Gender: Female, HP IV: 97(0%), ATK IV: 100(0%), DEF IV: 78(0%), Work Speed: (0%), Skills: Dragonkiller
Eikthyrdeer, Level: 13, Rank: 1, Gender: Male, HP IV: 86(0%), ATK IV: 51(0%), DEF IV: 94(0%), Work Speed: (0%), Skills: Burly Body
Felbat, Level: 12, Rank: 1, Gender: Male, HP IV: 15(0%), ATK IV: 61(0%), DEF IV: 0(0%), Work Speed: (0%), Skills: Work Slave, Insulated Body
Flopie, Level: 1, Rank: 1, Gender: Male, HP IV: 46(0%), ATK IV: 89(0%), DEF IV: 36(0%), Work Speed: (0%), Skills: Dainty Eater
Flopie, Level: 8, Rank: 1, Gender: Male, HP IV: 72(0%), ATK IV: 96(0%), DEF IV: 82(0%), Work Speed: (0%), Skills: Vanguard, Nimble
Foxparks, Level: 5, Rank: 1, Gender: Female, HP IV: 8(0%), ATK IV: 2(0%), DEF IV: 39(0%), Work Speed: (0%), Skills: Veil of Darkness
Kelpsea, Level: 12, Rank: 1, Gender: Male, HP IV: 97(0%), ATK IV: 31(0%), DEF IV: 21(0%), Work Speed: (0%), Skills: Impatient
Lamball, Level: 11, Rank: 1, Gender: Female, HP IV: 71(0%), ATK IV: 53(0%), DEF IV: 6(0%), Work Speed: (0%), Skills: Workaholic
Lamball, Level: 2, Rank: 1, Gender: Female, HP IV: 45(0%), ATK IV: 99(0%), DEF IV: 53(0%), Work Speed: (0%), Skills: Abnormal
Lamball, Level: 2, Rank: 1, Gender: Male, HP IV: 65(0%), ATK IV: 49(0%), DEF IV: 56(0%), Work Speed: (0%), Skills: Masochist
Lamball, Level: 3, Rank: 1, Gender: Female, HP IV: 64(0%), ATK IV: 64(0%), DEF IV: 2(0%), Work Speed: (0%), Skills: Work Slave, Suntan Lover, Sickly
Lamball, Level: 3, Rank: 1, Gender: Male, HP IV: 18(0%), ATK IV: 88(0%), DEF IV: 81(0%), Work Speed: (0%), Skills: Sickly
Lamball, Level: 8, Rank: 1, Gender: Male, HP IV: 30(0%), ATK IV: 32(0%), DEF IV: 58(0%), Work Speed: (0%), Skills: Artisan
Lifmunk, Level: 3, Rank: 1, Gender: Male, HP IV: 33(0%), ATK IV: 39(0%), DEF IV: 0(0%), Work Speed: (0%), Skills: Pacifist
Lifmunk, Level: 8, Rank: 1, Gender: Male, HP IV: 69(0%), ATK IV: 65(0%), DEF IV: 47(0%), Work Speed: (0%), Skills: Bottomless Stomach
Melpaca, Level: 13, Rank: 1, Gender: Female, HP IV: 94(0%), ATK IV: 1(0%), DEF IV: 51(0%), Work Speed: (0%), Skills: Power of Gaia
Pengullet, Level: 6, Rank: 1, Gender: Male, HP IV: 33(0%), ATK IV: 72(0%), DEF IV: 43(0%), Work Speed: (0%), Skills: Slacker
Ribbuny, Level: 5, Rank: 1, Gender: Female, HP IV: 50(0%), ATK IV: 72(0%), DEF IV: 69(0%), Work Speed: (0%), Skills: Power of Gaia
Rushoar, Level: 12, Rank: 1, Gender: Male, HP IV: 94(0%), ATK IV: 13(0%), DEF IV: 88(0%), Work Speed: (0%), Skills: Conceited
Sparkit, Level: 3, Rank: 1, Gender: Female, HP IV: 46(0%), ATK IV: 54(0%), DEF IV: 68(0%), Work Speed: (0%), Skills: Ferocious
Tanzee, Level: 5, Rank: 1, Gender: Female, HP IV: 22(0%), ATK IV: 12(0%), DEF IV: 30(0%), Work Speed: (0%), Skills: Diet Lover
Teafant, Level: 4, Rank: 1, Gender: Female, HP IV: 17(0%), ATK IV: 30(0%), DEF IV: 96(0%), Work Speed: (0%), Skills: Diet Lover
Teafant, Level: 8, Rank: 1, Gender: Male, HP IV: 0(0%), ATK IV: 77(0%), DEF IV: 77(0%), Work Speed: (0%), Skills: Nocturnal
Tocotoco, Level: 1, Rank: 1, Gender: Female, HP IV: 97(0%), ATK IV: 8(0%), DEF IV: 69(0%), Work Speed: (0%)
Vixy, Level: 10, Rank: 1, Gender: Female, HP IV: 76(0%), ATK IV: 2(0%), DEF IV: 23(0%), Work Speed: (0%), Skills: Shabby
Vixy, Level: 4, Rank: 1, Gender: Female, HP IV: 88(0%), ATK IV: 15(0%), DEF IV: 38(0%), Work Speed: (0%), Skills: Nimble
cspotts93's 41 Pals
-------------------
Alpha Chillet, Level: 11, Rank: 1, Gender: Female, HP IV: 97(0%), ATK IV: 71(0%), DEF IV: 97(0%), Work Speed: (0%)
Alpha Chillet, Level: 13, Rank: 1, Gender: Male, HP IV: 97(0%), ATK IV: 55(0%), DEF IV: 95(0%), Work Speed: (0%), Skills: Power of Gaia
Arsox, Level: 8, Rank: 1, Gender: Male, HP IV: 4(0%), ATK IV: 60(0%), DEF IV: 30(0%), Work Speed: (0%), Skills: Heated Body
Caprity, Level: 12, Rank: 1, Gender: Male, HP IV: 10(0%), ATK IV: 15(0%), DEF IV: 91(0%), Work Speed: (0%), Skills: Sadist
Cattiva, Level: 12, Rank: 1, Gender: Female, HP IV: 20(0%), ATK IV: 60(0%), DEF IV: 90(0%), Work Speed: (0%), Skills: Coward, Sadist, Bottomless Stomach
Cattiva, Level: 14, Rank: 1, Gender: Female, HP IV: 46(0%), ATK IV: 84(0%), DEF IV: 2(0%), Work Speed: (0%), Skills: Coward, Waterproof
Cattiva, Level: 14, Rank: 1, Gender: Female, HP IV: 8(0%), ATK IV: 75(0%), DEF IV: 69(0%), Work Speed: (0%), Skills: Coward, Mercy hit
Cattiva, Level: 2, Rank: 1, Gender: Male, HP IV: 13(0%), ATK IV: 51(0%), DEF IV: 60(0%), Work Speed: (0%), Skills: Coward, Hydromaniac
Chikipi, Level: 3, Rank: 1, Gender: Female, HP IV: 55(0%), ATK IV: 60(0%), DEF IV: 11(0%), Work Speed: (0%), Skills: Coldblooded
Chikipi, Level: 7, Rank: 1, Gender: Male, HP IV: 0(0%), ATK IV: 59(0%), DEF IV: 83(0%), Work Speed: (0%), Skills: Power of Gaia
Cremis, Level: 2, Rank: 1, Gender: Female, HP IV: 30(0%), ATK IV: 75(0%), DEF IV: 91(0%), Work Speed: (0%), Skills: Impatient
Cremis, Level: 2, Rank: 1, Gender: Male, HP IV: 39(0%), ATK IV: 55(0%), DEF IV: 26(0%), Work Speed: (0%), Skills: Easygoing, Mine Foreman
Cremis, Level: 3, Rank: 1, Gender: Female, HP IV: 41(0%), ATK IV: 70(0%), DEF IV: 40(0%), Work Speed: (0%), Skills: Waterproof
Cremis, Level: 8, Rank: 1, Gender: Female, HP IV: 64(0%), ATK IV: 69(0%), DEF IV: 27(0%), Work Speed: (0%), Skills: Shabby
Cremis, Level: 8, Rank: 1, Gender: Female, HP IV: 94(0%), ATK IV: 57(0%), DEF IV: 19(0%), Work Speed: (0%)
Croajiro, Level: 9, Rank: 1, Gender: Female, HP IV: 97(0%), ATK IV: 100(0%), DEF IV: 78(0%), Work Speed: (0%), Skills: Dragonkiller
Eikthyrdeer, Level: 13, Rank: 1, Gender: Male, HP IV: 86(0%), ATK IV: 51(0%), DEF IV: 94(0%), Work Speed: (0%), Skills: Burly Body
Felbat, Level: 12, Rank: 1, Gender: Male, HP IV: 15(0%), ATK IV: 61(0%), DEF IV: 0(0%), Work Speed: (0%), Skills: Work Slave, Insulated Body
Flopie, Level: 1, Rank: 1, Gender: Male, HP IV: 46(0%), ATK IV: 89(0%), DEF IV: 36(0%), Work Speed: (0%), Skills: Dainty Eater
Flopie, Level: 8, Rank: 1, Gender: Male, HP IV: 72(0%), ATK IV: 96(0%), DEF IV: 82(0%), Work Speed: (0%), Skills: Vanguard, Nimble
Foxparks, Level: 5, Rank: 1, Gender: Female, HP IV: 8(0%), ATK IV: 2(0%), DEF IV: 39(0%), Work Speed: (0%), Skills: Veil of Darkness
Kelpsea, Level: 12, Rank: 1, Gender: Male, HP IV: 97(0%), ATK IV: 31(0%), DEF IV: 21(0%), Work Speed: (0%), Skills: Impatient
Lamball, Level: 11, Rank: 1, Gender: Female, HP IV: 71(0%), ATK IV: 53(0%), DEF IV: 6(0%), Work Speed: (0%), Skills: Workaholic
Lamball, Level: 2, Rank: 1, Gender: Female, HP IV: 45(0%), ATK IV: 99(0%), DEF IV: 53(0%), Work Speed: (0%), Skills: Abnormal
Lamball, Level: 2, Rank: 1, Gender: Male, HP IV: 65(0%), ATK IV: 49(0%), DEF IV: 56(0%), Work Speed: (0%), Skills: Masochist
Lamball, Level: 3, Rank: 1, Gender: Female, HP IV: 64(0%), ATK IV: 64(0%), DEF IV: 2(0%), Work Speed: (0%), Skills: Work Slave, Suntan Lover, Sickly
Lamball, Level: 3, Rank: 1, Gender: Male, HP IV: 18(0%), ATK IV: 88(0%), DEF IV: 81(0%), Work Speed: (0%), Skills: Sickly
Lamball, Level: 8, Rank: 1, Gender: Male, HP IV: 30(0%), ATK IV: 32(0%), DEF IV: 58(0%), Work Speed: (0%), Skills: Artisan
Lifmunk, Level: 3, Rank: 1, Gender: Male, HP IV: 33(0%), ATK IV: 39(0%), DEF IV: 0(0%), Work Speed: (0%), Skills: Pacifist
Lifmunk, Level: 8, Rank: 1, Gender: Male, HP IV: 69(0%), ATK IV: 65(0%), DEF IV: 47(0%), Work Speed: (0%), Skills: Bottomless Stomach
Melpaca, Level: 13, Rank: 1, Gender: Female, HP IV: 94(0%), ATK IV: 1(0%), DEF IV: 51(0%), Work Speed: (0%), Skills: Power of Gaia
Pengullet, Level: 6, Rank: 1, Gender: Male, HP IV: 33(0%), ATK IV: 72(0%), DEF IV: 43(0%), Work Speed: (0%), Skills: Slacker
Ribbuny, Level: 5, Rank: 1, Gender: Female, HP IV: 50(0%), ATK IV: 72(0%), DEF IV: 69(0%), Work Speed: (0%), Skills: Power of Gaia
Rushoar, Level: 12, Rank: 1, Gender: Male, HP IV: 94(0%), ATK IV: 13(0%), DEF IV: 88(0%), Work Speed: (0%), Skills: Conceited
Sparkit, Level: 3, Rank: 1, Gender: Female, HP IV: 46(0%), ATK IV: 54(0%), DEF IV: 68(0%), Work Speed: (0%), Skills: Ferocious
Tanzee, Level: 5, Rank: 1, Gender: Female, HP IV: 22(0%), ATK IV: 12(0%), DEF IV: 30(0%), Work Speed: (0%), Skills: Diet Lover
Teafant, Level: 4, Rank: 1, Gender: Female, HP IV: 17(0%), ATK IV: 30(0%), DEF IV: 96(0%), Work Speed: (0%), Skills: Diet Lover
Teafant, Level: 8, Rank: 1, Gender: Male, HP IV: 0(0%), ATK IV: 77(0%), DEF IV: 77(0%), Work Speed: (0%), Skills: Nocturnal
Tocotoco, Level: 1, Rank: 1, Gender: Female, HP IV: 97(0%), ATK IV: 8(0%), DEF IV: 69(0%), Work Speed: (0%)
Vixy, Level: 10, Rank: 1, Gender: Female, HP IV: 76(0%), ATK IV: 2(0%), DEF IV: 23(0%), Work Speed: (0%), Skills: Shabby
Vixy, Level: 4, Rank: 1, Gender: Female, HP IV: 88(0%), ATK IV: 15(0%), DEF IV: 38(0%), Work Speed: (0%), Skills: Nimble
cspotts93's 41 Pals
-------------------
Alpha Chillet, Level: 11, Rank: 1, Gender: Female, HP IV: 97(0%), ATK IV: 71(0%), DEF IV: 97(0%), Work Speed: (0%)
Alpha Chillet, Level: 13, Rank: 1, Gender: Male, HP IV: 97(0%), ATK IV: 55(0%), DEF IV: 95(0%), Work Speed: (0%), Skills: Power of Gaia
Arsox, Level: 8, Rank: 1, Gender: Male, HP IV: 4(0%), ATK IV: 60(0%), DEF IV: 30(0%), Work Speed: (0%), Skills: Heated Body
Caprity, Level: 12, Rank: 1, Gender: Male, HP IV: 10(0%), ATK IV: 15(0%), DEF IV: 91(0%), Work Speed: (0%), Skills: Sadist
Cattiva, Level: 12, Rank: 1, Gender: Female, HP IV: 20(0%), ATK IV: 60(0%), DEF IV: 90(0%), Work Speed: (0%), Skills: Coward, Sadist, Bottomless Stomach
Cattiva, Level: 14, Rank: 1, Gender: Female, HP IV: 46(0%), ATK IV: 84(0%), DEF IV: 2(0%), Work Speed: (0%), Skills: Coward, Waterproof
Cattiva, Level: 14, Rank: 1, Gender: Female, HP IV: 8(0%), ATK IV: 75(0%), DEF IV: 69(0%), Work Speed: (0%), Skills: Coward, Mercy hit
Cattiva, Level: 2, Rank: 1, Gender: Male, HP IV: 13(0%), ATK IV: 51(0%), DEF IV: 60(0%), Work Speed: (0%), Skills: Coward, Hydromaniac
Chikipi, Level: 3, Rank: 1, Gender: Female, HP IV: 55(0%), ATK IV: 60(0%), DEF IV: 11(0%), Work Speed: (0%), Skills: Coldblooded
Chikipi, Level: 7, Rank: 1, Gender: Male, HP IV: 0(0%), ATK IV: 59(0%), DEF IV: 83(0%), Work Speed: (0%), Skills: Power of Gaia
Cremis, Level: 2, Rank: 1, Gender: Female, HP IV: 30(0%), ATK IV: 75(0%), DEF IV: 91(0%), Work Speed: (0%), Skills: Impatient
Cremis, Level: 2, Rank: 1, Gender: Male, HP IV: 39(0%), ATK IV: 55(0%), DEF IV: 26(0%), Work Speed: (0%), Skills: Easygoing, Mine Foreman
Cremis, Level: 3, Rank: 1, Gender: Female, HP IV: 41(0%), ATK IV: 70(0%), DEF IV: 40(0%), Work Speed: (0%), Skills: Waterproof
Cremis, Level: 8, Rank: 1, Gender: Female, HP IV: 64(0%), ATK IV: 69(0%), DEF IV: 27(0%), Work Speed: (0%), Skills: Shabby
Cremis, Level: 8, Rank: 1, Gender: Female, HP IV: 94(0%), ATK IV: 57(0%), DEF IV: 19(0%), Work Speed: (0%)
Croajiro, Level: 9, Rank: 1, Gender: Female, HP IV: 97(0%), ATK IV: 100(0%), DEF IV: 78(0%), Work Speed: (0%), Skills: Dragonkiller
Eikthyrdeer, Level: 13, Rank: 1, Gender: Male, HP IV: 86(0%), ATK IV: 51(0%), DEF IV: 94(0%), Work Speed: (0%), Skills: Burly Body
Felbat, Level: 12, Rank: 1, Gender: Male, HP IV: 15(0%), ATK IV: 61(0%), DEF IV: 0(0%), Work Speed: (0%), Skills: Work Slave, Insulated Body
Flopie, Level: 1, Rank: 1, Gender: Male, HP IV: 46(0%), ATK IV: 89(0%), DEF IV: 36(0%), Work Speed: (0%), Skills: Dainty Eater
Flopie, Level: 8, Rank: 1, Gender: Male, HP IV: 72(0%), ATK IV: 96(0%), DEF IV: 82(0%), Work Speed: (0%), Skills: Vanguard, Nimble
Foxparks, Level: 5, Rank: 1, Gender: Female, HP IV: 8(0%), ATK IV: 2(0%), DEF IV: 39(0%), Work Speed: (0%), Skills: Veil of Darkness
Kelpsea, Level: 12, Rank: 1, Gender: Male, HP IV: 97(0%), ATK IV: 31(0%), DEF IV: 21(0%), Work Speed: (0%), Skills: Impatient
Lamball, Level: 11, Rank: 1, Gender: Female, HP IV: 71(0%), ATK IV: 53(0%), DEF IV: 6(0%), Work Speed: (0%), Skills: Workaholic
Lamball, Level: 2, Rank: 1, Gender: Female, HP IV: 45(0%), ATK IV: 99(0%), DEF IV: 53(0%), Work Speed: (0%), Skills: Abnormal
Lamball, Level: 2, Rank: 1, Gender: Male, HP IV: 65(0%), ATK IV: 49(0%), DEF IV: 56(0%), Work Speed: (0%), Skills: Masochist
Lamball, Level: 3, Rank: 1, Gender: Female, HP IV: 64(0%), ATK IV: 64(0%), DEF IV: 2(0%), Work Speed: (0%), Skills: Work Slave, Suntan Lover, Sickly
Lamball, Level: 3, Rank: 1, Gender: Male, HP IV: 18(0%), ATK IV: 88(0%), DEF IV: 81(0%), Work Speed: (0%), Skills: Sickly
Lamball, Level: 8, Rank: 1, Gender: Male, HP IV: 30(0%), ATK IV: 32(0%), DEF IV: 58(0%), Work Speed: (0%), Skills: Artisan
Lifmunk, Level: 3, Rank: 1, Gender: Male, HP IV: 33(0%), ATK IV: 39(0%), DEF IV: 0(0%), Work Speed: (0%), Skills: Pacifist
Lifmunk, Level: 8, Rank: 1, Gender: Male, HP IV: 69(0%), ATK IV: 65(0%), DEF IV: 47(0%), Work Speed: (0%), Skills: Bottomless Stomach
Melpaca, Level: 13, Rank: 1, Gender: Female, HP IV: 94(0%), ATK IV: 1(0%), DEF IV: 51(0%), Work Speed: (0%), Skills: Power of Gaia
Pengullet, Level: 6, Rank: 1, Gender: Male, HP IV: 33(0%), ATK IV: 72(0%), DEF IV: 43(0%), Work Speed: (0%), Skills: Slacker
Ribbuny, Level: 5, Rank: 1, Gender: Female, HP IV: 50(0%), ATK IV: 72(0%), DEF IV: 69(0%), Work Speed: (0%), Skills: Power of Gaia
Rushoar, Level: 12, Rank: 1, Gender: Male, HP IV: 94(0%), ATK IV: 13(0%), DEF IV: 88(0%), Work Speed: (0%), Skills: Conceited
Sparkit, Level: 3, Rank: 1, Gender: Female, HP IV: 46(0%), ATK IV: 54(0%), DEF IV: 68(0%), Work Speed: (0%), Skills: Ferocious
Tanzee, Level: 5, Rank: 1, Gender: Female, HP IV: 22(0%), ATK IV: 12(0%), DEF IV: 30(0%), Work Speed: (0%), Skills: Diet Lover
Teafant, Level: 4, Rank: 1, Gender: Female, HP IV: 17(0%), ATK IV: 30(0%), DEF IV: 96(0%), Work Speed: (0%), Skills: Diet Lover
Teafant, Level: 8, Rank: 1, Gender: Male, HP IV: 0(0%), ATK IV: 77(0%), DEF IV: 77(0%), Work Speed: (0%), Skills: Nocturnal
Tocotoco, Level: 1, Rank: 1, Gender: Female, HP IV: 97(0%), ATK IV: 8(0%), DEF IV: 69(0%), Work Speed: (0%)
Vixy, Level: 10, Rank: 1, Gender: Female, HP IV: 76(0%), ATK IV: 2(0%), DEF IV: 23(0%), Work Speed: (0%), Skills: Shabby
Vixy, Level: 4, Rank: 1, Gender: Female, HP IV: 88(0%), ATK IV: 15(0%), DEF IV: 38(0%), Work Speed: (0%), Skills: Nimble
cspotts93's 41 Pals
-------------------
Alpha Chillet, Level: 11, Rank: 1, Gender: Female, HP IV: 97(0%), ATK IV: 71(0%), DEF IV: 97(0%), Work Speed: (0%)
Alpha Chillet, Level: 13, Rank: 1, Gender: Male, HP IV: 97(0%), ATK IV: 55(0%), DEF IV: 95(0%), Work Speed: (0%), Skills: Power of Gaia
Arsox, Level: 8, Rank: 1, Gender: Male, HP IV: 4(0%), ATK IV: 60(0%), DEF IV: 30(0%), Work Speed: (0%), Skills: Heated Body
Caprity, Level: 12, Rank: 1, Gender: Male, HP IV: 10(0%), ATK IV: 15(0%), DEF IV: 91(0%), Work Speed: (0%), Skills: Sadist
Cattiva, Level: 12, Rank: 1, Gender: Female, HP IV: 20(0%), ATK IV: 60(0%), DEF IV: 90(0%), Work Speed: (0%), Skills: Coward, Sadist, Bottomless Stomach
Cattiva, Level: 14, Rank: 1, Gender: Female, HP IV: 46(0%), ATK IV: 84(0%), DEF IV: 2(0%), Work Speed: (0%), Skills: Coward, Waterproof
Cattiva, Level: 14, Rank: 1, Gender: Female, HP IV: 8(0%), ATK IV: 75(0%), DEF IV: 69(0%), Work Speed: (0%), Skills: Coward, Mercy hit
Cattiva, Level: 2, Rank: 1, Gender: Male, HP IV: 13(0%), ATK IV: 51(0%), DEF IV: 60(0%), Work Speed: (0%), Skills: Coward, Hydromaniac
Chikipi, Level: 3, Rank: 1, Gender: Female, HP IV: 55(0%), ATK IV: 60(0%), DEF IV: 11(0%), Work Speed: (0%), Skills: Coldblooded
Chikipi, Level: 7, Rank: 1, Gender: Male, HP IV: 0(0%), ATK IV: 59(0%), DEF IV: 83(0%), Work Speed: (0%), Skills: Power of Gaia
Cremis, Level: 2, Rank: 1, Gender: Female, HP IV: 30(0%), ATK IV: 75(0%), DEF IV: 91(0%), Work Speed: (0%), Skills: Impatient
Cremis, Level: 2, Rank: 1, Gender: Male, HP IV: 39(0%), ATK IV: 55(0%), DEF IV: 26(0%), Work Speed: (0%), Skills: Easygoing, Mine Foreman
Cremis, Level: 3, Rank: 1, Gender: Female, HP IV: 41(0%), ATK IV: 70(0%), DEF IV: 40(0%), Work Speed: (0%), Skills: Waterproof
Cremis, Level: 8, Rank: 1, Gender: Female, HP IV: 64(0%), ATK IV: 69(0%), DEF IV: 27(0%), Work Speed: (0%), Skills: Shabby
Cremis, Level: 8, Rank: 1, Gender: Female, HP IV: 94(0%), ATK IV: 57(0%), DEF IV: 19(0%), Work Speed: (0%)
Croajiro, Level: 9, Rank: 1, Gender: Female, HP IV: 97(0%), ATK IV: 100(0%), DEF IV: 78(0%), Work Speed: (0%), Skills: Dragonkiller
Eikthyrdeer, Level: 13, Rank: 1, Gender: Male, HP IV: 86(0%), ATK IV: 51(0%), DEF IV: 94(0%), Work Speed: (0%), Skills: Burly Body
Felbat, Level: 12, Rank: 1, Gender: Male, HP IV: 15(0%), ATK IV: 61(0%), DEF IV: 0(0%), Work Speed: (0%), Skills: Work Slave, Insulated Body
Flopie, Level: 1, Rank: 1, Gender: Male, HP IV: 46(0%), ATK IV: 89(0%), DEF IV: 36(0%), Work Speed: (0%), Skills: Dainty Eater
Flopie, Level: 8, Rank: 1, Gender: Male, HP IV: 72(0%), ATK IV: 96(0%), DEF IV: 82(0%), Work Speed: (0%), Skills: Vanguard, Nimble
Foxparks, Level: 5, Rank: 1, Gender: Female, HP IV: 8(0%), ATK IV: 2(0%), DEF IV: 39(0%), Work Speed: (0%), Skills: Veil of Darkness
Kelpsea, Level: 12, Rank: 1, Gender: Male, HP IV: 97(0%), ATK IV: 31(0%), DEF IV: 21(0%), Work Speed: (0%), Skills: Impatient
Lamball, Level: 11, Rank: 1, Gender: Female, HP IV: 71(0%), ATK IV: 53(0%), DEF IV: 6(0%), Work Speed: (0%), Skills: Workaholic
Lamball, Level: 2, Rank: 1, Gender: Female, HP IV: 45(0%), ATK IV: 99(0%), DEF IV: 53(0%), Work Speed: (0%), Skills: Abnormal
Lamball, Level: 2, Rank: 1, Gender: Male, HP IV: 65(0%), ATK IV: 49(0%), DEF IV: 56(0%), Work Speed: (0%), Skills: Masochist
Lamball, Level: 3, Rank: 1, Gender: Female, HP IV: 64(0%), ATK IV: 64(0%), DEF IV: 2(0%), Work Speed: (0%), Skills: Work Slave, Suntan Lover, Sickly
Lamball, Level: 3, Rank: 1, Gender: Male, HP IV: 18(0%), ATK IV: 88(0%), DEF IV: 81(0%), Work Speed: (0%), Skills: Sickly
Lamball, Level: 8, Rank: 1, Gender: Male, HP IV: 30(0%), ATK IV: 32(0%), DEF IV: 58(0%), Work Speed: (0%), Skills: Artisan
Lifmunk, Level: 3, Rank: 1, Gender: Male, HP IV: 33(0%), ATK IV: 39(0%), DEF IV: 0(0%), Work Speed: (0%), Skills: Pacifist
Lifmunk, Level: 8, Rank: 1, Gender: Male, HP IV: 69(0%), ATK IV: 65(0%), DEF IV: 47(0%), Work Speed: (0%), Skills: Bottomless Stomach
Melpaca, Level: 13, Rank: 1, Gender: Female, HP IV: 94(0%), ATK IV: 1(0%), DEF IV: 51(0%), Work Speed: (0%), Skills: Power of Gaia
Pengullet, Level: 6, Rank: 1, Gender: Male, HP IV: 33(0%), ATK IV: 72(0%), DEF IV: 43(0%), Work Speed: (0%), Skills: Slacker
Ribbuny, Level: 5, Rank: 1, Gender: Female, HP IV: 50(0%), ATK IV: 72(0%), DEF IV: 69(0%), Work Speed: (0%), Skills: Power of Gaia
Rushoar, Level: 12, Rank: 1, Gender: Male, HP IV: 94(0%), ATK IV: 13(0%), DEF IV: 88(0%), Work Speed: (0%), Skills: Conceited
Sparkit, Level: 3, Rank: 1, Gender: Female, HP IV: 46(0%), ATK IV: 54(0%), DEF IV: 68(0%), Work Speed: (0%), Skills: Ferocious
Tanzee, Level: 5, Rank: 1, Gender: Female, HP IV: 22(0%), ATK IV: 12(0%), DEF IV: 30(0%), Work Speed: (0%), Skills: Diet Lover
Teafant, Level: 4, Rank: 1, Gender: Female, HP IV: 17(0%), ATK IV: 30(0%), DEF IV: 96(0%), Work Speed: (0%), Skills: Diet Lover
Teafant, Level: 8, Rank: 1, Gender: Male, HP IV: 0(0%), ATK IV: 77(0%), DEF IV: 77(0%), Work Speed: (0%), Skills: Nocturnal
Tocotoco, Level: 1, Rank: 1, Gender: Female, HP IV: 97(0%), ATK IV: 8(0%), DEF IV: 69(0%), Work Speed: (0%)
Vixy, Level: 10, Rank: 1, Gender: Female, HP IV: 76(0%), ATK IV: 2(0%), DEF IV: 23(0%), Work Speed: (0%), Skills: Shabby
Vixy, Level: 4, Rank: 1, Gender: Female, HP IV: 88(0%), ATK IV: 15(0%), DEF IV: 38(0%), Work Speed: (0%), Skills: Nimble
cspotts93's 41 Pals
-------------------
Alpha Chillet, Level: 11, Rank: 1, Gender: Female, HP IV: 97(0%), ATK IV: 71(0%), DEF IV: 97(0%), Work Speed: (0%)
Alpha Chillet, Level: 13, Rank: 1, Gender: Male, HP IV: 97(0%), ATK IV: 55(0%), DEF IV: 95(0%), Work Speed: (0%), Skills: Power of Gaia
Arsox, Level: 8, Rank: 1, Gender: Male, HP IV: 4(0%), ATK IV: 60(0%), DEF IV: 30(0%), Work Speed: (0%), Skills: Heated Body
Caprity, Level: 12, Rank: 1, Gender: Male, HP IV: 10(0%), ATK IV: 15(0%), DEF IV: 91(0%), Work Speed: (0%), Skills: Sadist
Cattiva, Level: 12, Rank: 1, Gender: Female, HP IV: 20(0%), ATK IV: 60(0%), DEF IV: 90(0%), Work Speed: (0%), Skills: Coward, Sadist, Bottomless Stomach
Cattiva, Level: 14, Rank: 1, Gender: Female, HP IV: 46(0%), ATK IV: 84(0%), DEF IV: 2(0%), Work Speed: (0%), Skills: Coward, Waterproof
Cattiva, Level: 14, Rank: 1, Gender: Female, HP IV: 8(0%), ATK IV: 75(0%), DEF IV: 69(0%), Work Speed: (0%), Skills: Coward, Mercy hit
Cattiva, Level: 2, Rank: 1, Gender: Male, HP IV: 13(0%), ATK IV: 51(0%), DEF IV: 60(0%), Work Speed: (0%), Skills: Coward, Hydromaniac
Chikipi, Level: 3, Rank: 1, Gender: Female, HP IV: 55(0%), ATK IV: 60(0%), DEF IV: 11(0%), Work Speed: (0%), Skills: Coldblooded
Chikipi, Level: 7, Rank: 1, Gender: Male, HP IV: 0(0%), ATK IV: 59(0%), DEF IV: 83(0%), Work Speed: (0%), Skills: Power of Gaia
Cremis, Level: 2, Rank: 1, Gender: Female, HP IV: 30(0%), ATK IV: 75(0%), DEF IV: 91(0%), Work Speed: (0%), Skills: Impatient
Cremis, Level: 2, Rank: 1, Gender: Male, HP IV: 39(0%), ATK IV: 55(0%), DEF IV: 26(0%), Work Speed: (0%), Skills: Easygoing, Mine Foreman
Cremis, Level: 3, Rank: 1, Gender: Female, HP IV: 41(0%), ATK IV: 70(0%), DEF IV: 40(0%), Work Speed: (0%), Skills: Waterproof
Cremis, Level: 8, Rank: 1, Gender: Female, HP IV: 64(0%), ATK IV: 69(0%), DEF IV: 27(0%), Work Speed: (0%), Skills: Shabby
Cremis, Level: 8, Rank: 1, Gender: Female, HP IV: 94(0%), ATK IV: 57(0%), DEF IV: 19(0%), Work Speed: (0%)
Croajiro, Level: 9, Rank: 1, Gender: Female, HP IV: 97(0%), ATK IV: 100(0%), DEF IV: 78(0%), Work Speed: (0%), Skills: Dragonkiller
Eikthyrdeer, Level: 13, Rank: 1, Gender: Male, HP IV: 86(0%), ATK IV: 51(0%), DEF IV: 94(0%), Work Speed: (0%), Skills: Burly Body
Felbat, Level: 12, Rank: 1, Gender: Male, HP IV: 15(0%), ATK IV: 61(0%), DEF IV: 0(0%), Work Speed: (0%), Skills: Work Slave, Insulated Body
Flopie, Level: 1, Rank: 1, Gender: Male, HP IV: 46(0%), ATK IV: 89(0%), DEF IV: 36(0%), Work Speed: (0%), Skills: Dainty Eater
Flopie, Level: 8, Rank: 1, Gender: Male, HP IV: 72(0%), ATK IV: 96(0%), DEF IV: 82(0%), Work Speed: (0%), Skills: Vanguard, Nimble
Foxparks, Level: 5, Rank: 1, Gender: Female, HP IV: 8(0%), ATK IV: 2(0%), DEF IV: 39(0%), Work Speed: (0%), Skills: Veil of Darkness
Kelpsea, Level: 12, Rank: 1, Gender: Male, HP IV: 97(0%), ATK IV: 31(0%), DEF IV: 21(0%), Work Speed: (0%), Skills: Impatient
Lamball, Level: 11, Rank: 1, Gender: Female, HP IV: 71(0%), ATK IV: 53(0%), DEF IV: 6(0%), Work Speed: (0%), Skills: Workaholic
Lamball, Level: 2, Rank: 1, Gender: Female, HP IV: 45(0%), ATK IV: 99(0%), DEF IV: 53(0%), Work Speed: (0%), Skills: Abnormal
Lamball, Level: 2, Rank: 1, Gender: Male, HP IV: 65(0%), ATK IV: 49(0%), DEF IV: 56(0%), Work Speed: (0%), Skills: Masochist
Lamball, Level: 3, Rank: 1, Gender: Female, HP IV: 64(0%), ATK IV: 64(0%), DEF IV: 2(0%), Work Speed: (0%), Skills: Work Slave, Suntan Lover, Sickly
Lamball, Level: 3, Rank: 1, Gender: Male, HP IV: 18(0%), ATK IV: 88(0%), DEF IV: 81(0%), Work Speed: (0%), Skills: Sickly
Lamball, Level: 8, Rank: 1, Gender: Male, HP IV: 30(0%), ATK IV: 32(0%), DEF IV: 58(0%), Work Speed: (0%), Skills: Artisan
Lifmunk, Level: 3, Rank: 1, Gender: Male, HP IV: 33(0%), ATK IV: 39(0%), DEF IV: 0(0%), Work Speed: (0%), Skills: Pacifist
Lifmunk, Level: 8, Rank: 1, Gender: Male, HP IV: 69(0%), ATK IV: 65(0%), DEF IV: 47(0%), Work Speed: (0%), Skills: Bottomless Stomach
Melpaca, Level: 13, Rank: 1, Gender: Female, HP IV: 94(0%), ATK IV: 1(0%), DEF IV: 51(0%), Work Speed: (0%), Skills: Power of Gaia
Pengullet, Level: 6, Rank: 1, Gender: Male, HP IV: 33(0%), ATK IV: 72(0%), DEF IV: 43(0%), Work Speed: (0%), Skills: Slacker
Ribbuny, Level: 5, Rank: 1, Gender: Female, HP IV: 50(0%), ATK IV: 72(0%), DEF IV: 69(0%), Work Speed: (0%), Skills: Power of Gaia
Rushoar, Level: 12, Rank: 1, Gender: Male, HP IV: 94(0%), ATK IV: 13(0%), DEF IV: 88(0%), Work Speed: (0%), Skills: Conceited
Sparkit, Level: 3, Rank: 1, Gender: Female, HP IV: 46(0%), ATK IV: 54(0%), DEF IV: 68(0%), Work Speed: (0%), Skills: Ferocious
Tanzee, Level: 5, Rank: 1, Gender: Female, HP IV: 22(0%), ATK IV: 12(0%), DEF IV: 30(0%), Work Speed: (0%), Skills: Diet Lover
Teafant, Level: 4, Rank: 1, Gender: Female, HP IV: 17(0%), ATK IV: 30(0%), DEF IV: 96(0%), Work Speed: (0%), Skills: Diet Lover
Teafant, Level: 8, Rank: 1, Gender: Male, HP IV: 0(0%), ATK IV: 77(0%), DEF IV: 77(0%), Work Speed: (0%), Skills: Nocturnal
Tocotoco, Level: 1, Rank: 1, Gender: Female, HP IV: 97(0%), ATK IV: 8(0%), DEF IV: 69(0%), Work Speed: (0%)
Vixy, Level: 10, Rank: 1, Gender: Female, HP IV: 76(0%), ATK IV: 2(0%), DEF IV: 23(0%), Work Speed: (0%), Skills: Shabby
Vixy, Level: 4, Rank: 1, Gender: Female, HP IV: 88(0%), ATK IV: 15(0%), DEF IV: 38(0%), Work Speed: (0%), Skills: Nimble
cspotts93's 41 Pals
-------------------
Alpha Chillet, Level: 11, Rank: 1, Gender: Female, HP IV: 97(0%), ATK IV: 71(0%), DEF IV: 97(0%), Work Speed: (0%)
Alpha Chillet, Level: 13, Rank: 1, Gender: Male, HP IV: 97(0%), ATK IV: 55(0%), DEF IV: 95(0%), Work Speed: (0%), Skills: Power of Gaia
Arsox, Level: 8, Rank: 1, Gender: Male, HP IV: 4(0%), ATK IV: 60(0%), DEF IV: 30(0%), Work Speed: (0%), Skills: Heated Body
Caprity, Level: 12, Rank: 1, Gender: Male, HP IV: 10(0%), ATK IV: 15(0%), DEF IV: 91(0%), Work Speed: (0%), Skills: Sadist
Cattiva, Level: 12, Rank: 1, Gender: Female, HP IV: 20(0%), ATK IV: 60(0%), DEF IV: 90(0%), Work Speed: (0%), Skills: Coward, Sadist, Bottomless Stomach
Cattiva, Level: 14, Rank: 1, Gender: Female, HP IV: 46(0%), ATK IV: 84(0%), DEF IV: 2(0%), Work Speed: (0%), Skills: Coward, Waterproof
Cattiva, Level: 14, Rank: 1, Gender: Female, HP IV: 8(0%), ATK IV: 75(0%), DEF IV: 69(0%), Work Speed: (0%), Skills: Coward, Mercy hit
Cattiva, Level: 2, Rank: 1, Gender: Male, HP IV: 13(0%), ATK IV: 51(0%), DEF IV: 60(0%), Work Speed: (0%), Skills: Coward, Hydromaniac
Chikipi, Level: 3, Rank: 1, Gender: Female, HP IV: 55(0%), ATK IV: 60(0%), DEF IV: 11(0%), Work Speed: (0%), Skills: Coldblooded
Chikipi, Level: 7, Rank: 1, Gender: Male, HP IV: 0(0%), ATK IV: 59(0%), DEF IV: 83(0%), Work Speed: (0%), Skills: Power of Gaia
Cremis, Level: 2, Rank: 1, Gender: Female, HP IV: 30(0%), ATK IV: 75(0%), DEF IV: 91(0%), Work Speed: (0%), Skills: Impatient
Cremis, Level: 2, Rank: 1, Gender: Male, HP IV: 39(0%), ATK IV: 55(0%), DEF IV: 26(0%), Work Speed: (0%), Skills: Easygoing, Mine Foreman
Cremis, Level: 3, Rank: 1, Gender: Female, HP IV: 41(0%), ATK IV: 70(0%), DEF IV: 40(0%), Work Speed: (0%), Skills: Waterproof
Cremis, Level: 8, Rank: 1, Gender: Female, HP IV: 64(0%), ATK IV: 69(0%), DEF IV: 27(0%), Work Speed: (0%), Skills: Shabby
Cremis, Level: 8, Rank: 1, Gender: Female, HP IV: 94(0%), ATK IV: 57(0%), DEF IV: 19(0%), Work Speed: (0%)
Croajiro, Level: 9, Rank: 1, Gender: Female, HP IV: 97(0%), ATK IV: 100(0%), DEF IV: 78(0%), Work Speed: (0%), Skills: Dragonkiller
Eikthyrdeer, Level: 13, Rank: 1, Gender: Male, HP IV: 86(0%), ATK IV: 51(0%), DEF IV: 94(0%), Work Speed: (0%), Skills: Burly Body
Felbat, Level: 12, Rank: 1, Gender: Male, HP IV: 15(0%), ATK IV: 61(0%), DEF IV: 0(0%), Work Speed: (0%), Skills: Work Slave, Insulated Body
Flopie, Level: 1, Rank: 1, Gender: Male, HP IV: 46(0%), ATK IV: 89(0%), DEF IV: 36(0%), Work Speed: (0%), Skills: Dainty Eater
Flopie, Level: 8, Rank: 1, Gender: Male, HP IV: 72(0%), ATK IV: 96(0%), DEF IV: 82(0%), Work Speed: (0%), Skills: Vanguard, Nimble
Foxparks, Level: 5, Rank: 1, Gender: Female, HP IV: 8(0%), ATK IV: 2(0%), DEF IV: 39(0%), Work Speed: (0%), Skills: Veil of Darkness
Kelpsea, Level: 12, Rank: 1, Gender: Male, HP IV: 97(0%), ATK IV: 31(0%), DEF IV: 21(0%), Work Speed: (0%), Skills: Impatient
Lamball, Level: 11, Rank: 1, Gender: Female, HP IV: 71(0%), ATK IV: 53(0%), DEF IV: 6(0%), Work Speed: (0%), Skills: Workaholic
Lamball, Level: 2, Rank: 1, Gender: Female, HP IV: 45(0%), ATK IV: 99(0%), DEF IV: 53(0%), Work Speed: (0%), Skills: Abnormal
Lamball, Level: 2, Rank: 1, Gender: Male, HP IV: 65(0%), ATK IV: 49(0%), DEF IV: 56(0%), Work Speed: (0%), Skills: Masochist
Lamball, Level: 3, Rank: 1, Gender: Female, HP IV: 64(0%), ATK IV: 64(0%), DEF IV: 2(0%), Work Speed: (0%), Skills: Work Slave, Suntan Lover, Sickly
Lamball, Level: 3, Rank: 1, Gender: Male, HP IV: 18(0%), ATK IV: 88(0%), DEF IV: 81(0%), Work Speed: (0%), Skills: Sickly
Lamball, Level: 8, Rank: 1, Gender: Male, HP IV: 30(0%), ATK IV: 32(0%), DEF IV: 58(0%), Work Speed: (0%), Skills: Artisan
Lifmunk, Level: 3, Rank: 1, Gender: Male, HP IV: 33(0%), ATK IV: 39(0%), DEF IV: 0(0%), Work Speed: (0%), Skills: Pacifist
Lifmunk, Level: 8, Rank: 1, Gender: Male, HP IV: 69(0%), ATK IV: 65(0%), DEF IV: 47(0%), Work Speed: (0%), Skills: Bottomless Stomach
Melpaca, Level: 13, Rank: 1, Gender: Female, HP IV: 94(0%), ATK IV: 1(0%), DEF IV: 51(0%), Work Speed: (0%), Skills: Power of Gaia
Pengullet, Level: 6, Rank: 1, Gender: Male, HP IV: 33(0%), ATK IV: 72(0%), DEF IV: 43(0%), Work Speed: (0%), Skills: Slacker
Ribbuny, Level: 5, Rank: 1, Gender: Female, HP IV: 50(0%), ATK IV: 72(0%), DEF IV: 69(0%), Work Speed: (0%), Skills: Power of Gaia
Rushoar, Level: 12, Rank: 1, Gender: Male, HP IV: 94(0%), ATK IV: 13(0%), DEF IV: 88(0%), Work Speed: (0%), Skills: Conceited
Sparkit, Level: 3, Rank: 1, Gender: Female, HP IV: 46(0%), ATK IV: 54(0%), DEF IV: 68(0%), Work Speed: (0%), Skills: Ferocious
Tanzee, Level: 5, Rank: 1, Gender: Female, HP IV: 22(0%), ATK IV: 12(0%), DEF IV: 30(0%), Work Speed: (0%), Skills: Diet Lover
Teafant, Level: 4, Rank: 1, Gender: Female, HP IV: 17(0%), ATK IV: 30(0%), DEF IV: 96(0%), Work Speed: (0%), Skills: Diet Lover
Teafant, Level: 8, Rank: 1, Gender: Male, HP IV: 0(0%), ATK IV: 77(0%), DEF IV: 77(0%), Work Speed: (0%), Skills: Nocturnal
Tocotoco, Level: 1, Rank: 1, Gender: Female, HP IV: 97(0%), ATK IV: 8(0%), DEF IV: 69(0%), Work Speed: (0%)
Vixy, Level: 10, Rank: 1, Gender: Female, HP IV: 76(0%), ATK IV: 2(0%), DEF IV: 23(0%), Work Speed: (0%), Skills: Shabby
Vixy, Level: 4, Rank: 1, Gender: Female, HP IV: 88(0%), ATK IV: 15(0%), DEF IV: 38(0%), Work Speed: (0%), Skills: Nimble
cspotts93's 41 Pals
-------------------
Alpha Chillet, Level: 11, Rank: 1, Gender: Female, HP IV: 97(0%), ATK IV: 71(0%), DEF IV: 97(0%), Work Speed: (0%)
Alpha Chillet, Level: 13, Rank: 1, Gender: Male, HP IV: 97(0%), ATK IV: 55(0%), DEF IV: 95(0%), Work Speed: (0%), Skills: Power of Gaia
Arsox, Level: 8, Rank: 1, Gender: Male, HP IV: 4(0%), ATK IV: 60(0%), DEF IV: 30(0%), Work Speed: (0%), Skills: Heated Body
Caprity, Level: 12, Rank: 1, Gender: Male, HP IV: 10(0%), ATK IV: 15(0%), DEF IV: 91(0%), Work Speed: (0%), Skills: Sadist
Cattiva, Level: 12, Rank: 1, Gender: Female, HP IV: 20(0%), ATK IV: 60(0%), DEF IV: 90(0%), Work Speed: (0%), Skills: Coward, Sadist, Bottomless Stomach
Cattiva, Level: 14, Rank: 1, Gender: Female, HP IV: 46(0%), ATK IV: 84(0%), DEF IV: 2(0%), Work Speed: (0%), Skills: Coward, Waterproof
Cattiva, Level: 14, Rank: 1, Gender: Female, HP IV: 8(0%), ATK IV: 75(0%), DEF IV: 69(0%), Work Speed: (0%), Skills: Coward, Mercy hit
Cattiva, Level: 2, Rank: 1, Gender: Male, HP IV: 13(0%), ATK IV: 51(0%), DEF IV: 60(0%), Work Speed: (0%), Skills: Coward, Hydromaniac
Chikipi, Level: 3, Rank: 1, Gender: Female, HP IV: 55(0%), ATK IV: 60(0%), DEF IV: 11(0%), Work Speed: (0%), Skills: Coldblooded
Chikipi, Level: 7, Rank: 1, Gender: Male, HP IV: 0(0%), ATK IV: 59(0%), DEF IV: 83(0%), Work Speed: (0%), Skills: Power of Gaia
Cremis, Level: 2, Rank: 1, Gender: Female, HP IV: 30(0%), ATK IV: 75(0%), DEF IV: 91(0%), Work Speed: (0%), Skills: Impatient
Cremis, Level: 2, Rank: 1, Gender: Male, HP IV: 39(0%), ATK IV: 55(0%), DEF IV: 26(0%), Work Speed: (0%), Skills: Easygoing, Mine Foreman
Cremis, Level: 3, Rank: 1, Gender: Female, HP IV: 41(0%), ATK IV: 70(0%), DEF IV: 40(0%), Work Speed: (0%), Skills: Waterproof
Cremis, Level: 8, Rank: 1, Gender: Female, HP IV: 64(0%), ATK IV: 69(0%), DEF IV: 27(0%), Work Speed: (0%), Skills: Shabby
Cremis, Level: 8, Rank: 1, Gender: Female, HP IV: 94(0%), ATK IV: 57(0%), DEF IV: 19(0%), Work Speed: (0%)
Croajiro, Level: 9, Rank: 1, Gender: Female, HP IV: 97(0%), ATK IV: 100(0%), DEF IV: 78(0%), Work Speed: (0%), Skills: Dragonkiller
Eikthyrdeer, Level: 13, Rank: 1, Gender: Male, HP IV: 86(0%), ATK IV: 51(0%), DEF IV: 94(0%), Work Speed: (0%), Skills: Burly Body
Felbat, Level: 12, Rank: 1, Gender: Male, HP IV: 15(0%), ATK IV: 61(0%), DEF IV: 0(0%), Work Speed: (0%), Skills: Work Slave, Insulated Body
Flopie, Level: 1, Rank: 1, Gender: Male, HP IV: 46(0%), ATK IV: 89(0%), DEF IV: 36(0%), Work Speed: (0%), Skills: Dainty Eater
Flopie, Level: 8, Rank: 1, Gender: Male, HP IV: 72(0%), ATK IV: 96(0%), DEF IV: 82(0%), Work Speed: (0%), Skills: Vanguard, Nimble
Foxparks, Level: 5, Rank: 1, Gender: Female, HP IV: 8(0%), ATK IV: 2(0%), DEF IV: 39(0%), Work Speed: (0%), Skills: Veil of Darkness
Kelpsea, Level: 12, Rank: 1, Gender: Male, HP IV: 97(0%), ATK IV: 31(0%), DEF IV: 21(0%), Work Speed: (0%), Skills: Impatient
Lamball, Level: 11, Rank: 1, Gender: Female, HP IV: 71(0%), ATK IV: 53(0%), DEF IV: 6(0%), Work Speed: (0%), Skills: Workaholic
Lamball, Level: 2, Rank: 1, Gender: Female, HP IV: 45(0%), ATK IV: 99(0%), DEF IV: 53(0%), Work Speed: (0%), Skills: Abnormal
Lamball, Level: 2, Rank: 1, Gender: Male, HP IV: 65(0%), ATK IV: 49(0%), DEF IV: 56(0%), Work Speed: (0%), Skills: Masochist
Lamball, Level: 3, Rank: 1, Gender: Female, HP IV: 64(0%), ATK IV: 64(0%), DEF IV: 2(0%), Work Speed: (0%), Skills: Work Slave, Suntan Lover, Sickly
Lamball, Level: 3, Rank: 1, Gender: Male, HP IV: 18(0%), ATK IV: 88(0%), DEF IV: 81(0%), Work Speed: (0%), Skills: Sickly
Lamball, Level: 8, Rank: 1, Gender: Male, HP IV: 30(0%), ATK IV: 32(0%), DEF IV: 58(0%), Work Speed: (0%), Skills: Artisan
Lifmunk, Level: 3, Rank: 1, Gender: Male, HP IV: 33(0%), ATK IV: 39(0%), DEF IV: 0(0%), Work Speed: (0%), Skills: Pacifist
Lifmunk, Level: 8, Rank: 1, Gender: Male, HP IV: 69(0%), ATK IV: 65(0%), DEF IV: 47(0%), Work Speed: (0%), Skills: Bottomless Stomach
Melpaca, Level: 13, Rank: 1, Gender: Female, HP IV: 94(0%), ATK IV: 1(0%), DEF IV: 51(0%), Work Speed: (0%), Skills: Power of Gaia
Pengullet, Level: 6, Rank: 1, Gender: Male, HP IV: 33(0%), ATK IV: 72(0%), DEF IV: 43(0%), Work Speed: (0%), Skills: Slacker
Ribbuny, Level: 5, Rank: 1, Gender: Female, HP IV: 50(0%), ATK IV: 72(0%), DEF IV: 69(0%), Work Speed: (0%), Skills: Power of Gaia
Rushoar, Level: 12, Rank: 1, Gender: Male, HP IV: 94(0%), ATK IV: 13(0%), DEF IV: 88(0%), Work Speed: (0%), Skills: Conceited
Sparkit, Level: 3, Rank: 1, Gender: Female, HP IV: 46(0%), ATK IV: 54(0%), DEF IV: 68(0%), Work Speed: (0%), Skills: Ferocious
Tanzee, Level: 5, Rank: 1, Gender: Female, HP IV: 22(0%), ATK IV: 12(0%), DEF IV: 30(0%), Work Speed: (0%), Skills: Diet Lover
Teafant, Level: 4, Rank: 1, Gender: Female, HP IV: 17(0%), ATK IV: 30(0%), DEF IV: 96(0%), Work Speed: (0%), Skills: Diet Lover
Teafant, Level: 8, Rank: 1, Gender: Male, HP IV: 0(0%), ATK IV: 77(0%), DEF IV: 77(0%), Work Speed: (0%), Skills: Nocturnal
Tocotoco, Level: 1, Rank: 1, Gender: Female, HP IV: 97(0%), ATK IV: 8(0%), DEF IV: 69(0%), Work Speed: (0%)
Vixy, Level: 10, Rank: 1, Gender: Female, HP IV: 76(0%), ATK IV: 2(0%), DEF IV: 23(0%), Work Speed: (0%), Skills: Shabby
Vixy, Level: 4, Rank: 1, Gender: Female, HP IV: 88(0%), ATK IV: 15(0%), DEF IV: 38(0%), Work Speed: (0%), Skills: Nimble
cspotts93's 41 Pals
-------------------
Alpha Chillet, Level: 11, Rank: 1, Gender: Female, HP IV: 97(0%), ATK IV: 71(0%), DEF IV: 97(0%), Work Speed: (0%)
Alpha Chillet, Level: 13, Rank: 1, Gender: Male, HP IV: 97(0%), ATK IV: 55(0%), DEF IV: 95(0%), Work Speed: (0%), Skills: Power of Gaia
Arsox, Level: 8, Rank: 1, Gender: Male, HP IV: 4(0%), ATK IV: 60(0%), DEF IV: 30(0%), Work Speed: (0%), Skills: Heated Body
Caprity, Level: 12, Rank: 1, Gender: Male, HP IV: 10(0%), ATK IV: 15(0%), DEF IV: 91(0%), Work Speed: (0%), Skills: Sadist
Cattiva, Level: 12, Rank: 1, Gender: Female, HP IV: 20(0%), ATK IV: 60(0%), DEF IV: 90(0%), Work Speed: (0%), Skills: Coward, Sadist, Bottomless Stomach
Cattiva, Level: 14, Rank: 1, Gender: Female, HP IV: 46(0%), ATK IV: 84(0%), DEF IV: 2(0%), Work Speed: (0%), Skills: Coward, Waterproof
Cattiva, Level: 14, Rank: 1, Gender: Female, HP IV: 8(0%), ATK IV: 75(0%), DEF IV: 69(0%), Work Speed: (0%), Skills: Coward, Mercy hit
Cattiva, Level: 2, Rank: 1, Gender: Male, HP IV: 13(0%), ATK IV: 51(0%), DEF IV: 60(0%), Work Speed: (0%), Skills: Coward, Hydromaniac
Chikipi, Level: 3, Rank: 1, Gender: Female, HP IV: 55(0%), ATK IV: 60(0%), DEF IV: 11(0%), Work Speed: (0%), Skills: Coldblooded
Chikipi, Level: 7, Rank: 1, Gender: Male, HP IV: 0(0%), ATK IV: 59(0%), DEF IV: 83(0%), Work Speed: (0%), Skills: Power of Gaia
Cremis, Level: 2, Rank: 1, Gender: Female, HP IV: 30(0%), ATK IV: 75(0%), DEF IV: 91(0%), Work Speed: (0%), Skills: Impatient
Cremis, Level: 2, Rank: 1, Gender: Male, HP IV: 39(0%), ATK IV: 55(0%), DEF IV: 26(0%), Work Speed: (0%), Skills: Easygoing, Mine Foreman
Cremis, Level: 3, Rank: 1, Gender: Female, HP IV: 41(0%), ATK IV: 70(0%), DEF IV: 40(0%), Work Speed: (0%), Skills: Waterproof
Cremis, Level: 8, Rank: 1, Gender: Female, HP IV: 64(0%), ATK IV: 69(0%), DEF IV: 27(0%), Work Speed: (0%), Skills: Shabby
Cremis, Level: 8, Rank: 1, Gender: Female, HP IV: 94(0%), ATK IV: 57(0%), DEF IV: 19(0%), Work Speed: (0%)
Croajiro, Level: 9, Rank: 1, Gender: Female, HP IV: 97(0%), ATK IV: 100(0%), DEF IV: 78(0%), Work Speed: (0%), Skills: Dragonkiller
Eikthyrdeer, Level: 13, Rank: 1, Gender: Male, HP IV: 86(0%), ATK IV: 51(0%), DEF IV: 94(0%), Work Speed: (0%), Skills: Burly Body
Felbat, Level: 12, Rank: 1, Gender: Male, HP IV: 15(0%), ATK IV: 61(0%), DEF IV: 0(0%), Work Speed: (0%), Skills: Work Slave, Insulated Body
Flopie, Level: 1, Rank: 1, Gender: Male, HP IV: 46(0%), ATK IV: 89(0%), DEF IV: 36(0%), Work Speed: (0%), Skills: Dainty Eater
Flopie, Level: 8, Rank: 1, Gender: Male, HP IV: 72(0%), ATK IV: 96(0%), DEF IV: 82(0%), Work Speed: (0%), Skills: Vanguard, Nimble
Foxparks, Level: 5, Rank: 1, Gender: Female, HP IV: 8(0%), ATK IV: 2(0%), DEF IV: 39(0%), Work Speed: (0%), Skills: Veil of Darkness
Kelpsea, Level: 12, Rank: 1, Gender: Male, HP IV: 97(0%), ATK IV: 31(0%), DEF IV: 21(0%), Work Speed: (0%), Skills: Impatient
Lamball, Level: 11, Rank: 1, Gender: Female, HP IV: 71(0%), ATK IV: 53(0%), DEF IV: 6(0%), Work Speed: (0%), Skills: Workaholic
Lamball, Level: 2, Rank: 1, Gender: Female, HP IV: 45(0%), ATK IV: 99(0%), DEF IV: 53(0%), Work Speed: (0%), Skills: Abnormal
Lamball, Level: 2, Rank: 1, Gender: Male, HP IV: 65(0%), ATK IV: 49(0%), DEF IV: 56(0%), Work Speed: (0%), Skills: Masochist
Lamball, Level: 3, Rank: 1, Gender: Female, HP IV: 64(0%), ATK IV: 64(0%), DEF IV: 2(0%), Work Speed: (0%), Skills: Work Slave, Suntan Lover, Sickly
Lamball, Level: 3, Rank: 1, Gender: Male, HP IV: 18(0%), ATK IV: 88(0%), DEF IV: 81(0%), Work Speed: (0%), Skills: Sickly
Lamball, Level: 8, Rank: 1, Gender: Male, HP IV: 30(0%), ATK IV: 32(0%), DEF IV: 58(0%), Work Speed: (0%), Skills: Artisan
Lifmunk, Level: 3, Rank: 1, Gender: Male, HP IV: 33(0%), ATK IV: 39(0%), DEF IV: 0(0%), Work Speed: (0%), Skills: Pacifist
Lifmunk, Level: 8, Rank: 1, Gender: Male, HP IV: 69(0%), ATK IV: 65(0%), DEF IV: 47(0%), Work Speed: (0%), Skills: Bottomless Stomach
Melpaca, Level: 13, Rank: 1, Gender: Female, HP IV: 94(0%), ATK IV: 1(0%), DEF IV: 51(0%), Work Speed: (0%), Skills: Power of Gaia
Pengullet, Level: 6, Rank: 1, Gender: Male, HP IV: 33(0%), ATK IV: 72(0%), DEF IV: 43(0%), Work Speed: (0%), Skills: Slacker
Ribbuny, Level: 5, Rank: 1, Gender: Female, HP IV: 50(0%), ATK IV: 72(0%), DEF IV: 69(0%), Work Speed: (0%), Skills: Power of Gaia
Rushoar, Level: 12, Rank: 1, Gender: Male, HP IV: 94(0%), ATK IV: 13(0%), DEF IV: 88(0%), Work Speed: (0%), Skills: Conceited
Sparkit, Level: 3, Rank: 1, Gender: Female, HP IV: 46(0%), ATK IV: 54(0%), DEF IV: 68(0%), Work Speed: (0%), Skills: Ferocious
Tanzee, Level: 5, Rank: 1, Gender: Female, HP IV: 22(0%), ATK IV: 12(0%), DEF IV: 30(0%), Work Speed: (0%), Skills: Diet Lover
Teafant, Level: 4, Rank: 1, Gender: Female, HP IV: 17(0%), ATK IV: 30(0%), DEF IV: 96(0%), Work Speed: (0%), Skills: Diet Lover
Teafant, Level: 8, Rank: 1, Gender: Male, HP IV: 0(0%), ATK IV: 77(0%), DEF IV: 77(0%), Work Speed: (0%), Skills: Nocturnal
Tocotoco, Level: 1, Rank: 1, Gender: Female, HP IV: 97(0%), ATK IV: 8(0%), DEF IV: 69(0%), Work Speed: (0%)
Vixy, Level: 10, Rank: 1, Gender: Female, HP IV: 76(0%), ATK IV: 2(0%), DEF IV: 23(0%), Work Speed: (0%), Skills: Shabby
Vixy, Level: 4, Rank: 1, Gender: Female, HP IV: 88(0%), ATK IV: 15(0%), DEF IV: 38(0%), Work Speed: (0%), Skills: Nimble
