da0 uf's 4 Pals
---------------
Foxparks, Level: 21, Rank: 1, Gender: Female, HP IV: 6(0%), ATK IV: 87(360%), DEF IV: 80(0%), Work Speed: (0%), Skills: Shabby
Lamball, Level: 5, Rank: 1, Gender: Female, HP IV: 33(0%), ATK IV: 23(564%), DEF IV: 40(0%), Work Speed: (0%), Skills: Pacifist, Insulated Body
Lullu, Level: 43, Rank: 1, Gender: Female, HP IV: 42(0%), ATK IV: 96(0%), DEF IV: 96(0%), Work Speed: (0%), Skills: Hooligan
Teafant, Level: 2, Rank: 1, Gender: Female, HP IV: 38(150%), ATK IV: 91(150%), DEF IV: 92(0%), Work Speed: (0%), Skills: Artisan
da0 uf's 4 Pals
---------------
Foxparks, Level: 21, Rank: 1, Gender: Female, HP IV: 6(0%), ATK IV: 87(360%), DEF IV: 80(0%), Work Speed: (0%), Skills: Shabby
Lamball, Level: 5, Rank: 1, Gender: Female, HP IV: 33(0%), ATK IV: 23(564%), DEF IV: 40(0%), Work Speed: (0%), Skills: Pacifist, Insulated Body
Lullu, Level: 43, Rank: 1, Gender: Female, HP IV: 42(0%), ATK IV: 96(0%), DEF IV: 96(0%), Work Speed: (0%), Skills: Hooligan
Teafant, Level: 2, Rank: 1, Gender: Female, HP IV: 38(150%), ATK IV: 91(150%), DEF IV: 92(0%), Work Speed: (0%), Skills: Artisan
da0 uf's 4 Pals
---------------
Foxparks, Level: 21, Rank: 1, Gender: Female, HP IV: 6(0%), ATK IV: 87(360%), DEF IV: 80(0%), Work Speed: (0%), Skills: Shabby
Lamball, Level: 5, Rank: 1, Gender: Female, HP IV: 33(0%), ATK IV: 23(564%), DEF IV: 40(0%), Work Speed: (0%), Skills: Pacifist, Insulated Body
Lullu, Level: 43, Rank: 1, Gender: Female, HP IV: 42(0%), ATK IV: 96(0%), DEF IV: 96(0%), Work Speed: (0%), Skills: Hooligan
Teafant, Level: 2, Rank: 1, Gender: Female, HP IV: 38(150%), ATK IV: 91(150%), DEF IV: 92(0%), Work Speed: (0%), Skills: Artisan
da0 uf's 4 Pals
---------------
Foxparks, Level: 21, Rank: 1, Gender: Female, HP IV: 6(0%), ATK IV: 87(360%), DEF IV: 80(0%), Work Speed: (0%), Skills: Shabby
Lamball, Level: 5, Rank: 1, Gender: Female, HP IV: 33(0%), ATK IV: 23(564%), DEF IV: 40(0%), Work Speed: (0%), Skills: Pacifist, Insulated Body
Lullu, Level: 43, Rank: 1, Gender: Female, HP IV: 42(0%), ATK IV: 96(0%), DEF IV: 96(0%), Work Speed: (0%), Skills: Hooligan
Teafant, Level: 2, Rank: 1, Gender: Female, HP IV: 38(150%), ATK IV: 91(150%), DEF IV: 92(0%), Work Speed: (0%), Skills: Artisan
da0 uf's 4 Pals
---------------
Foxparks, Level: 21, Rank: 1, Gender: Female, HP IV: 6(0%), ATK IV: 87(360%), DEF IV: 80(0%), Work Speed: (0%), Skills: Shabby
Lamball, Level: 5, Rank: 1, Gender: Female, HP IV: 33(0%), ATK IV: 23(564%), DEF IV: 40(0%), Work Speed: (0%), Skills: Pacifist, Insulated Body
Lullu, Level: 43, Rank: 1, Gender: Female, HP IV: 42(0%), ATK IV: 96(0%), DEF IV: 96(0%), Work Speed: (0%), Skills: Hooligan
Teafant, Level: 2, Rank: 1, Gender: Female, HP IV: 38(150%), ATK IV: 91(150%), DEF IV: 92(0%), Work Speed: (0%), Skills: Artisan
da0 uf's 4 Pals
---------------
Foxparks, Level: 21, Rank: 1, Gender: Female, HP IV: 6(0%), ATK IV: 87(360%), DEF IV: 80(0%), Work Speed: (0%), Skills: Shabby
Lamball, Level: 5, Rank: 1, Gender: Female, HP IV: 33(0%), ATK IV: 23(564%), DEF IV: 40(0%), Work Speed: (0%), Skills: Pacifist, Insulated Body
Lullu, Level: 43, Rank: 1, Gender: Female, HP IV: 42(0%), ATK IV: 96(0%), DEF IV: 96(0%), Work Speed: (0%), Skills: Hooligan
Teafant, Level: 2, Rank: 1, Gender: Female, HP IV: 38(150%), ATK IV: 91(150%), DEF IV: 92(0%), Work Speed: (0%), Skills: Artisan
da0 uf's 4 Pals
---------------
Foxparks, Level: 21, Rank: 1, Gender: Female, HP IV: 6(0%), ATK IV: 87(360%), DEF IV: 80(0%), Work Speed: (0%), Skills: Shabby
Lamball, Level: 5, Rank: 1, Gender: Female, HP IV: 33(0%), ATK IV: 23(564%), DEF IV: 40(0%), Work Speed: (0%), Skills: Pacifist, Insulated Body
Lullu, Level: 43, Rank: 1, Gender: Female, HP IV: 42(0%), ATK IV: 96(0%), DEF IV: 96(0%), Work Speed: (0%), Skills: Hooligan
Teafant, Level: 2, Rank: 1, Gender: Female, HP IV: 38(150%), ATK IV: 91(150%), DEF IV: 92(0%), Work Speed: (0%), Skills: Artisan
da0 uf's 4 Pals
---------------
Foxparks, Level: 21, Rank: 1, Gender: Female, HP IV: 6(0%), ATK IV: 87(360%), DEF IV: 80(0%), Work Speed: (0%), Skills: Shabby
Lamball, Level: 5, Rank: 1, Gender: Female, HP IV: 33(0%), ATK IV: 23(564%), DEF IV: 40(0%), Work Speed: (0%), Skills: Pacifist, Insulated Body
Lullu, Level: 43, Rank: 1, Gender: Female, HP IV: 42(0%), ATK IV: 96(0%), DEF IV: 96(0%), Work Speed: (0%), Skills: Hooligan
Teafant, Level: 2, Rank: 1, Gender: Female, HP IV: 38(150%), ATK IV: 91(150%), DEF IV: 92(0%), Work Speed: (0%), Skills: Artisan
da0 uf's 4 Pals
---------------
Foxparks, Level: 21, Rank: 1, Gender: Female, HP IV: 6(0%), ATK IV: 87(360%), DEF IV: 80(0%), Work Speed: (0%), Skills: Shabby
Lamball, Level: 5, Rank: 1, Gender: Female, HP IV: 33(0%), ATK IV: 23(564%), DEF IV: 40(0%), Work Speed: (0%), Skills: Pacifist, Insulated Body
Lullu, Level: 43, Rank: 1, Gender: Female, HP IV: 42(0%), ATK IV: 96(0%), DEF IV: 96(0%), Work Speed: (0%), Skills: Hooligan
Teafant, Level: 2, Rank: 1, Gender: Female, HP IV: 38(150%), ATK IV: 91(150%), DEF IV: 92(0%), Work Speed: (0%), Skills: Artisan
da0 uf's 4 Pals
---------------
Foxparks, Level: 21, Rank: 1, Gender: Female, HP IV: 6(0%), ATK IV: 87(360%), DEF IV: 80(0%), Work Speed: (0%), Skills: Shabby
Lamball, Level: 5, Rank: 1, Gender: Female, HP IV: 33(0%), ATK IV: 23(564%), DEF IV: 40(0%), Work Speed: (0%), Skills: Pacifist, Insulated Body
Lullu, Level: 43, Rank: 1, Gender: Female, HP IV: 42(0%), ATK IV: 96(0%), DEF IV: 96(0%), Work Speed: (0%), Skills: Hooligan
Teafant, Level: 2, Rank: 1, Gender: Female, HP IV: 38(150%), ATK IV: 91(150%), DEF IV: 92(0%), Work Speed: (0%), Skills: Artisan
da0 uf's 4 Pals
---------------
Foxparks, Level: 21, Rank: 1, Gender: Female, HP IV: 6(0%), ATK IV: 87(360%), DEF IV: 80(0%), Work Speed: (0%), Skills: Shabby
Lamball, Level: 5, Rank: 1, Gender: Female, HP IV: 33(0%), ATK IV: 23(564%), DEF IV: 40(0%), Work Speed: (0%), Skills: Pacifist, Insulated Body
Lullu, Level: 43, Rank: 1, Gender: Female, HP IV: 42(0%), ATK IV: 96(0%), DEF IV: 96(0%), Work Speed: (0%), Skills: Hooligan
Teafant, Level: 2, Rank: 1, Gender: Female, HP IV: 38(150%), ATK IV: 91(150%), DEF IV: 92(0%), Work Speed: (0%), Skills: Artisan
da0 uf's 4 Pals
---------------
Foxparks, Level: 21, Rank: 1, Gender: Female, HP IV: 6(0%), ATK IV: 87(360%), DEF IV: 80(0%), Work Speed: (0%), Skills: Shabby
Lamball, Level: 5, Rank: 1, Gender: Female, HP IV: 33(0%), ATK IV: 23(564%), DEF IV: 40(0%), Work Speed: (0%), Skills: Pacifist, Insulated Body
Lullu, Level: 43, Rank: 1, Gender: Female, HP IV: 42(0%), ATK IV: 96(0%), DEF IV: 96(0%), Work Speed: (0%), Skills: Hooligan
Teafant, Level: 2, Rank: 1, Gender: Female, HP IV: 38(150%), ATK IV: 91(150%), DEF IV: 92(0%), Work Speed: (0%), Skills: Artisan
da0 uf's 4 Pals
---------------
Foxparks, Level: 21, Rank: 1, Gender: Female, HP IV: 6(0%), ATK IV: 87(360%), DEF IV: 80(0%), Work Speed: (0%), Skills: Shabby
Lamball, Level: 5, Rank: 1, Gender: Female, HP IV: 33(0%), ATK IV: 23(564%), DEF IV: 40(0%), Work Speed: (0%), Skills: Pacifist, Insulated Body
Lullu, Level: 43, Rank: 1, Gender: Female, HP IV: 42(0%), ATK IV: 96(0%), DEF IV: 96(0%), Work Speed: (0%), Skills: Hooligan
Teafant, Level: 2, Rank: 1, Gender: Female, HP IV: 38(150%), ATK IV: 91(150%), DEF IV: 92(0%), Work Speed: (0%), Skills: Artisan
da0 uf's 4 Pals
---------------
Foxparks, Level: 21, Rank: 1, Gender: Female, HP IV: 6(0%), ATK IV: 87(360%), DEF IV: 80(0%), Work Speed: (0%), Skills: Shabby
Lamball, Level: 5, Rank: 1, Gender: Female, HP IV: 33(0%), ATK IV: 23(564%), DEF IV: 40(0%), Work Speed: (0%), Skills: Pacifist, Insulated Body
Lullu, Level: 43, Rank: 1, Gender: Female, HP IV: 42(0%), ATK IV: 96(0%), DEF IV: 96(0%), Work Speed: (0%), Skills: Hooligan
Teafant, Level: 2, Rank: 1, Gender: Female, HP IV: 38(150%), ATK IV: 91(150%), DEF IV: 92(0%), Work Speed: (0%), Skills: Artisan
