dardarful's 9 Pals
------------------
Alpha Daedream, Level: 16, Rank: 1, Gender: Male, HP IV: 52(0%), ATK IV: 99(0%), DEF IV: 67(0%), Work Speed: (0%), Skills: Zen Mind
Cattiva, Level: 8, Rank: 1, Gender: Male, HP IV: 97(0%), ATK IV: 72(0%), DEF IV: 92(0%), Work Speed: (0%), Skills: Coward
Chikipi, Level: 7, Rank: 1, Gender: Male, HP IV: 72(0%), ATK IV: 98(0%), DEF IV: 67(0%), Work Speed: (0%), Skills: Workaholic
Direhowl, Level: 8, Rank: 1, Gender: Male, HP IV: 85(0%), ATK IV: 17(0%), DEF IV: 26(0%), Work Speed: (0%), Skills: Impatient
Hangyu, Level: 1, Rank: 1, Gender: Male, HP IV: 52(0%), ATK IV: 98(0%), DEF IV: 57(0%), Work Speed: (0%), Skills: Dainty Eater
Kelpsea, Level: 12, Rank: 1, Gender: Male, HP IV: 63(0%), ATK IV: 14(0%), DEF IV: 64(0%), Work Speed: (0%), Skills: Pacifist
Mau, Level: 14, Rank: 1, Gender: Male, HP IV: 54(0%), ATK IV: 58(0%), DEF IV: 31(0%), Work Speed: (0%), Skills: Fragrant Foliage, Destructive
Melpaca, Level: 9, Rank: 1, Gender: Male, HP IV: 54(0%), ATK IV: 97(0%), DEF IV: 19(0%), Work Speed: (0%), Skills: Fragrant Foliage
Tombat, Level: 8, Rank: 1, Gender: Male, HP IV: 61(0%), ATK IV: 15(0%), DEF IV: 23(0%), Work Speed: (0%), Skills: Serious
dardarful's 9 Pals
------------------
Alpha Daedream, Level: 16, Rank: 1, Gender: Male, HP IV: 52(0%), ATK IV: 99(0%), DEF IV: 67(0%), Work Speed: (0%), Skills: Zen Mind
Cattiva, Level: 8, Rank: 1, Gender: Male, HP IV: 97(0%), ATK IV: 72(0%), DEF IV: 92(0%), Work Speed: (0%), Skills: Coward
Chikipi, Level: 7, Rank: 1, Gender: Male, HP IV: 72(0%), ATK IV: 98(0%), DEF IV: 67(0%), Work Speed: (0%), Skills: Workaholic
Direhowl, Level: 8, Rank: 1, Gender: Male, HP IV: 85(0%), ATK IV: 17(0%), DEF IV: 26(0%), Work Speed: (0%), Skills: Impatient
Hangyu, Level: 1, Rank: 1, Gender: Male, HP IV: 52(0%), ATK IV: 98(0%), DEF IV: 57(0%), Work Speed: (0%), Skills: Dainty Eater
Kelpsea, Level: 12, Rank: 1, Gender: Male, HP IV: 63(0%), ATK IV: 14(0%), DEF IV: 64(0%), Work Speed: (0%), Skills: Pacifist
Mau, Level: 14, Rank: 1, Gender: Male, HP IV: 54(0%), ATK IV: 58(0%), DEF IV: 31(0%), Work Speed: (0%), Skills: Fragrant Foliage, Destructive
Melpaca, Level: 9, Rank: 1, Gender: Male, HP IV: 54(0%), ATK IV: 97(0%), DEF IV: 19(0%), Work Speed: (0%), Skills: Fragrant Foliage
Tombat, Level: 8, Rank: 1, Gender: Male, HP IV: 61(0%), ATK IV: 15(0%), DEF IV: 23(0%), Work Speed: (0%), Skills: Serious
dardarful's 9 Pals
------------------
Alpha Daedream, Level: 16, Rank: 1, Gender: Male, HP IV: 52(0%), ATK IV: 99(0%), DEF IV: 67(0%), Work Speed: (0%), Skills: Zen Mind
Cattiva, Level: 8, Rank: 1, Gender: Male, HP IV: 97(0%), ATK IV: 72(0%), DEF IV: 92(0%), Work Speed: (0%), Skills: Coward
Chikipi, Level: 7, Rank: 1, Gender: Male, HP IV: 72(0%), ATK IV: 98(0%), DEF IV: 67(0%), Work Speed: (0%), Skills: Workaholic
Direhowl, Level: 8, Rank: 1, Gender: Male, HP IV: 85(0%), ATK IV: 17(0%), DEF IV: 26(0%), Work Speed: (0%), Skills: Impatient
Hangyu, Level: 1, Rank: 1, Gender: Male, HP IV: 52(0%), ATK IV: 98(0%), DEF IV: 57(0%), Work Speed: (0%), Skills: Dainty Eater
Kelpsea, Level: 12, Rank: 1, Gender: Male, HP IV: 63(0%), ATK IV: 14(0%), DEF IV: 64(0%), Work Speed: (0%), Skills: Pacifist
Mau, Level: 14, Rank: 1, Gender: Male, HP IV: 54(0%), ATK IV: 58(0%), DEF IV: 31(0%), Work Speed: (0%), Skills: Fragrant Foliage, Destructive
Melpaca, Level: 9, Rank: 1, Gender: Male, HP IV: 54(0%), ATK IV: 97(0%), DEF IV: 19(0%), Work Speed: (0%), Skills: Fragrant Foliage
Tombat, Level: 8, Rank: 1, Gender: Male, HP IV: 61(0%), ATK IV: 15(0%), DEF IV: 23(0%), Work Speed: (0%), Skills: Serious
dardarful's 9 Pals
------------------
Alpha Daedream, Level: 16, Rank: 1, Gender: Male, HP IV: 52(0%), ATK IV: 99(0%), DEF IV: 67(0%), Work Speed: (0%), Skills: Zen Mind
Cattiva, Level: 8, Rank: 1, Gender: Male, HP IV: 97(0%), ATK IV: 72(0%), DEF IV: 92(0%), Work Speed: (0%), Skills: Coward
Chikipi, Level: 7, Rank: 1, Gender: Male, HP IV: 72(0%), ATK IV: 98(0%), DEF IV: 67(0%), Work Speed: (0%), Skills: Workaholic
Direhowl, Level: 8, Rank: 1, Gender: Male, HP IV: 85(0%), ATK IV: 17(0%), DEF IV: 26(0%), Work Speed: (0%), Skills: Impatient
Hangyu, Level: 1, Rank: 1, Gender: Male, HP IV: 52(0%), ATK IV: 98(0%), DEF IV: 57(0%), Work Speed: (0%), Skills: Dainty Eater
Kelpsea, Level: 12, Rank: 1, Gender: Male, HP IV: 63(0%), ATK IV: 14(0%), DEF IV: 64(0%), Work Speed: (0%), Skills: Pacifist
Mau, Level: 14, Rank: 1, Gender: Male, HP IV: 54(0%), ATK IV: 58(0%), DEF IV: 31(0%), Work Speed: (0%), Skills: Fragrant Foliage, Destructive
Melpaca, Level: 9, Rank: 1, Gender: Male, HP IV: 54(0%), ATK IV: 97(0%), DEF IV: 19(0%), Work Speed: (0%), Skills: Fragrant Foliage
Tombat, Level: 8, Rank: 1, Gender: Male, HP IV: 61(0%), ATK IV: 15(0%), DEF IV: 23(0%), Work Speed: (0%), Skills: Serious
dardarful's 9 Pals
------------------
Alpha Daedream, Level: 16, Rank: 1, Gender: Male, HP IV: 52(0%), ATK IV: 99(0%), DEF IV: 67(0%), Work Speed: (0%), Skills: Zen Mind
Cattiva, Level: 8, Rank: 1, Gender: Male, HP IV: 97(0%), ATK IV: 72(0%), DEF IV: 92(0%), Work Speed: (0%), Skills: Coward
Chikipi, Level: 7, Rank: 1, Gender: Male, HP IV: 72(0%), ATK IV: 98(0%), DEF IV: 67(0%), Work Speed: (0%), Skills: Workaholic
Direhowl, Level: 8, Rank: 1, Gender: Male, HP IV: 85(0%), ATK IV: 17(0%), DEF IV: 26(0%), Work Speed: (0%), Skills: Impatient
Hangyu, Level: 1, Rank: 1, Gender: Male, HP IV: 52(0%), ATK IV: 98(0%), DEF IV: 57(0%), Work Speed: (0%), Skills: Dainty Eater
Kelpsea, Level: 12, Rank: 1, Gender: Male, HP IV: 63(0%), ATK IV: 14(0%), DEF IV: 64(0%), Work Speed: (0%), Skills: Pacifist
Mau, Level: 14, Rank: 1, Gender: Male, HP IV: 54(0%), ATK IV: 58(0%), DEF IV: 31(0%), Work Speed: (0%), Skills: Fragrant Foliage, Destructive
Melpaca, Level: 9, Rank: 1, Gender: Male, HP IV: 54(0%), ATK IV: 97(0%), DEF IV: 19(0%), Work Speed: (0%), Skills: Fragrant Foliage
Tombat, Level: 8, Rank: 1, Gender: Male, HP IV: 61(0%), ATK IV: 15(0%), DEF IV: 23(0%), Work Speed: (0%), Skills: Serious
dardarful's 9 Pals
------------------
Alpha Daedream, Level: 16, Rank: 1, Gender: Male, HP IV: 52(0%), ATK IV: 99(0%), DEF IV: 67(0%), Work Speed: (0%), Skills: Zen Mind
Cattiva, Level: 8, Rank: 1, Gender: Male, HP IV: 97(0%), ATK IV: 72(0%), DEF IV: 92(0%), Work Speed: (0%), Skills: Coward
Chikipi, Level: 7, Rank: 1, Gender: Male, HP IV: 72(0%), ATK IV: 98(0%), DEF IV: 67(0%), Work Speed: (0%), Skills: Workaholic
Direhowl, Level: 8, Rank: 1, Gender: Male, HP IV: 85(0%), ATK IV: 17(0%), DEF IV: 26(0%), Work Speed: (0%), Skills: Impatient
Hangyu, Level: 1, Rank: 1, Gender: Male, HP IV: 52(0%), ATK IV: 98(0%), DEF IV: 57(0%), Work Speed: (0%), Skills: Dainty Eater
Kelpsea, Level: 12, Rank: 1, Gender: Male, HP IV: 63(0%), ATK IV: 14(0%), DEF IV: 64(0%), Work Speed: (0%), Skills: Pacifist
Mau, Level: 14, Rank: 1, Gender: Male, HP IV: 54(0%), ATK IV: 58(0%), DEF IV: 31(0%), Work Speed: (0%), Skills: Fragrant Foliage, Destructive
Melpaca, Level: 9, Rank: 1, Gender: Male, HP IV: 54(0%), ATK IV: 97(0%), DEF IV: 19(0%), Work Speed: (0%), Skills: Fragrant Foliage
Tombat, Level: 8, Rank: 1, Gender: Male, HP IV: 61(0%), ATK IV: 15(0%), DEF IV: 23(0%), Work Speed: (0%), Skills: Serious
dardarful's 9 Pals
------------------
Alpha Daedream, Level: 16, Rank: 1, Gender: Male, HP IV: 52(0%), ATK IV: 99(0%), DEF IV: 67(0%), Work Speed: (0%), Skills: Zen Mind
Cattiva, Level: 8, Rank: 1, Gender: Male, HP IV: 97(0%), ATK IV: 72(0%), DEF IV: 92(0%), Work Speed: (0%), Skills: Coward
Chikipi, Level: 7, Rank: 1, Gender: Male, HP IV: 72(0%), ATK IV: 98(0%), DEF IV: 67(0%), Work Speed: (0%), Skills: Workaholic
Direhowl, Level: 8, Rank: 1, Gender: Male, HP IV: 85(0%), ATK IV: 17(0%), DEF IV: 26(0%), Work Speed: (0%), Skills: Impatient
Hangyu, Level: 1, Rank: 1, Gender: Male, HP IV: 52(0%), ATK IV: 98(0%), DEF IV: 57(0%), Work Speed: (0%), Skills: Dainty Eater
Kelpsea, Level: 12, Rank: 1, Gender: Male, HP IV: 63(0%), ATK IV: 14(0%), DEF IV: 64(0%), Work Speed: (0%), Skills: Pacifist
Mau, Level: 14, Rank: 1, Gender: Male, HP IV: 54(0%), ATK IV: 58(0%), DEF IV: 31(0%), Work Speed: (0%), Skills: Fragrant Foliage, Destructive
Melpaca, Level: 9, Rank: 1, Gender: Male, HP IV: 54(0%), ATK IV: 97(0%), DEF IV: 19(0%), Work Speed: (0%), Skills: Fragrant Foliage
Tombat, Level: 8, Rank: 1, Gender: Male, HP IV: 61(0%), ATK IV: 15(0%), DEF IV: 23(0%), Work Speed: (0%), Skills: Serious
dardarful's 9 Pals
------------------
Alpha Daedream, Level: 16, Rank: 1, Gender: Male, HP IV: 52(0%), ATK IV: 99(0%), DEF IV: 67(0%), Work Speed: (0%), Skills: Zen Mind
Cattiva, Level: 8, Rank: 1, Gender: Male, HP IV: 97(0%), ATK IV: 72(0%), DEF IV: 92(0%), Work Speed: (0%), Skills: Coward
Chikipi, Level: 7, Rank: 1, Gender: Male, HP IV: 72(0%), ATK IV: 98(0%), DEF IV: 67(0%), Work Speed: (0%), Skills: Workaholic
Direhowl, Level: 8, Rank: 1, Gender: Male, HP IV: 85(0%), ATK IV: 17(0%), DEF IV: 26(0%), Work Speed: (0%), Skills: Impatient
Hangyu, Level: 1, Rank: 1, Gender: Male, HP IV: 52(0%), ATK IV: 98(0%), DEF IV: 57(0%), Work Speed: (0%), Skills: Dainty Eater
Kelpsea, Level: 12, Rank: 1, Gender: Male, HP IV: 63(0%), ATK IV: 14(0%), DEF IV: 64(0%), Work Speed: (0%), Skills: Pacifist
Mau, Level: 14, Rank: 1, Gender: Male, HP IV: 54(0%), ATK IV: 58(0%), DEF IV: 31(0%), Work Speed: (0%), Skills: Fragrant Foliage, Destructive
Melpaca, Level: 9, Rank: 1, Gender: Male, HP IV: 54(0%), ATK IV: 97(0%), DEF IV: 19(0%), Work Speed: (0%), Skills: Fragrant Foliage
Tombat, Level: 8, Rank: 1, Gender: Male, HP IV: 61(0%), ATK IV: 15(0%), DEF IV: 23(0%), Work Speed: (0%), Skills: Serious
dardarful's 9 Pals
------------------
Alpha Daedream, Level: 16, Rank: 1, Gender: Male, HP IV: 52(0%), ATK IV: 99(0%), DEF IV: 67(0%), Work Speed: (0%), Skills: Zen Mind
Cattiva, Level: 8, Rank: 1, Gender: Male, HP IV: 97(0%), ATK IV: 72(0%), DEF IV: 92(0%), Work Speed: (0%), Skills: Coward
Chikipi, Level: 7, Rank: 1, Gender: Male, HP IV: 72(0%), ATK IV: 98(0%), DEF IV: 67(0%), Work Speed: (0%), Skills: Workaholic
Direhowl, Level: 8, Rank: 1, Gender: Male, HP IV: 85(0%), ATK IV: 17(0%), DEF IV: 26(0%), Work Speed: (0%), Skills: Impatient
Hangyu, Level: 1, Rank: 1, Gender: Male, HP IV: 52(0%), ATK IV: 98(0%), DEF IV: 57(0%), Work Speed: (0%), Skills: Dainty Eater
Kelpsea, Level: 12, Rank: 1, Gender: Male, HP IV: 63(0%), ATK IV: 14(0%), DEF IV: 64(0%), Work Speed: (0%), Skills: Pacifist
Mau, Level: 14, Rank: 1, Gender: Male, HP IV: 54(0%), ATK IV: 58(0%), DEF IV: 31(0%), Work Speed: (0%), Skills: Fragrant Foliage, Destructive
Melpaca, Level: 9, Rank: 1, Gender: Male, HP IV: 54(0%), ATK IV: 97(0%), DEF IV: 19(0%), Work Speed: (0%), Skills: Fragrant Foliage
Tombat, Level: 8, Rank: 1, Gender: Male, HP IV: 61(0%), ATK IV: 15(0%), DEF IV: 23(0%), Work Speed: (0%), Skills: Serious
dardarful's 9 Pals
------------------
Alpha Daedream, Level: 16, Rank: 1, Gender: Male, HP IV: 52(0%), ATK IV: 99(0%), DEF IV: 67(0%), Work Speed: (0%), Skills: Zen Mind
Cattiva, Level: 8, Rank: 1, Gender: Male, HP IV: 97(0%), ATK IV: 72(0%), DEF IV: 92(0%), Work Speed: (0%), Skills: Coward
Chikipi, Level: 7, Rank: 1, Gender: Male, HP IV: 72(0%), ATK IV: 98(0%), DEF IV: 67(0%), Work Speed: (0%), Skills: Workaholic
Direhowl, Level: 8, Rank: 1, Gender: Male, HP IV: 85(0%), ATK IV: 17(0%), DEF IV: 26(0%), Work Speed: (0%), Skills: Impatient
Hangyu, Level: 1, Rank: 1, Gender: Male, HP IV: 52(0%), ATK IV: 98(0%), DEF IV: 57(0%), Work Speed: (0%), Skills: Dainty Eater
Kelpsea, Level: 12, Rank: 1, Gender: Male, HP IV: 63(0%), ATK IV: 14(0%), DEF IV: 64(0%), Work Speed: (0%), Skills: Pacifist
Mau, Level: 14, Rank: 1, Gender: Male, HP IV: 54(0%), ATK IV: 58(0%), DEF IV: 31(0%), Work Speed: (0%), Skills: Fragrant Foliage, Destructive
Melpaca, Level: 9, Rank: 1, Gender: Male, HP IV: 54(0%), ATK IV: 97(0%), DEF IV: 19(0%), Work Speed: (0%), Skills: Fragrant Foliage
Tombat, Level: 8, Rank: 1, Gender: Male, HP IV: 61(0%), ATK IV: 15(0%), DEF IV: 23(0%), Work Speed: (0%), Skills: Serious
dardarful's 9 Pals
------------------
Alpha Daedream, Level: 16, Rank: 1, Gender: Male, HP IV: 52(0%), ATK IV: 99(0%), DEF IV: 67(0%), Work Speed: (0%), Skills: Zen Mind
Cattiva, Level: 8, Rank: 1, Gender: Male, HP IV: 97(0%), ATK IV: 72(0%), DEF IV: 92(0%), Work Speed: (0%), Skills: Coward
Chikipi, Level: 7, Rank: 1, Gender: Male, HP IV: 72(0%), ATK IV: 98(0%), DEF IV: 67(0%), Work Speed: (0%), Skills: Workaholic
Direhowl, Level: 8, Rank: 1, Gender: Male, HP IV: 85(0%), ATK IV: 17(0%), DEF IV: 26(0%), Work Speed: (0%), Skills: Impatient
Hangyu, Level: 1, Rank: 1, Gender: Male, HP IV: 52(0%), ATK IV: 98(0%), DEF IV: 57(0%), Work Speed: (0%), Skills: Dainty Eater
Kelpsea, Level: 12, Rank: 1, Gender: Male, HP IV: 63(0%), ATK IV: 14(0%), DEF IV: 64(0%), Work Speed: (0%), Skills: Pacifist
Mau, Level: 14, Rank: 1, Gender: Male, HP IV: 54(0%), ATK IV: 58(0%), DEF IV: 31(0%), Work Speed: (0%), Skills: Fragrant Foliage, Destructive
Melpaca, Level: 9, Rank: 1, Gender: Male, HP IV: 54(0%), ATK IV: 97(0%), DEF IV: 19(0%), Work Speed: (0%), Skills: Fragrant Foliage
Tombat, Level: 8, Rank: 1, Gender: Male, HP IV: 61(0%), ATK IV: 15(0%), DEF IV: 23(0%), Work Speed: (0%), Skills: Serious
dardarful's 9 Pals
------------------
Alpha Daedream, Level: 16, Rank: 1, Gender: Male, HP IV: 52(0%), ATK IV: 99(0%), DEF IV: 67(0%), Work Speed: (0%), Skills: Zen Mind
Cattiva, Level: 8, Rank: 1, Gender: Male, HP IV: 97(0%), ATK IV: 72(0%), DEF IV: 92(0%), Work Speed: (0%), Skills: Coward
Chikipi, Level: 7, Rank: 1, Gender: Male, HP IV: 72(0%), ATK IV: 98(0%), DEF IV: 67(0%), Work Speed: (0%), Skills: Workaholic
Direhowl, Level: 8, Rank: 1, Gender: Male, HP IV: 85(0%), ATK IV: 17(0%), DEF IV: 26(0%), Work Speed: (0%), Skills: Impatient
Hangyu, Level: 1, Rank: 1, Gender: Male, HP IV: 52(0%), ATK IV: 98(0%), DEF IV: 57(0%), Work Speed: (0%), Skills: Dainty Eater
Kelpsea, Level: 12, Rank: 1, Gender: Male, HP IV: 63(0%), ATK IV: 14(0%), DEF IV: 64(0%), Work Speed: (0%), Skills: Pacifist
Mau, Level: 14, Rank: 1, Gender: Male, HP IV: 54(0%), ATK IV: 58(0%), DEF IV: 31(0%), Work Speed: (0%), Skills: Fragrant Foliage, Destructive
Melpaca, Level: 9, Rank: 1, Gender: Male, HP IV: 54(0%), ATK IV: 97(0%), DEF IV: 19(0%), Work Speed: (0%), Skills: Fragrant Foliage
Tombat, Level: 8, Rank: 1, Gender: Male, HP IV: 61(0%), ATK IV: 15(0%), DEF IV: 23(0%), Work Speed: (0%), Skills: Serious
dardarful's 9 Pals
------------------
Alpha Daedream, Level: 16, Rank: 1, Gender: Male, HP IV: 52(0%), ATK IV: 99(0%), DEF IV: 67(0%), Work Speed: (0%), Skills: Zen Mind
Cattiva, Level: 8, Rank: 1, Gender: Male, HP IV: 97(0%), ATK IV: 72(0%), DEF IV: 92(0%), Work Speed: (0%), Skills: Coward
Chikipi, Level: 7, Rank: 1, Gender: Male, HP IV: 72(0%), ATK IV: 98(0%), DEF IV: 67(0%), Work Speed: (0%), Skills: Workaholic
Direhowl, Level: 8, Rank: 1, Gender: Male, HP IV: 85(0%), ATK IV: 17(0%), DEF IV: 26(0%), Work Speed: (0%), Skills: Impatient
Hangyu, Level: 1, Rank: 1, Gender: Male, HP IV: 52(0%), ATK IV: 98(0%), DEF IV: 57(0%), Work Speed: (0%), Skills: Dainty Eater
Kelpsea, Level: 12, Rank: 1, Gender: Male, HP IV: 63(0%), ATK IV: 14(0%), DEF IV: 64(0%), Work Speed: (0%), Skills: Pacifist
Mau, Level: 14, Rank: 1, Gender: Male, HP IV: 54(0%), ATK IV: 58(0%), DEF IV: 31(0%), Work Speed: (0%), Skills: Fragrant Foliage, Destructive
Melpaca, Level: 9, Rank: 1, Gender: Male, HP IV: 54(0%), ATK IV: 97(0%), DEF IV: 19(0%), Work Speed: (0%), Skills: Fragrant Foliage
Tombat, Level: 8, Rank: 1, Gender: Male, HP IV: 61(0%), ATK IV: 15(0%), DEF IV: 23(0%), Work Speed: (0%), Skills: Serious
dardarful's 9 Pals
------------------
Alpha Daedream, Level: 16, Rank: 1, Gender: Male, HP IV: 52(0%), ATK IV: 99(0%), DEF IV: 67(0%), Work Speed: (0%), Skills: Zen Mind
Cattiva, Level: 8, Rank: 1, Gender: Male, HP IV: 97(0%), ATK IV: 72(0%), DEF IV: 92(0%), Work Speed: (0%), Skills: Coward
Chikipi, Level: 7, Rank: 1, Gender: Male, HP IV: 72(0%), ATK IV: 98(0%), DEF IV: 67(0%), Work Speed: (0%), Skills: Workaholic
Direhowl, Level: 8, Rank: 1, Gender: Male, HP IV: 85(0%), ATK IV: 17(0%), DEF IV: 26(0%), Work Speed: (0%), Skills: Impatient
Hangyu, Level: 1, Rank: 1, Gender: Male, HP IV: 52(0%), ATK IV: 98(0%), DEF IV: 57(0%), Work Speed: (0%), Skills: Dainty Eater
Kelpsea, Level: 12, Rank: 1, Gender: Male, HP IV: 63(0%), ATK IV: 14(0%), DEF IV: 64(0%), Work Speed: (0%), Skills: Pacifist
Mau, Level: 14, Rank: 1, Gender: Male, HP IV: 54(0%), ATK IV: 58(0%), DEF IV: 31(0%), Work Speed: (0%), Skills: Fragrant Foliage, Destructive
Melpaca, Level: 9, Rank: 1, Gender: Male, HP IV: 54(0%), ATK IV: 97(0%), DEF IV: 19(0%), Work Speed: (0%), Skills: Fragrant Foliage
Tombat, Level: 8, Rank: 1, Gender: Male, HP IV: 61(0%), ATK IV: 15(0%), DEF IV: 23(0%), Work Speed: (0%), Skills: Serious
