Datandy's 3 Pals
----------------
Cattiva, Level: 5, Rank: 1, Gender: Female, HP IV: 18(0%), ATK IV: 35(0%), DEF IV: 32(0%), Work Speed: (0%), Skills: Coward, Brave, Shabby
Cremis, Level: 5, Rank: 1, Gender: Male, HP IV: 28(0%), ATK IV: 71(0%), DEF IV: 40(0%), Work Speed: (0%), Skills: Hydromaniac
Vanwyrm, Level: 13, Rank: 1, Gender: Female, HP IV: 11(0%), ATK IV: 10(0%), DEF IV: 93(0%), Work Speed: (0%), Skills: Power of Gaia
Datandy's 3 Pals
----------------
Cattiva, Level: 5, Rank: 1, Gender: Female, HP IV: 18(0%), ATK IV: 35(0%), DEF IV: 32(0%), Work Speed: (0%), Skills: Coward, Brave, Shabby
Cremis, Level: 5, Rank: 1, Gender: Male, HP IV: 28(0%), ATK IV: 71(0%), DEF IV: 40(0%), Work Speed: (0%), Skills: Hydromaniac
Vanwyrm, Level: 13, Rank: 1, Gender: Female, HP IV: 11(0%), ATK IV: 10(0%), DEF IV: 93(0%), Work Speed: (0%), Skills: Power of Gaia
Datandy's 3 Pals
----------------
Cattiva, Level: 5, Rank: 1, Gender: Female, HP IV: 18(0%), ATK IV: 35(0%), DEF IV: 32(0%), Work Speed: (0%), Skills: Coward, Brave, Shabby
Cremis, Level: 5, Rank: 1, Gender: Male, HP IV: 28(0%), ATK IV: 71(0%), DEF IV: 40(0%), Work Speed: (0%), Skills: Hydromaniac
Vanwyrm, Level: 13, Rank: 1, Gender: Female, HP IV: 11(0%), ATK IV: 10(0%), DEF IV: 93(0%), Work Speed: (0%), Skills: Power of Gaia
Datandy's 3 Pals
----------------
Cattiva, Level: 5, Rank: 1, Gender: Female, HP IV: 18(0%), ATK IV: 35(0%), DEF IV: 32(0%), Work Speed: (0%), Skills: Coward, Brave, Shabby
Cremis, Level: 5, Rank: 1, Gender: Male, HP IV: 28(0%), ATK IV: 71(0%), DEF IV: 40(0%), Work Speed: (0%), Skills: Hydromaniac
Vanwyrm, Level: 13, Rank: 1, Gender: Female, HP IV: 11(0%), ATK IV: 10(0%), DEF IV: 93(0%), Work Speed: (0%), Skills: Power of Gaia
Datandy's 3 Pals
----------------
Cattiva, Level: 5, Rank: 1, Gender: Female, HP IV: 18(0%), ATK IV: 35(0%), DEF IV: 32(0%), Work Speed: (0%), Skills: Coward, Brave, Shabby
Cremis, Level: 5, Rank: 1, Gender: Male, HP IV: 28(0%), ATK IV: 71(0%), DEF IV: 40(0%), Work Speed: (0%), Skills: Hydromaniac
Vanwyrm, Level: 13, Rank: 1, Gender: Female, HP IV: 11(0%), ATK IV: 10(0%), DEF IV: 93(0%), Work Speed: (0%), Skills: Power of Gaia
Datandy's 3 Pals
----------------
Cattiva, Level: 5, Rank: 1, Gender: Female, HP IV: 18(0%), ATK IV: 35(0%), DEF IV: 32(0%), Work Speed: (0%), Skills: Coward, Brave, Shabby
Cremis, Level: 5, Rank: 1, Gender: Male, HP IV: 28(0%), ATK IV: 71(0%), DEF IV: 40(0%), Work Speed: (0%), Skills: Hydromaniac
Vanwyrm, Level: 13, Rank: 1, Gender: Female, HP IV: 11(0%), ATK IV: 10(0%), DEF IV: 93(0%), Work Speed: (0%), Skills: Power of Gaia
Datandy's 3 Pals
----------------
Cattiva, Level: 5, Rank: 1, Gender: Female, HP IV: 18(0%), ATK IV: 35(0%), DEF IV: 32(0%), Work Speed: (0%), Skills: Coward, Brave, Shabby
Cremis, Level: 5, Rank: 1, Gender: Male, HP IV: 28(0%), ATK IV: 71(0%), DEF IV: 40(0%), Work Speed: (0%), Skills: Hydromaniac
Vanwyrm, Level: 13, Rank: 1, Gender: Female, HP IV: 11(0%), ATK IV: 10(0%), DEF IV: 93(0%), Work Speed: (0%), Skills: Power of Gaia
Datandy's 3 Pals
----------------
Cattiva, Level: 5, Rank: 1, Gender: Female, HP IV: 18(0%), ATK IV: 35(0%), DEF IV: 32(0%), Work Speed: (0%), Skills: Coward, Brave, Shabby
Cremis, Level: 5, Rank: 1, Gender: Male, HP IV: 28(0%), ATK IV: 71(0%), DEF IV: 40(0%), Work Speed: (0%), Skills: Hydromaniac
Vanwyrm, Level: 13, Rank: 1, Gender: Female, HP IV: 11(0%), ATK IV: 10(0%), DEF IV: 93(0%), Work Speed: (0%), Skills: Power of Gaia
Datandy's 3 Pals
----------------
Cattiva, Level: 5, Rank: 1, Gender: Female, HP IV: 18(0%), ATK IV: 35(0%), DEF IV: 32(0%), Work Speed: (0%), Skills: Coward, Brave, Shabby
Cremis, Level: 5, Rank: 1, Gender: Male, HP IV: 28(0%), ATK IV: 71(0%), DEF IV: 40(0%), Work Speed: (0%), Skills: Hydromaniac
Vanwyrm, Level: 13, Rank: 1, Gender: Female, HP IV: 11(0%), ATK IV: 10(0%), DEF IV: 93(0%), Work Speed: (0%), Skills: Power of Gaia
Datandy's 3 Pals
----------------
Cattiva, Level: 5, Rank: 1, Gender: Female, HP IV: 18(0%), ATK IV: 35(0%), DEF IV: 32(0%), Work Speed: (0%), Skills: Coward, Brave, Shabby
Cremis, Level: 5, Rank: 1, Gender: Male, HP IV: 28(0%), ATK IV: 71(0%), DEF IV: 40(0%), Work Speed: (0%), Skills: Hydromaniac
Vanwyrm, Level: 13, Rank: 1, Gender: Female, HP IV: 11(0%), ATK IV: 10(0%), DEF IV: 93(0%), Work Speed: (0%), Skills: Power of Gaia
