DataBass's 10 Pals
------------------
Celaray, Level: 4, Rank: 1, Gender: Male, HP IV: 76(0%), ATK IV: 78(0%), DEF IV: 32(0%), Work Speed: (0%), Skills: Easygoing
Chikipi, Level: 2, Rank: 1, Gender: Female, HP IV: 91(0%), ATK IV: 39(0%), DEF IV: 99(0%), Work Speed: (0%), Skills: Infinite Stamina
Cremis, Level: 10, Rank: 1, Gender: Male, HP IV: 21(0%), ATK IV: 71(0%), DEF IV: 75(0%), Work Speed: (0%)
Cremis, Level: 3, Rank: 1, Gender: Female, HP IV: 41(0%), ATK IV: 52(0%), DEF IV: 71(0%), Work Speed: (0%), Skills: Hooligan
Direhowl, Level: 8, Rank: 1, Gender: Male, HP IV: 86(0%), ATK IV: 13(0%), DEF IV: 41(0%), Work Speed: (0%), Skills: Slacker, Ferocious, Serious
Gumoss, Level: 10, Rank: 1, Gender: Female, HP IV: 35(0%), ATK IV: 43(0%), DEF IV: 90(0%), Work Speed: (0%), Skills: Fine Furs
Lamball, Level: 2, Rank: 1, Gender: Female, HP IV: 45(0%), ATK IV: 10(0%), DEF IV: 54(0%), Work Speed: (0%), Skills: Heated Body
Lamball, Level: 5, Rank: 1, Gender: Female, HP IV: 84(0%), ATK IV: 63(0%), DEF IV: 70(0%), Work Speed: (0%), Skills: Philantropist
Lamball, Level: 8, Rank: 1, Gender: Male, HP IV: 31(0%), ATK IV: 20(0%), DEF IV: 54(0%), Work Speed: (0%), Skills: Heated Body
Rooby, Level: 10, Rank: 1, Gender: Female, HP IV: 3(0%), ATK IV: 11(0%), DEF IV: 91(0%), Work Speed: (0%), Skills: Shabby
DataBass's 10 Pals
------------------
Celaray, Level: 4, Rank: 1, Gender: Male, HP IV: 76(0%), ATK IV: 78(0%), DEF IV: 32(0%), Work Speed: (0%), Skills: Easygoing
Chikipi, Level: 2, Rank: 1, Gender: Female, HP IV: 91(0%), ATK IV: 39(0%), DEF IV: 99(0%), Work Speed: (0%), Skills: Infinite Stamina
Cremis, Level: 10, Rank: 1, Gender: Male, HP IV: 21(0%), ATK IV: 71(0%), DEF IV: 75(0%), Work Speed: (0%)
Cremis, Level: 3, Rank: 1, Gender: Female, HP IV: 41(0%), ATK IV: 52(0%), DEF IV: 71(0%), Work Speed: (0%), Skills: Hooligan
Direhowl, Level: 8, Rank: 1, Gender: Male, HP IV: 86(0%), ATK IV: 13(0%), DEF IV: 41(0%), Work Speed: (0%), Skills: Slacker, Ferocious, Serious
Gumoss, Level: 10, Rank: 1, Gender: Female, HP IV: 35(0%), ATK IV: 43(0%), DEF IV: 90(0%), Work Speed: (0%), Skills: Fine Furs
Lamball, Level: 2, Rank: 1, Gender: Female, HP IV: 45(0%), ATK IV: 10(0%), DEF IV: 54(0%), Work Speed: (0%), Skills: Heated Body
Lamball, Level: 5, Rank: 1, Gender: Female, HP IV: 84(0%), ATK IV: 63(0%), DEF IV: 70(0%), Work Speed: (0%), Skills: Philantropist
Lamball, Level: 8, Rank: 1, Gender: Male, HP IV: 31(0%), ATK IV: 20(0%), DEF IV: 54(0%), Work Speed: (0%), Skills: Heated Body
Rooby, Level: 10, Rank: 1, Gender: Female, HP IV: 3(0%), ATK IV: 11(0%), DEF IV: 91(0%), Work Speed: (0%), Skills: Shabby
DataBass's 10 Pals
------------------
Celaray, Level: 4, Rank: 1, Gender: Male, HP IV: 76(0%), ATK IV: 78(0%), DEF IV: 32(0%), Work Speed: (0%), Skills: Easygoing
Chikipi, Level: 2, Rank: 1, Gender: Female, HP IV: 91(0%), ATK IV: 39(0%), DEF IV: 99(0%), Work Speed: (0%), Skills: Infinite Stamina
Cremis, Level: 10, Rank: 1, Gender: Male, HP IV: 21(0%), ATK IV: 71(0%), DEF IV: 75(0%), Work Speed: (0%)
Cremis, Level: 3, Rank: 1, Gender: Female, HP IV: 41(0%), ATK IV: 52(0%), DEF IV: 71(0%), Work Speed: (0%), Skills: Hooligan
Direhowl, Level: 8, Rank: 1, Gender: Male, HP IV: 86(0%), ATK IV: 13(0%), DEF IV: 41(0%), Work Speed: (0%), Skills: Slacker, Ferocious, Serious
Gumoss, Level: 10, Rank: 1, Gender: Female, HP IV: 35(0%), ATK IV: 43(0%), DEF IV: 90(0%), Work Speed: (0%), Skills: Fine Furs
Lamball, Level: 2, Rank: 1, Gender: Female, HP IV: 45(0%), ATK IV: 10(0%), DEF IV: 54(0%), Work Speed: (0%), Skills: Heated Body
Lamball, Level: 5, Rank: 1, Gender: Female, HP IV: 84(0%), ATK IV: 63(0%), DEF IV: 70(0%), Work Speed: (0%), Skills: Philantropist
Lamball, Level: 8, Rank: 1, Gender: Male, HP IV: 31(0%), ATK IV: 20(0%), DEF IV: 54(0%), Work Speed: (0%), Skills: Heated Body
Rooby, Level: 10, Rank: 1, Gender: Female, HP IV: 3(0%), ATK IV: 11(0%), DEF IV: 91(0%), Work Speed: (0%), Skills: Shabby
DataBass's 10 Pals
------------------
Celaray, Level: 4, Rank: 1, Gender: Male, HP IV: 76(0%), ATK IV: 78(0%), DEF IV: 32(0%), Work Speed: (0%), Skills: Easygoing
Chikipi, Level: 2, Rank: 1, Gender: Female, HP IV: 91(0%), ATK IV: 39(0%), DEF IV: 99(0%), Work Speed: (0%), Skills: Infinite Stamina
Cremis, Level: 10, Rank: 1, Gender: Male, HP IV: 21(0%), ATK IV: 71(0%), DEF IV: 75(0%), Work Speed: (0%)
Cremis, Level: 3, Rank: 1, Gender: Female, HP IV: 41(0%), ATK IV: 52(0%), DEF IV: 71(0%), Work Speed: (0%), Skills: Hooligan
Direhowl, Level: 8, Rank: 1, Gender: Male, HP IV: 86(0%), ATK IV: 13(0%), DEF IV: 41(0%), Work Speed: (0%), Skills: Slacker, Ferocious, Serious
Gumoss, Level: 10, Rank: 1, Gender: Female, HP IV: 35(0%), ATK IV: 43(0%), DEF IV: 90(0%), Work Speed: (0%), Skills: Fine Furs
Lamball, Level: 2, Rank: 1, Gender: Female, HP IV: 45(0%), ATK IV: 10(0%), DEF IV: 54(0%), Work Speed: (0%), Skills: Heated Body
Lamball, Level: 5, Rank: 1, Gender: Female, HP IV: 84(0%), ATK IV: 63(0%), DEF IV: 70(0%), Work Speed: (0%), Skills: Philantropist
Lamball, Level: 8, Rank: 1, Gender: Male, HP IV: 31(0%), ATK IV: 20(0%), DEF IV: 54(0%), Work Speed: (0%), Skills: Heated Body
Rooby, Level: 10, Rank: 1, Gender: Female, HP IV: 3(0%), ATK IV: 11(0%), DEF IV: 91(0%), Work Speed: (0%), Skills: Shabby
DataBass's 10 Pals
------------------
Celaray, Level: 4, Rank: 1, Gender: Male, HP IV: 76(0%), ATK IV: 78(0%), DEF IV: 32(0%), Work Speed: (0%), Skills: Easygoing
Chikipi, Level: 2, Rank: 1, Gender: Female, HP IV: 91(0%), ATK IV: 39(0%), DEF IV: 99(0%), Work Speed: (0%), Skills: Infinite Stamina
Cremis, Level: 10, Rank: 1, Gender: Male, HP IV: 21(0%), ATK IV: 71(0%), DEF IV: 75(0%), Work Speed: (0%)
Cremis, Level: 3, Rank: 1, Gender: Female, HP IV: 41(0%), ATK IV: 52(0%), DEF IV: 71(0%), Work Speed: (0%), Skills: Hooligan
Direhowl, Level: 8, Rank: 1, Gender: Male, HP IV: 86(0%), ATK IV: 13(0%), DEF IV: 41(0%), Work Speed: (0%), Skills: Slacker, Ferocious, Serious
Gumoss, Level: 10, Rank: 1, Gender: Female, HP IV: 35(0%), ATK IV: 43(0%), DEF IV: 90(0%), Work Speed: (0%), Skills: Fine Furs
Lamball, Level: 2, Rank: 1, Gender: Female, HP IV: 45(0%), ATK IV: 10(0%), DEF IV: 54(0%), Work Speed: (0%), Skills: Heated Body
Lamball, Level: 5, Rank: 1, Gender: Female, HP IV: 84(0%), ATK IV: 63(0%), DEF IV: 70(0%), Work Speed: (0%), Skills: Philantropist
Lamball, Level: 8, Rank: 1, Gender: Male, HP IV: 31(0%), ATK IV: 20(0%), DEF IV: 54(0%), Work Speed: (0%), Skills: Heated Body
Rooby, Level: 10, Rank: 1, Gender: Female, HP IV: 3(0%), ATK IV: 11(0%), DEF IV: 91(0%), Work Speed: (0%), Skills: Shabby
DataBass's 10 Pals
------------------
Celaray, Level: 4, Rank: 1, Gender: Male, HP IV: 76(0%), ATK IV: 78(0%), DEF IV: 32(0%), Work Speed: (0%), Skills: Easygoing
Chikipi, Level: 2, Rank: 1, Gender: Female, HP IV: 91(0%), ATK IV: 39(0%), DEF IV: 99(0%), Work Speed: (0%), Skills: Infinite Stamina
Cremis, Level: 10, Rank: 1, Gender: Male, HP IV: 21(0%), ATK IV: 71(0%), DEF IV: 75(0%), Work Speed: (0%)
Cremis, Level: 3, Rank: 1, Gender: Female, HP IV: 41(0%), ATK IV: 52(0%), DEF IV: 71(0%), Work Speed: (0%), Skills: Hooligan
Direhowl, Level: 8, Rank: 1, Gender: Male, HP IV: 86(0%), ATK IV: 13(0%), DEF IV: 41(0%), Work Speed: (0%), Skills: Slacker, Ferocious, Serious
Gumoss, Level: 10, Rank: 1, Gender: Female, HP IV: 35(0%), ATK IV: 43(0%), DEF IV: 90(0%), Work Speed: (0%), Skills: Fine Furs
Lamball, Level: 2, Rank: 1, Gender: Female, HP IV: 45(0%), ATK IV: 10(0%), DEF IV: 54(0%), Work Speed: (0%), Skills: Heated Body
Lamball, Level: 5, Rank: 1, Gender: Female, HP IV: 84(0%), ATK IV: 63(0%), DEF IV: 70(0%), Work Speed: (0%), Skills: Philantropist
Lamball, Level: 8, Rank: 1, Gender: Male, HP IV: 31(0%), ATK IV: 20(0%), DEF IV: 54(0%), Work Speed: (0%), Skills: Heated Body
Rooby, Level: 10, Rank: 1, Gender: Female, HP IV: 3(0%), ATK IV: 11(0%), DEF IV: 91(0%), Work Speed: (0%), Skills: Shabby
DataBass's 10 Pals
------------------
Celaray, Level: 4, Rank: 1, Gender: Male, HP IV: 76(0%), ATK IV: 78(0%), DEF IV: 32(0%), Work Speed: (0%), Skills: Easygoing
Chikipi, Level: 2, Rank: 1, Gender: Female, HP IV: 91(0%), ATK IV: 39(0%), DEF IV: 99(0%), Work Speed: (0%), Skills: Infinite Stamina
Cremis, Level: 10, Rank: 1, Gender: Male, HP IV: 21(0%), ATK IV: 71(0%), DEF IV: 75(0%), Work Speed: (0%)
Cremis, Level: 3, Rank: 1, Gender: Female, HP IV: 41(0%), ATK IV: 52(0%), DEF IV: 71(0%), Work Speed: (0%), Skills: Hooligan
Direhowl, Level: 8, Rank: 1, Gender: Male, HP IV: 86(0%), ATK IV: 13(0%), DEF IV: 41(0%), Work Speed: (0%), Skills: Slacker, Ferocious, Serious
Gumoss, Level: 10, Rank: 1, Gender: Female, HP IV: 35(0%), ATK IV: 43(0%), DEF IV: 90(0%), Work Speed: (0%), Skills: Fine Furs
Lamball, Level: 2, Rank: 1, Gender: Female, HP IV: 45(0%), ATK IV: 10(0%), DEF IV: 54(0%), Work Speed: (0%), Skills: Heated Body
Lamball, Level: 5, Rank: 1, Gender: Female, HP IV: 84(0%), ATK IV: 63(0%), DEF IV: 70(0%), Work Speed: (0%), Skills: Philantropist
Lamball, Level: 8, Rank: 1, Gender: Male, HP IV: 31(0%), ATK IV: 20(0%), DEF IV: 54(0%), Work Speed: (0%), Skills: Heated Body
Rooby, Level: 10, Rank: 1, Gender: Female, HP IV: 3(0%), ATK IV: 11(0%), DEF IV: 91(0%), Work Speed: (0%), Skills: Shabby
DataBass's 10 Pals
------------------
Celaray, Level: 4, Rank: 1, Gender: Male, HP IV: 76(0%), ATK IV: 78(0%), DEF IV: 32(0%), Work Speed: (0%), Skills: Easygoing
Chikipi, Level: 2, Rank: 1, Gender: Female, HP IV: 91(0%), ATK IV: 39(0%), DEF IV: 99(0%), Work Speed: (0%), Skills: Infinite Stamina
Cremis, Level: 10, Rank: 1, Gender: Male, HP IV: 21(0%), ATK IV: 71(0%), DEF IV: 75(0%), Work Speed: (0%)
Cremis, Level: 3, Rank: 1, Gender: Female, HP IV: 41(0%), ATK IV: 52(0%), DEF IV: 71(0%), Work Speed: (0%), Skills: Hooligan
Direhowl, Level: 8, Rank: 1, Gender: Male, HP IV: 86(0%), ATK IV: 13(0%), DEF IV: 41(0%), Work Speed: (0%), Skills: Slacker, Ferocious, Serious
Gumoss, Level: 10, Rank: 1, Gender: Female, HP IV: 35(0%), ATK IV: 43(0%), DEF IV: 90(0%), Work Speed: (0%), Skills: Fine Furs
Lamball, Level: 2, Rank: 1, Gender: Female, HP IV: 45(0%), ATK IV: 10(0%), DEF IV: 54(0%), Work Speed: (0%), Skills: Heated Body
Lamball, Level: 5, Rank: 1, Gender: Female, HP IV: 84(0%), ATK IV: 63(0%), DEF IV: 70(0%), Work Speed: (0%), Skills: Philantropist
Lamball, Level: 8, Rank: 1, Gender: Male, HP IV: 31(0%), ATK IV: 20(0%), DEF IV: 54(0%), Work Speed: (0%), Skills: Heated Body
Rooby, Level: 10, Rank: 1, Gender: Female, HP IV: 3(0%), ATK IV: 11(0%), DEF IV: 91(0%), Work Speed: (0%), Skills: Shabby
DataBass's 10 Pals
------------------
Celaray, Level: 4, Rank: 1, Gender: Male, HP IV: 76(0%), ATK IV: 78(0%), DEF IV: 32(0%), Work Speed: (0%), Skills: Easygoing
Chikipi, Level: 2, Rank: 1, Gender: Female, HP IV: 91(0%), ATK IV: 39(0%), DEF IV: 99(0%), Work Speed: (0%), Skills: Infinite Stamina
Cremis, Level: 10, Rank: 1, Gender: Male, HP IV: 21(0%), ATK IV: 71(0%), DEF IV: 75(0%), Work Speed: (0%)
Cremis, Level: 3, Rank: 1, Gender: Female, HP IV: 41(0%), ATK IV: 52(0%), DEF IV: 71(0%), Work Speed: (0%), Skills: Hooligan
Direhowl, Level: 8, Rank: 1, Gender: Male, HP IV: 86(0%), ATK IV: 13(0%), DEF IV: 41(0%), Work Speed: (0%), Skills: Slacker, Ferocious, Serious
Gumoss, Level: 10, Rank: 1, Gender: Female, HP IV: 35(0%), ATK IV: 43(0%), DEF IV: 90(0%), Work Speed: (0%), Skills: Fine Furs
Lamball, Level: 2, Rank: 1, Gender: Female, HP IV: 45(0%), ATK IV: 10(0%), DEF IV: 54(0%), Work Speed: (0%), Skills: Heated Body
Lamball, Level: 5, Rank: 1, Gender: Female, HP IV: 84(0%), ATK IV: 63(0%), DEF IV: 70(0%), Work Speed: (0%), Skills: Philantropist
Lamball, Level: 8, Rank: 1, Gender: Male, HP IV: 31(0%), ATK IV: 20(0%), DEF IV: 54(0%), Work Speed: (0%), Skills: Heated Body
Rooby, Level: 10, Rank: 1, Gender: Female, HP IV: 3(0%), ATK IV: 11(0%), DEF IV: 91(0%), Work Speed: (0%), Skills: Shabby
DataBass's 10 Pals
------------------
Celaray, Level: 4, Rank: 1, Gender: Male, HP IV: 76(0%), ATK IV: 78(0%), DEF IV: 32(0%), Work Speed: (0%), Skills: Easygoing
Chikipi, Level: 2, Rank: 1, Gender: Female, HP IV: 91(0%), ATK IV: 39(0%), DEF IV: 99(0%), Work Speed: (0%), Skills: Infinite Stamina
Cremis, Level: 10, Rank: 1, Gender: Male, HP IV: 21(0%), ATK IV: 71(0%), DEF IV: 75(0%), Work Speed: (0%)
Cremis, Level: 3, Rank: 1, Gender: Female, HP IV: 41(0%), ATK IV: 52(0%), DEF IV: 71(0%), Work Speed: (0%), Skills: Hooligan
Direhowl, Level: 8, Rank: 1, Gender: Male, HP IV: 86(0%), ATK IV: 13(0%), DEF IV: 41(0%), Work Speed: (0%), Skills: Slacker, Ferocious, Serious
Gumoss, Level: 10, Rank: 1, Gender: Female, HP IV: 35(0%), ATK IV: 43(0%), DEF IV: 90(0%), Work Speed: (0%), Skills: Fine Furs
Lamball, Level: 2, Rank: 1, Gender: Female, HP IV: 45(0%), ATK IV: 10(0%), DEF IV: 54(0%), Work Speed: (0%), Skills: Heated Body
Lamball, Level: 5, Rank: 1, Gender: Female, HP IV: 84(0%), ATK IV: 63(0%), DEF IV: 70(0%), Work Speed: (0%), Skills: Philantropist
Lamball, Level: 8, Rank: 1, Gender: Male, HP IV: 31(0%), ATK IV: 20(0%), DEF IV: 54(0%), Work Speed: (0%), Skills: Heated Body
Rooby, Level: 10, Rank: 1, Gender: Female, HP IV: 3(0%), ATK IV: 11(0%), DEF IV: 91(0%), Work Speed: (0%), Skills: Shabby
DataBass's 10 Pals
------------------
Celaray, Level: 4, Rank: 1, Gender: Male, HP IV: 76(0%), ATK IV: 78(0%), DEF IV: 32(0%), Work Speed: (0%), Skills: Easygoing
Chikipi, Level: 2, Rank: 1, Gender: Female, HP IV: 91(0%), ATK IV: 39(0%), DEF IV: 99(0%), Work Speed: (0%), Skills: Infinite Stamina
Cremis, Level: 10, Rank: 1, Gender: Male, HP IV: 21(0%), ATK IV: 71(0%), DEF IV: 75(0%), Work Speed: (0%)
Cremis, Level: 3, Rank: 1, Gender: Female, HP IV: 41(0%), ATK IV: 52(0%), DEF IV: 71(0%), Work Speed: (0%), Skills: Hooligan
Direhowl, Level: 8, Rank: 1, Gender: Male, HP IV: 86(0%), ATK IV: 13(0%), DEF IV: 41(0%), Work Speed: (0%), Skills: Slacker, Ferocious, Serious
Gumoss, Level: 10, Rank: 1, Gender: Female, HP IV: 35(0%), ATK IV: 43(0%), DEF IV: 90(0%), Work Speed: (0%), Skills: Fine Furs
Lamball, Level: 2, Rank: 1, Gender: Female, HP IV: 45(0%), ATK IV: 10(0%), DEF IV: 54(0%), Work Speed: (0%), Skills: Heated Body
Lamball, Level: 5, Rank: 1, Gender: Female, HP IV: 84(0%), ATK IV: 63(0%), DEF IV: 70(0%), Work Speed: (0%), Skills: Philantropist
Lamball, Level: 8, Rank: 1, Gender: Male, HP IV: 31(0%), ATK IV: 20(0%), DEF IV: 54(0%), Work Speed: (0%), Skills: Heated Body
Rooby, Level: 10, Rank: 1, Gender: Female, HP IV: 3(0%), ATK IV: 11(0%), DEF IV: 91(0%), Work Speed: (0%), Skills: Shabby
DataBass's 10 Pals
------------------
Celaray, Level: 4, Rank: 1, Gender: Male, HP IV: 76(0%), ATK IV: 78(0%), DEF IV: 32(0%), Work Speed: (0%), Skills: Easygoing
Chikipi, Level: 2, Rank: 1, Gender: Female, HP IV: 91(0%), ATK IV: 39(0%), DEF IV: 99(0%), Work Speed: (0%), Skills: Infinite Stamina
Cremis, Level: 10, Rank: 1, Gender: Male, HP IV: 21(0%), ATK IV: 71(0%), DEF IV: 75(0%), Work Speed: (0%)
Cremis, Level: 3, Rank: 1, Gender: Female, HP IV: 41(0%), ATK IV: 52(0%), DEF IV: 71(0%), Work Speed: (0%), Skills: Hooligan
Direhowl, Level: 8, Rank: 1, Gender: Male, HP IV: 86(0%), ATK IV: 13(0%), DEF IV: 41(0%), Work Speed: (0%), Skills: Slacker, Ferocious, Serious
Gumoss, Level: 10, Rank: 1, Gender: Female, HP IV: 35(0%), ATK IV: 43(0%), DEF IV: 90(0%), Work Speed: (0%), Skills: Fine Furs
Lamball, Level: 2, Rank: 1, Gender: Female, HP IV: 45(0%), ATK IV: 10(0%), DEF IV: 54(0%), Work Speed: (0%), Skills: Heated Body
Lamball, Level: 5, Rank: 1, Gender: Female, HP IV: 84(0%), ATK IV: 63(0%), DEF IV: 70(0%), Work Speed: (0%), Skills: Philantropist
Lamball, Level: 8, Rank: 1, Gender: Male, HP IV: 31(0%), ATK IV: 20(0%), DEF IV: 54(0%), Work Speed: (0%), Skills: Heated Body
Rooby, Level: 10, Rank: 1, Gender: Female, HP IV: 3(0%), ATK IV: 11(0%), DEF IV: 91(0%), Work Speed: (0%), Skills: Shabby
DataBass's 10 Pals
------------------
Celaray, Level: 4, Rank: 1, Gender: Male, HP IV: 76(0%), ATK IV: 78(0%), DEF IV: 32(0%), Work Speed: (0%), Skills: Easygoing
Chikipi, Level: 2, Rank: 1, Gender: Female, HP IV: 91(0%), ATK IV: 39(0%), DEF IV: 99(0%), Work Speed: (0%), Skills: Infinite Stamina
Cremis, Level: 10, Rank: 1, Gender: Male, HP IV: 21(0%), ATK IV: 71(0%), DEF IV: 75(0%), Work Speed: (0%)
Cremis, Level: 3, Rank: 1, Gender: Female, HP IV: 41(0%), ATK IV: 52(0%), DEF IV: 71(0%), Work Speed: (0%), Skills: Hooligan
Direhowl, Level: 8, Rank: 1, Gender: Male, HP IV: 86(0%), ATK IV: 13(0%), DEF IV: 41(0%), Work Speed: (0%), Skills: Slacker, Ferocious, Serious
Gumoss, Level: 10, Rank: 1, Gender: Female, HP IV: 35(0%), ATK IV: 43(0%), DEF IV: 90(0%), Work Speed: (0%), Skills: Fine Furs
Lamball, Level: 2, Rank: 1, Gender: Female, HP IV: 45(0%), ATK IV: 10(0%), DEF IV: 54(0%), Work Speed: (0%), Skills: Heated Body
Lamball, Level: 5, Rank: 1, Gender: Female, HP IV: 84(0%), ATK IV: 63(0%), DEF IV: 70(0%), Work Speed: (0%), Skills: Philantropist
Lamball, Level: 8, Rank: 1, Gender: Male, HP IV: 31(0%), ATK IV: 20(0%), DEF IV: 54(0%), Work Speed: (0%), Skills: Heated Body
Rooby, Level: 10, Rank: 1, Gender: Female, HP IV: 3(0%), ATK IV: 11(0%), DEF IV: 91(0%), Work Speed: (0%), Skills: Shabby
DataBass's 10 Pals
------------------
Celaray, Level: 4, Rank: 1, Gender: Male, HP IV: 76(0%), ATK IV: 78(0%), DEF IV: 32(0%), Work Speed: (0%), Skills: Easygoing
Chikipi, Level: 2, Rank: 1, Gender: Female, HP IV: 91(0%), ATK IV: 39(0%), DEF IV: 99(0%), Work Speed: (0%), Skills: Infinite Stamina
Cremis, Level: 10, Rank: 1, Gender: Male, HP IV: 21(0%), ATK IV: 71(0%), DEF IV: 75(0%), Work Speed: (0%)
Cremis, Level: 3, Rank: 1, Gender: Female, HP IV: 41(0%), ATK IV: 52(0%), DEF IV: 71(0%), Work Speed: (0%), Skills: Hooligan
Direhowl, Level: 8, Rank: 1, Gender: Male, HP IV: 86(0%), ATK IV: 13(0%), DEF IV: 41(0%), Work Speed: (0%), Skills: Slacker, Ferocious, Serious
Gumoss, Level: 10, Rank: 1, Gender: Female, HP IV: 35(0%), ATK IV: 43(0%), DEF IV: 90(0%), Work Speed: (0%), Skills: Fine Furs
Lamball, Level: 2, Rank: 1, Gender: Female, HP IV: 45(0%), ATK IV: 10(0%), DEF IV: 54(0%), Work Speed: (0%), Skills: Heated Body
Lamball, Level: 5, Rank: 1, Gender: Female, HP IV: 84(0%), ATK IV: 63(0%), DEF IV: 70(0%), Work Speed: (0%), Skills: Philantropist
Lamball, Level: 8, Rank: 1, Gender: Male, HP IV: 31(0%), ATK IV: 20(0%), DEF IV: 54(0%), Work Speed: (0%), Skills: Heated Body
Rooby, Level: 10, Rank: 1, Gender: Female, HP IV: 3(0%), ATK IV: 11(0%), DEF IV: 91(0%), Work Speed: (0%), Skills: Shabby
