DeadlySniper's 29 Pals
----------------------
Alpha Chillet, Level: 11, Rank: 1, Gender: Female, HP IV: 58(0%), ATK IV: 67(0%), DEF IV: 84(0%), Work Speed: (0%), Skills: Downtrodden
Alpha Katress, Level: 23, Rank: 1, Gender: Female, HP IV: 66(0%), ATK IV: 99(0%), DEF IV: 80(0%), Work Speed: (0%), Skills: Blood of the Dragon
Alpha Kingpaca, Level: 23, Rank: 1, Gender: Male, HP IV: 64(0%), ATK IV: 82(0%), DEF IV: 86(0%), Work Speed: (0%), Skills: Runner
Alpha Petallia, Level: 28, Rank: 1, Gender: Male, HP IV: 56(0%), ATK IV: 93(0%), DEF IV: 75(0%), Work Speed: (0%)
Beegarde, Level: 20, Rank: 1, Gender: Female, HP IV: 42(0%), ATK IV: 53(0%), DEF IV: 13(0%), Work Speed: (0%), Skills: Capacitor
Bristla, Level: 16, Rank: 1, Gender: Female, HP IV: 49(0%), ATK IV: 13(0%), DEF IV: 11(0%), Work Speed: (0%), Skills: Sadist
Bristla, Level: 19, Rank: 1, Gender: Female, HP IV: 90(0%), ATK IV: 21(0%), DEF IV: 20(0%), Work Speed: (0%), Skills: Fragrant Foliage
Caprity, Level: 13, Rank: 1, Gender: Male, HP IV: 61(0%), ATK IV: 63(0%), DEF IV: 88(0%), Work Speed: (0%), Skills: Masochist
Cattiva, Level: 15, Rank: 1, Gender: Male, HP IV: 18(0%), ATK IV: 46(0%), DEF IV: 56(0%), Work Speed: (0%), Skills: Coward, Logging Foreman
Chikipi, Level: 3, Rank: 1, Gender: Male, HP IV: 46(0%), ATK IV: 100(0%), DEF IV: 64(0%), Work Speed: (0%), Skills: Pyromaniac
Daedream, Level: 24, Rank: 1, Gender: Female, HP IV: 53(3%), ATK IV: 59(3%), DEF IV: 51(0%), Work Speed: (0%)
Dazzi, Level: 19, Rank: 1, Gender: Female, HP IV: 14(0%), ATK IV: 73(0%), DEF IV: 0(0%), Work Speed: (0%), Skills: Diet Lover
Dumud, Level: 1, Rank: 1, Gender: Male, HP IV: 84(0%), ATK IV: 7(0%), DEF IV: 43(0%), Work Speed: (0%), Skills: Glutton
Eikthyrdeer, Level: 19, Rank: 1, Gender: Male, HP IV: 26(0%), ATK IV: 96(3%), DEF IV: 71(0%), Work Speed: (0%), Skills: Destructive, Workaholic, Coward, Hooligan
Elizabee, Level: 29, Rank: 1, Gender: Female, HP IV: 61(0%), ATK IV: 5(0%), DEF IV: 16(0%), Work Speed: (0%), Skills: Mine Foreman
Flambelle, Level: 3, Rank: 1, Gender: Male, HP IV: 96(0%), ATK IV: 42(0%), DEF IV: 74(0%), Work Speed: (0%), Skills: Heated Body
Flopie, Level: 1, Rank: 1, Gender: Male, HP IV: 86(0%), ATK IV: 71(0%), DEF IV: 33(0%), Work Speed: (0%), Skills: Dainty Eater
Fuddler, Level: 10, Rank: 1, Gender: Female, HP IV: 6(0%), ATK IV: 11(0%), DEF IV: 99(0%), Work Speed: (0%), Skills: Power of Gaia
Hoocrates, Level: 3, Rank: 1, Gender: Male, HP IV: 67(0%), ATK IV: 91(0%), DEF IV: 34(0%), Work Speed: (0%), Skills: Pacifist, Swift
Lamball, Level: 23, Rank: 1, Gender: Female, HP IV: 77(0%), ATK IV: 92(0%), DEF IV: 35(0%), Work Speed: (0%), Skills: Musclehead
Melpaca, Level: 8, Rank: 1, Gender: Female, HP IV: 79(0%), ATK IV: 98(0%), DEF IV: 32(0%), Work Speed: (0%), Skills: Mine Foreman, Clumsy
Mossanda, Level: 26, Rank: 1, Gender: Female, HP IV: 95(0%), ATK IV: 84(0%), DEF IV: 31(0%), Work Speed: (0%), Skills: Motivational Leader
Nitewing, Level: 19, Rank: 1, Gender: Female, HP IV: 11(0%), ATK IV: 60(0%), DEF IV: 12(0%), Work Speed: (0%), Skills: Nocturnal
Rushoar, Level: 6, Rank: 1, Gender: Male, HP IV: 52(0%), ATK IV: 27(0%), DEF IV: 12(0%), Work Speed: (0%), Skills: Hooligan
Tanzee, Level: 19, Rank: 1, Gender: Male, HP IV: 37(0%), ATK IV: 71(0%), DEF IV: 13(0%), Work Speed: (0%), Skills: Insulated Body
Teafant, Level: 8, Rank: 1, Gender: Male, HP IV: 45(0%), ATK IV: 81(0%), DEF IV: 59(0%), Work Speed: (0%), Skills: Unstable
Tocotoco, Level: 11, Rank: 1, Gender: Male, HP IV: 92(0%), ATK IV: 63(0%), DEF IV: 82(0%), Work Speed: (0%), Skills: Blood of the Dragon
Tombat, Level: 7, Rank: 1, Gender: Female, HP IV: 75(0%), ATK IV: 4(0%), DEF IV: 37(0%), Work Speed: (0%), Skills: Runner
Traveling Merchant, Level: 21, Rank: 1, Gender: Unknown, HP IV: 81(0%), ATK IV: 19(0%), DEF IV: 23(0%), Work Speed: (0%), Skills: Fit as a Fiddle
DeadlySniper's 29 Pals
----------------------
Alpha Chillet, Level: 11, Rank: 1, Gender: Female, HP IV: 58(0%), ATK IV: 67(0%), DEF IV: 84(0%), Work Speed: (0%), Skills: Downtrodden
Alpha Katress, Level: 23, Rank: 1, Gender: Female, HP IV: 66(0%), ATK IV: 99(0%), DEF IV: 80(0%), Work Speed: (0%), Skills: Blood of the Dragon
Alpha Kingpaca, Level: 23, Rank: 1, Gender: Male, HP IV: 64(0%), ATK IV: 82(0%), DEF IV: 86(0%), Work Speed: (0%), Skills: Runner
Alpha Petallia, Level: 28, Rank: 1, Gender: Male, HP IV: 56(0%), ATK IV: 93(0%), DEF IV: 75(0%), Work Speed: (0%)
Beegarde, Level: 20, Rank: 1, Gender: Female, HP IV: 42(0%), ATK IV: 53(0%), DEF IV: 13(0%), Work Speed: (0%), Skills: Capacitor
Bristla, Level: 16, Rank: 1, Gender: Female, HP IV: 49(0%), ATK IV: 13(0%), DEF IV: 11(0%), Work Speed: (0%), Skills: Sadist
Bristla, Level: 19, Rank: 1, Gender: Female, HP IV: 90(0%), ATK IV: 21(0%), DEF IV: 20(0%), Work Speed: (0%), Skills: Fragrant Foliage
Caprity, Level: 13, Rank: 1, Gender: Male, HP IV: 61(0%), ATK IV: 63(0%), DEF IV: 88(0%), Work Speed: (0%), Skills: Masochist
Cattiva, Level: 15, Rank: 1, Gender: Male, HP IV: 18(0%), ATK IV: 46(0%), DEF IV: 56(0%), Work Speed: (0%), Skills: Coward, Logging Foreman
Chikipi, Level: 3, Rank: 1, Gender: Male, HP IV: 46(0%), ATK IV: 100(0%), DEF IV: 64(0%), Work Speed: (0%), Skills: Pyromaniac
Daedream, Level: 24, Rank: 1, Gender: Female, HP IV: 53(3%), ATK IV: 59(3%), DEF IV: 51(0%), Work Speed: (0%)
Dazzi, Level: 19, Rank: 1, Gender: Female, HP IV: 14(0%), ATK IV: 73(0%), DEF IV: 0(0%), Work Speed: (0%), Skills: Diet Lover
Dumud, Level: 1, Rank: 1, Gender: Male, HP IV: 84(0%), ATK IV: 7(0%), DEF IV: 43(0%), Work Speed: (0%), Skills: Glutton
Eikthyrdeer, Level: 19, Rank: 1, Gender: Male, HP IV: 26(0%), ATK IV: 96(3%), DEF IV: 71(0%), Work Speed: (0%), Skills: Destructive, Workaholic, Coward, Hooligan
Elizabee, Level: 29, Rank: 1, Gender: Female, HP IV: 61(0%), ATK IV: 5(0%), DEF IV: 16(0%), Work Speed: (0%), Skills: Mine Foreman
Flambelle, Level: 3, Rank: 1, Gender: Male, HP IV: 96(0%), ATK IV: 42(0%), DEF IV: 74(0%), Work Speed: (0%), Skills: Heated Body
Flopie, Level: 1, Rank: 1, Gender: Male, HP IV: 86(0%), ATK IV: 71(0%), DEF IV: 33(0%), Work Speed: (0%), Skills: Dainty Eater
Fuddler, Level: 10, Rank: 1, Gender: Female, HP IV: 6(0%), ATK IV: 11(0%), DEF IV: 99(0%), Work Speed: (0%), Skills: Power of Gaia
Hoocrates, Level: 3, Rank: 1, Gender: Male, HP IV: 67(0%), ATK IV: 91(0%), DEF IV: 34(0%), Work Speed: (0%), Skills: Pacifist, Swift
Lamball, Level: 23, Rank: 1, Gender: Female, HP IV: 77(0%), ATK IV: 92(0%), DEF IV: 35(0%), Work Speed: (0%), Skills: Musclehead
Melpaca, Level: 8, Rank: 1, Gender: Female, HP IV: 79(0%), ATK IV: 98(0%), DEF IV: 32(0%), Work Speed: (0%), Skills: Mine Foreman, Clumsy
Mossanda, Level: 26, Rank: 1, Gender: Female, HP IV: 95(0%), ATK IV: 84(0%), DEF IV: 31(0%), Work Speed: (0%), Skills: Motivational Leader
Nitewing, Level: 19, Rank: 1, Gender: Female, HP IV: 11(0%), ATK IV: 60(0%), DEF IV: 12(0%), Work Speed: (0%), Skills: Nocturnal
Rushoar, Level: 6, Rank: 1, Gender: Male, HP IV: 52(0%), ATK IV: 27(0%), DEF IV: 12(0%), Work Speed: (0%), Skills: Hooligan
Tanzee, Level: 19, Rank: 1, Gender: Male, HP IV: 37(0%), ATK IV: 71(0%), DEF IV: 13(0%), Work Speed: (0%), Skills: Insulated Body
Teafant, Level: 8, Rank: 1, Gender: Male, HP IV: 45(0%), ATK IV: 81(0%), DEF IV: 59(0%), Work Speed: (0%), Skills: Unstable
Tocotoco, Level: 11, Rank: 1, Gender: Male, HP IV: 92(0%), ATK IV: 63(0%), DEF IV: 82(0%), Work Speed: (0%), Skills: Blood of the Dragon
Tombat, Level: 7, Rank: 1, Gender: Female, HP IV: 75(0%), ATK IV: 4(0%), DEF IV: 37(0%), Work Speed: (0%), Skills: Runner
Traveling Merchant, Level: 21, Rank: 1, Gender: Unknown, HP IV: 81(0%), ATK IV: 19(0%), DEF IV: 23(0%), Work Speed: (0%), Skills: Fit as a Fiddle
DeadlySniper's 29 Pals
----------------------
Alpha Chillet, Level: 11, Rank: 1, Gender: Female, HP IV: 58(0%), ATK IV: 67(0%), DEF IV: 84(0%), Work Speed: (0%), Skills: Downtrodden
Alpha Katress, Level: 23, Rank: 1, Gender: Female, HP IV: 66(0%), ATK IV: 99(0%), DEF IV: 80(0%), Work Speed: (0%), Skills: Blood of the Dragon
Alpha Kingpaca, Level: 23, Rank: 1, Gender: Male, HP IV: 64(0%), ATK IV: 82(0%), DEF IV: 86(0%), Work Speed: (0%), Skills: Runner
Alpha Petallia, Level: 28, Rank: 1, Gender: Male, HP IV: 56(0%), ATK IV: 93(0%), DEF IV: 75(0%), Work Speed: (0%)
Beegarde, Level: 20, Rank: 1, Gender: Female, HP IV: 42(0%), ATK IV: 53(0%), DEF IV: 13(0%), Work Speed: (0%), Skills: Capacitor
Bristla, Level: 16, Rank: 1, Gender: Female, HP IV: 49(0%), ATK IV: 13(0%), DEF IV: 11(0%), Work Speed: (0%), Skills: Sadist
Bristla, Level: 19, Rank: 1, Gender: Female, HP IV: 90(0%), ATK IV: 21(0%), DEF IV: 20(0%), Work Speed: (0%), Skills: Fragrant Foliage
Caprity, Level: 13, Rank: 1, Gender: Male, HP IV: 61(0%), ATK IV: 63(0%), DEF IV: 88(0%), Work Speed: (0%), Skills: Masochist
Cattiva, Level: 15, Rank: 1, Gender: Male, HP IV: 18(0%), ATK IV: 46(0%), DEF IV: 56(0%), Work Speed: (0%), Skills: Coward, Logging Foreman
Chikipi, Level: 3, Rank: 1, Gender: Male, HP IV: 46(0%), ATK IV: 100(0%), DEF IV: 64(0%), Work Speed: (0%), Skills: Pyromaniac
Daedream, Level: 24, Rank: 1, Gender: Female, HP IV: 53(3%), ATK IV: 59(3%), DEF IV: 51(0%), Work Speed: (0%)
Dazzi, Level: 19, Rank: 1, Gender: Female, HP IV: 14(0%), ATK IV: 73(0%), DEF IV: 0(0%), Work Speed: (0%), Skills: Diet Lover
Dumud, Level: 1, Rank: 1, Gender: Male, HP IV: 84(0%), ATK IV: 7(0%), DEF IV: 43(0%), Work Speed: (0%), Skills: Glutton
Eikthyrdeer, Level: 19, Rank: 1, Gender: Male, HP IV: 26(0%), ATK IV: 96(3%), DEF IV: 71(0%), Work Speed: (0%), Skills: Destructive, Workaholic, Coward, Hooligan
Elizabee, Level: 29, Rank: 1, Gender: Female, HP IV: 61(0%), ATK IV: 5(0%), DEF IV: 16(0%), Work Speed: (0%), Skills: Mine Foreman
Flambelle, Level: 3, Rank: 1, Gender: Male, HP IV: 96(0%), ATK IV: 42(0%), DEF IV: 74(0%), Work Speed: (0%), Skills: Heated Body
Flopie, Level: 1, Rank: 1, Gender: Male, HP IV: 86(0%), ATK IV: 71(0%), DEF IV: 33(0%), Work Speed: (0%), Skills: Dainty Eater
Fuddler, Level: 10, Rank: 1, Gender: Female, HP IV: 6(0%), ATK IV: 11(0%), DEF IV: 99(0%), Work Speed: (0%), Skills: Power of Gaia
Hoocrates, Level: 3, Rank: 1, Gender: Male, HP IV: 67(0%), ATK IV: 91(0%), DEF IV: 34(0%), Work Speed: (0%), Skills: Pacifist, Swift
Lamball, Level: 23, Rank: 1, Gender: Female, HP IV: 77(0%), ATK IV: 92(0%), DEF IV: 35(0%), Work Speed: (0%), Skills: Musclehead
Melpaca, Level: 8, Rank: 1, Gender: Female, HP IV: 79(0%), ATK IV: 98(0%), DEF IV: 32(0%), Work Speed: (0%), Skills: Mine Foreman, Clumsy
Mossanda, Level: 26, Rank: 1, Gender: Female, HP IV: 95(0%), ATK IV: 84(0%), DEF IV: 31(0%), Work Speed: (0%), Skills: Motivational Leader
Nitewing, Level: 19, Rank: 1, Gender: Female, HP IV: 11(0%), ATK IV: 60(0%), DEF IV: 12(0%), Work Speed: (0%), Skills: Nocturnal
Rushoar, Level: 6, Rank: 1, Gender: Male, HP IV: 52(0%), ATK IV: 27(0%), DEF IV: 12(0%), Work Speed: (0%), Skills: Hooligan
Tanzee, Level: 19, Rank: 1, Gender: Male, HP IV: 37(0%), ATK IV: 71(0%), DEF IV: 13(0%), Work Speed: (0%), Skills: Insulated Body
Teafant, Level: 8, Rank: 1, Gender: Male, HP IV: 45(0%), ATK IV: 81(0%), DEF IV: 59(0%), Work Speed: (0%), Skills: Unstable
Tocotoco, Level: 11, Rank: 1, Gender: Male, HP IV: 92(0%), ATK IV: 63(0%), DEF IV: 82(0%), Work Speed: (0%), Skills: Blood of the Dragon
Tombat, Level: 7, Rank: 1, Gender: Female, HP IV: 75(0%), ATK IV: 4(0%), DEF IV: 37(0%), Work Speed: (0%), Skills: Runner
Traveling Merchant, Level: 21, Rank: 1, Gender: Unknown, HP IV: 81(0%), ATK IV: 19(0%), DEF IV: 23(0%), Work Speed: (0%), Skills: Fit as a Fiddle
DeadlySniper's 29 Pals
----------------------
Alpha Chillet, Level: 11, Rank: 1, Gender: Female, HP IV: 58(0%), ATK IV: 67(0%), DEF IV: 84(0%), Work Speed: (0%), Skills: Downtrodden
Alpha Katress, Level: 23, Rank: 1, Gender: Female, HP IV: 66(0%), ATK IV: 99(0%), DEF IV: 80(0%), Work Speed: (0%), Skills: Blood of the Dragon
Alpha Kingpaca, Level: 23, Rank: 1, Gender: Male, HP IV: 64(0%), ATK IV: 82(0%), DEF IV: 86(0%), Work Speed: (0%), Skills: Runner
Alpha Petallia, Level: 28, Rank: 1, Gender: Male, HP IV: 56(0%), ATK IV: 93(0%), DEF IV: 75(0%), Work Speed: (0%)
Beegarde, Level: 20, Rank: 1, Gender: Female, HP IV: 42(0%), ATK IV: 53(0%), DEF IV: 13(0%), Work Speed: (0%), Skills: Capacitor
Bristla, Level: 16, Rank: 1, Gender: Female, HP IV: 49(0%), ATK IV: 13(0%), DEF IV: 11(0%), Work Speed: (0%), Skills: Sadist
Bristla, Level: 19, Rank: 1, Gender: Female, HP IV: 90(0%), ATK IV: 21(0%), DEF IV: 20(0%), Work Speed: (0%), Skills: Fragrant Foliage
Caprity, Level: 13, Rank: 1, Gender: Male, HP IV: 61(0%), ATK IV: 63(0%), DEF IV: 88(0%), Work Speed: (0%), Skills: Masochist
Cattiva, Level: 15, Rank: 1, Gender: Male, HP IV: 18(0%), ATK IV: 46(0%), DEF IV: 56(0%), Work Speed: (0%), Skills: Coward, Logging Foreman
Chikipi, Level: 3, Rank: 1, Gender: Male, HP IV: 46(0%), ATK IV: 100(0%), DEF IV: 64(0%), Work Speed: (0%), Skills: Pyromaniac
Daedream, Level: 24, Rank: 1, Gender: Female, HP IV: 53(3%), ATK IV: 59(3%), DEF IV: 51(0%), Work Speed: (0%)
Dazzi, Level: 19, Rank: 1, Gender: Female, HP IV: 14(0%), ATK IV: 73(0%), DEF IV: 0(0%), Work Speed: (0%), Skills: Diet Lover
Dumud, Level: 1, Rank: 1, Gender: Male, HP IV: 84(0%), ATK IV: 7(0%), DEF IV: 43(0%), Work Speed: (0%), Skills: Glutton
Eikthyrdeer, Level: 19, Rank: 1, Gender: Male, HP IV: 26(0%), ATK IV: 96(3%), DEF IV: 71(0%), Work Speed: (0%), Skills: Destructive, Workaholic, Coward, Hooligan
Elizabee, Level: 29, Rank: 1, Gender: Female, HP IV: 61(0%), ATK IV: 5(0%), DEF IV: 16(0%), Work Speed: (0%), Skills: Mine Foreman
Flambelle, Level: 3, Rank: 1, Gender: Male, HP IV: 96(0%), ATK IV: 42(0%), DEF IV: 74(0%), Work Speed: (0%), Skills: Heated Body
Flopie, Level: 1, Rank: 1, Gender: Male, HP IV: 86(0%), ATK IV: 71(0%), DEF IV: 33(0%), Work Speed: (0%), Skills: Dainty Eater
Fuddler, Level: 10, Rank: 1, Gender: Female, HP IV: 6(0%), ATK IV: 11(0%), DEF IV: 99(0%), Work Speed: (0%), Skills: Power of Gaia
Hoocrates, Level: 3, Rank: 1, Gender: Male, HP IV: 67(0%), ATK IV: 91(0%), DEF IV: 34(0%), Work Speed: (0%), Skills: Pacifist, Swift
Lamball, Level: 23, Rank: 1, Gender: Female, HP IV: 77(0%), ATK IV: 92(0%), DEF IV: 35(0%), Work Speed: (0%), Skills: Musclehead
Melpaca, Level: 8, Rank: 1, Gender: Female, HP IV: 79(0%), ATK IV: 98(0%), DEF IV: 32(0%), Work Speed: (0%), Skills: Mine Foreman, Clumsy
Mossanda, Level: 26, Rank: 1, Gender: Female, HP IV: 95(0%), ATK IV: 84(0%), DEF IV: 31(0%), Work Speed: (0%), Skills: Motivational Leader
Nitewing, Level: 19, Rank: 1, Gender: Female, HP IV: 11(0%), ATK IV: 60(0%), DEF IV: 12(0%), Work Speed: (0%), Skills: Nocturnal
Rushoar, Level: 6, Rank: 1, Gender: Male, HP IV: 52(0%), ATK IV: 27(0%), DEF IV: 12(0%), Work Speed: (0%), Skills: Hooligan
Tanzee, Level: 19, Rank: 1, Gender: Male, HP IV: 37(0%), ATK IV: 71(0%), DEF IV: 13(0%), Work Speed: (0%), Skills: Insulated Body
Teafant, Level: 8, Rank: 1, Gender: Male, HP IV: 45(0%), ATK IV: 81(0%), DEF IV: 59(0%), Work Speed: (0%), Skills: Unstable
Tocotoco, Level: 11, Rank: 1, Gender: Male, HP IV: 92(0%), ATK IV: 63(0%), DEF IV: 82(0%), Work Speed: (0%), Skills: Blood of the Dragon
Tombat, Level: 7, Rank: 1, Gender: Female, HP IV: 75(0%), ATK IV: 4(0%), DEF IV: 37(0%), Work Speed: (0%), Skills: Runner
Traveling Merchant, Level: 21, Rank: 1, Gender: Unknown, HP IV: 81(0%), ATK IV: 19(0%), DEF IV: 23(0%), Work Speed: (0%), Skills: Fit as a Fiddle
DeadlySniper's 29 Pals
----------------------
Alpha Chillet, Level: 11, Rank: 1, Gender: Female, HP IV: 58(0%), ATK IV: 67(0%), DEF IV: 84(0%), Work Speed: (0%), Skills: Downtrodden
Alpha Katress, Level: 23, Rank: 1, Gender: Female, HP IV: 66(0%), ATK IV: 99(0%), DEF IV: 80(0%), Work Speed: (0%), Skills: Blood of the Dragon
Alpha Kingpaca, Level: 23, Rank: 1, Gender: Male, HP IV: 64(0%), ATK IV: 82(0%), DEF IV: 86(0%), Work Speed: (0%), Skills: Runner
Alpha Petallia, Level: 28, Rank: 1, Gender: Male, HP IV: 56(0%), ATK IV: 93(0%), DEF IV: 75(0%), Work Speed: (0%)
Beegarde, Level: 20, Rank: 1, Gender: Female, HP IV: 42(0%), ATK IV: 53(0%), DEF IV: 13(0%), Work Speed: (0%), Skills: Capacitor
Bristla, Level: 16, Rank: 1, Gender: Female, HP IV: 49(0%), ATK IV: 13(0%), DEF IV: 11(0%), Work Speed: (0%), Skills: Sadist
Bristla, Level: 19, Rank: 1, Gender: Female, HP IV: 90(0%), ATK IV: 21(0%), DEF IV: 20(0%), Work Speed: (0%), Skills: Fragrant Foliage
Caprity, Level: 13, Rank: 1, Gender: Male, HP IV: 61(0%), ATK IV: 63(0%), DEF IV: 88(0%), Work Speed: (0%), Skills: Masochist
Cattiva, Level: 15, Rank: 1, Gender: Male, HP IV: 18(0%), ATK IV: 46(0%), DEF IV: 56(0%), Work Speed: (0%), Skills: Coward, Logging Foreman
Chikipi, Level: 3, Rank: 1, Gender: Male, HP IV: 46(0%), ATK IV: 100(0%), DEF IV: 64(0%), Work Speed: (0%), Skills: Pyromaniac
Daedream, Level: 24, Rank: 1, Gender: Female, HP IV: 53(3%), ATK IV: 59(3%), DEF IV: 51(0%), Work Speed: (0%)
Dazzi, Level: 19, Rank: 1, Gender: Female, HP IV: 14(0%), ATK IV: 73(0%), DEF IV: 0(0%), Work Speed: (0%), Skills: Diet Lover
Dumud, Level: 1, Rank: 1, Gender: Male, HP IV: 84(0%), ATK IV: 7(0%), DEF IV: 43(0%), Work Speed: (0%), Skills: Glutton
Eikthyrdeer, Level: 19, Rank: 1, Gender: Male, HP IV: 26(0%), ATK IV: 96(3%), DEF IV: 71(0%), Work Speed: (0%), Skills: Destructive, Workaholic, Coward, Hooligan
Elizabee, Level: 29, Rank: 1, Gender: Female, HP IV: 61(0%), ATK IV: 5(0%), DEF IV: 16(0%), Work Speed: (0%), Skills: Mine Foreman
Flambelle, Level: 3, Rank: 1, Gender: Male, HP IV: 96(0%), ATK IV: 42(0%), DEF IV: 74(0%), Work Speed: (0%), Skills: Heated Body
Flopie, Level: 1, Rank: 1, Gender: Male, HP IV: 86(0%), ATK IV: 71(0%), DEF IV: 33(0%), Work Speed: (0%), Skills: Dainty Eater
Fuddler, Level: 10, Rank: 1, Gender: Female, HP IV: 6(0%), ATK IV: 11(0%), DEF IV: 99(0%), Work Speed: (0%), Skills: Power of Gaia
Hoocrates, Level: 3, Rank: 1, Gender: Male, HP IV: 67(0%), ATK IV: 91(0%), DEF IV: 34(0%), Work Speed: (0%), Skills: Pacifist, Swift
Lamball, Level: 23, Rank: 1, Gender: Female, HP IV: 77(0%), ATK IV: 92(0%), DEF IV: 35(0%), Work Speed: (0%), Skills: Musclehead
Melpaca, Level: 8, Rank: 1, Gender: Female, HP IV: 79(0%), ATK IV: 98(0%), DEF IV: 32(0%), Work Speed: (0%), Skills: Mine Foreman, Clumsy
Mossanda, Level: 26, Rank: 1, Gender: Female, HP IV: 95(0%), ATK IV: 84(0%), DEF IV: 31(0%), Work Speed: (0%), Skills: Motivational Leader
Nitewing, Level: 19, Rank: 1, Gender: Female, HP IV: 11(0%), ATK IV: 60(0%), DEF IV: 12(0%), Work Speed: (0%), Skills: Nocturnal
Rushoar, Level: 6, Rank: 1, Gender: Male, HP IV: 52(0%), ATK IV: 27(0%), DEF IV: 12(0%), Work Speed: (0%), Skills: Hooligan
Tanzee, Level: 19, Rank: 1, Gender: Male, HP IV: 37(0%), ATK IV: 71(0%), DEF IV: 13(0%), Work Speed: (0%), Skills: Insulated Body
Teafant, Level: 8, Rank: 1, Gender: Male, HP IV: 45(0%), ATK IV: 81(0%), DEF IV: 59(0%), Work Speed: (0%), Skills: Unstable
Tocotoco, Level: 11, Rank: 1, Gender: Male, HP IV: 92(0%), ATK IV: 63(0%), DEF IV: 82(0%), Work Speed: (0%), Skills: Blood of the Dragon
Tombat, Level: 7, Rank: 1, Gender: Female, HP IV: 75(0%), ATK IV: 4(0%), DEF IV: 37(0%), Work Speed: (0%), Skills: Runner
Traveling Merchant, Level: 21, Rank: 1, Gender: Unknown, HP IV: 81(0%), ATK IV: 19(0%), DEF IV: 23(0%), Work Speed: (0%), Skills: Fit as a Fiddle
DeadlySniper's 29 Pals
----------------------
Alpha Chillet, Level: 11, Rank: 1, Gender: Female, HP IV: 58(0%), ATK IV: 67(0%), DEF IV: 84(0%), Work Speed: (0%), Skills: Downtrodden
Alpha Katress, Level: 23, Rank: 1, Gender: Female, HP IV: 66(0%), ATK IV: 99(0%), DEF IV: 80(0%), Work Speed: (0%), Skills: Blood of the Dragon
Alpha Kingpaca, Level: 23, Rank: 1, Gender: Male, HP IV: 64(0%), ATK IV: 82(0%), DEF IV: 86(0%), Work Speed: (0%), Skills: Runner
Alpha Petallia, Level: 28, Rank: 1, Gender: Male, HP IV: 56(0%), ATK IV: 93(0%), DEF IV: 75(0%), Work Speed: (0%)
Beegarde, Level: 20, Rank: 1, Gender: Female, HP IV: 42(0%), ATK IV: 53(0%), DEF IV: 13(0%), Work Speed: (0%), Skills: Capacitor
Bristla, Level: 16, Rank: 1, Gender: Female, HP IV: 49(0%), ATK IV: 13(0%), DEF IV: 11(0%), Work Speed: (0%), Skills: Sadist
Bristla, Level: 19, Rank: 1, Gender: Female, HP IV: 90(0%), ATK IV: 21(0%), DEF IV: 20(0%), Work Speed: (0%), Skills: Fragrant Foliage
Caprity, Level: 13, Rank: 1, Gender: Male, HP IV: 61(0%), ATK IV: 63(0%), DEF IV: 88(0%), Work Speed: (0%), Skills: Masochist
Cattiva, Level: 15, Rank: 1, Gender: Male, HP IV: 18(0%), ATK IV: 46(0%), DEF IV: 56(0%), Work Speed: (0%), Skills: Coward, Logging Foreman
Chikipi, Level: 3, Rank: 1, Gender: Male, HP IV: 46(0%), ATK IV: 100(0%), DEF IV: 64(0%), Work Speed: (0%), Skills: Pyromaniac
Daedream, Level: 24, Rank: 1, Gender: Female, HP IV: 53(3%), ATK IV: 59(3%), DEF IV: 51(0%), Work Speed: (0%)
Dazzi, Level: 19, Rank: 1, Gender: Female, HP IV: 14(0%), ATK IV: 73(0%), DEF IV: 0(0%), Work Speed: (0%), Skills: Diet Lover
Dumud, Level: 1, Rank: 1, Gender: Male, HP IV: 84(0%), ATK IV: 7(0%), DEF IV: 43(0%), Work Speed: (0%), Skills: Glutton
Eikthyrdeer, Level: 19, Rank: 1, Gender: Male, HP IV: 26(0%), ATK IV: 96(3%), DEF IV: 71(0%), Work Speed: (0%), Skills: Destructive, Workaholic, Coward, Hooligan
Elizabee, Level: 29, Rank: 1, Gender: Female, HP IV: 61(0%), ATK IV: 5(0%), DEF IV: 16(0%), Work Speed: (0%), Skills: Mine Foreman
Flambelle, Level: 3, Rank: 1, Gender: Male, HP IV: 96(0%), ATK IV: 42(0%), DEF IV: 74(0%), Work Speed: (0%), Skills: Heated Body
Flopie, Level: 1, Rank: 1, Gender: Male, HP IV: 86(0%), ATK IV: 71(0%), DEF IV: 33(0%), Work Speed: (0%), Skills: Dainty Eater
Fuddler, Level: 10, Rank: 1, Gender: Female, HP IV: 6(0%), ATK IV: 11(0%), DEF IV: 99(0%), Work Speed: (0%), Skills: Power of Gaia
Hoocrates, Level: 3, Rank: 1, Gender: Male, HP IV: 67(0%), ATK IV: 91(0%), DEF IV: 34(0%), Work Speed: (0%), Skills: Pacifist, Swift
Lamball, Level: 23, Rank: 1, Gender: Female, HP IV: 77(0%), ATK IV: 92(0%), DEF IV: 35(0%), Work Speed: (0%), Skills: Musclehead
Melpaca, Level: 8, Rank: 1, Gender: Female, HP IV: 79(0%), ATK IV: 98(0%), DEF IV: 32(0%), Work Speed: (0%), Skills: Mine Foreman, Clumsy
Mossanda, Level: 26, Rank: 1, Gender: Female, HP IV: 95(0%), ATK IV: 84(0%), DEF IV: 31(0%), Work Speed: (0%), Skills: Motivational Leader
Nitewing, Level: 19, Rank: 1, Gender: Female, HP IV: 11(0%), ATK IV: 60(0%), DEF IV: 12(0%), Work Speed: (0%), Skills: Nocturnal
Rushoar, Level: 6, Rank: 1, Gender: Male, HP IV: 52(0%), ATK IV: 27(0%), DEF IV: 12(0%), Work Speed: (0%), Skills: Hooligan
Tanzee, Level: 19, Rank: 1, Gender: Male, HP IV: 37(0%), ATK IV: 71(0%), DEF IV: 13(0%), Work Speed: (0%), Skills: Insulated Body
Teafant, Level: 8, Rank: 1, Gender: Male, HP IV: 45(0%), ATK IV: 81(0%), DEF IV: 59(0%), Work Speed: (0%), Skills: Unstable
Tocotoco, Level: 11, Rank: 1, Gender: Male, HP IV: 92(0%), ATK IV: 63(0%), DEF IV: 82(0%), Work Speed: (0%), Skills: Blood of the Dragon
Tombat, Level: 7, Rank: 1, Gender: Female, HP IV: 75(0%), ATK IV: 4(0%), DEF IV: 37(0%), Work Speed: (0%), Skills: Runner
Traveling Merchant, Level: 21, Rank: 1, Gender: Unknown, HP IV: 81(0%), ATK IV: 19(0%), DEF IV: 23(0%), Work Speed: (0%), Skills: Fit as a Fiddle
DeadlySniper's 29 Pals
----------------------
Alpha Chillet, Level: 11, Rank: 1, Gender: Female, HP IV: 58(0%), ATK IV: 67(0%), DEF IV: 84(0%), Work Speed: (0%), Skills: Downtrodden
Alpha Katress, Level: 23, Rank: 1, Gender: Female, HP IV: 66(0%), ATK IV: 99(0%), DEF IV: 80(0%), Work Speed: (0%), Skills: Blood of the Dragon
Alpha Kingpaca, Level: 23, Rank: 1, Gender: Male, HP IV: 64(0%), ATK IV: 82(0%), DEF IV: 86(0%), Work Speed: (0%), Skills: Runner
Alpha Petallia, Level: 28, Rank: 1, Gender: Male, HP IV: 56(0%), ATK IV: 93(0%), DEF IV: 75(0%), Work Speed: (0%)
Beegarde, Level: 20, Rank: 1, Gender: Female, HP IV: 42(0%), ATK IV: 53(0%), DEF IV: 13(0%), Work Speed: (0%), Skills: Capacitor
Bristla, Level: 16, Rank: 1, Gender: Female, HP IV: 49(0%), ATK IV: 13(0%), DEF IV: 11(0%), Work Speed: (0%), Skills: Sadist
Bristla, Level: 19, Rank: 1, Gender: Female, HP IV: 90(0%), ATK IV: 21(0%), DEF IV: 20(0%), Work Speed: (0%), Skills: Fragrant Foliage
Caprity, Level: 13, Rank: 1, Gender: Male, HP IV: 61(0%), ATK IV: 63(0%), DEF IV: 88(0%), Work Speed: (0%), Skills: Masochist
Cattiva, Level: 15, Rank: 1, Gender: Male, HP IV: 18(0%), ATK IV: 46(0%), DEF IV: 56(0%), Work Speed: (0%), Skills: Coward, Logging Foreman
Chikipi, Level: 3, Rank: 1, Gender: Male, HP IV: 46(0%), ATK IV: 100(0%), DEF IV: 64(0%), Work Speed: (0%), Skills: Pyromaniac
Daedream, Level: 24, Rank: 1, Gender: Female, HP IV: 53(3%), ATK IV: 59(3%), DEF IV: 51(0%), Work Speed: (0%)
Dazzi, Level: 19, Rank: 1, Gender: Female, HP IV: 14(0%), ATK IV: 73(0%), DEF IV: 0(0%), Work Speed: (0%), Skills: Diet Lover
Dumud, Level: 1, Rank: 1, Gender: Male, HP IV: 84(0%), ATK IV: 7(0%), DEF IV: 43(0%), Work Speed: (0%), Skills: Glutton
Eikthyrdeer, Level: 19, Rank: 1, Gender: Male, HP IV: 26(0%), ATK IV: 96(3%), DEF IV: 71(0%), Work Speed: (0%), Skills: Destructive, Workaholic, Coward, Hooligan
Elizabee, Level: 29, Rank: 1, Gender: Female, HP IV: 61(0%), ATK IV: 5(0%), DEF IV: 16(0%), Work Speed: (0%), Skills: Mine Foreman
Flambelle, Level: 3, Rank: 1, Gender: Male, HP IV: 96(0%), ATK IV: 42(0%), DEF IV: 74(0%), Work Speed: (0%), Skills: Heated Body
Flopie, Level: 1, Rank: 1, Gender: Male, HP IV: 86(0%), ATK IV: 71(0%), DEF IV: 33(0%), Work Speed: (0%), Skills: Dainty Eater
Fuddler, Level: 10, Rank: 1, Gender: Female, HP IV: 6(0%), ATK IV: 11(0%), DEF IV: 99(0%), Work Speed: (0%), Skills: Power of Gaia
Hoocrates, Level: 3, Rank: 1, Gender: Male, HP IV: 67(0%), ATK IV: 91(0%), DEF IV: 34(0%), Work Speed: (0%), Skills: Pacifist, Swift
Lamball, Level: 23, Rank: 1, Gender: Female, HP IV: 77(0%), ATK IV: 92(0%), DEF IV: 35(0%), Work Speed: (0%), Skills: Musclehead
Melpaca, Level: 8, Rank: 1, Gender: Female, HP IV: 79(0%), ATK IV: 98(0%), DEF IV: 32(0%), Work Speed: (0%), Skills: Mine Foreman, Clumsy
Mossanda, Level: 26, Rank: 1, Gender: Female, HP IV: 95(0%), ATK IV: 84(0%), DEF IV: 31(0%), Work Speed: (0%), Skills: Motivational Leader
Nitewing, Level: 19, Rank: 1, Gender: Female, HP IV: 11(0%), ATK IV: 60(0%), DEF IV: 12(0%), Work Speed: (0%), Skills: Nocturnal
Rushoar, Level: 6, Rank: 1, Gender: Male, HP IV: 52(0%), ATK IV: 27(0%), DEF IV: 12(0%), Work Speed: (0%), Skills: Hooligan
Tanzee, Level: 19, Rank: 1, Gender: Male, HP IV: 37(0%), ATK IV: 71(0%), DEF IV: 13(0%), Work Speed: (0%), Skills: Insulated Body
Teafant, Level: 8, Rank: 1, Gender: Male, HP IV: 45(0%), ATK IV: 81(0%), DEF IV: 59(0%), Work Speed: (0%), Skills: Unstable
Tocotoco, Level: 11, Rank: 1, Gender: Male, HP IV: 92(0%), ATK IV: 63(0%), DEF IV: 82(0%), Work Speed: (0%), Skills: Blood of the Dragon
Tombat, Level: 7, Rank: 1, Gender: Female, HP IV: 75(0%), ATK IV: 4(0%), DEF IV: 37(0%), Work Speed: (0%), Skills: Runner
Traveling Merchant, Level: 21, Rank: 1, Gender: Unknown, HP IV: 81(0%), ATK IV: 19(0%), DEF IV: 23(0%), Work Speed: (0%), Skills: Fit as a Fiddle
DeadlySniper's 29 Pals
----------------------
Alpha Chillet, Level: 11, Rank: 1, Gender: Female, HP IV: 58(0%), ATK IV: 67(0%), DEF IV: 84(0%), Work Speed: (0%), Skills: Downtrodden
Alpha Katress, Level: 23, Rank: 1, Gender: Female, HP IV: 66(0%), ATK IV: 99(0%), DEF IV: 80(0%), Work Speed: (0%), Skills: Blood of the Dragon
Alpha Kingpaca, Level: 23, Rank: 1, Gender: Male, HP IV: 64(0%), ATK IV: 82(0%), DEF IV: 86(0%), Work Speed: (0%), Skills: Runner
Alpha Petallia, Level: 28, Rank: 1, Gender: Male, HP IV: 56(0%), ATK IV: 93(0%), DEF IV: 75(0%), Work Speed: (0%)
Beegarde, Level: 20, Rank: 1, Gender: Female, HP IV: 42(0%), ATK IV: 53(0%), DEF IV: 13(0%), Work Speed: (0%), Skills: Capacitor
Bristla, Level: 16, Rank: 1, Gender: Female, HP IV: 49(0%), ATK IV: 13(0%), DEF IV: 11(0%), Work Speed: (0%), Skills: Sadist
Bristla, Level: 19, Rank: 1, Gender: Female, HP IV: 90(0%), ATK IV: 21(0%), DEF IV: 20(0%), Work Speed: (0%), Skills: Fragrant Foliage
Caprity, Level: 13, Rank: 1, Gender: Male, HP IV: 61(0%), ATK IV: 63(0%), DEF IV: 88(0%), Work Speed: (0%), Skills: Masochist
Cattiva, Level: 15, Rank: 1, Gender: Male, HP IV: 18(0%), ATK IV: 46(0%), DEF IV: 56(0%), Work Speed: (0%), Skills: Coward, Logging Foreman
Chikipi, Level: 3, Rank: 1, Gender: Male, HP IV: 46(0%), ATK IV: 100(0%), DEF IV: 64(0%), Work Speed: (0%), Skills: Pyromaniac
Daedream, Level: 24, Rank: 1, Gender: Female, HP IV: 53(3%), ATK IV: 59(3%), DEF IV: 51(0%), Work Speed: (0%)
Dazzi, Level: 19, Rank: 1, Gender: Female, HP IV: 14(0%), ATK IV: 73(0%), DEF IV: 0(0%), Work Speed: (0%), Skills: Diet Lover
Dumud, Level: 1, Rank: 1, Gender: Male, HP IV: 84(0%), ATK IV: 7(0%), DEF IV: 43(0%), Work Speed: (0%), Skills: Glutton
Eikthyrdeer, Level: 19, Rank: 1, Gender: Male, HP IV: 26(0%), ATK IV: 96(3%), DEF IV: 71(0%), Work Speed: (0%), Skills: Destructive, Workaholic, Coward, Hooligan
Elizabee, Level: 29, Rank: 1, Gender: Female, HP IV: 61(0%), ATK IV: 5(0%), DEF IV: 16(0%), Work Speed: (0%), Skills: Mine Foreman
Flambelle, Level: 3, Rank: 1, Gender: Male, HP IV: 96(0%), ATK IV: 42(0%), DEF IV: 74(0%), Work Speed: (0%), Skills: Heated Body
Flopie, Level: 1, Rank: 1, Gender: Male, HP IV: 86(0%), ATK IV: 71(0%), DEF IV: 33(0%), Work Speed: (0%), Skills: Dainty Eater
Fuddler, Level: 10, Rank: 1, Gender: Female, HP IV: 6(0%), ATK IV: 11(0%), DEF IV: 99(0%), Work Speed: (0%), Skills: Power of Gaia
Hoocrates, Level: 3, Rank: 1, Gender: Male, HP IV: 67(0%), ATK IV: 91(0%), DEF IV: 34(0%), Work Speed: (0%), Skills: Pacifist, Swift
Lamball, Level: 23, Rank: 1, Gender: Female, HP IV: 77(0%), ATK IV: 92(0%), DEF IV: 35(0%), Work Speed: (0%), Skills: Musclehead
Melpaca, Level: 8, Rank: 1, Gender: Female, HP IV: 79(0%), ATK IV: 98(0%), DEF IV: 32(0%), Work Speed: (0%), Skills: Mine Foreman, Clumsy
Mossanda, Level: 26, Rank: 1, Gender: Female, HP IV: 95(0%), ATK IV: 84(0%), DEF IV: 31(0%), Work Speed: (0%), Skills: Motivational Leader
Nitewing, Level: 19, Rank: 1, Gender: Female, HP IV: 11(0%), ATK IV: 60(0%), DEF IV: 12(0%), Work Speed: (0%), Skills: Nocturnal
Rushoar, Level: 6, Rank: 1, Gender: Male, HP IV: 52(0%), ATK IV: 27(0%), DEF IV: 12(0%), Work Speed: (0%), Skills: Hooligan
Tanzee, Level: 19, Rank: 1, Gender: Male, HP IV: 37(0%), ATK IV: 71(0%), DEF IV: 13(0%), Work Speed: (0%), Skills: Insulated Body
Teafant, Level: 8, Rank: 1, Gender: Male, HP IV: 45(0%), ATK IV: 81(0%), DEF IV: 59(0%), Work Speed: (0%), Skills: Unstable
Tocotoco, Level: 11, Rank: 1, Gender: Male, HP IV: 92(0%), ATK IV: 63(0%), DEF IV: 82(0%), Work Speed: (0%), Skills: Blood of the Dragon
Tombat, Level: 7, Rank: 1, Gender: Female, HP IV: 75(0%), ATK IV: 4(0%), DEF IV: 37(0%), Work Speed: (0%), Skills: Runner
Traveling Merchant, Level: 21, Rank: 1, Gender: Unknown, HP IV: 81(0%), ATK IV: 19(0%), DEF IV: 23(0%), Work Speed: (0%), Skills: Fit as a Fiddle
DeadlySniper's 29 Pals
----------------------
Alpha Chillet, Level: 11, Rank: 1, Gender: Female, HP IV: 58(0%), ATK IV: 67(0%), DEF IV: 84(0%), Work Speed: (0%), Skills: Downtrodden
Alpha Katress, Level: 23, Rank: 1, Gender: Female, HP IV: 66(0%), ATK IV: 99(0%), DEF IV: 80(0%), Work Speed: (0%), Skills: Blood of the Dragon
Alpha Kingpaca, Level: 23, Rank: 1, Gender: Male, HP IV: 64(0%), ATK IV: 82(0%), DEF IV: 86(0%), Work Speed: (0%), Skills: Runner
Alpha Petallia, Level: 28, Rank: 1, Gender: Male, HP IV: 56(0%), ATK IV: 93(0%), DEF IV: 75(0%), Work Speed: (0%)
Beegarde, Level: 20, Rank: 1, Gender: Female, HP IV: 42(0%), ATK IV: 53(0%), DEF IV: 13(0%), Work Speed: (0%), Skills: Capacitor
Bristla, Level: 16, Rank: 1, Gender: Female, HP IV: 49(0%), ATK IV: 13(0%), DEF IV: 11(0%), Work Speed: (0%), Skills: Sadist
Bristla, Level: 19, Rank: 1, Gender: Female, HP IV: 90(0%), ATK IV: 21(0%), DEF IV: 20(0%), Work Speed: (0%), Skills: Fragrant Foliage
Caprity, Level: 13, Rank: 1, Gender: Male, HP IV: 61(0%), ATK IV: 63(0%), DEF IV: 88(0%), Work Speed: (0%), Skills: Masochist
Cattiva, Level: 15, Rank: 1, Gender: Male, HP IV: 18(0%), ATK IV: 46(0%), DEF IV: 56(0%), Work Speed: (0%), Skills: Coward, Logging Foreman
Chikipi, Level: 3, Rank: 1, Gender: Male, HP IV: 46(0%), ATK IV: 100(0%), DEF IV: 64(0%), Work Speed: (0%), Skills: Pyromaniac
Daedream, Level: 24, Rank: 1, Gender: Female, HP IV: 53(3%), ATK IV: 59(3%), DEF IV: 51(0%), Work Speed: (0%)
Dazzi, Level: 19, Rank: 1, Gender: Female, HP IV: 14(0%), ATK IV: 73(0%), DEF IV: 0(0%), Work Speed: (0%), Skills: Diet Lover
Dumud, Level: 1, Rank: 1, Gender: Male, HP IV: 84(0%), ATK IV: 7(0%), DEF IV: 43(0%), Work Speed: (0%), Skills: Glutton
Eikthyrdeer, Level: 19, Rank: 1, Gender: Male, HP IV: 26(0%), ATK IV: 96(3%), DEF IV: 71(0%), Work Speed: (0%), Skills: Destructive, Workaholic, Coward, Hooligan
Elizabee, Level: 29, Rank: 1, Gender: Female, HP IV: 61(0%), ATK IV: 5(0%), DEF IV: 16(0%), Work Speed: (0%), Skills: Mine Foreman
Flambelle, Level: 3, Rank: 1, Gender: Male, HP IV: 96(0%), ATK IV: 42(0%), DEF IV: 74(0%), Work Speed: (0%), Skills: Heated Body
Flopie, Level: 1, Rank: 1, Gender: Male, HP IV: 86(0%), ATK IV: 71(0%), DEF IV: 33(0%), Work Speed: (0%), Skills: Dainty Eater
Fuddler, Level: 10, Rank: 1, Gender: Female, HP IV: 6(0%), ATK IV: 11(0%), DEF IV: 99(0%), Work Speed: (0%), Skills: Power of Gaia
Hoocrates, Level: 3, Rank: 1, Gender: Male, HP IV: 67(0%), ATK IV: 91(0%), DEF IV: 34(0%), Work Speed: (0%), Skills: Pacifist, Swift
Lamball, Level: 23, Rank: 1, Gender: Female, HP IV: 77(0%), ATK IV: 92(0%), DEF IV: 35(0%), Work Speed: (0%), Skills: Musclehead
Melpaca, Level: 8, Rank: 1, Gender: Female, HP IV: 79(0%), ATK IV: 98(0%), DEF IV: 32(0%), Work Speed: (0%), Skills: Mine Foreman, Clumsy
Mossanda, Level: 26, Rank: 1, Gender: Female, HP IV: 95(0%), ATK IV: 84(0%), DEF IV: 31(0%), Work Speed: (0%), Skills: Motivational Leader
Nitewing, Level: 19, Rank: 1, Gender: Female, HP IV: 11(0%), ATK IV: 60(0%), DEF IV: 12(0%), Work Speed: (0%), Skills: Nocturnal
Rushoar, Level: 6, Rank: 1, Gender: Male, HP IV: 52(0%), ATK IV: 27(0%), DEF IV: 12(0%), Work Speed: (0%), Skills: Hooligan
Tanzee, Level: 19, Rank: 1, Gender: Male, HP IV: 37(0%), ATK IV: 71(0%), DEF IV: 13(0%), Work Speed: (0%), Skills: Insulated Body
Teafant, Level: 8, Rank: 1, Gender: Male, HP IV: 45(0%), ATK IV: 81(0%), DEF IV: 59(0%), Work Speed: (0%), Skills: Unstable
Tocotoco, Level: 11, Rank: 1, Gender: Male, HP IV: 92(0%), ATK IV: 63(0%), DEF IV: 82(0%), Work Speed: (0%), Skills: Blood of the Dragon
Tombat, Level: 7, Rank: 1, Gender: Female, HP IV: 75(0%), ATK IV: 4(0%), DEF IV: 37(0%), Work Speed: (0%), Skills: Runner
Traveling Merchant, Level: 21, Rank: 1, Gender: Unknown, HP IV: 81(0%), ATK IV: 19(0%), DEF IV: 23(0%), Work Speed: (0%), Skills: Fit as a Fiddle
DeadlySniper's 29 Pals
----------------------
Alpha Chillet, Level: 11, Rank: 1, Gender: Female, HP IV: 58(0%), ATK IV: 67(0%), DEF IV: 84(0%), Work Speed: (0%), Skills: Downtrodden
Alpha Katress, Level: 23, Rank: 1, Gender: Female, HP IV: 66(0%), ATK IV: 99(0%), DEF IV: 80(0%), Work Speed: (0%), Skills: Blood of the Dragon
Alpha Kingpaca, Level: 23, Rank: 1, Gender: Male, HP IV: 64(0%), ATK IV: 82(0%), DEF IV: 86(0%), Work Speed: (0%), Skills: Runner
Alpha Petallia, Level: 28, Rank: 1, Gender: Male, HP IV: 56(0%), ATK IV: 93(0%), DEF IV: 75(0%), Work Speed: (0%)
Beegarde, Level: 20, Rank: 1, Gender: Female, HP IV: 42(0%), ATK IV: 53(0%), DEF IV: 13(0%), Work Speed: (0%), Skills: Capacitor
Bristla, Level: 16, Rank: 1, Gender: Female, HP IV: 49(0%), ATK IV: 13(0%), DEF IV: 11(0%), Work Speed: (0%), Skills: Sadist
Bristla, Level: 19, Rank: 1, Gender: Female, HP IV: 90(0%), ATK IV: 21(0%), DEF IV: 20(0%), Work Speed: (0%), Skills: Fragrant Foliage
Caprity, Level: 13, Rank: 1, Gender: Male, HP IV: 61(0%), ATK IV: 63(0%), DEF IV: 88(0%), Work Speed: (0%), Skills: Masochist
Cattiva, Level: 15, Rank: 1, Gender: Male, HP IV: 18(0%), ATK IV: 46(0%), DEF IV: 56(0%), Work Speed: (0%), Skills: Coward, Logging Foreman
Chikipi, Level: 3, Rank: 1, Gender: Male, HP IV: 46(0%), ATK IV: 100(0%), DEF IV: 64(0%), Work Speed: (0%), Skills: Pyromaniac
Daedream, Level: 24, Rank: 1, Gender: Female, HP IV: 53(3%), ATK IV: 59(3%), DEF IV: 51(0%), Work Speed: (0%)
Dazzi, Level: 19, Rank: 1, Gender: Female, HP IV: 14(0%), ATK IV: 73(0%), DEF IV: 0(0%), Work Speed: (0%), Skills: Diet Lover
Dumud, Level: 1, Rank: 1, Gender: Male, HP IV: 84(0%), ATK IV: 7(0%), DEF IV: 43(0%), Work Speed: (0%), Skills: Glutton
Eikthyrdeer, Level: 19, Rank: 1, Gender: Male, HP IV: 26(0%), ATK IV: 96(3%), DEF IV: 71(0%), Work Speed: (0%), Skills: Destructive, Workaholic, Coward, Hooligan
Elizabee, Level: 29, Rank: 1, Gender: Female, HP IV: 61(0%), ATK IV: 5(0%), DEF IV: 16(0%), Work Speed: (0%), Skills: Mine Foreman
Flambelle, Level: 3, Rank: 1, Gender: Male, HP IV: 96(0%), ATK IV: 42(0%), DEF IV: 74(0%), Work Speed: (0%), Skills: Heated Body
Flopie, Level: 1, Rank: 1, Gender: Male, HP IV: 86(0%), ATK IV: 71(0%), DEF IV: 33(0%), Work Speed: (0%), Skills: Dainty Eater
Fuddler, Level: 10, Rank: 1, Gender: Female, HP IV: 6(0%), ATK IV: 11(0%), DEF IV: 99(0%), Work Speed: (0%), Skills: Power of Gaia
Hoocrates, Level: 3, Rank: 1, Gender: Male, HP IV: 67(0%), ATK IV: 91(0%), DEF IV: 34(0%), Work Speed: (0%), Skills: Pacifist, Swift
Lamball, Level: 23, Rank: 1, Gender: Female, HP IV: 77(0%), ATK IV: 92(0%), DEF IV: 35(0%), Work Speed: (0%), Skills: Musclehead
Melpaca, Level: 8, Rank: 1, Gender: Female, HP IV: 79(0%), ATK IV: 98(0%), DEF IV: 32(0%), Work Speed: (0%), Skills: Mine Foreman, Clumsy
Mossanda, Level: 26, Rank: 1, Gender: Female, HP IV: 95(0%), ATK IV: 84(0%), DEF IV: 31(0%), Work Speed: (0%), Skills: Motivational Leader
Nitewing, Level: 19, Rank: 1, Gender: Female, HP IV: 11(0%), ATK IV: 60(0%), DEF IV: 12(0%), Work Speed: (0%), Skills: Nocturnal
Rushoar, Level: 6, Rank: 1, Gender: Male, HP IV: 52(0%), ATK IV: 27(0%), DEF IV: 12(0%), Work Speed: (0%), Skills: Hooligan
Tanzee, Level: 19, Rank: 1, Gender: Male, HP IV: 37(0%), ATK IV: 71(0%), DEF IV: 13(0%), Work Speed: (0%), Skills: Insulated Body
Teafant, Level: 8, Rank: 1, Gender: Male, HP IV: 45(0%), ATK IV: 81(0%), DEF IV: 59(0%), Work Speed: (0%), Skills: Unstable
Tocotoco, Level: 11, Rank: 1, Gender: Male, HP IV: 92(0%), ATK IV: 63(0%), DEF IV: 82(0%), Work Speed: (0%), Skills: Blood of the Dragon
Tombat, Level: 7, Rank: 1, Gender: Female, HP IV: 75(0%), ATK IV: 4(0%), DEF IV: 37(0%), Work Speed: (0%), Skills: Runner
Traveling Merchant, Level: 21, Rank: 1, Gender: Unknown, HP IV: 81(0%), ATK IV: 19(0%), DEF IV: 23(0%), Work Speed: (0%), Skills: Fit as a Fiddle
DeadlySniper's 29 Pals
----------------------
Alpha Chillet, Level: 11, Rank: 1, Gender: Female, HP IV: 58(0%), ATK IV: 67(0%), DEF IV: 84(0%), Work Speed: (0%), Skills: Downtrodden
Alpha Katress, Level: 23, Rank: 1, Gender: Female, HP IV: 66(0%), ATK IV: 99(0%), DEF IV: 80(0%), Work Speed: (0%), Skills: Blood of the Dragon
Alpha Kingpaca, Level: 23, Rank: 1, Gender: Male, HP IV: 64(0%), ATK IV: 82(0%), DEF IV: 86(0%), Work Speed: (0%), Skills: Runner
Alpha Petallia, Level: 28, Rank: 1, Gender: Male, HP IV: 56(0%), ATK IV: 93(0%), DEF IV: 75(0%), Work Speed: (0%)
Beegarde, Level: 20, Rank: 1, Gender: Female, HP IV: 42(0%), ATK IV: 53(0%), DEF IV: 13(0%), Work Speed: (0%), Skills: Capacitor
Bristla, Level: 16, Rank: 1, Gender: Female, HP IV: 49(0%), ATK IV: 13(0%), DEF IV: 11(0%), Work Speed: (0%), Skills: Sadist
Bristla, Level: 19, Rank: 1, Gender: Female, HP IV: 90(0%), ATK IV: 21(0%), DEF IV: 20(0%), Work Speed: (0%), Skills: Fragrant Foliage
Caprity, Level: 13, Rank: 1, Gender: Male, HP IV: 61(0%), ATK IV: 63(0%), DEF IV: 88(0%), Work Speed: (0%), Skills: Masochist
Cattiva, Level: 15, Rank: 1, Gender: Male, HP IV: 18(0%), ATK IV: 46(0%), DEF IV: 56(0%), Work Speed: (0%), Skills: Coward, Logging Foreman
Chikipi, Level: 3, Rank: 1, Gender: Male, HP IV: 46(0%), ATK IV: 100(0%), DEF IV: 64(0%), Work Speed: (0%), Skills: Pyromaniac
Daedream, Level: 24, Rank: 1, Gender: Female, HP IV: 53(3%), ATK IV: 59(3%), DEF IV: 51(0%), Work Speed: (0%)
Dazzi, Level: 19, Rank: 1, Gender: Female, HP IV: 14(0%), ATK IV: 73(0%), DEF IV: 0(0%), Work Speed: (0%), Skills: Diet Lover
Dumud, Level: 1, Rank: 1, Gender: Male, HP IV: 84(0%), ATK IV: 7(0%), DEF IV: 43(0%), Work Speed: (0%), Skills: Glutton
Eikthyrdeer, Level: 19, Rank: 1, Gender: Male, HP IV: 26(0%), ATK IV: 96(3%), DEF IV: 71(0%), Work Speed: (0%), Skills: Destructive, Workaholic, Coward, Hooligan
Elizabee, Level: 29, Rank: 1, Gender: Female, HP IV: 61(0%), ATK IV: 5(0%), DEF IV: 16(0%), Work Speed: (0%), Skills: Mine Foreman
Flambelle, Level: 3, Rank: 1, Gender: Male, HP IV: 96(0%), ATK IV: 42(0%), DEF IV: 74(0%), Work Speed: (0%), Skills: Heated Body
Flopie, Level: 1, Rank: 1, Gender: Male, HP IV: 86(0%), ATK IV: 71(0%), DEF IV: 33(0%), Work Speed: (0%), Skills: Dainty Eater
Fuddler, Level: 10, Rank: 1, Gender: Female, HP IV: 6(0%), ATK IV: 11(0%), DEF IV: 99(0%), Work Speed: (0%), Skills: Power of Gaia
Hoocrates, Level: 3, Rank: 1, Gender: Male, HP IV: 67(0%), ATK IV: 91(0%), DEF IV: 34(0%), Work Speed: (0%), Skills: Pacifist, Swift
Lamball, Level: 23, Rank: 1, Gender: Female, HP IV: 77(0%), ATK IV: 92(0%), DEF IV: 35(0%), Work Speed: (0%), Skills: Musclehead
Melpaca, Level: 8, Rank: 1, Gender: Female, HP IV: 79(0%), ATK IV: 98(0%), DEF IV: 32(0%), Work Speed: (0%), Skills: Mine Foreman, Clumsy
Mossanda, Level: 26, Rank: 1, Gender: Female, HP IV: 95(0%), ATK IV: 84(0%), DEF IV: 31(0%), Work Speed: (0%), Skills: Motivational Leader
Nitewing, Level: 19, Rank: 1, Gender: Female, HP IV: 11(0%), ATK IV: 60(0%), DEF IV: 12(0%), Work Speed: (0%), Skills: Nocturnal
Rushoar, Level: 6, Rank: 1, Gender: Male, HP IV: 52(0%), ATK IV: 27(0%), DEF IV: 12(0%), Work Speed: (0%), Skills: Hooligan
Tanzee, Level: 19, Rank: 1, Gender: Male, HP IV: 37(0%), ATK IV: 71(0%), DEF IV: 13(0%), Work Speed: (0%), Skills: Insulated Body
Teafant, Level: 8, Rank: 1, Gender: Male, HP IV: 45(0%), ATK IV: 81(0%), DEF IV: 59(0%), Work Speed: (0%), Skills: Unstable
Tocotoco, Level: 11, Rank: 1, Gender: Male, HP IV: 92(0%), ATK IV: 63(0%), DEF IV: 82(0%), Work Speed: (0%), Skills: Blood of the Dragon
Tombat, Level: 7, Rank: 1, Gender: Female, HP IV: 75(0%), ATK IV: 4(0%), DEF IV: 37(0%), Work Speed: (0%), Skills: Runner
Traveling Merchant, Level: 21, Rank: 1, Gender: Unknown, HP IV: 81(0%), ATK IV: 19(0%), DEF IV: 23(0%), Work Speed: (0%), Skills: Fit as a Fiddle
DeadlySniper's 29 Pals
----------------------
Alpha Chillet, Level: 11, Rank: 1, Gender: Female, HP IV: 58(0%), ATK IV: 67(0%), DEF IV: 84(0%), Work Speed: (0%), Skills: Downtrodden
Alpha Katress, Level: 23, Rank: 1, Gender: Female, HP IV: 66(0%), ATK IV: 99(0%), DEF IV: 80(0%), Work Speed: (0%), Skills: Blood of the Dragon
Alpha Kingpaca, Level: 23, Rank: 1, Gender: Male, HP IV: 64(0%), ATK IV: 82(0%), DEF IV: 86(0%), Work Speed: (0%), Skills: Runner
Alpha Petallia, Level: 28, Rank: 1, Gender: Male, HP IV: 56(0%), ATK IV: 93(0%), DEF IV: 75(0%), Work Speed: (0%)
Beegarde, Level: 20, Rank: 1, Gender: Female, HP IV: 42(0%), ATK IV: 53(0%), DEF IV: 13(0%), Work Speed: (0%), Skills: Capacitor
Bristla, Level: 16, Rank: 1, Gender: Female, HP IV: 49(0%), ATK IV: 13(0%), DEF IV: 11(0%), Work Speed: (0%), Skills: Sadist
Bristla, Level: 19, Rank: 1, Gender: Female, HP IV: 90(0%), ATK IV: 21(0%), DEF IV: 20(0%), Work Speed: (0%), Skills: Fragrant Foliage
Caprity, Level: 13, Rank: 1, Gender: Male, HP IV: 61(0%), ATK IV: 63(0%), DEF IV: 88(0%), Work Speed: (0%), Skills: Masochist
Cattiva, Level: 15, Rank: 1, Gender: Male, HP IV: 18(0%), ATK IV: 46(0%), DEF IV: 56(0%), Work Speed: (0%), Skills: Coward, Logging Foreman
Chikipi, Level: 3, Rank: 1, Gender: Male, HP IV: 46(0%), ATK IV: 100(0%), DEF IV: 64(0%), Work Speed: (0%), Skills: Pyromaniac
Daedream, Level: 24, Rank: 1, Gender: Female, HP IV: 53(3%), ATK IV: 59(3%), DEF IV: 51(0%), Work Speed: (0%)
Dazzi, Level: 19, Rank: 1, Gender: Female, HP IV: 14(0%), ATK IV: 73(0%), DEF IV: 0(0%), Work Speed: (0%), Skills: Diet Lover
Dumud, Level: 1, Rank: 1, Gender: Male, HP IV: 84(0%), ATK IV: 7(0%), DEF IV: 43(0%), Work Speed: (0%), Skills: Glutton
Eikthyrdeer, Level: 19, Rank: 1, Gender: Male, HP IV: 26(0%), ATK IV: 96(3%), DEF IV: 71(0%), Work Speed: (0%), Skills: Destructive, Workaholic, Coward, Hooligan
Elizabee, Level: 29, Rank: 1, Gender: Female, HP IV: 61(0%), ATK IV: 5(0%), DEF IV: 16(0%), Work Speed: (0%), Skills: Mine Foreman
Flambelle, Level: 3, Rank: 1, Gender: Male, HP IV: 96(0%), ATK IV: 42(0%), DEF IV: 74(0%), Work Speed: (0%), Skills: Heated Body
Flopie, Level: 1, Rank: 1, Gender: Male, HP IV: 86(0%), ATK IV: 71(0%), DEF IV: 33(0%), Work Speed: (0%), Skills: Dainty Eater
Fuddler, Level: 10, Rank: 1, Gender: Female, HP IV: 6(0%), ATK IV: 11(0%), DEF IV: 99(0%), Work Speed: (0%), Skills: Power of Gaia
Hoocrates, Level: 3, Rank: 1, Gender: Male, HP IV: 67(0%), ATK IV: 91(0%), DEF IV: 34(0%), Work Speed: (0%), Skills: Pacifist, Swift
Lamball, Level: 23, Rank: 1, Gender: Female, HP IV: 77(0%), ATK IV: 92(0%), DEF IV: 35(0%), Work Speed: (0%), Skills: Musclehead
Melpaca, Level: 8, Rank: 1, Gender: Female, HP IV: 79(0%), ATK IV: 98(0%), DEF IV: 32(0%), Work Speed: (0%), Skills: Mine Foreman, Clumsy
Mossanda, Level: 26, Rank: 1, Gender: Female, HP IV: 95(0%), ATK IV: 84(0%), DEF IV: 31(0%), Work Speed: (0%), Skills: Motivational Leader
Nitewing, Level: 19, Rank: 1, Gender: Female, HP IV: 11(0%), ATK IV: 60(0%), DEF IV: 12(0%), Work Speed: (0%), Skills: Nocturnal
Rushoar, Level: 6, Rank: 1, Gender: Male, HP IV: 52(0%), ATK IV: 27(0%), DEF IV: 12(0%), Work Speed: (0%), Skills: Hooligan
Tanzee, Level: 19, Rank: 1, Gender: Male, HP IV: 37(0%), ATK IV: 71(0%), DEF IV: 13(0%), Work Speed: (0%), Skills: Insulated Body
Teafant, Level: 8, Rank: 1, Gender: Male, HP IV: 45(0%), ATK IV: 81(0%), DEF IV: 59(0%), Work Speed: (0%), Skills: Unstable
Tocotoco, Level: 11, Rank: 1, Gender: Male, HP IV: 92(0%), ATK IV: 63(0%), DEF IV: 82(0%), Work Speed: (0%), Skills: Blood of the Dragon
Tombat, Level: 7, Rank: 1, Gender: Female, HP IV: 75(0%), ATK IV: 4(0%), DEF IV: 37(0%), Work Speed: (0%), Skills: Runner
Traveling Merchant, Level: 21, Rank: 1, Gender: Unknown, HP IV: 81(0%), ATK IV: 19(0%), DEF IV: 23(0%), Work Speed: (0%), Skills: Fit as a Fiddle
DeadlySniper's 29 Pals
----------------------
Alpha Chillet, Level: 11, Rank: 1, Gender: Female, HP IV: 58(0%), ATK IV: 67(0%), DEF IV: 84(0%), Work Speed: (0%), Skills: Downtrodden
Alpha Katress, Level: 23, Rank: 1, Gender: Female, HP IV: 66(0%), ATK IV: 99(0%), DEF IV: 80(0%), Work Speed: (0%), Skills: Blood of the Dragon
Alpha Kingpaca, Level: 23, Rank: 1, Gender: Male, HP IV: 64(0%), ATK IV: 82(0%), DEF IV: 86(0%), Work Speed: (0%), Skills: Runner
Alpha Petallia, Level: 28, Rank: 1, Gender: Male, HP IV: 56(0%), ATK IV: 93(0%), DEF IV: 75(0%), Work Speed: (0%)
Beegarde, Level: 20, Rank: 1, Gender: Female, HP IV: 42(0%), ATK IV: 53(0%), DEF IV: 13(0%), Work Speed: (0%), Skills: Capacitor
Bristla, Level: 16, Rank: 1, Gender: Female, HP IV: 49(0%), ATK IV: 13(0%), DEF IV: 11(0%), Work Speed: (0%), Skills: Sadist
Bristla, Level: 19, Rank: 1, Gender: Female, HP IV: 90(0%), ATK IV: 21(0%), DEF IV: 20(0%), Work Speed: (0%), Skills: Fragrant Foliage
Caprity, Level: 13, Rank: 1, Gender: Male, HP IV: 61(0%), ATK IV: 63(0%), DEF IV: 88(0%), Work Speed: (0%), Skills: Masochist
Cattiva, Level: 15, Rank: 1, Gender: Male, HP IV: 18(0%), ATK IV: 46(0%), DEF IV: 56(0%), Work Speed: (0%), Skills: Coward, Logging Foreman
Chikipi, Level: 3, Rank: 1, Gender: Male, HP IV: 46(0%), ATK IV: 100(0%), DEF IV: 64(0%), Work Speed: (0%), Skills: Pyromaniac
Daedream, Level: 24, Rank: 1, Gender: Female, HP IV: 53(3%), ATK IV: 59(3%), DEF IV: 51(0%), Work Speed: (0%)
Dazzi, Level: 19, Rank: 1, Gender: Female, HP IV: 14(0%), ATK IV: 73(0%), DEF IV: 0(0%), Work Speed: (0%), Skills: Diet Lover
Dumud, Level: 1, Rank: 1, Gender: Male, HP IV: 84(0%), ATK IV: 7(0%), DEF IV: 43(0%), Work Speed: (0%), Skills: Glutton
Eikthyrdeer, Level: 19, Rank: 1, Gender: Male, HP IV: 26(0%), ATK IV: 96(3%), DEF IV: 71(0%), Work Speed: (0%), Skills: Destructive, Workaholic, Coward, Hooligan
Elizabee, Level: 29, Rank: 1, Gender: Female, HP IV: 61(0%), ATK IV: 5(0%), DEF IV: 16(0%), Work Speed: (0%), Skills: Mine Foreman
Flambelle, Level: 3, Rank: 1, Gender: Male, HP IV: 96(0%), ATK IV: 42(0%), DEF IV: 74(0%), Work Speed: (0%), Skills: Heated Body
Flopie, Level: 1, Rank: 1, Gender: Male, HP IV: 86(0%), ATK IV: 71(0%), DEF IV: 33(0%), Work Speed: (0%), Skills: Dainty Eater
Fuddler, Level: 10, Rank: 1, Gender: Female, HP IV: 6(0%), ATK IV: 11(0%), DEF IV: 99(0%), Work Speed: (0%), Skills: Power of Gaia
Hoocrates, Level: 3, Rank: 1, Gender: Male, HP IV: 67(0%), ATK IV: 91(0%), DEF IV: 34(0%), Work Speed: (0%), Skills: Pacifist, Swift
Lamball, Level: 23, Rank: 1, Gender: Female, HP IV: 77(0%), ATK IV: 92(0%), DEF IV: 35(0%), Work Speed: (0%), Skills: Musclehead
Melpaca, Level: 8, Rank: 1, Gender: Female, HP IV: 79(0%), ATK IV: 98(0%), DEF IV: 32(0%), Work Speed: (0%), Skills: Mine Foreman, Clumsy
Mossanda, Level: 26, Rank: 1, Gender: Female, HP IV: 95(0%), ATK IV: 84(0%), DEF IV: 31(0%), Work Speed: (0%), Skills: Motivational Leader
Nitewing, Level: 19, Rank: 1, Gender: Female, HP IV: 11(0%), ATK IV: 60(0%), DEF IV: 12(0%), Work Speed: (0%), Skills: Nocturnal
Rushoar, Level: 6, Rank: 1, Gender: Male, HP IV: 52(0%), ATK IV: 27(0%), DEF IV: 12(0%), Work Speed: (0%), Skills: Hooligan
Tanzee, Level: 19, Rank: 1, Gender: Male, HP IV: 37(0%), ATK IV: 71(0%), DEF IV: 13(0%), Work Speed: (0%), Skills: Insulated Body
Teafant, Level: 8, Rank: 1, Gender: Male, HP IV: 45(0%), ATK IV: 81(0%), DEF IV: 59(0%), Work Speed: (0%), Skills: Unstable
Tocotoco, Level: 11, Rank: 1, Gender: Male, HP IV: 92(0%), ATK IV: 63(0%), DEF IV: 82(0%), Work Speed: (0%), Skills: Blood of the Dragon
Tombat, Level: 7, Rank: 1, Gender: Female, HP IV: 75(0%), ATK IV: 4(0%), DEF IV: 37(0%), Work Speed: (0%), Skills: Runner
Traveling Merchant, Level: 21, Rank: 1, Gender: Unknown, HP IV: 81(0%), ATK IV: 19(0%), DEF IV: 23(0%), Work Speed: (0%), Skills: Fit as a Fiddle
DeadlySniper's 29 Pals
----------------------
Alpha Chillet, Level: 11, Rank: 1, Gender: Female, HP IV: 58(0%), ATK IV: 67(0%), DEF IV: 84(0%), Work Speed: (0%), Skills: Downtrodden
Alpha Katress, Level: 23, Rank: 1, Gender: Female, HP IV: 66(0%), ATK IV: 99(0%), DEF IV: 80(0%), Work Speed: (0%), Skills: Blood of the Dragon
Alpha Kingpaca, Level: 23, Rank: 1, Gender: Male, HP IV: 64(0%), ATK IV: 82(0%), DEF IV: 86(0%), Work Speed: (0%), Skills: Runner
Alpha Petallia, Level: 28, Rank: 1, Gender: Male, HP IV: 56(0%), ATK IV: 93(0%), DEF IV: 75(0%), Work Speed: (0%)
Beegarde, Level: 20, Rank: 1, Gender: Female, HP IV: 42(0%), ATK IV: 53(0%), DEF IV: 13(0%), Work Speed: (0%), Skills: Capacitor
Bristla, Level: 16, Rank: 1, Gender: Female, HP IV: 49(0%), ATK IV: 13(0%), DEF IV: 11(0%), Work Speed: (0%), Skills: Sadist
Bristla, Level: 19, Rank: 1, Gender: Female, HP IV: 90(0%), ATK IV: 21(0%), DEF IV: 20(0%), Work Speed: (0%), Skills: Fragrant Foliage
Caprity, Level: 13, Rank: 1, Gender: Male, HP IV: 61(0%), ATK IV: 63(0%), DEF IV: 88(0%), Work Speed: (0%), Skills: Masochist
Cattiva, Level: 15, Rank: 1, Gender: Male, HP IV: 18(0%), ATK IV: 46(0%), DEF IV: 56(0%), Work Speed: (0%), Skills: Coward, Logging Foreman
Chikipi, Level: 3, Rank: 1, Gender: Male, HP IV: 46(0%), ATK IV: 100(0%), DEF IV: 64(0%), Work Speed: (0%), Skills: Pyromaniac
Daedream, Level: 24, Rank: 1, Gender: Female, HP IV: 53(3%), ATK IV: 59(3%), DEF IV: 51(0%), Work Speed: (0%)
Dazzi, Level: 19, Rank: 1, Gender: Female, HP IV: 14(0%), ATK IV: 73(0%), DEF IV: 0(0%), Work Speed: (0%), Skills: Diet Lover
Dumud, Level: 1, Rank: 1, Gender: Male, HP IV: 84(0%), ATK IV: 7(0%), DEF IV: 43(0%), Work Speed: (0%), Skills: Glutton
Eikthyrdeer, Level: 19, Rank: 1, Gender: Male, HP IV: 26(0%), ATK IV: 96(3%), DEF IV: 71(0%), Work Speed: (0%), Skills: Destructive, Workaholic, Coward, Hooligan
Elizabee, Level: 29, Rank: 1, Gender: Female, HP IV: 61(0%), ATK IV: 5(0%), DEF IV: 16(0%), Work Speed: (0%), Skills: Mine Foreman
Flambelle, Level: 3, Rank: 1, Gender: Male, HP IV: 96(0%), ATK IV: 42(0%), DEF IV: 74(0%), Work Speed: (0%), Skills: Heated Body
Flopie, Level: 1, Rank: 1, Gender: Male, HP IV: 86(0%), ATK IV: 71(0%), DEF IV: 33(0%), Work Speed: (0%), Skills: Dainty Eater
Fuddler, Level: 10, Rank: 1, Gender: Female, HP IV: 6(0%), ATK IV: 11(0%), DEF IV: 99(0%), Work Speed: (0%), Skills: Power of Gaia
Hoocrates, Level: 3, Rank: 1, Gender: Male, HP IV: 67(0%), ATK IV: 91(0%), DEF IV: 34(0%), Work Speed: (0%), Skills: Pacifist, Swift
Lamball, Level: 23, Rank: 1, Gender: Female, HP IV: 77(0%), ATK IV: 92(0%), DEF IV: 35(0%), Work Speed: (0%), Skills: Musclehead
Melpaca, Level: 8, Rank: 1, Gender: Female, HP IV: 79(0%), ATK IV: 98(0%), DEF IV: 32(0%), Work Speed: (0%), Skills: Mine Foreman, Clumsy
Mossanda, Level: 26, Rank: 1, Gender: Female, HP IV: 95(0%), ATK IV: 84(0%), DEF IV: 31(0%), Work Speed: (0%), Skills: Motivational Leader
Nitewing, Level: 19, Rank: 1, Gender: Female, HP IV: 11(0%), ATK IV: 60(0%), DEF IV: 12(0%), Work Speed: (0%), Skills: Nocturnal
Rushoar, Level: 6, Rank: 1, Gender: Male, HP IV: 52(0%), ATK IV: 27(0%), DEF IV: 12(0%), Work Speed: (0%), Skills: Hooligan
Tanzee, Level: 19, Rank: 1, Gender: Male, HP IV: 37(0%), ATK IV: 71(0%), DEF IV: 13(0%), Work Speed: (0%), Skills: Insulated Body
Teafant, Level: 8, Rank: 1, Gender: Male, HP IV: 45(0%), ATK IV: 81(0%), DEF IV: 59(0%), Work Speed: (0%), Skills: Unstable
Tocotoco, Level: 11, Rank: 1, Gender: Male, HP IV: 92(0%), ATK IV: 63(0%), DEF IV: 82(0%), Work Speed: (0%), Skills: Blood of the Dragon
Tombat, Level: 7, Rank: 1, Gender: Female, HP IV: 75(0%), ATK IV: 4(0%), DEF IV: 37(0%), Work Speed: (0%), Skills: Runner
Traveling Merchant, Level: 21, Rank: 1, Gender: Unknown, HP IV: 81(0%), ATK IV: 19(0%), DEF IV: 23(0%), Work Speed: (0%), Skills: Fit as a Fiddle
