DeathScythe's 6 Pals
--------------------
Cattiva, Level: 6, Rank: 1, Gender: Female, HP IV: 40(0%), ATK IV: 0(0%), DEF IV: 25(0%), Work Speed: (0%), Skills: Coward, Brave
Chikipi, Level: 4, Rank: 1, Gender: Female, HP IV: 33(0%), ATK IV: 56(0%), DEF IV: 46(0%), Work Speed: (0%), Skills: Capacitor
Chikipi, Level: 5, Rank: 1, Gender: Female, HP IV: 27(0%), ATK IV: 20(0%), DEF IV: 73(0%), Work Speed: (0%), Skills: Vanguard
Cremis, Level: 3, Rank: 1, Gender: Male, HP IV: 82(0%), ATK IV: 99(0%), DEF IV: 72(0%), Work Speed: (0%), Skills: Insulated Body
Foxparks, Level: 8, Rank: 1, Gender: Male, HP IV: 31(0%), ATK IV: 87(0%), DEF IV: 28(0%), Work Speed: (0%), Skills: Diet Lover
Pengullet, Level: 8, Rank: 1, Gender: Male, HP IV: 7(0%), ATK IV: 33(0%), DEF IV: 97(0%), Work Speed: (0%), Skills: Mine Foreman, Workaholic
DeathScythe's 6 Pals
--------------------
Cattiva, Level: 6, Rank: 1, Gender: Female, HP IV: 40(0%), ATK IV: 0(0%), DEF IV: 25(0%), Work Speed: (0%), Skills: Coward, Brave
Chikipi, Level: 4, Rank: 1, Gender: Female, HP IV: 33(0%), ATK IV: 56(0%), DEF IV: 46(0%), Work Speed: (0%), Skills: Capacitor
Chikipi, Level: 5, Rank: 1, Gender: Female, HP IV: 27(0%), ATK IV: 20(0%), DEF IV: 73(0%), Work Speed: (0%), Skills: Vanguard
Cremis, Level: 3, Rank: 1, Gender: Male, HP IV: 82(0%), ATK IV: 99(0%), DEF IV: 72(0%), Work Speed: (0%), Skills: Insulated Body
Foxparks, Level: 8, Rank: 1, Gender: Male, HP IV: 31(0%), ATK IV: 87(0%), DEF IV: 28(0%), Work Speed: (0%), Skills: Diet Lover
Pengullet, Level: 8, Rank: 1, Gender: Male, HP IV: 7(0%), ATK IV: 33(0%), DEF IV: 97(0%), Work Speed: (0%), Skills: Mine Foreman, Workaholic
DeathScythe's 6 Pals
--------------------
Cattiva, Level: 6, Rank: 1, Gender: Female, HP IV: 40(0%), ATK IV: 0(0%), DEF IV: 25(0%), Work Speed: (0%), Skills: Coward, Brave
Chikipi, Level: 4, Rank: 1, Gender: Female, HP IV: 33(0%), ATK IV: 56(0%), DEF IV: 46(0%), Work Speed: (0%), Skills: Capacitor
Chikipi, Level: 5, Rank: 1, Gender: Female, HP IV: 27(0%), ATK IV: 20(0%), DEF IV: 73(0%), Work Speed: (0%), Skills: Vanguard
Cremis, Level: 3, Rank: 1, Gender: Male, HP IV: 82(0%), ATK IV: 99(0%), DEF IV: 72(0%), Work Speed: (0%), Skills: Insulated Body
Foxparks, Level: 8, Rank: 1, Gender: Male, HP IV: 31(0%), ATK IV: 87(0%), DEF IV: 28(0%), Work Speed: (0%), Skills: Diet Lover
Pengullet, Level: 8, Rank: 1, Gender: Male, HP IV: 7(0%), ATK IV: 33(0%), DEF IV: 97(0%), Work Speed: (0%), Skills: Mine Foreman, Workaholic
DeathScythe's 6 Pals
--------------------
Cattiva, Level: 6, Rank: 1, Gender: Female, HP IV: 40(0%), ATK IV: 0(0%), DEF IV: 25(0%), Work Speed: (0%), Skills: Coward, Brave
Chikipi, Level: 4, Rank: 1, Gender: Female, HP IV: 33(0%), ATK IV: 56(0%), DEF IV: 46(0%), Work Speed: (0%), Skills: Capacitor
Chikipi, Level: 5, Rank: 1, Gender: Female, HP IV: 27(0%), ATK IV: 20(0%), DEF IV: 73(0%), Work Speed: (0%), Skills: Vanguard
Cremis, Level: 3, Rank: 1, Gender: Male, HP IV: 82(0%), ATK IV: 99(0%), DEF IV: 72(0%), Work Speed: (0%), Skills: Insulated Body
Foxparks, Level: 8, Rank: 1, Gender: Male, HP IV: 31(0%), ATK IV: 87(0%), DEF IV: 28(0%), Work Speed: (0%), Skills: Diet Lover
Pengullet, Level: 8, Rank: 1, Gender: Male, HP IV: 7(0%), ATK IV: 33(0%), DEF IV: 97(0%), Work Speed: (0%), Skills: Mine Foreman, Workaholic
DeathScythe's 6 Pals
--------------------
Cattiva, Level: 6, Rank: 1, Gender: Female, HP IV: 40(0%), ATK IV: 0(0%), DEF IV: 25(0%), Work Speed: (0%), Skills: Coward, Brave
Chikipi, Level: 4, Rank: 1, Gender: Female, HP IV: 33(0%), ATK IV: 56(0%), DEF IV: 46(0%), Work Speed: (0%), Skills: Capacitor
Chikipi, Level: 5, Rank: 1, Gender: Female, HP IV: 27(0%), ATK IV: 20(0%), DEF IV: 73(0%), Work Speed: (0%), Skills: Vanguard
Cremis, Level: 3, Rank: 1, Gender: Male, HP IV: 82(0%), ATK IV: 99(0%), DEF IV: 72(0%), Work Speed: (0%), Skills: Insulated Body
Foxparks, Level: 8, Rank: 1, Gender: Male, HP IV: 31(0%), ATK IV: 87(0%), DEF IV: 28(0%), Work Speed: (0%), Skills: Diet Lover
Pengullet, Level: 8, Rank: 1, Gender: Male, HP IV: 7(0%), ATK IV: 33(0%), DEF IV: 97(0%), Work Speed: (0%), Skills: Mine Foreman, Workaholic
DeathScythe's 6 Pals
--------------------
Cattiva, Level: 6, Rank: 1, Gender: Female, HP IV: 40(0%), ATK IV: 0(0%), DEF IV: 25(0%), Work Speed: (0%), Skills: Coward, Brave
Chikipi, Level: 4, Rank: 1, Gender: Female, HP IV: 33(0%), ATK IV: 56(0%), DEF IV: 46(0%), Work Speed: (0%), Skills: Capacitor
Chikipi, Level: 5, Rank: 1, Gender: Female, HP IV: 27(0%), ATK IV: 20(0%), DEF IV: 73(0%), Work Speed: (0%), Skills: Vanguard
Cremis, Level: 3, Rank: 1, Gender: Male, HP IV: 82(0%), ATK IV: 99(0%), DEF IV: 72(0%), Work Speed: (0%), Skills: Insulated Body
Foxparks, Level: 8, Rank: 1, Gender: Male, HP IV: 31(0%), ATK IV: 87(0%), DEF IV: 28(0%), Work Speed: (0%), Skills: Diet Lover
Pengullet, Level: 8, Rank: 1, Gender: Male, HP IV: 7(0%), ATK IV: 33(0%), DEF IV: 97(0%), Work Speed: (0%), Skills: Mine Foreman, Workaholic
DeathScythe's 6 Pals
--------------------
Cattiva, Level: 6, Rank: 1, Gender: Female, HP IV: 40(0%), ATK IV: 0(0%), DEF IV: 25(0%), Work Speed: (0%), Skills: Coward, Brave
Chikipi, Level: 4, Rank: 1, Gender: Female, HP IV: 33(0%), ATK IV: 56(0%), DEF IV: 46(0%), Work Speed: (0%), Skills: Capacitor
Chikipi, Level: 5, Rank: 1, Gender: Female, HP IV: 27(0%), ATK IV: 20(0%), DEF IV: 73(0%), Work Speed: (0%), Skills: Vanguard
Cremis, Level: 3, Rank: 1, Gender: Male, HP IV: 82(0%), ATK IV: 99(0%), DEF IV: 72(0%), Work Speed: (0%), Skills: Insulated Body
Foxparks, Level: 8, Rank: 1, Gender: Male, HP IV: 31(0%), ATK IV: 87(0%), DEF IV: 28(0%), Work Speed: (0%), Skills: Diet Lover
Pengullet, Level: 8, Rank: 1, Gender: Male, HP IV: 7(0%), ATK IV: 33(0%), DEF IV: 97(0%), Work Speed: (0%), Skills: Mine Foreman, Workaholic
DeathScythe's 6 Pals
--------------------
Cattiva, Level: 6, Rank: 1, Gender: Female, HP IV: 40(0%), ATK IV: 0(0%), DEF IV: 25(0%), Work Speed: (0%), Skills: Coward, Brave
Chikipi, Level: 4, Rank: 1, Gender: Female, HP IV: 33(0%), ATK IV: 56(0%), DEF IV: 46(0%), Work Speed: (0%), Skills: Capacitor
Chikipi, Level: 5, Rank: 1, Gender: Female, HP IV: 27(0%), ATK IV: 20(0%), DEF IV: 73(0%), Work Speed: (0%), Skills: Vanguard
Cremis, Level: 3, Rank: 1, Gender: Male, HP IV: 82(0%), ATK IV: 99(0%), DEF IV: 72(0%), Work Speed: (0%), Skills: Insulated Body
Foxparks, Level: 8, Rank: 1, Gender: Male, HP IV: 31(0%), ATK IV: 87(0%), DEF IV: 28(0%), Work Speed: (0%), Skills: Diet Lover
Pengullet, Level: 8, Rank: 1, Gender: Male, HP IV: 7(0%), ATK IV: 33(0%), DEF IV: 97(0%), Work Speed: (0%), Skills: Mine Foreman, Workaholic
DeathScythe's 6 Pals
--------------------
Cattiva, Level: 6, Rank: 1, Gender: Female, HP IV: 40(0%), ATK IV: 0(0%), DEF IV: 25(0%), Work Speed: (0%), Skills: Coward, Brave
Chikipi, Level: 4, Rank: 1, Gender: Female, HP IV: 33(0%), ATK IV: 56(0%), DEF IV: 46(0%), Work Speed: (0%), Skills: Capacitor
Chikipi, Level: 5, Rank: 1, Gender: Female, HP IV: 27(0%), ATK IV: 20(0%), DEF IV: 73(0%), Work Speed: (0%), Skills: Vanguard
Cremis, Level: 3, Rank: 1, Gender: Male, HP IV: 82(0%), ATK IV: 99(0%), DEF IV: 72(0%), Work Speed: (0%), Skills: Insulated Body
Foxparks, Level: 8, Rank: 1, Gender: Male, HP IV: 31(0%), ATK IV: 87(0%), DEF IV: 28(0%), Work Speed: (0%), Skills: Diet Lover
Pengullet, Level: 8, Rank: 1, Gender: Male, HP IV: 7(0%), ATK IV: 33(0%), DEF IV: 97(0%), Work Speed: (0%), Skills: Mine Foreman, Workaholic
DeathScythe's 6 Pals
--------------------
Cattiva, Level: 6, Rank: 1, Gender: Female, HP IV: 40(0%), ATK IV: 0(0%), DEF IV: 25(0%), Work Speed: (0%), Skills: Coward, Brave
Chikipi, Level: 4, Rank: 1, Gender: Female, HP IV: 33(0%), ATK IV: 56(0%), DEF IV: 46(0%), Work Speed: (0%), Skills: Capacitor
Chikipi, Level: 5, Rank: 1, Gender: Female, HP IV: 27(0%), ATK IV: 20(0%), DEF IV: 73(0%), Work Speed: (0%), Skills: Vanguard
Cremis, Level: 3, Rank: 1, Gender: Male, HP IV: 82(0%), ATK IV: 99(0%), DEF IV: 72(0%), Work Speed: (0%), Skills: Insulated Body
Foxparks, Level: 8, Rank: 1, Gender: Male, HP IV: 31(0%), ATK IV: 87(0%), DEF IV: 28(0%), Work Speed: (0%), Skills: Diet Lover
Pengullet, Level: 8, Rank: 1, Gender: Male, HP IV: 7(0%), ATK IV: 33(0%), DEF IV: 97(0%), Work Speed: (0%), Skills: Mine Foreman, Workaholic
DeathScythe's 6 Pals
--------------------
Cattiva, Level: 6, Rank: 1, Gender: Female, HP IV: 40(0%), ATK IV: 0(0%), DEF IV: 25(0%), Work Speed: (0%), Skills: Coward, Brave
Chikipi, Level: 4, Rank: 1, Gender: Female, HP IV: 33(0%), ATK IV: 56(0%), DEF IV: 46(0%), Work Speed: (0%), Skills: Capacitor
Chikipi, Level: 5, Rank: 1, Gender: Female, HP IV: 27(0%), ATK IV: 20(0%), DEF IV: 73(0%), Work Speed: (0%), Skills: Vanguard
Cremis, Level: 3, Rank: 1, Gender: Male, HP IV: 82(0%), ATK IV: 99(0%), DEF IV: 72(0%), Work Speed: (0%), Skills: Insulated Body
Foxparks, Level: 8, Rank: 1, Gender: Male, HP IV: 31(0%), ATK IV: 87(0%), DEF IV: 28(0%), Work Speed: (0%), Skills: Diet Lover
Pengullet, Level: 8, Rank: 1, Gender: Male, HP IV: 7(0%), ATK IV: 33(0%), DEF IV: 97(0%), Work Speed: (0%), Skills: Mine Foreman, Workaholic
DeathScythe's 6 Pals
--------------------
Cattiva, Level: 6, Rank: 1, Gender: Female, HP IV: 40(0%), ATK IV: 0(0%), DEF IV: 25(0%), Work Speed: (0%), Skills: Coward, Brave
Chikipi, Level: 4, Rank: 1, Gender: Female, HP IV: 33(0%), ATK IV: 56(0%), DEF IV: 46(0%), Work Speed: (0%), Skills: Capacitor
Chikipi, Level: 5, Rank: 1, Gender: Female, HP IV: 27(0%), ATK IV: 20(0%), DEF IV: 73(0%), Work Speed: (0%), Skills: Vanguard
Cremis, Level: 3, Rank: 1, Gender: Male, HP IV: 82(0%), ATK IV: 99(0%), DEF IV: 72(0%), Work Speed: (0%), Skills: Insulated Body
Foxparks, Level: 8, Rank: 1, Gender: Male, HP IV: 31(0%), ATK IV: 87(0%), DEF IV: 28(0%), Work Speed: (0%), Skills: Diet Lover
Pengullet, Level: 8, Rank: 1, Gender: Male, HP IV: 7(0%), ATK IV: 33(0%), DEF IV: 97(0%), Work Speed: (0%), Skills: Mine Foreman, Workaholic
DeathScythe's 6 Pals
--------------------
Cattiva, Level: 6, Rank: 1, Gender: Female, HP IV: 40(0%), ATK IV: 0(0%), DEF IV: 25(0%), Work Speed: (0%), Skills: Coward, Brave
Chikipi, Level: 4, Rank: 1, Gender: Female, HP IV: 33(0%), ATK IV: 56(0%), DEF IV: 46(0%), Work Speed: (0%), Skills: Capacitor
Chikipi, Level: 5, Rank: 1, Gender: Female, HP IV: 27(0%), ATK IV: 20(0%), DEF IV: 73(0%), Work Speed: (0%), Skills: Vanguard
Cremis, Level: 3, Rank: 1, Gender: Male, HP IV: 82(0%), ATK IV: 99(0%), DEF IV: 72(0%), Work Speed: (0%), Skills: Insulated Body
Foxparks, Level: 8, Rank: 1, Gender: Male, HP IV: 31(0%), ATK IV: 87(0%), DEF IV: 28(0%), Work Speed: (0%), Skills: Diet Lover
Pengullet, Level: 8, Rank: 1, Gender: Male, HP IV: 7(0%), ATK IV: 33(0%), DEF IV: 97(0%), Work Speed: (0%), Skills: Mine Foreman, Workaholic
DeathScythe's 6 Pals
--------------------
Cattiva, Level: 6, Rank: 1, Gender: Female, HP IV: 40(0%), ATK IV: 0(0%), DEF IV: 25(0%), Work Speed: (0%), Skills: Coward, Brave
Chikipi, Level: 4, Rank: 1, Gender: Female, HP IV: 33(0%), ATK IV: 56(0%), DEF IV: 46(0%), Work Speed: (0%), Skills: Capacitor
Chikipi, Level: 5, Rank: 1, Gender: Female, HP IV: 27(0%), ATK IV: 20(0%), DEF IV: 73(0%), Work Speed: (0%), Skills: Vanguard
Cremis, Level: 3, Rank: 1, Gender: Male, HP IV: 82(0%), ATK IV: 99(0%), DEF IV: 72(0%), Work Speed: (0%), Skills: Insulated Body
Foxparks, Level: 8, Rank: 1, Gender: Male, HP IV: 31(0%), ATK IV: 87(0%), DEF IV: 28(0%), Work Speed: (0%), Skills: Diet Lover
Pengullet, Level: 8, Rank: 1, Gender: Male, HP IV: 7(0%), ATK IV: 33(0%), DEF IV: 97(0%), Work Speed: (0%), Skills: Mine Foreman, Workaholic
