deaf blind autistic's 5 Pals
----------------------------
Cattiva, Level: 2, Rank: 1, Gender: Male, HP IV: 1(0%), ATK IV: 50(0%), DEF IV: 65(0%), Work Speed: (0%), Skills: Coward, Earthquake Resistant
Chikipi, Level: 2, Rank: 1, Gender: Male, HP IV: 1(0%), ATK IV: 61(0%), DEF IV: 82(0%), Work Speed: (0%), Skills: Clumsy
Daedream, Level: 6, Rank: 1, Gender: Male, HP IV: 76(0%), ATK IV: 39(0%), DEF IV: 45(0%), Work Speed: (0%), Skills: Pyromaniac
Lamball, Level: 4, Rank: 1, Gender: Female, HP IV: 15(0%), ATK IV: 81(0%), DEF IV: 79(0%), Work Speed: (0%), Skills: Hard Skin
Xenovader, Level: 5, Rank: 1, Gender: Male, HP IV: 96(0%), ATK IV: 80(0%), DEF IV: 68(0%), Work Speed: (0%), Skills: Zen Mind, Slacker, Veil of Darkness
deaf blind autistic's 5 Pals
----------------------------
Cattiva, Level: 2, Rank: 1, Gender: Male, HP IV: 1(0%), ATK IV: 50(0%), DEF IV: 65(0%), Work Speed: (0%), Skills: Coward, Earthquake Resistant
Chikipi, Level: 2, Rank: 1, Gender: Male, HP IV: 1(0%), ATK IV: 61(0%), DEF IV: 82(0%), Work Speed: (0%), Skills: Clumsy
Daedream, Level: 6, Rank: 1, Gender: Male, HP IV: 76(0%), ATK IV: 39(0%), DEF IV: 45(0%), Work Speed: (0%), Skills: Pyromaniac
Lamball, Level: 4, Rank: 1, Gender: Female, HP IV: 15(0%), ATK IV: 81(0%), DEF IV: 79(0%), Work Speed: (0%), Skills: Hard Skin
Xenovader, Level: 5, Rank: 1, Gender: Male, HP IV: 96(0%), ATK IV: 80(0%), DEF IV: 68(0%), Work Speed: (0%), Skills: Zen Mind, Slacker, Veil of Darkness
deaf blind autistic's 5 Pals
----------------------------
Cattiva, Level: 2, Rank: 1, Gender: Male, HP IV: 1(0%), ATK IV: 50(0%), DEF IV: 65(0%), Work Speed: (0%), Skills: Coward, Earthquake Resistant
Chikipi, Level: 2, Rank: 1, Gender: Male, HP IV: 1(0%), ATK IV: 61(0%), DEF IV: 82(0%), Work Speed: (0%), Skills: Clumsy
Daedream, Level: 6, Rank: 1, Gender: Male, HP IV: 76(0%), ATK IV: 39(0%), DEF IV: 45(0%), Work Speed: (0%), Skills: Pyromaniac
Lamball, Level: 4, Rank: 1, Gender: Female, HP IV: 15(0%), ATK IV: 81(0%), DEF IV: 79(0%), Work Speed: (0%), Skills: Hard Skin
Xenovader, Level: 5, Rank: 1, Gender: Male, HP IV: 96(0%), ATK IV: 80(0%), DEF IV: 68(0%), Work Speed: (0%), Skills: Zen Mind, Slacker, Veil of Darkness
deaf blind autistic's 5 Pals
----------------------------
Cattiva, Level: 2, Rank: 1, Gender: Male, HP IV: 1(0%), ATK IV: 50(0%), DEF IV: 65(0%), Work Speed: (0%), Skills: Coward, Earthquake Resistant
Chikipi, Level: 2, Rank: 1, Gender: Male, HP IV: 1(0%), ATK IV: 61(0%), DEF IV: 82(0%), Work Speed: (0%), Skills: Clumsy
Daedream, Level: 6, Rank: 1, Gender: Male, HP IV: 76(0%), ATK IV: 39(0%), DEF IV: 45(0%), Work Speed: (0%), Skills: Pyromaniac
Lamball, Level: 4, Rank: 1, Gender: Female, HP IV: 15(0%), ATK IV: 81(0%), DEF IV: 79(0%), Work Speed: (0%), Skills: Hard Skin
Xenovader, Level: 5, Rank: 1, Gender: Male, HP IV: 96(0%), ATK IV: 80(0%), DEF IV: 68(0%), Work Speed: (0%), Skills: Zen Mind, Slacker, Veil of Darkness
deaf blind autistic's 5 Pals
----------------------------
Cattiva, Level: 2, Rank: 1, Gender: Male, HP IV: 1(0%), ATK IV: 50(0%), DEF IV: 65(0%), Work Speed: (0%), Skills: Coward, Earthquake Resistant
Chikipi, Level: 2, Rank: 1, Gender: Male, HP IV: 1(0%), ATK IV: 61(0%), DEF IV: 82(0%), Work Speed: (0%), Skills: Clumsy
Daedream, Level: 6, Rank: 1, Gender: Male, HP IV: 76(0%), ATK IV: 39(0%), DEF IV: 45(0%), Work Speed: (0%), Skills: Pyromaniac
Lamball, Level: 4, Rank: 1, Gender: Female, HP IV: 15(0%), ATK IV: 81(0%), DEF IV: 79(0%), Work Speed: (0%), Skills: Hard Skin
Xenovader, Level: 5, Rank: 1, Gender: Male, HP IV: 96(0%), ATK IV: 80(0%), DEF IV: 68(0%), Work Speed: (0%), Skills: Zen Mind, Slacker, Veil of Darkness
deaf blind autistic's 5 Pals
----------------------------
Cattiva, Level: 2, Rank: 1, Gender: Male, HP IV: 1(0%), ATK IV: 50(0%), DEF IV: 65(0%), Work Speed: (0%), Skills: Coward, Earthquake Resistant
Chikipi, Level: 2, Rank: 1, Gender: Male, HP IV: 1(0%), ATK IV: 61(0%), DEF IV: 82(0%), Work Speed: (0%), Skills: Clumsy
Daedream, Level: 6, Rank: 1, Gender: Male, HP IV: 76(0%), ATK IV: 39(0%), DEF IV: 45(0%), Work Speed: (0%), Skills: Pyromaniac
Lamball, Level: 4, Rank: 1, Gender: Female, HP IV: 15(0%), ATK IV: 81(0%), DEF IV: 79(0%), Work Speed: (0%), Skills: Hard Skin
Xenovader, Level: 5, Rank: 1, Gender: Male, HP IV: 96(0%), ATK IV: 80(0%), DEF IV: 68(0%), Work Speed: (0%), Skills: Zen Mind, Slacker, Veil of Darkness
deaf blind autistic's 5 Pals
----------------------------
Cattiva, Level: 2, Rank: 1, Gender: Male, HP IV: 1(0%), ATK IV: 50(0%), DEF IV: 65(0%), Work Speed: (0%), Skills: Coward, Earthquake Resistant
Chikipi, Level: 2, Rank: 1, Gender: Male, HP IV: 1(0%), ATK IV: 61(0%), DEF IV: 82(0%), Work Speed: (0%), Skills: Clumsy
Daedream, Level: 6, Rank: 1, Gender: Male, HP IV: 76(0%), ATK IV: 39(0%), DEF IV: 45(0%), Work Speed: (0%), Skills: Pyromaniac
Lamball, Level: 4, Rank: 1, Gender: Female, HP IV: 15(0%), ATK IV: 81(0%), DEF IV: 79(0%), Work Speed: (0%), Skills: Hard Skin
Xenovader, Level: 5, Rank: 1, Gender: Male, HP IV: 96(0%), ATK IV: 80(0%), DEF IV: 68(0%), Work Speed: (0%), Skills: Zen Mind, Slacker, Veil of Darkness
deaf blind autistic's 5 Pals
----------------------------
Cattiva, Level: 2, Rank: 1, Gender: Male, HP IV: 1(0%), ATK IV: 50(0%), DEF IV: 65(0%), Work Speed: (0%), Skills: Coward, Earthquake Resistant
Chikipi, Level: 2, Rank: 1, Gender: Male, HP IV: 1(0%), ATK IV: 61(0%), DEF IV: 82(0%), Work Speed: (0%), Skills: Clumsy
Daedream, Level: 6, Rank: 1, Gender: Male, HP IV: 76(0%), ATK IV: 39(0%), DEF IV: 45(0%), Work Speed: (0%), Skills: Pyromaniac
Lamball, Level: 4, Rank: 1, Gender: Female, HP IV: 15(0%), ATK IV: 81(0%), DEF IV: 79(0%), Work Speed: (0%), Skills: Hard Skin
Xenovader, Level: 5, Rank: 1, Gender: Male, HP IV: 96(0%), ATK IV: 80(0%), DEF IV: 68(0%), Work Speed: (0%), Skills: Zen Mind, Slacker, Veil of Darkness
deaf blind autistic's 5 Pals
----------------------------
Cattiva, Level: 2, Rank: 1, Gender: Male, HP IV: 1(0%), ATK IV: 50(0%), DEF IV: 65(0%), Work Speed: (0%), Skills: Coward, Earthquake Resistant
Chikipi, Level: 2, Rank: 1, Gender: Male, HP IV: 1(0%), ATK IV: 61(0%), DEF IV: 82(0%), Work Speed: (0%), Skills: Clumsy
Daedream, Level: 6, Rank: 1, Gender: Male, HP IV: 76(0%), ATK IV: 39(0%), DEF IV: 45(0%), Work Speed: (0%), Skills: Pyromaniac
Lamball, Level: 4, Rank: 1, Gender: Female, HP IV: 15(0%), ATK IV: 81(0%), DEF IV: 79(0%), Work Speed: (0%), Skills: Hard Skin
Xenovader, Level: 5, Rank: 1, Gender: Male, HP IV: 96(0%), ATK IV: 80(0%), DEF IV: 68(0%), Work Speed: (0%), Skills: Zen Mind, Slacker, Veil of Darkness
deaf blind autistic's 5 Pals
----------------------------
Cattiva, Level: 2, Rank: 1, Gender: Male, HP IV: 1(0%), ATK IV: 50(0%), DEF IV: 65(0%), Work Speed: (0%), Skills: Coward, Earthquake Resistant
Chikipi, Level: 2, Rank: 1, Gender: Male, HP IV: 1(0%), ATK IV: 61(0%), DEF IV: 82(0%), Work Speed: (0%), Skills: Clumsy
Daedream, Level: 6, Rank: 1, Gender: Male, HP IV: 76(0%), ATK IV: 39(0%), DEF IV: 45(0%), Work Speed: (0%), Skills: Pyromaniac
Lamball, Level: 4, Rank: 1, Gender: Female, HP IV: 15(0%), ATK IV: 81(0%), DEF IV: 79(0%), Work Speed: (0%), Skills: Hard Skin
Xenovader, Level: 5, Rank: 1, Gender: Male, HP IV: 96(0%), ATK IV: 80(0%), DEF IV: 68(0%), Work Speed: (0%), Skills: Zen Mind, Slacker, Veil of Darkness
deaf blind autistic's 5 Pals
----------------------------
Cattiva, Level: 2, Rank: 1, Gender: Male, HP IV: 1(0%), ATK IV: 50(0%), DEF IV: 65(0%), Work Speed: (0%), Skills: Coward, Earthquake Resistant
Chikipi, Level: 2, Rank: 1, Gender: Male, HP IV: 1(0%), ATK IV: 61(0%), DEF IV: 82(0%), Work Speed: (0%), Skills: Clumsy
Daedream, Level: 6, Rank: 1, Gender: Male, HP IV: 76(0%), ATK IV: 39(0%), DEF IV: 45(0%), Work Speed: (0%), Skills: Pyromaniac
Lamball, Level: 4, Rank: 1, Gender: Female, HP IV: 15(0%), ATK IV: 81(0%), DEF IV: 79(0%), Work Speed: (0%), Skills: Hard Skin
Xenovader, Level: 5, Rank: 1, Gender: Male, HP IV: 96(0%), ATK IV: 80(0%), DEF IV: 68(0%), Work Speed: (0%), Skills: Zen Mind, Slacker, Veil of Darkness
deaf blind autistic's 5 Pals
----------------------------
Cattiva, Level: 2, Rank: 1, Gender: Male, HP IV: 1(0%), ATK IV: 50(0%), DEF IV: 65(0%), Work Speed: (0%), Skills: Coward, Earthquake Resistant
Chikipi, Level: 2, Rank: 1, Gender: Male, HP IV: 1(0%), ATK IV: 61(0%), DEF IV: 82(0%), Work Speed: (0%), Skills: Clumsy
Daedream, Level: 6, Rank: 1, Gender: Male, HP IV: 76(0%), ATK IV: 39(0%), DEF IV: 45(0%), Work Speed: (0%), Skills: Pyromaniac
Lamball, Level: 4, Rank: 1, Gender: Female, HP IV: 15(0%), ATK IV: 81(0%), DEF IV: 79(0%), Work Speed: (0%), Skills: Hard Skin
Xenovader, Level: 5, Rank: 1, Gender: Male, HP IV: 96(0%), ATK IV: 80(0%), DEF IV: 68(0%), Work Speed: (0%), Skills: Zen Mind, Slacker, Veil of Darkness
deaf blind autistic's 5 Pals
----------------------------
Cattiva, Level: 2, Rank: 1, Gender: Male, HP IV: 1(0%), ATK IV: 50(0%), DEF IV: 65(0%), Work Speed: (0%), Skills: Coward, Earthquake Resistant
Chikipi, Level: 2, Rank: 1, Gender: Male, HP IV: 1(0%), ATK IV: 61(0%), DEF IV: 82(0%), Work Speed: (0%), Skills: Clumsy
Daedream, Level: 6, Rank: 1, Gender: Male, HP IV: 76(0%), ATK IV: 39(0%), DEF IV: 45(0%), Work Speed: (0%), Skills: Pyromaniac
Lamball, Level: 4, Rank: 1, Gender: Female, HP IV: 15(0%), ATK IV: 81(0%), DEF IV: 79(0%), Work Speed: (0%), Skills: Hard Skin
Xenovader, Level: 5, Rank: 1, Gender: Male, HP IV: 96(0%), ATK IV: 80(0%), DEF IV: 68(0%), Work Speed: (0%), Skills: Zen Mind, Slacker, Veil of Darkness
deaf blind autistic's 5 Pals
----------------------------
Cattiva, Level: 2, Rank: 1, Gender: Male, HP IV: 1(0%), ATK IV: 50(0%), DEF IV: 65(0%), Work Speed: (0%), Skills: Coward, Earthquake Resistant
Chikipi, Level: 2, Rank: 1, Gender: Male, HP IV: 1(0%), ATK IV: 61(0%), DEF IV: 82(0%), Work Speed: (0%), Skills: Clumsy
Daedream, Level: 6, Rank: 1, Gender: Male, HP IV: 76(0%), ATK IV: 39(0%), DEF IV: 45(0%), Work Speed: (0%), Skills: Pyromaniac
Lamball, Level: 4, Rank: 1, Gender: Female, HP IV: 15(0%), ATK IV: 81(0%), DEF IV: 79(0%), Work Speed: (0%), Skills: Hard Skin
Xenovader, Level: 5, Rank: 1, Gender: Male, HP IV: 96(0%), ATK IV: 80(0%), DEF IV: 68(0%), Work Speed: (0%), Skills: Zen Mind, Slacker, Veil of Darkness
