Dionisis Greece's 9 Pals
------------------------
Chikipi, Level: 6, Rank: 1, Gender: Female, HP IV: 34(0%), ATK IV: 5(0%), DEF IV: 91(0%), Work Speed: (0%), Skills: Slacker, Fit as a Fiddle
Chikipi, Level: 6, Rank: 1, Gender: Male, HP IV: 33(0%), ATK IV: 84(0%), DEF IV: 94(0%), Work Speed: (0%), Skills: Logging Foreman
Cremis, Level: 6, Rank: 1, Gender: Female, HP IV: 19(0%), ATK IV: 68(0%), DEF IV: 52(0%), Work Speed: (0%), Skills: Cheery
Eikthyrdeer, Level: 9, Rank: 1, Gender: Male, HP IV: 84(0%), ATK IV: 76(0%), DEF IV: 99(0%), Work Speed: (0%), Skills: Work Slave
Gumoss, Level: 4, Rank: 1, Gender: Male, HP IV: 13(0%), ATK IV: 10(0%), DEF IV: 62(0%), Work Speed: (0%), Skills: Serious
Hoocrates, Level: 6, Rank: 1, Gender: Female, HP IV: 19(0%), ATK IV: 56(0%), DEF IV: 84(0%), Work Speed: (0%), Skills: Abnormal
Lamball, Level: 2, Rank: 1, Gender: Female, HP IV: 56(0%), ATK IV: 76(0%), DEF IV: 12(0%), Work Speed: (0%), Skills: Sickly
Pengullet, Level: 6, Rank: 1, Gender: Female, HP IV: 79(0%), ATK IV: 91(0%), DEF IV: 0(0%), Work Speed: (0%), Skills: Runner
Pengullet, Level: 6, Rank: 1, Gender: Female, HP IV: 91(0%), ATK IV: 85(0%), DEF IV: 59(0%), Work Speed: (0%), Skills: Hydromaniac
Dionisis Greece's 9 Pals
------------------------
Chikipi, Level: 6, Rank: 1, Gender: Female, HP IV: 34(0%), ATK IV: 5(0%), DEF IV: 91(0%), Work Speed: (0%), Skills: Slacker, Fit as a Fiddle
Chikipi, Level: 6, Rank: 1, Gender: Male, HP IV: 33(0%), ATK IV: 84(0%), DEF IV: 94(0%), Work Speed: (0%), Skills: Logging Foreman
Cremis, Level: 6, Rank: 1, Gender: Female, HP IV: 19(0%), ATK IV: 68(0%), DEF IV: 52(0%), Work Speed: (0%), Skills: Cheery
Eikthyrdeer, Level: 9, Rank: 1, Gender: Male, HP IV: 84(0%), ATK IV: 76(0%), DEF IV: 99(0%), Work Speed: (0%), Skills: Work Slave
Gumoss, Level: 4, Rank: 1, Gender: Male, HP IV: 13(0%), ATK IV: 10(0%), DEF IV: 62(0%), Work Speed: (0%), Skills: Serious
Hoocrates, Level: 6, Rank: 1, Gender: Female, HP IV: 19(0%), ATK IV: 56(0%), DEF IV: 84(0%), Work Speed: (0%), Skills: Abnormal
Lamball, Level: 2, Rank: 1, Gender: Female, HP IV: 56(0%), ATK IV: 76(0%), DEF IV: 12(0%), Work Speed: (0%), Skills: Sickly
Pengullet, Level: 6, Rank: 1, Gender: Female, HP IV: 79(0%), ATK IV: 91(0%), DEF IV: 0(0%), Work Speed: (0%), Skills: Runner
Pengullet, Level: 6, Rank: 1, Gender: Female, HP IV: 91(0%), ATK IV: 85(0%), DEF IV: 59(0%), Work Speed: (0%), Skills: Hydromaniac
Dionisis Greece's 9 Pals
------------------------
Chikipi, Level: 6, Rank: 1, Gender: Female, HP IV: 34(0%), ATK IV: 5(0%), DEF IV: 91(0%), Work Speed: (0%), Skills: Slacker, Fit as a Fiddle
Chikipi, Level: 6, Rank: 1, Gender: Male, HP IV: 33(0%), ATK IV: 84(0%), DEF IV: 94(0%), Work Speed: (0%), Skills: Logging Foreman
Cremis, Level: 6, Rank: 1, Gender: Female, HP IV: 19(0%), ATK IV: 68(0%), DEF IV: 52(0%), Work Speed: (0%), Skills: Cheery
Eikthyrdeer, Level: 9, Rank: 1, Gender: Male, HP IV: 84(0%), ATK IV: 76(0%), DEF IV: 99(0%), Work Speed: (0%), Skills: Work Slave
Gumoss, Level: 4, Rank: 1, Gender: Male, HP IV: 13(0%), ATK IV: 10(0%), DEF IV: 62(0%), Work Speed: (0%), Skills: Serious
Hoocrates, Level: 6, Rank: 1, Gender: Female, HP IV: 19(0%), ATK IV: 56(0%), DEF IV: 84(0%), Work Speed: (0%), Skills: Abnormal
Lamball, Level: 2, Rank: 1, Gender: Female, HP IV: 56(0%), ATK IV: 76(0%), DEF IV: 12(0%), Work Speed: (0%), Skills: Sickly
Pengullet, Level: 6, Rank: 1, Gender: Female, HP IV: 79(0%), ATK IV: 91(0%), DEF IV: 0(0%), Work Speed: (0%), Skills: Runner
Pengullet, Level: 6, Rank: 1, Gender: Female, HP IV: 91(0%), ATK IV: 85(0%), DEF IV: 59(0%), Work Speed: (0%), Skills: Hydromaniac
Dionisis Greece's 9 Pals
------------------------
Chikipi, Level: 6, Rank: 1, Gender: Female, HP IV: 34(0%), ATK IV: 5(0%), DEF IV: 91(0%), Work Speed: (0%), Skills: Slacker, Fit as a Fiddle
Chikipi, Level: 6, Rank: 1, Gender: Male, HP IV: 33(0%), ATK IV: 84(0%), DEF IV: 94(0%), Work Speed: (0%), Skills: Logging Foreman
Cremis, Level: 6, Rank: 1, Gender: Female, HP IV: 19(0%), ATK IV: 68(0%), DEF IV: 52(0%), Work Speed: (0%), Skills: Cheery
Eikthyrdeer, Level: 9, Rank: 1, Gender: Male, HP IV: 84(0%), ATK IV: 76(0%), DEF IV: 99(0%), Work Speed: (0%), Skills: Work Slave
Gumoss, Level: 4, Rank: 1, Gender: Male, HP IV: 13(0%), ATK IV: 10(0%), DEF IV: 62(0%), Work Speed: (0%), Skills: Serious
Hoocrates, Level: 6, Rank: 1, Gender: Female, HP IV: 19(0%), ATK IV: 56(0%), DEF IV: 84(0%), Work Speed: (0%), Skills: Abnormal
Lamball, Level: 2, Rank: 1, Gender: Female, HP IV: 56(0%), ATK IV: 76(0%), DEF IV: 12(0%), Work Speed: (0%), Skills: Sickly
Pengullet, Level: 6, Rank: 1, Gender: Female, HP IV: 79(0%), ATK IV: 91(0%), DEF IV: 0(0%), Work Speed: (0%), Skills: Runner
Pengullet, Level: 6, Rank: 1, Gender: Female, HP IV: 91(0%), ATK IV: 85(0%), DEF IV: 59(0%), Work Speed: (0%), Skills: Hydromaniac
Dionisis Greece's 9 Pals
------------------------
Chikipi, Level: 6, Rank: 1, Gender: Female, HP IV: 34(0%), ATK IV: 5(0%), DEF IV: 91(0%), Work Speed: (0%), Skills: Slacker, Fit as a Fiddle
Chikipi, Level: 6, Rank: 1, Gender: Male, HP IV: 33(0%), ATK IV: 84(0%), DEF IV: 94(0%), Work Speed: (0%), Skills: Logging Foreman
Cremis, Level: 6, Rank: 1, Gender: Female, HP IV: 19(0%), ATK IV: 68(0%), DEF IV: 52(0%), Work Speed: (0%), Skills: Cheery
Eikthyrdeer, Level: 9, Rank: 1, Gender: Male, HP IV: 84(0%), ATK IV: 76(0%), DEF IV: 99(0%), Work Speed: (0%), Skills: Work Slave
Gumoss, Level: 4, Rank: 1, Gender: Male, HP IV: 13(0%), ATK IV: 10(0%), DEF IV: 62(0%), Work Speed: (0%), Skills: Serious
Hoocrates, Level: 6, Rank: 1, Gender: Female, HP IV: 19(0%), ATK IV: 56(0%), DEF IV: 84(0%), Work Speed: (0%), Skills: Abnormal
Lamball, Level: 2, Rank: 1, Gender: Female, HP IV: 56(0%), ATK IV: 76(0%), DEF IV: 12(0%), Work Speed: (0%), Skills: Sickly
Pengullet, Level: 6, Rank: 1, Gender: Female, HP IV: 79(0%), ATK IV: 91(0%), DEF IV: 0(0%), Work Speed: (0%), Skills: Runner
Pengullet, Level: 6, Rank: 1, Gender: Female, HP IV: 91(0%), ATK IV: 85(0%), DEF IV: 59(0%), Work Speed: (0%), Skills: Hydromaniac
Dionisis Greece's 9 Pals
------------------------
Chikipi, Level: 6, Rank: 1, Gender: Female, HP IV: 34(0%), ATK IV: 5(0%), DEF IV: 91(0%), Work Speed: (0%), Skills: Slacker, Fit as a Fiddle
Chikipi, Level: 6, Rank: 1, Gender: Male, HP IV: 33(0%), ATK IV: 84(0%), DEF IV: 94(0%), Work Speed: (0%), Skills: Logging Foreman
Cremis, Level: 6, Rank: 1, Gender: Female, HP IV: 19(0%), ATK IV: 68(0%), DEF IV: 52(0%), Work Speed: (0%), Skills: Cheery
Eikthyrdeer, Level: 9, Rank: 1, Gender: Male, HP IV: 84(0%), ATK IV: 76(0%), DEF IV: 99(0%), Work Speed: (0%), Skills: Work Slave
Gumoss, Level: 4, Rank: 1, Gender: Male, HP IV: 13(0%), ATK IV: 10(0%), DEF IV: 62(0%), Work Speed: (0%), Skills: Serious
Hoocrates, Level: 6, Rank: 1, Gender: Female, HP IV: 19(0%), ATK IV: 56(0%), DEF IV: 84(0%), Work Speed: (0%), Skills: Abnormal
Lamball, Level: 2, Rank: 1, Gender: Female, HP IV: 56(0%), ATK IV: 76(0%), DEF IV: 12(0%), Work Speed: (0%), Skills: Sickly
Pengullet, Level: 6, Rank: 1, Gender: Female, HP IV: 79(0%), ATK IV: 91(0%), DEF IV: 0(0%), Work Speed: (0%), Skills: Runner
Pengullet, Level: 6, Rank: 1, Gender: Female, HP IV: 91(0%), ATK IV: 85(0%), DEF IV: 59(0%), Work Speed: (0%), Skills: Hydromaniac
Dionisis Greece's 9 Pals
------------------------
Chikipi, Level: 6, Rank: 1, Gender: Female, HP IV: 34(0%), ATK IV: 5(0%), DEF IV: 91(0%), Work Speed: (0%), Skills: Slacker, Fit as a Fiddle
Chikipi, Level: 6, Rank: 1, Gender: Male, HP IV: 33(0%), ATK IV: 84(0%), DEF IV: 94(0%), Work Speed: (0%), Skills: Logging Foreman
Cremis, Level: 6, Rank: 1, Gender: Female, HP IV: 19(0%), ATK IV: 68(0%), DEF IV: 52(0%), Work Speed: (0%), Skills: Cheery
Eikthyrdeer, Level: 9, Rank: 1, Gender: Male, HP IV: 84(0%), ATK IV: 76(0%), DEF IV: 99(0%), Work Speed: (0%), Skills: Work Slave
Gumoss, Level: 4, Rank: 1, Gender: Male, HP IV: 13(0%), ATK IV: 10(0%), DEF IV: 62(0%), Work Speed: (0%), Skills: Serious
Hoocrates, Level: 6, Rank: 1, Gender: Female, HP IV: 19(0%), ATK IV: 56(0%), DEF IV: 84(0%), Work Speed: (0%), Skills: Abnormal
Lamball, Level: 2, Rank: 1, Gender: Female, HP IV: 56(0%), ATK IV: 76(0%), DEF IV: 12(0%), Work Speed: (0%), Skills: Sickly
Pengullet, Level: 6, Rank: 1, Gender: Female, HP IV: 79(0%), ATK IV: 91(0%), DEF IV: 0(0%), Work Speed: (0%), Skills: Runner
Pengullet, Level: 6, Rank: 1, Gender: Female, HP IV: 91(0%), ATK IV: 85(0%), DEF IV: 59(0%), Work Speed: (0%), Skills: Hydromaniac
Dionisis Greece's 9 Pals
------------------------
Chikipi, Level: 6, Rank: 1, Gender: Female, HP IV: 34(0%), ATK IV: 5(0%), DEF IV: 91(0%), Work Speed: (0%), Skills: Slacker, Fit as a Fiddle
Chikipi, Level: 6, Rank: 1, Gender: Male, HP IV: 33(0%), ATK IV: 84(0%), DEF IV: 94(0%), Work Speed: (0%), Skills: Logging Foreman
Cremis, Level: 6, Rank: 1, Gender: Female, HP IV: 19(0%), ATK IV: 68(0%), DEF IV: 52(0%), Work Speed: (0%), Skills: Cheery
Eikthyrdeer, Level: 9, Rank: 1, Gender: Male, HP IV: 84(0%), ATK IV: 76(0%), DEF IV: 99(0%), Work Speed: (0%), Skills: Work Slave
Gumoss, Level: 4, Rank: 1, Gender: Male, HP IV: 13(0%), ATK IV: 10(0%), DEF IV: 62(0%), Work Speed: (0%), Skills: Serious
Hoocrates, Level: 6, Rank: 1, Gender: Female, HP IV: 19(0%), ATK IV: 56(0%), DEF IV: 84(0%), Work Speed: (0%), Skills: Abnormal
Lamball, Level: 2, Rank: 1, Gender: Female, HP IV: 56(0%), ATK IV: 76(0%), DEF IV: 12(0%), Work Speed: (0%), Skills: Sickly
Pengullet, Level: 6, Rank: 1, Gender: Female, HP IV: 79(0%), ATK IV: 91(0%), DEF IV: 0(0%), Work Speed: (0%), Skills: Runner
Pengullet, Level: 6, Rank: 1, Gender: Female, HP IV: 91(0%), ATK IV: 85(0%), DEF IV: 59(0%), Work Speed: (0%), Skills: Hydromaniac
Dionisis Greece's 9 Pals
------------------------
Chikipi, Level: 6, Rank: 1, Gender: Female, HP IV: 34(0%), ATK IV: 5(0%), DEF IV: 91(0%), Work Speed: (0%), Skills: Slacker, Fit as a Fiddle
Chikipi, Level: 6, Rank: 1, Gender: Male, HP IV: 33(0%), ATK IV: 84(0%), DEF IV: 94(0%), Work Speed: (0%), Skills: Logging Foreman
Cremis, Level: 6, Rank: 1, Gender: Female, HP IV: 19(0%), ATK IV: 68(0%), DEF IV: 52(0%), Work Speed: (0%), Skills: Cheery
Eikthyrdeer, Level: 9, Rank: 1, Gender: Male, HP IV: 84(0%), ATK IV: 76(0%), DEF IV: 99(0%), Work Speed: (0%), Skills: Work Slave
Gumoss, Level: 4, Rank: 1, Gender: Male, HP IV: 13(0%), ATK IV: 10(0%), DEF IV: 62(0%), Work Speed: (0%), Skills: Serious
Hoocrates, Level: 6, Rank: 1, Gender: Female, HP IV: 19(0%), ATK IV: 56(0%), DEF IV: 84(0%), Work Speed: (0%), Skills: Abnormal
Lamball, Level: 2, Rank: 1, Gender: Female, HP IV: 56(0%), ATK IV: 76(0%), DEF IV: 12(0%), Work Speed: (0%), Skills: Sickly
Pengullet, Level: 6, Rank: 1, Gender: Female, HP IV: 79(0%), ATK IV: 91(0%), DEF IV: 0(0%), Work Speed: (0%), Skills: Runner
Pengullet, Level: 6, Rank: 1, Gender: Female, HP IV: 91(0%), ATK IV: 85(0%), DEF IV: 59(0%), Work Speed: (0%), Skills: Hydromaniac
Dionisis Greece's 9 Pals
------------------------
Chikipi, Level: 6, Rank: 1, Gender: Female, HP IV: 34(0%), ATK IV: 5(0%), DEF IV: 91(0%), Work Speed: (0%), Skills: Slacker, Fit as a Fiddle
Chikipi, Level: 6, Rank: 1, Gender: Male, HP IV: 33(0%), ATK IV: 84(0%), DEF IV: 94(0%), Work Speed: (0%), Skills: Logging Foreman
Cremis, Level: 6, Rank: 1, Gender: Female, HP IV: 19(0%), ATK IV: 68(0%), DEF IV: 52(0%), Work Speed: (0%), Skills: Cheery
Eikthyrdeer, Level: 9, Rank: 1, Gender: Male, HP IV: 84(0%), ATK IV: 76(0%), DEF IV: 99(0%), Work Speed: (0%), Skills: Work Slave
Gumoss, Level: 4, Rank: 1, Gender: Male, HP IV: 13(0%), ATK IV: 10(0%), DEF IV: 62(0%), Work Speed: (0%), Skills: Serious
Hoocrates, Level: 6, Rank: 1, Gender: Female, HP IV: 19(0%), ATK IV: 56(0%), DEF IV: 84(0%), Work Speed: (0%), Skills: Abnormal
Lamball, Level: 2, Rank: 1, Gender: Female, HP IV: 56(0%), ATK IV: 76(0%), DEF IV: 12(0%), Work Speed: (0%), Skills: Sickly
Pengullet, Level: 6, Rank: 1, Gender: Female, HP IV: 79(0%), ATK IV: 91(0%), DEF IV: 0(0%), Work Speed: (0%), Skills: Runner
Pengullet, Level: 6, Rank: 1, Gender: Female, HP IV: 91(0%), ATK IV: 85(0%), DEF IV: 59(0%), Work Speed: (0%), Skills: Hydromaniac
Dionisis Greece's 9 Pals
------------------------
Chikipi, Level: 6, Rank: 1, Gender: Female, HP IV: 34(0%), ATK IV: 5(0%), DEF IV: 91(0%), Work Speed: (0%), Skills: Slacker, Fit as a Fiddle
Chikipi, Level: 6, Rank: 1, Gender: Male, HP IV: 33(0%), ATK IV: 84(0%), DEF IV: 94(0%), Work Speed: (0%), Skills: Logging Foreman
Cremis, Level: 6, Rank: 1, Gender: Female, HP IV: 19(0%), ATK IV: 68(0%), DEF IV: 52(0%), Work Speed: (0%), Skills: Cheery
Eikthyrdeer, Level: 9, Rank: 1, Gender: Male, HP IV: 84(0%), ATK IV: 76(0%), DEF IV: 99(0%), Work Speed: (0%), Skills: Work Slave
Gumoss, Level: 4, Rank: 1, Gender: Male, HP IV: 13(0%), ATK IV: 10(0%), DEF IV: 62(0%), Work Speed: (0%), Skills: Serious
Hoocrates, Level: 6, Rank: 1, Gender: Female, HP IV: 19(0%), ATK IV: 56(0%), DEF IV: 84(0%), Work Speed: (0%), Skills: Abnormal
Lamball, Level: 2, Rank: 1, Gender: Female, HP IV: 56(0%), ATK IV: 76(0%), DEF IV: 12(0%), Work Speed: (0%), Skills: Sickly
Pengullet, Level: 6, Rank: 1, Gender: Female, HP IV: 79(0%), ATK IV: 91(0%), DEF IV: 0(0%), Work Speed: (0%), Skills: Runner
Pengullet, Level: 6, Rank: 1, Gender: Female, HP IV: 91(0%), ATK IV: 85(0%), DEF IV: 59(0%), Work Speed: (0%), Skills: Hydromaniac
Dionisis Greece's 9 Pals
------------------------
Chikipi, Level: 6, Rank: 1, Gender: Female, HP IV: 34(0%), ATK IV: 5(0%), DEF IV: 91(0%), Work Speed: (0%), Skills: Slacker, Fit as a Fiddle
Chikipi, Level: 6, Rank: 1, Gender: Male, HP IV: 33(0%), ATK IV: 84(0%), DEF IV: 94(0%), Work Speed: (0%), Skills: Logging Foreman
Cremis, Level: 6, Rank: 1, Gender: Female, HP IV: 19(0%), ATK IV: 68(0%), DEF IV: 52(0%), Work Speed: (0%), Skills: Cheery
Eikthyrdeer, Level: 9, Rank: 1, Gender: Male, HP IV: 84(0%), ATK IV: 76(0%), DEF IV: 99(0%), Work Speed: (0%), Skills: Work Slave
Gumoss, Level: 4, Rank: 1, Gender: Male, HP IV: 13(0%), ATK IV: 10(0%), DEF IV: 62(0%), Work Speed: (0%), Skills: Serious
Hoocrates, Level: 6, Rank: 1, Gender: Female, HP IV: 19(0%), ATK IV: 56(0%), DEF IV: 84(0%), Work Speed: (0%), Skills: Abnormal
Lamball, Level: 2, Rank: 1, Gender: Female, HP IV: 56(0%), ATK IV: 76(0%), DEF IV: 12(0%), Work Speed: (0%), Skills: Sickly
Pengullet, Level: 6, Rank: 1, Gender: Female, HP IV: 79(0%), ATK IV: 91(0%), DEF IV: 0(0%), Work Speed: (0%), Skills: Runner
Pengullet, Level: 6, Rank: 1, Gender: Female, HP IV: 91(0%), ATK IV: 85(0%), DEF IV: 59(0%), Work Speed: (0%), Skills: Hydromaniac
Dionisis Greece's 9 Pals
------------------------
Chikipi, Level: 6, Rank: 1, Gender: Female, HP IV: 34(0%), ATK IV: 5(0%), DEF IV: 91(0%), Work Speed: (0%), Skills: Slacker, Fit as a Fiddle
Chikipi, Level: 6, Rank: 1, Gender: Male, HP IV: 33(0%), ATK IV: 84(0%), DEF IV: 94(0%), Work Speed: (0%), Skills: Logging Foreman
Cremis, Level: 6, Rank: 1, Gender: Female, HP IV: 19(0%), ATK IV: 68(0%), DEF IV: 52(0%), Work Speed: (0%), Skills: Cheery
Eikthyrdeer, Level: 9, Rank: 1, Gender: Male, HP IV: 84(0%), ATK IV: 76(0%), DEF IV: 99(0%), Work Speed: (0%), Skills: Work Slave
Gumoss, Level: 4, Rank: 1, Gender: Male, HP IV: 13(0%), ATK IV: 10(0%), DEF IV: 62(0%), Work Speed: (0%), Skills: Serious
Hoocrates, Level: 6, Rank: 1, Gender: Female, HP IV: 19(0%), ATK IV: 56(0%), DEF IV: 84(0%), Work Speed: (0%), Skills: Abnormal
Lamball, Level: 2, Rank: 1, Gender: Female, HP IV: 56(0%), ATK IV: 76(0%), DEF IV: 12(0%), Work Speed: (0%), Skills: Sickly
Pengullet, Level: 6, Rank: 1, Gender: Female, HP IV: 79(0%), ATK IV: 91(0%), DEF IV: 0(0%), Work Speed: (0%), Skills: Runner
Pengullet, Level: 6, Rank: 1, Gender: Female, HP IV: 91(0%), ATK IV: 85(0%), DEF IV: 59(0%), Work Speed: (0%), Skills: Hydromaniac
Dionisis Greece's 9 Pals
------------------------
Chikipi, Level: 6, Rank: 1, Gender: Female, HP IV: 34(0%), ATK IV: 5(0%), DEF IV: 91(0%), Work Speed: (0%), Skills: Slacker, Fit as a Fiddle
Chikipi, Level: 6, Rank: 1, Gender: Male, HP IV: 33(0%), ATK IV: 84(0%), DEF IV: 94(0%), Work Speed: (0%), Skills: Logging Foreman
Cremis, Level: 6, Rank: 1, Gender: Female, HP IV: 19(0%), ATK IV: 68(0%), DEF IV: 52(0%), Work Speed: (0%), Skills: Cheery
Eikthyrdeer, Level: 9, Rank: 1, Gender: Male, HP IV: 84(0%), ATK IV: 76(0%), DEF IV: 99(0%), Work Speed: (0%), Skills: Work Slave
Gumoss, Level: 4, Rank: 1, Gender: Male, HP IV: 13(0%), ATK IV: 10(0%), DEF IV: 62(0%), Work Speed: (0%), Skills: Serious
Hoocrates, Level: 6, Rank: 1, Gender: Female, HP IV: 19(0%), ATK IV: 56(0%), DEF IV: 84(0%), Work Speed: (0%), Skills: Abnormal
Lamball, Level: 2, Rank: 1, Gender: Female, HP IV: 56(0%), ATK IV: 76(0%), DEF IV: 12(0%), Work Speed: (0%), Skills: Sickly
Pengullet, Level: 6, Rank: 1, Gender: Female, HP IV: 79(0%), ATK IV: 91(0%), DEF IV: 0(0%), Work Speed: (0%), Skills: Runner
Pengullet, Level: 6, Rank: 1, Gender: Female, HP IV: 91(0%), ATK IV: 85(0%), DEF IV: 59(0%), Work Speed: (0%), Skills: Hydromaniac
