dmrduckone's 12 Pals
--------------------
Cattiva, Level: 4, Rank: 1, Gender: Female, HP IV: 7(0%), ATK IV: 41(0%), DEF IV: 60(0%), Work Speed: (0%), Skills: Coward, Hard Skin
Chikipi, Level: 7, Rank: 1, Gender: Male, HP IV: 23(0%), ATK IV: 18(0%), DEF IV: 79(0%), Work Speed: (0%), Skills: Coldblooded
Cremis, Level: 3, Rank: 1, Gender: Male, HP IV: 15(0%), ATK IV: 96(0%), DEF IV: 40(0%), Work Speed: (0%), Skills: Infinite Stamina
Direhowl, Level: 12, Rank: 1, Gender: Male, HP IV: 66(0%), ATK IV: 84(0%), DEF IV: 32(0%), Work Speed: (0%)
Eikthyrdeer, Level: 11, Rank: 1, Gender: Female, HP IV: 87(0%), ATK IV: 88(0%), DEF IV: 74(0%), Work Speed: (0%), Skills: Impatient
Foxparks, Level: 7, Rank: 1, Gender: Female, HP IV: 66(0%), ATK IV: 82(0%), DEF IV: 89(0%), Work Speed: (0%), Skills: Mine Foreman
Fuack, Level: 5, Rank: 1, Gender: Female, HP IV: 7(0%), ATK IV: 78(0%), DEF IV: 64(0%), Work Speed: (0%), Skills: Pyromaniac, Noble
Ribbuny, Level: 7, Rank: 1, Gender: Male, HP IV: 73(0%), ATK IV: 27(0%), DEF IV: 26(0%), Work Speed: (0%), Skills: Infinite Stamina, Burly Body
Rooby, Level: 4, Rank: 1, Gender: Female, HP IV: 44(0%), ATK IV: 77(0%), DEF IV: 56(0%), Work Speed: (0%), Skills: Capacitor
Tanzee, Level: 5, Rank: 1, Gender: Female, HP IV: 65(0%), ATK IV: 12(0%), DEF IV: 17(0%), Work Speed: (0%), Skills: Nocturnal
Tanzee, Level: 6, Rank: 1, Gender: Female, HP IV: 100(0%), ATK IV: 93(0%), DEF IV: 76(0%), Work Speed: (0%), Skills: Swift
Tombat, Level: 11, Rank: 1, Gender: Female, HP IV: 16(0%), ATK IV: 92(0%), DEF IV: 7(0%), Work Speed: (0%), Skills: Coward
dmrduckone's 12 Pals
--------------------
Cattiva, Level: 4, Rank: 1, Gender: Female, HP IV: 7(0%), ATK IV: 41(0%), DEF IV: 60(0%), Work Speed: (0%), Skills: Coward, Hard Skin
Chikipi, Level: 7, Rank: 1, Gender: Male, HP IV: 23(0%), ATK IV: 18(0%), DEF IV: 79(0%), Work Speed: (0%), Skills: Coldblooded
Cremis, Level: 3, Rank: 1, Gender: Male, HP IV: 15(0%), ATK IV: 96(0%), DEF IV: 40(0%), Work Speed: (0%), Skills: Infinite Stamina
Direhowl, Level: 12, Rank: 1, Gender: Male, HP IV: 66(0%), ATK IV: 84(0%), DEF IV: 32(0%), Work Speed: (0%)
Eikthyrdeer, Level: 11, Rank: 1, Gender: Female, HP IV: 87(0%), ATK IV: 88(0%), DEF IV: 74(0%), Work Speed: (0%), Skills: Impatient
Foxparks, Level: 7, Rank: 1, Gender: Female, HP IV: 66(0%), ATK IV: 82(0%), DEF IV: 89(0%), Work Speed: (0%), Skills: Mine Foreman
Fuack, Level: 5, Rank: 1, Gender: Female, HP IV: 7(0%), ATK IV: 78(0%), DEF IV: 64(0%), Work Speed: (0%), Skills: Pyromaniac, Noble
Ribbuny, Level: 7, Rank: 1, Gender: Male, HP IV: 73(0%), ATK IV: 27(0%), DEF IV: 26(0%), Work Speed: (0%), Skills: Infinite Stamina, Burly Body
Rooby, Level: 4, Rank: 1, Gender: Female, HP IV: 44(0%), ATK IV: 77(0%), DEF IV: 56(0%), Work Speed: (0%), Skills: Capacitor
Tanzee, Level: 5, Rank: 1, Gender: Female, HP IV: 65(0%), ATK IV: 12(0%), DEF IV: 17(0%), Work Speed: (0%), Skills: Nocturnal
Tanzee, Level: 6, Rank: 1, Gender: Female, HP IV: 100(0%), ATK IV: 93(0%), DEF IV: 76(0%), Work Speed: (0%), Skills: Swift
Tombat, Level: 11, Rank: 1, Gender: Female, HP IV: 16(0%), ATK IV: 92(0%), DEF IV: 7(0%), Work Speed: (0%), Skills: Coward
dmrduckone's 12 Pals
--------------------
Cattiva, Level: 4, Rank: 1, Gender: Female, HP IV: 7(0%), ATK IV: 41(0%), DEF IV: 60(0%), Work Speed: (0%), Skills: Coward, Hard Skin
Chikipi, Level: 7, Rank: 1, Gender: Male, HP IV: 23(0%), ATK IV: 18(0%), DEF IV: 79(0%), Work Speed: (0%), Skills: Coldblooded
Cremis, Level: 3, Rank: 1, Gender: Male, HP IV: 15(0%), ATK IV: 96(0%), DEF IV: 40(0%), Work Speed: (0%), Skills: Infinite Stamina
Direhowl, Level: 12, Rank: 1, Gender: Male, HP IV: 66(0%), ATK IV: 84(0%), DEF IV: 32(0%), Work Speed: (0%)
Eikthyrdeer, Level: 11, Rank: 1, Gender: Female, HP IV: 87(0%), ATK IV: 88(0%), DEF IV: 74(0%), Work Speed: (0%), Skills: Impatient
Foxparks, Level: 7, Rank: 1, Gender: Female, HP IV: 66(0%), ATK IV: 82(0%), DEF IV: 89(0%), Work Speed: (0%), Skills: Mine Foreman
Fuack, Level: 5, Rank: 1, Gender: Female, HP IV: 7(0%), ATK IV: 78(0%), DEF IV: 64(0%), Work Speed: (0%), Skills: Pyromaniac, Noble
Ribbuny, Level: 7, Rank: 1, Gender: Male, HP IV: 73(0%), ATK IV: 27(0%), DEF IV: 26(0%), Work Speed: (0%), Skills: Infinite Stamina, Burly Body
Rooby, Level: 4, Rank: 1, Gender: Female, HP IV: 44(0%), ATK IV: 77(0%), DEF IV: 56(0%), Work Speed: (0%), Skills: Capacitor
Tanzee, Level: 5, Rank: 1, Gender: Female, HP IV: 65(0%), ATK IV: 12(0%), DEF IV: 17(0%), Work Speed: (0%), Skills: Nocturnal
Tanzee, Level: 6, Rank: 1, Gender: Female, HP IV: 100(0%), ATK IV: 93(0%), DEF IV: 76(0%), Work Speed: (0%), Skills: Swift
Tombat, Level: 11, Rank: 1, Gender: Female, HP IV: 16(0%), ATK IV: 92(0%), DEF IV: 7(0%), Work Speed: (0%), Skills: Coward
dmrduckone's 12 Pals
--------------------
Cattiva, Level: 4, Rank: 1, Gender: Female, HP IV: 7(0%), ATK IV: 41(0%), DEF IV: 60(0%), Work Speed: (0%), Skills: Coward, Hard Skin
Chikipi, Level: 7, Rank: 1, Gender: Male, HP IV: 23(0%), ATK IV: 18(0%), DEF IV: 79(0%), Work Speed: (0%), Skills: Coldblooded
Cremis, Level: 3, Rank: 1, Gender: Male, HP IV: 15(0%), ATK IV: 96(0%), DEF IV: 40(0%), Work Speed: (0%), Skills: Infinite Stamina
Direhowl, Level: 12, Rank: 1, Gender: Male, HP IV: 66(0%), ATK IV: 84(0%), DEF IV: 32(0%), Work Speed: (0%)
Eikthyrdeer, Level: 11, Rank: 1, Gender: Female, HP IV: 87(0%), ATK IV: 88(0%), DEF IV: 74(0%), Work Speed: (0%), Skills: Impatient
Foxparks, Level: 7, Rank: 1, Gender: Female, HP IV: 66(0%), ATK IV: 82(0%), DEF IV: 89(0%), Work Speed: (0%), Skills: Mine Foreman
Fuack, Level: 5, Rank: 1, Gender: Female, HP IV: 7(0%), ATK IV: 78(0%), DEF IV: 64(0%), Work Speed: (0%), Skills: Pyromaniac, Noble
Ribbuny, Level: 7, Rank: 1, Gender: Male, HP IV: 73(0%), ATK IV: 27(0%), DEF IV: 26(0%), Work Speed: (0%), Skills: Infinite Stamina, Burly Body
Rooby, Level: 4, Rank: 1, Gender: Female, HP IV: 44(0%), ATK IV: 77(0%), DEF IV: 56(0%), Work Speed: (0%), Skills: Capacitor
Tanzee, Level: 5, Rank: 1, Gender: Female, HP IV: 65(0%), ATK IV: 12(0%), DEF IV: 17(0%), Work Speed: (0%), Skills: Nocturnal
Tanzee, Level: 6, Rank: 1, Gender: Female, HP IV: 100(0%), ATK IV: 93(0%), DEF IV: 76(0%), Work Speed: (0%), Skills: Swift
Tombat, Level: 11, Rank: 1, Gender: Female, HP IV: 16(0%), ATK IV: 92(0%), DEF IV: 7(0%), Work Speed: (0%), Skills: Coward
dmrduckone's 12 Pals
--------------------
Cattiva, Level: 4, Rank: 1, Gender: Female, HP IV: 7(0%), ATK IV: 41(0%), DEF IV: 60(0%), Work Speed: (0%), Skills: Coward, Hard Skin
Chikipi, Level: 7, Rank: 1, Gender: Male, HP IV: 23(0%), ATK IV: 18(0%), DEF IV: 79(0%), Work Speed: (0%), Skills: Coldblooded
Cremis, Level: 3, Rank: 1, Gender: Male, HP IV: 15(0%), ATK IV: 96(0%), DEF IV: 40(0%), Work Speed: (0%), Skills: Infinite Stamina
Direhowl, Level: 12, Rank: 1, Gender: Male, HP IV: 66(0%), ATK IV: 84(0%), DEF IV: 32(0%), Work Speed: (0%)
Eikthyrdeer, Level: 11, Rank: 1, Gender: Female, HP IV: 87(0%), ATK IV: 88(0%), DEF IV: 74(0%), Work Speed: (0%), Skills: Impatient
Foxparks, Level: 7, Rank: 1, Gender: Female, HP IV: 66(0%), ATK IV: 82(0%), DEF IV: 89(0%), Work Speed: (0%), Skills: Mine Foreman
Fuack, Level: 5, Rank: 1, Gender: Female, HP IV: 7(0%), ATK IV: 78(0%), DEF IV: 64(0%), Work Speed: (0%), Skills: Pyromaniac, Noble
Ribbuny, Level: 7, Rank: 1, Gender: Male, HP IV: 73(0%), ATK IV: 27(0%), DEF IV: 26(0%), Work Speed: (0%), Skills: Infinite Stamina, Burly Body
Rooby, Level: 4, Rank: 1, Gender: Female, HP IV: 44(0%), ATK IV: 77(0%), DEF IV: 56(0%), Work Speed: (0%), Skills: Capacitor
Tanzee, Level: 5, Rank: 1, Gender: Female, HP IV: 65(0%), ATK IV: 12(0%), DEF IV: 17(0%), Work Speed: (0%), Skills: Nocturnal
Tanzee, Level: 6, Rank: 1, Gender: Female, HP IV: 100(0%), ATK IV: 93(0%), DEF IV: 76(0%), Work Speed: (0%), Skills: Swift
Tombat, Level: 11, Rank: 1, Gender: Female, HP IV: 16(0%), ATK IV: 92(0%), DEF IV: 7(0%), Work Speed: (0%), Skills: Coward
dmrduckone's 12 Pals
--------------------
Cattiva, Level: 4, Rank: 1, Gender: Female, HP IV: 7(0%), ATK IV: 41(0%), DEF IV: 60(0%), Work Speed: (0%), Skills: Coward, Hard Skin
Chikipi, Level: 7, Rank: 1, Gender: Male, HP IV: 23(0%), ATK IV: 18(0%), DEF IV: 79(0%), Work Speed: (0%), Skills: Coldblooded
Cremis, Level: 3, Rank: 1, Gender: Male, HP IV: 15(0%), ATK IV: 96(0%), DEF IV: 40(0%), Work Speed: (0%), Skills: Infinite Stamina
Direhowl, Level: 12, Rank: 1, Gender: Male, HP IV: 66(0%), ATK IV: 84(0%), DEF IV: 32(0%), Work Speed: (0%)
Eikthyrdeer, Level: 11, Rank: 1, Gender: Female, HP IV: 87(0%), ATK IV: 88(0%), DEF IV: 74(0%), Work Speed: (0%), Skills: Impatient
Foxparks, Level: 7, Rank: 1, Gender: Female, HP IV: 66(0%), ATK IV: 82(0%), DEF IV: 89(0%), Work Speed: (0%), Skills: Mine Foreman
Fuack, Level: 5, Rank: 1, Gender: Female, HP IV: 7(0%), ATK IV: 78(0%), DEF IV: 64(0%), Work Speed: (0%), Skills: Pyromaniac, Noble
Ribbuny, Level: 7, Rank: 1, Gender: Male, HP IV: 73(0%), ATK IV: 27(0%), DEF IV: 26(0%), Work Speed: (0%), Skills: Infinite Stamina, Burly Body
Rooby, Level: 4, Rank: 1, Gender: Female, HP IV: 44(0%), ATK IV: 77(0%), DEF IV: 56(0%), Work Speed: (0%), Skills: Capacitor
Tanzee, Level: 5, Rank: 1, Gender: Female, HP IV: 65(0%), ATK IV: 12(0%), DEF IV: 17(0%), Work Speed: (0%), Skills: Nocturnal
Tanzee, Level: 6, Rank: 1, Gender: Female, HP IV: 100(0%), ATK IV: 93(0%), DEF IV: 76(0%), Work Speed: (0%), Skills: Swift
Tombat, Level: 11, Rank: 1, Gender: Female, HP IV: 16(0%), ATK IV: 92(0%), DEF IV: 7(0%), Work Speed: (0%), Skills: Coward
dmrduckone's 12 Pals
--------------------
Cattiva, Level: 4, Rank: 1, Gender: Female, HP IV: 7(0%), ATK IV: 41(0%), DEF IV: 60(0%), Work Speed: (0%), Skills: Coward, Hard Skin
Chikipi, Level: 7, Rank: 1, Gender: Male, HP IV: 23(0%), ATK IV: 18(0%), DEF IV: 79(0%), Work Speed: (0%), Skills: Coldblooded
Cremis, Level: 3, Rank: 1, Gender: Male, HP IV: 15(0%), ATK IV: 96(0%), DEF IV: 40(0%), Work Speed: (0%), Skills: Infinite Stamina
Direhowl, Level: 12, Rank: 1, Gender: Male, HP IV: 66(0%), ATK IV: 84(0%), DEF IV: 32(0%), Work Speed: (0%)
Eikthyrdeer, Level: 11, Rank: 1, Gender: Female, HP IV: 87(0%), ATK IV: 88(0%), DEF IV: 74(0%), Work Speed: (0%), Skills: Impatient
Foxparks, Level: 7, Rank: 1, Gender: Female, HP IV: 66(0%), ATK IV: 82(0%), DEF IV: 89(0%), Work Speed: (0%), Skills: Mine Foreman
Fuack, Level: 5, Rank: 1, Gender: Female, HP IV: 7(0%), ATK IV: 78(0%), DEF IV: 64(0%), Work Speed: (0%), Skills: Pyromaniac, Noble
Ribbuny, Level: 7, Rank: 1, Gender: Male, HP IV: 73(0%), ATK IV: 27(0%), DEF IV: 26(0%), Work Speed: (0%), Skills: Infinite Stamina, Burly Body
Rooby, Level: 4, Rank: 1, Gender: Female, HP IV: 44(0%), ATK IV: 77(0%), DEF IV: 56(0%), Work Speed: (0%), Skills: Capacitor
Tanzee, Level: 5, Rank: 1, Gender: Female, HP IV: 65(0%), ATK IV: 12(0%), DEF IV: 17(0%), Work Speed: (0%), Skills: Nocturnal
Tanzee, Level: 6, Rank: 1, Gender: Female, HP IV: 100(0%), ATK IV: 93(0%), DEF IV: 76(0%), Work Speed: (0%), Skills: Swift
Tombat, Level: 11, Rank: 1, Gender: Female, HP IV: 16(0%), ATK IV: 92(0%), DEF IV: 7(0%), Work Speed: (0%), Skills: Coward
