Etumalam's 17 Pals
------------------
Alpha Chillet, Level: 11, Rank: 1, Gender: Male, HP IV: 63(0%), ATK IV: 76(0%), DEF IV: 51(0%), Work Speed: (0%), Skills: Easygoing
Arsox, Level: 11, Rank: 1, Gender: Female, HP IV: 97(0%), ATK IV: 86(0%), DEF IV: 91(0%), Work Speed: (0%), Skills: Noble
Cattiva, Level: 10, Rank: 1, Gender: Male, HP IV: 10(0%), ATK IV: 90(0%), DEF IV: 86(0%), Work Speed: (0%), Skills: Coward, Dainty Eater
Cattiva, Level: 11, Rank: 1, Gender: Male, HP IV: 21(0%), ATK IV: 65(0%), DEF IV: 27(0%), Work Speed: (0%), Skills: Coward, Artisan
Cattiva, Level: 7, Rank: 1, Gender: Female, HP IV: 77(0%), ATK IV: 92(0%), DEF IV: 60(0%), Work Speed: (0%), Skills: Coward, Stronghold Strategist, Hard Skin, Insulated Body
Cattiva, Level: 8, Rank: 1, Gender: Female, HP IV: 52(0%), ATK IV: 44(0%), DEF IV: 86(0%), Work Speed: (0%), Skills: Coward, Serious, Vanguard
Chikipi, Level: 1, Rank: 1, Gender: Female, HP IV: 82(0%), ATK IV: 40(0%), DEF IV: 15(0%), Work Speed: (0%), Skills: Clumsy
Chikipi, Level: 2, Rank: 1, Gender: Male, HP IV: 46(0%), ATK IV: 32(0%), DEF IV: 6(0%), Work Speed: (0%), Skills: Logging Foreman
Chikipi, Level: 8, Rank: 1, Gender: Male, HP IV: 20(0%), ATK IV: 89(0%), DEF IV: 51(0%), Work Speed: (0%), Skills: Botanical Barrier, Dainty Eater, Serenity
Chikipi, Level: 8, Rank: 1, Gender: Male, HP IV: 32(0%), ATK IV: 20(0%), DEF IV: 78(0%), Work Speed: (0%), Skills: Nocturnal
Cremis, Level: 3, Rank: 1, Gender: Male, HP IV: 76(0%), ATK IV: 16(0%), DEF IV: 87(0%), Work Speed: (0%), Skills: Runner
Galeclaw, Level: 8, Rank: 1, Gender: Female, HP IV: 36(0%), ATK IV: 73(0%), DEF IV: 4(0%), Work Speed: (0%), Skills: Mine Foreman, Pyromaniac
Jolthog, Level: 3, Rank: 1, Gender: Male, HP IV: 78(0%), ATK IV: 100(0%), DEF IV: 98(0%), Work Speed: (0%), Skills: Positive Thinker
Lamball, Level: 10, Rank: 1, Gender: Female, HP IV: 74(0%), ATK IV: 19(0%), DEF IV: 27(0%), Work Speed: (0%), Skills: Ferocious
Lamball, Level: 10, Rank: 1, Gender: Male, HP IV: 72(0%), ATK IV: 72(0%), DEF IV: 31(0%), Work Speed: (0%), Skills: Diet Lover
Lamball, Level: 3, Rank: 1, Gender: Male, HP IV: 7(0%), ATK IV: 41(0%), DEF IV: 5(0%), Work Speed: (0%), Skills: Coldblooded
Teafant, Level: 4, Rank: 1, Gender: Female, HP IV: 85(0%), ATK IV: 88(0%), DEF IV: 20(0%), Work Speed: (0%), Skills: Mercy hit
Etumalam's 17 Pals
------------------
Alpha Chillet, Level: 11, Rank: 1, Gender: Male, HP IV: 63(0%), ATK IV: 76(0%), DEF IV: 51(0%), Work Speed: (0%), Skills: Easygoing
Arsox, Level: 11, Rank: 1, Gender: Female, HP IV: 97(0%), ATK IV: 86(0%), DEF IV: 91(0%), Work Speed: (0%), Skills: Noble
Cattiva, Level: 10, Rank: 1, Gender: Male, HP IV: 10(0%), ATK IV: 90(0%), DEF IV: 86(0%), Work Speed: (0%), Skills: Coward, Dainty Eater
Cattiva, Level: 11, Rank: 1, Gender: Male, HP IV: 21(0%), ATK IV: 65(0%), DEF IV: 27(0%), Work Speed: (0%), Skills: Coward, Artisan
Cattiva, Level: 7, Rank: 1, Gender: Female, HP IV: 77(0%), ATK IV: 92(0%), DEF IV: 60(0%), Work Speed: (0%), Skills: Coward, Stronghold Strategist, Hard Skin, Insulated Body
Cattiva, Level: 8, Rank: 1, Gender: Female, HP IV: 52(0%), ATK IV: 44(0%), DEF IV: 86(0%), Work Speed: (0%), Skills: Coward, Serious, Vanguard
Chikipi, Level: 1, Rank: 1, Gender: Female, HP IV: 82(0%), ATK IV: 40(0%), DEF IV: 15(0%), Work Speed: (0%), Skills: Clumsy
Chikipi, Level: 2, Rank: 1, Gender: Male, HP IV: 46(0%), ATK IV: 32(0%), DEF IV: 6(0%), Work Speed: (0%), Skills: Logging Foreman
Chikipi, Level: 8, Rank: 1, Gender: Male, HP IV: 20(0%), ATK IV: 89(0%), DEF IV: 51(0%), Work Speed: (0%), Skills: Botanical Barrier, Dainty Eater, Serenity
Chikipi, Level: 8, Rank: 1, Gender: Male, HP IV: 32(0%), ATK IV: 20(0%), DEF IV: 78(0%), Work Speed: (0%), Skills: Nocturnal
Cremis, Level: 3, Rank: 1, Gender: Male, HP IV: 76(0%), ATK IV: 16(0%), DEF IV: 87(0%), Work Speed: (0%), Skills: Runner
Galeclaw, Level: 8, Rank: 1, Gender: Female, HP IV: 36(0%), ATK IV: 73(0%), DEF IV: 4(0%), Work Speed: (0%), Skills: Mine Foreman, Pyromaniac
Jolthog, Level: 3, Rank: 1, Gender: Male, HP IV: 78(0%), ATK IV: 100(0%), DEF IV: 98(0%), Work Speed: (0%), Skills: Positive Thinker
Lamball, Level: 10, Rank: 1, Gender: Female, HP IV: 74(0%), ATK IV: 19(0%), DEF IV: 27(0%), Work Speed: (0%), Skills: Ferocious
Lamball, Level: 10, Rank: 1, Gender: Male, HP IV: 72(0%), ATK IV: 72(0%), DEF IV: 31(0%), Work Speed: (0%), Skills: Diet Lover
Lamball, Level: 3, Rank: 1, Gender: Male, HP IV: 7(0%), ATK IV: 41(0%), DEF IV: 5(0%), Work Speed: (0%), Skills: Coldblooded
Teafant, Level: 4, Rank: 1, Gender: Female, HP IV: 85(0%), ATK IV: 88(0%), DEF IV: 20(0%), Work Speed: (0%), Skills: Mercy hit
Etumalam's 17 Pals
------------------
Alpha Chillet, Level: 11, Rank: 1, Gender: Male, HP IV: 63(0%), ATK IV: 76(0%), DEF IV: 51(0%), Work Speed: (0%), Skills: Easygoing
Arsox, Level: 11, Rank: 1, Gender: Female, HP IV: 97(0%), ATK IV: 86(0%), DEF IV: 91(0%), Work Speed: (0%), Skills: Noble
Cattiva, Level: 10, Rank: 1, Gender: Male, HP IV: 10(0%), ATK IV: 90(0%), DEF IV: 86(0%), Work Speed: (0%), Skills: Coward, Dainty Eater
Cattiva, Level: 11, Rank: 1, Gender: Male, HP IV: 21(0%), ATK IV: 65(0%), DEF IV: 27(0%), Work Speed: (0%), Skills: Coward, Artisan
Cattiva, Level: 7, Rank: 1, Gender: Female, HP IV: 77(0%), ATK IV: 92(0%), DEF IV: 60(0%), Work Speed: (0%), Skills: Coward, Stronghold Strategist, Hard Skin, Insulated Body
Cattiva, Level: 8, Rank: 1, Gender: Female, HP IV: 52(0%), ATK IV: 44(0%), DEF IV: 86(0%), Work Speed: (0%), Skills: Coward, Serious, Vanguard
Chikipi, Level: 1, Rank: 1, Gender: Female, HP IV: 82(0%), ATK IV: 40(0%), DEF IV: 15(0%), Work Speed: (0%), Skills: Clumsy
Chikipi, Level: 2, Rank: 1, Gender: Male, HP IV: 46(0%), ATK IV: 32(0%), DEF IV: 6(0%), Work Speed: (0%), Skills: Logging Foreman
Chikipi, Level: 8, Rank: 1, Gender: Male, HP IV: 20(0%), ATK IV: 89(0%), DEF IV: 51(0%), Work Speed: (0%), Skills: Botanical Barrier, Dainty Eater, Serenity
Chikipi, Level: 8, Rank: 1, Gender: Male, HP IV: 32(0%), ATK IV: 20(0%), DEF IV: 78(0%), Work Speed: (0%), Skills: Nocturnal
Cremis, Level: 3, Rank: 1, Gender: Male, HP IV: 76(0%), ATK IV: 16(0%), DEF IV: 87(0%), Work Speed: (0%), Skills: Runner
Galeclaw, Level: 8, Rank: 1, Gender: Female, HP IV: 36(0%), ATK IV: 73(0%), DEF IV: 4(0%), Work Speed: (0%), Skills: Mine Foreman, Pyromaniac
Jolthog, Level: 3, Rank: 1, Gender: Male, HP IV: 78(0%), ATK IV: 100(0%), DEF IV: 98(0%), Work Speed: (0%), Skills: Positive Thinker
Lamball, Level: 10, Rank: 1, Gender: Female, HP IV: 74(0%), ATK IV: 19(0%), DEF IV: 27(0%), Work Speed: (0%), Skills: Ferocious
Lamball, Level: 10, Rank: 1, Gender: Male, HP IV: 72(0%), ATK IV: 72(0%), DEF IV: 31(0%), Work Speed: (0%), Skills: Diet Lover
Lamball, Level: 3, Rank: 1, Gender: Male, HP IV: 7(0%), ATK IV: 41(0%), DEF IV: 5(0%), Work Speed: (0%), Skills: Coldblooded
Teafant, Level: 4, Rank: 1, Gender: Female, HP IV: 85(0%), ATK IV: 88(0%), DEF IV: 20(0%), Work Speed: (0%), Skills: Mercy hit
Etumalam's 17 Pals
------------------
Alpha Chillet, Level: 11, Rank: 1, Gender: Male, HP IV: 63(0%), ATK IV: 76(0%), DEF IV: 51(0%), Work Speed: (0%), Skills: Easygoing
Arsox, Level: 11, Rank: 1, Gender: Female, HP IV: 97(0%), ATK IV: 86(0%), DEF IV: 91(0%), Work Speed: (0%), Skills: Noble
Cattiva, Level: 10, Rank: 1, Gender: Male, HP IV: 10(0%), ATK IV: 90(0%), DEF IV: 86(0%), Work Speed: (0%), Skills: Coward, Dainty Eater
Cattiva, Level: 11, Rank: 1, Gender: Male, HP IV: 21(0%), ATK IV: 65(0%), DEF IV: 27(0%), Work Speed: (0%), Skills: Coward, Artisan
Cattiva, Level: 7, Rank: 1, Gender: Female, HP IV: 77(0%), ATK IV: 92(0%), DEF IV: 60(0%), Work Speed: (0%), Skills: Coward, Stronghold Strategist, Hard Skin, Insulated Body
Cattiva, Level: 8, Rank: 1, Gender: Female, HP IV: 52(0%), ATK IV: 44(0%), DEF IV: 86(0%), Work Speed: (0%), Skills: Coward, Serious, Vanguard
Chikipi, Level: 1, Rank: 1, Gender: Female, HP IV: 82(0%), ATK IV: 40(0%), DEF IV: 15(0%), Work Speed: (0%), Skills: Clumsy
Chikipi, Level: 2, Rank: 1, Gender: Male, HP IV: 46(0%), ATK IV: 32(0%), DEF IV: 6(0%), Work Speed: (0%), Skills: Logging Foreman
Chikipi, Level: 8, Rank: 1, Gender: Male, HP IV: 20(0%), ATK IV: 89(0%), DEF IV: 51(0%), Work Speed: (0%), Skills: Botanical Barrier, Dainty Eater, Serenity
Chikipi, Level: 8, Rank: 1, Gender: Male, HP IV: 32(0%), ATK IV: 20(0%), DEF IV: 78(0%), Work Speed: (0%), Skills: Nocturnal
Cremis, Level: 3, Rank: 1, Gender: Male, HP IV: 76(0%), ATK IV: 16(0%), DEF IV: 87(0%), Work Speed: (0%), Skills: Runner
Galeclaw, Level: 8, Rank: 1, Gender: Female, HP IV: 36(0%), ATK IV: 73(0%), DEF IV: 4(0%), Work Speed: (0%), Skills: Mine Foreman, Pyromaniac
Jolthog, Level: 3, Rank: 1, Gender: Male, HP IV: 78(0%), ATK IV: 100(0%), DEF IV: 98(0%), Work Speed: (0%), Skills: Positive Thinker
Lamball, Level: 10, Rank: 1, Gender: Female, HP IV: 74(0%), ATK IV: 19(0%), DEF IV: 27(0%), Work Speed: (0%), Skills: Ferocious
Lamball, Level: 10, Rank: 1, Gender: Male, HP IV: 72(0%), ATK IV: 72(0%), DEF IV: 31(0%), Work Speed: (0%), Skills: Diet Lover
Lamball, Level: 3, Rank: 1, Gender: Male, HP IV: 7(0%), ATK IV: 41(0%), DEF IV: 5(0%), Work Speed: (0%), Skills: Coldblooded
Teafant, Level: 4, Rank: 1, Gender: Female, HP IV: 85(0%), ATK IV: 88(0%), DEF IV: 20(0%), Work Speed: (0%), Skills: Mercy hit
Etumalam's 17 Pals
------------------
Alpha Chillet, Level: 11, Rank: 1, Gender: Male, HP IV: 63(0%), ATK IV: 76(0%), DEF IV: 51(0%), Work Speed: (0%), Skills: Easygoing
Arsox, Level: 11, Rank: 1, Gender: Female, HP IV: 97(0%), ATK IV: 86(0%), DEF IV: 91(0%), Work Speed: (0%), Skills: Noble
Cattiva, Level: 10, Rank: 1, Gender: Male, HP IV: 10(0%), ATK IV: 90(0%), DEF IV: 86(0%), Work Speed: (0%), Skills: Coward, Dainty Eater
Cattiva, Level: 11, Rank: 1, Gender: Male, HP IV: 21(0%), ATK IV: 65(0%), DEF IV: 27(0%), Work Speed: (0%), Skills: Coward, Artisan
Cattiva, Level: 7, Rank: 1, Gender: Female, HP IV: 77(0%), ATK IV: 92(0%), DEF IV: 60(0%), Work Speed: (0%), Skills: Coward, Stronghold Strategist, Hard Skin, Insulated Body
Cattiva, Level: 8, Rank: 1, Gender: Female, HP IV: 52(0%), ATK IV: 44(0%), DEF IV: 86(0%), Work Speed: (0%), Skills: Coward, Serious, Vanguard
Chikipi, Level: 1, Rank: 1, Gender: Female, HP IV: 82(0%), ATK IV: 40(0%), DEF IV: 15(0%), Work Speed: (0%), Skills: Clumsy
Chikipi, Level: 2, Rank: 1, Gender: Male, HP IV: 46(0%), ATK IV: 32(0%), DEF IV: 6(0%), Work Speed: (0%), Skills: Logging Foreman
Chikipi, Level: 8, Rank: 1, Gender: Male, HP IV: 20(0%), ATK IV: 89(0%), DEF IV: 51(0%), Work Speed: (0%), Skills: Botanical Barrier, Dainty Eater, Serenity
Chikipi, Level: 8, Rank: 1, Gender: Male, HP IV: 32(0%), ATK IV: 20(0%), DEF IV: 78(0%), Work Speed: (0%), Skills: Nocturnal
Cremis, Level: 3, Rank: 1, Gender: Male, HP IV: 76(0%), ATK IV: 16(0%), DEF IV: 87(0%), Work Speed: (0%), Skills: Runner
Galeclaw, Level: 8, Rank: 1, Gender: Female, HP IV: 36(0%), ATK IV: 73(0%), DEF IV: 4(0%), Work Speed: (0%), Skills: Mine Foreman, Pyromaniac
Jolthog, Level: 3, Rank: 1, Gender: Male, HP IV: 78(0%), ATK IV: 100(0%), DEF IV: 98(0%), Work Speed: (0%), Skills: Positive Thinker
Lamball, Level: 10, Rank: 1, Gender: Female, HP IV: 74(0%), ATK IV: 19(0%), DEF IV: 27(0%), Work Speed: (0%), Skills: Ferocious
Lamball, Level: 10, Rank: 1, Gender: Male, HP IV: 72(0%), ATK IV: 72(0%), DEF IV: 31(0%), Work Speed: (0%), Skills: Diet Lover
Lamball, Level: 3, Rank: 1, Gender: Male, HP IV: 7(0%), ATK IV: 41(0%), DEF IV: 5(0%), Work Speed: (0%), Skills: Coldblooded
Teafant, Level: 4, Rank: 1, Gender: Female, HP IV: 85(0%), ATK IV: 88(0%), DEF IV: 20(0%), Work Speed: (0%), Skills: Mercy hit
Etumalam's 17 Pals
------------------
Alpha Chillet, Level: 11, Rank: 1, Gender: Male, HP IV: 63(0%), ATK IV: 76(0%), DEF IV: 51(0%), Work Speed: (0%), Skills: Easygoing
Arsox, Level: 11, Rank: 1, Gender: Female, HP IV: 97(0%), ATK IV: 86(0%), DEF IV: 91(0%), Work Speed: (0%), Skills: Noble
Cattiva, Level: 10, Rank: 1, Gender: Male, HP IV: 10(0%), ATK IV: 90(0%), DEF IV: 86(0%), Work Speed: (0%), Skills: Coward, Dainty Eater
Cattiva, Level: 11, Rank: 1, Gender: Male, HP IV: 21(0%), ATK IV: 65(0%), DEF IV: 27(0%), Work Speed: (0%), Skills: Coward, Artisan
Cattiva, Level: 7, Rank: 1, Gender: Female, HP IV: 77(0%), ATK IV: 92(0%), DEF IV: 60(0%), Work Speed: (0%), Skills: Coward, Stronghold Strategist, Hard Skin, Insulated Body
Cattiva, Level: 8, Rank: 1, Gender: Female, HP IV: 52(0%), ATK IV: 44(0%), DEF IV: 86(0%), Work Speed: (0%), Skills: Coward, Serious, Vanguard
Chikipi, Level: 1, Rank: 1, Gender: Female, HP IV: 82(0%), ATK IV: 40(0%), DEF IV: 15(0%), Work Speed: (0%), Skills: Clumsy
Chikipi, Level: 2, Rank: 1, Gender: Male, HP IV: 46(0%), ATK IV: 32(0%), DEF IV: 6(0%), Work Speed: (0%), Skills: Logging Foreman
Chikipi, Level: 8, Rank: 1, Gender: Male, HP IV: 20(0%), ATK IV: 89(0%), DEF IV: 51(0%), Work Speed: (0%), Skills: Botanical Barrier, Dainty Eater, Serenity
Chikipi, Level: 8, Rank: 1, Gender: Male, HP IV: 32(0%), ATK IV: 20(0%), DEF IV: 78(0%), Work Speed: (0%), Skills: Nocturnal
Cremis, Level: 3, Rank: 1, Gender: Male, HP IV: 76(0%), ATK IV: 16(0%), DEF IV: 87(0%), Work Speed: (0%), Skills: Runner
Galeclaw, Level: 8, Rank: 1, Gender: Female, HP IV: 36(0%), ATK IV: 73(0%), DEF IV: 4(0%), Work Speed: (0%), Skills: Mine Foreman, Pyromaniac
Jolthog, Level: 3, Rank: 1, Gender: Male, HP IV: 78(0%), ATK IV: 100(0%), DEF IV: 98(0%), Work Speed: (0%), Skills: Positive Thinker
Lamball, Level: 10, Rank: 1, Gender: Female, HP IV: 74(0%), ATK IV: 19(0%), DEF IV: 27(0%), Work Speed: (0%), Skills: Ferocious
Lamball, Level: 10, Rank: 1, Gender: Male, HP IV: 72(0%), ATK IV: 72(0%), DEF IV: 31(0%), Work Speed: (0%), Skills: Diet Lover
Lamball, Level: 3, Rank: 1, Gender: Male, HP IV: 7(0%), ATK IV: 41(0%), DEF IV: 5(0%), Work Speed: (0%), Skills: Coldblooded
Teafant, Level: 4, Rank: 1, Gender: Female, HP IV: 85(0%), ATK IV: 88(0%), DEF IV: 20(0%), Work Speed: (0%), Skills: Mercy hit
Etumalam's 17 Pals
------------------
Alpha Chillet, Level: 11, Rank: 1, Gender: Male, HP IV: 63(0%), ATK IV: 76(0%), DEF IV: 51(0%), Work Speed: (0%), Skills: Easygoing
Arsox, Level: 11, Rank: 1, Gender: Female, HP IV: 97(0%), ATK IV: 86(0%), DEF IV: 91(0%), Work Speed: (0%), Skills: Noble
Cattiva, Level: 10, Rank: 1, Gender: Male, HP IV: 10(0%), ATK IV: 90(0%), DEF IV: 86(0%), Work Speed: (0%), Skills: Coward, Dainty Eater
Cattiva, Level: 11, Rank: 1, Gender: Male, HP IV: 21(0%), ATK IV: 65(0%), DEF IV: 27(0%), Work Speed: (0%), Skills: Coward, Artisan
Cattiva, Level: 7, Rank: 1, Gender: Female, HP IV: 77(0%), ATK IV: 92(0%), DEF IV: 60(0%), Work Speed: (0%), Skills: Coward, Stronghold Strategist, Hard Skin, Insulated Body
Cattiva, Level: 8, Rank: 1, Gender: Female, HP IV: 52(0%), ATK IV: 44(0%), DEF IV: 86(0%), Work Speed: (0%), Skills: Coward, Serious, Vanguard
Chikipi, Level: 1, Rank: 1, Gender: Female, HP IV: 82(0%), ATK IV: 40(0%), DEF IV: 15(0%), Work Speed: (0%), Skills: Clumsy
Chikipi, Level: 2, Rank: 1, Gender: Male, HP IV: 46(0%), ATK IV: 32(0%), DEF IV: 6(0%), Work Speed: (0%), Skills: Logging Foreman
Chikipi, Level: 8, Rank: 1, Gender: Male, HP IV: 20(0%), ATK IV: 89(0%), DEF IV: 51(0%), Work Speed: (0%), Skills: Botanical Barrier, Dainty Eater, Serenity
Chikipi, Level: 8, Rank: 1, Gender: Male, HP IV: 32(0%), ATK IV: 20(0%), DEF IV: 78(0%), Work Speed: (0%), Skills: Nocturnal
Cremis, Level: 3, Rank: 1, Gender: Male, HP IV: 76(0%), ATK IV: 16(0%), DEF IV: 87(0%), Work Speed: (0%), Skills: Runner
Galeclaw, Level: 8, Rank: 1, Gender: Female, HP IV: 36(0%), ATK IV: 73(0%), DEF IV: 4(0%), Work Speed: (0%), Skills: Mine Foreman, Pyromaniac
Jolthog, Level: 3, Rank: 1, Gender: Male, HP IV: 78(0%), ATK IV: 100(0%), DEF IV: 98(0%), Work Speed: (0%), Skills: Positive Thinker
Lamball, Level: 10, Rank: 1, Gender: Female, HP IV: 74(0%), ATK IV: 19(0%), DEF IV: 27(0%), Work Speed: (0%), Skills: Ferocious
Lamball, Level: 10, Rank: 1, Gender: Male, HP IV: 72(0%), ATK IV: 72(0%), DEF IV: 31(0%), Work Speed: (0%), Skills: Diet Lover
Lamball, Level: 3, Rank: 1, Gender: Male, HP IV: 7(0%), ATK IV: 41(0%), DEF IV: 5(0%), Work Speed: (0%), Skills: Coldblooded
Teafant, Level: 4, Rank: 1, Gender: Female, HP IV: 85(0%), ATK IV: 88(0%), DEF IV: 20(0%), Work Speed: (0%), Skills: Mercy hit
Etumalam's 17 Pals
------------------
Alpha Chillet, Level: 11, Rank: 1, Gender: Male, HP IV: 63(0%), ATK IV: 76(0%), DEF IV: 51(0%), Work Speed: (0%), Skills: Easygoing
Arsox, Level: 11, Rank: 1, Gender: Female, HP IV: 97(0%), ATK IV: 86(0%), DEF IV: 91(0%), Work Speed: (0%), Skills: Noble
Cattiva, Level: 10, Rank: 1, Gender: Male, HP IV: 10(0%), ATK IV: 90(0%), DEF IV: 86(0%), Work Speed: (0%), Skills: Coward, Dainty Eater
Cattiva, Level: 11, Rank: 1, Gender: Male, HP IV: 21(0%), ATK IV: 65(0%), DEF IV: 27(0%), Work Speed: (0%), Skills: Coward, Artisan
Cattiva, Level: 7, Rank: 1, Gender: Female, HP IV: 77(0%), ATK IV: 92(0%), DEF IV: 60(0%), Work Speed: (0%), Skills: Coward, Stronghold Strategist, Hard Skin, Insulated Body
Cattiva, Level: 8, Rank: 1, Gender: Female, HP IV: 52(0%), ATK IV: 44(0%), DEF IV: 86(0%), Work Speed: (0%), Skills: Coward, Serious, Vanguard
Chikipi, Level: 1, Rank: 1, Gender: Female, HP IV: 82(0%), ATK IV: 40(0%), DEF IV: 15(0%), Work Speed: (0%), Skills: Clumsy
Chikipi, Level: 2, Rank: 1, Gender: Male, HP IV: 46(0%), ATK IV: 32(0%), DEF IV: 6(0%), Work Speed: (0%), Skills: Logging Foreman
Chikipi, Level: 8, Rank: 1, Gender: Male, HP IV: 20(0%), ATK IV: 89(0%), DEF IV: 51(0%), Work Speed: (0%), Skills: Botanical Barrier, Dainty Eater, Serenity
Chikipi, Level: 8, Rank: 1, Gender: Male, HP IV: 32(0%), ATK IV: 20(0%), DEF IV: 78(0%), Work Speed: (0%), Skills: Nocturnal
Cremis, Level: 3, Rank: 1, Gender: Male, HP IV: 76(0%), ATK IV: 16(0%), DEF IV: 87(0%), Work Speed: (0%), Skills: Runner
Galeclaw, Level: 8, Rank: 1, Gender: Female, HP IV: 36(0%), ATK IV: 73(0%), DEF IV: 4(0%), Work Speed: (0%), Skills: Mine Foreman, Pyromaniac
Jolthog, Level: 3, Rank: 1, Gender: Male, HP IV: 78(0%), ATK IV: 100(0%), DEF IV: 98(0%), Work Speed: (0%), Skills: Positive Thinker
Lamball, Level: 10, Rank: 1, Gender: Female, HP IV: 74(0%), ATK IV: 19(0%), DEF IV: 27(0%), Work Speed: (0%), Skills: Ferocious
Lamball, Level: 10, Rank: 1, Gender: Male, HP IV: 72(0%), ATK IV: 72(0%), DEF IV: 31(0%), Work Speed: (0%), Skills: Diet Lover
Lamball, Level: 3, Rank: 1, Gender: Male, HP IV: 7(0%), ATK IV: 41(0%), DEF IV: 5(0%), Work Speed: (0%), Skills: Coldblooded
Teafant, Level: 4, Rank: 1, Gender: Female, HP IV: 85(0%), ATK IV: 88(0%), DEF IV: 20(0%), Work Speed: (0%), Skills: Mercy hit
Etumalam's 17 Pals
------------------
Alpha Chillet, Level: 11, Rank: 1, Gender: Male, HP IV: 63(0%), ATK IV: 76(0%), DEF IV: 51(0%), Work Speed: (0%), Skills: Easygoing
Arsox, Level: 11, Rank: 1, Gender: Female, HP IV: 97(0%), ATK IV: 86(0%), DEF IV: 91(0%), Work Speed: (0%), Skills: Noble
Cattiva, Level: 10, Rank: 1, Gender: Male, HP IV: 10(0%), ATK IV: 90(0%), DEF IV: 86(0%), Work Speed: (0%), Skills: Coward, Dainty Eater
Cattiva, Level: 11, Rank: 1, Gender: Male, HP IV: 21(0%), ATK IV: 65(0%), DEF IV: 27(0%), Work Speed: (0%), Skills: Coward, Artisan
Cattiva, Level: 7, Rank: 1, Gender: Female, HP IV: 77(0%), ATK IV: 92(0%), DEF IV: 60(0%), Work Speed: (0%), Skills: Coward, Stronghold Strategist, Hard Skin, Insulated Body
Cattiva, Level: 8, Rank: 1, Gender: Female, HP IV: 52(0%), ATK IV: 44(0%), DEF IV: 86(0%), Work Speed: (0%), Skills: Coward, Serious, Vanguard
Chikipi, Level: 1, Rank: 1, Gender: Female, HP IV: 82(0%), ATK IV: 40(0%), DEF IV: 15(0%), Work Speed: (0%), Skills: Clumsy
Chikipi, Level: 2, Rank: 1, Gender: Male, HP IV: 46(0%), ATK IV: 32(0%), DEF IV: 6(0%), Work Speed: (0%), Skills: Logging Foreman
Chikipi, Level: 8, Rank: 1, Gender: Male, HP IV: 20(0%), ATK IV: 89(0%), DEF IV: 51(0%), Work Speed: (0%), Skills: Botanical Barrier, Dainty Eater, Serenity
Chikipi, Level: 8, Rank: 1, Gender: Male, HP IV: 32(0%), ATK IV: 20(0%), DEF IV: 78(0%), Work Speed: (0%), Skills: Nocturnal
Cremis, Level: 3, Rank: 1, Gender: Male, HP IV: 76(0%), ATK IV: 16(0%), DEF IV: 87(0%), Work Speed: (0%), Skills: Runner
Galeclaw, Level: 8, Rank: 1, Gender: Female, HP IV: 36(0%), ATK IV: 73(0%), DEF IV: 4(0%), Work Speed: (0%), Skills: Mine Foreman, Pyromaniac
Jolthog, Level: 3, Rank: 1, Gender: Male, HP IV: 78(0%), ATK IV: 100(0%), DEF IV: 98(0%), Work Speed: (0%), Skills: Positive Thinker
Lamball, Level: 10, Rank: 1, Gender: Female, HP IV: 74(0%), ATK IV: 19(0%), DEF IV: 27(0%), Work Speed: (0%), Skills: Ferocious
Lamball, Level: 10, Rank: 1, Gender: Male, HP IV: 72(0%), ATK IV: 72(0%), DEF IV: 31(0%), Work Speed: (0%), Skills: Diet Lover
Lamball, Level: 3, Rank: 1, Gender: Male, HP IV: 7(0%), ATK IV: 41(0%), DEF IV: 5(0%), Work Speed: (0%), Skills: Coldblooded
Teafant, Level: 4, Rank: 1, Gender: Female, HP IV: 85(0%), ATK IV: 88(0%), DEF IV: 20(0%), Work Speed: (0%), Skills: Mercy hit
Etumalam's 17 Pals
------------------
Alpha Chillet, Level: 11, Rank: 1, Gender: Male, HP IV: 63(0%), ATK IV: 76(0%), DEF IV: 51(0%), Work Speed: (0%), Skills: Easygoing
Arsox, Level: 11, Rank: 1, Gender: Female, HP IV: 97(0%), ATK IV: 86(0%), DEF IV: 91(0%), Work Speed: (0%), Skills: Noble
Cattiva, Level: 10, Rank: 1, Gender: Male, HP IV: 10(0%), ATK IV: 90(0%), DEF IV: 86(0%), Work Speed: (0%), Skills: Coward, Dainty Eater
Cattiva, Level: 11, Rank: 1, Gender: Male, HP IV: 21(0%), ATK IV: 65(0%), DEF IV: 27(0%), Work Speed: (0%), Skills: Coward, Artisan
Cattiva, Level: 7, Rank: 1, Gender: Female, HP IV: 77(0%), ATK IV: 92(0%), DEF IV: 60(0%), Work Speed: (0%), Skills: Coward, Stronghold Strategist, Hard Skin, Insulated Body
Cattiva, Level: 8, Rank: 1, Gender: Female, HP IV: 52(0%), ATK IV: 44(0%), DEF IV: 86(0%), Work Speed: (0%), Skills: Coward, Serious, Vanguard
Chikipi, Level: 1, Rank: 1, Gender: Female, HP IV: 82(0%), ATK IV: 40(0%), DEF IV: 15(0%), Work Speed: (0%), Skills: Clumsy
Chikipi, Level: 2, Rank: 1, Gender: Male, HP IV: 46(0%), ATK IV: 32(0%), DEF IV: 6(0%), Work Speed: (0%), Skills: Logging Foreman
Chikipi, Level: 8, Rank: 1, Gender: Male, HP IV: 20(0%), ATK IV: 89(0%), DEF IV: 51(0%), Work Speed: (0%), Skills: Botanical Barrier, Dainty Eater, Serenity
Chikipi, Level: 8, Rank: 1, Gender: Male, HP IV: 32(0%), ATK IV: 20(0%), DEF IV: 78(0%), Work Speed: (0%), Skills: Nocturnal
Cremis, Level: 3, Rank: 1, Gender: Male, HP IV: 76(0%), ATK IV: 16(0%), DEF IV: 87(0%), Work Speed: (0%), Skills: Runner
Galeclaw, Level: 8, Rank: 1, Gender: Female, HP IV: 36(0%), ATK IV: 73(0%), DEF IV: 4(0%), Work Speed: (0%), Skills: Mine Foreman, Pyromaniac
Jolthog, Level: 3, Rank: 1, Gender: Male, HP IV: 78(0%), ATK IV: 100(0%), DEF IV: 98(0%), Work Speed: (0%), Skills: Positive Thinker
Lamball, Level: 10, Rank: 1, Gender: Female, HP IV: 74(0%), ATK IV: 19(0%), DEF IV: 27(0%), Work Speed: (0%), Skills: Ferocious
Lamball, Level: 10, Rank: 1, Gender: Male, HP IV: 72(0%), ATK IV: 72(0%), DEF IV: 31(0%), Work Speed: (0%), Skills: Diet Lover
Lamball, Level: 3, Rank: 1, Gender: Male, HP IV: 7(0%), ATK IV: 41(0%), DEF IV: 5(0%), Work Speed: (0%), Skills: Coldblooded
Teafant, Level: 4, Rank: 1, Gender: Female, HP IV: 85(0%), ATK IV: 88(0%), DEF IV: 20(0%), Work Speed: (0%), Skills: Mercy hit
Etumalam's 17 Pals
------------------
Alpha Chillet, Level: 11, Rank: 1, Gender: Male, HP IV: 63(0%), ATK IV: 76(0%), DEF IV: 51(0%), Work Speed: (0%), Skills: Easygoing
Arsox, Level: 11, Rank: 1, Gender: Female, HP IV: 97(0%), ATK IV: 86(0%), DEF IV: 91(0%), Work Speed: (0%), Skills: Noble
Cattiva, Level: 10, Rank: 1, Gender: Male, HP IV: 10(0%), ATK IV: 90(0%), DEF IV: 86(0%), Work Speed: (0%), Skills: Coward, Dainty Eater
Cattiva, Level: 11, Rank: 1, Gender: Male, HP IV: 21(0%), ATK IV: 65(0%), DEF IV: 27(0%), Work Speed: (0%), Skills: Coward, Artisan
Cattiva, Level: 7, Rank: 1, Gender: Female, HP IV: 77(0%), ATK IV: 92(0%), DEF IV: 60(0%), Work Speed: (0%), Skills: Coward, Stronghold Strategist, Hard Skin, Insulated Body
Cattiva, Level: 8, Rank: 1, Gender: Female, HP IV: 52(0%), ATK IV: 44(0%), DEF IV: 86(0%), Work Speed: (0%), Skills: Coward, Serious, Vanguard
Chikipi, Level: 1, Rank: 1, Gender: Female, HP IV: 82(0%), ATK IV: 40(0%), DEF IV: 15(0%), Work Speed: (0%), Skills: Clumsy
Chikipi, Level: 2, Rank: 1, Gender: Male, HP IV: 46(0%), ATK IV: 32(0%), DEF IV: 6(0%), Work Speed: (0%), Skills: Logging Foreman
Chikipi, Level: 8, Rank: 1, Gender: Male, HP IV: 20(0%), ATK IV: 89(0%), DEF IV: 51(0%), Work Speed: (0%), Skills: Botanical Barrier, Dainty Eater, Serenity
Chikipi, Level: 8, Rank: 1, Gender: Male, HP IV: 32(0%), ATK IV: 20(0%), DEF IV: 78(0%), Work Speed: (0%), Skills: Nocturnal
Cremis, Level: 3, Rank: 1, Gender: Male, HP IV: 76(0%), ATK IV: 16(0%), DEF IV: 87(0%), Work Speed: (0%), Skills: Runner
Galeclaw, Level: 8, Rank: 1, Gender: Female, HP IV: 36(0%), ATK IV: 73(0%), DEF IV: 4(0%), Work Speed: (0%), Skills: Mine Foreman, Pyromaniac
Jolthog, Level: 3, Rank: 1, Gender: Male, HP IV: 78(0%), ATK IV: 100(0%), DEF IV: 98(0%), Work Speed: (0%), Skills: Positive Thinker
Lamball, Level: 10, Rank: 1, Gender: Female, HP IV: 74(0%), ATK IV: 19(0%), DEF IV: 27(0%), Work Speed: (0%), Skills: Ferocious
Lamball, Level: 10, Rank: 1, Gender: Male, HP IV: 72(0%), ATK IV: 72(0%), DEF IV: 31(0%), Work Speed: (0%), Skills: Diet Lover
Lamball, Level: 3, Rank: 1, Gender: Male, HP IV: 7(0%), ATK IV: 41(0%), DEF IV: 5(0%), Work Speed: (0%), Skills: Coldblooded
Teafant, Level: 4, Rank: 1, Gender: Female, HP IV: 85(0%), ATK IV: 88(0%), DEF IV: 20(0%), Work Speed: (0%), Skills: Mercy hit
Etumalam's 17 Pals
------------------
Alpha Chillet, Level: 11, Rank: 1, Gender: Male, HP IV: 63(0%), ATK IV: 76(0%), DEF IV: 51(0%), Work Speed: (0%), Skills: Easygoing
Arsox, Level: 11, Rank: 1, Gender: Female, HP IV: 97(0%), ATK IV: 86(0%), DEF IV: 91(0%), Work Speed: (0%), Skills: Noble
Cattiva, Level: 10, Rank: 1, Gender: Male, HP IV: 10(0%), ATK IV: 90(0%), DEF IV: 86(0%), Work Speed: (0%), Skills: Coward, Dainty Eater
Cattiva, Level: 11, Rank: 1, Gender: Male, HP IV: 21(0%), ATK IV: 65(0%), DEF IV: 27(0%), Work Speed: (0%), Skills: Coward, Artisan
Cattiva, Level: 7, Rank: 1, Gender: Female, HP IV: 77(0%), ATK IV: 92(0%), DEF IV: 60(0%), Work Speed: (0%), Skills: Coward, Stronghold Strategist, Hard Skin, Insulated Body
Cattiva, Level: 8, Rank: 1, Gender: Female, HP IV: 52(0%), ATK IV: 44(0%), DEF IV: 86(0%), Work Speed: (0%), Skills: Coward, Serious, Vanguard
Chikipi, Level: 1, Rank: 1, Gender: Female, HP IV: 82(0%), ATK IV: 40(0%), DEF IV: 15(0%), Work Speed: (0%), Skills: Clumsy
Chikipi, Level: 2, Rank: 1, Gender: Male, HP IV: 46(0%), ATK IV: 32(0%), DEF IV: 6(0%), Work Speed: (0%), Skills: Logging Foreman
Chikipi, Level: 8, Rank: 1, Gender: Male, HP IV: 20(0%), ATK IV: 89(0%), DEF IV: 51(0%), Work Speed: (0%), Skills: Botanical Barrier, Dainty Eater, Serenity
Chikipi, Level: 8, Rank: 1, Gender: Male, HP IV: 32(0%), ATK IV: 20(0%), DEF IV: 78(0%), Work Speed: (0%), Skills: Nocturnal
Cremis, Level: 3, Rank: 1, Gender: Male, HP IV: 76(0%), ATK IV: 16(0%), DEF IV: 87(0%), Work Speed: (0%), Skills: Runner
Galeclaw, Level: 8, Rank: 1, Gender: Female, HP IV: 36(0%), ATK IV: 73(0%), DEF IV: 4(0%), Work Speed: (0%), Skills: Mine Foreman, Pyromaniac
Jolthog, Level: 3, Rank: 1, Gender: Male, HP IV: 78(0%), ATK IV: 100(0%), DEF IV: 98(0%), Work Speed: (0%), Skills: Positive Thinker
Lamball, Level: 10, Rank: 1, Gender: Female, HP IV: 74(0%), ATK IV: 19(0%), DEF IV: 27(0%), Work Speed: (0%), Skills: Ferocious
Lamball, Level: 10, Rank: 1, Gender: Male, HP IV: 72(0%), ATK IV: 72(0%), DEF IV: 31(0%), Work Speed: (0%), Skills: Diet Lover
Lamball, Level: 3, Rank: 1, Gender: Male, HP IV: 7(0%), ATK IV: 41(0%), DEF IV: 5(0%), Work Speed: (0%), Skills: Coldblooded
Teafant, Level: 4, Rank: 1, Gender: Female, HP IV: 85(0%), ATK IV: 88(0%), DEF IV: 20(0%), Work Speed: (0%), Skills: Mercy hit
Etumalam's 17 Pals
------------------
Alpha Chillet, Level: 11, Rank: 1, Gender: Male, HP IV: 63(0%), ATK IV: 76(0%), DEF IV: 51(0%), Work Speed: (0%), Skills: Easygoing
Arsox, Level: 11, Rank: 1, Gender: Female, HP IV: 97(0%), ATK IV: 86(0%), DEF IV: 91(0%), Work Speed: (0%), Skills: Noble
Cattiva, Level: 10, Rank: 1, Gender: Male, HP IV: 10(0%), ATK IV: 90(0%), DEF IV: 86(0%), Work Speed: (0%), Skills: Coward, Dainty Eater
Cattiva, Level: 11, Rank: 1, Gender: Male, HP IV: 21(0%), ATK IV: 65(0%), DEF IV: 27(0%), Work Speed: (0%), Skills: Coward, Artisan
Cattiva, Level: 7, Rank: 1, Gender: Female, HP IV: 77(0%), ATK IV: 92(0%), DEF IV: 60(0%), Work Speed: (0%), Skills: Coward, Stronghold Strategist, Hard Skin, Insulated Body
Cattiva, Level: 8, Rank: 1, Gender: Female, HP IV: 52(0%), ATK IV: 44(0%), DEF IV: 86(0%), Work Speed: (0%), Skills: Coward, Serious, Vanguard
Chikipi, Level: 1, Rank: 1, Gender: Female, HP IV: 82(0%), ATK IV: 40(0%), DEF IV: 15(0%), Work Speed: (0%), Skills: Clumsy
Chikipi, Level: 2, Rank: 1, Gender: Male, HP IV: 46(0%), ATK IV: 32(0%), DEF IV: 6(0%), Work Speed: (0%), Skills: Logging Foreman
Chikipi, Level: 8, Rank: 1, Gender: Male, HP IV: 20(0%), ATK IV: 89(0%), DEF IV: 51(0%), Work Speed: (0%), Skills: Botanical Barrier, Dainty Eater, Serenity
Chikipi, Level: 8, Rank: 1, Gender: Male, HP IV: 32(0%), ATK IV: 20(0%), DEF IV: 78(0%), Work Speed: (0%), Skills: Nocturnal
Cremis, Level: 3, Rank: 1, Gender: Male, HP IV: 76(0%), ATK IV: 16(0%), DEF IV: 87(0%), Work Speed: (0%), Skills: Runner
Galeclaw, Level: 8, Rank: 1, Gender: Female, HP IV: 36(0%), ATK IV: 73(0%), DEF IV: 4(0%), Work Speed: (0%), Skills: Mine Foreman, Pyromaniac
Jolthog, Level: 3, Rank: 1, Gender: Male, HP IV: 78(0%), ATK IV: 100(0%), DEF IV: 98(0%), Work Speed: (0%), Skills: Positive Thinker
Lamball, Level: 10, Rank: 1, Gender: Female, HP IV: 74(0%), ATK IV: 19(0%), DEF IV: 27(0%), Work Speed: (0%), Skills: Ferocious
Lamball, Level: 10, Rank: 1, Gender: Male, HP IV: 72(0%), ATK IV: 72(0%), DEF IV: 31(0%), Work Speed: (0%), Skills: Diet Lover
Lamball, Level: 3, Rank: 1, Gender: Male, HP IV: 7(0%), ATK IV: 41(0%), DEF IV: 5(0%), Work Speed: (0%), Skills: Coldblooded
Teafant, Level: 4, Rank: 1, Gender: Female, HP IV: 85(0%), ATK IV: 88(0%), DEF IV: 20(0%), Work Speed: (0%), Skills: Mercy hit
Etumalam's 17 Pals
------------------
Alpha Chillet, Level: 11, Rank: 1, Gender: Male, HP IV: 63(0%), ATK IV: 76(0%), DEF IV: 51(0%), Work Speed: (0%), Skills: Easygoing
Arsox, Level: 11, Rank: 1, Gender: Female, HP IV: 97(0%), ATK IV: 86(0%), DEF IV: 91(0%), Work Speed: (0%), Skills: Noble
Cattiva, Level: 10, Rank: 1, Gender: Male, HP IV: 10(0%), ATK IV: 90(0%), DEF IV: 86(0%), Work Speed: (0%), Skills: Coward, Dainty Eater
Cattiva, Level: 11, Rank: 1, Gender: Male, HP IV: 21(0%), ATK IV: 65(0%), DEF IV: 27(0%), Work Speed: (0%), Skills: Coward, Artisan
Cattiva, Level: 7, Rank: 1, Gender: Female, HP IV: 77(0%), ATK IV: 92(0%), DEF IV: 60(0%), Work Speed: (0%), Skills: Coward, Stronghold Strategist, Hard Skin, Insulated Body
Cattiva, Level: 8, Rank: 1, Gender: Female, HP IV: 52(0%), ATK IV: 44(0%), DEF IV: 86(0%), Work Speed: (0%), Skills: Coward, Serious, Vanguard
Chikipi, Level: 1, Rank: 1, Gender: Female, HP IV: 82(0%), ATK IV: 40(0%), DEF IV: 15(0%), Work Speed: (0%), Skills: Clumsy
Chikipi, Level: 2, Rank: 1, Gender: Male, HP IV: 46(0%), ATK IV: 32(0%), DEF IV: 6(0%), Work Speed: (0%), Skills: Logging Foreman
Chikipi, Level: 8, Rank: 1, Gender: Male, HP IV: 20(0%), ATK IV: 89(0%), DEF IV: 51(0%), Work Speed: (0%), Skills: Botanical Barrier, Dainty Eater, Serenity
Chikipi, Level: 8, Rank: 1, Gender: Male, HP IV: 32(0%), ATK IV: 20(0%), DEF IV: 78(0%), Work Speed: (0%), Skills: Nocturnal
Cremis, Level: 3, Rank: 1, Gender: Male, HP IV: 76(0%), ATK IV: 16(0%), DEF IV: 87(0%), Work Speed: (0%), Skills: Runner
Galeclaw, Level: 8, Rank: 1, Gender: Female, HP IV: 36(0%), ATK IV: 73(0%), DEF IV: 4(0%), Work Speed: (0%), Skills: Mine Foreman, Pyromaniac
Jolthog, Level: 3, Rank: 1, Gender: Male, HP IV: 78(0%), ATK IV: 100(0%), DEF IV: 98(0%), Work Speed: (0%), Skills: Positive Thinker
Lamball, Level: 10, Rank: 1, Gender: Female, HP IV: 74(0%), ATK IV: 19(0%), DEF IV: 27(0%), Work Speed: (0%), Skills: Ferocious
Lamball, Level: 10, Rank: 1, Gender: Male, HP IV: 72(0%), ATK IV: 72(0%), DEF IV: 31(0%), Work Speed: (0%), Skills: Diet Lover
Lamball, Level: 3, Rank: 1, Gender: Male, HP IV: 7(0%), ATK IV: 41(0%), DEF IV: 5(0%), Work Speed: (0%), Skills: Coldblooded
Teafant, Level: 4, Rank: 1, Gender: Female, HP IV: 85(0%), ATK IV: 88(0%), DEF IV: 20(0%), Work Speed: (0%), Skills: Mercy hit
