EvilSmoke117's 17 Pals
----------------------
Cattiva, Level: 4, Rank: 1, Gender: Female, HP IV: 33(0%), ATK IV: 19(0%), DEF IV: 21(0%), Work Speed: (0%), Skills: Coward, Stronghold Strategist
Cattiva, Level: 5, Rank: 1, Gender: Female, HP IV: 86(0%), ATK IV: 51(0%), DEF IV: 50(0%), Work Speed: (0%), Skills: Coward, Swift, Sickly
Chikipi, Level: 10, Rank: 1, Gender: Female, HP IV: 17(0%), ATK IV: 99(0%), DEF IV: 84(0%), Work Speed: (0%), Skills: Capacitor
Chikipi, Level: 10, Rank: 1, Gender: Female, HP IV: 9(0%), ATK IV: 65(0%), DEF IV: 73(0%), Work Speed: (0%), Skills: Noble
Daedream, Level: 10, Rank: 1, Gender: Female, HP IV: 38(0%), ATK IV: 41(0%), DEF IV: 54(0%), Work Speed: (0%), Skills: Masochist
Daedream, Level: 10, Rank: 1, Gender: Female, HP IV: 99(0%), ATK IV: 78(0%), DEF IV: 96(0%), Work Speed: (0%), Skills: Pyromaniac
Foxparks, Level: 10, Rank: 1, Gender: Female, HP IV: 72(0%), ATK IV: 18(0%), DEF IV: 2(0%), Work Speed: (0%), Skills: Slacker
Foxparks, Level: 5, Rank: 1, Gender: Male, HP IV: 11(0%), ATK IV: 64(0%), DEF IV: 56(0%), Work Speed: (0%), Skills: Bottomless Stomach
Gumoss, Level: 3, Rank: 1, Gender: Female, HP IV: 23(0%), ATK IV: 84(0%), DEF IV: 77(0%), Work Speed: (0%)
Hoocrates, Level: 5, Rank: 1, Gender: Female, HP IV: 16(0%), ATK IV: 46(0%), DEF IV: 46(0%), Work Speed: (0%), Skills: Conceited, Artisan, Impatient
Pengullet, Level: 4, Rank: 1, Gender: Female, HP IV: 26(0%), ATK IV: 36(0%), DEF IV: 28(0%), Work Speed: (0%), Skills: Coward
Pengullet, Level: 5, Rank: 1, Gender: Female, HP IV: 97(0%), ATK IV: 92(0%), DEF IV: 67(0%), Work Speed: (0%)
Rushoar, Level: 4, Rank: 1, Gender: Male, HP IV: 34(0%), ATK IV: 75(0%), DEF IV: 9(0%), Work Speed: (0%), Skills: Clumsy
Rushoar, Level: 6, Rank: 1, Gender: Male, HP IV: 81(0%), ATK IV: 41(0%), DEF IV: 40(0%), Work Speed: (0%), Skills: Dragonkiller
Sparkit, Level: 4, Rank: 1, Gender: Female, HP IV: 97(0%), ATK IV: 14(0%), DEF IV: 4(0%), Work Speed: (0%), Skills: Insulated Body
Sparkit, Level: 5, Rank: 1, Gender: Female, HP IV: 10(0%), ATK IV: 60(0%), DEF IV: 27(0%), Work Speed: (0%), Skills: Waterproof
Traveling Merchant, Level: 1, Rank: 1, Gender: Unknown, HP IV: 84(0%), ATK IV: 9(0%), DEF IV: 25(0%), Work Speed: (0%), Skills: Nocturnal
EvilSmoke117's 17 Pals
----------------------
Cattiva, Level: 4, Rank: 1, Gender: Female, HP IV: 33(0%), ATK IV: 19(0%), DEF IV: 21(0%), Work Speed: (0%), Skills: Coward, Stronghold Strategist
Cattiva, Level: 5, Rank: 1, Gender: Female, HP IV: 86(0%), ATK IV: 51(0%), DEF IV: 50(0%), Work Speed: (0%), Skills: Coward, Swift, Sickly
Chikipi, Level: 10, Rank: 1, Gender: Female, HP IV: 17(0%), ATK IV: 99(0%), DEF IV: 84(0%), Work Speed: (0%), Skills: Capacitor
Chikipi, Level: 10, Rank: 1, Gender: Female, HP IV: 9(0%), ATK IV: 65(0%), DEF IV: 73(0%), Work Speed: (0%), Skills: Noble
Daedream, Level: 10, Rank: 1, Gender: Female, HP IV: 38(0%), ATK IV: 41(0%), DEF IV: 54(0%), Work Speed: (0%), Skills: Masochist
Daedream, Level: 10, Rank: 1, Gender: Female, HP IV: 99(0%), ATK IV: 78(0%), DEF IV: 96(0%), Work Speed: (0%), Skills: Pyromaniac
Foxparks, Level: 10, Rank: 1, Gender: Female, HP IV: 72(0%), ATK IV: 18(0%), DEF IV: 2(0%), Work Speed: (0%), Skills: Slacker
Foxparks, Level: 5, Rank: 1, Gender: Male, HP IV: 11(0%), ATK IV: 64(0%), DEF IV: 56(0%), Work Speed: (0%), Skills: Bottomless Stomach
Gumoss, Level: 3, Rank: 1, Gender: Female, HP IV: 23(0%), ATK IV: 84(0%), DEF IV: 77(0%), Work Speed: (0%)
Hoocrates, Level: 5, Rank: 1, Gender: Female, HP IV: 16(0%), ATK IV: 46(0%), DEF IV: 46(0%), Work Speed: (0%), Skills: Conceited, Artisan, Impatient
Pengullet, Level: 4, Rank: 1, Gender: Female, HP IV: 26(0%), ATK IV: 36(0%), DEF IV: 28(0%), Work Speed: (0%), Skills: Coward
Pengullet, Level: 5, Rank: 1, Gender: Female, HP IV: 97(0%), ATK IV: 92(0%), DEF IV: 67(0%), Work Speed: (0%)
Rushoar, Level: 4, Rank: 1, Gender: Male, HP IV: 34(0%), ATK IV: 75(0%), DEF IV: 9(0%), Work Speed: (0%), Skills: Clumsy
Rushoar, Level: 6, Rank: 1, Gender: Male, HP IV: 81(0%), ATK IV: 41(0%), DEF IV: 40(0%), Work Speed: (0%), Skills: Dragonkiller
Sparkit, Level: 4, Rank: 1, Gender: Female, HP IV: 97(0%), ATK IV: 14(0%), DEF IV: 4(0%), Work Speed: (0%), Skills: Insulated Body
Sparkit, Level: 5, Rank: 1, Gender: Female, HP IV: 10(0%), ATK IV: 60(0%), DEF IV: 27(0%), Work Speed: (0%), Skills: Waterproof
Traveling Merchant, Level: 1, Rank: 1, Gender: Unknown, HP IV: 84(0%), ATK IV: 9(0%), DEF IV: 25(0%), Work Speed: (0%), Skills: Nocturnal
EvilSmoke117's 17 Pals
----------------------
Cattiva, Level: 4, Rank: 1, Gender: Female, HP IV: 33(0%), ATK IV: 19(0%), DEF IV: 21(0%), Work Speed: (0%), Skills: Coward, Stronghold Strategist
Cattiva, Level: 5, Rank: 1, Gender: Female, HP IV: 86(0%), ATK IV: 51(0%), DEF IV: 50(0%), Work Speed: (0%), Skills: Coward, Swift, Sickly
Chikipi, Level: 10, Rank: 1, Gender: Female, HP IV: 17(0%), ATK IV: 99(0%), DEF IV: 84(0%), Work Speed: (0%), Skills: Capacitor
Chikipi, Level: 10, Rank: 1, Gender: Female, HP IV: 9(0%), ATK IV: 65(0%), DEF IV: 73(0%), Work Speed: (0%), Skills: Noble
Daedream, Level: 10, Rank: 1, Gender: Female, HP IV: 38(0%), ATK IV: 41(0%), DEF IV: 54(0%), Work Speed: (0%), Skills: Masochist
Daedream, Level: 10, Rank: 1, Gender: Female, HP IV: 99(0%), ATK IV: 78(0%), DEF IV: 96(0%), Work Speed: (0%), Skills: Pyromaniac
Foxparks, Level: 10, Rank: 1, Gender: Female, HP IV: 72(0%), ATK IV: 18(0%), DEF IV: 2(0%), Work Speed: (0%), Skills: Slacker
Foxparks, Level: 5, Rank: 1, Gender: Male, HP IV: 11(0%), ATK IV: 64(0%), DEF IV: 56(0%), Work Speed: (0%), Skills: Bottomless Stomach
Gumoss, Level: 3, Rank: 1, Gender: Female, HP IV: 23(0%), ATK IV: 84(0%), DEF IV: 77(0%), Work Speed: (0%)
Hoocrates, Level: 5, Rank: 1, Gender: Female, HP IV: 16(0%), ATK IV: 46(0%), DEF IV: 46(0%), Work Speed: (0%), Skills: Conceited, Artisan, Impatient
Pengullet, Level: 4, Rank: 1, Gender: Female, HP IV: 26(0%), ATK IV: 36(0%), DEF IV: 28(0%), Work Speed: (0%), Skills: Coward
Pengullet, Level: 5, Rank: 1, Gender: Female, HP IV: 97(0%), ATK IV: 92(0%), DEF IV: 67(0%), Work Speed: (0%)
Rushoar, Level: 4, Rank: 1, Gender: Male, HP IV: 34(0%), ATK IV: 75(0%), DEF IV: 9(0%), Work Speed: (0%), Skills: Clumsy
Rushoar, Level: 6, Rank: 1, Gender: Male, HP IV: 81(0%), ATK IV: 41(0%), DEF IV: 40(0%), Work Speed: (0%), Skills: Dragonkiller
Sparkit, Level: 4, Rank: 1, Gender: Female, HP IV: 97(0%), ATK IV: 14(0%), DEF IV: 4(0%), Work Speed: (0%), Skills: Insulated Body
Sparkit, Level: 5, Rank: 1, Gender: Female, HP IV: 10(0%), ATK IV: 60(0%), DEF IV: 27(0%), Work Speed: (0%), Skills: Waterproof
Traveling Merchant, Level: 1, Rank: 1, Gender: Unknown, HP IV: 84(0%), ATK IV: 9(0%), DEF IV: 25(0%), Work Speed: (0%), Skills: Nocturnal
EvilSmoke117's 17 Pals
----------------------
Cattiva, Level: 4, Rank: 1, Gender: Female, HP IV: 33(0%), ATK IV: 19(0%), DEF IV: 21(0%), Work Speed: (0%), Skills: Coward, Stronghold Strategist
Cattiva, Level: 5, Rank: 1, Gender: Female, HP IV: 86(0%), ATK IV: 51(0%), DEF IV: 50(0%), Work Speed: (0%), Skills: Coward, Swift, Sickly
Chikipi, Level: 10, Rank: 1, Gender: Female, HP IV: 17(0%), ATK IV: 99(0%), DEF IV: 84(0%), Work Speed: (0%), Skills: Capacitor
Chikipi, Level: 10, Rank: 1, Gender: Female, HP IV: 9(0%), ATK IV: 65(0%), DEF IV: 73(0%), Work Speed: (0%), Skills: Noble
Daedream, Level: 10, Rank: 1, Gender: Female, HP IV: 38(0%), ATK IV: 41(0%), DEF IV: 54(0%), Work Speed: (0%), Skills: Masochist
Daedream, Level: 10, Rank: 1, Gender: Female, HP IV: 99(0%), ATK IV: 78(0%), DEF IV: 96(0%), Work Speed: (0%), Skills: Pyromaniac
Foxparks, Level: 10, Rank: 1, Gender: Female, HP IV: 72(0%), ATK IV: 18(0%), DEF IV: 2(0%), Work Speed: (0%), Skills: Slacker
Foxparks, Level: 5, Rank: 1, Gender: Male, HP IV: 11(0%), ATK IV: 64(0%), DEF IV: 56(0%), Work Speed: (0%), Skills: Bottomless Stomach
Gumoss, Level: 3, Rank: 1, Gender: Female, HP IV: 23(0%), ATK IV: 84(0%), DEF IV: 77(0%), Work Speed: (0%)
Hoocrates, Level: 5, Rank: 1, Gender: Female, HP IV: 16(0%), ATK IV: 46(0%), DEF IV: 46(0%), Work Speed: (0%), Skills: Conceited, Artisan, Impatient
Pengullet, Level: 4, Rank: 1, Gender: Female, HP IV: 26(0%), ATK IV: 36(0%), DEF IV: 28(0%), Work Speed: (0%), Skills: Coward
Pengullet, Level: 5, Rank: 1, Gender: Female, HP IV: 97(0%), ATK IV: 92(0%), DEF IV: 67(0%), Work Speed: (0%)
Rushoar, Level: 4, Rank: 1, Gender: Male, HP IV: 34(0%), ATK IV: 75(0%), DEF IV: 9(0%), Work Speed: (0%), Skills: Clumsy
Rushoar, Level: 6, Rank: 1, Gender: Male, HP IV: 81(0%), ATK IV: 41(0%), DEF IV: 40(0%), Work Speed: (0%), Skills: Dragonkiller
Sparkit, Level: 4, Rank: 1, Gender: Female, HP IV: 97(0%), ATK IV: 14(0%), DEF IV: 4(0%), Work Speed: (0%), Skills: Insulated Body
Sparkit, Level: 5, Rank: 1, Gender: Female, HP IV: 10(0%), ATK IV: 60(0%), DEF IV: 27(0%), Work Speed: (0%), Skills: Waterproof
Traveling Merchant, Level: 1, Rank: 1, Gender: Unknown, HP IV: 84(0%), ATK IV: 9(0%), DEF IV: 25(0%), Work Speed: (0%), Skills: Nocturnal
EvilSmoke117's 17 Pals
----------------------
Cattiva, Level: 4, Rank: 1, Gender: Female, HP IV: 33(0%), ATK IV: 19(0%), DEF IV: 21(0%), Work Speed: (0%), Skills: Coward, Stronghold Strategist
Cattiva, Level: 5, Rank: 1, Gender: Female, HP IV: 86(0%), ATK IV: 51(0%), DEF IV: 50(0%), Work Speed: (0%), Skills: Coward, Swift, Sickly
Chikipi, Level: 10, Rank: 1, Gender: Female, HP IV: 17(0%), ATK IV: 99(0%), DEF IV: 84(0%), Work Speed: (0%), Skills: Capacitor
Chikipi, Level: 10, Rank: 1, Gender: Female, HP IV: 9(0%), ATK IV: 65(0%), DEF IV: 73(0%), Work Speed: (0%), Skills: Noble
Daedream, Level: 10, Rank: 1, Gender: Female, HP IV: 38(0%), ATK IV: 41(0%), DEF IV: 54(0%), Work Speed: (0%), Skills: Masochist
Daedream, Level: 10, Rank: 1, Gender: Female, HP IV: 99(0%), ATK IV: 78(0%), DEF IV: 96(0%), Work Speed: (0%), Skills: Pyromaniac
Foxparks, Level: 10, Rank: 1, Gender: Female, HP IV: 72(0%), ATK IV: 18(0%), DEF IV: 2(0%), Work Speed: (0%), Skills: Slacker
Foxparks, Level: 5, Rank: 1, Gender: Male, HP IV: 11(0%), ATK IV: 64(0%), DEF IV: 56(0%), Work Speed: (0%), Skills: Bottomless Stomach
Gumoss, Level: 3, Rank: 1, Gender: Female, HP IV: 23(0%), ATK IV: 84(0%), DEF IV: 77(0%), Work Speed: (0%)
Hoocrates, Level: 5, Rank: 1, Gender: Female, HP IV: 16(0%), ATK IV: 46(0%), DEF IV: 46(0%), Work Speed: (0%), Skills: Conceited, Artisan, Impatient
Pengullet, Level: 4, Rank: 1, Gender: Female, HP IV: 26(0%), ATK IV: 36(0%), DEF IV: 28(0%), Work Speed: (0%), Skills: Coward
Pengullet, Level: 5, Rank: 1, Gender: Female, HP IV: 97(0%), ATK IV: 92(0%), DEF IV: 67(0%), Work Speed: (0%)
Rushoar, Level: 4, Rank: 1, Gender: Male, HP IV: 34(0%), ATK IV: 75(0%), DEF IV: 9(0%), Work Speed: (0%), Skills: Clumsy
Rushoar, Level: 6, Rank: 1, Gender: Male, HP IV: 81(0%), ATK IV: 41(0%), DEF IV: 40(0%), Work Speed: (0%), Skills: Dragonkiller
Sparkit, Level: 4, Rank: 1, Gender: Female, HP IV: 97(0%), ATK IV: 14(0%), DEF IV: 4(0%), Work Speed: (0%), Skills: Insulated Body
Sparkit, Level: 5, Rank: 1, Gender: Female, HP IV: 10(0%), ATK IV: 60(0%), DEF IV: 27(0%), Work Speed: (0%), Skills: Waterproof
Traveling Merchant, Level: 1, Rank: 1, Gender: Unknown, HP IV: 84(0%), ATK IV: 9(0%), DEF IV: 25(0%), Work Speed: (0%), Skills: Nocturnal
EvilSmoke117's 17 Pals
----------------------
Cattiva, Level: 4, Rank: 1, Gender: Female, HP IV: 33(0%), ATK IV: 19(0%), DEF IV: 21(0%), Work Speed: (0%), Skills: Coward, Stronghold Strategist
Cattiva, Level: 5, Rank: 1, Gender: Female, HP IV: 86(0%), ATK IV: 51(0%), DEF IV: 50(0%), Work Speed: (0%), Skills: Coward, Swift, Sickly
Chikipi, Level: 10, Rank: 1, Gender: Female, HP IV: 17(0%), ATK IV: 99(0%), DEF IV: 84(0%), Work Speed: (0%), Skills: Capacitor
Chikipi, Level: 10, Rank: 1, Gender: Female, HP IV: 9(0%), ATK IV: 65(0%), DEF IV: 73(0%), Work Speed: (0%), Skills: Noble
Daedream, Level: 10, Rank: 1, Gender: Female, HP IV: 38(0%), ATK IV: 41(0%), DEF IV: 54(0%), Work Speed: (0%), Skills: Masochist
Daedream, Level: 10, Rank: 1, Gender: Female, HP IV: 99(0%), ATK IV: 78(0%), DEF IV: 96(0%), Work Speed: (0%), Skills: Pyromaniac
Foxparks, Level: 10, Rank: 1, Gender: Female, HP IV: 72(0%), ATK IV: 18(0%), DEF IV: 2(0%), Work Speed: (0%), Skills: Slacker
Foxparks, Level: 5, Rank: 1, Gender: Male, HP IV: 11(0%), ATK IV: 64(0%), DEF IV: 56(0%), Work Speed: (0%), Skills: Bottomless Stomach
Gumoss, Level: 3, Rank: 1, Gender: Female, HP IV: 23(0%), ATK IV: 84(0%), DEF IV: 77(0%), Work Speed: (0%)
Hoocrates, Level: 5, Rank: 1, Gender: Female, HP IV: 16(0%), ATK IV: 46(0%), DEF IV: 46(0%), Work Speed: (0%), Skills: Conceited, Artisan, Impatient
Pengullet, Level: 4, Rank: 1, Gender: Female, HP IV: 26(0%), ATK IV: 36(0%), DEF IV: 28(0%), Work Speed: (0%), Skills: Coward
Pengullet, Level: 5, Rank: 1, Gender: Female, HP IV: 97(0%), ATK IV: 92(0%), DEF IV: 67(0%), Work Speed: (0%)
Rushoar, Level: 4, Rank: 1, Gender: Male, HP IV: 34(0%), ATK IV: 75(0%), DEF IV: 9(0%), Work Speed: (0%), Skills: Clumsy
Rushoar, Level: 6, Rank: 1, Gender: Male, HP IV: 81(0%), ATK IV: 41(0%), DEF IV: 40(0%), Work Speed: (0%), Skills: Dragonkiller
Sparkit, Level: 4, Rank: 1, Gender: Female, HP IV: 97(0%), ATK IV: 14(0%), DEF IV: 4(0%), Work Speed: (0%), Skills: Insulated Body
Sparkit, Level: 5, Rank: 1, Gender: Female, HP IV: 10(0%), ATK IV: 60(0%), DEF IV: 27(0%), Work Speed: (0%), Skills: Waterproof
Traveling Merchant, Level: 1, Rank: 1, Gender: Unknown, HP IV: 84(0%), ATK IV: 9(0%), DEF IV: 25(0%), Work Speed: (0%), Skills: Nocturnal
EvilSmoke117's 17 Pals
----------------------
Cattiva, Level: 4, Rank: 1, Gender: Female, HP IV: 33(0%), ATK IV: 19(0%), DEF IV: 21(0%), Work Speed: (0%), Skills: Coward, Stronghold Strategist
Cattiva, Level: 5, Rank: 1, Gender: Female, HP IV: 86(0%), ATK IV: 51(0%), DEF IV: 50(0%), Work Speed: (0%), Skills: Coward, Swift, Sickly
Chikipi, Level: 10, Rank: 1, Gender: Female, HP IV: 17(0%), ATK IV: 99(0%), DEF IV: 84(0%), Work Speed: (0%), Skills: Capacitor
Chikipi, Level: 10, Rank: 1, Gender: Female, HP IV: 9(0%), ATK IV: 65(0%), DEF IV: 73(0%), Work Speed: (0%), Skills: Noble
Daedream, Level: 10, Rank: 1, Gender: Female, HP IV: 38(0%), ATK IV: 41(0%), DEF IV: 54(0%), Work Speed: (0%), Skills: Masochist
Daedream, Level: 10, Rank: 1, Gender: Female, HP IV: 99(0%), ATK IV: 78(0%), DEF IV: 96(0%), Work Speed: (0%), Skills: Pyromaniac
Foxparks, Level: 10, Rank: 1, Gender: Female, HP IV: 72(0%), ATK IV: 18(0%), DEF IV: 2(0%), Work Speed: (0%), Skills: Slacker
Foxparks, Level: 5, Rank: 1, Gender: Male, HP IV: 11(0%), ATK IV: 64(0%), DEF IV: 56(0%), Work Speed: (0%), Skills: Bottomless Stomach
Gumoss, Level: 3, Rank: 1, Gender: Female, HP IV: 23(0%), ATK IV: 84(0%), DEF IV: 77(0%), Work Speed: (0%)
Hoocrates, Level: 5, Rank: 1, Gender: Female, HP IV: 16(0%), ATK IV: 46(0%), DEF IV: 46(0%), Work Speed: (0%), Skills: Conceited, Artisan, Impatient
Pengullet, Level: 4, Rank: 1, Gender: Female, HP IV: 26(0%), ATK IV: 36(0%), DEF IV: 28(0%), Work Speed: (0%), Skills: Coward
Pengullet, Level: 5, Rank: 1, Gender: Female, HP IV: 97(0%), ATK IV: 92(0%), DEF IV: 67(0%), Work Speed: (0%)
Rushoar, Level: 4, Rank: 1, Gender: Male, HP IV: 34(0%), ATK IV: 75(0%), DEF IV: 9(0%), Work Speed: (0%), Skills: Clumsy
Rushoar, Level: 6, Rank: 1, Gender: Male, HP IV: 81(0%), ATK IV: 41(0%), DEF IV: 40(0%), Work Speed: (0%), Skills: Dragonkiller
Sparkit, Level: 4, Rank: 1, Gender: Female, HP IV: 97(0%), ATK IV: 14(0%), DEF IV: 4(0%), Work Speed: (0%), Skills: Insulated Body
Sparkit, Level: 5, Rank: 1, Gender: Female, HP IV: 10(0%), ATK IV: 60(0%), DEF IV: 27(0%), Work Speed: (0%), Skills: Waterproof
Traveling Merchant, Level: 1, Rank: 1, Gender: Unknown, HP IV: 84(0%), ATK IV: 9(0%), DEF IV: 25(0%), Work Speed: (0%), Skills: Nocturnal
EvilSmoke117's 17 Pals
----------------------
Cattiva, Level: 4, Rank: 1, Gender: Female, HP IV: 33(0%), ATK IV: 19(0%), DEF IV: 21(0%), Work Speed: (0%), Skills: Coward, Stronghold Strategist
Cattiva, Level: 5, Rank: 1, Gender: Female, HP IV: 86(0%), ATK IV: 51(0%), DEF IV: 50(0%), Work Speed: (0%), Skills: Coward, Swift, Sickly
Chikipi, Level: 10, Rank: 1, Gender: Female, HP IV: 17(0%), ATK IV: 99(0%), DEF IV: 84(0%), Work Speed: (0%), Skills: Capacitor
Chikipi, Level: 10, Rank: 1, Gender: Female, HP IV: 9(0%), ATK IV: 65(0%), DEF IV: 73(0%), Work Speed: (0%), Skills: Noble
Daedream, Level: 10, Rank: 1, Gender: Female, HP IV: 38(0%), ATK IV: 41(0%), DEF IV: 54(0%), Work Speed: (0%), Skills: Masochist
Daedream, Level: 10, Rank: 1, Gender: Female, HP IV: 99(0%), ATK IV: 78(0%), DEF IV: 96(0%), Work Speed: (0%), Skills: Pyromaniac
Foxparks, Level: 10, Rank: 1, Gender: Female, HP IV: 72(0%), ATK IV: 18(0%), DEF IV: 2(0%), Work Speed: (0%), Skills: Slacker
Foxparks, Level: 5, Rank: 1, Gender: Male, HP IV: 11(0%), ATK IV: 64(0%), DEF IV: 56(0%), Work Speed: (0%), Skills: Bottomless Stomach
Gumoss, Level: 3, Rank: 1, Gender: Female, HP IV: 23(0%), ATK IV: 84(0%), DEF IV: 77(0%), Work Speed: (0%)
Hoocrates, Level: 5, Rank: 1, Gender: Female, HP IV: 16(0%), ATK IV: 46(0%), DEF IV: 46(0%), Work Speed: (0%), Skills: Conceited, Artisan, Impatient
Pengullet, Level: 4, Rank: 1, Gender: Female, HP IV: 26(0%), ATK IV: 36(0%), DEF IV: 28(0%), Work Speed: (0%), Skills: Coward
Pengullet, Level: 5, Rank: 1, Gender: Female, HP IV: 97(0%), ATK IV: 92(0%), DEF IV: 67(0%), Work Speed: (0%)
Rushoar, Level: 4, Rank: 1, Gender: Male, HP IV: 34(0%), ATK IV: 75(0%), DEF IV: 9(0%), Work Speed: (0%), Skills: Clumsy
Rushoar, Level: 6, Rank: 1, Gender: Male, HP IV: 81(0%), ATK IV: 41(0%), DEF IV: 40(0%), Work Speed: (0%), Skills: Dragonkiller
Sparkit, Level: 4, Rank: 1, Gender: Female, HP IV: 97(0%), ATK IV: 14(0%), DEF IV: 4(0%), Work Speed: (0%), Skills: Insulated Body
Sparkit, Level: 5, Rank: 1, Gender: Female, HP IV: 10(0%), ATK IV: 60(0%), DEF IV: 27(0%), Work Speed: (0%), Skills: Waterproof
Traveling Merchant, Level: 1, Rank: 1, Gender: Unknown, HP IV: 84(0%), ATK IV: 9(0%), DEF IV: 25(0%), Work Speed: (0%), Skills: Nocturnal
EvilSmoke117's 17 Pals
----------------------
Cattiva, Level: 4, Rank: 1, Gender: Female, HP IV: 33(0%), ATK IV: 19(0%), DEF IV: 21(0%), Work Speed: (0%), Skills: Coward, Stronghold Strategist
Cattiva, Level: 5, Rank: 1, Gender: Female, HP IV: 86(0%), ATK IV: 51(0%), DEF IV: 50(0%), Work Speed: (0%), Skills: Coward, Swift, Sickly
Chikipi, Level: 10, Rank: 1, Gender: Female, HP IV: 17(0%), ATK IV: 99(0%), DEF IV: 84(0%), Work Speed: (0%), Skills: Capacitor
Chikipi, Level: 10, Rank: 1, Gender: Female, HP IV: 9(0%), ATK IV: 65(0%), DEF IV: 73(0%), Work Speed: (0%), Skills: Noble
Daedream, Level: 10, Rank: 1, Gender: Female, HP IV: 38(0%), ATK IV: 41(0%), DEF IV: 54(0%), Work Speed: (0%), Skills: Masochist
Daedream, Level: 10, Rank: 1, Gender: Female, HP IV: 99(0%), ATK IV: 78(0%), DEF IV: 96(0%), Work Speed: (0%), Skills: Pyromaniac
Foxparks, Level: 10, Rank: 1, Gender: Female, HP IV: 72(0%), ATK IV: 18(0%), DEF IV: 2(0%), Work Speed: (0%), Skills: Slacker
Foxparks, Level: 5, Rank: 1, Gender: Male, HP IV: 11(0%), ATK IV: 64(0%), DEF IV: 56(0%), Work Speed: (0%), Skills: Bottomless Stomach
Gumoss, Level: 3, Rank: 1, Gender: Female, HP IV: 23(0%), ATK IV: 84(0%), DEF IV: 77(0%), Work Speed: (0%)
Hoocrates, Level: 5, Rank: 1, Gender: Female, HP IV: 16(0%), ATK IV: 46(0%), DEF IV: 46(0%), Work Speed: (0%), Skills: Conceited, Artisan, Impatient
Pengullet, Level: 4, Rank: 1, Gender: Female, HP IV: 26(0%), ATK IV: 36(0%), DEF IV: 28(0%), Work Speed: (0%), Skills: Coward
Pengullet, Level: 5, Rank: 1, Gender: Female, HP IV: 97(0%), ATK IV: 92(0%), DEF IV: 67(0%), Work Speed: (0%)
Rushoar, Level: 4, Rank: 1, Gender: Male, HP IV: 34(0%), ATK IV: 75(0%), DEF IV: 9(0%), Work Speed: (0%), Skills: Clumsy
Rushoar, Level: 6, Rank: 1, Gender: Male, HP IV: 81(0%), ATK IV: 41(0%), DEF IV: 40(0%), Work Speed: (0%), Skills: Dragonkiller
Sparkit, Level: 4, Rank: 1, Gender: Female, HP IV: 97(0%), ATK IV: 14(0%), DEF IV: 4(0%), Work Speed: (0%), Skills: Insulated Body
Sparkit, Level: 5, Rank: 1, Gender: Female, HP IV: 10(0%), ATK IV: 60(0%), DEF IV: 27(0%), Work Speed: (0%), Skills: Waterproof
Traveling Merchant, Level: 1, Rank: 1, Gender: Unknown, HP IV: 84(0%), ATK IV: 9(0%), DEF IV: 25(0%), Work Speed: (0%), Skills: Nocturnal
EvilSmoke117's 17 Pals
----------------------
Cattiva, Level: 4, Rank: 1, Gender: Female, HP IV: 33(0%), ATK IV: 19(0%), DEF IV: 21(0%), Work Speed: (0%), Skills: Coward, Stronghold Strategist
Cattiva, Level: 5, Rank: 1, Gender: Female, HP IV: 86(0%), ATK IV: 51(0%), DEF IV: 50(0%), Work Speed: (0%), Skills: Coward, Swift, Sickly
Chikipi, Level: 10, Rank: 1, Gender: Female, HP IV: 17(0%), ATK IV: 99(0%), DEF IV: 84(0%), Work Speed: (0%), Skills: Capacitor
Chikipi, Level: 10, Rank: 1, Gender: Female, HP IV: 9(0%), ATK IV: 65(0%), DEF IV: 73(0%), Work Speed: (0%), Skills: Noble
Daedream, Level: 10, Rank: 1, Gender: Female, HP IV: 38(0%), ATK IV: 41(0%), DEF IV: 54(0%), Work Speed: (0%), Skills: Masochist
Daedream, Level: 10, Rank: 1, Gender: Female, HP IV: 99(0%), ATK IV: 78(0%), DEF IV: 96(0%), Work Speed: (0%), Skills: Pyromaniac
Foxparks, Level: 10, Rank: 1, Gender: Female, HP IV: 72(0%), ATK IV: 18(0%), DEF IV: 2(0%), Work Speed: (0%), Skills: Slacker
Foxparks, Level: 5, Rank: 1, Gender: Male, HP IV: 11(0%), ATK IV: 64(0%), DEF IV: 56(0%), Work Speed: (0%), Skills: Bottomless Stomach
Gumoss, Level: 3, Rank: 1, Gender: Female, HP IV: 23(0%), ATK IV: 84(0%), DEF IV: 77(0%), Work Speed: (0%)
Hoocrates, Level: 5, Rank: 1, Gender: Female, HP IV: 16(0%), ATK IV: 46(0%), DEF IV: 46(0%), Work Speed: (0%), Skills: Conceited, Artisan, Impatient
Pengullet, Level: 4, Rank: 1, Gender: Female, HP IV: 26(0%), ATK IV: 36(0%), DEF IV: 28(0%), Work Speed: (0%), Skills: Coward
Pengullet, Level: 5, Rank: 1, Gender: Female, HP IV: 97(0%), ATK IV: 92(0%), DEF IV: 67(0%), Work Speed: (0%)
Rushoar, Level: 4, Rank: 1, Gender: Male, HP IV: 34(0%), ATK IV: 75(0%), DEF IV: 9(0%), Work Speed: (0%), Skills: Clumsy
Rushoar, Level: 6, Rank: 1, Gender: Male, HP IV: 81(0%), ATK IV: 41(0%), DEF IV: 40(0%), Work Speed: (0%), Skills: Dragonkiller
Sparkit, Level: 4, Rank: 1, Gender: Female, HP IV: 97(0%), ATK IV: 14(0%), DEF IV: 4(0%), Work Speed: (0%), Skills: Insulated Body
Sparkit, Level: 5, Rank: 1, Gender: Female, HP IV: 10(0%), ATK IV: 60(0%), DEF IV: 27(0%), Work Speed: (0%), Skills: Waterproof
Traveling Merchant, Level: 1, Rank: 1, Gender: Unknown, HP IV: 84(0%), ATK IV: 9(0%), DEF IV: 25(0%), Work Speed: (0%), Skills: Nocturnal
EvilSmoke117's 17 Pals
----------------------
Cattiva, Level: 4, Rank: 1, Gender: Female, HP IV: 33(0%), ATK IV: 19(0%), DEF IV: 21(0%), Work Speed: (0%), Skills: Coward, Stronghold Strategist
Cattiva, Level: 5, Rank: 1, Gender: Female, HP IV: 86(0%), ATK IV: 51(0%), DEF IV: 50(0%), Work Speed: (0%), Skills: Coward, Swift, Sickly
Chikipi, Level: 10, Rank: 1, Gender: Female, HP IV: 17(0%), ATK IV: 99(0%), DEF IV: 84(0%), Work Speed: (0%), Skills: Capacitor
Chikipi, Level: 10, Rank: 1, Gender: Female, HP IV: 9(0%), ATK IV: 65(0%), DEF IV: 73(0%), Work Speed: (0%), Skills: Noble
Daedream, Level: 10, Rank: 1, Gender: Female, HP IV: 38(0%), ATK IV: 41(0%), DEF IV: 54(0%), Work Speed: (0%), Skills: Masochist
Daedream, Level: 10, Rank: 1, Gender: Female, HP IV: 99(0%), ATK IV: 78(0%), DEF IV: 96(0%), Work Speed: (0%), Skills: Pyromaniac
Foxparks, Level: 10, Rank: 1, Gender: Female, HP IV: 72(0%), ATK IV: 18(0%), DEF IV: 2(0%), Work Speed: (0%), Skills: Slacker
Foxparks, Level: 5, Rank: 1, Gender: Male, HP IV: 11(0%), ATK IV: 64(0%), DEF IV: 56(0%), Work Speed: (0%), Skills: Bottomless Stomach
Gumoss, Level: 3, Rank: 1, Gender: Female, HP IV: 23(0%), ATK IV: 84(0%), DEF IV: 77(0%), Work Speed: (0%)
Hoocrates, Level: 5, Rank: 1, Gender: Female, HP IV: 16(0%), ATK IV: 46(0%), DEF IV: 46(0%), Work Speed: (0%), Skills: Conceited, Artisan, Impatient
Pengullet, Level: 4, Rank: 1, Gender: Female, HP IV: 26(0%), ATK IV: 36(0%), DEF IV: 28(0%), Work Speed: (0%), Skills: Coward
Pengullet, Level: 5, Rank: 1, Gender: Female, HP IV: 97(0%), ATK IV: 92(0%), DEF IV: 67(0%), Work Speed: (0%)
Rushoar, Level: 4, Rank: 1, Gender: Male, HP IV: 34(0%), ATK IV: 75(0%), DEF IV: 9(0%), Work Speed: (0%), Skills: Clumsy
Rushoar, Level: 6, Rank: 1, Gender: Male, HP IV: 81(0%), ATK IV: 41(0%), DEF IV: 40(0%), Work Speed: (0%), Skills: Dragonkiller
Sparkit, Level: 4, Rank: 1, Gender: Female, HP IV: 97(0%), ATK IV: 14(0%), DEF IV: 4(0%), Work Speed: (0%), Skills: Insulated Body
Sparkit, Level: 5, Rank: 1, Gender: Female, HP IV: 10(0%), ATK IV: 60(0%), DEF IV: 27(0%), Work Speed: (0%), Skills: Waterproof
Traveling Merchant, Level: 1, Rank: 1, Gender: Unknown, HP IV: 84(0%), ATK IV: 9(0%), DEF IV: 25(0%), Work Speed: (0%), Skills: Nocturnal
EvilSmoke117's 17 Pals
----------------------
Cattiva, Level: 4, Rank: 1, Gender: Female, HP IV: 33(0%), ATK IV: 19(0%), DEF IV: 21(0%), Work Speed: (0%), Skills: Coward, Stronghold Strategist
Cattiva, Level: 5, Rank: 1, Gender: Female, HP IV: 86(0%), ATK IV: 51(0%), DEF IV: 50(0%), Work Speed: (0%), Skills: Coward, Swift, Sickly
Chikipi, Level: 10, Rank: 1, Gender: Female, HP IV: 17(0%), ATK IV: 99(0%), DEF IV: 84(0%), Work Speed: (0%), Skills: Capacitor
Chikipi, Level: 10, Rank: 1, Gender: Female, HP IV: 9(0%), ATK IV: 65(0%), DEF IV: 73(0%), Work Speed: (0%), Skills: Noble
Daedream, Level: 10, Rank: 1, Gender: Female, HP IV: 38(0%), ATK IV: 41(0%), DEF IV: 54(0%), Work Speed: (0%), Skills: Masochist
Daedream, Level: 10, Rank: 1, Gender: Female, HP IV: 99(0%), ATK IV: 78(0%), DEF IV: 96(0%), Work Speed: (0%), Skills: Pyromaniac
Foxparks, Level: 10, Rank: 1, Gender: Female, HP IV: 72(0%), ATK IV: 18(0%), DEF IV: 2(0%), Work Speed: (0%), Skills: Slacker
Foxparks, Level: 5, Rank: 1, Gender: Male, HP IV: 11(0%), ATK IV: 64(0%), DEF IV: 56(0%), Work Speed: (0%), Skills: Bottomless Stomach
Gumoss, Level: 3, Rank: 1, Gender: Female, HP IV: 23(0%), ATK IV: 84(0%), DEF IV: 77(0%), Work Speed: (0%)
Hoocrates, Level: 5, Rank: 1, Gender: Female, HP IV: 16(0%), ATK IV: 46(0%), DEF IV: 46(0%), Work Speed: (0%), Skills: Conceited, Artisan, Impatient
Pengullet, Level: 4, Rank: 1, Gender: Female, HP IV: 26(0%), ATK IV: 36(0%), DEF IV: 28(0%), Work Speed: (0%), Skills: Coward
Pengullet, Level: 5, Rank: 1, Gender: Female, HP IV: 97(0%), ATK IV: 92(0%), DEF IV: 67(0%), Work Speed: (0%)
Rushoar, Level: 4, Rank: 1, Gender: Male, HP IV: 34(0%), ATK IV: 75(0%), DEF IV: 9(0%), Work Speed: (0%), Skills: Clumsy
Rushoar, Level: 6, Rank: 1, Gender: Male, HP IV: 81(0%), ATK IV: 41(0%), DEF IV: 40(0%), Work Speed: (0%), Skills: Dragonkiller
Sparkit, Level: 4, Rank: 1, Gender: Female, HP IV: 97(0%), ATK IV: 14(0%), DEF IV: 4(0%), Work Speed: (0%), Skills: Insulated Body
Sparkit, Level: 5, Rank: 1, Gender: Female, HP IV: 10(0%), ATK IV: 60(0%), DEF IV: 27(0%), Work Speed: (0%), Skills: Waterproof
Traveling Merchant, Level: 1, Rank: 1, Gender: Unknown, HP IV: 84(0%), ATK IV: 9(0%), DEF IV: 25(0%), Work Speed: (0%), Skills: Nocturnal
EvilSmoke117's 17 Pals
----------------------
Cattiva, Level: 4, Rank: 1, Gender: Female, HP IV: 33(0%), ATK IV: 19(0%), DEF IV: 21(0%), Work Speed: (0%), Skills: Coward, Stronghold Strategist
Cattiva, Level: 5, Rank: 1, Gender: Female, HP IV: 86(0%), ATK IV: 51(0%), DEF IV: 50(0%), Work Speed: (0%), Skills: Coward, Swift, Sickly
Chikipi, Level: 10, Rank: 1, Gender: Female, HP IV: 17(0%), ATK IV: 99(0%), DEF IV: 84(0%), Work Speed: (0%), Skills: Capacitor
Chikipi, Level: 10, Rank: 1, Gender: Female, HP IV: 9(0%), ATK IV: 65(0%), DEF IV: 73(0%), Work Speed: (0%), Skills: Noble
Daedream, Level: 10, Rank: 1, Gender: Female, HP IV: 38(0%), ATK IV: 41(0%), DEF IV: 54(0%), Work Speed: (0%), Skills: Masochist
Daedream, Level: 10, Rank: 1, Gender: Female, HP IV: 99(0%), ATK IV: 78(0%), DEF IV: 96(0%), Work Speed: (0%), Skills: Pyromaniac
Foxparks, Level: 10, Rank: 1, Gender: Female, HP IV: 72(0%), ATK IV: 18(0%), DEF IV: 2(0%), Work Speed: (0%), Skills: Slacker
Foxparks, Level: 5, Rank: 1, Gender: Male, HP IV: 11(0%), ATK IV: 64(0%), DEF IV: 56(0%), Work Speed: (0%), Skills: Bottomless Stomach
Gumoss, Level: 3, Rank: 1, Gender: Female, HP IV: 23(0%), ATK IV: 84(0%), DEF IV: 77(0%), Work Speed: (0%)
Hoocrates, Level: 5, Rank: 1, Gender: Female, HP IV: 16(0%), ATK IV: 46(0%), DEF IV: 46(0%), Work Speed: (0%), Skills: Conceited, Artisan, Impatient
Pengullet, Level: 4, Rank: 1, Gender: Female, HP IV: 26(0%), ATK IV: 36(0%), DEF IV: 28(0%), Work Speed: (0%), Skills: Coward
Pengullet, Level: 5, Rank: 1, Gender: Female, HP IV: 97(0%), ATK IV: 92(0%), DEF IV: 67(0%), Work Speed: (0%)
Rushoar, Level: 4, Rank: 1, Gender: Male, HP IV: 34(0%), ATK IV: 75(0%), DEF IV: 9(0%), Work Speed: (0%), Skills: Clumsy
Rushoar, Level: 6, Rank: 1, Gender: Male, HP IV: 81(0%), ATK IV: 41(0%), DEF IV: 40(0%), Work Speed: (0%), Skills: Dragonkiller
Sparkit, Level: 4, Rank: 1, Gender: Female, HP IV: 97(0%), ATK IV: 14(0%), DEF IV: 4(0%), Work Speed: (0%), Skills: Insulated Body
Sparkit, Level: 5, Rank: 1, Gender: Female, HP IV: 10(0%), ATK IV: 60(0%), DEF IV: 27(0%), Work Speed: (0%), Skills: Waterproof
Traveling Merchant, Level: 1, Rank: 1, Gender: Unknown, HP IV: 84(0%), ATK IV: 9(0%), DEF IV: 25(0%), Work Speed: (0%), Skills: Nocturnal
EvilSmoke117's 17 Pals
----------------------
Cattiva, Level: 4, Rank: 1, Gender: Female, HP IV: 33(0%), ATK IV: 19(0%), DEF IV: 21(0%), Work Speed: (0%), Skills: Coward, Stronghold Strategist
Cattiva, Level: 5, Rank: 1, Gender: Female, HP IV: 86(0%), ATK IV: 51(0%), DEF IV: 50(0%), Work Speed: (0%), Skills: Coward, Swift, Sickly
Chikipi, Level: 10, Rank: 1, Gender: Female, HP IV: 17(0%), ATK IV: 99(0%), DEF IV: 84(0%), Work Speed: (0%), Skills: Capacitor
Chikipi, Level: 10, Rank: 1, Gender: Female, HP IV: 9(0%), ATK IV: 65(0%), DEF IV: 73(0%), Work Speed: (0%), Skills: Noble
Daedream, Level: 10, Rank: 1, Gender: Female, HP IV: 38(0%), ATK IV: 41(0%), DEF IV: 54(0%), Work Speed: (0%), Skills: Masochist
Daedream, Level: 10, Rank: 1, Gender: Female, HP IV: 99(0%), ATK IV: 78(0%), DEF IV: 96(0%), Work Speed: (0%), Skills: Pyromaniac
Foxparks, Level: 10, Rank: 1, Gender: Female, HP IV: 72(0%), ATK IV: 18(0%), DEF IV: 2(0%), Work Speed: (0%), Skills: Slacker
Foxparks, Level: 5, Rank: 1, Gender: Male, HP IV: 11(0%), ATK IV: 64(0%), DEF IV: 56(0%), Work Speed: (0%), Skills: Bottomless Stomach
Gumoss, Level: 3, Rank: 1, Gender: Female, HP IV: 23(0%), ATK IV: 84(0%), DEF IV: 77(0%), Work Speed: (0%)
Hoocrates, Level: 5, Rank: 1, Gender: Female, HP IV: 16(0%), ATK IV: 46(0%), DEF IV: 46(0%), Work Speed: (0%), Skills: Conceited, Artisan, Impatient
Pengullet, Level: 4, Rank: 1, Gender: Female, HP IV: 26(0%), ATK IV: 36(0%), DEF IV: 28(0%), Work Speed: (0%), Skills: Coward
Pengullet, Level: 5, Rank: 1, Gender: Female, HP IV: 97(0%), ATK IV: 92(0%), DEF IV: 67(0%), Work Speed: (0%)
Rushoar, Level: 4, Rank: 1, Gender: Male, HP IV: 34(0%), ATK IV: 75(0%), DEF IV: 9(0%), Work Speed: (0%), Skills: Clumsy
Rushoar, Level: 6, Rank: 1, Gender: Male, HP IV: 81(0%), ATK IV: 41(0%), DEF IV: 40(0%), Work Speed: (0%), Skills: Dragonkiller
Sparkit, Level: 4, Rank: 1, Gender: Female, HP IV: 97(0%), ATK IV: 14(0%), DEF IV: 4(0%), Work Speed: (0%), Skills: Insulated Body
Sparkit, Level: 5, Rank: 1, Gender: Female, HP IV: 10(0%), ATK IV: 60(0%), DEF IV: 27(0%), Work Speed: (0%), Skills: Waterproof
Traveling Merchant, Level: 1, Rank: 1, Gender: Unknown, HP IV: 84(0%), ATK IV: 9(0%), DEF IV: 25(0%), Work Speed: (0%), Skills: Nocturnal
