Evv's 42 Pals
-------------
Alpha Chillet, Level: 11, Rank: 1, Gender: Male, HP IV: 98(0%), ATK IV: 67(0%), DEF IV: 83(0%), Work Speed: (0%), Skills: Pacifist, Cheery
Alpha Dumud, Level: 14, Rank: 1, Gender: Female, HP IV: 60(0%), ATK IV: 84(0%), DEF IV: 68(0%), Work Speed: (0%), Skills: Logging Foreman
Alpha Gumoss, Level: 11, Rank: 1, Gender: Female, HP IV: 56(0%), ATK IV: 86(0%), DEF IV: 64(0%), Work Speed: (0%)
Alpha Nitewing, Level: 19, Rank: 1, Gender: Male, HP IV: 72(0%), ATK IV: 97(0%), DEF IV: 78(0%), Work Speed: (0%)
Alpha Sweepa, Level: 11, Rank: 1, Gender: Female, HP IV: 76(0%), ATK IV: 90(0%), DEF IV: 56(0%), Work Speed: (0%), Skills: Coward, Bottomless Stomach
Astegon, Level: 17, Rank: 1, Gender: Male, HP IV: 28(0%), ATK IV: 34(0%), DEF IV: 19(0%), Work Speed: (0%), Skills: Work Slave, Serious
Astegon, Level: 18, Rank: 1, Gender: Male, HP IV: 79(0%), ATK IV: 19(0%), DEF IV: 63(0%), Work Speed: (0%), Skills: Artisan, Easygoing
Astegon, Level: 19, Rank: 1, Gender: Male, HP IV: 28(0%), ATK IV: 62(0%), DEF IV: 63(0%), Work Speed: (0%), Skills: Serious
Astegon, Level: 45, Rank: 1, Gender: Male, HP IV: 1(0%), ATK IV: 84(0%), DEF IV: 52(0%), Work Speed: (0%), Skills: Hard Skin, Swift
Celaray, Level: 4, Rank: 1, Gender: Female, HP IV: 88(0%), ATK IV: 89(0%), DEF IV: 46(0%), Work Speed: (0%), Skills: Mercy hit
Celaray, Level: 5, Rank: 1, Gender: Female, HP IV: 33(0%), ATK IV: 41(0%), DEF IV: 58(0%), Work Speed: (0%), Skills: Blood of the Dragon
Chikipi, Level: 4, Rank: 1, Gender: Female, HP IV: 97(0%), ATK IV: 42(0%), DEF IV: 98(0%), Work Speed: (0%), Skills: Coward
Chikipi, Level: 8, Rank: 1, Gender: Male, HP IV: 34(0%), ATK IV: 29(0%), DEF IV: 67(0%), Work Speed: (0%), Skills: Positive Thinker
Chillet, Level: 1, Rank: 1, Gender: Male, HP IV: 78(0%), ATK IV: 75(0%), DEF IV: 29(0%), Work Speed: (0%), Skills: Bottomless Stomach
Croajiro, Level: 15, Rank: 1, Gender: Female, HP IV: 8(0%), ATK IV: 70(0%), DEF IV: 44(0%), Work Speed: (0%), Skills: Fit as a Fiddle, Work Slave
Croajiro, Level: 15, Rank: 1, Gender: Female, HP IV: 82(0%), ATK IV: 64(0%), DEF IV: 41(0%), Work Speed: (0%), Skills: Capacitor, Aggressive
Croajiro, Level: 3, Rank: 1, Gender: Male, HP IV: 92(0%), ATK IV: 13(0%), DEF IV: 42(0%), Work Speed: (0%)
Croajiro, Level: 4, Rank: 1, Gender: Female, HP IV: 62(0%), ATK IV: 79(0%), DEF IV: 7(0%), Work Speed: (0%), Skills: Pyromaniac
Croajiro, Level: 5, Rank: 1, Gender: Male, HP IV: 69(0%), ATK IV: 33(0%), DEF IV: 46(0%), Work Speed: (0%), Skills: Positive Thinker
Depresso, Level: 3, Rank: 1, Gender: Male, HP IV: 52(0%), ATK IV: 43(0%), DEF IV: 60(0%), Work Speed: (0%), Skills: Waterproof
Depresso, Level: 5, Rank: 1, Gender: Male, HP IV: 56(0%), ATK IV: 51(0%), DEF IV: 21(0%), Work Speed: (0%), Skills: Earthquake Resistant
Depresso, Level: 7, Rank: 1, Gender: Female, HP IV: 50(0%), ATK IV: 7(0%), DEF IV: 87(0%), Work Speed: (0%), Skills: Downtrodden
Direhowl, Level: 1, Rank: 1, Gender: Female, HP IV: 35(0%), ATK IV: 70(0%), DEF IV: 72(0%), Work Speed: (0%), Skills: Dainty Eater
Direhowl, Level: 1, Rank: 1, Gender: Female, HP IV: 64(0%), ATK IV: 87(0%), DEF IV: 17(0%), Work Speed: (0%), Skills: Suntan Lover
Direhowl, Level: 1, Rank: 1, Gender: Male, HP IV: 87(0%), ATK IV: 15(0%), DEF IV: 94(0%), Work Speed: (0%), Skills: Conceited, Downtrodden, Insulated Body
Dumud, Level: 21, Rank: 1, Gender: Female, HP IV: 49(0%), ATK IV: 27(0%), DEF IV: 34(0%), Work Speed: (0%), Skills: Coward
Eikthyrdeer, Level: 12, Rank: 1, Gender: Male, HP IV: 47(0%), ATK IV: 7(0%), DEF IV: 64(0%), Work Speed: (0%), Skills: Suntan Lover
Flambelle, Level: 15, Rank: 1, Gender: Male, HP IV: 94(0%), ATK IV: 25(0%), DEF IV: 51(0%), Work Speed: (0%), Skills: Brave
Flambelle, Level: 19, Rank: 1, Gender: Male, HP IV: 56(0%), ATK IV: 83(0%), DEF IV: 60(0%), Work Speed: (0%), Skills: Ferocious
Lamball, Level: 12, Rank: 1, Gender: Female, HP IV: 80(0%), ATK IV: 84(0%), DEF IV: 27(0%), Work Speed: (0%), Skills: Pacifist
Lamball, Level: 16, Rank: 1, Gender: Female, HP IV: 40(0%), ATK IV: 82(0%), DEF IV: 21(0%), Work Speed: (0%), Skills: Workaholic
Lifmunk, Level: 14, Rank: 1, Gender: Female, HP IV: 51(0%), ATK IV: 25(0%), DEF IV: 82(0%), Work Speed: (0%), Skills: Nimble
Melpaca, Level: 10, Rank: 1, Gender: Female, HP IV: 65(0%), ATK IV: 57(0%), DEF IV: 40(0%), Work Speed: (0%), Skills: Earthquake Resistant, Philantropist
Mimog, Level: 13, Rank: 1, Gender: Male, HP IV: 30(0%), ATK IV: 14(0%), DEF IV: 94(0%), Work Speed: (0%), Skills: Downtrodden
Nitewing, Level: 1, Rank: 1, Gender: Male, HP IV: 90(0%), ATK IV: 27(0%), DEF IV: 12(0%), Work Speed: (0%), Skills: Serious
Nox, Level: 7, Rank: 1, Gender: Female, HP IV: 29(0%), ATK IV: 22(0%), DEF IV: 57(0%), Work Speed: (0%), Skills: Noble
Pengullet, Level: 2, Rank: 1, Gender: Male, HP IV: 80(0%), ATK IV: 98(0%), DEF IV: 7(0%), Work Speed: (0%), Skills: Coward
Pengullet, Level: 4, Rank: 1, Gender: Female, HP IV: 37(0%), ATK IV: 99(0%), DEF IV: 72(0%), Work Speed: (0%), Skills: Swift
Pengullet, Level: 4, Rank: 1, Gender: Female, HP IV: 50(0%), ATK IV: 51(0%), DEF IV: 29(0%), Work Speed: (0%), Skills: Artisan
Sparkit, Level: 17, Rank: 1, Gender: Female, HP IV: 32(0%), ATK IV: 97(0%), DEF IV: 88(0%), Work Speed: (0%), Skills: Runner, Serious, Suntan Lover
Teafant, Level: 1, Rank: 1, Gender: Male, HP IV: 45(0%), ATK IV: 82(0%), DEF IV: 91(0%), Work Speed: (0%), Skills: Burly Body
Vixy, Level: 12, Rank: 1, Gender: Female, HP IV: 89(0%), ATK IV: 51(0%), DEF IV: 11(0%), Work Speed: (0%), Skills: Logging Foreman, Downtrodden, Bottomless Stomach, Masochist
Evv's 42 Pals
-------------
Alpha Chillet, Level: 11, Rank: 1, Gender: Male, HP IV: 98(0%), ATK IV: 67(0%), DEF IV: 83(0%), Work Speed: (0%), Skills: Pacifist, Cheery
Alpha Dumud, Level: 14, Rank: 1, Gender: Female, HP IV: 60(0%), ATK IV: 84(0%), DEF IV: 68(0%), Work Speed: (0%), Skills: Logging Foreman
Alpha Gumoss, Level: 11, Rank: 1, Gender: Female, HP IV: 56(0%), ATK IV: 86(0%), DEF IV: 64(0%), Work Speed: (0%)
Alpha Nitewing, Level: 19, Rank: 1, Gender: Male, HP IV: 72(0%), ATK IV: 97(0%), DEF IV: 78(0%), Work Speed: (0%)
Alpha Sweepa, Level: 11, Rank: 1, Gender: Female, HP IV: 76(0%), ATK IV: 90(0%), DEF IV: 56(0%), Work Speed: (0%), Skills: Coward, Bottomless Stomach
Astegon, Level: 17, Rank: 1, Gender: Male, HP IV: 28(0%), ATK IV: 34(0%), DEF IV: 19(0%), Work Speed: (0%), Skills: Work Slave, Serious
Astegon, Level: 18, Rank: 1, Gender: Male, HP IV: 79(0%), ATK IV: 19(0%), DEF IV: 63(0%), Work Speed: (0%), Skills: Artisan, Easygoing
Astegon, Level: 19, Rank: 1, Gender: Male, HP IV: 28(0%), ATK IV: 62(0%), DEF IV: 63(0%), Work Speed: (0%), Skills: Serious
Astegon, Level: 45, Rank: 1, Gender: Male, HP IV: 1(0%), ATK IV: 84(0%), DEF IV: 52(0%), Work Speed: (0%), Skills: Hard Skin, Swift
Celaray, Level: 4, Rank: 1, Gender: Female, HP IV: 88(0%), ATK IV: 89(0%), DEF IV: 46(0%), Work Speed: (0%), Skills: Mercy hit
Celaray, Level: 5, Rank: 1, Gender: Female, HP IV: 33(0%), ATK IV: 41(0%), DEF IV: 58(0%), Work Speed: (0%), Skills: Blood of the Dragon
Chikipi, Level: 4, Rank: 1, Gender: Female, HP IV: 97(0%), ATK IV: 42(0%), DEF IV: 98(0%), Work Speed: (0%), Skills: Coward
Chikipi, Level: 8, Rank: 1, Gender: Male, HP IV: 34(0%), ATK IV: 29(0%), DEF IV: 67(0%), Work Speed: (0%), Skills: Positive Thinker
Chillet, Level: 1, Rank: 1, Gender: Male, HP IV: 78(0%), ATK IV: 75(0%), DEF IV: 29(0%), Work Speed: (0%), Skills: Bottomless Stomach
Croajiro, Level: 15, Rank: 1, Gender: Female, HP IV: 8(0%), ATK IV: 70(0%), DEF IV: 44(0%), Work Speed: (0%), Skills: Fit as a Fiddle, Work Slave
Croajiro, Level: 15, Rank: 1, Gender: Female, HP IV: 82(0%), ATK IV: 64(0%), DEF IV: 41(0%), Work Speed: (0%), Skills: Capacitor, Aggressive
Croajiro, Level: 3, Rank: 1, Gender: Male, HP IV: 92(0%), ATK IV: 13(0%), DEF IV: 42(0%), Work Speed: (0%)
Croajiro, Level: 4, Rank: 1, Gender: Female, HP IV: 62(0%), ATK IV: 79(0%), DEF IV: 7(0%), Work Speed: (0%), Skills: Pyromaniac
Croajiro, Level: 5, Rank: 1, Gender: Male, HP IV: 69(0%), ATK IV: 33(0%), DEF IV: 46(0%), Work Speed: (0%), Skills: Positive Thinker
Depresso, Level: 3, Rank: 1, Gender: Male, HP IV: 52(0%), ATK IV: 43(0%), DEF IV: 60(0%), Work Speed: (0%), Skills: Waterproof
Depresso, Level: 5, Rank: 1, Gender: Male, HP IV: 56(0%), ATK IV: 51(0%), DEF IV: 21(0%), Work Speed: (0%), Skills: Earthquake Resistant
Depresso, Level: 7, Rank: 1, Gender: Female, HP IV: 50(0%), ATK IV: 7(0%), DEF IV: 87(0%), Work Speed: (0%), Skills: Downtrodden
Direhowl, Level: 1, Rank: 1, Gender: Female, HP IV: 35(0%), ATK IV: 70(0%), DEF IV: 72(0%), Work Speed: (0%), Skills: Dainty Eater
Direhowl, Level: 1, Rank: 1, Gender: Female, HP IV: 64(0%), ATK IV: 87(0%), DEF IV: 17(0%), Work Speed: (0%), Skills: Suntan Lover
Direhowl, Level: 1, Rank: 1, Gender: Male, HP IV: 87(0%), ATK IV: 15(0%), DEF IV: 94(0%), Work Speed: (0%), Skills: Conceited, Downtrodden, Insulated Body
Dumud, Level: 21, Rank: 1, Gender: Female, HP IV: 49(0%), ATK IV: 27(0%), DEF IV: 34(0%), Work Speed: (0%), Skills: Coward
Eikthyrdeer, Level: 12, Rank: 1, Gender: Male, HP IV: 47(0%), ATK IV: 7(0%), DEF IV: 64(0%), Work Speed: (0%), Skills: Suntan Lover
Flambelle, Level: 15, Rank: 1, Gender: Male, HP IV: 94(0%), ATK IV: 25(0%), DEF IV: 51(0%), Work Speed: (0%), Skills: Brave
Flambelle, Level: 19, Rank: 1, Gender: Male, HP IV: 56(0%), ATK IV: 83(0%), DEF IV: 60(0%), Work Speed: (0%), Skills: Ferocious
Lamball, Level: 12, Rank: 1, Gender: Female, HP IV: 80(0%), ATK IV: 84(0%), DEF IV: 27(0%), Work Speed: (0%), Skills: Pacifist
Lamball, Level: 16, Rank: 1, Gender: Female, HP IV: 40(0%), ATK IV: 82(0%), DEF IV: 21(0%), Work Speed: (0%), Skills: Workaholic
Lifmunk, Level: 14, Rank: 1, Gender: Female, HP IV: 51(0%), ATK IV: 25(0%), DEF IV: 82(0%), Work Speed: (0%), Skills: Nimble
Melpaca, Level: 10, Rank: 1, Gender: Female, HP IV: 65(0%), ATK IV: 57(0%), DEF IV: 40(0%), Work Speed: (0%), Skills: Earthquake Resistant, Philantropist
Mimog, Level: 13, Rank: 1, Gender: Male, HP IV: 30(0%), ATK IV: 14(0%), DEF IV: 94(0%), Work Speed: (0%), Skills: Downtrodden
Nitewing, Level: 1, Rank: 1, Gender: Male, HP IV: 90(0%), ATK IV: 27(0%), DEF IV: 12(0%), Work Speed: (0%), Skills: Serious
Nox, Level: 7, Rank: 1, Gender: Female, HP IV: 29(0%), ATK IV: 22(0%), DEF IV: 57(0%), Work Speed: (0%), Skills: Noble
Pengullet, Level: 2, Rank: 1, Gender: Male, HP IV: 80(0%), ATK IV: 98(0%), DEF IV: 7(0%), Work Speed: (0%), Skills: Coward
Pengullet, Level: 4, Rank: 1, Gender: Female, HP IV: 37(0%), ATK IV: 99(0%), DEF IV: 72(0%), Work Speed: (0%), Skills: Swift
Pengullet, Level: 4, Rank: 1, Gender: Female, HP IV: 50(0%), ATK IV: 51(0%), DEF IV: 29(0%), Work Speed: (0%), Skills: Artisan
Sparkit, Level: 17, Rank: 1, Gender: Female, HP IV: 32(0%), ATK IV: 97(0%), DEF IV: 88(0%), Work Speed: (0%), Skills: Runner, Serious, Suntan Lover
Teafant, Level: 1, Rank: 1, Gender: Male, HP IV: 45(0%), ATK IV: 82(0%), DEF IV: 91(0%), Work Speed: (0%), Skills: Burly Body
Vixy, Level: 12, Rank: 1, Gender: Female, HP IV: 89(0%), ATK IV: 51(0%), DEF IV: 11(0%), Work Speed: (0%), Skills: Logging Foreman, Downtrodden, Bottomless Stomach, Masochist
Evv's 42 Pals
-------------
Alpha Chillet, Level: 11, Rank: 1, Gender: Male, HP IV: 98(0%), ATK IV: 67(0%), DEF IV: 83(0%), Work Speed: (0%), Skills: Pacifist, Cheery
Alpha Dumud, Level: 14, Rank: 1, Gender: Female, HP IV: 60(0%), ATK IV: 84(0%), DEF IV: 68(0%), Work Speed: (0%), Skills: Logging Foreman
Alpha Gumoss, Level: 11, Rank: 1, Gender: Female, HP IV: 56(0%), ATK IV: 86(0%), DEF IV: 64(0%), Work Speed: (0%)
Alpha Nitewing, Level: 19, Rank: 1, Gender: Male, HP IV: 72(0%), ATK IV: 97(0%), DEF IV: 78(0%), Work Speed: (0%)
Alpha Sweepa, Level: 11, Rank: 1, Gender: Female, HP IV: 76(0%), ATK IV: 90(0%), DEF IV: 56(0%), Work Speed: (0%), Skills: Coward, Bottomless Stomach
Astegon, Level: 17, Rank: 1, Gender: Male, HP IV: 28(0%), ATK IV: 34(0%), DEF IV: 19(0%), Work Speed: (0%), Skills: Work Slave, Serious
Astegon, Level: 18, Rank: 1, Gender: Male, HP IV: 79(0%), ATK IV: 19(0%), DEF IV: 63(0%), Work Speed: (0%), Skills: Artisan, Easygoing
Astegon, Level: 19, Rank: 1, Gender: Male, HP IV: 28(0%), ATK IV: 62(0%), DEF IV: 63(0%), Work Speed: (0%), Skills: Serious
Astegon, Level: 45, Rank: 1, Gender: Male, HP IV: 1(0%), ATK IV: 84(0%), DEF IV: 52(0%), Work Speed: (0%), Skills: Hard Skin, Swift
Celaray, Level: 4, Rank: 1, Gender: Female, HP IV: 88(0%), ATK IV: 89(0%), DEF IV: 46(0%), Work Speed: (0%), Skills: Mercy hit
Celaray, Level: 5, Rank: 1, Gender: Female, HP IV: 33(0%), ATK IV: 41(0%), DEF IV: 58(0%), Work Speed: (0%), Skills: Blood of the Dragon
Chikipi, Level: 4, Rank: 1, Gender: Female, HP IV: 97(0%), ATK IV: 42(0%), DEF IV: 98(0%), Work Speed: (0%), Skills: Coward
Chikipi, Level: 8, Rank: 1, Gender: Male, HP IV: 34(0%), ATK IV: 29(0%), DEF IV: 67(0%), Work Speed: (0%), Skills: Positive Thinker
Chillet, Level: 1, Rank: 1, Gender: Male, HP IV: 78(0%), ATK IV: 75(0%), DEF IV: 29(0%), Work Speed: (0%), Skills: Bottomless Stomach
Croajiro, Level: 15, Rank: 1, Gender: Female, HP IV: 8(0%), ATK IV: 70(0%), DEF IV: 44(0%), Work Speed: (0%), Skills: Fit as a Fiddle, Work Slave
Croajiro, Level: 15, Rank: 1, Gender: Female, HP IV: 82(0%), ATK IV: 64(0%), DEF IV: 41(0%), Work Speed: (0%), Skills: Capacitor, Aggressive
Croajiro, Level: 3, Rank: 1, Gender: Male, HP IV: 92(0%), ATK IV: 13(0%), DEF IV: 42(0%), Work Speed: (0%)
Croajiro, Level: 4, Rank: 1, Gender: Female, HP IV: 62(0%), ATK IV: 79(0%), DEF IV: 7(0%), Work Speed: (0%), Skills: Pyromaniac
Croajiro, Level: 5, Rank: 1, Gender: Male, HP IV: 69(0%), ATK IV: 33(0%), DEF IV: 46(0%), Work Speed: (0%), Skills: Positive Thinker
Depresso, Level: 3, Rank: 1, Gender: Male, HP IV: 52(0%), ATK IV: 43(0%), DEF IV: 60(0%), Work Speed: (0%), Skills: Waterproof
Depresso, Level: 5, Rank: 1, Gender: Male, HP IV: 56(0%), ATK IV: 51(0%), DEF IV: 21(0%), Work Speed: (0%), Skills: Earthquake Resistant
Depresso, Level: 7, Rank: 1, Gender: Female, HP IV: 50(0%), ATK IV: 7(0%), DEF IV: 87(0%), Work Speed: (0%), Skills: Downtrodden
Direhowl, Level: 1, Rank: 1, Gender: Female, HP IV: 35(0%), ATK IV: 70(0%), DEF IV: 72(0%), Work Speed: (0%), Skills: Dainty Eater
Direhowl, Level: 1, Rank: 1, Gender: Female, HP IV: 64(0%), ATK IV: 87(0%), DEF IV: 17(0%), Work Speed: (0%), Skills: Suntan Lover
Direhowl, Level: 1, Rank: 1, Gender: Male, HP IV: 87(0%), ATK IV: 15(0%), DEF IV: 94(0%), Work Speed: (0%), Skills: Conceited, Downtrodden, Insulated Body
Dumud, Level: 21, Rank: 1, Gender: Female, HP IV: 49(0%), ATK IV: 27(0%), DEF IV: 34(0%), Work Speed: (0%), Skills: Coward
Eikthyrdeer, Level: 12, Rank: 1, Gender: Male, HP IV: 47(0%), ATK IV: 7(0%), DEF IV: 64(0%), Work Speed: (0%), Skills: Suntan Lover
Flambelle, Level: 15, Rank: 1, Gender: Male, HP IV: 94(0%), ATK IV: 25(0%), DEF IV: 51(0%), Work Speed: (0%), Skills: Brave
Flambelle, Level: 19, Rank: 1, Gender: Male, HP IV: 56(0%), ATK IV: 83(0%), DEF IV: 60(0%), Work Speed: (0%), Skills: Ferocious
Lamball, Level: 12, Rank: 1, Gender: Female, HP IV: 80(0%), ATK IV: 84(0%), DEF IV: 27(0%), Work Speed: (0%), Skills: Pacifist
Lamball, Level: 16, Rank: 1, Gender: Female, HP IV: 40(0%), ATK IV: 82(0%), DEF IV: 21(0%), Work Speed: (0%), Skills: Workaholic
Lifmunk, Level: 14, Rank: 1, Gender: Female, HP IV: 51(0%), ATK IV: 25(0%), DEF IV: 82(0%), Work Speed: (0%), Skills: Nimble
Melpaca, Level: 10, Rank: 1, Gender: Female, HP IV: 65(0%), ATK IV: 57(0%), DEF IV: 40(0%), Work Speed: (0%), Skills: Earthquake Resistant, Philantropist
Mimog, Level: 13, Rank: 1, Gender: Male, HP IV: 30(0%), ATK IV: 14(0%), DEF IV: 94(0%), Work Speed: (0%), Skills: Downtrodden
Nitewing, Level: 1, Rank: 1, Gender: Male, HP IV: 90(0%), ATK IV: 27(0%), DEF IV: 12(0%), Work Speed: (0%), Skills: Serious
Nox, Level: 7, Rank: 1, Gender: Female, HP IV: 29(0%), ATK IV: 22(0%), DEF IV: 57(0%), Work Speed: (0%), Skills: Noble
Pengullet, Level: 2, Rank: 1, Gender: Male, HP IV: 80(0%), ATK IV: 98(0%), DEF IV: 7(0%), Work Speed: (0%), Skills: Coward
Pengullet, Level: 4, Rank: 1, Gender: Female, HP IV: 37(0%), ATK IV: 99(0%), DEF IV: 72(0%), Work Speed: (0%), Skills: Swift
Pengullet, Level: 4, Rank: 1, Gender: Female, HP IV: 50(0%), ATK IV: 51(0%), DEF IV: 29(0%), Work Speed: (0%), Skills: Artisan
Sparkit, Level: 17, Rank: 1, Gender: Female, HP IV: 32(0%), ATK IV: 97(0%), DEF IV: 88(0%), Work Speed: (0%), Skills: Runner, Serious, Suntan Lover
Teafant, Level: 1, Rank: 1, Gender: Male, HP IV: 45(0%), ATK IV: 82(0%), DEF IV: 91(0%), Work Speed: (0%), Skills: Burly Body
Vixy, Level: 12, Rank: 1, Gender: Female, HP IV: 89(0%), ATK IV: 51(0%), DEF IV: 11(0%), Work Speed: (0%), Skills: Logging Foreman, Downtrodden, Bottomless Stomach, Masochist
Evv's 42 Pals
-------------
Alpha Chillet, Level: 11, Rank: 1, Gender: Male, HP IV: 98(0%), ATK IV: 67(0%), DEF IV: 83(0%), Work Speed: (0%), Skills: Pacifist, Cheery
Alpha Dumud, Level: 14, Rank: 1, Gender: Female, HP IV: 60(0%), ATK IV: 84(0%), DEF IV: 68(0%), Work Speed: (0%), Skills: Logging Foreman
Alpha Gumoss, Level: 11, Rank: 1, Gender: Female, HP IV: 56(0%), ATK IV: 86(0%), DEF IV: 64(0%), Work Speed: (0%)
Alpha Nitewing, Level: 19, Rank: 1, Gender: Male, HP IV: 72(0%), ATK IV: 97(0%), DEF IV: 78(0%), Work Speed: (0%)
Alpha Sweepa, Level: 11, Rank: 1, Gender: Female, HP IV: 76(0%), ATK IV: 90(0%), DEF IV: 56(0%), Work Speed: (0%), Skills: Coward, Bottomless Stomach
Astegon, Level: 17, Rank: 1, Gender: Male, HP IV: 28(0%), ATK IV: 34(0%), DEF IV: 19(0%), Work Speed: (0%), Skills: Work Slave, Serious
Astegon, Level: 18, Rank: 1, Gender: Male, HP IV: 79(0%), ATK IV: 19(0%), DEF IV: 63(0%), Work Speed: (0%), Skills: Artisan, Easygoing
Astegon, Level: 19, Rank: 1, Gender: Male, HP IV: 28(0%), ATK IV: 62(0%), DEF IV: 63(0%), Work Speed: (0%), Skills: Serious
Astegon, Level: 45, Rank: 1, Gender: Male, HP IV: 1(0%), ATK IV: 84(0%), DEF IV: 52(0%), Work Speed: (0%), Skills: Hard Skin, Swift
Celaray, Level: 4, Rank: 1, Gender: Female, HP IV: 88(0%), ATK IV: 89(0%), DEF IV: 46(0%), Work Speed: (0%), Skills: Mercy hit
Celaray, Level: 5, Rank: 1, Gender: Female, HP IV: 33(0%), ATK IV: 41(0%), DEF IV: 58(0%), Work Speed: (0%), Skills: Blood of the Dragon
Chikipi, Level: 4, Rank: 1, Gender: Female, HP IV: 97(0%), ATK IV: 42(0%), DEF IV: 98(0%), Work Speed: (0%), Skills: Coward
Chikipi, Level: 8, Rank: 1, Gender: Male, HP IV: 34(0%), ATK IV: 29(0%), DEF IV: 67(0%), Work Speed: (0%), Skills: Positive Thinker
Chillet, Level: 1, Rank: 1, Gender: Male, HP IV: 78(0%), ATK IV: 75(0%), DEF IV: 29(0%), Work Speed: (0%), Skills: Bottomless Stomach
Croajiro, Level: 15, Rank: 1, Gender: Female, HP IV: 8(0%), ATK IV: 70(0%), DEF IV: 44(0%), Work Speed: (0%), Skills: Fit as a Fiddle, Work Slave
Croajiro, Level: 15, Rank: 1, Gender: Female, HP IV: 82(0%), ATK IV: 64(0%), DEF IV: 41(0%), Work Speed: (0%), Skills: Capacitor, Aggressive
Croajiro, Level: 3, Rank: 1, Gender: Male, HP IV: 92(0%), ATK IV: 13(0%), DEF IV: 42(0%), Work Speed: (0%)
Croajiro, Level: 4, Rank: 1, Gender: Female, HP IV: 62(0%), ATK IV: 79(0%), DEF IV: 7(0%), Work Speed: (0%), Skills: Pyromaniac
Croajiro, Level: 5, Rank: 1, Gender: Male, HP IV: 69(0%), ATK IV: 33(0%), DEF IV: 46(0%), Work Speed: (0%), Skills: Positive Thinker
Depresso, Level: 3, Rank: 1, Gender: Male, HP IV: 52(0%), ATK IV: 43(0%), DEF IV: 60(0%), Work Speed: (0%), Skills: Waterproof
Depresso, Level: 5, Rank: 1, Gender: Male, HP IV: 56(0%), ATK IV: 51(0%), DEF IV: 21(0%), Work Speed: (0%), Skills: Earthquake Resistant
Depresso, Level: 7, Rank: 1, Gender: Female, HP IV: 50(0%), ATK IV: 7(0%), DEF IV: 87(0%), Work Speed: (0%), Skills: Downtrodden
Direhowl, Level: 1, Rank: 1, Gender: Female, HP IV: 35(0%), ATK IV: 70(0%), DEF IV: 72(0%), Work Speed: (0%), Skills: Dainty Eater
Direhowl, Level: 1, Rank: 1, Gender: Female, HP IV: 64(0%), ATK IV: 87(0%), DEF IV: 17(0%), Work Speed: (0%), Skills: Suntan Lover
Direhowl, Level: 1, Rank: 1, Gender: Male, HP IV: 87(0%), ATK IV: 15(0%), DEF IV: 94(0%), Work Speed: (0%), Skills: Conceited, Downtrodden, Insulated Body
Dumud, Level: 21, Rank: 1, Gender: Female, HP IV: 49(0%), ATK IV: 27(0%), DEF IV: 34(0%), Work Speed: (0%), Skills: Coward
Eikthyrdeer, Level: 12, Rank: 1, Gender: Male, HP IV: 47(0%), ATK IV: 7(0%), DEF IV: 64(0%), Work Speed: (0%), Skills: Suntan Lover
Flambelle, Level: 15, Rank: 1, Gender: Male, HP IV: 94(0%), ATK IV: 25(0%), DEF IV: 51(0%), Work Speed: (0%), Skills: Brave
Flambelle, Level: 19, Rank: 1, Gender: Male, HP IV: 56(0%), ATK IV: 83(0%), DEF IV: 60(0%), Work Speed: (0%), Skills: Ferocious
Lamball, Level: 12, Rank: 1, Gender: Female, HP IV: 80(0%), ATK IV: 84(0%), DEF IV: 27(0%), Work Speed: (0%), Skills: Pacifist
Lamball, Level: 16, Rank: 1, Gender: Female, HP IV: 40(0%), ATK IV: 82(0%), DEF IV: 21(0%), Work Speed: (0%), Skills: Workaholic
Lifmunk, Level: 14, Rank: 1, Gender: Female, HP IV: 51(0%), ATK IV: 25(0%), DEF IV: 82(0%), Work Speed: (0%), Skills: Nimble
Melpaca, Level: 10, Rank: 1, Gender: Female, HP IV: 65(0%), ATK IV: 57(0%), DEF IV: 40(0%), Work Speed: (0%), Skills: Earthquake Resistant, Philantropist
Mimog, Level: 13, Rank: 1, Gender: Male, HP IV: 30(0%), ATK IV: 14(0%), DEF IV: 94(0%), Work Speed: (0%), Skills: Downtrodden
Nitewing, Level: 1, Rank: 1, Gender: Male, HP IV: 90(0%), ATK IV: 27(0%), DEF IV: 12(0%), Work Speed: (0%), Skills: Serious
Nox, Level: 7, Rank: 1, Gender: Female, HP IV: 29(0%), ATK IV: 22(0%), DEF IV: 57(0%), Work Speed: (0%), Skills: Noble
Pengullet, Level: 2, Rank: 1, Gender: Male, HP IV: 80(0%), ATK IV: 98(0%), DEF IV: 7(0%), Work Speed: (0%), Skills: Coward
Pengullet, Level: 4, Rank: 1, Gender: Female, HP IV: 37(0%), ATK IV: 99(0%), DEF IV: 72(0%), Work Speed: (0%), Skills: Swift
Pengullet, Level: 4, Rank: 1, Gender: Female, HP IV: 50(0%), ATK IV: 51(0%), DEF IV: 29(0%), Work Speed: (0%), Skills: Artisan
Sparkit, Level: 17, Rank: 1, Gender: Female, HP IV: 32(0%), ATK IV: 97(0%), DEF IV: 88(0%), Work Speed: (0%), Skills: Runner, Serious, Suntan Lover
Teafant, Level: 1, Rank: 1, Gender: Male, HP IV: 45(0%), ATK IV: 82(0%), DEF IV: 91(0%), Work Speed: (0%), Skills: Burly Body
Vixy, Level: 12, Rank: 1, Gender: Female, HP IV: 89(0%), ATK IV: 51(0%), DEF IV: 11(0%), Work Speed: (0%), Skills: Logging Foreman, Downtrodden, Bottomless Stomach, Masochist
Evv's 42 Pals
-------------
Alpha Chillet, Level: 11, Rank: 1, Gender: Male, HP IV: 98(0%), ATK IV: 67(0%), DEF IV: 83(0%), Work Speed: (0%), Skills: Pacifist, Cheery
Alpha Dumud, Level: 14, Rank: 1, Gender: Female, HP IV: 60(0%), ATK IV: 84(0%), DEF IV: 68(0%), Work Speed: (0%), Skills: Logging Foreman
Alpha Gumoss, Level: 11, Rank: 1, Gender: Female, HP IV: 56(0%), ATK IV: 86(0%), DEF IV: 64(0%), Work Speed: (0%)
Alpha Nitewing, Level: 19, Rank: 1, Gender: Male, HP IV: 72(0%), ATK IV: 97(0%), DEF IV: 78(0%), Work Speed: (0%)
Alpha Sweepa, Level: 11, Rank: 1, Gender: Female, HP IV: 76(0%), ATK IV: 90(0%), DEF IV: 56(0%), Work Speed: (0%), Skills: Coward, Bottomless Stomach
Astegon, Level: 17, Rank: 1, Gender: Male, HP IV: 28(0%), ATK IV: 34(0%), DEF IV: 19(0%), Work Speed: (0%), Skills: Work Slave, Serious
Astegon, Level: 18, Rank: 1, Gender: Male, HP IV: 79(0%), ATK IV: 19(0%), DEF IV: 63(0%), Work Speed: (0%), Skills: Artisan, Easygoing
Astegon, Level: 19, Rank: 1, Gender: Male, HP IV: 28(0%), ATK IV: 62(0%), DEF IV: 63(0%), Work Speed: (0%), Skills: Serious
Astegon, Level: 45, Rank: 1, Gender: Male, HP IV: 1(0%), ATK IV: 84(0%), DEF IV: 52(0%), Work Speed: (0%), Skills: Hard Skin, Swift
Celaray, Level: 4, Rank: 1, Gender: Female, HP IV: 88(0%), ATK IV: 89(0%), DEF IV: 46(0%), Work Speed: (0%), Skills: Mercy hit
Celaray, Level: 5, Rank: 1, Gender: Female, HP IV: 33(0%), ATK IV: 41(0%), DEF IV: 58(0%), Work Speed: (0%), Skills: Blood of the Dragon
Chikipi, Level: 4, Rank: 1, Gender: Female, HP IV: 97(0%), ATK IV: 42(0%), DEF IV: 98(0%), Work Speed: (0%), Skills: Coward
Chikipi, Level: 8, Rank: 1, Gender: Male, HP IV: 34(0%), ATK IV: 29(0%), DEF IV: 67(0%), Work Speed: (0%), Skills: Positive Thinker
Chillet, Level: 1, Rank: 1, Gender: Male, HP IV: 78(0%), ATK IV: 75(0%), DEF IV: 29(0%), Work Speed: (0%), Skills: Bottomless Stomach
Croajiro, Level: 15, Rank: 1, Gender: Female, HP IV: 8(0%), ATK IV: 70(0%), DEF IV: 44(0%), Work Speed: (0%), Skills: Fit as a Fiddle, Work Slave
Croajiro, Level: 15, Rank: 1, Gender: Female, HP IV: 82(0%), ATK IV: 64(0%), DEF IV: 41(0%), Work Speed: (0%), Skills: Capacitor, Aggressive
Croajiro, Level: 3, Rank: 1, Gender: Male, HP IV: 92(0%), ATK IV: 13(0%), DEF IV: 42(0%), Work Speed: (0%)
Croajiro, Level: 4, Rank: 1, Gender: Female, HP IV: 62(0%), ATK IV: 79(0%), DEF IV: 7(0%), Work Speed: (0%), Skills: Pyromaniac
Croajiro, Level: 5, Rank: 1, Gender: Male, HP IV: 69(0%), ATK IV: 33(0%), DEF IV: 46(0%), Work Speed: (0%), Skills: Positive Thinker
Depresso, Level: 3, Rank: 1, Gender: Male, HP IV: 52(0%), ATK IV: 43(0%), DEF IV: 60(0%), Work Speed: (0%), Skills: Waterproof
Depresso, Level: 5, Rank: 1, Gender: Male, HP IV: 56(0%), ATK IV: 51(0%), DEF IV: 21(0%), Work Speed: (0%), Skills: Earthquake Resistant
Depresso, Level: 7, Rank: 1, Gender: Female, HP IV: 50(0%), ATK IV: 7(0%), DEF IV: 87(0%), Work Speed: (0%), Skills: Downtrodden
Direhowl, Level: 1, Rank: 1, Gender: Female, HP IV: 35(0%), ATK IV: 70(0%), DEF IV: 72(0%), Work Speed: (0%), Skills: Dainty Eater
Direhowl, Level: 1, Rank: 1, Gender: Female, HP IV: 64(0%), ATK IV: 87(0%), DEF IV: 17(0%), Work Speed: (0%), Skills: Suntan Lover
Direhowl, Level: 1, Rank: 1, Gender: Male, HP IV: 87(0%), ATK IV: 15(0%), DEF IV: 94(0%), Work Speed: (0%), Skills: Conceited, Downtrodden, Insulated Body
Dumud, Level: 21, Rank: 1, Gender: Female, HP IV: 49(0%), ATK IV: 27(0%), DEF IV: 34(0%), Work Speed: (0%), Skills: Coward
Eikthyrdeer, Level: 12, Rank: 1, Gender: Male, HP IV: 47(0%), ATK IV: 7(0%), DEF IV: 64(0%), Work Speed: (0%), Skills: Suntan Lover
Flambelle, Level: 15, Rank: 1, Gender: Male, HP IV: 94(0%), ATK IV: 25(0%), DEF IV: 51(0%), Work Speed: (0%), Skills: Brave
Flambelle, Level: 19, Rank: 1, Gender: Male, HP IV: 56(0%), ATK IV: 83(0%), DEF IV: 60(0%), Work Speed: (0%), Skills: Ferocious
Lamball, Level: 12, Rank: 1, Gender: Female, HP IV: 80(0%), ATK IV: 84(0%), DEF IV: 27(0%), Work Speed: (0%), Skills: Pacifist
Lamball, Level: 16, Rank: 1, Gender: Female, HP IV: 40(0%), ATK IV: 82(0%), DEF IV: 21(0%), Work Speed: (0%), Skills: Workaholic
Lifmunk, Level: 14, Rank: 1, Gender: Female, HP IV: 51(0%), ATK IV: 25(0%), DEF IV: 82(0%), Work Speed: (0%), Skills: Nimble
Melpaca, Level: 10, Rank: 1, Gender: Female, HP IV: 65(0%), ATK IV: 57(0%), DEF IV: 40(0%), Work Speed: (0%), Skills: Earthquake Resistant, Philantropist
Mimog, Level: 13, Rank: 1, Gender: Male, HP IV: 30(0%), ATK IV: 14(0%), DEF IV: 94(0%), Work Speed: (0%), Skills: Downtrodden
Nitewing, Level: 1, Rank: 1, Gender: Male, HP IV: 90(0%), ATK IV: 27(0%), DEF IV: 12(0%), Work Speed: (0%), Skills: Serious
Nox, Level: 7, Rank: 1, Gender: Female, HP IV: 29(0%), ATK IV: 22(0%), DEF IV: 57(0%), Work Speed: (0%), Skills: Noble
Pengullet, Level: 2, Rank: 1, Gender: Male, HP IV: 80(0%), ATK IV: 98(0%), DEF IV: 7(0%), Work Speed: (0%), Skills: Coward
Pengullet, Level: 4, Rank: 1, Gender: Female, HP IV: 37(0%), ATK IV: 99(0%), DEF IV: 72(0%), Work Speed: (0%), Skills: Swift
Pengullet, Level: 4, Rank: 1, Gender: Female, HP IV: 50(0%), ATK IV: 51(0%), DEF IV: 29(0%), Work Speed: (0%), Skills: Artisan
Sparkit, Level: 17, Rank: 1, Gender: Female, HP IV: 32(0%), ATK IV: 97(0%), DEF IV: 88(0%), Work Speed: (0%), Skills: Runner, Serious, Suntan Lover
Teafant, Level: 1, Rank: 1, Gender: Male, HP IV: 45(0%), ATK IV: 82(0%), DEF IV: 91(0%), Work Speed: (0%), Skills: Burly Body
Vixy, Level: 12, Rank: 1, Gender: Female, HP IV: 89(0%), ATK IV: 51(0%), DEF IV: 11(0%), Work Speed: (0%), Skills: Logging Foreman, Downtrodden, Bottomless Stomach, Masochist
Evv's 42 Pals
-------------
Alpha Chillet, Level: 11, Rank: 1, Gender: Male, HP IV: 98(0%), ATK IV: 67(0%), DEF IV: 83(0%), Work Speed: (0%), Skills: Pacifist, Cheery
Alpha Dumud, Level: 14, Rank: 1, Gender: Female, HP IV: 60(0%), ATK IV: 84(0%), DEF IV: 68(0%), Work Speed: (0%), Skills: Logging Foreman
Alpha Gumoss, Level: 11, Rank: 1, Gender: Female, HP IV: 56(0%), ATK IV: 86(0%), DEF IV: 64(0%), Work Speed: (0%)
Alpha Nitewing, Level: 19, Rank: 1, Gender: Male, HP IV: 72(0%), ATK IV: 97(0%), DEF IV: 78(0%), Work Speed: (0%)
Alpha Sweepa, Level: 11, Rank: 1, Gender: Female, HP IV: 76(0%), ATK IV: 90(0%), DEF IV: 56(0%), Work Speed: (0%), Skills: Coward, Bottomless Stomach
Astegon, Level: 17, Rank: 1, Gender: Male, HP IV: 28(0%), ATK IV: 34(0%), DEF IV: 19(0%), Work Speed: (0%), Skills: Work Slave, Serious
Astegon, Level: 18, Rank: 1, Gender: Male, HP IV: 79(0%), ATK IV: 19(0%), DEF IV: 63(0%), Work Speed: (0%), Skills: Artisan, Easygoing
Astegon, Level: 19, Rank: 1, Gender: Male, HP IV: 28(0%), ATK IV: 62(0%), DEF IV: 63(0%), Work Speed: (0%), Skills: Serious
Astegon, Level: 45, Rank: 1, Gender: Male, HP IV: 1(0%), ATK IV: 84(0%), DEF IV: 52(0%), Work Speed: (0%), Skills: Hard Skin, Swift
Celaray, Level: 4, Rank: 1, Gender: Female, HP IV: 88(0%), ATK IV: 89(0%), DEF IV: 46(0%), Work Speed: (0%), Skills: Mercy hit
Celaray, Level: 5, Rank: 1, Gender: Female, HP IV: 33(0%), ATK IV: 41(0%), DEF IV: 58(0%), Work Speed: (0%), Skills: Blood of the Dragon
Chikipi, Level: 4, Rank: 1, Gender: Female, HP IV: 97(0%), ATK IV: 42(0%), DEF IV: 98(0%), Work Speed: (0%), Skills: Coward
Chikipi, Level: 8, Rank: 1, Gender: Male, HP IV: 34(0%), ATK IV: 29(0%), DEF IV: 67(0%), Work Speed: (0%), Skills: Positive Thinker
Chillet, Level: 1, Rank: 1, Gender: Male, HP IV: 78(0%), ATK IV: 75(0%), DEF IV: 29(0%), Work Speed: (0%), Skills: Bottomless Stomach
Croajiro, Level: 15, Rank: 1, Gender: Female, HP IV: 8(0%), ATK IV: 70(0%), DEF IV: 44(0%), Work Speed: (0%), Skills: Fit as a Fiddle, Work Slave
Croajiro, Level: 15, Rank: 1, Gender: Female, HP IV: 82(0%), ATK IV: 64(0%), DEF IV: 41(0%), Work Speed: (0%), Skills: Capacitor, Aggressive
Croajiro, Level: 3, Rank: 1, Gender: Male, HP IV: 92(0%), ATK IV: 13(0%), DEF IV: 42(0%), Work Speed: (0%)
Croajiro, Level: 4, Rank: 1, Gender: Female, HP IV: 62(0%), ATK IV: 79(0%), DEF IV: 7(0%), Work Speed: (0%), Skills: Pyromaniac
Croajiro, Level: 5, Rank: 1, Gender: Male, HP IV: 69(0%), ATK IV: 33(0%), DEF IV: 46(0%), Work Speed: (0%), Skills: Positive Thinker
Depresso, Level: 3, Rank: 1, Gender: Male, HP IV: 52(0%), ATK IV: 43(0%), DEF IV: 60(0%), Work Speed: (0%), Skills: Waterproof
Depresso, Level: 5, Rank: 1, Gender: Male, HP IV: 56(0%), ATK IV: 51(0%), DEF IV: 21(0%), Work Speed: (0%), Skills: Earthquake Resistant
Depresso, Level: 7, Rank: 1, Gender: Female, HP IV: 50(0%), ATK IV: 7(0%), DEF IV: 87(0%), Work Speed: (0%), Skills: Downtrodden
Direhowl, Level: 1, Rank: 1, Gender: Female, HP IV: 35(0%), ATK IV: 70(0%), DEF IV: 72(0%), Work Speed: (0%), Skills: Dainty Eater
Direhowl, Level: 1, Rank: 1, Gender: Female, HP IV: 64(0%), ATK IV: 87(0%), DEF IV: 17(0%), Work Speed: (0%), Skills: Suntan Lover
Direhowl, Level: 1, Rank: 1, Gender: Male, HP IV: 87(0%), ATK IV: 15(0%), DEF IV: 94(0%), Work Speed: (0%), Skills: Conceited, Downtrodden, Insulated Body
Dumud, Level: 21, Rank: 1, Gender: Female, HP IV: 49(0%), ATK IV: 27(0%), DEF IV: 34(0%), Work Speed: (0%), Skills: Coward
Eikthyrdeer, Level: 12, Rank: 1, Gender: Male, HP IV: 47(0%), ATK IV: 7(0%), DEF IV: 64(0%), Work Speed: (0%), Skills: Suntan Lover
Flambelle, Level: 15, Rank: 1, Gender: Male, HP IV: 94(0%), ATK IV: 25(0%), DEF IV: 51(0%), Work Speed: (0%), Skills: Brave
Flambelle, Level: 19, Rank: 1, Gender: Male, HP IV: 56(0%), ATK IV: 83(0%), DEF IV: 60(0%), Work Speed: (0%), Skills: Ferocious
Lamball, Level: 12, Rank: 1, Gender: Female, HP IV: 80(0%), ATK IV: 84(0%), DEF IV: 27(0%), Work Speed: (0%), Skills: Pacifist
Lamball, Level: 16, Rank: 1, Gender: Female, HP IV: 40(0%), ATK IV: 82(0%), DEF IV: 21(0%), Work Speed: (0%), Skills: Workaholic
Lifmunk, Level: 14, Rank: 1, Gender: Female, HP IV: 51(0%), ATK IV: 25(0%), DEF IV: 82(0%), Work Speed: (0%), Skills: Nimble
Melpaca, Level: 10, Rank: 1, Gender: Female, HP IV: 65(0%), ATK IV: 57(0%), DEF IV: 40(0%), Work Speed: (0%), Skills: Earthquake Resistant, Philantropist
Mimog, Level: 13, Rank: 1, Gender: Male, HP IV: 30(0%), ATK IV: 14(0%), DEF IV: 94(0%), Work Speed: (0%), Skills: Downtrodden
Nitewing, Level: 1, Rank: 1, Gender: Male, HP IV: 90(0%), ATK IV: 27(0%), DEF IV: 12(0%), Work Speed: (0%), Skills: Serious
Nox, Level: 7, Rank: 1, Gender: Female, HP IV: 29(0%), ATK IV: 22(0%), DEF IV: 57(0%), Work Speed: (0%), Skills: Noble
Pengullet, Level: 2, Rank: 1, Gender: Male, HP IV: 80(0%), ATK IV: 98(0%), DEF IV: 7(0%), Work Speed: (0%), Skills: Coward
Pengullet, Level: 4, Rank: 1, Gender: Female, HP IV: 37(0%), ATK IV: 99(0%), DEF IV: 72(0%), Work Speed: (0%), Skills: Swift
Pengullet, Level: 4, Rank: 1, Gender: Female, HP IV: 50(0%), ATK IV: 51(0%), DEF IV: 29(0%), Work Speed: (0%), Skills: Artisan
Sparkit, Level: 17, Rank: 1, Gender: Female, HP IV: 32(0%), ATK IV: 97(0%), DEF IV: 88(0%), Work Speed: (0%), Skills: Runner, Serious, Suntan Lover
Teafant, Level: 1, Rank: 1, Gender: Male, HP IV: 45(0%), ATK IV: 82(0%), DEF IV: 91(0%), Work Speed: (0%), Skills: Burly Body
Vixy, Level: 12, Rank: 1, Gender: Female, HP IV: 89(0%), ATK IV: 51(0%), DEF IV: 11(0%), Work Speed: (0%), Skills: Logging Foreman, Downtrodden, Bottomless Stomach, Masochist
Evv's 42 Pals
-------------
Alpha Chillet, Level: 11, Rank: 1, Gender: Male, HP IV: 98(0%), ATK IV: 67(0%), DEF IV: 83(0%), Work Speed: (0%), Skills: Pacifist, Cheery
Alpha Dumud, Level: 14, Rank: 1, Gender: Female, HP IV: 60(0%), ATK IV: 84(0%), DEF IV: 68(0%), Work Speed: (0%), Skills: Logging Foreman
Alpha Gumoss, Level: 11, Rank: 1, Gender: Female, HP IV: 56(0%), ATK IV: 86(0%), DEF IV: 64(0%), Work Speed: (0%)
Alpha Nitewing, Level: 19, Rank: 1, Gender: Male, HP IV: 72(0%), ATK IV: 97(0%), DEF IV: 78(0%), Work Speed: (0%)
Alpha Sweepa, Level: 11, Rank: 1, Gender: Female, HP IV: 76(0%), ATK IV: 90(0%), DEF IV: 56(0%), Work Speed: (0%), Skills: Coward, Bottomless Stomach
Astegon, Level: 17, Rank: 1, Gender: Male, HP IV: 28(0%), ATK IV: 34(0%), DEF IV: 19(0%), Work Speed: (0%), Skills: Work Slave, Serious
Astegon, Level: 18, Rank: 1, Gender: Male, HP IV: 79(0%), ATK IV: 19(0%), DEF IV: 63(0%), Work Speed: (0%), Skills: Artisan, Easygoing
Astegon, Level: 19, Rank: 1, Gender: Male, HP IV: 28(0%), ATK IV: 62(0%), DEF IV: 63(0%), Work Speed: (0%), Skills: Serious
Astegon, Level: 45, Rank: 1, Gender: Male, HP IV: 1(0%), ATK IV: 84(0%), DEF IV: 52(0%), Work Speed: (0%), Skills: Hard Skin, Swift
Celaray, Level: 4, Rank: 1, Gender: Female, HP IV: 88(0%), ATK IV: 89(0%), DEF IV: 46(0%), Work Speed: (0%), Skills: Mercy hit
Celaray, Level: 5, Rank: 1, Gender: Female, HP IV: 33(0%), ATK IV: 41(0%), DEF IV: 58(0%), Work Speed: (0%), Skills: Blood of the Dragon
Chikipi, Level: 4, Rank: 1, Gender: Female, HP IV: 97(0%), ATK IV: 42(0%), DEF IV: 98(0%), Work Speed: (0%), Skills: Coward
Chikipi, Level: 8, Rank: 1, Gender: Male, HP IV: 34(0%), ATK IV: 29(0%), DEF IV: 67(0%), Work Speed: (0%), Skills: Positive Thinker
Chillet, Level: 1, Rank: 1, Gender: Male, HP IV: 78(0%), ATK IV: 75(0%), DEF IV: 29(0%), Work Speed: (0%), Skills: Bottomless Stomach
Croajiro, Level: 15, Rank: 1, Gender: Female, HP IV: 8(0%), ATK IV: 70(0%), DEF IV: 44(0%), Work Speed: (0%), Skills: Fit as a Fiddle, Work Slave
Croajiro, Level: 15, Rank: 1, Gender: Female, HP IV: 82(0%), ATK IV: 64(0%), DEF IV: 41(0%), Work Speed: (0%), Skills: Capacitor, Aggressive
Croajiro, Level: 3, Rank: 1, Gender: Male, HP IV: 92(0%), ATK IV: 13(0%), DEF IV: 42(0%), Work Speed: (0%)
Croajiro, Level: 4, Rank: 1, Gender: Female, HP IV: 62(0%), ATK IV: 79(0%), DEF IV: 7(0%), Work Speed: (0%), Skills: Pyromaniac
Croajiro, Level: 5, Rank: 1, Gender: Male, HP IV: 69(0%), ATK IV: 33(0%), DEF IV: 46(0%), Work Speed: (0%), Skills: Positive Thinker
Depresso, Level: 3, Rank: 1, Gender: Male, HP IV: 52(0%), ATK IV: 43(0%), DEF IV: 60(0%), Work Speed: (0%), Skills: Waterproof
Depresso, Level: 5, Rank: 1, Gender: Male, HP IV: 56(0%), ATK IV: 51(0%), DEF IV: 21(0%), Work Speed: (0%), Skills: Earthquake Resistant
Depresso, Level: 7, Rank: 1, Gender: Female, HP IV: 50(0%), ATK IV: 7(0%), DEF IV: 87(0%), Work Speed: (0%), Skills: Downtrodden
Direhowl, Level: 1, Rank: 1, Gender: Female, HP IV: 35(0%), ATK IV: 70(0%), DEF IV: 72(0%), Work Speed: (0%), Skills: Dainty Eater
Direhowl, Level: 1, Rank: 1, Gender: Female, HP IV: 64(0%), ATK IV: 87(0%), DEF IV: 17(0%), Work Speed: (0%), Skills: Suntan Lover
Direhowl, Level: 1, Rank: 1, Gender: Male, HP IV: 87(0%), ATK IV: 15(0%), DEF IV: 94(0%), Work Speed: (0%), Skills: Conceited, Downtrodden, Insulated Body
Dumud, Level: 21, Rank: 1, Gender: Female, HP IV: 49(0%), ATK IV: 27(0%), DEF IV: 34(0%), Work Speed: (0%), Skills: Coward
Eikthyrdeer, Level: 12, Rank: 1, Gender: Male, HP IV: 47(0%), ATK IV: 7(0%), DEF IV: 64(0%), Work Speed: (0%), Skills: Suntan Lover
Flambelle, Level: 15, Rank: 1, Gender: Male, HP IV: 94(0%), ATK IV: 25(0%), DEF IV: 51(0%), Work Speed: (0%), Skills: Brave
Flambelle, Level: 19, Rank: 1, Gender: Male, HP IV: 56(0%), ATK IV: 83(0%), DEF IV: 60(0%), Work Speed: (0%), Skills: Ferocious
Lamball, Level: 12, Rank: 1, Gender: Female, HP IV: 80(0%), ATK IV: 84(0%), DEF IV: 27(0%), Work Speed: (0%), Skills: Pacifist
Lamball, Level: 16, Rank: 1, Gender: Female, HP IV: 40(0%), ATK IV: 82(0%), DEF IV: 21(0%), Work Speed: (0%), Skills: Workaholic
Lifmunk, Level: 14, Rank: 1, Gender: Female, HP IV: 51(0%), ATK IV: 25(0%), DEF IV: 82(0%), Work Speed: (0%), Skills: Nimble
Melpaca, Level: 10, Rank: 1, Gender: Female, HP IV: 65(0%), ATK IV: 57(0%), DEF IV: 40(0%), Work Speed: (0%), Skills: Earthquake Resistant, Philantropist
Mimog, Level: 13, Rank: 1, Gender: Male, HP IV: 30(0%), ATK IV: 14(0%), DEF IV: 94(0%), Work Speed: (0%), Skills: Downtrodden
Nitewing, Level: 1, Rank: 1, Gender: Male, HP IV: 90(0%), ATK IV: 27(0%), DEF IV: 12(0%), Work Speed: (0%), Skills: Serious
Nox, Level: 7, Rank: 1, Gender: Female, HP IV: 29(0%), ATK IV: 22(0%), DEF IV: 57(0%), Work Speed: (0%), Skills: Noble
Pengullet, Level: 2, Rank: 1, Gender: Male, HP IV: 80(0%), ATK IV: 98(0%), DEF IV: 7(0%), Work Speed: (0%), Skills: Coward
Pengullet, Level: 4, Rank: 1, Gender: Female, HP IV: 37(0%), ATK IV: 99(0%), DEF IV: 72(0%), Work Speed: (0%), Skills: Swift
Pengullet, Level: 4, Rank: 1, Gender: Female, HP IV: 50(0%), ATK IV: 51(0%), DEF IV: 29(0%), Work Speed: (0%), Skills: Artisan
Sparkit, Level: 17, Rank: 1, Gender: Female, HP IV: 32(0%), ATK IV: 97(0%), DEF IV: 88(0%), Work Speed: (0%), Skills: Runner, Serious, Suntan Lover
Teafant, Level: 1, Rank: 1, Gender: Male, HP IV: 45(0%), ATK IV: 82(0%), DEF IV: 91(0%), Work Speed: (0%), Skills: Burly Body
Vixy, Level: 12, Rank: 1, Gender: Female, HP IV: 89(0%), ATK IV: 51(0%), DEF IV: 11(0%), Work Speed: (0%), Skills: Logging Foreman, Downtrodden, Bottomless Stomach, Masochist
Evv's 42 Pals
-------------
Alpha Chillet, Level: 11, Rank: 1, Gender: Male, HP IV: 98(0%), ATK IV: 67(0%), DEF IV: 83(0%), Work Speed: (0%), Skills: Pacifist, Cheery
Alpha Dumud, Level: 14, Rank: 1, Gender: Female, HP IV: 60(0%), ATK IV: 84(0%), DEF IV: 68(0%), Work Speed: (0%), Skills: Logging Foreman
Alpha Gumoss, Level: 11, Rank: 1, Gender: Female, HP IV: 56(0%), ATK IV: 86(0%), DEF IV: 64(0%), Work Speed: (0%)
Alpha Nitewing, Level: 19, Rank: 1, Gender: Male, HP IV: 72(0%), ATK IV: 97(0%), DEF IV: 78(0%), Work Speed: (0%)
Alpha Sweepa, Level: 11, Rank: 1, Gender: Female, HP IV: 76(0%), ATK IV: 90(0%), DEF IV: 56(0%), Work Speed: (0%), Skills: Coward, Bottomless Stomach
Astegon, Level: 17, Rank: 1, Gender: Male, HP IV: 28(0%), ATK IV: 34(0%), DEF IV: 19(0%), Work Speed: (0%), Skills: Work Slave, Serious
Astegon, Level: 18, Rank: 1, Gender: Male, HP IV: 79(0%), ATK IV: 19(0%), DEF IV: 63(0%), Work Speed: (0%), Skills: Artisan, Easygoing
Astegon, Level: 19, Rank: 1, Gender: Male, HP IV: 28(0%), ATK IV: 62(0%), DEF IV: 63(0%), Work Speed: (0%), Skills: Serious
Astegon, Level: 45, Rank: 1, Gender: Male, HP IV: 1(0%), ATK IV: 84(0%), DEF IV: 52(0%), Work Speed: (0%), Skills: Hard Skin, Swift
Celaray, Level: 4, Rank: 1, Gender: Female, HP IV: 88(0%), ATK IV: 89(0%), DEF IV: 46(0%), Work Speed: (0%), Skills: Mercy hit
Celaray, Level: 5, Rank: 1, Gender: Female, HP IV: 33(0%), ATK IV: 41(0%), DEF IV: 58(0%), Work Speed: (0%), Skills: Blood of the Dragon
Chikipi, Level: 4, Rank: 1, Gender: Female, HP IV: 97(0%), ATK IV: 42(0%), DEF IV: 98(0%), Work Speed: (0%), Skills: Coward
Chikipi, Level: 8, Rank: 1, Gender: Male, HP IV: 34(0%), ATK IV: 29(0%), DEF IV: 67(0%), Work Speed: (0%), Skills: Positive Thinker
Chillet, Level: 1, Rank: 1, Gender: Male, HP IV: 78(0%), ATK IV: 75(0%), DEF IV: 29(0%), Work Speed: (0%), Skills: Bottomless Stomach
Croajiro, Level: 15, Rank: 1, Gender: Female, HP IV: 8(0%), ATK IV: 70(0%), DEF IV: 44(0%), Work Speed: (0%), Skills: Fit as a Fiddle, Work Slave
Croajiro, Level: 15, Rank: 1, Gender: Female, HP IV: 82(0%), ATK IV: 64(0%), DEF IV: 41(0%), Work Speed: (0%), Skills: Capacitor, Aggressive
Croajiro, Level: 3, Rank: 1, Gender: Male, HP IV: 92(0%), ATK IV: 13(0%), DEF IV: 42(0%), Work Speed: (0%)
Croajiro, Level: 4, Rank: 1, Gender: Female, HP IV: 62(0%), ATK IV: 79(0%), DEF IV: 7(0%), Work Speed: (0%), Skills: Pyromaniac
Croajiro, Level: 5, Rank: 1, Gender: Male, HP IV: 69(0%), ATK IV: 33(0%), DEF IV: 46(0%), Work Speed: (0%), Skills: Positive Thinker
Depresso, Level: 3, Rank: 1, Gender: Male, HP IV: 52(0%), ATK IV: 43(0%), DEF IV: 60(0%), Work Speed: (0%), Skills: Waterproof
Depresso, Level: 5, Rank: 1, Gender: Male, HP IV: 56(0%), ATK IV: 51(0%), DEF IV: 21(0%), Work Speed: (0%), Skills: Earthquake Resistant
Depresso, Level: 7, Rank: 1, Gender: Female, HP IV: 50(0%), ATK IV: 7(0%), DEF IV: 87(0%), Work Speed: (0%), Skills: Downtrodden
Direhowl, Level: 1, Rank: 1, Gender: Female, HP IV: 35(0%), ATK IV: 70(0%), DEF IV: 72(0%), Work Speed: (0%), Skills: Dainty Eater
Direhowl, Level: 1, Rank: 1, Gender: Female, HP IV: 64(0%), ATK IV: 87(0%), DEF IV: 17(0%), Work Speed: (0%), Skills: Suntan Lover
Direhowl, Level: 1, Rank: 1, Gender: Male, HP IV: 87(0%), ATK IV: 15(0%), DEF IV: 94(0%), Work Speed: (0%), Skills: Conceited, Downtrodden, Insulated Body
Dumud, Level: 21, Rank: 1, Gender: Female, HP IV: 49(0%), ATK IV: 27(0%), DEF IV: 34(0%), Work Speed: (0%), Skills: Coward
Eikthyrdeer, Level: 12, Rank: 1, Gender: Male, HP IV: 47(0%), ATK IV: 7(0%), DEF IV: 64(0%), Work Speed: (0%), Skills: Suntan Lover
Flambelle, Level: 15, Rank: 1, Gender: Male, HP IV: 94(0%), ATK IV: 25(0%), DEF IV: 51(0%), Work Speed: (0%), Skills: Brave
Flambelle, Level: 19, Rank: 1, Gender: Male, HP IV: 56(0%), ATK IV: 83(0%), DEF IV: 60(0%), Work Speed: (0%), Skills: Ferocious
Lamball, Level: 12, Rank: 1, Gender: Female, HP IV: 80(0%), ATK IV: 84(0%), DEF IV: 27(0%), Work Speed: (0%), Skills: Pacifist
Lamball, Level: 16, Rank: 1, Gender: Female, HP IV: 40(0%), ATK IV: 82(0%), DEF IV: 21(0%), Work Speed: (0%), Skills: Workaholic
Lifmunk, Level: 14, Rank: 1, Gender: Female, HP IV: 51(0%), ATK IV: 25(0%), DEF IV: 82(0%), Work Speed: (0%), Skills: Nimble
Melpaca, Level: 10, Rank: 1, Gender: Female, HP IV: 65(0%), ATK IV: 57(0%), DEF IV: 40(0%), Work Speed: (0%), Skills: Earthquake Resistant, Philantropist
Mimog, Level: 13, Rank: 1, Gender: Male, HP IV: 30(0%), ATK IV: 14(0%), DEF IV: 94(0%), Work Speed: (0%), Skills: Downtrodden
Nitewing, Level: 1, Rank: 1, Gender: Male, HP IV: 90(0%), ATK IV: 27(0%), DEF IV: 12(0%), Work Speed: (0%), Skills: Serious
Nox, Level: 7, Rank: 1, Gender: Female, HP IV: 29(0%), ATK IV: 22(0%), DEF IV: 57(0%), Work Speed: (0%), Skills: Noble
Pengullet, Level: 2, Rank: 1, Gender: Male, HP IV: 80(0%), ATK IV: 98(0%), DEF IV: 7(0%), Work Speed: (0%), Skills: Coward
Pengullet, Level: 4, Rank: 1, Gender: Female, HP IV: 37(0%), ATK IV: 99(0%), DEF IV: 72(0%), Work Speed: (0%), Skills: Swift
Pengullet, Level: 4, Rank: 1, Gender: Female, HP IV: 50(0%), ATK IV: 51(0%), DEF IV: 29(0%), Work Speed: (0%), Skills: Artisan
Sparkit, Level: 17, Rank: 1, Gender: Female, HP IV: 32(0%), ATK IV: 97(0%), DEF IV: 88(0%), Work Speed: (0%), Skills: Runner, Serious, Suntan Lover
Teafant, Level: 1, Rank: 1, Gender: Male, HP IV: 45(0%), ATK IV: 82(0%), DEF IV: 91(0%), Work Speed: (0%), Skills: Burly Body
Vixy, Level: 12, Rank: 1, Gender: Female, HP IV: 89(0%), ATK IV: 51(0%), DEF IV: 11(0%), Work Speed: (0%), Skills: Logging Foreman, Downtrodden, Bottomless Stomach, Masochist
Evv's 42 Pals
-------------
Alpha Chillet, Level: 11, Rank: 1, Gender: Male, HP IV: 98(0%), ATK IV: 67(0%), DEF IV: 83(0%), Work Speed: (0%), Skills: Pacifist, Cheery
Alpha Dumud, Level: 14, Rank: 1, Gender: Female, HP IV: 60(0%), ATK IV: 84(0%), DEF IV: 68(0%), Work Speed: (0%), Skills: Logging Foreman
Alpha Gumoss, Level: 11, Rank: 1, Gender: Female, HP IV: 56(0%), ATK IV: 86(0%), DEF IV: 64(0%), Work Speed: (0%)
Alpha Nitewing, Level: 19, Rank: 1, Gender: Male, HP IV: 72(0%), ATK IV: 97(0%), DEF IV: 78(0%), Work Speed: (0%)
Alpha Sweepa, Level: 11, Rank: 1, Gender: Female, HP IV: 76(0%), ATK IV: 90(0%), DEF IV: 56(0%), Work Speed: (0%), Skills: Coward, Bottomless Stomach
Astegon, Level: 17, Rank: 1, Gender: Male, HP IV: 28(0%), ATK IV: 34(0%), DEF IV: 19(0%), Work Speed: (0%), Skills: Work Slave, Serious
Astegon, Level: 18, Rank: 1, Gender: Male, HP IV: 79(0%), ATK IV: 19(0%), DEF IV: 63(0%), Work Speed: (0%), Skills: Artisan, Easygoing
Astegon, Level: 19, Rank: 1, Gender: Male, HP IV: 28(0%), ATK IV: 62(0%), DEF IV: 63(0%), Work Speed: (0%), Skills: Serious
Astegon, Level: 45, Rank: 1, Gender: Male, HP IV: 1(0%), ATK IV: 84(0%), DEF IV: 52(0%), Work Speed: (0%), Skills: Hard Skin, Swift
Celaray, Level: 4, Rank: 1, Gender: Female, HP IV: 88(0%), ATK IV: 89(0%), DEF IV: 46(0%), Work Speed: (0%), Skills: Mercy hit
Celaray, Level: 5, Rank: 1, Gender: Female, HP IV: 33(0%), ATK IV: 41(0%), DEF IV: 58(0%), Work Speed: (0%), Skills: Blood of the Dragon
Chikipi, Level: 4, Rank: 1, Gender: Female, HP IV: 97(0%), ATK IV: 42(0%), DEF IV: 98(0%), Work Speed: (0%), Skills: Coward
Chikipi, Level: 8, Rank: 1, Gender: Male, HP IV: 34(0%), ATK IV: 29(0%), DEF IV: 67(0%), Work Speed: (0%), Skills: Positive Thinker
Chillet, Level: 1, Rank: 1, Gender: Male, HP IV: 78(0%), ATK IV: 75(0%), DEF IV: 29(0%), Work Speed: (0%), Skills: Bottomless Stomach
Croajiro, Level: 15, Rank: 1, Gender: Female, HP IV: 8(0%), ATK IV: 70(0%), DEF IV: 44(0%), Work Speed: (0%), Skills: Fit as a Fiddle, Work Slave
Croajiro, Level: 15, Rank: 1, Gender: Female, HP IV: 82(0%), ATK IV: 64(0%), DEF IV: 41(0%), Work Speed: (0%), Skills: Capacitor, Aggressive
Croajiro, Level: 3, Rank: 1, Gender: Male, HP IV: 92(0%), ATK IV: 13(0%), DEF IV: 42(0%), Work Speed: (0%)
Croajiro, Level: 4, Rank: 1, Gender: Female, HP IV: 62(0%), ATK IV: 79(0%), DEF IV: 7(0%), Work Speed: (0%), Skills: Pyromaniac
Croajiro, Level: 5, Rank: 1, Gender: Male, HP IV: 69(0%), ATK IV: 33(0%), DEF IV: 46(0%), Work Speed: (0%), Skills: Positive Thinker
Depresso, Level: 3, Rank: 1, Gender: Male, HP IV: 52(0%), ATK IV: 43(0%), DEF IV: 60(0%), Work Speed: (0%), Skills: Waterproof
Depresso, Level: 5, Rank: 1, Gender: Male, HP IV: 56(0%), ATK IV: 51(0%), DEF IV: 21(0%), Work Speed: (0%), Skills: Earthquake Resistant
Depresso, Level: 7, Rank: 1, Gender: Female, HP IV: 50(0%), ATK IV: 7(0%), DEF IV: 87(0%), Work Speed: (0%), Skills: Downtrodden
Direhowl, Level: 1, Rank: 1, Gender: Female, HP IV: 35(0%), ATK IV: 70(0%), DEF IV: 72(0%), Work Speed: (0%), Skills: Dainty Eater
Direhowl, Level: 1, Rank: 1, Gender: Female, HP IV: 64(0%), ATK IV: 87(0%), DEF IV: 17(0%), Work Speed: (0%), Skills: Suntan Lover
Direhowl, Level: 1, Rank: 1, Gender: Male, HP IV: 87(0%), ATK IV: 15(0%), DEF IV: 94(0%), Work Speed: (0%), Skills: Conceited, Downtrodden, Insulated Body
Dumud, Level: 21, Rank: 1, Gender: Female, HP IV: 49(0%), ATK IV: 27(0%), DEF IV: 34(0%), Work Speed: (0%), Skills: Coward
Eikthyrdeer, Level: 12, Rank: 1, Gender: Male, HP IV: 47(0%), ATK IV: 7(0%), DEF IV: 64(0%), Work Speed: (0%), Skills: Suntan Lover
Flambelle, Level: 15, Rank: 1, Gender: Male, HP IV: 94(0%), ATK IV: 25(0%), DEF IV: 51(0%), Work Speed: (0%), Skills: Brave
Flambelle, Level: 19, Rank: 1, Gender: Male, HP IV: 56(0%), ATK IV: 83(0%), DEF IV: 60(0%), Work Speed: (0%), Skills: Ferocious
Lamball, Level: 12, Rank: 1, Gender: Female, HP IV: 80(0%), ATK IV: 84(0%), DEF IV: 27(0%), Work Speed: (0%), Skills: Pacifist
Lamball, Level: 16, Rank: 1, Gender: Female, HP IV: 40(0%), ATK IV: 82(0%), DEF IV: 21(0%), Work Speed: (0%), Skills: Workaholic
Lifmunk, Level: 14, Rank: 1, Gender: Female, HP IV: 51(0%), ATK IV: 25(0%), DEF IV: 82(0%), Work Speed: (0%), Skills: Nimble
Melpaca, Level: 10, Rank: 1, Gender: Female, HP IV: 65(0%), ATK IV: 57(0%), DEF IV: 40(0%), Work Speed: (0%), Skills: Earthquake Resistant, Philantropist
Mimog, Level: 13, Rank: 1, Gender: Male, HP IV: 30(0%), ATK IV: 14(0%), DEF IV: 94(0%), Work Speed: (0%), Skills: Downtrodden
Nitewing, Level: 1, Rank: 1, Gender: Male, HP IV: 90(0%), ATK IV: 27(0%), DEF IV: 12(0%), Work Speed: (0%), Skills: Serious
Nox, Level: 7, Rank: 1, Gender: Female, HP IV: 29(0%), ATK IV: 22(0%), DEF IV: 57(0%), Work Speed: (0%), Skills: Noble
Pengullet, Level: 2, Rank: 1, Gender: Male, HP IV: 80(0%), ATK IV: 98(0%), DEF IV: 7(0%), Work Speed: (0%), Skills: Coward
Pengullet, Level: 4, Rank: 1, Gender: Female, HP IV: 37(0%), ATK IV: 99(0%), DEF IV: 72(0%), Work Speed: (0%), Skills: Swift
Pengullet, Level: 4, Rank: 1, Gender: Female, HP IV: 50(0%), ATK IV: 51(0%), DEF IV: 29(0%), Work Speed: (0%), Skills: Artisan
Sparkit, Level: 17, Rank: 1, Gender: Female, HP IV: 32(0%), ATK IV: 97(0%), DEF IV: 88(0%), Work Speed: (0%), Skills: Runner, Serious, Suntan Lover
Teafant, Level: 1, Rank: 1, Gender: Male, HP IV: 45(0%), ATK IV: 82(0%), DEF IV: 91(0%), Work Speed: (0%), Skills: Burly Body
Vixy, Level: 12, Rank: 1, Gender: Female, HP IV: 89(0%), ATK IV: 51(0%), DEF IV: 11(0%), Work Speed: (0%), Skills: Logging Foreman, Downtrodden, Bottomless Stomach, Masochist
Evv's 42 Pals
-------------
Alpha Chillet, Level: 11, Rank: 1, Gender: Male, HP IV: 98(0%), ATK IV: 67(0%), DEF IV: 83(0%), Work Speed: (0%), Skills: Pacifist, Cheery
Alpha Dumud, Level: 14, Rank: 1, Gender: Female, HP IV: 60(0%), ATK IV: 84(0%), DEF IV: 68(0%), Work Speed: (0%), Skills: Logging Foreman
Alpha Gumoss, Level: 11, Rank: 1, Gender: Female, HP IV: 56(0%), ATK IV: 86(0%), DEF IV: 64(0%), Work Speed: (0%)
Alpha Nitewing, Level: 19, Rank: 1, Gender: Male, HP IV: 72(0%), ATK IV: 97(0%), DEF IV: 78(0%), Work Speed: (0%)
Alpha Sweepa, Level: 11, Rank: 1, Gender: Female, HP IV: 76(0%), ATK IV: 90(0%), DEF IV: 56(0%), Work Speed: (0%), Skills: Coward, Bottomless Stomach
Astegon, Level: 17, Rank: 1, Gender: Male, HP IV: 28(0%), ATK IV: 34(0%), DEF IV: 19(0%), Work Speed: (0%), Skills: Work Slave, Serious
Astegon, Level: 18, Rank: 1, Gender: Male, HP IV: 79(0%), ATK IV: 19(0%), DEF IV: 63(0%), Work Speed: (0%), Skills: Artisan, Easygoing
Astegon, Level: 19, Rank: 1, Gender: Male, HP IV: 28(0%), ATK IV: 62(0%), DEF IV: 63(0%), Work Speed: (0%), Skills: Serious
Astegon, Level: 45, Rank: 1, Gender: Male, HP IV: 1(0%), ATK IV: 84(0%), DEF IV: 52(0%), Work Speed: (0%), Skills: Hard Skin, Swift
Celaray, Level: 4, Rank: 1, Gender: Female, HP IV: 88(0%), ATK IV: 89(0%), DEF IV: 46(0%), Work Speed: (0%), Skills: Mercy hit
Celaray, Level: 5, Rank: 1, Gender: Female, HP IV: 33(0%), ATK IV: 41(0%), DEF IV: 58(0%), Work Speed: (0%), Skills: Blood of the Dragon
Chikipi, Level: 4, Rank: 1, Gender: Female, HP IV: 97(0%), ATK IV: 42(0%), DEF IV: 98(0%), Work Speed: (0%), Skills: Coward
Chikipi, Level: 8, Rank: 1, Gender: Male, HP IV: 34(0%), ATK IV: 29(0%), DEF IV: 67(0%), Work Speed: (0%), Skills: Positive Thinker
Chillet, Level: 1, Rank: 1, Gender: Male, HP IV: 78(0%), ATK IV: 75(0%), DEF IV: 29(0%), Work Speed: (0%), Skills: Bottomless Stomach
Croajiro, Level: 15, Rank: 1, Gender: Female, HP IV: 8(0%), ATK IV: 70(0%), DEF IV: 44(0%), Work Speed: (0%), Skills: Fit as a Fiddle, Work Slave
Croajiro, Level: 15, Rank: 1, Gender: Female, HP IV: 82(0%), ATK IV: 64(0%), DEF IV: 41(0%), Work Speed: (0%), Skills: Capacitor, Aggressive
Croajiro, Level: 3, Rank: 1, Gender: Male, HP IV: 92(0%), ATK IV: 13(0%), DEF IV: 42(0%), Work Speed: (0%)
Croajiro, Level: 4, Rank: 1, Gender: Female, HP IV: 62(0%), ATK IV: 79(0%), DEF IV: 7(0%), Work Speed: (0%), Skills: Pyromaniac
Croajiro, Level: 5, Rank: 1, Gender: Male, HP IV: 69(0%), ATK IV: 33(0%), DEF IV: 46(0%), Work Speed: (0%), Skills: Positive Thinker
Depresso, Level: 3, Rank: 1, Gender: Male, HP IV: 52(0%), ATK IV: 43(0%), DEF IV: 60(0%), Work Speed: (0%), Skills: Waterproof
Depresso, Level: 5, Rank: 1, Gender: Male, HP IV: 56(0%), ATK IV: 51(0%), DEF IV: 21(0%), Work Speed: (0%), Skills: Earthquake Resistant
Depresso, Level: 7, Rank: 1, Gender: Female, HP IV: 50(0%), ATK IV: 7(0%), DEF IV: 87(0%), Work Speed: (0%), Skills: Downtrodden
Direhowl, Level: 1, Rank: 1, Gender: Female, HP IV: 35(0%), ATK IV: 70(0%), DEF IV: 72(0%), Work Speed: (0%), Skills: Dainty Eater
Direhowl, Level: 1, Rank: 1, Gender: Female, HP IV: 64(0%), ATK IV: 87(0%), DEF IV: 17(0%), Work Speed: (0%), Skills: Suntan Lover
Direhowl, Level: 1, Rank: 1, Gender: Male, HP IV: 87(0%), ATK IV: 15(0%), DEF IV: 94(0%), Work Speed: (0%), Skills: Conceited, Downtrodden, Insulated Body
Dumud, Level: 21, Rank: 1, Gender: Female, HP IV: 49(0%), ATK IV: 27(0%), DEF IV: 34(0%), Work Speed: (0%), Skills: Coward
Eikthyrdeer, Level: 12, Rank: 1, Gender: Male, HP IV: 47(0%), ATK IV: 7(0%), DEF IV: 64(0%), Work Speed: (0%), Skills: Suntan Lover
Flambelle, Level: 15, Rank: 1, Gender: Male, HP IV: 94(0%), ATK IV: 25(0%), DEF IV: 51(0%), Work Speed: (0%), Skills: Brave
Flambelle, Level: 19, Rank: 1, Gender: Male, HP IV: 56(0%), ATK IV: 83(0%), DEF IV: 60(0%), Work Speed: (0%), Skills: Ferocious
Lamball, Level: 12, Rank: 1, Gender: Female, HP IV: 80(0%), ATK IV: 84(0%), DEF IV: 27(0%), Work Speed: (0%), Skills: Pacifist
Lamball, Level: 16, Rank: 1, Gender: Female, HP IV: 40(0%), ATK IV: 82(0%), DEF IV: 21(0%), Work Speed: (0%), Skills: Workaholic
Lifmunk, Level: 14, Rank: 1, Gender: Female, HP IV: 51(0%), ATK IV: 25(0%), DEF IV: 82(0%), Work Speed: (0%), Skills: Nimble
Melpaca, Level: 10, Rank: 1, Gender: Female, HP IV: 65(0%), ATK IV: 57(0%), DEF IV: 40(0%), Work Speed: (0%), Skills: Earthquake Resistant, Philantropist
Mimog, Level: 13, Rank: 1, Gender: Male, HP IV: 30(0%), ATK IV: 14(0%), DEF IV: 94(0%), Work Speed: (0%), Skills: Downtrodden
Nitewing, Level: 1, Rank: 1, Gender: Male, HP IV: 90(0%), ATK IV: 27(0%), DEF IV: 12(0%), Work Speed: (0%), Skills: Serious
Nox, Level: 7, Rank: 1, Gender: Female, HP IV: 29(0%), ATK IV: 22(0%), DEF IV: 57(0%), Work Speed: (0%), Skills: Noble
Pengullet, Level: 2, Rank: 1, Gender: Male, HP IV: 80(0%), ATK IV: 98(0%), DEF IV: 7(0%), Work Speed: (0%), Skills: Coward
Pengullet, Level: 4, Rank: 1, Gender: Female, HP IV: 37(0%), ATK IV: 99(0%), DEF IV: 72(0%), Work Speed: (0%), Skills: Swift
Pengullet, Level: 4, Rank: 1, Gender: Female, HP IV: 50(0%), ATK IV: 51(0%), DEF IV: 29(0%), Work Speed: (0%), Skills: Artisan
Sparkit, Level: 17, Rank: 1, Gender: Female, HP IV: 32(0%), ATK IV: 97(0%), DEF IV: 88(0%), Work Speed: (0%), Skills: Runner, Serious, Suntan Lover
Teafant, Level: 1, Rank: 1, Gender: Male, HP IV: 45(0%), ATK IV: 82(0%), DEF IV: 91(0%), Work Speed: (0%), Skills: Burly Body
Vixy, Level: 12, Rank: 1, Gender: Female, HP IV: 89(0%), ATK IV: 51(0%), DEF IV: 11(0%), Work Speed: (0%), Skills: Logging Foreman, Downtrodden, Bottomless Stomach, Masochist
Evv's 42 Pals
-------------
Alpha Chillet, Level: 11, Rank: 1, Gender: Male, HP IV: 98(0%), ATK IV: 67(0%), DEF IV: 83(0%), Work Speed: (0%), Skills: Pacifist, Cheery
Alpha Dumud, Level: 14, Rank: 1, Gender: Female, HP IV: 60(0%), ATK IV: 84(0%), DEF IV: 68(0%), Work Speed: (0%), Skills: Logging Foreman
Alpha Gumoss, Level: 11, Rank: 1, Gender: Female, HP IV: 56(0%), ATK IV: 86(0%), DEF IV: 64(0%), Work Speed: (0%)
Alpha Nitewing, Level: 19, Rank: 1, Gender: Male, HP IV: 72(0%), ATK IV: 97(0%), DEF IV: 78(0%), Work Speed: (0%)
Alpha Sweepa, Level: 11, Rank: 1, Gender: Female, HP IV: 76(0%), ATK IV: 90(0%), DEF IV: 56(0%), Work Speed: (0%), Skills: Coward, Bottomless Stomach
Astegon, Level: 17, Rank: 1, Gender: Male, HP IV: 28(0%), ATK IV: 34(0%), DEF IV: 19(0%), Work Speed: (0%), Skills: Work Slave, Serious
Astegon, Level: 18, Rank: 1, Gender: Male, HP IV: 79(0%), ATK IV: 19(0%), DEF IV: 63(0%), Work Speed: (0%), Skills: Artisan, Easygoing
Astegon, Level: 19, Rank: 1, Gender: Male, HP IV: 28(0%), ATK IV: 62(0%), DEF IV: 63(0%), Work Speed: (0%), Skills: Serious
Astegon, Level: 45, Rank: 1, Gender: Male, HP IV: 1(0%), ATK IV: 84(0%), DEF IV: 52(0%), Work Speed: (0%), Skills: Hard Skin, Swift
Celaray, Level: 4, Rank: 1, Gender: Female, HP IV: 88(0%), ATK IV: 89(0%), DEF IV: 46(0%), Work Speed: (0%), Skills: Mercy hit
Celaray, Level: 5, Rank: 1, Gender: Female, HP IV: 33(0%), ATK IV: 41(0%), DEF IV: 58(0%), Work Speed: (0%), Skills: Blood of the Dragon
Chikipi, Level: 4, Rank: 1, Gender: Female, HP IV: 97(0%), ATK IV: 42(0%), DEF IV: 98(0%), Work Speed: (0%), Skills: Coward
Chikipi, Level: 8, Rank: 1, Gender: Male, HP IV: 34(0%), ATK IV: 29(0%), DEF IV: 67(0%), Work Speed: (0%), Skills: Positive Thinker
Chillet, Level: 1, Rank: 1, Gender: Male, HP IV: 78(0%), ATK IV: 75(0%), DEF IV: 29(0%), Work Speed: (0%), Skills: Bottomless Stomach
Croajiro, Level: 15, Rank: 1, Gender: Female, HP IV: 8(0%), ATK IV: 70(0%), DEF IV: 44(0%), Work Speed: (0%), Skills: Fit as a Fiddle, Work Slave
Croajiro, Level: 15, Rank: 1, Gender: Female, HP IV: 82(0%), ATK IV: 64(0%), DEF IV: 41(0%), Work Speed: (0%), Skills: Capacitor, Aggressive
Croajiro, Level: 3, Rank: 1, Gender: Male, HP IV: 92(0%), ATK IV: 13(0%), DEF IV: 42(0%), Work Speed: (0%)
Croajiro, Level: 4, Rank: 1, Gender: Female, HP IV: 62(0%), ATK IV: 79(0%), DEF IV: 7(0%), Work Speed: (0%), Skills: Pyromaniac
Croajiro, Level: 5, Rank: 1, Gender: Male, HP IV: 69(0%), ATK IV: 33(0%), DEF IV: 46(0%), Work Speed: (0%), Skills: Positive Thinker
Depresso, Level: 3, Rank: 1, Gender: Male, HP IV: 52(0%), ATK IV: 43(0%), DEF IV: 60(0%), Work Speed: (0%), Skills: Waterproof
Depresso, Level: 5, Rank: 1, Gender: Male, HP IV: 56(0%), ATK IV: 51(0%), DEF IV: 21(0%), Work Speed: (0%), Skills: Earthquake Resistant
Depresso, Level: 7, Rank: 1, Gender: Female, HP IV: 50(0%), ATK IV: 7(0%), DEF IV: 87(0%), Work Speed: (0%), Skills: Downtrodden
Direhowl, Level: 1, Rank: 1, Gender: Female, HP IV: 35(0%), ATK IV: 70(0%), DEF IV: 72(0%), Work Speed: (0%), Skills: Dainty Eater
Direhowl, Level: 1, Rank: 1, Gender: Female, HP IV: 64(0%), ATK IV: 87(0%), DEF IV: 17(0%), Work Speed: (0%), Skills: Suntan Lover
Direhowl, Level: 1, Rank: 1, Gender: Male, HP IV: 87(0%), ATK IV: 15(0%), DEF IV: 94(0%), Work Speed: (0%), Skills: Conceited, Downtrodden, Insulated Body
Dumud, Level: 21, Rank: 1, Gender: Female, HP IV: 49(0%), ATK IV: 27(0%), DEF IV: 34(0%), Work Speed: (0%), Skills: Coward
Eikthyrdeer, Level: 12, Rank: 1, Gender: Male, HP IV: 47(0%), ATK IV: 7(0%), DEF IV: 64(0%), Work Speed: (0%), Skills: Suntan Lover
Flambelle, Level: 15, Rank: 1, Gender: Male, HP IV: 94(0%), ATK IV: 25(0%), DEF IV: 51(0%), Work Speed: (0%), Skills: Brave
Flambelle, Level: 19, Rank: 1, Gender: Male, HP IV: 56(0%), ATK IV: 83(0%), DEF IV: 60(0%), Work Speed: (0%), Skills: Ferocious
Lamball, Level: 12, Rank: 1, Gender: Female, HP IV: 80(0%), ATK IV: 84(0%), DEF IV: 27(0%), Work Speed: (0%), Skills: Pacifist
Lamball, Level: 16, Rank: 1, Gender: Female, HP IV: 40(0%), ATK IV: 82(0%), DEF IV: 21(0%), Work Speed: (0%), Skills: Workaholic
Lifmunk, Level: 14, Rank: 1, Gender: Female, HP IV: 51(0%), ATK IV: 25(0%), DEF IV: 82(0%), Work Speed: (0%), Skills: Nimble
Melpaca, Level: 10, Rank: 1, Gender: Female, HP IV: 65(0%), ATK IV: 57(0%), DEF IV: 40(0%), Work Speed: (0%), Skills: Earthquake Resistant, Philantropist
Mimog, Level: 13, Rank: 1, Gender: Male, HP IV: 30(0%), ATK IV: 14(0%), DEF IV: 94(0%), Work Speed: (0%), Skills: Downtrodden
Nitewing, Level: 1, Rank: 1, Gender: Male, HP IV: 90(0%), ATK IV: 27(0%), DEF IV: 12(0%), Work Speed: (0%), Skills: Serious
Nox, Level: 7, Rank: 1, Gender: Female, HP IV: 29(0%), ATK IV: 22(0%), DEF IV: 57(0%), Work Speed: (0%), Skills: Noble
Pengullet, Level: 2, Rank: 1, Gender: Male, HP IV: 80(0%), ATK IV: 98(0%), DEF IV: 7(0%), Work Speed: (0%), Skills: Coward
Pengullet, Level: 4, Rank: 1, Gender: Female, HP IV: 37(0%), ATK IV: 99(0%), DEF IV: 72(0%), Work Speed: (0%), Skills: Swift
Pengullet, Level: 4, Rank: 1, Gender: Female, HP IV: 50(0%), ATK IV: 51(0%), DEF IV: 29(0%), Work Speed: (0%), Skills: Artisan
Sparkit, Level: 17, Rank: 1, Gender: Female, HP IV: 32(0%), ATK IV: 97(0%), DEF IV: 88(0%), Work Speed: (0%), Skills: Runner, Serious, Suntan Lover
Teafant, Level: 1, Rank: 1, Gender: Male, HP IV: 45(0%), ATK IV: 82(0%), DEF IV: 91(0%), Work Speed: (0%), Skills: Burly Body
Vixy, Level: 12, Rank: 1, Gender: Female, HP IV: 89(0%), ATK IV: 51(0%), DEF IV: 11(0%), Work Speed: (0%), Skills: Logging Foreman, Downtrodden, Bottomless Stomach, Masochist
Evv's 42 Pals
-------------
Alpha Chillet, Level: 11, Rank: 1, Gender: Male, HP IV: 98(0%), ATK IV: 67(0%), DEF IV: 83(0%), Work Speed: (0%), Skills: Pacifist, Cheery
Alpha Dumud, Level: 14, Rank: 1, Gender: Female, HP IV: 60(0%), ATK IV: 84(0%), DEF IV: 68(0%), Work Speed: (0%), Skills: Logging Foreman
Alpha Gumoss, Level: 11, Rank: 1, Gender: Female, HP IV: 56(0%), ATK IV: 86(0%), DEF IV: 64(0%), Work Speed: (0%)
Alpha Nitewing, Level: 19, Rank: 1, Gender: Male, HP IV: 72(0%), ATK IV: 97(0%), DEF IV: 78(0%), Work Speed: (0%)
Alpha Sweepa, Level: 11, Rank: 1, Gender: Female, HP IV: 76(0%), ATK IV: 90(0%), DEF IV: 56(0%), Work Speed: (0%), Skills: Coward, Bottomless Stomach
Astegon, Level: 17, Rank: 1, Gender: Male, HP IV: 28(0%), ATK IV: 34(0%), DEF IV: 19(0%), Work Speed: (0%), Skills: Work Slave, Serious
Astegon, Level: 18, Rank: 1, Gender: Male, HP IV: 79(0%), ATK IV: 19(0%), DEF IV: 63(0%), Work Speed: (0%), Skills: Artisan, Easygoing
Astegon, Level: 19, Rank: 1, Gender: Male, HP IV: 28(0%), ATK IV: 62(0%), DEF IV: 63(0%), Work Speed: (0%), Skills: Serious
Astegon, Level: 45, Rank: 1, Gender: Male, HP IV: 1(0%), ATK IV: 84(0%), DEF IV: 52(0%), Work Speed: (0%), Skills: Hard Skin, Swift
Celaray, Level: 4, Rank: 1, Gender: Female, HP IV: 88(0%), ATK IV: 89(0%), DEF IV: 46(0%), Work Speed: (0%), Skills: Mercy hit
Celaray, Level: 5, Rank: 1, Gender: Female, HP IV: 33(0%), ATK IV: 41(0%), DEF IV: 58(0%), Work Speed: (0%), Skills: Blood of the Dragon
Chikipi, Level: 4, Rank: 1, Gender: Female, HP IV: 97(0%), ATK IV: 42(0%), DEF IV: 98(0%), Work Speed: (0%), Skills: Coward
Chikipi, Level: 8, Rank: 1, Gender: Male, HP IV: 34(0%), ATK IV: 29(0%), DEF IV: 67(0%), Work Speed: (0%), Skills: Positive Thinker
Chillet, Level: 1, Rank: 1, Gender: Male, HP IV: 78(0%), ATK IV: 75(0%), DEF IV: 29(0%), Work Speed: (0%), Skills: Bottomless Stomach
Croajiro, Level: 15, Rank: 1, Gender: Female, HP IV: 8(0%), ATK IV: 70(0%), DEF IV: 44(0%), Work Speed: (0%), Skills: Fit as a Fiddle, Work Slave
Croajiro, Level: 15, Rank: 1, Gender: Female, HP IV: 82(0%), ATK IV: 64(0%), DEF IV: 41(0%), Work Speed: (0%), Skills: Capacitor, Aggressive
Croajiro, Level: 3, Rank: 1, Gender: Male, HP IV: 92(0%), ATK IV: 13(0%), DEF IV: 42(0%), Work Speed: (0%)
Croajiro, Level: 4, Rank: 1, Gender: Female, HP IV: 62(0%), ATK IV: 79(0%), DEF IV: 7(0%), Work Speed: (0%), Skills: Pyromaniac
Croajiro, Level: 5, Rank: 1, Gender: Male, HP IV: 69(0%), ATK IV: 33(0%), DEF IV: 46(0%), Work Speed: (0%), Skills: Positive Thinker
Depresso, Level: 3, Rank: 1, Gender: Male, HP IV: 52(0%), ATK IV: 43(0%), DEF IV: 60(0%), Work Speed: (0%), Skills: Waterproof
Depresso, Level: 5, Rank: 1, Gender: Male, HP IV: 56(0%), ATK IV: 51(0%), DEF IV: 21(0%), Work Speed: (0%), Skills: Earthquake Resistant
Depresso, Level: 7, Rank: 1, Gender: Female, HP IV: 50(0%), ATK IV: 7(0%), DEF IV: 87(0%), Work Speed: (0%), Skills: Downtrodden
Direhowl, Level: 1, Rank: 1, Gender: Female, HP IV: 35(0%), ATK IV: 70(0%), DEF IV: 72(0%), Work Speed: (0%), Skills: Dainty Eater
Direhowl, Level: 1, Rank: 1, Gender: Female, HP IV: 64(0%), ATK IV: 87(0%), DEF IV: 17(0%), Work Speed: (0%), Skills: Suntan Lover
Direhowl, Level: 1, Rank: 1, Gender: Male, HP IV: 87(0%), ATK IV: 15(0%), DEF IV: 94(0%), Work Speed: (0%), Skills: Conceited, Downtrodden, Insulated Body
Dumud, Level: 21, Rank: 1, Gender: Female, HP IV: 49(0%), ATK IV: 27(0%), DEF IV: 34(0%), Work Speed: (0%), Skills: Coward
Eikthyrdeer, Level: 12, Rank: 1, Gender: Male, HP IV: 47(0%), ATK IV: 7(0%), DEF IV: 64(0%), Work Speed: (0%), Skills: Suntan Lover
Flambelle, Level: 15, Rank: 1, Gender: Male, HP IV: 94(0%), ATK IV: 25(0%), DEF IV: 51(0%), Work Speed: (0%), Skills: Brave
Flambelle, Level: 19, Rank: 1, Gender: Male, HP IV: 56(0%), ATK IV: 83(0%), DEF IV: 60(0%), Work Speed: (0%), Skills: Ferocious
Lamball, Level: 12, Rank: 1, Gender: Female, HP IV: 80(0%), ATK IV: 84(0%), DEF IV: 27(0%), Work Speed: (0%), Skills: Pacifist
Lamball, Level: 16, Rank: 1, Gender: Female, HP IV: 40(0%), ATK IV: 82(0%), DEF IV: 21(0%), Work Speed: (0%), Skills: Workaholic
Lifmunk, Level: 14, Rank: 1, Gender: Female, HP IV: 51(0%), ATK IV: 25(0%), DEF IV: 82(0%), Work Speed: (0%), Skills: Nimble
Melpaca, Level: 10, Rank: 1, Gender: Female, HP IV: 65(0%), ATK IV: 57(0%), DEF IV: 40(0%), Work Speed: (0%), Skills: Earthquake Resistant, Philantropist
Mimog, Level: 13, Rank: 1, Gender: Male, HP IV: 30(0%), ATK IV: 14(0%), DEF IV: 94(0%), Work Speed: (0%), Skills: Downtrodden
Nitewing, Level: 1, Rank: 1, Gender: Male, HP IV: 90(0%), ATK IV: 27(0%), DEF IV: 12(0%), Work Speed: (0%), Skills: Serious
Nox, Level: 7, Rank: 1, Gender: Female, HP IV: 29(0%), ATK IV: 22(0%), DEF IV: 57(0%), Work Speed: (0%), Skills: Noble
Pengullet, Level: 2, Rank: 1, Gender: Male, HP IV: 80(0%), ATK IV: 98(0%), DEF IV: 7(0%), Work Speed: (0%), Skills: Coward
Pengullet, Level: 4, Rank: 1, Gender: Female, HP IV: 37(0%), ATK IV: 99(0%), DEF IV: 72(0%), Work Speed: (0%), Skills: Swift
Pengullet, Level: 4, Rank: 1, Gender: Female, HP IV: 50(0%), ATK IV: 51(0%), DEF IV: 29(0%), Work Speed: (0%), Skills: Artisan
Sparkit, Level: 17, Rank: 1, Gender: Female, HP IV: 32(0%), ATK IV: 97(0%), DEF IV: 88(0%), Work Speed: (0%), Skills: Runner, Serious, Suntan Lover
Teafant, Level: 1, Rank: 1, Gender: Male, HP IV: 45(0%), ATK IV: 82(0%), DEF IV: 91(0%), Work Speed: (0%), Skills: Burly Body
Vixy, Level: 12, Rank: 1, Gender: Female, HP IV: 89(0%), ATK IV: 51(0%), DEF IV: 11(0%), Work Speed: (0%), Skills: Logging Foreman, Downtrodden, Bottomless Stomach, Masochist
Evv's 42 Pals
-------------
Alpha Chillet, Level: 11, Rank: 1, Gender: Male, HP IV: 98(0%), ATK IV: 67(0%), DEF IV: 83(0%), Work Speed: (0%), Skills: Pacifist, Cheery
Alpha Dumud, Level: 14, Rank: 1, Gender: Female, HP IV: 60(0%), ATK IV: 84(0%), DEF IV: 68(0%), Work Speed: (0%), Skills: Logging Foreman
Alpha Gumoss, Level: 11, Rank: 1, Gender: Female, HP IV: 56(0%), ATK IV: 86(0%), DEF IV: 64(0%), Work Speed: (0%)
Alpha Nitewing, Level: 19, Rank: 1, Gender: Male, HP IV: 72(0%), ATK IV: 97(0%), DEF IV: 78(0%), Work Speed: (0%)
Alpha Sweepa, Level: 11, Rank: 1, Gender: Female, HP IV: 76(0%), ATK IV: 90(0%), DEF IV: 56(0%), Work Speed: (0%), Skills: Coward, Bottomless Stomach
Astegon, Level: 17, Rank: 1, Gender: Male, HP IV: 28(0%), ATK IV: 34(0%), DEF IV: 19(0%), Work Speed: (0%), Skills: Work Slave, Serious
Astegon, Level: 18, Rank: 1, Gender: Male, HP IV: 79(0%), ATK IV: 19(0%), DEF IV: 63(0%), Work Speed: (0%), Skills: Artisan, Easygoing
Astegon, Level: 19, Rank: 1, Gender: Male, HP IV: 28(0%), ATK IV: 62(0%), DEF IV: 63(0%), Work Speed: (0%), Skills: Serious
Astegon, Level: 45, Rank: 1, Gender: Male, HP IV: 1(0%), ATK IV: 84(0%), DEF IV: 52(0%), Work Speed: (0%), Skills: Hard Skin, Swift
Celaray, Level: 4, Rank: 1, Gender: Female, HP IV: 88(0%), ATK IV: 89(0%), DEF IV: 46(0%), Work Speed: (0%), Skills: Mercy hit
Celaray, Level: 5, Rank: 1, Gender: Female, HP IV: 33(0%), ATK IV: 41(0%), DEF IV: 58(0%), Work Speed: (0%), Skills: Blood of the Dragon
Chikipi, Level: 4, Rank: 1, Gender: Female, HP IV: 97(0%), ATK IV: 42(0%), DEF IV: 98(0%), Work Speed: (0%), Skills: Coward
Chikipi, Level: 8, Rank: 1, Gender: Male, HP IV: 34(0%), ATK IV: 29(0%), DEF IV: 67(0%), Work Speed: (0%), Skills: Positive Thinker
Chillet, Level: 1, Rank: 1, Gender: Male, HP IV: 78(0%), ATK IV: 75(0%), DEF IV: 29(0%), Work Speed: (0%), Skills: Bottomless Stomach
Croajiro, Level: 15, Rank: 1, Gender: Female, HP IV: 8(0%), ATK IV: 70(0%), DEF IV: 44(0%), Work Speed: (0%), Skills: Fit as a Fiddle, Work Slave
Croajiro, Level: 15, Rank: 1, Gender: Female, HP IV: 82(0%), ATK IV: 64(0%), DEF IV: 41(0%), Work Speed: (0%), Skills: Capacitor, Aggressive
Croajiro, Level: 3, Rank: 1, Gender: Male, HP IV: 92(0%), ATK IV: 13(0%), DEF IV: 42(0%), Work Speed: (0%)
Croajiro, Level: 4, Rank: 1, Gender: Female, HP IV: 62(0%), ATK IV: 79(0%), DEF IV: 7(0%), Work Speed: (0%), Skills: Pyromaniac
Croajiro, Level: 5, Rank: 1, Gender: Male, HP IV: 69(0%), ATK IV: 33(0%), DEF IV: 46(0%), Work Speed: (0%), Skills: Positive Thinker
Depresso, Level: 3, Rank: 1, Gender: Male, HP IV: 52(0%), ATK IV: 43(0%), DEF IV: 60(0%), Work Speed: (0%), Skills: Waterproof
Depresso, Level: 5, Rank: 1, Gender: Male, HP IV: 56(0%), ATK IV: 51(0%), DEF IV: 21(0%), Work Speed: (0%), Skills: Earthquake Resistant
Depresso, Level: 7, Rank: 1, Gender: Female, HP IV: 50(0%), ATK IV: 7(0%), DEF IV: 87(0%), Work Speed: (0%), Skills: Downtrodden
Direhowl, Level: 1, Rank: 1, Gender: Female, HP IV: 35(0%), ATK IV: 70(0%), DEF IV: 72(0%), Work Speed: (0%), Skills: Dainty Eater
Direhowl, Level: 1, Rank: 1, Gender: Female, HP IV: 64(0%), ATK IV: 87(0%), DEF IV: 17(0%), Work Speed: (0%), Skills: Suntan Lover
Direhowl, Level: 1, Rank: 1, Gender: Male, HP IV: 87(0%), ATK IV: 15(0%), DEF IV: 94(0%), Work Speed: (0%), Skills: Conceited, Downtrodden, Insulated Body
Dumud, Level: 21, Rank: 1, Gender: Female, HP IV: 49(0%), ATK IV: 27(0%), DEF IV: 34(0%), Work Speed: (0%), Skills: Coward
Eikthyrdeer, Level: 12, Rank: 1, Gender: Male, HP IV: 47(0%), ATK IV: 7(0%), DEF IV: 64(0%), Work Speed: (0%), Skills: Suntan Lover
Flambelle, Level: 15, Rank: 1, Gender: Male, HP IV: 94(0%), ATK IV: 25(0%), DEF IV: 51(0%), Work Speed: (0%), Skills: Brave
Flambelle, Level: 19, Rank: 1, Gender: Male, HP IV: 56(0%), ATK IV: 83(0%), DEF IV: 60(0%), Work Speed: (0%), Skills: Ferocious
Lamball, Level: 12, Rank: 1, Gender: Female, HP IV: 80(0%), ATK IV: 84(0%), DEF IV: 27(0%), Work Speed: (0%), Skills: Pacifist
Lamball, Level: 16, Rank: 1, Gender: Female, HP IV: 40(0%), ATK IV: 82(0%), DEF IV: 21(0%), Work Speed: (0%), Skills: Workaholic
Lifmunk, Level: 14, Rank: 1, Gender: Female, HP IV: 51(0%), ATK IV: 25(0%), DEF IV: 82(0%), Work Speed: (0%), Skills: Nimble
Melpaca, Level: 10, Rank: 1, Gender: Female, HP IV: 65(0%), ATK IV: 57(0%), DEF IV: 40(0%), Work Speed: (0%), Skills: Earthquake Resistant, Philantropist
Mimog, Level: 13, Rank: 1, Gender: Male, HP IV: 30(0%), ATK IV: 14(0%), DEF IV: 94(0%), Work Speed: (0%), Skills: Downtrodden
Nitewing, Level: 1, Rank: 1, Gender: Male, HP IV: 90(0%), ATK IV: 27(0%), DEF IV: 12(0%), Work Speed: (0%), Skills: Serious
Nox, Level: 7, Rank: 1, Gender: Female, HP IV: 29(0%), ATK IV: 22(0%), DEF IV: 57(0%), Work Speed: (0%), Skills: Noble
Pengullet, Level: 2, Rank: 1, Gender: Male, HP IV: 80(0%), ATK IV: 98(0%), DEF IV: 7(0%), Work Speed: (0%), Skills: Coward
Pengullet, Level: 4, Rank: 1, Gender: Female, HP IV: 37(0%), ATK IV: 99(0%), DEF IV: 72(0%), Work Speed: (0%), Skills: Swift
Pengullet, Level: 4, Rank: 1, Gender: Female, HP IV: 50(0%), ATK IV: 51(0%), DEF IV: 29(0%), Work Speed: (0%), Skills: Artisan
Sparkit, Level: 17, Rank: 1, Gender: Female, HP IV: 32(0%), ATK IV: 97(0%), DEF IV: 88(0%), Work Speed: (0%), Skills: Runner, Serious, Suntan Lover
Teafant, Level: 1, Rank: 1, Gender: Male, HP IV: 45(0%), ATK IV: 82(0%), DEF IV: 91(0%), Work Speed: (0%), Skills: Burly Body
Vixy, Level: 12, Rank: 1, Gender: Female, HP IV: 89(0%), ATK IV: 51(0%), DEF IV: 11(0%), Work Speed: (0%), Skills: Logging Foreman, Downtrodden, Bottomless Stomach, Masochist
Evv's 42 Pals
-------------
Alpha Chillet, Level: 11, Rank: 1, Gender: Male, HP IV: 98(0%), ATK IV: 67(0%), DEF IV: 83(0%), Work Speed: (0%), Skills: Pacifist, Cheery
Alpha Dumud, Level: 14, Rank: 1, Gender: Female, HP IV: 60(0%), ATK IV: 84(0%), DEF IV: 68(0%), Work Speed: (0%), Skills: Logging Foreman
Alpha Gumoss, Level: 11, Rank: 1, Gender: Female, HP IV: 56(0%), ATK IV: 86(0%), DEF IV: 64(0%), Work Speed: (0%)
Alpha Nitewing, Level: 19, Rank: 1, Gender: Male, HP IV: 72(0%), ATK IV: 97(0%), DEF IV: 78(0%), Work Speed: (0%)
Alpha Sweepa, Level: 11, Rank: 1, Gender: Female, HP IV: 76(0%), ATK IV: 90(0%), DEF IV: 56(0%), Work Speed: (0%), Skills: Coward, Bottomless Stomach
Astegon, Level: 17, Rank: 1, Gender: Male, HP IV: 28(0%), ATK IV: 34(0%), DEF IV: 19(0%), Work Speed: (0%), Skills: Work Slave, Serious
Astegon, Level: 18, Rank: 1, Gender: Male, HP IV: 79(0%), ATK IV: 19(0%), DEF IV: 63(0%), Work Speed: (0%), Skills: Artisan, Easygoing
Astegon, Level: 19, Rank: 1, Gender: Male, HP IV: 28(0%), ATK IV: 62(0%), DEF IV: 63(0%), Work Speed: (0%), Skills: Serious
Astegon, Level: 45, Rank: 1, Gender: Male, HP IV: 1(0%), ATK IV: 84(0%), DEF IV: 52(0%), Work Speed: (0%), Skills: Hard Skin, Swift
Celaray, Level: 4, Rank: 1, Gender: Female, HP IV: 88(0%), ATK IV: 89(0%), DEF IV: 46(0%), Work Speed: (0%), Skills: Mercy hit
Celaray, Level: 5, Rank: 1, Gender: Female, HP IV: 33(0%), ATK IV: 41(0%), DEF IV: 58(0%), Work Speed: (0%), Skills: Blood of the Dragon
Chikipi, Level: 4, Rank: 1, Gender: Female, HP IV: 97(0%), ATK IV: 42(0%), DEF IV: 98(0%), Work Speed: (0%), Skills: Coward
Chikipi, Level: 8, Rank: 1, Gender: Male, HP IV: 34(0%), ATK IV: 29(0%), DEF IV: 67(0%), Work Speed: (0%), Skills: Positive Thinker
Chillet, Level: 1, Rank: 1, Gender: Male, HP IV: 78(0%), ATK IV: 75(0%), DEF IV: 29(0%), Work Speed: (0%), Skills: Bottomless Stomach
Croajiro, Level: 15, Rank: 1, Gender: Female, HP IV: 8(0%), ATK IV: 70(0%), DEF IV: 44(0%), Work Speed: (0%), Skills: Fit as a Fiddle, Work Slave
Croajiro, Level: 15, Rank: 1, Gender: Female, HP IV: 82(0%), ATK IV: 64(0%), DEF IV: 41(0%), Work Speed: (0%), Skills: Capacitor, Aggressive
Croajiro, Level: 3, Rank: 1, Gender: Male, HP IV: 92(0%), ATK IV: 13(0%), DEF IV: 42(0%), Work Speed: (0%)
Croajiro, Level: 4, Rank: 1, Gender: Female, HP IV: 62(0%), ATK IV: 79(0%), DEF IV: 7(0%), Work Speed: (0%), Skills: Pyromaniac
Croajiro, Level: 5, Rank: 1, Gender: Male, HP IV: 69(0%), ATK IV: 33(0%), DEF IV: 46(0%), Work Speed: (0%), Skills: Positive Thinker
Depresso, Level: 3, Rank: 1, Gender: Male, HP IV: 52(0%), ATK IV: 43(0%), DEF IV: 60(0%), Work Speed: (0%), Skills: Waterproof
Depresso, Level: 5, Rank: 1, Gender: Male, HP IV: 56(0%), ATK IV: 51(0%), DEF IV: 21(0%), Work Speed: (0%), Skills: Earthquake Resistant
Depresso, Level: 7, Rank: 1, Gender: Female, HP IV: 50(0%), ATK IV: 7(0%), DEF IV: 87(0%), Work Speed: (0%), Skills: Downtrodden
Direhowl, Level: 1, Rank: 1, Gender: Female, HP IV: 35(0%), ATK IV: 70(0%), DEF IV: 72(0%), Work Speed: (0%), Skills: Dainty Eater
Direhowl, Level: 1, Rank: 1, Gender: Female, HP IV: 64(0%), ATK IV: 87(0%), DEF IV: 17(0%), Work Speed: (0%), Skills: Suntan Lover
Direhowl, Level: 1, Rank: 1, Gender: Male, HP IV: 87(0%), ATK IV: 15(0%), DEF IV: 94(0%), Work Speed: (0%), Skills: Conceited, Downtrodden, Insulated Body
Dumud, Level: 21, Rank: 1, Gender: Female, HP IV: 49(0%), ATK IV: 27(0%), DEF IV: 34(0%), Work Speed: (0%), Skills: Coward
Eikthyrdeer, Level: 12, Rank: 1, Gender: Male, HP IV: 47(0%), ATK IV: 7(0%), DEF IV: 64(0%), Work Speed: (0%), Skills: Suntan Lover
Flambelle, Level: 15, Rank: 1, Gender: Male, HP IV: 94(0%), ATK IV: 25(0%), DEF IV: 51(0%), Work Speed: (0%), Skills: Brave
Flambelle, Level: 19, Rank: 1, Gender: Male, HP IV: 56(0%), ATK IV: 83(0%), DEF IV: 60(0%), Work Speed: (0%), Skills: Ferocious
Lamball, Level: 12, Rank: 1, Gender: Female, HP IV: 80(0%), ATK IV: 84(0%), DEF IV: 27(0%), Work Speed: (0%), Skills: Pacifist
Lamball, Level: 16, Rank: 1, Gender: Female, HP IV: 40(0%), ATK IV: 82(0%), DEF IV: 21(0%), Work Speed: (0%), Skills: Workaholic
Lifmunk, Level: 14, Rank: 1, Gender: Female, HP IV: 51(0%), ATK IV: 25(0%), DEF IV: 82(0%), Work Speed: (0%), Skills: Nimble
Melpaca, Level: 10, Rank: 1, Gender: Female, HP IV: 65(0%), ATK IV: 57(0%), DEF IV: 40(0%), Work Speed: (0%), Skills: Earthquake Resistant, Philantropist
Mimog, Level: 13, Rank: 1, Gender: Male, HP IV: 30(0%), ATK IV: 14(0%), DEF IV: 94(0%), Work Speed: (0%), Skills: Downtrodden
Nitewing, Level: 1, Rank: 1, Gender: Male, HP IV: 90(0%), ATK IV: 27(0%), DEF IV: 12(0%), Work Speed: (0%), Skills: Serious
Nox, Level: 7, Rank: 1, Gender: Female, HP IV: 29(0%), ATK IV: 22(0%), DEF IV: 57(0%), Work Speed: (0%), Skills: Noble
Pengullet, Level: 2, Rank: 1, Gender: Male, HP IV: 80(0%), ATK IV: 98(0%), DEF IV: 7(0%), Work Speed: (0%), Skills: Coward
Pengullet, Level: 4, Rank: 1, Gender: Female, HP IV: 37(0%), ATK IV: 99(0%), DEF IV: 72(0%), Work Speed: (0%), Skills: Swift
Pengullet, Level: 4, Rank: 1, Gender: Female, HP IV: 50(0%), ATK IV: 51(0%), DEF IV: 29(0%), Work Speed: (0%), Skills: Artisan
Sparkit, Level: 17, Rank: 1, Gender: Female, HP IV: 32(0%), ATK IV: 97(0%), DEF IV: 88(0%), Work Speed: (0%), Skills: Runner, Serious, Suntan Lover
Teafant, Level: 1, Rank: 1, Gender: Male, HP IV: 45(0%), ATK IV: 82(0%), DEF IV: 91(0%), Work Speed: (0%), Skills: Burly Body
Vixy, Level: 12, Rank: 1, Gender: Female, HP IV: 89(0%), ATK IV: 51(0%), DEF IV: 11(0%), Work Speed: (0%), Skills: Logging Foreman, Downtrodden, Bottomless Stomach, Masochist
