Fantaxy's 17 Pals
-----------------
Alpha Celaray, Level: 1, Rank: 1, Gender: Female, HP IV: 89(0%), ATK IV: 73(0%), DEF IV: 89(0%), Work Speed: (0%)
Caprity, Level: 1, Rank: 1, Gender: Female, HP IV: 50(0%), ATK IV: 45(0%), DEF IV: 15(0%), Work Speed: (0%), Skills: Brave
Chillet, Level: 14, Rank: 1, Gender: Male, HP IV: 51(0%), ATK IV: 75(0%), DEF IV: 63(0%), Work Speed: (0%), Skills: Waterproof
Croajiro, Level: 44, Rank: 1, Gender: Female, HP IV: 49(0%), ATK IV: 69(0%), DEF IV: 45(0%), Work Speed: (0%), Skills: Glutton
Croajiro, Level: 44, Rank: 1, Gender: Male, HP IV: 73(0%), ATK IV: 34(0%), DEF IV: 61(0%), Work Speed: (0%), Skills: Musclehead
Direhowl, Level: 1, Rank: 1, Gender: Male, HP IV: 95(0%), ATK IV: 41(0%), DEF IV: 32(0%), Work Speed: (0%), Skills: Artisan, Hooligan
Direhowl, Level: 13, Rank: 1, Gender: Female, HP IV: 50(0%), ATK IV: 31(0%), DEF IV: 35(0%), Work Speed: (0%), Skills: Waterproof
Foxparks, Level: 32, Rank: 1, Gender: Male, HP IV: 72(0%), ATK IV: 100(0%), DEF IV: 25(0%), Work Speed: (0%), Skills: Zen Mind
Hangyu, Level: 1, Rank: 1, Gender: Male, HP IV: 60(0%), ATK IV: 25(0%), DEF IV: 82(0%), Work Speed: (0%), Skills: Diet Lover, Stronghold Strategist
Mau, Level: 1, Rank: 1, Gender: Male, HP IV: 59(0%), ATK IV: 45(0%), DEF IV: 59(0%), Work Speed: (0%)
Nox, Level: 1, Rank: 1, Gender: Female, HP IV: 66(0%), ATK IV: 75(0%), DEF IV: 99(0%), Work Speed: (0%), Skills: Fit as a Fiddle
Pengullet, Level: 44, Rank: 1, Gender: Male, HP IV: 63(0%), ATK IV: 87(0%), DEF IV: 36(0%), Work Speed: (0%)
Reindrix, Level: 1, Rank: 1, Gender: Female, HP IV: 31(0%), ATK IV: 45(0%), DEF IV: 83(0%), Work Speed: (0%)
Sparkit, Level: 26, Rank: 1, Gender: Female, HP IV: 38(0%), ATK IV: 75(0%), DEF IV: 36(0%), Work Speed: (0%), Skills: Mine Foreman
Swee, Level: 1, Rank: 1, Gender: Male, HP IV: 92(0%), ATK IV: 43(0%), DEF IV: 48(0%), Work Speed: (0%), Skills: Ferocious
Tocotoco, Level: 44, Rank: 1, Gender: Female, HP IV: 55(0%), ATK IV: 68(0%), DEF IV: 45(0%), Work Speed: (0%)
Vanwyrm Cryst, Level: 14, Rank: 1, Gender: Female, HP IV: 99(0%), ATK IV: 82(0%), DEF IV: 63(0%), Work Speed: (0%), Skills: Sickly
Fantaxy's 17 Pals
-----------------
Alpha Celaray, Level: 1, Rank: 1, Gender: Female, HP IV: 89(0%), ATK IV: 73(0%), DEF IV: 89(0%), Work Speed: (0%)
Caprity, Level: 1, Rank: 1, Gender: Female, HP IV: 50(0%), ATK IV: 45(0%), DEF IV: 15(0%), Work Speed: (0%), Skills: Brave
Chillet, Level: 14, Rank: 1, Gender: Male, HP IV: 51(0%), ATK IV: 75(0%), DEF IV: 63(0%), Work Speed: (0%), Skills: Waterproof
Croajiro, Level: 44, Rank: 1, Gender: Female, HP IV: 49(0%), ATK IV: 69(0%), DEF IV: 45(0%), Work Speed: (0%), Skills: Glutton
Croajiro, Level: 44, Rank: 1, Gender: Male, HP IV: 73(0%), ATK IV: 34(0%), DEF IV: 61(0%), Work Speed: (0%), Skills: Musclehead
Direhowl, Level: 1, Rank: 1, Gender: Male, HP IV: 95(0%), ATK IV: 41(0%), DEF IV: 32(0%), Work Speed: (0%), Skills: Artisan, Hooligan
Direhowl, Level: 13, Rank: 1, Gender: Female, HP IV: 50(0%), ATK IV: 31(0%), DEF IV: 35(0%), Work Speed: (0%), Skills: Waterproof
Foxparks, Level: 32, Rank: 1, Gender: Male, HP IV: 72(0%), ATK IV: 100(0%), DEF IV: 25(0%), Work Speed: (0%), Skills: Zen Mind
Hangyu, Level: 1, Rank: 1, Gender: Male, HP IV: 60(0%), ATK IV: 25(0%), DEF IV: 82(0%), Work Speed: (0%), Skills: Diet Lover, Stronghold Strategist
Mau, Level: 1, Rank: 1, Gender: Male, HP IV: 59(0%), ATK IV: 45(0%), DEF IV: 59(0%), Work Speed: (0%)
Nox, Level: 1, Rank: 1, Gender: Female, HP IV: 66(0%), ATK IV: 75(0%), DEF IV: 99(0%), Work Speed: (0%), Skills: Fit as a Fiddle
Pengullet, Level: 44, Rank: 1, Gender: Male, HP IV: 63(0%), ATK IV: 87(0%), DEF IV: 36(0%), Work Speed: (0%)
Reindrix, Level: 1, Rank: 1, Gender: Female, HP IV: 31(0%), ATK IV: 45(0%), DEF IV: 83(0%), Work Speed: (0%)
Sparkit, Level: 26, Rank: 1, Gender: Female, HP IV: 38(0%), ATK IV: 75(0%), DEF IV: 36(0%), Work Speed: (0%), Skills: Mine Foreman
Swee, Level: 1, Rank: 1, Gender: Male, HP IV: 92(0%), ATK IV: 43(0%), DEF IV: 48(0%), Work Speed: (0%), Skills: Ferocious
Tocotoco, Level: 44, Rank: 1, Gender: Female, HP IV: 55(0%), ATK IV: 68(0%), DEF IV: 45(0%), Work Speed: (0%)
Vanwyrm Cryst, Level: 14, Rank: 1, Gender: Female, HP IV: 99(0%), ATK IV: 82(0%), DEF IV: 63(0%), Work Speed: (0%), Skills: Sickly
Fantaxy's 17 Pals
-----------------
Alpha Celaray, Level: 1, Rank: 1, Gender: Female, HP IV: 89(0%), ATK IV: 73(0%), DEF IV: 89(0%), Work Speed: (0%)
Caprity, Level: 1, Rank: 1, Gender: Female, HP IV: 50(0%), ATK IV: 45(0%), DEF IV: 15(0%), Work Speed: (0%), Skills: Brave
Chillet, Level: 14, Rank: 1, Gender: Male, HP IV: 51(0%), ATK IV: 75(0%), DEF IV: 63(0%), Work Speed: (0%), Skills: Waterproof
Croajiro, Level: 44, Rank: 1, Gender: Female, HP IV: 49(0%), ATK IV: 69(0%), DEF IV: 45(0%), Work Speed: (0%), Skills: Glutton
Croajiro, Level: 44, Rank: 1, Gender: Male, HP IV: 73(0%), ATK IV: 34(0%), DEF IV: 61(0%), Work Speed: (0%), Skills: Musclehead
Direhowl, Level: 1, Rank: 1, Gender: Male, HP IV: 95(0%), ATK IV: 41(0%), DEF IV: 32(0%), Work Speed: (0%), Skills: Artisan, Hooligan
Direhowl, Level: 13, Rank: 1, Gender: Female, HP IV: 50(0%), ATK IV: 31(0%), DEF IV: 35(0%), Work Speed: (0%), Skills: Waterproof
Foxparks, Level: 32, Rank: 1, Gender: Male, HP IV: 72(0%), ATK IV: 100(0%), DEF IV: 25(0%), Work Speed: (0%), Skills: Zen Mind
Hangyu, Level: 1, Rank: 1, Gender: Male, HP IV: 60(0%), ATK IV: 25(0%), DEF IV: 82(0%), Work Speed: (0%), Skills: Diet Lover, Stronghold Strategist
Mau, Level: 1, Rank: 1, Gender: Male, HP IV: 59(0%), ATK IV: 45(0%), DEF IV: 59(0%), Work Speed: (0%)
Nox, Level: 1, Rank: 1, Gender: Female, HP IV: 66(0%), ATK IV: 75(0%), DEF IV: 99(0%), Work Speed: (0%), Skills: Fit as a Fiddle
Pengullet, Level: 44, Rank: 1, Gender: Male, HP IV: 63(0%), ATK IV: 87(0%), DEF IV: 36(0%), Work Speed: (0%)
Reindrix, Level: 1, Rank: 1, Gender: Female, HP IV: 31(0%), ATK IV: 45(0%), DEF IV: 83(0%), Work Speed: (0%)
Sparkit, Level: 26, Rank: 1, Gender: Female, HP IV: 38(0%), ATK IV: 75(0%), DEF IV: 36(0%), Work Speed: (0%), Skills: Mine Foreman
Swee, Level: 1, Rank: 1, Gender: Male, HP IV: 92(0%), ATK IV: 43(0%), DEF IV: 48(0%), Work Speed: (0%), Skills: Ferocious
Tocotoco, Level: 44, Rank: 1, Gender: Female, HP IV: 55(0%), ATK IV: 68(0%), DEF IV: 45(0%), Work Speed: (0%)
Vanwyrm Cryst, Level: 14, Rank: 1, Gender: Female, HP IV: 99(0%), ATK IV: 82(0%), DEF IV: 63(0%), Work Speed: (0%), Skills: Sickly
Fantaxy's 17 Pals
-----------------
Alpha Celaray, Level: 1, Rank: 1, Gender: Female, HP IV: 89(0%), ATK IV: 73(0%), DEF IV: 89(0%), Work Speed: (0%)
Caprity, Level: 1, Rank: 1, Gender: Female, HP IV: 50(0%), ATK IV: 45(0%), DEF IV: 15(0%), Work Speed: (0%), Skills: Brave
Chillet, Level: 14, Rank: 1, Gender: Male, HP IV: 51(0%), ATK IV: 75(0%), DEF IV: 63(0%), Work Speed: (0%), Skills: Waterproof
Croajiro, Level: 44, Rank: 1, Gender: Female, HP IV: 49(0%), ATK IV: 69(0%), DEF IV: 45(0%), Work Speed: (0%), Skills: Glutton
Croajiro, Level: 44, Rank: 1, Gender: Male, HP IV: 73(0%), ATK IV: 34(0%), DEF IV: 61(0%), Work Speed: (0%), Skills: Musclehead
Direhowl, Level: 1, Rank: 1, Gender: Male, HP IV: 95(0%), ATK IV: 41(0%), DEF IV: 32(0%), Work Speed: (0%), Skills: Artisan, Hooligan
Direhowl, Level: 13, Rank: 1, Gender: Female, HP IV: 50(0%), ATK IV: 31(0%), DEF IV: 35(0%), Work Speed: (0%), Skills: Waterproof
Foxparks, Level: 32, Rank: 1, Gender: Male, HP IV: 72(0%), ATK IV: 100(0%), DEF IV: 25(0%), Work Speed: (0%), Skills: Zen Mind
Hangyu, Level: 1, Rank: 1, Gender: Male, HP IV: 60(0%), ATK IV: 25(0%), DEF IV: 82(0%), Work Speed: (0%), Skills: Diet Lover, Stronghold Strategist
Mau, Level: 1, Rank: 1, Gender: Male, HP IV: 59(0%), ATK IV: 45(0%), DEF IV: 59(0%), Work Speed: (0%)
Nox, Level: 1, Rank: 1, Gender: Female, HP IV: 66(0%), ATK IV: 75(0%), DEF IV: 99(0%), Work Speed: (0%), Skills: Fit as a Fiddle
Pengullet, Level: 44, Rank: 1, Gender: Male, HP IV: 63(0%), ATK IV: 87(0%), DEF IV: 36(0%), Work Speed: (0%)
Reindrix, Level: 1, Rank: 1, Gender: Female, HP IV: 31(0%), ATK IV: 45(0%), DEF IV: 83(0%), Work Speed: (0%)
Sparkit, Level: 26, Rank: 1, Gender: Female, HP IV: 38(0%), ATK IV: 75(0%), DEF IV: 36(0%), Work Speed: (0%), Skills: Mine Foreman
Swee, Level: 1, Rank: 1, Gender: Male, HP IV: 92(0%), ATK IV: 43(0%), DEF IV: 48(0%), Work Speed: (0%), Skills: Ferocious
Tocotoco, Level: 44, Rank: 1, Gender: Female, HP IV: 55(0%), ATK IV: 68(0%), DEF IV: 45(0%), Work Speed: (0%)
Vanwyrm Cryst, Level: 14, Rank: 1, Gender: Female, HP IV: 99(0%), ATK IV: 82(0%), DEF IV: 63(0%), Work Speed: (0%), Skills: Sickly
Fantaxy's 17 Pals
-----------------
Alpha Celaray, Level: 1, Rank: 1, Gender: Female, HP IV: 89(0%), ATK IV: 73(0%), DEF IV: 89(0%), Work Speed: (0%)
Caprity, Level: 1, Rank: 1, Gender: Female, HP IV: 50(0%), ATK IV: 45(0%), DEF IV: 15(0%), Work Speed: (0%), Skills: Brave
Chillet, Level: 14, Rank: 1, Gender: Male, HP IV: 51(0%), ATK IV: 75(0%), DEF IV: 63(0%), Work Speed: (0%), Skills: Waterproof
Croajiro, Level: 44, Rank: 1, Gender: Female, HP IV: 49(0%), ATK IV: 69(0%), DEF IV: 45(0%), Work Speed: (0%), Skills: Glutton
Croajiro, Level: 44, Rank: 1, Gender: Male, HP IV: 73(0%), ATK IV: 34(0%), DEF IV: 61(0%), Work Speed: (0%), Skills: Musclehead
Direhowl, Level: 1, Rank: 1, Gender: Male, HP IV: 95(0%), ATK IV: 41(0%), DEF IV: 32(0%), Work Speed: (0%), Skills: Artisan, Hooligan
Direhowl, Level: 13, Rank: 1, Gender: Female, HP IV: 50(0%), ATK IV: 31(0%), DEF IV: 35(0%), Work Speed: (0%), Skills: Waterproof
Foxparks, Level: 32, Rank: 1, Gender: Male, HP IV: 72(0%), ATK IV: 100(0%), DEF IV: 25(0%), Work Speed: (0%), Skills: Zen Mind
Hangyu, Level: 1, Rank: 1, Gender: Male, HP IV: 60(0%), ATK IV: 25(0%), DEF IV: 82(0%), Work Speed: (0%), Skills: Diet Lover, Stronghold Strategist
Mau, Level: 1, Rank: 1, Gender: Male, HP IV: 59(0%), ATK IV: 45(0%), DEF IV: 59(0%), Work Speed: (0%)
Nox, Level: 1, Rank: 1, Gender: Female, HP IV: 66(0%), ATK IV: 75(0%), DEF IV: 99(0%), Work Speed: (0%), Skills: Fit as a Fiddle
Pengullet, Level: 44, Rank: 1, Gender: Male, HP IV: 63(0%), ATK IV: 87(0%), DEF IV: 36(0%), Work Speed: (0%)
Reindrix, Level: 1, Rank: 1, Gender: Female, HP IV: 31(0%), ATK IV: 45(0%), DEF IV: 83(0%), Work Speed: (0%)
Sparkit, Level: 26, Rank: 1, Gender: Female, HP IV: 38(0%), ATK IV: 75(0%), DEF IV: 36(0%), Work Speed: (0%), Skills: Mine Foreman
Swee, Level: 1, Rank: 1, Gender: Male, HP IV: 92(0%), ATK IV: 43(0%), DEF IV: 48(0%), Work Speed: (0%), Skills: Ferocious
Tocotoco, Level: 44, Rank: 1, Gender: Female, HP IV: 55(0%), ATK IV: 68(0%), DEF IV: 45(0%), Work Speed: (0%)
Vanwyrm Cryst, Level: 14, Rank: 1, Gender: Female, HP IV: 99(0%), ATK IV: 82(0%), DEF IV: 63(0%), Work Speed: (0%), Skills: Sickly
Fantaxy's 17 Pals
-----------------
Alpha Celaray, Level: 1, Rank: 1, Gender: Female, HP IV: 89(0%), ATK IV: 73(0%), DEF IV: 89(0%), Work Speed: (0%)
Caprity, Level: 1, Rank: 1, Gender: Female, HP IV: 50(0%), ATK IV: 45(0%), DEF IV: 15(0%), Work Speed: (0%), Skills: Brave
Chillet, Level: 14, Rank: 1, Gender: Male, HP IV: 51(0%), ATK IV: 75(0%), DEF IV: 63(0%), Work Speed: (0%), Skills: Waterproof
Croajiro, Level: 44, Rank: 1, Gender: Female, HP IV: 49(0%), ATK IV: 69(0%), DEF IV: 45(0%), Work Speed: (0%), Skills: Glutton
Croajiro, Level: 44, Rank: 1, Gender: Male, HP IV: 73(0%), ATK IV: 34(0%), DEF IV: 61(0%), Work Speed: (0%), Skills: Musclehead
Direhowl, Level: 1, Rank: 1, Gender: Male, HP IV: 95(0%), ATK IV: 41(0%), DEF IV: 32(0%), Work Speed: (0%), Skills: Artisan, Hooligan
Direhowl, Level: 13, Rank: 1, Gender: Female, HP IV: 50(0%), ATK IV: 31(0%), DEF IV: 35(0%), Work Speed: (0%), Skills: Waterproof
Foxparks, Level: 32, Rank: 1, Gender: Male, HP IV: 72(0%), ATK IV: 100(0%), DEF IV: 25(0%), Work Speed: (0%), Skills: Zen Mind
Hangyu, Level: 1, Rank: 1, Gender: Male, HP IV: 60(0%), ATK IV: 25(0%), DEF IV: 82(0%), Work Speed: (0%), Skills: Diet Lover, Stronghold Strategist
Mau, Level: 1, Rank: 1, Gender: Male, HP IV: 59(0%), ATK IV: 45(0%), DEF IV: 59(0%), Work Speed: (0%)
Nox, Level: 1, Rank: 1, Gender: Female, HP IV: 66(0%), ATK IV: 75(0%), DEF IV: 99(0%), Work Speed: (0%), Skills: Fit as a Fiddle
Pengullet, Level: 44, Rank: 1, Gender: Male, HP IV: 63(0%), ATK IV: 87(0%), DEF IV: 36(0%), Work Speed: (0%)
Reindrix, Level: 1, Rank: 1, Gender: Female, HP IV: 31(0%), ATK IV: 45(0%), DEF IV: 83(0%), Work Speed: (0%)
Sparkit, Level: 26, Rank: 1, Gender: Female, HP IV: 38(0%), ATK IV: 75(0%), DEF IV: 36(0%), Work Speed: (0%), Skills: Mine Foreman
Swee, Level: 1, Rank: 1, Gender: Male, HP IV: 92(0%), ATK IV: 43(0%), DEF IV: 48(0%), Work Speed: (0%), Skills: Ferocious
Tocotoco, Level: 44, Rank: 1, Gender: Female, HP IV: 55(0%), ATK IV: 68(0%), DEF IV: 45(0%), Work Speed: (0%)
Vanwyrm Cryst, Level: 14, Rank: 1, Gender: Female, HP IV: 99(0%), ATK IV: 82(0%), DEF IV: 63(0%), Work Speed: (0%), Skills: Sickly
Fantaxy's 17 Pals
-----------------
Alpha Celaray, Level: 1, Rank: 1, Gender: Female, HP IV: 89(0%), ATK IV: 73(0%), DEF IV: 89(0%), Work Speed: (0%)
Caprity, Level: 1, Rank: 1, Gender: Female, HP IV: 50(0%), ATK IV: 45(0%), DEF IV: 15(0%), Work Speed: (0%), Skills: Brave
Chillet, Level: 14, Rank: 1, Gender: Male, HP IV: 51(0%), ATK IV: 75(0%), DEF IV: 63(0%), Work Speed: (0%), Skills: Waterproof
Croajiro, Level: 44, Rank: 1, Gender: Female, HP IV: 49(0%), ATK IV: 69(0%), DEF IV: 45(0%), Work Speed: (0%), Skills: Glutton
Croajiro, Level: 44, Rank: 1, Gender: Male, HP IV: 73(0%), ATK IV: 34(0%), DEF IV: 61(0%), Work Speed: (0%), Skills: Musclehead
Direhowl, Level: 1, Rank: 1, Gender: Male, HP IV: 95(0%), ATK IV: 41(0%), DEF IV: 32(0%), Work Speed: (0%), Skills: Artisan, Hooligan
Direhowl, Level: 13, Rank: 1, Gender: Female, HP IV: 50(0%), ATK IV: 31(0%), DEF IV: 35(0%), Work Speed: (0%), Skills: Waterproof
Foxparks, Level: 32, Rank: 1, Gender: Male, HP IV: 72(0%), ATK IV: 100(0%), DEF IV: 25(0%), Work Speed: (0%), Skills: Zen Mind
Hangyu, Level: 1, Rank: 1, Gender: Male, HP IV: 60(0%), ATK IV: 25(0%), DEF IV: 82(0%), Work Speed: (0%), Skills: Diet Lover, Stronghold Strategist
Mau, Level: 1, Rank: 1, Gender: Male, HP IV: 59(0%), ATK IV: 45(0%), DEF IV: 59(0%), Work Speed: (0%)
Nox, Level: 1, Rank: 1, Gender: Female, HP IV: 66(0%), ATK IV: 75(0%), DEF IV: 99(0%), Work Speed: (0%), Skills: Fit as a Fiddle
Pengullet, Level: 44, Rank: 1, Gender: Male, HP IV: 63(0%), ATK IV: 87(0%), DEF IV: 36(0%), Work Speed: (0%)
Reindrix, Level: 1, Rank: 1, Gender: Female, HP IV: 31(0%), ATK IV: 45(0%), DEF IV: 83(0%), Work Speed: (0%)
Sparkit, Level: 26, Rank: 1, Gender: Female, HP IV: 38(0%), ATK IV: 75(0%), DEF IV: 36(0%), Work Speed: (0%), Skills: Mine Foreman
Swee, Level: 1, Rank: 1, Gender: Male, HP IV: 92(0%), ATK IV: 43(0%), DEF IV: 48(0%), Work Speed: (0%), Skills: Ferocious
Tocotoco, Level: 44, Rank: 1, Gender: Female, HP IV: 55(0%), ATK IV: 68(0%), DEF IV: 45(0%), Work Speed: (0%)
Vanwyrm Cryst, Level: 14, Rank: 1, Gender: Female, HP IV: 99(0%), ATK IV: 82(0%), DEF IV: 63(0%), Work Speed: (0%), Skills: Sickly
Fantaxy's 17 Pals
-----------------
Alpha Celaray, Level: 1, Rank: 1, Gender: Female, HP IV: 89(0%), ATK IV: 73(0%), DEF IV: 89(0%), Work Speed: (0%)
Caprity, Level: 1, Rank: 1, Gender: Female, HP IV: 50(0%), ATK IV: 45(0%), DEF IV: 15(0%), Work Speed: (0%), Skills: Brave
Chillet, Level: 14, Rank: 1, Gender: Male, HP IV: 51(0%), ATK IV: 75(0%), DEF IV: 63(0%), Work Speed: (0%), Skills: Waterproof
Croajiro, Level: 44, Rank: 1, Gender: Female, HP IV: 49(0%), ATK IV: 69(0%), DEF IV: 45(0%), Work Speed: (0%), Skills: Glutton
Croajiro, Level: 44, Rank: 1, Gender: Male, HP IV: 73(0%), ATK IV: 34(0%), DEF IV: 61(0%), Work Speed: (0%), Skills: Musclehead
Direhowl, Level: 1, Rank: 1, Gender: Male, HP IV: 95(0%), ATK IV: 41(0%), DEF IV: 32(0%), Work Speed: (0%), Skills: Artisan, Hooligan
Direhowl, Level: 13, Rank: 1, Gender: Female, HP IV: 50(0%), ATK IV: 31(0%), DEF IV: 35(0%), Work Speed: (0%), Skills: Waterproof
Foxparks, Level: 32, Rank: 1, Gender: Male, HP IV: 72(0%), ATK IV: 100(0%), DEF IV: 25(0%), Work Speed: (0%), Skills: Zen Mind
Hangyu, Level: 1, Rank: 1, Gender: Male, HP IV: 60(0%), ATK IV: 25(0%), DEF IV: 82(0%), Work Speed: (0%), Skills: Diet Lover, Stronghold Strategist
Mau, Level: 1, Rank: 1, Gender: Male, HP IV: 59(0%), ATK IV: 45(0%), DEF IV: 59(0%), Work Speed: (0%)
Nox, Level: 1, Rank: 1, Gender: Female, HP IV: 66(0%), ATK IV: 75(0%), DEF IV: 99(0%), Work Speed: (0%), Skills: Fit as a Fiddle
Pengullet, Level: 44, Rank: 1, Gender: Male, HP IV: 63(0%), ATK IV: 87(0%), DEF IV: 36(0%), Work Speed: (0%)
Reindrix, Level: 1, Rank: 1, Gender: Female, HP IV: 31(0%), ATK IV: 45(0%), DEF IV: 83(0%), Work Speed: (0%)
Sparkit, Level: 26, Rank: 1, Gender: Female, HP IV: 38(0%), ATK IV: 75(0%), DEF IV: 36(0%), Work Speed: (0%), Skills: Mine Foreman
Swee, Level: 1, Rank: 1, Gender: Male, HP IV: 92(0%), ATK IV: 43(0%), DEF IV: 48(0%), Work Speed: (0%), Skills: Ferocious
Tocotoco, Level: 44, Rank: 1, Gender: Female, HP IV: 55(0%), ATK IV: 68(0%), DEF IV: 45(0%), Work Speed: (0%)
Vanwyrm Cryst, Level: 14, Rank: 1, Gender: Female, HP IV: 99(0%), ATK IV: 82(0%), DEF IV: 63(0%), Work Speed: (0%), Skills: Sickly
Fantaxy's 17 Pals
-----------------
Alpha Celaray, Level: 1, Rank: 1, Gender: Female, HP IV: 89(0%), ATK IV: 73(0%), DEF IV: 89(0%), Work Speed: (0%)
Caprity, Level: 1, Rank: 1, Gender: Female, HP IV: 50(0%), ATK IV: 45(0%), DEF IV: 15(0%), Work Speed: (0%), Skills: Brave
Chillet, Level: 14, Rank: 1, Gender: Male, HP IV: 51(0%), ATK IV: 75(0%), DEF IV: 63(0%), Work Speed: (0%), Skills: Waterproof
Croajiro, Level: 44, Rank: 1, Gender: Female, HP IV: 49(0%), ATK IV: 69(0%), DEF IV: 45(0%), Work Speed: (0%), Skills: Glutton
Croajiro, Level: 44, Rank: 1, Gender: Male, HP IV: 73(0%), ATK IV: 34(0%), DEF IV: 61(0%), Work Speed: (0%), Skills: Musclehead
Direhowl, Level: 1, Rank: 1, Gender: Male, HP IV: 95(0%), ATK IV: 41(0%), DEF IV: 32(0%), Work Speed: (0%), Skills: Artisan, Hooligan
Direhowl, Level: 13, Rank: 1, Gender: Female, HP IV: 50(0%), ATK IV: 31(0%), DEF IV: 35(0%), Work Speed: (0%), Skills: Waterproof
Foxparks, Level: 32, Rank: 1, Gender: Male, HP IV: 72(0%), ATK IV: 100(0%), DEF IV: 25(0%), Work Speed: (0%), Skills: Zen Mind
Hangyu, Level: 1, Rank: 1, Gender: Male, HP IV: 60(0%), ATK IV: 25(0%), DEF IV: 82(0%), Work Speed: (0%), Skills: Diet Lover, Stronghold Strategist
Mau, Level: 1, Rank: 1, Gender: Male, HP IV: 59(0%), ATK IV: 45(0%), DEF IV: 59(0%), Work Speed: (0%)
Nox, Level: 1, Rank: 1, Gender: Female, HP IV: 66(0%), ATK IV: 75(0%), DEF IV: 99(0%), Work Speed: (0%), Skills: Fit as a Fiddle
Pengullet, Level: 44, Rank: 1, Gender: Male, HP IV: 63(0%), ATK IV: 87(0%), DEF IV: 36(0%), Work Speed: (0%)
Reindrix, Level: 1, Rank: 1, Gender: Female, HP IV: 31(0%), ATK IV: 45(0%), DEF IV: 83(0%), Work Speed: (0%)
Sparkit, Level: 26, Rank: 1, Gender: Female, HP IV: 38(0%), ATK IV: 75(0%), DEF IV: 36(0%), Work Speed: (0%), Skills: Mine Foreman
Swee, Level: 1, Rank: 1, Gender: Male, HP IV: 92(0%), ATK IV: 43(0%), DEF IV: 48(0%), Work Speed: (0%), Skills: Ferocious
Tocotoco, Level: 44, Rank: 1, Gender: Female, HP IV: 55(0%), ATK IV: 68(0%), DEF IV: 45(0%), Work Speed: (0%)
Vanwyrm Cryst, Level: 14, Rank: 1, Gender: Female, HP IV: 99(0%), ATK IV: 82(0%), DEF IV: 63(0%), Work Speed: (0%), Skills: Sickly
Fantaxy's 17 Pals
-----------------
Alpha Celaray, Level: 1, Rank: 1, Gender: Female, HP IV: 89(0%), ATK IV: 73(0%), DEF IV: 89(0%), Work Speed: (0%)
Caprity, Level: 1, Rank: 1, Gender: Female, HP IV: 50(0%), ATK IV: 45(0%), DEF IV: 15(0%), Work Speed: (0%), Skills: Brave
Chillet, Level: 14, Rank: 1, Gender: Male, HP IV: 51(0%), ATK IV: 75(0%), DEF IV: 63(0%), Work Speed: (0%), Skills: Waterproof
Croajiro, Level: 44, Rank: 1, Gender: Female, HP IV: 49(0%), ATK IV: 69(0%), DEF IV: 45(0%), Work Speed: (0%), Skills: Glutton
Croajiro, Level: 44, Rank: 1, Gender: Male, HP IV: 73(0%), ATK IV: 34(0%), DEF IV: 61(0%), Work Speed: (0%), Skills: Musclehead
Direhowl, Level: 1, Rank: 1, Gender: Male, HP IV: 95(0%), ATK IV: 41(0%), DEF IV: 32(0%), Work Speed: (0%), Skills: Artisan, Hooligan
Direhowl, Level: 13, Rank: 1, Gender: Female, HP IV: 50(0%), ATK IV: 31(0%), DEF IV: 35(0%), Work Speed: (0%), Skills: Waterproof
Foxparks, Level: 32, Rank: 1, Gender: Male, HP IV: 72(0%), ATK IV: 100(0%), DEF IV: 25(0%), Work Speed: (0%), Skills: Zen Mind
Hangyu, Level: 1, Rank: 1, Gender: Male, HP IV: 60(0%), ATK IV: 25(0%), DEF IV: 82(0%), Work Speed: (0%), Skills: Diet Lover, Stronghold Strategist
Mau, Level: 1, Rank: 1, Gender: Male, HP IV: 59(0%), ATK IV: 45(0%), DEF IV: 59(0%), Work Speed: (0%)
Nox, Level: 1, Rank: 1, Gender: Female, HP IV: 66(0%), ATK IV: 75(0%), DEF IV: 99(0%), Work Speed: (0%), Skills: Fit as a Fiddle
Pengullet, Level: 44, Rank: 1, Gender: Male, HP IV: 63(0%), ATK IV: 87(0%), DEF IV: 36(0%), Work Speed: (0%)
Reindrix, Level: 1, Rank: 1, Gender: Female, HP IV: 31(0%), ATK IV: 45(0%), DEF IV: 83(0%), Work Speed: (0%)
Sparkit, Level: 26, Rank: 1, Gender: Female, HP IV: 38(0%), ATK IV: 75(0%), DEF IV: 36(0%), Work Speed: (0%), Skills: Mine Foreman
Swee, Level: 1, Rank: 1, Gender: Male, HP IV: 92(0%), ATK IV: 43(0%), DEF IV: 48(0%), Work Speed: (0%), Skills: Ferocious
Tocotoco, Level: 44, Rank: 1, Gender: Female, HP IV: 55(0%), ATK IV: 68(0%), DEF IV: 45(0%), Work Speed: (0%)
Vanwyrm Cryst, Level: 14, Rank: 1, Gender: Female, HP IV: 99(0%), ATK IV: 82(0%), DEF IV: 63(0%), Work Speed: (0%), Skills: Sickly
Fantaxy's 17 Pals
-----------------
Alpha Celaray, Level: 1, Rank: 1, Gender: Female, HP IV: 89(0%), ATK IV: 73(0%), DEF IV: 89(0%), Work Speed: (0%)
Caprity, Level: 1, Rank: 1, Gender: Female, HP IV: 50(0%), ATK IV: 45(0%), DEF IV: 15(0%), Work Speed: (0%), Skills: Brave
Chillet, Level: 14, Rank: 1, Gender: Male, HP IV: 51(0%), ATK IV: 75(0%), DEF IV: 63(0%), Work Speed: (0%), Skills: Waterproof
Croajiro, Level: 44, Rank: 1, Gender: Female, HP IV: 49(0%), ATK IV: 69(0%), DEF IV: 45(0%), Work Speed: (0%), Skills: Glutton
Croajiro, Level: 44, Rank: 1, Gender: Male, HP IV: 73(0%), ATK IV: 34(0%), DEF IV: 61(0%), Work Speed: (0%), Skills: Musclehead
Direhowl, Level: 1, Rank: 1, Gender: Male, HP IV: 95(0%), ATK IV: 41(0%), DEF IV: 32(0%), Work Speed: (0%), Skills: Artisan, Hooligan
Direhowl, Level: 13, Rank: 1, Gender: Female, HP IV: 50(0%), ATK IV: 31(0%), DEF IV: 35(0%), Work Speed: (0%), Skills: Waterproof
Foxparks, Level: 32, Rank: 1, Gender: Male, HP IV: 72(0%), ATK IV: 100(0%), DEF IV: 25(0%), Work Speed: (0%), Skills: Zen Mind
Hangyu, Level: 1, Rank: 1, Gender: Male, HP IV: 60(0%), ATK IV: 25(0%), DEF IV: 82(0%), Work Speed: (0%), Skills: Diet Lover, Stronghold Strategist
Mau, Level: 1, Rank: 1, Gender: Male, HP IV: 59(0%), ATK IV: 45(0%), DEF IV: 59(0%), Work Speed: (0%)
Nox, Level: 1, Rank: 1, Gender: Female, HP IV: 66(0%), ATK IV: 75(0%), DEF IV: 99(0%), Work Speed: (0%), Skills: Fit as a Fiddle
Pengullet, Level: 44, Rank: 1, Gender: Male, HP IV: 63(0%), ATK IV: 87(0%), DEF IV: 36(0%), Work Speed: (0%)
Reindrix, Level: 1, Rank: 1, Gender: Female, HP IV: 31(0%), ATK IV: 45(0%), DEF IV: 83(0%), Work Speed: (0%)
Sparkit, Level: 26, Rank: 1, Gender: Female, HP IV: 38(0%), ATK IV: 75(0%), DEF IV: 36(0%), Work Speed: (0%), Skills: Mine Foreman
Swee, Level: 1, Rank: 1, Gender: Male, HP IV: 92(0%), ATK IV: 43(0%), DEF IV: 48(0%), Work Speed: (0%), Skills: Ferocious
Tocotoco, Level: 44, Rank: 1, Gender: Female, HP IV: 55(0%), ATK IV: 68(0%), DEF IV: 45(0%), Work Speed: (0%)
Vanwyrm Cryst, Level: 14, Rank: 1, Gender: Female, HP IV: 99(0%), ATK IV: 82(0%), DEF IV: 63(0%), Work Speed: (0%), Skills: Sickly
Fantaxy's 17 Pals
-----------------
Alpha Celaray, Level: 1, Rank: 1, Gender: Female, HP IV: 89(0%), ATK IV: 73(0%), DEF IV: 89(0%), Work Speed: (0%)
Caprity, Level: 1, Rank: 1, Gender: Female, HP IV: 50(0%), ATK IV: 45(0%), DEF IV: 15(0%), Work Speed: (0%), Skills: Brave
Chillet, Level: 14, Rank: 1, Gender: Male, HP IV: 51(0%), ATK IV: 75(0%), DEF IV: 63(0%), Work Speed: (0%), Skills: Waterproof
Croajiro, Level: 44, Rank: 1, Gender: Female, HP IV: 49(0%), ATK IV: 69(0%), DEF IV: 45(0%), Work Speed: (0%), Skills: Glutton
Croajiro, Level: 44, Rank: 1, Gender: Male, HP IV: 73(0%), ATK IV: 34(0%), DEF IV: 61(0%), Work Speed: (0%), Skills: Musclehead
Direhowl, Level: 1, Rank: 1, Gender: Male, HP IV: 95(0%), ATK IV: 41(0%), DEF IV: 32(0%), Work Speed: (0%), Skills: Artisan, Hooligan
Direhowl, Level: 13, Rank: 1, Gender: Female, HP IV: 50(0%), ATK IV: 31(0%), DEF IV: 35(0%), Work Speed: (0%), Skills: Waterproof
Foxparks, Level: 32, Rank: 1, Gender: Male, HP IV: 72(0%), ATK IV: 100(0%), DEF IV: 25(0%), Work Speed: (0%), Skills: Zen Mind
Hangyu, Level: 1, Rank: 1, Gender: Male, HP IV: 60(0%), ATK IV: 25(0%), DEF IV: 82(0%), Work Speed: (0%), Skills: Diet Lover, Stronghold Strategist
Mau, Level: 1, Rank: 1, Gender: Male, HP IV: 59(0%), ATK IV: 45(0%), DEF IV: 59(0%), Work Speed: (0%)
Nox, Level: 1, Rank: 1, Gender: Female, HP IV: 66(0%), ATK IV: 75(0%), DEF IV: 99(0%), Work Speed: (0%), Skills: Fit as a Fiddle
Pengullet, Level: 44, Rank: 1, Gender: Male, HP IV: 63(0%), ATK IV: 87(0%), DEF IV: 36(0%), Work Speed: (0%)
Reindrix, Level: 1, Rank: 1, Gender: Female, HP IV: 31(0%), ATK IV: 45(0%), DEF IV: 83(0%), Work Speed: (0%)
Sparkit, Level: 26, Rank: 1, Gender: Female, HP IV: 38(0%), ATK IV: 75(0%), DEF IV: 36(0%), Work Speed: (0%), Skills: Mine Foreman
Swee, Level: 1, Rank: 1, Gender: Male, HP IV: 92(0%), ATK IV: 43(0%), DEF IV: 48(0%), Work Speed: (0%), Skills: Ferocious
Tocotoco, Level: 44, Rank: 1, Gender: Female, HP IV: 55(0%), ATK IV: 68(0%), DEF IV: 45(0%), Work Speed: (0%)
Vanwyrm Cryst, Level: 14, Rank: 1, Gender: Female, HP IV: 99(0%), ATK IV: 82(0%), DEF IV: 63(0%), Work Speed: (0%), Skills: Sickly
Fantaxy's 17 Pals
-----------------
Alpha Celaray, Level: 1, Rank: 1, Gender: Female, HP IV: 89(0%), ATK IV: 73(0%), DEF IV: 89(0%), Work Speed: (0%)
Caprity, Level: 1, Rank: 1, Gender: Female, HP IV: 50(0%), ATK IV: 45(0%), DEF IV: 15(0%), Work Speed: (0%), Skills: Brave
Chillet, Level: 14, Rank: 1, Gender: Male, HP IV: 51(0%), ATK IV: 75(0%), DEF IV: 63(0%), Work Speed: (0%), Skills: Waterproof
Croajiro, Level: 44, Rank: 1, Gender: Female, HP IV: 49(0%), ATK IV: 69(0%), DEF IV: 45(0%), Work Speed: (0%), Skills: Glutton
Croajiro, Level: 44, Rank: 1, Gender: Male, HP IV: 73(0%), ATK IV: 34(0%), DEF IV: 61(0%), Work Speed: (0%), Skills: Musclehead
Direhowl, Level: 1, Rank: 1, Gender: Male, HP IV: 95(0%), ATK IV: 41(0%), DEF IV: 32(0%), Work Speed: (0%), Skills: Artisan, Hooligan
Direhowl, Level: 13, Rank: 1, Gender: Female, HP IV: 50(0%), ATK IV: 31(0%), DEF IV: 35(0%), Work Speed: (0%), Skills: Waterproof
Foxparks, Level: 32, Rank: 1, Gender: Male, HP IV: 72(0%), ATK IV: 100(0%), DEF IV: 25(0%), Work Speed: (0%), Skills: Zen Mind
Hangyu, Level: 1, Rank: 1, Gender: Male, HP IV: 60(0%), ATK IV: 25(0%), DEF IV: 82(0%), Work Speed: (0%), Skills: Diet Lover, Stronghold Strategist
Mau, Level: 1, Rank: 1, Gender: Male, HP IV: 59(0%), ATK IV: 45(0%), DEF IV: 59(0%), Work Speed: (0%)
Nox, Level: 1, Rank: 1, Gender: Female, HP IV: 66(0%), ATK IV: 75(0%), DEF IV: 99(0%), Work Speed: (0%), Skills: Fit as a Fiddle
Pengullet, Level: 44, Rank: 1, Gender: Male, HP IV: 63(0%), ATK IV: 87(0%), DEF IV: 36(0%), Work Speed: (0%)
Reindrix, Level: 1, Rank: 1, Gender: Female, HP IV: 31(0%), ATK IV: 45(0%), DEF IV: 83(0%), Work Speed: (0%)
Sparkit, Level: 26, Rank: 1, Gender: Female, HP IV: 38(0%), ATK IV: 75(0%), DEF IV: 36(0%), Work Speed: (0%), Skills: Mine Foreman
Swee, Level: 1, Rank: 1, Gender: Male, HP IV: 92(0%), ATK IV: 43(0%), DEF IV: 48(0%), Work Speed: (0%), Skills: Ferocious
Tocotoco, Level: 44, Rank: 1, Gender: Female, HP IV: 55(0%), ATK IV: 68(0%), DEF IV: 45(0%), Work Speed: (0%)
Vanwyrm Cryst, Level: 14, Rank: 1, Gender: Female, HP IV: 99(0%), ATK IV: 82(0%), DEF IV: 63(0%), Work Speed: (0%), Skills: Sickly
Fantaxy's 17 Pals
-----------------
Alpha Celaray, Level: 1, Rank: 1, Gender: Female, HP IV: 89(0%), ATK IV: 73(0%), DEF IV: 89(0%), Work Speed: (0%)
Caprity, Level: 1, Rank: 1, Gender: Female, HP IV: 50(0%), ATK IV: 45(0%), DEF IV: 15(0%), Work Speed: (0%), Skills: Brave
Chillet, Level: 14, Rank: 1, Gender: Male, HP IV: 51(0%), ATK IV: 75(0%), DEF IV: 63(0%), Work Speed: (0%), Skills: Waterproof
Croajiro, Level: 44, Rank: 1, Gender: Female, HP IV: 49(0%), ATK IV: 69(0%), DEF IV: 45(0%), Work Speed: (0%), Skills: Glutton
Croajiro, Level: 44, Rank: 1, Gender: Male, HP IV: 73(0%), ATK IV: 34(0%), DEF IV: 61(0%), Work Speed: (0%), Skills: Musclehead
Direhowl, Level: 1, Rank: 1, Gender: Male, HP IV: 95(0%), ATK IV: 41(0%), DEF IV: 32(0%), Work Speed: (0%), Skills: Artisan, Hooligan
Direhowl, Level: 13, Rank: 1, Gender: Female, HP IV: 50(0%), ATK IV: 31(0%), DEF IV: 35(0%), Work Speed: (0%), Skills: Waterproof
Foxparks, Level: 32, Rank: 1, Gender: Male, HP IV: 72(0%), ATK IV: 100(0%), DEF IV: 25(0%), Work Speed: (0%), Skills: Zen Mind
Hangyu, Level: 1, Rank: 1, Gender: Male, HP IV: 60(0%), ATK IV: 25(0%), DEF IV: 82(0%), Work Speed: (0%), Skills: Diet Lover, Stronghold Strategist
Mau, Level: 1, Rank: 1, Gender: Male, HP IV: 59(0%), ATK IV: 45(0%), DEF IV: 59(0%), Work Speed: (0%)
Nox, Level: 1, Rank: 1, Gender: Female, HP IV: 66(0%), ATK IV: 75(0%), DEF IV: 99(0%), Work Speed: (0%), Skills: Fit as a Fiddle
Pengullet, Level: 44, Rank: 1, Gender: Male, HP IV: 63(0%), ATK IV: 87(0%), DEF IV: 36(0%), Work Speed: (0%)
Reindrix, Level: 1, Rank: 1, Gender: Female, HP IV: 31(0%), ATK IV: 45(0%), DEF IV: 83(0%), Work Speed: (0%)
Sparkit, Level: 26, Rank: 1, Gender: Female, HP IV: 38(0%), ATK IV: 75(0%), DEF IV: 36(0%), Work Speed: (0%), Skills: Mine Foreman
Swee, Level: 1, Rank: 1, Gender: Male, HP IV: 92(0%), ATK IV: 43(0%), DEF IV: 48(0%), Work Speed: (0%), Skills: Ferocious
Tocotoco, Level: 44, Rank: 1, Gender: Female, HP IV: 55(0%), ATK IV: 68(0%), DEF IV: 45(0%), Work Speed: (0%)
Vanwyrm Cryst, Level: 14, Rank: 1, Gender: Female, HP IV: 99(0%), ATK IV: 82(0%), DEF IV: 63(0%), Work Speed: (0%), Skills: Sickly
