Faye's 7 Pals
-------------
Cattiva, Level: 6, Rank: 1, Gender: Male, HP IV: 54(0%), ATK IV: 80(0%), DEF IV: 81(0%), Work Speed: (0%), Skills: Coward, Unstable
Chikipi, Level: 5, Rank: 1, Gender: Male, HP IV: 64(0%), ATK IV: 6(0%), DEF IV: 53(0%), Work Speed: (0%), Skills: Positive Thinker
Flambelle, Level: 10, Rank: 1, Gender: Female, HP IV: 27(0%), ATK IV: 5(0%), DEF IV: 88(0%), Work Speed: (0%), Skills: Philantropist
Lamball, Level: 5, Rank: 1, Gender: Male, HP IV: 17(0%), ATK IV: 54(0%), DEF IV: 61(0%), Work Speed: (0%)
Lamball, Level: 5, Rank: 1, Gender: Male, HP IV: 80(0%), ATK IV: 21(0%), DEF IV: 31(0%), Work Speed: (0%), Skills: Unstable
Pengullet, Level: 4, Rank: 1, Gender: Female, HP IV: 60(0%), ATK IV: 99(0%), DEF IV: 37(0%), Work Speed: (0%), Skills: Pyromaniac, Positive Thinker
Sparkit, Level: 5, Rank: 1, Gender: Male, HP IV: 68(0%), ATK IV: 86(0%), DEF IV: 86(0%), Work Speed: (0%), Skills: Fragrant Foliage
Faye's 7 Pals
-------------
Cattiva, Level: 6, Rank: 1, Gender: Male, HP IV: 54(0%), ATK IV: 80(0%), DEF IV: 81(0%), Work Speed: (0%), Skills: Coward, Unstable
Chikipi, Level: 5, Rank: 1, Gender: Male, HP IV: 64(0%), ATK IV: 6(0%), DEF IV: 53(0%), Work Speed: (0%), Skills: Positive Thinker
Flambelle, Level: 10, Rank: 1, Gender: Female, HP IV: 27(0%), ATK IV: 5(0%), DEF IV: 88(0%), Work Speed: (0%), Skills: Philantropist
Lamball, Level: 5, Rank: 1, Gender: Male, HP IV: 17(0%), ATK IV: 54(0%), DEF IV: 61(0%), Work Speed: (0%)
Lamball, Level: 5, Rank: 1, Gender: Male, HP IV: 80(0%), ATK IV: 21(0%), DEF IV: 31(0%), Work Speed: (0%), Skills: Unstable
Pengullet, Level: 4, Rank: 1, Gender: Female, HP IV: 60(0%), ATK IV: 99(0%), DEF IV: 37(0%), Work Speed: (0%), Skills: Pyromaniac, Positive Thinker
Sparkit, Level: 5, Rank: 1, Gender: Male, HP IV: 68(0%), ATK IV: 86(0%), DEF IV: 86(0%), Work Speed: (0%), Skills: Fragrant Foliage
Faye's 7 Pals
-------------
Cattiva, Level: 6, Rank: 1, Gender: Male, HP IV: 54(0%), ATK IV: 80(0%), DEF IV: 81(0%), Work Speed: (0%), Skills: Coward, Unstable
Chikipi, Level: 5, Rank: 1, Gender: Male, HP IV: 64(0%), ATK IV: 6(0%), DEF IV: 53(0%), Work Speed: (0%), Skills: Positive Thinker
Flambelle, Level: 10, Rank: 1, Gender: Female, HP IV: 27(0%), ATK IV: 5(0%), DEF IV: 88(0%), Work Speed: (0%), Skills: Philantropist
Lamball, Level: 5, Rank: 1, Gender: Male, HP IV: 17(0%), ATK IV: 54(0%), DEF IV: 61(0%), Work Speed: (0%)
Lamball, Level: 5, Rank: 1, Gender: Male, HP IV: 80(0%), ATK IV: 21(0%), DEF IV: 31(0%), Work Speed: (0%), Skills: Unstable
Pengullet, Level: 4, Rank: 1, Gender: Female, HP IV: 60(0%), ATK IV: 99(0%), DEF IV: 37(0%), Work Speed: (0%), Skills: Pyromaniac, Positive Thinker
Sparkit, Level: 5, Rank: 1, Gender: Male, HP IV: 68(0%), ATK IV: 86(0%), DEF IV: 86(0%), Work Speed: (0%), Skills: Fragrant Foliage
Faye's 7 Pals
-------------
Cattiva, Level: 6, Rank: 1, Gender: Male, HP IV: 54(0%), ATK IV: 80(0%), DEF IV: 81(0%), Work Speed: (0%), Skills: Coward, Unstable
Chikipi, Level: 5, Rank: 1, Gender: Male, HP IV: 64(0%), ATK IV: 6(0%), DEF IV: 53(0%), Work Speed: (0%), Skills: Positive Thinker
Flambelle, Level: 10, Rank: 1, Gender: Female, HP IV: 27(0%), ATK IV: 5(0%), DEF IV: 88(0%), Work Speed: (0%), Skills: Philantropist
Lamball, Level: 5, Rank: 1, Gender: Male, HP IV: 17(0%), ATK IV: 54(0%), DEF IV: 61(0%), Work Speed: (0%)
Lamball, Level: 5, Rank: 1, Gender: Male, HP IV: 80(0%), ATK IV: 21(0%), DEF IV: 31(0%), Work Speed: (0%), Skills: Unstable
Pengullet, Level: 4, Rank: 1, Gender: Female, HP IV: 60(0%), ATK IV: 99(0%), DEF IV: 37(0%), Work Speed: (0%), Skills: Pyromaniac, Positive Thinker
Sparkit, Level: 5, Rank: 1, Gender: Male, HP IV: 68(0%), ATK IV: 86(0%), DEF IV: 86(0%), Work Speed: (0%), Skills: Fragrant Foliage
Faye's 7 Pals
-------------
Cattiva, Level: 6, Rank: 1, Gender: Male, HP IV: 54(0%), ATK IV: 80(0%), DEF IV: 81(0%), Work Speed: (0%), Skills: Coward, Unstable
Chikipi, Level: 5, Rank: 1, Gender: Male, HP IV: 64(0%), ATK IV: 6(0%), DEF IV: 53(0%), Work Speed: (0%), Skills: Positive Thinker
Flambelle, Level: 10, Rank: 1, Gender: Female, HP IV: 27(0%), ATK IV: 5(0%), DEF IV: 88(0%), Work Speed: (0%), Skills: Philantropist
Lamball, Level: 5, Rank: 1, Gender: Male, HP IV: 17(0%), ATK IV: 54(0%), DEF IV: 61(0%), Work Speed: (0%)
Lamball, Level: 5, Rank: 1, Gender: Male, HP IV: 80(0%), ATK IV: 21(0%), DEF IV: 31(0%), Work Speed: (0%), Skills: Unstable
Pengullet, Level: 4, Rank: 1, Gender: Female, HP IV: 60(0%), ATK IV: 99(0%), DEF IV: 37(0%), Work Speed: (0%), Skills: Pyromaniac, Positive Thinker
Sparkit, Level: 5, Rank: 1, Gender: Male, HP IV: 68(0%), ATK IV: 86(0%), DEF IV: 86(0%), Work Speed: (0%), Skills: Fragrant Foliage
Faye's 7 Pals
-------------
Cattiva, Level: 6, Rank: 1, Gender: Male, HP IV: 54(0%), ATK IV: 80(0%), DEF IV: 81(0%), Work Speed: (0%), Skills: Coward, Unstable
Chikipi, Level: 5, Rank: 1, Gender: Male, HP IV: 64(0%), ATK IV: 6(0%), DEF IV: 53(0%), Work Speed: (0%), Skills: Positive Thinker
Flambelle, Level: 10, Rank: 1, Gender: Female, HP IV: 27(0%), ATK IV: 5(0%), DEF IV: 88(0%), Work Speed: (0%), Skills: Philantropist
Lamball, Level: 5, Rank: 1, Gender: Male, HP IV: 17(0%), ATK IV: 54(0%), DEF IV: 61(0%), Work Speed: (0%)
Lamball, Level: 5, Rank: 1, Gender: Male, HP IV: 80(0%), ATK IV: 21(0%), DEF IV: 31(0%), Work Speed: (0%), Skills: Unstable
Pengullet, Level: 4, Rank: 1, Gender: Female, HP IV: 60(0%), ATK IV: 99(0%), DEF IV: 37(0%), Work Speed: (0%), Skills: Pyromaniac, Positive Thinker
Sparkit, Level: 5, Rank: 1, Gender: Male, HP IV: 68(0%), ATK IV: 86(0%), DEF IV: 86(0%), Work Speed: (0%), Skills: Fragrant Foliage
Faye's 7 Pals
-------------
Cattiva, Level: 6, Rank: 1, Gender: Male, HP IV: 54(0%), ATK IV: 80(0%), DEF IV: 81(0%), Work Speed: (0%), Skills: Coward, Unstable
Chikipi, Level: 5, Rank: 1, Gender: Male, HP IV: 64(0%), ATK IV: 6(0%), DEF IV: 53(0%), Work Speed: (0%), Skills: Positive Thinker
Flambelle, Level: 10, Rank: 1, Gender: Female, HP IV: 27(0%), ATK IV: 5(0%), DEF IV: 88(0%), Work Speed: (0%), Skills: Philantropist
Lamball, Level: 5, Rank: 1, Gender: Male, HP IV: 17(0%), ATK IV: 54(0%), DEF IV: 61(0%), Work Speed: (0%)
Lamball, Level: 5, Rank: 1, Gender: Male, HP IV: 80(0%), ATK IV: 21(0%), DEF IV: 31(0%), Work Speed: (0%), Skills: Unstable
Pengullet, Level: 4, Rank: 1, Gender: Female, HP IV: 60(0%), ATK IV: 99(0%), DEF IV: 37(0%), Work Speed: (0%), Skills: Pyromaniac, Positive Thinker
Sparkit, Level: 5, Rank: 1, Gender: Male, HP IV: 68(0%), ATK IV: 86(0%), DEF IV: 86(0%), Work Speed: (0%), Skills: Fragrant Foliage
Faye's 7 Pals
-------------
Cattiva, Level: 6, Rank: 1, Gender: Male, HP IV: 54(0%), ATK IV: 80(0%), DEF IV: 81(0%), Work Speed: (0%), Skills: Coward, Unstable
Chikipi, Level: 5, Rank: 1, Gender: Male, HP IV: 64(0%), ATK IV: 6(0%), DEF IV: 53(0%), Work Speed: (0%), Skills: Positive Thinker
Flambelle, Level: 10, Rank: 1, Gender: Female, HP IV: 27(0%), ATK IV: 5(0%), DEF IV: 88(0%), Work Speed: (0%), Skills: Philantropist
Lamball, Level: 5, Rank: 1, Gender: Male, HP IV: 17(0%), ATK IV: 54(0%), DEF IV: 61(0%), Work Speed: (0%)
Lamball, Level: 5, Rank: 1, Gender: Male, HP IV: 80(0%), ATK IV: 21(0%), DEF IV: 31(0%), Work Speed: (0%), Skills: Unstable
Pengullet, Level: 4, Rank: 1, Gender: Female, HP IV: 60(0%), ATK IV: 99(0%), DEF IV: 37(0%), Work Speed: (0%), Skills: Pyromaniac, Positive Thinker
Sparkit, Level: 5, Rank: 1, Gender: Male, HP IV: 68(0%), ATK IV: 86(0%), DEF IV: 86(0%), Work Speed: (0%), Skills: Fragrant Foliage
Faye's 7 Pals
-------------
Cattiva, Level: 6, Rank: 1, Gender: Male, HP IV: 54(0%), ATK IV: 80(0%), DEF IV: 81(0%), Work Speed: (0%), Skills: Coward, Unstable
Chikipi, Level: 5, Rank: 1, Gender: Male, HP IV: 64(0%), ATK IV: 6(0%), DEF IV: 53(0%), Work Speed: (0%), Skills: Positive Thinker
Flambelle, Level: 10, Rank: 1, Gender: Female, HP IV: 27(0%), ATK IV: 5(0%), DEF IV: 88(0%), Work Speed: (0%), Skills: Philantropist
Lamball, Level: 5, Rank: 1, Gender: Male, HP IV: 17(0%), ATK IV: 54(0%), DEF IV: 61(0%), Work Speed: (0%)
Lamball, Level: 5, Rank: 1, Gender: Male, HP IV: 80(0%), ATK IV: 21(0%), DEF IV: 31(0%), Work Speed: (0%), Skills: Unstable
Pengullet, Level: 4, Rank: 1, Gender: Female, HP IV: 60(0%), ATK IV: 99(0%), DEF IV: 37(0%), Work Speed: (0%), Skills: Pyromaniac, Positive Thinker
Sparkit, Level: 5, Rank: 1, Gender: Male, HP IV: 68(0%), ATK IV: 86(0%), DEF IV: 86(0%), Work Speed: (0%), Skills: Fragrant Foliage
Faye's 7 Pals
-------------
Cattiva, Level: 6, Rank: 1, Gender: Male, HP IV: 54(0%), ATK IV: 80(0%), DEF IV: 81(0%), Work Speed: (0%), Skills: Coward, Unstable
Chikipi, Level: 5, Rank: 1, Gender: Male, HP IV: 64(0%), ATK IV: 6(0%), DEF IV: 53(0%), Work Speed: (0%), Skills: Positive Thinker
Flambelle, Level: 10, Rank: 1, Gender: Female, HP IV: 27(0%), ATK IV: 5(0%), DEF IV: 88(0%), Work Speed: (0%), Skills: Philantropist
Lamball, Level: 5, Rank: 1, Gender: Male, HP IV: 17(0%), ATK IV: 54(0%), DEF IV: 61(0%), Work Speed: (0%)
Lamball, Level: 5, Rank: 1, Gender: Male, HP IV: 80(0%), ATK IV: 21(0%), DEF IV: 31(0%), Work Speed: (0%), Skills: Unstable
Pengullet, Level: 4, Rank: 1, Gender: Female, HP IV: 60(0%), ATK IV: 99(0%), DEF IV: 37(0%), Work Speed: (0%), Skills: Pyromaniac, Positive Thinker
Sparkit, Level: 5, Rank: 1, Gender: Male, HP IV: 68(0%), ATK IV: 86(0%), DEF IV: 86(0%), Work Speed: (0%), Skills: Fragrant Foliage
Faye's 7 Pals
-------------
Cattiva, Level: 6, Rank: 1, Gender: Male, HP IV: 54(0%), ATK IV: 80(0%), DEF IV: 81(0%), Work Speed: (0%), Skills: Coward, Unstable
Chikipi, Level: 5, Rank: 1, Gender: Male, HP IV: 64(0%), ATK IV: 6(0%), DEF IV: 53(0%), Work Speed: (0%), Skills: Positive Thinker
Flambelle, Level: 10, Rank: 1, Gender: Female, HP IV: 27(0%), ATK IV: 5(0%), DEF IV: 88(0%), Work Speed: (0%), Skills: Philantropist
Lamball, Level: 5, Rank: 1, Gender: Male, HP IV: 17(0%), ATK IV: 54(0%), DEF IV: 61(0%), Work Speed: (0%)
Lamball, Level: 5, Rank: 1, Gender: Male, HP IV: 80(0%), ATK IV: 21(0%), DEF IV: 31(0%), Work Speed: (0%), Skills: Unstable
Pengullet, Level: 4, Rank: 1, Gender: Female, HP IV: 60(0%), ATK IV: 99(0%), DEF IV: 37(0%), Work Speed: (0%), Skills: Pyromaniac, Positive Thinker
Sparkit, Level: 5, Rank: 1, Gender: Male, HP IV: 68(0%), ATK IV: 86(0%), DEF IV: 86(0%), Work Speed: (0%), Skills: Fragrant Foliage
Faye's 7 Pals
-------------
Cattiva, Level: 6, Rank: 1, Gender: Male, HP IV: 54(0%), ATK IV: 80(0%), DEF IV: 81(0%), Work Speed: (0%), Skills: Coward, Unstable
Chikipi, Level: 5, Rank: 1, Gender: Male, HP IV: 64(0%), ATK IV: 6(0%), DEF IV: 53(0%), Work Speed: (0%), Skills: Positive Thinker
Flambelle, Level: 10, Rank: 1, Gender: Female, HP IV: 27(0%), ATK IV: 5(0%), DEF IV: 88(0%), Work Speed: (0%), Skills: Philantropist
Lamball, Level: 5, Rank: 1, Gender: Male, HP IV: 17(0%), ATK IV: 54(0%), DEF IV: 61(0%), Work Speed: (0%)
Lamball, Level: 5, Rank: 1, Gender: Male, HP IV: 80(0%), ATK IV: 21(0%), DEF IV: 31(0%), Work Speed: (0%), Skills: Unstable
Pengullet, Level: 4, Rank: 1, Gender: Female, HP IV: 60(0%), ATK IV: 99(0%), DEF IV: 37(0%), Work Speed: (0%), Skills: Pyromaniac, Positive Thinker
Sparkit, Level: 5, Rank: 1, Gender: Male, HP IV: 68(0%), ATK IV: 86(0%), DEF IV: 86(0%), Work Speed: (0%), Skills: Fragrant Foliage
Faye's 7 Pals
-------------
Cattiva, Level: 6, Rank: 1, Gender: Male, HP IV: 54(0%), ATK IV: 80(0%), DEF IV: 81(0%), Work Speed: (0%), Skills: Coward, Unstable
Chikipi, Level: 5, Rank: 1, Gender: Male, HP IV: 64(0%), ATK IV: 6(0%), DEF IV: 53(0%), Work Speed: (0%), Skills: Positive Thinker
Flambelle, Level: 10, Rank: 1, Gender: Female, HP IV: 27(0%), ATK IV: 5(0%), DEF IV: 88(0%), Work Speed: (0%), Skills: Philantropist
Lamball, Level: 5, Rank: 1, Gender: Male, HP IV: 17(0%), ATK IV: 54(0%), DEF IV: 61(0%), Work Speed: (0%)
Lamball, Level: 5, Rank: 1, Gender: Male, HP IV: 80(0%), ATK IV: 21(0%), DEF IV: 31(0%), Work Speed: (0%), Skills: Unstable
Pengullet, Level: 4, Rank: 1, Gender: Female, HP IV: 60(0%), ATK IV: 99(0%), DEF IV: 37(0%), Work Speed: (0%), Skills: Pyromaniac, Positive Thinker
Sparkit, Level: 5, Rank: 1, Gender: Male, HP IV: 68(0%), ATK IV: 86(0%), DEF IV: 86(0%), Work Speed: (0%), Skills: Fragrant Foliage
Faye's 7 Pals
-------------
Cattiva, Level: 6, Rank: 1, Gender: Male, HP IV: 54(0%), ATK IV: 80(0%), DEF IV: 81(0%), Work Speed: (0%), Skills: Coward, Unstable
Chikipi, Level: 5, Rank: 1, Gender: Male, HP IV: 64(0%), ATK IV: 6(0%), DEF IV: 53(0%), Work Speed: (0%), Skills: Positive Thinker
Flambelle, Level: 10, Rank: 1, Gender: Female, HP IV: 27(0%), ATK IV: 5(0%), DEF IV: 88(0%), Work Speed: (0%), Skills: Philantropist
Lamball, Level: 5, Rank: 1, Gender: Male, HP IV: 17(0%), ATK IV: 54(0%), DEF IV: 61(0%), Work Speed: (0%)
Lamball, Level: 5, Rank: 1, Gender: Male, HP IV: 80(0%), ATK IV: 21(0%), DEF IV: 31(0%), Work Speed: (0%), Skills: Unstable
Pengullet, Level: 4, Rank: 1, Gender: Female, HP IV: 60(0%), ATK IV: 99(0%), DEF IV: 37(0%), Work Speed: (0%), Skills: Pyromaniac, Positive Thinker
Sparkit, Level: 5, Rank: 1, Gender: Male, HP IV: 68(0%), ATK IV: 86(0%), DEF IV: 86(0%), Work Speed: (0%), Skills: Fragrant Foliage
