Fillin's 9 Pals
---------------
Alpha Mammorest, Level: 38, Rank: 1, Gender: Male, HP IV: 64(0%), ATK IV: 93(0%), DEF IV: 84(0%), Work Speed: (0%), Skills: Hydromaniac
Cattiva, Level: 1, Rank: 1, Gender: Male, HP IV: 59(0%), ATK IV: 49(0%), DEF IV: 73(0%), Work Speed: (0%), Skills: Coward
Cattiva, Level: 2, Rank: 1, Gender: Male, HP IV: 50(0%), ATK IV: 27(0%), DEF IV: 93(0%), Work Speed: (0%), Skills: Coward, Hooligan
Chikipi, Level: 2, Rank: 1, Gender: Female, HP IV: 30(0%), ATK IV: 36(0%), DEF IV: 24(0%), Work Speed: (0%), Skills: Serenity
Foxparks, Level: 12, Rank: 1, Gender: Female, HP IV: 12(0%), ATK IV: 2(0%), DEF IV: 39(0%), Work Speed: (0%), Skills: Hard Skin
Foxparks, Level: 6, Rank: 1, Gender: Female, HP IV: 40(0%), ATK IV: 94(0%), DEF IV: 28(0%), Work Speed: (0%), Skills: Veil of Darkness
Foxparks, Level: 6, Rank: 1, Gender: Female, HP IV: 79(0%), ATK IV: 2(0%), DEF IV: 99(0%), Work Speed: (0%), Skills: Musclehead
Lamball, Level: 1, Rank: 1, Gender: Female, HP IV: 14(0%), ATK IV: 34(0%), DEF IV: 65(0%), Work Speed: (0%)
Pengullet, Level: 12, Rank: 1, Gender: Male, HP IV: 43(0%), ATK IV: 31(0%), DEF IV: 63(0%), Work Speed: (0%), Skills: Hooligan
Fillin's 9 Pals
---------------
Alpha Mammorest, Level: 38, Rank: 1, Gender: Male, HP IV: 64(0%), ATK IV: 93(0%), DEF IV: 84(0%), Work Speed: (0%), Skills: Hydromaniac
Cattiva, Level: 1, Rank: 1, Gender: Male, HP IV: 59(0%), ATK IV: 49(0%), DEF IV: 73(0%), Work Speed: (0%), Skills: Coward
Cattiva, Level: 2, Rank: 1, Gender: Male, HP IV: 50(0%), ATK IV: 27(0%), DEF IV: 93(0%), Work Speed: (0%), Skills: Coward, Hooligan
Chikipi, Level: 2, Rank: 1, Gender: Female, HP IV: 30(0%), ATK IV: 36(0%), DEF IV: 24(0%), Work Speed: (0%), Skills: Serenity
Foxparks, Level: 12, Rank: 1, Gender: Female, HP IV: 12(0%), ATK IV: 2(0%), DEF IV: 39(0%), Work Speed: (0%), Skills: Hard Skin
Foxparks, Level: 6, Rank: 1, Gender: Female, HP IV: 40(0%), ATK IV: 94(0%), DEF IV: 28(0%), Work Speed: (0%), Skills: Veil of Darkness
Foxparks, Level: 6, Rank: 1, Gender: Female, HP IV: 79(0%), ATK IV: 2(0%), DEF IV: 99(0%), Work Speed: (0%), Skills: Musclehead
Lamball, Level: 1, Rank: 1, Gender: Female, HP IV: 14(0%), ATK IV: 34(0%), DEF IV: 65(0%), Work Speed: (0%)
Pengullet, Level: 12, Rank: 1, Gender: Male, HP IV: 43(0%), ATK IV: 31(0%), DEF IV: 63(0%), Work Speed: (0%), Skills: Hooligan
Fillin's 9 Pals
---------------
Alpha Mammorest, Level: 38, Rank: 1, Gender: Male, HP IV: 64(0%), ATK IV: 93(0%), DEF IV: 84(0%), Work Speed: (0%), Skills: Hydromaniac
Cattiva, Level: 1, Rank: 1, Gender: Male, HP IV: 59(0%), ATK IV: 49(0%), DEF IV: 73(0%), Work Speed: (0%), Skills: Coward
Cattiva, Level: 2, Rank: 1, Gender: Male, HP IV: 50(0%), ATK IV: 27(0%), DEF IV: 93(0%), Work Speed: (0%), Skills: Coward, Hooligan
Chikipi, Level: 2, Rank: 1, Gender: Female, HP IV: 30(0%), ATK IV: 36(0%), DEF IV: 24(0%), Work Speed: (0%), Skills: Serenity
Foxparks, Level: 12, Rank: 1, Gender: Female, HP IV: 12(0%), ATK IV: 2(0%), DEF IV: 39(0%), Work Speed: (0%), Skills: Hard Skin
Foxparks, Level: 6, Rank: 1, Gender: Female, HP IV: 40(0%), ATK IV: 94(0%), DEF IV: 28(0%), Work Speed: (0%), Skills: Veil of Darkness
Foxparks, Level: 6, Rank: 1, Gender: Female, HP IV: 79(0%), ATK IV: 2(0%), DEF IV: 99(0%), Work Speed: (0%), Skills: Musclehead
Lamball, Level: 1, Rank: 1, Gender: Female, HP IV: 14(0%), ATK IV: 34(0%), DEF IV: 65(0%), Work Speed: (0%)
Pengullet, Level: 12, Rank: 1, Gender: Male, HP IV: 43(0%), ATK IV: 31(0%), DEF IV: 63(0%), Work Speed: (0%), Skills: Hooligan
Fillin's 9 Pals
---------------
Alpha Mammorest, Level: 38, Rank: 1, Gender: Male, HP IV: 64(0%), ATK IV: 93(0%), DEF IV: 84(0%), Work Speed: (0%), Skills: Hydromaniac
Cattiva, Level: 1, Rank: 1, Gender: Male, HP IV: 59(0%), ATK IV: 49(0%), DEF IV: 73(0%), Work Speed: (0%), Skills: Coward
Cattiva, Level: 2, Rank: 1, Gender: Male, HP IV: 50(0%), ATK IV: 27(0%), DEF IV: 93(0%), Work Speed: (0%), Skills: Coward, Hooligan
Chikipi, Level: 2, Rank: 1, Gender: Female, HP IV: 30(0%), ATK IV: 36(0%), DEF IV: 24(0%), Work Speed: (0%), Skills: Serenity
Foxparks, Level: 12, Rank: 1, Gender: Female, HP IV: 12(0%), ATK IV: 2(0%), DEF IV: 39(0%), Work Speed: (0%), Skills: Hard Skin
Foxparks, Level: 6, Rank: 1, Gender: Female, HP IV: 40(0%), ATK IV: 94(0%), DEF IV: 28(0%), Work Speed: (0%), Skills: Veil of Darkness
Foxparks, Level: 6, Rank: 1, Gender: Female, HP IV: 79(0%), ATK IV: 2(0%), DEF IV: 99(0%), Work Speed: (0%), Skills: Musclehead
Lamball, Level: 1, Rank: 1, Gender: Female, HP IV: 14(0%), ATK IV: 34(0%), DEF IV: 65(0%), Work Speed: (0%)
Pengullet, Level: 12, Rank: 1, Gender: Male, HP IV: 43(0%), ATK IV: 31(0%), DEF IV: 63(0%), Work Speed: (0%), Skills: Hooligan
Fillin's 9 Pals
---------------
Alpha Mammorest, Level: 38, Rank: 1, Gender: Male, HP IV: 64(0%), ATK IV: 93(0%), DEF IV: 84(0%), Work Speed: (0%), Skills: Hydromaniac
Cattiva, Level: 1, Rank: 1, Gender: Male, HP IV: 59(0%), ATK IV: 49(0%), DEF IV: 73(0%), Work Speed: (0%), Skills: Coward
Cattiva, Level: 2, Rank: 1, Gender: Male, HP IV: 50(0%), ATK IV: 27(0%), DEF IV: 93(0%), Work Speed: (0%), Skills: Coward, Hooligan
Chikipi, Level: 2, Rank: 1, Gender: Female, HP IV: 30(0%), ATK IV: 36(0%), DEF IV: 24(0%), Work Speed: (0%), Skills: Serenity
Foxparks, Level: 12, Rank: 1, Gender: Female, HP IV: 12(0%), ATK IV: 2(0%), DEF IV: 39(0%), Work Speed: (0%), Skills: Hard Skin
Foxparks, Level: 6, Rank: 1, Gender: Female, HP IV: 40(0%), ATK IV: 94(0%), DEF IV: 28(0%), Work Speed: (0%), Skills: Veil of Darkness
Foxparks, Level: 6, Rank: 1, Gender: Female, HP IV: 79(0%), ATK IV: 2(0%), DEF IV: 99(0%), Work Speed: (0%), Skills: Musclehead
Lamball, Level: 1, Rank: 1, Gender: Female, HP IV: 14(0%), ATK IV: 34(0%), DEF IV: 65(0%), Work Speed: (0%)
Pengullet, Level: 12, Rank: 1, Gender: Male, HP IV: 43(0%), ATK IV: 31(0%), DEF IV: 63(0%), Work Speed: (0%), Skills: Hooligan
Fillin's 9 Pals
---------------
Alpha Mammorest, Level: 38, Rank: 1, Gender: Male, HP IV: 64(0%), ATK IV: 93(0%), DEF IV: 84(0%), Work Speed: (0%), Skills: Hydromaniac
Cattiva, Level: 1, Rank: 1, Gender: Male, HP IV: 59(0%), ATK IV: 49(0%), DEF IV: 73(0%), Work Speed: (0%), Skills: Coward
Cattiva, Level: 2, Rank: 1, Gender: Male, HP IV: 50(0%), ATK IV: 27(0%), DEF IV: 93(0%), Work Speed: (0%), Skills: Coward, Hooligan
Chikipi, Level: 2, Rank: 1, Gender: Female, HP IV: 30(0%), ATK IV: 36(0%), DEF IV: 24(0%), Work Speed: (0%), Skills: Serenity
Foxparks, Level: 12, Rank: 1, Gender: Female, HP IV: 12(0%), ATK IV: 2(0%), DEF IV: 39(0%), Work Speed: (0%), Skills: Hard Skin
Foxparks, Level: 6, Rank: 1, Gender: Female, HP IV: 40(0%), ATK IV: 94(0%), DEF IV: 28(0%), Work Speed: (0%), Skills: Veil of Darkness
Foxparks, Level: 6, Rank: 1, Gender: Female, HP IV: 79(0%), ATK IV: 2(0%), DEF IV: 99(0%), Work Speed: (0%), Skills: Musclehead
Lamball, Level: 1, Rank: 1, Gender: Female, HP IV: 14(0%), ATK IV: 34(0%), DEF IV: 65(0%), Work Speed: (0%)
Pengullet, Level: 12, Rank: 1, Gender: Male, HP IV: 43(0%), ATK IV: 31(0%), DEF IV: 63(0%), Work Speed: (0%), Skills: Hooligan
Fillin's 9 Pals
---------------
Alpha Mammorest, Level: 38, Rank: 1, Gender: Male, HP IV: 64(0%), ATK IV: 93(0%), DEF IV: 84(0%), Work Speed: (0%), Skills: Hydromaniac
Cattiva, Level: 1, Rank: 1, Gender: Male, HP IV: 59(0%), ATK IV: 49(0%), DEF IV: 73(0%), Work Speed: (0%), Skills: Coward
Cattiva, Level: 2, Rank: 1, Gender: Male, HP IV: 50(0%), ATK IV: 27(0%), DEF IV: 93(0%), Work Speed: (0%), Skills: Coward, Hooligan
Chikipi, Level: 2, Rank: 1, Gender: Female, HP IV: 30(0%), ATK IV: 36(0%), DEF IV: 24(0%), Work Speed: (0%), Skills: Serenity
Foxparks, Level: 12, Rank: 1, Gender: Female, HP IV: 12(0%), ATK IV: 2(0%), DEF IV: 39(0%), Work Speed: (0%), Skills: Hard Skin
Foxparks, Level: 6, Rank: 1, Gender: Female, HP IV: 40(0%), ATK IV: 94(0%), DEF IV: 28(0%), Work Speed: (0%), Skills: Veil of Darkness
Foxparks, Level: 6, Rank: 1, Gender: Female, HP IV: 79(0%), ATK IV: 2(0%), DEF IV: 99(0%), Work Speed: (0%), Skills: Musclehead
Lamball, Level: 1, Rank: 1, Gender: Female, HP IV: 14(0%), ATK IV: 34(0%), DEF IV: 65(0%), Work Speed: (0%)
Pengullet, Level: 12, Rank: 1, Gender: Male, HP IV: 43(0%), ATK IV: 31(0%), DEF IV: 63(0%), Work Speed: (0%), Skills: Hooligan
Fillin's 9 Pals
---------------
Alpha Mammorest, Level: 38, Rank: 1, Gender: Male, HP IV: 64(0%), ATK IV: 93(0%), DEF IV: 84(0%), Work Speed: (0%), Skills: Hydromaniac
Cattiva, Level: 1, Rank: 1, Gender: Male, HP IV: 59(0%), ATK IV: 49(0%), DEF IV: 73(0%), Work Speed: (0%), Skills: Coward
Cattiva, Level: 2, Rank: 1, Gender: Male, HP IV: 50(0%), ATK IV: 27(0%), DEF IV: 93(0%), Work Speed: (0%), Skills: Coward, Hooligan
Chikipi, Level: 2, Rank: 1, Gender: Female, HP IV: 30(0%), ATK IV: 36(0%), DEF IV: 24(0%), Work Speed: (0%), Skills: Serenity
Foxparks, Level: 12, Rank: 1, Gender: Female, HP IV: 12(0%), ATK IV: 2(0%), DEF IV: 39(0%), Work Speed: (0%), Skills: Hard Skin
Foxparks, Level: 6, Rank: 1, Gender: Female, HP IV: 40(0%), ATK IV: 94(0%), DEF IV: 28(0%), Work Speed: (0%), Skills: Veil of Darkness
Foxparks, Level: 6, Rank: 1, Gender: Female, HP IV: 79(0%), ATK IV: 2(0%), DEF IV: 99(0%), Work Speed: (0%), Skills: Musclehead
Lamball, Level: 1, Rank: 1, Gender: Female, HP IV: 14(0%), ATK IV: 34(0%), DEF IV: 65(0%), Work Speed: (0%)
Pengullet, Level: 12, Rank: 1, Gender: Male, HP IV: 43(0%), ATK IV: 31(0%), DEF IV: 63(0%), Work Speed: (0%), Skills: Hooligan
Fillin's 9 Pals
---------------
Alpha Mammorest, Level: 38, Rank: 1, Gender: Male, HP IV: 64(0%), ATK IV: 93(0%), DEF IV: 84(0%), Work Speed: (0%), Skills: Hydromaniac
Cattiva, Level: 1, Rank: 1, Gender: Male, HP IV: 59(0%), ATK IV: 49(0%), DEF IV: 73(0%), Work Speed: (0%), Skills: Coward
Cattiva, Level: 2, Rank: 1, Gender: Male, HP IV: 50(0%), ATK IV: 27(0%), DEF IV: 93(0%), Work Speed: (0%), Skills: Coward, Hooligan
Chikipi, Level: 2, Rank: 1, Gender: Female, HP IV: 30(0%), ATK IV: 36(0%), DEF IV: 24(0%), Work Speed: (0%), Skills: Serenity
Foxparks, Level: 12, Rank: 1, Gender: Female, HP IV: 12(0%), ATK IV: 2(0%), DEF IV: 39(0%), Work Speed: (0%), Skills: Hard Skin
Foxparks, Level: 6, Rank: 1, Gender: Female, HP IV: 40(0%), ATK IV: 94(0%), DEF IV: 28(0%), Work Speed: (0%), Skills: Veil of Darkness
Foxparks, Level: 6, Rank: 1, Gender: Female, HP IV: 79(0%), ATK IV: 2(0%), DEF IV: 99(0%), Work Speed: (0%), Skills: Musclehead
Lamball, Level: 1, Rank: 1, Gender: Female, HP IV: 14(0%), ATK IV: 34(0%), DEF IV: 65(0%), Work Speed: (0%)
Pengullet, Level: 12, Rank: 1, Gender: Male, HP IV: 43(0%), ATK IV: 31(0%), DEF IV: 63(0%), Work Speed: (0%), Skills: Hooligan
Fillin's 9 Pals
---------------
Alpha Mammorest, Level: 38, Rank: 1, Gender: Male, HP IV: 64(0%), ATK IV: 93(0%), DEF IV: 84(0%), Work Speed: (0%), Skills: Hydromaniac
Cattiva, Level: 1, Rank: 1, Gender: Male, HP IV: 59(0%), ATK IV: 49(0%), DEF IV: 73(0%), Work Speed: (0%), Skills: Coward
Cattiva, Level: 2, Rank: 1, Gender: Male, HP IV: 50(0%), ATK IV: 27(0%), DEF IV: 93(0%), Work Speed: (0%), Skills: Coward, Hooligan
Chikipi, Level: 2, Rank: 1, Gender: Female, HP IV: 30(0%), ATK IV: 36(0%), DEF IV: 24(0%), Work Speed: (0%), Skills: Serenity
Foxparks, Level: 12, Rank: 1, Gender: Female, HP IV: 12(0%), ATK IV: 2(0%), DEF IV: 39(0%), Work Speed: (0%), Skills: Hard Skin
Foxparks, Level: 6, Rank: 1, Gender: Female, HP IV: 40(0%), ATK IV: 94(0%), DEF IV: 28(0%), Work Speed: (0%), Skills: Veil of Darkness
Foxparks, Level: 6, Rank: 1, Gender: Female, HP IV: 79(0%), ATK IV: 2(0%), DEF IV: 99(0%), Work Speed: (0%), Skills: Musclehead
Lamball, Level: 1, Rank: 1, Gender: Female, HP IV: 14(0%), ATK IV: 34(0%), DEF IV: 65(0%), Work Speed: (0%)
Pengullet, Level: 12, Rank: 1, Gender: Male, HP IV: 43(0%), ATK IV: 31(0%), DEF IV: 63(0%), Work Speed: (0%), Skills: Hooligan
Fillin's 9 Pals
---------------
Alpha Mammorest, Level: 38, Rank: 1, Gender: Male, HP IV: 64(0%), ATK IV: 93(0%), DEF IV: 84(0%), Work Speed: (0%), Skills: Hydromaniac
Cattiva, Level: 1, Rank: 1, Gender: Male, HP IV: 59(0%), ATK IV: 49(0%), DEF IV: 73(0%), Work Speed: (0%), Skills: Coward
Cattiva, Level: 2, Rank: 1, Gender: Male, HP IV: 50(0%), ATK IV: 27(0%), DEF IV: 93(0%), Work Speed: (0%), Skills: Coward, Hooligan
Chikipi, Level: 2, Rank: 1, Gender: Female, HP IV: 30(0%), ATK IV: 36(0%), DEF IV: 24(0%), Work Speed: (0%), Skills: Serenity
Foxparks, Level: 12, Rank: 1, Gender: Female, HP IV: 12(0%), ATK IV: 2(0%), DEF IV: 39(0%), Work Speed: (0%), Skills: Hard Skin
Foxparks, Level: 6, Rank: 1, Gender: Female, HP IV: 40(0%), ATK IV: 94(0%), DEF IV: 28(0%), Work Speed: (0%), Skills: Veil of Darkness
Foxparks, Level: 6, Rank: 1, Gender: Female, HP IV: 79(0%), ATK IV: 2(0%), DEF IV: 99(0%), Work Speed: (0%), Skills: Musclehead
Lamball, Level: 1, Rank: 1, Gender: Female, HP IV: 14(0%), ATK IV: 34(0%), DEF IV: 65(0%), Work Speed: (0%)
Pengullet, Level: 12, Rank: 1, Gender: Male, HP IV: 43(0%), ATK IV: 31(0%), DEF IV: 63(0%), Work Speed: (0%), Skills: Hooligan
Fillin's 9 Pals
---------------
Alpha Mammorest, Level: 38, Rank: 1, Gender: Male, HP IV: 64(0%), ATK IV: 93(0%), DEF IV: 84(0%), Work Speed: (0%), Skills: Hydromaniac
Cattiva, Level: 1, Rank: 1, Gender: Male, HP IV: 59(0%), ATK IV: 49(0%), DEF IV: 73(0%), Work Speed: (0%), Skills: Coward
Cattiva, Level: 2, Rank: 1, Gender: Male, HP IV: 50(0%), ATK IV: 27(0%), DEF IV: 93(0%), Work Speed: (0%), Skills: Coward, Hooligan
Chikipi, Level: 2, Rank: 1, Gender: Female, HP IV: 30(0%), ATK IV: 36(0%), DEF IV: 24(0%), Work Speed: (0%), Skills: Serenity
Foxparks, Level: 12, Rank: 1, Gender: Female, HP IV: 12(0%), ATK IV: 2(0%), DEF IV: 39(0%), Work Speed: (0%), Skills: Hard Skin
Foxparks, Level: 6, Rank: 1, Gender: Female, HP IV: 40(0%), ATK IV: 94(0%), DEF IV: 28(0%), Work Speed: (0%), Skills: Veil of Darkness
Foxparks, Level: 6, Rank: 1, Gender: Female, HP IV: 79(0%), ATK IV: 2(0%), DEF IV: 99(0%), Work Speed: (0%), Skills: Musclehead
Lamball, Level: 1, Rank: 1, Gender: Female, HP IV: 14(0%), ATK IV: 34(0%), DEF IV: 65(0%), Work Speed: (0%)
Pengullet, Level: 12, Rank: 1, Gender: Male, HP IV: 43(0%), ATK IV: 31(0%), DEF IV: 63(0%), Work Speed: (0%), Skills: Hooligan
Fillin's 9 Pals
---------------
Alpha Mammorest, Level: 38, Rank: 1, Gender: Male, HP IV: 64(0%), ATK IV: 93(0%), DEF IV: 84(0%), Work Speed: (0%), Skills: Hydromaniac
Cattiva, Level: 1, Rank: 1, Gender: Male, HP IV: 59(0%), ATK IV: 49(0%), DEF IV: 73(0%), Work Speed: (0%), Skills: Coward
Cattiva, Level: 2, Rank: 1, Gender: Male, HP IV: 50(0%), ATK IV: 27(0%), DEF IV: 93(0%), Work Speed: (0%), Skills: Coward, Hooligan
Chikipi, Level: 2, Rank: 1, Gender: Female, HP IV: 30(0%), ATK IV: 36(0%), DEF IV: 24(0%), Work Speed: (0%), Skills: Serenity
Foxparks, Level: 12, Rank: 1, Gender: Female, HP IV: 12(0%), ATK IV: 2(0%), DEF IV: 39(0%), Work Speed: (0%), Skills: Hard Skin
Foxparks, Level: 6, Rank: 1, Gender: Female, HP IV: 40(0%), ATK IV: 94(0%), DEF IV: 28(0%), Work Speed: (0%), Skills: Veil of Darkness
Foxparks, Level: 6, Rank: 1, Gender: Female, HP IV: 79(0%), ATK IV: 2(0%), DEF IV: 99(0%), Work Speed: (0%), Skills: Musclehead
Lamball, Level: 1, Rank: 1, Gender: Female, HP IV: 14(0%), ATK IV: 34(0%), DEF IV: 65(0%), Work Speed: (0%)
Pengullet, Level: 12, Rank: 1, Gender: Male, HP IV: 43(0%), ATK IV: 31(0%), DEF IV: 63(0%), Work Speed: (0%), Skills: Hooligan
Fillin's 9 Pals
---------------
Alpha Mammorest, Level: 38, Rank: 1, Gender: Male, HP IV: 64(0%), ATK IV: 93(0%), DEF IV: 84(0%), Work Speed: (0%), Skills: Hydromaniac
Cattiva, Level: 1, Rank: 1, Gender: Male, HP IV: 59(0%), ATK IV: 49(0%), DEF IV: 73(0%), Work Speed: (0%), Skills: Coward
Cattiva, Level: 2, Rank: 1, Gender: Male, HP IV: 50(0%), ATK IV: 27(0%), DEF IV: 93(0%), Work Speed: (0%), Skills: Coward, Hooligan
Chikipi, Level: 2, Rank: 1, Gender: Female, HP IV: 30(0%), ATK IV: 36(0%), DEF IV: 24(0%), Work Speed: (0%), Skills: Serenity
Foxparks, Level: 12, Rank: 1, Gender: Female, HP IV: 12(0%), ATK IV: 2(0%), DEF IV: 39(0%), Work Speed: (0%), Skills: Hard Skin
Foxparks, Level: 6, Rank: 1, Gender: Female, HP IV: 40(0%), ATK IV: 94(0%), DEF IV: 28(0%), Work Speed: (0%), Skills: Veil of Darkness
Foxparks, Level: 6, Rank: 1, Gender: Female, HP IV: 79(0%), ATK IV: 2(0%), DEF IV: 99(0%), Work Speed: (0%), Skills: Musclehead
Lamball, Level: 1, Rank: 1, Gender: Female, HP IV: 14(0%), ATK IV: 34(0%), DEF IV: 65(0%), Work Speed: (0%)
Pengullet, Level: 12, Rank: 1, Gender: Male, HP IV: 43(0%), ATK IV: 31(0%), DEF IV: 63(0%), Work Speed: (0%), Skills: Hooligan
