Floki's 10 Pals
---------------
Alpha Chillet, Level: 11, Rank: 1, Gender: Female, HP IV: 93(0%), ATK IV: 89(0%), DEF IV: 77(0%), Work Speed: (0%), Skills: Cheery
Chikipi, Level: 3, Rank: 1, Gender: Female, HP IV: 81(0%), ATK IV: 38(0%), DEF IV: 63(0%), Work Speed: (0%), Skills: Swift
Direhowl, Level: 11, Rank: 1, Gender: Female, HP IV: 68(0%), ATK IV: 7(0%), DEF IV: 2(0%), Work Speed: (0%), Skills: Earthquake Resistant
Eikthyrdeer, Level: 8, Rank: 1, Gender: Female, HP IV: 46(0%), ATK IV: 90(0%), DEF IV: 11(0%), Work Speed: (0%), Skills: Clumsy
Foxparks, Level: 17, Rank: 1, Gender: Male, HP IV: 63(0%), ATK IV: 58(0%), DEF IV: 9(0%), Work Speed: (0%)
Fuddler, Level: 4, Rank: 1, Gender: Female, HP IV: 53(0%), ATK IV: 94(0%), DEF IV: 37(0%), Work Speed: (0%), Skills: Waterproof
Lamball, Level: 11, Rank: 1, Gender: Female, HP IV: 85(0%), ATK IV: 12(0%), DEF IV: 22(0%), Work Speed: (0%), Skills: Dainty Eater, Mercy hit, Clumsy
Nitewing, Level: 10, Rank: 1, Gender: Male, HP IV: 89(0%), ATK IV: 91(0%), DEF IV: 57(0%), Work Speed: (0%), Skills: Blood of the Dragon
Pengullet, Level: 11, Rank: 1, Gender: Female, HP IV: 71(0%), ATK IV: 77(0%), DEF IV: 96(0%), Work Speed: (0%), Skills: Work Slave
Tanzee, Level: 12, Rank: 1, Gender: Female, HP IV: 27(0%), ATK IV: 59(0%), DEF IV: 84(0%), Work Speed: (0%), Skills: Coldblooded
Floki's 10 Pals
---------------
Alpha Chillet, Level: 11, Rank: 1, Gender: Female, HP IV: 93(0%), ATK IV: 89(0%), DEF IV: 77(0%), Work Speed: (0%), Skills: Cheery
Chikipi, Level: 3, Rank: 1, Gender: Female, HP IV: 81(0%), ATK IV: 38(0%), DEF IV: 63(0%), Work Speed: (0%), Skills: Swift
Direhowl, Level: 11, Rank: 1, Gender: Female, HP IV: 68(0%), ATK IV: 7(0%), DEF IV: 2(0%), Work Speed: (0%), Skills: Earthquake Resistant
Eikthyrdeer, Level: 8, Rank: 1, Gender: Female, HP IV: 46(0%), ATK IV: 90(0%), DEF IV: 11(0%), Work Speed: (0%), Skills: Clumsy
Foxparks, Level: 17, Rank: 1, Gender: Male, HP IV: 63(0%), ATK IV: 58(0%), DEF IV: 9(0%), Work Speed: (0%)
Fuddler, Level: 4, Rank: 1, Gender: Female, HP IV: 53(0%), ATK IV: 94(0%), DEF IV: 37(0%), Work Speed: (0%), Skills: Waterproof
Lamball, Level: 11, Rank: 1, Gender: Female, HP IV: 85(0%), ATK IV: 12(0%), DEF IV: 22(0%), Work Speed: (0%), Skills: Dainty Eater, Mercy hit, Clumsy
Nitewing, Level: 10, Rank: 1, Gender: Male, HP IV: 89(0%), ATK IV: 91(0%), DEF IV: 57(0%), Work Speed: (0%), Skills: Blood of the Dragon
Pengullet, Level: 11, Rank: 1, Gender: Female, HP IV: 71(0%), ATK IV: 77(0%), DEF IV: 96(0%), Work Speed: (0%), Skills: Work Slave
Tanzee, Level: 12, Rank: 1, Gender: Female, HP IV: 27(0%), ATK IV: 59(0%), DEF IV: 84(0%), Work Speed: (0%), Skills: Coldblooded
Floki's 10 Pals
---------------
Alpha Chillet, Level: 11, Rank: 1, Gender: Female, HP IV: 93(0%), ATK IV: 89(0%), DEF IV: 77(0%), Work Speed: (0%), Skills: Cheery
Chikipi, Level: 3, Rank: 1, Gender: Female, HP IV: 81(0%), ATK IV: 38(0%), DEF IV: 63(0%), Work Speed: (0%), Skills: Swift
Direhowl, Level: 11, Rank: 1, Gender: Female, HP IV: 68(0%), ATK IV: 7(0%), DEF IV: 2(0%), Work Speed: (0%), Skills: Earthquake Resistant
Eikthyrdeer, Level: 8, Rank: 1, Gender: Female, HP IV: 46(0%), ATK IV: 90(0%), DEF IV: 11(0%), Work Speed: (0%), Skills: Clumsy
Foxparks, Level: 17, Rank: 1, Gender: Male, HP IV: 63(0%), ATK IV: 58(0%), DEF IV: 9(0%), Work Speed: (0%)
Fuddler, Level: 4, Rank: 1, Gender: Female, HP IV: 53(0%), ATK IV: 94(0%), DEF IV: 37(0%), Work Speed: (0%), Skills: Waterproof
Lamball, Level: 11, Rank: 1, Gender: Female, HP IV: 85(0%), ATK IV: 12(0%), DEF IV: 22(0%), Work Speed: (0%), Skills: Dainty Eater, Mercy hit, Clumsy
Nitewing, Level: 10, Rank: 1, Gender: Male, HP IV: 89(0%), ATK IV: 91(0%), DEF IV: 57(0%), Work Speed: (0%), Skills: Blood of the Dragon
Pengullet, Level: 11, Rank: 1, Gender: Female, HP IV: 71(0%), ATK IV: 77(0%), DEF IV: 96(0%), Work Speed: (0%), Skills: Work Slave
Tanzee, Level: 12, Rank: 1, Gender: Female, HP IV: 27(0%), ATK IV: 59(0%), DEF IV: 84(0%), Work Speed: (0%), Skills: Coldblooded
Floki's 10 Pals
---------------
Alpha Chillet, Level: 11, Rank: 1, Gender: Female, HP IV: 93(0%), ATK IV: 89(0%), DEF IV: 77(0%), Work Speed: (0%), Skills: Cheery
Chikipi, Level: 3, Rank: 1, Gender: Female, HP IV: 81(0%), ATK IV: 38(0%), DEF IV: 63(0%), Work Speed: (0%), Skills: Swift
Direhowl, Level: 11, Rank: 1, Gender: Female, HP IV: 68(0%), ATK IV: 7(0%), DEF IV: 2(0%), Work Speed: (0%), Skills: Earthquake Resistant
Eikthyrdeer, Level: 8, Rank: 1, Gender: Female, HP IV: 46(0%), ATK IV: 90(0%), DEF IV: 11(0%), Work Speed: (0%), Skills: Clumsy
Foxparks, Level: 17, Rank: 1, Gender: Male, HP IV: 63(0%), ATK IV: 58(0%), DEF IV: 9(0%), Work Speed: (0%)
Fuddler, Level: 4, Rank: 1, Gender: Female, HP IV: 53(0%), ATK IV: 94(0%), DEF IV: 37(0%), Work Speed: (0%), Skills: Waterproof
Lamball, Level: 11, Rank: 1, Gender: Female, HP IV: 85(0%), ATK IV: 12(0%), DEF IV: 22(0%), Work Speed: (0%), Skills: Dainty Eater, Mercy hit, Clumsy
Nitewing, Level: 10, Rank: 1, Gender: Male, HP IV: 89(0%), ATK IV: 91(0%), DEF IV: 57(0%), Work Speed: (0%), Skills: Blood of the Dragon
Pengullet, Level: 11, Rank: 1, Gender: Female, HP IV: 71(0%), ATK IV: 77(0%), DEF IV: 96(0%), Work Speed: (0%), Skills: Work Slave
Tanzee, Level: 12, Rank: 1, Gender: Female, HP IV: 27(0%), ATK IV: 59(0%), DEF IV: 84(0%), Work Speed: (0%), Skills: Coldblooded
Floki's 10 Pals
---------------
Alpha Chillet, Level: 11, Rank: 1, Gender: Female, HP IV: 93(0%), ATK IV: 89(0%), DEF IV: 77(0%), Work Speed: (0%), Skills: Cheery
Chikipi, Level: 3, Rank: 1, Gender: Female, HP IV: 81(0%), ATK IV: 38(0%), DEF IV: 63(0%), Work Speed: (0%), Skills: Swift
Direhowl, Level: 11, Rank: 1, Gender: Female, HP IV: 68(0%), ATK IV: 7(0%), DEF IV: 2(0%), Work Speed: (0%), Skills: Earthquake Resistant
Eikthyrdeer, Level: 8, Rank: 1, Gender: Female, HP IV: 46(0%), ATK IV: 90(0%), DEF IV: 11(0%), Work Speed: (0%), Skills: Clumsy
Foxparks, Level: 17, Rank: 1, Gender: Male, HP IV: 63(0%), ATK IV: 58(0%), DEF IV: 9(0%), Work Speed: (0%)
Fuddler, Level: 4, Rank: 1, Gender: Female, HP IV: 53(0%), ATK IV: 94(0%), DEF IV: 37(0%), Work Speed: (0%), Skills: Waterproof
Lamball, Level: 11, Rank: 1, Gender: Female, HP IV: 85(0%), ATK IV: 12(0%), DEF IV: 22(0%), Work Speed: (0%), Skills: Dainty Eater, Mercy hit, Clumsy
Nitewing, Level: 10, Rank: 1, Gender: Male, HP IV: 89(0%), ATK IV: 91(0%), DEF IV: 57(0%), Work Speed: (0%), Skills: Blood of the Dragon
Pengullet, Level: 11, Rank: 1, Gender: Female, HP IV: 71(0%), ATK IV: 77(0%), DEF IV: 96(0%), Work Speed: (0%), Skills: Work Slave
Tanzee, Level: 12, Rank: 1, Gender: Female, HP IV: 27(0%), ATK IV: 59(0%), DEF IV: 84(0%), Work Speed: (0%), Skills: Coldblooded
Floki's 10 Pals
---------------
Alpha Chillet, Level: 11, Rank: 1, Gender: Female, HP IV: 93(0%), ATK IV: 89(0%), DEF IV: 77(0%), Work Speed: (0%), Skills: Cheery
Chikipi, Level: 3, Rank: 1, Gender: Female, HP IV: 81(0%), ATK IV: 38(0%), DEF IV: 63(0%), Work Speed: (0%), Skills: Swift
Direhowl, Level: 11, Rank: 1, Gender: Female, HP IV: 68(0%), ATK IV: 7(0%), DEF IV: 2(0%), Work Speed: (0%), Skills: Earthquake Resistant
Eikthyrdeer, Level: 8, Rank: 1, Gender: Female, HP IV: 46(0%), ATK IV: 90(0%), DEF IV: 11(0%), Work Speed: (0%), Skills: Clumsy
Foxparks, Level: 17, Rank: 1, Gender: Male, HP IV: 63(0%), ATK IV: 58(0%), DEF IV: 9(0%), Work Speed: (0%)
Fuddler, Level: 4, Rank: 1, Gender: Female, HP IV: 53(0%), ATK IV: 94(0%), DEF IV: 37(0%), Work Speed: (0%), Skills: Waterproof
Lamball, Level: 11, Rank: 1, Gender: Female, HP IV: 85(0%), ATK IV: 12(0%), DEF IV: 22(0%), Work Speed: (0%), Skills: Dainty Eater, Mercy hit, Clumsy
Nitewing, Level: 10, Rank: 1, Gender: Male, HP IV: 89(0%), ATK IV: 91(0%), DEF IV: 57(0%), Work Speed: (0%), Skills: Blood of the Dragon
Pengullet, Level: 11, Rank: 1, Gender: Female, HP IV: 71(0%), ATK IV: 77(0%), DEF IV: 96(0%), Work Speed: (0%), Skills: Work Slave
Tanzee, Level: 12, Rank: 1, Gender: Female, HP IV: 27(0%), ATK IV: 59(0%), DEF IV: 84(0%), Work Speed: (0%), Skills: Coldblooded
Floki's 10 Pals
---------------
Alpha Chillet, Level: 11, Rank: 1, Gender: Female, HP IV: 93(0%), ATK IV: 89(0%), DEF IV: 77(0%), Work Speed: (0%), Skills: Cheery
Chikipi, Level: 3, Rank: 1, Gender: Female, HP IV: 81(0%), ATK IV: 38(0%), DEF IV: 63(0%), Work Speed: (0%), Skills: Swift
Direhowl, Level: 11, Rank: 1, Gender: Female, HP IV: 68(0%), ATK IV: 7(0%), DEF IV: 2(0%), Work Speed: (0%), Skills: Earthquake Resistant
Eikthyrdeer, Level: 8, Rank: 1, Gender: Female, HP IV: 46(0%), ATK IV: 90(0%), DEF IV: 11(0%), Work Speed: (0%), Skills: Clumsy
Foxparks, Level: 17, Rank: 1, Gender: Male, HP IV: 63(0%), ATK IV: 58(0%), DEF IV: 9(0%), Work Speed: (0%)
Fuddler, Level: 4, Rank: 1, Gender: Female, HP IV: 53(0%), ATK IV: 94(0%), DEF IV: 37(0%), Work Speed: (0%), Skills: Waterproof
Lamball, Level: 11, Rank: 1, Gender: Female, HP IV: 85(0%), ATK IV: 12(0%), DEF IV: 22(0%), Work Speed: (0%), Skills: Dainty Eater, Mercy hit, Clumsy
Nitewing, Level: 10, Rank: 1, Gender: Male, HP IV: 89(0%), ATK IV: 91(0%), DEF IV: 57(0%), Work Speed: (0%), Skills: Blood of the Dragon
Pengullet, Level: 11, Rank: 1, Gender: Female, HP IV: 71(0%), ATK IV: 77(0%), DEF IV: 96(0%), Work Speed: (0%), Skills: Work Slave
Tanzee, Level: 12, Rank: 1, Gender: Female, HP IV: 27(0%), ATK IV: 59(0%), DEF IV: 84(0%), Work Speed: (0%), Skills: Coldblooded
Floki's 10 Pals
---------------
Alpha Chillet, Level: 11, Rank: 1, Gender: Female, HP IV: 93(0%), ATK IV: 89(0%), DEF IV: 77(0%), Work Speed: (0%), Skills: Cheery
Chikipi, Level: 3, Rank: 1, Gender: Female, HP IV: 81(0%), ATK IV: 38(0%), DEF IV: 63(0%), Work Speed: (0%), Skills: Swift
Direhowl, Level: 11, Rank: 1, Gender: Female, HP IV: 68(0%), ATK IV: 7(0%), DEF IV: 2(0%), Work Speed: (0%), Skills: Earthquake Resistant
Eikthyrdeer, Level: 8, Rank: 1, Gender: Female, HP IV: 46(0%), ATK IV: 90(0%), DEF IV: 11(0%), Work Speed: (0%), Skills: Clumsy
Foxparks, Level: 17, Rank: 1, Gender: Male, HP IV: 63(0%), ATK IV: 58(0%), DEF IV: 9(0%), Work Speed: (0%)
Fuddler, Level: 4, Rank: 1, Gender: Female, HP IV: 53(0%), ATK IV: 94(0%), DEF IV: 37(0%), Work Speed: (0%), Skills: Waterproof
Lamball, Level: 11, Rank: 1, Gender: Female, HP IV: 85(0%), ATK IV: 12(0%), DEF IV: 22(0%), Work Speed: (0%), Skills: Dainty Eater, Mercy hit, Clumsy
Nitewing, Level: 10, Rank: 1, Gender: Male, HP IV: 89(0%), ATK IV: 91(0%), DEF IV: 57(0%), Work Speed: (0%), Skills: Blood of the Dragon
Pengullet, Level: 11, Rank: 1, Gender: Female, HP IV: 71(0%), ATK IV: 77(0%), DEF IV: 96(0%), Work Speed: (0%), Skills: Work Slave
Tanzee, Level: 12, Rank: 1, Gender: Female, HP IV: 27(0%), ATK IV: 59(0%), DEF IV: 84(0%), Work Speed: (0%), Skills: Coldblooded
Floki's 10 Pals
---------------
Alpha Chillet, Level: 11, Rank: 1, Gender: Female, HP IV: 93(0%), ATK IV: 89(0%), DEF IV: 77(0%), Work Speed: (0%), Skills: Cheery
Chikipi, Level: 3, Rank: 1, Gender: Female, HP IV: 81(0%), ATK IV: 38(0%), DEF IV: 63(0%), Work Speed: (0%), Skills: Swift
Direhowl, Level: 11, Rank: 1, Gender: Female, HP IV: 68(0%), ATK IV: 7(0%), DEF IV: 2(0%), Work Speed: (0%), Skills: Earthquake Resistant
Eikthyrdeer, Level: 8, Rank: 1, Gender: Female, HP IV: 46(0%), ATK IV: 90(0%), DEF IV: 11(0%), Work Speed: (0%), Skills: Clumsy
Foxparks, Level: 17, Rank: 1, Gender: Male, HP IV: 63(0%), ATK IV: 58(0%), DEF IV: 9(0%), Work Speed: (0%)
Fuddler, Level: 4, Rank: 1, Gender: Female, HP IV: 53(0%), ATK IV: 94(0%), DEF IV: 37(0%), Work Speed: (0%), Skills: Waterproof
Lamball, Level: 11, Rank: 1, Gender: Female, HP IV: 85(0%), ATK IV: 12(0%), DEF IV: 22(0%), Work Speed: (0%), Skills: Dainty Eater, Mercy hit, Clumsy
Nitewing, Level: 10, Rank: 1, Gender: Male, HP IV: 89(0%), ATK IV: 91(0%), DEF IV: 57(0%), Work Speed: (0%), Skills: Blood of the Dragon
Pengullet, Level: 11, Rank: 1, Gender: Female, HP IV: 71(0%), ATK IV: 77(0%), DEF IV: 96(0%), Work Speed: (0%), Skills: Work Slave
Tanzee, Level: 12, Rank: 1, Gender: Female, HP IV: 27(0%), ATK IV: 59(0%), DEF IV: 84(0%), Work Speed: (0%), Skills: Coldblooded
Floki's 10 Pals
---------------
Alpha Chillet, Level: 11, Rank: 1, Gender: Female, HP IV: 93(0%), ATK IV: 89(0%), DEF IV: 77(0%), Work Speed: (0%), Skills: Cheery
Chikipi, Level: 3, Rank: 1, Gender: Female, HP IV: 81(0%), ATK IV: 38(0%), DEF IV: 63(0%), Work Speed: (0%), Skills: Swift
Direhowl, Level: 11, Rank: 1, Gender: Female, HP IV: 68(0%), ATK IV: 7(0%), DEF IV: 2(0%), Work Speed: (0%), Skills: Earthquake Resistant
Eikthyrdeer, Level: 8, Rank: 1, Gender: Female, HP IV: 46(0%), ATK IV: 90(0%), DEF IV: 11(0%), Work Speed: (0%), Skills: Clumsy
Foxparks, Level: 17, Rank: 1, Gender: Male, HP IV: 63(0%), ATK IV: 58(0%), DEF IV: 9(0%), Work Speed: (0%)
Fuddler, Level: 4, Rank: 1, Gender: Female, HP IV: 53(0%), ATK IV: 94(0%), DEF IV: 37(0%), Work Speed: (0%), Skills: Waterproof
Lamball, Level: 11, Rank: 1, Gender: Female, HP IV: 85(0%), ATK IV: 12(0%), DEF IV: 22(0%), Work Speed: (0%), Skills: Dainty Eater, Mercy hit, Clumsy
Nitewing, Level: 10, Rank: 1, Gender: Male, HP IV: 89(0%), ATK IV: 91(0%), DEF IV: 57(0%), Work Speed: (0%), Skills: Blood of the Dragon
Pengullet, Level: 11, Rank: 1, Gender: Female, HP IV: 71(0%), ATK IV: 77(0%), DEF IV: 96(0%), Work Speed: (0%), Skills: Work Slave
Tanzee, Level: 12, Rank: 1, Gender: Female, HP IV: 27(0%), ATK IV: 59(0%), DEF IV: 84(0%), Work Speed: (0%), Skills: Coldblooded
Floki's 10 Pals
---------------
Alpha Chillet, Level: 11, Rank: 1, Gender: Female, HP IV: 93(0%), ATK IV: 89(0%), DEF IV: 77(0%), Work Speed: (0%), Skills: Cheery
Chikipi, Level: 3, Rank: 1, Gender: Female, HP IV: 81(0%), ATK IV: 38(0%), DEF IV: 63(0%), Work Speed: (0%), Skills: Swift
Direhowl, Level: 11, Rank: 1, Gender: Female, HP IV: 68(0%), ATK IV: 7(0%), DEF IV: 2(0%), Work Speed: (0%), Skills: Earthquake Resistant
Eikthyrdeer, Level: 8, Rank: 1, Gender: Female, HP IV: 46(0%), ATK IV: 90(0%), DEF IV: 11(0%), Work Speed: (0%), Skills: Clumsy
Foxparks, Level: 17, Rank: 1, Gender: Male, HP IV: 63(0%), ATK IV: 58(0%), DEF IV: 9(0%), Work Speed: (0%)
Fuddler, Level: 4, Rank: 1, Gender: Female, HP IV: 53(0%), ATK IV: 94(0%), DEF IV: 37(0%), Work Speed: (0%), Skills: Waterproof
Lamball, Level: 11, Rank: 1, Gender: Female, HP IV: 85(0%), ATK IV: 12(0%), DEF IV: 22(0%), Work Speed: (0%), Skills: Dainty Eater, Mercy hit, Clumsy
Nitewing, Level: 10, Rank: 1, Gender: Male, HP IV: 89(0%), ATK IV: 91(0%), DEF IV: 57(0%), Work Speed: (0%), Skills: Blood of the Dragon
Pengullet, Level: 11, Rank: 1, Gender: Female, HP IV: 71(0%), ATK IV: 77(0%), DEF IV: 96(0%), Work Speed: (0%), Skills: Work Slave
Tanzee, Level: 12, Rank: 1, Gender: Female, HP IV: 27(0%), ATK IV: 59(0%), DEF IV: 84(0%), Work Speed: (0%), Skills: Coldblooded
Floki's 10 Pals
---------------
Alpha Chillet, Level: 11, Rank: 1, Gender: Female, HP IV: 93(0%), ATK IV: 89(0%), DEF IV: 77(0%), Work Speed: (0%), Skills: Cheery
Chikipi, Level: 3, Rank: 1, Gender: Female, HP IV: 81(0%), ATK IV: 38(0%), DEF IV: 63(0%), Work Speed: (0%), Skills: Swift
Direhowl, Level: 11, Rank: 1, Gender: Female, HP IV: 68(0%), ATK IV: 7(0%), DEF IV: 2(0%), Work Speed: (0%), Skills: Earthquake Resistant
Eikthyrdeer, Level: 8, Rank: 1, Gender: Female, HP IV: 46(0%), ATK IV: 90(0%), DEF IV: 11(0%), Work Speed: (0%), Skills: Clumsy
Foxparks, Level: 17, Rank: 1, Gender: Male, HP IV: 63(0%), ATK IV: 58(0%), DEF IV: 9(0%), Work Speed: (0%)
Fuddler, Level: 4, Rank: 1, Gender: Female, HP IV: 53(0%), ATK IV: 94(0%), DEF IV: 37(0%), Work Speed: (0%), Skills: Waterproof
Lamball, Level: 11, Rank: 1, Gender: Female, HP IV: 85(0%), ATK IV: 12(0%), DEF IV: 22(0%), Work Speed: (0%), Skills: Dainty Eater, Mercy hit, Clumsy
Nitewing, Level: 10, Rank: 1, Gender: Male, HP IV: 89(0%), ATK IV: 91(0%), DEF IV: 57(0%), Work Speed: (0%), Skills: Blood of the Dragon
Pengullet, Level: 11, Rank: 1, Gender: Female, HP IV: 71(0%), ATK IV: 77(0%), DEF IV: 96(0%), Work Speed: (0%), Skills: Work Slave
Tanzee, Level: 12, Rank: 1, Gender: Female, HP IV: 27(0%), ATK IV: 59(0%), DEF IV: 84(0%), Work Speed: (0%), Skills: Coldblooded
Floki's 10 Pals
---------------
Alpha Chillet, Level: 11, Rank: 1, Gender: Female, HP IV: 93(0%), ATK IV: 89(0%), DEF IV: 77(0%), Work Speed: (0%), Skills: Cheery
Chikipi, Level: 3, Rank: 1, Gender: Female, HP IV: 81(0%), ATK IV: 38(0%), DEF IV: 63(0%), Work Speed: (0%), Skills: Swift
Direhowl, Level: 11, Rank: 1, Gender: Female, HP IV: 68(0%), ATK IV: 7(0%), DEF IV: 2(0%), Work Speed: (0%), Skills: Earthquake Resistant
Eikthyrdeer, Level: 8, Rank: 1, Gender: Female, HP IV: 46(0%), ATK IV: 90(0%), DEF IV: 11(0%), Work Speed: (0%), Skills: Clumsy
Foxparks, Level: 17, Rank: 1, Gender: Male, HP IV: 63(0%), ATK IV: 58(0%), DEF IV: 9(0%), Work Speed: (0%)
Fuddler, Level: 4, Rank: 1, Gender: Female, HP IV: 53(0%), ATK IV: 94(0%), DEF IV: 37(0%), Work Speed: (0%), Skills: Waterproof
Lamball, Level: 11, Rank: 1, Gender: Female, HP IV: 85(0%), ATK IV: 12(0%), DEF IV: 22(0%), Work Speed: (0%), Skills: Dainty Eater, Mercy hit, Clumsy
Nitewing, Level: 10, Rank: 1, Gender: Male, HP IV: 89(0%), ATK IV: 91(0%), DEF IV: 57(0%), Work Speed: (0%), Skills: Blood of the Dragon
Pengullet, Level: 11, Rank: 1, Gender: Female, HP IV: 71(0%), ATK IV: 77(0%), DEF IV: 96(0%), Work Speed: (0%), Skills: Work Slave
Tanzee, Level: 12, Rank: 1, Gender: Female, HP IV: 27(0%), ATK IV: 59(0%), DEF IV: 84(0%), Work Speed: (0%), Skills: Coldblooded
Floki's 10 Pals
---------------
Alpha Chillet, Level: 11, Rank: 1, Gender: Female, HP IV: 93(0%), ATK IV: 89(0%), DEF IV: 77(0%), Work Speed: (0%), Skills: Cheery
Chikipi, Level: 3, Rank: 1, Gender: Female, HP IV: 81(0%), ATK IV: 38(0%), DEF IV: 63(0%), Work Speed: (0%), Skills: Swift
Direhowl, Level: 11, Rank: 1, Gender: Female, HP IV: 68(0%), ATK IV: 7(0%), DEF IV: 2(0%), Work Speed: (0%), Skills: Earthquake Resistant
Eikthyrdeer, Level: 8, Rank: 1, Gender: Female, HP IV: 46(0%), ATK IV: 90(0%), DEF IV: 11(0%), Work Speed: (0%), Skills: Clumsy
Foxparks, Level: 17, Rank: 1, Gender: Male, HP IV: 63(0%), ATK IV: 58(0%), DEF IV: 9(0%), Work Speed: (0%)
Fuddler, Level: 4, Rank: 1, Gender: Female, HP IV: 53(0%), ATK IV: 94(0%), DEF IV: 37(0%), Work Speed: (0%), Skills: Waterproof
Lamball, Level: 11, Rank: 1, Gender: Female, HP IV: 85(0%), ATK IV: 12(0%), DEF IV: 22(0%), Work Speed: (0%), Skills: Dainty Eater, Mercy hit, Clumsy
Nitewing, Level: 10, Rank: 1, Gender: Male, HP IV: 89(0%), ATK IV: 91(0%), DEF IV: 57(0%), Work Speed: (0%), Skills: Blood of the Dragon
Pengullet, Level: 11, Rank: 1, Gender: Female, HP IV: 71(0%), ATK IV: 77(0%), DEF IV: 96(0%), Work Speed: (0%), Skills: Work Slave
Tanzee, Level: 12, Rank: 1, Gender: Female, HP IV: 27(0%), ATK IV: 59(0%), DEF IV: 84(0%), Work Speed: (0%), Skills: Coldblooded
