Francisco.'s 8 Pals
-------------------
Alpha Chillet, Level: 12, Rank: 1, Gender: Male, HP IV: 63(0%), ATK IV: 56(0%), DEF IV: 52(0%), Work Speed: (0%), Skills: Diet Lover
Alpha Gumoss, Level: 11, Rank: 1, Gender: Male, HP IV: 52(0%), ATK IV: 87(0%), DEF IV: 70(0%), Work Speed: (0%), Skills: Mercy hit
Cinnamoth, Level: 18, Rank: 1, Gender: Female, HP IV: 36(0%), ATK IV: 40(0%), DEF IV: 71(0%), Work Speed: (0%), Skills: Artisan
Daedream, Level: 13, Rank: 1, Gender: Male, HP IV: 19(0%), ATK IV: 9(0%), DEF IV: 44(0%), Work Speed: (0%), Skills: Musclehead
Eikthyrdeer, Level: 12, Rank: 1, Gender: Male, HP IV: 64(0%), ATK IV: 11(0%), DEF IV: 6(0%), Work Speed: (0%), Skills: Hydromaniac
Fuddler, Level: 12, Rank: 1, Gender: Female, HP IV: 43(0%), ATK IV: 17(0%), DEF IV: 57(0%), Work Speed: (0%), Skills: Sickly
Mau, Level: 12, Rank: 1, Gender: Female, HP IV: 33(0%), ATK IV: 78(0%), DEF IV: 58(0%), Work Speed: (0%), Skills: Serenity
Robinquill, Level: 24, Rank: 1, Gender: Male, HP IV: 46(0%), ATK IV: 77(0%), DEF IV: 18(0%), Work Speed: (0%), Skills: Slacker
Francisco.'s 8 Pals
-------------------
Alpha Chillet, Level: 12, Rank: 1, Gender: Male, HP IV: 63(0%), ATK IV: 56(0%), DEF IV: 52(0%), Work Speed: (0%), Skills: Diet Lover
Alpha Gumoss, Level: 11, Rank: 1, Gender: Male, HP IV: 52(0%), ATK IV: 87(0%), DEF IV: 70(0%), Work Speed: (0%), Skills: Mercy hit
Cinnamoth, Level: 18, Rank: 1, Gender: Female, HP IV: 36(0%), ATK IV: 40(0%), DEF IV: 71(0%), Work Speed: (0%), Skills: Artisan
Daedream, Level: 13, Rank: 1, Gender: Male, HP IV: 19(0%), ATK IV: 9(0%), DEF IV: 44(0%), Work Speed: (0%), Skills: Musclehead
Eikthyrdeer, Level: 12, Rank: 1, Gender: Male, HP IV: 64(0%), ATK IV: 11(0%), DEF IV: 6(0%), Work Speed: (0%), Skills: Hydromaniac
Fuddler, Level: 12, Rank: 1, Gender: Female, HP IV: 43(0%), ATK IV: 17(0%), DEF IV: 57(0%), Work Speed: (0%), Skills: Sickly
Mau, Level: 12, Rank: 1, Gender: Female, HP IV: 33(0%), ATK IV: 78(0%), DEF IV: 58(0%), Work Speed: (0%), Skills: Serenity
Robinquill, Level: 24, Rank: 1, Gender: Male, HP IV: 46(0%), ATK IV: 77(0%), DEF IV: 18(0%), Work Speed: (0%), Skills: Slacker
Francisco.'s 8 Pals
-------------------
Alpha Chillet, Level: 12, Rank: 1, Gender: Male, HP IV: 63(0%), ATK IV: 56(0%), DEF IV: 52(0%), Work Speed: (0%), Skills: Diet Lover
Alpha Gumoss, Level: 11, Rank: 1, Gender: Male, HP IV: 52(0%), ATK IV: 87(0%), DEF IV: 70(0%), Work Speed: (0%), Skills: Mercy hit
Cinnamoth, Level: 18, Rank: 1, Gender: Female, HP IV: 36(0%), ATK IV: 40(0%), DEF IV: 71(0%), Work Speed: (0%), Skills: Artisan
Daedream, Level: 13, Rank: 1, Gender: Male, HP IV: 19(0%), ATK IV: 9(0%), DEF IV: 44(0%), Work Speed: (0%), Skills: Musclehead
Eikthyrdeer, Level: 12, Rank: 1, Gender: Male, HP IV: 64(0%), ATK IV: 11(0%), DEF IV: 6(0%), Work Speed: (0%), Skills: Hydromaniac
Fuddler, Level: 12, Rank: 1, Gender: Female, HP IV: 43(0%), ATK IV: 17(0%), DEF IV: 57(0%), Work Speed: (0%), Skills: Sickly
Mau, Level: 12, Rank: 1, Gender: Female, HP IV: 33(0%), ATK IV: 78(0%), DEF IV: 58(0%), Work Speed: (0%), Skills: Serenity
Robinquill, Level: 24, Rank: 1, Gender: Male, HP IV: 46(0%), ATK IV: 77(0%), DEF IV: 18(0%), Work Speed: (0%), Skills: Slacker
Francisco.'s 8 Pals
-------------------
Alpha Chillet, Level: 12, Rank: 1, Gender: Male, HP IV: 63(0%), ATK IV: 56(0%), DEF IV: 52(0%), Work Speed: (0%), Skills: Diet Lover
Alpha Gumoss, Level: 11, Rank: 1, Gender: Male, HP IV: 52(0%), ATK IV: 87(0%), DEF IV: 70(0%), Work Speed: (0%), Skills: Mercy hit
Cinnamoth, Level: 18, Rank: 1, Gender: Female, HP IV: 36(0%), ATK IV: 40(0%), DEF IV: 71(0%), Work Speed: (0%), Skills: Artisan
Daedream, Level: 13, Rank: 1, Gender: Male, HP IV: 19(0%), ATK IV: 9(0%), DEF IV: 44(0%), Work Speed: (0%), Skills: Musclehead
Eikthyrdeer, Level: 12, Rank: 1, Gender: Male, HP IV: 64(0%), ATK IV: 11(0%), DEF IV: 6(0%), Work Speed: (0%), Skills: Hydromaniac
Fuddler, Level: 12, Rank: 1, Gender: Female, HP IV: 43(0%), ATK IV: 17(0%), DEF IV: 57(0%), Work Speed: (0%), Skills: Sickly
Mau, Level: 12, Rank: 1, Gender: Female, HP IV: 33(0%), ATK IV: 78(0%), DEF IV: 58(0%), Work Speed: (0%), Skills: Serenity
Robinquill, Level: 24, Rank: 1, Gender: Male, HP IV: 46(0%), ATK IV: 77(0%), DEF IV: 18(0%), Work Speed: (0%), Skills: Slacker
Francisco.'s 8 Pals
-------------------
Alpha Chillet, Level: 12, Rank: 1, Gender: Male, HP IV: 63(0%), ATK IV: 56(0%), DEF IV: 52(0%), Work Speed: (0%), Skills: Diet Lover
Alpha Gumoss, Level: 11, Rank: 1, Gender: Male, HP IV: 52(0%), ATK IV: 87(0%), DEF IV: 70(0%), Work Speed: (0%), Skills: Mercy hit
Cinnamoth, Level: 18, Rank: 1, Gender: Female, HP IV: 36(0%), ATK IV: 40(0%), DEF IV: 71(0%), Work Speed: (0%), Skills: Artisan
Daedream, Level: 13, Rank: 1, Gender: Male, HP IV: 19(0%), ATK IV: 9(0%), DEF IV: 44(0%), Work Speed: (0%), Skills: Musclehead
Eikthyrdeer, Level: 12, Rank: 1, Gender: Male, HP IV: 64(0%), ATK IV: 11(0%), DEF IV: 6(0%), Work Speed: (0%), Skills: Hydromaniac
Fuddler, Level: 12, Rank: 1, Gender: Female, HP IV: 43(0%), ATK IV: 17(0%), DEF IV: 57(0%), Work Speed: (0%), Skills: Sickly
Mau, Level: 12, Rank: 1, Gender: Female, HP IV: 33(0%), ATK IV: 78(0%), DEF IV: 58(0%), Work Speed: (0%), Skills: Serenity
Robinquill, Level: 24, Rank: 1, Gender: Male, HP IV: 46(0%), ATK IV: 77(0%), DEF IV: 18(0%), Work Speed: (0%), Skills: Slacker
Francisco.'s 8 Pals
-------------------
Alpha Chillet, Level: 12, Rank: 1, Gender: Male, HP IV: 63(0%), ATK IV: 56(0%), DEF IV: 52(0%), Work Speed: (0%), Skills: Diet Lover
Alpha Gumoss, Level: 11, Rank: 1, Gender: Male, HP IV: 52(0%), ATK IV: 87(0%), DEF IV: 70(0%), Work Speed: (0%), Skills: Mercy hit
Cinnamoth, Level: 18, Rank: 1, Gender: Female, HP IV: 36(0%), ATK IV: 40(0%), DEF IV: 71(0%), Work Speed: (0%), Skills: Artisan
Daedream, Level: 13, Rank: 1, Gender: Male, HP IV: 19(0%), ATK IV: 9(0%), DEF IV: 44(0%), Work Speed: (0%), Skills: Musclehead
Eikthyrdeer, Level: 12, Rank: 1, Gender: Male, HP IV: 64(0%), ATK IV: 11(0%), DEF IV: 6(0%), Work Speed: (0%), Skills: Hydromaniac
Fuddler, Level: 12, Rank: 1, Gender: Female, HP IV: 43(0%), ATK IV: 17(0%), DEF IV: 57(0%), Work Speed: (0%), Skills: Sickly
Mau, Level: 12, Rank: 1, Gender: Female, HP IV: 33(0%), ATK IV: 78(0%), DEF IV: 58(0%), Work Speed: (0%), Skills: Serenity
Robinquill, Level: 24, Rank: 1, Gender: Male, HP IV: 46(0%), ATK IV: 77(0%), DEF IV: 18(0%), Work Speed: (0%), Skills: Slacker
Francisco.'s 8 Pals
-------------------
Alpha Chillet, Level: 12, Rank: 1, Gender: Male, HP IV: 63(0%), ATK IV: 56(0%), DEF IV: 52(0%), Work Speed: (0%), Skills: Diet Lover
Alpha Gumoss, Level: 11, Rank: 1, Gender: Male, HP IV: 52(0%), ATK IV: 87(0%), DEF IV: 70(0%), Work Speed: (0%), Skills: Mercy hit
Cinnamoth, Level: 18, Rank: 1, Gender: Female, HP IV: 36(0%), ATK IV: 40(0%), DEF IV: 71(0%), Work Speed: (0%), Skills: Artisan
Daedream, Level: 13, Rank: 1, Gender: Male, HP IV: 19(0%), ATK IV: 9(0%), DEF IV: 44(0%), Work Speed: (0%), Skills: Musclehead
Eikthyrdeer, Level: 12, Rank: 1, Gender: Male, HP IV: 64(0%), ATK IV: 11(0%), DEF IV: 6(0%), Work Speed: (0%), Skills: Hydromaniac
Fuddler, Level: 12, Rank: 1, Gender: Female, HP IV: 43(0%), ATK IV: 17(0%), DEF IV: 57(0%), Work Speed: (0%), Skills: Sickly
Mau, Level: 12, Rank: 1, Gender: Female, HP IV: 33(0%), ATK IV: 78(0%), DEF IV: 58(0%), Work Speed: (0%), Skills: Serenity
Robinquill, Level: 24, Rank: 1, Gender: Male, HP IV: 46(0%), ATK IV: 77(0%), DEF IV: 18(0%), Work Speed: (0%), Skills: Slacker
Francisco.'s 8 Pals
-------------------
Alpha Chillet, Level: 12, Rank: 1, Gender: Male, HP IV: 63(0%), ATK IV: 56(0%), DEF IV: 52(0%), Work Speed: (0%), Skills: Diet Lover
Alpha Gumoss, Level: 11, Rank: 1, Gender: Male, HP IV: 52(0%), ATK IV: 87(0%), DEF IV: 70(0%), Work Speed: (0%), Skills: Mercy hit
Cinnamoth, Level: 18, Rank: 1, Gender: Female, HP IV: 36(0%), ATK IV: 40(0%), DEF IV: 71(0%), Work Speed: (0%), Skills: Artisan
Daedream, Level: 13, Rank: 1, Gender: Male, HP IV: 19(0%), ATK IV: 9(0%), DEF IV: 44(0%), Work Speed: (0%), Skills: Musclehead
Eikthyrdeer, Level: 12, Rank: 1, Gender: Male, HP IV: 64(0%), ATK IV: 11(0%), DEF IV: 6(0%), Work Speed: (0%), Skills: Hydromaniac
Fuddler, Level: 12, Rank: 1, Gender: Female, HP IV: 43(0%), ATK IV: 17(0%), DEF IV: 57(0%), Work Speed: (0%), Skills: Sickly
Mau, Level: 12, Rank: 1, Gender: Female, HP IV: 33(0%), ATK IV: 78(0%), DEF IV: 58(0%), Work Speed: (0%), Skills: Serenity
Robinquill, Level: 24, Rank: 1, Gender: Male, HP IV: 46(0%), ATK IV: 77(0%), DEF IV: 18(0%), Work Speed: (0%), Skills: Slacker
Francisco.'s 8 Pals
-------------------
Alpha Chillet, Level: 12, Rank: 1, Gender: Male, HP IV: 63(0%), ATK IV: 56(0%), DEF IV: 52(0%), Work Speed: (0%), Skills: Diet Lover
Alpha Gumoss, Level: 11, Rank: 1, Gender: Male, HP IV: 52(0%), ATK IV: 87(0%), DEF IV: 70(0%), Work Speed: (0%), Skills: Mercy hit
Cinnamoth, Level: 18, Rank: 1, Gender: Female, HP IV: 36(0%), ATK IV: 40(0%), DEF IV: 71(0%), Work Speed: (0%), Skills: Artisan
Daedream, Level: 13, Rank: 1, Gender: Male, HP IV: 19(0%), ATK IV: 9(0%), DEF IV: 44(0%), Work Speed: (0%), Skills: Musclehead
Eikthyrdeer, Level: 12, Rank: 1, Gender: Male, HP IV: 64(0%), ATK IV: 11(0%), DEF IV: 6(0%), Work Speed: (0%), Skills: Hydromaniac
Fuddler, Level: 12, Rank: 1, Gender: Female, HP IV: 43(0%), ATK IV: 17(0%), DEF IV: 57(0%), Work Speed: (0%), Skills: Sickly
Mau, Level: 12, Rank: 1, Gender: Female, HP IV: 33(0%), ATK IV: 78(0%), DEF IV: 58(0%), Work Speed: (0%), Skills: Serenity
Robinquill, Level: 24, Rank: 1, Gender: Male, HP IV: 46(0%), ATK IV: 77(0%), DEF IV: 18(0%), Work Speed: (0%), Skills: Slacker
Francisco.'s 8 Pals
-------------------
Alpha Chillet, Level: 12, Rank: 1, Gender: Male, HP IV: 63(0%), ATK IV: 56(0%), DEF IV: 52(0%), Work Speed: (0%), Skills: Diet Lover
Alpha Gumoss, Level: 11, Rank: 1, Gender: Male, HP IV: 52(0%), ATK IV: 87(0%), DEF IV: 70(0%), Work Speed: (0%), Skills: Mercy hit
Cinnamoth, Level: 18, Rank: 1, Gender: Female, HP IV: 36(0%), ATK IV: 40(0%), DEF IV: 71(0%), Work Speed: (0%), Skills: Artisan
Daedream, Level: 13, Rank: 1, Gender: Male, HP IV: 19(0%), ATK IV: 9(0%), DEF IV: 44(0%), Work Speed: (0%), Skills: Musclehead
Eikthyrdeer, Level: 12, Rank: 1, Gender: Male, HP IV: 64(0%), ATK IV: 11(0%), DEF IV: 6(0%), Work Speed: (0%), Skills: Hydromaniac
Fuddler, Level: 12, Rank: 1, Gender: Female, HP IV: 43(0%), ATK IV: 17(0%), DEF IV: 57(0%), Work Speed: (0%), Skills: Sickly
Mau, Level: 12, Rank: 1, Gender: Female, HP IV: 33(0%), ATK IV: 78(0%), DEF IV: 58(0%), Work Speed: (0%), Skills: Serenity
Robinquill, Level: 24, Rank: 1, Gender: Male, HP IV: 46(0%), ATK IV: 77(0%), DEF IV: 18(0%), Work Speed: (0%), Skills: Slacker
Francisco.'s 8 Pals
-------------------
Alpha Chillet, Level: 12, Rank: 1, Gender: Male, HP IV: 63(0%), ATK IV: 56(0%), DEF IV: 52(0%), Work Speed: (0%), Skills: Diet Lover
Alpha Gumoss, Level: 11, Rank: 1, Gender: Male, HP IV: 52(0%), ATK IV: 87(0%), DEF IV: 70(0%), Work Speed: (0%), Skills: Mercy hit
Cinnamoth, Level: 18, Rank: 1, Gender: Female, HP IV: 36(0%), ATK IV: 40(0%), DEF IV: 71(0%), Work Speed: (0%), Skills: Artisan
Daedream, Level: 13, Rank: 1, Gender: Male, HP IV: 19(0%), ATK IV: 9(0%), DEF IV: 44(0%), Work Speed: (0%), Skills: Musclehead
Eikthyrdeer, Level: 12, Rank: 1, Gender: Male, HP IV: 64(0%), ATK IV: 11(0%), DEF IV: 6(0%), Work Speed: (0%), Skills: Hydromaniac
Fuddler, Level: 12, Rank: 1, Gender: Female, HP IV: 43(0%), ATK IV: 17(0%), DEF IV: 57(0%), Work Speed: (0%), Skills: Sickly
Mau, Level: 12, Rank: 1, Gender: Female, HP IV: 33(0%), ATK IV: 78(0%), DEF IV: 58(0%), Work Speed: (0%), Skills: Serenity
Robinquill, Level: 24, Rank: 1, Gender: Male, HP IV: 46(0%), ATK IV: 77(0%), DEF IV: 18(0%), Work Speed: (0%), Skills: Slacker
Francisco.'s 8 Pals
-------------------
Alpha Chillet, Level: 12, Rank: 1, Gender: Male, HP IV: 63(0%), ATK IV: 56(0%), DEF IV: 52(0%), Work Speed: (0%), Skills: Diet Lover
Alpha Gumoss, Level: 11, Rank: 1, Gender: Male, HP IV: 52(0%), ATK IV: 87(0%), DEF IV: 70(0%), Work Speed: (0%), Skills: Mercy hit
Cinnamoth, Level: 18, Rank: 1, Gender: Female, HP IV: 36(0%), ATK IV: 40(0%), DEF IV: 71(0%), Work Speed: (0%), Skills: Artisan
Daedream, Level: 13, Rank: 1, Gender: Male, HP IV: 19(0%), ATK IV: 9(0%), DEF IV: 44(0%), Work Speed: (0%), Skills: Musclehead
Eikthyrdeer, Level: 12, Rank: 1, Gender: Male, HP IV: 64(0%), ATK IV: 11(0%), DEF IV: 6(0%), Work Speed: (0%), Skills: Hydromaniac
Fuddler, Level: 12, Rank: 1, Gender: Female, HP IV: 43(0%), ATK IV: 17(0%), DEF IV: 57(0%), Work Speed: (0%), Skills: Sickly
Mau, Level: 12, Rank: 1, Gender: Female, HP IV: 33(0%), ATK IV: 78(0%), DEF IV: 58(0%), Work Speed: (0%), Skills: Serenity
Robinquill, Level: 24, Rank: 1, Gender: Male, HP IV: 46(0%), ATK IV: 77(0%), DEF IV: 18(0%), Work Speed: (0%), Skills: Slacker
Francisco.'s 8 Pals
-------------------
Alpha Chillet, Level: 12, Rank: 1, Gender: Male, HP IV: 63(0%), ATK IV: 56(0%), DEF IV: 52(0%), Work Speed: (0%), Skills: Diet Lover
Alpha Gumoss, Level: 11, Rank: 1, Gender: Male, HP IV: 52(0%), ATK IV: 87(0%), DEF IV: 70(0%), Work Speed: (0%), Skills: Mercy hit
Cinnamoth, Level: 18, Rank: 1, Gender: Female, HP IV: 36(0%), ATK IV: 40(0%), DEF IV: 71(0%), Work Speed: (0%), Skills: Artisan
Daedream, Level: 13, Rank: 1, Gender: Male, HP IV: 19(0%), ATK IV: 9(0%), DEF IV: 44(0%), Work Speed: (0%), Skills: Musclehead
Eikthyrdeer, Level: 12, Rank: 1, Gender: Male, HP IV: 64(0%), ATK IV: 11(0%), DEF IV: 6(0%), Work Speed: (0%), Skills: Hydromaniac
Fuddler, Level: 12, Rank: 1, Gender: Female, HP IV: 43(0%), ATK IV: 17(0%), DEF IV: 57(0%), Work Speed: (0%), Skills: Sickly
Mau, Level: 12, Rank: 1, Gender: Female, HP IV: 33(0%), ATK IV: 78(0%), DEF IV: 58(0%), Work Speed: (0%), Skills: Serenity
Robinquill, Level: 24, Rank: 1, Gender: Male, HP IV: 46(0%), ATK IV: 77(0%), DEF IV: 18(0%), Work Speed: (0%), Skills: Slacker
Francisco.'s 8 Pals
-------------------
Alpha Chillet, Level: 12, Rank: 1, Gender: Male, HP IV: 63(0%), ATK IV: 56(0%), DEF IV: 52(0%), Work Speed: (0%), Skills: Diet Lover
Alpha Gumoss, Level: 11, Rank: 1, Gender: Male, HP IV: 52(0%), ATK IV: 87(0%), DEF IV: 70(0%), Work Speed: (0%), Skills: Mercy hit
Cinnamoth, Level: 18, Rank: 1, Gender: Female, HP IV: 36(0%), ATK IV: 40(0%), DEF IV: 71(0%), Work Speed: (0%), Skills: Artisan
Daedream, Level: 13, Rank: 1, Gender: Male, HP IV: 19(0%), ATK IV: 9(0%), DEF IV: 44(0%), Work Speed: (0%), Skills: Musclehead
Eikthyrdeer, Level: 12, Rank: 1, Gender: Male, HP IV: 64(0%), ATK IV: 11(0%), DEF IV: 6(0%), Work Speed: (0%), Skills: Hydromaniac
Fuddler, Level: 12, Rank: 1, Gender: Female, HP IV: 43(0%), ATK IV: 17(0%), DEF IV: 57(0%), Work Speed: (0%), Skills: Sickly
Mau, Level: 12, Rank: 1, Gender: Female, HP IV: 33(0%), ATK IV: 78(0%), DEF IV: 58(0%), Work Speed: (0%), Skills: Serenity
Robinquill, Level: 24, Rank: 1, Gender: Male, HP IV: 46(0%), ATK IV: 77(0%), DEF IV: 18(0%), Work Speed: (0%), Skills: Slacker
