funchow's 8 Pals
----------------
Chikipi, Level: 6, Rank: 1, Gender: Female, HP IV: 58(0%), ATK IV: 69(0%), DEF IV: 98(0%), Work Speed: (0%), Skills: Workaholic
Croajiro, Level: 6, Rank: 1, Gender: Female, HP IV: 11(0%), ATK IV: 44(0%), DEF IV: 55(0%), Work Speed: (0%), Skills: Runner, Dainty Eater
Daedream, Level: 3, Rank: 1, Gender: Female, HP IV: 79(0%), ATK IV: 96(0%), DEF IV: 44(0%), Work Speed: (0%), Skills: Fragrant Foliage
Daedream, Level: 4, Rank: 1, Gender: Male, HP IV: 37(0%), ATK IV: 72(0%), DEF IV: 78(0%), Work Speed: (0%), Skills: Logging Foreman
Foxparks, Level: 6, Rank: 1, Gender: Male, HP IV: 60(0%), ATK IV: 95(0%), DEF IV: 86(0%), Work Speed: (0%), Skills: Swift
Melpaca, Level: 10, Rank: 1, Gender: Female, HP IV: 54(0%), ATK IV: 13(0%), DEF IV: 67(0%), Work Speed: (0%), Skills: Work Slave, Dragonkiller, Artisan
Sparkit, Level: 5, Rank: 1, Gender: Male, HP IV: 31(0%), ATK IV: 66(0%), DEF IV: 4(0%), Work Speed: (0%)
Sparkit, Level: 6, Rank: 1, Gender: Male, HP IV: 72(0%), ATK IV: 21(0%), DEF IV: 48(0%), Work Speed: (0%), Skills: Workaholic
funchow's 8 Pals
----------------
Chikipi, Level: 6, Rank: 1, Gender: Female, HP IV: 58(0%), ATK IV: 69(0%), DEF IV: 98(0%), Work Speed: (0%), Skills: Workaholic
Croajiro, Level: 6, Rank: 1, Gender: Female, HP IV: 11(0%), ATK IV: 44(0%), DEF IV: 55(0%), Work Speed: (0%), Skills: Runner, Dainty Eater
Daedream, Level: 3, Rank: 1, Gender: Female, HP IV: 79(0%), ATK IV: 96(0%), DEF IV: 44(0%), Work Speed: (0%), Skills: Fragrant Foliage
Daedream, Level: 4, Rank: 1, Gender: Male, HP IV: 37(0%), ATK IV: 72(0%), DEF IV: 78(0%), Work Speed: (0%), Skills: Logging Foreman
Foxparks, Level: 6, Rank: 1, Gender: Male, HP IV: 60(0%), ATK IV: 95(0%), DEF IV: 86(0%), Work Speed: (0%), Skills: Swift
Melpaca, Level: 10, Rank: 1, Gender: Female, HP IV: 54(0%), ATK IV: 13(0%), DEF IV: 67(0%), Work Speed: (0%), Skills: Work Slave, Dragonkiller, Artisan
Sparkit, Level: 5, Rank: 1, Gender: Male, HP IV: 31(0%), ATK IV: 66(0%), DEF IV: 4(0%), Work Speed: (0%)
Sparkit, Level: 6, Rank: 1, Gender: Male, HP IV: 72(0%), ATK IV: 21(0%), DEF IV: 48(0%), Work Speed: (0%), Skills: Workaholic
funchow's 8 Pals
----------------
Chikipi, Level: 6, Rank: 1, Gender: Female, HP IV: 58(0%), ATK IV: 69(0%), DEF IV: 98(0%), Work Speed: (0%), Skills: Workaholic
Croajiro, Level: 6, Rank: 1, Gender: Female, HP IV: 11(0%), ATK IV: 44(0%), DEF IV: 55(0%), Work Speed: (0%), Skills: Runner, Dainty Eater
Daedream, Level: 3, Rank: 1, Gender: Female, HP IV: 79(0%), ATK IV: 96(0%), DEF IV: 44(0%), Work Speed: (0%), Skills: Fragrant Foliage
Daedream, Level: 4, Rank: 1, Gender: Male, HP IV: 37(0%), ATK IV: 72(0%), DEF IV: 78(0%), Work Speed: (0%), Skills: Logging Foreman
Foxparks, Level: 6, Rank: 1, Gender: Male, HP IV: 60(0%), ATK IV: 95(0%), DEF IV: 86(0%), Work Speed: (0%), Skills: Swift
Melpaca, Level: 10, Rank: 1, Gender: Female, HP IV: 54(0%), ATK IV: 13(0%), DEF IV: 67(0%), Work Speed: (0%), Skills: Work Slave, Dragonkiller, Artisan
Sparkit, Level: 5, Rank: 1, Gender: Male, HP IV: 31(0%), ATK IV: 66(0%), DEF IV: 4(0%), Work Speed: (0%)
Sparkit, Level: 6, Rank: 1, Gender: Male, HP IV: 72(0%), ATK IV: 21(0%), DEF IV: 48(0%), Work Speed: (0%), Skills: Workaholic
funchow's 8 Pals
----------------
Chikipi, Level: 6, Rank: 1, Gender: Female, HP IV: 58(0%), ATK IV: 69(0%), DEF IV: 98(0%), Work Speed: (0%), Skills: Workaholic
Croajiro, Level: 6, Rank: 1, Gender: Female, HP IV: 11(0%), ATK IV: 44(0%), DEF IV: 55(0%), Work Speed: (0%), Skills: Runner, Dainty Eater
Daedream, Level: 3, Rank: 1, Gender: Female, HP IV: 79(0%), ATK IV: 96(0%), DEF IV: 44(0%), Work Speed: (0%), Skills: Fragrant Foliage
Daedream, Level: 4, Rank: 1, Gender: Male, HP IV: 37(0%), ATK IV: 72(0%), DEF IV: 78(0%), Work Speed: (0%), Skills: Logging Foreman
Foxparks, Level: 6, Rank: 1, Gender: Male, HP IV: 60(0%), ATK IV: 95(0%), DEF IV: 86(0%), Work Speed: (0%), Skills: Swift
Melpaca, Level: 10, Rank: 1, Gender: Female, HP IV: 54(0%), ATK IV: 13(0%), DEF IV: 67(0%), Work Speed: (0%), Skills: Work Slave, Dragonkiller, Artisan
Sparkit, Level: 5, Rank: 1, Gender: Male, HP IV: 31(0%), ATK IV: 66(0%), DEF IV: 4(0%), Work Speed: (0%)
Sparkit, Level: 6, Rank: 1, Gender: Male, HP IV: 72(0%), ATK IV: 21(0%), DEF IV: 48(0%), Work Speed: (0%), Skills: Workaholic
funchow's 8 Pals
----------------
Chikipi, Level: 6, Rank: 1, Gender: Female, HP IV: 58(0%), ATK IV: 69(0%), DEF IV: 98(0%), Work Speed: (0%), Skills: Workaholic
Croajiro, Level: 6, Rank: 1, Gender: Female, HP IV: 11(0%), ATK IV: 44(0%), DEF IV: 55(0%), Work Speed: (0%), Skills: Runner, Dainty Eater
Daedream, Level: 3, Rank: 1, Gender: Female, HP IV: 79(0%), ATK IV: 96(0%), DEF IV: 44(0%), Work Speed: (0%), Skills: Fragrant Foliage
Daedream, Level: 4, Rank: 1, Gender: Male, HP IV: 37(0%), ATK IV: 72(0%), DEF IV: 78(0%), Work Speed: (0%), Skills: Logging Foreman
Foxparks, Level: 6, Rank: 1, Gender: Male, HP IV: 60(0%), ATK IV: 95(0%), DEF IV: 86(0%), Work Speed: (0%), Skills: Swift
Melpaca, Level: 10, Rank: 1, Gender: Female, HP IV: 54(0%), ATK IV: 13(0%), DEF IV: 67(0%), Work Speed: (0%), Skills: Work Slave, Dragonkiller, Artisan
Sparkit, Level: 5, Rank: 1, Gender: Male, HP IV: 31(0%), ATK IV: 66(0%), DEF IV: 4(0%), Work Speed: (0%)
Sparkit, Level: 6, Rank: 1, Gender: Male, HP IV: 72(0%), ATK IV: 21(0%), DEF IV: 48(0%), Work Speed: (0%), Skills: Workaholic
funchow's 8 Pals
----------------
Chikipi, Level: 6, Rank: 1, Gender: Female, HP IV: 58(0%), ATK IV: 69(0%), DEF IV: 98(0%), Work Speed: (0%), Skills: Workaholic
Croajiro, Level: 6, Rank: 1, Gender: Female, HP IV: 11(0%), ATK IV: 44(0%), DEF IV: 55(0%), Work Speed: (0%), Skills: Runner, Dainty Eater
Daedream, Level: 3, Rank: 1, Gender: Female, HP IV: 79(0%), ATK IV: 96(0%), DEF IV: 44(0%), Work Speed: (0%), Skills: Fragrant Foliage
Daedream, Level: 4, Rank: 1, Gender: Male, HP IV: 37(0%), ATK IV: 72(0%), DEF IV: 78(0%), Work Speed: (0%), Skills: Logging Foreman
Foxparks, Level: 6, Rank: 1, Gender: Male, HP IV: 60(0%), ATK IV: 95(0%), DEF IV: 86(0%), Work Speed: (0%), Skills: Swift
Melpaca, Level: 10, Rank: 1, Gender: Female, HP IV: 54(0%), ATK IV: 13(0%), DEF IV: 67(0%), Work Speed: (0%), Skills: Work Slave, Dragonkiller, Artisan
Sparkit, Level: 5, Rank: 1, Gender: Male, HP IV: 31(0%), ATK IV: 66(0%), DEF IV: 4(0%), Work Speed: (0%)
Sparkit, Level: 6, Rank: 1, Gender: Male, HP IV: 72(0%), ATK IV: 21(0%), DEF IV: 48(0%), Work Speed: (0%), Skills: Workaholic
funchow's 8 Pals
----------------
Chikipi, Level: 6, Rank: 1, Gender: Female, HP IV: 58(0%), ATK IV: 69(0%), DEF IV: 98(0%), Work Speed: (0%), Skills: Workaholic
Croajiro, Level: 6, Rank: 1, Gender: Female, HP IV: 11(0%), ATK IV: 44(0%), DEF IV: 55(0%), Work Speed: (0%), Skills: Runner, Dainty Eater
Daedream, Level: 3, Rank: 1, Gender: Female, HP IV: 79(0%), ATK IV: 96(0%), DEF IV: 44(0%), Work Speed: (0%), Skills: Fragrant Foliage
Daedream, Level: 4, Rank: 1, Gender: Male, HP IV: 37(0%), ATK IV: 72(0%), DEF IV: 78(0%), Work Speed: (0%), Skills: Logging Foreman
Foxparks, Level: 6, Rank: 1, Gender: Male, HP IV: 60(0%), ATK IV: 95(0%), DEF IV: 86(0%), Work Speed: (0%), Skills: Swift
Melpaca, Level: 10, Rank: 1, Gender: Female, HP IV: 54(0%), ATK IV: 13(0%), DEF IV: 67(0%), Work Speed: (0%), Skills: Work Slave, Dragonkiller, Artisan
Sparkit, Level: 5, Rank: 1, Gender: Male, HP IV: 31(0%), ATK IV: 66(0%), DEF IV: 4(0%), Work Speed: (0%)
Sparkit, Level: 6, Rank: 1, Gender: Male, HP IV: 72(0%), ATK IV: 21(0%), DEF IV: 48(0%), Work Speed: (0%), Skills: Workaholic
funchow's 8 Pals
----------------
Chikipi, Level: 6, Rank: 1, Gender: Female, HP IV: 58(0%), ATK IV: 69(0%), DEF IV: 98(0%), Work Speed: (0%), Skills: Workaholic
Croajiro, Level: 6, Rank: 1, Gender: Female, HP IV: 11(0%), ATK IV: 44(0%), DEF IV: 55(0%), Work Speed: (0%), Skills: Runner, Dainty Eater
Daedream, Level: 3, Rank: 1, Gender: Female, HP IV: 79(0%), ATK IV: 96(0%), DEF IV: 44(0%), Work Speed: (0%), Skills: Fragrant Foliage
Daedream, Level: 4, Rank: 1, Gender: Male, HP IV: 37(0%), ATK IV: 72(0%), DEF IV: 78(0%), Work Speed: (0%), Skills: Logging Foreman
Foxparks, Level: 6, Rank: 1, Gender: Male, HP IV: 60(0%), ATK IV: 95(0%), DEF IV: 86(0%), Work Speed: (0%), Skills: Swift
Melpaca, Level: 10, Rank: 1, Gender: Female, HP IV: 54(0%), ATK IV: 13(0%), DEF IV: 67(0%), Work Speed: (0%), Skills: Work Slave, Dragonkiller, Artisan
Sparkit, Level: 5, Rank: 1, Gender: Male, HP IV: 31(0%), ATK IV: 66(0%), DEF IV: 4(0%), Work Speed: (0%)
Sparkit, Level: 6, Rank: 1, Gender: Male, HP IV: 72(0%), ATK IV: 21(0%), DEF IV: 48(0%), Work Speed: (0%), Skills: Workaholic
funchow's 8 Pals
----------------
Chikipi, Level: 6, Rank: 1, Gender: Female, HP IV: 58(0%), ATK IV: 69(0%), DEF IV: 98(0%), Work Speed: (0%), Skills: Workaholic
Croajiro, Level: 6, Rank: 1, Gender: Female, HP IV: 11(0%), ATK IV: 44(0%), DEF IV: 55(0%), Work Speed: (0%), Skills: Runner, Dainty Eater
Daedream, Level: 3, Rank: 1, Gender: Female, HP IV: 79(0%), ATK IV: 96(0%), DEF IV: 44(0%), Work Speed: (0%), Skills: Fragrant Foliage
Daedream, Level: 4, Rank: 1, Gender: Male, HP IV: 37(0%), ATK IV: 72(0%), DEF IV: 78(0%), Work Speed: (0%), Skills: Logging Foreman
Foxparks, Level: 6, Rank: 1, Gender: Male, HP IV: 60(0%), ATK IV: 95(0%), DEF IV: 86(0%), Work Speed: (0%), Skills: Swift
Melpaca, Level: 10, Rank: 1, Gender: Female, HP IV: 54(0%), ATK IV: 13(0%), DEF IV: 67(0%), Work Speed: (0%), Skills: Work Slave, Dragonkiller, Artisan
Sparkit, Level: 5, Rank: 1, Gender: Male, HP IV: 31(0%), ATK IV: 66(0%), DEF IV: 4(0%), Work Speed: (0%)
Sparkit, Level: 6, Rank: 1, Gender: Male, HP IV: 72(0%), ATK IV: 21(0%), DEF IV: 48(0%), Work Speed: (0%), Skills: Workaholic
funchow's 8 Pals
----------------
Chikipi, Level: 6, Rank: 1, Gender: Female, HP IV: 58(0%), ATK IV: 69(0%), DEF IV: 98(0%), Work Speed: (0%), Skills: Workaholic
Croajiro, Level: 6, Rank: 1, Gender: Female, HP IV: 11(0%), ATK IV: 44(0%), DEF IV: 55(0%), Work Speed: (0%), Skills: Runner, Dainty Eater
Daedream, Level: 3, Rank: 1, Gender: Female, HP IV: 79(0%), ATK IV: 96(0%), DEF IV: 44(0%), Work Speed: (0%), Skills: Fragrant Foliage
Daedream, Level: 4, Rank: 1, Gender: Male, HP IV: 37(0%), ATK IV: 72(0%), DEF IV: 78(0%), Work Speed: (0%), Skills: Logging Foreman
Foxparks, Level: 6, Rank: 1, Gender: Male, HP IV: 60(0%), ATK IV: 95(0%), DEF IV: 86(0%), Work Speed: (0%), Skills: Swift
Melpaca, Level: 10, Rank: 1, Gender: Female, HP IV: 54(0%), ATK IV: 13(0%), DEF IV: 67(0%), Work Speed: (0%), Skills: Work Slave, Dragonkiller, Artisan
Sparkit, Level: 5, Rank: 1, Gender: Male, HP IV: 31(0%), ATK IV: 66(0%), DEF IV: 4(0%), Work Speed: (0%)
Sparkit, Level: 6, Rank: 1, Gender: Male, HP IV: 72(0%), ATK IV: 21(0%), DEF IV: 48(0%), Work Speed: (0%), Skills: Workaholic
funchow's 8 Pals
----------------
Chikipi, Level: 6, Rank: 1, Gender: Female, HP IV: 58(0%), ATK IV: 69(0%), DEF IV: 98(0%), Work Speed: (0%), Skills: Workaholic
Croajiro, Level: 6, Rank: 1, Gender: Female, HP IV: 11(0%), ATK IV: 44(0%), DEF IV: 55(0%), Work Speed: (0%), Skills: Runner, Dainty Eater
Daedream, Level: 3, Rank: 1, Gender: Female, HP IV: 79(0%), ATK IV: 96(0%), DEF IV: 44(0%), Work Speed: (0%), Skills: Fragrant Foliage
Daedream, Level: 4, Rank: 1, Gender: Male, HP IV: 37(0%), ATK IV: 72(0%), DEF IV: 78(0%), Work Speed: (0%), Skills: Logging Foreman
Foxparks, Level: 6, Rank: 1, Gender: Male, HP IV: 60(0%), ATK IV: 95(0%), DEF IV: 86(0%), Work Speed: (0%), Skills: Swift
Melpaca, Level: 10, Rank: 1, Gender: Female, HP IV: 54(0%), ATK IV: 13(0%), DEF IV: 67(0%), Work Speed: (0%), Skills: Work Slave, Dragonkiller, Artisan
Sparkit, Level: 5, Rank: 1, Gender: Male, HP IV: 31(0%), ATK IV: 66(0%), DEF IV: 4(0%), Work Speed: (0%)
Sparkit, Level: 6, Rank: 1, Gender: Male, HP IV: 72(0%), ATK IV: 21(0%), DEF IV: 48(0%), Work Speed: (0%), Skills: Workaholic
funchow's 8 Pals
----------------
Chikipi, Level: 6, Rank: 1, Gender: Female, HP IV: 58(0%), ATK IV: 69(0%), DEF IV: 98(0%), Work Speed: (0%), Skills: Workaholic
Croajiro, Level: 6, Rank: 1, Gender: Female, HP IV: 11(0%), ATK IV: 44(0%), DEF IV: 55(0%), Work Speed: (0%), Skills: Runner, Dainty Eater
Daedream, Level: 3, Rank: 1, Gender: Female, HP IV: 79(0%), ATK IV: 96(0%), DEF IV: 44(0%), Work Speed: (0%), Skills: Fragrant Foliage
Daedream, Level: 4, Rank: 1, Gender: Male, HP IV: 37(0%), ATK IV: 72(0%), DEF IV: 78(0%), Work Speed: (0%), Skills: Logging Foreman
Foxparks, Level: 6, Rank: 1, Gender: Male, HP IV: 60(0%), ATK IV: 95(0%), DEF IV: 86(0%), Work Speed: (0%), Skills: Swift
Melpaca, Level: 10, Rank: 1, Gender: Female, HP IV: 54(0%), ATK IV: 13(0%), DEF IV: 67(0%), Work Speed: (0%), Skills: Work Slave, Dragonkiller, Artisan
Sparkit, Level: 5, Rank: 1, Gender: Male, HP IV: 31(0%), ATK IV: 66(0%), DEF IV: 4(0%), Work Speed: (0%)
Sparkit, Level: 6, Rank: 1, Gender: Male, HP IV: 72(0%), ATK IV: 21(0%), DEF IV: 48(0%), Work Speed: (0%), Skills: Workaholic
funchow's 8 Pals
----------------
Chikipi, Level: 6, Rank: 1, Gender: Female, HP IV: 58(0%), ATK IV: 69(0%), DEF IV: 98(0%), Work Speed: (0%), Skills: Workaholic
Croajiro, Level: 6, Rank: 1, Gender: Female, HP IV: 11(0%), ATK IV: 44(0%), DEF IV: 55(0%), Work Speed: (0%), Skills: Runner, Dainty Eater
Daedream, Level: 3, Rank: 1, Gender: Female, HP IV: 79(0%), ATK IV: 96(0%), DEF IV: 44(0%), Work Speed: (0%), Skills: Fragrant Foliage
Daedream, Level: 4, Rank: 1, Gender: Male, HP IV: 37(0%), ATK IV: 72(0%), DEF IV: 78(0%), Work Speed: (0%), Skills: Logging Foreman
Foxparks, Level: 6, Rank: 1, Gender: Male, HP IV: 60(0%), ATK IV: 95(0%), DEF IV: 86(0%), Work Speed: (0%), Skills: Swift
Melpaca, Level: 10, Rank: 1, Gender: Female, HP IV: 54(0%), ATK IV: 13(0%), DEF IV: 67(0%), Work Speed: (0%), Skills: Work Slave, Dragonkiller, Artisan
Sparkit, Level: 5, Rank: 1, Gender: Male, HP IV: 31(0%), ATK IV: 66(0%), DEF IV: 4(0%), Work Speed: (0%)
Sparkit, Level: 6, Rank: 1, Gender: Male, HP IV: 72(0%), ATK IV: 21(0%), DEF IV: 48(0%), Work Speed: (0%), Skills: Workaholic
funchow's 8 Pals
----------------
Chikipi, Level: 6, Rank: 1, Gender: Female, HP IV: 58(0%), ATK IV: 69(0%), DEF IV: 98(0%), Work Speed: (0%), Skills: Workaholic
Croajiro, Level: 6, Rank: 1, Gender: Female, HP IV: 11(0%), ATK IV: 44(0%), DEF IV: 55(0%), Work Speed: (0%), Skills: Runner, Dainty Eater
Daedream, Level: 3, Rank: 1, Gender: Female, HP IV: 79(0%), ATK IV: 96(0%), DEF IV: 44(0%), Work Speed: (0%), Skills: Fragrant Foliage
Daedream, Level: 4, Rank: 1, Gender: Male, HP IV: 37(0%), ATK IV: 72(0%), DEF IV: 78(0%), Work Speed: (0%), Skills: Logging Foreman
Foxparks, Level: 6, Rank: 1, Gender: Male, HP IV: 60(0%), ATK IV: 95(0%), DEF IV: 86(0%), Work Speed: (0%), Skills: Swift
Melpaca, Level: 10, Rank: 1, Gender: Female, HP IV: 54(0%), ATK IV: 13(0%), DEF IV: 67(0%), Work Speed: (0%), Skills: Work Slave, Dragonkiller, Artisan
Sparkit, Level: 5, Rank: 1, Gender: Male, HP IV: 31(0%), ATK IV: 66(0%), DEF IV: 4(0%), Work Speed: (0%)
Sparkit, Level: 6, Rank: 1, Gender: Male, HP IV: 72(0%), ATK IV: 21(0%), DEF IV: 48(0%), Work Speed: (0%), Skills: Workaholic
