Gannd's 18 Pals
---------------
Cattiva, Level: 4, Rank: 1, Gender: Male, HP IV: 88(0%), ATK IV: 72(0%), DEF IV: 12(0%), Work Speed: (0%), Skills: Coward
Cattiva, Level: 5, Rank: 1, Gender: Male, HP IV: 52(0%), ATK IV: 59(0%), DEF IV: 0(0%), Work Speed: (0%), Skills: Coward, Coldblooded, Pyromaniac
Cattiva, Level: 9, Rank: 1, Gender: Female, HP IV: 3(0%), ATK IV: 26(0%), DEF IV: 40(0%), Work Speed: (0%), Skills: Coward, Shabby
Chikipi, Level: 5, Rank: 1, Gender: Female, HP IV: 33(0%), ATK IV: 35(0%), DEF IV: 54(0%), Work Speed: (0%), Skills: Abnormal
Chikipi, Level: 6, Rank: 1, Gender: Male, HP IV: 31(0%), ATK IV: 29(0%), DEF IV: 53(0%), Work Speed: (0%), Skills: Infinite Stamina
Chikipi, Level: 7, Rank: 1, Gender: Male, HP IV: 65(0%), ATK IV: 32(0%), DEF IV: 89(0%), Work Speed: (0%), Skills: Glutton, Suntan Lover, Logging Foreman, Hydromaniac
Hoocrates, Level: 5, Rank: 1, Gender: Male, HP IV: 99(0%), ATK IV: 73(0%), DEF IV: 92(0%), Work Speed: (0%), Skills: Cheery
Jolthog, Level: 6, Rank: 1, Gender: Male, HP IV: 93(0%), ATK IV: 86(0%), DEF IV: 55(0%), Work Speed: (0%), Skills: Noble
Lamball, Level: 11, Rank: 1, Gender: Male, HP IV: 83(0%), ATK IV: 57(0%), DEF IV: 87(0%), Work Speed: (0%), Skills: Zen Mind
Lamball, Level: 2, Rank: 1, Gender: Male, HP IV: 29(0%), ATK IV: 51(0%), DEF IV: 20(0%), Work Speed: (0%), Skills: Artisan
Lamball, Level: 4, Rank: 1, Gender: Female, HP IV: 58(0%), ATK IV: 60(0%), DEF IV: 63(0%), Work Speed: (0%), Skills: Dragonkiller
Lamball, Level: 4, Rank: 1, Gender: Female, HP IV: 64(0%), ATK IV: 97(0%), DEF IV: 16(0%), Work Speed: (0%), Skills: Fine Furs
Lifmunk, Level: 10, Rank: 1, Gender: Male, HP IV: 74(0%), ATK IV: 87(0%), DEF IV: 93(0%), Work Speed: (0%), Skills: Fit as a Fiddle
Pengullet, Level: 9, Rank: 1, Gender: Male, HP IV: 65(0%), ATK IV: 43(0%), DEF IV: 77(0%), Work Speed: (0%), Skills: Veil of Darkness
Ribbuny, Level: 8, Rank: 1, Gender: Male, HP IV: 95(0%), ATK IV: 72(0%), DEF IV: 27(0%), Work Speed: (0%), Skills: Botanical Barrier
Teafant, Level: 10, Rank: 1, Gender: Female, HP IV: 35(0%), ATK IV: 10(0%), DEF IV: 13(0%), Work Speed: (0%), Skills: Bottomless Stomach
Teafant, Level: 2, Rank: 1, Gender: Male, HP IV: 15(0%), ATK IV: 80(0%), DEF IV: 13(0%), Work Speed: (0%), Skills: Positive Thinker
Teafant, Level: 6, Rank: 1, Gender: Female, HP IV: 54(0%), ATK IV: 67(0%), DEF IV: 60(0%), Work Speed: (0%), Skills: Philantropist
Gannd's 18 Pals
---------------
Cattiva, Level: 4, Rank: 1, Gender: Male, HP IV: 88(0%), ATK IV: 72(0%), DEF IV: 12(0%), Work Speed: (0%), Skills: Coward
Cattiva, Level: 5, Rank: 1, Gender: Male, HP IV: 52(0%), ATK IV: 59(0%), DEF IV: 0(0%), Work Speed: (0%), Skills: Coward, Coldblooded, Pyromaniac
Cattiva, Level: 9, Rank: 1, Gender: Female, HP IV: 3(0%), ATK IV: 26(0%), DEF IV: 40(0%), Work Speed: (0%), Skills: Coward, Shabby
Chikipi, Level: 5, Rank: 1, Gender: Female, HP IV: 33(0%), ATK IV: 35(0%), DEF IV: 54(0%), Work Speed: (0%), Skills: Abnormal
Chikipi, Level: 6, Rank: 1, Gender: Male, HP IV: 31(0%), ATK IV: 29(0%), DEF IV: 53(0%), Work Speed: (0%), Skills: Infinite Stamina
Chikipi, Level: 7, Rank: 1, Gender: Male, HP IV: 65(0%), ATK IV: 32(0%), DEF IV: 89(0%), Work Speed: (0%), Skills: Glutton, Suntan Lover, Logging Foreman, Hydromaniac
Hoocrates, Level: 5, Rank: 1, Gender: Male, HP IV: 99(0%), ATK IV: 73(0%), DEF IV: 92(0%), Work Speed: (0%), Skills: Cheery
Jolthog, Level: 6, Rank: 1, Gender: Male, HP IV: 93(0%), ATK IV: 86(0%), DEF IV: 55(0%), Work Speed: (0%), Skills: Noble
Lamball, Level: 11, Rank: 1, Gender: Male, HP IV: 83(0%), ATK IV: 57(0%), DEF IV: 87(0%), Work Speed: (0%), Skills: Zen Mind
Lamball, Level: 2, Rank: 1, Gender: Male, HP IV: 29(0%), ATK IV: 51(0%), DEF IV: 20(0%), Work Speed: (0%), Skills: Artisan
Lamball, Level: 4, Rank: 1, Gender: Female, HP IV: 58(0%), ATK IV: 60(0%), DEF IV: 63(0%), Work Speed: (0%), Skills: Dragonkiller
Lamball, Level: 4, Rank: 1, Gender: Female, HP IV: 64(0%), ATK IV: 97(0%), DEF IV: 16(0%), Work Speed: (0%), Skills: Fine Furs
Lifmunk, Level: 10, Rank: 1, Gender: Male, HP IV: 74(0%), ATK IV: 87(0%), DEF IV: 93(0%), Work Speed: (0%), Skills: Fit as a Fiddle
Pengullet, Level: 9, Rank: 1, Gender: Male, HP IV: 65(0%), ATK IV: 43(0%), DEF IV: 77(0%), Work Speed: (0%), Skills: Veil of Darkness
Ribbuny, Level: 8, Rank: 1, Gender: Male, HP IV: 95(0%), ATK IV: 72(0%), DEF IV: 27(0%), Work Speed: (0%), Skills: Botanical Barrier
Teafant, Level: 10, Rank: 1, Gender: Female, HP IV: 35(0%), ATK IV: 10(0%), DEF IV: 13(0%), Work Speed: (0%), Skills: Bottomless Stomach
Teafant, Level: 2, Rank: 1, Gender: Male, HP IV: 15(0%), ATK IV: 80(0%), DEF IV: 13(0%), Work Speed: (0%), Skills: Positive Thinker
Teafant, Level: 6, Rank: 1, Gender: Female, HP IV: 54(0%), ATK IV: 67(0%), DEF IV: 60(0%), Work Speed: (0%), Skills: Philantropist
Gannd's 18 Pals
---------------
Cattiva, Level: 4, Rank: 1, Gender: Male, HP IV: 88(0%), ATK IV: 72(0%), DEF IV: 12(0%), Work Speed: (0%), Skills: Coward
Cattiva, Level: 5, Rank: 1, Gender: Male, HP IV: 52(0%), ATK IV: 59(0%), DEF IV: 0(0%), Work Speed: (0%), Skills: Coward, Coldblooded, Pyromaniac
Cattiva, Level: 9, Rank: 1, Gender: Female, HP IV: 3(0%), ATK IV: 26(0%), DEF IV: 40(0%), Work Speed: (0%), Skills: Coward, Shabby
Chikipi, Level: 5, Rank: 1, Gender: Female, HP IV: 33(0%), ATK IV: 35(0%), DEF IV: 54(0%), Work Speed: (0%), Skills: Abnormal
Chikipi, Level: 6, Rank: 1, Gender: Male, HP IV: 31(0%), ATK IV: 29(0%), DEF IV: 53(0%), Work Speed: (0%), Skills: Infinite Stamina
Chikipi, Level: 7, Rank: 1, Gender: Male, HP IV: 65(0%), ATK IV: 32(0%), DEF IV: 89(0%), Work Speed: (0%), Skills: Glutton, Suntan Lover, Logging Foreman, Hydromaniac
Hoocrates, Level: 5, Rank: 1, Gender: Male, HP IV: 99(0%), ATK IV: 73(0%), DEF IV: 92(0%), Work Speed: (0%), Skills: Cheery
Jolthog, Level: 6, Rank: 1, Gender: Male, HP IV: 93(0%), ATK IV: 86(0%), DEF IV: 55(0%), Work Speed: (0%), Skills: Noble
Lamball, Level: 11, Rank: 1, Gender: Male, HP IV: 83(0%), ATK IV: 57(0%), DEF IV: 87(0%), Work Speed: (0%), Skills: Zen Mind
Lamball, Level: 2, Rank: 1, Gender: Male, HP IV: 29(0%), ATK IV: 51(0%), DEF IV: 20(0%), Work Speed: (0%), Skills: Artisan
Lamball, Level: 4, Rank: 1, Gender: Female, HP IV: 58(0%), ATK IV: 60(0%), DEF IV: 63(0%), Work Speed: (0%), Skills: Dragonkiller
Lamball, Level: 4, Rank: 1, Gender: Female, HP IV: 64(0%), ATK IV: 97(0%), DEF IV: 16(0%), Work Speed: (0%), Skills: Fine Furs
Lifmunk, Level: 10, Rank: 1, Gender: Male, HP IV: 74(0%), ATK IV: 87(0%), DEF IV: 93(0%), Work Speed: (0%), Skills: Fit as a Fiddle
Pengullet, Level: 9, Rank: 1, Gender: Male, HP IV: 65(0%), ATK IV: 43(0%), DEF IV: 77(0%), Work Speed: (0%), Skills: Veil of Darkness
Ribbuny, Level: 8, Rank: 1, Gender: Male, HP IV: 95(0%), ATK IV: 72(0%), DEF IV: 27(0%), Work Speed: (0%), Skills: Botanical Barrier
Teafant, Level: 10, Rank: 1, Gender: Female, HP IV: 35(0%), ATK IV: 10(0%), DEF IV: 13(0%), Work Speed: (0%), Skills: Bottomless Stomach
Teafant, Level: 2, Rank: 1, Gender: Male, HP IV: 15(0%), ATK IV: 80(0%), DEF IV: 13(0%), Work Speed: (0%), Skills: Positive Thinker
Teafant, Level: 6, Rank: 1, Gender: Female, HP IV: 54(0%), ATK IV: 67(0%), DEF IV: 60(0%), Work Speed: (0%), Skills: Philantropist
Gannd's 18 Pals
---------------
Cattiva, Level: 4, Rank: 1, Gender: Male, HP IV: 88(0%), ATK IV: 72(0%), DEF IV: 12(0%), Work Speed: (0%), Skills: Coward
Cattiva, Level: 5, Rank: 1, Gender: Male, HP IV: 52(0%), ATK IV: 59(0%), DEF IV: 0(0%), Work Speed: (0%), Skills: Coward, Coldblooded, Pyromaniac
Cattiva, Level: 9, Rank: 1, Gender: Female, HP IV: 3(0%), ATK IV: 26(0%), DEF IV: 40(0%), Work Speed: (0%), Skills: Coward, Shabby
Chikipi, Level: 5, Rank: 1, Gender: Female, HP IV: 33(0%), ATK IV: 35(0%), DEF IV: 54(0%), Work Speed: (0%), Skills: Abnormal
Chikipi, Level: 6, Rank: 1, Gender: Male, HP IV: 31(0%), ATK IV: 29(0%), DEF IV: 53(0%), Work Speed: (0%), Skills: Infinite Stamina
Chikipi, Level: 7, Rank: 1, Gender: Male, HP IV: 65(0%), ATK IV: 32(0%), DEF IV: 89(0%), Work Speed: (0%), Skills: Glutton, Suntan Lover, Logging Foreman, Hydromaniac
Hoocrates, Level: 5, Rank: 1, Gender: Male, HP IV: 99(0%), ATK IV: 73(0%), DEF IV: 92(0%), Work Speed: (0%), Skills: Cheery
Jolthog, Level: 6, Rank: 1, Gender: Male, HP IV: 93(0%), ATK IV: 86(0%), DEF IV: 55(0%), Work Speed: (0%), Skills: Noble
Lamball, Level: 11, Rank: 1, Gender: Male, HP IV: 83(0%), ATK IV: 57(0%), DEF IV: 87(0%), Work Speed: (0%), Skills: Zen Mind
Lamball, Level: 2, Rank: 1, Gender: Male, HP IV: 29(0%), ATK IV: 51(0%), DEF IV: 20(0%), Work Speed: (0%), Skills: Artisan
Lamball, Level: 4, Rank: 1, Gender: Female, HP IV: 58(0%), ATK IV: 60(0%), DEF IV: 63(0%), Work Speed: (0%), Skills: Dragonkiller
Lamball, Level: 4, Rank: 1, Gender: Female, HP IV: 64(0%), ATK IV: 97(0%), DEF IV: 16(0%), Work Speed: (0%), Skills: Fine Furs
Lifmunk, Level: 10, Rank: 1, Gender: Male, HP IV: 74(0%), ATK IV: 87(0%), DEF IV: 93(0%), Work Speed: (0%), Skills: Fit as a Fiddle
Pengullet, Level: 9, Rank: 1, Gender: Male, HP IV: 65(0%), ATK IV: 43(0%), DEF IV: 77(0%), Work Speed: (0%), Skills: Veil of Darkness
Ribbuny, Level: 8, Rank: 1, Gender: Male, HP IV: 95(0%), ATK IV: 72(0%), DEF IV: 27(0%), Work Speed: (0%), Skills: Botanical Barrier
Teafant, Level: 10, Rank: 1, Gender: Female, HP IV: 35(0%), ATK IV: 10(0%), DEF IV: 13(0%), Work Speed: (0%), Skills: Bottomless Stomach
Teafant, Level: 2, Rank: 1, Gender: Male, HP IV: 15(0%), ATK IV: 80(0%), DEF IV: 13(0%), Work Speed: (0%), Skills: Positive Thinker
Teafant, Level: 6, Rank: 1, Gender: Female, HP IV: 54(0%), ATK IV: 67(0%), DEF IV: 60(0%), Work Speed: (0%), Skills: Philantropist
Gannd's 18 Pals
---------------
Cattiva, Level: 10, Rank: 1, Gender: Female, HP IV: 3(0%), ATK IV: 26(0%), DEF IV: 40(0%), Work Speed: (0%), Skills: Coward, Shabby
Cattiva, Level: 4, Rank: 1, Gender: Male, HP IV: 88(0%), ATK IV: 72(0%), DEF IV: 12(0%), Work Speed: (0%), Skills: Coward
Cattiva, Level: 5, Rank: 1, Gender: Male, HP IV: 52(0%), ATK IV: 59(0%), DEF IV: 0(0%), Work Speed: (0%), Skills: Coward, Coldblooded, Pyromaniac
Chikipi, Level: 5, Rank: 1, Gender: Female, HP IV: 33(0%), ATK IV: 35(0%), DEF IV: 54(0%), Work Speed: (0%), Skills: Abnormal
Chikipi, Level: 6, Rank: 1, Gender: Male, HP IV: 31(0%), ATK IV: 29(0%), DEF IV: 53(0%), Work Speed: (0%), Skills: Infinite Stamina
Chikipi, Level: 7, Rank: 1, Gender: Male, HP IV: 65(0%), ATK IV: 32(0%), DEF IV: 89(0%), Work Speed: (0%), Skills: Glutton, Suntan Lover, Logging Foreman, Hydromaniac
Hoocrates, Level: 5, Rank: 1, Gender: Male, HP IV: 99(0%), ATK IV: 73(0%), DEF IV: 92(0%), Work Speed: (0%), Skills: Cheery
Jolthog, Level: 6, Rank: 1, Gender: Male, HP IV: 93(0%), ATK IV: 86(0%), DEF IV: 55(0%), Work Speed: (0%), Skills: Noble
Lamball, Level: 11, Rank: 1, Gender: Male, HP IV: 83(0%), ATK IV: 57(0%), DEF IV: 87(0%), Work Speed: (0%), Skills: Zen Mind
Lamball, Level: 2, Rank: 1, Gender: Male, HP IV: 29(0%), ATK IV: 51(0%), DEF IV: 20(0%), Work Speed: (0%), Skills: Artisan
Lamball, Level: 4, Rank: 1, Gender: Female, HP IV: 58(0%), ATK IV: 60(0%), DEF IV: 63(0%), Work Speed: (0%), Skills: Dragonkiller
Lamball, Level: 4, Rank: 1, Gender: Female, HP IV: 64(0%), ATK IV: 97(0%), DEF IV: 16(0%), Work Speed: (0%), Skills: Fine Furs
Lifmunk, Level: 10, Rank: 1, Gender: Male, HP IV: 74(0%), ATK IV: 87(0%), DEF IV: 93(0%), Work Speed: (0%), Skills: Fit as a Fiddle
Pengullet, Level: 9, Rank: 1, Gender: Male, HP IV: 65(0%), ATK IV: 43(0%), DEF IV: 77(0%), Work Speed: (0%), Skills: Veil of Darkness
Ribbuny, Level: 9, Rank: 1, Gender: Male, HP IV: 95(0%), ATK IV: 72(0%), DEF IV: 27(0%), Work Speed: (0%), Skills: Botanical Barrier
Teafant, Level: 10, Rank: 1, Gender: Female, HP IV: 35(0%), ATK IV: 10(0%), DEF IV: 13(0%), Work Speed: (0%), Skills: Bottomless Stomach
Teafant, Level: 2, Rank: 1, Gender: Male, HP IV: 15(0%), ATK IV: 80(0%), DEF IV: 13(0%), Work Speed: (0%), Skills: Positive Thinker
Teafant, Level: 6, Rank: 1, Gender: Female, HP IV: 54(0%), ATK IV: 67(0%), DEF IV: 60(0%), Work Speed: (0%), Skills: Philantropist
Gannd's 20 Pals
---------------
Cattiva, Level: 10, Rank: 1, Gender: Female, HP IV: 3(0%), ATK IV: 26(0%), DEF IV: 40(0%), Work Speed: (0%), Skills: Coward, Shabby
Cattiva, Level: 4, Rank: 1, Gender: Female, HP IV: 36(0%), ATK IV: 34(0%), DEF IV: 61(0%), Work Speed: (0%), Skills: Coward, Pyromaniac
Cattiva, Level: 5, Rank: 1, Gender: Male, HP IV: 52(0%), ATK IV: 59(0%), DEF IV: 0(0%), Work Speed: (0%), Skills: Coward, Coldblooded, Pyromaniac
Chikipi, Level: 5, Rank: 1, Gender: Female, HP IV: 33(0%), ATK IV: 35(0%), DEF IV: 54(0%), Work Speed: (0%), Skills: Abnormal
Chikipi, Level: 6, Rank: 1, Gender: Male, HP IV: 31(0%), ATK IV: 29(0%), DEF IV: 53(0%), Work Speed: (0%), Skills: Infinite Stamina
Chikipi, Level: 7, Rank: 1, Gender: Male, HP IV: 65(0%), ATK IV: 32(0%), DEF IV: 89(0%), Work Speed: (0%), Skills: Glutton, Suntan Lover, Logging Foreman, Hydromaniac
Hoocrates, Level: 5, Rank: 1, Gender: Male, HP IV: 99(0%), ATK IV: 73(0%), DEF IV: 92(0%), Work Speed: (0%), Skills: Cheery
Jolthog, Level: 6, Rank: 1, Gender: Male, HP IV: 93(0%), ATK IV: 86(0%), DEF IV: 55(0%), Work Speed: (0%), Skills: Noble
Lamball, Level: 11, Rank: 1, Gender: Male, HP IV: 83(0%), ATK IV: 57(0%), DEF IV: 87(0%), Work Speed: (0%), Skills: Zen Mind
Lamball, Level: 2, Rank: 1, Gender: Male, HP IV: 29(0%), ATK IV: 51(0%), DEF IV: 20(0%), Work Speed: (0%), Skills: Artisan
Lamball, Level: 4, Rank: 1, Gender: Female, HP IV: 58(0%), ATK IV: 60(0%), DEF IV: 63(0%), Work Speed: (0%), Skills: Dragonkiller
Lamball, Level: 4, Rank: 1, Gender: Female, HP IV: 64(0%), ATK IV: 97(0%), DEF IV: 16(0%), Work Speed: (0%), Skills: Fine Furs
Lifmunk, Level: 10, Rank: 1, Gender: Male, HP IV: 74(0%), ATK IV: 87(0%), DEF IV: 93(0%), Work Speed: (0%), Skills: Fit as a Fiddle
Pengullet, Level: 9, Rank: 1, Gender: Male, HP IV: 65(0%), ATK IV: 43(0%), DEF IV: 77(0%), Work Speed: (0%), Skills: Veil of Darkness
Ribbuny, Level: 2, Rank: 1, Gender: Male, HP IV: 21(0%), ATK IV: 43(0%), DEF IV: 67(0%), Work Speed: (0%), Skills: Motivational Leader
Ribbuny, Level: 4, Rank: 1, Gender: Male, HP IV: 14(0%), ATK IV: 47(0%), DEF IV: 2(0%), Work Speed: (0%), Skills: Blood of the Dragon
Ribbuny, Level: 9, Rank: 1, Gender: Male, HP IV: 95(0%), ATK IV: 72(0%), DEF IV: 27(0%), Work Speed: (0%), Skills: Botanical Barrier
Teafant, Level: 10, Rank: 1, Gender: Female, HP IV: 35(0%), ATK IV: 10(0%), DEF IV: 13(0%), Work Speed: (0%), Skills: Bottomless Stomach
Teafant, Level: 2, Rank: 1, Gender: Male, HP IV: 15(0%), ATK IV: 80(0%), DEF IV: 13(0%), Work Speed: (0%), Skills: Positive Thinker
Teafant, Level: 6, Rank: 1, Gender: Female, HP IV: 54(0%), ATK IV: 67(0%), DEF IV: 60(0%), Work Speed: (0%), Skills: Philantropist
Gannd's 20 Pals
---------------
Cattiva, Level: 10, Rank: 1, Gender: Female, HP IV: 3(0%), ATK IV: 26(0%), DEF IV: 40(0%), Work Speed: (0%), Skills: Coward, Shabby
Cattiva, Level: 4, Rank: 1, Gender: Female, HP IV: 36(0%), ATK IV: 34(0%), DEF IV: 61(0%), Work Speed: (0%), Skills: Coward, Pyromaniac
Cattiva, Level: 5, Rank: 1, Gender: Male, HP IV: 52(0%), ATK IV: 59(0%), DEF IV: 0(0%), Work Speed: (0%), Skills: Coward, Coldblooded, Pyromaniac
Chikipi, Level: 5, Rank: 1, Gender: Female, HP IV: 33(0%), ATK IV: 35(0%), DEF IV: 54(0%), Work Speed: (0%), Skills: Abnormal
Chikipi, Level: 6, Rank: 1, Gender: Male, HP IV: 31(0%), ATK IV: 29(0%), DEF IV: 53(0%), Work Speed: (0%), Skills: Infinite Stamina
Chikipi, Level: 7, Rank: 1, Gender: Male, HP IV: 65(0%), ATK IV: 32(0%), DEF IV: 89(0%), Work Speed: (0%), Skills: Glutton, Suntan Lover, Logging Foreman, Hydromaniac
Hoocrates, Level: 5, Rank: 1, Gender: Male, HP IV: 99(0%), ATK IV: 73(0%), DEF IV: 92(0%), Work Speed: (0%), Skills: Cheery
Jolthog, Level: 6, Rank: 1, Gender: Male, HP IV: 93(0%), ATK IV: 86(0%), DEF IV: 55(0%), Work Speed: (0%), Skills: Noble
Lamball, Level: 11, Rank: 1, Gender: Male, HP IV: 83(0%), ATK IV: 57(0%), DEF IV: 87(0%), Work Speed: (0%), Skills: Zen Mind
Lamball, Level: 2, Rank: 1, Gender: Male, HP IV: 29(0%), ATK IV: 51(0%), DEF IV: 20(0%), Work Speed: (0%), Skills: Artisan
Lamball, Level: 4, Rank: 1, Gender: Female, HP IV: 58(0%), ATK IV: 60(0%), DEF IV: 63(0%), Work Speed: (0%), Skills: Dragonkiller
Lamball, Level: 4, Rank: 1, Gender: Female, HP IV: 64(0%), ATK IV: 97(0%), DEF IV: 16(0%), Work Speed: (0%), Skills: Fine Furs
Lifmunk, Level: 10, Rank: 1, Gender: Male, HP IV: 74(0%), ATK IV: 87(0%), DEF IV: 93(0%), Work Speed: (0%), Skills: Fit as a Fiddle
Pengullet, Level: 9, Rank: 1, Gender: Male, HP IV: 65(0%), ATK IV: 43(0%), DEF IV: 77(0%), Work Speed: (0%), Skills: Veil of Darkness
Ribbuny, Level: 2, Rank: 1, Gender: Male, HP IV: 21(0%), ATK IV: 43(0%), DEF IV: 67(0%), Work Speed: (0%), Skills: Motivational Leader
Ribbuny, Level: 4, Rank: 1, Gender: Male, HP IV: 14(0%), ATK IV: 47(0%), DEF IV: 2(0%), Work Speed: (0%), Skills: Blood of the Dragon
Ribbuny, Level: 9, Rank: 1, Gender: Male, HP IV: 95(0%), ATK IV: 72(0%), DEF IV: 27(0%), Work Speed: (0%), Skills: Botanical Barrier
Teafant, Level: 10, Rank: 1, Gender: Female, HP IV: 35(0%), ATK IV: 10(0%), DEF IV: 13(0%), Work Speed: (0%), Skills: Bottomless Stomach
Teafant, Level: 2, Rank: 1, Gender: Male, HP IV: 15(0%), ATK IV: 80(0%), DEF IV: 13(0%), Work Speed: (0%), Skills: Positive Thinker
Teafant, Level: 6, Rank: 1, Gender: Female, HP IV: 54(0%), ATK IV: 67(0%), DEF IV: 60(0%), Work Speed: (0%), Skills: Philantropist
Gannd's 20 Pals
---------------
Cattiva, Level: 10, Rank: 1, Gender: Female, HP IV: 3(0%), ATK IV: 26(0%), DEF IV: 40(0%), Work Speed: (0%), Skills: Coward, Shabby
Cattiva, Level: 4, Rank: 1, Gender: Female, HP IV: 36(0%), ATK IV: 34(0%), DEF IV: 61(0%), Work Speed: (0%), Skills: Coward, Pyromaniac
Cattiva, Level: 5, Rank: 1, Gender: Male, HP IV: 52(0%), ATK IV: 59(0%), DEF IV: 0(0%), Work Speed: (0%), Skills: Coward, Coldblooded, Pyromaniac
Chikipi, Level: 5, Rank: 1, Gender: Female, HP IV: 33(0%), ATK IV: 35(0%), DEF IV: 54(0%), Work Speed: (0%), Skills: Abnormal
Chikipi, Level: 6, Rank: 1, Gender: Male, HP IV: 31(0%), ATK IV: 29(0%), DEF IV: 53(0%), Work Speed: (0%), Skills: Infinite Stamina
Chikipi, Level: 7, Rank: 1, Gender: Male, HP IV: 65(0%), ATK IV: 32(0%), DEF IV: 89(0%), Work Speed: (0%), Skills: Glutton, Suntan Lover, Logging Foreman, Hydromaniac
Hoocrates, Level: 5, Rank: 1, Gender: Male, HP IV: 99(0%), ATK IV: 73(0%), DEF IV: 92(0%), Work Speed: (0%), Skills: Cheery
Jolthog, Level: 6, Rank: 1, Gender: Male, HP IV: 93(0%), ATK IV: 86(0%), DEF IV: 55(0%), Work Speed: (0%), Skills: Noble
Lamball, Level: 11, Rank: 1, Gender: Male, HP IV: 83(0%), ATK IV: 57(0%), DEF IV: 87(0%), Work Speed: (0%), Skills: Zen Mind
Lamball, Level: 2, Rank: 1, Gender: Male, HP IV: 29(0%), ATK IV: 51(0%), DEF IV: 20(0%), Work Speed: (0%), Skills: Artisan
Lamball, Level: 4, Rank: 1, Gender: Female, HP IV: 58(0%), ATK IV: 60(0%), DEF IV: 63(0%), Work Speed: (0%), Skills: Dragonkiller
Lamball, Level: 4, Rank: 1, Gender: Female, HP IV: 64(0%), ATK IV: 97(0%), DEF IV: 16(0%), Work Speed: (0%), Skills: Fine Furs
Lifmunk, Level: 10, Rank: 1, Gender: Male, HP IV: 74(0%), ATK IV: 87(0%), DEF IV: 93(0%), Work Speed: (0%), Skills: Fit as a Fiddle
Pengullet, Level: 9, Rank: 1, Gender: Male, HP IV: 65(0%), ATK IV: 43(0%), DEF IV: 77(0%), Work Speed: (0%), Skills: Veil of Darkness
Ribbuny, Level: 2, Rank: 1, Gender: Male, HP IV: 21(0%), ATK IV: 43(0%), DEF IV: 67(0%), Work Speed: (0%), Skills: Motivational Leader
Ribbuny, Level: 4, Rank: 1, Gender: Male, HP IV: 14(0%), ATK IV: 47(0%), DEF IV: 2(0%), Work Speed: (0%), Skills: Blood of the Dragon
Ribbuny, Level: 9, Rank: 1, Gender: Male, HP IV: 95(0%), ATK IV: 72(0%), DEF IV: 27(0%), Work Speed: (0%), Skills: Botanical Barrier
Teafant, Level: 10, Rank: 1, Gender: Female, HP IV: 35(0%), ATK IV: 10(0%), DEF IV: 13(0%), Work Speed: (0%), Skills: Bottomless Stomach
Teafant, Level: 2, Rank: 1, Gender: Male, HP IV: 15(0%), ATK IV: 80(0%), DEF IV: 13(0%), Work Speed: (0%), Skills: Positive Thinker
Teafant, Level: 6, Rank: 1, Gender: Female, HP IV: 54(0%), ATK IV: 67(0%), DEF IV: 60(0%), Work Speed: (0%), Skills: Philantropist
Gannd's 20 Pals
---------------
Cattiva, Level: 10, Rank: 1, Gender: Female, HP IV: 3(0%), ATK IV: 26(0%), DEF IV: 40(0%), Work Speed: (0%), Skills: Coward, Shabby
Cattiva, Level: 4, Rank: 1, Gender: Female, HP IV: 36(0%), ATK IV: 34(0%), DEF IV: 61(0%), Work Speed: (0%), Skills: Coward, Pyromaniac
Cattiva, Level: 5, Rank: 1, Gender: Male, HP IV: 52(0%), ATK IV: 59(0%), DEF IV: 0(0%), Work Speed: (0%), Skills: Coward, Coldblooded, Pyromaniac
Chikipi, Level: 5, Rank: 1, Gender: Female, HP IV: 33(0%), ATK IV: 35(0%), DEF IV: 54(0%), Work Speed: (0%), Skills: Abnormal
Chikipi, Level: 6, Rank: 1, Gender: Male, HP IV: 31(0%), ATK IV: 29(0%), DEF IV: 53(0%), Work Speed: (0%), Skills: Infinite Stamina
Chikipi, Level: 7, Rank: 1, Gender: Male, HP IV: 65(0%), ATK IV: 32(0%), DEF IV: 89(0%), Work Speed: (0%), Skills: Glutton, Suntan Lover, Logging Foreman, Hydromaniac
Hoocrates, Level: 5, Rank: 1, Gender: Male, HP IV: 99(0%), ATK IV: 73(0%), DEF IV: 92(0%), Work Speed: (0%), Skills: Cheery
Jolthog, Level: 6, Rank: 1, Gender: Male, HP IV: 93(0%), ATK IV: 86(0%), DEF IV: 55(0%), Work Speed: (0%), Skills: Noble
Lamball, Level: 11, Rank: 1, Gender: Male, HP IV: 83(0%), ATK IV: 57(0%), DEF IV: 87(0%), Work Speed: (0%), Skills: Zen Mind
Lamball, Level: 2, Rank: 1, Gender: Male, HP IV: 29(0%), ATK IV: 51(0%), DEF IV: 20(0%), Work Speed: (0%), Skills: Artisan
Lamball, Level: 4, Rank: 1, Gender: Female, HP IV: 58(0%), ATK IV: 60(0%), DEF IV: 63(0%), Work Speed: (0%), Skills: Dragonkiller
Lamball, Level: 4, Rank: 1, Gender: Female, HP IV: 64(0%), ATK IV: 97(0%), DEF IV: 16(0%), Work Speed: (0%), Skills: Fine Furs
Lifmunk, Level: 10, Rank: 1, Gender: Male, HP IV: 74(0%), ATK IV: 87(0%), DEF IV: 93(0%), Work Speed: (0%), Skills: Fit as a Fiddle
Pengullet, Level: 9, Rank: 1, Gender: Male, HP IV: 65(0%), ATK IV: 43(0%), DEF IV: 77(0%), Work Speed: (0%), Skills: Veil of Darkness
Ribbuny, Level: 2, Rank: 1, Gender: Male, HP IV: 21(0%), ATK IV: 43(0%), DEF IV: 67(0%), Work Speed: (0%), Skills: Motivational Leader
Ribbuny, Level: 4, Rank: 1, Gender: Male, HP IV: 14(0%), ATK IV: 47(0%), DEF IV: 2(0%), Work Speed: (0%), Skills: Blood of the Dragon
Ribbuny, Level: 9, Rank: 1, Gender: Male, HP IV: 95(0%), ATK IV: 72(0%), DEF IV: 27(0%), Work Speed: (0%), Skills: Botanical Barrier
Teafant, Level: 10, Rank: 1, Gender: Female, HP IV: 35(0%), ATK IV: 10(0%), DEF IV: 13(0%), Work Speed: (0%), Skills: Bottomless Stomach
Teafant, Level: 2, Rank: 1, Gender: Male, HP IV: 15(0%), ATK IV: 80(0%), DEF IV: 13(0%), Work Speed: (0%), Skills: Positive Thinker
Teafant, Level: 6, Rank: 1, Gender: Female, HP IV: 54(0%), ATK IV: 67(0%), DEF IV: 60(0%), Work Speed: (0%), Skills: Philantropist
Gannd's 20 Pals
---------------
Cattiva, Level: 10, Rank: 1, Gender: Female, HP IV: 3(0%), ATK IV: 26(0%), DEF IV: 40(0%), Work Speed: (0%), Skills: Coward, Shabby
Cattiva, Level: 4, Rank: 1, Gender: Female, HP IV: 36(0%), ATK IV: 34(0%), DEF IV: 61(0%), Work Speed: (0%), Skills: Coward, Pyromaniac
Cattiva, Level: 5, Rank: 1, Gender: Male, HP IV: 52(0%), ATK IV: 59(0%), DEF IV: 0(0%), Work Speed: (0%), Skills: Coward, Coldblooded, Pyromaniac
Chikipi, Level: 5, Rank: 1, Gender: Female, HP IV: 33(0%), ATK IV: 35(0%), DEF IV: 54(0%), Work Speed: (0%), Skills: Abnormal
Chikipi, Level: 6, Rank: 1, Gender: Male, HP IV: 31(0%), ATK IV: 29(0%), DEF IV: 53(0%), Work Speed: (0%), Skills: Infinite Stamina
Chikipi, Level: 7, Rank: 1, Gender: Male, HP IV: 65(0%), ATK IV: 32(0%), DEF IV: 89(0%), Work Speed: (0%), Skills: Glutton, Suntan Lover, Logging Foreman, Hydromaniac
Hoocrates, Level: 5, Rank: 1, Gender: Male, HP IV: 99(0%), ATK IV: 73(0%), DEF IV: 92(0%), Work Speed: (0%), Skills: Cheery
Jolthog, Level: 6, Rank: 1, Gender: Male, HP IV: 93(0%), ATK IV: 86(0%), DEF IV: 55(0%), Work Speed: (0%), Skills: Noble
Lamball, Level: 11, Rank: 1, Gender: Male, HP IV: 83(0%), ATK IV: 57(0%), DEF IV: 87(0%), Work Speed: (0%), Skills: Zen Mind
Lamball, Level: 2, Rank: 1, Gender: Male, HP IV: 29(0%), ATK IV: 51(0%), DEF IV: 20(0%), Work Speed: (0%), Skills: Artisan
Lamball, Level: 4, Rank: 1, Gender: Female, HP IV: 58(0%), ATK IV: 60(0%), DEF IV: 63(0%), Work Speed: (0%), Skills: Dragonkiller
Lamball, Level: 4, Rank: 1, Gender: Female, HP IV: 64(0%), ATK IV: 97(0%), DEF IV: 16(0%), Work Speed: (0%), Skills: Fine Furs
Lifmunk, Level: 10, Rank: 1, Gender: Male, HP IV: 74(0%), ATK IV: 87(0%), DEF IV: 93(0%), Work Speed: (0%), Skills: Fit as a Fiddle
Pengullet, Level: 9, Rank: 1, Gender: Male, HP IV: 65(0%), ATK IV: 43(0%), DEF IV: 77(0%), Work Speed: (0%), Skills: Veil of Darkness
Ribbuny, Level: 2, Rank: 1, Gender: Male, HP IV: 21(0%), ATK IV: 43(0%), DEF IV: 67(0%), Work Speed: (0%), Skills: Motivational Leader
Ribbuny, Level: 4, Rank: 1, Gender: Male, HP IV: 14(0%), ATK IV: 47(0%), DEF IV: 2(0%), Work Speed: (0%), Skills: Blood of the Dragon
Ribbuny, Level: 9, Rank: 1, Gender: Male, HP IV: 95(0%), ATK IV: 72(0%), DEF IV: 27(0%), Work Speed: (0%), Skills: Botanical Barrier
Teafant, Level: 10, Rank: 1, Gender: Female, HP IV: 35(0%), ATK IV: 10(0%), DEF IV: 13(0%), Work Speed: (0%), Skills: Bottomless Stomach
Teafant, Level: 2, Rank: 1, Gender: Male, HP IV: 15(0%), ATK IV: 80(0%), DEF IV: 13(0%), Work Speed: (0%), Skills: Positive Thinker
Teafant, Level: 6, Rank: 1, Gender: Female, HP IV: 54(0%), ATK IV: 67(0%), DEF IV: 60(0%), Work Speed: (0%), Skills: Philantropist
Gannd's 20 Pals
---------------
Cattiva, Level: 10, Rank: 1, Gender: Female, HP IV: 3(0%), ATK IV: 26(0%), DEF IV: 40(0%), Work Speed: (0%), Skills: Coward, Shabby
Cattiva, Level: 4, Rank: 1, Gender: Female, HP IV: 36(0%), ATK IV: 34(0%), DEF IV: 61(0%), Work Speed: (0%), Skills: Coward, Pyromaniac
Cattiva, Level: 5, Rank: 1, Gender: Male, HP IV: 52(0%), ATK IV: 59(0%), DEF IV: 0(0%), Work Speed: (0%), Skills: Coward, Coldblooded, Pyromaniac
Chikipi, Level: 5, Rank: 1, Gender: Female, HP IV: 33(0%), ATK IV: 35(0%), DEF IV: 54(0%), Work Speed: (0%), Skills: Abnormal
Chikipi, Level: 6, Rank: 1, Gender: Male, HP IV: 31(0%), ATK IV: 29(0%), DEF IV: 53(0%), Work Speed: (0%), Skills: Infinite Stamina
Chikipi, Level: 7, Rank: 1, Gender: Male, HP IV: 65(0%), ATK IV: 32(0%), DEF IV: 89(0%), Work Speed: (0%), Skills: Glutton, Suntan Lover, Logging Foreman, Hydromaniac
Hoocrates, Level: 5, Rank: 1, Gender: Male, HP IV: 99(0%), ATK IV: 73(0%), DEF IV: 92(0%), Work Speed: (0%), Skills: Cheery
Jolthog, Level: 6, Rank: 1, Gender: Male, HP IV: 93(0%), ATK IV: 86(0%), DEF IV: 55(0%), Work Speed: (0%), Skills: Noble
Lamball, Level: 11, Rank: 1, Gender: Male, HP IV: 83(0%), ATK IV: 57(0%), DEF IV: 87(0%), Work Speed: (0%), Skills: Zen Mind
Lamball, Level: 2, Rank: 1, Gender: Male, HP IV: 29(0%), ATK IV: 51(0%), DEF IV: 20(0%), Work Speed: (0%), Skills: Artisan
Lamball, Level: 4, Rank: 1, Gender: Female, HP IV: 58(0%), ATK IV: 60(0%), DEF IV: 63(0%), Work Speed: (0%), Skills: Dragonkiller
Lamball, Level: 4, Rank: 1, Gender: Female, HP IV: 64(0%), ATK IV: 97(0%), DEF IV: 16(0%), Work Speed: (0%), Skills: Fine Furs
Lifmunk, Level: 10, Rank: 1, Gender: Male, HP IV: 74(0%), ATK IV: 87(0%), DEF IV: 93(0%), Work Speed: (0%), Skills: Fit as a Fiddle
Pengullet, Level: 9, Rank: 1, Gender: Male, HP IV: 65(0%), ATK IV: 43(0%), DEF IV: 77(0%), Work Speed: (0%), Skills: Veil of Darkness
Ribbuny, Level: 2, Rank: 1, Gender: Male, HP IV: 21(0%), ATK IV: 43(0%), DEF IV: 67(0%), Work Speed: (0%), Skills: Motivational Leader
Ribbuny, Level: 4, Rank: 1, Gender: Male, HP IV: 14(0%), ATK IV: 47(0%), DEF IV: 2(0%), Work Speed: (0%), Skills: Blood of the Dragon
Ribbuny, Level: 9, Rank: 1, Gender: Male, HP IV: 95(0%), ATK IV: 72(0%), DEF IV: 27(0%), Work Speed: (0%), Skills: Botanical Barrier
Teafant, Level: 10, Rank: 1, Gender: Female, HP IV: 35(0%), ATK IV: 10(0%), DEF IV: 13(0%), Work Speed: (0%), Skills: Bottomless Stomach
Teafant, Level: 2, Rank: 1, Gender: Male, HP IV: 15(0%), ATK IV: 80(0%), DEF IV: 13(0%), Work Speed: (0%), Skills: Positive Thinker
Teafant, Level: 6, Rank: 1, Gender: Female, HP IV: 54(0%), ATK IV: 67(0%), DEF IV: 60(0%), Work Speed: (0%), Skills: Philantropist
Gannd's 20 Pals
---------------
Cattiva, Level: 10, Rank: 1, Gender: Female, HP IV: 3(0%), ATK IV: 26(0%), DEF IV: 40(0%), Work Speed: (0%), Skills: Coward, Shabby
Cattiva, Level: 4, Rank: 1, Gender: Female, HP IV: 36(0%), ATK IV: 34(0%), DEF IV: 61(0%), Work Speed: (0%), Skills: Coward, Pyromaniac
Cattiva, Level: 5, Rank: 1, Gender: Male, HP IV: 52(0%), ATK IV: 59(0%), DEF IV: 0(0%), Work Speed: (0%), Skills: Coward, Coldblooded, Pyromaniac
Chikipi, Level: 5, Rank: 1, Gender: Female, HP IV: 33(0%), ATK IV: 35(0%), DEF IV: 54(0%), Work Speed: (0%), Skills: Abnormal
Chikipi, Level: 6, Rank: 1, Gender: Male, HP IV: 31(0%), ATK IV: 29(0%), DEF IV: 53(0%), Work Speed: (0%), Skills: Infinite Stamina
Chikipi, Level: 7, Rank: 1, Gender: Male, HP IV: 65(0%), ATK IV: 32(0%), DEF IV: 89(0%), Work Speed: (0%), Skills: Glutton, Suntan Lover, Logging Foreman, Hydromaniac
Hoocrates, Level: 5, Rank: 1, Gender: Male, HP IV: 99(0%), ATK IV: 73(0%), DEF IV: 92(0%), Work Speed: (0%), Skills: Cheery
Jolthog, Level: 6, Rank: 1, Gender: Male, HP IV: 93(0%), ATK IV: 86(0%), DEF IV: 55(0%), Work Speed: (0%), Skills: Noble
Lamball, Level: 11, Rank: 1, Gender: Male, HP IV: 83(0%), ATK IV: 57(0%), DEF IV: 87(0%), Work Speed: (0%), Skills: Zen Mind
Lamball, Level: 2, Rank: 1, Gender: Male, HP IV: 29(0%), ATK IV: 51(0%), DEF IV: 20(0%), Work Speed: (0%), Skills: Artisan
Lamball, Level: 4, Rank: 1, Gender: Female, HP IV: 58(0%), ATK IV: 60(0%), DEF IV: 63(0%), Work Speed: (0%), Skills: Dragonkiller
Lamball, Level: 4, Rank: 1, Gender: Female, HP IV: 64(0%), ATK IV: 97(0%), DEF IV: 16(0%), Work Speed: (0%), Skills: Fine Furs
Lifmunk, Level: 10, Rank: 1, Gender: Male, HP IV: 74(0%), ATK IV: 87(0%), DEF IV: 93(0%), Work Speed: (0%), Skills: Fit as a Fiddle
Pengullet, Level: 9, Rank: 1, Gender: Male, HP IV: 65(0%), ATK IV: 43(0%), DEF IV: 77(0%), Work Speed: (0%), Skills: Veil of Darkness
Ribbuny, Level: 2, Rank: 1, Gender: Male, HP IV: 21(0%), ATK IV: 43(0%), DEF IV: 67(0%), Work Speed: (0%), Skills: Motivational Leader
Ribbuny, Level: 4, Rank: 1, Gender: Male, HP IV: 14(0%), ATK IV: 47(0%), DEF IV: 2(0%), Work Speed: (0%), Skills: Blood of the Dragon
Ribbuny, Level: 9, Rank: 1, Gender: Male, HP IV: 95(0%), ATK IV: 72(0%), DEF IV: 27(0%), Work Speed: (0%), Skills: Botanical Barrier
Teafant, Level: 10, Rank: 1, Gender: Female, HP IV: 35(0%), ATK IV: 10(0%), DEF IV: 13(0%), Work Speed: (0%), Skills: Bottomless Stomach
Teafant, Level: 2, Rank: 1, Gender: Male, HP IV: 15(0%), ATK IV: 80(0%), DEF IV: 13(0%), Work Speed: (0%), Skills: Positive Thinker
Teafant, Level: 6, Rank: 1, Gender: Female, HP IV: 54(0%), ATK IV: 67(0%), DEF IV: 60(0%), Work Speed: (0%), Skills: Philantropist
Gannd's 20 Pals
---------------
Cattiva, Level: 10, Rank: 1, Gender: Female, HP IV: 3(0%), ATK IV: 26(0%), DEF IV: 40(0%), Work Speed: (0%), Skills: Coward, Shabby
Cattiva, Level: 4, Rank: 1, Gender: Female, HP IV: 36(0%), ATK IV: 34(0%), DEF IV: 61(0%), Work Speed: (0%), Skills: Coward, Pyromaniac
Cattiva, Level: 5, Rank: 1, Gender: Male, HP IV: 52(0%), ATK IV: 59(0%), DEF IV: 0(0%), Work Speed: (0%), Skills: Coward, Coldblooded, Pyromaniac
Chikipi, Level: 5, Rank: 1, Gender: Female, HP IV: 33(0%), ATK IV: 35(0%), DEF IV: 54(0%), Work Speed: (0%), Skills: Abnormal
Chikipi, Level: 6, Rank: 1, Gender: Male, HP IV: 31(0%), ATK IV: 29(0%), DEF IV: 53(0%), Work Speed: (0%), Skills: Infinite Stamina
Chikipi, Level: 7, Rank: 1, Gender: Male, HP IV: 65(0%), ATK IV: 32(0%), DEF IV: 89(0%), Work Speed: (0%), Skills: Glutton, Suntan Lover, Logging Foreman, Hydromaniac
Hoocrates, Level: 5, Rank: 1, Gender: Male, HP IV: 99(0%), ATK IV: 73(0%), DEF IV: 92(0%), Work Speed: (0%), Skills: Cheery
Jolthog, Level: 6, Rank: 1, Gender: Male, HP IV: 93(0%), ATK IV: 86(0%), DEF IV: 55(0%), Work Speed: (0%), Skills: Noble
Lamball, Level: 11, Rank: 1, Gender: Male, HP IV: 83(0%), ATK IV: 57(0%), DEF IV: 87(0%), Work Speed: (0%), Skills: Zen Mind
Lamball, Level: 2, Rank: 1, Gender: Male, HP IV: 29(0%), ATK IV: 51(0%), DEF IV: 20(0%), Work Speed: (0%), Skills: Artisan
Lamball, Level: 4, Rank: 1, Gender: Female, HP IV: 58(0%), ATK IV: 60(0%), DEF IV: 63(0%), Work Speed: (0%), Skills: Dragonkiller
Lamball, Level: 4, Rank: 1, Gender: Female, HP IV: 64(0%), ATK IV: 97(0%), DEF IV: 16(0%), Work Speed: (0%), Skills: Fine Furs
Lifmunk, Level: 10, Rank: 1, Gender: Male, HP IV: 74(0%), ATK IV: 87(0%), DEF IV: 93(0%), Work Speed: (0%), Skills: Fit as a Fiddle
Pengullet, Level: 9, Rank: 1, Gender: Male, HP IV: 65(0%), ATK IV: 43(0%), DEF IV: 77(0%), Work Speed: (0%), Skills: Veil of Darkness
Ribbuny, Level: 2, Rank: 1, Gender: Male, HP IV: 21(0%), ATK IV: 43(0%), DEF IV: 67(0%), Work Speed: (0%), Skills: Motivational Leader
Ribbuny, Level: 4, Rank: 1, Gender: Male, HP IV: 14(0%), ATK IV: 47(0%), DEF IV: 2(0%), Work Speed: (0%), Skills: Blood of the Dragon
Ribbuny, Level: 9, Rank: 1, Gender: Male, HP IV: 95(0%), ATK IV: 72(0%), DEF IV: 27(0%), Work Speed: (0%), Skills: Botanical Barrier
Teafant, Level: 10, Rank: 1, Gender: Female, HP IV: 35(0%), ATK IV: 10(0%), DEF IV: 13(0%), Work Speed: (0%), Skills: Bottomless Stomach
Teafant, Level: 2, Rank: 1, Gender: Male, HP IV: 15(0%), ATK IV: 80(0%), DEF IV: 13(0%), Work Speed: (0%), Skills: Positive Thinker
Teafant, Level: 6, Rank: 1, Gender: Female, HP IV: 54(0%), ATK IV: 67(0%), DEF IV: 60(0%), Work Speed: (0%), Skills: Philantropist
Gannd's 20 Pals
---------------
Cattiva, Level: 10, Rank: 1, Gender: Female, HP IV: 3(0%), ATK IV: 26(0%), DEF IV: 40(0%), Work Speed: (0%), Skills: Coward, Shabby
Cattiva, Level: 4, Rank: 1, Gender: Female, HP IV: 36(0%), ATK IV: 34(0%), DEF IV: 61(0%), Work Speed: (0%), Skills: Coward, Pyromaniac
Cattiva, Level: 5, Rank: 1, Gender: Male, HP IV: 52(0%), ATK IV: 59(0%), DEF IV: 0(0%), Work Speed: (0%), Skills: Coward, Coldblooded, Pyromaniac
Chikipi, Level: 5, Rank: 1, Gender: Female, HP IV: 33(0%), ATK IV: 35(0%), DEF IV: 54(0%), Work Speed: (0%), Skills: Abnormal
Chikipi, Level: 6, Rank: 1, Gender: Male, HP IV: 31(0%), ATK IV: 29(0%), DEF IV: 53(0%), Work Speed: (0%), Skills: Infinite Stamina
Chikipi, Level: 7, Rank: 1, Gender: Male, HP IV: 65(0%), ATK IV: 32(0%), DEF IV: 89(0%), Work Speed: (0%), Skills: Glutton, Suntan Lover, Logging Foreman, Hydromaniac
Hoocrates, Level: 5, Rank: 1, Gender: Male, HP IV: 99(0%), ATK IV: 73(0%), DEF IV: 92(0%), Work Speed: (0%), Skills: Cheery
Jolthog, Level: 6, Rank: 1, Gender: Male, HP IV: 93(0%), ATK IV: 86(0%), DEF IV: 55(0%), Work Speed: (0%), Skills: Noble
Lamball, Level: 11, Rank: 1, Gender: Male, HP IV: 83(0%), ATK IV: 57(0%), DEF IV: 87(0%), Work Speed: (0%), Skills: Zen Mind
Lamball, Level: 2, Rank: 1, Gender: Male, HP IV: 29(0%), ATK IV: 51(0%), DEF IV: 20(0%), Work Speed: (0%), Skills: Artisan
Lamball, Level: 4, Rank: 1, Gender: Female, HP IV: 58(0%), ATK IV: 60(0%), DEF IV: 63(0%), Work Speed: (0%), Skills: Dragonkiller
Lamball, Level: 4, Rank: 1, Gender: Female, HP IV: 64(0%), ATK IV: 97(0%), DEF IV: 16(0%), Work Speed: (0%), Skills: Fine Furs
Lifmunk, Level: 10, Rank: 1, Gender: Male, HP IV: 74(0%), ATK IV: 87(0%), DEF IV: 93(0%), Work Speed: (0%), Skills: Fit as a Fiddle
Pengullet, Level: 9, Rank: 1, Gender: Male, HP IV: 65(0%), ATK IV: 43(0%), DEF IV: 77(0%), Work Speed: (0%), Skills: Veil of Darkness
Ribbuny, Level: 2, Rank: 1, Gender: Male, HP IV: 21(0%), ATK IV: 43(0%), DEF IV: 67(0%), Work Speed: (0%), Skills: Motivational Leader
Ribbuny, Level: 4, Rank: 1, Gender: Male, HP IV: 14(0%), ATK IV: 47(0%), DEF IV: 2(0%), Work Speed: (0%), Skills: Blood of the Dragon
Ribbuny, Level: 9, Rank: 1, Gender: Male, HP IV: 95(0%), ATK IV: 72(0%), DEF IV: 27(0%), Work Speed: (0%), Skills: Botanical Barrier
Teafant, Level: 10, Rank: 1, Gender: Female, HP IV: 35(0%), ATK IV: 10(0%), DEF IV: 13(0%), Work Speed: (0%), Skills: Bottomless Stomach
Teafant, Level: 2, Rank: 1, Gender: Male, HP IV: 15(0%), ATK IV: 80(0%), DEF IV: 13(0%), Work Speed: (0%), Skills: Positive Thinker
Teafant, Level: 6, Rank: 1, Gender: Female, HP IV: 54(0%), ATK IV: 67(0%), DEF IV: 60(0%), Work Speed: (0%), Skills: Philantropist
