Ganja's 3 Pals
--------------
Lamball, Level: 4, Rank: 1, Gender: Male, HP IV: 74(0%), ATK IV: 70(0%), DEF IV: 84(0%), Work Speed: (0%), Skills: Heated Body
Ribbuny, Level: 2, Rank: 1, Gender: Male, HP IV: 100(0%), ATK IV: 82(0%), DEF IV: 30(0%), Work Speed: (0%), Skills: Dainty Eater
Tanzee, Level: 5, Rank: 1, Gender: Female, HP IV: 20(0%), ATK IV: 67(0%), DEF IV: 94(0%), Work Speed: (0%), Skills: Capacitor
Ganja's 3 Pals
--------------
Lamball, Level: 4, Rank: 1, Gender: Male, HP IV: 74(0%), ATK IV: 70(0%), DEF IV: 84(0%), Work Speed: (0%), Skills: Heated Body
Ribbuny, Level: 2, Rank: 1, Gender: Male, HP IV: 100(0%), ATK IV: 82(0%), DEF IV: 30(0%), Work Speed: (0%), Skills: Dainty Eater
Tanzee, Level: 5, Rank: 1, Gender: Female, HP IV: 20(0%), ATK IV: 67(0%), DEF IV: 94(0%), Work Speed: (0%), Skills: Capacitor
Ganja's 3 Pals
--------------
Lamball, Level: 4, Rank: 1, Gender: Male, HP IV: 74(0%), ATK IV: 70(0%), DEF IV: 84(0%), Work Speed: (0%), Skills: Heated Body
Ribbuny, Level: 2, Rank: 1, Gender: Male, HP IV: 100(0%), ATK IV: 82(0%), DEF IV: 30(0%), Work Speed: (0%), Skills: Dainty Eater
Tanzee, Level: 5, Rank: 1, Gender: Female, HP IV: 20(0%), ATK IV: 67(0%), DEF IV: 94(0%), Work Speed: (0%), Skills: Capacitor
Ganja's 3 Pals
--------------
Lamball, Level: 4, Rank: 1, Gender: Male, HP IV: 74(0%), ATK IV: 70(0%), DEF IV: 84(0%), Work Speed: (0%), Skills: Heated Body
Ribbuny, Level: 2, Rank: 1, Gender: Male, HP IV: 100(0%), ATK IV: 82(0%), DEF IV: 30(0%), Work Speed: (0%), Skills: Dainty Eater
Tanzee, Level: 5, Rank: 1, Gender: Female, HP IV: 20(0%), ATK IV: 67(0%), DEF IV: 94(0%), Work Speed: (0%), Skills: Capacitor
Ganja's 3 Pals
--------------
Lamball, Level: 4, Rank: 1, Gender: Male, HP IV: 74(0%), ATK IV: 70(0%), DEF IV: 84(0%), Work Speed: (0%), Skills: Heated Body
Ribbuny, Level: 2, Rank: 1, Gender: Male, HP IV: 100(0%), ATK IV: 82(0%), DEF IV: 30(0%), Work Speed: (0%), Skills: Dainty Eater
Tanzee, Level: 5, Rank: 1, Gender: Female, HP IV: 20(0%), ATK IV: 67(0%), DEF IV: 94(0%), Work Speed: (0%), Skills: Capacitor
Ganja's 3 Pals
--------------
Lamball, Level: 4, Rank: 1, Gender: Male, HP IV: 74(0%), ATK IV: 70(0%), DEF IV: 84(0%), Work Speed: (0%), Skills: Heated Body
Ribbuny, Level: 2, Rank: 1, Gender: Male, HP IV: 100(0%), ATK IV: 82(0%), DEF IV: 30(0%), Work Speed: (0%), Skills: Dainty Eater
Tanzee, Level: 5, Rank: 1, Gender: Female, HP IV: 20(0%), ATK IV: 67(0%), DEF IV: 94(0%), Work Speed: (0%), Skills: Capacitor
Ganja's 3 Pals
--------------
Lamball, Level: 4, Rank: 1, Gender: Male, HP IV: 74(0%), ATK IV: 70(0%), DEF IV: 84(0%), Work Speed: (0%), Skills: Heated Body
Ribbuny, Level: 2, Rank: 1, Gender: Male, HP IV: 100(0%), ATK IV: 82(0%), DEF IV: 30(0%), Work Speed: (0%), Skills: Dainty Eater
Tanzee, Level: 5, Rank: 1, Gender: Female, HP IV: 20(0%), ATK IV: 67(0%), DEF IV: 94(0%), Work Speed: (0%), Skills: Capacitor
Ganja's 3 Pals
--------------
Lamball, Level: 4, Rank: 1, Gender: Male, HP IV: 74(0%), ATK IV: 70(0%), DEF IV: 84(0%), Work Speed: (0%), Skills: Heated Body
Ribbuny, Level: 2, Rank: 1, Gender: Male, HP IV: 100(0%), ATK IV: 82(0%), DEF IV: 30(0%), Work Speed: (0%), Skills: Dainty Eater
Tanzee, Level: 5, Rank: 1, Gender: Female, HP IV: 20(0%), ATK IV: 67(0%), DEF IV: 94(0%), Work Speed: (0%), Skills: Capacitor
Ganja's 3 Pals
--------------
Lamball, Level: 4, Rank: 1, Gender: Male, HP IV: 74(0%), ATK IV: 70(0%), DEF IV: 84(0%), Work Speed: (0%), Skills: Heated Body
Ribbuny, Level: 2, Rank: 1, Gender: Male, HP IV: 100(0%), ATK IV: 82(0%), DEF IV: 30(0%), Work Speed: (0%), Skills: Dainty Eater
Tanzee, Level: 5, Rank: 1, Gender: Female, HP IV: 20(0%), ATK IV: 67(0%), DEF IV: 94(0%), Work Speed: (0%), Skills: Capacitor
Ganja's 3 Pals
--------------
Lamball, Level: 4, Rank: 1, Gender: Male, HP IV: 74(0%), ATK IV: 70(0%), DEF IV: 84(0%), Work Speed: (0%), Skills: Heated Body
Ribbuny, Level: 2, Rank: 1, Gender: Male, HP IV: 100(0%), ATK IV: 82(0%), DEF IV: 30(0%), Work Speed: (0%), Skills: Dainty Eater
Tanzee, Level: 5, Rank: 1, Gender: Female, HP IV: 20(0%), ATK IV: 67(0%), DEF IV: 94(0%), Work Speed: (0%), Skills: Capacitor
Ganja's 3 Pals
--------------
Lamball, Level: 4, Rank: 1, Gender: Male, HP IV: 74(0%), ATK IV: 70(0%), DEF IV: 84(0%), Work Speed: (0%), Skills: Heated Body
Ribbuny, Level: 2, Rank: 1, Gender: Male, HP IV: 100(0%), ATK IV: 82(0%), DEF IV: 30(0%), Work Speed: (0%), Skills: Dainty Eater
Tanzee, Level: 5, Rank: 1, Gender: Female, HP IV: 20(0%), ATK IV: 67(0%), DEF IV: 94(0%), Work Speed: (0%), Skills: Capacitor
Ganja's 3 Pals
--------------
Lamball, Level: 4, Rank: 1, Gender: Male, HP IV: 74(0%), ATK IV: 70(0%), DEF IV: 84(0%), Work Speed: (0%), Skills: Heated Body
Ribbuny, Level: 2, Rank: 1, Gender: Male, HP IV: 100(0%), ATK IV: 82(0%), DEF IV: 30(0%), Work Speed: (0%), Skills: Dainty Eater
Tanzee, Level: 5, Rank: 1, Gender: Female, HP IV: 20(0%), ATK IV: 67(0%), DEF IV: 94(0%), Work Speed: (0%), Skills: Capacitor
Ganja's 3 Pals
--------------
Lamball, Level: 4, Rank: 1, Gender: Male, HP IV: 74(0%), ATK IV: 70(0%), DEF IV: 84(0%), Work Speed: (0%), Skills: Heated Body
Ribbuny, Level: 2, Rank: 1, Gender: Male, HP IV: 100(0%), ATK IV: 82(0%), DEF IV: 30(0%), Work Speed: (0%), Skills: Dainty Eater
Tanzee, Level: 5, Rank: 1, Gender: Female, HP IV: 20(0%), ATK IV: 67(0%), DEF IV: 94(0%), Work Speed: (0%), Skills: Capacitor
Ganja's 3 Pals
--------------
Lamball, Level: 4, Rank: 1, Gender: Male, HP IV: 74(0%), ATK IV: 70(0%), DEF IV: 84(0%), Work Speed: (0%), Skills: Heated Body
Ribbuny, Level: 2, Rank: 1, Gender: Male, HP IV: 100(0%), ATK IV: 82(0%), DEF IV: 30(0%), Work Speed: (0%), Skills: Dainty Eater
Tanzee, Level: 5, Rank: 1, Gender: Female, HP IV: 20(0%), ATK IV: 67(0%), DEF IV: 94(0%), Work Speed: (0%), Skills: Capacitor
