Garahad's 54 Pals
-----------------
Cattiva, Level: 4, Rank: 1, Gender: Female, HP IV: 41(0%), ATK IV: 78(0%), DEF IV: 69(0%), Work Speed: (0%), Skills: Coward, Shabby, Sadist
Cattiva, Level: 5, Rank: 1, Gender: Male, HP IV: 50(0%), ATK IV: 43(0%), DEF IV: 32(0%), Work Speed: (0%), Skills: Coward, Infinite Stamina, Slacker
Cattiva, Level: 6, Rank: 1, Gender: Male, HP IV: 80(0%), ATK IV: 35(0%), DEF IV: 1(0%), Work Speed: (0%), Skills: Coward, Sadist
Cattiva, Level: 9, Rank: 1, Gender: Male, HP IV: 42(0%), ATK IV: 60(0%), DEF IV: 40(0%), Work Speed: (0%), Skills: Coward, Fine Furs, Motivational Leader
Chikipi, Level: 16, Rank: 1, Gender: Female, HP IV: 93(0%), ATK IV: 96(0%), DEF IV: 45(0%), Work Speed: (0%), Skills: Noble
Chikipi, Level: 2, Rank: 1, Gender: Female, HP IV: 63(0%), ATK IV: 33(0%), DEF IV: 29(0%), Work Speed: (0%), Skills: Swift
Chikipi, Level: 2, Rank: 1, Gender: Male, HP IV: 59(0%), ATK IV: 9(0%), DEF IV: 5(0%), Work Speed: (0%), Skills: Sadist
Chikipi, Level: 3, Rank: 1, Gender: Female, HP IV: 36(0%), ATK IV: 8(0%), DEF IV: 22(0%), Work Speed: (0%), Skills: Serious
Chikipi, Level: 3, Rank: 1, Gender: Male, HP IV: 37(0%), ATK IV: 17(0%), DEF IV: 51(0%), Work Speed: (0%), Skills: Coldblooded, Shabby, Coward
Chikipi, Level: 4, Rank: 1, Gender: Female, HP IV: 62(0%), ATK IV: 42(0%), DEF IV: 3(0%), Work Speed: (0%), Skills: Infinite Stamina
Chikipi, Level: 4, Rank: 1, Gender: Female, HP IV: 91(0%), ATK IV: 12(0%), DEF IV: 70(0%), Work Speed: (0%)
Chikipi, Level: 4, Rank: 1, Gender: Male, HP IV: 3(0%), ATK IV: 42(0%), DEF IV: 21(0%), Work Speed: (0%), Skills: Sadist
Chikipi, Level: 4, Rank: 1, Gender: Male, HP IV: 72(0%), ATK IV: 27(0%), DEF IV: 52(0%), Work Speed: (0%), Skills: Brittle, Logging Foreman, Infinite Stamina
Chikipi, Level: 4, Rank: 1, Gender: Male, HP IV: 83(0%), ATK IV: 61(0%), DEF IV: 86(0%), Work Speed: (0%), Skills: Serious
Chikipi, Level: 5, Rank: 1, Gender: Female, HP IV: 75(0%), ATK IV: 66(0%), DEF IV: 17(0%), Work Speed: (0%), Skills: Downtrodden
Chikipi, Level: 5, Rank: 1, Gender: Female, HP IV: 93(0%), ATK IV: 73(0%), DEF IV: 31(0%), Work Speed: (0%), Skills: Logging Foreman
Chikipi, Level: 5, Rank: 1, Gender: Male, HP IV: 2(0%), ATK IV: 88(0%), DEF IV: 37(0%), Work Speed: (0%), Skills: Clumsy
Chikipi, Level: 5, Rank: 1, Gender: Male, HP IV: 80(0%), ATK IV: 23(0%), DEF IV: 99(0%), Work Speed: (0%), Skills: Serious
Cremis, Level: 4, Rank: 1, Gender: Female, HP IV: 90(0%), ATK IV: 2(0%), DEF IV: 88(0%), Work Speed: (0%), Skills: Aggressive, Brave
Cremis, Level: 4, Rank: 1, Gender: Female, HP IV: 96(0%), ATK IV: 43(0%), DEF IV: 36(0%), Work Speed: (0%), Skills: Serious
Direhowl, Level: 13, Rank: 1, Gender: Female, HP IV: 66(0%), ATK IV: 83(0%), DEF IV: 60(0%), Work Speed: (0%), Skills: Diet Lover
Direhowl, Level: 4, Rank: 1, Gender: Female, HP IV: 52(0%), ATK IV: 63(0%), DEF IV: 76(0%), Work Speed: (0%), Skills: Brittle
Direhowl, Level: 6, Rank: 1, Gender: Female, HP IV: 75(0%), ATK IV: 74(0%), DEF IV: 1(0%), Work Speed: (0%), Skills: Veil of Darkness
Direhowl, Level: 7, Rank: 1, Gender: Female, HP IV: 61(0%), ATK IV: 66(0%), DEF IV: 35(0%), Work Speed: (0%), Skills: Pacifist
Dumud, Level: 17, Rank: 1, Gender: Female, HP IV: 58(0%), ATK IV: 91(0%), DEF IV: 72(0%), Work Speed: (0%), Skills: Coward
Foxparks, Level: 4, Rank: 1, Gender: Female, HP IV: 16(0%), ATK IV: 97(0%), DEF IV: 68(0%), Work Speed: (0%), Skills: Downtrodden
Fuack, Level: 5, Rank: 1, Gender: Female, HP IV: 52(0%), ATK IV: 13(0%), DEF IV: 93(0%), Work Speed: (0%), Skills: Brittle, Infinite Stamina
Gumoss (Special), Level: 3, Rank: 1, Gender: Male, HP IV: 35(0%), ATK IV: 75(0%), DEF IV: 33(0%), Work Speed: (0%)
Gumoss (Special), Level: 4, Rank: 1, Gender: Male, HP IV: 3(0%), ATK IV: 93(0%), DEF IV: 72(0%), Work Speed: (0%), Skills: Serenity
Gumoss, Level: 4, Rank: 1, Gender: Male, HP IV: 2(0%), ATK IV: 62(0%), DEF IV: 97(0%), Work Speed: (0%), Skills: Masochist
Gumoss, Level: 5, Rank: 1, Gender: Male, HP IV: 34(0%), ATK IV: 67(0%), DEF IV: 77(0%), Work Speed: (0%), Skills: Coldblooded, Pyromaniac
Hoocrates, Level: 3, Rank: 1, Gender: Male, HP IV: 98(0%), ATK IV: 74(0%), DEF IV: 36(0%), Work Speed: (0%), Skills: Capacitor
Hoocrates, Level: 5, Rank: 1, Gender: Female, HP IV: 45(0%), ATK IV: 22(0%), DEF IV: 74(0%), Work Speed: (0%), Skills: Aggressive
Hoocrates, Level: 5, Rank: 1, Gender: Female, HP IV: 79(0%), ATK IV: 49(0%), DEF IV: 23(0%), Work Speed: (0%), Skills: Earthquake Resistant, Nocturnal
Lamball, Level: 13, Rank: 1, Gender: Female, HP IV: 21(0%), ATK IV: 74(0%), DEF IV: 57(0%), Work Speed: (0%), Skills: Work Slave
Lamball, Level: 16, Rank: 1, Gender: Female, HP IV: 46(0%), ATK IV: 42(0%), DEF IV: 49(0%), Work Speed: (0%), Skills: Logging Foreman
Lamball, Level: 16, Rank: 1, Gender: Male, HP IV: 36(0%), ATK IV: 37(0%), DEF IV: 29(0%), Work Speed: (0%), Skills: Noble
Lamball, Level: 16, Rank: 1, Gender: Male, HP IV: 99(0%), ATK IV: 27(0%), DEF IV: 1(0%), Work Speed: (0%), Skills: Dragonkiller, Shabby
Lamball, Level: 3, Rank: 1, Gender: Female, HP IV: 21(0%), ATK IV: 88(0%), DEF IV: 71(0%), Work Speed: (0%), Skills: Vanguard
Lamball, Level: 4, Rank: 1, Gender: Female, HP IV: 24(0%), ATK IV: 79(0%), DEF IV: 62(0%), Work Speed: (0%), Skills: Hooligan
Lamball, Level: 4, Rank: 1, Gender: Female, HP IV: 96(0%), ATK IV: 34(0%), DEF IV: 10(0%), Work Speed: (0%), Skills: Veil of Darkness
Lamball, Level: 4, Rank: 1, Gender: Male, HP IV: 69(0%), ATK IV: 67(0%), DEF IV: 20(0%), Work Speed: (0%), Skills: Masochist
Lamball, Level: 5, Rank: 1, Gender: Female, HP IV: 24(0%), ATK IV: 90(0%), DEF IV: 35(0%), Work Speed: (0%), Skills: Heated Body, Ferocious
Lamball, Level: 5, Rank: 1, Gender: Female, HP IV: 5(0%), ATK IV: 89(0%), DEF IV: 26(0%), Work Speed: (0%), Skills: Vanguard
Lifmunk, Level: 2, Rank: 1, Gender: Male, HP IV: 47(0%), ATK IV: 5(0%), DEF IV: 20(0%), Work Speed: (0%), Skills: Artisan
Lifmunk, Level: 2, Rank: 1, Gender: Male, HP IV: 81(0%), ATK IV: 2(0%), DEF IV: 64(0%), Work Speed: (0%)
Melpaca, Level: 8, Rank: 1, Gender: Male, HP IV: 28(0%), ATK IV: 95(0%), DEF IV: 34(0%), Work Speed: (0%), Skills: Dainty Eater
Nox, Level: 6, Rank: 1, Gender: Male, HP IV: 18(0%), ATK IV: 29(0%), DEF IV: 52(0%), Work Speed: (0%), Skills: Serenity
Rooby, Level: 2, Rank: 1, Gender: Female, HP IV: 93(0%), ATK IV: 95(0%), DEF IV: 88(0%), Work Speed: (0%), Skills: Coward, Philantropist
Rooby, Level: 5, Rank: 1, Gender: Female, HP IV: 100(0%), ATK IV: 27(0%), DEF IV: 56(0%), Work Speed: (0%)
Rooby, Level: 7, Rank: 1, Gender: Male, HP IV: 21(0%), ATK IV: 3(0%), DEF IV: 41(0%), Work Speed: (0%), Skills: Philantropist, Insulated Body, Ferocious
Rushoar, Level: 4, Rank: 1, Gender: Female, HP IV: 28(0%), ATK IV: 100(0%), DEF IV: 75(0%), Work Speed: (0%), Skills: Mercy hit
Swee, Level: 13, Rank: 1, Gender: Female, HP IV: 87(0%), ATK IV: 78(0%), DEF IV: 34(0%), Work Speed: (0%), Skills: Sadist
Vixy, Level: 4, Rank: 1, Gender: Male, HP IV: 55(0%), ATK IV: 62(0%), DEF IV: 32(0%), Work Speed: (0%), Skills: Hard Skin
Garahad's 54 Pals
-----------------
Cattiva, Level: 4, Rank: 1, Gender: Female, HP IV: 41(0%), ATK IV: 78(0%), DEF IV: 69(0%), Work Speed: (0%), Skills: Coward, Shabby, Sadist
Cattiva, Level: 5, Rank: 1, Gender: Male, HP IV: 50(0%), ATK IV: 43(0%), DEF IV: 32(0%), Work Speed: (0%), Skills: Coward, Infinite Stamina, Slacker
Cattiva, Level: 6, Rank: 1, Gender: Male, HP IV: 80(0%), ATK IV: 35(0%), DEF IV: 1(0%), Work Speed: (0%), Skills: Coward, Sadist
Cattiva, Level: 9, Rank: 1, Gender: Male, HP IV: 42(0%), ATK IV: 60(0%), DEF IV: 40(0%), Work Speed: (0%), Skills: Coward, Fine Furs, Motivational Leader
Chikipi, Level: 16, Rank: 1, Gender: Female, HP IV: 93(0%), ATK IV: 96(0%), DEF IV: 45(0%), Work Speed: (0%), Skills: Noble
Chikipi, Level: 2, Rank: 1, Gender: Female, HP IV: 63(0%), ATK IV: 33(0%), DEF IV: 29(0%), Work Speed: (0%), Skills: Swift
Chikipi, Level: 2, Rank: 1, Gender: Male, HP IV: 59(0%), ATK IV: 9(0%), DEF IV: 5(0%), Work Speed: (0%), Skills: Sadist
Chikipi, Level: 3, Rank: 1, Gender: Female, HP IV: 36(0%), ATK IV: 8(0%), DEF IV: 22(0%), Work Speed: (0%), Skills: Serious
Chikipi, Level: 3, Rank: 1, Gender: Male, HP IV: 37(0%), ATK IV: 17(0%), DEF IV: 51(0%), Work Speed: (0%), Skills: Coldblooded, Shabby, Coward
Chikipi, Level: 4, Rank: 1, Gender: Female, HP IV: 62(0%), ATK IV: 42(0%), DEF IV: 3(0%), Work Speed: (0%), Skills: Infinite Stamina
Chikipi, Level: 4, Rank: 1, Gender: Female, HP IV: 91(0%), ATK IV: 12(0%), DEF IV: 70(0%), Work Speed: (0%)
Chikipi, Level: 4, Rank: 1, Gender: Male, HP IV: 3(0%), ATK IV: 42(0%), DEF IV: 21(0%), Work Speed: (0%), Skills: Sadist
Chikipi, Level: 4, Rank: 1, Gender: Male, HP IV: 72(0%), ATK IV: 27(0%), DEF IV: 52(0%), Work Speed: (0%), Skills: Brittle, Logging Foreman, Infinite Stamina
Chikipi, Level: 4, Rank: 1, Gender: Male, HP IV: 83(0%), ATK IV: 61(0%), DEF IV: 86(0%), Work Speed: (0%), Skills: Serious
Chikipi, Level: 5, Rank: 1, Gender: Female, HP IV: 75(0%), ATK IV: 66(0%), DEF IV: 17(0%), Work Speed: (0%), Skills: Downtrodden
Chikipi, Level: 5, Rank: 1, Gender: Female, HP IV: 93(0%), ATK IV: 73(0%), DEF IV: 31(0%), Work Speed: (0%), Skills: Logging Foreman
Chikipi, Level: 5, Rank: 1, Gender: Male, HP IV: 2(0%), ATK IV: 88(0%), DEF IV: 37(0%), Work Speed: (0%), Skills: Clumsy
Chikipi, Level: 5, Rank: 1, Gender: Male, HP IV: 80(0%), ATK IV: 23(0%), DEF IV: 99(0%), Work Speed: (0%), Skills: Serious
Cremis, Level: 4, Rank: 1, Gender: Female, HP IV: 90(0%), ATK IV: 2(0%), DEF IV: 88(0%), Work Speed: (0%), Skills: Aggressive, Brave
Cremis, Level: 4, Rank: 1, Gender: Female, HP IV: 96(0%), ATK IV: 43(0%), DEF IV: 36(0%), Work Speed: (0%), Skills: Serious
Direhowl, Level: 13, Rank: 1, Gender: Female, HP IV: 66(0%), ATK IV: 83(0%), DEF IV: 60(0%), Work Speed: (0%), Skills: Diet Lover
Direhowl, Level: 4, Rank: 1, Gender: Female, HP IV: 52(0%), ATK IV: 63(0%), DEF IV: 76(0%), Work Speed: (0%), Skills: Brittle
Direhowl, Level: 6, Rank: 1, Gender: Female, HP IV: 75(0%), ATK IV: 74(0%), DEF IV: 1(0%), Work Speed: (0%), Skills: Veil of Darkness
Direhowl, Level: 7, Rank: 1, Gender: Female, HP IV: 61(0%), ATK IV: 66(0%), DEF IV: 35(0%), Work Speed: (0%), Skills: Pacifist
Dumud, Level: 17, Rank: 1, Gender: Female, HP IV: 58(0%), ATK IV: 91(0%), DEF IV: 72(0%), Work Speed: (0%), Skills: Coward
Foxparks, Level: 4, Rank: 1, Gender: Female, HP IV: 16(0%), ATK IV: 97(0%), DEF IV: 68(0%), Work Speed: (0%), Skills: Downtrodden
Fuack, Level: 5, Rank: 1, Gender: Female, HP IV: 52(0%), ATK IV: 13(0%), DEF IV: 93(0%), Work Speed: (0%), Skills: Brittle, Infinite Stamina
Gumoss (Special), Level: 3, Rank: 1, Gender: Male, HP IV: 35(0%), ATK IV: 75(0%), DEF IV: 33(0%), Work Speed: (0%)
Gumoss (Special), Level: 4, Rank: 1, Gender: Male, HP IV: 3(0%), ATK IV: 93(0%), DEF IV: 72(0%), Work Speed: (0%), Skills: Serenity
Gumoss, Level: 4, Rank: 1, Gender: Male, HP IV: 2(0%), ATK IV: 62(0%), DEF IV: 97(0%), Work Speed: (0%), Skills: Masochist
Gumoss, Level: 5, Rank: 1, Gender: Male, HP IV: 34(0%), ATK IV: 67(0%), DEF IV: 77(0%), Work Speed: (0%), Skills: Coldblooded, Pyromaniac
Hoocrates, Level: 3, Rank: 1, Gender: Male, HP IV: 98(0%), ATK IV: 74(0%), DEF IV: 36(0%), Work Speed: (0%), Skills: Capacitor
Hoocrates, Level: 5, Rank: 1, Gender: Female, HP IV: 45(0%), ATK IV: 22(0%), DEF IV: 74(0%), Work Speed: (0%), Skills: Aggressive
Hoocrates, Level: 5, Rank: 1, Gender: Female, HP IV: 79(0%), ATK IV: 49(0%), DEF IV: 23(0%), Work Speed: (0%), Skills: Earthquake Resistant, Nocturnal
Lamball, Level: 13, Rank: 1, Gender: Female, HP IV: 21(0%), ATK IV: 74(0%), DEF IV: 57(0%), Work Speed: (0%), Skills: Work Slave
Lamball, Level: 16, Rank: 1, Gender: Female, HP IV: 46(0%), ATK IV: 42(0%), DEF IV: 49(0%), Work Speed: (0%), Skills: Logging Foreman
Lamball, Level: 16, Rank: 1, Gender: Male, HP IV: 36(0%), ATK IV: 37(0%), DEF IV: 29(0%), Work Speed: (0%), Skills: Noble
Lamball, Level: 16, Rank: 1, Gender: Male, HP IV: 99(0%), ATK IV: 27(0%), DEF IV: 1(0%), Work Speed: (0%), Skills: Dragonkiller, Shabby
Lamball, Level: 3, Rank: 1, Gender: Female, HP IV: 21(0%), ATK IV: 88(0%), DEF IV: 71(0%), Work Speed: (0%), Skills: Vanguard
Lamball, Level: 4, Rank: 1, Gender: Female, HP IV: 24(0%), ATK IV: 79(0%), DEF IV: 62(0%), Work Speed: (0%), Skills: Hooligan
Lamball, Level: 4, Rank: 1, Gender: Female, HP IV: 96(0%), ATK IV: 34(0%), DEF IV: 10(0%), Work Speed: (0%), Skills: Veil of Darkness
Lamball, Level: 4, Rank: 1, Gender: Male, HP IV: 69(0%), ATK IV: 67(0%), DEF IV: 20(0%), Work Speed: (0%), Skills: Masochist
Lamball, Level: 5, Rank: 1, Gender: Female, HP IV: 24(0%), ATK IV: 90(0%), DEF IV: 35(0%), Work Speed: (0%), Skills: Heated Body, Ferocious
Lamball, Level: 5, Rank: 1, Gender: Female, HP IV: 5(0%), ATK IV: 89(0%), DEF IV: 26(0%), Work Speed: (0%), Skills: Vanguard
Lifmunk, Level: 2, Rank: 1, Gender: Male, HP IV: 47(0%), ATK IV: 5(0%), DEF IV: 20(0%), Work Speed: (0%), Skills: Artisan
Lifmunk, Level: 2, Rank: 1, Gender: Male, HP IV: 81(0%), ATK IV: 2(0%), DEF IV: 64(0%), Work Speed: (0%)
Melpaca, Level: 8, Rank: 1, Gender: Male, HP IV: 28(0%), ATK IV: 95(0%), DEF IV: 34(0%), Work Speed: (0%), Skills: Dainty Eater
Nox, Level: 6, Rank: 1, Gender: Male, HP IV: 18(0%), ATK IV: 29(0%), DEF IV: 52(0%), Work Speed: (0%), Skills: Serenity
Rooby, Level: 2, Rank: 1, Gender: Female, HP IV: 93(0%), ATK IV: 95(0%), DEF IV: 88(0%), Work Speed: (0%), Skills: Coward, Philantropist
Rooby, Level: 5, Rank: 1, Gender: Female, HP IV: 100(0%), ATK IV: 27(0%), DEF IV: 56(0%), Work Speed: (0%)
Rooby, Level: 7, Rank: 1, Gender: Male, HP IV: 21(0%), ATK IV: 3(0%), DEF IV: 41(0%), Work Speed: (0%), Skills: Philantropist, Insulated Body, Ferocious
Rushoar, Level: 4, Rank: 1, Gender: Female, HP IV: 28(0%), ATK IV: 100(0%), DEF IV: 75(0%), Work Speed: (0%), Skills: Mercy hit
Swee, Level: 13, Rank: 1, Gender: Female, HP IV: 87(0%), ATK IV: 78(0%), DEF IV: 34(0%), Work Speed: (0%), Skills: Sadist
Vixy, Level: 4, Rank: 1, Gender: Male, HP IV: 55(0%), ATK IV: 62(0%), DEF IV: 32(0%), Work Speed: (0%), Skills: Hard Skin
Garahad's 54 Pals
-----------------
Cattiva, Level: 4, Rank: 1, Gender: Female, HP IV: 41(0%), ATK IV: 78(0%), DEF IV: 69(0%), Work Speed: (0%), Skills: Coward, Shabby, Sadist
Cattiva, Level: 5, Rank: 1, Gender: Male, HP IV: 50(0%), ATK IV: 43(0%), DEF IV: 32(0%), Work Speed: (0%), Skills: Coward, Infinite Stamina, Slacker
Cattiva, Level: 6, Rank: 1, Gender: Male, HP IV: 80(0%), ATK IV: 35(0%), DEF IV: 1(0%), Work Speed: (0%), Skills: Coward, Sadist
Cattiva, Level: 9, Rank: 1, Gender: Male, HP IV: 42(0%), ATK IV: 60(0%), DEF IV: 40(0%), Work Speed: (0%), Skills: Coward, Fine Furs, Motivational Leader
Chikipi, Level: 16, Rank: 1, Gender: Female, HP IV: 93(0%), ATK IV: 96(0%), DEF IV: 45(0%), Work Speed: (0%), Skills: Noble
Chikipi, Level: 2, Rank: 1, Gender: Female, HP IV: 63(0%), ATK IV: 33(0%), DEF IV: 29(0%), Work Speed: (0%), Skills: Swift
Chikipi, Level: 2, Rank: 1, Gender: Male, HP IV: 59(0%), ATK IV: 9(0%), DEF IV: 5(0%), Work Speed: (0%), Skills: Sadist
Chikipi, Level: 3, Rank: 1, Gender: Female, HP IV: 36(0%), ATK IV: 8(0%), DEF IV: 22(0%), Work Speed: (0%), Skills: Serious
Chikipi, Level: 3, Rank: 1, Gender: Male, HP IV: 37(0%), ATK IV: 17(0%), DEF IV: 51(0%), Work Speed: (0%), Skills: Coldblooded, Shabby, Coward
Chikipi, Level: 4, Rank: 1, Gender: Female, HP IV: 62(0%), ATK IV: 42(0%), DEF IV: 3(0%), Work Speed: (0%), Skills: Infinite Stamina
Chikipi, Level: 4, Rank: 1, Gender: Female, HP IV: 91(0%), ATK IV: 12(0%), DEF IV: 70(0%), Work Speed: (0%)
Chikipi, Level: 4, Rank: 1, Gender: Male, HP IV: 3(0%), ATK IV: 42(0%), DEF IV: 21(0%), Work Speed: (0%), Skills: Sadist
Chikipi, Level: 4, Rank: 1, Gender: Male, HP IV: 72(0%), ATK IV: 27(0%), DEF IV: 52(0%), Work Speed: (0%), Skills: Brittle, Logging Foreman, Infinite Stamina
Chikipi, Level: 4, Rank: 1, Gender: Male, HP IV: 83(0%), ATK IV: 61(0%), DEF IV: 86(0%), Work Speed: (0%), Skills: Serious
Chikipi, Level: 5, Rank: 1, Gender: Female, HP IV: 75(0%), ATK IV: 66(0%), DEF IV: 17(0%), Work Speed: (0%), Skills: Downtrodden
Chikipi, Level: 5, Rank: 1, Gender: Female, HP IV: 93(0%), ATK IV: 73(0%), DEF IV: 31(0%), Work Speed: (0%), Skills: Logging Foreman
Chikipi, Level: 5, Rank: 1, Gender: Male, HP IV: 2(0%), ATK IV: 88(0%), DEF IV: 37(0%), Work Speed: (0%), Skills: Clumsy
Chikipi, Level: 5, Rank: 1, Gender: Male, HP IV: 80(0%), ATK IV: 23(0%), DEF IV: 99(0%), Work Speed: (0%), Skills: Serious
Cremis, Level: 4, Rank: 1, Gender: Female, HP IV: 90(0%), ATK IV: 2(0%), DEF IV: 88(0%), Work Speed: (0%), Skills: Aggressive, Brave
Cremis, Level: 4, Rank: 1, Gender: Female, HP IV: 96(0%), ATK IV: 43(0%), DEF IV: 36(0%), Work Speed: (0%), Skills: Serious
Direhowl, Level: 13, Rank: 1, Gender: Female, HP IV: 66(0%), ATK IV: 83(0%), DEF IV: 60(0%), Work Speed: (0%), Skills: Diet Lover
Direhowl, Level: 4, Rank: 1, Gender: Female, HP IV: 52(0%), ATK IV: 63(0%), DEF IV: 76(0%), Work Speed: (0%), Skills: Brittle
Direhowl, Level: 6, Rank: 1, Gender: Female, HP IV: 75(0%), ATK IV: 74(0%), DEF IV: 1(0%), Work Speed: (0%), Skills: Veil of Darkness
Direhowl, Level: 7, Rank: 1, Gender: Female, HP IV: 61(0%), ATK IV: 66(0%), DEF IV: 35(0%), Work Speed: (0%), Skills: Pacifist
Dumud, Level: 17, Rank: 1, Gender: Female, HP IV: 58(0%), ATK IV: 91(0%), DEF IV: 72(0%), Work Speed: (0%), Skills: Coward
Foxparks, Level: 4, Rank: 1, Gender: Female, HP IV: 16(0%), ATK IV: 97(0%), DEF IV: 68(0%), Work Speed: (0%), Skills: Downtrodden
Fuack, Level: 5, Rank: 1, Gender: Female, HP IV: 52(0%), ATK IV: 13(0%), DEF IV: 93(0%), Work Speed: (0%), Skills: Brittle, Infinite Stamina
Gumoss (Special), Level: 3, Rank: 1, Gender: Male, HP IV: 35(0%), ATK IV: 75(0%), DEF IV: 33(0%), Work Speed: (0%)
Gumoss (Special), Level: 4, Rank: 1, Gender: Male, HP IV: 3(0%), ATK IV: 93(0%), DEF IV: 72(0%), Work Speed: (0%), Skills: Serenity
Gumoss, Level: 4, Rank: 1, Gender: Male, HP IV: 2(0%), ATK IV: 62(0%), DEF IV: 97(0%), Work Speed: (0%), Skills: Masochist
Gumoss, Level: 5, Rank: 1, Gender: Male, HP IV: 34(0%), ATK IV: 67(0%), DEF IV: 77(0%), Work Speed: (0%), Skills: Coldblooded, Pyromaniac
Hoocrates, Level: 3, Rank: 1, Gender: Male, HP IV: 98(0%), ATK IV: 74(0%), DEF IV: 36(0%), Work Speed: (0%), Skills: Capacitor
Hoocrates, Level: 5, Rank: 1, Gender: Female, HP IV: 45(0%), ATK IV: 22(0%), DEF IV: 74(0%), Work Speed: (0%), Skills: Aggressive
Hoocrates, Level: 5, Rank: 1, Gender: Female, HP IV: 79(0%), ATK IV: 49(0%), DEF IV: 23(0%), Work Speed: (0%), Skills: Earthquake Resistant, Nocturnal
Lamball, Level: 13, Rank: 1, Gender: Female, HP IV: 21(0%), ATK IV: 74(0%), DEF IV: 57(0%), Work Speed: (0%), Skills: Work Slave
Lamball, Level: 16, Rank: 1, Gender: Female, HP IV: 46(0%), ATK IV: 42(0%), DEF IV: 49(0%), Work Speed: (0%), Skills: Logging Foreman
Lamball, Level: 16, Rank: 1, Gender: Male, HP IV: 36(0%), ATK IV: 37(0%), DEF IV: 29(0%), Work Speed: (0%), Skills: Noble
Lamball, Level: 16, Rank: 1, Gender: Male, HP IV: 99(0%), ATK IV: 27(0%), DEF IV: 1(0%), Work Speed: (0%), Skills: Dragonkiller, Shabby
Lamball, Level: 3, Rank: 1, Gender: Female, HP IV: 21(0%), ATK IV: 88(0%), DEF IV: 71(0%), Work Speed: (0%), Skills: Vanguard
Lamball, Level: 4, Rank: 1, Gender: Female, HP IV: 24(0%), ATK IV: 79(0%), DEF IV: 62(0%), Work Speed: (0%), Skills: Hooligan
Lamball, Level: 4, Rank: 1, Gender: Female, HP IV: 96(0%), ATK IV: 34(0%), DEF IV: 10(0%), Work Speed: (0%), Skills: Veil of Darkness
Lamball, Level: 4, Rank: 1, Gender: Male, HP IV: 69(0%), ATK IV: 67(0%), DEF IV: 20(0%), Work Speed: (0%), Skills: Masochist
Lamball, Level: 5, Rank: 1, Gender: Female, HP IV: 24(0%), ATK IV: 90(0%), DEF IV: 35(0%), Work Speed: (0%), Skills: Heated Body, Ferocious
Lamball, Level: 5, Rank: 1, Gender: Female, HP IV: 5(0%), ATK IV: 89(0%), DEF IV: 26(0%), Work Speed: (0%), Skills: Vanguard
Lifmunk, Level: 2, Rank: 1, Gender: Male, HP IV: 47(0%), ATK IV: 5(0%), DEF IV: 20(0%), Work Speed: (0%), Skills: Artisan
Lifmunk, Level: 2, Rank: 1, Gender: Male, HP IV: 81(0%), ATK IV: 2(0%), DEF IV: 64(0%), Work Speed: (0%)
Melpaca, Level: 8, Rank: 1, Gender: Male, HP IV: 28(0%), ATK IV: 95(0%), DEF IV: 34(0%), Work Speed: (0%), Skills: Dainty Eater
Nox, Level: 6, Rank: 1, Gender: Male, HP IV: 18(0%), ATK IV: 29(0%), DEF IV: 52(0%), Work Speed: (0%), Skills: Serenity
Rooby, Level: 2, Rank: 1, Gender: Female, HP IV: 93(0%), ATK IV: 95(0%), DEF IV: 88(0%), Work Speed: (0%), Skills: Coward, Philantropist
Rooby, Level: 5, Rank: 1, Gender: Female, HP IV: 100(0%), ATK IV: 27(0%), DEF IV: 56(0%), Work Speed: (0%)
Rooby, Level: 7, Rank: 1, Gender: Male, HP IV: 21(0%), ATK IV: 3(0%), DEF IV: 41(0%), Work Speed: (0%), Skills: Philantropist, Insulated Body, Ferocious
Rushoar, Level: 4, Rank: 1, Gender: Female, HP IV: 28(0%), ATK IV: 100(0%), DEF IV: 75(0%), Work Speed: (0%), Skills: Mercy hit
Swee, Level: 13, Rank: 1, Gender: Female, HP IV: 87(0%), ATK IV: 78(0%), DEF IV: 34(0%), Work Speed: (0%), Skills: Sadist
Vixy, Level: 4, Rank: 1, Gender: Male, HP IV: 55(0%), ATK IV: 62(0%), DEF IV: 32(0%), Work Speed: (0%), Skills: Hard Skin
Garahad's 54 Pals
-----------------
Cattiva, Level: 4, Rank: 1, Gender: Female, HP IV: 41(0%), ATK IV: 78(0%), DEF IV: 69(0%), Work Speed: (0%), Skills: Coward, Shabby, Sadist
Cattiva, Level: 5, Rank: 1, Gender: Male, HP IV: 50(0%), ATK IV: 43(0%), DEF IV: 32(0%), Work Speed: (0%), Skills: Coward, Infinite Stamina, Slacker
Cattiva, Level: 6, Rank: 1, Gender: Male, HP IV: 80(0%), ATK IV: 35(0%), DEF IV: 1(0%), Work Speed: (0%), Skills: Coward, Sadist
Cattiva, Level: 9, Rank: 1, Gender: Male, HP IV: 42(0%), ATK IV: 60(0%), DEF IV: 40(0%), Work Speed: (0%), Skills: Coward, Fine Furs, Motivational Leader
Chikipi, Level: 16, Rank: 1, Gender: Female, HP IV: 93(0%), ATK IV: 96(0%), DEF IV: 45(0%), Work Speed: (0%), Skills: Noble
Chikipi, Level: 2, Rank: 1, Gender: Female, HP IV: 63(0%), ATK IV: 33(0%), DEF IV: 29(0%), Work Speed: (0%), Skills: Swift
Chikipi, Level: 2, Rank: 1, Gender: Male, HP IV: 59(0%), ATK IV: 9(0%), DEF IV: 5(0%), Work Speed: (0%), Skills: Sadist
Chikipi, Level: 3, Rank: 1, Gender: Female, HP IV: 36(0%), ATK IV: 8(0%), DEF IV: 22(0%), Work Speed: (0%), Skills: Serious
Chikipi, Level: 3, Rank: 1, Gender: Male, HP IV: 37(0%), ATK IV: 17(0%), DEF IV: 51(0%), Work Speed: (0%), Skills: Coldblooded, Shabby, Coward
Chikipi, Level: 4, Rank: 1, Gender: Female, HP IV: 62(0%), ATK IV: 42(0%), DEF IV: 3(0%), Work Speed: (0%), Skills: Infinite Stamina
Chikipi, Level: 4, Rank: 1, Gender: Female, HP IV: 91(0%), ATK IV: 12(0%), DEF IV: 70(0%), Work Speed: (0%)
Chikipi, Level: 4, Rank: 1, Gender: Male, HP IV: 3(0%), ATK IV: 42(0%), DEF IV: 21(0%), Work Speed: (0%), Skills: Sadist
Chikipi, Level: 4, Rank: 1, Gender: Male, HP IV: 72(0%), ATK IV: 27(0%), DEF IV: 52(0%), Work Speed: (0%), Skills: Brittle, Logging Foreman, Infinite Stamina
Chikipi, Level: 4, Rank: 1, Gender: Male, HP IV: 83(0%), ATK IV: 61(0%), DEF IV: 86(0%), Work Speed: (0%), Skills: Serious
Chikipi, Level: 5, Rank: 1, Gender: Female, HP IV: 75(0%), ATK IV: 66(0%), DEF IV: 17(0%), Work Speed: (0%), Skills: Downtrodden
Chikipi, Level: 5, Rank: 1, Gender: Female, HP IV: 93(0%), ATK IV: 73(0%), DEF IV: 31(0%), Work Speed: (0%), Skills: Logging Foreman
Chikipi, Level: 5, Rank: 1, Gender: Male, HP IV: 2(0%), ATK IV: 88(0%), DEF IV: 37(0%), Work Speed: (0%), Skills: Clumsy
Chikipi, Level: 5, Rank: 1, Gender: Male, HP IV: 80(0%), ATK IV: 23(0%), DEF IV: 99(0%), Work Speed: (0%), Skills: Serious
Cremis, Level: 4, Rank: 1, Gender: Female, HP IV: 90(0%), ATK IV: 2(0%), DEF IV: 88(0%), Work Speed: (0%), Skills: Aggressive, Brave
Cremis, Level: 4, Rank: 1, Gender: Female, HP IV: 96(0%), ATK IV: 43(0%), DEF IV: 36(0%), Work Speed: (0%), Skills: Serious
Direhowl, Level: 13, Rank: 1, Gender: Female, HP IV: 66(0%), ATK IV: 83(0%), DEF IV: 60(0%), Work Speed: (0%), Skills: Diet Lover
Direhowl, Level: 4, Rank: 1, Gender: Female, HP IV: 52(0%), ATK IV: 63(0%), DEF IV: 76(0%), Work Speed: (0%), Skills: Brittle
Direhowl, Level: 6, Rank: 1, Gender: Female, HP IV: 75(0%), ATK IV: 74(0%), DEF IV: 1(0%), Work Speed: (0%), Skills: Veil of Darkness
Direhowl, Level: 7, Rank: 1, Gender: Female, HP IV: 61(0%), ATK IV: 66(0%), DEF IV: 35(0%), Work Speed: (0%), Skills: Pacifist
Dumud, Level: 17, Rank: 1, Gender: Female, HP IV: 58(0%), ATK IV: 91(0%), DEF IV: 72(0%), Work Speed: (0%), Skills: Coward
Foxparks, Level: 4, Rank: 1, Gender: Female, HP IV: 16(0%), ATK IV: 97(0%), DEF IV: 68(0%), Work Speed: (0%), Skills: Downtrodden
Fuack, Level: 5, Rank: 1, Gender: Female, HP IV: 52(0%), ATK IV: 13(0%), DEF IV: 93(0%), Work Speed: (0%), Skills: Brittle, Infinite Stamina
Gumoss (Special), Level: 3, Rank: 1, Gender: Male, HP IV: 35(0%), ATK IV: 75(0%), DEF IV: 33(0%), Work Speed: (0%)
Gumoss (Special), Level: 4, Rank: 1, Gender: Male, HP IV: 3(0%), ATK IV: 93(0%), DEF IV: 72(0%), Work Speed: (0%), Skills: Serenity
Gumoss, Level: 4, Rank: 1, Gender: Male, HP IV: 2(0%), ATK IV: 62(0%), DEF IV: 97(0%), Work Speed: (0%), Skills: Masochist
Gumoss, Level: 5, Rank: 1, Gender: Male, HP IV: 34(0%), ATK IV: 67(0%), DEF IV: 77(0%), Work Speed: (0%), Skills: Coldblooded, Pyromaniac
Hoocrates, Level: 3, Rank: 1, Gender: Male, HP IV: 98(0%), ATK IV: 74(0%), DEF IV: 36(0%), Work Speed: (0%), Skills: Capacitor
Hoocrates, Level: 5, Rank: 1, Gender: Female, HP IV: 45(0%), ATK IV: 22(0%), DEF IV: 74(0%), Work Speed: (0%), Skills: Aggressive
Hoocrates, Level: 5, Rank: 1, Gender: Female, HP IV: 79(0%), ATK IV: 49(0%), DEF IV: 23(0%), Work Speed: (0%), Skills: Earthquake Resistant, Nocturnal
Lamball, Level: 13, Rank: 1, Gender: Female, HP IV: 21(0%), ATK IV: 74(0%), DEF IV: 57(0%), Work Speed: (0%), Skills: Work Slave
Lamball, Level: 16, Rank: 1, Gender: Female, HP IV: 46(0%), ATK IV: 42(0%), DEF IV: 49(0%), Work Speed: (0%), Skills: Logging Foreman
Lamball, Level: 16, Rank: 1, Gender: Male, HP IV: 36(0%), ATK IV: 37(0%), DEF IV: 29(0%), Work Speed: (0%), Skills: Noble
Lamball, Level: 16, Rank: 1, Gender: Male, HP IV: 99(0%), ATK IV: 27(0%), DEF IV: 1(0%), Work Speed: (0%), Skills: Dragonkiller, Shabby
Lamball, Level: 3, Rank: 1, Gender: Female, HP IV: 21(0%), ATK IV: 88(0%), DEF IV: 71(0%), Work Speed: (0%), Skills: Vanguard
Lamball, Level: 4, Rank: 1, Gender: Female, HP IV: 24(0%), ATK IV: 79(0%), DEF IV: 62(0%), Work Speed: (0%), Skills: Hooligan
Lamball, Level: 4, Rank: 1, Gender: Female, HP IV: 96(0%), ATK IV: 34(0%), DEF IV: 10(0%), Work Speed: (0%), Skills: Veil of Darkness
Lamball, Level: 4, Rank: 1, Gender: Male, HP IV: 69(0%), ATK IV: 67(0%), DEF IV: 20(0%), Work Speed: (0%), Skills: Masochist
Lamball, Level: 5, Rank: 1, Gender: Female, HP IV: 24(0%), ATK IV: 90(0%), DEF IV: 35(0%), Work Speed: (0%), Skills: Heated Body, Ferocious
Lamball, Level: 5, Rank: 1, Gender: Female, HP IV: 5(0%), ATK IV: 89(0%), DEF IV: 26(0%), Work Speed: (0%), Skills: Vanguard
Lifmunk, Level: 2, Rank: 1, Gender: Male, HP IV: 47(0%), ATK IV: 5(0%), DEF IV: 20(0%), Work Speed: (0%), Skills: Artisan
Lifmunk, Level: 2, Rank: 1, Gender: Male, HP IV: 81(0%), ATK IV: 2(0%), DEF IV: 64(0%), Work Speed: (0%)
Melpaca, Level: 8, Rank: 1, Gender: Male, HP IV: 28(0%), ATK IV: 95(0%), DEF IV: 34(0%), Work Speed: (0%), Skills: Dainty Eater
Nox, Level: 6, Rank: 1, Gender: Male, HP IV: 18(0%), ATK IV: 29(0%), DEF IV: 52(0%), Work Speed: (0%), Skills: Serenity
Rooby, Level: 2, Rank: 1, Gender: Female, HP IV: 93(0%), ATK IV: 95(0%), DEF IV: 88(0%), Work Speed: (0%), Skills: Coward, Philantropist
Rooby, Level: 5, Rank: 1, Gender: Female, HP IV: 100(0%), ATK IV: 27(0%), DEF IV: 56(0%), Work Speed: (0%)
Rooby, Level: 7, Rank: 1, Gender: Male, HP IV: 21(0%), ATK IV: 3(0%), DEF IV: 41(0%), Work Speed: (0%), Skills: Philantropist, Insulated Body, Ferocious
Rushoar, Level: 4, Rank: 1, Gender: Female, HP IV: 28(0%), ATK IV: 100(0%), DEF IV: 75(0%), Work Speed: (0%), Skills: Mercy hit
Swee, Level: 13, Rank: 1, Gender: Female, HP IV: 87(0%), ATK IV: 78(0%), DEF IV: 34(0%), Work Speed: (0%), Skills: Sadist
Vixy, Level: 4, Rank: 1, Gender: Male, HP IV: 55(0%), ATK IV: 62(0%), DEF IV: 32(0%), Work Speed: (0%), Skills: Hard Skin
Garahad's 54 Pals
-----------------
Cattiva, Level: 4, Rank: 1, Gender: Female, HP IV: 41(0%), ATK IV: 78(0%), DEF IV: 69(0%), Work Speed: (0%), Skills: Coward, Shabby, Sadist
Cattiva, Level: 5, Rank: 1, Gender: Male, HP IV: 50(0%), ATK IV: 43(0%), DEF IV: 32(0%), Work Speed: (0%), Skills: Coward, Infinite Stamina, Slacker
Cattiva, Level: 6, Rank: 1, Gender: Male, HP IV: 80(0%), ATK IV: 35(0%), DEF IV: 1(0%), Work Speed: (0%), Skills: Coward, Sadist
Cattiva, Level: 9, Rank: 1, Gender: Male, HP IV: 42(0%), ATK IV: 60(0%), DEF IV: 40(0%), Work Speed: (0%), Skills: Coward, Fine Furs, Motivational Leader
Chikipi, Level: 16, Rank: 1, Gender: Female, HP IV: 93(0%), ATK IV: 96(0%), DEF IV: 45(0%), Work Speed: (0%), Skills: Noble
Chikipi, Level: 2, Rank: 1, Gender: Female, HP IV: 63(0%), ATK IV: 33(0%), DEF IV: 29(0%), Work Speed: (0%), Skills: Swift
Chikipi, Level: 2, Rank: 1, Gender: Male, HP IV: 59(0%), ATK IV: 9(0%), DEF IV: 5(0%), Work Speed: (0%), Skills: Sadist
Chikipi, Level: 3, Rank: 1, Gender: Female, HP IV: 36(0%), ATK IV: 8(0%), DEF IV: 22(0%), Work Speed: (0%), Skills: Serious
Chikipi, Level: 3, Rank: 1, Gender: Male, HP IV: 37(0%), ATK IV: 17(0%), DEF IV: 51(0%), Work Speed: (0%), Skills: Coldblooded, Shabby, Coward
Chikipi, Level: 4, Rank: 1, Gender: Female, HP IV: 62(0%), ATK IV: 42(0%), DEF IV: 3(0%), Work Speed: (0%), Skills: Infinite Stamina
Chikipi, Level: 4, Rank: 1, Gender: Female, HP IV: 91(0%), ATK IV: 12(0%), DEF IV: 70(0%), Work Speed: (0%)
Chikipi, Level: 4, Rank: 1, Gender: Male, HP IV: 3(0%), ATK IV: 42(0%), DEF IV: 21(0%), Work Speed: (0%), Skills: Sadist
Chikipi, Level: 4, Rank: 1, Gender: Male, HP IV: 72(0%), ATK IV: 27(0%), DEF IV: 52(0%), Work Speed: (0%), Skills: Brittle, Logging Foreman, Infinite Stamina
Chikipi, Level: 4, Rank: 1, Gender: Male, HP IV: 83(0%), ATK IV: 61(0%), DEF IV: 86(0%), Work Speed: (0%), Skills: Serious
Chikipi, Level: 5, Rank: 1, Gender: Female, HP IV: 75(0%), ATK IV: 66(0%), DEF IV: 17(0%), Work Speed: (0%), Skills: Downtrodden
Chikipi, Level: 5, Rank: 1, Gender: Female, HP IV: 93(0%), ATK IV: 73(0%), DEF IV: 31(0%), Work Speed: (0%), Skills: Logging Foreman
Chikipi, Level: 5, Rank: 1, Gender: Male, HP IV: 2(0%), ATK IV: 88(0%), DEF IV: 37(0%), Work Speed: (0%), Skills: Clumsy
Chikipi, Level: 5, Rank: 1, Gender: Male, HP IV: 80(0%), ATK IV: 23(0%), DEF IV: 99(0%), Work Speed: (0%), Skills: Serious
Cremis, Level: 4, Rank: 1, Gender: Female, HP IV: 90(0%), ATK IV: 2(0%), DEF IV: 88(0%), Work Speed: (0%), Skills: Aggressive, Brave
Cremis, Level: 4, Rank: 1, Gender: Female, HP IV: 96(0%), ATK IV: 43(0%), DEF IV: 36(0%), Work Speed: (0%), Skills: Serious
Direhowl, Level: 13, Rank: 1, Gender: Female, HP IV: 66(0%), ATK IV: 83(0%), DEF IV: 60(0%), Work Speed: (0%), Skills: Diet Lover
Direhowl, Level: 4, Rank: 1, Gender: Female, HP IV: 52(0%), ATK IV: 63(0%), DEF IV: 76(0%), Work Speed: (0%), Skills: Brittle
Direhowl, Level: 6, Rank: 1, Gender: Female, HP IV: 75(0%), ATK IV: 74(0%), DEF IV: 1(0%), Work Speed: (0%), Skills: Veil of Darkness
Direhowl, Level: 7, Rank: 1, Gender: Female, HP IV: 61(0%), ATK IV: 66(0%), DEF IV: 35(0%), Work Speed: (0%), Skills: Pacifist
Dumud, Level: 17, Rank: 1, Gender: Female, HP IV: 58(0%), ATK IV: 91(0%), DEF IV: 72(0%), Work Speed: (0%), Skills: Coward
Foxparks, Level: 4, Rank: 1, Gender: Female, HP IV: 16(0%), ATK IV: 97(0%), DEF IV: 68(0%), Work Speed: (0%), Skills: Downtrodden
Fuack, Level: 5, Rank: 1, Gender: Female, HP IV: 52(0%), ATK IV: 13(0%), DEF IV: 93(0%), Work Speed: (0%), Skills: Brittle, Infinite Stamina
Gumoss (Special), Level: 3, Rank: 1, Gender: Male, HP IV: 35(0%), ATK IV: 75(0%), DEF IV: 33(0%), Work Speed: (0%)
Gumoss (Special), Level: 4, Rank: 1, Gender: Male, HP IV: 3(0%), ATK IV: 93(0%), DEF IV: 72(0%), Work Speed: (0%), Skills: Serenity
Gumoss, Level: 4, Rank: 1, Gender: Male, HP IV: 2(0%), ATK IV: 62(0%), DEF IV: 97(0%), Work Speed: (0%), Skills: Masochist
Gumoss, Level: 5, Rank: 1, Gender: Male, HP IV: 34(0%), ATK IV: 67(0%), DEF IV: 77(0%), Work Speed: (0%), Skills: Coldblooded, Pyromaniac
Hoocrates, Level: 3, Rank: 1, Gender: Male, HP IV: 98(0%), ATK IV: 74(0%), DEF IV: 36(0%), Work Speed: (0%), Skills: Capacitor
Hoocrates, Level: 5, Rank: 1, Gender: Female, HP IV: 45(0%), ATK IV: 22(0%), DEF IV: 74(0%), Work Speed: (0%), Skills: Aggressive
Hoocrates, Level: 5, Rank: 1, Gender: Female, HP IV: 79(0%), ATK IV: 49(0%), DEF IV: 23(0%), Work Speed: (0%), Skills: Earthquake Resistant, Nocturnal
Lamball, Level: 13, Rank: 1, Gender: Female, HP IV: 21(0%), ATK IV: 74(0%), DEF IV: 57(0%), Work Speed: (0%), Skills: Work Slave
Lamball, Level: 16, Rank: 1, Gender: Female, HP IV: 46(0%), ATK IV: 42(0%), DEF IV: 49(0%), Work Speed: (0%), Skills: Logging Foreman
Lamball, Level: 16, Rank: 1, Gender: Male, HP IV: 36(0%), ATK IV: 37(0%), DEF IV: 29(0%), Work Speed: (0%), Skills: Noble
Lamball, Level: 16, Rank: 1, Gender: Male, HP IV: 99(0%), ATK IV: 27(0%), DEF IV: 1(0%), Work Speed: (0%), Skills: Dragonkiller, Shabby
Lamball, Level: 3, Rank: 1, Gender: Female, HP IV: 21(0%), ATK IV: 88(0%), DEF IV: 71(0%), Work Speed: (0%), Skills: Vanguard
Lamball, Level: 4, Rank: 1, Gender: Female, HP IV: 24(0%), ATK IV: 79(0%), DEF IV: 62(0%), Work Speed: (0%), Skills: Hooligan
Lamball, Level: 4, Rank: 1, Gender: Female, HP IV: 96(0%), ATK IV: 34(0%), DEF IV: 10(0%), Work Speed: (0%), Skills: Veil of Darkness
Lamball, Level: 4, Rank: 1, Gender: Male, HP IV: 69(0%), ATK IV: 67(0%), DEF IV: 20(0%), Work Speed: (0%), Skills: Masochist
Lamball, Level: 5, Rank: 1, Gender: Female, HP IV: 24(0%), ATK IV: 90(0%), DEF IV: 35(0%), Work Speed: (0%), Skills: Heated Body, Ferocious
Lamball, Level: 5, Rank: 1, Gender: Female, HP IV: 5(0%), ATK IV: 89(0%), DEF IV: 26(0%), Work Speed: (0%), Skills: Vanguard
Lifmunk, Level: 2, Rank: 1, Gender: Male, HP IV: 47(0%), ATK IV: 5(0%), DEF IV: 20(0%), Work Speed: (0%), Skills: Artisan
Lifmunk, Level: 2, Rank: 1, Gender: Male, HP IV: 81(0%), ATK IV: 2(0%), DEF IV: 64(0%), Work Speed: (0%)
Melpaca, Level: 8, Rank: 1, Gender: Male, HP IV: 28(0%), ATK IV: 95(0%), DEF IV: 34(0%), Work Speed: (0%), Skills: Dainty Eater
Nox, Level: 6, Rank: 1, Gender: Male, HP IV: 18(0%), ATK IV: 29(0%), DEF IV: 52(0%), Work Speed: (0%), Skills: Serenity
Rooby, Level: 2, Rank: 1, Gender: Female, HP IV: 93(0%), ATK IV: 95(0%), DEF IV: 88(0%), Work Speed: (0%), Skills: Coward, Philantropist
Rooby, Level: 5, Rank: 1, Gender: Female, HP IV: 100(0%), ATK IV: 27(0%), DEF IV: 56(0%), Work Speed: (0%)
Rooby, Level: 7, Rank: 1, Gender: Male, HP IV: 21(0%), ATK IV: 3(0%), DEF IV: 41(0%), Work Speed: (0%), Skills: Philantropist, Insulated Body, Ferocious
Rushoar, Level: 4, Rank: 1, Gender: Female, HP IV: 28(0%), ATK IV: 100(0%), DEF IV: 75(0%), Work Speed: (0%), Skills: Mercy hit
Swee, Level: 13, Rank: 1, Gender: Female, HP IV: 87(0%), ATK IV: 78(0%), DEF IV: 34(0%), Work Speed: (0%), Skills: Sadist
Vixy, Level: 4, Rank: 1, Gender: Male, HP IV: 55(0%), ATK IV: 62(0%), DEF IV: 32(0%), Work Speed: (0%), Skills: Hard Skin
Garahad's 54 Pals
-----------------
Cattiva, Level: 4, Rank: 1, Gender: Female, HP IV: 41(0%), ATK IV: 78(0%), DEF IV: 69(0%), Work Speed: (0%), Skills: Coward, Shabby, Sadist
Cattiva, Level: 5, Rank: 1, Gender: Male, HP IV: 50(0%), ATK IV: 43(0%), DEF IV: 32(0%), Work Speed: (0%), Skills: Coward, Infinite Stamina, Slacker
Cattiva, Level: 6, Rank: 1, Gender: Male, HP IV: 80(0%), ATK IV: 35(0%), DEF IV: 1(0%), Work Speed: (0%), Skills: Coward, Sadist
Cattiva, Level: 9, Rank: 1, Gender: Male, HP IV: 42(0%), ATK IV: 60(0%), DEF IV: 40(0%), Work Speed: (0%), Skills: Coward, Fine Furs, Motivational Leader
Chikipi, Level: 16, Rank: 1, Gender: Female, HP IV: 93(0%), ATK IV: 96(0%), DEF IV: 45(0%), Work Speed: (0%), Skills: Noble
Chikipi, Level: 2, Rank: 1, Gender: Female, HP IV: 63(0%), ATK IV: 33(0%), DEF IV: 29(0%), Work Speed: (0%), Skills: Swift
Chikipi, Level: 2, Rank: 1, Gender: Male, HP IV: 59(0%), ATK IV: 9(0%), DEF IV: 5(0%), Work Speed: (0%), Skills: Sadist
Chikipi, Level: 3, Rank: 1, Gender: Female, HP IV: 36(0%), ATK IV: 8(0%), DEF IV: 22(0%), Work Speed: (0%), Skills: Serious
Chikipi, Level: 3, Rank: 1, Gender: Male, HP IV: 37(0%), ATK IV: 17(0%), DEF IV: 51(0%), Work Speed: (0%), Skills: Coldblooded, Shabby, Coward
Chikipi, Level: 4, Rank: 1, Gender: Female, HP IV: 62(0%), ATK IV: 42(0%), DEF IV: 3(0%), Work Speed: (0%), Skills: Infinite Stamina
Chikipi, Level: 4, Rank: 1, Gender: Female, HP IV: 91(0%), ATK IV: 12(0%), DEF IV: 70(0%), Work Speed: (0%)
Chikipi, Level: 4, Rank: 1, Gender: Male, HP IV: 3(0%), ATK IV: 42(0%), DEF IV: 21(0%), Work Speed: (0%), Skills: Sadist
Chikipi, Level: 4, Rank: 1, Gender: Male, HP IV: 72(0%), ATK IV: 27(0%), DEF IV: 52(0%), Work Speed: (0%), Skills: Brittle, Logging Foreman, Infinite Stamina
Chikipi, Level: 4, Rank: 1, Gender: Male, HP IV: 83(0%), ATK IV: 61(0%), DEF IV: 86(0%), Work Speed: (0%), Skills: Serious
Chikipi, Level: 5, Rank: 1, Gender: Female, HP IV: 75(0%), ATK IV: 66(0%), DEF IV: 17(0%), Work Speed: (0%), Skills: Downtrodden
Chikipi, Level: 5, Rank: 1, Gender: Female, HP IV: 93(0%), ATK IV: 73(0%), DEF IV: 31(0%), Work Speed: (0%), Skills: Logging Foreman
Chikipi, Level: 5, Rank: 1, Gender: Male, HP IV: 2(0%), ATK IV: 88(0%), DEF IV: 37(0%), Work Speed: (0%), Skills: Clumsy
Chikipi, Level: 5, Rank: 1, Gender: Male, HP IV: 80(0%), ATK IV: 23(0%), DEF IV: 99(0%), Work Speed: (0%), Skills: Serious
Cremis, Level: 4, Rank: 1, Gender: Female, HP IV: 90(0%), ATK IV: 2(0%), DEF IV: 88(0%), Work Speed: (0%), Skills: Aggressive, Brave
Cremis, Level: 4, Rank: 1, Gender: Female, HP IV: 96(0%), ATK IV: 43(0%), DEF IV: 36(0%), Work Speed: (0%), Skills: Serious
Direhowl, Level: 13, Rank: 1, Gender: Female, HP IV: 66(0%), ATK IV: 83(0%), DEF IV: 60(0%), Work Speed: (0%), Skills: Diet Lover
Direhowl, Level: 4, Rank: 1, Gender: Female, HP IV: 52(0%), ATK IV: 63(0%), DEF IV: 76(0%), Work Speed: (0%), Skills: Brittle
Direhowl, Level: 6, Rank: 1, Gender: Female, HP IV: 75(0%), ATK IV: 74(0%), DEF IV: 1(0%), Work Speed: (0%), Skills: Veil of Darkness
Direhowl, Level: 7, Rank: 1, Gender: Female, HP IV: 61(0%), ATK IV: 66(0%), DEF IV: 35(0%), Work Speed: (0%), Skills: Pacifist
Dumud, Level: 17, Rank: 1, Gender: Female, HP IV: 58(0%), ATK IV: 91(0%), DEF IV: 72(0%), Work Speed: (0%), Skills: Coward
Foxparks, Level: 4, Rank: 1, Gender: Female, HP IV: 16(0%), ATK IV: 97(0%), DEF IV: 68(0%), Work Speed: (0%), Skills: Downtrodden
Fuack, Level: 5, Rank: 1, Gender: Female, HP IV: 52(0%), ATK IV: 13(0%), DEF IV: 93(0%), Work Speed: (0%), Skills: Brittle, Infinite Stamina
Gumoss (Special), Level: 3, Rank: 1, Gender: Male, HP IV: 35(0%), ATK IV: 75(0%), DEF IV: 33(0%), Work Speed: (0%)
Gumoss (Special), Level: 4, Rank: 1, Gender: Male, HP IV: 3(0%), ATK IV: 93(0%), DEF IV: 72(0%), Work Speed: (0%), Skills: Serenity
Gumoss, Level: 4, Rank: 1, Gender: Male, HP IV: 2(0%), ATK IV: 62(0%), DEF IV: 97(0%), Work Speed: (0%), Skills: Masochist
Gumoss, Level: 5, Rank: 1, Gender: Male, HP IV: 34(0%), ATK IV: 67(0%), DEF IV: 77(0%), Work Speed: (0%), Skills: Coldblooded, Pyromaniac
Hoocrates, Level: 3, Rank: 1, Gender: Male, HP IV: 98(0%), ATK IV: 74(0%), DEF IV: 36(0%), Work Speed: (0%), Skills: Capacitor
Hoocrates, Level: 5, Rank: 1, Gender: Female, HP IV: 45(0%), ATK IV: 22(0%), DEF IV: 74(0%), Work Speed: (0%), Skills: Aggressive
Hoocrates, Level: 5, Rank: 1, Gender: Female, HP IV: 79(0%), ATK IV: 49(0%), DEF IV: 23(0%), Work Speed: (0%), Skills: Earthquake Resistant, Nocturnal
Lamball, Level: 13, Rank: 1, Gender: Female, HP IV: 21(0%), ATK IV: 74(0%), DEF IV: 57(0%), Work Speed: (0%), Skills: Work Slave
Lamball, Level: 16, Rank: 1, Gender: Female, HP IV: 46(0%), ATK IV: 42(0%), DEF IV: 49(0%), Work Speed: (0%), Skills: Logging Foreman
Lamball, Level: 16, Rank: 1, Gender: Male, HP IV: 36(0%), ATK IV: 37(0%), DEF IV: 29(0%), Work Speed: (0%), Skills: Noble
Lamball, Level: 16, Rank: 1, Gender: Male, HP IV: 99(0%), ATK IV: 27(0%), DEF IV: 1(0%), Work Speed: (0%), Skills: Dragonkiller, Shabby
Lamball, Level: 3, Rank: 1, Gender: Female, HP IV: 21(0%), ATK IV: 88(0%), DEF IV: 71(0%), Work Speed: (0%), Skills: Vanguard
Lamball, Level: 4, Rank: 1, Gender: Female, HP IV: 24(0%), ATK IV: 79(0%), DEF IV: 62(0%), Work Speed: (0%), Skills: Hooligan
Lamball, Level: 4, Rank: 1, Gender: Female, HP IV: 96(0%), ATK IV: 34(0%), DEF IV: 10(0%), Work Speed: (0%), Skills: Veil of Darkness
Lamball, Level: 4, Rank: 1, Gender: Male, HP IV: 69(0%), ATK IV: 67(0%), DEF IV: 20(0%), Work Speed: (0%), Skills: Masochist
Lamball, Level: 5, Rank: 1, Gender: Female, HP IV: 24(0%), ATK IV: 90(0%), DEF IV: 35(0%), Work Speed: (0%), Skills: Heated Body, Ferocious
Lamball, Level: 5, Rank: 1, Gender: Female, HP IV: 5(0%), ATK IV: 89(0%), DEF IV: 26(0%), Work Speed: (0%), Skills: Vanguard
Lifmunk, Level: 2, Rank: 1, Gender: Male, HP IV: 47(0%), ATK IV: 5(0%), DEF IV: 20(0%), Work Speed: (0%), Skills: Artisan
Lifmunk, Level: 2, Rank: 1, Gender: Male, HP IV: 81(0%), ATK IV: 2(0%), DEF IV: 64(0%), Work Speed: (0%)
Melpaca, Level: 8, Rank: 1, Gender: Male, HP IV: 28(0%), ATK IV: 95(0%), DEF IV: 34(0%), Work Speed: (0%), Skills: Dainty Eater
Nox, Level: 6, Rank: 1, Gender: Male, HP IV: 18(0%), ATK IV: 29(0%), DEF IV: 52(0%), Work Speed: (0%), Skills: Serenity
Rooby, Level: 2, Rank: 1, Gender: Female, HP IV: 93(0%), ATK IV: 95(0%), DEF IV: 88(0%), Work Speed: (0%), Skills: Coward, Philantropist
Rooby, Level: 5, Rank: 1, Gender: Female, HP IV: 100(0%), ATK IV: 27(0%), DEF IV: 56(0%), Work Speed: (0%)
Rooby, Level: 7, Rank: 1, Gender: Male, HP IV: 21(0%), ATK IV: 3(0%), DEF IV: 41(0%), Work Speed: (0%), Skills: Philantropist, Insulated Body, Ferocious
Rushoar, Level: 4, Rank: 1, Gender: Female, HP IV: 28(0%), ATK IV: 100(0%), DEF IV: 75(0%), Work Speed: (0%), Skills: Mercy hit
Swee, Level: 13, Rank: 1, Gender: Female, HP IV: 87(0%), ATK IV: 78(0%), DEF IV: 34(0%), Work Speed: (0%), Skills: Sadist
Vixy, Level: 4, Rank: 1, Gender: Male, HP IV: 55(0%), ATK IV: 62(0%), DEF IV: 32(0%), Work Speed: (0%), Skills: Hard Skin
Garahad's 54 Pals
-----------------
Cattiva, Level: 4, Rank: 1, Gender: Female, HP IV: 41(0%), ATK IV: 78(0%), DEF IV: 69(0%), Work Speed: (0%), Skills: Coward, Shabby, Sadist
Cattiva, Level: 5, Rank: 1, Gender: Male, HP IV: 50(0%), ATK IV: 43(0%), DEF IV: 32(0%), Work Speed: (0%), Skills: Coward, Infinite Stamina, Slacker
Cattiva, Level: 6, Rank: 1, Gender: Male, HP IV: 80(0%), ATK IV: 35(0%), DEF IV: 1(0%), Work Speed: (0%), Skills: Coward, Sadist
Cattiva, Level: 9, Rank: 1, Gender: Male, HP IV: 42(0%), ATK IV: 60(0%), DEF IV: 40(0%), Work Speed: (0%), Skills: Coward, Fine Furs, Motivational Leader
Chikipi, Level: 16, Rank: 1, Gender: Female, HP IV: 93(0%), ATK IV: 96(0%), DEF IV: 45(0%), Work Speed: (0%), Skills: Noble
Chikipi, Level: 2, Rank: 1, Gender: Female, HP IV: 63(0%), ATK IV: 33(0%), DEF IV: 29(0%), Work Speed: (0%), Skills: Swift
Chikipi, Level: 2, Rank: 1, Gender: Male, HP IV: 59(0%), ATK IV: 9(0%), DEF IV: 5(0%), Work Speed: (0%), Skills: Sadist
Chikipi, Level: 3, Rank: 1, Gender: Female, HP IV: 36(0%), ATK IV: 8(0%), DEF IV: 22(0%), Work Speed: (0%), Skills: Serious
Chikipi, Level: 3, Rank: 1, Gender: Male, HP IV: 37(0%), ATK IV: 17(0%), DEF IV: 51(0%), Work Speed: (0%), Skills: Coldblooded, Shabby, Coward
Chikipi, Level: 4, Rank: 1, Gender: Female, HP IV: 62(0%), ATK IV: 42(0%), DEF IV: 3(0%), Work Speed: (0%), Skills: Infinite Stamina
Chikipi, Level: 4, Rank: 1, Gender: Female, HP IV: 91(0%), ATK IV: 12(0%), DEF IV: 70(0%), Work Speed: (0%)
Chikipi, Level: 4, Rank: 1, Gender: Male, HP IV: 3(0%), ATK IV: 42(0%), DEF IV: 21(0%), Work Speed: (0%), Skills: Sadist
Chikipi, Level: 4, Rank: 1, Gender: Male, HP IV: 72(0%), ATK IV: 27(0%), DEF IV: 52(0%), Work Speed: (0%), Skills: Brittle, Logging Foreman, Infinite Stamina
Chikipi, Level: 4, Rank: 1, Gender: Male, HP IV: 83(0%), ATK IV: 61(0%), DEF IV: 86(0%), Work Speed: (0%), Skills: Serious
Chikipi, Level: 5, Rank: 1, Gender: Female, HP IV: 75(0%), ATK IV: 66(0%), DEF IV: 17(0%), Work Speed: (0%), Skills: Downtrodden
Chikipi, Level: 5, Rank: 1, Gender: Female, HP IV: 93(0%), ATK IV: 73(0%), DEF IV: 31(0%), Work Speed: (0%), Skills: Logging Foreman
Chikipi, Level: 5, Rank: 1, Gender: Male, HP IV: 2(0%), ATK IV: 88(0%), DEF IV: 37(0%), Work Speed: (0%), Skills: Clumsy
Chikipi, Level: 5, Rank: 1, Gender: Male, HP IV: 80(0%), ATK IV: 23(0%), DEF IV: 99(0%), Work Speed: (0%), Skills: Serious
Cremis, Level: 4, Rank: 1, Gender: Female, HP IV: 90(0%), ATK IV: 2(0%), DEF IV: 88(0%), Work Speed: (0%), Skills: Aggressive, Brave
Cremis, Level: 4, Rank: 1, Gender: Female, HP IV: 96(0%), ATK IV: 43(0%), DEF IV: 36(0%), Work Speed: (0%), Skills: Serious
Direhowl, Level: 13, Rank: 1, Gender: Female, HP IV: 66(0%), ATK IV: 83(0%), DEF IV: 60(0%), Work Speed: (0%), Skills: Diet Lover
Direhowl, Level: 4, Rank: 1, Gender: Female, HP IV: 52(0%), ATK IV: 63(0%), DEF IV: 76(0%), Work Speed: (0%), Skills: Brittle
Direhowl, Level: 6, Rank: 1, Gender: Female, HP IV: 75(0%), ATK IV: 74(0%), DEF IV: 1(0%), Work Speed: (0%), Skills: Veil of Darkness
Direhowl, Level: 7, Rank: 1, Gender: Female, HP IV: 61(0%), ATK IV: 66(0%), DEF IV: 35(0%), Work Speed: (0%), Skills: Pacifist
Dumud, Level: 17, Rank: 1, Gender: Female, HP IV: 58(0%), ATK IV: 91(0%), DEF IV: 72(0%), Work Speed: (0%), Skills: Coward
Foxparks, Level: 4, Rank: 1, Gender: Female, HP IV: 16(0%), ATK IV: 97(0%), DEF IV: 68(0%), Work Speed: (0%), Skills: Downtrodden
Fuack, Level: 5, Rank: 1, Gender: Female, HP IV: 52(0%), ATK IV: 13(0%), DEF IV: 93(0%), Work Speed: (0%), Skills: Brittle, Infinite Stamina
Gumoss (Special), Level: 3, Rank: 1, Gender: Male, HP IV: 35(0%), ATK IV: 75(0%), DEF IV: 33(0%), Work Speed: (0%)
Gumoss (Special), Level: 4, Rank: 1, Gender: Male, HP IV: 3(0%), ATK IV: 93(0%), DEF IV: 72(0%), Work Speed: (0%), Skills: Serenity
Gumoss, Level: 4, Rank: 1, Gender: Male, HP IV: 2(0%), ATK IV: 62(0%), DEF IV: 97(0%), Work Speed: (0%), Skills: Masochist
Gumoss, Level: 5, Rank: 1, Gender: Male, HP IV: 34(0%), ATK IV: 67(0%), DEF IV: 77(0%), Work Speed: (0%), Skills: Coldblooded, Pyromaniac
Hoocrates, Level: 3, Rank: 1, Gender: Male, HP IV: 98(0%), ATK IV: 74(0%), DEF IV: 36(0%), Work Speed: (0%), Skills: Capacitor
Hoocrates, Level: 5, Rank: 1, Gender: Female, HP IV: 45(0%), ATK IV: 22(0%), DEF IV: 74(0%), Work Speed: (0%), Skills: Aggressive
Hoocrates, Level: 5, Rank: 1, Gender: Female, HP IV: 79(0%), ATK IV: 49(0%), DEF IV: 23(0%), Work Speed: (0%), Skills: Earthquake Resistant, Nocturnal
Lamball, Level: 13, Rank: 1, Gender: Female, HP IV: 21(0%), ATK IV: 74(0%), DEF IV: 57(0%), Work Speed: (0%), Skills: Work Slave
Lamball, Level: 16, Rank: 1, Gender: Female, HP IV: 46(0%), ATK IV: 42(0%), DEF IV: 49(0%), Work Speed: (0%), Skills: Logging Foreman
Lamball, Level: 16, Rank: 1, Gender: Male, HP IV: 36(0%), ATK IV: 37(0%), DEF IV: 29(0%), Work Speed: (0%), Skills: Noble
Lamball, Level: 16, Rank: 1, Gender: Male, HP IV: 99(0%), ATK IV: 27(0%), DEF IV: 1(0%), Work Speed: (0%), Skills: Dragonkiller, Shabby
Lamball, Level: 3, Rank: 1, Gender: Female, HP IV: 21(0%), ATK IV: 88(0%), DEF IV: 71(0%), Work Speed: (0%), Skills: Vanguard
Lamball, Level: 4, Rank: 1, Gender: Female, HP IV: 24(0%), ATK IV: 79(0%), DEF IV: 62(0%), Work Speed: (0%), Skills: Hooligan
Lamball, Level: 4, Rank: 1, Gender: Female, HP IV: 96(0%), ATK IV: 34(0%), DEF IV: 10(0%), Work Speed: (0%), Skills: Veil of Darkness
Lamball, Level: 4, Rank: 1, Gender: Male, HP IV: 69(0%), ATK IV: 67(0%), DEF IV: 20(0%), Work Speed: (0%), Skills: Masochist
Lamball, Level: 5, Rank: 1, Gender: Female, HP IV: 24(0%), ATK IV: 90(0%), DEF IV: 35(0%), Work Speed: (0%), Skills: Heated Body, Ferocious
Lamball, Level: 5, Rank: 1, Gender: Female, HP IV: 5(0%), ATK IV: 89(0%), DEF IV: 26(0%), Work Speed: (0%), Skills: Vanguard
Lifmunk, Level: 2, Rank: 1, Gender: Male, HP IV: 47(0%), ATK IV: 5(0%), DEF IV: 20(0%), Work Speed: (0%), Skills: Artisan
Lifmunk, Level: 2, Rank: 1, Gender: Male, HP IV: 81(0%), ATK IV: 2(0%), DEF IV: 64(0%), Work Speed: (0%)
Melpaca, Level: 8, Rank: 1, Gender: Male, HP IV: 28(0%), ATK IV: 95(0%), DEF IV: 34(0%), Work Speed: (0%), Skills: Dainty Eater
Nox, Level: 6, Rank: 1, Gender: Male, HP IV: 18(0%), ATK IV: 29(0%), DEF IV: 52(0%), Work Speed: (0%), Skills: Serenity
Rooby, Level: 2, Rank: 1, Gender: Female, HP IV: 93(0%), ATK IV: 95(0%), DEF IV: 88(0%), Work Speed: (0%), Skills: Coward, Philantropist
Rooby, Level: 5, Rank: 1, Gender: Female, HP IV: 100(0%), ATK IV: 27(0%), DEF IV: 56(0%), Work Speed: (0%)
Rooby, Level: 7, Rank: 1, Gender: Male, HP IV: 21(0%), ATK IV: 3(0%), DEF IV: 41(0%), Work Speed: (0%), Skills: Philantropist, Insulated Body, Ferocious
Rushoar, Level: 4, Rank: 1, Gender: Female, HP IV: 28(0%), ATK IV: 100(0%), DEF IV: 75(0%), Work Speed: (0%), Skills: Mercy hit
Swee, Level: 13, Rank: 1, Gender: Female, HP IV: 87(0%), ATK IV: 78(0%), DEF IV: 34(0%), Work Speed: (0%), Skills: Sadist
Vixy, Level: 4, Rank: 1, Gender: Male, HP IV: 55(0%), ATK IV: 62(0%), DEF IV: 32(0%), Work Speed: (0%), Skills: Hard Skin
Garahad's 54 Pals
-----------------
Cattiva, Level: 4, Rank: 1, Gender: Female, HP IV: 41(0%), ATK IV: 78(0%), DEF IV: 69(0%), Work Speed: (0%), Skills: Coward, Shabby, Sadist
Cattiva, Level: 5, Rank: 1, Gender: Male, HP IV: 50(0%), ATK IV: 43(0%), DEF IV: 32(0%), Work Speed: (0%), Skills: Coward, Infinite Stamina, Slacker
Cattiva, Level: 6, Rank: 1, Gender: Male, HP IV: 80(0%), ATK IV: 35(0%), DEF IV: 1(0%), Work Speed: (0%), Skills: Coward, Sadist
Cattiva, Level: 9, Rank: 1, Gender: Male, HP IV: 42(0%), ATK IV: 60(0%), DEF IV: 40(0%), Work Speed: (0%), Skills: Coward, Fine Furs, Motivational Leader
Chikipi, Level: 16, Rank: 1, Gender: Female, HP IV: 93(0%), ATK IV: 96(0%), DEF IV: 45(0%), Work Speed: (0%), Skills: Noble
Chikipi, Level: 2, Rank: 1, Gender: Female, HP IV: 63(0%), ATK IV: 33(0%), DEF IV: 29(0%), Work Speed: (0%), Skills: Swift
Chikipi, Level: 2, Rank: 1, Gender: Male, HP IV: 59(0%), ATK IV: 9(0%), DEF IV: 5(0%), Work Speed: (0%), Skills: Sadist
Chikipi, Level: 3, Rank: 1, Gender: Female, HP IV: 36(0%), ATK IV: 8(0%), DEF IV: 22(0%), Work Speed: (0%), Skills: Serious
Chikipi, Level: 3, Rank: 1, Gender: Male, HP IV: 37(0%), ATK IV: 17(0%), DEF IV: 51(0%), Work Speed: (0%), Skills: Coldblooded, Shabby, Coward
Chikipi, Level: 4, Rank: 1, Gender: Female, HP IV: 62(0%), ATK IV: 42(0%), DEF IV: 3(0%), Work Speed: (0%), Skills: Infinite Stamina
Chikipi, Level: 4, Rank: 1, Gender: Female, HP IV: 91(0%), ATK IV: 12(0%), DEF IV: 70(0%), Work Speed: (0%)
Chikipi, Level: 4, Rank: 1, Gender: Male, HP IV: 3(0%), ATK IV: 42(0%), DEF IV: 21(0%), Work Speed: (0%), Skills: Sadist
Chikipi, Level: 4, Rank: 1, Gender: Male, HP IV: 72(0%), ATK IV: 27(0%), DEF IV: 52(0%), Work Speed: (0%), Skills: Brittle, Logging Foreman, Infinite Stamina
Chikipi, Level: 4, Rank: 1, Gender: Male, HP IV: 83(0%), ATK IV: 61(0%), DEF IV: 86(0%), Work Speed: (0%), Skills: Serious
Chikipi, Level: 5, Rank: 1, Gender: Female, HP IV: 75(0%), ATK IV: 66(0%), DEF IV: 17(0%), Work Speed: (0%), Skills: Downtrodden
Chikipi, Level: 5, Rank: 1, Gender: Female, HP IV: 93(0%), ATK IV: 73(0%), DEF IV: 31(0%), Work Speed: (0%), Skills: Logging Foreman
Chikipi, Level: 5, Rank: 1, Gender: Male, HP IV: 2(0%), ATK IV: 88(0%), DEF IV: 37(0%), Work Speed: (0%), Skills: Clumsy
Chikipi, Level: 5, Rank: 1, Gender: Male, HP IV: 80(0%), ATK IV: 23(0%), DEF IV: 99(0%), Work Speed: (0%), Skills: Serious
Cremis, Level: 4, Rank: 1, Gender: Female, HP IV: 90(0%), ATK IV: 2(0%), DEF IV: 88(0%), Work Speed: (0%), Skills: Aggressive, Brave
Cremis, Level: 4, Rank: 1, Gender: Female, HP IV: 96(0%), ATK IV: 43(0%), DEF IV: 36(0%), Work Speed: (0%), Skills: Serious
Direhowl, Level: 13, Rank: 1, Gender: Female, HP IV: 66(0%), ATK IV: 83(0%), DEF IV: 60(0%), Work Speed: (0%), Skills: Diet Lover
Direhowl, Level: 4, Rank: 1, Gender: Female, HP IV: 52(0%), ATK IV: 63(0%), DEF IV: 76(0%), Work Speed: (0%), Skills: Brittle
Direhowl, Level: 6, Rank: 1, Gender: Female, HP IV: 75(0%), ATK IV: 74(0%), DEF IV: 1(0%), Work Speed: (0%), Skills: Veil of Darkness
Direhowl, Level: 7, Rank: 1, Gender: Female, HP IV: 61(0%), ATK IV: 66(0%), DEF IV: 35(0%), Work Speed: (0%), Skills: Pacifist
Dumud, Level: 17, Rank: 1, Gender: Female, HP IV: 58(0%), ATK IV: 91(0%), DEF IV: 72(0%), Work Speed: (0%), Skills: Coward
Foxparks, Level: 4, Rank: 1, Gender: Female, HP IV: 16(0%), ATK IV: 97(0%), DEF IV: 68(0%), Work Speed: (0%), Skills: Downtrodden
Fuack, Level: 5, Rank: 1, Gender: Female, HP IV: 52(0%), ATK IV: 13(0%), DEF IV: 93(0%), Work Speed: (0%), Skills: Brittle, Infinite Stamina
Gumoss (Special), Level: 3, Rank: 1, Gender: Male, HP IV: 35(0%), ATK IV: 75(0%), DEF IV: 33(0%), Work Speed: (0%)
Gumoss (Special), Level: 4, Rank: 1, Gender: Male, HP IV: 3(0%), ATK IV: 93(0%), DEF IV: 72(0%), Work Speed: (0%), Skills: Serenity
Gumoss, Level: 4, Rank: 1, Gender: Male, HP IV: 2(0%), ATK IV: 62(0%), DEF IV: 97(0%), Work Speed: (0%), Skills: Masochist
Gumoss, Level: 5, Rank: 1, Gender: Male, HP IV: 34(0%), ATK IV: 67(0%), DEF IV: 77(0%), Work Speed: (0%), Skills: Coldblooded, Pyromaniac
Hoocrates, Level: 3, Rank: 1, Gender: Male, HP IV: 98(0%), ATK IV: 74(0%), DEF IV: 36(0%), Work Speed: (0%), Skills: Capacitor
Hoocrates, Level: 5, Rank: 1, Gender: Female, HP IV: 45(0%), ATK IV: 22(0%), DEF IV: 74(0%), Work Speed: (0%), Skills: Aggressive
Hoocrates, Level: 5, Rank: 1, Gender: Female, HP IV: 79(0%), ATK IV: 49(0%), DEF IV: 23(0%), Work Speed: (0%), Skills: Earthquake Resistant, Nocturnal
Lamball, Level: 13, Rank: 1, Gender: Female, HP IV: 21(0%), ATK IV: 74(0%), DEF IV: 57(0%), Work Speed: (0%), Skills: Work Slave
Lamball, Level: 16, Rank: 1, Gender: Female, HP IV: 46(0%), ATK IV: 42(0%), DEF IV: 49(0%), Work Speed: (0%), Skills: Logging Foreman
Lamball, Level: 16, Rank: 1, Gender: Male, HP IV: 36(0%), ATK IV: 37(0%), DEF IV: 29(0%), Work Speed: (0%), Skills: Noble
Lamball, Level: 16, Rank: 1, Gender: Male, HP IV: 99(0%), ATK IV: 27(0%), DEF IV: 1(0%), Work Speed: (0%), Skills: Dragonkiller, Shabby
Lamball, Level: 3, Rank: 1, Gender: Female, HP IV: 21(0%), ATK IV: 88(0%), DEF IV: 71(0%), Work Speed: (0%), Skills: Vanguard
Lamball, Level: 4, Rank: 1, Gender: Female, HP IV: 24(0%), ATK IV: 79(0%), DEF IV: 62(0%), Work Speed: (0%), Skills: Hooligan
Lamball, Level: 4, Rank: 1, Gender: Female, HP IV: 96(0%), ATK IV: 34(0%), DEF IV: 10(0%), Work Speed: (0%), Skills: Veil of Darkness
Lamball, Level: 4, Rank: 1, Gender: Male, HP IV: 69(0%), ATK IV: 67(0%), DEF IV: 20(0%), Work Speed: (0%), Skills: Masochist
Lamball, Level: 5, Rank: 1, Gender: Female, HP IV: 24(0%), ATK IV: 90(0%), DEF IV: 35(0%), Work Speed: (0%), Skills: Heated Body, Ferocious
Lamball, Level: 5, Rank: 1, Gender: Female, HP IV: 5(0%), ATK IV: 89(0%), DEF IV: 26(0%), Work Speed: (0%), Skills: Vanguard
Lifmunk, Level: 2, Rank: 1, Gender: Male, HP IV: 47(0%), ATK IV: 5(0%), DEF IV: 20(0%), Work Speed: (0%), Skills: Artisan
Lifmunk, Level: 2, Rank: 1, Gender: Male, HP IV: 81(0%), ATK IV: 2(0%), DEF IV: 64(0%), Work Speed: (0%)
Melpaca, Level: 8, Rank: 1, Gender: Male, HP IV: 28(0%), ATK IV: 95(0%), DEF IV: 34(0%), Work Speed: (0%), Skills: Dainty Eater
Nox, Level: 6, Rank: 1, Gender: Male, HP IV: 18(0%), ATK IV: 29(0%), DEF IV: 52(0%), Work Speed: (0%), Skills: Serenity
Rooby, Level: 2, Rank: 1, Gender: Female, HP IV: 93(0%), ATK IV: 95(0%), DEF IV: 88(0%), Work Speed: (0%), Skills: Coward, Philantropist
Rooby, Level: 5, Rank: 1, Gender: Female, HP IV: 100(0%), ATK IV: 27(0%), DEF IV: 56(0%), Work Speed: (0%)
Rooby, Level: 7, Rank: 1, Gender: Male, HP IV: 21(0%), ATK IV: 3(0%), DEF IV: 41(0%), Work Speed: (0%), Skills: Philantropist, Insulated Body, Ferocious
Rushoar, Level: 4, Rank: 1, Gender: Female, HP IV: 28(0%), ATK IV: 100(0%), DEF IV: 75(0%), Work Speed: (0%), Skills: Mercy hit
Swee, Level: 13, Rank: 1, Gender: Female, HP IV: 87(0%), ATK IV: 78(0%), DEF IV: 34(0%), Work Speed: (0%), Skills: Sadist
Vixy, Level: 4, Rank: 1, Gender: Male, HP IV: 55(0%), ATK IV: 62(0%), DEF IV: 32(0%), Work Speed: (0%), Skills: Hard Skin
Garahad's 54 Pals
-----------------
Cattiva, Level: 4, Rank: 1, Gender: Female, HP IV: 41(0%), ATK IV: 78(0%), DEF IV: 69(0%), Work Speed: (0%), Skills: Coward, Shabby, Sadist
Cattiva, Level: 5, Rank: 1, Gender: Male, HP IV: 50(0%), ATK IV: 43(0%), DEF IV: 32(0%), Work Speed: (0%), Skills: Coward, Infinite Stamina, Slacker
Cattiva, Level: 6, Rank: 1, Gender: Male, HP IV: 80(0%), ATK IV: 35(0%), DEF IV: 1(0%), Work Speed: (0%), Skills: Coward, Sadist
Cattiva, Level: 9, Rank: 1, Gender: Male, HP IV: 42(0%), ATK IV: 60(0%), DEF IV: 40(0%), Work Speed: (0%), Skills: Coward, Fine Furs, Motivational Leader
Chikipi, Level: 16, Rank: 1, Gender: Female, HP IV: 93(0%), ATK IV: 96(0%), DEF IV: 45(0%), Work Speed: (0%), Skills: Noble
Chikipi, Level: 2, Rank: 1, Gender: Female, HP IV: 63(0%), ATK IV: 33(0%), DEF IV: 29(0%), Work Speed: (0%), Skills: Swift
Chikipi, Level: 2, Rank: 1, Gender: Male, HP IV: 59(0%), ATK IV: 9(0%), DEF IV: 5(0%), Work Speed: (0%), Skills: Sadist
Chikipi, Level: 3, Rank: 1, Gender: Female, HP IV: 36(0%), ATK IV: 8(0%), DEF IV: 22(0%), Work Speed: (0%), Skills: Serious
Chikipi, Level: 3, Rank: 1, Gender: Male, HP IV: 37(0%), ATK IV: 17(0%), DEF IV: 51(0%), Work Speed: (0%), Skills: Coldblooded, Shabby, Coward
Chikipi, Level: 4, Rank: 1, Gender: Female, HP IV: 62(0%), ATK IV: 42(0%), DEF IV: 3(0%), Work Speed: (0%), Skills: Infinite Stamina
Chikipi, Level: 4, Rank: 1, Gender: Female, HP IV: 91(0%), ATK IV: 12(0%), DEF IV: 70(0%), Work Speed: (0%)
Chikipi, Level: 4, Rank: 1, Gender: Male, HP IV: 3(0%), ATK IV: 42(0%), DEF IV: 21(0%), Work Speed: (0%), Skills: Sadist
Chikipi, Level: 4, Rank: 1, Gender: Male, HP IV: 72(0%), ATK IV: 27(0%), DEF IV: 52(0%), Work Speed: (0%), Skills: Brittle, Logging Foreman, Infinite Stamina
Chikipi, Level: 4, Rank: 1, Gender: Male, HP IV: 83(0%), ATK IV: 61(0%), DEF IV: 86(0%), Work Speed: (0%), Skills: Serious
Chikipi, Level: 5, Rank: 1, Gender: Female, HP IV: 75(0%), ATK IV: 66(0%), DEF IV: 17(0%), Work Speed: (0%), Skills: Downtrodden
Chikipi, Level: 5, Rank: 1, Gender: Female, HP IV: 93(0%), ATK IV: 73(0%), DEF IV: 31(0%), Work Speed: (0%), Skills: Logging Foreman
Chikipi, Level: 5, Rank: 1, Gender: Male, HP IV: 2(0%), ATK IV: 88(0%), DEF IV: 37(0%), Work Speed: (0%), Skills: Clumsy
Chikipi, Level: 5, Rank: 1, Gender: Male, HP IV: 80(0%), ATK IV: 23(0%), DEF IV: 99(0%), Work Speed: (0%), Skills: Serious
Cremis, Level: 4, Rank: 1, Gender: Female, HP IV: 90(0%), ATK IV: 2(0%), DEF IV: 88(0%), Work Speed: (0%), Skills: Aggressive, Brave
Cremis, Level: 4, Rank: 1, Gender: Female, HP IV: 96(0%), ATK IV: 43(0%), DEF IV: 36(0%), Work Speed: (0%), Skills: Serious
Direhowl, Level: 13, Rank: 1, Gender: Female, HP IV: 66(0%), ATK IV: 83(0%), DEF IV: 60(0%), Work Speed: (0%), Skills: Diet Lover
Direhowl, Level: 4, Rank: 1, Gender: Female, HP IV: 52(0%), ATK IV: 63(0%), DEF IV: 76(0%), Work Speed: (0%), Skills: Brittle
Direhowl, Level: 6, Rank: 1, Gender: Female, HP IV: 75(0%), ATK IV: 74(0%), DEF IV: 1(0%), Work Speed: (0%), Skills: Veil of Darkness
Direhowl, Level: 7, Rank: 1, Gender: Female, HP IV: 61(0%), ATK IV: 66(0%), DEF IV: 35(0%), Work Speed: (0%), Skills: Pacifist
Dumud, Level: 17, Rank: 1, Gender: Female, HP IV: 58(0%), ATK IV: 91(0%), DEF IV: 72(0%), Work Speed: (0%), Skills: Coward
Foxparks, Level: 4, Rank: 1, Gender: Female, HP IV: 16(0%), ATK IV: 97(0%), DEF IV: 68(0%), Work Speed: (0%), Skills: Downtrodden
Fuack, Level: 5, Rank: 1, Gender: Female, HP IV: 52(0%), ATK IV: 13(0%), DEF IV: 93(0%), Work Speed: (0%), Skills: Brittle, Infinite Stamina
Gumoss (Special), Level: 3, Rank: 1, Gender: Male, HP IV: 35(0%), ATK IV: 75(0%), DEF IV: 33(0%), Work Speed: (0%)
Gumoss (Special), Level: 4, Rank: 1, Gender: Male, HP IV: 3(0%), ATK IV: 93(0%), DEF IV: 72(0%), Work Speed: (0%), Skills: Serenity
Gumoss, Level: 4, Rank: 1, Gender: Male, HP IV: 2(0%), ATK IV: 62(0%), DEF IV: 97(0%), Work Speed: (0%), Skills: Masochist
Gumoss, Level: 5, Rank: 1, Gender: Male, HP IV: 34(0%), ATK IV: 67(0%), DEF IV: 77(0%), Work Speed: (0%), Skills: Coldblooded, Pyromaniac
Hoocrates, Level: 3, Rank: 1, Gender: Male, HP IV: 98(0%), ATK IV: 74(0%), DEF IV: 36(0%), Work Speed: (0%), Skills: Capacitor
Hoocrates, Level: 5, Rank: 1, Gender: Female, HP IV: 45(0%), ATK IV: 22(0%), DEF IV: 74(0%), Work Speed: (0%), Skills: Aggressive
Hoocrates, Level: 5, Rank: 1, Gender: Female, HP IV: 79(0%), ATK IV: 49(0%), DEF IV: 23(0%), Work Speed: (0%), Skills: Earthquake Resistant, Nocturnal
Lamball, Level: 13, Rank: 1, Gender: Female, HP IV: 21(0%), ATK IV: 74(0%), DEF IV: 57(0%), Work Speed: (0%), Skills: Work Slave
Lamball, Level: 16, Rank: 1, Gender: Female, HP IV: 46(0%), ATK IV: 42(0%), DEF IV: 49(0%), Work Speed: (0%), Skills: Logging Foreman
Lamball, Level: 16, Rank: 1, Gender: Male, HP IV: 36(0%), ATK IV: 37(0%), DEF IV: 29(0%), Work Speed: (0%), Skills: Noble
Lamball, Level: 16, Rank: 1, Gender: Male, HP IV: 99(0%), ATK IV: 27(0%), DEF IV: 1(0%), Work Speed: (0%), Skills: Dragonkiller, Shabby
Lamball, Level: 3, Rank: 1, Gender: Female, HP IV: 21(0%), ATK IV: 88(0%), DEF IV: 71(0%), Work Speed: (0%), Skills: Vanguard
Lamball, Level: 4, Rank: 1, Gender: Female, HP IV: 24(0%), ATK IV: 79(0%), DEF IV: 62(0%), Work Speed: (0%), Skills: Hooligan
Lamball, Level: 4, Rank: 1, Gender: Female, HP IV: 96(0%), ATK IV: 34(0%), DEF IV: 10(0%), Work Speed: (0%), Skills: Veil of Darkness
Lamball, Level: 4, Rank: 1, Gender: Male, HP IV: 69(0%), ATK IV: 67(0%), DEF IV: 20(0%), Work Speed: (0%), Skills: Masochist
Lamball, Level: 5, Rank: 1, Gender: Female, HP IV: 24(0%), ATK IV: 90(0%), DEF IV: 35(0%), Work Speed: (0%), Skills: Heated Body, Ferocious
Lamball, Level: 5, Rank: 1, Gender: Female, HP IV: 5(0%), ATK IV: 89(0%), DEF IV: 26(0%), Work Speed: (0%), Skills: Vanguard
Lifmunk, Level: 2, Rank: 1, Gender: Male, HP IV: 47(0%), ATK IV: 5(0%), DEF IV: 20(0%), Work Speed: (0%), Skills: Artisan
Lifmunk, Level: 2, Rank: 1, Gender: Male, HP IV: 81(0%), ATK IV: 2(0%), DEF IV: 64(0%), Work Speed: (0%)
Melpaca, Level: 8, Rank: 1, Gender: Male, HP IV: 28(0%), ATK IV: 95(0%), DEF IV: 34(0%), Work Speed: (0%), Skills: Dainty Eater
Nox, Level: 6, Rank: 1, Gender: Male, HP IV: 18(0%), ATK IV: 29(0%), DEF IV: 52(0%), Work Speed: (0%), Skills: Serenity
Rooby, Level: 2, Rank: 1, Gender: Female, HP IV: 93(0%), ATK IV: 95(0%), DEF IV: 88(0%), Work Speed: (0%), Skills: Coward, Philantropist
Rooby, Level: 5, Rank: 1, Gender: Female, HP IV: 100(0%), ATK IV: 27(0%), DEF IV: 56(0%), Work Speed: (0%)
Rooby, Level: 7, Rank: 1, Gender: Male, HP IV: 21(0%), ATK IV: 3(0%), DEF IV: 41(0%), Work Speed: (0%), Skills: Philantropist, Insulated Body, Ferocious
Rushoar, Level: 4, Rank: 1, Gender: Female, HP IV: 28(0%), ATK IV: 100(0%), DEF IV: 75(0%), Work Speed: (0%), Skills: Mercy hit
Swee, Level: 13, Rank: 1, Gender: Female, HP IV: 87(0%), ATK IV: 78(0%), DEF IV: 34(0%), Work Speed: (0%), Skills: Sadist
Vixy, Level: 4, Rank: 1, Gender: Male, HP IV: 55(0%), ATK IV: 62(0%), DEF IV: 32(0%), Work Speed: (0%), Skills: Hard Skin
Garahad's 54 Pals
-----------------
Cattiva, Level: 4, Rank: 1, Gender: Female, HP IV: 41(0%), ATK IV: 78(0%), DEF IV: 69(0%), Work Speed: (0%), Skills: Coward, Shabby, Sadist
Cattiva, Level: 5, Rank: 1, Gender: Male, HP IV: 50(0%), ATK IV: 43(0%), DEF IV: 32(0%), Work Speed: (0%), Skills: Coward, Infinite Stamina, Slacker
Cattiva, Level: 6, Rank: 1, Gender: Male, HP IV: 80(0%), ATK IV: 35(0%), DEF IV: 1(0%), Work Speed: (0%), Skills: Coward, Sadist
Cattiva, Level: 9, Rank: 1, Gender: Male, HP IV: 42(0%), ATK IV: 60(0%), DEF IV: 40(0%), Work Speed: (0%), Skills: Coward, Fine Furs, Motivational Leader
Chikipi, Level: 16, Rank: 1, Gender: Female, HP IV: 93(0%), ATK IV: 96(0%), DEF IV: 45(0%), Work Speed: (0%), Skills: Noble
Chikipi, Level: 2, Rank: 1, Gender: Female, HP IV: 63(0%), ATK IV: 33(0%), DEF IV: 29(0%), Work Speed: (0%), Skills: Swift
Chikipi, Level: 2, Rank: 1, Gender: Male, HP IV: 59(0%), ATK IV: 9(0%), DEF IV: 5(0%), Work Speed: (0%), Skills: Sadist
Chikipi, Level: 3, Rank: 1, Gender: Female, HP IV: 36(0%), ATK IV: 8(0%), DEF IV: 22(0%), Work Speed: (0%), Skills: Serious
Chikipi, Level: 3, Rank: 1, Gender: Male, HP IV: 37(0%), ATK IV: 17(0%), DEF IV: 51(0%), Work Speed: (0%), Skills: Coldblooded, Shabby, Coward
Chikipi, Level: 4, Rank: 1, Gender: Female, HP IV: 62(0%), ATK IV: 42(0%), DEF IV: 3(0%), Work Speed: (0%), Skills: Infinite Stamina
Chikipi, Level: 4, Rank: 1, Gender: Female, HP IV: 91(0%), ATK IV: 12(0%), DEF IV: 70(0%), Work Speed: (0%)
Chikipi, Level: 4, Rank: 1, Gender: Male, HP IV: 3(0%), ATK IV: 42(0%), DEF IV: 21(0%), Work Speed: (0%), Skills: Sadist
Chikipi, Level: 4, Rank: 1, Gender: Male, HP IV: 72(0%), ATK IV: 27(0%), DEF IV: 52(0%), Work Speed: (0%), Skills: Brittle, Logging Foreman, Infinite Stamina
Chikipi, Level: 4, Rank: 1, Gender: Male, HP IV: 83(0%), ATK IV: 61(0%), DEF IV: 86(0%), Work Speed: (0%), Skills: Serious
Chikipi, Level: 5, Rank: 1, Gender: Female, HP IV: 75(0%), ATK IV: 66(0%), DEF IV: 17(0%), Work Speed: (0%), Skills: Downtrodden
Chikipi, Level: 5, Rank: 1, Gender: Female, HP IV: 93(0%), ATK IV: 73(0%), DEF IV: 31(0%), Work Speed: (0%), Skills: Logging Foreman
Chikipi, Level: 5, Rank: 1, Gender: Male, HP IV: 2(0%), ATK IV: 88(0%), DEF IV: 37(0%), Work Speed: (0%), Skills: Clumsy
Chikipi, Level: 5, Rank: 1, Gender: Male, HP IV: 80(0%), ATK IV: 23(0%), DEF IV: 99(0%), Work Speed: (0%), Skills: Serious
Cremis, Level: 4, Rank: 1, Gender: Female, HP IV: 90(0%), ATK IV: 2(0%), DEF IV: 88(0%), Work Speed: (0%), Skills: Aggressive, Brave
Cremis, Level: 4, Rank: 1, Gender: Female, HP IV: 96(0%), ATK IV: 43(0%), DEF IV: 36(0%), Work Speed: (0%), Skills: Serious
Direhowl, Level: 13, Rank: 1, Gender: Female, HP IV: 66(0%), ATK IV: 83(0%), DEF IV: 60(0%), Work Speed: (0%), Skills: Diet Lover
Direhowl, Level: 4, Rank: 1, Gender: Female, HP IV: 52(0%), ATK IV: 63(0%), DEF IV: 76(0%), Work Speed: (0%), Skills: Brittle
Direhowl, Level: 6, Rank: 1, Gender: Female, HP IV: 75(0%), ATK IV: 74(0%), DEF IV: 1(0%), Work Speed: (0%), Skills: Veil of Darkness
Direhowl, Level: 7, Rank: 1, Gender: Female, HP IV: 61(0%), ATK IV: 66(0%), DEF IV: 35(0%), Work Speed: (0%), Skills: Pacifist
Dumud, Level: 17, Rank: 1, Gender: Female, HP IV: 58(0%), ATK IV: 91(0%), DEF IV: 72(0%), Work Speed: (0%), Skills: Coward
Foxparks, Level: 4, Rank: 1, Gender: Female, HP IV: 16(0%), ATK IV: 97(0%), DEF IV: 68(0%), Work Speed: (0%), Skills: Downtrodden
Fuack, Level: 5, Rank: 1, Gender: Female, HP IV: 52(0%), ATK IV: 13(0%), DEF IV: 93(0%), Work Speed: (0%), Skills: Brittle, Infinite Stamina
Gumoss (Special), Level: 3, Rank: 1, Gender: Male, HP IV: 35(0%), ATK IV: 75(0%), DEF IV: 33(0%), Work Speed: (0%)
Gumoss (Special), Level: 4, Rank: 1, Gender: Male, HP IV: 3(0%), ATK IV: 93(0%), DEF IV: 72(0%), Work Speed: (0%), Skills: Serenity
Gumoss, Level: 4, Rank: 1, Gender: Male, HP IV: 2(0%), ATK IV: 62(0%), DEF IV: 97(0%), Work Speed: (0%), Skills: Masochist
Gumoss, Level: 5, Rank: 1, Gender: Male, HP IV: 34(0%), ATK IV: 67(0%), DEF IV: 77(0%), Work Speed: (0%), Skills: Coldblooded, Pyromaniac
Hoocrates, Level: 3, Rank: 1, Gender: Male, HP IV: 98(0%), ATK IV: 74(0%), DEF IV: 36(0%), Work Speed: (0%), Skills: Capacitor
Hoocrates, Level: 5, Rank: 1, Gender: Female, HP IV: 45(0%), ATK IV: 22(0%), DEF IV: 74(0%), Work Speed: (0%), Skills: Aggressive
Hoocrates, Level: 5, Rank: 1, Gender: Female, HP IV: 79(0%), ATK IV: 49(0%), DEF IV: 23(0%), Work Speed: (0%), Skills: Earthquake Resistant, Nocturnal
Lamball, Level: 13, Rank: 1, Gender: Female, HP IV: 21(0%), ATK IV: 74(0%), DEF IV: 57(0%), Work Speed: (0%), Skills: Work Slave
Lamball, Level: 16, Rank: 1, Gender: Female, HP IV: 46(0%), ATK IV: 42(0%), DEF IV: 49(0%), Work Speed: (0%), Skills: Logging Foreman
Lamball, Level: 16, Rank: 1, Gender: Male, HP IV: 36(0%), ATK IV: 37(0%), DEF IV: 29(0%), Work Speed: (0%), Skills: Noble
Lamball, Level: 16, Rank: 1, Gender: Male, HP IV: 99(0%), ATK IV: 27(0%), DEF IV: 1(0%), Work Speed: (0%), Skills: Dragonkiller, Shabby
Lamball, Level: 3, Rank: 1, Gender: Female, HP IV: 21(0%), ATK IV: 88(0%), DEF IV: 71(0%), Work Speed: (0%), Skills: Vanguard
Lamball, Level: 4, Rank: 1, Gender: Female, HP IV: 24(0%), ATK IV: 79(0%), DEF IV: 62(0%), Work Speed: (0%), Skills: Hooligan
Lamball, Level: 4, Rank: 1, Gender: Female, HP IV: 96(0%), ATK IV: 34(0%), DEF IV: 10(0%), Work Speed: (0%), Skills: Veil of Darkness
Lamball, Level: 4, Rank: 1, Gender: Male, HP IV: 69(0%), ATK IV: 67(0%), DEF IV: 20(0%), Work Speed: (0%), Skills: Masochist
Lamball, Level: 5, Rank: 1, Gender: Female, HP IV: 24(0%), ATK IV: 90(0%), DEF IV: 35(0%), Work Speed: (0%), Skills: Heated Body, Ferocious
Lamball, Level: 5, Rank: 1, Gender: Female, HP IV: 5(0%), ATK IV: 89(0%), DEF IV: 26(0%), Work Speed: (0%), Skills: Vanguard
Lifmunk, Level: 2, Rank: 1, Gender: Male, HP IV: 47(0%), ATK IV: 5(0%), DEF IV: 20(0%), Work Speed: (0%), Skills: Artisan
Lifmunk, Level: 2, Rank: 1, Gender: Male, HP IV: 81(0%), ATK IV: 2(0%), DEF IV: 64(0%), Work Speed: (0%)
Melpaca, Level: 8, Rank: 1, Gender: Male, HP IV: 28(0%), ATK IV: 95(0%), DEF IV: 34(0%), Work Speed: (0%), Skills: Dainty Eater
Nox, Level: 6, Rank: 1, Gender: Male, HP IV: 18(0%), ATK IV: 29(0%), DEF IV: 52(0%), Work Speed: (0%), Skills: Serenity
Rooby, Level: 2, Rank: 1, Gender: Female, HP IV: 93(0%), ATK IV: 95(0%), DEF IV: 88(0%), Work Speed: (0%), Skills: Coward, Philantropist
Rooby, Level: 5, Rank: 1, Gender: Female, HP IV: 100(0%), ATK IV: 27(0%), DEF IV: 56(0%), Work Speed: (0%)
Rooby, Level: 7, Rank: 1, Gender: Male, HP IV: 21(0%), ATK IV: 3(0%), DEF IV: 41(0%), Work Speed: (0%), Skills: Philantropist, Insulated Body, Ferocious
Rushoar, Level: 4, Rank: 1, Gender: Female, HP IV: 28(0%), ATK IV: 100(0%), DEF IV: 75(0%), Work Speed: (0%), Skills: Mercy hit
Swee, Level: 13, Rank: 1, Gender: Female, HP IV: 87(0%), ATK IV: 78(0%), DEF IV: 34(0%), Work Speed: (0%), Skills: Sadist
Vixy, Level: 4, Rank: 1, Gender: Male, HP IV: 55(0%), ATK IV: 62(0%), DEF IV: 32(0%), Work Speed: (0%), Skills: Hard Skin
Garahad's 54 Pals
-----------------
Cattiva, Level: 4, Rank: 1, Gender: Female, HP IV: 41(0%), ATK IV: 78(0%), DEF IV: 69(0%), Work Speed: (0%), Skills: Coward, Shabby, Sadist
Cattiva, Level: 5, Rank: 1, Gender: Male, HP IV: 50(0%), ATK IV: 43(0%), DEF IV: 32(0%), Work Speed: (0%), Skills: Coward, Infinite Stamina, Slacker
Cattiva, Level: 6, Rank: 1, Gender: Male, HP IV: 80(0%), ATK IV: 35(0%), DEF IV: 1(0%), Work Speed: (0%), Skills: Coward, Sadist
Cattiva, Level: 9, Rank: 1, Gender: Male, HP IV: 42(0%), ATK IV: 60(0%), DEF IV: 40(0%), Work Speed: (0%), Skills: Coward, Fine Furs, Motivational Leader
Chikipi, Level: 16, Rank: 1, Gender: Female, HP IV: 93(0%), ATK IV: 96(0%), DEF IV: 45(0%), Work Speed: (0%), Skills: Noble
Chikipi, Level: 2, Rank: 1, Gender: Female, HP IV: 63(0%), ATK IV: 33(0%), DEF IV: 29(0%), Work Speed: (0%), Skills: Swift
Chikipi, Level: 2, Rank: 1, Gender: Male, HP IV: 59(0%), ATK IV: 9(0%), DEF IV: 5(0%), Work Speed: (0%), Skills: Sadist
Chikipi, Level: 3, Rank: 1, Gender: Female, HP IV: 36(0%), ATK IV: 8(0%), DEF IV: 22(0%), Work Speed: (0%), Skills: Serious
Chikipi, Level: 3, Rank: 1, Gender: Male, HP IV: 37(0%), ATK IV: 17(0%), DEF IV: 51(0%), Work Speed: (0%), Skills: Coldblooded, Shabby, Coward
Chikipi, Level: 4, Rank: 1, Gender: Female, HP IV: 62(0%), ATK IV: 42(0%), DEF IV: 3(0%), Work Speed: (0%), Skills: Infinite Stamina
Chikipi, Level: 4, Rank: 1, Gender: Female, HP IV: 91(0%), ATK IV: 12(0%), DEF IV: 70(0%), Work Speed: (0%)
Chikipi, Level: 4, Rank: 1, Gender: Male, HP IV: 3(0%), ATK IV: 42(0%), DEF IV: 21(0%), Work Speed: (0%), Skills: Sadist
Chikipi, Level: 4, Rank: 1, Gender: Male, HP IV: 72(0%), ATK IV: 27(0%), DEF IV: 52(0%), Work Speed: (0%), Skills: Brittle, Logging Foreman, Infinite Stamina
Chikipi, Level: 4, Rank: 1, Gender: Male, HP IV: 83(0%), ATK IV: 61(0%), DEF IV: 86(0%), Work Speed: (0%), Skills: Serious
Chikipi, Level: 5, Rank: 1, Gender: Female, HP IV: 75(0%), ATK IV: 66(0%), DEF IV: 17(0%), Work Speed: (0%), Skills: Downtrodden
Chikipi, Level: 5, Rank: 1, Gender: Female, HP IV: 93(0%), ATK IV: 73(0%), DEF IV: 31(0%), Work Speed: (0%), Skills: Logging Foreman
Chikipi, Level: 5, Rank: 1, Gender: Male, HP IV: 2(0%), ATK IV: 88(0%), DEF IV: 37(0%), Work Speed: (0%), Skills: Clumsy
Chikipi, Level: 5, Rank: 1, Gender: Male, HP IV: 80(0%), ATK IV: 23(0%), DEF IV: 99(0%), Work Speed: (0%), Skills: Serious
Cremis, Level: 4, Rank: 1, Gender: Female, HP IV: 90(0%), ATK IV: 2(0%), DEF IV: 88(0%), Work Speed: (0%), Skills: Aggressive, Brave
Cremis, Level: 4, Rank: 1, Gender: Female, HP IV: 96(0%), ATK IV: 43(0%), DEF IV: 36(0%), Work Speed: (0%), Skills: Serious
Direhowl, Level: 13, Rank: 1, Gender: Female, HP IV: 66(0%), ATK IV: 83(0%), DEF IV: 60(0%), Work Speed: (0%), Skills: Diet Lover
Direhowl, Level: 4, Rank: 1, Gender: Female, HP IV: 52(0%), ATK IV: 63(0%), DEF IV: 76(0%), Work Speed: (0%), Skills: Brittle
Direhowl, Level: 6, Rank: 1, Gender: Female, HP IV: 75(0%), ATK IV: 74(0%), DEF IV: 1(0%), Work Speed: (0%), Skills: Veil of Darkness
Direhowl, Level: 7, Rank: 1, Gender: Female, HP IV: 61(0%), ATK IV: 66(0%), DEF IV: 35(0%), Work Speed: (0%), Skills: Pacifist
Dumud, Level: 17, Rank: 1, Gender: Female, HP IV: 58(0%), ATK IV: 91(0%), DEF IV: 72(0%), Work Speed: (0%), Skills: Coward
Foxparks, Level: 4, Rank: 1, Gender: Female, HP IV: 16(0%), ATK IV: 97(0%), DEF IV: 68(0%), Work Speed: (0%), Skills: Downtrodden
Fuack, Level: 5, Rank: 1, Gender: Female, HP IV: 52(0%), ATK IV: 13(0%), DEF IV: 93(0%), Work Speed: (0%), Skills: Brittle, Infinite Stamina
Gumoss (Special), Level: 3, Rank: 1, Gender: Male, HP IV: 35(0%), ATK IV: 75(0%), DEF IV: 33(0%), Work Speed: (0%)
Gumoss (Special), Level: 4, Rank: 1, Gender: Male, HP IV: 3(0%), ATK IV: 93(0%), DEF IV: 72(0%), Work Speed: (0%), Skills: Serenity
Gumoss, Level: 4, Rank: 1, Gender: Male, HP IV: 2(0%), ATK IV: 62(0%), DEF IV: 97(0%), Work Speed: (0%), Skills: Masochist
Gumoss, Level: 5, Rank: 1, Gender: Male, HP IV: 34(0%), ATK IV: 67(0%), DEF IV: 77(0%), Work Speed: (0%), Skills: Coldblooded, Pyromaniac
Hoocrates, Level: 3, Rank: 1, Gender: Male, HP IV: 98(0%), ATK IV: 74(0%), DEF IV: 36(0%), Work Speed: (0%), Skills: Capacitor
Hoocrates, Level: 5, Rank: 1, Gender: Female, HP IV: 45(0%), ATK IV: 22(0%), DEF IV: 74(0%), Work Speed: (0%), Skills: Aggressive
Hoocrates, Level: 5, Rank: 1, Gender: Female, HP IV: 79(0%), ATK IV: 49(0%), DEF IV: 23(0%), Work Speed: (0%), Skills: Earthquake Resistant, Nocturnal
Lamball, Level: 13, Rank: 1, Gender: Female, HP IV: 21(0%), ATK IV: 74(0%), DEF IV: 57(0%), Work Speed: (0%), Skills: Work Slave
Lamball, Level: 16, Rank: 1, Gender: Female, HP IV: 46(0%), ATK IV: 42(0%), DEF IV: 49(0%), Work Speed: (0%), Skills: Logging Foreman
Lamball, Level: 16, Rank: 1, Gender: Male, HP IV: 36(0%), ATK IV: 37(0%), DEF IV: 29(0%), Work Speed: (0%), Skills: Noble
Lamball, Level: 16, Rank: 1, Gender: Male, HP IV: 99(0%), ATK IV: 27(0%), DEF IV: 1(0%), Work Speed: (0%), Skills: Dragonkiller, Shabby
Lamball, Level: 3, Rank: 1, Gender: Female, HP IV: 21(0%), ATK IV: 88(0%), DEF IV: 71(0%), Work Speed: (0%), Skills: Vanguard
Lamball, Level: 4, Rank: 1, Gender: Female, HP IV: 24(0%), ATK IV: 79(0%), DEF IV: 62(0%), Work Speed: (0%), Skills: Hooligan
Lamball, Level: 4, Rank: 1, Gender: Female, HP IV: 96(0%), ATK IV: 34(0%), DEF IV: 10(0%), Work Speed: (0%), Skills: Veil of Darkness
Lamball, Level: 4, Rank: 1, Gender: Male, HP IV: 69(0%), ATK IV: 67(0%), DEF IV: 20(0%), Work Speed: (0%), Skills: Masochist
Lamball, Level: 5, Rank: 1, Gender: Female, HP IV: 24(0%), ATK IV: 90(0%), DEF IV: 35(0%), Work Speed: (0%), Skills: Heated Body, Ferocious
Lamball, Level: 5, Rank: 1, Gender: Female, HP IV: 5(0%), ATK IV: 89(0%), DEF IV: 26(0%), Work Speed: (0%), Skills: Vanguard
Lifmunk, Level: 2, Rank: 1, Gender: Male, HP IV: 47(0%), ATK IV: 5(0%), DEF IV: 20(0%), Work Speed: (0%), Skills: Artisan
Lifmunk, Level: 2, Rank: 1, Gender: Male, HP IV: 81(0%), ATK IV: 2(0%), DEF IV: 64(0%), Work Speed: (0%)
Melpaca, Level: 8, Rank: 1, Gender: Male, HP IV: 28(0%), ATK IV: 95(0%), DEF IV: 34(0%), Work Speed: (0%), Skills: Dainty Eater
Nox, Level: 6, Rank: 1, Gender: Male, HP IV: 18(0%), ATK IV: 29(0%), DEF IV: 52(0%), Work Speed: (0%), Skills: Serenity
Rooby, Level: 2, Rank: 1, Gender: Female, HP IV: 93(0%), ATK IV: 95(0%), DEF IV: 88(0%), Work Speed: (0%), Skills: Coward, Philantropist
Rooby, Level: 5, Rank: 1, Gender: Female, HP IV: 100(0%), ATK IV: 27(0%), DEF IV: 56(0%), Work Speed: (0%)
Rooby, Level: 7, Rank: 1, Gender: Male, HP IV: 21(0%), ATK IV: 3(0%), DEF IV: 41(0%), Work Speed: (0%), Skills: Philantropist, Insulated Body, Ferocious
Rushoar, Level: 4, Rank: 1, Gender: Female, HP IV: 28(0%), ATK IV: 100(0%), DEF IV: 75(0%), Work Speed: (0%), Skills: Mercy hit
Swee, Level: 13, Rank: 1, Gender: Female, HP IV: 87(0%), ATK IV: 78(0%), DEF IV: 34(0%), Work Speed: (0%), Skills: Sadist
Vixy, Level: 4, Rank: 1, Gender: Male, HP IV: 55(0%), ATK IV: 62(0%), DEF IV: 32(0%), Work Speed: (0%), Skills: Hard Skin
Garahad's 54 Pals
-----------------
Cattiva, Level: 4, Rank: 1, Gender: Female, HP IV: 41(0%), ATK IV: 78(0%), DEF IV: 69(0%), Work Speed: (0%), Skills: Coward, Shabby, Sadist
Cattiva, Level: 5, Rank: 1, Gender: Male, HP IV: 50(0%), ATK IV: 43(0%), DEF IV: 32(0%), Work Speed: (0%), Skills: Coward, Infinite Stamina, Slacker
Cattiva, Level: 6, Rank: 1, Gender: Male, HP IV: 80(0%), ATK IV: 35(0%), DEF IV: 1(0%), Work Speed: (0%), Skills: Coward, Sadist
Cattiva, Level: 9, Rank: 1, Gender: Male, HP IV: 42(0%), ATK IV: 60(0%), DEF IV: 40(0%), Work Speed: (0%), Skills: Coward, Fine Furs, Motivational Leader
Chikipi, Level: 16, Rank: 1, Gender: Female, HP IV: 93(0%), ATK IV: 96(0%), DEF IV: 45(0%), Work Speed: (0%), Skills: Noble
Chikipi, Level: 2, Rank: 1, Gender: Female, HP IV: 63(0%), ATK IV: 33(0%), DEF IV: 29(0%), Work Speed: (0%), Skills: Swift
Chikipi, Level: 2, Rank: 1, Gender: Male, HP IV: 59(0%), ATK IV: 9(0%), DEF IV: 5(0%), Work Speed: (0%), Skills: Sadist
Chikipi, Level: 3, Rank: 1, Gender: Female, HP IV: 36(0%), ATK IV: 8(0%), DEF IV: 22(0%), Work Speed: (0%), Skills: Serious
Chikipi, Level: 3, Rank: 1, Gender: Male, HP IV: 37(0%), ATK IV: 17(0%), DEF IV: 51(0%), Work Speed: (0%), Skills: Coldblooded, Shabby, Coward
Chikipi, Level: 4, Rank: 1, Gender: Female, HP IV: 62(0%), ATK IV: 42(0%), DEF IV: 3(0%), Work Speed: (0%), Skills: Infinite Stamina
Chikipi, Level: 4, Rank: 1, Gender: Female, HP IV: 91(0%), ATK IV: 12(0%), DEF IV: 70(0%), Work Speed: (0%)
Chikipi, Level: 4, Rank: 1, Gender: Male, HP IV: 3(0%), ATK IV: 42(0%), DEF IV: 21(0%), Work Speed: (0%), Skills: Sadist
Chikipi, Level: 4, Rank: 1, Gender: Male, HP IV: 72(0%), ATK IV: 27(0%), DEF IV: 52(0%), Work Speed: (0%), Skills: Brittle, Logging Foreman, Infinite Stamina
Chikipi, Level: 4, Rank: 1, Gender: Male, HP IV: 83(0%), ATK IV: 61(0%), DEF IV: 86(0%), Work Speed: (0%), Skills: Serious
Chikipi, Level: 5, Rank: 1, Gender: Female, HP IV: 75(0%), ATK IV: 66(0%), DEF IV: 17(0%), Work Speed: (0%), Skills: Downtrodden
Chikipi, Level: 5, Rank: 1, Gender: Female, HP IV: 93(0%), ATK IV: 73(0%), DEF IV: 31(0%), Work Speed: (0%), Skills: Logging Foreman
Chikipi, Level: 5, Rank: 1, Gender: Male, HP IV: 2(0%), ATK IV: 88(0%), DEF IV: 37(0%), Work Speed: (0%), Skills: Clumsy
Chikipi, Level: 5, Rank: 1, Gender: Male, HP IV: 80(0%), ATK IV: 23(0%), DEF IV: 99(0%), Work Speed: (0%), Skills: Serious
Cremis, Level: 4, Rank: 1, Gender: Female, HP IV: 90(0%), ATK IV: 2(0%), DEF IV: 88(0%), Work Speed: (0%), Skills: Aggressive, Brave
Cremis, Level: 4, Rank: 1, Gender: Female, HP IV: 96(0%), ATK IV: 43(0%), DEF IV: 36(0%), Work Speed: (0%), Skills: Serious
Direhowl, Level: 13, Rank: 1, Gender: Female, HP IV: 66(0%), ATK IV: 83(0%), DEF IV: 60(0%), Work Speed: (0%), Skills: Diet Lover
Direhowl, Level: 4, Rank: 1, Gender: Female, HP IV: 52(0%), ATK IV: 63(0%), DEF IV: 76(0%), Work Speed: (0%), Skills: Brittle
Direhowl, Level: 6, Rank: 1, Gender: Female, HP IV: 75(0%), ATK IV: 74(0%), DEF IV: 1(0%), Work Speed: (0%), Skills: Veil of Darkness
Direhowl, Level: 7, Rank: 1, Gender: Female, HP IV: 61(0%), ATK IV: 66(0%), DEF IV: 35(0%), Work Speed: (0%), Skills: Pacifist
Dumud, Level: 17, Rank: 1, Gender: Female, HP IV: 58(0%), ATK IV: 91(0%), DEF IV: 72(0%), Work Speed: (0%), Skills: Coward
Foxparks, Level: 4, Rank: 1, Gender: Female, HP IV: 16(0%), ATK IV: 97(0%), DEF IV: 68(0%), Work Speed: (0%), Skills: Downtrodden
Fuack, Level: 5, Rank: 1, Gender: Female, HP IV: 52(0%), ATK IV: 13(0%), DEF IV: 93(0%), Work Speed: (0%), Skills: Brittle, Infinite Stamina
Gumoss (Special), Level: 3, Rank: 1, Gender: Male, HP IV: 35(0%), ATK IV: 75(0%), DEF IV: 33(0%), Work Speed: (0%)
Gumoss (Special), Level: 4, Rank: 1, Gender: Male, HP IV: 3(0%), ATK IV: 93(0%), DEF IV: 72(0%), Work Speed: (0%), Skills: Serenity
Gumoss, Level: 4, Rank: 1, Gender: Male, HP IV: 2(0%), ATK IV: 62(0%), DEF IV: 97(0%), Work Speed: (0%), Skills: Masochist
Gumoss, Level: 5, Rank: 1, Gender: Male, HP IV: 34(0%), ATK IV: 67(0%), DEF IV: 77(0%), Work Speed: (0%), Skills: Coldblooded, Pyromaniac
Hoocrates, Level: 3, Rank: 1, Gender: Male, HP IV: 98(0%), ATK IV: 74(0%), DEF IV: 36(0%), Work Speed: (0%), Skills: Capacitor
Hoocrates, Level: 5, Rank: 1, Gender: Female, HP IV: 45(0%), ATK IV: 22(0%), DEF IV: 74(0%), Work Speed: (0%), Skills: Aggressive
Hoocrates, Level: 5, Rank: 1, Gender: Female, HP IV: 79(0%), ATK IV: 49(0%), DEF IV: 23(0%), Work Speed: (0%), Skills: Earthquake Resistant, Nocturnal
Lamball, Level: 13, Rank: 1, Gender: Female, HP IV: 21(0%), ATK IV: 74(0%), DEF IV: 57(0%), Work Speed: (0%), Skills: Work Slave
Lamball, Level: 16, Rank: 1, Gender: Female, HP IV: 46(0%), ATK IV: 42(0%), DEF IV: 49(0%), Work Speed: (0%), Skills: Logging Foreman
Lamball, Level: 16, Rank: 1, Gender: Male, HP IV: 36(0%), ATK IV: 37(0%), DEF IV: 29(0%), Work Speed: (0%), Skills: Noble
Lamball, Level: 16, Rank: 1, Gender: Male, HP IV: 99(0%), ATK IV: 27(0%), DEF IV: 1(0%), Work Speed: (0%), Skills: Dragonkiller, Shabby
Lamball, Level: 3, Rank: 1, Gender: Female, HP IV: 21(0%), ATK IV: 88(0%), DEF IV: 71(0%), Work Speed: (0%), Skills: Vanguard
Lamball, Level: 4, Rank: 1, Gender: Female, HP IV: 24(0%), ATK IV: 79(0%), DEF IV: 62(0%), Work Speed: (0%), Skills: Hooligan
Lamball, Level: 4, Rank: 1, Gender: Female, HP IV: 96(0%), ATK IV: 34(0%), DEF IV: 10(0%), Work Speed: (0%), Skills: Veil of Darkness
Lamball, Level: 4, Rank: 1, Gender: Male, HP IV: 69(0%), ATK IV: 67(0%), DEF IV: 20(0%), Work Speed: (0%), Skills: Masochist
Lamball, Level: 5, Rank: 1, Gender: Female, HP IV: 24(0%), ATK IV: 90(0%), DEF IV: 35(0%), Work Speed: (0%), Skills: Heated Body, Ferocious
Lamball, Level: 5, Rank: 1, Gender: Female, HP IV: 5(0%), ATK IV: 89(0%), DEF IV: 26(0%), Work Speed: (0%), Skills: Vanguard
Lifmunk, Level: 2, Rank: 1, Gender: Male, HP IV: 47(0%), ATK IV: 5(0%), DEF IV: 20(0%), Work Speed: (0%), Skills: Artisan
Lifmunk, Level: 2, Rank: 1, Gender: Male, HP IV: 81(0%), ATK IV: 2(0%), DEF IV: 64(0%), Work Speed: (0%)
Melpaca, Level: 8, Rank: 1, Gender: Male, HP IV: 28(0%), ATK IV: 95(0%), DEF IV: 34(0%), Work Speed: (0%), Skills: Dainty Eater
Nox, Level: 6, Rank: 1, Gender: Male, HP IV: 18(0%), ATK IV: 29(0%), DEF IV: 52(0%), Work Speed: (0%), Skills: Serenity
Rooby, Level: 2, Rank: 1, Gender: Female, HP IV: 93(0%), ATK IV: 95(0%), DEF IV: 88(0%), Work Speed: (0%), Skills: Coward, Philantropist
Rooby, Level: 5, Rank: 1, Gender: Female, HP IV: 100(0%), ATK IV: 27(0%), DEF IV: 56(0%), Work Speed: (0%)
Rooby, Level: 7, Rank: 1, Gender: Male, HP IV: 21(0%), ATK IV: 3(0%), DEF IV: 41(0%), Work Speed: (0%), Skills: Philantropist, Insulated Body, Ferocious
Rushoar, Level: 4, Rank: 1, Gender: Female, HP IV: 28(0%), ATK IV: 100(0%), DEF IV: 75(0%), Work Speed: (0%), Skills: Mercy hit
Swee, Level: 13, Rank: 1, Gender: Female, HP IV: 87(0%), ATK IV: 78(0%), DEF IV: 34(0%), Work Speed: (0%), Skills: Sadist
Vixy, Level: 4, Rank: 1, Gender: Male, HP IV: 55(0%), ATK IV: 62(0%), DEF IV: 32(0%), Work Speed: (0%), Skills: Hard Skin
Garahad's 54 Pals
-----------------
Cattiva, Level: 4, Rank: 1, Gender: Female, HP IV: 41(0%), ATK IV: 78(0%), DEF IV: 69(0%), Work Speed: (0%), Skills: Coward, Shabby, Sadist
Cattiva, Level: 5, Rank: 1, Gender: Male, HP IV: 50(0%), ATK IV: 43(0%), DEF IV: 32(0%), Work Speed: (0%), Skills: Coward, Infinite Stamina, Slacker
Cattiva, Level: 6, Rank: 1, Gender: Male, HP IV: 80(0%), ATK IV: 35(0%), DEF IV: 1(0%), Work Speed: (0%), Skills: Coward, Sadist
Cattiva, Level: 9, Rank: 1, Gender: Male, HP IV: 42(0%), ATK IV: 60(0%), DEF IV: 40(0%), Work Speed: (0%), Skills: Coward, Fine Furs, Motivational Leader
Chikipi, Level: 16, Rank: 1, Gender: Female, HP IV: 93(0%), ATK IV: 96(0%), DEF IV: 45(0%), Work Speed: (0%), Skills: Noble
Chikipi, Level: 2, Rank: 1, Gender: Female, HP IV: 63(0%), ATK IV: 33(0%), DEF IV: 29(0%), Work Speed: (0%), Skills: Swift
Chikipi, Level: 2, Rank: 1, Gender: Male, HP IV: 59(0%), ATK IV: 9(0%), DEF IV: 5(0%), Work Speed: (0%), Skills: Sadist
Chikipi, Level: 3, Rank: 1, Gender: Female, HP IV: 36(0%), ATK IV: 8(0%), DEF IV: 22(0%), Work Speed: (0%), Skills: Serious
Chikipi, Level: 3, Rank: 1, Gender: Male, HP IV: 37(0%), ATK IV: 17(0%), DEF IV: 51(0%), Work Speed: (0%), Skills: Coldblooded, Shabby, Coward
Chikipi, Level: 4, Rank: 1, Gender: Female, HP IV: 62(0%), ATK IV: 42(0%), DEF IV: 3(0%), Work Speed: (0%), Skills: Infinite Stamina
Chikipi, Level: 4, Rank: 1, Gender: Female, HP IV: 91(0%), ATK IV: 12(0%), DEF IV: 70(0%), Work Speed: (0%)
Chikipi, Level: 4, Rank: 1, Gender: Male, HP IV: 3(0%), ATK IV: 42(0%), DEF IV: 21(0%), Work Speed: (0%), Skills: Sadist
Chikipi, Level: 4, Rank: 1, Gender: Male, HP IV: 72(0%), ATK IV: 27(0%), DEF IV: 52(0%), Work Speed: (0%), Skills: Brittle, Logging Foreman, Infinite Stamina
Chikipi, Level: 4, Rank: 1, Gender: Male, HP IV: 83(0%), ATK IV: 61(0%), DEF IV: 86(0%), Work Speed: (0%), Skills: Serious
Chikipi, Level: 5, Rank: 1, Gender: Female, HP IV: 75(0%), ATK IV: 66(0%), DEF IV: 17(0%), Work Speed: (0%), Skills: Downtrodden
Chikipi, Level: 5, Rank: 1, Gender: Female, HP IV: 93(0%), ATK IV: 73(0%), DEF IV: 31(0%), Work Speed: (0%), Skills: Logging Foreman
Chikipi, Level: 5, Rank: 1, Gender: Male, HP IV: 2(0%), ATK IV: 88(0%), DEF IV: 37(0%), Work Speed: (0%), Skills: Clumsy
Chikipi, Level: 5, Rank: 1, Gender: Male, HP IV: 80(0%), ATK IV: 23(0%), DEF IV: 99(0%), Work Speed: (0%), Skills: Serious
Cremis, Level: 4, Rank: 1, Gender: Female, HP IV: 90(0%), ATK IV: 2(0%), DEF IV: 88(0%), Work Speed: (0%), Skills: Aggressive, Brave
Cremis, Level: 4, Rank: 1, Gender: Female, HP IV: 96(0%), ATK IV: 43(0%), DEF IV: 36(0%), Work Speed: (0%), Skills: Serious
Direhowl, Level: 13, Rank: 1, Gender: Female, HP IV: 66(0%), ATK IV: 83(0%), DEF IV: 60(0%), Work Speed: (0%), Skills: Diet Lover
Direhowl, Level: 4, Rank: 1, Gender: Female, HP IV: 52(0%), ATK IV: 63(0%), DEF IV: 76(0%), Work Speed: (0%), Skills: Brittle
Direhowl, Level: 6, Rank: 1, Gender: Female, HP IV: 75(0%), ATK IV: 74(0%), DEF IV: 1(0%), Work Speed: (0%), Skills: Veil of Darkness
Direhowl, Level: 7, Rank: 1, Gender: Female, HP IV: 61(0%), ATK IV: 66(0%), DEF IV: 35(0%), Work Speed: (0%), Skills: Pacifist
Dumud, Level: 17, Rank: 1, Gender: Female, HP IV: 58(0%), ATK IV: 91(0%), DEF IV: 72(0%), Work Speed: (0%), Skills: Coward
Foxparks, Level: 4, Rank: 1, Gender: Female, HP IV: 16(0%), ATK IV: 97(0%), DEF IV: 68(0%), Work Speed: (0%), Skills: Downtrodden
Fuack, Level: 5, Rank: 1, Gender: Female, HP IV: 52(0%), ATK IV: 13(0%), DEF IV: 93(0%), Work Speed: (0%), Skills: Brittle, Infinite Stamina
Gumoss (Special), Level: 3, Rank: 1, Gender: Male, HP IV: 35(0%), ATK IV: 75(0%), DEF IV: 33(0%), Work Speed: (0%)
Gumoss (Special), Level: 4, Rank: 1, Gender: Male, HP IV: 3(0%), ATK IV: 93(0%), DEF IV: 72(0%), Work Speed: (0%), Skills: Serenity
Gumoss, Level: 4, Rank: 1, Gender: Male, HP IV: 2(0%), ATK IV: 62(0%), DEF IV: 97(0%), Work Speed: (0%), Skills: Masochist
Gumoss, Level: 5, Rank: 1, Gender: Male, HP IV: 34(0%), ATK IV: 67(0%), DEF IV: 77(0%), Work Speed: (0%), Skills: Coldblooded, Pyromaniac
Hoocrates, Level: 3, Rank: 1, Gender: Male, HP IV: 98(0%), ATK IV: 74(0%), DEF IV: 36(0%), Work Speed: (0%), Skills: Capacitor
Hoocrates, Level: 5, Rank: 1, Gender: Female, HP IV: 45(0%), ATK IV: 22(0%), DEF IV: 74(0%), Work Speed: (0%), Skills: Aggressive
Hoocrates, Level: 5, Rank: 1, Gender: Female, HP IV: 79(0%), ATK IV: 49(0%), DEF IV: 23(0%), Work Speed: (0%), Skills: Earthquake Resistant, Nocturnal
Lamball, Level: 13, Rank: 1, Gender: Female, HP IV: 21(0%), ATK IV: 74(0%), DEF IV: 57(0%), Work Speed: (0%), Skills: Work Slave
Lamball, Level: 16, Rank: 1, Gender: Female, HP IV: 46(0%), ATK IV: 42(0%), DEF IV: 49(0%), Work Speed: (0%), Skills: Logging Foreman
Lamball, Level: 16, Rank: 1, Gender: Male, HP IV: 36(0%), ATK IV: 37(0%), DEF IV: 29(0%), Work Speed: (0%), Skills: Noble
Lamball, Level: 16, Rank: 1, Gender: Male, HP IV: 99(0%), ATK IV: 27(0%), DEF IV: 1(0%), Work Speed: (0%), Skills: Dragonkiller, Shabby
Lamball, Level: 3, Rank: 1, Gender: Female, HP IV: 21(0%), ATK IV: 88(0%), DEF IV: 71(0%), Work Speed: (0%), Skills: Vanguard
Lamball, Level: 4, Rank: 1, Gender: Female, HP IV: 24(0%), ATK IV: 79(0%), DEF IV: 62(0%), Work Speed: (0%), Skills: Hooligan
Lamball, Level: 4, Rank: 1, Gender: Female, HP IV: 96(0%), ATK IV: 34(0%), DEF IV: 10(0%), Work Speed: (0%), Skills: Veil of Darkness
Lamball, Level: 4, Rank: 1, Gender: Male, HP IV: 69(0%), ATK IV: 67(0%), DEF IV: 20(0%), Work Speed: (0%), Skills: Masochist
Lamball, Level: 5, Rank: 1, Gender: Female, HP IV: 24(0%), ATK IV: 90(0%), DEF IV: 35(0%), Work Speed: (0%), Skills: Heated Body, Ferocious
Lamball, Level: 5, Rank: 1, Gender: Female, HP IV: 5(0%), ATK IV: 89(0%), DEF IV: 26(0%), Work Speed: (0%), Skills: Vanguard
Lifmunk, Level: 2, Rank: 1, Gender: Male, HP IV: 47(0%), ATK IV: 5(0%), DEF IV: 20(0%), Work Speed: (0%), Skills: Artisan
Lifmunk, Level: 2, Rank: 1, Gender: Male, HP IV: 81(0%), ATK IV: 2(0%), DEF IV: 64(0%), Work Speed: (0%)
Melpaca, Level: 8, Rank: 1, Gender: Male, HP IV: 28(0%), ATK IV: 95(0%), DEF IV: 34(0%), Work Speed: (0%), Skills: Dainty Eater
Nox, Level: 6, Rank: 1, Gender: Male, HP IV: 18(0%), ATK IV: 29(0%), DEF IV: 52(0%), Work Speed: (0%), Skills: Serenity
Rooby, Level: 2, Rank: 1, Gender: Female, HP IV: 93(0%), ATK IV: 95(0%), DEF IV: 88(0%), Work Speed: (0%), Skills: Coward, Philantropist
Rooby, Level: 5, Rank: 1, Gender: Female, HP IV: 100(0%), ATK IV: 27(0%), DEF IV: 56(0%), Work Speed: (0%)
Rooby, Level: 7, Rank: 1, Gender: Male, HP IV: 21(0%), ATK IV: 3(0%), DEF IV: 41(0%), Work Speed: (0%), Skills: Philantropist, Insulated Body, Ferocious
Rushoar, Level: 4, Rank: 1, Gender: Female, HP IV: 28(0%), ATK IV: 100(0%), DEF IV: 75(0%), Work Speed: (0%), Skills: Mercy hit
Swee, Level: 13, Rank: 1, Gender: Female, HP IV: 87(0%), ATK IV: 78(0%), DEF IV: 34(0%), Work Speed: (0%), Skills: Sadist
Vixy, Level: 4, Rank: 1, Gender: Male, HP IV: 55(0%), ATK IV: 62(0%), DEF IV: 32(0%), Work Speed: (0%), Skills: Hard Skin
Garahad's 54 Pals
-----------------
Cattiva, Level: 4, Rank: 1, Gender: Female, HP IV: 41(0%), ATK IV: 78(0%), DEF IV: 69(0%), Work Speed: (0%), Skills: Coward, Shabby, Sadist
Cattiva, Level: 5, Rank: 1, Gender: Male, HP IV: 50(0%), ATK IV: 43(0%), DEF IV: 32(0%), Work Speed: (0%), Skills: Coward, Infinite Stamina, Slacker
Cattiva, Level: 6, Rank: 1, Gender: Male, HP IV: 80(0%), ATK IV: 35(0%), DEF IV: 1(0%), Work Speed: (0%), Skills: Coward, Sadist
Cattiva, Level: 9, Rank: 1, Gender: Male, HP IV: 42(0%), ATK IV: 60(0%), DEF IV: 40(0%), Work Speed: (0%), Skills: Coward, Fine Furs, Motivational Leader
Chikipi, Level: 16, Rank: 1, Gender: Female, HP IV: 93(0%), ATK IV: 96(0%), DEF IV: 45(0%), Work Speed: (0%), Skills: Noble
Chikipi, Level: 2, Rank: 1, Gender: Female, HP IV: 63(0%), ATK IV: 33(0%), DEF IV: 29(0%), Work Speed: (0%), Skills: Swift
Chikipi, Level: 2, Rank: 1, Gender: Male, HP IV: 59(0%), ATK IV: 9(0%), DEF IV: 5(0%), Work Speed: (0%), Skills: Sadist
Chikipi, Level: 3, Rank: 1, Gender: Female, HP IV: 36(0%), ATK IV: 8(0%), DEF IV: 22(0%), Work Speed: (0%), Skills: Serious
Chikipi, Level: 3, Rank: 1, Gender: Male, HP IV: 37(0%), ATK IV: 17(0%), DEF IV: 51(0%), Work Speed: (0%), Skills: Coldblooded, Shabby, Coward
Chikipi, Level: 4, Rank: 1, Gender: Female, HP IV: 62(0%), ATK IV: 42(0%), DEF IV: 3(0%), Work Speed: (0%), Skills: Infinite Stamina
Chikipi, Level: 4, Rank: 1, Gender: Female, HP IV: 91(0%), ATK IV: 12(0%), DEF IV: 70(0%), Work Speed: (0%)
Chikipi, Level: 4, Rank: 1, Gender: Male, HP IV: 3(0%), ATK IV: 42(0%), DEF IV: 21(0%), Work Speed: (0%), Skills: Sadist
Chikipi, Level: 4, Rank: 1, Gender: Male, HP IV: 72(0%), ATK IV: 27(0%), DEF IV: 52(0%), Work Speed: (0%), Skills: Brittle, Logging Foreman, Infinite Stamina
Chikipi, Level: 4, Rank: 1, Gender: Male, HP IV: 83(0%), ATK IV: 61(0%), DEF IV: 86(0%), Work Speed: (0%), Skills: Serious
Chikipi, Level: 5, Rank: 1, Gender: Female, HP IV: 75(0%), ATK IV: 66(0%), DEF IV: 17(0%), Work Speed: (0%), Skills: Downtrodden
Chikipi, Level: 5, Rank: 1, Gender: Female, HP IV: 93(0%), ATK IV: 73(0%), DEF IV: 31(0%), Work Speed: (0%), Skills: Logging Foreman
Chikipi, Level: 5, Rank: 1, Gender: Male, HP IV: 2(0%), ATK IV: 88(0%), DEF IV: 37(0%), Work Speed: (0%), Skills: Clumsy
Chikipi, Level: 5, Rank: 1, Gender: Male, HP IV: 80(0%), ATK IV: 23(0%), DEF IV: 99(0%), Work Speed: (0%), Skills: Serious
Cremis, Level: 4, Rank: 1, Gender: Female, HP IV: 90(0%), ATK IV: 2(0%), DEF IV: 88(0%), Work Speed: (0%), Skills: Aggressive, Brave
Cremis, Level: 4, Rank: 1, Gender: Female, HP IV: 96(0%), ATK IV: 43(0%), DEF IV: 36(0%), Work Speed: (0%), Skills: Serious
Direhowl, Level: 13, Rank: 1, Gender: Female, HP IV: 66(0%), ATK IV: 83(0%), DEF IV: 60(0%), Work Speed: (0%), Skills: Diet Lover
Direhowl, Level: 4, Rank: 1, Gender: Female, HP IV: 52(0%), ATK IV: 63(0%), DEF IV: 76(0%), Work Speed: (0%), Skills: Brittle
Direhowl, Level: 6, Rank: 1, Gender: Female, HP IV: 75(0%), ATK IV: 74(0%), DEF IV: 1(0%), Work Speed: (0%), Skills: Veil of Darkness
Direhowl, Level: 7, Rank: 1, Gender: Female, HP IV: 61(0%), ATK IV: 66(0%), DEF IV: 35(0%), Work Speed: (0%), Skills: Pacifist
Dumud, Level: 17, Rank: 1, Gender: Female, HP IV: 58(0%), ATK IV: 91(0%), DEF IV: 72(0%), Work Speed: (0%), Skills: Coward
Foxparks, Level: 4, Rank: 1, Gender: Female, HP IV: 16(0%), ATK IV: 97(0%), DEF IV: 68(0%), Work Speed: (0%), Skills: Downtrodden
Fuack, Level: 5, Rank: 1, Gender: Female, HP IV: 52(0%), ATK IV: 13(0%), DEF IV: 93(0%), Work Speed: (0%), Skills: Brittle, Infinite Stamina
Gumoss (Special), Level: 3, Rank: 1, Gender: Male, HP IV: 35(0%), ATK IV: 75(0%), DEF IV: 33(0%), Work Speed: (0%)
Gumoss (Special), Level: 4, Rank: 1, Gender: Male, HP IV: 3(0%), ATK IV: 93(0%), DEF IV: 72(0%), Work Speed: (0%), Skills: Serenity
Gumoss, Level: 4, Rank: 1, Gender: Male, HP IV: 2(0%), ATK IV: 62(0%), DEF IV: 97(0%), Work Speed: (0%), Skills: Masochist
Gumoss, Level: 5, Rank: 1, Gender: Male, HP IV: 34(0%), ATK IV: 67(0%), DEF IV: 77(0%), Work Speed: (0%), Skills: Coldblooded, Pyromaniac
Hoocrates, Level: 3, Rank: 1, Gender: Male, HP IV: 98(0%), ATK IV: 74(0%), DEF IV: 36(0%), Work Speed: (0%), Skills: Capacitor
Hoocrates, Level: 5, Rank: 1, Gender: Female, HP IV: 45(0%), ATK IV: 22(0%), DEF IV: 74(0%), Work Speed: (0%), Skills: Aggressive
Hoocrates, Level: 5, Rank: 1, Gender: Female, HP IV: 79(0%), ATK IV: 49(0%), DEF IV: 23(0%), Work Speed: (0%), Skills: Earthquake Resistant, Nocturnal
Lamball, Level: 13, Rank: 1, Gender: Female, HP IV: 21(0%), ATK IV: 74(0%), DEF IV: 57(0%), Work Speed: (0%), Skills: Work Slave
Lamball, Level: 16, Rank: 1, Gender: Female, HP IV: 46(0%), ATK IV: 42(0%), DEF IV: 49(0%), Work Speed: (0%), Skills: Logging Foreman
Lamball, Level: 16, Rank: 1, Gender: Male, HP IV: 36(0%), ATK IV: 37(0%), DEF IV: 29(0%), Work Speed: (0%), Skills: Noble
Lamball, Level: 16, Rank: 1, Gender: Male, HP IV: 99(0%), ATK IV: 27(0%), DEF IV: 1(0%), Work Speed: (0%), Skills: Dragonkiller, Shabby
Lamball, Level: 3, Rank: 1, Gender: Female, HP IV: 21(0%), ATK IV: 88(0%), DEF IV: 71(0%), Work Speed: (0%), Skills: Vanguard
Lamball, Level: 4, Rank: 1, Gender: Female, HP IV: 24(0%), ATK IV: 79(0%), DEF IV: 62(0%), Work Speed: (0%), Skills: Hooligan
Lamball, Level: 4, Rank: 1, Gender: Female, HP IV: 96(0%), ATK IV: 34(0%), DEF IV: 10(0%), Work Speed: (0%), Skills: Veil of Darkness
Lamball, Level: 4, Rank: 1, Gender: Male, HP IV: 69(0%), ATK IV: 67(0%), DEF IV: 20(0%), Work Speed: (0%), Skills: Masochist
Lamball, Level: 5, Rank: 1, Gender: Female, HP IV: 24(0%), ATK IV: 90(0%), DEF IV: 35(0%), Work Speed: (0%), Skills: Heated Body, Ferocious
Lamball, Level: 5, Rank: 1, Gender: Female, HP IV: 5(0%), ATK IV: 89(0%), DEF IV: 26(0%), Work Speed: (0%), Skills: Vanguard
Lifmunk, Level: 2, Rank: 1, Gender: Male, HP IV: 47(0%), ATK IV: 5(0%), DEF IV: 20(0%), Work Speed: (0%), Skills: Artisan
Lifmunk, Level: 2, Rank: 1, Gender: Male, HP IV: 81(0%), ATK IV: 2(0%), DEF IV: 64(0%), Work Speed: (0%)
Melpaca, Level: 8, Rank: 1, Gender: Male, HP IV: 28(0%), ATK IV: 95(0%), DEF IV: 34(0%), Work Speed: (0%), Skills: Dainty Eater
Nox, Level: 6, Rank: 1, Gender: Male, HP IV: 18(0%), ATK IV: 29(0%), DEF IV: 52(0%), Work Speed: (0%), Skills: Serenity
Rooby, Level: 2, Rank: 1, Gender: Female, HP IV: 93(0%), ATK IV: 95(0%), DEF IV: 88(0%), Work Speed: (0%), Skills: Coward, Philantropist
Rooby, Level: 5, Rank: 1, Gender: Female, HP IV: 100(0%), ATK IV: 27(0%), DEF IV: 56(0%), Work Speed: (0%)
Rooby, Level: 7, Rank: 1, Gender: Male, HP IV: 21(0%), ATK IV: 3(0%), DEF IV: 41(0%), Work Speed: (0%), Skills: Philantropist, Insulated Body, Ferocious
Rushoar, Level: 4, Rank: 1, Gender: Female, HP IV: 28(0%), ATK IV: 100(0%), DEF IV: 75(0%), Work Speed: (0%), Skills: Mercy hit
Swee, Level: 13, Rank: 1, Gender: Female, HP IV: 87(0%), ATK IV: 78(0%), DEF IV: 34(0%), Work Speed: (0%), Skills: Sadist
Vixy, Level: 4, Rank: 1, Gender: Male, HP IV: 55(0%), ATK IV: 62(0%), DEF IV: 32(0%), Work Speed: (0%), Skills: Hard Skin
