Gramafon's 3 Pals
-----------------
Cattiva, Level: 5, Rank: 1, Gender: Female, HP IV: 100(0%), ATK IV: 82(0%), DEF IV: 60(0%), Work Speed: (0%), Skills: Coward, Fine Furs
Cattiva, Level: 5, Rank: 1, Gender: Female, HP IV: 16(0%), ATK IV: 72(0%), DEF IV: 89(0%), Work Speed: (0%), Skills: Coward, Workaholic
Quivern Botan, Level: 53, Rank: 1, Gender: Female, HP IV: 11(0%), ATK IV: 66(0%), DEF IV: 26(0%), Work Speed: (0%), Skills: Unstable
Gramafon's 3 Pals
-----------------
Cattiva, Level: 5, Rank: 1, Gender: Female, HP IV: 100(0%), ATK IV: 82(0%), DEF IV: 60(0%), Work Speed: (0%), Skills: Coward, Fine Furs
Cattiva, Level: 5, Rank: 1, Gender: Female, HP IV: 16(0%), ATK IV: 72(0%), DEF IV: 89(0%), Work Speed: (0%), Skills: Coward, Workaholic
Quivern Botan, Level: 53, Rank: 1, Gender: Female, HP IV: 11(0%), ATK IV: 66(0%), DEF IV: 26(0%), Work Speed: (0%), Skills: Unstable
Gramafon's 3 Pals
-----------------
Cattiva, Level: 5, Rank: 1, Gender: Female, HP IV: 100(0%), ATK IV: 82(0%), DEF IV: 60(0%), Work Speed: (0%), Skills: Coward, Fine Furs
Cattiva, Level: 5, Rank: 1, Gender: Female, HP IV: 16(0%), ATK IV: 72(0%), DEF IV: 89(0%), Work Speed: (0%), Skills: Coward, Workaholic
Quivern Botan, Level: 53, Rank: 1, Gender: Female, HP IV: 11(0%), ATK IV: 66(0%), DEF IV: 26(0%), Work Speed: (0%), Skills: Unstable
Gramafon's 3 Pals
-----------------
Cattiva, Level: 5, Rank: 1, Gender: Female, HP IV: 100(0%), ATK IV: 82(0%), DEF IV: 60(0%), Work Speed: (0%), Skills: Coward, Fine Furs
Cattiva, Level: 5, Rank: 1, Gender: Female, HP IV: 16(0%), ATK IV: 72(0%), DEF IV: 89(0%), Work Speed: (0%), Skills: Coward, Workaholic
Quivern Botan, Level: 53, Rank: 1, Gender: Female, HP IV: 11(0%), ATK IV: 66(0%), DEF IV: 26(0%), Work Speed: (0%), Skills: Unstable
Gramafon's 3 Pals
-----------------
Cattiva, Level: 5, Rank: 1, Gender: Female, HP IV: 100(0%), ATK IV: 82(0%), DEF IV: 60(0%), Work Speed: (0%), Skills: Coward, Fine Furs
Cattiva, Level: 5, Rank: 1, Gender: Female, HP IV: 16(0%), ATK IV: 72(0%), DEF IV: 89(0%), Work Speed: (0%), Skills: Coward, Workaholic
Quivern Botan, Level: 53, Rank: 1, Gender: Female, HP IV: 11(0%), ATK IV: 66(0%), DEF IV: 26(0%), Work Speed: (0%), Skills: Unstable
Gramafon's 3 Pals
-----------------
Cattiva, Level: 5, Rank: 1, Gender: Female, HP IV: 100(0%), ATK IV: 82(0%), DEF IV: 60(0%), Work Speed: (0%), Skills: Coward, Fine Furs
Cattiva, Level: 5, Rank: 1, Gender: Female, HP IV: 16(0%), ATK IV: 72(0%), DEF IV: 89(0%), Work Speed: (0%), Skills: Coward, Workaholic
Quivern Botan, Level: 53, Rank: 1, Gender: Female, HP IV: 11(0%), ATK IV: 66(0%), DEF IV: 26(0%), Work Speed: (0%), Skills: Unstable
Gramafon's 3 Pals
-----------------
Cattiva, Level: 5, Rank: 1, Gender: Female, HP IV: 100(0%), ATK IV: 82(0%), DEF IV: 60(0%), Work Speed: (0%), Skills: Coward, Fine Furs
Cattiva, Level: 5, Rank: 1, Gender: Female, HP IV: 16(0%), ATK IV: 72(0%), DEF IV: 89(0%), Work Speed: (0%), Skills: Coward, Workaholic
Quivern Botan, Level: 53, Rank: 1, Gender: Female, HP IV: 11(0%), ATK IV: 66(0%), DEF IV: 26(0%), Work Speed: (0%), Skills: Unstable
Gramafon's 3 Pals
-----------------
Cattiva, Level: 5, Rank: 1, Gender: Female, HP IV: 100(0%), ATK IV: 82(0%), DEF IV: 60(0%), Work Speed: (0%), Skills: Coward, Fine Furs
Cattiva, Level: 5, Rank: 1, Gender: Female, HP IV: 16(0%), ATK IV: 72(0%), DEF IV: 89(0%), Work Speed: (0%), Skills: Coward, Workaholic
Quivern Botan, Level: 53, Rank: 1, Gender: Female, HP IV: 11(0%), ATK IV: 66(0%), DEF IV: 26(0%), Work Speed: (0%), Skills: Unstable
Gramafon's 3 Pals
-----------------
Cattiva, Level: 5, Rank: 1, Gender: Female, HP IV: 100(0%), ATK IV: 82(0%), DEF IV: 60(0%), Work Speed: (0%), Skills: Coward, Fine Furs
Cattiva, Level: 5, Rank: 1, Gender: Female, HP IV: 16(0%), ATK IV: 72(0%), DEF IV: 89(0%), Work Speed: (0%), Skills: Coward, Workaholic
Quivern Botan, Level: 53, Rank: 1, Gender: Female, HP IV: 11(0%), ATK IV: 66(0%), DEF IV: 26(0%), Work Speed: (0%), Skills: Unstable
Gramafon's 3 Pals
-----------------
Cattiva, Level: 5, Rank: 1, Gender: Female, HP IV: 100(0%), ATK IV: 82(0%), DEF IV: 60(0%), Work Speed: (0%), Skills: Coward, Fine Furs
Cattiva, Level: 5, Rank: 1, Gender: Female, HP IV: 16(0%), ATK IV: 72(0%), DEF IV: 89(0%), Work Speed: (0%), Skills: Coward, Workaholic
Quivern Botan, Level: 53, Rank: 1, Gender: Female, HP IV: 11(0%), ATK IV: 66(0%), DEF IV: 26(0%), Work Speed: (0%), Skills: Unstable
Gramafon's 3 Pals
-----------------
Cattiva, Level: 5, Rank: 1, Gender: Female, HP IV: 100(0%), ATK IV: 82(0%), DEF IV: 60(0%), Work Speed: (0%), Skills: Coward, Fine Furs
Cattiva, Level: 5, Rank: 1, Gender: Female, HP IV: 16(0%), ATK IV: 72(0%), DEF IV: 89(0%), Work Speed: (0%), Skills: Coward, Workaholic
Quivern Botan, Level: 53, Rank: 1, Gender: Female, HP IV: 11(0%), ATK IV: 66(0%), DEF IV: 26(0%), Work Speed: (0%), Skills: Unstable
Gramafon's 3 Pals
-----------------
Cattiva, Level: 5, Rank: 1, Gender: Female, HP IV: 100(0%), ATK IV: 82(0%), DEF IV: 60(0%), Work Speed: (0%), Skills: Coward, Fine Furs
Cattiva, Level: 5, Rank: 1, Gender: Female, HP IV: 16(0%), ATK IV: 72(0%), DEF IV: 89(0%), Work Speed: (0%), Skills: Coward, Workaholic
Quivern Botan, Level: 53, Rank: 1, Gender: Female, HP IV: 11(0%), ATK IV: 66(0%), DEF IV: 26(0%), Work Speed: (0%), Skills: Unstable
Gramafon's 3 Pals
-----------------
Cattiva, Level: 5, Rank: 1, Gender: Female, HP IV: 100(0%), ATK IV: 82(0%), DEF IV: 60(0%), Work Speed: (0%), Skills: Coward, Fine Furs
Cattiva, Level: 5, Rank: 1, Gender: Female, HP IV: 16(0%), ATK IV: 72(0%), DEF IV: 89(0%), Work Speed: (0%), Skills: Coward, Workaholic
Quivern Botan, Level: 53, Rank: 1, Gender: Female, HP IV: 11(0%), ATK IV: 66(0%), DEF IV: 26(0%), Work Speed: (0%), Skills: Unstable
Gramafon's 3 Pals
-----------------
Cattiva, Level: 5, Rank: 1, Gender: Female, HP IV: 100(0%), ATK IV: 82(0%), DEF IV: 60(0%), Work Speed: (0%), Skills: Coward, Fine Furs
Cattiva, Level: 5, Rank: 1, Gender: Female, HP IV: 16(0%), ATK IV: 72(0%), DEF IV: 89(0%), Work Speed: (0%), Skills: Coward, Workaholic
Quivern Botan, Level: 53, Rank: 1, Gender: Female, HP IV: 11(0%), ATK IV: 66(0%), DEF IV: 26(0%), Work Speed: (0%), Skills: Unstable
