GREG's 3 Pals
-------------
Daedream, Level: 6, Rank: 1, Gender: Male, HP IV: 72(0%), ATK IV: 29(0%), DEF IV: 95(0%), Work Speed: (0%)
Lamball, Level: 1, Rank: 1, Gender: Female, HP IV: 76(0%), ATK IV: 96(0%), DEF IV: 14(0%), Work Speed: (0%)
Lifmunk, Level: 4, Rank: 1, Gender: Female, HP IV: 55(0%), ATK IV: 42(0%), DEF IV: 64(0%), Work Speed: (0%), Skills: Hydromaniac
GREG's 3 Pals
-------------
Daedream, Level: 6, Rank: 1, Gender: Male, HP IV: 72(0%), ATK IV: 29(0%), DEF IV: 95(0%), Work Speed: (0%)
Lamball, Level: 1, Rank: 1, Gender: Female, HP IV: 76(0%), ATK IV: 96(0%), DEF IV: 14(0%), Work Speed: (0%)
Lifmunk, Level: 4, Rank: 1, Gender: Female, HP IV: 55(0%), ATK IV: 42(0%), DEF IV: 64(0%), Work Speed: (0%), Skills: Hydromaniac
GREG's 3 Pals
-------------
Daedream, Level: 6, Rank: 1, Gender: Male, HP IV: 72(0%), ATK IV: 29(0%), DEF IV: 95(0%), Work Speed: (0%)
Lamball, Level: 1, Rank: 1, Gender: Female, HP IV: 76(0%), ATK IV: 96(0%), DEF IV: 14(0%), Work Speed: (0%)
Lifmunk, Level: 4, Rank: 1, Gender: Female, HP IV: 55(0%), ATK IV: 42(0%), DEF IV: 64(0%), Work Speed: (0%), Skills: Hydromaniac
GREG's 3 Pals
-------------
Daedream, Level: 6, Rank: 1, Gender: Male, HP IV: 72(0%), ATK IV: 29(0%), DEF IV: 95(0%), Work Speed: (0%)
Lamball, Level: 1, Rank: 1, Gender: Female, HP IV: 76(0%), ATK IV: 96(0%), DEF IV: 14(0%), Work Speed: (0%)
Lifmunk, Level: 4, Rank: 1, Gender: Female, HP IV: 55(0%), ATK IV: 42(0%), DEF IV: 64(0%), Work Speed: (0%), Skills: Hydromaniac
GREG's 3 Pals
-------------
Daedream, Level: 6, Rank: 1, Gender: Male, HP IV: 72(0%), ATK IV: 29(0%), DEF IV: 95(0%), Work Speed: (0%)
Lamball, Level: 1, Rank: 1, Gender: Female, HP IV: 76(0%), ATK IV: 96(0%), DEF IV: 14(0%), Work Speed: (0%)
Lifmunk, Level: 4, Rank: 1, Gender: Female, HP IV: 55(0%), ATK IV: 42(0%), DEF IV: 64(0%), Work Speed: (0%), Skills: Hydromaniac
GREG's 3 Pals
-------------
Daedream, Level: 6, Rank: 1, Gender: Male, HP IV: 72(0%), ATK IV: 29(0%), DEF IV: 95(0%), Work Speed: (0%)
Lamball, Level: 1, Rank: 1, Gender: Female, HP IV: 76(0%), ATK IV: 96(0%), DEF IV: 14(0%), Work Speed: (0%)
Lifmunk, Level: 4, Rank: 1, Gender: Female, HP IV: 55(0%), ATK IV: 42(0%), DEF IV: 64(0%), Work Speed: (0%), Skills: Hydromaniac
GREG's 3 Pals
-------------
Daedream, Level: 6, Rank: 1, Gender: Male, HP IV: 72(0%), ATK IV: 29(0%), DEF IV: 95(0%), Work Speed: (0%)
Lamball, Level: 1, Rank: 1, Gender: Female, HP IV: 76(0%), ATK IV: 96(0%), DEF IV: 14(0%), Work Speed: (0%)
Lifmunk, Level: 4, Rank: 1, Gender: Female, HP IV: 55(0%), ATK IV: 42(0%), DEF IV: 64(0%), Work Speed: (0%), Skills: Hydromaniac
GREG's 3 Pals
-------------
Daedream, Level: 6, Rank: 1, Gender: Male, HP IV: 72(0%), ATK IV: 29(0%), DEF IV: 95(0%), Work Speed: (0%)
Lamball, Level: 1, Rank: 1, Gender: Female, HP IV: 76(0%), ATK IV: 96(0%), DEF IV: 14(0%), Work Speed: (0%)
Lifmunk, Level: 4, Rank: 1, Gender: Female, HP IV: 55(0%), ATK IV: 42(0%), DEF IV: 64(0%), Work Speed: (0%), Skills: Hydromaniac
GREG's 3 Pals
-------------
Daedream, Level: 6, Rank: 1, Gender: Male, HP IV: 72(0%), ATK IV: 29(0%), DEF IV: 95(0%), Work Speed: (0%)
Lamball, Level: 1, Rank: 1, Gender: Female, HP IV: 76(0%), ATK IV: 96(0%), DEF IV: 14(0%), Work Speed: (0%)
Lifmunk, Level: 4, Rank: 1, Gender: Female, HP IV: 55(0%), ATK IV: 42(0%), DEF IV: 64(0%), Work Speed: (0%), Skills: Hydromaniac
GREG's 3 Pals
-------------
Daedream, Level: 6, Rank: 1, Gender: Male, HP IV: 72(0%), ATK IV: 29(0%), DEF IV: 95(0%), Work Speed: (0%)
Lamball, Level: 1, Rank: 1, Gender: Female, HP IV: 76(0%), ATK IV: 96(0%), DEF IV: 14(0%), Work Speed: (0%)
Lifmunk, Level: 4, Rank: 1, Gender: Female, HP IV: 55(0%), ATK IV: 42(0%), DEF IV: 64(0%), Work Speed: (0%), Skills: Hydromaniac
GREG's 3 Pals
-------------
Daedream, Level: 6, Rank: 1, Gender: Male, HP IV: 72(0%), ATK IV: 29(0%), DEF IV: 95(0%), Work Speed: (0%)
Lamball, Level: 1, Rank: 1, Gender: Female, HP IV: 76(0%), ATK IV: 96(0%), DEF IV: 14(0%), Work Speed: (0%)
Lifmunk, Level: 4, Rank: 1, Gender: Female, HP IV: 55(0%), ATK IV: 42(0%), DEF IV: 64(0%), Work Speed: (0%), Skills: Hydromaniac
GREG's 3 Pals
-------------
Daedream, Level: 6, Rank: 1, Gender: Male, HP IV: 72(0%), ATK IV: 29(0%), DEF IV: 95(0%), Work Speed: (0%)
Lamball, Level: 1, Rank: 1, Gender: Female, HP IV: 76(0%), ATK IV: 96(0%), DEF IV: 14(0%), Work Speed: (0%)
Lifmunk, Level: 4, Rank: 1, Gender: Female, HP IV: 55(0%), ATK IV: 42(0%), DEF IV: 64(0%), Work Speed: (0%), Skills: Hydromaniac
GREG's 3 Pals
-------------
Daedream, Level: 6, Rank: 1, Gender: Male, HP IV: 72(0%), ATK IV: 29(0%), DEF IV: 95(0%), Work Speed: (0%)
Lamball, Level: 1, Rank: 1, Gender: Female, HP IV: 76(0%), ATK IV: 96(0%), DEF IV: 14(0%), Work Speed: (0%)
Lifmunk, Level: 4, Rank: 1, Gender: Female, HP IV: 55(0%), ATK IV: 42(0%), DEF IV: 64(0%), Work Speed: (0%), Skills: Hydromaniac
GREG's 3 Pals
-------------
Daedream, Level: 6, Rank: 1, Gender: Male, HP IV: 72(0%), ATK IV: 29(0%), DEF IV: 95(0%), Work Speed: (0%)
Lamball, Level: 1, Rank: 1, Gender: Female, HP IV: 76(0%), ATK IV: 96(0%), DEF IV: 14(0%), Work Speed: (0%)
Lifmunk, Level: 4, Rank: 1, Gender: Female, HP IV: 55(0%), ATK IV: 42(0%), DEF IV: 64(0%), Work Speed: (0%), Skills: Hydromaniac
