Hallucin8's 43 Pals
-------------------
Beegarde, Level: 19, Rank: 1, Gender: Female, HP IV: 96(0%), ATK IV: 86(0%), DEF IV: 57(0%), Work Speed: (0%), Skills: Fit as a Fiddle
Bristla, Level: 1, Rank: 1, Gender: Female, HP IV: 11(0%), ATK IV: 74(0%), DEF IV: 25(0%), Work Speed: (0%), Skills: Bottomless Stomach
Caprity, Level: 9, Rank: 1, Gender: Male, HP IV: 50(0%), ATK IV: 54(0%), DEF IV: 1(0%), Work Speed: (0%), Skills: Bottomless Stomach
Celaray, Level: 1, Rank: 1, Gender: Male, HP IV: 87(0%), ATK IV: 67(0%), DEF IV: 49(0%), Work Speed: (0%), Skills: Heated Body
Daedream, Level: 4, Rank: 1, Gender: Female, HP IV: 40(0%), ATK IV: 7(0%), DEF IV: 84(0%), Work Speed: (0%), Skills: Hard Skin, Stronghold Strategist
Daedream, Level: 5, Rank: 1, Gender: Female, HP IV: 38(0%), ATK IV: 3(0%), DEF IV: 25(0%), Work Speed: (0%), Skills: Easygoing
Dazemu, Level: 1, Rank: 1, Gender: Female, HP IV: 98(0%), ATK IV: 98(0%), DEF IV: 51(0%), Work Speed: (0%), Skills: Nocturnal, Artisan, Sadist, Dainty Eater
Dazemu, Level: 1, Rank: 1, Gender: Male, HP IV: 76(0%), ATK IV: 35(0%), DEF IV: 51(0%), Work Speed: (0%), Skills: Artisan, Nocturnal, Coldblooded, Brave
Dazemu, Level: 5, Rank: 1, Gender: Male, HP IV: 98(0%), ATK IV: 98(0%), DEF IV: 1(0%), Work Speed: (0%), Skills: Nocturnal
Direhowl, Level: 15, Rank: 1, Gender: Female, HP IV: 31(0%), ATK IV: 11(0%), DEF IV: 1(0%), Work Speed: (0%), Skills: Nimble
Direhowl, Level: 15, Rank: 1, Gender: Male, HP IV: 93(0%), ATK IV: 11(0%), DEF IV: 88(0%), Work Speed: (0%), Skills: Hard Skin
Dumud, Level: 17, Rank: 1, Gender: Male, HP IV: 66(0%), ATK IV: 20(0%), DEF IV: 42(0%), Work Speed: (0%), Skills: Insulated Body
Eikthyrdeer, Level: 1, Rank: 1, Gender: Female, HP IV: 66(0%), ATK IV: 26(0%), DEF IV: 83(0%), Work Speed: (0%)
Eikthyrdeer, Level: 11, Rank: 1, Gender: Female, HP IV: 72(0%), ATK IV: 64(0%), DEF IV: 3(0%), Work Speed: (0%), Skills: Insulated Body
Foxparks, Level: 1, Rank: 1, Gender: Female, HP IV: 30(0%), ATK IV: 73(0%), DEF IV: 10(0%), Work Speed: (0%), Skills: Work Slave
Foxparks, Level: 1, Rank: 1, Gender: Female, HP IV: 47(0%), ATK IV: 10(0%), DEF IV: 37(0%), Work Speed: (0%), Skills: Motivational Leader
Foxparks, Level: 1, Rank: 1, Gender: Male, HP IV: 74(0%), ATK IV: 94(0%), DEF IV: 81(0%), Work Speed: (0%), Skills: Waterproof, Shabby, Brittle
Fuddler, Level: 1, Rank: 1, Gender: Male, HP IV: 11(0%), ATK IV: 76(0%), DEF IV: 76(0%), Work Speed: (0%), Skills: Insulated Body
Galeclaw, Level: 1, Rank: 1, Gender: Female, HP IV: 92(0%), ATK IV: 62(0%), DEF IV: 79(0%), Work Speed: (0%), Skills: Noble
Galeclaw, Level: 14, Rank: 1, Gender: Male, HP IV: 11(0%), ATK IV: 39(0%), DEF IV: 78(0%), Work Speed: (0%), Skills: Veil of Darkness
Hangyu, Level: 1, Rank: 1, Gender: Female, HP IV: 21(0%), ATK IV: 32(0%), DEF IV: 59(0%), Work Speed: (0%), Skills: Dragonkiller
Kelpsea Ignis, Level: 1, Rank: 1, Gender: Female, HP IV: 24(0%), ATK IV: 62(0%), DEF IV: 33(0%), Work Speed: (0%), Skills: Diet Lover
Lamball, Level: 14, Rank: 1, Gender: Female, HP IV: 45(0%), ATK IV: 15(0%), DEF IV: 98(0%), Work Speed: (0%), Skills: Unstable
Lamball, Level: 14, Rank: 1, Gender: Male, HP IV: 41(0%), ATK IV: 73(0%), DEF IV: 10(0%), Work Speed: (0%), Skills: Serenity
Lifmunk, Level: 2, Rank: 1, Gender: Male, HP IV: 25(0%), ATK IV: 36(0%), DEF IV: 72(0%), Work Speed: (0%), Skills: Fine Furs, Blood of the Dragon
Melpaca, Level: 17, Rank: 1, Gender: Female, HP IV: 9(0%), ATK IV: 36(0%), DEF IV: 3(0%), Work Speed: (0%), Skills: Slacker, Abnormal
Mossanda, Level: 1, Rank: 1, Gender: Female, HP IV: 14(0%), ATK IV: 28(0%), DEF IV: 12(0%), Work Speed: (0%), Skills: Glutton
Mossanda, Level: 27, Rank: 1, Gender: Male, HP IV: 17(0%), ATK IV: 16(0%), DEF IV: 98(0%), Work Speed: (0%), Skills: Burly Body
Mozzarina, Level: 8, Rank: 1, Gender: Female, HP IV: 72(0%), ATK IV: 34(0%), DEF IV: 82(0%), Work Speed: (0%)
Nitewing, Level: 14, Rank: 1, Gender: Male, HP IV: 38(0%), ATK IV: 72(0%), DEF IV: 97(0%), Work Speed: (0%), Skills: Ferocious
Nox, Level: 1, Rank: 1, Gender: Female, HP IV: 35(0%), ATK IV: 38(0%), DEF IV: 50(0%), Work Speed: (0%), Skills: Aggressive
Nox, Level: 1, Rank: 1, Gender: Male, HP IV: 75(0%), ATK IV: 7(0%), DEF IV: 69(0%), Work Speed: (0%), Skills: Veil of Darkness, Vanguard
Pengullet, Level: 1, Rank: 1, Gender: Female, HP IV: 95(0%), ATK IV: 51(0%), DEF IV: 57(0%), Work Speed: (0%), Skills: Abnormal
Penking, Level: 1, Rank: 1, Gender: Male, HP IV: 90(0%), ATK IV: 14(0%), DEF IV: 44(0%), Work Speed: (0%), Skills: Hydromaniac, Destructive, Infinite Stamina
Surfent, Level: 1, Rank: 1, Gender: Female, HP IV: 84(0%), ATK IV: 35(0%), DEF IV: 81(0%), Work Speed: (0%), Skills: Pacifist, Earthquake Resistant
Tanzee, Level: 2, Rank: 1, Gender: Female, HP IV: 96(0%), ATK IV: 68(0%), DEF IV: 82(0%), Work Speed: (0%), Skills: Hard Skin
Tanzee, Level: 5, Rank: 1, Gender: Male, HP IV: 29(0%), ATK IV: 75(0%), DEF IV: 11(0%), Work Speed: (0%), Skills: Coldblooded
Tocotoco, Level: 1, Rank: 1, Gender: Male, HP IV: 42(0%), ATK IV: 71(0%), DEF IV: 76(0%), Work Speed: (0%), Skills: Aggressive
Tombat, Level: 1, Rank: 1, Gender: Female, HP IV: 95(0%), ATK IV: 10(0%), DEF IV: 71(0%), Work Speed: (0%), Skills: Artisan
Vanwyrm Cryst, Level: 1, Rank: 1, Gender: Male, HP IV: 74(0%), ATK IV: 26(0%), DEF IV: 91(0%), Work Speed: (0%), Skills: Mercy hit
Vanwyrm, Level: 1, Rank: 1, Gender: Female, HP IV: 45(0%), ATK IV: 6(0%), DEF IV: 75(0%), Work Speed: (0%), Skills: Logging Foreman
Vanwyrm, Level: 14, Rank: 1, Gender: Female, HP IV: 15(0%), ATK IV: 51(0%), DEF IV: 36(0%), Work Speed: (0%), Skills: Clumsy
Vanwyrm, Level: 15, Rank: 1, Gender: Female, HP IV: 47(0%), ATK IV: 47(0%), DEF IV: 12(0%), Work Speed: (0%), Skills: Pyromaniac
Hallucin8's 43 Pals
-------------------
Beegarde, Level: 19, Rank: 1, Gender: Female, HP IV: 96(0%), ATK IV: 86(0%), DEF IV: 57(0%), Work Speed: (0%), Skills: Fit as a Fiddle
Bristla, Level: 1, Rank: 1, Gender: Female, HP IV: 11(0%), ATK IV: 74(0%), DEF IV: 25(0%), Work Speed: (0%), Skills: Bottomless Stomach
Caprity, Level: 9, Rank: 1, Gender: Male, HP IV: 50(0%), ATK IV: 54(0%), DEF IV: 1(0%), Work Speed: (0%), Skills: Bottomless Stomach
Celaray, Level: 1, Rank: 1, Gender: Male, HP IV: 87(0%), ATK IV: 67(0%), DEF IV: 49(0%), Work Speed: (0%), Skills: Heated Body
Daedream, Level: 4, Rank: 1, Gender: Female, HP IV: 40(0%), ATK IV: 7(0%), DEF IV: 84(0%), Work Speed: (0%), Skills: Hard Skin, Stronghold Strategist
Daedream, Level: 5, Rank: 1, Gender: Female, HP IV: 38(0%), ATK IV: 3(0%), DEF IV: 25(0%), Work Speed: (0%), Skills: Easygoing
Dazemu, Level: 1, Rank: 1, Gender: Female, HP IV: 98(0%), ATK IV: 98(0%), DEF IV: 51(0%), Work Speed: (0%), Skills: Nocturnal, Artisan, Sadist, Dainty Eater
Dazemu, Level: 1, Rank: 1, Gender: Male, HP IV: 76(0%), ATK IV: 35(0%), DEF IV: 51(0%), Work Speed: (0%), Skills: Artisan, Nocturnal, Coldblooded, Brave
Dazemu, Level: 5, Rank: 1, Gender: Male, HP IV: 98(0%), ATK IV: 98(0%), DEF IV: 1(0%), Work Speed: (0%), Skills: Nocturnal
Direhowl, Level: 15, Rank: 1, Gender: Female, HP IV: 31(0%), ATK IV: 11(0%), DEF IV: 1(0%), Work Speed: (0%), Skills: Nimble
Direhowl, Level: 15, Rank: 1, Gender: Male, HP IV: 93(0%), ATK IV: 11(0%), DEF IV: 88(0%), Work Speed: (0%), Skills: Hard Skin
Dumud, Level: 17, Rank: 1, Gender: Male, HP IV: 66(0%), ATK IV: 20(0%), DEF IV: 42(0%), Work Speed: (0%), Skills: Insulated Body
Eikthyrdeer, Level: 1, Rank: 1, Gender: Female, HP IV: 66(0%), ATK IV: 26(0%), DEF IV: 83(0%), Work Speed: (0%)
Eikthyrdeer, Level: 11, Rank: 1, Gender: Female, HP IV: 72(0%), ATK IV: 64(0%), DEF IV: 3(0%), Work Speed: (0%), Skills: Insulated Body
Foxparks, Level: 1, Rank: 1, Gender: Female, HP IV: 30(0%), ATK IV: 73(0%), DEF IV: 10(0%), Work Speed: (0%), Skills: Work Slave
Foxparks, Level: 1, Rank: 1, Gender: Female, HP IV: 47(0%), ATK IV: 10(0%), DEF IV: 37(0%), Work Speed: (0%), Skills: Motivational Leader
Foxparks, Level: 1, Rank: 1, Gender: Male, HP IV: 74(0%), ATK IV: 94(0%), DEF IV: 81(0%), Work Speed: (0%), Skills: Waterproof, Shabby, Brittle
Fuddler, Level: 1, Rank: 1, Gender: Male, HP IV: 11(0%), ATK IV: 76(0%), DEF IV: 76(0%), Work Speed: (0%), Skills: Insulated Body
Galeclaw, Level: 1, Rank: 1, Gender: Female, HP IV: 92(0%), ATK IV: 62(0%), DEF IV: 79(0%), Work Speed: (0%), Skills: Noble
Galeclaw, Level: 14, Rank: 1, Gender: Male, HP IV: 11(0%), ATK IV: 39(0%), DEF IV: 78(0%), Work Speed: (0%), Skills: Veil of Darkness
Hangyu, Level: 1, Rank: 1, Gender: Female, HP IV: 21(0%), ATK IV: 32(0%), DEF IV: 59(0%), Work Speed: (0%), Skills: Dragonkiller
Kelpsea Ignis, Level: 1, Rank: 1, Gender: Female, HP IV: 24(0%), ATK IV: 62(0%), DEF IV: 33(0%), Work Speed: (0%), Skills: Diet Lover
Lamball, Level: 14, Rank: 1, Gender: Female, HP IV: 45(0%), ATK IV: 15(0%), DEF IV: 98(0%), Work Speed: (0%), Skills: Unstable
Lamball, Level: 14, Rank: 1, Gender: Male, HP IV: 41(0%), ATK IV: 73(0%), DEF IV: 10(0%), Work Speed: (0%), Skills: Serenity
Lifmunk, Level: 2, Rank: 1, Gender: Male, HP IV: 25(0%), ATK IV: 36(0%), DEF IV: 72(0%), Work Speed: (0%), Skills: Fine Furs, Blood of the Dragon
Melpaca, Level: 17, Rank: 1, Gender: Female, HP IV: 9(0%), ATK IV: 36(0%), DEF IV: 3(0%), Work Speed: (0%), Skills: Slacker, Abnormal
Mossanda, Level: 1, Rank: 1, Gender: Female, HP IV: 14(0%), ATK IV: 28(0%), DEF IV: 12(0%), Work Speed: (0%), Skills: Glutton
Mossanda, Level: 27, Rank: 1, Gender: Male, HP IV: 17(0%), ATK IV: 16(0%), DEF IV: 98(0%), Work Speed: (0%), Skills: Burly Body
Mozzarina, Level: 8, Rank: 1, Gender: Female, HP IV: 72(0%), ATK IV: 34(0%), DEF IV: 82(0%), Work Speed: (0%)
Nitewing, Level: 14, Rank: 1, Gender: Male, HP IV: 38(0%), ATK IV: 72(0%), DEF IV: 97(0%), Work Speed: (0%), Skills: Ferocious
Nox, Level: 1, Rank: 1, Gender: Female, HP IV: 35(0%), ATK IV: 38(0%), DEF IV: 50(0%), Work Speed: (0%), Skills: Aggressive
Nox, Level: 1, Rank: 1, Gender: Male, HP IV: 75(0%), ATK IV: 7(0%), DEF IV: 69(0%), Work Speed: (0%), Skills: Veil of Darkness, Vanguard
Pengullet, Level: 1, Rank: 1, Gender: Female, HP IV: 95(0%), ATK IV: 51(0%), DEF IV: 57(0%), Work Speed: (0%), Skills: Abnormal
Penking, Level: 1, Rank: 1, Gender: Male, HP IV: 90(0%), ATK IV: 14(0%), DEF IV: 44(0%), Work Speed: (0%), Skills: Hydromaniac, Destructive, Infinite Stamina
Surfent, Level: 1, Rank: 1, Gender: Female, HP IV: 84(0%), ATK IV: 35(0%), DEF IV: 81(0%), Work Speed: (0%), Skills: Pacifist, Earthquake Resistant
Tanzee, Level: 2, Rank: 1, Gender: Female, HP IV: 96(0%), ATK IV: 68(0%), DEF IV: 82(0%), Work Speed: (0%), Skills: Hard Skin
Tanzee, Level: 5, Rank: 1, Gender: Male, HP IV: 29(0%), ATK IV: 75(0%), DEF IV: 11(0%), Work Speed: (0%), Skills: Coldblooded
Tocotoco, Level: 1, Rank: 1, Gender: Male, HP IV: 42(0%), ATK IV: 71(0%), DEF IV: 76(0%), Work Speed: (0%), Skills: Aggressive
Tombat, Level: 1, Rank: 1, Gender: Female, HP IV: 95(0%), ATK IV: 10(0%), DEF IV: 71(0%), Work Speed: (0%), Skills: Artisan
Vanwyrm Cryst, Level: 1, Rank: 1, Gender: Male, HP IV: 74(0%), ATK IV: 26(0%), DEF IV: 91(0%), Work Speed: (0%), Skills: Mercy hit
Vanwyrm, Level: 1, Rank: 1, Gender: Female, HP IV: 45(0%), ATK IV: 6(0%), DEF IV: 75(0%), Work Speed: (0%), Skills: Logging Foreman
Vanwyrm, Level: 14, Rank: 1, Gender: Female, HP IV: 15(0%), ATK IV: 51(0%), DEF IV: 36(0%), Work Speed: (0%), Skills: Clumsy
Vanwyrm, Level: 15, Rank: 1, Gender: Female, HP IV: 47(0%), ATK IV: 47(0%), DEF IV: 12(0%), Work Speed: (0%), Skills: Pyromaniac
Hallucin8's 43 Pals
-------------------
Beegarde, Level: 19, Rank: 1, Gender: Female, HP IV: 96(0%), ATK IV: 86(0%), DEF IV: 57(0%), Work Speed: (0%), Skills: Fit as a Fiddle
Bristla, Level: 1, Rank: 1, Gender: Female, HP IV: 11(0%), ATK IV: 74(0%), DEF IV: 25(0%), Work Speed: (0%), Skills: Bottomless Stomach
Caprity, Level: 9, Rank: 1, Gender: Male, HP IV: 50(0%), ATK IV: 54(0%), DEF IV: 1(0%), Work Speed: (0%), Skills: Bottomless Stomach
Celaray, Level: 1, Rank: 1, Gender: Male, HP IV: 87(0%), ATK IV: 67(0%), DEF IV: 49(0%), Work Speed: (0%), Skills: Heated Body
Daedream, Level: 4, Rank: 1, Gender: Female, HP IV: 40(0%), ATK IV: 7(0%), DEF IV: 84(0%), Work Speed: (0%), Skills: Hard Skin, Stronghold Strategist
Daedream, Level: 5, Rank: 1, Gender: Female, HP IV: 38(0%), ATK IV: 3(0%), DEF IV: 25(0%), Work Speed: (0%), Skills: Easygoing
Dazemu, Level: 1, Rank: 1, Gender: Female, HP IV: 98(0%), ATK IV: 98(0%), DEF IV: 51(0%), Work Speed: (0%), Skills: Nocturnal, Artisan, Sadist, Dainty Eater
Dazemu, Level: 1, Rank: 1, Gender: Male, HP IV: 76(0%), ATK IV: 35(0%), DEF IV: 51(0%), Work Speed: (0%), Skills: Artisan, Nocturnal, Coldblooded, Brave
Dazemu, Level: 5, Rank: 1, Gender: Male, HP IV: 98(0%), ATK IV: 98(0%), DEF IV: 1(0%), Work Speed: (0%), Skills: Nocturnal
Direhowl, Level: 15, Rank: 1, Gender: Female, HP IV: 31(0%), ATK IV: 11(0%), DEF IV: 1(0%), Work Speed: (0%), Skills: Nimble
Direhowl, Level: 15, Rank: 1, Gender: Male, HP IV: 93(0%), ATK IV: 11(0%), DEF IV: 88(0%), Work Speed: (0%), Skills: Hard Skin
Dumud, Level: 17, Rank: 1, Gender: Male, HP IV: 66(0%), ATK IV: 20(0%), DEF IV: 42(0%), Work Speed: (0%), Skills: Insulated Body
Eikthyrdeer, Level: 1, Rank: 1, Gender: Female, HP IV: 66(0%), ATK IV: 26(0%), DEF IV: 83(0%), Work Speed: (0%)
Eikthyrdeer, Level: 11, Rank: 1, Gender: Female, HP IV: 72(0%), ATK IV: 64(0%), DEF IV: 3(0%), Work Speed: (0%), Skills: Insulated Body
Foxparks, Level: 1, Rank: 1, Gender: Female, HP IV: 30(0%), ATK IV: 73(0%), DEF IV: 10(0%), Work Speed: (0%), Skills: Work Slave
Foxparks, Level: 1, Rank: 1, Gender: Female, HP IV: 47(0%), ATK IV: 10(0%), DEF IV: 37(0%), Work Speed: (0%), Skills: Motivational Leader
Foxparks, Level: 1, Rank: 1, Gender: Male, HP IV: 74(0%), ATK IV: 94(0%), DEF IV: 81(0%), Work Speed: (0%), Skills: Waterproof, Shabby, Brittle
Fuddler, Level: 1, Rank: 1, Gender: Male, HP IV: 11(0%), ATK IV: 76(0%), DEF IV: 76(0%), Work Speed: (0%), Skills: Insulated Body
Galeclaw, Level: 1, Rank: 1, Gender: Female, HP IV: 92(0%), ATK IV: 62(0%), DEF IV: 79(0%), Work Speed: (0%), Skills: Noble
Galeclaw, Level: 14, Rank: 1, Gender: Male, HP IV: 11(0%), ATK IV: 39(0%), DEF IV: 78(0%), Work Speed: (0%), Skills: Veil of Darkness
Hangyu, Level: 1, Rank: 1, Gender: Female, HP IV: 21(0%), ATK IV: 32(0%), DEF IV: 59(0%), Work Speed: (0%), Skills: Dragonkiller
Kelpsea Ignis, Level: 1, Rank: 1, Gender: Female, HP IV: 24(0%), ATK IV: 62(0%), DEF IV: 33(0%), Work Speed: (0%), Skills: Diet Lover
Lamball, Level: 14, Rank: 1, Gender: Female, HP IV: 45(0%), ATK IV: 15(0%), DEF IV: 98(0%), Work Speed: (0%), Skills: Unstable
Lamball, Level: 14, Rank: 1, Gender: Male, HP IV: 41(0%), ATK IV: 73(0%), DEF IV: 10(0%), Work Speed: (0%), Skills: Serenity
Lifmunk, Level: 2, Rank: 1, Gender: Male, HP IV: 25(0%), ATK IV: 36(0%), DEF IV: 72(0%), Work Speed: (0%), Skills: Fine Furs, Blood of the Dragon
Melpaca, Level: 17, Rank: 1, Gender: Female, HP IV: 9(0%), ATK IV: 36(0%), DEF IV: 3(0%), Work Speed: (0%), Skills: Slacker, Abnormal
Mossanda, Level: 1, Rank: 1, Gender: Female, HP IV: 14(0%), ATK IV: 28(0%), DEF IV: 12(0%), Work Speed: (0%), Skills: Glutton
Mossanda, Level: 27, Rank: 1, Gender: Male, HP IV: 17(0%), ATK IV: 16(0%), DEF IV: 98(0%), Work Speed: (0%), Skills: Burly Body
Mozzarina, Level: 8, Rank: 1, Gender: Female, HP IV: 72(0%), ATK IV: 34(0%), DEF IV: 82(0%), Work Speed: (0%)
Nitewing, Level: 14, Rank: 1, Gender: Male, HP IV: 38(0%), ATK IV: 72(0%), DEF IV: 97(0%), Work Speed: (0%), Skills: Ferocious
Nox, Level: 1, Rank: 1, Gender: Female, HP IV: 35(0%), ATK IV: 38(0%), DEF IV: 50(0%), Work Speed: (0%), Skills: Aggressive
Nox, Level: 1, Rank: 1, Gender: Male, HP IV: 75(0%), ATK IV: 7(0%), DEF IV: 69(0%), Work Speed: (0%), Skills: Veil of Darkness, Vanguard
Pengullet, Level: 1, Rank: 1, Gender: Female, HP IV: 95(0%), ATK IV: 51(0%), DEF IV: 57(0%), Work Speed: (0%), Skills: Abnormal
Penking, Level: 1, Rank: 1, Gender: Male, HP IV: 90(0%), ATK IV: 14(0%), DEF IV: 44(0%), Work Speed: (0%), Skills: Hydromaniac, Destructive, Infinite Stamina
Surfent, Level: 1, Rank: 1, Gender: Female, HP IV: 84(0%), ATK IV: 35(0%), DEF IV: 81(0%), Work Speed: (0%), Skills: Pacifist, Earthquake Resistant
Tanzee, Level: 2, Rank: 1, Gender: Female, HP IV: 96(0%), ATK IV: 68(0%), DEF IV: 82(0%), Work Speed: (0%), Skills: Hard Skin
Tanzee, Level: 5, Rank: 1, Gender: Male, HP IV: 29(0%), ATK IV: 75(0%), DEF IV: 11(0%), Work Speed: (0%), Skills: Coldblooded
Tocotoco, Level: 1, Rank: 1, Gender: Male, HP IV: 42(0%), ATK IV: 71(0%), DEF IV: 76(0%), Work Speed: (0%), Skills: Aggressive
Tombat, Level: 1, Rank: 1, Gender: Female, HP IV: 95(0%), ATK IV: 10(0%), DEF IV: 71(0%), Work Speed: (0%), Skills: Artisan
Vanwyrm Cryst, Level: 1, Rank: 1, Gender: Male, HP IV: 74(0%), ATK IV: 26(0%), DEF IV: 91(0%), Work Speed: (0%), Skills: Mercy hit
Vanwyrm, Level: 1, Rank: 1, Gender: Female, HP IV: 45(0%), ATK IV: 6(0%), DEF IV: 75(0%), Work Speed: (0%), Skills: Logging Foreman
Vanwyrm, Level: 14, Rank: 1, Gender: Female, HP IV: 15(0%), ATK IV: 51(0%), DEF IV: 36(0%), Work Speed: (0%), Skills: Clumsy
Vanwyrm, Level: 15, Rank: 1, Gender: Female, HP IV: 47(0%), ATK IV: 47(0%), DEF IV: 12(0%), Work Speed: (0%), Skills: Pyromaniac
Hallucin8's 43 Pals
-------------------
Beegarde, Level: 19, Rank: 1, Gender: Female, HP IV: 96(0%), ATK IV: 86(0%), DEF IV: 57(0%), Work Speed: (0%), Skills: Fit as a Fiddle
Bristla, Level: 1, Rank: 1, Gender: Female, HP IV: 11(0%), ATK IV: 74(0%), DEF IV: 25(0%), Work Speed: (0%), Skills: Bottomless Stomach
Caprity, Level: 9, Rank: 1, Gender: Male, HP IV: 50(0%), ATK IV: 54(0%), DEF IV: 1(0%), Work Speed: (0%), Skills: Bottomless Stomach
Celaray, Level: 1, Rank: 1, Gender: Male, HP IV: 87(0%), ATK IV: 67(0%), DEF IV: 49(0%), Work Speed: (0%), Skills: Heated Body
Daedream, Level: 4, Rank: 1, Gender: Female, HP IV: 40(0%), ATK IV: 7(0%), DEF IV: 84(0%), Work Speed: (0%), Skills: Hard Skin, Stronghold Strategist
Daedream, Level: 5, Rank: 1, Gender: Female, HP IV: 38(0%), ATK IV: 3(0%), DEF IV: 25(0%), Work Speed: (0%), Skills: Easygoing
Dazemu, Level: 1, Rank: 1, Gender: Female, HP IV: 98(0%), ATK IV: 98(0%), DEF IV: 51(0%), Work Speed: (0%), Skills: Nocturnal, Artisan, Sadist, Dainty Eater
Dazemu, Level: 1, Rank: 1, Gender: Male, HP IV: 76(0%), ATK IV: 35(0%), DEF IV: 51(0%), Work Speed: (0%), Skills: Artisan, Nocturnal, Coldblooded, Brave
Dazemu, Level: 5, Rank: 1, Gender: Male, HP IV: 98(0%), ATK IV: 98(0%), DEF IV: 1(0%), Work Speed: (0%), Skills: Nocturnal
Direhowl, Level: 15, Rank: 1, Gender: Female, HP IV: 31(0%), ATK IV: 11(0%), DEF IV: 1(0%), Work Speed: (0%), Skills: Nimble
Direhowl, Level: 15, Rank: 1, Gender: Male, HP IV: 93(0%), ATK IV: 11(0%), DEF IV: 88(0%), Work Speed: (0%), Skills: Hard Skin
Dumud, Level: 17, Rank: 1, Gender: Male, HP IV: 66(0%), ATK IV: 20(0%), DEF IV: 42(0%), Work Speed: (0%), Skills: Insulated Body
Eikthyrdeer, Level: 1, Rank: 1, Gender: Female, HP IV: 66(0%), ATK IV: 26(0%), DEF IV: 83(0%), Work Speed: (0%)
Eikthyrdeer, Level: 11, Rank: 1, Gender: Female, HP IV: 72(0%), ATK IV: 64(0%), DEF IV: 3(0%), Work Speed: (0%), Skills: Insulated Body
Foxparks, Level: 1, Rank: 1, Gender: Female, HP IV: 30(0%), ATK IV: 73(0%), DEF IV: 10(0%), Work Speed: (0%), Skills: Work Slave
Foxparks, Level: 1, Rank: 1, Gender: Female, HP IV: 47(0%), ATK IV: 10(0%), DEF IV: 37(0%), Work Speed: (0%), Skills: Motivational Leader
Foxparks, Level: 1, Rank: 1, Gender: Male, HP IV: 74(0%), ATK IV: 94(0%), DEF IV: 81(0%), Work Speed: (0%), Skills: Waterproof, Shabby, Brittle
Fuddler, Level: 1, Rank: 1, Gender: Male, HP IV: 11(0%), ATK IV: 76(0%), DEF IV: 76(0%), Work Speed: (0%), Skills: Insulated Body
Galeclaw, Level: 1, Rank: 1, Gender: Female, HP IV: 92(0%), ATK IV: 62(0%), DEF IV: 79(0%), Work Speed: (0%), Skills: Noble
Galeclaw, Level: 14, Rank: 1, Gender: Male, HP IV: 11(0%), ATK IV: 39(0%), DEF IV: 78(0%), Work Speed: (0%), Skills: Veil of Darkness
Hangyu, Level: 1, Rank: 1, Gender: Female, HP IV: 21(0%), ATK IV: 32(0%), DEF IV: 59(0%), Work Speed: (0%), Skills: Dragonkiller
Kelpsea Ignis, Level: 1, Rank: 1, Gender: Female, HP IV: 24(0%), ATK IV: 62(0%), DEF IV: 33(0%), Work Speed: (0%), Skills: Diet Lover
Lamball, Level: 14, Rank: 1, Gender: Female, HP IV: 45(0%), ATK IV: 15(0%), DEF IV: 98(0%), Work Speed: (0%), Skills: Unstable
Lamball, Level: 14, Rank: 1, Gender: Male, HP IV: 41(0%), ATK IV: 73(0%), DEF IV: 10(0%), Work Speed: (0%), Skills: Serenity
Lifmunk, Level: 2, Rank: 1, Gender: Male, HP IV: 25(0%), ATK IV: 36(0%), DEF IV: 72(0%), Work Speed: (0%), Skills: Fine Furs, Blood of the Dragon
Melpaca, Level: 17, Rank: 1, Gender: Female, HP IV: 9(0%), ATK IV: 36(0%), DEF IV: 3(0%), Work Speed: (0%), Skills: Slacker, Abnormal
Mossanda, Level: 1, Rank: 1, Gender: Female, HP IV: 14(0%), ATK IV: 28(0%), DEF IV: 12(0%), Work Speed: (0%), Skills: Glutton
Mossanda, Level: 27, Rank: 1, Gender: Male, HP IV: 17(0%), ATK IV: 16(0%), DEF IV: 98(0%), Work Speed: (0%), Skills: Burly Body
Mozzarina, Level: 8, Rank: 1, Gender: Female, HP IV: 72(0%), ATK IV: 34(0%), DEF IV: 82(0%), Work Speed: (0%)
Nitewing, Level: 14, Rank: 1, Gender: Male, HP IV: 38(0%), ATK IV: 72(0%), DEF IV: 97(0%), Work Speed: (0%), Skills: Ferocious
Nox, Level: 1, Rank: 1, Gender: Female, HP IV: 35(0%), ATK IV: 38(0%), DEF IV: 50(0%), Work Speed: (0%), Skills: Aggressive
Nox, Level: 1, Rank: 1, Gender: Male, HP IV: 75(0%), ATK IV: 7(0%), DEF IV: 69(0%), Work Speed: (0%), Skills: Veil of Darkness, Vanguard
Pengullet, Level: 1, Rank: 1, Gender: Female, HP IV: 95(0%), ATK IV: 51(0%), DEF IV: 57(0%), Work Speed: (0%), Skills: Abnormal
Penking, Level: 1, Rank: 1, Gender: Male, HP IV: 90(0%), ATK IV: 14(0%), DEF IV: 44(0%), Work Speed: (0%), Skills: Hydromaniac, Destructive, Infinite Stamina
Surfent, Level: 1, Rank: 1, Gender: Female, HP IV: 84(0%), ATK IV: 35(0%), DEF IV: 81(0%), Work Speed: (0%), Skills: Pacifist, Earthquake Resistant
Tanzee, Level: 2, Rank: 1, Gender: Female, HP IV: 96(0%), ATK IV: 68(0%), DEF IV: 82(0%), Work Speed: (0%), Skills: Hard Skin
Tanzee, Level: 5, Rank: 1, Gender: Male, HP IV: 29(0%), ATK IV: 75(0%), DEF IV: 11(0%), Work Speed: (0%), Skills: Coldblooded
Tocotoco, Level: 1, Rank: 1, Gender: Male, HP IV: 42(0%), ATK IV: 71(0%), DEF IV: 76(0%), Work Speed: (0%), Skills: Aggressive
Tombat, Level: 1, Rank: 1, Gender: Female, HP IV: 95(0%), ATK IV: 10(0%), DEF IV: 71(0%), Work Speed: (0%), Skills: Artisan
Vanwyrm Cryst, Level: 1, Rank: 1, Gender: Male, HP IV: 74(0%), ATK IV: 26(0%), DEF IV: 91(0%), Work Speed: (0%), Skills: Mercy hit
Vanwyrm, Level: 1, Rank: 1, Gender: Female, HP IV: 45(0%), ATK IV: 6(0%), DEF IV: 75(0%), Work Speed: (0%), Skills: Logging Foreman
Vanwyrm, Level: 14, Rank: 1, Gender: Female, HP IV: 15(0%), ATK IV: 51(0%), DEF IV: 36(0%), Work Speed: (0%), Skills: Clumsy
Vanwyrm, Level: 15, Rank: 1, Gender: Female, HP IV: 47(0%), ATK IV: 47(0%), DEF IV: 12(0%), Work Speed: (0%), Skills: Pyromaniac
Hallucin8's 43 Pals
-------------------
Beegarde, Level: 19, Rank: 1, Gender: Female, HP IV: 96(0%), ATK IV: 86(0%), DEF IV: 57(0%), Work Speed: (0%), Skills: Fit as a Fiddle
Bristla, Level: 1, Rank: 1, Gender: Female, HP IV: 11(0%), ATK IV: 74(0%), DEF IV: 25(0%), Work Speed: (0%), Skills: Bottomless Stomach
Caprity, Level: 9, Rank: 1, Gender: Male, HP IV: 50(0%), ATK IV: 54(0%), DEF IV: 1(0%), Work Speed: (0%), Skills: Bottomless Stomach
Celaray, Level: 1, Rank: 1, Gender: Male, HP IV: 87(0%), ATK IV: 67(0%), DEF IV: 49(0%), Work Speed: (0%), Skills: Heated Body
Daedream, Level: 4, Rank: 1, Gender: Female, HP IV: 40(0%), ATK IV: 7(0%), DEF IV: 84(0%), Work Speed: (0%), Skills: Hard Skin, Stronghold Strategist
Daedream, Level: 5, Rank: 1, Gender: Female, HP IV: 38(0%), ATK IV: 3(0%), DEF IV: 25(0%), Work Speed: (0%), Skills: Easygoing
Dazemu, Level: 1, Rank: 1, Gender: Female, HP IV: 98(0%), ATK IV: 98(0%), DEF IV: 51(0%), Work Speed: (0%), Skills: Nocturnal, Artisan, Sadist, Dainty Eater
Dazemu, Level: 1, Rank: 1, Gender: Male, HP IV: 76(0%), ATK IV: 35(0%), DEF IV: 51(0%), Work Speed: (0%), Skills: Artisan, Nocturnal, Coldblooded, Brave
Dazemu, Level: 5, Rank: 1, Gender: Male, HP IV: 98(0%), ATK IV: 98(0%), DEF IV: 1(0%), Work Speed: (0%), Skills: Nocturnal
Direhowl, Level: 15, Rank: 1, Gender: Female, HP IV: 31(0%), ATK IV: 11(0%), DEF IV: 1(0%), Work Speed: (0%), Skills: Nimble
Direhowl, Level: 15, Rank: 1, Gender: Male, HP IV: 93(0%), ATK IV: 11(0%), DEF IV: 88(0%), Work Speed: (0%), Skills: Hard Skin
Dumud, Level: 17, Rank: 1, Gender: Male, HP IV: 66(0%), ATK IV: 20(0%), DEF IV: 42(0%), Work Speed: (0%), Skills: Insulated Body
Eikthyrdeer, Level: 1, Rank: 1, Gender: Female, HP IV: 66(0%), ATK IV: 26(0%), DEF IV: 83(0%), Work Speed: (0%)
Eikthyrdeer, Level: 11, Rank: 1, Gender: Female, HP IV: 72(0%), ATK IV: 64(0%), DEF IV: 3(0%), Work Speed: (0%), Skills: Insulated Body
Foxparks, Level: 1, Rank: 1, Gender: Female, HP IV: 30(0%), ATK IV: 73(0%), DEF IV: 10(0%), Work Speed: (0%), Skills: Work Slave
Foxparks, Level: 1, Rank: 1, Gender: Female, HP IV: 47(0%), ATK IV: 10(0%), DEF IV: 37(0%), Work Speed: (0%), Skills: Motivational Leader
Foxparks, Level: 1, Rank: 1, Gender: Male, HP IV: 74(0%), ATK IV: 94(0%), DEF IV: 81(0%), Work Speed: (0%), Skills: Waterproof, Shabby, Brittle
Fuddler, Level: 1, Rank: 1, Gender: Male, HP IV: 11(0%), ATK IV: 76(0%), DEF IV: 76(0%), Work Speed: (0%), Skills: Insulated Body
Galeclaw, Level: 1, Rank: 1, Gender: Female, HP IV: 92(0%), ATK IV: 62(0%), DEF IV: 79(0%), Work Speed: (0%), Skills: Noble
Galeclaw, Level: 14, Rank: 1, Gender: Male, HP IV: 11(0%), ATK IV: 39(0%), DEF IV: 78(0%), Work Speed: (0%), Skills: Veil of Darkness
Hangyu, Level: 1, Rank: 1, Gender: Female, HP IV: 21(0%), ATK IV: 32(0%), DEF IV: 59(0%), Work Speed: (0%), Skills: Dragonkiller
Kelpsea Ignis, Level: 1, Rank: 1, Gender: Female, HP IV: 24(0%), ATK IV: 62(0%), DEF IV: 33(0%), Work Speed: (0%), Skills: Diet Lover
Lamball, Level: 14, Rank: 1, Gender: Female, HP IV: 45(0%), ATK IV: 15(0%), DEF IV: 98(0%), Work Speed: (0%), Skills: Unstable
Lamball, Level: 14, Rank: 1, Gender: Male, HP IV: 41(0%), ATK IV: 73(0%), DEF IV: 10(0%), Work Speed: (0%), Skills: Serenity
Lifmunk, Level: 2, Rank: 1, Gender: Male, HP IV: 25(0%), ATK IV: 36(0%), DEF IV: 72(0%), Work Speed: (0%), Skills: Fine Furs, Blood of the Dragon
Melpaca, Level: 17, Rank: 1, Gender: Female, HP IV: 9(0%), ATK IV: 36(0%), DEF IV: 3(0%), Work Speed: (0%), Skills: Slacker, Abnormal
Mossanda, Level: 1, Rank: 1, Gender: Female, HP IV: 14(0%), ATK IV: 28(0%), DEF IV: 12(0%), Work Speed: (0%), Skills: Glutton
Mossanda, Level: 27, Rank: 1, Gender: Male, HP IV: 17(0%), ATK IV: 16(0%), DEF IV: 98(0%), Work Speed: (0%), Skills: Burly Body
Mozzarina, Level: 8, Rank: 1, Gender: Female, HP IV: 72(0%), ATK IV: 34(0%), DEF IV: 82(0%), Work Speed: (0%)
Nitewing, Level: 14, Rank: 1, Gender: Male, HP IV: 38(0%), ATK IV: 72(0%), DEF IV: 97(0%), Work Speed: (0%), Skills: Ferocious
Nox, Level: 1, Rank: 1, Gender: Female, HP IV: 35(0%), ATK IV: 38(0%), DEF IV: 50(0%), Work Speed: (0%), Skills: Aggressive
Nox, Level: 1, Rank: 1, Gender: Male, HP IV: 75(0%), ATK IV: 7(0%), DEF IV: 69(0%), Work Speed: (0%), Skills: Veil of Darkness, Vanguard
Pengullet, Level: 1, Rank: 1, Gender: Female, HP IV: 95(0%), ATK IV: 51(0%), DEF IV: 57(0%), Work Speed: (0%), Skills: Abnormal
Penking, Level: 1, Rank: 1, Gender: Male, HP IV: 90(0%), ATK IV: 14(0%), DEF IV: 44(0%), Work Speed: (0%), Skills: Hydromaniac, Destructive, Infinite Stamina
Surfent, Level: 1, Rank: 1, Gender: Female, HP IV: 84(0%), ATK IV: 35(0%), DEF IV: 81(0%), Work Speed: (0%), Skills: Pacifist, Earthquake Resistant
Tanzee, Level: 2, Rank: 1, Gender: Female, HP IV: 96(0%), ATK IV: 68(0%), DEF IV: 82(0%), Work Speed: (0%), Skills: Hard Skin
Tanzee, Level: 5, Rank: 1, Gender: Male, HP IV: 29(0%), ATK IV: 75(0%), DEF IV: 11(0%), Work Speed: (0%), Skills: Coldblooded
Tocotoco, Level: 1, Rank: 1, Gender: Male, HP IV: 42(0%), ATK IV: 71(0%), DEF IV: 76(0%), Work Speed: (0%), Skills: Aggressive
Tombat, Level: 1, Rank: 1, Gender: Female, HP IV: 95(0%), ATK IV: 10(0%), DEF IV: 71(0%), Work Speed: (0%), Skills: Artisan
Vanwyrm Cryst, Level: 1, Rank: 1, Gender: Male, HP IV: 74(0%), ATK IV: 26(0%), DEF IV: 91(0%), Work Speed: (0%), Skills: Mercy hit
Vanwyrm, Level: 1, Rank: 1, Gender: Female, HP IV: 45(0%), ATK IV: 6(0%), DEF IV: 75(0%), Work Speed: (0%), Skills: Logging Foreman
Vanwyrm, Level: 14, Rank: 1, Gender: Female, HP IV: 15(0%), ATK IV: 51(0%), DEF IV: 36(0%), Work Speed: (0%), Skills: Clumsy
Vanwyrm, Level: 15, Rank: 1, Gender: Female, HP IV: 47(0%), ATK IV: 47(0%), DEF IV: 12(0%), Work Speed: (0%), Skills: Pyromaniac
Hallucin8's 43 Pals
-------------------
Beegarde, Level: 19, Rank: 1, Gender: Female, HP IV: 96(0%), ATK IV: 86(0%), DEF IV: 57(0%), Work Speed: (0%), Skills: Fit as a Fiddle
Bristla, Level: 1, Rank: 1, Gender: Female, HP IV: 11(0%), ATK IV: 74(0%), DEF IV: 25(0%), Work Speed: (0%), Skills: Bottomless Stomach
Caprity, Level: 9, Rank: 1, Gender: Male, HP IV: 50(0%), ATK IV: 54(0%), DEF IV: 1(0%), Work Speed: (0%), Skills: Bottomless Stomach
Celaray, Level: 1, Rank: 1, Gender: Male, HP IV: 87(0%), ATK IV: 67(0%), DEF IV: 49(0%), Work Speed: (0%), Skills: Heated Body
Daedream, Level: 4, Rank: 1, Gender: Female, HP IV: 40(0%), ATK IV: 7(0%), DEF IV: 84(0%), Work Speed: (0%), Skills: Hard Skin, Stronghold Strategist
Daedream, Level: 5, Rank: 1, Gender: Female, HP IV: 38(0%), ATK IV: 3(0%), DEF IV: 25(0%), Work Speed: (0%), Skills: Easygoing
Dazemu, Level: 1, Rank: 1, Gender: Female, HP IV: 98(0%), ATK IV: 98(0%), DEF IV: 51(0%), Work Speed: (0%), Skills: Nocturnal, Artisan, Sadist, Dainty Eater
Dazemu, Level: 1, Rank: 1, Gender: Male, HP IV: 76(0%), ATK IV: 35(0%), DEF IV: 51(0%), Work Speed: (0%), Skills: Artisan, Nocturnal, Coldblooded, Brave
Dazemu, Level: 5, Rank: 1, Gender: Male, HP IV: 98(0%), ATK IV: 98(0%), DEF IV: 1(0%), Work Speed: (0%), Skills: Nocturnal
Direhowl, Level: 15, Rank: 1, Gender: Female, HP IV: 31(0%), ATK IV: 11(0%), DEF IV: 1(0%), Work Speed: (0%), Skills: Nimble
Direhowl, Level: 15, Rank: 1, Gender: Male, HP IV: 93(0%), ATK IV: 11(0%), DEF IV: 88(0%), Work Speed: (0%), Skills: Hard Skin
Dumud, Level: 17, Rank: 1, Gender: Male, HP IV: 66(0%), ATK IV: 20(0%), DEF IV: 42(0%), Work Speed: (0%), Skills: Insulated Body
Eikthyrdeer, Level: 1, Rank: 1, Gender: Female, HP IV: 66(0%), ATK IV: 26(0%), DEF IV: 83(0%), Work Speed: (0%)
Eikthyrdeer, Level: 11, Rank: 1, Gender: Female, HP IV: 72(0%), ATK IV: 64(0%), DEF IV: 3(0%), Work Speed: (0%), Skills: Insulated Body
Foxparks, Level: 1, Rank: 1, Gender: Female, HP IV: 30(0%), ATK IV: 73(0%), DEF IV: 10(0%), Work Speed: (0%), Skills: Work Slave
Foxparks, Level: 1, Rank: 1, Gender: Female, HP IV: 47(0%), ATK IV: 10(0%), DEF IV: 37(0%), Work Speed: (0%), Skills: Motivational Leader
Foxparks, Level: 1, Rank: 1, Gender: Male, HP IV: 74(0%), ATK IV: 94(0%), DEF IV: 81(0%), Work Speed: (0%), Skills: Waterproof, Shabby, Brittle
Fuddler, Level: 1, Rank: 1, Gender: Male, HP IV: 11(0%), ATK IV: 76(0%), DEF IV: 76(0%), Work Speed: (0%), Skills: Insulated Body
Galeclaw, Level: 1, Rank: 1, Gender: Female, HP IV: 92(0%), ATK IV: 62(0%), DEF IV: 79(0%), Work Speed: (0%), Skills: Noble
Galeclaw, Level: 14, Rank: 1, Gender: Male, HP IV: 11(0%), ATK IV: 39(0%), DEF IV: 78(0%), Work Speed: (0%), Skills: Veil of Darkness
Hangyu, Level: 1, Rank: 1, Gender: Female, HP IV: 21(0%), ATK IV: 32(0%), DEF IV: 59(0%), Work Speed: (0%), Skills: Dragonkiller
Kelpsea Ignis, Level: 1, Rank: 1, Gender: Female, HP IV: 24(0%), ATK IV: 62(0%), DEF IV: 33(0%), Work Speed: (0%), Skills: Diet Lover
Lamball, Level: 14, Rank: 1, Gender: Female, HP IV: 45(0%), ATK IV: 15(0%), DEF IV: 98(0%), Work Speed: (0%), Skills: Unstable
Lamball, Level: 14, Rank: 1, Gender: Male, HP IV: 41(0%), ATK IV: 73(0%), DEF IV: 10(0%), Work Speed: (0%), Skills: Serenity
Lifmunk, Level: 2, Rank: 1, Gender: Male, HP IV: 25(0%), ATK IV: 36(0%), DEF IV: 72(0%), Work Speed: (0%), Skills: Fine Furs, Blood of the Dragon
Melpaca, Level: 17, Rank: 1, Gender: Female, HP IV: 9(0%), ATK IV: 36(0%), DEF IV: 3(0%), Work Speed: (0%), Skills: Slacker, Abnormal
Mossanda, Level: 1, Rank: 1, Gender: Female, HP IV: 14(0%), ATK IV: 28(0%), DEF IV: 12(0%), Work Speed: (0%), Skills: Glutton
Mossanda, Level: 27, Rank: 1, Gender: Male, HP IV: 17(0%), ATK IV: 16(0%), DEF IV: 98(0%), Work Speed: (0%), Skills: Burly Body
Mozzarina, Level: 8, Rank: 1, Gender: Female, HP IV: 72(0%), ATK IV: 34(0%), DEF IV: 82(0%), Work Speed: (0%)
Nitewing, Level: 14, Rank: 1, Gender: Male, HP IV: 38(0%), ATK IV: 72(0%), DEF IV: 97(0%), Work Speed: (0%), Skills: Ferocious
Nox, Level: 1, Rank: 1, Gender: Female, HP IV: 35(0%), ATK IV: 38(0%), DEF IV: 50(0%), Work Speed: (0%), Skills: Aggressive
Nox, Level: 1, Rank: 1, Gender: Male, HP IV: 75(0%), ATK IV: 7(0%), DEF IV: 69(0%), Work Speed: (0%), Skills: Veil of Darkness, Vanguard
Pengullet, Level: 1, Rank: 1, Gender: Female, HP IV: 95(0%), ATK IV: 51(0%), DEF IV: 57(0%), Work Speed: (0%), Skills: Abnormal
Penking, Level: 1, Rank: 1, Gender: Male, HP IV: 90(0%), ATK IV: 14(0%), DEF IV: 44(0%), Work Speed: (0%), Skills: Hydromaniac, Destructive, Infinite Stamina
Surfent, Level: 1, Rank: 1, Gender: Female, HP IV: 84(0%), ATK IV: 35(0%), DEF IV: 81(0%), Work Speed: (0%), Skills: Pacifist, Earthquake Resistant
Tanzee, Level: 2, Rank: 1, Gender: Female, HP IV: 96(0%), ATK IV: 68(0%), DEF IV: 82(0%), Work Speed: (0%), Skills: Hard Skin
Tanzee, Level: 5, Rank: 1, Gender: Male, HP IV: 29(0%), ATK IV: 75(0%), DEF IV: 11(0%), Work Speed: (0%), Skills: Coldblooded
Tocotoco, Level: 1, Rank: 1, Gender: Male, HP IV: 42(0%), ATK IV: 71(0%), DEF IV: 76(0%), Work Speed: (0%), Skills: Aggressive
Tombat, Level: 1, Rank: 1, Gender: Female, HP IV: 95(0%), ATK IV: 10(0%), DEF IV: 71(0%), Work Speed: (0%), Skills: Artisan
Vanwyrm Cryst, Level: 1, Rank: 1, Gender: Male, HP IV: 74(0%), ATK IV: 26(0%), DEF IV: 91(0%), Work Speed: (0%), Skills: Mercy hit
Vanwyrm, Level: 1, Rank: 1, Gender: Female, HP IV: 45(0%), ATK IV: 6(0%), DEF IV: 75(0%), Work Speed: (0%), Skills: Logging Foreman
Vanwyrm, Level: 14, Rank: 1, Gender: Female, HP IV: 15(0%), ATK IV: 51(0%), DEF IV: 36(0%), Work Speed: (0%), Skills: Clumsy
Vanwyrm, Level: 15, Rank: 1, Gender: Female, HP IV: 47(0%), ATK IV: 47(0%), DEF IV: 12(0%), Work Speed: (0%), Skills: Pyromaniac
Hallucin8's 43 Pals
-------------------
Beegarde, Level: 19, Rank: 1, Gender: Female, HP IV: 96(0%), ATK IV: 86(0%), DEF IV: 57(0%), Work Speed: (0%), Skills: Fit as a Fiddle
Bristla, Level: 1, Rank: 1, Gender: Female, HP IV: 11(0%), ATK IV: 74(0%), DEF IV: 25(0%), Work Speed: (0%), Skills: Bottomless Stomach
Caprity, Level: 9, Rank: 1, Gender: Male, HP IV: 50(0%), ATK IV: 54(0%), DEF IV: 1(0%), Work Speed: (0%), Skills: Bottomless Stomach
Celaray, Level: 1, Rank: 1, Gender: Male, HP IV: 87(0%), ATK IV: 67(0%), DEF IV: 49(0%), Work Speed: (0%), Skills: Heated Body
Daedream, Level: 4, Rank: 1, Gender: Female, HP IV: 40(0%), ATK IV: 7(0%), DEF IV: 84(0%), Work Speed: (0%), Skills: Hard Skin, Stronghold Strategist
Daedream, Level: 5, Rank: 1, Gender: Female, HP IV: 38(0%), ATK IV: 3(0%), DEF IV: 25(0%), Work Speed: (0%), Skills: Easygoing
Dazemu, Level: 1, Rank: 1, Gender: Female, HP IV: 98(0%), ATK IV: 98(0%), DEF IV: 51(0%), Work Speed: (0%), Skills: Nocturnal, Artisan, Sadist, Dainty Eater
Dazemu, Level: 1, Rank: 1, Gender: Male, HP IV: 76(0%), ATK IV: 35(0%), DEF IV: 51(0%), Work Speed: (0%), Skills: Artisan, Nocturnal, Coldblooded, Brave
Dazemu, Level: 5, Rank: 1, Gender: Male, HP IV: 98(0%), ATK IV: 98(0%), DEF IV: 1(0%), Work Speed: (0%), Skills: Nocturnal
Direhowl, Level: 15, Rank: 1, Gender: Female, HP IV: 31(0%), ATK IV: 11(0%), DEF IV: 1(0%), Work Speed: (0%), Skills: Nimble
Direhowl, Level: 15, Rank: 1, Gender: Male, HP IV: 93(0%), ATK IV: 11(0%), DEF IV: 88(0%), Work Speed: (0%), Skills: Hard Skin
Dumud, Level: 17, Rank: 1, Gender: Male, HP IV: 66(0%), ATK IV: 20(0%), DEF IV: 42(0%), Work Speed: (0%), Skills: Insulated Body
Eikthyrdeer, Level: 1, Rank: 1, Gender: Female, HP IV: 66(0%), ATK IV: 26(0%), DEF IV: 83(0%), Work Speed: (0%)
Eikthyrdeer, Level: 11, Rank: 1, Gender: Female, HP IV: 72(0%), ATK IV: 64(0%), DEF IV: 3(0%), Work Speed: (0%), Skills: Insulated Body
Foxparks, Level: 1, Rank: 1, Gender: Female, HP IV: 30(0%), ATK IV: 73(0%), DEF IV: 10(0%), Work Speed: (0%), Skills: Work Slave
Foxparks, Level: 1, Rank: 1, Gender: Female, HP IV: 47(0%), ATK IV: 10(0%), DEF IV: 37(0%), Work Speed: (0%), Skills: Motivational Leader
Foxparks, Level: 1, Rank: 1, Gender: Male, HP IV: 74(0%), ATK IV: 94(0%), DEF IV: 81(0%), Work Speed: (0%), Skills: Waterproof, Shabby, Brittle
Fuddler, Level: 1, Rank: 1, Gender: Male, HP IV: 11(0%), ATK IV: 76(0%), DEF IV: 76(0%), Work Speed: (0%), Skills: Insulated Body
Galeclaw, Level: 1, Rank: 1, Gender: Female, HP IV: 92(0%), ATK IV: 62(0%), DEF IV: 79(0%), Work Speed: (0%), Skills: Noble
Galeclaw, Level: 14, Rank: 1, Gender: Male, HP IV: 11(0%), ATK IV: 39(0%), DEF IV: 78(0%), Work Speed: (0%), Skills: Veil of Darkness
Hangyu, Level: 1, Rank: 1, Gender: Female, HP IV: 21(0%), ATK IV: 32(0%), DEF IV: 59(0%), Work Speed: (0%), Skills: Dragonkiller
Kelpsea Ignis, Level: 1, Rank: 1, Gender: Female, HP IV: 24(0%), ATK IV: 62(0%), DEF IV: 33(0%), Work Speed: (0%), Skills: Diet Lover
Lamball, Level: 14, Rank: 1, Gender: Female, HP IV: 45(0%), ATK IV: 15(0%), DEF IV: 98(0%), Work Speed: (0%), Skills: Unstable
Lamball, Level: 14, Rank: 1, Gender: Male, HP IV: 41(0%), ATK IV: 73(0%), DEF IV: 10(0%), Work Speed: (0%), Skills: Serenity
Lifmunk, Level: 2, Rank: 1, Gender: Male, HP IV: 25(0%), ATK IV: 36(0%), DEF IV: 72(0%), Work Speed: (0%), Skills: Fine Furs, Blood of the Dragon
Melpaca, Level: 17, Rank: 1, Gender: Female, HP IV: 9(0%), ATK IV: 36(0%), DEF IV: 3(0%), Work Speed: (0%), Skills: Slacker, Abnormal
Mossanda, Level: 1, Rank: 1, Gender: Female, HP IV: 14(0%), ATK IV: 28(0%), DEF IV: 12(0%), Work Speed: (0%), Skills: Glutton
Mossanda, Level: 27, Rank: 1, Gender: Male, HP IV: 17(0%), ATK IV: 16(0%), DEF IV: 98(0%), Work Speed: (0%), Skills: Burly Body
Mozzarina, Level: 8, Rank: 1, Gender: Female, HP IV: 72(0%), ATK IV: 34(0%), DEF IV: 82(0%), Work Speed: (0%)
Nitewing, Level: 14, Rank: 1, Gender: Male, HP IV: 38(0%), ATK IV: 72(0%), DEF IV: 97(0%), Work Speed: (0%), Skills: Ferocious
Nox, Level: 1, Rank: 1, Gender: Female, HP IV: 35(0%), ATK IV: 38(0%), DEF IV: 50(0%), Work Speed: (0%), Skills: Aggressive
Nox, Level: 1, Rank: 1, Gender: Male, HP IV: 75(0%), ATK IV: 7(0%), DEF IV: 69(0%), Work Speed: (0%), Skills: Veil of Darkness, Vanguard
Pengullet, Level: 1, Rank: 1, Gender: Female, HP IV: 95(0%), ATK IV: 51(0%), DEF IV: 57(0%), Work Speed: (0%), Skills: Abnormal
Penking, Level: 1, Rank: 1, Gender: Male, HP IV: 90(0%), ATK IV: 14(0%), DEF IV: 44(0%), Work Speed: (0%), Skills: Hydromaniac, Destructive, Infinite Stamina
Surfent, Level: 1, Rank: 1, Gender: Female, HP IV: 84(0%), ATK IV: 35(0%), DEF IV: 81(0%), Work Speed: (0%), Skills: Pacifist, Earthquake Resistant
Tanzee, Level: 2, Rank: 1, Gender: Female, HP IV: 96(0%), ATK IV: 68(0%), DEF IV: 82(0%), Work Speed: (0%), Skills: Hard Skin
Tanzee, Level: 5, Rank: 1, Gender: Male, HP IV: 29(0%), ATK IV: 75(0%), DEF IV: 11(0%), Work Speed: (0%), Skills: Coldblooded
Tocotoco, Level: 1, Rank: 1, Gender: Male, HP IV: 42(0%), ATK IV: 71(0%), DEF IV: 76(0%), Work Speed: (0%), Skills: Aggressive
Tombat, Level: 1, Rank: 1, Gender: Female, HP IV: 95(0%), ATK IV: 10(0%), DEF IV: 71(0%), Work Speed: (0%), Skills: Artisan
Vanwyrm Cryst, Level: 1, Rank: 1, Gender: Male, HP IV: 74(0%), ATK IV: 26(0%), DEF IV: 91(0%), Work Speed: (0%), Skills: Mercy hit
Vanwyrm, Level: 1, Rank: 1, Gender: Female, HP IV: 45(0%), ATK IV: 6(0%), DEF IV: 75(0%), Work Speed: (0%), Skills: Logging Foreman
Vanwyrm, Level: 14, Rank: 1, Gender: Female, HP IV: 15(0%), ATK IV: 51(0%), DEF IV: 36(0%), Work Speed: (0%), Skills: Clumsy
Vanwyrm, Level: 15, Rank: 1, Gender: Female, HP IV: 47(0%), ATK IV: 47(0%), DEF IV: 12(0%), Work Speed: (0%), Skills: Pyromaniac
Hallucin8's 43 Pals
-------------------
Beegarde, Level: 19, Rank: 1, Gender: Female, HP IV: 96(0%), ATK IV: 86(0%), DEF IV: 57(0%), Work Speed: (0%), Skills: Fit as a Fiddle
Bristla, Level: 1, Rank: 1, Gender: Female, HP IV: 11(0%), ATK IV: 74(0%), DEF IV: 25(0%), Work Speed: (0%), Skills: Bottomless Stomach
Caprity, Level: 9, Rank: 1, Gender: Male, HP IV: 50(0%), ATK IV: 54(0%), DEF IV: 1(0%), Work Speed: (0%), Skills: Bottomless Stomach
Celaray, Level: 1, Rank: 1, Gender: Male, HP IV: 87(0%), ATK IV: 67(0%), DEF IV: 49(0%), Work Speed: (0%), Skills: Heated Body
Daedream, Level: 4, Rank: 1, Gender: Female, HP IV: 40(0%), ATK IV: 7(0%), DEF IV: 84(0%), Work Speed: (0%), Skills: Hard Skin, Stronghold Strategist
Daedream, Level: 5, Rank: 1, Gender: Female, HP IV: 38(0%), ATK IV: 3(0%), DEF IV: 25(0%), Work Speed: (0%), Skills: Easygoing
Dazemu, Level: 1, Rank: 1, Gender: Female, HP IV: 98(0%), ATK IV: 98(0%), DEF IV: 51(0%), Work Speed: (0%), Skills: Nocturnal, Artisan, Sadist, Dainty Eater
Dazemu, Level: 1, Rank: 1, Gender: Male, HP IV: 76(0%), ATK IV: 35(0%), DEF IV: 51(0%), Work Speed: (0%), Skills: Artisan, Nocturnal, Coldblooded, Brave
Dazemu, Level: 5, Rank: 1, Gender: Male, HP IV: 98(0%), ATK IV: 98(0%), DEF IV: 1(0%), Work Speed: (0%), Skills: Nocturnal
Direhowl, Level: 15, Rank: 1, Gender: Female, HP IV: 31(0%), ATK IV: 11(0%), DEF IV: 1(0%), Work Speed: (0%), Skills: Nimble
Direhowl, Level: 15, Rank: 1, Gender: Male, HP IV: 93(0%), ATK IV: 11(0%), DEF IV: 88(0%), Work Speed: (0%), Skills: Hard Skin
Dumud, Level: 17, Rank: 1, Gender: Male, HP IV: 66(0%), ATK IV: 20(0%), DEF IV: 42(0%), Work Speed: (0%), Skills: Insulated Body
Eikthyrdeer, Level: 1, Rank: 1, Gender: Female, HP IV: 66(0%), ATK IV: 26(0%), DEF IV: 83(0%), Work Speed: (0%)
Eikthyrdeer, Level: 11, Rank: 1, Gender: Female, HP IV: 72(0%), ATK IV: 64(0%), DEF IV: 3(0%), Work Speed: (0%), Skills: Insulated Body
Foxparks, Level: 1, Rank: 1, Gender: Female, HP IV: 30(0%), ATK IV: 73(0%), DEF IV: 10(0%), Work Speed: (0%), Skills: Work Slave
Foxparks, Level: 1, Rank: 1, Gender: Female, HP IV: 47(0%), ATK IV: 10(0%), DEF IV: 37(0%), Work Speed: (0%), Skills: Motivational Leader
Foxparks, Level: 1, Rank: 1, Gender: Male, HP IV: 74(0%), ATK IV: 94(0%), DEF IV: 81(0%), Work Speed: (0%), Skills: Waterproof, Shabby, Brittle
Fuddler, Level: 1, Rank: 1, Gender: Male, HP IV: 11(0%), ATK IV: 76(0%), DEF IV: 76(0%), Work Speed: (0%), Skills: Insulated Body
Galeclaw, Level: 1, Rank: 1, Gender: Female, HP IV: 92(0%), ATK IV: 62(0%), DEF IV: 79(0%), Work Speed: (0%), Skills: Noble
Galeclaw, Level: 14, Rank: 1, Gender: Male, HP IV: 11(0%), ATK IV: 39(0%), DEF IV: 78(0%), Work Speed: (0%), Skills: Veil of Darkness
Hangyu, Level: 1, Rank: 1, Gender: Female, HP IV: 21(0%), ATK IV: 32(0%), DEF IV: 59(0%), Work Speed: (0%), Skills: Dragonkiller
Kelpsea Ignis, Level: 1, Rank: 1, Gender: Female, HP IV: 24(0%), ATK IV: 62(0%), DEF IV: 33(0%), Work Speed: (0%), Skills: Diet Lover
Lamball, Level: 14, Rank: 1, Gender: Female, HP IV: 45(0%), ATK IV: 15(0%), DEF IV: 98(0%), Work Speed: (0%), Skills: Unstable
Lamball, Level: 14, Rank: 1, Gender: Male, HP IV: 41(0%), ATK IV: 73(0%), DEF IV: 10(0%), Work Speed: (0%), Skills: Serenity
Lifmunk, Level: 2, Rank: 1, Gender: Male, HP IV: 25(0%), ATK IV: 36(0%), DEF IV: 72(0%), Work Speed: (0%), Skills: Fine Furs, Blood of the Dragon
Melpaca, Level: 17, Rank: 1, Gender: Female, HP IV: 9(0%), ATK IV: 36(0%), DEF IV: 3(0%), Work Speed: (0%), Skills: Slacker, Abnormal
Mossanda, Level: 1, Rank: 1, Gender: Female, HP IV: 14(0%), ATK IV: 28(0%), DEF IV: 12(0%), Work Speed: (0%), Skills: Glutton
Mossanda, Level: 27, Rank: 1, Gender: Male, HP IV: 17(0%), ATK IV: 16(0%), DEF IV: 98(0%), Work Speed: (0%), Skills: Burly Body
Mozzarina, Level: 8, Rank: 1, Gender: Female, HP IV: 72(0%), ATK IV: 34(0%), DEF IV: 82(0%), Work Speed: (0%)
Nitewing, Level: 14, Rank: 1, Gender: Male, HP IV: 38(0%), ATK IV: 72(0%), DEF IV: 97(0%), Work Speed: (0%), Skills: Ferocious
Nox, Level: 1, Rank: 1, Gender: Female, HP IV: 35(0%), ATK IV: 38(0%), DEF IV: 50(0%), Work Speed: (0%), Skills: Aggressive
Nox, Level: 1, Rank: 1, Gender: Male, HP IV: 75(0%), ATK IV: 7(0%), DEF IV: 69(0%), Work Speed: (0%), Skills: Veil of Darkness, Vanguard
Pengullet, Level: 1, Rank: 1, Gender: Female, HP IV: 95(0%), ATK IV: 51(0%), DEF IV: 57(0%), Work Speed: (0%), Skills: Abnormal
Penking, Level: 1, Rank: 1, Gender: Male, HP IV: 90(0%), ATK IV: 14(0%), DEF IV: 44(0%), Work Speed: (0%), Skills: Hydromaniac, Destructive, Infinite Stamina
Surfent, Level: 1, Rank: 1, Gender: Female, HP IV: 84(0%), ATK IV: 35(0%), DEF IV: 81(0%), Work Speed: (0%), Skills: Pacifist, Earthquake Resistant
Tanzee, Level: 2, Rank: 1, Gender: Female, HP IV: 96(0%), ATK IV: 68(0%), DEF IV: 82(0%), Work Speed: (0%), Skills: Hard Skin
Tanzee, Level: 5, Rank: 1, Gender: Male, HP IV: 29(0%), ATK IV: 75(0%), DEF IV: 11(0%), Work Speed: (0%), Skills: Coldblooded
Tocotoco, Level: 1, Rank: 1, Gender: Male, HP IV: 42(0%), ATK IV: 71(0%), DEF IV: 76(0%), Work Speed: (0%), Skills: Aggressive
Tombat, Level: 1, Rank: 1, Gender: Female, HP IV: 95(0%), ATK IV: 10(0%), DEF IV: 71(0%), Work Speed: (0%), Skills: Artisan
Vanwyrm Cryst, Level: 1, Rank: 1, Gender: Male, HP IV: 74(0%), ATK IV: 26(0%), DEF IV: 91(0%), Work Speed: (0%), Skills: Mercy hit
Vanwyrm, Level: 1, Rank: 1, Gender: Female, HP IV: 45(0%), ATK IV: 6(0%), DEF IV: 75(0%), Work Speed: (0%), Skills: Logging Foreman
Vanwyrm, Level: 14, Rank: 1, Gender: Female, HP IV: 15(0%), ATK IV: 51(0%), DEF IV: 36(0%), Work Speed: (0%), Skills: Clumsy
Vanwyrm, Level: 15, Rank: 1, Gender: Female, HP IV: 47(0%), ATK IV: 47(0%), DEF IV: 12(0%), Work Speed: (0%), Skills: Pyromaniac
Hallucin8's 43 Pals
-------------------
Beegarde, Level: 19, Rank: 1, Gender: Female, HP IV: 96(0%), ATK IV: 86(0%), DEF IV: 57(0%), Work Speed: (0%), Skills: Fit as a Fiddle
Bristla, Level: 1, Rank: 1, Gender: Female, HP IV: 11(0%), ATK IV: 74(0%), DEF IV: 25(0%), Work Speed: (0%), Skills: Bottomless Stomach
Caprity, Level: 9, Rank: 1, Gender: Male, HP IV: 50(0%), ATK IV: 54(0%), DEF IV: 1(0%), Work Speed: (0%), Skills: Bottomless Stomach
Celaray, Level: 1, Rank: 1, Gender: Male, HP IV: 87(0%), ATK IV: 67(0%), DEF IV: 49(0%), Work Speed: (0%), Skills: Heated Body
Daedream, Level: 4, Rank: 1, Gender: Female, HP IV: 40(0%), ATK IV: 7(0%), DEF IV: 84(0%), Work Speed: (0%), Skills: Hard Skin, Stronghold Strategist
Daedream, Level: 5, Rank: 1, Gender: Female, HP IV: 38(0%), ATK IV: 3(0%), DEF IV: 25(0%), Work Speed: (0%), Skills: Easygoing
Dazemu, Level: 1, Rank: 1, Gender: Female, HP IV: 98(0%), ATK IV: 98(0%), DEF IV: 51(0%), Work Speed: (0%), Skills: Nocturnal, Artisan, Sadist, Dainty Eater
Dazemu, Level: 1, Rank: 1, Gender: Male, HP IV: 76(0%), ATK IV: 35(0%), DEF IV: 51(0%), Work Speed: (0%), Skills: Artisan, Nocturnal, Coldblooded, Brave
Dazemu, Level: 5, Rank: 1, Gender: Male, HP IV: 98(0%), ATK IV: 98(0%), DEF IV: 1(0%), Work Speed: (0%), Skills: Nocturnal
Direhowl, Level: 15, Rank: 1, Gender: Female, HP IV: 31(0%), ATK IV: 11(0%), DEF IV: 1(0%), Work Speed: (0%), Skills: Nimble
Direhowl, Level: 15, Rank: 1, Gender: Male, HP IV: 93(0%), ATK IV: 11(0%), DEF IV: 88(0%), Work Speed: (0%), Skills: Hard Skin
Dumud, Level: 17, Rank: 1, Gender: Male, HP IV: 66(0%), ATK IV: 20(0%), DEF IV: 42(0%), Work Speed: (0%), Skills: Insulated Body
Eikthyrdeer, Level: 1, Rank: 1, Gender: Female, HP IV: 66(0%), ATK IV: 26(0%), DEF IV: 83(0%), Work Speed: (0%)
Eikthyrdeer, Level: 11, Rank: 1, Gender: Female, HP IV: 72(0%), ATK IV: 64(0%), DEF IV: 3(0%), Work Speed: (0%), Skills: Insulated Body
Foxparks, Level: 1, Rank: 1, Gender: Female, HP IV: 30(0%), ATK IV: 73(0%), DEF IV: 10(0%), Work Speed: (0%), Skills: Work Slave
Foxparks, Level: 1, Rank: 1, Gender: Female, HP IV: 47(0%), ATK IV: 10(0%), DEF IV: 37(0%), Work Speed: (0%), Skills: Motivational Leader
Foxparks, Level: 1, Rank: 1, Gender: Male, HP IV: 74(0%), ATK IV: 94(0%), DEF IV: 81(0%), Work Speed: (0%), Skills: Waterproof, Shabby, Brittle
Fuddler, Level: 1, Rank: 1, Gender: Male, HP IV: 11(0%), ATK IV: 76(0%), DEF IV: 76(0%), Work Speed: (0%), Skills: Insulated Body
Galeclaw, Level: 1, Rank: 1, Gender: Female, HP IV: 92(0%), ATK IV: 62(0%), DEF IV: 79(0%), Work Speed: (0%), Skills: Noble
Galeclaw, Level: 14, Rank: 1, Gender: Male, HP IV: 11(0%), ATK IV: 39(0%), DEF IV: 78(0%), Work Speed: (0%), Skills: Veil of Darkness
Hangyu, Level: 1, Rank: 1, Gender: Female, HP IV: 21(0%), ATK IV: 32(0%), DEF IV: 59(0%), Work Speed: (0%), Skills: Dragonkiller
Kelpsea Ignis, Level: 1, Rank: 1, Gender: Female, HP IV: 24(0%), ATK IV: 62(0%), DEF IV: 33(0%), Work Speed: (0%), Skills: Diet Lover
Lamball, Level: 14, Rank: 1, Gender: Female, HP IV: 45(0%), ATK IV: 15(0%), DEF IV: 98(0%), Work Speed: (0%), Skills: Unstable
Lamball, Level: 14, Rank: 1, Gender: Male, HP IV: 41(0%), ATK IV: 73(0%), DEF IV: 10(0%), Work Speed: (0%), Skills: Serenity
Lifmunk, Level: 2, Rank: 1, Gender: Male, HP IV: 25(0%), ATK IV: 36(0%), DEF IV: 72(0%), Work Speed: (0%), Skills: Fine Furs, Blood of the Dragon
Melpaca, Level: 17, Rank: 1, Gender: Female, HP IV: 9(0%), ATK IV: 36(0%), DEF IV: 3(0%), Work Speed: (0%), Skills: Slacker, Abnormal
Mossanda, Level: 1, Rank: 1, Gender: Female, HP IV: 14(0%), ATK IV: 28(0%), DEF IV: 12(0%), Work Speed: (0%), Skills: Glutton
Mossanda, Level: 27, Rank: 1, Gender: Male, HP IV: 17(0%), ATK IV: 16(0%), DEF IV: 98(0%), Work Speed: (0%), Skills: Burly Body
Mozzarina, Level: 8, Rank: 1, Gender: Female, HP IV: 72(0%), ATK IV: 34(0%), DEF IV: 82(0%), Work Speed: (0%)
Nitewing, Level: 14, Rank: 1, Gender: Male, HP IV: 38(0%), ATK IV: 72(0%), DEF IV: 97(0%), Work Speed: (0%), Skills: Ferocious
Nox, Level: 1, Rank: 1, Gender: Female, HP IV: 35(0%), ATK IV: 38(0%), DEF IV: 50(0%), Work Speed: (0%), Skills: Aggressive
Nox, Level: 1, Rank: 1, Gender: Male, HP IV: 75(0%), ATK IV: 7(0%), DEF IV: 69(0%), Work Speed: (0%), Skills: Veil of Darkness, Vanguard
Pengullet, Level: 1, Rank: 1, Gender: Female, HP IV: 95(0%), ATK IV: 51(0%), DEF IV: 57(0%), Work Speed: (0%), Skills: Abnormal
Penking, Level: 1, Rank: 1, Gender: Male, HP IV: 90(0%), ATK IV: 14(0%), DEF IV: 44(0%), Work Speed: (0%), Skills: Hydromaniac, Destructive, Infinite Stamina
Surfent, Level: 1, Rank: 1, Gender: Female, HP IV: 84(0%), ATK IV: 35(0%), DEF IV: 81(0%), Work Speed: (0%), Skills: Pacifist, Earthquake Resistant
Tanzee, Level: 2, Rank: 1, Gender: Female, HP IV: 96(0%), ATK IV: 68(0%), DEF IV: 82(0%), Work Speed: (0%), Skills: Hard Skin
Tanzee, Level: 5, Rank: 1, Gender: Male, HP IV: 29(0%), ATK IV: 75(0%), DEF IV: 11(0%), Work Speed: (0%), Skills: Coldblooded
Tocotoco, Level: 1, Rank: 1, Gender: Male, HP IV: 42(0%), ATK IV: 71(0%), DEF IV: 76(0%), Work Speed: (0%), Skills: Aggressive
Tombat, Level: 1, Rank: 1, Gender: Female, HP IV: 95(0%), ATK IV: 10(0%), DEF IV: 71(0%), Work Speed: (0%), Skills: Artisan
Vanwyrm Cryst, Level: 1, Rank: 1, Gender: Male, HP IV: 74(0%), ATK IV: 26(0%), DEF IV: 91(0%), Work Speed: (0%), Skills: Mercy hit
Vanwyrm, Level: 1, Rank: 1, Gender: Female, HP IV: 45(0%), ATK IV: 6(0%), DEF IV: 75(0%), Work Speed: (0%), Skills: Logging Foreman
Vanwyrm, Level: 14, Rank: 1, Gender: Female, HP IV: 15(0%), ATK IV: 51(0%), DEF IV: 36(0%), Work Speed: (0%), Skills: Clumsy
Vanwyrm, Level: 15, Rank: 1, Gender: Female, HP IV: 47(0%), ATK IV: 47(0%), DEF IV: 12(0%), Work Speed: (0%), Skills: Pyromaniac
Hallucin8's 43 Pals
-------------------
Beegarde, Level: 19, Rank: 1, Gender: Female, HP IV: 96(0%), ATK IV: 86(0%), DEF IV: 57(0%), Work Speed: (0%), Skills: Fit as a Fiddle
Bristla, Level: 1, Rank: 1, Gender: Female, HP IV: 11(0%), ATK IV: 74(0%), DEF IV: 25(0%), Work Speed: (0%), Skills: Bottomless Stomach
Caprity, Level: 9, Rank: 1, Gender: Male, HP IV: 50(0%), ATK IV: 54(0%), DEF IV: 1(0%), Work Speed: (0%), Skills: Bottomless Stomach
Celaray, Level: 1, Rank: 1, Gender: Male, HP IV: 87(0%), ATK IV: 67(0%), DEF IV: 49(0%), Work Speed: (0%), Skills: Heated Body
Daedream, Level: 4, Rank: 1, Gender: Female, HP IV: 40(0%), ATK IV: 7(0%), DEF IV: 84(0%), Work Speed: (0%), Skills: Hard Skin, Stronghold Strategist
Daedream, Level: 5, Rank: 1, Gender: Female, HP IV: 38(0%), ATK IV: 3(0%), DEF IV: 25(0%), Work Speed: (0%), Skills: Easygoing
Dazemu, Level: 1, Rank: 1, Gender: Female, HP IV: 98(0%), ATK IV: 98(0%), DEF IV: 51(0%), Work Speed: (0%), Skills: Nocturnal, Artisan, Sadist, Dainty Eater
Dazemu, Level: 1, Rank: 1, Gender: Male, HP IV: 76(0%), ATK IV: 35(0%), DEF IV: 51(0%), Work Speed: (0%), Skills: Artisan, Nocturnal, Coldblooded, Brave
Dazemu, Level: 5, Rank: 1, Gender: Male, HP IV: 98(0%), ATK IV: 98(0%), DEF IV: 1(0%), Work Speed: (0%), Skills: Nocturnal
Direhowl, Level: 15, Rank: 1, Gender: Female, HP IV: 31(0%), ATK IV: 11(0%), DEF IV: 1(0%), Work Speed: (0%), Skills: Nimble
Direhowl, Level: 15, Rank: 1, Gender: Male, HP IV: 93(0%), ATK IV: 11(0%), DEF IV: 88(0%), Work Speed: (0%), Skills: Hard Skin
Dumud, Level: 17, Rank: 1, Gender: Male, HP IV: 66(0%), ATK IV: 20(0%), DEF IV: 42(0%), Work Speed: (0%), Skills: Insulated Body
Eikthyrdeer, Level: 1, Rank: 1, Gender: Female, HP IV: 66(0%), ATK IV: 26(0%), DEF IV: 83(0%), Work Speed: (0%)
Eikthyrdeer, Level: 11, Rank: 1, Gender: Female, HP IV: 72(0%), ATK IV: 64(0%), DEF IV: 3(0%), Work Speed: (0%), Skills: Insulated Body
Foxparks, Level: 1, Rank: 1, Gender: Female, HP IV: 30(0%), ATK IV: 73(0%), DEF IV: 10(0%), Work Speed: (0%), Skills: Work Slave
Foxparks, Level: 1, Rank: 1, Gender: Female, HP IV: 47(0%), ATK IV: 10(0%), DEF IV: 37(0%), Work Speed: (0%), Skills: Motivational Leader
Foxparks, Level: 1, Rank: 1, Gender: Male, HP IV: 74(0%), ATK IV: 94(0%), DEF IV: 81(0%), Work Speed: (0%), Skills: Waterproof, Shabby, Brittle
Fuddler, Level: 1, Rank: 1, Gender: Male, HP IV: 11(0%), ATK IV: 76(0%), DEF IV: 76(0%), Work Speed: (0%), Skills: Insulated Body
Galeclaw, Level: 1, Rank: 1, Gender: Female, HP IV: 92(0%), ATK IV: 62(0%), DEF IV: 79(0%), Work Speed: (0%), Skills: Noble
Galeclaw, Level: 14, Rank: 1, Gender: Male, HP IV: 11(0%), ATK IV: 39(0%), DEF IV: 78(0%), Work Speed: (0%), Skills: Veil of Darkness
Hangyu, Level: 1, Rank: 1, Gender: Female, HP IV: 21(0%), ATK IV: 32(0%), DEF IV: 59(0%), Work Speed: (0%), Skills: Dragonkiller
Kelpsea Ignis, Level: 1, Rank: 1, Gender: Female, HP IV: 24(0%), ATK IV: 62(0%), DEF IV: 33(0%), Work Speed: (0%), Skills: Diet Lover
Lamball, Level: 14, Rank: 1, Gender: Female, HP IV: 45(0%), ATK IV: 15(0%), DEF IV: 98(0%), Work Speed: (0%), Skills: Unstable
Lamball, Level: 14, Rank: 1, Gender: Male, HP IV: 41(0%), ATK IV: 73(0%), DEF IV: 10(0%), Work Speed: (0%), Skills: Serenity
Lifmunk, Level: 2, Rank: 1, Gender: Male, HP IV: 25(0%), ATK IV: 36(0%), DEF IV: 72(0%), Work Speed: (0%), Skills: Fine Furs, Blood of the Dragon
Melpaca, Level: 17, Rank: 1, Gender: Female, HP IV: 9(0%), ATK IV: 36(0%), DEF IV: 3(0%), Work Speed: (0%), Skills: Slacker, Abnormal
Mossanda, Level: 1, Rank: 1, Gender: Female, HP IV: 14(0%), ATK IV: 28(0%), DEF IV: 12(0%), Work Speed: (0%), Skills: Glutton
Mossanda, Level: 27, Rank: 1, Gender: Male, HP IV: 17(0%), ATK IV: 16(0%), DEF IV: 98(0%), Work Speed: (0%), Skills: Burly Body
Mozzarina, Level: 8, Rank: 1, Gender: Female, HP IV: 72(0%), ATK IV: 34(0%), DEF IV: 82(0%), Work Speed: (0%)
Nitewing, Level: 14, Rank: 1, Gender: Male, HP IV: 38(0%), ATK IV: 72(0%), DEF IV: 97(0%), Work Speed: (0%), Skills: Ferocious
Nox, Level: 1, Rank: 1, Gender: Female, HP IV: 35(0%), ATK IV: 38(0%), DEF IV: 50(0%), Work Speed: (0%), Skills: Aggressive
Nox, Level: 1, Rank: 1, Gender: Male, HP IV: 75(0%), ATK IV: 7(0%), DEF IV: 69(0%), Work Speed: (0%), Skills: Veil of Darkness, Vanguard
Pengullet, Level: 1, Rank: 1, Gender: Female, HP IV: 95(0%), ATK IV: 51(0%), DEF IV: 57(0%), Work Speed: (0%), Skills: Abnormal
Penking, Level: 1, Rank: 1, Gender: Male, HP IV: 90(0%), ATK IV: 14(0%), DEF IV: 44(0%), Work Speed: (0%), Skills: Hydromaniac, Destructive, Infinite Stamina
Surfent, Level: 1, Rank: 1, Gender: Female, HP IV: 84(0%), ATK IV: 35(0%), DEF IV: 81(0%), Work Speed: (0%), Skills: Pacifist, Earthquake Resistant
Tanzee, Level: 2, Rank: 1, Gender: Female, HP IV: 96(0%), ATK IV: 68(0%), DEF IV: 82(0%), Work Speed: (0%), Skills: Hard Skin
Tanzee, Level: 5, Rank: 1, Gender: Male, HP IV: 29(0%), ATK IV: 75(0%), DEF IV: 11(0%), Work Speed: (0%), Skills: Coldblooded
Tocotoco, Level: 1, Rank: 1, Gender: Male, HP IV: 42(0%), ATK IV: 71(0%), DEF IV: 76(0%), Work Speed: (0%), Skills: Aggressive
Tombat, Level: 1, Rank: 1, Gender: Female, HP IV: 95(0%), ATK IV: 10(0%), DEF IV: 71(0%), Work Speed: (0%), Skills: Artisan
Vanwyrm Cryst, Level: 1, Rank: 1, Gender: Male, HP IV: 74(0%), ATK IV: 26(0%), DEF IV: 91(0%), Work Speed: (0%), Skills: Mercy hit
Vanwyrm, Level: 1, Rank: 1, Gender: Female, HP IV: 45(0%), ATK IV: 6(0%), DEF IV: 75(0%), Work Speed: (0%), Skills: Logging Foreman
Vanwyrm, Level: 14, Rank: 1, Gender: Female, HP IV: 15(0%), ATK IV: 51(0%), DEF IV: 36(0%), Work Speed: (0%), Skills: Clumsy
Vanwyrm, Level: 15, Rank: 1, Gender: Female, HP IV: 47(0%), ATK IV: 47(0%), DEF IV: 12(0%), Work Speed: (0%), Skills: Pyromaniac
Hallucin8's 43 Pals
-------------------
Beegarde, Level: 19, Rank: 1, Gender: Female, HP IV: 96(0%), ATK IV: 86(0%), DEF IV: 57(0%), Work Speed: (0%), Skills: Fit as a Fiddle
Bristla, Level: 1, Rank: 1, Gender: Female, HP IV: 11(0%), ATK IV: 74(0%), DEF IV: 25(0%), Work Speed: (0%), Skills: Bottomless Stomach
Caprity, Level: 9, Rank: 1, Gender: Male, HP IV: 50(0%), ATK IV: 54(0%), DEF IV: 1(0%), Work Speed: (0%), Skills: Bottomless Stomach
Celaray, Level: 1, Rank: 1, Gender: Male, HP IV: 87(0%), ATK IV: 67(0%), DEF IV: 49(0%), Work Speed: (0%), Skills: Heated Body
Daedream, Level: 4, Rank: 1, Gender: Female, HP IV: 40(0%), ATK IV: 7(0%), DEF IV: 84(0%), Work Speed: (0%), Skills: Hard Skin, Stronghold Strategist
Daedream, Level: 5, Rank: 1, Gender: Female, HP IV: 38(0%), ATK IV: 3(0%), DEF IV: 25(0%), Work Speed: (0%), Skills: Easygoing
Dazemu, Level: 1, Rank: 1, Gender: Female, HP IV: 98(0%), ATK IV: 98(0%), DEF IV: 51(0%), Work Speed: (0%), Skills: Nocturnal, Artisan, Sadist, Dainty Eater
Dazemu, Level: 1, Rank: 1, Gender: Male, HP IV: 76(0%), ATK IV: 35(0%), DEF IV: 51(0%), Work Speed: (0%), Skills: Artisan, Nocturnal, Coldblooded, Brave
Dazemu, Level: 5, Rank: 1, Gender: Male, HP IV: 98(0%), ATK IV: 98(0%), DEF IV: 1(0%), Work Speed: (0%), Skills: Nocturnal
Direhowl, Level: 15, Rank: 1, Gender: Female, HP IV: 31(0%), ATK IV: 11(0%), DEF IV: 1(0%), Work Speed: (0%), Skills: Nimble
Direhowl, Level: 15, Rank: 1, Gender: Male, HP IV: 93(0%), ATK IV: 11(0%), DEF IV: 88(0%), Work Speed: (0%), Skills: Hard Skin
Dumud, Level: 17, Rank: 1, Gender: Male, HP IV: 66(0%), ATK IV: 20(0%), DEF IV: 42(0%), Work Speed: (0%), Skills: Insulated Body
Eikthyrdeer, Level: 1, Rank: 1, Gender: Female, HP IV: 66(0%), ATK IV: 26(0%), DEF IV: 83(0%), Work Speed: (0%)
Eikthyrdeer, Level: 11, Rank: 1, Gender: Female, HP IV: 72(0%), ATK IV: 64(0%), DEF IV: 3(0%), Work Speed: (0%), Skills: Insulated Body
Foxparks, Level: 1, Rank: 1, Gender: Female, HP IV: 30(0%), ATK IV: 73(0%), DEF IV: 10(0%), Work Speed: (0%), Skills: Work Slave
Foxparks, Level: 1, Rank: 1, Gender: Female, HP IV: 47(0%), ATK IV: 10(0%), DEF IV: 37(0%), Work Speed: (0%), Skills: Motivational Leader
Foxparks, Level: 1, Rank: 1, Gender: Male, HP IV: 74(0%), ATK IV: 94(0%), DEF IV: 81(0%), Work Speed: (0%), Skills: Waterproof, Shabby, Brittle
Fuddler, Level: 1, Rank: 1, Gender: Male, HP IV: 11(0%), ATK IV: 76(0%), DEF IV: 76(0%), Work Speed: (0%), Skills: Insulated Body
Galeclaw, Level: 1, Rank: 1, Gender: Female, HP IV: 92(0%), ATK IV: 62(0%), DEF IV: 79(0%), Work Speed: (0%), Skills: Noble
Galeclaw, Level: 14, Rank: 1, Gender: Male, HP IV: 11(0%), ATK IV: 39(0%), DEF IV: 78(0%), Work Speed: (0%), Skills: Veil of Darkness
Hangyu, Level: 1, Rank: 1, Gender: Female, HP IV: 21(0%), ATK IV: 32(0%), DEF IV: 59(0%), Work Speed: (0%), Skills: Dragonkiller
Kelpsea Ignis, Level: 1, Rank: 1, Gender: Female, HP IV: 24(0%), ATK IV: 62(0%), DEF IV: 33(0%), Work Speed: (0%), Skills: Diet Lover
Lamball, Level: 14, Rank: 1, Gender: Female, HP IV: 45(0%), ATK IV: 15(0%), DEF IV: 98(0%), Work Speed: (0%), Skills: Unstable
Lamball, Level: 14, Rank: 1, Gender: Male, HP IV: 41(0%), ATK IV: 73(0%), DEF IV: 10(0%), Work Speed: (0%), Skills: Serenity
Lifmunk, Level: 2, Rank: 1, Gender: Male, HP IV: 25(0%), ATK IV: 36(0%), DEF IV: 72(0%), Work Speed: (0%), Skills: Fine Furs, Blood of the Dragon
Melpaca, Level: 17, Rank: 1, Gender: Female, HP IV: 9(0%), ATK IV: 36(0%), DEF IV: 3(0%), Work Speed: (0%), Skills: Slacker, Abnormal
Mossanda, Level: 1, Rank: 1, Gender: Female, HP IV: 14(0%), ATK IV: 28(0%), DEF IV: 12(0%), Work Speed: (0%), Skills: Glutton
Mossanda, Level: 27, Rank: 1, Gender: Male, HP IV: 17(0%), ATK IV: 16(0%), DEF IV: 98(0%), Work Speed: (0%), Skills: Burly Body
Mozzarina, Level: 8, Rank: 1, Gender: Female, HP IV: 72(0%), ATK IV: 34(0%), DEF IV: 82(0%), Work Speed: (0%)
Nitewing, Level: 14, Rank: 1, Gender: Male, HP IV: 38(0%), ATK IV: 72(0%), DEF IV: 97(0%), Work Speed: (0%), Skills: Ferocious
Nox, Level: 1, Rank: 1, Gender: Female, HP IV: 35(0%), ATK IV: 38(0%), DEF IV: 50(0%), Work Speed: (0%), Skills: Aggressive
Nox, Level: 1, Rank: 1, Gender: Male, HP IV: 75(0%), ATK IV: 7(0%), DEF IV: 69(0%), Work Speed: (0%), Skills: Veil of Darkness, Vanguard
Pengullet, Level: 1, Rank: 1, Gender: Female, HP IV: 95(0%), ATK IV: 51(0%), DEF IV: 57(0%), Work Speed: (0%), Skills: Abnormal
Penking, Level: 1, Rank: 1, Gender: Male, HP IV: 90(0%), ATK IV: 14(0%), DEF IV: 44(0%), Work Speed: (0%), Skills: Hydromaniac, Destructive, Infinite Stamina
Surfent, Level: 1, Rank: 1, Gender: Female, HP IV: 84(0%), ATK IV: 35(0%), DEF IV: 81(0%), Work Speed: (0%), Skills: Pacifist, Earthquake Resistant
Tanzee, Level: 2, Rank: 1, Gender: Female, HP IV: 96(0%), ATK IV: 68(0%), DEF IV: 82(0%), Work Speed: (0%), Skills: Hard Skin
Tanzee, Level: 5, Rank: 1, Gender: Male, HP IV: 29(0%), ATK IV: 75(0%), DEF IV: 11(0%), Work Speed: (0%), Skills: Coldblooded
Tocotoco, Level: 1, Rank: 1, Gender: Male, HP IV: 42(0%), ATK IV: 71(0%), DEF IV: 76(0%), Work Speed: (0%), Skills: Aggressive
Tombat, Level: 1, Rank: 1, Gender: Female, HP IV: 95(0%), ATK IV: 10(0%), DEF IV: 71(0%), Work Speed: (0%), Skills: Artisan
Vanwyrm Cryst, Level: 1, Rank: 1, Gender: Male, HP IV: 74(0%), ATK IV: 26(0%), DEF IV: 91(0%), Work Speed: (0%), Skills: Mercy hit
Vanwyrm, Level: 1, Rank: 1, Gender: Female, HP IV: 45(0%), ATK IV: 6(0%), DEF IV: 75(0%), Work Speed: (0%), Skills: Logging Foreman
Vanwyrm, Level: 14, Rank: 1, Gender: Female, HP IV: 15(0%), ATK IV: 51(0%), DEF IV: 36(0%), Work Speed: (0%), Skills: Clumsy
Vanwyrm, Level: 15, Rank: 1, Gender: Female, HP IV: 47(0%), ATK IV: 47(0%), DEF IV: 12(0%), Work Speed: (0%), Skills: Pyromaniac
Hallucin8's 43 Pals
-------------------
Beegarde, Level: 19, Rank: 1, Gender: Female, HP IV: 96(0%), ATK IV: 86(0%), DEF IV: 57(0%), Work Speed: (0%), Skills: Fit as a Fiddle
Bristla, Level: 1, Rank: 1, Gender: Female, HP IV: 11(0%), ATK IV: 74(0%), DEF IV: 25(0%), Work Speed: (0%), Skills: Bottomless Stomach
Caprity, Level: 9, Rank: 1, Gender: Male, HP IV: 50(0%), ATK IV: 54(0%), DEF IV: 1(0%), Work Speed: (0%), Skills: Bottomless Stomach
Celaray, Level: 1, Rank: 1, Gender: Male, HP IV: 87(0%), ATK IV: 67(0%), DEF IV: 49(0%), Work Speed: (0%), Skills: Heated Body
Daedream, Level: 4, Rank: 1, Gender: Female, HP IV: 40(0%), ATK IV: 7(0%), DEF IV: 84(0%), Work Speed: (0%), Skills: Hard Skin, Stronghold Strategist
Daedream, Level: 5, Rank: 1, Gender: Female, HP IV: 38(0%), ATK IV: 3(0%), DEF IV: 25(0%), Work Speed: (0%), Skills: Easygoing
Dazemu, Level: 1, Rank: 1, Gender: Female, HP IV: 98(0%), ATK IV: 98(0%), DEF IV: 51(0%), Work Speed: (0%), Skills: Nocturnal, Artisan, Sadist, Dainty Eater
Dazemu, Level: 1, Rank: 1, Gender: Male, HP IV: 76(0%), ATK IV: 35(0%), DEF IV: 51(0%), Work Speed: (0%), Skills: Artisan, Nocturnal, Coldblooded, Brave
Dazemu, Level: 5, Rank: 1, Gender: Male, HP IV: 98(0%), ATK IV: 98(0%), DEF IV: 1(0%), Work Speed: (0%), Skills: Nocturnal
Direhowl, Level: 15, Rank: 1, Gender: Female, HP IV: 31(0%), ATK IV: 11(0%), DEF IV: 1(0%), Work Speed: (0%), Skills: Nimble
Direhowl, Level: 15, Rank: 1, Gender: Male, HP IV: 93(0%), ATK IV: 11(0%), DEF IV: 88(0%), Work Speed: (0%), Skills: Hard Skin
Dumud, Level: 17, Rank: 1, Gender: Male, HP IV: 66(0%), ATK IV: 20(0%), DEF IV: 42(0%), Work Speed: (0%), Skills: Insulated Body
Eikthyrdeer, Level: 1, Rank: 1, Gender: Female, HP IV: 66(0%), ATK IV: 26(0%), DEF IV: 83(0%), Work Speed: (0%)
Eikthyrdeer, Level: 11, Rank: 1, Gender: Female, HP IV: 72(0%), ATK IV: 64(0%), DEF IV: 3(0%), Work Speed: (0%), Skills: Insulated Body
Foxparks, Level: 1, Rank: 1, Gender: Female, HP IV: 30(0%), ATK IV: 73(0%), DEF IV: 10(0%), Work Speed: (0%), Skills: Work Slave
Foxparks, Level: 1, Rank: 1, Gender: Female, HP IV: 47(0%), ATK IV: 10(0%), DEF IV: 37(0%), Work Speed: (0%), Skills: Motivational Leader
Foxparks, Level: 1, Rank: 1, Gender: Male, HP IV: 74(0%), ATK IV: 94(0%), DEF IV: 81(0%), Work Speed: (0%), Skills: Waterproof, Shabby, Brittle
Fuddler, Level: 1, Rank: 1, Gender: Male, HP IV: 11(0%), ATK IV: 76(0%), DEF IV: 76(0%), Work Speed: (0%), Skills: Insulated Body
Galeclaw, Level: 1, Rank: 1, Gender: Female, HP IV: 92(0%), ATK IV: 62(0%), DEF IV: 79(0%), Work Speed: (0%), Skills: Noble
Galeclaw, Level: 14, Rank: 1, Gender: Male, HP IV: 11(0%), ATK IV: 39(0%), DEF IV: 78(0%), Work Speed: (0%), Skills: Veil of Darkness
Hangyu, Level: 1, Rank: 1, Gender: Female, HP IV: 21(0%), ATK IV: 32(0%), DEF IV: 59(0%), Work Speed: (0%), Skills: Dragonkiller
Kelpsea Ignis, Level: 1, Rank: 1, Gender: Female, HP IV: 24(0%), ATK IV: 62(0%), DEF IV: 33(0%), Work Speed: (0%), Skills: Diet Lover
Lamball, Level: 14, Rank: 1, Gender: Female, HP IV: 45(0%), ATK IV: 15(0%), DEF IV: 98(0%), Work Speed: (0%), Skills: Unstable
Lamball, Level: 14, Rank: 1, Gender: Male, HP IV: 41(0%), ATK IV: 73(0%), DEF IV: 10(0%), Work Speed: (0%), Skills: Serenity
Lifmunk, Level: 2, Rank: 1, Gender: Male, HP IV: 25(0%), ATK IV: 36(0%), DEF IV: 72(0%), Work Speed: (0%), Skills: Fine Furs, Blood of the Dragon
Melpaca, Level: 17, Rank: 1, Gender: Female, HP IV: 9(0%), ATK IV: 36(0%), DEF IV: 3(0%), Work Speed: (0%), Skills: Slacker, Abnormal
Mossanda, Level: 1, Rank: 1, Gender: Female, HP IV: 14(0%), ATK IV: 28(0%), DEF IV: 12(0%), Work Speed: (0%), Skills: Glutton
Mossanda, Level: 27, Rank: 1, Gender: Male, HP IV: 17(0%), ATK IV: 16(0%), DEF IV: 98(0%), Work Speed: (0%), Skills: Burly Body
Mozzarina, Level: 8, Rank: 1, Gender: Female, HP IV: 72(0%), ATK IV: 34(0%), DEF IV: 82(0%), Work Speed: (0%)
Nitewing, Level: 14, Rank: 1, Gender: Male, HP IV: 38(0%), ATK IV: 72(0%), DEF IV: 97(0%), Work Speed: (0%), Skills: Ferocious
Nox, Level: 1, Rank: 1, Gender: Female, HP IV: 35(0%), ATK IV: 38(0%), DEF IV: 50(0%), Work Speed: (0%), Skills: Aggressive
Nox, Level: 1, Rank: 1, Gender: Male, HP IV: 75(0%), ATK IV: 7(0%), DEF IV: 69(0%), Work Speed: (0%), Skills: Veil of Darkness, Vanguard
Pengullet, Level: 1, Rank: 1, Gender: Female, HP IV: 95(0%), ATK IV: 51(0%), DEF IV: 57(0%), Work Speed: (0%), Skills: Abnormal
Penking, Level: 1, Rank: 1, Gender: Male, HP IV: 90(0%), ATK IV: 14(0%), DEF IV: 44(0%), Work Speed: (0%), Skills: Hydromaniac, Destructive, Infinite Stamina
Surfent, Level: 1, Rank: 1, Gender: Female, HP IV: 84(0%), ATK IV: 35(0%), DEF IV: 81(0%), Work Speed: (0%), Skills: Pacifist, Earthquake Resistant
Tanzee, Level: 2, Rank: 1, Gender: Female, HP IV: 96(0%), ATK IV: 68(0%), DEF IV: 82(0%), Work Speed: (0%), Skills: Hard Skin
Tanzee, Level: 5, Rank: 1, Gender: Male, HP IV: 29(0%), ATK IV: 75(0%), DEF IV: 11(0%), Work Speed: (0%), Skills: Coldblooded
Tocotoco, Level: 1, Rank: 1, Gender: Male, HP IV: 42(0%), ATK IV: 71(0%), DEF IV: 76(0%), Work Speed: (0%), Skills: Aggressive
Tombat, Level: 1, Rank: 1, Gender: Female, HP IV: 95(0%), ATK IV: 10(0%), DEF IV: 71(0%), Work Speed: (0%), Skills: Artisan
Vanwyrm Cryst, Level: 1, Rank: 1, Gender: Male, HP IV: 74(0%), ATK IV: 26(0%), DEF IV: 91(0%), Work Speed: (0%), Skills: Mercy hit
Vanwyrm, Level: 1, Rank: 1, Gender: Female, HP IV: 45(0%), ATK IV: 6(0%), DEF IV: 75(0%), Work Speed: (0%), Skills: Logging Foreman
Vanwyrm, Level: 14, Rank: 1, Gender: Female, HP IV: 15(0%), ATK IV: 51(0%), DEF IV: 36(0%), Work Speed: (0%), Skills: Clumsy
Vanwyrm, Level: 15, Rank: 1, Gender: Female, HP IV: 47(0%), ATK IV: 47(0%), DEF IV: 12(0%), Work Speed: (0%), Skills: Pyromaniac
Hallucin8's 43 Pals
-------------------
Beegarde, Level: 19, Rank: 1, Gender: Female, HP IV: 96(0%), ATK IV: 86(0%), DEF IV: 57(0%), Work Speed: (0%), Skills: Fit as a Fiddle
Bristla, Level: 1, Rank: 1, Gender: Female, HP IV: 11(0%), ATK IV: 74(0%), DEF IV: 25(0%), Work Speed: (0%), Skills: Bottomless Stomach
Caprity, Level: 9, Rank: 1, Gender: Male, HP IV: 50(0%), ATK IV: 54(0%), DEF IV: 1(0%), Work Speed: (0%), Skills: Bottomless Stomach
Celaray, Level: 1, Rank: 1, Gender: Male, HP IV: 87(0%), ATK IV: 67(0%), DEF IV: 49(0%), Work Speed: (0%), Skills: Heated Body
Daedream, Level: 4, Rank: 1, Gender: Female, HP IV: 40(0%), ATK IV: 7(0%), DEF IV: 84(0%), Work Speed: (0%), Skills: Hard Skin, Stronghold Strategist
Daedream, Level: 5, Rank: 1, Gender: Female, HP IV: 38(0%), ATK IV: 3(0%), DEF IV: 25(0%), Work Speed: (0%), Skills: Easygoing
Dazemu, Level: 1, Rank: 1, Gender: Female, HP IV: 98(0%), ATK IV: 98(0%), DEF IV: 51(0%), Work Speed: (0%), Skills: Nocturnal, Artisan, Sadist, Dainty Eater
Dazemu, Level: 1, Rank: 1, Gender: Male, HP IV: 76(0%), ATK IV: 35(0%), DEF IV: 51(0%), Work Speed: (0%), Skills: Artisan, Nocturnal, Coldblooded, Brave
Dazemu, Level: 5, Rank: 1, Gender: Male, HP IV: 98(0%), ATK IV: 98(0%), DEF IV: 1(0%), Work Speed: (0%), Skills: Nocturnal
Direhowl, Level: 15, Rank: 1, Gender: Female, HP IV: 31(0%), ATK IV: 11(0%), DEF IV: 1(0%), Work Speed: (0%), Skills: Nimble
Direhowl, Level: 15, Rank: 1, Gender: Male, HP IV: 93(0%), ATK IV: 11(0%), DEF IV: 88(0%), Work Speed: (0%), Skills: Hard Skin
Dumud, Level: 17, Rank: 1, Gender: Male, HP IV: 66(0%), ATK IV: 20(0%), DEF IV: 42(0%), Work Speed: (0%), Skills: Insulated Body
Eikthyrdeer, Level: 1, Rank: 1, Gender: Female, HP IV: 66(0%), ATK IV: 26(0%), DEF IV: 83(0%), Work Speed: (0%)
Eikthyrdeer, Level: 11, Rank: 1, Gender: Female, HP IV: 72(0%), ATK IV: 64(0%), DEF IV: 3(0%), Work Speed: (0%), Skills: Insulated Body
Foxparks, Level: 1, Rank: 1, Gender: Female, HP IV: 30(0%), ATK IV: 73(0%), DEF IV: 10(0%), Work Speed: (0%), Skills: Work Slave
Foxparks, Level: 1, Rank: 1, Gender: Female, HP IV: 47(0%), ATK IV: 10(0%), DEF IV: 37(0%), Work Speed: (0%), Skills: Motivational Leader
Foxparks, Level: 1, Rank: 1, Gender: Male, HP IV: 74(0%), ATK IV: 94(0%), DEF IV: 81(0%), Work Speed: (0%), Skills: Waterproof, Shabby, Brittle
Fuddler, Level: 1, Rank: 1, Gender: Male, HP IV: 11(0%), ATK IV: 76(0%), DEF IV: 76(0%), Work Speed: (0%), Skills: Insulated Body
Galeclaw, Level: 1, Rank: 1, Gender: Female, HP IV: 92(0%), ATK IV: 62(0%), DEF IV: 79(0%), Work Speed: (0%), Skills: Noble
Galeclaw, Level: 14, Rank: 1, Gender: Male, HP IV: 11(0%), ATK IV: 39(0%), DEF IV: 78(0%), Work Speed: (0%), Skills: Veil of Darkness
Hangyu, Level: 1, Rank: 1, Gender: Female, HP IV: 21(0%), ATK IV: 32(0%), DEF IV: 59(0%), Work Speed: (0%), Skills: Dragonkiller
Kelpsea Ignis, Level: 1, Rank: 1, Gender: Female, HP IV: 24(0%), ATK IV: 62(0%), DEF IV: 33(0%), Work Speed: (0%), Skills: Diet Lover
Lamball, Level: 14, Rank: 1, Gender: Female, HP IV: 45(0%), ATK IV: 15(0%), DEF IV: 98(0%), Work Speed: (0%), Skills: Unstable
Lamball, Level: 14, Rank: 1, Gender: Male, HP IV: 41(0%), ATK IV: 73(0%), DEF IV: 10(0%), Work Speed: (0%), Skills: Serenity
Lifmunk, Level: 2, Rank: 1, Gender: Male, HP IV: 25(0%), ATK IV: 36(0%), DEF IV: 72(0%), Work Speed: (0%), Skills: Fine Furs, Blood of the Dragon
Melpaca, Level: 17, Rank: 1, Gender: Female, HP IV: 9(0%), ATK IV: 36(0%), DEF IV: 3(0%), Work Speed: (0%), Skills: Slacker, Abnormal
Mossanda, Level: 1, Rank: 1, Gender: Female, HP IV: 14(0%), ATK IV: 28(0%), DEF IV: 12(0%), Work Speed: (0%), Skills: Glutton
Mossanda, Level: 27, Rank: 1, Gender: Male, HP IV: 17(0%), ATK IV: 16(0%), DEF IV: 98(0%), Work Speed: (0%), Skills: Burly Body
Mozzarina, Level: 8, Rank: 1, Gender: Female, HP IV: 72(0%), ATK IV: 34(0%), DEF IV: 82(0%), Work Speed: (0%)
Nitewing, Level: 14, Rank: 1, Gender: Male, HP IV: 38(0%), ATK IV: 72(0%), DEF IV: 97(0%), Work Speed: (0%), Skills: Ferocious
Nox, Level: 1, Rank: 1, Gender: Female, HP IV: 35(0%), ATK IV: 38(0%), DEF IV: 50(0%), Work Speed: (0%), Skills: Aggressive
Nox, Level: 1, Rank: 1, Gender: Male, HP IV: 75(0%), ATK IV: 7(0%), DEF IV: 69(0%), Work Speed: (0%), Skills: Veil of Darkness, Vanguard
Pengullet, Level: 1, Rank: 1, Gender: Female, HP IV: 95(0%), ATK IV: 51(0%), DEF IV: 57(0%), Work Speed: (0%), Skills: Abnormal
Penking, Level: 1, Rank: 1, Gender: Male, HP IV: 90(0%), ATK IV: 14(0%), DEF IV: 44(0%), Work Speed: (0%), Skills: Hydromaniac, Destructive, Infinite Stamina
Surfent, Level: 1, Rank: 1, Gender: Female, HP IV: 84(0%), ATK IV: 35(0%), DEF IV: 81(0%), Work Speed: (0%), Skills: Pacifist, Earthquake Resistant
Tanzee, Level: 2, Rank: 1, Gender: Female, HP IV: 96(0%), ATK IV: 68(0%), DEF IV: 82(0%), Work Speed: (0%), Skills: Hard Skin
Tanzee, Level: 5, Rank: 1, Gender: Male, HP IV: 29(0%), ATK IV: 75(0%), DEF IV: 11(0%), Work Speed: (0%), Skills: Coldblooded
Tocotoco, Level: 1, Rank: 1, Gender: Male, HP IV: 42(0%), ATK IV: 71(0%), DEF IV: 76(0%), Work Speed: (0%), Skills: Aggressive
Tombat, Level: 1, Rank: 1, Gender: Female, HP IV: 95(0%), ATK IV: 10(0%), DEF IV: 71(0%), Work Speed: (0%), Skills: Artisan
Vanwyrm Cryst, Level: 1, Rank: 1, Gender: Male, HP IV: 74(0%), ATK IV: 26(0%), DEF IV: 91(0%), Work Speed: (0%), Skills: Mercy hit
Vanwyrm, Level: 1, Rank: 1, Gender: Female, HP IV: 45(0%), ATK IV: 6(0%), DEF IV: 75(0%), Work Speed: (0%), Skills: Logging Foreman
Vanwyrm, Level: 14, Rank: 1, Gender: Female, HP IV: 15(0%), ATK IV: 51(0%), DEF IV: 36(0%), Work Speed: (0%), Skills: Clumsy
Vanwyrm, Level: 15, Rank: 1, Gender: Female, HP IV: 47(0%), ATK IV: 47(0%), DEF IV: 12(0%), Work Speed: (0%), Skills: Pyromaniac
Hallucin8's 43 Pals
-------------------
Beegarde, Level: 19, Rank: 1, Gender: Female, HP IV: 96(0%), ATK IV: 86(0%), DEF IV: 57(0%), Work Speed: (0%), Skills: Fit as a Fiddle
Bristla, Level: 1, Rank: 1, Gender: Female, HP IV: 11(0%), ATK IV: 74(0%), DEF IV: 25(0%), Work Speed: (0%), Skills: Bottomless Stomach
Caprity, Level: 9, Rank: 1, Gender: Male, HP IV: 50(0%), ATK IV: 54(0%), DEF IV: 1(0%), Work Speed: (0%), Skills: Bottomless Stomach
Celaray, Level: 1, Rank: 1, Gender: Male, HP IV: 87(0%), ATK IV: 67(0%), DEF IV: 49(0%), Work Speed: (0%), Skills: Heated Body
Daedream, Level: 4, Rank: 1, Gender: Female, HP IV: 40(0%), ATK IV: 7(0%), DEF IV: 84(0%), Work Speed: (0%), Skills: Hard Skin, Stronghold Strategist
Daedream, Level: 5, Rank: 1, Gender: Female, HP IV: 38(0%), ATK IV: 3(0%), DEF IV: 25(0%), Work Speed: (0%), Skills: Easygoing
Dazemu, Level: 1, Rank: 1, Gender: Female, HP IV: 98(0%), ATK IV: 98(0%), DEF IV: 51(0%), Work Speed: (0%), Skills: Nocturnal, Artisan, Sadist, Dainty Eater
Dazemu, Level: 1, Rank: 1, Gender: Male, HP IV: 76(0%), ATK IV: 35(0%), DEF IV: 51(0%), Work Speed: (0%), Skills: Artisan, Nocturnal, Coldblooded, Brave
Dazemu, Level: 5, Rank: 1, Gender: Male, HP IV: 98(0%), ATK IV: 98(0%), DEF IV: 1(0%), Work Speed: (0%), Skills: Nocturnal
Direhowl, Level: 15, Rank: 1, Gender: Female, HP IV: 31(0%), ATK IV: 11(0%), DEF IV: 1(0%), Work Speed: (0%), Skills: Nimble
Direhowl, Level: 15, Rank: 1, Gender: Male, HP IV: 93(0%), ATK IV: 11(0%), DEF IV: 88(0%), Work Speed: (0%), Skills: Hard Skin
Dumud, Level: 17, Rank: 1, Gender: Male, HP IV: 66(0%), ATK IV: 20(0%), DEF IV: 42(0%), Work Speed: (0%), Skills: Insulated Body
Eikthyrdeer, Level: 1, Rank: 1, Gender: Female, HP IV: 66(0%), ATK IV: 26(0%), DEF IV: 83(0%), Work Speed: (0%)
Eikthyrdeer, Level: 11, Rank: 1, Gender: Female, HP IV: 72(0%), ATK IV: 64(0%), DEF IV: 3(0%), Work Speed: (0%), Skills: Insulated Body
Foxparks, Level: 1, Rank: 1, Gender: Female, HP IV: 30(0%), ATK IV: 73(0%), DEF IV: 10(0%), Work Speed: (0%), Skills: Work Slave
Foxparks, Level: 1, Rank: 1, Gender: Female, HP IV: 47(0%), ATK IV: 10(0%), DEF IV: 37(0%), Work Speed: (0%), Skills: Motivational Leader
Foxparks, Level: 1, Rank: 1, Gender: Male, HP IV: 74(0%), ATK IV: 94(0%), DEF IV: 81(0%), Work Speed: (0%), Skills: Waterproof, Shabby, Brittle
Fuddler, Level: 1, Rank: 1, Gender: Male, HP IV: 11(0%), ATK IV: 76(0%), DEF IV: 76(0%), Work Speed: (0%), Skills: Insulated Body
Galeclaw, Level: 1, Rank: 1, Gender: Female, HP IV: 92(0%), ATK IV: 62(0%), DEF IV: 79(0%), Work Speed: (0%), Skills: Noble
Galeclaw, Level: 14, Rank: 1, Gender: Male, HP IV: 11(0%), ATK IV: 39(0%), DEF IV: 78(0%), Work Speed: (0%), Skills: Veil of Darkness
Hangyu, Level: 1, Rank: 1, Gender: Female, HP IV: 21(0%), ATK IV: 32(0%), DEF IV: 59(0%), Work Speed: (0%), Skills: Dragonkiller
Kelpsea Ignis, Level: 1, Rank: 1, Gender: Female, HP IV: 24(0%), ATK IV: 62(0%), DEF IV: 33(0%), Work Speed: (0%), Skills: Diet Lover
Lamball, Level: 14, Rank: 1, Gender: Female, HP IV: 45(0%), ATK IV: 15(0%), DEF IV: 98(0%), Work Speed: (0%), Skills: Unstable
Lamball, Level: 14, Rank: 1, Gender: Male, HP IV: 41(0%), ATK IV: 73(0%), DEF IV: 10(0%), Work Speed: (0%), Skills: Serenity
Lifmunk, Level: 2, Rank: 1, Gender: Male, HP IV: 25(0%), ATK IV: 36(0%), DEF IV: 72(0%), Work Speed: (0%), Skills: Fine Furs, Blood of the Dragon
Melpaca, Level: 17, Rank: 1, Gender: Female, HP IV: 9(0%), ATK IV: 36(0%), DEF IV: 3(0%), Work Speed: (0%), Skills: Slacker, Abnormal
Mossanda, Level: 1, Rank: 1, Gender: Female, HP IV: 14(0%), ATK IV: 28(0%), DEF IV: 12(0%), Work Speed: (0%), Skills: Glutton
Mossanda, Level: 27, Rank: 1, Gender: Male, HP IV: 17(0%), ATK IV: 16(0%), DEF IV: 98(0%), Work Speed: (0%), Skills: Burly Body
Mozzarina, Level: 8, Rank: 1, Gender: Female, HP IV: 72(0%), ATK IV: 34(0%), DEF IV: 82(0%), Work Speed: (0%)
Nitewing, Level: 14, Rank: 1, Gender: Male, HP IV: 38(0%), ATK IV: 72(0%), DEF IV: 97(0%), Work Speed: (0%), Skills: Ferocious
Nox, Level: 1, Rank: 1, Gender: Female, HP IV: 35(0%), ATK IV: 38(0%), DEF IV: 50(0%), Work Speed: (0%), Skills: Aggressive
Nox, Level: 1, Rank: 1, Gender: Male, HP IV: 75(0%), ATK IV: 7(0%), DEF IV: 69(0%), Work Speed: (0%), Skills: Veil of Darkness, Vanguard
Pengullet, Level: 1, Rank: 1, Gender: Female, HP IV: 95(0%), ATK IV: 51(0%), DEF IV: 57(0%), Work Speed: (0%), Skills: Abnormal
Penking, Level: 1, Rank: 1, Gender: Male, HP IV: 90(0%), ATK IV: 14(0%), DEF IV: 44(0%), Work Speed: (0%), Skills: Hydromaniac, Destructive, Infinite Stamina
Surfent, Level: 1, Rank: 1, Gender: Female, HP IV: 84(0%), ATK IV: 35(0%), DEF IV: 81(0%), Work Speed: (0%), Skills: Pacifist, Earthquake Resistant
Tanzee, Level: 2, Rank: 1, Gender: Female, HP IV: 96(0%), ATK IV: 68(0%), DEF IV: 82(0%), Work Speed: (0%), Skills: Hard Skin
Tanzee, Level: 5, Rank: 1, Gender: Male, HP IV: 29(0%), ATK IV: 75(0%), DEF IV: 11(0%), Work Speed: (0%), Skills: Coldblooded
Tocotoco, Level: 1, Rank: 1, Gender: Male, HP IV: 42(0%), ATK IV: 71(0%), DEF IV: 76(0%), Work Speed: (0%), Skills: Aggressive
Tombat, Level: 1, Rank: 1, Gender: Female, HP IV: 95(0%), ATK IV: 10(0%), DEF IV: 71(0%), Work Speed: (0%), Skills: Artisan
Vanwyrm Cryst, Level: 1, Rank: 1, Gender: Male, HP IV: 74(0%), ATK IV: 26(0%), DEF IV: 91(0%), Work Speed: (0%), Skills: Mercy hit
Vanwyrm, Level: 1, Rank: 1, Gender: Female, HP IV: 45(0%), ATK IV: 6(0%), DEF IV: 75(0%), Work Speed: (0%), Skills: Logging Foreman
Vanwyrm, Level: 14, Rank: 1, Gender: Female, HP IV: 15(0%), ATK IV: 51(0%), DEF IV: 36(0%), Work Speed: (0%), Skills: Clumsy
Vanwyrm, Level: 15, Rank: 1, Gender: Female, HP IV: 47(0%), ATK IV: 47(0%), DEF IV: 12(0%), Work Speed: (0%), Skills: Pyromaniac
