Ifrit's 3 Pals
--------------
Cattiva, Level: 2, Rank: 1, Gender: Female, HP IV: 0(0%), ATK IV: 87(0%), DEF IV: 66(0%), Work Speed: (0%), Skills: Coward, Masochist
Cattiva, Level: 2, Rank: 1, Gender: Female, HP IV: 13(0%), ATK IV: 92(0%), DEF IV: 86(0%), Work Speed: (0%), Skills: Coward, Earthquake Resistant
Cattiva, Level: 2, Rank: 1, Gender: Male, HP IV: 11(0%), ATK IV: 22(0%), DEF IV: 61(0%), Work Speed: (0%), Skills: Coward, Infinite Stamina, Diet Lover
Ifrit's 3 Pals
--------------
Cattiva, Level: 2, Rank: 1, Gender: Female, HP IV: 0(0%), ATK IV: 87(0%), DEF IV: 66(0%), Work Speed: (0%), Skills: Coward, Masochist
Cattiva, Level: 2, Rank: 1, Gender: Female, HP IV: 13(0%), ATK IV: 92(0%), DEF IV: 86(0%), Work Speed: (0%), Skills: Coward, Earthquake Resistant
Cattiva, Level: 2, Rank: 1, Gender: Male, HP IV: 11(0%), ATK IV: 22(0%), DEF IV: 61(0%), Work Speed: (0%), Skills: Coward, Infinite Stamina, Diet Lover
Ifrit's 3 Pals
--------------
Cattiva, Level: 2, Rank: 1, Gender: Female, HP IV: 0(0%), ATK IV: 87(0%), DEF IV: 66(0%), Work Speed: (0%), Skills: Coward, Masochist
Cattiva, Level: 2, Rank: 1, Gender: Female, HP IV: 13(0%), ATK IV: 92(0%), DEF IV: 86(0%), Work Speed: (0%), Skills: Coward, Earthquake Resistant
Cattiva, Level: 2, Rank: 1, Gender: Male, HP IV: 11(0%), ATK IV: 22(0%), DEF IV: 61(0%), Work Speed: (0%), Skills: Coward, Infinite Stamina, Diet Lover
Ifrit's 3 Pals
--------------
Cattiva, Level: 2, Rank: 1, Gender: Female, HP IV: 0(0%), ATK IV: 87(0%), DEF IV: 66(0%), Work Speed: (0%), Skills: Coward, Masochist
Cattiva, Level: 2, Rank: 1, Gender: Female, HP IV: 13(0%), ATK IV: 92(0%), DEF IV: 86(0%), Work Speed: (0%), Skills: Coward, Earthquake Resistant
Cattiva, Level: 2, Rank: 1, Gender: Male, HP IV: 11(0%), ATK IV: 22(0%), DEF IV: 61(0%), Work Speed: (0%), Skills: Coward, Infinite Stamina, Diet Lover
Ifrit's 3 Pals
--------------
Cattiva, Level: 2, Rank: 1, Gender: Female, HP IV: 0(0%), ATK IV: 87(0%), DEF IV: 66(0%), Work Speed: (0%), Skills: Coward, Masochist
Cattiva, Level: 2, Rank: 1, Gender: Female, HP IV: 13(0%), ATK IV: 92(0%), DEF IV: 86(0%), Work Speed: (0%), Skills: Coward, Earthquake Resistant
Cattiva, Level: 2, Rank: 1, Gender: Male, HP IV: 11(0%), ATK IV: 22(0%), DEF IV: 61(0%), Work Speed: (0%), Skills: Coward, Infinite Stamina, Diet Lover
Ifrit's 3 Pals
--------------
Cattiva, Level: 2, Rank: 1, Gender: Female, HP IV: 0(0%), ATK IV: 87(0%), DEF IV: 66(0%), Work Speed: (0%), Skills: Coward, Masochist
Cattiva, Level: 2, Rank: 1, Gender: Female, HP IV: 13(0%), ATK IV: 92(0%), DEF IV: 86(0%), Work Speed: (0%), Skills: Coward, Earthquake Resistant
Cattiva, Level: 2, Rank: 1, Gender: Male, HP IV: 11(0%), ATK IV: 22(0%), DEF IV: 61(0%), Work Speed: (0%), Skills: Coward, Infinite Stamina, Diet Lover
Ifrit's 3 Pals
--------------
Cattiva, Level: 2, Rank: 1, Gender: Female, HP IV: 0(0%), ATK IV: 87(0%), DEF IV: 66(0%), Work Speed: (0%), Skills: Coward, Masochist
Cattiva, Level: 2, Rank: 1, Gender: Female, HP IV: 13(0%), ATK IV: 92(0%), DEF IV: 86(0%), Work Speed: (0%), Skills: Coward, Earthquake Resistant
Cattiva, Level: 2, Rank: 1, Gender: Male, HP IV: 11(0%), ATK IV: 22(0%), DEF IV: 61(0%), Work Speed: (0%), Skills: Coward, Infinite Stamina, Diet Lover
Ifrit's 3 Pals
--------------
Cattiva, Level: 2, Rank: 1, Gender: Female, HP IV: 0(0%), ATK IV: 87(0%), DEF IV: 66(0%), Work Speed: (0%), Skills: Coward, Masochist
Cattiva, Level: 2, Rank: 1, Gender: Female, HP IV: 13(0%), ATK IV: 92(0%), DEF IV: 86(0%), Work Speed: (0%), Skills: Coward, Earthquake Resistant
Cattiva, Level: 2, Rank: 1, Gender: Male, HP IV: 11(0%), ATK IV: 22(0%), DEF IV: 61(0%), Work Speed: (0%), Skills: Coward, Infinite Stamina, Diet Lover
Ifrit's 3 Pals
--------------
Cattiva, Level: 2, Rank: 1, Gender: Female, HP IV: 0(0%), ATK IV: 87(0%), DEF IV: 66(0%), Work Speed: (0%), Skills: Coward, Masochist
Cattiva, Level: 2, Rank: 1, Gender: Female, HP IV: 13(0%), ATK IV: 92(0%), DEF IV: 86(0%), Work Speed: (0%), Skills: Coward, Earthquake Resistant
Cattiva, Level: 2, Rank: 1, Gender: Male, HP IV: 11(0%), ATK IV: 22(0%), DEF IV: 61(0%), Work Speed: (0%), Skills: Coward, Infinite Stamina, Diet Lover
Ifrit's 3 Pals
--------------
Cattiva, Level: 2, Rank: 1, Gender: Female, HP IV: 0(0%), ATK IV: 87(0%), DEF IV: 66(0%), Work Speed: (0%), Skills: Coward, Masochist
Cattiva, Level: 2, Rank: 1, Gender: Female, HP IV: 13(0%), ATK IV: 92(0%), DEF IV: 86(0%), Work Speed: (0%), Skills: Coward, Earthquake Resistant
Cattiva, Level: 2, Rank: 1, Gender: Male, HP IV: 11(0%), ATK IV: 22(0%), DEF IV: 61(0%), Work Speed: (0%), Skills: Coward, Infinite Stamina, Diet Lover
Ifrit's 3 Pals
--------------
Cattiva, Level: 2, Rank: 1, Gender: Female, HP IV: 0(0%), ATK IV: 87(0%), DEF IV: 66(0%), Work Speed: (0%), Skills: Coward, Masochist
Cattiva, Level: 2, Rank: 1, Gender: Female, HP IV: 13(0%), ATK IV: 92(0%), DEF IV: 86(0%), Work Speed: (0%), Skills: Coward, Earthquake Resistant
Cattiva, Level: 2, Rank: 1, Gender: Male, HP IV: 11(0%), ATK IV: 22(0%), DEF IV: 61(0%), Work Speed: (0%), Skills: Coward, Infinite Stamina, Diet Lover
Ifrit's 3 Pals
--------------
Cattiva, Level: 2, Rank: 1, Gender: Female, HP IV: 0(0%), ATK IV: 87(0%), DEF IV: 66(0%), Work Speed: (0%), Skills: Coward, Masochist
Cattiva, Level: 2, Rank: 1, Gender: Female, HP IV: 13(0%), ATK IV: 92(0%), DEF IV: 86(0%), Work Speed: (0%), Skills: Coward, Earthquake Resistant
Cattiva, Level: 2, Rank: 1, Gender: Male, HP IV: 11(0%), ATK IV: 22(0%), DEF IV: 61(0%), Work Speed: (0%), Skills: Coward, Infinite Stamina, Diet Lover
Ifrit's 3 Pals
--------------
Cattiva, Level: 2, Rank: 1, Gender: Female, HP IV: 0(0%), ATK IV: 87(0%), DEF IV: 66(0%), Work Speed: (0%), Skills: Coward, Masochist
Cattiva, Level: 2, Rank: 1, Gender: Female, HP IV: 13(0%), ATK IV: 92(0%), DEF IV: 86(0%), Work Speed: (0%), Skills: Coward, Earthquake Resistant
Cattiva, Level: 2, Rank: 1, Gender: Male, HP IV: 11(0%), ATK IV: 22(0%), DEF IV: 61(0%), Work Speed: (0%), Skills: Coward, Infinite Stamina, Diet Lover
Ifrit's 3 Pals
--------------
Cattiva, Level: 2, Rank: 1, Gender: Female, HP IV: 0(0%), ATK IV: 87(0%), DEF IV: 66(0%), Work Speed: (0%), Skills: Coward, Masochist
Cattiva, Level: 2, Rank: 1, Gender: Female, HP IV: 13(0%), ATK IV: 92(0%), DEF IV: 86(0%), Work Speed: (0%), Skills: Coward, Earthquake Resistant
Cattiva, Level: 2, Rank: 1, Gender: Male, HP IV: 11(0%), ATK IV: 22(0%), DEF IV: 61(0%), Work Speed: (0%), Skills: Coward, Infinite Stamina, Diet Lover
