Iron_fox's 5 Pals
-----------------
Direhowl, Level: 10, Rank: 1, Gender: Male, HP IV: 92(0%), ATK IV: 83(0%), DEF IV: 50(0%), Work Speed: (0%), Skills: Conceited
Galeclaw, Level: 13, Rank: 1, Gender: Male, HP IV: 12(0%), ATK IV: 72(0%), DEF IV: 58(0%), Work Speed: (0%), Skills: Power of Gaia
Gumoss, Level: 2, Rank: 1, Gender: Male, HP IV: 75(0%), ATK IV: 74(0%), DEF IV: 68(0%), Work Speed: (0%)
Relaxaurus, Level: 16, Rank: 1, Gender: Male, HP IV: 37(0%), ATK IV: 3(0%), DEF IV: 84(0%), Work Speed: (0%), Skills: Glutton, Coldblooded
Univolt, Level: 14, Rank: 1, Gender: Female, HP IV: 45(0%), ATK IV: 9(0%), DEF IV: 20(0%), Work Speed: (0%), Skills: Stronghold Strategist, Infinite Stamina
Iron_fox's 5 Pals
-----------------
Direhowl, Level: 10, Rank: 1, Gender: Male, HP IV: 92(0%), ATK IV: 83(0%), DEF IV: 50(0%), Work Speed: (0%), Skills: Conceited
Galeclaw, Level: 13, Rank: 1, Gender: Male, HP IV: 12(0%), ATK IV: 72(0%), DEF IV: 58(0%), Work Speed: (0%), Skills: Power of Gaia
Gumoss, Level: 2, Rank: 1, Gender: Male, HP IV: 75(0%), ATK IV: 74(0%), DEF IV: 68(0%), Work Speed: (0%)
Relaxaurus, Level: 16, Rank: 1, Gender: Male, HP IV: 37(0%), ATK IV: 3(0%), DEF IV: 84(0%), Work Speed: (0%), Skills: Glutton, Coldblooded
Univolt, Level: 14, Rank: 1, Gender: Female, HP IV: 45(0%), ATK IV: 9(0%), DEF IV: 20(0%), Work Speed: (0%), Skills: Stronghold Strategist, Infinite Stamina
Iron_fox's 5 Pals
-----------------
Direhowl, Level: 10, Rank: 1, Gender: Male, HP IV: 92(0%), ATK IV: 83(0%), DEF IV: 50(0%), Work Speed: (0%), Skills: Conceited
Galeclaw, Level: 13, Rank: 1, Gender: Male, HP IV: 12(0%), ATK IV: 72(0%), DEF IV: 58(0%), Work Speed: (0%), Skills: Power of Gaia
Gumoss, Level: 2, Rank: 1, Gender: Male, HP IV: 75(0%), ATK IV: 74(0%), DEF IV: 68(0%), Work Speed: (0%)
Relaxaurus, Level: 16, Rank: 1, Gender: Male, HP IV: 37(0%), ATK IV: 3(0%), DEF IV: 84(0%), Work Speed: (0%), Skills: Glutton, Coldblooded
Univolt, Level: 14, Rank: 1, Gender: Female, HP IV: 45(0%), ATK IV: 9(0%), DEF IV: 20(0%), Work Speed: (0%), Skills: Stronghold Strategist, Infinite Stamina
Iron_fox's 5 Pals
-----------------
Direhowl, Level: 10, Rank: 1, Gender: Male, HP IV: 92(0%), ATK IV: 83(0%), DEF IV: 50(0%), Work Speed: (0%), Skills: Conceited
Galeclaw, Level: 13, Rank: 1, Gender: Male, HP IV: 12(0%), ATK IV: 72(0%), DEF IV: 58(0%), Work Speed: (0%), Skills: Power of Gaia
Gumoss, Level: 2, Rank: 1, Gender: Male, HP IV: 75(0%), ATK IV: 74(0%), DEF IV: 68(0%), Work Speed: (0%)
Relaxaurus, Level: 16, Rank: 1, Gender: Male, HP IV: 37(0%), ATK IV: 3(0%), DEF IV: 84(0%), Work Speed: (0%), Skills: Glutton, Coldblooded
Univolt, Level: 14, Rank: 1, Gender: Female, HP IV: 45(0%), ATK IV: 9(0%), DEF IV: 20(0%), Work Speed: (0%), Skills: Stronghold Strategist, Infinite Stamina
Iron_fox's 5 Pals
-----------------
Direhowl, Level: 10, Rank: 1, Gender: Male, HP IV: 92(0%), ATK IV: 83(0%), DEF IV: 50(0%), Work Speed: (0%), Skills: Conceited
Galeclaw, Level: 13, Rank: 1, Gender: Male, HP IV: 12(0%), ATK IV: 72(0%), DEF IV: 58(0%), Work Speed: (0%), Skills: Power of Gaia
Gumoss, Level: 2, Rank: 1, Gender: Male, HP IV: 75(0%), ATK IV: 74(0%), DEF IV: 68(0%), Work Speed: (0%)
Relaxaurus, Level: 16, Rank: 1, Gender: Male, HP IV: 37(0%), ATK IV: 3(0%), DEF IV: 84(0%), Work Speed: (0%), Skills: Glutton, Coldblooded
Univolt, Level: 14, Rank: 1, Gender: Female, HP IV: 45(0%), ATK IV: 9(0%), DEF IV: 20(0%), Work Speed: (0%), Skills: Stronghold Strategist, Infinite Stamina
Iron_fox's 5 Pals
-----------------
Direhowl, Level: 10, Rank: 1, Gender: Male, HP IV: 92(0%), ATK IV: 83(0%), DEF IV: 50(0%), Work Speed: (0%), Skills: Conceited
Galeclaw, Level: 13, Rank: 1, Gender: Male, HP IV: 12(0%), ATK IV: 72(0%), DEF IV: 58(0%), Work Speed: (0%), Skills: Power of Gaia
Gumoss, Level: 2, Rank: 1, Gender: Male, HP IV: 75(0%), ATK IV: 74(0%), DEF IV: 68(0%), Work Speed: (0%)
Relaxaurus, Level: 16, Rank: 1, Gender: Male, HP IV: 37(0%), ATK IV: 3(0%), DEF IV: 84(0%), Work Speed: (0%), Skills: Glutton, Coldblooded
Univolt, Level: 14, Rank: 1, Gender: Female, HP IV: 45(0%), ATK IV: 9(0%), DEF IV: 20(0%), Work Speed: (0%), Skills: Stronghold Strategist, Infinite Stamina
Iron_fox's 5 Pals
-----------------
Direhowl, Level: 10, Rank: 1, Gender: Male, HP IV: 92(0%), ATK IV: 83(0%), DEF IV: 50(0%), Work Speed: (0%), Skills: Conceited
Galeclaw, Level: 13, Rank: 1, Gender: Male, HP IV: 12(0%), ATK IV: 72(0%), DEF IV: 58(0%), Work Speed: (0%), Skills: Power of Gaia
Gumoss, Level: 2, Rank: 1, Gender: Male, HP IV: 75(0%), ATK IV: 74(0%), DEF IV: 68(0%), Work Speed: (0%)
Relaxaurus, Level: 16, Rank: 1, Gender: Male, HP IV: 37(0%), ATK IV: 3(0%), DEF IV: 84(0%), Work Speed: (0%), Skills: Glutton, Coldblooded
Univolt, Level: 14, Rank: 1, Gender: Female, HP IV: 45(0%), ATK IV: 9(0%), DEF IV: 20(0%), Work Speed: (0%), Skills: Stronghold Strategist, Infinite Stamina
Iron_fox's 5 Pals
-----------------
Direhowl, Level: 10, Rank: 1, Gender: Male, HP IV: 92(0%), ATK IV: 83(0%), DEF IV: 50(0%), Work Speed: (0%), Skills: Conceited
Galeclaw, Level: 13, Rank: 1, Gender: Male, HP IV: 12(0%), ATK IV: 72(0%), DEF IV: 58(0%), Work Speed: (0%), Skills: Power of Gaia
Gumoss, Level: 2, Rank: 1, Gender: Male, HP IV: 75(0%), ATK IV: 74(0%), DEF IV: 68(0%), Work Speed: (0%)
Relaxaurus, Level: 16, Rank: 1, Gender: Male, HP IV: 37(0%), ATK IV: 3(0%), DEF IV: 84(0%), Work Speed: (0%), Skills: Glutton, Coldblooded
Univolt, Level: 14, Rank: 1, Gender: Female, HP IV: 45(0%), ATK IV: 9(0%), DEF IV: 20(0%), Work Speed: (0%), Skills: Stronghold Strategist, Infinite Stamina
Iron_fox's 5 Pals
-----------------
Direhowl, Level: 10, Rank: 1, Gender: Male, HP IV: 92(0%), ATK IV: 83(0%), DEF IV: 50(0%), Work Speed: (0%), Skills: Conceited
Galeclaw, Level: 13, Rank: 1, Gender: Male, HP IV: 12(0%), ATK IV: 72(0%), DEF IV: 58(0%), Work Speed: (0%), Skills: Power of Gaia
Gumoss, Level: 2, Rank: 1, Gender: Male, HP IV: 75(0%), ATK IV: 74(0%), DEF IV: 68(0%), Work Speed: (0%)
Relaxaurus, Level: 16, Rank: 1, Gender: Male, HP IV: 37(0%), ATK IV: 3(0%), DEF IV: 84(0%), Work Speed: (0%), Skills: Glutton, Coldblooded
Univolt, Level: 14, Rank: 1, Gender: Female, HP IV: 45(0%), ATK IV: 9(0%), DEF IV: 20(0%), Work Speed: (0%), Skills: Stronghold Strategist, Infinite Stamina
Iron_fox's 5 Pals
-----------------
Direhowl, Level: 10, Rank: 1, Gender: Male, HP IV: 92(0%), ATK IV: 83(0%), DEF IV: 50(0%), Work Speed: (0%), Skills: Conceited
Galeclaw, Level: 13, Rank: 1, Gender: Male, HP IV: 12(0%), ATK IV: 72(0%), DEF IV: 58(0%), Work Speed: (0%), Skills: Power of Gaia
Gumoss, Level: 2, Rank: 1, Gender: Male, HP IV: 75(0%), ATK IV: 74(0%), DEF IV: 68(0%), Work Speed: (0%)
Relaxaurus, Level: 16, Rank: 1, Gender: Male, HP IV: 37(0%), ATK IV: 3(0%), DEF IV: 84(0%), Work Speed: (0%), Skills: Glutton, Coldblooded
Univolt, Level: 14, Rank: 1, Gender: Female, HP IV: 45(0%), ATK IV: 9(0%), DEF IV: 20(0%), Work Speed: (0%), Skills: Stronghold Strategist, Infinite Stamina
Iron_fox's 5 Pals
-----------------
Direhowl, Level: 10, Rank: 1, Gender: Male, HP IV: 92(0%), ATK IV: 83(0%), DEF IV: 50(0%), Work Speed: (0%), Skills: Conceited
Galeclaw, Level: 13, Rank: 1, Gender: Male, HP IV: 12(0%), ATK IV: 72(0%), DEF IV: 58(0%), Work Speed: (0%), Skills: Power of Gaia
Gumoss, Level: 2, Rank: 1, Gender: Male, HP IV: 75(0%), ATK IV: 74(0%), DEF IV: 68(0%), Work Speed: (0%)
Relaxaurus, Level: 16, Rank: 1, Gender: Male, HP IV: 37(0%), ATK IV: 3(0%), DEF IV: 84(0%), Work Speed: (0%), Skills: Glutton, Coldblooded
Univolt, Level: 14, Rank: 1, Gender: Female, HP IV: 45(0%), ATK IV: 9(0%), DEF IV: 20(0%), Work Speed: (0%), Skills: Stronghold Strategist, Infinite Stamina
Iron_fox's 5 Pals
-----------------
Direhowl, Level: 10, Rank: 1, Gender: Male, HP IV: 92(0%), ATK IV: 83(0%), DEF IV: 50(0%), Work Speed: (0%), Skills: Conceited
Galeclaw, Level: 13, Rank: 1, Gender: Male, HP IV: 12(0%), ATK IV: 72(0%), DEF IV: 58(0%), Work Speed: (0%), Skills: Power of Gaia
Gumoss, Level: 2, Rank: 1, Gender: Male, HP IV: 75(0%), ATK IV: 74(0%), DEF IV: 68(0%), Work Speed: (0%)
Relaxaurus, Level: 16, Rank: 1, Gender: Male, HP IV: 37(0%), ATK IV: 3(0%), DEF IV: 84(0%), Work Speed: (0%), Skills: Glutton, Coldblooded
Univolt, Level: 14, Rank: 1, Gender: Female, HP IV: 45(0%), ATK IV: 9(0%), DEF IV: 20(0%), Work Speed: (0%), Skills: Stronghold Strategist, Infinite Stamina
Iron_fox's 5 Pals
-----------------
Direhowl, Level: 10, Rank: 1, Gender: Male, HP IV: 92(0%), ATK IV: 83(0%), DEF IV: 50(0%), Work Speed: (0%), Skills: Conceited
Galeclaw, Level: 13, Rank: 1, Gender: Male, HP IV: 12(0%), ATK IV: 72(0%), DEF IV: 58(0%), Work Speed: (0%), Skills: Power of Gaia
Gumoss, Level: 2, Rank: 1, Gender: Male, HP IV: 75(0%), ATK IV: 74(0%), DEF IV: 68(0%), Work Speed: (0%)
Relaxaurus, Level: 16, Rank: 1, Gender: Male, HP IV: 37(0%), ATK IV: 3(0%), DEF IV: 84(0%), Work Speed: (0%), Skills: Glutton, Coldblooded
Univolt, Level: 14, Rank: 1, Gender: Female, HP IV: 45(0%), ATK IV: 9(0%), DEF IV: 20(0%), Work Speed: (0%), Skills: Stronghold Strategist, Infinite Stamina
Iron_fox's 5 Pals
-----------------
Direhowl, Level: 10, Rank: 1, Gender: Male, HP IV: 92(0%), ATK IV: 83(0%), DEF IV: 50(0%), Work Speed: (0%), Skills: Conceited
Galeclaw, Level: 13, Rank: 1, Gender: Male, HP IV: 12(0%), ATK IV: 72(0%), DEF IV: 58(0%), Work Speed: (0%), Skills: Power of Gaia
Gumoss, Level: 2, Rank: 1, Gender: Male, HP IV: 75(0%), ATK IV: 74(0%), DEF IV: 68(0%), Work Speed: (0%)
Relaxaurus, Level: 16, Rank: 1, Gender: Male, HP IV: 37(0%), ATK IV: 3(0%), DEF IV: 84(0%), Work Speed: (0%), Skills: Glutton, Coldblooded
Univolt, Level: 14, Rank: 1, Gender: Female, HP IV: 45(0%), ATK IV: 9(0%), DEF IV: 20(0%), Work Speed: (0%), Skills: Stronghold Strategist, Infinite Stamina
