Jac's 3 Pals
------------
Cattiva, Level: 14, Rank: 1, Gender: Female, HP IV: 12(0%), ATK IV: 25(0%), DEF IV: 41(0%), Work Speed: (0%), Skills: Coward
Chikipi, Level: 4, Rank: 1, Gender: Male, HP IV: 22(0%), ATK IV: 43(0%), DEF IV: 45(0%), Work Speed: (0%)
Cremis, Level: 6, Rank: 1, Gender: Female, HP IV: 38(0%), ATK IV: 38(0%), DEF IV: 76(0%), Work Speed: (0%)
Jac's 3 Pals
------------
Cattiva, Level: 14, Rank: 1, Gender: Female, HP IV: 12(0%), ATK IV: 25(0%), DEF IV: 41(0%), Work Speed: (0%), Skills: Coward
Chikipi, Level: 4, Rank: 1, Gender: Male, HP IV: 22(0%), ATK IV: 43(0%), DEF IV: 45(0%), Work Speed: (0%)
Cremis, Level: 6, Rank: 1, Gender: Female, HP IV: 38(0%), ATK IV: 38(0%), DEF IV: 76(0%), Work Speed: (0%)
Jac's 3 Pals
------------
Cattiva, Level: 14, Rank: 1, Gender: Female, HP IV: 12(0%), ATK IV: 25(0%), DEF IV: 41(0%), Work Speed: (0%), Skills: Coward
Chikipi, Level: 4, Rank: 1, Gender: Male, HP IV: 22(0%), ATK IV: 43(0%), DEF IV: 45(0%), Work Speed: (0%)
Cremis, Level: 6, Rank: 1, Gender: Female, HP IV: 38(0%), ATK IV: 38(0%), DEF IV: 76(0%), Work Speed: (0%)
Jac's 3 Pals
------------
Cattiva, Level: 14, Rank: 1, Gender: Female, HP IV: 12(0%), ATK IV: 25(0%), DEF IV: 41(0%), Work Speed: (0%), Skills: Coward
Chikipi, Level: 4, Rank: 1, Gender: Male, HP IV: 22(0%), ATK IV: 43(0%), DEF IV: 45(0%), Work Speed: (0%)
Cremis, Level: 6, Rank: 1, Gender: Female, HP IV: 38(0%), ATK IV: 38(0%), DEF IV: 76(0%), Work Speed: (0%)
Jac's 3 Pals
------------
Cattiva, Level: 14, Rank: 1, Gender: Female, HP IV: 12(0%), ATK IV: 25(0%), DEF IV: 41(0%), Work Speed: (0%), Skills: Coward
Chikipi, Level: 4, Rank: 1, Gender: Male, HP IV: 22(0%), ATK IV: 43(0%), DEF IV: 45(0%), Work Speed: (0%)
Cremis, Level: 6, Rank: 1, Gender: Female, HP IV: 38(0%), ATK IV: 38(0%), DEF IV: 76(0%), Work Speed: (0%)
Jac's 3 Pals
------------
Cattiva, Level: 14, Rank: 1, Gender: Female, HP IV: 12(0%), ATK IV: 25(0%), DEF IV: 41(0%), Work Speed: (0%), Skills: Coward
Chikipi, Level: 4, Rank: 1, Gender: Male, HP IV: 22(0%), ATK IV: 43(0%), DEF IV: 45(0%), Work Speed: (0%)
Cremis, Level: 6, Rank: 1, Gender: Female, HP IV: 38(0%), ATK IV: 38(0%), DEF IV: 76(0%), Work Speed: (0%)
Jac's 3 Pals
------------
Cattiva, Level: 14, Rank: 1, Gender: Female, HP IV: 12(0%), ATK IV: 25(0%), DEF IV: 41(0%), Work Speed: (0%), Skills: Coward
Chikipi, Level: 4, Rank: 1, Gender: Male, HP IV: 22(0%), ATK IV: 43(0%), DEF IV: 45(0%), Work Speed: (0%)
Cremis, Level: 6, Rank: 1, Gender: Female, HP IV: 38(0%), ATK IV: 38(0%), DEF IV: 76(0%), Work Speed: (0%)
Jac's 3 Pals
------------
Cattiva, Level: 14, Rank: 1, Gender: Female, HP IV: 12(0%), ATK IV: 25(0%), DEF IV: 41(0%), Work Speed: (0%), Skills: Coward
Chikipi, Level: 4, Rank: 1, Gender: Male, HP IV: 22(0%), ATK IV: 43(0%), DEF IV: 45(0%), Work Speed: (0%)
Cremis, Level: 6, Rank: 1, Gender: Female, HP IV: 38(0%), ATK IV: 38(0%), DEF IV: 76(0%), Work Speed: (0%)
Jac's 3 Pals
------------
Cattiva, Level: 14, Rank: 1, Gender: Female, HP IV: 12(0%), ATK IV: 25(0%), DEF IV: 41(0%), Work Speed: (0%), Skills: Coward
Chikipi, Level: 4, Rank: 1, Gender: Male, HP IV: 22(0%), ATK IV: 43(0%), DEF IV: 45(0%), Work Speed: (0%)
Cremis, Level: 6, Rank: 1, Gender: Female, HP IV: 38(0%), ATK IV: 38(0%), DEF IV: 76(0%), Work Speed: (0%)
Jac's 3 Pals
------------
Cattiva, Level: 14, Rank: 1, Gender: Female, HP IV: 12(0%), ATK IV: 25(0%), DEF IV: 41(0%), Work Speed: (0%), Skills: Coward
Chikipi, Level: 4, Rank: 1, Gender: Male, HP IV: 22(0%), ATK IV: 43(0%), DEF IV: 45(0%), Work Speed: (0%)
Cremis, Level: 6, Rank: 1, Gender: Female, HP IV: 38(0%), ATK IV: 38(0%), DEF IV: 76(0%), Work Speed: (0%)
Jac's 3 Pals
------------
Cattiva, Level: 14, Rank: 1, Gender: Female, HP IV: 12(0%), ATK IV: 25(0%), DEF IV: 41(0%), Work Speed: (0%), Skills: Coward
Chikipi, Level: 4, Rank: 1, Gender: Male, HP IV: 22(0%), ATK IV: 43(0%), DEF IV: 45(0%), Work Speed: (0%)
Cremis, Level: 6, Rank: 1, Gender: Female, HP IV: 38(0%), ATK IV: 38(0%), DEF IV: 76(0%), Work Speed: (0%)
Jac's 3 Pals
------------
Cattiva, Level: 14, Rank: 1, Gender: Female, HP IV: 12(0%), ATK IV: 25(0%), DEF IV: 41(0%), Work Speed: (0%), Skills: Coward
Chikipi, Level: 4, Rank: 1, Gender: Male, HP IV: 22(0%), ATK IV: 43(0%), DEF IV: 45(0%), Work Speed: (0%)
Cremis, Level: 6, Rank: 1, Gender: Female, HP IV: 38(0%), ATK IV: 38(0%), DEF IV: 76(0%), Work Speed: (0%)
Jac's 3 Pals
------------
Cattiva, Level: 14, Rank: 1, Gender: Female, HP IV: 12(0%), ATK IV: 25(0%), DEF IV: 41(0%), Work Speed: (0%), Skills: Coward
Chikipi, Level: 4, Rank: 1, Gender: Male, HP IV: 22(0%), ATK IV: 43(0%), DEF IV: 45(0%), Work Speed: (0%)
Cremis, Level: 6, Rank: 1, Gender: Female, HP IV: 38(0%), ATK IV: 38(0%), DEF IV: 76(0%), Work Speed: (0%)
Jac's 3 Pals
------------
Cattiva, Level: 14, Rank: 1, Gender: Female, HP IV: 12(0%), ATK IV: 25(0%), DEF IV: 41(0%), Work Speed: (0%), Skills: Coward
Chikipi, Level: 4, Rank: 1, Gender: Male, HP IV: 22(0%), ATK IV: 43(0%), DEF IV: 45(0%), Work Speed: (0%)
Cremis, Level: 6, Rank: 1, Gender: Female, HP IV: 38(0%), ATK IV: 38(0%), DEF IV: 76(0%), Work Speed: (0%)
