jadax fluffington's 3 Pals
--------------------------
Depresso, Level: 6, Rank: 1, Gender: Male, HP IV: 2(0%), ATK IV: 13(0%), DEF IV: 84(0%), Work Speed: (0%), Skills: Zen Mind
Foxparks, Level: 6, Rank: 1, Gender: Male, HP IV: 29(0%), ATK IV: 67(0%), DEF IV: 42(0%), Work Speed: (0%), Skills: Runner
Rushoar, Level: 5, Rank: 1, Gender: Female, HP IV: 39(0%), ATK IV: 76(0%), DEF IV: 37(0%), Work Speed: (0%), Skills: Hooligan
jadax fluffington's 3 Pals
--------------------------
Depresso, Level: 6, Rank: 1, Gender: Male, HP IV: 2(0%), ATK IV: 13(0%), DEF IV: 84(0%), Work Speed: (0%), Skills: Zen Mind
Foxparks, Level: 6, Rank: 1, Gender: Male, HP IV: 29(0%), ATK IV: 67(0%), DEF IV: 42(0%), Work Speed: (0%), Skills: Runner
Rushoar, Level: 5, Rank: 1, Gender: Female, HP IV: 39(0%), ATK IV: 76(0%), DEF IV: 37(0%), Work Speed: (0%), Skills: Hooligan
jadax fluffington's 3 Pals
--------------------------
Depresso, Level: 6, Rank: 1, Gender: Male, HP IV: 2(0%), ATK IV: 13(0%), DEF IV: 84(0%), Work Speed: (0%), Skills: Zen Mind
Foxparks, Level: 6, Rank: 1, Gender: Male, HP IV: 29(0%), ATK IV: 67(0%), DEF IV: 42(0%), Work Speed: (0%), Skills: Runner
Rushoar, Level: 5, Rank: 1, Gender: Female, HP IV: 39(0%), ATK IV: 76(0%), DEF IV: 37(0%), Work Speed: (0%), Skills: Hooligan
jadax fluffington's 3 Pals
--------------------------
Depresso, Level: 6, Rank: 1, Gender: Male, HP IV: 2(0%), ATK IV: 13(0%), DEF IV: 84(0%), Work Speed: (0%), Skills: Zen Mind
Foxparks, Level: 6, Rank: 1, Gender: Male, HP IV: 29(0%), ATK IV: 67(0%), DEF IV: 42(0%), Work Speed: (0%), Skills: Runner
Rushoar, Level: 5, Rank: 1, Gender: Female, HP IV: 39(0%), ATK IV: 76(0%), DEF IV: 37(0%), Work Speed: (0%), Skills: Hooligan
jadax fluffington's 3 Pals
--------------------------
Depresso, Level: 6, Rank: 1, Gender: Male, HP IV: 2(0%), ATK IV: 13(0%), DEF IV: 84(0%), Work Speed: (0%), Skills: Zen Mind
Foxparks, Level: 6, Rank: 1, Gender: Male, HP IV: 29(0%), ATK IV: 67(0%), DEF IV: 42(0%), Work Speed: (0%), Skills: Runner
Rushoar, Level: 5, Rank: 1, Gender: Female, HP IV: 39(0%), ATK IV: 76(0%), DEF IV: 37(0%), Work Speed: (0%), Skills: Hooligan
jadax fluffington's 3 Pals
--------------------------
Depresso, Level: 6, Rank: 1, Gender: Male, HP IV: 2(0%), ATK IV: 13(0%), DEF IV: 84(0%), Work Speed: (0%), Skills: Zen Mind
Foxparks, Level: 6, Rank: 1, Gender: Male, HP IV: 29(0%), ATK IV: 67(0%), DEF IV: 42(0%), Work Speed: (0%), Skills: Runner
Rushoar, Level: 5, Rank: 1, Gender: Female, HP IV: 39(0%), ATK IV: 76(0%), DEF IV: 37(0%), Work Speed: (0%), Skills: Hooligan
jadax fluffington's 3 Pals
--------------------------
Depresso, Level: 6, Rank: 1, Gender: Male, HP IV: 2(0%), ATK IV: 13(0%), DEF IV: 84(0%), Work Speed: (0%), Skills: Zen Mind
Foxparks, Level: 6, Rank: 1, Gender: Male, HP IV: 29(0%), ATK IV: 67(0%), DEF IV: 42(0%), Work Speed: (0%), Skills: Runner
Rushoar, Level: 5, Rank: 1, Gender: Female, HP IV: 39(0%), ATK IV: 76(0%), DEF IV: 37(0%), Work Speed: (0%), Skills: Hooligan
jadax fluffington's 3 Pals
--------------------------
Depresso, Level: 6, Rank: 1, Gender: Male, HP IV: 2(0%), ATK IV: 13(0%), DEF IV: 84(0%), Work Speed: (0%), Skills: Zen Mind
Foxparks, Level: 6, Rank: 1, Gender: Male, HP IV: 29(0%), ATK IV: 67(0%), DEF IV: 42(0%), Work Speed: (0%), Skills: Runner
Rushoar, Level: 5, Rank: 1, Gender: Female, HP IV: 39(0%), ATK IV: 76(0%), DEF IV: 37(0%), Work Speed: (0%), Skills: Hooligan
jadax fluffington's 3 Pals
--------------------------
Depresso, Level: 6, Rank: 1, Gender: Male, HP IV: 2(0%), ATK IV: 13(0%), DEF IV: 84(0%), Work Speed: (0%), Skills: Zen Mind
Foxparks, Level: 6, Rank: 1, Gender: Male, HP IV: 29(0%), ATK IV: 67(0%), DEF IV: 42(0%), Work Speed: (0%), Skills: Runner
Rushoar, Level: 5, Rank: 1, Gender: Female, HP IV: 39(0%), ATK IV: 76(0%), DEF IV: 37(0%), Work Speed: (0%), Skills: Hooligan
jadax fluffington's 3 Pals
--------------------------
Depresso, Level: 6, Rank: 1, Gender: Male, HP IV: 2(0%), ATK IV: 13(0%), DEF IV: 84(0%), Work Speed: (0%), Skills: Zen Mind
Foxparks, Level: 6, Rank: 1, Gender: Male, HP IV: 29(0%), ATK IV: 67(0%), DEF IV: 42(0%), Work Speed: (0%), Skills: Runner
Rushoar, Level: 5, Rank: 1, Gender: Female, HP IV: 39(0%), ATK IV: 76(0%), DEF IV: 37(0%), Work Speed: (0%), Skills: Hooligan
jadax fluffington's 3 Pals
--------------------------
Depresso, Level: 6, Rank: 1, Gender: Male, HP IV: 2(0%), ATK IV: 13(0%), DEF IV: 84(0%), Work Speed: (0%), Skills: Zen Mind
Foxparks, Level: 6, Rank: 1, Gender: Male, HP IV: 29(0%), ATK IV: 67(0%), DEF IV: 42(0%), Work Speed: (0%), Skills: Runner
Rushoar, Level: 5, Rank: 1, Gender: Female, HP IV: 39(0%), ATK IV: 76(0%), DEF IV: 37(0%), Work Speed: (0%), Skills: Hooligan
jadax fluffington's 3 Pals
--------------------------
Depresso, Level: 6, Rank: 1, Gender: Male, HP IV: 2(0%), ATK IV: 13(0%), DEF IV: 84(0%), Work Speed: (0%), Skills: Zen Mind
Foxparks, Level: 6, Rank: 1, Gender: Male, HP IV: 29(0%), ATK IV: 67(0%), DEF IV: 42(0%), Work Speed: (0%), Skills: Runner
Rushoar, Level: 5, Rank: 1, Gender: Female, HP IV: 39(0%), ATK IV: 76(0%), DEF IV: 37(0%), Work Speed: (0%), Skills: Hooligan
jadax fluffington's 3 Pals
--------------------------
Depresso, Level: 6, Rank: 1, Gender: Male, HP IV: 2(0%), ATK IV: 13(0%), DEF IV: 84(0%), Work Speed: (0%), Skills: Zen Mind
Foxparks, Level: 6, Rank: 1, Gender: Male, HP IV: 29(0%), ATK IV: 67(0%), DEF IV: 42(0%), Work Speed: (0%), Skills: Runner
Rushoar, Level: 5, Rank: 1, Gender: Female, HP IV: 39(0%), ATK IV: 76(0%), DEF IV: 37(0%), Work Speed: (0%), Skills: Hooligan
jadax fluffington's 3 Pals
--------------------------
Depresso, Level: 6, Rank: 1, Gender: Male, HP IV: 2(0%), ATK IV: 13(0%), DEF IV: 84(0%), Work Speed: (0%), Skills: Zen Mind
Foxparks, Level: 6, Rank: 1, Gender: Male, HP IV: 29(0%), ATK IV: 67(0%), DEF IV: 42(0%), Work Speed: (0%), Skills: Runner
Rushoar, Level: 5, Rank: 1, Gender: Female, HP IV: 39(0%), ATK IV: 76(0%), DEF IV: 37(0%), Work Speed: (0%), Skills: Hooligan
