Jenny's 4 Pals
--------------
Cattiva, Level: 5, Rank: 1, Gender: Male, HP IV: 16(0%), ATK IV: 69(0%), DEF IV: 41(0%), Work Speed: (0%), Skills: Coward
Cattiva, Level: 5, Rank: 1, Gender: Male, HP IV: 96(0%), ATK IV: 23(0%), DEF IV: 55(0%), Work Speed: (0%), Skills: Coward, Logging Foreman
Gumoss, Level: 5, Rank: 1, Gender: Female, HP IV: 18(0%), ATK IV: 60(0%), DEF IV: 38(0%), Work Speed: (0%)
Gumoss, Level: 5, Rank: 1, Gender: Female, HP IV: 62(0%), ATK IV: 71(0%), DEF IV: 34(0%), Work Speed: (0%), Skills: Conceited
Jenny's 4 Pals
--------------
Cattiva, Level: 5, Rank: 1, Gender: Male, HP IV: 16(0%), ATK IV: 69(0%), DEF IV: 41(0%), Work Speed: (0%), Skills: Coward
Cattiva, Level: 5, Rank: 1, Gender: Male, HP IV: 96(0%), ATK IV: 23(0%), DEF IV: 55(0%), Work Speed: (0%), Skills: Coward, Logging Foreman
Gumoss, Level: 5, Rank: 1, Gender: Female, HP IV: 18(0%), ATK IV: 60(0%), DEF IV: 38(0%), Work Speed: (0%)
Gumoss, Level: 5, Rank: 1, Gender: Female, HP IV: 62(0%), ATK IV: 71(0%), DEF IV: 34(0%), Work Speed: (0%), Skills: Conceited
Jenny's 4 Pals
--------------
Cattiva, Level: 5, Rank: 1, Gender: Male, HP IV: 16(0%), ATK IV: 69(0%), DEF IV: 41(0%), Work Speed: (0%), Skills: Coward
Cattiva, Level: 5, Rank: 1, Gender: Male, HP IV: 96(0%), ATK IV: 23(0%), DEF IV: 55(0%), Work Speed: (0%), Skills: Coward, Logging Foreman
Gumoss, Level: 5, Rank: 1, Gender: Female, HP IV: 18(0%), ATK IV: 60(0%), DEF IV: 38(0%), Work Speed: (0%)
Gumoss, Level: 5, Rank: 1, Gender: Female, HP IV: 62(0%), ATK IV: 71(0%), DEF IV: 34(0%), Work Speed: (0%), Skills: Conceited
Jenny's 4 Pals
--------------
Cattiva, Level: 5, Rank: 1, Gender: Male, HP IV: 16(0%), ATK IV: 69(0%), DEF IV: 41(0%), Work Speed: (0%), Skills: Coward
Cattiva, Level: 5, Rank: 1, Gender: Male, HP IV: 96(0%), ATK IV: 23(0%), DEF IV: 55(0%), Work Speed: (0%), Skills: Coward, Logging Foreman
Gumoss, Level: 5, Rank: 1, Gender: Female, HP IV: 18(0%), ATK IV: 60(0%), DEF IV: 38(0%), Work Speed: (0%)
Gumoss, Level: 5, Rank: 1, Gender: Female, HP IV: 62(0%), ATK IV: 71(0%), DEF IV: 34(0%), Work Speed: (0%), Skills: Conceited
Jenny's 4 Pals
--------------
Cattiva, Level: 5, Rank: 1, Gender: Male, HP IV: 16(0%), ATK IV: 69(0%), DEF IV: 41(0%), Work Speed: (0%), Skills: Coward
Cattiva, Level: 5, Rank: 1, Gender: Male, HP IV: 96(0%), ATK IV: 23(0%), DEF IV: 55(0%), Work Speed: (0%), Skills: Coward, Logging Foreman
Gumoss, Level: 5, Rank: 1, Gender: Female, HP IV: 18(0%), ATK IV: 60(0%), DEF IV: 38(0%), Work Speed: (0%)
Gumoss, Level: 5, Rank: 1, Gender: Female, HP IV: 62(0%), ATK IV: 71(0%), DEF IV: 34(0%), Work Speed: (0%), Skills: Conceited
Jenny's 4 Pals
--------------
Cattiva, Level: 5, Rank: 1, Gender: Male, HP IV: 16(0%), ATK IV: 69(0%), DEF IV: 41(0%), Work Speed: (0%), Skills: Coward
Cattiva, Level: 5, Rank: 1, Gender: Male, HP IV: 96(0%), ATK IV: 23(0%), DEF IV: 55(0%), Work Speed: (0%), Skills: Coward, Logging Foreman
Gumoss, Level: 5, Rank: 1, Gender: Female, HP IV: 18(0%), ATK IV: 60(0%), DEF IV: 38(0%), Work Speed: (0%)
Gumoss, Level: 5, Rank: 1, Gender: Female, HP IV: 62(0%), ATK IV: 71(0%), DEF IV: 34(0%), Work Speed: (0%), Skills: Conceited
Jenny's 4 Pals
--------------
Cattiva, Level: 5, Rank: 1, Gender: Male, HP IV: 16(0%), ATK IV: 69(0%), DEF IV: 41(0%), Work Speed: (0%), Skills: Coward
Cattiva, Level: 5, Rank: 1, Gender: Male, HP IV: 96(0%), ATK IV: 23(0%), DEF IV: 55(0%), Work Speed: (0%), Skills: Coward, Logging Foreman
Gumoss, Level: 5, Rank: 1, Gender: Female, HP IV: 18(0%), ATK IV: 60(0%), DEF IV: 38(0%), Work Speed: (0%)
Gumoss, Level: 5, Rank: 1, Gender: Female, HP IV: 62(0%), ATK IV: 71(0%), DEF IV: 34(0%), Work Speed: (0%), Skills: Conceited
Jenny's 4 Pals
--------------
Cattiva, Level: 5, Rank: 1, Gender: Male, HP IV: 16(0%), ATK IV: 69(0%), DEF IV: 41(0%), Work Speed: (0%), Skills: Coward
Cattiva, Level: 5, Rank: 1, Gender: Male, HP IV: 96(0%), ATK IV: 23(0%), DEF IV: 55(0%), Work Speed: (0%), Skills: Coward, Logging Foreman
Gumoss, Level: 5, Rank: 1, Gender: Female, HP IV: 18(0%), ATK IV: 60(0%), DEF IV: 38(0%), Work Speed: (0%)
Gumoss, Level: 5, Rank: 1, Gender: Female, HP IV: 62(0%), ATK IV: 71(0%), DEF IV: 34(0%), Work Speed: (0%), Skills: Conceited
Jenny's 4 Pals
--------------
Cattiva, Level: 5, Rank: 1, Gender: Male, HP IV: 16(0%), ATK IV: 69(0%), DEF IV: 41(0%), Work Speed: (0%), Skills: Coward
Cattiva, Level: 5, Rank: 1, Gender: Male, HP IV: 96(0%), ATK IV: 23(0%), DEF IV: 55(0%), Work Speed: (0%), Skills: Coward, Logging Foreman
Gumoss, Level: 5, Rank: 1, Gender: Female, HP IV: 18(0%), ATK IV: 60(0%), DEF IV: 38(0%), Work Speed: (0%)
Gumoss, Level: 5, Rank: 1, Gender: Female, HP IV: 62(0%), ATK IV: 71(0%), DEF IV: 34(0%), Work Speed: (0%), Skills: Conceited
Jenny's 4 Pals
--------------
Cattiva, Level: 5, Rank: 1, Gender: Male, HP IV: 16(0%), ATK IV: 69(0%), DEF IV: 41(0%), Work Speed: (0%), Skills: Coward
Cattiva, Level: 5, Rank: 1, Gender: Male, HP IV: 96(0%), ATK IV: 23(0%), DEF IV: 55(0%), Work Speed: (0%), Skills: Coward, Logging Foreman
Gumoss, Level: 5, Rank: 1, Gender: Female, HP IV: 18(0%), ATK IV: 60(0%), DEF IV: 38(0%), Work Speed: (0%)
Gumoss, Level: 5, Rank: 1, Gender: Female, HP IV: 62(0%), ATK IV: 71(0%), DEF IV: 34(0%), Work Speed: (0%), Skills: Conceited
Jenny's 4 Pals
--------------
Cattiva, Level: 5, Rank: 1, Gender: Male, HP IV: 16(0%), ATK IV: 69(0%), DEF IV: 41(0%), Work Speed: (0%), Skills: Coward
Cattiva, Level: 5, Rank: 1, Gender: Male, HP IV: 96(0%), ATK IV: 23(0%), DEF IV: 55(0%), Work Speed: (0%), Skills: Coward, Logging Foreman
Gumoss, Level: 5, Rank: 1, Gender: Female, HP IV: 18(0%), ATK IV: 60(0%), DEF IV: 38(0%), Work Speed: (0%)
Gumoss, Level: 5, Rank: 1, Gender: Female, HP IV: 62(0%), ATK IV: 71(0%), DEF IV: 34(0%), Work Speed: (0%), Skills: Conceited
Jenny's 4 Pals
--------------
Cattiva, Level: 5, Rank: 1, Gender: Male, HP IV: 16(0%), ATK IV: 69(0%), DEF IV: 41(0%), Work Speed: (0%), Skills: Coward
Cattiva, Level: 5, Rank: 1, Gender: Male, HP IV: 96(0%), ATK IV: 23(0%), DEF IV: 55(0%), Work Speed: (0%), Skills: Coward, Logging Foreman
Gumoss, Level: 5, Rank: 1, Gender: Female, HP IV: 18(0%), ATK IV: 60(0%), DEF IV: 38(0%), Work Speed: (0%)
Gumoss, Level: 5, Rank: 1, Gender: Female, HP IV: 62(0%), ATK IV: 71(0%), DEF IV: 34(0%), Work Speed: (0%), Skills: Conceited
Jenny's 4 Pals
--------------
Cattiva, Level: 5, Rank: 1, Gender: Male, HP IV: 16(0%), ATK IV: 69(0%), DEF IV: 41(0%), Work Speed: (0%), Skills: Coward
Cattiva, Level: 5, Rank: 1, Gender: Male, HP IV: 96(0%), ATK IV: 23(0%), DEF IV: 55(0%), Work Speed: (0%), Skills: Coward, Logging Foreman
Gumoss, Level: 5, Rank: 1, Gender: Female, HP IV: 18(0%), ATK IV: 60(0%), DEF IV: 38(0%), Work Speed: (0%)
Gumoss, Level: 5, Rank: 1, Gender: Female, HP IV: 62(0%), ATK IV: 71(0%), DEF IV: 34(0%), Work Speed: (0%), Skills: Conceited
Jenny's 4 Pals
--------------
Cattiva, Level: 5, Rank: 1, Gender: Male, HP IV: 16(0%), ATK IV: 69(0%), DEF IV: 41(0%), Work Speed: (0%), Skills: Coward
Cattiva, Level: 5, Rank: 1, Gender: Male, HP IV: 96(0%), ATK IV: 23(0%), DEF IV: 55(0%), Work Speed: (0%), Skills: Coward, Logging Foreman
Gumoss, Level: 5, Rank: 1, Gender: Female, HP IV: 18(0%), ATK IV: 60(0%), DEF IV: 38(0%), Work Speed: (0%)
Gumoss, Level: 5, Rank: 1, Gender: Female, HP IV: 62(0%), ATK IV: 71(0%), DEF IV: 34(0%), Work Speed: (0%), Skills: Conceited
