joetopi's 15 Pals
-----------------
Cattiva, Level: 11, Rank: 1, Gender: Male, HP IV: 87(0%), ATK IV: 12(0%), DEF IV: 54(0%), Work Speed: (0%), Skills: Coward
Daedream, Level: 11, Rank: 1, Gender: Female, HP IV: 12(0%), ATK IV: 2(0%), DEF IV: 33(0%), Work Speed: (0%), Skills: Coldblooded
Depresso, Level: 6, Rank: 1, Gender: Male, HP IV: 64(0%), ATK IV: 90(0%), DEF IV: 88(0%), Work Speed: (0%), Skills: Infinite Stamina
Direhowl, Level: 5, Rank: 1, Gender: Male, HP IV: 59(0%), ATK IV: 34(0%), DEF IV: 60(0%), Work Speed: (0%), Skills: Sickly
Direhowl, Level: 9, Rank: 1, Gender: Male, HP IV: 42(0%), ATK IV: 72(0%), DEF IV: 72(0%), Work Speed: (0%)
Eikthyrdeer, Level: 10, Rank: 1, Gender: Male, HP IV: 35(0%), ATK IV: 82(0%), DEF IV: 62(0%), Work Speed: (0%), Skills: Downtrodden
Foxparks, Level: 11, Rank: 1, Gender: Female, HP IV: 93(0%), ATK IV: 90(0%), DEF IV: 89(0%), Work Speed: (0%), Skills: Heated Body
Gumoss, Level: 5, Rank: 1, Gender: Female, HP IV: 64(0%), ATK IV: 29(0%), DEF IV: 13(0%), Work Speed: (0%), Skills: Nimble
Hoocrates, Level: 7, Rank: 1, Gender: Male, HP IV: 51(0%), ATK IV: 88(0%), DEF IV: 65(0%), Work Speed: (0%), Skills: Zen Mind
Lamball, Level: 11, Rank: 1, Gender: Male, HP IV: 90(0%), ATK IV: 37(0%), DEF IV: 81(0%), Work Speed: (0%), Skills: Insulated Body
Lamball, Level: 3, Rank: 1, Gender: Male, HP IV: 65(0%), ATK IV: 24(0%), DEF IV: 63(0%), Work Speed: (0%)
Lamball, Level: 7, Rank: 1, Gender: Male, HP IV: 18(0%), ATK IV: 90(0%), DEF IV: 99(0%), Work Speed: (0%), Skills: Swift
Melpaca, Level: 9, Rank: 1, Gender: Female, HP IV: 8(0%), ATK IV: 23(0%), DEF IV: 13(0%), Work Speed: (0%), Skills: Heated Body
Pengullet, Level: 11, Rank: 1, Gender: Male, HP IV: 38(0%), ATK IV: 6(0%), DEF IV: 26(0%), Work Speed: (0%), Skills: Diet Lover
Tombat, Level: 8, Rank: 1, Gender: Female, HP IV: 31(0%), ATK IV: 69(0%), DEF IV: 42(0%), Work Speed: (0%), Skills: Unstable, Hard Skin
joetopi's 15 Pals
-----------------
Cattiva, Level: 11, Rank: 1, Gender: Male, HP IV: 87(0%), ATK IV: 12(0%), DEF IV: 54(0%), Work Speed: (0%), Skills: Coward
Daedream, Level: 11, Rank: 1, Gender: Female, HP IV: 12(0%), ATK IV: 2(0%), DEF IV: 33(0%), Work Speed: (0%), Skills: Coldblooded
Depresso, Level: 6, Rank: 1, Gender: Male, HP IV: 64(0%), ATK IV: 90(0%), DEF IV: 88(0%), Work Speed: (0%), Skills: Infinite Stamina
Direhowl, Level: 5, Rank: 1, Gender: Male, HP IV: 59(0%), ATK IV: 34(0%), DEF IV: 60(0%), Work Speed: (0%), Skills: Sickly
Direhowl, Level: 9, Rank: 1, Gender: Male, HP IV: 42(0%), ATK IV: 72(0%), DEF IV: 72(0%), Work Speed: (0%)
Eikthyrdeer, Level: 10, Rank: 1, Gender: Male, HP IV: 35(0%), ATK IV: 82(0%), DEF IV: 62(0%), Work Speed: (0%), Skills: Downtrodden
Foxparks, Level: 11, Rank: 1, Gender: Female, HP IV: 93(0%), ATK IV: 90(0%), DEF IV: 89(0%), Work Speed: (0%), Skills: Heated Body
Gumoss, Level: 5, Rank: 1, Gender: Female, HP IV: 64(0%), ATK IV: 29(0%), DEF IV: 13(0%), Work Speed: (0%), Skills: Nimble
Hoocrates, Level: 7, Rank: 1, Gender: Male, HP IV: 51(0%), ATK IV: 88(0%), DEF IV: 65(0%), Work Speed: (0%), Skills: Zen Mind
Lamball, Level: 11, Rank: 1, Gender: Male, HP IV: 90(0%), ATK IV: 37(0%), DEF IV: 81(0%), Work Speed: (0%), Skills: Insulated Body
Lamball, Level: 3, Rank: 1, Gender: Male, HP IV: 65(0%), ATK IV: 24(0%), DEF IV: 63(0%), Work Speed: (0%)
Lamball, Level: 7, Rank: 1, Gender: Male, HP IV: 18(0%), ATK IV: 90(0%), DEF IV: 99(0%), Work Speed: (0%), Skills: Swift
Melpaca, Level: 9, Rank: 1, Gender: Female, HP IV: 8(0%), ATK IV: 23(0%), DEF IV: 13(0%), Work Speed: (0%), Skills: Heated Body
Pengullet, Level: 11, Rank: 1, Gender: Male, HP IV: 38(0%), ATK IV: 6(0%), DEF IV: 26(0%), Work Speed: (0%), Skills: Diet Lover
Tombat, Level: 8, Rank: 1, Gender: Female, HP IV: 31(0%), ATK IV: 69(0%), DEF IV: 42(0%), Work Speed: (0%), Skills: Unstable, Hard Skin
joetopi's 15 Pals
-----------------
Cattiva, Level: 11, Rank: 1, Gender: Male, HP IV: 87(0%), ATK IV: 12(0%), DEF IV: 54(0%), Work Speed: (0%), Skills: Coward
Daedream, Level: 11, Rank: 1, Gender: Female, HP IV: 12(0%), ATK IV: 2(0%), DEF IV: 33(0%), Work Speed: (0%), Skills: Coldblooded
Depresso, Level: 6, Rank: 1, Gender: Male, HP IV: 64(0%), ATK IV: 90(0%), DEF IV: 88(0%), Work Speed: (0%), Skills: Infinite Stamina
Direhowl, Level: 5, Rank: 1, Gender: Male, HP IV: 59(0%), ATK IV: 34(0%), DEF IV: 60(0%), Work Speed: (0%), Skills: Sickly
Direhowl, Level: 9, Rank: 1, Gender: Male, HP IV: 42(0%), ATK IV: 72(0%), DEF IV: 72(0%), Work Speed: (0%)
Eikthyrdeer, Level: 10, Rank: 1, Gender: Male, HP IV: 35(0%), ATK IV: 82(0%), DEF IV: 62(0%), Work Speed: (0%), Skills: Downtrodden
Foxparks, Level: 11, Rank: 1, Gender: Female, HP IV: 93(0%), ATK IV: 90(0%), DEF IV: 89(0%), Work Speed: (0%), Skills: Heated Body
Gumoss, Level: 5, Rank: 1, Gender: Female, HP IV: 64(0%), ATK IV: 29(0%), DEF IV: 13(0%), Work Speed: (0%), Skills: Nimble
Hoocrates, Level: 7, Rank: 1, Gender: Male, HP IV: 51(0%), ATK IV: 88(0%), DEF IV: 65(0%), Work Speed: (0%), Skills: Zen Mind
Lamball, Level: 11, Rank: 1, Gender: Male, HP IV: 90(0%), ATK IV: 37(0%), DEF IV: 81(0%), Work Speed: (0%), Skills: Insulated Body
Lamball, Level: 3, Rank: 1, Gender: Male, HP IV: 65(0%), ATK IV: 24(0%), DEF IV: 63(0%), Work Speed: (0%)
Lamball, Level: 7, Rank: 1, Gender: Male, HP IV: 18(0%), ATK IV: 90(0%), DEF IV: 99(0%), Work Speed: (0%), Skills: Swift
Melpaca, Level: 9, Rank: 1, Gender: Female, HP IV: 8(0%), ATK IV: 23(0%), DEF IV: 13(0%), Work Speed: (0%), Skills: Heated Body
Pengullet, Level: 11, Rank: 1, Gender: Male, HP IV: 38(0%), ATK IV: 6(0%), DEF IV: 26(0%), Work Speed: (0%), Skills: Diet Lover
Tombat, Level: 8, Rank: 1, Gender: Female, HP IV: 31(0%), ATK IV: 69(0%), DEF IV: 42(0%), Work Speed: (0%), Skills: Unstable, Hard Skin
joetopi's 15 Pals
-----------------
Cattiva, Level: 11, Rank: 1, Gender: Male, HP IV: 87(0%), ATK IV: 12(0%), DEF IV: 54(0%), Work Speed: (0%), Skills: Coward
Daedream, Level: 11, Rank: 1, Gender: Female, HP IV: 12(0%), ATK IV: 2(0%), DEF IV: 33(0%), Work Speed: (0%), Skills: Coldblooded
Depresso, Level: 6, Rank: 1, Gender: Male, HP IV: 64(0%), ATK IV: 90(0%), DEF IV: 88(0%), Work Speed: (0%), Skills: Infinite Stamina
Direhowl, Level: 5, Rank: 1, Gender: Male, HP IV: 59(0%), ATK IV: 34(0%), DEF IV: 60(0%), Work Speed: (0%), Skills: Sickly
Direhowl, Level: 9, Rank: 1, Gender: Male, HP IV: 42(0%), ATK IV: 72(0%), DEF IV: 72(0%), Work Speed: (0%)
Eikthyrdeer, Level: 10, Rank: 1, Gender: Male, HP IV: 35(0%), ATK IV: 82(0%), DEF IV: 62(0%), Work Speed: (0%), Skills: Downtrodden
Foxparks, Level: 11, Rank: 1, Gender: Female, HP IV: 93(0%), ATK IV: 90(0%), DEF IV: 89(0%), Work Speed: (0%), Skills: Heated Body
Gumoss, Level: 5, Rank: 1, Gender: Female, HP IV: 64(0%), ATK IV: 29(0%), DEF IV: 13(0%), Work Speed: (0%), Skills: Nimble
Hoocrates, Level: 7, Rank: 1, Gender: Male, HP IV: 51(0%), ATK IV: 88(0%), DEF IV: 65(0%), Work Speed: (0%), Skills: Zen Mind
Lamball, Level: 11, Rank: 1, Gender: Male, HP IV: 90(0%), ATK IV: 37(0%), DEF IV: 81(0%), Work Speed: (0%), Skills: Insulated Body
Lamball, Level: 3, Rank: 1, Gender: Male, HP IV: 65(0%), ATK IV: 24(0%), DEF IV: 63(0%), Work Speed: (0%)
Lamball, Level: 7, Rank: 1, Gender: Male, HP IV: 18(0%), ATK IV: 90(0%), DEF IV: 99(0%), Work Speed: (0%), Skills: Swift
Melpaca, Level: 9, Rank: 1, Gender: Female, HP IV: 8(0%), ATK IV: 23(0%), DEF IV: 13(0%), Work Speed: (0%), Skills: Heated Body
Pengullet, Level: 11, Rank: 1, Gender: Male, HP IV: 38(0%), ATK IV: 6(0%), DEF IV: 26(0%), Work Speed: (0%), Skills: Diet Lover
Tombat, Level: 8, Rank: 1, Gender: Female, HP IV: 31(0%), ATK IV: 69(0%), DEF IV: 42(0%), Work Speed: (0%), Skills: Unstable, Hard Skin
joetopi's 15 Pals
-----------------
Cattiva, Level: 11, Rank: 1, Gender: Male, HP IV: 87(0%), ATK IV: 12(0%), DEF IV: 54(0%), Work Speed: (0%), Skills: Coward
Daedream, Level: 11, Rank: 1, Gender: Female, HP IV: 12(0%), ATK IV: 2(0%), DEF IV: 33(0%), Work Speed: (0%), Skills: Coldblooded
Depresso, Level: 6, Rank: 1, Gender: Male, HP IV: 64(0%), ATK IV: 90(0%), DEF IV: 88(0%), Work Speed: (0%), Skills: Infinite Stamina
Direhowl, Level: 5, Rank: 1, Gender: Male, HP IV: 59(0%), ATK IV: 34(0%), DEF IV: 60(0%), Work Speed: (0%), Skills: Sickly
Direhowl, Level: 9, Rank: 1, Gender: Male, HP IV: 42(0%), ATK IV: 72(0%), DEF IV: 72(0%), Work Speed: (0%)
Eikthyrdeer, Level: 10, Rank: 1, Gender: Male, HP IV: 35(0%), ATK IV: 82(0%), DEF IV: 62(0%), Work Speed: (0%), Skills: Downtrodden
Foxparks, Level: 11, Rank: 1, Gender: Female, HP IV: 93(0%), ATK IV: 90(0%), DEF IV: 89(0%), Work Speed: (0%), Skills: Heated Body
Gumoss, Level: 5, Rank: 1, Gender: Female, HP IV: 64(0%), ATK IV: 29(0%), DEF IV: 13(0%), Work Speed: (0%), Skills: Nimble
Hoocrates, Level: 7, Rank: 1, Gender: Male, HP IV: 51(0%), ATK IV: 88(0%), DEF IV: 65(0%), Work Speed: (0%), Skills: Zen Mind
Lamball, Level: 11, Rank: 1, Gender: Male, HP IV: 90(0%), ATK IV: 37(0%), DEF IV: 81(0%), Work Speed: (0%), Skills: Insulated Body
Lamball, Level: 3, Rank: 1, Gender: Male, HP IV: 65(0%), ATK IV: 24(0%), DEF IV: 63(0%), Work Speed: (0%)
Lamball, Level: 7, Rank: 1, Gender: Male, HP IV: 18(0%), ATK IV: 90(0%), DEF IV: 99(0%), Work Speed: (0%), Skills: Swift
Melpaca, Level: 9, Rank: 1, Gender: Female, HP IV: 8(0%), ATK IV: 23(0%), DEF IV: 13(0%), Work Speed: (0%), Skills: Heated Body
Pengullet, Level: 11, Rank: 1, Gender: Male, HP IV: 38(0%), ATK IV: 6(0%), DEF IV: 26(0%), Work Speed: (0%), Skills: Diet Lover
Tombat, Level: 8, Rank: 1, Gender: Female, HP IV: 31(0%), ATK IV: 69(0%), DEF IV: 42(0%), Work Speed: (0%), Skills: Unstable, Hard Skin
joetopi's 15 Pals
-----------------
Cattiva, Level: 11, Rank: 1, Gender: Male, HP IV: 87(0%), ATK IV: 12(0%), DEF IV: 54(0%), Work Speed: (0%), Skills: Coward
Daedream, Level: 11, Rank: 1, Gender: Female, HP IV: 12(0%), ATK IV: 2(0%), DEF IV: 33(0%), Work Speed: (0%), Skills: Coldblooded
Depresso, Level: 6, Rank: 1, Gender: Male, HP IV: 64(0%), ATK IV: 90(0%), DEF IV: 88(0%), Work Speed: (0%), Skills: Infinite Stamina
Direhowl, Level: 5, Rank: 1, Gender: Male, HP IV: 59(0%), ATK IV: 34(0%), DEF IV: 60(0%), Work Speed: (0%), Skills: Sickly
Direhowl, Level: 9, Rank: 1, Gender: Male, HP IV: 42(0%), ATK IV: 72(0%), DEF IV: 72(0%), Work Speed: (0%)
Eikthyrdeer, Level: 10, Rank: 1, Gender: Male, HP IV: 35(0%), ATK IV: 82(0%), DEF IV: 62(0%), Work Speed: (0%), Skills: Downtrodden
Foxparks, Level: 11, Rank: 1, Gender: Female, HP IV: 93(0%), ATK IV: 90(0%), DEF IV: 89(0%), Work Speed: (0%), Skills: Heated Body
Gumoss, Level: 5, Rank: 1, Gender: Female, HP IV: 64(0%), ATK IV: 29(0%), DEF IV: 13(0%), Work Speed: (0%), Skills: Nimble
Hoocrates, Level: 7, Rank: 1, Gender: Male, HP IV: 51(0%), ATK IV: 88(0%), DEF IV: 65(0%), Work Speed: (0%), Skills: Zen Mind
Lamball, Level: 11, Rank: 1, Gender: Male, HP IV: 90(0%), ATK IV: 37(0%), DEF IV: 81(0%), Work Speed: (0%), Skills: Insulated Body
Lamball, Level: 3, Rank: 1, Gender: Male, HP IV: 65(0%), ATK IV: 24(0%), DEF IV: 63(0%), Work Speed: (0%)
Lamball, Level: 7, Rank: 1, Gender: Male, HP IV: 18(0%), ATK IV: 90(0%), DEF IV: 99(0%), Work Speed: (0%), Skills: Swift
Melpaca, Level: 9, Rank: 1, Gender: Female, HP IV: 8(0%), ATK IV: 23(0%), DEF IV: 13(0%), Work Speed: (0%), Skills: Heated Body
Pengullet, Level: 11, Rank: 1, Gender: Male, HP IV: 38(0%), ATK IV: 6(0%), DEF IV: 26(0%), Work Speed: (0%), Skills: Diet Lover
Tombat, Level: 8, Rank: 1, Gender: Female, HP IV: 31(0%), ATK IV: 69(0%), DEF IV: 42(0%), Work Speed: (0%), Skills: Unstable, Hard Skin
joetopi's 15 Pals
-----------------
Cattiva, Level: 11, Rank: 1, Gender: Male, HP IV: 87(0%), ATK IV: 12(0%), DEF IV: 54(0%), Work Speed: (0%), Skills: Coward
Daedream, Level: 11, Rank: 1, Gender: Female, HP IV: 12(0%), ATK IV: 2(0%), DEF IV: 33(0%), Work Speed: (0%), Skills: Coldblooded
Depresso, Level: 6, Rank: 1, Gender: Male, HP IV: 64(0%), ATK IV: 90(0%), DEF IV: 88(0%), Work Speed: (0%), Skills: Infinite Stamina
Direhowl, Level: 5, Rank: 1, Gender: Male, HP IV: 59(0%), ATK IV: 34(0%), DEF IV: 60(0%), Work Speed: (0%), Skills: Sickly
Direhowl, Level: 9, Rank: 1, Gender: Male, HP IV: 42(0%), ATK IV: 72(0%), DEF IV: 72(0%), Work Speed: (0%)
Eikthyrdeer, Level: 10, Rank: 1, Gender: Male, HP IV: 35(0%), ATK IV: 82(0%), DEF IV: 62(0%), Work Speed: (0%), Skills: Downtrodden
Foxparks, Level: 11, Rank: 1, Gender: Female, HP IV: 93(0%), ATK IV: 90(0%), DEF IV: 89(0%), Work Speed: (0%), Skills: Heated Body
Gumoss, Level: 5, Rank: 1, Gender: Female, HP IV: 64(0%), ATK IV: 29(0%), DEF IV: 13(0%), Work Speed: (0%), Skills: Nimble
Hoocrates, Level: 7, Rank: 1, Gender: Male, HP IV: 51(0%), ATK IV: 88(0%), DEF IV: 65(0%), Work Speed: (0%), Skills: Zen Mind
Lamball, Level: 11, Rank: 1, Gender: Male, HP IV: 90(0%), ATK IV: 37(0%), DEF IV: 81(0%), Work Speed: (0%), Skills: Insulated Body
Lamball, Level: 3, Rank: 1, Gender: Male, HP IV: 65(0%), ATK IV: 24(0%), DEF IV: 63(0%), Work Speed: (0%)
Lamball, Level: 7, Rank: 1, Gender: Male, HP IV: 18(0%), ATK IV: 90(0%), DEF IV: 99(0%), Work Speed: (0%), Skills: Swift
Melpaca, Level: 9, Rank: 1, Gender: Female, HP IV: 8(0%), ATK IV: 23(0%), DEF IV: 13(0%), Work Speed: (0%), Skills: Heated Body
Pengullet, Level: 11, Rank: 1, Gender: Male, HP IV: 38(0%), ATK IV: 6(0%), DEF IV: 26(0%), Work Speed: (0%), Skills: Diet Lover
Tombat, Level: 8, Rank: 1, Gender: Female, HP IV: 31(0%), ATK IV: 69(0%), DEF IV: 42(0%), Work Speed: (0%), Skills: Unstable, Hard Skin
joetopi's 15 Pals
-----------------
Cattiva, Level: 11, Rank: 1, Gender: Male, HP IV: 87(0%), ATK IV: 12(0%), DEF IV: 54(0%), Work Speed: (0%), Skills: Coward
Daedream, Level: 11, Rank: 1, Gender: Female, HP IV: 12(0%), ATK IV: 2(0%), DEF IV: 33(0%), Work Speed: (0%), Skills: Coldblooded
Depresso, Level: 6, Rank: 1, Gender: Male, HP IV: 64(0%), ATK IV: 90(0%), DEF IV: 88(0%), Work Speed: (0%), Skills: Infinite Stamina
Direhowl, Level: 5, Rank: 1, Gender: Male, HP IV: 59(0%), ATK IV: 34(0%), DEF IV: 60(0%), Work Speed: (0%), Skills: Sickly
Direhowl, Level: 9, Rank: 1, Gender: Male, HP IV: 42(0%), ATK IV: 72(0%), DEF IV: 72(0%), Work Speed: (0%)
Eikthyrdeer, Level: 10, Rank: 1, Gender: Male, HP IV: 35(0%), ATK IV: 82(0%), DEF IV: 62(0%), Work Speed: (0%), Skills: Downtrodden
Foxparks, Level: 11, Rank: 1, Gender: Female, HP IV: 93(0%), ATK IV: 90(0%), DEF IV: 89(0%), Work Speed: (0%), Skills: Heated Body
Gumoss, Level: 5, Rank: 1, Gender: Female, HP IV: 64(0%), ATK IV: 29(0%), DEF IV: 13(0%), Work Speed: (0%), Skills: Nimble
Hoocrates, Level: 7, Rank: 1, Gender: Male, HP IV: 51(0%), ATK IV: 88(0%), DEF IV: 65(0%), Work Speed: (0%), Skills: Zen Mind
Lamball, Level: 11, Rank: 1, Gender: Male, HP IV: 90(0%), ATK IV: 37(0%), DEF IV: 81(0%), Work Speed: (0%), Skills: Insulated Body
Lamball, Level: 3, Rank: 1, Gender: Male, HP IV: 65(0%), ATK IV: 24(0%), DEF IV: 63(0%), Work Speed: (0%)
Lamball, Level: 7, Rank: 1, Gender: Male, HP IV: 18(0%), ATK IV: 90(0%), DEF IV: 99(0%), Work Speed: (0%), Skills: Swift
Melpaca, Level: 9, Rank: 1, Gender: Female, HP IV: 8(0%), ATK IV: 23(0%), DEF IV: 13(0%), Work Speed: (0%), Skills: Heated Body
Pengullet, Level: 11, Rank: 1, Gender: Male, HP IV: 38(0%), ATK IV: 6(0%), DEF IV: 26(0%), Work Speed: (0%), Skills: Diet Lover
Tombat, Level: 8, Rank: 1, Gender: Female, HP IV: 31(0%), ATK IV: 69(0%), DEF IV: 42(0%), Work Speed: (0%), Skills: Unstable, Hard Skin
joetopi's 15 Pals
-----------------
Cattiva, Level: 11, Rank: 1, Gender: Male, HP IV: 87(0%), ATK IV: 12(0%), DEF IV: 54(0%), Work Speed: (0%), Skills: Coward
Daedream, Level: 11, Rank: 1, Gender: Female, HP IV: 12(0%), ATK IV: 2(0%), DEF IV: 33(0%), Work Speed: (0%), Skills: Coldblooded
Depresso, Level: 6, Rank: 1, Gender: Male, HP IV: 64(0%), ATK IV: 90(0%), DEF IV: 88(0%), Work Speed: (0%), Skills: Infinite Stamina
Direhowl, Level: 5, Rank: 1, Gender: Male, HP IV: 59(0%), ATK IV: 34(0%), DEF IV: 60(0%), Work Speed: (0%), Skills: Sickly
Direhowl, Level: 9, Rank: 1, Gender: Male, HP IV: 42(0%), ATK IV: 72(0%), DEF IV: 72(0%), Work Speed: (0%)
Eikthyrdeer, Level: 10, Rank: 1, Gender: Male, HP IV: 35(0%), ATK IV: 82(0%), DEF IV: 62(0%), Work Speed: (0%), Skills: Downtrodden
Foxparks, Level: 11, Rank: 1, Gender: Female, HP IV: 93(0%), ATK IV: 90(0%), DEF IV: 89(0%), Work Speed: (0%), Skills: Heated Body
Gumoss, Level: 5, Rank: 1, Gender: Female, HP IV: 64(0%), ATK IV: 29(0%), DEF IV: 13(0%), Work Speed: (0%), Skills: Nimble
Hoocrates, Level: 7, Rank: 1, Gender: Male, HP IV: 51(0%), ATK IV: 88(0%), DEF IV: 65(0%), Work Speed: (0%), Skills: Zen Mind
Lamball, Level: 11, Rank: 1, Gender: Male, HP IV: 90(0%), ATK IV: 37(0%), DEF IV: 81(0%), Work Speed: (0%), Skills: Insulated Body
Lamball, Level: 3, Rank: 1, Gender: Male, HP IV: 65(0%), ATK IV: 24(0%), DEF IV: 63(0%), Work Speed: (0%)
Lamball, Level: 7, Rank: 1, Gender: Male, HP IV: 18(0%), ATK IV: 90(0%), DEF IV: 99(0%), Work Speed: (0%), Skills: Swift
Melpaca, Level: 9, Rank: 1, Gender: Female, HP IV: 8(0%), ATK IV: 23(0%), DEF IV: 13(0%), Work Speed: (0%), Skills: Heated Body
Pengullet, Level: 11, Rank: 1, Gender: Male, HP IV: 38(0%), ATK IV: 6(0%), DEF IV: 26(0%), Work Speed: (0%), Skills: Diet Lover
Tombat, Level: 8, Rank: 1, Gender: Female, HP IV: 31(0%), ATK IV: 69(0%), DEF IV: 42(0%), Work Speed: (0%), Skills: Unstable, Hard Skin
joetopi's 15 Pals
-----------------
Cattiva, Level: 11, Rank: 1, Gender: Male, HP IV: 87(0%), ATK IV: 12(0%), DEF IV: 54(0%), Work Speed: (0%), Skills: Coward
Daedream, Level: 11, Rank: 1, Gender: Female, HP IV: 12(0%), ATK IV: 2(0%), DEF IV: 33(0%), Work Speed: (0%), Skills: Coldblooded
Depresso, Level: 6, Rank: 1, Gender: Male, HP IV: 64(0%), ATK IV: 90(0%), DEF IV: 88(0%), Work Speed: (0%), Skills: Infinite Stamina
Direhowl, Level: 5, Rank: 1, Gender: Male, HP IV: 59(0%), ATK IV: 34(0%), DEF IV: 60(0%), Work Speed: (0%), Skills: Sickly
Direhowl, Level: 9, Rank: 1, Gender: Male, HP IV: 42(0%), ATK IV: 72(0%), DEF IV: 72(0%), Work Speed: (0%)
Eikthyrdeer, Level: 10, Rank: 1, Gender: Male, HP IV: 35(0%), ATK IV: 82(0%), DEF IV: 62(0%), Work Speed: (0%), Skills: Downtrodden
Foxparks, Level: 11, Rank: 1, Gender: Female, HP IV: 93(0%), ATK IV: 90(0%), DEF IV: 89(0%), Work Speed: (0%), Skills: Heated Body
Gumoss, Level: 5, Rank: 1, Gender: Female, HP IV: 64(0%), ATK IV: 29(0%), DEF IV: 13(0%), Work Speed: (0%), Skills: Nimble
Hoocrates, Level: 7, Rank: 1, Gender: Male, HP IV: 51(0%), ATK IV: 88(0%), DEF IV: 65(0%), Work Speed: (0%), Skills: Zen Mind
Lamball, Level: 11, Rank: 1, Gender: Male, HP IV: 90(0%), ATK IV: 37(0%), DEF IV: 81(0%), Work Speed: (0%), Skills: Insulated Body
Lamball, Level: 3, Rank: 1, Gender: Male, HP IV: 65(0%), ATK IV: 24(0%), DEF IV: 63(0%), Work Speed: (0%)
Lamball, Level: 7, Rank: 1, Gender: Male, HP IV: 18(0%), ATK IV: 90(0%), DEF IV: 99(0%), Work Speed: (0%), Skills: Swift
Melpaca, Level: 9, Rank: 1, Gender: Female, HP IV: 8(0%), ATK IV: 23(0%), DEF IV: 13(0%), Work Speed: (0%), Skills: Heated Body
Pengullet, Level: 11, Rank: 1, Gender: Male, HP IV: 38(0%), ATK IV: 6(0%), DEF IV: 26(0%), Work Speed: (0%), Skills: Diet Lover
Tombat, Level: 8, Rank: 1, Gender: Female, HP IV: 31(0%), ATK IV: 69(0%), DEF IV: 42(0%), Work Speed: (0%), Skills: Unstable, Hard Skin
joetopi's 15 Pals
-----------------
Cattiva, Level: 11, Rank: 1, Gender: Male, HP IV: 87(0%), ATK IV: 12(0%), DEF IV: 54(0%), Work Speed: (0%), Skills: Coward
Daedream, Level: 11, Rank: 1, Gender: Female, HP IV: 12(0%), ATK IV: 2(0%), DEF IV: 33(0%), Work Speed: (0%), Skills: Coldblooded
Depresso, Level: 6, Rank: 1, Gender: Male, HP IV: 64(0%), ATK IV: 90(0%), DEF IV: 88(0%), Work Speed: (0%), Skills: Infinite Stamina
Direhowl, Level: 5, Rank: 1, Gender: Male, HP IV: 59(0%), ATK IV: 34(0%), DEF IV: 60(0%), Work Speed: (0%), Skills: Sickly
Direhowl, Level: 9, Rank: 1, Gender: Male, HP IV: 42(0%), ATK IV: 72(0%), DEF IV: 72(0%), Work Speed: (0%)
Eikthyrdeer, Level: 10, Rank: 1, Gender: Male, HP IV: 35(0%), ATK IV: 82(0%), DEF IV: 62(0%), Work Speed: (0%), Skills: Downtrodden
Foxparks, Level: 11, Rank: 1, Gender: Female, HP IV: 93(0%), ATK IV: 90(0%), DEF IV: 89(0%), Work Speed: (0%), Skills: Heated Body
Gumoss, Level: 5, Rank: 1, Gender: Female, HP IV: 64(0%), ATK IV: 29(0%), DEF IV: 13(0%), Work Speed: (0%), Skills: Nimble
Hoocrates, Level: 7, Rank: 1, Gender: Male, HP IV: 51(0%), ATK IV: 88(0%), DEF IV: 65(0%), Work Speed: (0%), Skills: Zen Mind
Lamball, Level: 11, Rank: 1, Gender: Male, HP IV: 90(0%), ATK IV: 37(0%), DEF IV: 81(0%), Work Speed: (0%), Skills: Insulated Body
Lamball, Level: 3, Rank: 1, Gender: Male, HP IV: 65(0%), ATK IV: 24(0%), DEF IV: 63(0%), Work Speed: (0%)
Lamball, Level: 7, Rank: 1, Gender: Male, HP IV: 18(0%), ATK IV: 90(0%), DEF IV: 99(0%), Work Speed: (0%), Skills: Swift
Melpaca, Level: 9, Rank: 1, Gender: Female, HP IV: 8(0%), ATK IV: 23(0%), DEF IV: 13(0%), Work Speed: (0%), Skills: Heated Body
Pengullet, Level: 11, Rank: 1, Gender: Male, HP IV: 38(0%), ATK IV: 6(0%), DEF IV: 26(0%), Work Speed: (0%), Skills: Diet Lover
Tombat, Level: 8, Rank: 1, Gender: Female, HP IV: 31(0%), ATK IV: 69(0%), DEF IV: 42(0%), Work Speed: (0%), Skills: Unstable, Hard Skin
joetopi's 15 Pals
-----------------
Cattiva, Level: 11, Rank: 1, Gender: Male, HP IV: 87(0%), ATK IV: 12(0%), DEF IV: 54(0%), Work Speed: (0%), Skills: Coward
Daedream, Level: 11, Rank: 1, Gender: Female, HP IV: 12(0%), ATK IV: 2(0%), DEF IV: 33(0%), Work Speed: (0%), Skills: Coldblooded
Depresso, Level: 6, Rank: 1, Gender: Male, HP IV: 64(0%), ATK IV: 90(0%), DEF IV: 88(0%), Work Speed: (0%), Skills: Infinite Stamina
Direhowl, Level: 5, Rank: 1, Gender: Male, HP IV: 59(0%), ATK IV: 34(0%), DEF IV: 60(0%), Work Speed: (0%), Skills: Sickly
Direhowl, Level: 9, Rank: 1, Gender: Male, HP IV: 42(0%), ATK IV: 72(0%), DEF IV: 72(0%), Work Speed: (0%)
Eikthyrdeer, Level: 10, Rank: 1, Gender: Male, HP IV: 35(0%), ATK IV: 82(0%), DEF IV: 62(0%), Work Speed: (0%), Skills: Downtrodden
Foxparks, Level: 11, Rank: 1, Gender: Female, HP IV: 93(0%), ATK IV: 90(0%), DEF IV: 89(0%), Work Speed: (0%), Skills: Heated Body
Gumoss, Level: 5, Rank: 1, Gender: Female, HP IV: 64(0%), ATK IV: 29(0%), DEF IV: 13(0%), Work Speed: (0%), Skills: Nimble
Hoocrates, Level: 7, Rank: 1, Gender: Male, HP IV: 51(0%), ATK IV: 88(0%), DEF IV: 65(0%), Work Speed: (0%), Skills: Zen Mind
Lamball, Level: 11, Rank: 1, Gender: Male, HP IV: 90(0%), ATK IV: 37(0%), DEF IV: 81(0%), Work Speed: (0%), Skills: Insulated Body
Lamball, Level: 3, Rank: 1, Gender: Male, HP IV: 65(0%), ATK IV: 24(0%), DEF IV: 63(0%), Work Speed: (0%)
Lamball, Level: 7, Rank: 1, Gender: Male, HP IV: 18(0%), ATK IV: 90(0%), DEF IV: 99(0%), Work Speed: (0%), Skills: Swift
Melpaca, Level: 9, Rank: 1, Gender: Female, HP IV: 8(0%), ATK IV: 23(0%), DEF IV: 13(0%), Work Speed: (0%), Skills: Heated Body
Pengullet, Level: 11, Rank: 1, Gender: Male, HP IV: 38(0%), ATK IV: 6(0%), DEF IV: 26(0%), Work Speed: (0%), Skills: Diet Lover
Tombat, Level: 8, Rank: 1, Gender: Female, HP IV: 31(0%), ATK IV: 69(0%), DEF IV: 42(0%), Work Speed: (0%), Skills: Unstable, Hard Skin
joetopi's 15 Pals
-----------------
Cattiva, Level: 11, Rank: 1, Gender: Male, HP IV: 87(0%), ATK IV: 12(0%), DEF IV: 54(0%), Work Speed: (0%), Skills: Coward
Daedream, Level: 11, Rank: 1, Gender: Female, HP IV: 12(0%), ATK IV: 2(0%), DEF IV: 33(0%), Work Speed: (0%), Skills: Coldblooded
Depresso, Level: 6, Rank: 1, Gender: Male, HP IV: 64(0%), ATK IV: 90(0%), DEF IV: 88(0%), Work Speed: (0%), Skills: Infinite Stamina
Direhowl, Level: 5, Rank: 1, Gender: Male, HP IV: 59(0%), ATK IV: 34(0%), DEF IV: 60(0%), Work Speed: (0%), Skills: Sickly
Direhowl, Level: 9, Rank: 1, Gender: Male, HP IV: 42(0%), ATK IV: 72(0%), DEF IV: 72(0%), Work Speed: (0%)
Eikthyrdeer, Level: 10, Rank: 1, Gender: Male, HP IV: 35(0%), ATK IV: 82(0%), DEF IV: 62(0%), Work Speed: (0%), Skills: Downtrodden
Foxparks, Level: 11, Rank: 1, Gender: Female, HP IV: 93(0%), ATK IV: 90(0%), DEF IV: 89(0%), Work Speed: (0%), Skills: Heated Body
Gumoss, Level: 5, Rank: 1, Gender: Female, HP IV: 64(0%), ATK IV: 29(0%), DEF IV: 13(0%), Work Speed: (0%), Skills: Nimble
Hoocrates, Level: 7, Rank: 1, Gender: Male, HP IV: 51(0%), ATK IV: 88(0%), DEF IV: 65(0%), Work Speed: (0%), Skills: Zen Mind
Lamball, Level: 11, Rank: 1, Gender: Male, HP IV: 90(0%), ATK IV: 37(0%), DEF IV: 81(0%), Work Speed: (0%), Skills: Insulated Body
Lamball, Level: 3, Rank: 1, Gender: Male, HP IV: 65(0%), ATK IV: 24(0%), DEF IV: 63(0%), Work Speed: (0%)
Lamball, Level: 7, Rank: 1, Gender: Male, HP IV: 18(0%), ATK IV: 90(0%), DEF IV: 99(0%), Work Speed: (0%), Skills: Swift
Melpaca, Level: 9, Rank: 1, Gender: Female, HP IV: 8(0%), ATK IV: 23(0%), DEF IV: 13(0%), Work Speed: (0%), Skills: Heated Body
Pengullet, Level: 11, Rank: 1, Gender: Male, HP IV: 38(0%), ATK IV: 6(0%), DEF IV: 26(0%), Work Speed: (0%), Skills: Diet Lover
Tombat, Level: 8, Rank: 1, Gender: Female, HP IV: 31(0%), ATK IV: 69(0%), DEF IV: 42(0%), Work Speed: (0%), Skills: Unstable, Hard Skin
joetopi's 15 Pals
-----------------
Cattiva, Level: 11, Rank: 1, Gender: Male, HP IV: 87(0%), ATK IV: 12(0%), DEF IV: 54(0%), Work Speed: (0%), Skills: Coward
Daedream, Level: 11, Rank: 1, Gender: Female, HP IV: 12(0%), ATK IV: 2(0%), DEF IV: 33(0%), Work Speed: (0%), Skills: Coldblooded
Depresso, Level: 6, Rank: 1, Gender: Male, HP IV: 64(0%), ATK IV: 90(0%), DEF IV: 88(0%), Work Speed: (0%), Skills: Infinite Stamina
Direhowl, Level: 5, Rank: 1, Gender: Male, HP IV: 59(0%), ATK IV: 34(0%), DEF IV: 60(0%), Work Speed: (0%), Skills: Sickly
Direhowl, Level: 9, Rank: 1, Gender: Male, HP IV: 42(0%), ATK IV: 72(0%), DEF IV: 72(0%), Work Speed: (0%)
Eikthyrdeer, Level: 10, Rank: 1, Gender: Male, HP IV: 35(0%), ATK IV: 82(0%), DEF IV: 62(0%), Work Speed: (0%), Skills: Downtrodden
Foxparks, Level: 11, Rank: 1, Gender: Female, HP IV: 93(0%), ATK IV: 90(0%), DEF IV: 89(0%), Work Speed: (0%), Skills: Heated Body
Gumoss, Level: 5, Rank: 1, Gender: Female, HP IV: 64(0%), ATK IV: 29(0%), DEF IV: 13(0%), Work Speed: (0%), Skills: Nimble
Hoocrates, Level: 7, Rank: 1, Gender: Male, HP IV: 51(0%), ATK IV: 88(0%), DEF IV: 65(0%), Work Speed: (0%), Skills: Zen Mind
Lamball, Level: 11, Rank: 1, Gender: Male, HP IV: 90(0%), ATK IV: 37(0%), DEF IV: 81(0%), Work Speed: (0%), Skills: Insulated Body
Lamball, Level: 3, Rank: 1, Gender: Male, HP IV: 65(0%), ATK IV: 24(0%), DEF IV: 63(0%), Work Speed: (0%)
Lamball, Level: 7, Rank: 1, Gender: Male, HP IV: 18(0%), ATK IV: 90(0%), DEF IV: 99(0%), Work Speed: (0%), Skills: Swift
Melpaca, Level: 9, Rank: 1, Gender: Female, HP IV: 8(0%), ATK IV: 23(0%), DEF IV: 13(0%), Work Speed: (0%), Skills: Heated Body
Pengullet, Level: 11, Rank: 1, Gender: Male, HP IV: 38(0%), ATK IV: 6(0%), DEF IV: 26(0%), Work Speed: (0%), Skills: Diet Lover
Tombat, Level: 8, Rank: 1, Gender: Female, HP IV: 31(0%), ATK IV: 69(0%), DEF IV: 42(0%), Work Speed: (0%), Skills: Unstable, Hard Skin
