JuiceDeLaranja's 4 Pals
-----------------------
Chikipi, Level: 5, Rank: 1, Gender: Male, HP IV: 31(0%), ATK IV: 83(0%), DEF IV: 5(0%), Work Speed: (0%), Skills: Ferocious
Foxparks, Level: 3, Rank: 1, Gender: Male, HP IV: 59(0%), ATK IV: 2(0%), DEF IV: 7(0%), Work Speed: (0%), Skills: Positive Thinker
Foxparks, Level: 4, Rank: 1, Gender: Male, HP IV: 34(0%), ATK IV: 76(0%), DEF IV: 33(0%), Work Speed: (0%), Skills: Runner
Lamball, Level: 6, Rank: 1, Gender: Female, HP IV: 22(0%), ATK IV: 74(0%), DEF IV: 54(0%), Work Speed: (0%), Skills: Ferocious
JuiceDeLaranja's 4 Pals
-----------------------
Chikipi, Level: 5, Rank: 1, Gender: Male, HP IV: 31(0%), ATK IV: 83(0%), DEF IV: 5(0%), Work Speed: (0%), Skills: Ferocious
Foxparks, Level: 3, Rank: 1, Gender: Male, HP IV: 59(0%), ATK IV: 2(0%), DEF IV: 7(0%), Work Speed: (0%), Skills: Positive Thinker
Foxparks, Level: 4, Rank: 1, Gender: Male, HP IV: 34(0%), ATK IV: 76(0%), DEF IV: 33(0%), Work Speed: (0%), Skills: Runner
Lamball, Level: 6, Rank: 1, Gender: Female, HP IV: 22(0%), ATK IV: 74(0%), DEF IV: 54(0%), Work Speed: (0%), Skills: Ferocious
JuiceDeLaranja's 4 Pals
-----------------------
Chikipi, Level: 5, Rank: 1, Gender: Male, HP IV: 31(0%), ATK IV: 83(0%), DEF IV: 5(0%), Work Speed: (0%), Skills: Ferocious
Foxparks, Level: 3, Rank: 1, Gender: Male, HP IV: 59(0%), ATK IV: 2(0%), DEF IV: 7(0%), Work Speed: (0%), Skills: Positive Thinker
Foxparks, Level: 4, Rank: 1, Gender: Male, HP IV: 34(0%), ATK IV: 76(0%), DEF IV: 33(0%), Work Speed: (0%), Skills: Runner
Lamball, Level: 6, Rank: 1, Gender: Female, HP IV: 22(0%), ATK IV: 74(0%), DEF IV: 54(0%), Work Speed: (0%), Skills: Ferocious
JuiceDeLaranja's 4 Pals
-----------------------
Chikipi, Level: 5, Rank: 1, Gender: Male, HP IV: 31(0%), ATK IV: 83(0%), DEF IV: 5(0%), Work Speed: (0%), Skills: Ferocious
Foxparks, Level: 3, Rank: 1, Gender: Male, HP IV: 59(0%), ATK IV: 2(0%), DEF IV: 7(0%), Work Speed: (0%), Skills: Positive Thinker
Foxparks, Level: 4, Rank: 1, Gender: Male, HP IV: 34(0%), ATK IV: 76(0%), DEF IV: 33(0%), Work Speed: (0%), Skills: Runner
Lamball, Level: 6, Rank: 1, Gender: Female, HP IV: 22(0%), ATK IV: 74(0%), DEF IV: 54(0%), Work Speed: (0%), Skills: Ferocious
JuiceDeLaranja's 4 Pals
-----------------------
Chikipi, Level: 5, Rank: 1, Gender: Male, HP IV: 31(0%), ATK IV: 83(0%), DEF IV: 5(0%), Work Speed: (0%), Skills: Ferocious
Foxparks, Level: 3, Rank: 1, Gender: Male, HP IV: 59(0%), ATK IV: 2(0%), DEF IV: 7(0%), Work Speed: (0%), Skills: Positive Thinker
Foxparks, Level: 4, Rank: 1, Gender: Male, HP IV: 34(0%), ATK IV: 76(0%), DEF IV: 33(0%), Work Speed: (0%), Skills: Runner
Lamball, Level: 6, Rank: 1, Gender: Female, HP IV: 22(0%), ATK IV: 74(0%), DEF IV: 54(0%), Work Speed: (0%), Skills: Ferocious
JuiceDeLaranja's 4 Pals
-----------------------
Chikipi, Level: 5, Rank: 1, Gender: Male, HP IV: 31(0%), ATK IV: 83(0%), DEF IV: 5(0%), Work Speed: (0%), Skills: Ferocious
Foxparks, Level: 3, Rank: 1, Gender: Male, HP IV: 59(0%), ATK IV: 2(0%), DEF IV: 7(0%), Work Speed: (0%), Skills: Positive Thinker
Foxparks, Level: 4, Rank: 1, Gender: Male, HP IV: 34(0%), ATK IV: 76(0%), DEF IV: 33(0%), Work Speed: (0%), Skills: Runner
Lamball, Level: 6, Rank: 1, Gender: Female, HP IV: 22(0%), ATK IV: 74(0%), DEF IV: 54(0%), Work Speed: (0%), Skills: Ferocious
JuiceDeLaranja's 4 Pals
-----------------------
Chikipi, Level: 5, Rank: 1, Gender: Male, HP IV: 31(0%), ATK IV: 83(0%), DEF IV: 5(0%), Work Speed: (0%), Skills: Ferocious
Foxparks, Level: 3, Rank: 1, Gender: Male, HP IV: 59(0%), ATK IV: 2(0%), DEF IV: 7(0%), Work Speed: (0%), Skills: Positive Thinker
Foxparks, Level: 4, Rank: 1, Gender: Male, HP IV: 34(0%), ATK IV: 76(0%), DEF IV: 33(0%), Work Speed: (0%), Skills: Runner
Lamball, Level: 6, Rank: 1, Gender: Female, HP IV: 22(0%), ATK IV: 74(0%), DEF IV: 54(0%), Work Speed: (0%), Skills: Ferocious
JuiceDeLaranja's 4 Pals
-----------------------
Chikipi, Level: 5, Rank: 1, Gender: Male, HP IV: 31(0%), ATK IV: 83(0%), DEF IV: 5(0%), Work Speed: (0%), Skills: Ferocious
Foxparks, Level: 3, Rank: 1, Gender: Male, HP IV: 59(0%), ATK IV: 2(0%), DEF IV: 7(0%), Work Speed: (0%), Skills: Positive Thinker
Foxparks, Level: 4, Rank: 1, Gender: Male, HP IV: 34(0%), ATK IV: 76(0%), DEF IV: 33(0%), Work Speed: (0%), Skills: Runner
Lamball, Level: 6, Rank: 1, Gender: Female, HP IV: 22(0%), ATK IV: 74(0%), DEF IV: 54(0%), Work Speed: (0%), Skills: Ferocious
JuiceDeLaranja's 4 Pals
-----------------------
Chikipi, Level: 5, Rank: 1, Gender: Male, HP IV: 31(0%), ATK IV: 83(0%), DEF IV: 5(0%), Work Speed: (0%), Skills: Ferocious
Foxparks, Level: 3, Rank: 1, Gender: Male, HP IV: 59(0%), ATK IV: 2(0%), DEF IV: 7(0%), Work Speed: (0%), Skills: Positive Thinker
Foxparks, Level: 4, Rank: 1, Gender: Male, HP IV: 34(0%), ATK IV: 76(0%), DEF IV: 33(0%), Work Speed: (0%), Skills: Runner
Lamball, Level: 6, Rank: 1, Gender: Female, HP IV: 22(0%), ATK IV: 74(0%), DEF IV: 54(0%), Work Speed: (0%), Skills: Ferocious
JuiceDeLaranja's 4 Pals
-----------------------
Chikipi, Level: 5, Rank: 1, Gender: Male, HP IV: 31(0%), ATK IV: 83(0%), DEF IV: 5(0%), Work Speed: (0%), Skills: Ferocious
Foxparks, Level: 3, Rank: 1, Gender: Male, HP IV: 59(0%), ATK IV: 2(0%), DEF IV: 7(0%), Work Speed: (0%), Skills: Positive Thinker
Foxparks, Level: 4, Rank: 1, Gender: Male, HP IV: 34(0%), ATK IV: 76(0%), DEF IV: 33(0%), Work Speed: (0%), Skills: Runner
Lamball, Level: 6, Rank: 1, Gender: Female, HP IV: 22(0%), ATK IV: 74(0%), DEF IV: 54(0%), Work Speed: (0%), Skills: Ferocious
JuiceDeLaranja's 4 Pals
-----------------------
Chikipi, Level: 5, Rank: 1, Gender: Male, HP IV: 31(0%), ATK IV: 83(0%), DEF IV: 5(0%), Work Speed: (0%), Skills: Ferocious
Foxparks, Level: 3, Rank: 1, Gender: Male, HP IV: 59(0%), ATK IV: 2(0%), DEF IV: 7(0%), Work Speed: (0%), Skills: Positive Thinker
Foxparks, Level: 4, Rank: 1, Gender: Male, HP IV: 34(0%), ATK IV: 76(0%), DEF IV: 33(0%), Work Speed: (0%), Skills: Runner
Lamball, Level: 6, Rank: 1, Gender: Female, HP IV: 22(0%), ATK IV: 74(0%), DEF IV: 54(0%), Work Speed: (0%), Skills: Ferocious
JuiceDeLaranja's 4 Pals
-----------------------
Chikipi, Level: 5, Rank: 1, Gender: Male, HP IV: 31(0%), ATK IV: 83(0%), DEF IV: 5(0%), Work Speed: (0%), Skills: Ferocious
Foxparks, Level: 3, Rank: 1, Gender: Male, HP IV: 59(0%), ATK IV: 2(0%), DEF IV: 7(0%), Work Speed: (0%), Skills: Positive Thinker
Foxparks, Level: 4, Rank: 1, Gender: Male, HP IV: 34(0%), ATK IV: 76(0%), DEF IV: 33(0%), Work Speed: (0%), Skills: Runner
Lamball, Level: 6, Rank: 1, Gender: Female, HP IV: 22(0%), ATK IV: 74(0%), DEF IV: 54(0%), Work Speed: (0%), Skills: Ferocious
JuiceDeLaranja's 4 Pals
-----------------------
Chikipi, Level: 5, Rank: 1, Gender: Male, HP IV: 31(0%), ATK IV: 83(0%), DEF IV: 5(0%), Work Speed: (0%), Skills: Ferocious
Foxparks, Level: 3, Rank: 1, Gender: Male, HP IV: 59(0%), ATK IV: 2(0%), DEF IV: 7(0%), Work Speed: (0%), Skills: Positive Thinker
Foxparks, Level: 4, Rank: 1, Gender: Male, HP IV: 34(0%), ATK IV: 76(0%), DEF IV: 33(0%), Work Speed: (0%), Skills: Runner
Lamball, Level: 6, Rank: 1, Gender: Female, HP IV: 22(0%), ATK IV: 74(0%), DEF IV: 54(0%), Work Speed: (0%), Skills: Ferocious
JuiceDeLaranja's 4 Pals
-----------------------
Chikipi, Level: 5, Rank: 1, Gender: Male, HP IV: 31(0%), ATK IV: 83(0%), DEF IV: 5(0%), Work Speed: (0%), Skills: Ferocious
Foxparks, Level: 3, Rank: 1, Gender: Male, HP IV: 59(0%), ATK IV: 2(0%), DEF IV: 7(0%), Work Speed: (0%), Skills: Positive Thinker
Foxparks, Level: 4, Rank: 1, Gender: Male, HP IV: 34(0%), ATK IV: 76(0%), DEF IV: 33(0%), Work Speed: (0%), Skills: Runner
Lamball, Level: 6, Rank: 1, Gender: Female, HP IV: 22(0%), ATK IV: 74(0%), DEF IV: 54(0%), Work Speed: (0%), Skills: Ferocious
