Kai's 8 Pals
------------
Cattiva, Level: 6, Rank: 1, Gender: Female, HP IV: 95(0%), ATK IV: 83(0%), DEF IV: 53(0%), Work Speed: (0%), Skills: Coward, Sadist
Cattiva, Level: 6, Rank: 1, Gender: Male, HP IV: 17(0%), ATK IV: 78(0%), DEF IV: 14(0%), Work Speed: (0%), Skills: Coward, Positive Thinker
Chikipi, Level: 6, Rank: 1, Gender: Female, HP IV: 25(0%), ATK IV: 9(0%), DEF IV: 18(0%), Work Speed: (0%), Skills: Slacker
Chikipi, Level: 6, Rank: 1, Gender: Female, HP IV: 37(0%), ATK IV: 17(0%), DEF IV: 54(0%), Work Speed: (0%), Skills: Aggressive, Philantropist
Cremis, Level: 2, Rank: 1, Gender: Male, HP IV: 53(0%), ATK IV: 85(0%), DEF IV: 51(0%), Work Speed: (0%), Skills: Hooligan
Depresso, Level: 3, Rank: 1, Gender: Female, HP IV: 84(0%), ATK IV: 60(0%), DEF IV: 29(0%), Work Speed: (0%), Skills: Impatient
Foxparks, Level: 6, Rank: 1, Gender: Female, HP IV: 25(0%), ATK IV: 15(0%), DEF IV: 57(0%), Work Speed: (0%), Skills: Capacitor
Hoocrates, Level: 3, Rank: 1, Gender: Female, HP IV: 8(0%), ATK IV: 36(0%), DEF IV: 12(0%), Work Speed: (0%), Skills: Brave
Kai's 8 Pals
------------
Cattiva, Level: 6, Rank: 1, Gender: Female, HP IV: 95(0%), ATK IV: 83(0%), DEF IV: 53(0%), Work Speed: (0%), Skills: Coward, Sadist
Cattiva, Level: 6, Rank: 1, Gender: Male, HP IV: 17(0%), ATK IV: 78(0%), DEF IV: 14(0%), Work Speed: (0%), Skills: Coward, Positive Thinker
Chikipi, Level: 6, Rank: 1, Gender: Female, HP IV: 25(0%), ATK IV: 9(0%), DEF IV: 18(0%), Work Speed: (0%), Skills: Slacker
Chikipi, Level: 6, Rank: 1, Gender: Female, HP IV: 37(0%), ATK IV: 17(0%), DEF IV: 54(0%), Work Speed: (0%), Skills: Aggressive, Philantropist
Cremis, Level: 2, Rank: 1, Gender: Male, HP IV: 53(0%), ATK IV: 85(0%), DEF IV: 51(0%), Work Speed: (0%), Skills: Hooligan
Depresso, Level: 3, Rank: 1, Gender: Female, HP IV: 84(0%), ATK IV: 60(0%), DEF IV: 29(0%), Work Speed: (0%), Skills: Impatient
Foxparks, Level: 6, Rank: 1, Gender: Female, HP IV: 25(0%), ATK IV: 15(0%), DEF IV: 57(0%), Work Speed: (0%), Skills: Capacitor
Hoocrates, Level: 3, Rank: 1, Gender: Female, HP IV: 8(0%), ATK IV: 36(0%), DEF IV: 12(0%), Work Speed: (0%), Skills: Brave
Kai's 8 Pals
------------
Cattiva, Level: 6, Rank: 1, Gender: Female, HP IV: 95(0%), ATK IV: 83(0%), DEF IV: 53(0%), Work Speed: (0%), Skills: Coward, Sadist
Cattiva, Level: 6, Rank: 1, Gender: Male, HP IV: 17(0%), ATK IV: 78(0%), DEF IV: 14(0%), Work Speed: (0%), Skills: Coward, Positive Thinker
Chikipi, Level: 6, Rank: 1, Gender: Female, HP IV: 25(0%), ATK IV: 9(0%), DEF IV: 18(0%), Work Speed: (0%), Skills: Slacker
Chikipi, Level: 6, Rank: 1, Gender: Female, HP IV: 37(0%), ATK IV: 17(0%), DEF IV: 54(0%), Work Speed: (0%), Skills: Aggressive, Philantropist
Cremis, Level: 2, Rank: 1, Gender: Male, HP IV: 53(0%), ATK IV: 85(0%), DEF IV: 51(0%), Work Speed: (0%), Skills: Hooligan
Depresso, Level: 3, Rank: 1, Gender: Female, HP IV: 84(0%), ATK IV: 60(0%), DEF IV: 29(0%), Work Speed: (0%), Skills: Impatient
Foxparks, Level: 6, Rank: 1, Gender: Female, HP IV: 25(0%), ATK IV: 15(0%), DEF IV: 57(0%), Work Speed: (0%), Skills: Capacitor
Hoocrates, Level: 3, Rank: 1, Gender: Female, HP IV: 8(0%), ATK IV: 36(0%), DEF IV: 12(0%), Work Speed: (0%), Skills: Brave
Kai's 8 Pals
------------
Cattiva, Level: 6, Rank: 1, Gender: Female, HP IV: 95(0%), ATK IV: 83(0%), DEF IV: 53(0%), Work Speed: (0%), Skills: Coward, Sadist
Cattiva, Level: 6, Rank: 1, Gender: Male, HP IV: 17(0%), ATK IV: 78(0%), DEF IV: 14(0%), Work Speed: (0%), Skills: Coward, Positive Thinker
Chikipi, Level: 6, Rank: 1, Gender: Female, HP IV: 25(0%), ATK IV: 9(0%), DEF IV: 18(0%), Work Speed: (0%), Skills: Slacker
Chikipi, Level: 6, Rank: 1, Gender: Female, HP IV: 37(0%), ATK IV: 17(0%), DEF IV: 54(0%), Work Speed: (0%), Skills: Aggressive, Philantropist
Cremis, Level: 2, Rank: 1, Gender: Male, HP IV: 53(0%), ATK IV: 85(0%), DEF IV: 51(0%), Work Speed: (0%), Skills: Hooligan
Depresso, Level: 3, Rank: 1, Gender: Female, HP IV: 84(0%), ATK IV: 60(0%), DEF IV: 29(0%), Work Speed: (0%), Skills: Impatient
Foxparks, Level: 6, Rank: 1, Gender: Female, HP IV: 25(0%), ATK IV: 15(0%), DEF IV: 57(0%), Work Speed: (0%), Skills: Capacitor
Hoocrates, Level: 3, Rank: 1, Gender: Female, HP IV: 8(0%), ATK IV: 36(0%), DEF IV: 12(0%), Work Speed: (0%), Skills: Brave
Kai's 8 Pals
------------
Cattiva, Level: 6, Rank: 1, Gender: Female, HP IV: 95(0%), ATK IV: 83(0%), DEF IV: 53(0%), Work Speed: (0%), Skills: Coward, Sadist
Cattiva, Level: 6, Rank: 1, Gender: Male, HP IV: 17(0%), ATK IV: 78(0%), DEF IV: 14(0%), Work Speed: (0%), Skills: Coward, Positive Thinker
Chikipi, Level: 6, Rank: 1, Gender: Female, HP IV: 25(0%), ATK IV: 9(0%), DEF IV: 18(0%), Work Speed: (0%), Skills: Slacker
Chikipi, Level: 6, Rank: 1, Gender: Female, HP IV: 37(0%), ATK IV: 17(0%), DEF IV: 54(0%), Work Speed: (0%), Skills: Aggressive, Philantropist
Cremis, Level: 2, Rank: 1, Gender: Male, HP IV: 53(0%), ATK IV: 85(0%), DEF IV: 51(0%), Work Speed: (0%), Skills: Hooligan
Depresso, Level: 3, Rank: 1, Gender: Female, HP IV: 84(0%), ATK IV: 60(0%), DEF IV: 29(0%), Work Speed: (0%), Skills: Impatient
Foxparks, Level: 6, Rank: 1, Gender: Female, HP IV: 25(0%), ATK IV: 15(0%), DEF IV: 57(0%), Work Speed: (0%), Skills: Capacitor
Hoocrates, Level: 3, Rank: 1, Gender: Female, HP IV: 8(0%), ATK IV: 36(0%), DEF IV: 12(0%), Work Speed: (0%), Skills: Brave
Kai's 8 Pals
------------
Cattiva, Level: 6, Rank: 1, Gender: Female, HP IV: 95(0%), ATK IV: 83(0%), DEF IV: 53(0%), Work Speed: (0%), Skills: Coward, Sadist
Cattiva, Level: 6, Rank: 1, Gender: Male, HP IV: 17(0%), ATK IV: 78(0%), DEF IV: 14(0%), Work Speed: (0%), Skills: Coward, Positive Thinker
Chikipi, Level: 6, Rank: 1, Gender: Female, HP IV: 25(0%), ATK IV: 9(0%), DEF IV: 18(0%), Work Speed: (0%), Skills: Slacker
Chikipi, Level: 6, Rank: 1, Gender: Female, HP IV: 37(0%), ATK IV: 17(0%), DEF IV: 54(0%), Work Speed: (0%), Skills: Aggressive, Philantropist
Cremis, Level: 2, Rank: 1, Gender: Male, HP IV: 53(0%), ATK IV: 85(0%), DEF IV: 51(0%), Work Speed: (0%), Skills: Hooligan
Depresso, Level: 3, Rank: 1, Gender: Female, HP IV: 84(0%), ATK IV: 60(0%), DEF IV: 29(0%), Work Speed: (0%), Skills: Impatient
Foxparks, Level: 6, Rank: 1, Gender: Female, HP IV: 25(0%), ATK IV: 15(0%), DEF IV: 57(0%), Work Speed: (0%), Skills: Capacitor
Hoocrates, Level: 3, Rank: 1, Gender: Female, HP IV: 8(0%), ATK IV: 36(0%), DEF IV: 12(0%), Work Speed: (0%), Skills: Brave
Kai's 8 Pals
------------
Cattiva, Level: 6, Rank: 1, Gender: Female, HP IV: 95(0%), ATK IV: 83(0%), DEF IV: 53(0%), Work Speed: (0%), Skills: Coward, Sadist
Cattiva, Level: 6, Rank: 1, Gender: Male, HP IV: 17(0%), ATK IV: 78(0%), DEF IV: 14(0%), Work Speed: (0%), Skills: Coward, Positive Thinker
Chikipi, Level: 6, Rank: 1, Gender: Female, HP IV: 25(0%), ATK IV: 9(0%), DEF IV: 18(0%), Work Speed: (0%), Skills: Slacker
Chikipi, Level: 6, Rank: 1, Gender: Female, HP IV: 37(0%), ATK IV: 17(0%), DEF IV: 54(0%), Work Speed: (0%), Skills: Aggressive, Philantropist
Cremis, Level: 2, Rank: 1, Gender: Male, HP IV: 53(0%), ATK IV: 85(0%), DEF IV: 51(0%), Work Speed: (0%), Skills: Hooligan
Depresso, Level: 3, Rank: 1, Gender: Female, HP IV: 84(0%), ATK IV: 60(0%), DEF IV: 29(0%), Work Speed: (0%), Skills: Impatient
Foxparks, Level: 6, Rank: 1, Gender: Female, HP IV: 25(0%), ATK IV: 15(0%), DEF IV: 57(0%), Work Speed: (0%), Skills: Capacitor
Hoocrates, Level: 3, Rank: 1, Gender: Female, HP IV: 8(0%), ATK IV: 36(0%), DEF IV: 12(0%), Work Speed: (0%), Skills: Brave
Kai's 8 Pals
------------
Cattiva, Level: 6, Rank: 1, Gender: Female, HP IV: 95(0%), ATK IV: 83(0%), DEF IV: 53(0%), Work Speed: (0%), Skills: Coward, Sadist
Cattiva, Level: 6, Rank: 1, Gender: Male, HP IV: 17(0%), ATK IV: 78(0%), DEF IV: 14(0%), Work Speed: (0%), Skills: Coward, Positive Thinker
Chikipi, Level: 6, Rank: 1, Gender: Female, HP IV: 25(0%), ATK IV: 9(0%), DEF IV: 18(0%), Work Speed: (0%), Skills: Slacker
Chikipi, Level: 6, Rank: 1, Gender: Female, HP IV: 37(0%), ATK IV: 17(0%), DEF IV: 54(0%), Work Speed: (0%), Skills: Aggressive, Philantropist
Cremis, Level: 2, Rank: 1, Gender: Male, HP IV: 53(0%), ATK IV: 85(0%), DEF IV: 51(0%), Work Speed: (0%), Skills: Hooligan
Depresso, Level: 3, Rank: 1, Gender: Female, HP IV: 84(0%), ATK IV: 60(0%), DEF IV: 29(0%), Work Speed: (0%), Skills: Impatient
Foxparks, Level: 6, Rank: 1, Gender: Female, HP IV: 25(0%), ATK IV: 15(0%), DEF IV: 57(0%), Work Speed: (0%), Skills: Capacitor
Hoocrates, Level: 3, Rank: 1, Gender: Female, HP IV: 8(0%), ATK IV: 36(0%), DEF IV: 12(0%), Work Speed: (0%), Skills: Brave
Kai's 8 Pals
------------
Cattiva, Level: 6, Rank: 1, Gender: Female, HP IV: 95(0%), ATK IV: 83(0%), DEF IV: 53(0%), Work Speed: (0%), Skills: Coward, Sadist
Cattiva, Level: 6, Rank: 1, Gender: Male, HP IV: 17(0%), ATK IV: 78(0%), DEF IV: 14(0%), Work Speed: (0%), Skills: Coward, Positive Thinker
Chikipi, Level: 6, Rank: 1, Gender: Female, HP IV: 25(0%), ATK IV: 9(0%), DEF IV: 18(0%), Work Speed: (0%), Skills: Slacker
Chikipi, Level: 6, Rank: 1, Gender: Female, HP IV: 37(0%), ATK IV: 17(0%), DEF IV: 54(0%), Work Speed: (0%), Skills: Aggressive, Philantropist
Cremis, Level: 2, Rank: 1, Gender: Male, HP IV: 53(0%), ATK IV: 85(0%), DEF IV: 51(0%), Work Speed: (0%), Skills: Hooligan
Depresso, Level: 3, Rank: 1, Gender: Female, HP IV: 84(0%), ATK IV: 60(0%), DEF IV: 29(0%), Work Speed: (0%), Skills: Impatient
Foxparks, Level: 6, Rank: 1, Gender: Female, HP IV: 25(0%), ATK IV: 15(0%), DEF IV: 57(0%), Work Speed: (0%), Skills: Capacitor
Hoocrates, Level: 3, Rank: 1, Gender: Female, HP IV: 8(0%), ATK IV: 36(0%), DEF IV: 12(0%), Work Speed: (0%), Skills: Brave
Kai's 8 Pals
------------
Cattiva, Level: 6, Rank: 1, Gender: Female, HP IV: 95(0%), ATK IV: 83(0%), DEF IV: 53(0%), Work Speed: (0%), Skills: Coward, Sadist
Cattiva, Level: 6, Rank: 1, Gender: Male, HP IV: 17(0%), ATK IV: 78(0%), DEF IV: 14(0%), Work Speed: (0%), Skills: Coward, Positive Thinker
Chikipi, Level: 6, Rank: 1, Gender: Female, HP IV: 25(0%), ATK IV: 9(0%), DEF IV: 18(0%), Work Speed: (0%), Skills: Slacker
Chikipi, Level: 6, Rank: 1, Gender: Female, HP IV: 37(0%), ATK IV: 17(0%), DEF IV: 54(0%), Work Speed: (0%), Skills: Aggressive, Philantropist
Cremis, Level: 2, Rank: 1, Gender: Male, HP IV: 53(0%), ATK IV: 85(0%), DEF IV: 51(0%), Work Speed: (0%), Skills: Hooligan
Depresso, Level: 3, Rank: 1, Gender: Female, HP IV: 84(0%), ATK IV: 60(0%), DEF IV: 29(0%), Work Speed: (0%), Skills: Impatient
Foxparks, Level: 6, Rank: 1, Gender: Female, HP IV: 25(0%), ATK IV: 15(0%), DEF IV: 57(0%), Work Speed: (0%), Skills: Capacitor
Hoocrates, Level: 3, Rank: 1, Gender: Female, HP IV: 8(0%), ATK IV: 36(0%), DEF IV: 12(0%), Work Speed: (0%), Skills: Brave
Kai's 8 Pals
------------
Cattiva, Level: 6, Rank: 1, Gender: Female, HP IV: 95(0%), ATK IV: 83(0%), DEF IV: 53(0%), Work Speed: (0%), Skills: Coward, Sadist
Cattiva, Level: 6, Rank: 1, Gender: Male, HP IV: 17(0%), ATK IV: 78(0%), DEF IV: 14(0%), Work Speed: (0%), Skills: Coward, Positive Thinker
Chikipi, Level: 6, Rank: 1, Gender: Female, HP IV: 25(0%), ATK IV: 9(0%), DEF IV: 18(0%), Work Speed: (0%), Skills: Slacker
Chikipi, Level: 6, Rank: 1, Gender: Female, HP IV: 37(0%), ATK IV: 17(0%), DEF IV: 54(0%), Work Speed: (0%), Skills: Aggressive, Philantropist
Cremis, Level: 2, Rank: 1, Gender: Male, HP IV: 53(0%), ATK IV: 85(0%), DEF IV: 51(0%), Work Speed: (0%), Skills: Hooligan
Depresso, Level: 3, Rank: 1, Gender: Female, HP IV: 84(0%), ATK IV: 60(0%), DEF IV: 29(0%), Work Speed: (0%), Skills: Impatient
Foxparks, Level: 6, Rank: 1, Gender: Female, HP IV: 25(0%), ATK IV: 15(0%), DEF IV: 57(0%), Work Speed: (0%), Skills: Capacitor
Hoocrates, Level: 3, Rank: 1, Gender: Female, HP IV: 8(0%), ATK IV: 36(0%), DEF IV: 12(0%), Work Speed: (0%), Skills: Brave
Kai's 8 Pals
------------
Cattiva, Level: 6, Rank: 1, Gender: Female, HP IV: 95(0%), ATK IV: 83(0%), DEF IV: 53(0%), Work Speed: (0%), Skills: Coward, Sadist
Cattiva, Level: 6, Rank: 1, Gender: Male, HP IV: 17(0%), ATK IV: 78(0%), DEF IV: 14(0%), Work Speed: (0%), Skills: Coward, Positive Thinker
Chikipi, Level: 6, Rank: 1, Gender: Female, HP IV: 25(0%), ATK IV: 9(0%), DEF IV: 18(0%), Work Speed: (0%), Skills: Slacker
Chikipi, Level: 6, Rank: 1, Gender: Female, HP IV: 37(0%), ATK IV: 17(0%), DEF IV: 54(0%), Work Speed: (0%), Skills: Aggressive, Philantropist
Cremis, Level: 2, Rank: 1, Gender: Male, HP IV: 53(0%), ATK IV: 85(0%), DEF IV: 51(0%), Work Speed: (0%), Skills: Hooligan
Depresso, Level: 3, Rank: 1, Gender: Female, HP IV: 84(0%), ATK IV: 60(0%), DEF IV: 29(0%), Work Speed: (0%), Skills: Impatient
Foxparks, Level: 6, Rank: 1, Gender: Female, HP IV: 25(0%), ATK IV: 15(0%), DEF IV: 57(0%), Work Speed: (0%), Skills: Capacitor
Hoocrates, Level: 3, Rank: 1, Gender: Female, HP IV: 8(0%), ATK IV: 36(0%), DEF IV: 12(0%), Work Speed: (0%), Skills: Brave
Kai's 8 Pals
------------
Cattiva, Level: 6, Rank: 1, Gender: Female, HP IV: 95(0%), ATK IV: 83(0%), DEF IV: 53(0%), Work Speed: (0%), Skills: Coward, Sadist
Cattiva, Level: 6, Rank: 1, Gender: Male, HP IV: 17(0%), ATK IV: 78(0%), DEF IV: 14(0%), Work Speed: (0%), Skills: Coward, Positive Thinker
Chikipi, Level: 6, Rank: 1, Gender: Female, HP IV: 25(0%), ATK IV: 9(0%), DEF IV: 18(0%), Work Speed: (0%), Skills: Slacker
Chikipi, Level: 6, Rank: 1, Gender: Female, HP IV: 37(0%), ATK IV: 17(0%), DEF IV: 54(0%), Work Speed: (0%), Skills: Aggressive, Philantropist
Cremis, Level: 2, Rank: 1, Gender: Male, HP IV: 53(0%), ATK IV: 85(0%), DEF IV: 51(0%), Work Speed: (0%), Skills: Hooligan
Depresso, Level: 3, Rank: 1, Gender: Female, HP IV: 84(0%), ATK IV: 60(0%), DEF IV: 29(0%), Work Speed: (0%), Skills: Impatient
Foxparks, Level: 6, Rank: 1, Gender: Female, HP IV: 25(0%), ATK IV: 15(0%), DEF IV: 57(0%), Work Speed: (0%), Skills: Capacitor
Hoocrates, Level: 3, Rank: 1, Gender: Female, HP IV: 8(0%), ATK IV: 36(0%), DEF IV: 12(0%), Work Speed: (0%), Skills: Brave
Kai's 8 Pals
------------
Cattiva, Level: 6, Rank: 1, Gender: Female, HP IV: 95(0%), ATK IV: 83(0%), DEF IV: 53(0%), Work Speed: (0%), Skills: Coward, Sadist
Cattiva, Level: 6, Rank: 1, Gender: Male, HP IV: 17(0%), ATK IV: 78(0%), DEF IV: 14(0%), Work Speed: (0%), Skills: Coward, Positive Thinker
Chikipi, Level: 6, Rank: 1, Gender: Female, HP IV: 25(0%), ATK IV: 9(0%), DEF IV: 18(0%), Work Speed: (0%), Skills: Slacker
Chikipi, Level: 6, Rank: 1, Gender: Female, HP IV: 37(0%), ATK IV: 17(0%), DEF IV: 54(0%), Work Speed: (0%), Skills: Aggressive, Philantropist
Cremis, Level: 2, Rank: 1, Gender: Male, HP IV: 53(0%), ATK IV: 85(0%), DEF IV: 51(0%), Work Speed: (0%), Skills: Hooligan
Depresso, Level: 3, Rank: 1, Gender: Female, HP IV: 84(0%), ATK IV: 60(0%), DEF IV: 29(0%), Work Speed: (0%), Skills: Impatient
Foxparks, Level: 6, Rank: 1, Gender: Female, HP IV: 25(0%), ATK IV: 15(0%), DEF IV: 57(0%), Work Speed: (0%), Skills: Capacitor
Hoocrates, Level: 3, Rank: 1, Gender: Female, HP IV: 8(0%), ATK IV: 36(0%), DEF IV: 12(0%), Work Speed: (0%), Skills: Brave
