Karitza's 11 Pals
-----------------
Cattiva, Level: 7, Rank: 1, Gender: Male, HP IV: 19(0%), ATK IV: 27(0%), DEF IV: 70(0%), Work Speed: (0%), Skills: Coward, Ferocious
Cremis, Level: 2, Rank: 1, Gender: Female, HP IV: 34(0%), ATK IV: 62(0%), DEF IV: 25(0%), Work Speed: (0%)
Cremis, Level: 6, Rank: 1, Gender: Male, HP IV: 24(0%), ATK IV: 35(0%), DEF IV: 57(0%), Work Speed: (0%), Skills: Unstable
Lamball, Level: 7, Rank: 1, Gender: Male, HP IV: 87(0%), ATK IV: 31(0%), DEF IV: 89(0%), Work Speed: (0%), Skills: Slacker
Lamball, Level: 8, Rank: 1, Gender: Female, HP IV: 30(0%), ATK IV: 36(0%), DEF IV: 64(0%), Work Speed: (0%), Skills: Infinite Stamina
Lifmunk, Level: 7, Rank: 1, Gender: Female, HP IV: 12(0%), ATK IV: 83(0%), DEF IV: 37(0%), Work Speed: (0%), Skills: Clumsy
Lifmunk, Level: 7, Rank: 1, Gender: Male, HP IV: 84(0%), ATK IV: 76(0%), DEF IV: 0(0%), Work Speed: (0%), Skills: Insulated Body
Rooby, Level: 3, Rank: 1, Gender: Male, HP IV: 56(0%), ATK IV: 38(0%), DEF IV: 85(0%), Work Speed: (0%), Skills: Power of Gaia
Rooby, Level: 4, Rank: 1, Gender: Female, HP IV: 76(0%), ATK IV: 93(0%), DEF IV: 24(0%), Work Speed: (0%), Skills: Mine Foreman
Rooby, Level: 6, Rank: 1, Gender: Male, HP IV: 78(0%), ATK IV: 81(0%), DEF IV: 22(0%), Work Speed: (0%), Skills: Noble
Syndicate Thug (Bat), Level: 7, Rank: 1, Gender: Unknown, HP IV: 7(0%), ATK IV: 92(0%), DEF IV: 47(0%), Work Speed: (0%), Skills: Logging Foreman
Karitza's 33 Pals
-----------------
Cattiva, Level: 2, Rank: 1, Gender: Female, HP IV: 24(0%), ATK IV: 63(0%), DEF IV: 74(0%), Work Speed: (0%), Skills: Coward, Impatient
Cattiva, Level: 3, Rank: 1, Gender: Female, HP IV: 91(0%), ATK IV: 34(0%), DEF IV: 39(0%), Work Speed: (0%), Skills: Coward, Zen Mind
Cattiva, Level: 3, Rank: 1, Gender: Male, HP IV: 10(0%), ATK IV: 39(0%), DEF IV: 78(0%), Work Speed: (0%), Skills: Coward, Dainty Eater, Bottomless Stomach
Cattiva, Level: 5, Rank: 1, Gender: Male, HP IV: 12(0%), ATK IV: 44(0%), DEF IV: 40(0%), Work Speed: (0%), Skills: Coward, Earthquake Resistant, Mercy hit
Cattiva, Level: 5, Rank: 1, Gender: Male, HP IV: 7(0%), ATK IV: 37(0%), DEF IV: 2(0%), Work Speed: (0%), Skills: Coward, Capacitor
Cattiva, Level: 7, Rank: 1, Gender: Male, HP IV: 19(0%), ATK IV: 27(0%), DEF IV: 70(0%), Work Speed: (0%), Skills: Coward, Ferocious
Chikipi, Level: 4, Rank: 1, Gender: Female, HP IV: 56(0%), ATK IV: 15(0%), DEF IV: 42(0%), Work Speed: (0%), Skills: Swift
Chikipi, Level: 4, Rank: 1, Gender: Male, HP IV: 93(0%), ATK IV: 72(0%), DEF IV: 73(0%), Work Speed: (0%), Skills: Waterproof
Chikipi, Level: 5, Rank: 1, Gender: Female, HP IV: 90(0%), ATK IV: 91(0%), DEF IV: 36(0%), Work Speed: (0%), Skills: Unstable
Cremis, Level: 11, Rank: 1, Gender: Male, HP IV: 24(0%), ATK IV: 35(0%), DEF IV: 57(0%), Work Speed: (0%), Skills: Unstable
Cremis, Level: 2, Rank: 1, Gender: Female, HP IV: 34(0%), ATK IV: 62(0%), DEF IV: 25(0%), Work Speed: (0%)
Cremis, Level: 3, Rank: 1, Gender: Female, HP IV: 76(0%), ATK IV: 7(0%), DEF IV: 35(0%), Work Speed: (0%), Skills: Serenity, Swift
Cremis, Level: 4, Rank: 1, Gender: Male, HP IV: 88(0%), ATK IV: 65(0%), DEF IV: 78(0%), Work Speed: (0%), Skills: Capacitor
Cremis, Level: 5, Rank: 1, Gender: Female, HP IV: 30(0%), ATK IV: 76(0%), DEF IV: 18(0%), Work Speed: (0%), Skills: Logging Foreman
Eikthyrdeer, Level: 10, Rank: 1, Gender: Male, HP IV: 62(0%), ATK IV: 18(0%), DEF IV: 95(0%), Work Speed: (0%), Skills: Unstable
Eikthyrdeer, Level: 10, Rank: 1, Gender: Male, HP IV: 81(0%), ATK IV: 2(0%), DEF IV: 89(0%), Work Speed: (0%), Skills: Downtrodden
Gumoss, Level: 2, Rank: 1, Gender: Female, HP IV: 83(0%), ATK IV: 61(0%), DEF IV: 65(0%), Work Speed: (0%), Skills: Noble
Lamball, Level: 11, Rank: 1, Gender: Female, HP IV: 30(0%), ATK IV: 36(0%), DEF IV: 64(0%), Work Speed: (0%), Skills: Infinite Stamina
Lamball, Level: 3, Rank: 1, Gender: Female, HP IV: 36(0%), ATK IV: 81(0%), DEF IV: 6(0%), Work Speed: (0%), Skills: Sadist
Lamball, Level: 3, Rank: 1, Gender: Female, HP IV: 57(0%), ATK IV: 76(0%), DEF IV: 39(0%), Work Speed: (0%), Skills: Mine Foreman
Lamball, Level: 3, Rank: 1, Gender: Female, HP IV: 85(0%), ATK IV: 75(0%), DEF IV: 99(0%), Work Speed: (0%), Skills: Hydromaniac
Lamball, Level: 5, Rank: 1, Gender: Male, HP IV: 53(0%), ATK IV: 9(0%), DEF IV: 58(0%), Work Speed: (0%), Skills: Coward
Lamball, Level: 7, Rank: 1, Gender: Male, HP IV: 87(0%), ATK IV: 31(0%), DEF IV: 89(0%), Work Speed: (0%), Skills: Slacker
Lamball, Level: 8, Rank: 1, Gender: Male, HP IV: 88(0%), ATK IV: 17(0%), DEF IV: 29(0%), Work Speed: (0%), Skills: Serious
Lifmunk, Level: 11, Rank: 1, Gender: Male, HP IV: 84(0%), ATK IV: 76(0%), DEF IV: 0(0%), Work Speed: (0%), Skills: Insulated Body
Lifmunk, Level: 5, Rank: 1, Gender: Female, HP IV: 6(0%), ATK IV: 12(0%), DEF IV: 42(0%), Work Speed: (0%), Skills: Easygoing
Lifmunk, Level: 7, Rank: 1, Gender: Female, HP IV: 12(0%), ATK IV: 83(0%), DEF IV: 37(0%), Work Speed: (0%), Skills: Clumsy
Rooby, Level: 11, Rank: 1, Gender: Male, HP IV: 78(0%), ATK IV: 81(0%), DEF IV: 22(0%), Work Speed: (0%), Skills: Noble
Rooby, Level: 3, Rank: 1, Gender: Male, HP IV: 56(0%), ATK IV: 38(0%), DEF IV: 85(0%), Work Speed: (0%), Skills: Power of Gaia
Rooby, Level: 4, Rank: 1, Gender: Female, HP IV: 76(0%), ATK IV: 93(0%), DEF IV: 24(0%), Work Speed: (0%), Skills: Mine Foreman
Rooby, Level: 4, Rank: 1, Gender: Male, HP IV: 76(0%), ATK IV: 61(0%), DEF IV: 32(0%), Work Speed: (0%), Skills: Runner
Rooby, Level: 9, Rank: 1, Gender: Male, HP IV: 27(0%), ATK IV: 73(0%), DEF IV: 11(0%), Work Speed: (0%), Skills: Logging Foreman
Syndicate Thug (Bat), Level: 10, Rank: 1, Gender: Unknown, HP IV: 7(0%), ATK IV: 92(0%), DEF IV: 47(0%), Work Speed: (0%), Skills: Logging Foreman
Karitza's 33 Pals
-----------------
Cattiva, Level: 2, Rank: 1, Gender: Female, HP IV: 24(0%), ATK IV: 63(0%), DEF IV: 74(0%), Work Speed: (0%), Skills: Coward, Impatient
Cattiva, Level: 3, Rank: 1, Gender: Female, HP IV: 91(0%), ATK IV: 34(0%), DEF IV: 39(0%), Work Speed: (0%), Skills: Coward, Zen Mind
Cattiva, Level: 3, Rank: 1, Gender: Male, HP IV: 10(0%), ATK IV: 39(0%), DEF IV: 78(0%), Work Speed: (0%), Skills: Coward, Dainty Eater, Bottomless Stomach
Cattiva, Level: 5, Rank: 1, Gender: Male, HP IV: 12(0%), ATK IV: 44(0%), DEF IV: 40(0%), Work Speed: (0%), Skills: Coward, Earthquake Resistant, Mercy hit
Cattiva, Level: 5, Rank: 1, Gender: Male, HP IV: 7(0%), ATK IV: 37(0%), DEF IV: 2(0%), Work Speed: (0%), Skills: Coward, Capacitor
Cattiva, Level: 7, Rank: 1, Gender: Male, HP IV: 19(0%), ATK IV: 27(0%), DEF IV: 70(0%), Work Speed: (0%), Skills: Coward, Ferocious
Chikipi, Level: 4, Rank: 1, Gender: Female, HP IV: 56(0%), ATK IV: 15(0%), DEF IV: 42(0%), Work Speed: (0%), Skills: Swift
Chikipi, Level: 4, Rank: 1, Gender: Male, HP IV: 93(0%), ATK IV: 72(0%), DEF IV: 73(0%), Work Speed: (0%), Skills: Waterproof
Chikipi, Level: 5, Rank: 1, Gender: Female, HP IV: 90(0%), ATK IV: 91(0%), DEF IV: 36(0%), Work Speed: (0%), Skills: Unstable
Cremis, Level: 11, Rank: 1, Gender: Male, HP IV: 24(0%), ATK IV: 35(0%), DEF IV: 57(0%), Work Speed: (0%), Skills: Unstable
Cremis, Level: 2, Rank: 1, Gender: Female, HP IV: 34(0%), ATK IV: 62(0%), DEF IV: 25(0%), Work Speed: (0%)
Cremis, Level: 3, Rank: 1, Gender: Female, HP IV: 76(0%), ATK IV: 7(0%), DEF IV: 35(0%), Work Speed: (0%), Skills: Serenity, Swift
Cremis, Level: 4, Rank: 1, Gender: Male, HP IV: 88(0%), ATK IV: 65(0%), DEF IV: 78(0%), Work Speed: (0%), Skills: Capacitor
Cremis, Level: 5, Rank: 1, Gender: Female, HP IV: 30(0%), ATK IV: 76(0%), DEF IV: 18(0%), Work Speed: (0%), Skills: Logging Foreman
Eikthyrdeer, Level: 10, Rank: 1, Gender: Male, HP IV: 62(0%), ATK IV: 18(0%), DEF IV: 95(0%), Work Speed: (0%), Skills: Unstable
Eikthyrdeer, Level: 10, Rank: 1, Gender: Male, HP IV: 81(0%), ATK IV: 2(0%), DEF IV: 89(0%), Work Speed: (0%), Skills: Downtrodden
Gumoss, Level: 2, Rank: 1, Gender: Female, HP IV: 83(0%), ATK IV: 61(0%), DEF IV: 65(0%), Work Speed: (0%), Skills: Noble
Lamball, Level: 11, Rank: 1, Gender: Female, HP IV: 30(0%), ATK IV: 36(0%), DEF IV: 64(0%), Work Speed: (0%), Skills: Infinite Stamina
Lamball, Level: 3, Rank: 1, Gender: Female, HP IV: 36(0%), ATK IV: 81(0%), DEF IV: 6(0%), Work Speed: (0%), Skills: Sadist
Lamball, Level: 3, Rank: 1, Gender: Female, HP IV: 57(0%), ATK IV: 76(0%), DEF IV: 39(0%), Work Speed: (0%), Skills: Mine Foreman
Lamball, Level: 3, Rank: 1, Gender: Female, HP IV: 85(0%), ATK IV: 75(0%), DEF IV: 99(0%), Work Speed: (0%), Skills: Hydromaniac
Lamball, Level: 5, Rank: 1, Gender: Male, HP IV: 53(0%), ATK IV: 9(0%), DEF IV: 58(0%), Work Speed: (0%), Skills: Coward
Lamball, Level: 7, Rank: 1, Gender: Male, HP IV: 87(0%), ATK IV: 31(0%), DEF IV: 89(0%), Work Speed: (0%), Skills: Slacker
Lamball, Level: 8, Rank: 1, Gender: Male, HP IV: 88(0%), ATK IV: 17(0%), DEF IV: 29(0%), Work Speed: (0%), Skills: Serious
Lifmunk, Level: 11, Rank: 1, Gender: Male, HP IV: 84(0%), ATK IV: 76(0%), DEF IV: 0(0%), Work Speed: (0%), Skills: Insulated Body
Lifmunk, Level: 5, Rank: 1, Gender: Female, HP IV: 6(0%), ATK IV: 12(0%), DEF IV: 42(0%), Work Speed: (0%), Skills: Easygoing
Lifmunk, Level: 7, Rank: 1, Gender: Female, HP IV: 12(0%), ATK IV: 83(0%), DEF IV: 37(0%), Work Speed: (0%), Skills: Clumsy
Rooby, Level: 11, Rank: 1, Gender: Male, HP IV: 78(0%), ATK IV: 81(0%), DEF IV: 22(0%), Work Speed: (0%), Skills: Noble
Rooby, Level: 3, Rank: 1, Gender: Male, HP IV: 56(0%), ATK IV: 38(0%), DEF IV: 85(0%), Work Speed: (0%), Skills: Power of Gaia
Rooby, Level: 4, Rank: 1, Gender: Female, HP IV: 76(0%), ATK IV: 93(0%), DEF IV: 24(0%), Work Speed: (0%), Skills: Mine Foreman
Rooby, Level: 4, Rank: 1, Gender: Male, HP IV: 76(0%), ATK IV: 61(0%), DEF IV: 32(0%), Work Speed: (0%), Skills: Runner
Rooby, Level: 9, Rank: 1, Gender: Male, HP IV: 27(0%), ATK IV: 73(0%), DEF IV: 11(0%), Work Speed: (0%), Skills: Logging Foreman
Syndicate Thug (Bat), Level: 10, Rank: 1, Gender: Unknown, HP IV: 7(0%), ATK IV: 92(0%), DEF IV: 47(0%), Work Speed: (0%), Skills: Logging Foreman
Karitza's 33 Pals
-----------------
Cattiva, Level: 2, Rank: 1, Gender: Female, HP IV: 24(0%), ATK IV: 63(0%), DEF IV: 74(0%), Work Speed: (0%), Skills: Coward, Impatient
Cattiva, Level: 3, Rank: 1, Gender: Female, HP IV: 91(0%), ATK IV: 34(0%), DEF IV: 39(0%), Work Speed: (0%), Skills: Coward, Zen Mind
Cattiva, Level: 3, Rank: 1, Gender: Male, HP IV: 10(0%), ATK IV: 39(0%), DEF IV: 78(0%), Work Speed: (0%), Skills: Coward, Dainty Eater, Bottomless Stomach
Cattiva, Level: 5, Rank: 1, Gender: Male, HP IV: 12(0%), ATK IV: 44(0%), DEF IV: 40(0%), Work Speed: (0%), Skills: Coward, Earthquake Resistant, Mercy hit
Cattiva, Level: 5, Rank: 1, Gender: Male, HP IV: 7(0%), ATK IV: 37(0%), DEF IV: 2(0%), Work Speed: (0%), Skills: Coward, Capacitor
Cattiva, Level: 7, Rank: 1, Gender: Male, HP IV: 19(0%), ATK IV: 27(0%), DEF IV: 70(0%), Work Speed: (0%), Skills: Coward, Ferocious
Chikipi, Level: 4, Rank: 1, Gender: Female, HP IV: 56(0%), ATK IV: 15(0%), DEF IV: 42(0%), Work Speed: (0%), Skills: Swift
Chikipi, Level: 4, Rank: 1, Gender: Male, HP IV: 93(0%), ATK IV: 72(0%), DEF IV: 73(0%), Work Speed: (0%), Skills: Waterproof
Chikipi, Level: 5, Rank: 1, Gender: Female, HP IV: 90(0%), ATK IV: 91(0%), DEF IV: 36(0%), Work Speed: (0%), Skills: Unstable
Cremis, Level: 11, Rank: 1, Gender: Male, HP IV: 24(0%), ATK IV: 35(0%), DEF IV: 57(0%), Work Speed: (0%), Skills: Unstable
Cremis, Level: 2, Rank: 1, Gender: Female, HP IV: 34(0%), ATK IV: 62(0%), DEF IV: 25(0%), Work Speed: (0%)
Cremis, Level: 3, Rank: 1, Gender: Female, HP IV: 76(0%), ATK IV: 7(0%), DEF IV: 35(0%), Work Speed: (0%), Skills: Serenity, Swift
Cremis, Level: 4, Rank: 1, Gender: Male, HP IV: 88(0%), ATK IV: 65(0%), DEF IV: 78(0%), Work Speed: (0%), Skills: Capacitor
Cremis, Level: 5, Rank: 1, Gender: Female, HP IV: 30(0%), ATK IV: 76(0%), DEF IV: 18(0%), Work Speed: (0%), Skills: Logging Foreman
Eikthyrdeer, Level: 10, Rank: 1, Gender: Male, HP IV: 62(0%), ATK IV: 18(0%), DEF IV: 95(0%), Work Speed: (0%), Skills: Unstable
Eikthyrdeer, Level: 10, Rank: 1, Gender: Male, HP IV: 81(0%), ATK IV: 2(0%), DEF IV: 89(0%), Work Speed: (0%), Skills: Downtrodden
Gumoss, Level: 2, Rank: 1, Gender: Female, HP IV: 83(0%), ATK IV: 61(0%), DEF IV: 65(0%), Work Speed: (0%), Skills: Noble
Lamball, Level: 11, Rank: 1, Gender: Female, HP IV: 30(0%), ATK IV: 36(0%), DEF IV: 64(0%), Work Speed: (0%), Skills: Infinite Stamina
Lamball, Level: 3, Rank: 1, Gender: Female, HP IV: 36(0%), ATK IV: 81(0%), DEF IV: 6(0%), Work Speed: (0%), Skills: Sadist
Lamball, Level: 3, Rank: 1, Gender: Female, HP IV: 57(0%), ATK IV: 76(0%), DEF IV: 39(0%), Work Speed: (0%), Skills: Mine Foreman
Lamball, Level: 3, Rank: 1, Gender: Female, HP IV: 85(0%), ATK IV: 75(0%), DEF IV: 99(0%), Work Speed: (0%), Skills: Hydromaniac
Lamball, Level: 5, Rank: 1, Gender: Male, HP IV: 53(0%), ATK IV: 9(0%), DEF IV: 58(0%), Work Speed: (0%), Skills: Coward
Lamball, Level: 7, Rank: 1, Gender: Male, HP IV: 87(0%), ATK IV: 31(0%), DEF IV: 89(0%), Work Speed: (0%), Skills: Slacker
Lamball, Level: 8, Rank: 1, Gender: Male, HP IV: 88(0%), ATK IV: 17(0%), DEF IV: 29(0%), Work Speed: (0%), Skills: Serious
Lifmunk, Level: 11, Rank: 1, Gender: Male, HP IV: 84(0%), ATK IV: 76(0%), DEF IV: 0(0%), Work Speed: (0%), Skills: Insulated Body
Lifmunk, Level: 5, Rank: 1, Gender: Female, HP IV: 6(0%), ATK IV: 12(0%), DEF IV: 42(0%), Work Speed: (0%), Skills: Easygoing
Lifmunk, Level: 7, Rank: 1, Gender: Female, HP IV: 12(0%), ATK IV: 83(0%), DEF IV: 37(0%), Work Speed: (0%), Skills: Clumsy
Rooby, Level: 11, Rank: 1, Gender: Male, HP IV: 78(0%), ATK IV: 81(0%), DEF IV: 22(0%), Work Speed: (0%), Skills: Noble
Rooby, Level: 3, Rank: 1, Gender: Male, HP IV: 56(0%), ATK IV: 38(0%), DEF IV: 85(0%), Work Speed: (0%), Skills: Power of Gaia
Rooby, Level: 4, Rank: 1, Gender: Female, HP IV: 76(0%), ATK IV: 93(0%), DEF IV: 24(0%), Work Speed: (0%), Skills: Mine Foreman
Rooby, Level: 4, Rank: 1, Gender: Male, HP IV: 76(0%), ATK IV: 61(0%), DEF IV: 32(0%), Work Speed: (0%), Skills: Runner
Rooby, Level: 9, Rank: 1, Gender: Male, HP IV: 27(0%), ATK IV: 73(0%), DEF IV: 11(0%), Work Speed: (0%), Skills: Logging Foreman
Syndicate Thug (Bat), Level: 10, Rank: 1, Gender: Unknown, HP IV: 7(0%), ATK IV: 92(0%), DEF IV: 47(0%), Work Speed: (0%), Skills: Logging Foreman
Karitza's 33 Pals
-----------------
Cattiva, Level: 2, Rank: 1, Gender: Female, HP IV: 24(0%), ATK IV: 63(0%), DEF IV: 74(0%), Work Speed: (0%), Skills: Coward, Impatient
Cattiva, Level: 3, Rank: 1, Gender: Female, HP IV: 91(0%), ATK IV: 34(0%), DEF IV: 39(0%), Work Speed: (0%), Skills: Coward, Zen Mind
Cattiva, Level: 3, Rank: 1, Gender: Male, HP IV: 10(0%), ATK IV: 39(0%), DEF IV: 78(0%), Work Speed: (0%), Skills: Coward, Dainty Eater, Bottomless Stomach
Cattiva, Level: 5, Rank: 1, Gender: Male, HP IV: 12(0%), ATK IV: 44(0%), DEF IV: 40(0%), Work Speed: (0%), Skills: Coward, Earthquake Resistant, Mercy hit
Cattiva, Level: 5, Rank: 1, Gender: Male, HP IV: 7(0%), ATK IV: 37(0%), DEF IV: 2(0%), Work Speed: (0%), Skills: Coward, Capacitor
Cattiva, Level: 7, Rank: 1, Gender: Male, HP IV: 19(0%), ATK IV: 27(0%), DEF IV: 70(0%), Work Speed: (0%), Skills: Coward, Ferocious
Chikipi, Level: 4, Rank: 1, Gender: Female, HP IV: 56(0%), ATK IV: 15(0%), DEF IV: 42(0%), Work Speed: (0%), Skills: Swift
Chikipi, Level: 4, Rank: 1, Gender: Male, HP IV: 93(0%), ATK IV: 72(0%), DEF IV: 73(0%), Work Speed: (0%), Skills: Waterproof
Chikipi, Level: 5, Rank: 1, Gender: Female, HP IV: 90(0%), ATK IV: 91(0%), DEF IV: 36(0%), Work Speed: (0%), Skills: Unstable
Cremis, Level: 11, Rank: 1, Gender: Male, HP IV: 24(0%), ATK IV: 35(0%), DEF IV: 57(0%), Work Speed: (0%), Skills: Unstable
Cremis, Level: 2, Rank: 1, Gender: Female, HP IV: 34(0%), ATK IV: 62(0%), DEF IV: 25(0%), Work Speed: (0%)
Cremis, Level: 3, Rank: 1, Gender: Female, HP IV: 76(0%), ATK IV: 7(0%), DEF IV: 35(0%), Work Speed: (0%), Skills: Serenity, Swift
Cremis, Level: 4, Rank: 1, Gender: Male, HP IV: 88(0%), ATK IV: 65(0%), DEF IV: 78(0%), Work Speed: (0%), Skills: Capacitor
Cremis, Level: 5, Rank: 1, Gender: Female, HP IV: 30(0%), ATK IV: 76(0%), DEF IV: 18(0%), Work Speed: (0%), Skills: Logging Foreman
Eikthyrdeer, Level: 10, Rank: 1, Gender: Male, HP IV: 62(0%), ATK IV: 18(0%), DEF IV: 95(0%), Work Speed: (0%), Skills: Unstable
Eikthyrdeer, Level: 10, Rank: 1, Gender: Male, HP IV: 81(0%), ATK IV: 2(0%), DEF IV: 89(0%), Work Speed: (0%), Skills: Downtrodden
Gumoss, Level: 2, Rank: 1, Gender: Female, HP IV: 83(0%), ATK IV: 61(0%), DEF IV: 65(0%), Work Speed: (0%), Skills: Noble
Lamball, Level: 11, Rank: 1, Gender: Female, HP IV: 30(0%), ATK IV: 36(0%), DEF IV: 64(0%), Work Speed: (0%), Skills: Infinite Stamina
Lamball, Level: 3, Rank: 1, Gender: Female, HP IV: 36(0%), ATK IV: 81(0%), DEF IV: 6(0%), Work Speed: (0%), Skills: Sadist
Lamball, Level: 3, Rank: 1, Gender: Female, HP IV: 57(0%), ATK IV: 76(0%), DEF IV: 39(0%), Work Speed: (0%), Skills: Mine Foreman
Lamball, Level: 3, Rank: 1, Gender: Female, HP IV: 85(0%), ATK IV: 75(0%), DEF IV: 99(0%), Work Speed: (0%), Skills: Hydromaniac
Lamball, Level: 5, Rank: 1, Gender: Male, HP IV: 53(0%), ATK IV: 9(0%), DEF IV: 58(0%), Work Speed: (0%), Skills: Coward
Lamball, Level: 7, Rank: 1, Gender: Male, HP IV: 87(0%), ATK IV: 31(0%), DEF IV: 89(0%), Work Speed: (0%), Skills: Slacker
Lamball, Level: 8, Rank: 1, Gender: Male, HP IV: 88(0%), ATK IV: 17(0%), DEF IV: 29(0%), Work Speed: (0%), Skills: Serious
Lifmunk, Level: 11, Rank: 1, Gender: Male, HP IV: 84(0%), ATK IV: 76(0%), DEF IV: 0(0%), Work Speed: (0%), Skills: Insulated Body
Lifmunk, Level: 5, Rank: 1, Gender: Female, HP IV: 6(0%), ATK IV: 12(0%), DEF IV: 42(0%), Work Speed: (0%), Skills: Easygoing
Lifmunk, Level: 7, Rank: 1, Gender: Female, HP IV: 12(0%), ATK IV: 83(0%), DEF IV: 37(0%), Work Speed: (0%), Skills: Clumsy
Rooby, Level: 11, Rank: 1, Gender: Male, HP IV: 78(0%), ATK IV: 81(0%), DEF IV: 22(0%), Work Speed: (0%), Skills: Noble
Rooby, Level: 3, Rank: 1, Gender: Male, HP IV: 56(0%), ATK IV: 38(0%), DEF IV: 85(0%), Work Speed: (0%), Skills: Power of Gaia
Rooby, Level: 4, Rank: 1, Gender: Female, HP IV: 76(0%), ATK IV: 93(0%), DEF IV: 24(0%), Work Speed: (0%), Skills: Mine Foreman
Rooby, Level: 4, Rank: 1, Gender: Male, HP IV: 76(0%), ATK IV: 61(0%), DEF IV: 32(0%), Work Speed: (0%), Skills: Runner
Rooby, Level: 9, Rank: 1, Gender: Male, HP IV: 27(0%), ATK IV: 73(0%), DEF IV: 11(0%), Work Speed: (0%), Skills: Logging Foreman
Syndicate Thug (Bat), Level: 10, Rank: 1, Gender: Unknown, HP IV: 7(0%), ATK IV: 92(0%), DEF IV: 47(0%), Work Speed: (0%), Skills: Logging Foreman
Karitza's 33 Pals
-----------------
Cattiva, Level: 2, Rank: 1, Gender: Female, HP IV: 24(0%), ATK IV: 63(0%), DEF IV: 74(0%), Work Speed: (0%), Skills: Coward, Impatient
Cattiva, Level: 3, Rank: 1, Gender: Female, HP IV: 91(0%), ATK IV: 34(0%), DEF IV: 39(0%), Work Speed: (0%), Skills: Coward, Zen Mind
Cattiva, Level: 3, Rank: 1, Gender: Male, HP IV: 10(0%), ATK IV: 39(0%), DEF IV: 78(0%), Work Speed: (0%), Skills: Coward, Dainty Eater, Bottomless Stomach
Cattiva, Level: 5, Rank: 1, Gender: Male, HP IV: 12(0%), ATK IV: 44(0%), DEF IV: 40(0%), Work Speed: (0%), Skills: Coward, Earthquake Resistant, Mercy hit
Cattiva, Level: 5, Rank: 1, Gender: Male, HP IV: 7(0%), ATK IV: 37(0%), DEF IV: 2(0%), Work Speed: (0%), Skills: Coward, Capacitor
Cattiva, Level: 7, Rank: 1, Gender: Male, HP IV: 19(0%), ATK IV: 27(0%), DEF IV: 70(0%), Work Speed: (0%), Skills: Coward, Ferocious
Chikipi, Level: 4, Rank: 1, Gender: Female, HP IV: 56(0%), ATK IV: 15(0%), DEF IV: 42(0%), Work Speed: (0%), Skills: Swift
Chikipi, Level: 4, Rank: 1, Gender: Male, HP IV: 93(0%), ATK IV: 72(0%), DEF IV: 73(0%), Work Speed: (0%), Skills: Waterproof
Chikipi, Level: 5, Rank: 1, Gender: Female, HP IV: 90(0%), ATK IV: 91(0%), DEF IV: 36(0%), Work Speed: (0%), Skills: Unstable
Cremis, Level: 11, Rank: 1, Gender: Male, HP IV: 24(0%), ATK IV: 35(0%), DEF IV: 57(0%), Work Speed: (0%), Skills: Unstable
Cremis, Level: 2, Rank: 1, Gender: Female, HP IV: 34(0%), ATK IV: 62(0%), DEF IV: 25(0%), Work Speed: (0%)
Cremis, Level: 3, Rank: 1, Gender: Female, HP IV: 76(0%), ATK IV: 7(0%), DEF IV: 35(0%), Work Speed: (0%), Skills: Serenity, Swift
Cremis, Level: 4, Rank: 1, Gender: Male, HP IV: 88(0%), ATK IV: 65(0%), DEF IV: 78(0%), Work Speed: (0%), Skills: Capacitor
Cremis, Level: 5, Rank: 1, Gender: Female, HP IV: 30(0%), ATK IV: 76(0%), DEF IV: 18(0%), Work Speed: (0%), Skills: Logging Foreman
Eikthyrdeer, Level: 10, Rank: 1, Gender: Male, HP IV: 62(0%), ATK IV: 18(0%), DEF IV: 95(0%), Work Speed: (0%), Skills: Unstable
Eikthyrdeer, Level: 10, Rank: 1, Gender: Male, HP IV: 81(0%), ATK IV: 2(0%), DEF IV: 89(0%), Work Speed: (0%), Skills: Downtrodden
Gumoss, Level: 2, Rank: 1, Gender: Female, HP IV: 83(0%), ATK IV: 61(0%), DEF IV: 65(0%), Work Speed: (0%), Skills: Noble
Lamball, Level: 11, Rank: 1, Gender: Female, HP IV: 30(0%), ATK IV: 36(0%), DEF IV: 64(0%), Work Speed: (0%), Skills: Infinite Stamina
Lamball, Level: 3, Rank: 1, Gender: Female, HP IV: 36(0%), ATK IV: 81(0%), DEF IV: 6(0%), Work Speed: (0%), Skills: Sadist
Lamball, Level: 3, Rank: 1, Gender: Female, HP IV: 57(0%), ATK IV: 76(0%), DEF IV: 39(0%), Work Speed: (0%), Skills: Mine Foreman
Lamball, Level: 3, Rank: 1, Gender: Female, HP IV: 85(0%), ATK IV: 75(0%), DEF IV: 99(0%), Work Speed: (0%), Skills: Hydromaniac
Lamball, Level: 5, Rank: 1, Gender: Male, HP IV: 53(0%), ATK IV: 9(0%), DEF IV: 58(0%), Work Speed: (0%), Skills: Coward
Lamball, Level: 7, Rank: 1, Gender: Male, HP IV: 87(0%), ATK IV: 31(0%), DEF IV: 89(0%), Work Speed: (0%), Skills: Slacker
Lamball, Level: 8, Rank: 1, Gender: Male, HP IV: 88(0%), ATK IV: 17(0%), DEF IV: 29(0%), Work Speed: (0%), Skills: Serious
Lifmunk, Level: 11, Rank: 1, Gender: Male, HP IV: 84(0%), ATK IV: 76(0%), DEF IV: 0(0%), Work Speed: (0%), Skills: Insulated Body
Lifmunk, Level: 5, Rank: 1, Gender: Female, HP IV: 6(0%), ATK IV: 12(0%), DEF IV: 42(0%), Work Speed: (0%), Skills: Easygoing
Lifmunk, Level: 7, Rank: 1, Gender: Female, HP IV: 12(0%), ATK IV: 83(0%), DEF IV: 37(0%), Work Speed: (0%), Skills: Clumsy
Rooby, Level: 11, Rank: 1, Gender: Male, HP IV: 78(0%), ATK IV: 81(0%), DEF IV: 22(0%), Work Speed: (0%), Skills: Noble
Rooby, Level: 3, Rank: 1, Gender: Male, HP IV: 56(0%), ATK IV: 38(0%), DEF IV: 85(0%), Work Speed: (0%), Skills: Power of Gaia
Rooby, Level: 4, Rank: 1, Gender: Female, HP IV: 76(0%), ATK IV: 93(0%), DEF IV: 24(0%), Work Speed: (0%), Skills: Mine Foreman
Rooby, Level: 4, Rank: 1, Gender: Male, HP IV: 76(0%), ATK IV: 61(0%), DEF IV: 32(0%), Work Speed: (0%), Skills: Runner
Rooby, Level: 9, Rank: 1, Gender: Male, HP IV: 27(0%), ATK IV: 73(0%), DEF IV: 11(0%), Work Speed: (0%), Skills: Logging Foreman
Syndicate Thug (Bat), Level: 10, Rank: 1, Gender: Unknown, HP IV: 7(0%), ATK IV: 92(0%), DEF IV: 47(0%), Work Speed: (0%), Skills: Logging Foreman
Karitza's 33 Pals
-----------------
Cattiva, Level: 2, Rank: 1, Gender: Female, HP IV: 24(0%), ATK IV: 63(0%), DEF IV: 74(0%), Work Speed: (0%), Skills: Coward, Impatient
Cattiva, Level: 3, Rank: 1, Gender: Female, HP IV: 91(0%), ATK IV: 34(0%), DEF IV: 39(0%), Work Speed: (0%), Skills: Coward, Zen Mind
Cattiva, Level: 3, Rank: 1, Gender: Male, HP IV: 10(0%), ATK IV: 39(0%), DEF IV: 78(0%), Work Speed: (0%), Skills: Coward, Dainty Eater, Bottomless Stomach
Cattiva, Level: 5, Rank: 1, Gender: Male, HP IV: 12(0%), ATK IV: 44(0%), DEF IV: 40(0%), Work Speed: (0%), Skills: Coward, Earthquake Resistant, Mercy hit
Cattiva, Level: 5, Rank: 1, Gender: Male, HP IV: 7(0%), ATK IV: 37(0%), DEF IV: 2(0%), Work Speed: (0%), Skills: Coward, Capacitor
Cattiva, Level: 7, Rank: 1, Gender: Male, HP IV: 19(0%), ATK IV: 27(0%), DEF IV: 70(0%), Work Speed: (0%), Skills: Coward, Ferocious
Chikipi, Level: 4, Rank: 1, Gender: Female, HP IV: 56(0%), ATK IV: 15(0%), DEF IV: 42(0%), Work Speed: (0%), Skills: Swift
Chikipi, Level: 4, Rank: 1, Gender: Male, HP IV: 93(0%), ATK IV: 72(0%), DEF IV: 73(0%), Work Speed: (0%), Skills: Waterproof
Chikipi, Level: 5, Rank: 1, Gender: Female, HP IV: 90(0%), ATK IV: 91(0%), DEF IV: 36(0%), Work Speed: (0%), Skills: Unstable
Cremis, Level: 11, Rank: 1, Gender: Male, HP IV: 24(0%), ATK IV: 35(0%), DEF IV: 57(0%), Work Speed: (0%), Skills: Unstable
Cremis, Level: 2, Rank: 1, Gender: Female, HP IV: 34(0%), ATK IV: 62(0%), DEF IV: 25(0%), Work Speed: (0%)
Cremis, Level: 3, Rank: 1, Gender: Female, HP IV: 76(0%), ATK IV: 7(0%), DEF IV: 35(0%), Work Speed: (0%), Skills: Serenity, Swift
Cremis, Level: 4, Rank: 1, Gender: Male, HP IV: 88(0%), ATK IV: 65(0%), DEF IV: 78(0%), Work Speed: (0%), Skills: Capacitor
Cremis, Level: 5, Rank: 1, Gender: Female, HP IV: 30(0%), ATK IV: 76(0%), DEF IV: 18(0%), Work Speed: (0%), Skills: Logging Foreman
Eikthyrdeer, Level: 10, Rank: 1, Gender: Male, HP IV: 62(0%), ATK IV: 18(0%), DEF IV: 95(0%), Work Speed: (0%), Skills: Unstable
Eikthyrdeer, Level: 10, Rank: 1, Gender: Male, HP IV: 81(0%), ATK IV: 2(0%), DEF IV: 89(0%), Work Speed: (0%), Skills: Downtrodden
Gumoss, Level: 2, Rank: 1, Gender: Female, HP IV: 83(0%), ATK IV: 61(0%), DEF IV: 65(0%), Work Speed: (0%), Skills: Noble
Lamball, Level: 11, Rank: 1, Gender: Female, HP IV: 30(0%), ATK IV: 36(0%), DEF IV: 64(0%), Work Speed: (0%), Skills: Infinite Stamina
Lamball, Level: 3, Rank: 1, Gender: Female, HP IV: 36(0%), ATK IV: 81(0%), DEF IV: 6(0%), Work Speed: (0%), Skills: Sadist
Lamball, Level: 3, Rank: 1, Gender: Female, HP IV: 57(0%), ATK IV: 76(0%), DEF IV: 39(0%), Work Speed: (0%), Skills: Mine Foreman
Lamball, Level: 3, Rank: 1, Gender: Female, HP IV: 85(0%), ATK IV: 75(0%), DEF IV: 99(0%), Work Speed: (0%), Skills: Hydromaniac
Lamball, Level: 5, Rank: 1, Gender: Male, HP IV: 53(0%), ATK IV: 9(0%), DEF IV: 58(0%), Work Speed: (0%), Skills: Coward
Lamball, Level: 7, Rank: 1, Gender: Male, HP IV: 87(0%), ATK IV: 31(0%), DEF IV: 89(0%), Work Speed: (0%), Skills: Slacker
Lamball, Level: 8, Rank: 1, Gender: Male, HP IV: 88(0%), ATK IV: 17(0%), DEF IV: 29(0%), Work Speed: (0%), Skills: Serious
Lifmunk, Level: 11, Rank: 1, Gender: Male, HP IV: 84(0%), ATK IV: 76(0%), DEF IV: 0(0%), Work Speed: (0%), Skills: Insulated Body
Lifmunk, Level: 5, Rank: 1, Gender: Female, HP IV: 6(0%), ATK IV: 12(0%), DEF IV: 42(0%), Work Speed: (0%), Skills: Easygoing
Lifmunk, Level: 7, Rank: 1, Gender: Female, HP IV: 12(0%), ATK IV: 83(0%), DEF IV: 37(0%), Work Speed: (0%), Skills: Clumsy
Rooby, Level: 11, Rank: 1, Gender: Male, HP IV: 78(0%), ATK IV: 81(0%), DEF IV: 22(0%), Work Speed: (0%), Skills: Noble
Rooby, Level: 3, Rank: 1, Gender: Male, HP IV: 56(0%), ATK IV: 38(0%), DEF IV: 85(0%), Work Speed: (0%), Skills: Power of Gaia
Rooby, Level: 4, Rank: 1, Gender: Female, HP IV: 76(0%), ATK IV: 93(0%), DEF IV: 24(0%), Work Speed: (0%), Skills: Mine Foreman
Rooby, Level: 4, Rank: 1, Gender: Male, HP IV: 76(0%), ATK IV: 61(0%), DEF IV: 32(0%), Work Speed: (0%), Skills: Runner
Rooby, Level: 9, Rank: 1, Gender: Male, HP IV: 27(0%), ATK IV: 73(0%), DEF IV: 11(0%), Work Speed: (0%), Skills: Logging Foreman
Syndicate Thug (Bat), Level: 10, Rank: 1, Gender: Unknown, HP IV: 7(0%), ATK IV: 92(0%), DEF IV: 47(0%), Work Speed: (0%), Skills: Logging Foreman
