KarMaCR's 12 Pals
-----------------
Cattiva, Level: 7, Rank: 1, Gender: Female, HP IV: 51(0%), ATK IV: 67(0%), DEF IV: 95(0%), Work Speed: (0%), Skills: Coward, Serious
Cattiva, Level: 7, Rank: 1, Gender: Male, HP IV: 9(0%), ATK IV: 0(0%), DEF IV: 27(0%), Work Speed: (0%), Skills: Coward, Mine Foreman, Vanguard
Depresso, Level: 3, Rank: 1, Gender: Female, HP IV: 70(0%), ATK IV: 47(0%), DEF IV: 21(0%), Work Speed: (0%), Skills: Infinite Stamina, Sickly, Hard Skin
Hoocrates, Level: 4, Rank: 1, Gender: Female, HP IV: 78(0%), ATK IV: 19(0%), DEF IV: 6(0%), Work Speed: (0%), Skills: Ferocious
Lamball, Level: 1, Rank: 1, Gender: Male, HP IV: 0(0%), ATK IV: 8(0%), DEF IV: 1(0%), Work Speed: (0%), Skills: Sickly
Lamball, Level: 4, Rank: 1, Gender: Female, HP IV: 39(0%), ATK IV: 95(0%), DEF IV: 29(0%), Work Speed: (0%), Skills: Glutton
Lifmunk, Level: 4, Rank: 1, Gender: Male, HP IV: 21(0%), ATK IV: 93(0%), DEF IV: 75(0%), Work Speed: (0%), Skills: Runner
Lifmunk, Level: 4, Rank: 1, Gender: Male, HP IV: 61(0%), ATK IV: 45(0%), DEF IV: 73(0%), Work Speed: (0%), Skills: Serenity, Botanical Barrier
Lifmunk, Level: 6, Rank: 1, Gender: Male, HP IV: 27(0%), ATK IV: 51(0%), DEF IV: 61(0%), Work Speed: (0%), Skills: Coldblooded
Lifmunk, Level: 7, Rank: 1, Gender: Male, HP IV: 41(0%), ATK IV: 64(0%), DEF IV: 14(0%), Work Speed: (0%), Skills: Bottomless Stomach
Pengullet, Level: 7, Rank: 1, Gender: Female, HP IV: 20(0%), ATK IV: 38(0%), DEF IV: 57(0%), Work Speed: (0%)
Tanzee, Level: 5, Rank: 1, Gender: Female, HP IV: 67(0%), ATK IV: 74(0%), DEF IV: 27(0%), Work Speed: (0%), Skills: Earthquake Resistant
KarMaCR's 12 Pals
-----------------
Cattiva, Level: 7, Rank: 1, Gender: Female, HP IV: 51(0%), ATK IV: 67(0%), DEF IV: 95(0%), Work Speed: (0%), Skills: Coward, Serious
Cattiva, Level: 7, Rank: 1, Gender: Male, HP IV: 9(0%), ATK IV: 0(0%), DEF IV: 27(0%), Work Speed: (0%), Skills: Coward, Mine Foreman, Vanguard
Depresso, Level: 3, Rank: 1, Gender: Female, HP IV: 70(0%), ATK IV: 47(0%), DEF IV: 21(0%), Work Speed: (0%), Skills: Infinite Stamina, Sickly, Hard Skin
Hoocrates, Level: 4, Rank: 1, Gender: Female, HP IV: 78(0%), ATK IV: 19(0%), DEF IV: 6(0%), Work Speed: (0%), Skills: Ferocious
Lamball, Level: 1, Rank: 1, Gender: Male, HP IV: 0(0%), ATK IV: 8(0%), DEF IV: 1(0%), Work Speed: (0%), Skills: Sickly
Lamball, Level: 4, Rank: 1, Gender: Female, HP IV: 39(0%), ATK IV: 95(0%), DEF IV: 29(0%), Work Speed: (0%), Skills: Glutton
Lifmunk, Level: 4, Rank: 1, Gender: Male, HP IV: 21(0%), ATK IV: 93(0%), DEF IV: 75(0%), Work Speed: (0%), Skills: Runner
Lifmunk, Level: 4, Rank: 1, Gender: Male, HP IV: 61(0%), ATK IV: 45(0%), DEF IV: 73(0%), Work Speed: (0%), Skills: Serenity, Botanical Barrier
Lifmunk, Level: 6, Rank: 1, Gender: Male, HP IV: 27(0%), ATK IV: 51(0%), DEF IV: 61(0%), Work Speed: (0%), Skills: Coldblooded
Lifmunk, Level: 7, Rank: 1, Gender: Male, HP IV: 41(0%), ATK IV: 64(0%), DEF IV: 14(0%), Work Speed: (0%), Skills: Bottomless Stomach
Pengullet, Level: 7, Rank: 1, Gender: Female, HP IV: 20(0%), ATK IV: 38(0%), DEF IV: 57(0%), Work Speed: (0%)
Tanzee, Level: 5, Rank: 1, Gender: Female, HP IV: 67(0%), ATK IV: 74(0%), DEF IV: 27(0%), Work Speed: (0%), Skills: Earthquake Resistant
KarMaCR's 12 Pals
-----------------
Cattiva, Level: 7, Rank: 1, Gender: Female, HP IV: 51(0%), ATK IV: 67(0%), DEF IV: 95(0%), Work Speed: (0%), Skills: Coward, Serious
Cattiva, Level: 7, Rank: 1, Gender: Male, HP IV: 9(0%), ATK IV: 0(0%), DEF IV: 27(0%), Work Speed: (0%), Skills: Coward, Mine Foreman, Vanguard
Depresso, Level: 3, Rank: 1, Gender: Female, HP IV: 70(0%), ATK IV: 47(0%), DEF IV: 21(0%), Work Speed: (0%), Skills: Infinite Stamina, Sickly, Hard Skin
Hoocrates, Level: 4, Rank: 1, Gender: Female, HP IV: 78(0%), ATK IV: 19(0%), DEF IV: 6(0%), Work Speed: (0%), Skills: Ferocious
Lamball, Level: 1, Rank: 1, Gender: Male, HP IV: 0(0%), ATK IV: 8(0%), DEF IV: 1(0%), Work Speed: (0%), Skills: Sickly
Lamball, Level: 4, Rank: 1, Gender: Female, HP IV: 39(0%), ATK IV: 95(0%), DEF IV: 29(0%), Work Speed: (0%), Skills: Glutton
Lifmunk, Level: 4, Rank: 1, Gender: Male, HP IV: 21(0%), ATK IV: 93(0%), DEF IV: 75(0%), Work Speed: (0%), Skills: Runner
Lifmunk, Level: 4, Rank: 1, Gender: Male, HP IV: 61(0%), ATK IV: 45(0%), DEF IV: 73(0%), Work Speed: (0%), Skills: Serenity, Botanical Barrier
Lifmunk, Level: 6, Rank: 1, Gender: Male, HP IV: 27(0%), ATK IV: 51(0%), DEF IV: 61(0%), Work Speed: (0%), Skills: Coldblooded
Lifmunk, Level: 7, Rank: 1, Gender: Male, HP IV: 41(0%), ATK IV: 64(0%), DEF IV: 14(0%), Work Speed: (0%), Skills: Bottomless Stomach
Pengullet, Level: 7, Rank: 1, Gender: Female, HP IV: 20(0%), ATK IV: 38(0%), DEF IV: 57(0%), Work Speed: (0%)
Tanzee, Level: 5, Rank: 1, Gender: Female, HP IV: 67(0%), ATK IV: 74(0%), DEF IV: 27(0%), Work Speed: (0%), Skills: Earthquake Resistant
KarMaCR's 12 Pals
-----------------
Cattiva, Level: 7, Rank: 1, Gender: Female, HP IV: 51(0%), ATK IV: 67(0%), DEF IV: 95(0%), Work Speed: (0%), Skills: Coward, Serious
Cattiva, Level: 7, Rank: 1, Gender: Male, HP IV: 9(0%), ATK IV: 0(0%), DEF IV: 27(0%), Work Speed: (0%), Skills: Coward, Mine Foreman, Vanguard
Depresso, Level: 3, Rank: 1, Gender: Female, HP IV: 70(0%), ATK IV: 47(0%), DEF IV: 21(0%), Work Speed: (0%), Skills: Infinite Stamina, Sickly, Hard Skin
Hoocrates, Level: 4, Rank: 1, Gender: Female, HP IV: 78(0%), ATK IV: 19(0%), DEF IV: 6(0%), Work Speed: (0%), Skills: Ferocious
Lamball, Level: 1, Rank: 1, Gender: Male, HP IV: 0(0%), ATK IV: 8(0%), DEF IV: 1(0%), Work Speed: (0%), Skills: Sickly
Lamball, Level: 4, Rank: 1, Gender: Female, HP IV: 39(0%), ATK IV: 95(0%), DEF IV: 29(0%), Work Speed: (0%), Skills: Glutton
Lifmunk, Level: 4, Rank: 1, Gender: Male, HP IV: 21(0%), ATK IV: 93(0%), DEF IV: 75(0%), Work Speed: (0%), Skills: Runner
Lifmunk, Level: 4, Rank: 1, Gender: Male, HP IV: 61(0%), ATK IV: 45(0%), DEF IV: 73(0%), Work Speed: (0%), Skills: Serenity, Botanical Barrier
Lifmunk, Level: 6, Rank: 1, Gender: Male, HP IV: 27(0%), ATK IV: 51(0%), DEF IV: 61(0%), Work Speed: (0%), Skills: Coldblooded
Lifmunk, Level: 7, Rank: 1, Gender: Male, HP IV: 41(0%), ATK IV: 64(0%), DEF IV: 14(0%), Work Speed: (0%), Skills: Bottomless Stomach
Pengullet, Level: 7, Rank: 1, Gender: Female, HP IV: 20(0%), ATK IV: 38(0%), DEF IV: 57(0%), Work Speed: (0%)
Tanzee, Level: 5, Rank: 1, Gender: Female, HP IV: 67(0%), ATK IV: 74(0%), DEF IV: 27(0%), Work Speed: (0%), Skills: Earthquake Resistant
KarMaCR's 12 Pals
-----------------
Cattiva, Level: 7, Rank: 1, Gender: Female, HP IV: 51(0%), ATK IV: 67(0%), DEF IV: 95(0%), Work Speed: (0%), Skills: Coward, Serious
Cattiva, Level: 7, Rank: 1, Gender: Male, HP IV: 9(0%), ATK IV: 0(0%), DEF IV: 27(0%), Work Speed: (0%), Skills: Coward, Mine Foreman, Vanguard
Depresso, Level: 3, Rank: 1, Gender: Female, HP IV: 70(0%), ATK IV: 47(0%), DEF IV: 21(0%), Work Speed: (0%), Skills: Infinite Stamina, Sickly, Hard Skin
Hoocrates, Level: 4, Rank: 1, Gender: Female, HP IV: 78(0%), ATK IV: 19(0%), DEF IV: 6(0%), Work Speed: (0%), Skills: Ferocious
Lamball, Level: 1, Rank: 1, Gender: Male, HP IV: 0(0%), ATK IV: 8(0%), DEF IV: 1(0%), Work Speed: (0%), Skills: Sickly
Lamball, Level: 4, Rank: 1, Gender: Female, HP IV: 39(0%), ATK IV: 95(0%), DEF IV: 29(0%), Work Speed: (0%), Skills: Glutton
Lifmunk, Level: 4, Rank: 1, Gender: Male, HP IV: 21(0%), ATK IV: 93(0%), DEF IV: 75(0%), Work Speed: (0%), Skills: Runner
Lifmunk, Level: 4, Rank: 1, Gender: Male, HP IV: 61(0%), ATK IV: 45(0%), DEF IV: 73(0%), Work Speed: (0%), Skills: Serenity, Botanical Barrier
Lifmunk, Level: 6, Rank: 1, Gender: Male, HP IV: 27(0%), ATK IV: 51(0%), DEF IV: 61(0%), Work Speed: (0%), Skills: Coldblooded
Lifmunk, Level: 7, Rank: 1, Gender: Male, HP IV: 41(0%), ATK IV: 64(0%), DEF IV: 14(0%), Work Speed: (0%), Skills: Bottomless Stomach
Pengullet, Level: 7, Rank: 1, Gender: Female, HP IV: 20(0%), ATK IV: 38(0%), DEF IV: 57(0%), Work Speed: (0%)
Tanzee, Level: 5, Rank: 1, Gender: Female, HP IV: 67(0%), ATK IV: 74(0%), DEF IV: 27(0%), Work Speed: (0%), Skills: Earthquake Resistant
KarMaCR's 12 Pals
-----------------
Cattiva, Level: 7, Rank: 1, Gender: Female, HP IV: 51(0%), ATK IV: 67(0%), DEF IV: 95(0%), Work Speed: (0%), Skills: Coward, Serious
Cattiva, Level: 7, Rank: 1, Gender: Male, HP IV: 9(0%), ATK IV: 0(0%), DEF IV: 27(0%), Work Speed: (0%), Skills: Coward, Mine Foreman, Vanguard
Depresso, Level: 3, Rank: 1, Gender: Female, HP IV: 70(0%), ATK IV: 47(0%), DEF IV: 21(0%), Work Speed: (0%), Skills: Infinite Stamina, Sickly, Hard Skin
Hoocrates, Level: 4, Rank: 1, Gender: Female, HP IV: 78(0%), ATK IV: 19(0%), DEF IV: 6(0%), Work Speed: (0%), Skills: Ferocious
Lamball, Level: 1, Rank: 1, Gender: Male, HP IV: 0(0%), ATK IV: 8(0%), DEF IV: 1(0%), Work Speed: (0%), Skills: Sickly
Lamball, Level: 4, Rank: 1, Gender: Female, HP IV: 39(0%), ATK IV: 95(0%), DEF IV: 29(0%), Work Speed: (0%), Skills: Glutton
Lifmunk, Level: 4, Rank: 1, Gender: Male, HP IV: 21(0%), ATK IV: 93(0%), DEF IV: 75(0%), Work Speed: (0%), Skills: Runner
Lifmunk, Level: 4, Rank: 1, Gender: Male, HP IV: 61(0%), ATK IV: 45(0%), DEF IV: 73(0%), Work Speed: (0%), Skills: Serenity, Botanical Barrier
Lifmunk, Level: 6, Rank: 1, Gender: Male, HP IV: 27(0%), ATK IV: 51(0%), DEF IV: 61(0%), Work Speed: (0%), Skills: Coldblooded
Lifmunk, Level: 7, Rank: 1, Gender: Male, HP IV: 41(0%), ATK IV: 64(0%), DEF IV: 14(0%), Work Speed: (0%), Skills: Bottomless Stomach
Pengullet, Level: 7, Rank: 1, Gender: Female, HP IV: 20(0%), ATK IV: 38(0%), DEF IV: 57(0%), Work Speed: (0%)
Tanzee, Level: 5, Rank: 1, Gender: Female, HP IV: 67(0%), ATK IV: 74(0%), DEF IV: 27(0%), Work Speed: (0%), Skills: Earthquake Resistant
KarMaCR's 12 Pals
-----------------
Cattiva, Level: 7, Rank: 1, Gender: Female, HP IV: 51(0%), ATK IV: 67(0%), DEF IV: 95(0%), Work Speed: (0%), Skills: Coward, Serious
Cattiva, Level: 7, Rank: 1, Gender: Male, HP IV: 9(0%), ATK IV: 0(0%), DEF IV: 27(0%), Work Speed: (0%), Skills: Coward, Mine Foreman, Vanguard
Depresso, Level: 3, Rank: 1, Gender: Female, HP IV: 70(0%), ATK IV: 47(0%), DEF IV: 21(0%), Work Speed: (0%), Skills: Infinite Stamina, Sickly, Hard Skin
Hoocrates, Level: 4, Rank: 1, Gender: Female, HP IV: 78(0%), ATK IV: 19(0%), DEF IV: 6(0%), Work Speed: (0%), Skills: Ferocious
Lamball, Level: 1, Rank: 1, Gender: Male, HP IV: 0(0%), ATK IV: 8(0%), DEF IV: 1(0%), Work Speed: (0%), Skills: Sickly
Lamball, Level: 4, Rank: 1, Gender: Female, HP IV: 39(0%), ATK IV: 95(0%), DEF IV: 29(0%), Work Speed: (0%), Skills: Glutton
Lifmunk, Level: 4, Rank: 1, Gender: Male, HP IV: 21(0%), ATK IV: 93(0%), DEF IV: 75(0%), Work Speed: (0%), Skills: Runner
Lifmunk, Level: 4, Rank: 1, Gender: Male, HP IV: 61(0%), ATK IV: 45(0%), DEF IV: 73(0%), Work Speed: (0%), Skills: Serenity, Botanical Barrier
Lifmunk, Level: 6, Rank: 1, Gender: Male, HP IV: 27(0%), ATK IV: 51(0%), DEF IV: 61(0%), Work Speed: (0%), Skills: Coldblooded
Lifmunk, Level: 7, Rank: 1, Gender: Male, HP IV: 41(0%), ATK IV: 64(0%), DEF IV: 14(0%), Work Speed: (0%), Skills: Bottomless Stomach
Pengullet, Level: 7, Rank: 1, Gender: Female, HP IV: 20(0%), ATK IV: 38(0%), DEF IV: 57(0%), Work Speed: (0%)
Tanzee, Level: 5, Rank: 1, Gender: Female, HP IV: 67(0%), ATK IV: 74(0%), DEF IV: 27(0%), Work Speed: (0%), Skills: Earthquake Resistant
KarMaCR's 12 Pals
-----------------
Cattiva, Level: 7, Rank: 1, Gender: Female, HP IV: 51(0%), ATK IV: 67(0%), DEF IV: 95(0%), Work Speed: (0%), Skills: Coward, Serious
Cattiva, Level: 7, Rank: 1, Gender: Male, HP IV: 9(0%), ATK IV: 0(0%), DEF IV: 27(0%), Work Speed: (0%), Skills: Coward, Mine Foreman, Vanguard
Depresso, Level: 3, Rank: 1, Gender: Female, HP IV: 70(0%), ATK IV: 47(0%), DEF IV: 21(0%), Work Speed: (0%), Skills: Infinite Stamina, Sickly, Hard Skin
Hoocrates, Level: 4, Rank: 1, Gender: Female, HP IV: 78(0%), ATK IV: 19(0%), DEF IV: 6(0%), Work Speed: (0%), Skills: Ferocious
Lamball, Level: 1, Rank: 1, Gender: Male, HP IV: 0(0%), ATK IV: 8(0%), DEF IV: 1(0%), Work Speed: (0%), Skills: Sickly
Lamball, Level: 4, Rank: 1, Gender: Female, HP IV: 39(0%), ATK IV: 95(0%), DEF IV: 29(0%), Work Speed: (0%), Skills: Glutton
Lifmunk, Level: 4, Rank: 1, Gender: Male, HP IV: 21(0%), ATK IV: 93(0%), DEF IV: 75(0%), Work Speed: (0%), Skills: Runner
Lifmunk, Level: 4, Rank: 1, Gender: Male, HP IV: 61(0%), ATK IV: 45(0%), DEF IV: 73(0%), Work Speed: (0%), Skills: Serenity, Botanical Barrier
Lifmunk, Level: 6, Rank: 1, Gender: Male, HP IV: 27(0%), ATK IV: 51(0%), DEF IV: 61(0%), Work Speed: (0%), Skills: Coldblooded
Lifmunk, Level: 7, Rank: 1, Gender: Male, HP IV: 41(0%), ATK IV: 64(0%), DEF IV: 14(0%), Work Speed: (0%), Skills: Bottomless Stomach
Pengullet, Level: 7, Rank: 1, Gender: Female, HP IV: 20(0%), ATK IV: 38(0%), DEF IV: 57(0%), Work Speed: (0%)
Tanzee, Level: 5, Rank: 1, Gender: Female, HP IV: 67(0%), ATK IV: 74(0%), DEF IV: 27(0%), Work Speed: (0%), Skills: Earthquake Resistant
KarMaCR's 12 Pals
-----------------
Cattiva, Level: 7, Rank: 1, Gender: Female, HP IV: 51(0%), ATK IV: 67(0%), DEF IV: 95(0%), Work Speed: (0%), Skills: Coward, Serious
Cattiva, Level: 7, Rank: 1, Gender: Male, HP IV: 9(0%), ATK IV: 0(0%), DEF IV: 27(0%), Work Speed: (0%), Skills: Coward, Mine Foreman, Vanguard
Depresso, Level: 3, Rank: 1, Gender: Female, HP IV: 70(0%), ATK IV: 47(0%), DEF IV: 21(0%), Work Speed: (0%), Skills: Infinite Stamina, Sickly, Hard Skin
Hoocrates, Level: 4, Rank: 1, Gender: Female, HP IV: 78(0%), ATK IV: 19(0%), DEF IV: 6(0%), Work Speed: (0%), Skills: Ferocious
Lamball, Level: 1, Rank: 1, Gender: Male, HP IV: 0(0%), ATK IV: 8(0%), DEF IV: 1(0%), Work Speed: (0%), Skills: Sickly
Lamball, Level: 4, Rank: 1, Gender: Female, HP IV: 39(0%), ATK IV: 95(0%), DEF IV: 29(0%), Work Speed: (0%), Skills: Glutton
Lifmunk, Level: 4, Rank: 1, Gender: Male, HP IV: 21(0%), ATK IV: 93(0%), DEF IV: 75(0%), Work Speed: (0%), Skills: Runner
Lifmunk, Level: 4, Rank: 1, Gender: Male, HP IV: 61(0%), ATK IV: 45(0%), DEF IV: 73(0%), Work Speed: (0%), Skills: Serenity, Botanical Barrier
Lifmunk, Level: 6, Rank: 1, Gender: Male, HP IV: 27(0%), ATK IV: 51(0%), DEF IV: 61(0%), Work Speed: (0%), Skills: Coldblooded
Lifmunk, Level: 7, Rank: 1, Gender: Male, HP IV: 41(0%), ATK IV: 64(0%), DEF IV: 14(0%), Work Speed: (0%), Skills: Bottomless Stomach
Pengullet, Level: 7, Rank: 1, Gender: Female, HP IV: 20(0%), ATK IV: 38(0%), DEF IV: 57(0%), Work Speed: (0%)
Tanzee, Level: 5, Rank: 1, Gender: Female, HP IV: 67(0%), ATK IV: 74(0%), DEF IV: 27(0%), Work Speed: (0%), Skills: Earthquake Resistant
KarMaCR's 12 Pals
-----------------
Cattiva, Level: 7, Rank: 1, Gender: Female, HP IV: 51(0%), ATK IV: 67(0%), DEF IV: 95(0%), Work Speed: (0%), Skills: Coward, Serious
Cattiva, Level: 7, Rank: 1, Gender: Male, HP IV: 9(0%), ATK IV: 0(0%), DEF IV: 27(0%), Work Speed: (0%), Skills: Coward, Mine Foreman, Vanguard
Depresso, Level: 3, Rank: 1, Gender: Female, HP IV: 70(0%), ATK IV: 47(0%), DEF IV: 21(0%), Work Speed: (0%), Skills: Infinite Stamina, Sickly, Hard Skin
Hoocrates, Level: 4, Rank: 1, Gender: Female, HP IV: 78(0%), ATK IV: 19(0%), DEF IV: 6(0%), Work Speed: (0%), Skills: Ferocious
Lamball, Level: 1, Rank: 1, Gender: Male, HP IV: 0(0%), ATK IV: 8(0%), DEF IV: 1(0%), Work Speed: (0%), Skills: Sickly
Lamball, Level: 4, Rank: 1, Gender: Female, HP IV: 39(0%), ATK IV: 95(0%), DEF IV: 29(0%), Work Speed: (0%), Skills: Glutton
Lifmunk, Level: 4, Rank: 1, Gender: Male, HP IV: 21(0%), ATK IV: 93(0%), DEF IV: 75(0%), Work Speed: (0%), Skills: Runner
Lifmunk, Level: 4, Rank: 1, Gender: Male, HP IV: 61(0%), ATK IV: 45(0%), DEF IV: 73(0%), Work Speed: (0%), Skills: Serenity, Botanical Barrier
Lifmunk, Level: 6, Rank: 1, Gender: Male, HP IV: 27(0%), ATK IV: 51(0%), DEF IV: 61(0%), Work Speed: (0%), Skills: Coldblooded
Lifmunk, Level: 7, Rank: 1, Gender: Male, HP IV: 41(0%), ATK IV: 64(0%), DEF IV: 14(0%), Work Speed: (0%), Skills: Bottomless Stomach
Pengullet, Level: 7, Rank: 1, Gender: Female, HP IV: 20(0%), ATK IV: 38(0%), DEF IV: 57(0%), Work Speed: (0%)
Tanzee, Level: 5, Rank: 1, Gender: Female, HP IV: 67(0%), ATK IV: 74(0%), DEF IV: 27(0%), Work Speed: (0%), Skills: Earthquake Resistant
KarMaCR's 12 Pals
-----------------
Cattiva, Level: 7, Rank: 1, Gender: Female, HP IV: 51(0%), ATK IV: 67(0%), DEF IV: 95(0%), Work Speed: (0%), Skills: Coward, Serious
Cattiva, Level: 7, Rank: 1, Gender: Male, HP IV: 9(0%), ATK IV: 0(0%), DEF IV: 27(0%), Work Speed: (0%), Skills: Coward, Mine Foreman, Vanguard
Depresso, Level: 3, Rank: 1, Gender: Female, HP IV: 70(0%), ATK IV: 47(0%), DEF IV: 21(0%), Work Speed: (0%), Skills: Infinite Stamina, Sickly, Hard Skin
Hoocrates, Level: 4, Rank: 1, Gender: Female, HP IV: 78(0%), ATK IV: 19(0%), DEF IV: 6(0%), Work Speed: (0%), Skills: Ferocious
Lamball, Level: 1, Rank: 1, Gender: Male, HP IV: 0(0%), ATK IV: 8(0%), DEF IV: 1(0%), Work Speed: (0%), Skills: Sickly
Lamball, Level: 4, Rank: 1, Gender: Female, HP IV: 39(0%), ATK IV: 95(0%), DEF IV: 29(0%), Work Speed: (0%), Skills: Glutton
Lifmunk, Level: 4, Rank: 1, Gender: Male, HP IV: 21(0%), ATK IV: 93(0%), DEF IV: 75(0%), Work Speed: (0%), Skills: Runner
Lifmunk, Level: 4, Rank: 1, Gender: Male, HP IV: 61(0%), ATK IV: 45(0%), DEF IV: 73(0%), Work Speed: (0%), Skills: Serenity, Botanical Barrier
Lifmunk, Level: 6, Rank: 1, Gender: Male, HP IV: 27(0%), ATK IV: 51(0%), DEF IV: 61(0%), Work Speed: (0%), Skills: Coldblooded
Lifmunk, Level: 7, Rank: 1, Gender: Male, HP IV: 41(0%), ATK IV: 64(0%), DEF IV: 14(0%), Work Speed: (0%), Skills: Bottomless Stomach
Pengullet, Level: 7, Rank: 1, Gender: Female, HP IV: 20(0%), ATK IV: 38(0%), DEF IV: 57(0%), Work Speed: (0%)
Tanzee, Level: 5, Rank: 1, Gender: Female, HP IV: 67(0%), ATK IV: 74(0%), DEF IV: 27(0%), Work Speed: (0%), Skills: Earthquake Resistant
KarMaCR's 12 Pals
-----------------
Cattiva, Level: 7, Rank: 1, Gender: Female, HP IV: 51(0%), ATK IV: 67(0%), DEF IV: 95(0%), Work Speed: (0%), Skills: Coward, Serious
Cattiva, Level: 7, Rank: 1, Gender: Male, HP IV: 9(0%), ATK IV: 0(0%), DEF IV: 27(0%), Work Speed: (0%), Skills: Coward, Mine Foreman, Vanguard
Depresso, Level: 3, Rank: 1, Gender: Female, HP IV: 70(0%), ATK IV: 47(0%), DEF IV: 21(0%), Work Speed: (0%), Skills: Infinite Stamina, Sickly, Hard Skin
Hoocrates, Level: 4, Rank: 1, Gender: Female, HP IV: 78(0%), ATK IV: 19(0%), DEF IV: 6(0%), Work Speed: (0%), Skills: Ferocious
Lamball, Level: 1, Rank: 1, Gender: Male, HP IV: 0(0%), ATK IV: 8(0%), DEF IV: 1(0%), Work Speed: (0%), Skills: Sickly
Lamball, Level: 4, Rank: 1, Gender: Female, HP IV: 39(0%), ATK IV: 95(0%), DEF IV: 29(0%), Work Speed: (0%), Skills: Glutton
Lifmunk, Level: 4, Rank: 1, Gender: Male, HP IV: 21(0%), ATK IV: 93(0%), DEF IV: 75(0%), Work Speed: (0%), Skills: Runner
Lifmunk, Level: 4, Rank: 1, Gender: Male, HP IV: 61(0%), ATK IV: 45(0%), DEF IV: 73(0%), Work Speed: (0%), Skills: Serenity, Botanical Barrier
Lifmunk, Level: 6, Rank: 1, Gender: Male, HP IV: 27(0%), ATK IV: 51(0%), DEF IV: 61(0%), Work Speed: (0%), Skills: Coldblooded
Lifmunk, Level: 7, Rank: 1, Gender: Male, HP IV: 41(0%), ATK IV: 64(0%), DEF IV: 14(0%), Work Speed: (0%), Skills: Bottomless Stomach
Pengullet, Level: 7, Rank: 1, Gender: Female, HP IV: 20(0%), ATK IV: 38(0%), DEF IV: 57(0%), Work Speed: (0%)
Tanzee, Level: 5, Rank: 1, Gender: Female, HP IV: 67(0%), ATK IV: 74(0%), DEF IV: 27(0%), Work Speed: (0%), Skills: Earthquake Resistant
KarMaCR's 12 Pals
-----------------
Cattiva, Level: 7, Rank: 1, Gender: Female, HP IV: 51(0%), ATK IV: 67(0%), DEF IV: 95(0%), Work Speed: (0%), Skills: Coward, Serious
Cattiva, Level: 7, Rank: 1, Gender: Male, HP IV: 9(0%), ATK IV: 0(0%), DEF IV: 27(0%), Work Speed: (0%), Skills: Coward, Mine Foreman, Vanguard
Depresso, Level: 3, Rank: 1, Gender: Female, HP IV: 70(0%), ATK IV: 47(0%), DEF IV: 21(0%), Work Speed: (0%), Skills: Infinite Stamina, Sickly, Hard Skin
Hoocrates, Level: 4, Rank: 1, Gender: Female, HP IV: 78(0%), ATK IV: 19(0%), DEF IV: 6(0%), Work Speed: (0%), Skills: Ferocious
Lamball, Level: 1, Rank: 1, Gender: Male, HP IV: 0(0%), ATK IV: 8(0%), DEF IV: 1(0%), Work Speed: (0%), Skills: Sickly
Lamball, Level: 4, Rank: 1, Gender: Female, HP IV: 39(0%), ATK IV: 95(0%), DEF IV: 29(0%), Work Speed: (0%), Skills: Glutton
Lifmunk, Level: 4, Rank: 1, Gender: Male, HP IV: 21(0%), ATK IV: 93(0%), DEF IV: 75(0%), Work Speed: (0%), Skills: Runner
Lifmunk, Level: 4, Rank: 1, Gender: Male, HP IV: 61(0%), ATK IV: 45(0%), DEF IV: 73(0%), Work Speed: (0%), Skills: Serenity, Botanical Barrier
Lifmunk, Level: 6, Rank: 1, Gender: Male, HP IV: 27(0%), ATK IV: 51(0%), DEF IV: 61(0%), Work Speed: (0%), Skills: Coldblooded
Lifmunk, Level: 7, Rank: 1, Gender: Male, HP IV: 41(0%), ATK IV: 64(0%), DEF IV: 14(0%), Work Speed: (0%), Skills: Bottomless Stomach
Pengullet, Level: 7, Rank: 1, Gender: Female, HP IV: 20(0%), ATK IV: 38(0%), DEF IV: 57(0%), Work Speed: (0%)
Tanzee, Level: 5, Rank: 1, Gender: Female, HP IV: 67(0%), ATK IV: 74(0%), DEF IV: 27(0%), Work Speed: (0%), Skills: Earthquake Resistant
KarMaCR's 12 Pals
-----------------
Cattiva, Level: 7, Rank: 1, Gender: Female, HP IV: 51(0%), ATK IV: 67(0%), DEF IV: 95(0%), Work Speed: (0%), Skills: Coward, Serious
Cattiva, Level: 7, Rank: 1, Gender: Male, HP IV: 9(0%), ATK IV: 0(0%), DEF IV: 27(0%), Work Speed: (0%), Skills: Coward, Mine Foreman, Vanguard
Depresso, Level: 3, Rank: 1, Gender: Female, HP IV: 70(0%), ATK IV: 47(0%), DEF IV: 21(0%), Work Speed: (0%), Skills: Infinite Stamina, Sickly, Hard Skin
Hoocrates, Level: 4, Rank: 1, Gender: Female, HP IV: 78(0%), ATK IV: 19(0%), DEF IV: 6(0%), Work Speed: (0%), Skills: Ferocious
Lamball, Level: 1, Rank: 1, Gender: Male, HP IV: 0(0%), ATK IV: 8(0%), DEF IV: 1(0%), Work Speed: (0%), Skills: Sickly
Lamball, Level: 4, Rank: 1, Gender: Female, HP IV: 39(0%), ATK IV: 95(0%), DEF IV: 29(0%), Work Speed: (0%), Skills: Glutton
Lifmunk, Level: 4, Rank: 1, Gender: Male, HP IV: 21(0%), ATK IV: 93(0%), DEF IV: 75(0%), Work Speed: (0%), Skills: Runner
Lifmunk, Level: 4, Rank: 1, Gender: Male, HP IV: 61(0%), ATK IV: 45(0%), DEF IV: 73(0%), Work Speed: (0%), Skills: Serenity, Botanical Barrier
Lifmunk, Level: 6, Rank: 1, Gender: Male, HP IV: 27(0%), ATK IV: 51(0%), DEF IV: 61(0%), Work Speed: (0%), Skills: Coldblooded
Lifmunk, Level: 7, Rank: 1, Gender: Male, HP IV: 41(0%), ATK IV: 64(0%), DEF IV: 14(0%), Work Speed: (0%), Skills: Bottomless Stomach
Pengullet, Level: 7, Rank: 1, Gender: Female, HP IV: 20(0%), ATK IV: 38(0%), DEF IV: 57(0%), Work Speed: (0%)
Tanzee, Level: 5, Rank: 1, Gender: Female, HP IV: 67(0%), ATK IV: 74(0%), DEF IV: 27(0%), Work Speed: (0%), Skills: Earthquake Resistant
