Killer_Jon_Yeet's 3 Pals
------------------------
Direhowl, Level: 10, Rank: 1, Gender: Female, HP IV: 91(0%), ATK IV: 13(0%), DEF IV: 35(0%), Work Speed: (0%), Skills: Pacifist
Lamball, Level: 6, Rank: 1, Gender: Female, HP IV: 100(0%), ATK IV: 29(0%), DEF IV: 41(0%), Work Speed: (0%), Skills: Swift
Tanzee, Level: 6, Rank: 1, Gender: Female, HP IV: 71(0%), ATK IV: 21(0%), DEF IV: 53(0%), Work Speed: (0%), Skills: Clumsy
Killer_Jon_Yeet's 3 Pals
------------------------
Direhowl, Level: 10, Rank: 1, Gender: Female, HP IV: 91(0%), ATK IV: 13(0%), DEF IV: 35(0%), Work Speed: (0%), Skills: Pacifist
Lamball, Level: 6, Rank: 1, Gender: Female, HP IV: 100(0%), ATK IV: 29(0%), DEF IV: 41(0%), Work Speed: (0%), Skills: Swift
Tanzee, Level: 6, Rank: 1, Gender: Female, HP IV: 71(0%), ATK IV: 21(0%), DEF IV: 53(0%), Work Speed: (0%), Skills: Clumsy
Killer_Jon_Yeet's 3 Pals
------------------------
Direhowl, Level: 10, Rank: 1, Gender: Female, HP IV: 91(0%), ATK IV: 13(0%), DEF IV: 35(0%), Work Speed: (0%), Skills: Pacifist
Lamball, Level: 6, Rank: 1, Gender: Female, HP IV: 100(0%), ATK IV: 29(0%), DEF IV: 41(0%), Work Speed: (0%), Skills: Swift
Tanzee, Level: 6, Rank: 1, Gender: Female, HP IV: 71(0%), ATK IV: 21(0%), DEF IV: 53(0%), Work Speed: (0%), Skills: Clumsy
Killer_Jon_Yeet's 3 Pals
------------------------
Direhowl, Level: 10, Rank: 1, Gender: Female, HP IV: 91(0%), ATK IV: 13(0%), DEF IV: 35(0%), Work Speed: (0%), Skills: Pacifist
Lamball, Level: 6, Rank: 1, Gender: Female, HP IV: 100(0%), ATK IV: 29(0%), DEF IV: 41(0%), Work Speed: (0%), Skills: Swift
Tanzee, Level: 6, Rank: 1, Gender: Female, HP IV: 71(0%), ATK IV: 21(0%), DEF IV: 53(0%), Work Speed: (0%), Skills: Clumsy
Killer_Jon_Yeet's 3 Pals
------------------------
Direhowl, Level: 10, Rank: 1, Gender: Female, HP IV: 91(0%), ATK IV: 13(0%), DEF IV: 35(0%), Work Speed: (0%), Skills: Pacifist
Lamball, Level: 6, Rank: 1, Gender: Female, HP IV: 100(0%), ATK IV: 29(0%), DEF IV: 41(0%), Work Speed: (0%), Skills: Swift
Tanzee, Level: 6, Rank: 1, Gender: Female, HP IV: 71(0%), ATK IV: 21(0%), DEF IV: 53(0%), Work Speed: (0%), Skills: Clumsy
Killer_Jon_Yeet's 3 Pals
------------------------
Direhowl, Level: 10, Rank: 1, Gender: Female, HP IV: 91(0%), ATK IV: 13(0%), DEF IV: 35(0%), Work Speed: (0%), Skills: Pacifist
Lamball, Level: 6, Rank: 1, Gender: Female, HP IV: 100(0%), ATK IV: 29(0%), DEF IV: 41(0%), Work Speed: (0%), Skills: Swift
Tanzee, Level: 6, Rank: 1, Gender: Female, HP IV: 71(0%), ATK IV: 21(0%), DEF IV: 53(0%), Work Speed: (0%), Skills: Clumsy
Killer_Jon_Yeet's 3 Pals
------------------------
Direhowl, Level: 10, Rank: 1, Gender: Female, HP IV: 91(0%), ATK IV: 13(0%), DEF IV: 35(0%), Work Speed: (0%), Skills: Pacifist
Lamball, Level: 6, Rank: 1, Gender: Female, HP IV: 100(0%), ATK IV: 29(0%), DEF IV: 41(0%), Work Speed: (0%), Skills: Swift
Tanzee, Level: 6, Rank: 1, Gender: Female, HP IV: 71(0%), ATK IV: 21(0%), DEF IV: 53(0%), Work Speed: (0%), Skills: Clumsy
Killer_Jon_Yeet's 3 Pals
------------------------
Direhowl, Level: 10, Rank: 1, Gender: Female, HP IV: 91(0%), ATK IV: 13(0%), DEF IV: 35(0%), Work Speed: (0%), Skills: Pacifist
Lamball, Level: 6, Rank: 1, Gender: Female, HP IV: 100(0%), ATK IV: 29(0%), DEF IV: 41(0%), Work Speed: (0%), Skills: Swift
Tanzee, Level: 6, Rank: 1, Gender: Female, HP IV: 71(0%), ATK IV: 21(0%), DEF IV: 53(0%), Work Speed: (0%), Skills: Clumsy
Killer_Jon_Yeet's 3 Pals
------------------------
Direhowl, Level: 10, Rank: 1, Gender: Female, HP IV: 91(0%), ATK IV: 13(0%), DEF IV: 35(0%), Work Speed: (0%), Skills: Pacifist
Lamball, Level: 6, Rank: 1, Gender: Female, HP IV: 100(0%), ATK IV: 29(0%), DEF IV: 41(0%), Work Speed: (0%), Skills: Swift
Tanzee, Level: 6, Rank: 1, Gender: Female, HP IV: 71(0%), ATK IV: 21(0%), DEF IV: 53(0%), Work Speed: (0%), Skills: Clumsy
Killer_Jon_Yeet's 3 Pals
------------------------
Direhowl, Level: 10, Rank: 1, Gender: Female, HP IV: 91(0%), ATK IV: 13(0%), DEF IV: 35(0%), Work Speed: (0%), Skills: Pacifist
Lamball, Level: 6, Rank: 1, Gender: Female, HP IV: 100(0%), ATK IV: 29(0%), DEF IV: 41(0%), Work Speed: (0%), Skills: Swift
Tanzee, Level: 6, Rank: 1, Gender: Female, HP IV: 71(0%), ATK IV: 21(0%), DEF IV: 53(0%), Work Speed: (0%), Skills: Clumsy
