Kingorgi's 38 Pals
------------------
Alpha Dumud, Level: 14, Rank: 1, Gender: Male, HP IV: 98(0%), ATK IV: 82(0%), DEF IV: 93(0%), Work Speed: (0%), Skills: Aggressive
Caprity, Level: 9, Rank: 1, Gender: Female, HP IV: 9(0%), ATK IV: 16(0%), DEF IV: 47(0%), Work Speed: (0%), Skills: Workaholic
Cattiva, Level: 3, Rank: 1, Gender: Female, HP IV: 94(0%), ATK IV: 25(0%), DEF IV: 48(0%), Work Speed: (0%), Skills: Coward, Power of Gaia
Chikipi, Level: 2, Rank: 1, Gender: Female, HP IV: 37(0%), ATK IV: 68(0%), DEF IV: 61(0%), Work Speed: (0%), Skills: Logging Foreman
Chikipi, Level: 3, Rank: 1, Gender: Female, HP IV: 4(0%), ATK IV: 70(0%), DEF IV: 88(0%), Work Speed: (0%), Skills: Logging Foreman
Chikipi, Level: 3, Rank: 1, Gender: Female, HP IV: 72(0%), ATK IV: 64(0%), DEF IV: 77(0%), Work Speed: (0%), Skills: Noble
Chikipi, Level: 5, Rank: 1, Gender: Male, HP IV: 1(0%), ATK IV: 56(0%), DEF IV: 29(0%), Work Speed: (0%), Skills: Nocturnal
Chikipi, Level: 5, Rank: 1, Gender: Male, HP IV: 38(0%), ATK IV: 86(0%), DEF IV: 87(0%), Work Speed: (0%), Skills: Runner
Daedream, Level: 4, Rank: 1, Gender: Male, HP IV: 52(0%), ATK IV: 83(0%), DEF IV: 62(0%), Work Speed: (0%), Skills: Artisan
Daedream, Level: 5, Rank: 1, Gender: Female, HP IV: 32(0%), ATK IV: 68(0%), DEF IV: 67(0%), Work Speed: (0%), Skills: Waterproof
Dinossom, Level: 12, Rank: 1, Gender: Male, HP IV: 2(0%), ATK IV: 33(0%), DEF IV: 97(0%), Work Speed: (0%), Skills: Clumsy
Dinossom, Level: 13, Rank: 1, Gender: Female, HP IV: 64(0%), ATK IV: 69(0%), DEF IV: 91(0%), Work Speed: (0%), Skills: Work Slave
Direhowl, Level: 13, Rank: 1, Gender: Female, HP IV: 8(0%), ATK IV: 8(0%), DEF IV: 97(0%), Work Speed: (0%), Skills: Nimble
Eikthyrdeer, Level: 11, Rank: 1, Gender: Female, HP IV: 76(0%), ATK IV: 65(0%), DEF IV: 46(0%), Work Speed: (0%), Skills: Positive Thinker
Foxparks, Level: 13, Rank: 1, Gender: Female, HP IV: 82(0%), ATK IV: 37(0%), DEF IV: 38(0%), Work Speed: (0%)
Foxparks, Level: 2, Rank: 1, Gender: Female, HP IV: 42(0%), ATK IV: 40(0%), DEF IV: 53(0%), Work Speed: (0%), Skills: Fine Furs
Foxparks, Level: 2, Rank: 1, Gender: Female, HP IV: 87(0%), ATK IV: 51(0%), DEF IV: 51(0%), Work Speed: (0%), Skills: Hydromaniac
Foxparks, Level: 2, Rank: 1, Gender: Male, HP IV: 66(0%), ATK IV: 9(0%), DEF IV: 71(0%), Work Speed: (0%), Skills: Hydromaniac
Foxparks, Level: 5, Rank: 1, Gender: Female, HP IV: 20(0%), ATK IV: 26(0%), DEF IV: 37(0%), Work Speed: (0%), Skills: Brittle
Foxparks, Level: 9, Rank: 1, Gender: Female, HP IV: 83(0%), ATK IV: 66(0%), DEF IV: 93(0%), Work Speed: (0%), Skills: Cheery
Lamball, Level: 3, Rank: 1, Gender: Female, HP IV: 44(0%), ATK IV: 97(0%), DEF IV: 48(0%), Work Speed: (0%), Skills: Musclehead
Lamball, Level: 3, Rank: 1, Gender: Male, HP IV: 87(0%), ATK IV: 79(0%), DEF IV: 84(0%), Work Speed: (0%), Skills: Noble
Lamball, Level: 5, Rank: 1, Gender: Female, HP IV: 74(0%), ATK IV: 85(0%), DEF IV: 83(0%), Work Speed: (0%), Skills: Earthquake Resistant
Lamball, Level: 5, Rank: 1, Gender: Female, HP IV: 76(0%), ATK IV: 67(0%), DEF IV: 30(0%), Work Speed: (0%), Skills: Stronghold Strategist
Lamball, Level: 7, Rank: 1, Gender: Female, HP IV: 96(0%), ATK IV: 70(0%), DEF IV: 71(0%), Work Speed: (0%), Skills: Downtrodden
Nitewing, Level: 12, Rank: 1, Gender: Female, HP IV: 83(0%), ATK IV: 55(0%), DEF IV: 3(0%), Work Speed: (0%), Skills: Brave
Nox, Level: 3, Rank: 1, Gender: Female, HP IV: 56(0%), ATK IV: 31(0%), DEF IV: 9(0%), Work Speed: (0%), Skills: Infinite Stamina
Ribbuny, Level: 2, Rank: 1, Gender: Female, HP IV: 35(0%), ATK IV: 3(0%), DEF IV: 84(0%), Work Speed: (0%)
Ribbuny, Level: 2, Rank: 1, Gender: Male, HP IV: 53(0%), ATK IV: 18(0%), DEF IV: 32(0%), Work Speed: (0%), Skills: Coldblooded, Diet Lover
Ribbuny, Level: 3, Rank: 1, Gender: Male, HP IV: 35(0%), ATK IV: 45(0%), DEF IV: 2(0%), Work Speed: (0%), Skills: Diet Lover
Ribbuny, Level: 5, Rank: 1, Gender: Female, HP IV: 9(0%), ATK IV: 56(0%), DEF IV: 89(0%), Work Speed: (0%), Skills: Nimble
Ribbuny, Level: 5, Rank: 1, Gender: Male, HP IV: 19(0%), ATK IV: 71(0%), DEF IV: 73(0%), Work Speed: (0%), Skills: Pacifist
Rushoar, Level: 13, Rank: 1, Gender: Male, HP IV: 60(0%), ATK IV: 3(0%), DEF IV: 26(0%), Work Speed: (0%), Skills: Coldblooded
Teafant, Level: 4, Rank: 1, Gender: Female, HP IV: 42(0%), ATK IV: 91(0%), DEF IV: 47(0%), Work Speed: (0%), Skills: Power of Gaia
Teafant, Level: 4, Rank: 1, Gender: Female, HP IV: 58(0%), ATK IV: 2(0%), DEF IV: 25(0%), Work Speed: (0%), Skills: Zen Mind
Teafant, Level: 4, Rank: 1, Gender: Male, HP IV: 49(0%), ATK IV: 49(0%), DEF IV: 92(0%), Work Speed: (0%), Skills: Waterproof
Teafant, Level: 5, Rank: 1, Gender: Male, HP IV: 5(0%), ATK IV: 83(0%), DEF IV: 23(0%), Work Speed: (0%), Skills: Ferocious
Traveling Merchant, Level: 1, Rank: 1, Gender: Unknown, HP IV: 41(0%), ATK IV: 78(0%), DEF IV: 30(0%), Work Speed: (0%), Skills: Motivational Leader
Kingorgi's 38 Pals
------------------
Alpha Dumud, Level: 14, Rank: 1, Gender: Male, HP IV: 98(0%), ATK IV: 82(0%), DEF IV: 93(0%), Work Speed: (0%), Skills: Aggressive
Caprity, Level: 9, Rank: 1, Gender: Female, HP IV: 9(0%), ATK IV: 16(0%), DEF IV: 47(0%), Work Speed: (0%), Skills: Workaholic
Cattiva, Level: 3, Rank: 1, Gender: Female, HP IV: 94(0%), ATK IV: 25(0%), DEF IV: 48(0%), Work Speed: (0%), Skills: Coward, Power of Gaia
Chikipi, Level: 2, Rank: 1, Gender: Female, HP IV: 37(0%), ATK IV: 68(0%), DEF IV: 61(0%), Work Speed: (0%), Skills: Logging Foreman
Chikipi, Level: 3, Rank: 1, Gender: Female, HP IV: 4(0%), ATK IV: 70(0%), DEF IV: 88(0%), Work Speed: (0%), Skills: Logging Foreman
Chikipi, Level: 3, Rank: 1, Gender: Female, HP IV: 72(0%), ATK IV: 64(0%), DEF IV: 77(0%), Work Speed: (0%), Skills: Noble
Chikipi, Level: 5, Rank: 1, Gender: Male, HP IV: 1(0%), ATK IV: 56(0%), DEF IV: 29(0%), Work Speed: (0%), Skills: Nocturnal
Chikipi, Level: 5, Rank: 1, Gender: Male, HP IV: 38(0%), ATK IV: 86(0%), DEF IV: 87(0%), Work Speed: (0%), Skills: Runner
Daedream, Level: 4, Rank: 1, Gender: Male, HP IV: 52(0%), ATK IV: 83(0%), DEF IV: 62(0%), Work Speed: (0%), Skills: Artisan
Daedream, Level: 5, Rank: 1, Gender: Female, HP IV: 32(0%), ATK IV: 68(0%), DEF IV: 67(0%), Work Speed: (0%), Skills: Waterproof
Dinossom, Level: 12, Rank: 1, Gender: Male, HP IV: 2(0%), ATK IV: 33(0%), DEF IV: 97(0%), Work Speed: (0%), Skills: Clumsy
Dinossom, Level: 13, Rank: 1, Gender: Female, HP IV: 64(0%), ATK IV: 69(0%), DEF IV: 91(0%), Work Speed: (0%), Skills: Work Slave
Direhowl, Level: 13, Rank: 1, Gender: Female, HP IV: 8(0%), ATK IV: 8(0%), DEF IV: 97(0%), Work Speed: (0%), Skills: Nimble
Eikthyrdeer, Level: 11, Rank: 1, Gender: Female, HP IV: 76(0%), ATK IV: 65(0%), DEF IV: 46(0%), Work Speed: (0%), Skills: Positive Thinker
Foxparks, Level: 13, Rank: 1, Gender: Female, HP IV: 82(0%), ATK IV: 37(0%), DEF IV: 38(0%), Work Speed: (0%)
Foxparks, Level: 2, Rank: 1, Gender: Female, HP IV: 42(0%), ATK IV: 40(0%), DEF IV: 53(0%), Work Speed: (0%), Skills: Fine Furs
Foxparks, Level: 2, Rank: 1, Gender: Female, HP IV: 87(0%), ATK IV: 51(0%), DEF IV: 51(0%), Work Speed: (0%), Skills: Hydromaniac
Foxparks, Level: 2, Rank: 1, Gender: Male, HP IV: 66(0%), ATK IV: 9(0%), DEF IV: 71(0%), Work Speed: (0%), Skills: Hydromaniac
Foxparks, Level: 5, Rank: 1, Gender: Female, HP IV: 20(0%), ATK IV: 26(0%), DEF IV: 37(0%), Work Speed: (0%), Skills: Brittle
Foxparks, Level: 9, Rank: 1, Gender: Female, HP IV: 83(0%), ATK IV: 66(0%), DEF IV: 93(0%), Work Speed: (0%), Skills: Cheery
Lamball, Level: 3, Rank: 1, Gender: Female, HP IV: 44(0%), ATK IV: 97(0%), DEF IV: 48(0%), Work Speed: (0%), Skills: Musclehead
Lamball, Level: 3, Rank: 1, Gender: Male, HP IV: 87(0%), ATK IV: 79(0%), DEF IV: 84(0%), Work Speed: (0%), Skills: Noble
Lamball, Level: 5, Rank: 1, Gender: Female, HP IV: 74(0%), ATK IV: 85(0%), DEF IV: 83(0%), Work Speed: (0%), Skills: Earthquake Resistant
Lamball, Level: 5, Rank: 1, Gender: Female, HP IV: 76(0%), ATK IV: 67(0%), DEF IV: 30(0%), Work Speed: (0%), Skills: Stronghold Strategist
Lamball, Level: 7, Rank: 1, Gender: Female, HP IV: 96(0%), ATK IV: 70(0%), DEF IV: 71(0%), Work Speed: (0%), Skills: Downtrodden
Nitewing, Level: 12, Rank: 1, Gender: Female, HP IV: 83(0%), ATK IV: 55(0%), DEF IV: 3(0%), Work Speed: (0%), Skills: Brave
Nox, Level: 3, Rank: 1, Gender: Female, HP IV: 56(0%), ATK IV: 31(0%), DEF IV: 9(0%), Work Speed: (0%), Skills: Infinite Stamina
Ribbuny, Level: 2, Rank: 1, Gender: Female, HP IV: 35(0%), ATK IV: 3(0%), DEF IV: 84(0%), Work Speed: (0%)
Ribbuny, Level: 2, Rank: 1, Gender: Male, HP IV: 53(0%), ATK IV: 18(0%), DEF IV: 32(0%), Work Speed: (0%), Skills: Coldblooded, Diet Lover
Ribbuny, Level: 3, Rank: 1, Gender: Male, HP IV: 35(0%), ATK IV: 45(0%), DEF IV: 2(0%), Work Speed: (0%), Skills: Diet Lover
Ribbuny, Level: 5, Rank: 1, Gender: Female, HP IV: 9(0%), ATK IV: 56(0%), DEF IV: 89(0%), Work Speed: (0%), Skills: Nimble
Ribbuny, Level: 5, Rank: 1, Gender: Male, HP IV: 19(0%), ATK IV: 71(0%), DEF IV: 73(0%), Work Speed: (0%), Skills: Pacifist
Rushoar, Level: 13, Rank: 1, Gender: Male, HP IV: 60(0%), ATK IV: 3(0%), DEF IV: 26(0%), Work Speed: (0%), Skills: Coldblooded
Teafant, Level: 4, Rank: 1, Gender: Female, HP IV: 42(0%), ATK IV: 91(0%), DEF IV: 47(0%), Work Speed: (0%), Skills: Power of Gaia
Teafant, Level: 4, Rank: 1, Gender: Female, HP IV: 58(0%), ATK IV: 2(0%), DEF IV: 25(0%), Work Speed: (0%), Skills: Zen Mind
Teafant, Level: 4, Rank: 1, Gender: Male, HP IV: 49(0%), ATK IV: 49(0%), DEF IV: 92(0%), Work Speed: (0%), Skills: Waterproof
Teafant, Level: 5, Rank: 1, Gender: Male, HP IV: 5(0%), ATK IV: 83(0%), DEF IV: 23(0%), Work Speed: (0%), Skills: Ferocious
Traveling Merchant, Level: 1, Rank: 1, Gender: Unknown, HP IV: 41(0%), ATK IV: 78(0%), DEF IV: 30(0%), Work Speed: (0%), Skills: Motivational Leader
Kingorgi's 38 Pals
------------------
Alpha Dumud, Level: 14, Rank: 1, Gender: Male, HP IV: 98(0%), ATK IV: 82(0%), DEF IV: 93(0%), Work Speed: (0%), Skills: Aggressive
Caprity, Level: 9, Rank: 1, Gender: Female, HP IV: 9(0%), ATK IV: 16(0%), DEF IV: 47(0%), Work Speed: (0%), Skills: Workaholic
Cattiva, Level: 3, Rank: 1, Gender: Female, HP IV: 94(0%), ATK IV: 25(0%), DEF IV: 48(0%), Work Speed: (0%), Skills: Coward, Power of Gaia
Chikipi, Level: 2, Rank: 1, Gender: Female, HP IV: 37(0%), ATK IV: 68(0%), DEF IV: 61(0%), Work Speed: (0%), Skills: Logging Foreman
Chikipi, Level: 3, Rank: 1, Gender: Female, HP IV: 4(0%), ATK IV: 70(0%), DEF IV: 88(0%), Work Speed: (0%), Skills: Logging Foreman
Chikipi, Level: 3, Rank: 1, Gender: Female, HP IV: 72(0%), ATK IV: 64(0%), DEF IV: 77(0%), Work Speed: (0%), Skills: Noble
Chikipi, Level: 5, Rank: 1, Gender: Male, HP IV: 1(0%), ATK IV: 56(0%), DEF IV: 29(0%), Work Speed: (0%), Skills: Nocturnal
Chikipi, Level: 5, Rank: 1, Gender: Male, HP IV: 38(0%), ATK IV: 86(0%), DEF IV: 87(0%), Work Speed: (0%), Skills: Runner
Daedream, Level: 4, Rank: 1, Gender: Male, HP IV: 52(0%), ATK IV: 83(0%), DEF IV: 62(0%), Work Speed: (0%), Skills: Artisan
Daedream, Level: 5, Rank: 1, Gender: Female, HP IV: 32(0%), ATK IV: 68(0%), DEF IV: 67(0%), Work Speed: (0%), Skills: Waterproof
Dinossom, Level: 12, Rank: 1, Gender: Male, HP IV: 2(0%), ATK IV: 33(0%), DEF IV: 97(0%), Work Speed: (0%), Skills: Clumsy
Dinossom, Level: 13, Rank: 1, Gender: Female, HP IV: 64(0%), ATK IV: 69(0%), DEF IV: 91(0%), Work Speed: (0%), Skills: Work Slave
Direhowl, Level: 13, Rank: 1, Gender: Female, HP IV: 8(0%), ATK IV: 8(0%), DEF IV: 97(0%), Work Speed: (0%), Skills: Nimble
Eikthyrdeer, Level: 11, Rank: 1, Gender: Female, HP IV: 76(0%), ATK IV: 65(0%), DEF IV: 46(0%), Work Speed: (0%), Skills: Positive Thinker
Foxparks, Level: 13, Rank: 1, Gender: Female, HP IV: 82(0%), ATK IV: 37(0%), DEF IV: 38(0%), Work Speed: (0%)
Foxparks, Level: 2, Rank: 1, Gender: Female, HP IV: 42(0%), ATK IV: 40(0%), DEF IV: 53(0%), Work Speed: (0%), Skills: Fine Furs
Foxparks, Level: 2, Rank: 1, Gender: Female, HP IV: 87(0%), ATK IV: 51(0%), DEF IV: 51(0%), Work Speed: (0%), Skills: Hydromaniac
Foxparks, Level: 2, Rank: 1, Gender: Male, HP IV: 66(0%), ATK IV: 9(0%), DEF IV: 71(0%), Work Speed: (0%), Skills: Hydromaniac
Foxparks, Level: 5, Rank: 1, Gender: Female, HP IV: 20(0%), ATK IV: 26(0%), DEF IV: 37(0%), Work Speed: (0%), Skills: Brittle
Foxparks, Level: 9, Rank: 1, Gender: Female, HP IV: 83(0%), ATK IV: 66(0%), DEF IV: 93(0%), Work Speed: (0%), Skills: Cheery
Lamball, Level: 3, Rank: 1, Gender: Female, HP IV: 44(0%), ATK IV: 97(0%), DEF IV: 48(0%), Work Speed: (0%), Skills: Musclehead
Lamball, Level: 3, Rank: 1, Gender: Male, HP IV: 87(0%), ATK IV: 79(0%), DEF IV: 84(0%), Work Speed: (0%), Skills: Noble
Lamball, Level: 5, Rank: 1, Gender: Female, HP IV: 74(0%), ATK IV: 85(0%), DEF IV: 83(0%), Work Speed: (0%), Skills: Earthquake Resistant
Lamball, Level: 5, Rank: 1, Gender: Female, HP IV: 76(0%), ATK IV: 67(0%), DEF IV: 30(0%), Work Speed: (0%), Skills: Stronghold Strategist
Lamball, Level: 7, Rank: 1, Gender: Female, HP IV: 96(0%), ATK IV: 70(0%), DEF IV: 71(0%), Work Speed: (0%), Skills: Downtrodden
Nitewing, Level: 12, Rank: 1, Gender: Female, HP IV: 83(0%), ATK IV: 55(0%), DEF IV: 3(0%), Work Speed: (0%), Skills: Brave
Nox, Level: 3, Rank: 1, Gender: Female, HP IV: 56(0%), ATK IV: 31(0%), DEF IV: 9(0%), Work Speed: (0%), Skills: Infinite Stamina
Ribbuny, Level: 2, Rank: 1, Gender: Female, HP IV: 35(0%), ATK IV: 3(0%), DEF IV: 84(0%), Work Speed: (0%)
Ribbuny, Level: 2, Rank: 1, Gender: Male, HP IV: 53(0%), ATK IV: 18(0%), DEF IV: 32(0%), Work Speed: (0%), Skills: Coldblooded, Diet Lover
Ribbuny, Level: 3, Rank: 1, Gender: Male, HP IV: 35(0%), ATK IV: 45(0%), DEF IV: 2(0%), Work Speed: (0%), Skills: Diet Lover
Ribbuny, Level: 5, Rank: 1, Gender: Female, HP IV: 9(0%), ATK IV: 56(0%), DEF IV: 89(0%), Work Speed: (0%), Skills: Nimble
Ribbuny, Level: 5, Rank: 1, Gender: Male, HP IV: 19(0%), ATK IV: 71(0%), DEF IV: 73(0%), Work Speed: (0%), Skills: Pacifist
Rushoar, Level: 13, Rank: 1, Gender: Male, HP IV: 60(0%), ATK IV: 3(0%), DEF IV: 26(0%), Work Speed: (0%), Skills: Coldblooded
Teafant, Level: 4, Rank: 1, Gender: Female, HP IV: 42(0%), ATK IV: 91(0%), DEF IV: 47(0%), Work Speed: (0%), Skills: Power of Gaia
Teafant, Level: 4, Rank: 1, Gender: Female, HP IV: 58(0%), ATK IV: 2(0%), DEF IV: 25(0%), Work Speed: (0%), Skills: Zen Mind
Teafant, Level: 4, Rank: 1, Gender: Male, HP IV: 49(0%), ATK IV: 49(0%), DEF IV: 92(0%), Work Speed: (0%), Skills: Waterproof
Teafant, Level: 5, Rank: 1, Gender: Male, HP IV: 5(0%), ATK IV: 83(0%), DEF IV: 23(0%), Work Speed: (0%), Skills: Ferocious
Traveling Merchant, Level: 1, Rank: 1, Gender: Unknown, HP IV: 41(0%), ATK IV: 78(0%), DEF IV: 30(0%), Work Speed: (0%), Skills: Motivational Leader
Kingorgi's 38 Pals
------------------
Alpha Dumud, Level: 14, Rank: 1, Gender: Male, HP IV: 98(0%), ATK IV: 82(0%), DEF IV: 93(0%), Work Speed: (0%), Skills: Aggressive
Caprity, Level: 9, Rank: 1, Gender: Female, HP IV: 9(0%), ATK IV: 16(0%), DEF IV: 47(0%), Work Speed: (0%), Skills: Workaholic
Cattiva, Level: 3, Rank: 1, Gender: Female, HP IV: 94(0%), ATK IV: 25(0%), DEF IV: 48(0%), Work Speed: (0%), Skills: Coward, Power of Gaia
Chikipi, Level: 2, Rank: 1, Gender: Female, HP IV: 37(0%), ATK IV: 68(0%), DEF IV: 61(0%), Work Speed: (0%), Skills: Logging Foreman
Chikipi, Level: 3, Rank: 1, Gender: Female, HP IV: 4(0%), ATK IV: 70(0%), DEF IV: 88(0%), Work Speed: (0%), Skills: Logging Foreman
Chikipi, Level: 3, Rank: 1, Gender: Female, HP IV: 72(0%), ATK IV: 64(0%), DEF IV: 77(0%), Work Speed: (0%), Skills: Noble
Chikipi, Level: 5, Rank: 1, Gender: Male, HP IV: 1(0%), ATK IV: 56(0%), DEF IV: 29(0%), Work Speed: (0%), Skills: Nocturnal
Chikipi, Level: 5, Rank: 1, Gender: Male, HP IV: 38(0%), ATK IV: 86(0%), DEF IV: 87(0%), Work Speed: (0%), Skills: Runner
Daedream, Level: 4, Rank: 1, Gender: Male, HP IV: 52(0%), ATK IV: 83(0%), DEF IV: 62(0%), Work Speed: (0%), Skills: Artisan
Daedream, Level: 5, Rank: 1, Gender: Female, HP IV: 32(0%), ATK IV: 68(0%), DEF IV: 67(0%), Work Speed: (0%), Skills: Waterproof
Dinossom, Level: 12, Rank: 1, Gender: Male, HP IV: 2(0%), ATK IV: 33(0%), DEF IV: 97(0%), Work Speed: (0%), Skills: Clumsy
Dinossom, Level: 13, Rank: 1, Gender: Female, HP IV: 64(0%), ATK IV: 69(0%), DEF IV: 91(0%), Work Speed: (0%), Skills: Work Slave
Direhowl, Level: 13, Rank: 1, Gender: Female, HP IV: 8(0%), ATK IV: 8(0%), DEF IV: 97(0%), Work Speed: (0%), Skills: Nimble
Eikthyrdeer, Level: 11, Rank: 1, Gender: Female, HP IV: 76(0%), ATK IV: 65(0%), DEF IV: 46(0%), Work Speed: (0%), Skills: Positive Thinker
Foxparks, Level: 13, Rank: 1, Gender: Female, HP IV: 82(0%), ATK IV: 37(0%), DEF IV: 38(0%), Work Speed: (0%)
Foxparks, Level: 2, Rank: 1, Gender: Female, HP IV: 42(0%), ATK IV: 40(0%), DEF IV: 53(0%), Work Speed: (0%), Skills: Fine Furs
Foxparks, Level: 2, Rank: 1, Gender: Female, HP IV: 87(0%), ATK IV: 51(0%), DEF IV: 51(0%), Work Speed: (0%), Skills: Hydromaniac
Foxparks, Level: 2, Rank: 1, Gender: Male, HP IV: 66(0%), ATK IV: 9(0%), DEF IV: 71(0%), Work Speed: (0%), Skills: Hydromaniac
Foxparks, Level: 5, Rank: 1, Gender: Female, HP IV: 20(0%), ATK IV: 26(0%), DEF IV: 37(0%), Work Speed: (0%), Skills: Brittle
Foxparks, Level: 9, Rank: 1, Gender: Female, HP IV: 83(0%), ATK IV: 66(0%), DEF IV: 93(0%), Work Speed: (0%), Skills: Cheery
Lamball, Level: 3, Rank: 1, Gender: Female, HP IV: 44(0%), ATK IV: 97(0%), DEF IV: 48(0%), Work Speed: (0%), Skills: Musclehead
Lamball, Level: 3, Rank: 1, Gender: Male, HP IV: 87(0%), ATK IV: 79(0%), DEF IV: 84(0%), Work Speed: (0%), Skills: Noble
Lamball, Level: 5, Rank: 1, Gender: Female, HP IV: 74(0%), ATK IV: 85(0%), DEF IV: 83(0%), Work Speed: (0%), Skills: Earthquake Resistant
Lamball, Level: 5, Rank: 1, Gender: Female, HP IV: 76(0%), ATK IV: 67(0%), DEF IV: 30(0%), Work Speed: (0%), Skills: Stronghold Strategist
Lamball, Level: 7, Rank: 1, Gender: Female, HP IV: 96(0%), ATK IV: 70(0%), DEF IV: 71(0%), Work Speed: (0%), Skills: Downtrodden
Nitewing, Level: 12, Rank: 1, Gender: Female, HP IV: 83(0%), ATK IV: 55(0%), DEF IV: 3(0%), Work Speed: (0%), Skills: Brave
Nox, Level: 3, Rank: 1, Gender: Female, HP IV: 56(0%), ATK IV: 31(0%), DEF IV: 9(0%), Work Speed: (0%), Skills: Infinite Stamina
Ribbuny, Level: 2, Rank: 1, Gender: Female, HP IV: 35(0%), ATK IV: 3(0%), DEF IV: 84(0%), Work Speed: (0%)
Ribbuny, Level: 2, Rank: 1, Gender: Male, HP IV: 53(0%), ATK IV: 18(0%), DEF IV: 32(0%), Work Speed: (0%), Skills: Coldblooded, Diet Lover
Ribbuny, Level: 3, Rank: 1, Gender: Male, HP IV: 35(0%), ATK IV: 45(0%), DEF IV: 2(0%), Work Speed: (0%), Skills: Diet Lover
Ribbuny, Level: 5, Rank: 1, Gender: Female, HP IV: 9(0%), ATK IV: 56(0%), DEF IV: 89(0%), Work Speed: (0%), Skills: Nimble
Ribbuny, Level: 5, Rank: 1, Gender: Male, HP IV: 19(0%), ATK IV: 71(0%), DEF IV: 73(0%), Work Speed: (0%), Skills: Pacifist
Rushoar, Level: 13, Rank: 1, Gender: Male, HP IV: 60(0%), ATK IV: 3(0%), DEF IV: 26(0%), Work Speed: (0%), Skills: Coldblooded
Teafant, Level: 4, Rank: 1, Gender: Female, HP IV: 42(0%), ATK IV: 91(0%), DEF IV: 47(0%), Work Speed: (0%), Skills: Power of Gaia
Teafant, Level: 4, Rank: 1, Gender: Female, HP IV: 58(0%), ATK IV: 2(0%), DEF IV: 25(0%), Work Speed: (0%), Skills: Zen Mind
Teafant, Level: 4, Rank: 1, Gender: Male, HP IV: 49(0%), ATK IV: 49(0%), DEF IV: 92(0%), Work Speed: (0%), Skills: Waterproof
Teafant, Level: 5, Rank: 1, Gender: Male, HP IV: 5(0%), ATK IV: 83(0%), DEF IV: 23(0%), Work Speed: (0%), Skills: Ferocious
Traveling Merchant, Level: 1, Rank: 1, Gender: Unknown, HP IV: 41(0%), ATK IV: 78(0%), DEF IV: 30(0%), Work Speed: (0%), Skills: Motivational Leader
Kingorgi's 38 Pals
------------------
Alpha Dumud, Level: 14, Rank: 1, Gender: Male, HP IV: 98(0%), ATK IV: 82(0%), DEF IV: 93(0%), Work Speed: (0%), Skills: Aggressive
Caprity, Level: 9, Rank: 1, Gender: Female, HP IV: 9(0%), ATK IV: 16(0%), DEF IV: 47(0%), Work Speed: (0%), Skills: Workaholic
Cattiva, Level: 3, Rank: 1, Gender: Female, HP IV: 94(0%), ATK IV: 25(0%), DEF IV: 48(0%), Work Speed: (0%), Skills: Coward, Power of Gaia
Chikipi, Level: 2, Rank: 1, Gender: Female, HP IV: 37(0%), ATK IV: 68(0%), DEF IV: 61(0%), Work Speed: (0%), Skills: Logging Foreman
Chikipi, Level: 3, Rank: 1, Gender: Female, HP IV: 4(0%), ATK IV: 70(0%), DEF IV: 88(0%), Work Speed: (0%), Skills: Logging Foreman
Chikipi, Level: 3, Rank: 1, Gender: Female, HP IV: 72(0%), ATK IV: 64(0%), DEF IV: 77(0%), Work Speed: (0%), Skills: Noble
Chikipi, Level: 5, Rank: 1, Gender: Male, HP IV: 1(0%), ATK IV: 56(0%), DEF IV: 29(0%), Work Speed: (0%), Skills: Nocturnal
Chikipi, Level: 5, Rank: 1, Gender: Male, HP IV: 38(0%), ATK IV: 86(0%), DEF IV: 87(0%), Work Speed: (0%), Skills: Runner
Daedream, Level: 4, Rank: 1, Gender: Male, HP IV: 52(0%), ATK IV: 83(0%), DEF IV: 62(0%), Work Speed: (0%), Skills: Artisan
Daedream, Level: 5, Rank: 1, Gender: Female, HP IV: 32(0%), ATK IV: 68(0%), DEF IV: 67(0%), Work Speed: (0%), Skills: Waterproof
Dinossom, Level: 12, Rank: 1, Gender: Male, HP IV: 2(0%), ATK IV: 33(0%), DEF IV: 97(0%), Work Speed: (0%), Skills: Clumsy
Dinossom, Level: 13, Rank: 1, Gender: Female, HP IV: 64(0%), ATK IV: 69(0%), DEF IV: 91(0%), Work Speed: (0%), Skills: Work Slave
Direhowl, Level: 13, Rank: 1, Gender: Female, HP IV: 8(0%), ATK IV: 8(0%), DEF IV: 97(0%), Work Speed: (0%), Skills: Nimble
Eikthyrdeer, Level: 11, Rank: 1, Gender: Female, HP IV: 76(0%), ATK IV: 65(0%), DEF IV: 46(0%), Work Speed: (0%), Skills: Positive Thinker
Foxparks, Level: 13, Rank: 1, Gender: Female, HP IV: 82(0%), ATK IV: 37(0%), DEF IV: 38(0%), Work Speed: (0%)
Foxparks, Level: 2, Rank: 1, Gender: Female, HP IV: 42(0%), ATK IV: 40(0%), DEF IV: 53(0%), Work Speed: (0%), Skills: Fine Furs
Foxparks, Level: 2, Rank: 1, Gender: Female, HP IV: 87(0%), ATK IV: 51(0%), DEF IV: 51(0%), Work Speed: (0%), Skills: Hydromaniac
Foxparks, Level: 2, Rank: 1, Gender: Male, HP IV: 66(0%), ATK IV: 9(0%), DEF IV: 71(0%), Work Speed: (0%), Skills: Hydromaniac
Foxparks, Level: 5, Rank: 1, Gender: Female, HP IV: 20(0%), ATK IV: 26(0%), DEF IV: 37(0%), Work Speed: (0%), Skills: Brittle
Foxparks, Level: 9, Rank: 1, Gender: Female, HP IV: 83(0%), ATK IV: 66(0%), DEF IV: 93(0%), Work Speed: (0%), Skills: Cheery
Lamball, Level: 3, Rank: 1, Gender: Female, HP IV: 44(0%), ATK IV: 97(0%), DEF IV: 48(0%), Work Speed: (0%), Skills: Musclehead
Lamball, Level: 3, Rank: 1, Gender: Male, HP IV: 87(0%), ATK IV: 79(0%), DEF IV: 84(0%), Work Speed: (0%), Skills: Noble
Lamball, Level: 5, Rank: 1, Gender: Female, HP IV: 74(0%), ATK IV: 85(0%), DEF IV: 83(0%), Work Speed: (0%), Skills: Earthquake Resistant
Lamball, Level: 5, Rank: 1, Gender: Female, HP IV: 76(0%), ATK IV: 67(0%), DEF IV: 30(0%), Work Speed: (0%), Skills: Stronghold Strategist
Lamball, Level: 7, Rank: 1, Gender: Female, HP IV: 96(0%), ATK IV: 70(0%), DEF IV: 71(0%), Work Speed: (0%), Skills: Downtrodden
Nitewing, Level: 12, Rank: 1, Gender: Female, HP IV: 83(0%), ATK IV: 55(0%), DEF IV: 3(0%), Work Speed: (0%), Skills: Brave
Nox, Level: 3, Rank: 1, Gender: Female, HP IV: 56(0%), ATK IV: 31(0%), DEF IV: 9(0%), Work Speed: (0%), Skills: Infinite Stamina
Ribbuny, Level: 2, Rank: 1, Gender: Female, HP IV: 35(0%), ATK IV: 3(0%), DEF IV: 84(0%), Work Speed: (0%)
Ribbuny, Level: 2, Rank: 1, Gender: Male, HP IV: 53(0%), ATK IV: 18(0%), DEF IV: 32(0%), Work Speed: (0%), Skills: Coldblooded, Diet Lover
Ribbuny, Level: 3, Rank: 1, Gender: Male, HP IV: 35(0%), ATK IV: 45(0%), DEF IV: 2(0%), Work Speed: (0%), Skills: Diet Lover
Ribbuny, Level: 5, Rank: 1, Gender: Female, HP IV: 9(0%), ATK IV: 56(0%), DEF IV: 89(0%), Work Speed: (0%), Skills: Nimble
Ribbuny, Level: 5, Rank: 1, Gender: Male, HP IV: 19(0%), ATK IV: 71(0%), DEF IV: 73(0%), Work Speed: (0%), Skills: Pacifist
Rushoar, Level: 13, Rank: 1, Gender: Male, HP IV: 60(0%), ATK IV: 3(0%), DEF IV: 26(0%), Work Speed: (0%), Skills: Coldblooded
Teafant, Level: 4, Rank: 1, Gender: Female, HP IV: 42(0%), ATK IV: 91(0%), DEF IV: 47(0%), Work Speed: (0%), Skills: Power of Gaia
Teafant, Level: 4, Rank: 1, Gender: Female, HP IV: 58(0%), ATK IV: 2(0%), DEF IV: 25(0%), Work Speed: (0%), Skills: Zen Mind
Teafant, Level: 4, Rank: 1, Gender: Male, HP IV: 49(0%), ATK IV: 49(0%), DEF IV: 92(0%), Work Speed: (0%), Skills: Waterproof
Teafant, Level: 5, Rank: 1, Gender: Male, HP IV: 5(0%), ATK IV: 83(0%), DEF IV: 23(0%), Work Speed: (0%), Skills: Ferocious
Traveling Merchant, Level: 1, Rank: 1, Gender: Unknown, HP IV: 41(0%), ATK IV: 78(0%), DEF IV: 30(0%), Work Speed: (0%), Skills: Motivational Leader
Kingorgi's 38 Pals
------------------
Alpha Dumud, Level: 14, Rank: 1, Gender: Male, HP IV: 98(0%), ATK IV: 82(0%), DEF IV: 93(0%), Work Speed: (0%), Skills: Aggressive
Caprity, Level: 9, Rank: 1, Gender: Female, HP IV: 9(0%), ATK IV: 16(0%), DEF IV: 47(0%), Work Speed: (0%), Skills: Workaholic
Cattiva, Level: 3, Rank: 1, Gender: Female, HP IV: 94(0%), ATK IV: 25(0%), DEF IV: 48(0%), Work Speed: (0%), Skills: Coward, Power of Gaia
Chikipi, Level: 2, Rank: 1, Gender: Female, HP IV: 37(0%), ATK IV: 68(0%), DEF IV: 61(0%), Work Speed: (0%), Skills: Logging Foreman
Chikipi, Level: 3, Rank: 1, Gender: Female, HP IV: 4(0%), ATK IV: 70(0%), DEF IV: 88(0%), Work Speed: (0%), Skills: Logging Foreman
Chikipi, Level: 3, Rank: 1, Gender: Female, HP IV: 72(0%), ATK IV: 64(0%), DEF IV: 77(0%), Work Speed: (0%), Skills: Noble
Chikipi, Level: 5, Rank: 1, Gender: Male, HP IV: 1(0%), ATK IV: 56(0%), DEF IV: 29(0%), Work Speed: (0%), Skills: Nocturnal
Chikipi, Level: 5, Rank: 1, Gender: Male, HP IV: 38(0%), ATK IV: 86(0%), DEF IV: 87(0%), Work Speed: (0%), Skills: Runner
Daedream, Level: 4, Rank: 1, Gender: Male, HP IV: 52(0%), ATK IV: 83(0%), DEF IV: 62(0%), Work Speed: (0%), Skills: Artisan
Daedream, Level: 5, Rank: 1, Gender: Female, HP IV: 32(0%), ATK IV: 68(0%), DEF IV: 67(0%), Work Speed: (0%), Skills: Waterproof
Dinossom, Level: 12, Rank: 1, Gender: Male, HP IV: 2(0%), ATK IV: 33(0%), DEF IV: 97(0%), Work Speed: (0%), Skills: Clumsy
Dinossom, Level: 13, Rank: 1, Gender: Female, HP IV: 64(0%), ATK IV: 69(0%), DEF IV: 91(0%), Work Speed: (0%), Skills: Work Slave
Direhowl, Level: 13, Rank: 1, Gender: Female, HP IV: 8(0%), ATK IV: 8(0%), DEF IV: 97(0%), Work Speed: (0%), Skills: Nimble
Eikthyrdeer, Level: 11, Rank: 1, Gender: Female, HP IV: 76(0%), ATK IV: 65(0%), DEF IV: 46(0%), Work Speed: (0%), Skills: Positive Thinker
Foxparks, Level: 13, Rank: 1, Gender: Female, HP IV: 82(0%), ATK IV: 37(0%), DEF IV: 38(0%), Work Speed: (0%)
Foxparks, Level: 2, Rank: 1, Gender: Female, HP IV: 42(0%), ATK IV: 40(0%), DEF IV: 53(0%), Work Speed: (0%), Skills: Fine Furs
Foxparks, Level: 2, Rank: 1, Gender: Female, HP IV: 87(0%), ATK IV: 51(0%), DEF IV: 51(0%), Work Speed: (0%), Skills: Hydromaniac
Foxparks, Level: 2, Rank: 1, Gender: Male, HP IV: 66(0%), ATK IV: 9(0%), DEF IV: 71(0%), Work Speed: (0%), Skills: Hydromaniac
Foxparks, Level: 5, Rank: 1, Gender: Female, HP IV: 20(0%), ATK IV: 26(0%), DEF IV: 37(0%), Work Speed: (0%), Skills: Brittle
Foxparks, Level: 9, Rank: 1, Gender: Female, HP IV: 83(0%), ATK IV: 66(0%), DEF IV: 93(0%), Work Speed: (0%), Skills: Cheery
Lamball, Level: 3, Rank: 1, Gender: Female, HP IV: 44(0%), ATK IV: 97(0%), DEF IV: 48(0%), Work Speed: (0%), Skills: Musclehead
Lamball, Level: 3, Rank: 1, Gender: Male, HP IV: 87(0%), ATK IV: 79(0%), DEF IV: 84(0%), Work Speed: (0%), Skills: Noble
Lamball, Level: 5, Rank: 1, Gender: Female, HP IV: 74(0%), ATK IV: 85(0%), DEF IV: 83(0%), Work Speed: (0%), Skills: Earthquake Resistant
Lamball, Level: 5, Rank: 1, Gender: Female, HP IV: 76(0%), ATK IV: 67(0%), DEF IV: 30(0%), Work Speed: (0%), Skills: Stronghold Strategist
Lamball, Level: 7, Rank: 1, Gender: Female, HP IV: 96(0%), ATK IV: 70(0%), DEF IV: 71(0%), Work Speed: (0%), Skills: Downtrodden
Nitewing, Level: 12, Rank: 1, Gender: Female, HP IV: 83(0%), ATK IV: 55(0%), DEF IV: 3(0%), Work Speed: (0%), Skills: Brave
Nox, Level: 3, Rank: 1, Gender: Female, HP IV: 56(0%), ATK IV: 31(0%), DEF IV: 9(0%), Work Speed: (0%), Skills: Infinite Stamina
Ribbuny, Level: 2, Rank: 1, Gender: Female, HP IV: 35(0%), ATK IV: 3(0%), DEF IV: 84(0%), Work Speed: (0%)
Ribbuny, Level: 2, Rank: 1, Gender: Male, HP IV: 53(0%), ATK IV: 18(0%), DEF IV: 32(0%), Work Speed: (0%), Skills: Coldblooded, Diet Lover
Ribbuny, Level: 3, Rank: 1, Gender: Male, HP IV: 35(0%), ATK IV: 45(0%), DEF IV: 2(0%), Work Speed: (0%), Skills: Diet Lover
Ribbuny, Level: 5, Rank: 1, Gender: Female, HP IV: 9(0%), ATK IV: 56(0%), DEF IV: 89(0%), Work Speed: (0%), Skills: Nimble
Ribbuny, Level: 5, Rank: 1, Gender: Male, HP IV: 19(0%), ATK IV: 71(0%), DEF IV: 73(0%), Work Speed: (0%), Skills: Pacifist
Rushoar, Level: 13, Rank: 1, Gender: Male, HP IV: 60(0%), ATK IV: 3(0%), DEF IV: 26(0%), Work Speed: (0%), Skills: Coldblooded
Teafant, Level: 4, Rank: 1, Gender: Female, HP IV: 42(0%), ATK IV: 91(0%), DEF IV: 47(0%), Work Speed: (0%), Skills: Power of Gaia
Teafant, Level: 4, Rank: 1, Gender: Female, HP IV: 58(0%), ATK IV: 2(0%), DEF IV: 25(0%), Work Speed: (0%), Skills: Zen Mind
Teafant, Level: 4, Rank: 1, Gender: Male, HP IV: 49(0%), ATK IV: 49(0%), DEF IV: 92(0%), Work Speed: (0%), Skills: Waterproof
Teafant, Level: 5, Rank: 1, Gender: Male, HP IV: 5(0%), ATK IV: 83(0%), DEF IV: 23(0%), Work Speed: (0%), Skills: Ferocious
Traveling Merchant, Level: 1, Rank: 1, Gender: Unknown, HP IV: 41(0%), ATK IV: 78(0%), DEF IV: 30(0%), Work Speed: (0%), Skills: Motivational Leader
Kingorgi's 38 Pals
------------------
Alpha Dumud, Level: 14, Rank: 1, Gender: Male, HP IV: 98(0%), ATK IV: 82(0%), DEF IV: 93(0%), Work Speed: (0%), Skills: Aggressive
Caprity, Level: 9, Rank: 1, Gender: Female, HP IV: 9(0%), ATK IV: 16(0%), DEF IV: 47(0%), Work Speed: (0%), Skills: Workaholic
Cattiva, Level: 3, Rank: 1, Gender: Female, HP IV: 94(0%), ATK IV: 25(0%), DEF IV: 48(0%), Work Speed: (0%), Skills: Coward, Power of Gaia
Chikipi, Level: 2, Rank: 1, Gender: Female, HP IV: 37(0%), ATK IV: 68(0%), DEF IV: 61(0%), Work Speed: (0%), Skills: Logging Foreman
Chikipi, Level: 3, Rank: 1, Gender: Female, HP IV: 4(0%), ATK IV: 70(0%), DEF IV: 88(0%), Work Speed: (0%), Skills: Logging Foreman
Chikipi, Level: 3, Rank: 1, Gender: Female, HP IV: 72(0%), ATK IV: 64(0%), DEF IV: 77(0%), Work Speed: (0%), Skills: Noble
Chikipi, Level: 5, Rank: 1, Gender: Male, HP IV: 1(0%), ATK IV: 56(0%), DEF IV: 29(0%), Work Speed: (0%), Skills: Nocturnal
Chikipi, Level: 5, Rank: 1, Gender: Male, HP IV: 38(0%), ATK IV: 86(0%), DEF IV: 87(0%), Work Speed: (0%), Skills: Runner
Daedream, Level: 4, Rank: 1, Gender: Male, HP IV: 52(0%), ATK IV: 83(0%), DEF IV: 62(0%), Work Speed: (0%), Skills: Artisan
Daedream, Level: 5, Rank: 1, Gender: Female, HP IV: 32(0%), ATK IV: 68(0%), DEF IV: 67(0%), Work Speed: (0%), Skills: Waterproof
Dinossom, Level: 12, Rank: 1, Gender: Male, HP IV: 2(0%), ATK IV: 33(0%), DEF IV: 97(0%), Work Speed: (0%), Skills: Clumsy
Dinossom, Level: 13, Rank: 1, Gender: Female, HP IV: 64(0%), ATK IV: 69(0%), DEF IV: 91(0%), Work Speed: (0%), Skills: Work Slave
Direhowl, Level: 13, Rank: 1, Gender: Female, HP IV: 8(0%), ATK IV: 8(0%), DEF IV: 97(0%), Work Speed: (0%), Skills: Nimble
Eikthyrdeer, Level: 11, Rank: 1, Gender: Female, HP IV: 76(0%), ATK IV: 65(0%), DEF IV: 46(0%), Work Speed: (0%), Skills: Positive Thinker
Foxparks, Level: 13, Rank: 1, Gender: Female, HP IV: 82(0%), ATK IV: 37(0%), DEF IV: 38(0%), Work Speed: (0%)
Foxparks, Level: 2, Rank: 1, Gender: Female, HP IV: 42(0%), ATK IV: 40(0%), DEF IV: 53(0%), Work Speed: (0%), Skills: Fine Furs
Foxparks, Level: 2, Rank: 1, Gender: Female, HP IV: 87(0%), ATK IV: 51(0%), DEF IV: 51(0%), Work Speed: (0%), Skills: Hydromaniac
Foxparks, Level: 2, Rank: 1, Gender: Male, HP IV: 66(0%), ATK IV: 9(0%), DEF IV: 71(0%), Work Speed: (0%), Skills: Hydromaniac
Foxparks, Level: 5, Rank: 1, Gender: Female, HP IV: 20(0%), ATK IV: 26(0%), DEF IV: 37(0%), Work Speed: (0%), Skills: Brittle
Foxparks, Level: 9, Rank: 1, Gender: Female, HP IV: 83(0%), ATK IV: 66(0%), DEF IV: 93(0%), Work Speed: (0%), Skills: Cheery
Lamball, Level: 3, Rank: 1, Gender: Female, HP IV: 44(0%), ATK IV: 97(0%), DEF IV: 48(0%), Work Speed: (0%), Skills: Musclehead
Lamball, Level: 3, Rank: 1, Gender: Male, HP IV: 87(0%), ATK IV: 79(0%), DEF IV: 84(0%), Work Speed: (0%), Skills: Noble
Lamball, Level: 5, Rank: 1, Gender: Female, HP IV: 74(0%), ATK IV: 85(0%), DEF IV: 83(0%), Work Speed: (0%), Skills: Earthquake Resistant
Lamball, Level: 5, Rank: 1, Gender: Female, HP IV: 76(0%), ATK IV: 67(0%), DEF IV: 30(0%), Work Speed: (0%), Skills: Stronghold Strategist
Lamball, Level: 7, Rank: 1, Gender: Female, HP IV: 96(0%), ATK IV: 70(0%), DEF IV: 71(0%), Work Speed: (0%), Skills: Downtrodden
Nitewing, Level: 12, Rank: 1, Gender: Female, HP IV: 83(0%), ATK IV: 55(0%), DEF IV: 3(0%), Work Speed: (0%), Skills: Brave
Nox, Level: 3, Rank: 1, Gender: Female, HP IV: 56(0%), ATK IV: 31(0%), DEF IV: 9(0%), Work Speed: (0%), Skills: Infinite Stamina
Ribbuny, Level: 2, Rank: 1, Gender: Female, HP IV: 35(0%), ATK IV: 3(0%), DEF IV: 84(0%), Work Speed: (0%)
Ribbuny, Level: 2, Rank: 1, Gender: Male, HP IV: 53(0%), ATK IV: 18(0%), DEF IV: 32(0%), Work Speed: (0%), Skills: Coldblooded, Diet Lover
Ribbuny, Level: 3, Rank: 1, Gender: Male, HP IV: 35(0%), ATK IV: 45(0%), DEF IV: 2(0%), Work Speed: (0%), Skills: Diet Lover
Ribbuny, Level: 5, Rank: 1, Gender: Female, HP IV: 9(0%), ATK IV: 56(0%), DEF IV: 89(0%), Work Speed: (0%), Skills: Nimble
Ribbuny, Level: 5, Rank: 1, Gender: Male, HP IV: 19(0%), ATK IV: 71(0%), DEF IV: 73(0%), Work Speed: (0%), Skills: Pacifist
Rushoar, Level: 13, Rank: 1, Gender: Male, HP IV: 60(0%), ATK IV: 3(0%), DEF IV: 26(0%), Work Speed: (0%), Skills: Coldblooded
Teafant, Level: 4, Rank: 1, Gender: Female, HP IV: 42(0%), ATK IV: 91(0%), DEF IV: 47(0%), Work Speed: (0%), Skills: Power of Gaia
Teafant, Level: 4, Rank: 1, Gender: Female, HP IV: 58(0%), ATK IV: 2(0%), DEF IV: 25(0%), Work Speed: (0%), Skills: Zen Mind
Teafant, Level: 4, Rank: 1, Gender: Male, HP IV: 49(0%), ATK IV: 49(0%), DEF IV: 92(0%), Work Speed: (0%), Skills: Waterproof
Teafant, Level: 5, Rank: 1, Gender: Male, HP IV: 5(0%), ATK IV: 83(0%), DEF IV: 23(0%), Work Speed: (0%), Skills: Ferocious
Traveling Merchant, Level: 1, Rank: 1, Gender: Unknown, HP IV: 41(0%), ATK IV: 78(0%), DEF IV: 30(0%), Work Speed: (0%), Skills: Motivational Leader
Kingorgi's 38 Pals
------------------
Alpha Dumud, Level: 14, Rank: 1, Gender: Male, HP IV: 98(0%), ATK IV: 82(0%), DEF IV: 93(0%), Work Speed: (0%), Skills: Aggressive
Caprity, Level: 9, Rank: 1, Gender: Female, HP IV: 9(0%), ATK IV: 16(0%), DEF IV: 47(0%), Work Speed: (0%), Skills: Workaholic
Cattiva, Level: 3, Rank: 1, Gender: Female, HP IV: 94(0%), ATK IV: 25(0%), DEF IV: 48(0%), Work Speed: (0%), Skills: Coward, Power of Gaia
Chikipi, Level: 2, Rank: 1, Gender: Female, HP IV: 37(0%), ATK IV: 68(0%), DEF IV: 61(0%), Work Speed: (0%), Skills: Logging Foreman
Chikipi, Level: 3, Rank: 1, Gender: Female, HP IV: 4(0%), ATK IV: 70(0%), DEF IV: 88(0%), Work Speed: (0%), Skills: Logging Foreman
Chikipi, Level: 3, Rank: 1, Gender: Female, HP IV: 72(0%), ATK IV: 64(0%), DEF IV: 77(0%), Work Speed: (0%), Skills: Noble
Chikipi, Level: 5, Rank: 1, Gender: Male, HP IV: 1(0%), ATK IV: 56(0%), DEF IV: 29(0%), Work Speed: (0%), Skills: Nocturnal
Chikipi, Level: 5, Rank: 1, Gender: Male, HP IV: 38(0%), ATK IV: 86(0%), DEF IV: 87(0%), Work Speed: (0%), Skills: Runner
Daedream, Level: 4, Rank: 1, Gender: Male, HP IV: 52(0%), ATK IV: 83(0%), DEF IV: 62(0%), Work Speed: (0%), Skills: Artisan
Daedream, Level: 5, Rank: 1, Gender: Female, HP IV: 32(0%), ATK IV: 68(0%), DEF IV: 67(0%), Work Speed: (0%), Skills: Waterproof
Dinossom, Level: 12, Rank: 1, Gender: Male, HP IV: 2(0%), ATK IV: 33(0%), DEF IV: 97(0%), Work Speed: (0%), Skills: Clumsy
Dinossom, Level: 13, Rank: 1, Gender: Female, HP IV: 64(0%), ATK IV: 69(0%), DEF IV: 91(0%), Work Speed: (0%), Skills: Work Slave
Direhowl, Level: 13, Rank: 1, Gender: Female, HP IV: 8(0%), ATK IV: 8(0%), DEF IV: 97(0%), Work Speed: (0%), Skills: Nimble
Eikthyrdeer, Level: 11, Rank: 1, Gender: Female, HP IV: 76(0%), ATK IV: 65(0%), DEF IV: 46(0%), Work Speed: (0%), Skills: Positive Thinker
Foxparks, Level: 13, Rank: 1, Gender: Female, HP IV: 82(0%), ATK IV: 37(0%), DEF IV: 38(0%), Work Speed: (0%)
Foxparks, Level: 2, Rank: 1, Gender: Female, HP IV: 42(0%), ATK IV: 40(0%), DEF IV: 53(0%), Work Speed: (0%), Skills: Fine Furs
Foxparks, Level: 2, Rank: 1, Gender: Female, HP IV: 87(0%), ATK IV: 51(0%), DEF IV: 51(0%), Work Speed: (0%), Skills: Hydromaniac
Foxparks, Level: 2, Rank: 1, Gender: Male, HP IV: 66(0%), ATK IV: 9(0%), DEF IV: 71(0%), Work Speed: (0%), Skills: Hydromaniac
Foxparks, Level: 5, Rank: 1, Gender: Female, HP IV: 20(0%), ATK IV: 26(0%), DEF IV: 37(0%), Work Speed: (0%), Skills: Brittle
Foxparks, Level: 9, Rank: 1, Gender: Female, HP IV: 83(0%), ATK IV: 66(0%), DEF IV: 93(0%), Work Speed: (0%), Skills: Cheery
Lamball, Level: 3, Rank: 1, Gender: Female, HP IV: 44(0%), ATK IV: 97(0%), DEF IV: 48(0%), Work Speed: (0%), Skills: Musclehead
Lamball, Level: 3, Rank: 1, Gender: Male, HP IV: 87(0%), ATK IV: 79(0%), DEF IV: 84(0%), Work Speed: (0%), Skills: Noble
Lamball, Level: 5, Rank: 1, Gender: Female, HP IV: 74(0%), ATK IV: 85(0%), DEF IV: 83(0%), Work Speed: (0%), Skills: Earthquake Resistant
Lamball, Level: 5, Rank: 1, Gender: Female, HP IV: 76(0%), ATK IV: 67(0%), DEF IV: 30(0%), Work Speed: (0%), Skills: Stronghold Strategist
Lamball, Level: 7, Rank: 1, Gender: Female, HP IV: 96(0%), ATK IV: 70(0%), DEF IV: 71(0%), Work Speed: (0%), Skills: Downtrodden
Nitewing, Level: 12, Rank: 1, Gender: Female, HP IV: 83(0%), ATK IV: 55(0%), DEF IV: 3(0%), Work Speed: (0%), Skills: Brave
Nox, Level: 3, Rank: 1, Gender: Female, HP IV: 56(0%), ATK IV: 31(0%), DEF IV: 9(0%), Work Speed: (0%), Skills: Infinite Stamina
Ribbuny, Level: 2, Rank: 1, Gender: Female, HP IV: 35(0%), ATK IV: 3(0%), DEF IV: 84(0%), Work Speed: (0%)
Ribbuny, Level: 2, Rank: 1, Gender: Male, HP IV: 53(0%), ATK IV: 18(0%), DEF IV: 32(0%), Work Speed: (0%), Skills: Coldblooded, Diet Lover
Ribbuny, Level: 3, Rank: 1, Gender: Male, HP IV: 35(0%), ATK IV: 45(0%), DEF IV: 2(0%), Work Speed: (0%), Skills: Diet Lover
Ribbuny, Level: 5, Rank: 1, Gender: Female, HP IV: 9(0%), ATK IV: 56(0%), DEF IV: 89(0%), Work Speed: (0%), Skills: Nimble
Ribbuny, Level: 5, Rank: 1, Gender: Male, HP IV: 19(0%), ATK IV: 71(0%), DEF IV: 73(0%), Work Speed: (0%), Skills: Pacifist
Rushoar, Level: 13, Rank: 1, Gender: Male, HP IV: 60(0%), ATK IV: 3(0%), DEF IV: 26(0%), Work Speed: (0%), Skills: Coldblooded
Teafant, Level: 4, Rank: 1, Gender: Female, HP IV: 42(0%), ATK IV: 91(0%), DEF IV: 47(0%), Work Speed: (0%), Skills: Power of Gaia
Teafant, Level: 4, Rank: 1, Gender: Female, HP IV: 58(0%), ATK IV: 2(0%), DEF IV: 25(0%), Work Speed: (0%), Skills: Zen Mind
Teafant, Level: 4, Rank: 1, Gender: Male, HP IV: 49(0%), ATK IV: 49(0%), DEF IV: 92(0%), Work Speed: (0%), Skills: Waterproof
Teafant, Level: 5, Rank: 1, Gender: Male, HP IV: 5(0%), ATK IV: 83(0%), DEF IV: 23(0%), Work Speed: (0%), Skills: Ferocious
Traveling Merchant, Level: 1, Rank: 1, Gender: Unknown, HP IV: 41(0%), ATK IV: 78(0%), DEF IV: 30(0%), Work Speed: (0%), Skills: Motivational Leader
Kingorgi's 38 Pals
------------------
Alpha Dumud, Level: 14, Rank: 1, Gender: Male, HP IV: 98(0%), ATK IV: 82(0%), DEF IV: 93(0%), Work Speed: (0%), Skills: Aggressive
Caprity, Level: 9, Rank: 1, Gender: Female, HP IV: 9(0%), ATK IV: 16(0%), DEF IV: 47(0%), Work Speed: (0%), Skills: Workaholic
Cattiva, Level: 3, Rank: 1, Gender: Female, HP IV: 94(0%), ATK IV: 25(0%), DEF IV: 48(0%), Work Speed: (0%), Skills: Coward, Power of Gaia
Chikipi, Level: 2, Rank: 1, Gender: Female, HP IV: 37(0%), ATK IV: 68(0%), DEF IV: 61(0%), Work Speed: (0%), Skills: Logging Foreman
Chikipi, Level: 3, Rank: 1, Gender: Female, HP IV: 4(0%), ATK IV: 70(0%), DEF IV: 88(0%), Work Speed: (0%), Skills: Logging Foreman
Chikipi, Level: 3, Rank: 1, Gender: Female, HP IV: 72(0%), ATK IV: 64(0%), DEF IV: 77(0%), Work Speed: (0%), Skills: Noble
Chikipi, Level: 5, Rank: 1, Gender: Male, HP IV: 1(0%), ATK IV: 56(0%), DEF IV: 29(0%), Work Speed: (0%), Skills: Nocturnal
Chikipi, Level: 5, Rank: 1, Gender: Male, HP IV: 38(0%), ATK IV: 86(0%), DEF IV: 87(0%), Work Speed: (0%), Skills: Runner
Daedream, Level: 4, Rank: 1, Gender: Male, HP IV: 52(0%), ATK IV: 83(0%), DEF IV: 62(0%), Work Speed: (0%), Skills: Artisan
Daedream, Level: 5, Rank: 1, Gender: Female, HP IV: 32(0%), ATK IV: 68(0%), DEF IV: 67(0%), Work Speed: (0%), Skills: Waterproof
Dinossom, Level: 12, Rank: 1, Gender: Male, HP IV: 2(0%), ATK IV: 33(0%), DEF IV: 97(0%), Work Speed: (0%), Skills: Clumsy
Dinossom, Level: 13, Rank: 1, Gender: Female, HP IV: 64(0%), ATK IV: 69(0%), DEF IV: 91(0%), Work Speed: (0%), Skills: Work Slave
Direhowl, Level: 13, Rank: 1, Gender: Female, HP IV: 8(0%), ATK IV: 8(0%), DEF IV: 97(0%), Work Speed: (0%), Skills: Nimble
Eikthyrdeer, Level: 11, Rank: 1, Gender: Female, HP IV: 76(0%), ATK IV: 65(0%), DEF IV: 46(0%), Work Speed: (0%), Skills: Positive Thinker
Foxparks, Level: 13, Rank: 1, Gender: Female, HP IV: 82(0%), ATK IV: 37(0%), DEF IV: 38(0%), Work Speed: (0%)
Foxparks, Level: 2, Rank: 1, Gender: Female, HP IV: 42(0%), ATK IV: 40(0%), DEF IV: 53(0%), Work Speed: (0%), Skills: Fine Furs
Foxparks, Level: 2, Rank: 1, Gender: Female, HP IV: 87(0%), ATK IV: 51(0%), DEF IV: 51(0%), Work Speed: (0%), Skills: Hydromaniac
Foxparks, Level: 2, Rank: 1, Gender: Male, HP IV: 66(0%), ATK IV: 9(0%), DEF IV: 71(0%), Work Speed: (0%), Skills: Hydromaniac
Foxparks, Level: 5, Rank: 1, Gender: Female, HP IV: 20(0%), ATK IV: 26(0%), DEF IV: 37(0%), Work Speed: (0%), Skills: Brittle
Foxparks, Level: 9, Rank: 1, Gender: Female, HP IV: 83(0%), ATK IV: 66(0%), DEF IV: 93(0%), Work Speed: (0%), Skills: Cheery
Lamball, Level: 3, Rank: 1, Gender: Female, HP IV: 44(0%), ATK IV: 97(0%), DEF IV: 48(0%), Work Speed: (0%), Skills: Musclehead
Lamball, Level: 3, Rank: 1, Gender: Male, HP IV: 87(0%), ATK IV: 79(0%), DEF IV: 84(0%), Work Speed: (0%), Skills: Noble
Lamball, Level: 5, Rank: 1, Gender: Female, HP IV: 74(0%), ATK IV: 85(0%), DEF IV: 83(0%), Work Speed: (0%), Skills: Earthquake Resistant
Lamball, Level: 5, Rank: 1, Gender: Female, HP IV: 76(0%), ATK IV: 67(0%), DEF IV: 30(0%), Work Speed: (0%), Skills: Stronghold Strategist
Lamball, Level: 7, Rank: 1, Gender: Female, HP IV: 96(0%), ATK IV: 70(0%), DEF IV: 71(0%), Work Speed: (0%), Skills: Downtrodden
Nitewing, Level: 12, Rank: 1, Gender: Female, HP IV: 83(0%), ATK IV: 55(0%), DEF IV: 3(0%), Work Speed: (0%), Skills: Brave
Nox, Level: 3, Rank: 1, Gender: Female, HP IV: 56(0%), ATK IV: 31(0%), DEF IV: 9(0%), Work Speed: (0%), Skills: Infinite Stamina
Ribbuny, Level: 2, Rank: 1, Gender: Female, HP IV: 35(0%), ATK IV: 3(0%), DEF IV: 84(0%), Work Speed: (0%)
Ribbuny, Level: 2, Rank: 1, Gender: Male, HP IV: 53(0%), ATK IV: 18(0%), DEF IV: 32(0%), Work Speed: (0%), Skills: Coldblooded, Diet Lover
Ribbuny, Level: 3, Rank: 1, Gender: Male, HP IV: 35(0%), ATK IV: 45(0%), DEF IV: 2(0%), Work Speed: (0%), Skills: Diet Lover
Ribbuny, Level: 5, Rank: 1, Gender: Female, HP IV: 9(0%), ATK IV: 56(0%), DEF IV: 89(0%), Work Speed: (0%), Skills: Nimble
Ribbuny, Level: 5, Rank: 1, Gender: Male, HP IV: 19(0%), ATK IV: 71(0%), DEF IV: 73(0%), Work Speed: (0%), Skills: Pacifist
Rushoar, Level: 13, Rank: 1, Gender: Male, HP IV: 60(0%), ATK IV: 3(0%), DEF IV: 26(0%), Work Speed: (0%), Skills: Coldblooded
Teafant, Level: 4, Rank: 1, Gender: Female, HP IV: 42(0%), ATK IV: 91(0%), DEF IV: 47(0%), Work Speed: (0%), Skills: Power of Gaia
Teafant, Level: 4, Rank: 1, Gender: Female, HP IV: 58(0%), ATK IV: 2(0%), DEF IV: 25(0%), Work Speed: (0%), Skills: Zen Mind
Teafant, Level: 4, Rank: 1, Gender: Male, HP IV: 49(0%), ATK IV: 49(0%), DEF IV: 92(0%), Work Speed: (0%), Skills: Waterproof
Teafant, Level: 5, Rank: 1, Gender: Male, HP IV: 5(0%), ATK IV: 83(0%), DEF IV: 23(0%), Work Speed: (0%), Skills: Ferocious
Traveling Merchant, Level: 1, Rank: 1, Gender: Unknown, HP IV: 41(0%), ATK IV: 78(0%), DEF IV: 30(0%), Work Speed: (0%), Skills: Motivational Leader
Kingorgi's 38 Pals
------------------
Alpha Dumud, Level: 14, Rank: 1, Gender: Male, HP IV: 98(0%), ATK IV: 82(0%), DEF IV: 93(0%), Work Speed: (0%), Skills: Aggressive
Caprity, Level: 9, Rank: 1, Gender: Female, HP IV: 9(0%), ATK IV: 16(0%), DEF IV: 47(0%), Work Speed: (0%), Skills: Workaholic
Cattiva, Level: 3, Rank: 1, Gender: Female, HP IV: 94(0%), ATK IV: 25(0%), DEF IV: 48(0%), Work Speed: (0%), Skills: Coward, Power of Gaia
Chikipi, Level: 2, Rank: 1, Gender: Female, HP IV: 37(0%), ATK IV: 68(0%), DEF IV: 61(0%), Work Speed: (0%), Skills: Logging Foreman
Chikipi, Level: 3, Rank: 1, Gender: Female, HP IV: 4(0%), ATK IV: 70(0%), DEF IV: 88(0%), Work Speed: (0%), Skills: Logging Foreman
Chikipi, Level: 3, Rank: 1, Gender: Female, HP IV: 72(0%), ATK IV: 64(0%), DEF IV: 77(0%), Work Speed: (0%), Skills: Noble
Chikipi, Level: 5, Rank: 1, Gender: Male, HP IV: 1(0%), ATK IV: 56(0%), DEF IV: 29(0%), Work Speed: (0%), Skills: Nocturnal
Chikipi, Level: 5, Rank: 1, Gender: Male, HP IV: 38(0%), ATK IV: 86(0%), DEF IV: 87(0%), Work Speed: (0%), Skills: Runner
Daedream, Level: 4, Rank: 1, Gender: Male, HP IV: 52(0%), ATK IV: 83(0%), DEF IV: 62(0%), Work Speed: (0%), Skills: Artisan
Daedream, Level: 5, Rank: 1, Gender: Female, HP IV: 32(0%), ATK IV: 68(0%), DEF IV: 67(0%), Work Speed: (0%), Skills: Waterproof
Dinossom, Level: 12, Rank: 1, Gender: Male, HP IV: 2(0%), ATK IV: 33(0%), DEF IV: 97(0%), Work Speed: (0%), Skills: Clumsy
Dinossom, Level: 13, Rank: 1, Gender: Female, HP IV: 64(0%), ATK IV: 69(0%), DEF IV: 91(0%), Work Speed: (0%), Skills: Work Slave
Direhowl, Level: 13, Rank: 1, Gender: Female, HP IV: 8(0%), ATK IV: 8(0%), DEF IV: 97(0%), Work Speed: (0%), Skills: Nimble
Eikthyrdeer, Level: 11, Rank: 1, Gender: Female, HP IV: 76(0%), ATK IV: 65(0%), DEF IV: 46(0%), Work Speed: (0%), Skills: Positive Thinker
Foxparks, Level: 13, Rank: 1, Gender: Female, HP IV: 82(0%), ATK IV: 37(0%), DEF IV: 38(0%), Work Speed: (0%)
Foxparks, Level: 2, Rank: 1, Gender: Female, HP IV: 42(0%), ATK IV: 40(0%), DEF IV: 53(0%), Work Speed: (0%), Skills: Fine Furs
Foxparks, Level: 2, Rank: 1, Gender: Female, HP IV: 87(0%), ATK IV: 51(0%), DEF IV: 51(0%), Work Speed: (0%), Skills: Hydromaniac
Foxparks, Level: 2, Rank: 1, Gender: Male, HP IV: 66(0%), ATK IV: 9(0%), DEF IV: 71(0%), Work Speed: (0%), Skills: Hydromaniac
Foxparks, Level: 5, Rank: 1, Gender: Female, HP IV: 20(0%), ATK IV: 26(0%), DEF IV: 37(0%), Work Speed: (0%), Skills: Brittle
Foxparks, Level: 9, Rank: 1, Gender: Female, HP IV: 83(0%), ATK IV: 66(0%), DEF IV: 93(0%), Work Speed: (0%), Skills: Cheery
Lamball, Level: 3, Rank: 1, Gender: Female, HP IV: 44(0%), ATK IV: 97(0%), DEF IV: 48(0%), Work Speed: (0%), Skills: Musclehead
Lamball, Level: 3, Rank: 1, Gender: Male, HP IV: 87(0%), ATK IV: 79(0%), DEF IV: 84(0%), Work Speed: (0%), Skills: Noble
Lamball, Level: 5, Rank: 1, Gender: Female, HP IV: 74(0%), ATK IV: 85(0%), DEF IV: 83(0%), Work Speed: (0%), Skills: Earthquake Resistant
Lamball, Level: 5, Rank: 1, Gender: Female, HP IV: 76(0%), ATK IV: 67(0%), DEF IV: 30(0%), Work Speed: (0%), Skills: Stronghold Strategist
Lamball, Level: 7, Rank: 1, Gender: Female, HP IV: 96(0%), ATK IV: 70(0%), DEF IV: 71(0%), Work Speed: (0%), Skills: Downtrodden
Nitewing, Level: 12, Rank: 1, Gender: Female, HP IV: 83(0%), ATK IV: 55(0%), DEF IV: 3(0%), Work Speed: (0%), Skills: Brave
Nox, Level: 3, Rank: 1, Gender: Female, HP IV: 56(0%), ATK IV: 31(0%), DEF IV: 9(0%), Work Speed: (0%), Skills: Infinite Stamina
Ribbuny, Level: 2, Rank: 1, Gender: Female, HP IV: 35(0%), ATK IV: 3(0%), DEF IV: 84(0%), Work Speed: (0%)
Ribbuny, Level: 2, Rank: 1, Gender: Male, HP IV: 53(0%), ATK IV: 18(0%), DEF IV: 32(0%), Work Speed: (0%), Skills: Coldblooded, Diet Lover
Ribbuny, Level: 3, Rank: 1, Gender: Male, HP IV: 35(0%), ATK IV: 45(0%), DEF IV: 2(0%), Work Speed: (0%), Skills: Diet Lover
Ribbuny, Level: 5, Rank: 1, Gender: Female, HP IV: 9(0%), ATK IV: 56(0%), DEF IV: 89(0%), Work Speed: (0%), Skills: Nimble
Ribbuny, Level: 5, Rank: 1, Gender: Male, HP IV: 19(0%), ATK IV: 71(0%), DEF IV: 73(0%), Work Speed: (0%), Skills: Pacifist
Rushoar, Level: 13, Rank: 1, Gender: Male, HP IV: 60(0%), ATK IV: 3(0%), DEF IV: 26(0%), Work Speed: (0%), Skills: Coldblooded
Teafant, Level: 4, Rank: 1, Gender: Female, HP IV: 42(0%), ATK IV: 91(0%), DEF IV: 47(0%), Work Speed: (0%), Skills: Power of Gaia
Teafant, Level: 4, Rank: 1, Gender: Female, HP IV: 58(0%), ATK IV: 2(0%), DEF IV: 25(0%), Work Speed: (0%), Skills: Zen Mind
Teafant, Level: 4, Rank: 1, Gender: Male, HP IV: 49(0%), ATK IV: 49(0%), DEF IV: 92(0%), Work Speed: (0%), Skills: Waterproof
Teafant, Level: 5, Rank: 1, Gender: Male, HP IV: 5(0%), ATK IV: 83(0%), DEF IV: 23(0%), Work Speed: (0%), Skills: Ferocious
Traveling Merchant, Level: 1, Rank: 1, Gender: Unknown, HP IV: 41(0%), ATK IV: 78(0%), DEF IV: 30(0%), Work Speed: (0%), Skills: Motivational Leader
Kingorgi's 38 Pals
------------------
Alpha Dumud, Level: 14, Rank: 1, Gender: Male, HP IV: 98(0%), ATK IV: 82(0%), DEF IV: 93(0%), Work Speed: (0%), Skills: Aggressive
Caprity, Level: 9, Rank: 1, Gender: Female, HP IV: 9(0%), ATK IV: 16(0%), DEF IV: 47(0%), Work Speed: (0%), Skills: Workaholic
Cattiva, Level: 3, Rank: 1, Gender: Female, HP IV: 94(0%), ATK IV: 25(0%), DEF IV: 48(0%), Work Speed: (0%), Skills: Coward, Power of Gaia
Chikipi, Level: 2, Rank: 1, Gender: Female, HP IV: 37(0%), ATK IV: 68(0%), DEF IV: 61(0%), Work Speed: (0%), Skills: Logging Foreman
Chikipi, Level: 3, Rank: 1, Gender: Female, HP IV: 4(0%), ATK IV: 70(0%), DEF IV: 88(0%), Work Speed: (0%), Skills: Logging Foreman
Chikipi, Level: 3, Rank: 1, Gender: Female, HP IV: 72(0%), ATK IV: 64(0%), DEF IV: 77(0%), Work Speed: (0%), Skills: Noble
Chikipi, Level: 5, Rank: 1, Gender: Male, HP IV: 1(0%), ATK IV: 56(0%), DEF IV: 29(0%), Work Speed: (0%), Skills: Nocturnal
Chikipi, Level: 5, Rank: 1, Gender: Male, HP IV: 38(0%), ATK IV: 86(0%), DEF IV: 87(0%), Work Speed: (0%), Skills: Runner
Daedream, Level: 4, Rank: 1, Gender: Male, HP IV: 52(0%), ATK IV: 83(0%), DEF IV: 62(0%), Work Speed: (0%), Skills: Artisan
Daedream, Level: 5, Rank: 1, Gender: Female, HP IV: 32(0%), ATK IV: 68(0%), DEF IV: 67(0%), Work Speed: (0%), Skills: Waterproof
Dinossom, Level: 12, Rank: 1, Gender: Male, HP IV: 2(0%), ATK IV: 33(0%), DEF IV: 97(0%), Work Speed: (0%), Skills: Clumsy
Dinossom, Level: 13, Rank: 1, Gender: Female, HP IV: 64(0%), ATK IV: 69(0%), DEF IV: 91(0%), Work Speed: (0%), Skills: Work Slave
Direhowl, Level: 13, Rank: 1, Gender: Female, HP IV: 8(0%), ATK IV: 8(0%), DEF IV: 97(0%), Work Speed: (0%), Skills: Nimble
Eikthyrdeer, Level: 11, Rank: 1, Gender: Female, HP IV: 76(0%), ATK IV: 65(0%), DEF IV: 46(0%), Work Speed: (0%), Skills: Positive Thinker
Foxparks, Level: 13, Rank: 1, Gender: Female, HP IV: 82(0%), ATK IV: 37(0%), DEF IV: 38(0%), Work Speed: (0%)
Foxparks, Level: 2, Rank: 1, Gender: Female, HP IV: 42(0%), ATK IV: 40(0%), DEF IV: 53(0%), Work Speed: (0%), Skills: Fine Furs
Foxparks, Level: 2, Rank: 1, Gender: Female, HP IV: 87(0%), ATK IV: 51(0%), DEF IV: 51(0%), Work Speed: (0%), Skills: Hydromaniac
Foxparks, Level: 2, Rank: 1, Gender: Male, HP IV: 66(0%), ATK IV: 9(0%), DEF IV: 71(0%), Work Speed: (0%), Skills: Hydromaniac
Foxparks, Level: 5, Rank: 1, Gender: Female, HP IV: 20(0%), ATK IV: 26(0%), DEF IV: 37(0%), Work Speed: (0%), Skills: Brittle
Foxparks, Level: 9, Rank: 1, Gender: Female, HP IV: 83(0%), ATK IV: 66(0%), DEF IV: 93(0%), Work Speed: (0%), Skills: Cheery
Lamball, Level: 3, Rank: 1, Gender: Female, HP IV: 44(0%), ATK IV: 97(0%), DEF IV: 48(0%), Work Speed: (0%), Skills: Musclehead
Lamball, Level: 3, Rank: 1, Gender: Male, HP IV: 87(0%), ATK IV: 79(0%), DEF IV: 84(0%), Work Speed: (0%), Skills: Noble
Lamball, Level: 5, Rank: 1, Gender: Female, HP IV: 74(0%), ATK IV: 85(0%), DEF IV: 83(0%), Work Speed: (0%), Skills: Earthquake Resistant
Lamball, Level: 5, Rank: 1, Gender: Female, HP IV: 76(0%), ATK IV: 67(0%), DEF IV: 30(0%), Work Speed: (0%), Skills: Stronghold Strategist
Lamball, Level: 7, Rank: 1, Gender: Female, HP IV: 96(0%), ATK IV: 70(0%), DEF IV: 71(0%), Work Speed: (0%), Skills: Downtrodden
Nitewing, Level: 12, Rank: 1, Gender: Female, HP IV: 83(0%), ATK IV: 55(0%), DEF IV: 3(0%), Work Speed: (0%), Skills: Brave
Nox, Level: 3, Rank: 1, Gender: Female, HP IV: 56(0%), ATK IV: 31(0%), DEF IV: 9(0%), Work Speed: (0%), Skills: Infinite Stamina
Ribbuny, Level: 2, Rank: 1, Gender: Female, HP IV: 35(0%), ATK IV: 3(0%), DEF IV: 84(0%), Work Speed: (0%)
Ribbuny, Level: 2, Rank: 1, Gender: Male, HP IV: 53(0%), ATK IV: 18(0%), DEF IV: 32(0%), Work Speed: (0%), Skills: Coldblooded, Diet Lover
Ribbuny, Level: 3, Rank: 1, Gender: Male, HP IV: 35(0%), ATK IV: 45(0%), DEF IV: 2(0%), Work Speed: (0%), Skills: Diet Lover
Ribbuny, Level: 5, Rank: 1, Gender: Female, HP IV: 9(0%), ATK IV: 56(0%), DEF IV: 89(0%), Work Speed: (0%), Skills: Nimble
Ribbuny, Level: 5, Rank: 1, Gender: Male, HP IV: 19(0%), ATK IV: 71(0%), DEF IV: 73(0%), Work Speed: (0%), Skills: Pacifist
Rushoar, Level: 13, Rank: 1, Gender: Male, HP IV: 60(0%), ATK IV: 3(0%), DEF IV: 26(0%), Work Speed: (0%), Skills: Coldblooded
Teafant, Level: 4, Rank: 1, Gender: Female, HP IV: 42(0%), ATK IV: 91(0%), DEF IV: 47(0%), Work Speed: (0%), Skills: Power of Gaia
Teafant, Level: 4, Rank: 1, Gender: Female, HP IV: 58(0%), ATK IV: 2(0%), DEF IV: 25(0%), Work Speed: (0%), Skills: Zen Mind
Teafant, Level: 4, Rank: 1, Gender: Male, HP IV: 49(0%), ATK IV: 49(0%), DEF IV: 92(0%), Work Speed: (0%), Skills: Waterproof
Teafant, Level: 5, Rank: 1, Gender: Male, HP IV: 5(0%), ATK IV: 83(0%), DEF IV: 23(0%), Work Speed: (0%), Skills: Ferocious
Traveling Merchant, Level: 1, Rank: 1, Gender: Unknown, HP IV: 41(0%), ATK IV: 78(0%), DEF IV: 30(0%), Work Speed: (0%), Skills: Motivational Leader
Kingorgi's 38 Pals
------------------
Alpha Dumud, Level: 14, Rank: 1, Gender: Male, HP IV: 98(0%), ATK IV: 82(0%), DEF IV: 93(0%), Work Speed: (0%), Skills: Aggressive
Caprity, Level: 9, Rank: 1, Gender: Female, HP IV: 9(0%), ATK IV: 16(0%), DEF IV: 47(0%), Work Speed: (0%), Skills: Workaholic
Cattiva, Level: 3, Rank: 1, Gender: Female, HP IV: 94(0%), ATK IV: 25(0%), DEF IV: 48(0%), Work Speed: (0%), Skills: Coward, Power of Gaia
Chikipi, Level: 2, Rank: 1, Gender: Female, HP IV: 37(0%), ATK IV: 68(0%), DEF IV: 61(0%), Work Speed: (0%), Skills: Logging Foreman
Chikipi, Level: 3, Rank: 1, Gender: Female, HP IV: 4(0%), ATK IV: 70(0%), DEF IV: 88(0%), Work Speed: (0%), Skills: Logging Foreman
Chikipi, Level: 3, Rank: 1, Gender: Female, HP IV: 72(0%), ATK IV: 64(0%), DEF IV: 77(0%), Work Speed: (0%), Skills: Noble
Chikipi, Level: 5, Rank: 1, Gender: Male, HP IV: 1(0%), ATK IV: 56(0%), DEF IV: 29(0%), Work Speed: (0%), Skills: Nocturnal
Chikipi, Level: 5, Rank: 1, Gender: Male, HP IV: 38(0%), ATK IV: 86(0%), DEF IV: 87(0%), Work Speed: (0%), Skills: Runner
Daedream, Level: 4, Rank: 1, Gender: Male, HP IV: 52(0%), ATK IV: 83(0%), DEF IV: 62(0%), Work Speed: (0%), Skills: Artisan
Daedream, Level: 5, Rank: 1, Gender: Female, HP IV: 32(0%), ATK IV: 68(0%), DEF IV: 67(0%), Work Speed: (0%), Skills: Waterproof
Dinossom, Level: 12, Rank: 1, Gender: Male, HP IV: 2(0%), ATK IV: 33(0%), DEF IV: 97(0%), Work Speed: (0%), Skills: Clumsy
Dinossom, Level: 13, Rank: 1, Gender: Female, HP IV: 64(0%), ATK IV: 69(0%), DEF IV: 91(0%), Work Speed: (0%), Skills: Work Slave
Direhowl, Level: 13, Rank: 1, Gender: Female, HP IV: 8(0%), ATK IV: 8(0%), DEF IV: 97(0%), Work Speed: (0%), Skills: Nimble
Eikthyrdeer, Level: 11, Rank: 1, Gender: Female, HP IV: 76(0%), ATK IV: 65(0%), DEF IV: 46(0%), Work Speed: (0%), Skills: Positive Thinker
Foxparks, Level: 13, Rank: 1, Gender: Female, HP IV: 82(0%), ATK IV: 37(0%), DEF IV: 38(0%), Work Speed: (0%)
Foxparks, Level: 2, Rank: 1, Gender: Female, HP IV: 42(0%), ATK IV: 40(0%), DEF IV: 53(0%), Work Speed: (0%), Skills: Fine Furs
Foxparks, Level: 2, Rank: 1, Gender: Female, HP IV: 87(0%), ATK IV: 51(0%), DEF IV: 51(0%), Work Speed: (0%), Skills: Hydromaniac
Foxparks, Level: 2, Rank: 1, Gender: Male, HP IV: 66(0%), ATK IV: 9(0%), DEF IV: 71(0%), Work Speed: (0%), Skills: Hydromaniac
Foxparks, Level: 5, Rank: 1, Gender: Female, HP IV: 20(0%), ATK IV: 26(0%), DEF IV: 37(0%), Work Speed: (0%), Skills: Brittle
Foxparks, Level: 9, Rank: 1, Gender: Female, HP IV: 83(0%), ATK IV: 66(0%), DEF IV: 93(0%), Work Speed: (0%), Skills: Cheery
Lamball, Level: 3, Rank: 1, Gender: Female, HP IV: 44(0%), ATK IV: 97(0%), DEF IV: 48(0%), Work Speed: (0%), Skills: Musclehead
Lamball, Level: 3, Rank: 1, Gender: Male, HP IV: 87(0%), ATK IV: 79(0%), DEF IV: 84(0%), Work Speed: (0%), Skills: Noble
Lamball, Level: 5, Rank: 1, Gender: Female, HP IV: 74(0%), ATK IV: 85(0%), DEF IV: 83(0%), Work Speed: (0%), Skills: Earthquake Resistant
Lamball, Level: 5, Rank: 1, Gender: Female, HP IV: 76(0%), ATK IV: 67(0%), DEF IV: 30(0%), Work Speed: (0%), Skills: Stronghold Strategist
Lamball, Level: 7, Rank: 1, Gender: Female, HP IV: 96(0%), ATK IV: 70(0%), DEF IV: 71(0%), Work Speed: (0%), Skills: Downtrodden
Nitewing, Level: 12, Rank: 1, Gender: Female, HP IV: 83(0%), ATK IV: 55(0%), DEF IV: 3(0%), Work Speed: (0%), Skills: Brave
Nox, Level: 3, Rank: 1, Gender: Female, HP IV: 56(0%), ATK IV: 31(0%), DEF IV: 9(0%), Work Speed: (0%), Skills: Infinite Stamina
Ribbuny, Level: 2, Rank: 1, Gender: Female, HP IV: 35(0%), ATK IV: 3(0%), DEF IV: 84(0%), Work Speed: (0%)
Ribbuny, Level: 2, Rank: 1, Gender: Male, HP IV: 53(0%), ATK IV: 18(0%), DEF IV: 32(0%), Work Speed: (0%), Skills: Coldblooded, Diet Lover
Ribbuny, Level: 3, Rank: 1, Gender: Male, HP IV: 35(0%), ATK IV: 45(0%), DEF IV: 2(0%), Work Speed: (0%), Skills: Diet Lover
Ribbuny, Level: 5, Rank: 1, Gender: Female, HP IV: 9(0%), ATK IV: 56(0%), DEF IV: 89(0%), Work Speed: (0%), Skills: Nimble
Ribbuny, Level: 5, Rank: 1, Gender: Male, HP IV: 19(0%), ATK IV: 71(0%), DEF IV: 73(0%), Work Speed: (0%), Skills: Pacifist
Rushoar, Level: 13, Rank: 1, Gender: Male, HP IV: 60(0%), ATK IV: 3(0%), DEF IV: 26(0%), Work Speed: (0%), Skills: Coldblooded
Teafant, Level: 4, Rank: 1, Gender: Female, HP IV: 42(0%), ATK IV: 91(0%), DEF IV: 47(0%), Work Speed: (0%), Skills: Power of Gaia
Teafant, Level: 4, Rank: 1, Gender: Female, HP IV: 58(0%), ATK IV: 2(0%), DEF IV: 25(0%), Work Speed: (0%), Skills: Zen Mind
Teafant, Level: 4, Rank: 1, Gender: Male, HP IV: 49(0%), ATK IV: 49(0%), DEF IV: 92(0%), Work Speed: (0%), Skills: Waterproof
Teafant, Level: 5, Rank: 1, Gender: Male, HP IV: 5(0%), ATK IV: 83(0%), DEF IV: 23(0%), Work Speed: (0%), Skills: Ferocious
Traveling Merchant, Level: 1, Rank: 1, Gender: Unknown, HP IV: 41(0%), ATK IV: 78(0%), DEF IV: 30(0%), Work Speed: (0%), Skills: Motivational Leader
Kingorgi's 38 Pals
------------------
Alpha Dumud, Level: 14, Rank: 1, Gender: Male, HP IV: 98(0%), ATK IV: 82(0%), DEF IV: 93(0%), Work Speed: (0%), Skills: Aggressive
Caprity, Level: 9, Rank: 1, Gender: Female, HP IV: 9(0%), ATK IV: 16(0%), DEF IV: 47(0%), Work Speed: (0%), Skills: Workaholic
Cattiva, Level: 3, Rank: 1, Gender: Female, HP IV: 94(0%), ATK IV: 25(0%), DEF IV: 48(0%), Work Speed: (0%), Skills: Coward, Power of Gaia
Chikipi, Level: 2, Rank: 1, Gender: Female, HP IV: 37(0%), ATK IV: 68(0%), DEF IV: 61(0%), Work Speed: (0%), Skills: Logging Foreman
Chikipi, Level: 3, Rank: 1, Gender: Female, HP IV: 4(0%), ATK IV: 70(0%), DEF IV: 88(0%), Work Speed: (0%), Skills: Logging Foreman
Chikipi, Level: 3, Rank: 1, Gender: Female, HP IV: 72(0%), ATK IV: 64(0%), DEF IV: 77(0%), Work Speed: (0%), Skills: Noble
Chikipi, Level: 5, Rank: 1, Gender: Male, HP IV: 1(0%), ATK IV: 56(0%), DEF IV: 29(0%), Work Speed: (0%), Skills: Nocturnal
Chikipi, Level: 5, Rank: 1, Gender: Male, HP IV: 38(0%), ATK IV: 86(0%), DEF IV: 87(0%), Work Speed: (0%), Skills: Runner
Daedream, Level: 4, Rank: 1, Gender: Male, HP IV: 52(0%), ATK IV: 83(0%), DEF IV: 62(0%), Work Speed: (0%), Skills: Artisan
Daedream, Level: 5, Rank: 1, Gender: Female, HP IV: 32(0%), ATK IV: 68(0%), DEF IV: 67(0%), Work Speed: (0%), Skills: Waterproof
Dinossom, Level: 12, Rank: 1, Gender: Male, HP IV: 2(0%), ATK IV: 33(0%), DEF IV: 97(0%), Work Speed: (0%), Skills: Clumsy
Dinossom, Level: 13, Rank: 1, Gender: Female, HP IV: 64(0%), ATK IV: 69(0%), DEF IV: 91(0%), Work Speed: (0%), Skills: Work Slave
Direhowl, Level: 13, Rank: 1, Gender: Female, HP IV: 8(0%), ATK IV: 8(0%), DEF IV: 97(0%), Work Speed: (0%), Skills: Nimble
Eikthyrdeer, Level: 11, Rank: 1, Gender: Female, HP IV: 76(0%), ATK IV: 65(0%), DEF IV: 46(0%), Work Speed: (0%), Skills: Positive Thinker
Foxparks, Level: 13, Rank: 1, Gender: Female, HP IV: 82(0%), ATK IV: 37(0%), DEF IV: 38(0%), Work Speed: (0%)
Foxparks, Level: 2, Rank: 1, Gender: Female, HP IV: 42(0%), ATK IV: 40(0%), DEF IV: 53(0%), Work Speed: (0%), Skills: Fine Furs
Foxparks, Level: 2, Rank: 1, Gender: Female, HP IV: 87(0%), ATK IV: 51(0%), DEF IV: 51(0%), Work Speed: (0%), Skills: Hydromaniac
Foxparks, Level: 2, Rank: 1, Gender: Male, HP IV: 66(0%), ATK IV: 9(0%), DEF IV: 71(0%), Work Speed: (0%), Skills: Hydromaniac
Foxparks, Level: 5, Rank: 1, Gender: Female, HP IV: 20(0%), ATK IV: 26(0%), DEF IV: 37(0%), Work Speed: (0%), Skills: Brittle
Foxparks, Level: 9, Rank: 1, Gender: Female, HP IV: 83(0%), ATK IV: 66(0%), DEF IV: 93(0%), Work Speed: (0%), Skills: Cheery
Lamball, Level: 3, Rank: 1, Gender: Female, HP IV: 44(0%), ATK IV: 97(0%), DEF IV: 48(0%), Work Speed: (0%), Skills: Musclehead
Lamball, Level: 3, Rank: 1, Gender: Male, HP IV: 87(0%), ATK IV: 79(0%), DEF IV: 84(0%), Work Speed: (0%), Skills: Noble
Lamball, Level: 5, Rank: 1, Gender: Female, HP IV: 74(0%), ATK IV: 85(0%), DEF IV: 83(0%), Work Speed: (0%), Skills: Earthquake Resistant
Lamball, Level: 5, Rank: 1, Gender: Female, HP IV: 76(0%), ATK IV: 67(0%), DEF IV: 30(0%), Work Speed: (0%), Skills: Stronghold Strategist
Lamball, Level: 7, Rank: 1, Gender: Female, HP IV: 96(0%), ATK IV: 70(0%), DEF IV: 71(0%), Work Speed: (0%), Skills: Downtrodden
Nitewing, Level: 12, Rank: 1, Gender: Female, HP IV: 83(0%), ATK IV: 55(0%), DEF IV: 3(0%), Work Speed: (0%), Skills: Brave
Nox, Level: 3, Rank: 1, Gender: Female, HP IV: 56(0%), ATK IV: 31(0%), DEF IV: 9(0%), Work Speed: (0%), Skills: Infinite Stamina
Ribbuny, Level: 2, Rank: 1, Gender: Female, HP IV: 35(0%), ATK IV: 3(0%), DEF IV: 84(0%), Work Speed: (0%)
Ribbuny, Level: 2, Rank: 1, Gender: Male, HP IV: 53(0%), ATK IV: 18(0%), DEF IV: 32(0%), Work Speed: (0%), Skills: Coldblooded, Diet Lover
Ribbuny, Level: 3, Rank: 1, Gender: Male, HP IV: 35(0%), ATK IV: 45(0%), DEF IV: 2(0%), Work Speed: (0%), Skills: Diet Lover
Ribbuny, Level: 5, Rank: 1, Gender: Female, HP IV: 9(0%), ATK IV: 56(0%), DEF IV: 89(0%), Work Speed: (0%), Skills: Nimble
Ribbuny, Level: 5, Rank: 1, Gender: Male, HP IV: 19(0%), ATK IV: 71(0%), DEF IV: 73(0%), Work Speed: (0%), Skills: Pacifist
Rushoar, Level: 13, Rank: 1, Gender: Male, HP IV: 60(0%), ATK IV: 3(0%), DEF IV: 26(0%), Work Speed: (0%), Skills: Coldblooded
Teafant, Level: 4, Rank: 1, Gender: Female, HP IV: 42(0%), ATK IV: 91(0%), DEF IV: 47(0%), Work Speed: (0%), Skills: Power of Gaia
Teafant, Level: 4, Rank: 1, Gender: Female, HP IV: 58(0%), ATK IV: 2(0%), DEF IV: 25(0%), Work Speed: (0%), Skills: Zen Mind
Teafant, Level: 4, Rank: 1, Gender: Male, HP IV: 49(0%), ATK IV: 49(0%), DEF IV: 92(0%), Work Speed: (0%), Skills: Waterproof
Teafant, Level: 5, Rank: 1, Gender: Male, HP IV: 5(0%), ATK IV: 83(0%), DEF IV: 23(0%), Work Speed: (0%), Skills: Ferocious
Traveling Merchant, Level: 1, Rank: 1, Gender: Unknown, HP IV: 41(0%), ATK IV: 78(0%), DEF IV: 30(0%), Work Speed: (0%), Skills: Motivational Leader
Kingorgi's 38 Pals
------------------
Alpha Dumud, Level: 14, Rank: 1, Gender: Male, HP IV: 98(0%), ATK IV: 82(0%), DEF IV: 93(0%), Work Speed: (0%), Skills: Aggressive
Caprity, Level: 9, Rank: 1, Gender: Female, HP IV: 9(0%), ATK IV: 16(0%), DEF IV: 47(0%), Work Speed: (0%), Skills: Workaholic
Cattiva, Level: 3, Rank: 1, Gender: Female, HP IV: 94(0%), ATK IV: 25(0%), DEF IV: 48(0%), Work Speed: (0%), Skills: Coward, Power of Gaia
Chikipi, Level: 2, Rank: 1, Gender: Female, HP IV: 37(0%), ATK IV: 68(0%), DEF IV: 61(0%), Work Speed: (0%), Skills: Logging Foreman
Chikipi, Level: 3, Rank: 1, Gender: Female, HP IV: 4(0%), ATK IV: 70(0%), DEF IV: 88(0%), Work Speed: (0%), Skills: Logging Foreman
Chikipi, Level: 3, Rank: 1, Gender: Female, HP IV: 72(0%), ATK IV: 64(0%), DEF IV: 77(0%), Work Speed: (0%), Skills: Noble
Chikipi, Level: 5, Rank: 1, Gender: Male, HP IV: 1(0%), ATK IV: 56(0%), DEF IV: 29(0%), Work Speed: (0%), Skills: Nocturnal
Chikipi, Level: 5, Rank: 1, Gender: Male, HP IV: 38(0%), ATK IV: 86(0%), DEF IV: 87(0%), Work Speed: (0%), Skills: Runner
Daedream, Level: 4, Rank: 1, Gender: Male, HP IV: 52(0%), ATK IV: 83(0%), DEF IV: 62(0%), Work Speed: (0%), Skills: Artisan
Daedream, Level: 5, Rank: 1, Gender: Female, HP IV: 32(0%), ATK IV: 68(0%), DEF IV: 67(0%), Work Speed: (0%), Skills: Waterproof
Dinossom, Level: 12, Rank: 1, Gender: Male, HP IV: 2(0%), ATK IV: 33(0%), DEF IV: 97(0%), Work Speed: (0%), Skills: Clumsy
Dinossom, Level: 13, Rank: 1, Gender: Female, HP IV: 64(0%), ATK IV: 69(0%), DEF IV: 91(0%), Work Speed: (0%), Skills: Work Slave
Direhowl, Level: 13, Rank: 1, Gender: Female, HP IV: 8(0%), ATK IV: 8(0%), DEF IV: 97(0%), Work Speed: (0%), Skills: Nimble
Eikthyrdeer, Level: 11, Rank: 1, Gender: Female, HP IV: 76(0%), ATK IV: 65(0%), DEF IV: 46(0%), Work Speed: (0%), Skills: Positive Thinker
Foxparks, Level: 13, Rank: 1, Gender: Female, HP IV: 82(0%), ATK IV: 37(0%), DEF IV: 38(0%), Work Speed: (0%)
Foxparks, Level: 2, Rank: 1, Gender: Female, HP IV: 42(0%), ATK IV: 40(0%), DEF IV: 53(0%), Work Speed: (0%), Skills: Fine Furs
Foxparks, Level: 2, Rank: 1, Gender: Female, HP IV: 87(0%), ATK IV: 51(0%), DEF IV: 51(0%), Work Speed: (0%), Skills: Hydromaniac
Foxparks, Level: 2, Rank: 1, Gender: Male, HP IV: 66(0%), ATK IV: 9(0%), DEF IV: 71(0%), Work Speed: (0%), Skills: Hydromaniac
Foxparks, Level: 5, Rank: 1, Gender: Female, HP IV: 20(0%), ATK IV: 26(0%), DEF IV: 37(0%), Work Speed: (0%), Skills: Brittle
Foxparks, Level: 9, Rank: 1, Gender: Female, HP IV: 83(0%), ATK IV: 66(0%), DEF IV: 93(0%), Work Speed: (0%), Skills: Cheery
Lamball, Level: 3, Rank: 1, Gender: Female, HP IV: 44(0%), ATK IV: 97(0%), DEF IV: 48(0%), Work Speed: (0%), Skills: Musclehead
Lamball, Level: 3, Rank: 1, Gender: Male, HP IV: 87(0%), ATK IV: 79(0%), DEF IV: 84(0%), Work Speed: (0%), Skills: Noble
Lamball, Level: 5, Rank: 1, Gender: Female, HP IV: 74(0%), ATK IV: 85(0%), DEF IV: 83(0%), Work Speed: (0%), Skills: Earthquake Resistant
Lamball, Level: 5, Rank: 1, Gender: Female, HP IV: 76(0%), ATK IV: 67(0%), DEF IV: 30(0%), Work Speed: (0%), Skills: Stronghold Strategist
Lamball, Level: 7, Rank: 1, Gender: Female, HP IV: 96(0%), ATK IV: 70(0%), DEF IV: 71(0%), Work Speed: (0%), Skills: Downtrodden
Nitewing, Level: 12, Rank: 1, Gender: Female, HP IV: 83(0%), ATK IV: 55(0%), DEF IV: 3(0%), Work Speed: (0%), Skills: Brave
Nox, Level: 3, Rank: 1, Gender: Female, HP IV: 56(0%), ATK IV: 31(0%), DEF IV: 9(0%), Work Speed: (0%), Skills: Infinite Stamina
Ribbuny, Level: 2, Rank: 1, Gender: Female, HP IV: 35(0%), ATK IV: 3(0%), DEF IV: 84(0%), Work Speed: (0%)
Ribbuny, Level: 2, Rank: 1, Gender: Male, HP IV: 53(0%), ATK IV: 18(0%), DEF IV: 32(0%), Work Speed: (0%), Skills: Coldblooded, Diet Lover
Ribbuny, Level: 3, Rank: 1, Gender: Male, HP IV: 35(0%), ATK IV: 45(0%), DEF IV: 2(0%), Work Speed: (0%), Skills: Diet Lover
Ribbuny, Level: 5, Rank: 1, Gender: Female, HP IV: 9(0%), ATK IV: 56(0%), DEF IV: 89(0%), Work Speed: (0%), Skills: Nimble
Ribbuny, Level: 5, Rank: 1, Gender: Male, HP IV: 19(0%), ATK IV: 71(0%), DEF IV: 73(0%), Work Speed: (0%), Skills: Pacifist
Rushoar, Level: 13, Rank: 1, Gender: Male, HP IV: 60(0%), ATK IV: 3(0%), DEF IV: 26(0%), Work Speed: (0%), Skills: Coldblooded
Teafant, Level: 4, Rank: 1, Gender: Female, HP IV: 42(0%), ATK IV: 91(0%), DEF IV: 47(0%), Work Speed: (0%), Skills: Power of Gaia
Teafant, Level: 4, Rank: 1, Gender: Female, HP IV: 58(0%), ATK IV: 2(0%), DEF IV: 25(0%), Work Speed: (0%), Skills: Zen Mind
Teafant, Level: 4, Rank: 1, Gender: Male, HP IV: 49(0%), ATK IV: 49(0%), DEF IV: 92(0%), Work Speed: (0%), Skills: Waterproof
Teafant, Level: 5, Rank: 1, Gender: Male, HP IV: 5(0%), ATK IV: 83(0%), DEF IV: 23(0%), Work Speed: (0%), Skills: Ferocious
Traveling Merchant, Level: 1, Rank: 1, Gender: Unknown, HP IV: 41(0%), ATK IV: 78(0%), DEF IV: 30(0%), Work Speed: (0%), Skills: Motivational Leader
