Kirkybird's 3 Pals
------------------
Cattiva, Level: 6, Rank: 1, Gender: Female, HP IV: 27(0%), ATK IV: 7(0%), DEF IV: 82(0%), Work Speed: (0%), Skills: Coward, Fine Furs
Foxparks, Level: 6, Rank: 1, Gender: Female, HP IV: 46(0%), ATK IV: 70(0%), DEF IV: 13(0%), Work Speed: (0%), Skills: Clumsy
Pengullet, Level: 6, Rank: 1, Gender: Female, HP IV: 90(0%), ATK IV: 33(0%), DEF IV: 46(0%), Work Speed: (0%), Skills: Slacker, Nocturnal
Kirkybird's 3 Pals
------------------
Cattiva, Level: 6, Rank: 1, Gender: Female, HP IV: 27(0%), ATK IV: 7(0%), DEF IV: 82(0%), Work Speed: (0%), Skills: Coward, Fine Furs
Foxparks, Level: 6, Rank: 1, Gender: Female, HP IV: 46(0%), ATK IV: 70(0%), DEF IV: 13(0%), Work Speed: (0%), Skills: Clumsy
Pengullet, Level: 6, Rank: 1, Gender: Female, HP IV: 90(0%), ATK IV: 33(0%), DEF IV: 46(0%), Work Speed: (0%), Skills: Slacker, Nocturnal
Kirkybird's 3 Pals
------------------
Cattiva, Level: 6, Rank: 1, Gender: Female, HP IV: 27(0%), ATK IV: 7(0%), DEF IV: 82(0%), Work Speed: (0%), Skills: Coward, Fine Furs
Foxparks, Level: 6, Rank: 1, Gender: Female, HP IV: 46(0%), ATK IV: 70(0%), DEF IV: 13(0%), Work Speed: (0%), Skills: Clumsy
Pengullet, Level: 6, Rank: 1, Gender: Female, HP IV: 90(0%), ATK IV: 33(0%), DEF IV: 46(0%), Work Speed: (0%), Skills: Slacker, Nocturnal
Kirkybird's 3 Pals
------------------
Cattiva, Level: 6, Rank: 1, Gender: Female, HP IV: 27(0%), ATK IV: 7(0%), DEF IV: 82(0%), Work Speed: (0%), Skills: Coward, Fine Furs
Foxparks, Level: 6, Rank: 1, Gender: Female, HP IV: 46(0%), ATK IV: 70(0%), DEF IV: 13(0%), Work Speed: (0%), Skills: Clumsy
Pengullet, Level: 6, Rank: 1, Gender: Female, HP IV: 90(0%), ATK IV: 33(0%), DEF IV: 46(0%), Work Speed: (0%), Skills: Slacker, Nocturnal
Kirkybird's 3 Pals
------------------
Cattiva, Level: 6, Rank: 1, Gender: Female, HP IV: 27(0%), ATK IV: 7(0%), DEF IV: 82(0%), Work Speed: (0%), Skills: Coward, Fine Furs
Foxparks, Level: 6, Rank: 1, Gender: Female, HP IV: 46(0%), ATK IV: 70(0%), DEF IV: 13(0%), Work Speed: (0%), Skills: Clumsy
Pengullet, Level: 6, Rank: 1, Gender: Female, HP IV: 90(0%), ATK IV: 33(0%), DEF IV: 46(0%), Work Speed: (0%), Skills: Slacker, Nocturnal
Kirkybird's 3 Pals
------------------
Cattiva, Level: 6, Rank: 1, Gender: Female, HP IV: 27(0%), ATK IV: 7(0%), DEF IV: 82(0%), Work Speed: (0%), Skills: Coward, Fine Furs
Foxparks, Level: 6, Rank: 1, Gender: Female, HP IV: 46(0%), ATK IV: 70(0%), DEF IV: 13(0%), Work Speed: (0%), Skills: Clumsy
Pengullet, Level: 6, Rank: 1, Gender: Female, HP IV: 90(0%), ATK IV: 33(0%), DEF IV: 46(0%), Work Speed: (0%), Skills: Slacker, Nocturnal
Kirkybird's 3 Pals
------------------
Cattiva, Level: 6, Rank: 1, Gender: Female, HP IV: 27(0%), ATK IV: 7(0%), DEF IV: 82(0%), Work Speed: (0%), Skills: Coward, Fine Furs
Foxparks, Level: 6, Rank: 1, Gender: Female, HP IV: 46(0%), ATK IV: 70(0%), DEF IV: 13(0%), Work Speed: (0%), Skills: Clumsy
Pengullet, Level: 6, Rank: 1, Gender: Female, HP IV: 90(0%), ATK IV: 33(0%), DEF IV: 46(0%), Work Speed: (0%), Skills: Slacker, Nocturnal
Kirkybird's 3 Pals
------------------
Cattiva, Level: 6, Rank: 1, Gender: Female, HP IV: 27(0%), ATK IV: 7(0%), DEF IV: 82(0%), Work Speed: (0%), Skills: Coward, Fine Furs
Foxparks, Level: 6, Rank: 1, Gender: Female, HP IV: 46(0%), ATK IV: 70(0%), DEF IV: 13(0%), Work Speed: (0%), Skills: Clumsy
Pengullet, Level: 6, Rank: 1, Gender: Female, HP IV: 90(0%), ATK IV: 33(0%), DEF IV: 46(0%), Work Speed: (0%), Skills: Slacker, Nocturnal
Kirkybird's 3 Pals
------------------
Cattiva, Level: 6, Rank: 1, Gender: Female, HP IV: 27(0%), ATK IV: 7(0%), DEF IV: 82(0%), Work Speed: (0%), Skills: Coward, Fine Furs
Foxparks, Level: 6, Rank: 1, Gender: Female, HP IV: 46(0%), ATK IV: 70(0%), DEF IV: 13(0%), Work Speed: (0%), Skills: Clumsy
Pengullet, Level: 6, Rank: 1, Gender: Female, HP IV: 90(0%), ATK IV: 33(0%), DEF IV: 46(0%), Work Speed: (0%), Skills: Slacker, Nocturnal
Kirkybird's 3 Pals
------------------
Cattiva, Level: 6, Rank: 1, Gender: Female, HP IV: 27(0%), ATK IV: 7(0%), DEF IV: 82(0%), Work Speed: (0%), Skills: Coward, Fine Furs
Foxparks, Level: 6, Rank: 1, Gender: Female, HP IV: 46(0%), ATK IV: 70(0%), DEF IV: 13(0%), Work Speed: (0%), Skills: Clumsy
Pengullet, Level: 6, Rank: 1, Gender: Female, HP IV: 90(0%), ATK IV: 33(0%), DEF IV: 46(0%), Work Speed: (0%), Skills: Slacker, Nocturnal
Kirkybird's 3 Pals
------------------
Cattiva, Level: 6, Rank: 1, Gender: Female, HP IV: 27(0%), ATK IV: 7(0%), DEF IV: 82(0%), Work Speed: (0%), Skills: Coward, Fine Furs
Foxparks, Level: 6, Rank: 1, Gender: Female, HP IV: 46(0%), ATK IV: 70(0%), DEF IV: 13(0%), Work Speed: (0%), Skills: Clumsy
Pengullet, Level: 6, Rank: 1, Gender: Female, HP IV: 90(0%), ATK IV: 33(0%), DEF IV: 46(0%), Work Speed: (0%), Skills: Slacker, Nocturnal
Kirkybird's 3 Pals
------------------
Cattiva, Level: 6, Rank: 1, Gender: Female, HP IV: 27(0%), ATK IV: 7(0%), DEF IV: 82(0%), Work Speed: (0%), Skills: Coward, Fine Furs
Foxparks, Level: 6, Rank: 1, Gender: Female, HP IV: 46(0%), ATK IV: 70(0%), DEF IV: 13(0%), Work Speed: (0%), Skills: Clumsy
Pengullet, Level: 6, Rank: 1, Gender: Female, HP IV: 90(0%), ATK IV: 33(0%), DEF IV: 46(0%), Work Speed: (0%), Skills: Slacker, Nocturnal
Kirkybird's 3 Pals
------------------
Cattiva, Level: 6, Rank: 1, Gender: Female, HP IV: 27(0%), ATK IV: 7(0%), DEF IV: 82(0%), Work Speed: (0%), Skills: Coward, Fine Furs
Foxparks, Level: 6, Rank: 1, Gender: Female, HP IV: 46(0%), ATK IV: 70(0%), DEF IV: 13(0%), Work Speed: (0%), Skills: Clumsy
Pengullet, Level: 6, Rank: 1, Gender: Female, HP IV: 90(0%), ATK IV: 33(0%), DEF IV: 46(0%), Work Speed: (0%), Skills: Slacker, Nocturnal
Kirkybird's 3 Pals
------------------
Cattiva, Level: 6, Rank: 1, Gender: Female, HP IV: 27(0%), ATK IV: 7(0%), DEF IV: 82(0%), Work Speed: (0%), Skills: Coward, Fine Furs
Foxparks, Level: 6, Rank: 1, Gender: Female, HP IV: 46(0%), ATK IV: 70(0%), DEF IV: 13(0%), Work Speed: (0%), Skills: Clumsy
Pengullet, Level: 6, Rank: 1, Gender: Female, HP IV: 90(0%), ATK IV: 33(0%), DEF IV: 46(0%), Work Speed: (0%), Skills: Slacker, Nocturnal
