Knyx's 10 Pals
--------------
Alpha Chillet, Level: 11, Rank: 1, Gender: Female, HP IV: 72(0%), ATK IV: 63(0%), DEF IV: 98(0%), Work Speed: (0%), Skills: Clumsy
Celaray, Level: 1, Rank: 1, Gender: Female, HP IV: 13(0%), ATK IV: 44(0%), DEF IV: 30(0%), Work Speed: (0%), Skills: Power of Gaia
Foxparks, Level: 9, Rank: 1, Gender: Male, HP IV: 2(0%), ATK IV: 66(0%), DEF IV: 67(0%), Work Speed: (0%), Skills: Ferocious
Foxparks, Level: 9, Rank: 1, Gender: Male, HP IV: 3(0%), ATK IV: 48(0%), DEF IV: 62(0%), Work Speed: (0%)
Galeclaw, Level: 20, Rank: 1, Gender: Female, HP IV: 53(0%), ATK IV: 82(0%), DEF IV: 81(0%), Work Speed: (0%), Skills: Botanical Barrier
Gumoss, Level: 9, Rank: 1, Gender: Female, HP IV: 35(0%), ATK IV: 82(0%), DEF IV: 32(0%), Work Speed: (0%), Skills: Serious
Gumoss, Level: 9, Rank: 1, Gender: Male, HP IV: 43(0%), ATK IV: 11(0%), DEF IV: 57(0%), Work Speed: (0%), Skills: Pyromaniac
Lamball, Level: 1, Rank: 1, Gender: Female, HP IV: 25(0%), ATK IV: 78(0%), DEF IV: 72(0%), Work Speed: (0%), Skills: Fragrant Foliage
Lamball, Level: 3, Rank: 1, Gender: Female, HP IV: 15(0%), ATK IV: 38(0%), DEF IV: 28(0%), Work Speed: (0%), Skills: Veil of Darkness
Univolt, Level: 1, Rank: 1, Gender: Female, HP IV: 44(0%), ATK IV: 54(0%), DEF IV: 60(0%), Work Speed: (0%), Skills: Coldblooded
Knyx's 10 Pals
--------------
Alpha Chillet, Level: 11, Rank: 1, Gender: Female, HP IV: 72(0%), ATK IV: 63(0%), DEF IV: 98(0%), Work Speed: (0%), Skills: Clumsy
Celaray, Level: 1, Rank: 1, Gender: Female, HP IV: 13(0%), ATK IV: 44(0%), DEF IV: 30(0%), Work Speed: (0%), Skills: Power of Gaia
Foxparks, Level: 9, Rank: 1, Gender: Male, HP IV: 2(0%), ATK IV: 66(0%), DEF IV: 67(0%), Work Speed: (0%), Skills: Ferocious
Foxparks, Level: 9, Rank: 1, Gender: Male, HP IV: 3(0%), ATK IV: 48(0%), DEF IV: 62(0%), Work Speed: (0%)
Galeclaw, Level: 20, Rank: 1, Gender: Female, HP IV: 53(0%), ATK IV: 82(0%), DEF IV: 81(0%), Work Speed: (0%), Skills: Botanical Barrier
Gumoss, Level: 9, Rank: 1, Gender: Female, HP IV: 35(0%), ATK IV: 82(0%), DEF IV: 32(0%), Work Speed: (0%), Skills: Serious
Gumoss, Level: 9, Rank: 1, Gender: Male, HP IV: 43(0%), ATK IV: 11(0%), DEF IV: 57(0%), Work Speed: (0%), Skills: Pyromaniac
Lamball, Level: 1, Rank: 1, Gender: Female, HP IV: 25(0%), ATK IV: 78(0%), DEF IV: 72(0%), Work Speed: (0%), Skills: Fragrant Foliage
Lamball, Level: 3, Rank: 1, Gender: Female, HP IV: 15(0%), ATK IV: 38(0%), DEF IV: 28(0%), Work Speed: (0%), Skills: Veil of Darkness
Univolt, Level: 1, Rank: 1, Gender: Female, HP IV: 44(0%), ATK IV: 54(0%), DEF IV: 60(0%), Work Speed: (0%), Skills: Coldblooded
Knyx's 10 Pals
--------------
Alpha Chillet, Level: 11, Rank: 1, Gender: Female, HP IV: 72(0%), ATK IV: 63(0%), DEF IV: 98(0%), Work Speed: (0%), Skills: Clumsy
Celaray, Level: 1, Rank: 1, Gender: Female, HP IV: 13(0%), ATK IV: 44(0%), DEF IV: 30(0%), Work Speed: (0%), Skills: Power of Gaia
Foxparks, Level: 9, Rank: 1, Gender: Male, HP IV: 2(0%), ATK IV: 66(0%), DEF IV: 67(0%), Work Speed: (0%), Skills: Ferocious
Foxparks, Level: 9, Rank: 1, Gender: Male, HP IV: 3(0%), ATK IV: 48(0%), DEF IV: 62(0%), Work Speed: (0%)
Galeclaw, Level: 20, Rank: 1, Gender: Female, HP IV: 53(0%), ATK IV: 82(0%), DEF IV: 81(0%), Work Speed: (0%), Skills: Botanical Barrier
Gumoss, Level: 9, Rank: 1, Gender: Female, HP IV: 35(0%), ATK IV: 82(0%), DEF IV: 32(0%), Work Speed: (0%), Skills: Serious
Gumoss, Level: 9, Rank: 1, Gender: Male, HP IV: 43(0%), ATK IV: 11(0%), DEF IV: 57(0%), Work Speed: (0%), Skills: Pyromaniac
Lamball, Level: 1, Rank: 1, Gender: Female, HP IV: 25(0%), ATK IV: 78(0%), DEF IV: 72(0%), Work Speed: (0%), Skills: Fragrant Foliage
Lamball, Level: 3, Rank: 1, Gender: Female, HP IV: 15(0%), ATK IV: 38(0%), DEF IV: 28(0%), Work Speed: (0%), Skills: Veil of Darkness
Univolt, Level: 1, Rank: 1, Gender: Female, HP IV: 44(0%), ATK IV: 54(0%), DEF IV: 60(0%), Work Speed: (0%), Skills: Coldblooded
Knyx's 10 Pals
--------------
Alpha Chillet, Level: 11, Rank: 1, Gender: Female, HP IV: 72(0%), ATK IV: 63(0%), DEF IV: 98(0%), Work Speed: (0%), Skills: Clumsy
Celaray, Level: 1, Rank: 1, Gender: Female, HP IV: 13(0%), ATK IV: 44(0%), DEF IV: 30(0%), Work Speed: (0%), Skills: Power of Gaia
Foxparks, Level: 9, Rank: 1, Gender: Male, HP IV: 2(0%), ATK IV: 66(0%), DEF IV: 67(0%), Work Speed: (0%), Skills: Ferocious
Foxparks, Level: 9, Rank: 1, Gender: Male, HP IV: 3(0%), ATK IV: 48(0%), DEF IV: 62(0%), Work Speed: (0%)
Galeclaw, Level: 20, Rank: 1, Gender: Female, HP IV: 53(0%), ATK IV: 82(0%), DEF IV: 81(0%), Work Speed: (0%), Skills: Botanical Barrier
Gumoss, Level: 9, Rank: 1, Gender: Female, HP IV: 35(0%), ATK IV: 82(0%), DEF IV: 32(0%), Work Speed: (0%), Skills: Serious
Gumoss, Level: 9, Rank: 1, Gender: Male, HP IV: 43(0%), ATK IV: 11(0%), DEF IV: 57(0%), Work Speed: (0%), Skills: Pyromaniac
Lamball, Level: 1, Rank: 1, Gender: Female, HP IV: 25(0%), ATK IV: 78(0%), DEF IV: 72(0%), Work Speed: (0%), Skills: Fragrant Foliage
Lamball, Level: 3, Rank: 1, Gender: Female, HP IV: 15(0%), ATK IV: 38(0%), DEF IV: 28(0%), Work Speed: (0%), Skills: Veil of Darkness
Univolt, Level: 1, Rank: 1, Gender: Female, HP IV: 44(0%), ATK IV: 54(0%), DEF IV: 60(0%), Work Speed: (0%), Skills: Coldblooded
Knyx's 10 Pals
--------------
Alpha Chillet, Level: 11, Rank: 1, Gender: Female, HP IV: 72(0%), ATK IV: 63(0%), DEF IV: 98(0%), Work Speed: (0%), Skills: Clumsy
Celaray, Level: 1, Rank: 1, Gender: Female, HP IV: 13(0%), ATK IV: 44(0%), DEF IV: 30(0%), Work Speed: (0%), Skills: Power of Gaia
Foxparks, Level: 9, Rank: 1, Gender: Male, HP IV: 2(0%), ATK IV: 66(0%), DEF IV: 67(0%), Work Speed: (0%), Skills: Ferocious
Foxparks, Level: 9, Rank: 1, Gender: Male, HP IV: 3(0%), ATK IV: 48(0%), DEF IV: 62(0%), Work Speed: (0%)
Galeclaw, Level: 20, Rank: 1, Gender: Female, HP IV: 53(0%), ATK IV: 82(0%), DEF IV: 81(0%), Work Speed: (0%), Skills: Botanical Barrier
Gumoss, Level: 9, Rank: 1, Gender: Female, HP IV: 35(0%), ATK IV: 82(0%), DEF IV: 32(0%), Work Speed: (0%), Skills: Serious
Gumoss, Level: 9, Rank: 1, Gender: Male, HP IV: 43(0%), ATK IV: 11(0%), DEF IV: 57(0%), Work Speed: (0%), Skills: Pyromaniac
Lamball, Level: 1, Rank: 1, Gender: Female, HP IV: 25(0%), ATK IV: 78(0%), DEF IV: 72(0%), Work Speed: (0%), Skills: Fragrant Foliage
Lamball, Level: 3, Rank: 1, Gender: Female, HP IV: 15(0%), ATK IV: 38(0%), DEF IV: 28(0%), Work Speed: (0%), Skills: Veil of Darkness
Univolt, Level: 1, Rank: 1, Gender: Female, HP IV: 44(0%), ATK IV: 54(0%), DEF IV: 60(0%), Work Speed: (0%), Skills: Coldblooded
Knyx's 10 Pals
--------------
Alpha Chillet, Level: 11, Rank: 1, Gender: Female, HP IV: 72(0%), ATK IV: 63(0%), DEF IV: 98(0%), Work Speed: (0%), Skills: Clumsy
Celaray, Level: 1, Rank: 1, Gender: Female, HP IV: 13(0%), ATK IV: 44(0%), DEF IV: 30(0%), Work Speed: (0%), Skills: Power of Gaia
Foxparks, Level: 9, Rank: 1, Gender: Male, HP IV: 2(0%), ATK IV: 66(0%), DEF IV: 67(0%), Work Speed: (0%), Skills: Ferocious
Foxparks, Level: 9, Rank: 1, Gender: Male, HP IV: 3(0%), ATK IV: 48(0%), DEF IV: 62(0%), Work Speed: (0%)
Galeclaw, Level: 20, Rank: 1, Gender: Female, HP IV: 53(0%), ATK IV: 82(0%), DEF IV: 81(0%), Work Speed: (0%), Skills: Botanical Barrier
Gumoss, Level: 9, Rank: 1, Gender: Female, HP IV: 35(0%), ATK IV: 82(0%), DEF IV: 32(0%), Work Speed: (0%), Skills: Serious
Gumoss, Level: 9, Rank: 1, Gender: Male, HP IV: 43(0%), ATK IV: 11(0%), DEF IV: 57(0%), Work Speed: (0%), Skills: Pyromaniac
Lamball, Level: 1, Rank: 1, Gender: Female, HP IV: 25(0%), ATK IV: 78(0%), DEF IV: 72(0%), Work Speed: (0%), Skills: Fragrant Foliage
Lamball, Level: 3, Rank: 1, Gender: Female, HP IV: 15(0%), ATK IV: 38(0%), DEF IV: 28(0%), Work Speed: (0%), Skills: Veil of Darkness
Univolt, Level: 1, Rank: 1, Gender: Female, HP IV: 44(0%), ATK IV: 54(0%), DEF IV: 60(0%), Work Speed: (0%), Skills: Coldblooded
Knyx's 10 Pals
--------------
Alpha Chillet, Level: 11, Rank: 1, Gender: Female, HP IV: 72(0%), ATK IV: 63(0%), DEF IV: 98(0%), Work Speed: (0%), Skills: Clumsy
Celaray, Level: 1, Rank: 1, Gender: Female, HP IV: 13(0%), ATK IV: 44(0%), DEF IV: 30(0%), Work Speed: (0%), Skills: Power of Gaia
Foxparks, Level: 9, Rank: 1, Gender: Male, HP IV: 2(0%), ATK IV: 66(0%), DEF IV: 67(0%), Work Speed: (0%), Skills: Ferocious
Foxparks, Level: 9, Rank: 1, Gender: Male, HP IV: 3(0%), ATK IV: 48(0%), DEF IV: 62(0%), Work Speed: (0%)
Galeclaw, Level: 20, Rank: 1, Gender: Female, HP IV: 53(0%), ATK IV: 82(0%), DEF IV: 81(0%), Work Speed: (0%), Skills: Botanical Barrier
Gumoss, Level: 9, Rank: 1, Gender: Female, HP IV: 35(0%), ATK IV: 82(0%), DEF IV: 32(0%), Work Speed: (0%), Skills: Serious
Gumoss, Level: 9, Rank: 1, Gender: Male, HP IV: 43(0%), ATK IV: 11(0%), DEF IV: 57(0%), Work Speed: (0%), Skills: Pyromaniac
Lamball, Level: 1, Rank: 1, Gender: Female, HP IV: 25(0%), ATK IV: 78(0%), DEF IV: 72(0%), Work Speed: (0%), Skills: Fragrant Foliage
Lamball, Level: 3, Rank: 1, Gender: Female, HP IV: 15(0%), ATK IV: 38(0%), DEF IV: 28(0%), Work Speed: (0%), Skills: Veil of Darkness
Univolt, Level: 1, Rank: 1, Gender: Female, HP IV: 44(0%), ATK IV: 54(0%), DEF IV: 60(0%), Work Speed: (0%), Skills: Coldblooded
Knyx's 10 Pals
--------------
Alpha Chillet, Level: 11, Rank: 1, Gender: Female, HP IV: 72(0%), ATK IV: 63(0%), DEF IV: 98(0%), Work Speed: (0%), Skills: Clumsy
Celaray, Level: 1, Rank: 1, Gender: Female, HP IV: 13(0%), ATK IV: 44(0%), DEF IV: 30(0%), Work Speed: (0%), Skills: Power of Gaia
Foxparks, Level: 9, Rank: 1, Gender: Male, HP IV: 2(0%), ATK IV: 66(0%), DEF IV: 67(0%), Work Speed: (0%), Skills: Ferocious
Foxparks, Level: 9, Rank: 1, Gender: Male, HP IV: 3(0%), ATK IV: 48(0%), DEF IV: 62(0%), Work Speed: (0%)
Galeclaw, Level: 20, Rank: 1, Gender: Female, HP IV: 53(0%), ATK IV: 82(0%), DEF IV: 81(0%), Work Speed: (0%), Skills: Botanical Barrier
Gumoss, Level: 9, Rank: 1, Gender: Female, HP IV: 35(0%), ATK IV: 82(0%), DEF IV: 32(0%), Work Speed: (0%), Skills: Serious
Gumoss, Level: 9, Rank: 1, Gender: Male, HP IV: 43(0%), ATK IV: 11(0%), DEF IV: 57(0%), Work Speed: (0%), Skills: Pyromaniac
Lamball, Level: 1, Rank: 1, Gender: Female, HP IV: 25(0%), ATK IV: 78(0%), DEF IV: 72(0%), Work Speed: (0%), Skills: Fragrant Foliage
Lamball, Level: 3, Rank: 1, Gender: Female, HP IV: 15(0%), ATK IV: 38(0%), DEF IV: 28(0%), Work Speed: (0%), Skills: Veil of Darkness
Univolt, Level: 1, Rank: 1, Gender: Female, HP IV: 44(0%), ATK IV: 54(0%), DEF IV: 60(0%), Work Speed: (0%), Skills: Coldblooded
Knyx's 10 Pals
--------------
Alpha Chillet, Level: 11, Rank: 1, Gender: Female, HP IV: 72(0%), ATK IV: 63(0%), DEF IV: 98(0%), Work Speed: (0%), Skills: Clumsy
Celaray, Level: 1, Rank: 1, Gender: Female, HP IV: 13(0%), ATK IV: 44(0%), DEF IV: 30(0%), Work Speed: (0%), Skills: Power of Gaia
Foxparks, Level: 9, Rank: 1, Gender: Male, HP IV: 2(0%), ATK IV: 66(0%), DEF IV: 67(0%), Work Speed: (0%), Skills: Ferocious
Foxparks, Level: 9, Rank: 1, Gender: Male, HP IV: 3(0%), ATK IV: 48(0%), DEF IV: 62(0%), Work Speed: (0%)
Galeclaw, Level: 20, Rank: 1, Gender: Female, HP IV: 53(0%), ATK IV: 82(0%), DEF IV: 81(0%), Work Speed: (0%), Skills: Botanical Barrier
Gumoss, Level: 9, Rank: 1, Gender: Female, HP IV: 35(0%), ATK IV: 82(0%), DEF IV: 32(0%), Work Speed: (0%), Skills: Serious
Gumoss, Level: 9, Rank: 1, Gender: Male, HP IV: 43(0%), ATK IV: 11(0%), DEF IV: 57(0%), Work Speed: (0%), Skills: Pyromaniac
Lamball, Level: 1, Rank: 1, Gender: Female, HP IV: 25(0%), ATK IV: 78(0%), DEF IV: 72(0%), Work Speed: (0%), Skills: Fragrant Foliage
Lamball, Level: 3, Rank: 1, Gender: Female, HP IV: 15(0%), ATK IV: 38(0%), DEF IV: 28(0%), Work Speed: (0%), Skills: Veil of Darkness
Univolt, Level: 1, Rank: 1, Gender: Female, HP IV: 44(0%), ATK IV: 54(0%), DEF IV: 60(0%), Work Speed: (0%), Skills: Coldblooded
Knyx's 10 Pals
--------------
Alpha Chillet, Level: 11, Rank: 1, Gender: Female, HP IV: 72(0%), ATK IV: 63(0%), DEF IV: 98(0%), Work Speed: (0%), Skills: Clumsy
Celaray, Level: 1, Rank: 1, Gender: Female, HP IV: 13(0%), ATK IV: 44(0%), DEF IV: 30(0%), Work Speed: (0%), Skills: Power of Gaia
Foxparks, Level: 9, Rank: 1, Gender: Male, HP IV: 2(0%), ATK IV: 66(0%), DEF IV: 67(0%), Work Speed: (0%), Skills: Ferocious
Foxparks, Level: 9, Rank: 1, Gender: Male, HP IV: 3(0%), ATK IV: 48(0%), DEF IV: 62(0%), Work Speed: (0%)
Galeclaw, Level: 20, Rank: 1, Gender: Female, HP IV: 53(0%), ATK IV: 82(0%), DEF IV: 81(0%), Work Speed: (0%), Skills: Botanical Barrier
Gumoss, Level: 9, Rank: 1, Gender: Female, HP IV: 35(0%), ATK IV: 82(0%), DEF IV: 32(0%), Work Speed: (0%), Skills: Serious
Gumoss, Level: 9, Rank: 1, Gender: Male, HP IV: 43(0%), ATK IV: 11(0%), DEF IV: 57(0%), Work Speed: (0%), Skills: Pyromaniac
Lamball, Level: 1, Rank: 1, Gender: Female, HP IV: 25(0%), ATK IV: 78(0%), DEF IV: 72(0%), Work Speed: (0%), Skills: Fragrant Foliage
Lamball, Level: 3, Rank: 1, Gender: Female, HP IV: 15(0%), ATK IV: 38(0%), DEF IV: 28(0%), Work Speed: (0%), Skills: Veil of Darkness
Univolt, Level: 1, Rank: 1, Gender: Female, HP IV: 44(0%), ATK IV: 54(0%), DEF IV: 60(0%), Work Speed: (0%), Skills: Coldblooded
Knyx's 10 Pals
--------------
Alpha Chillet, Level: 11, Rank: 1, Gender: Female, HP IV: 72(0%), ATK IV: 63(0%), DEF IV: 98(0%), Work Speed: (0%), Skills: Clumsy
Celaray, Level: 1, Rank: 1, Gender: Female, HP IV: 13(0%), ATK IV: 44(0%), DEF IV: 30(0%), Work Speed: (0%), Skills: Power of Gaia
Foxparks, Level: 9, Rank: 1, Gender: Male, HP IV: 2(0%), ATK IV: 66(0%), DEF IV: 67(0%), Work Speed: (0%), Skills: Ferocious
Foxparks, Level: 9, Rank: 1, Gender: Male, HP IV: 3(0%), ATK IV: 48(0%), DEF IV: 62(0%), Work Speed: (0%)
Galeclaw, Level: 20, Rank: 1, Gender: Female, HP IV: 53(0%), ATK IV: 82(0%), DEF IV: 81(0%), Work Speed: (0%), Skills: Botanical Barrier
Gumoss, Level: 9, Rank: 1, Gender: Female, HP IV: 35(0%), ATK IV: 82(0%), DEF IV: 32(0%), Work Speed: (0%), Skills: Serious
Gumoss, Level: 9, Rank: 1, Gender: Male, HP IV: 43(0%), ATK IV: 11(0%), DEF IV: 57(0%), Work Speed: (0%), Skills: Pyromaniac
Lamball, Level: 1, Rank: 1, Gender: Female, HP IV: 25(0%), ATK IV: 78(0%), DEF IV: 72(0%), Work Speed: (0%), Skills: Fragrant Foliage
Lamball, Level: 3, Rank: 1, Gender: Female, HP IV: 15(0%), ATK IV: 38(0%), DEF IV: 28(0%), Work Speed: (0%), Skills: Veil of Darkness
Univolt, Level: 1, Rank: 1, Gender: Female, HP IV: 44(0%), ATK IV: 54(0%), DEF IV: 60(0%), Work Speed: (0%), Skills: Coldblooded
Knyx's 10 Pals
--------------
Alpha Chillet, Level: 11, Rank: 1, Gender: Female, HP IV: 72(0%), ATK IV: 63(0%), DEF IV: 98(0%), Work Speed: (0%), Skills: Clumsy
Celaray, Level: 1, Rank: 1, Gender: Female, HP IV: 13(0%), ATK IV: 44(0%), DEF IV: 30(0%), Work Speed: (0%), Skills: Power of Gaia
Foxparks, Level: 9, Rank: 1, Gender: Male, HP IV: 2(0%), ATK IV: 66(0%), DEF IV: 67(0%), Work Speed: (0%), Skills: Ferocious
Foxparks, Level: 9, Rank: 1, Gender: Male, HP IV: 3(0%), ATK IV: 48(0%), DEF IV: 62(0%), Work Speed: (0%)
Galeclaw, Level: 20, Rank: 1, Gender: Female, HP IV: 53(0%), ATK IV: 82(0%), DEF IV: 81(0%), Work Speed: (0%), Skills: Botanical Barrier
Gumoss, Level: 9, Rank: 1, Gender: Female, HP IV: 35(0%), ATK IV: 82(0%), DEF IV: 32(0%), Work Speed: (0%), Skills: Serious
Gumoss, Level: 9, Rank: 1, Gender: Male, HP IV: 43(0%), ATK IV: 11(0%), DEF IV: 57(0%), Work Speed: (0%), Skills: Pyromaniac
Lamball, Level: 1, Rank: 1, Gender: Female, HP IV: 25(0%), ATK IV: 78(0%), DEF IV: 72(0%), Work Speed: (0%), Skills: Fragrant Foliage
Lamball, Level: 3, Rank: 1, Gender: Female, HP IV: 15(0%), ATK IV: 38(0%), DEF IV: 28(0%), Work Speed: (0%), Skills: Veil of Darkness
Univolt, Level: 1, Rank: 1, Gender: Female, HP IV: 44(0%), ATK IV: 54(0%), DEF IV: 60(0%), Work Speed: (0%), Skills: Coldblooded
Knyx's 10 Pals
--------------
Alpha Chillet, Level: 11, Rank: 1, Gender: Female, HP IV: 72(0%), ATK IV: 63(0%), DEF IV: 98(0%), Work Speed: (0%), Skills: Clumsy
Celaray, Level: 1, Rank: 1, Gender: Female, HP IV: 13(0%), ATK IV: 44(0%), DEF IV: 30(0%), Work Speed: (0%), Skills: Power of Gaia
Foxparks, Level: 9, Rank: 1, Gender: Male, HP IV: 2(0%), ATK IV: 66(0%), DEF IV: 67(0%), Work Speed: (0%), Skills: Ferocious
Foxparks, Level: 9, Rank: 1, Gender: Male, HP IV: 3(0%), ATK IV: 48(0%), DEF IV: 62(0%), Work Speed: (0%)
Galeclaw, Level: 20, Rank: 1, Gender: Female, HP IV: 53(0%), ATK IV: 82(0%), DEF IV: 81(0%), Work Speed: (0%), Skills: Botanical Barrier
Gumoss, Level: 9, Rank: 1, Gender: Female, HP IV: 35(0%), ATK IV: 82(0%), DEF IV: 32(0%), Work Speed: (0%), Skills: Serious
Gumoss, Level: 9, Rank: 1, Gender: Male, HP IV: 43(0%), ATK IV: 11(0%), DEF IV: 57(0%), Work Speed: (0%), Skills: Pyromaniac
Lamball, Level: 1, Rank: 1, Gender: Female, HP IV: 25(0%), ATK IV: 78(0%), DEF IV: 72(0%), Work Speed: (0%), Skills: Fragrant Foliage
Lamball, Level: 3, Rank: 1, Gender: Female, HP IV: 15(0%), ATK IV: 38(0%), DEF IV: 28(0%), Work Speed: (0%), Skills: Veil of Darkness
Univolt, Level: 1, Rank: 1, Gender: Female, HP IV: 44(0%), ATK IV: 54(0%), DEF IV: 60(0%), Work Speed: (0%), Skills: Coldblooded
Knyx's 10 Pals
--------------
Alpha Chillet, Level: 11, Rank: 1, Gender: Female, HP IV: 72(0%), ATK IV: 63(0%), DEF IV: 98(0%), Work Speed: (0%), Skills: Clumsy
Celaray, Level: 1, Rank: 1, Gender: Female, HP IV: 13(0%), ATK IV: 44(0%), DEF IV: 30(0%), Work Speed: (0%), Skills: Power of Gaia
Foxparks, Level: 9, Rank: 1, Gender: Male, HP IV: 2(0%), ATK IV: 66(0%), DEF IV: 67(0%), Work Speed: (0%), Skills: Ferocious
Foxparks, Level: 9, Rank: 1, Gender: Male, HP IV: 3(0%), ATK IV: 48(0%), DEF IV: 62(0%), Work Speed: (0%)
Galeclaw, Level: 20, Rank: 1, Gender: Female, HP IV: 53(0%), ATK IV: 82(0%), DEF IV: 81(0%), Work Speed: (0%), Skills: Botanical Barrier
Gumoss, Level: 9, Rank: 1, Gender: Female, HP IV: 35(0%), ATK IV: 82(0%), DEF IV: 32(0%), Work Speed: (0%), Skills: Serious
Gumoss, Level: 9, Rank: 1, Gender: Male, HP IV: 43(0%), ATK IV: 11(0%), DEF IV: 57(0%), Work Speed: (0%), Skills: Pyromaniac
Lamball, Level: 1, Rank: 1, Gender: Female, HP IV: 25(0%), ATK IV: 78(0%), DEF IV: 72(0%), Work Speed: (0%), Skills: Fragrant Foliage
Lamball, Level: 3, Rank: 1, Gender: Female, HP IV: 15(0%), ATK IV: 38(0%), DEF IV: 28(0%), Work Speed: (0%), Skills: Veil of Darkness
Univolt, Level: 1, Rank: 1, Gender: Female, HP IV: 44(0%), ATK IV: 54(0%), DEF IV: 60(0%), Work Speed: (0%), Skills: Coldblooded
