Kryloc's 41 Pals
----------------
Anubis, Level: 14, Rank: 1, Gender: Female, HP IV: 60(0%), ATK IV: 100(0%), DEF IV: 71(0%), Work Speed: (0%), Skills: Legend, Noble, Motivational Leader
Cattiva, Level: 10, Rank: 1, Gender: Female, HP IV: 76(0%), ATK IV: 92(0%), DEF IV: 26(0%), Work Speed: (0%), Skills: Coward
Cattiva, Level: 14, Rank: 1, Gender: Female, HP IV: 16(0%), ATK IV: 4(0%), DEF IV: 17(0%), Work Speed: (0%), Skills: Coward, Sadist
Cattiva, Level: 14, Rank: 1, Gender: Female, HP IV: 25(0%), ATK IV: 1(0%), DEF IV: 28(0%), Work Speed: (0%), Skills: Coward, Burly Body
Cattiva, Level: 14, Rank: 1, Gender: Male, HP IV: 52(0%), ATK IV: 41(0%), DEF IV: 6(0%), Work Speed: (0%), Skills: Coward, Work Slave
Cattiva, Level: 3, Rank: 1, Gender: Male, HP IV: 76(0%), ATK IV: 47(0%), DEF IV: 50(0%), Work Speed: (0%), Skills: Coward, Mercy hit
Cattiva, Level: 3, Rank: 1, Gender: Male, HP IV: 77(0%), ATK IV: 17(0%), DEF IV: 63(0%), Work Speed: (0%), Skills: Coward, Slacker
Cattiva, Level: 5, Rank: 1, Gender: Female, HP IV: 50(0%), ATK IV: 35(0%), DEF IV: 94(0%), Work Speed: (0%), Skills: Coward, Serenity
Cattiva, Level: 5, Rank: 1, Gender: Male, HP IV: 70(0%), ATK IV: 66(0%), DEF IV: 29(0%), Work Speed: (0%), Skills: Coward
Cattiva, Level: 5, Rank: 1, Gender: Male, HP IV: 88(0%), ATK IV: 9(0%), DEF IV: 65(0%), Work Speed: (0%), Skills: Coward, Infinite Stamina
Chikipi, Level: 1, Rank: 1, Gender: Male, HP IV: 51(0%), ATK IV: 64(0%), DEF IV: 30(0%), Work Speed: (0%), Skills: Logging Foreman
Chikipi, Level: 2, Rank: 1, Gender: Male, HP IV: 66(0%), ATK IV: 28(0%), DEF IV: 29(0%), Work Speed: (0%), Skills: Motivational Leader
Chikipi, Level: 3, Rank: 1, Gender: Female, HP IV: 57(0%), ATK IV: 64(0%), DEF IV: 81(0%), Work Speed: (0%), Skills: Burly Body
Cremis, Level: 4, Rank: 1, Gender: Male, HP IV: 61(0%), ATK IV: 16(0%), DEF IV: 53(0%), Work Speed: (0%), Skills: Artisan
Daedream, Level: 5, Rank: 1, Gender: Male, HP IV: 93(0%), ATK IV: 39(0%), DEF IV: 24(0%), Work Speed: (0%)
Depresso, Level: 3, Rank: 1, Gender: Male, HP IV: 42(0%), ATK IV: 76(0%), DEF IV: 92(0%), Work Speed: (0%), Skills: Fit as a Fiddle
Depresso, Level: 4, Rank: 1, Gender: Male, HP IV: 65(0%), ATK IV: 99(0%), DEF IV: 8(0%), Work Speed: (0%), Skills: Destructive
Depresso, Level: 4, Rank: 1, Gender: Male, HP IV: 97(0%), ATK IV: 64(0%), DEF IV: 100(0%), Work Speed: (0%), Skills: Coward, Work Slave
Depresso, Level: 5, Rank: 1, Gender: Male, HP IV: 15(0%), ATK IV: 66(0%), DEF IV: 20(0%), Work Speed: (0%), Skills: Hooligan
Direhowl, Level: 10, Rank: 1, Gender: Female, HP IV: 19(0%), ATK IV: 97(0%), DEF IV: 87(0%), Work Speed: (0%), Skills: Waterproof
Direhowl, Level: 10, Rank: 1, Gender: Female, HP IV: 36(0%), ATK IV: 83(0%), DEF IV: 22(0%), Work Speed: (0%), Skills: Coward
Direhowl, Level: 10, Rank: 1, Gender: Female, HP IV: 4(0%), ATK IV: 69(0%), DEF IV: 60(0%), Work Speed: (0%)
Direhowl, Level: 14, Rank: 1, Gender: Female, HP IV: 7(0%), ATK IV: 19(0%), DEF IV: 23(0%), Work Speed: (0%), Skills: Workaholic
Direhowl, Level: 9, Rank: 1, Gender: Male, HP IV: 48(0%), ATK IV: 46(0%), DEF IV: 7(0%), Work Speed: (0%), Skills: Bottomless Stomach
Eikthyrdeer, Level: 10, Rank: 1, Gender: Female, HP IV: 50(0%), ATK IV: 20(0%), DEF IV: 28(0%), Work Speed: (0%), Skills: Unstable
Eikthyrdeer, Level: 9, Rank: 1, Gender: Male, HP IV: 98(0%), ATK IV: 59(0%), DEF IV: 98(0%), Work Speed: (0%), Skills: Infinite Stamina
Flopie, Level: 10, Rank: 1, Gender: Female, HP IV: 35(0%), ATK IV: 76(0%), DEF IV: 16(0%), Work Speed: (0%)
Foxparks, Level: 4, Rank: 1, Gender: Male, HP IV: 6(0%), ATK IV: 1(0%), DEF IV: 95(0%), Work Speed: (0%)
Foxparks, Level: 6, Rank: 1, Gender: Female, HP IV: 91(0%), ATK IV: 74(0%), DEF IV: 72(0%), Work Speed: (0%), Skills: Serious
Fuack, Level: 5, Rank: 1, Gender: Male, HP IV: 51(0%), ATK IV: 46(0%), DEF IV: 52(0%), Work Speed: (0%), Skills: Hard Skin
Gumoss, Level: 3, Rank: 1, Gender: Female, HP IV: 73(0%), ATK IV: 64(0%), DEF IV: 5(0%), Work Speed: (0%), Skills: Swift
Gumoss, Level: 4, Rank: 1, Gender: Male, HP IV: 22(0%), ATK IV: 35(0%), DEF IV: 23(0%), Work Speed: (0%), Skills: Burly Body, Diet Lover, Shabby
Lamball, Level: 4, Rank: 1, Gender: Female, HP IV: 79(0%), ATK IV: 44(0%), DEF IV: 38(0%), Work Speed: (0%), Skills: Work Slave, Slacker, Glutton
Lamball, Level: 5, Rank: 1, Gender: Male, HP IV: 93(0%), ATK IV: 83(0%), DEF IV: 50(0%), Work Speed: (0%), Skills: Artisan
Lifmunk, Level: 2, Rank: 1, Gender: Female, HP IV: 49(0%), ATK IV: 49(0%), DEF IV: 83(0%), Work Speed: (0%)
Lifmunk, Level: 4, Rank: 1, Gender: Male, HP IV: 84(0%), ATK IV: 63(0%), DEF IV: 62(0%), Work Speed: (0%), Skills: Impatient
Nox, Level: 6, Rank: 1, Gender: Female, HP IV: 3(0%), ATK IV: 1(0%), DEF IV: 16(0%), Work Speed: (0%), Skills: Mine Foreman
Tanzee, Level: 3, Rank: 1, Gender: Female, HP IV: 13(0%), ATK IV: 97(0%), DEF IV: 45(0%), Work Speed: (0%), Skills: Runner
Tanzee, Level: 4, Rank: 1, Gender: Female, HP IV: 56(0%), ATK IV: 40(0%), DEF IV: 56(0%), Work Speed: (0%), Skills: Vanguard
Teafant, Level: 3, Rank: 1, Gender: Male, HP IV: 12(0%), ATK IV: 64(0%), DEF IV: 7(0%), Work Speed: (0%)
Tombat, Level: 11, Rank: 1, Gender: Male, HP IV: 69(0%), ATK IV: 6(0%), DEF IV: 46(0%), Work Speed: (0%), Skills: Philantropist
Kryloc's 41 Pals
----------------
Anubis, Level: 14, Rank: 1, Gender: Female, HP IV: 60(0%), ATK IV: 100(0%), DEF IV: 71(0%), Work Speed: (0%), Skills: Legend, Noble, Motivational Leader
Cattiva, Level: 10, Rank: 1, Gender: Female, HP IV: 76(0%), ATK IV: 92(0%), DEF IV: 26(0%), Work Speed: (0%), Skills: Coward
Cattiva, Level: 14, Rank: 1, Gender: Female, HP IV: 16(0%), ATK IV: 4(0%), DEF IV: 17(0%), Work Speed: (0%), Skills: Coward, Sadist
Cattiva, Level: 14, Rank: 1, Gender: Female, HP IV: 25(0%), ATK IV: 1(0%), DEF IV: 28(0%), Work Speed: (0%), Skills: Coward, Burly Body
Cattiva, Level: 14, Rank: 1, Gender: Male, HP IV: 52(0%), ATK IV: 41(0%), DEF IV: 6(0%), Work Speed: (0%), Skills: Coward, Work Slave
Cattiva, Level: 3, Rank: 1, Gender: Male, HP IV: 76(0%), ATK IV: 47(0%), DEF IV: 50(0%), Work Speed: (0%), Skills: Coward, Mercy hit
Cattiva, Level: 3, Rank: 1, Gender: Male, HP IV: 77(0%), ATK IV: 17(0%), DEF IV: 63(0%), Work Speed: (0%), Skills: Coward, Slacker
Cattiva, Level: 5, Rank: 1, Gender: Female, HP IV: 50(0%), ATK IV: 35(0%), DEF IV: 94(0%), Work Speed: (0%), Skills: Coward, Serenity
Cattiva, Level: 5, Rank: 1, Gender: Male, HP IV: 70(0%), ATK IV: 66(0%), DEF IV: 29(0%), Work Speed: (0%), Skills: Coward
Cattiva, Level: 5, Rank: 1, Gender: Male, HP IV: 88(0%), ATK IV: 9(0%), DEF IV: 65(0%), Work Speed: (0%), Skills: Coward, Infinite Stamina
Chikipi, Level: 1, Rank: 1, Gender: Male, HP IV: 51(0%), ATK IV: 64(0%), DEF IV: 30(0%), Work Speed: (0%), Skills: Logging Foreman
Chikipi, Level: 2, Rank: 1, Gender: Male, HP IV: 66(0%), ATK IV: 28(0%), DEF IV: 29(0%), Work Speed: (0%), Skills: Motivational Leader
Chikipi, Level: 3, Rank: 1, Gender: Female, HP IV: 57(0%), ATK IV: 64(0%), DEF IV: 81(0%), Work Speed: (0%), Skills: Burly Body
Cremis, Level: 4, Rank: 1, Gender: Male, HP IV: 61(0%), ATK IV: 16(0%), DEF IV: 53(0%), Work Speed: (0%), Skills: Artisan
Daedream, Level: 5, Rank: 1, Gender: Male, HP IV: 93(0%), ATK IV: 39(0%), DEF IV: 24(0%), Work Speed: (0%)
Depresso, Level: 3, Rank: 1, Gender: Male, HP IV: 42(0%), ATK IV: 76(0%), DEF IV: 92(0%), Work Speed: (0%), Skills: Fit as a Fiddle
Depresso, Level: 4, Rank: 1, Gender: Male, HP IV: 65(0%), ATK IV: 99(0%), DEF IV: 8(0%), Work Speed: (0%), Skills: Destructive
Depresso, Level: 4, Rank: 1, Gender: Male, HP IV: 97(0%), ATK IV: 64(0%), DEF IV: 100(0%), Work Speed: (0%), Skills: Coward, Work Slave
Depresso, Level: 5, Rank: 1, Gender: Male, HP IV: 15(0%), ATK IV: 66(0%), DEF IV: 20(0%), Work Speed: (0%), Skills: Hooligan
Direhowl, Level: 10, Rank: 1, Gender: Female, HP IV: 19(0%), ATK IV: 97(0%), DEF IV: 87(0%), Work Speed: (0%), Skills: Waterproof
Direhowl, Level: 10, Rank: 1, Gender: Female, HP IV: 36(0%), ATK IV: 83(0%), DEF IV: 22(0%), Work Speed: (0%), Skills: Coward
Direhowl, Level: 10, Rank: 1, Gender: Female, HP IV: 4(0%), ATK IV: 69(0%), DEF IV: 60(0%), Work Speed: (0%)
Direhowl, Level: 14, Rank: 1, Gender: Female, HP IV: 7(0%), ATK IV: 19(0%), DEF IV: 23(0%), Work Speed: (0%), Skills: Workaholic
Direhowl, Level: 9, Rank: 1, Gender: Male, HP IV: 48(0%), ATK IV: 46(0%), DEF IV: 7(0%), Work Speed: (0%), Skills: Bottomless Stomach
Eikthyrdeer, Level: 10, Rank: 1, Gender: Female, HP IV: 50(0%), ATK IV: 20(0%), DEF IV: 28(0%), Work Speed: (0%), Skills: Unstable
Eikthyrdeer, Level: 9, Rank: 1, Gender: Male, HP IV: 98(0%), ATK IV: 59(0%), DEF IV: 98(0%), Work Speed: (0%), Skills: Infinite Stamina
Flopie, Level: 10, Rank: 1, Gender: Female, HP IV: 35(0%), ATK IV: 76(0%), DEF IV: 16(0%), Work Speed: (0%)
Foxparks, Level: 4, Rank: 1, Gender: Male, HP IV: 6(0%), ATK IV: 1(0%), DEF IV: 95(0%), Work Speed: (0%)
Foxparks, Level: 6, Rank: 1, Gender: Female, HP IV: 91(0%), ATK IV: 74(0%), DEF IV: 72(0%), Work Speed: (0%), Skills: Serious
Fuack, Level: 5, Rank: 1, Gender: Male, HP IV: 51(0%), ATK IV: 46(0%), DEF IV: 52(0%), Work Speed: (0%), Skills: Hard Skin
Gumoss, Level: 3, Rank: 1, Gender: Female, HP IV: 73(0%), ATK IV: 64(0%), DEF IV: 5(0%), Work Speed: (0%), Skills: Swift
Gumoss, Level: 4, Rank: 1, Gender: Male, HP IV: 22(0%), ATK IV: 35(0%), DEF IV: 23(0%), Work Speed: (0%), Skills: Burly Body, Diet Lover, Shabby
Lamball, Level: 4, Rank: 1, Gender: Female, HP IV: 79(0%), ATK IV: 44(0%), DEF IV: 38(0%), Work Speed: (0%), Skills: Work Slave, Slacker, Glutton
Lamball, Level: 5, Rank: 1, Gender: Male, HP IV: 93(0%), ATK IV: 83(0%), DEF IV: 50(0%), Work Speed: (0%), Skills: Artisan
Lifmunk, Level: 2, Rank: 1, Gender: Female, HP IV: 49(0%), ATK IV: 49(0%), DEF IV: 83(0%), Work Speed: (0%)
Lifmunk, Level: 4, Rank: 1, Gender: Male, HP IV: 84(0%), ATK IV: 63(0%), DEF IV: 62(0%), Work Speed: (0%), Skills: Impatient
Nox, Level: 6, Rank: 1, Gender: Female, HP IV: 3(0%), ATK IV: 1(0%), DEF IV: 16(0%), Work Speed: (0%), Skills: Mine Foreman
Tanzee, Level: 3, Rank: 1, Gender: Female, HP IV: 13(0%), ATK IV: 97(0%), DEF IV: 45(0%), Work Speed: (0%), Skills: Runner
Tanzee, Level: 4, Rank: 1, Gender: Female, HP IV: 56(0%), ATK IV: 40(0%), DEF IV: 56(0%), Work Speed: (0%), Skills: Vanguard
Teafant, Level: 3, Rank: 1, Gender: Male, HP IV: 12(0%), ATK IV: 64(0%), DEF IV: 7(0%), Work Speed: (0%)
Tombat, Level: 11, Rank: 1, Gender: Male, HP IV: 69(0%), ATK IV: 6(0%), DEF IV: 46(0%), Work Speed: (0%), Skills: Philantropist
Kryloc's 41 Pals
----------------
Anubis, Level: 14, Rank: 1, Gender: Female, HP IV: 60(0%), ATK IV: 100(0%), DEF IV: 71(0%), Work Speed: (0%), Skills: Legend, Noble, Motivational Leader
Cattiva, Level: 10, Rank: 1, Gender: Female, HP IV: 76(0%), ATK IV: 92(0%), DEF IV: 26(0%), Work Speed: (0%), Skills: Coward
Cattiva, Level: 14, Rank: 1, Gender: Female, HP IV: 16(0%), ATK IV: 4(0%), DEF IV: 17(0%), Work Speed: (0%), Skills: Coward, Sadist
Cattiva, Level: 14, Rank: 1, Gender: Female, HP IV: 25(0%), ATK IV: 1(0%), DEF IV: 28(0%), Work Speed: (0%), Skills: Coward, Burly Body
Cattiva, Level: 14, Rank: 1, Gender: Male, HP IV: 52(0%), ATK IV: 41(0%), DEF IV: 6(0%), Work Speed: (0%), Skills: Coward, Work Slave
Cattiva, Level: 3, Rank: 1, Gender: Male, HP IV: 76(0%), ATK IV: 47(0%), DEF IV: 50(0%), Work Speed: (0%), Skills: Coward, Mercy hit
Cattiva, Level: 3, Rank: 1, Gender: Male, HP IV: 77(0%), ATK IV: 17(0%), DEF IV: 63(0%), Work Speed: (0%), Skills: Coward, Slacker
Cattiva, Level: 5, Rank: 1, Gender: Female, HP IV: 50(0%), ATK IV: 35(0%), DEF IV: 94(0%), Work Speed: (0%), Skills: Coward, Serenity
Cattiva, Level: 5, Rank: 1, Gender: Male, HP IV: 70(0%), ATK IV: 66(0%), DEF IV: 29(0%), Work Speed: (0%), Skills: Coward
Cattiva, Level: 5, Rank: 1, Gender: Male, HP IV: 88(0%), ATK IV: 9(0%), DEF IV: 65(0%), Work Speed: (0%), Skills: Coward, Infinite Stamina
Chikipi, Level: 1, Rank: 1, Gender: Male, HP IV: 51(0%), ATK IV: 64(0%), DEF IV: 30(0%), Work Speed: (0%), Skills: Logging Foreman
Chikipi, Level: 2, Rank: 1, Gender: Male, HP IV: 66(0%), ATK IV: 28(0%), DEF IV: 29(0%), Work Speed: (0%), Skills: Motivational Leader
Chikipi, Level: 3, Rank: 1, Gender: Female, HP IV: 57(0%), ATK IV: 64(0%), DEF IV: 81(0%), Work Speed: (0%), Skills: Burly Body
Cremis, Level: 4, Rank: 1, Gender: Male, HP IV: 61(0%), ATK IV: 16(0%), DEF IV: 53(0%), Work Speed: (0%), Skills: Artisan
Daedream, Level: 5, Rank: 1, Gender: Male, HP IV: 93(0%), ATK IV: 39(0%), DEF IV: 24(0%), Work Speed: (0%)
Depresso, Level: 3, Rank: 1, Gender: Male, HP IV: 42(0%), ATK IV: 76(0%), DEF IV: 92(0%), Work Speed: (0%), Skills: Fit as a Fiddle
Depresso, Level: 4, Rank: 1, Gender: Male, HP IV: 65(0%), ATK IV: 99(0%), DEF IV: 8(0%), Work Speed: (0%), Skills: Destructive
Depresso, Level: 4, Rank: 1, Gender: Male, HP IV: 97(0%), ATK IV: 64(0%), DEF IV: 100(0%), Work Speed: (0%), Skills: Coward, Work Slave
Depresso, Level: 5, Rank: 1, Gender: Male, HP IV: 15(0%), ATK IV: 66(0%), DEF IV: 20(0%), Work Speed: (0%), Skills: Hooligan
Direhowl, Level: 10, Rank: 1, Gender: Female, HP IV: 19(0%), ATK IV: 97(0%), DEF IV: 87(0%), Work Speed: (0%), Skills: Waterproof
Direhowl, Level: 10, Rank: 1, Gender: Female, HP IV: 36(0%), ATK IV: 83(0%), DEF IV: 22(0%), Work Speed: (0%), Skills: Coward
Direhowl, Level: 10, Rank: 1, Gender: Female, HP IV: 4(0%), ATK IV: 69(0%), DEF IV: 60(0%), Work Speed: (0%)
Direhowl, Level: 14, Rank: 1, Gender: Female, HP IV: 7(0%), ATK IV: 19(0%), DEF IV: 23(0%), Work Speed: (0%), Skills: Workaholic
Direhowl, Level: 9, Rank: 1, Gender: Male, HP IV: 48(0%), ATK IV: 46(0%), DEF IV: 7(0%), Work Speed: (0%), Skills: Bottomless Stomach
Eikthyrdeer, Level: 10, Rank: 1, Gender: Female, HP IV: 50(0%), ATK IV: 20(0%), DEF IV: 28(0%), Work Speed: (0%), Skills: Unstable
Eikthyrdeer, Level: 9, Rank: 1, Gender: Male, HP IV: 98(0%), ATK IV: 59(0%), DEF IV: 98(0%), Work Speed: (0%), Skills: Infinite Stamina
Flopie, Level: 10, Rank: 1, Gender: Female, HP IV: 35(0%), ATK IV: 76(0%), DEF IV: 16(0%), Work Speed: (0%)
Foxparks, Level: 4, Rank: 1, Gender: Male, HP IV: 6(0%), ATK IV: 1(0%), DEF IV: 95(0%), Work Speed: (0%)
Foxparks, Level: 6, Rank: 1, Gender: Female, HP IV: 91(0%), ATK IV: 74(0%), DEF IV: 72(0%), Work Speed: (0%), Skills: Serious
Fuack, Level: 5, Rank: 1, Gender: Male, HP IV: 51(0%), ATK IV: 46(0%), DEF IV: 52(0%), Work Speed: (0%), Skills: Hard Skin
Gumoss, Level: 3, Rank: 1, Gender: Female, HP IV: 73(0%), ATK IV: 64(0%), DEF IV: 5(0%), Work Speed: (0%), Skills: Swift
Gumoss, Level: 4, Rank: 1, Gender: Male, HP IV: 22(0%), ATK IV: 35(0%), DEF IV: 23(0%), Work Speed: (0%), Skills: Burly Body, Diet Lover, Shabby
Lamball, Level: 4, Rank: 1, Gender: Female, HP IV: 79(0%), ATK IV: 44(0%), DEF IV: 38(0%), Work Speed: (0%), Skills: Work Slave, Slacker, Glutton
Lamball, Level: 5, Rank: 1, Gender: Male, HP IV: 93(0%), ATK IV: 83(0%), DEF IV: 50(0%), Work Speed: (0%), Skills: Artisan
Lifmunk, Level: 2, Rank: 1, Gender: Female, HP IV: 49(0%), ATK IV: 49(0%), DEF IV: 83(0%), Work Speed: (0%)
Lifmunk, Level: 4, Rank: 1, Gender: Male, HP IV: 84(0%), ATK IV: 63(0%), DEF IV: 62(0%), Work Speed: (0%), Skills: Impatient
Nox, Level: 6, Rank: 1, Gender: Female, HP IV: 3(0%), ATK IV: 1(0%), DEF IV: 16(0%), Work Speed: (0%), Skills: Mine Foreman
Tanzee, Level: 3, Rank: 1, Gender: Female, HP IV: 13(0%), ATK IV: 97(0%), DEF IV: 45(0%), Work Speed: (0%), Skills: Runner
Tanzee, Level: 4, Rank: 1, Gender: Female, HP IV: 56(0%), ATK IV: 40(0%), DEF IV: 56(0%), Work Speed: (0%), Skills: Vanguard
Teafant, Level: 3, Rank: 1, Gender: Male, HP IV: 12(0%), ATK IV: 64(0%), DEF IV: 7(0%), Work Speed: (0%)
Tombat, Level: 11, Rank: 1, Gender: Male, HP IV: 69(0%), ATK IV: 6(0%), DEF IV: 46(0%), Work Speed: (0%), Skills: Philantropist
Kryloc's 41 Pals
----------------
Anubis, Level: 14, Rank: 1, Gender: Female, HP IV: 60(0%), ATK IV: 100(0%), DEF IV: 71(0%), Work Speed: (0%), Skills: Legend, Noble, Motivational Leader
Cattiva, Level: 10, Rank: 1, Gender: Female, HP IV: 76(0%), ATK IV: 92(0%), DEF IV: 26(0%), Work Speed: (0%), Skills: Coward
Cattiva, Level: 14, Rank: 1, Gender: Female, HP IV: 16(0%), ATK IV: 4(0%), DEF IV: 17(0%), Work Speed: (0%), Skills: Coward, Sadist
Cattiva, Level: 14, Rank: 1, Gender: Female, HP IV: 25(0%), ATK IV: 1(0%), DEF IV: 28(0%), Work Speed: (0%), Skills: Coward, Burly Body
Cattiva, Level: 14, Rank: 1, Gender: Male, HP IV: 52(0%), ATK IV: 41(0%), DEF IV: 6(0%), Work Speed: (0%), Skills: Coward, Work Slave
Cattiva, Level: 3, Rank: 1, Gender: Male, HP IV: 76(0%), ATK IV: 47(0%), DEF IV: 50(0%), Work Speed: (0%), Skills: Coward, Mercy hit
Cattiva, Level: 3, Rank: 1, Gender: Male, HP IV: 77(0%), ATK IV: 17(0%), DEF IV: 63(0%), Work Speed: (0%), Skills: Coward, Slacker
Cattiva, Level: 5, Rank: 1, Gender: Female, HP IV: 50(0%), ATK IV: 35(0%), DEF IV: 94(0%), Work Speed: (0%), Skills: Coward, Serenity
Cattiva, Level: 5, Rank: 1, Gender: Male, HP IV: 70(0%), ATK IV: 66(0%), DEF IV: 29(0%), Work Speed: (0%), Skills: Coward
Cattiva, Level: 5, Rank: 1, Gender: Male, HP IV: 88(0%), ATK IV: 9(0%), DEF IV: 65(0%), Work Speed: (0%), Skills: Coward, Infinite Stamina
Chikipi, Level: 1, Rank: 1, Gender: Male, HP IV: 51(0%), ATK IV: 64(0%), DEF IV: 30(0%), Work Speed: (0%), Skills: Logging Foreman
Chikipi, Level: 2, Rank: 1, Gender: Male, HP IV: 66(0%), ATK IV: 28(0%), DEF IV: 29(0%), Work Speed: (0%), Skills: Motivational Leader
Chikipi, Level: 3, Rank: 1, Gender: Female, HP IV: 57(0%), ATK IV: 64(0%), DEF IV: 81(0%), Work Speed: (0%), Skills: Burly Body
Cremis, Level: 4, Rank: 1, Gender: Male, HP IV: 61(0%), ATK IV: 16(0%), DEF IV: 53(0%), Work Speed: (0%), Skills: Artisan
Daedream, Level: 5, Rank: 1, Gender: Male, HP IV: 93(0%), ATK IV: 39(0%), DEF IV: 24(0%), Work Speed: (0%)
Depresso, Level: 3, Rank: 1, Gender: Male, HP IV: 42(0%), ATK IV: 76(0%), DEF IV: 92(0%), Work Speed: (0%), Skills: Fit as a Fiddle
Depresso, Level: 4, Rank: 1, Gender: Male, HP IV: 65(0%), ATK IV: 99(0%), DEF IV: 8(0%), Work Speed: (0%), Skills: Destructive
Depresso, Level: 4, Rank: 1, Gender: Male, HP IV: 97(0%), ATK IV: 64(0%), DEF IV: 100(0%), Work Speed: (0%), Skills: Coward, Work Slave
Depresso, Level: 5, Rank: 1, Gender: Male, HP IV: 15(0%), ATK IV: 66(0%), DEF IV: 20(0%), Work Speed: (0%), Skills: Hooligan
Direhowl, Level: 10, Rank: 1, Gender: Female, HP IV: 19(0%), ATK IV: 97(0%), DEF IV: 87(0%), Work Speed: (0%), Skills: Waterproof
Direhowl, Level: 10, Rank: 1, Gender: Female, HP IV: 36(0%), ATK IV: 83(0%), DEF IV: 22(0%), Work Speed: (0%), Skills: Coward
Direhowl, Level: 10, Rank: 1, Gender: Female, HP IV: 4(0%), ATK IV: 69(0%), DEF IV: 60(0%), Work Speed: (0%)
Direhowl, Level: 14, Rank: 1, Gender: Female, HP IV: 7(0%), ATK IV: 19(0%), DEF IV: 23(0%), Work Speed: (0%), Skills: Workaholic
Direhowl, Level: 9, Rank: 1, Gender: Male, HP IV: 48(0%), ATK IV: 46(0%), DEF IV: 7(0%), Work Speed: (0%), Skills: Bottomless Stomach
Eikthyrdeer, Level: 10, Rank: 1, Gender: Female, HP IV: 50(0%), ATK IV: 20(0%), DEF IV: 28(0%), Work Speed: (0%), Skills: Unstable
Eikthyrdeer, Level: 9, Rank: 1, Gender: Male, HP IV: 98(0%), ATK IV: 59(0%), DEF IV: 98(0%), Work Speed: (0%), Skills: Infinite Stamina
Flopie, Level: 10, Rank: 1, Gender: Female, HP IV: 35(0%), ATK IV: 76(0%), DEF IV: 16(0%), Work Speed: (0%)
Foxparks, Level: 4, Rank: 1, Gender: Male, HP IV: 6(0%), ATK IV: 1(0%), DEF IV: 95(0%), Work Speed: (0%)
Foxparks, Level: 6, Rank: 1, Gender: Female, HP IV: 91(0%), ATK IV: 74(0%), DEF IV: 72(0%), Work Speed: (0%), Skills: Serious
Fuack, Level: 5, Rank: 1, Gender: Male, HP IV: 51(0%), ATK IV: 46(0%), DEF IV: 52(0%), Work Speed: (0%), Skills: Hard Skin
Gumoss, Level: 3, Rank: 1, Gender: Female, HP IV: 73(0%), ATK IV: 64(0%), DEF IV: 5(0%), Work Speed: (0%), Skills: Swift
Gumoss, Level: 4, Rank: 1, Gender: Male, HP IV: 22(0%), ATK IV: 35(0%), DEF IV: 23(0%), Work Speed: (0%), Skills: Burly Body, Diet Lover, Shabby
Lamball, Level: 4, Rank: 1, Gender: Female, HP IV: 79(0%), ATK IV: 44(0%), DEF IV: 38(0%), Work Speed: (0%), Skills: Work Slave, Slacker, Glutton
Lamball, Level: 5, Rank: 1, Gender: Male, HP IV: 93(0%), ATK IV: 83(0%), DEF IV: 50(0%), Work Speed: (0%), Skills: Artisan
Lifmunk, Level: 2, Rank: 1, Gender: Female, HP IV: 49(0%), ATK IV: 49(0%), DEF IV: 83(0%), Work Speed: (0%)
Lifmunk, Level: 4, Rank: 1, Gender: Male, HP IV: 84(0%), ATK IV: 63(0%), DEF IV: 62(0%), Work Speed: (0%), Skills: Impatient
Nox, Level: 6, Rank: 1, Gender: Female, HP IV: 3(0%), ATK IV: 1(0%), DEF IV: 16(0%), Work Speed: (0%), Skills: Mine Foreman
Tanzee, Level: 3, Rank: 1, Gender: Female, HP IV: 13(0%), ATK IV: 97(0%), DEF IV: 45(0%), Work Speed: (0%), Skills: Runner
Tanzee, Level: 4, Rank: 1, Gender: Female, HP IV: 56(0%), ATK IV: 40(0%), DEF IV: 56(0%), Work Speed: (0%), Skills: Vanguard
Teafant, Level: 3, Rank: 1, Gender: Male, HP IV: 12(0%), ATK IV: 64(0%), DEF IV: 7(0%), Work Speed: (0%)
Tombat, Level: 11, Rank: 1, Gender: Male, HP IV: 69(0%), ATK IV: 6(0%), DEF IV: 46(0%), Work Speed: (0%), Skills: Philantropist
Kryloc's 41 Pals
----------------
Anubis, Level: 14, Rank: 1, Gender: Female, HP IV: 60(0%), ATK IV: 100(0%), DEF IV: 71(0%), Work Speed: (0%), Skills: Legend, Noble, Motivational Leader
Cattiva, Level: 10, Rank: 1, Gender: Female, HP IV: 76(0%), ATK IV: 92(0%), DEF IV: 26(0%), Work Speed: (0%), Skills: Coward
Cattiva, Level: 14, Rank: 1, Gender: Female, HP IV: 16(0%), ATK IV: 4(0%), DEF IV: 17(0%), Work Speed: (0%), Skills: Coward, Sadist
Cattiva, Level: 14, Rank: 1, Gender: Female, HP IV: 25(0%), ATK IV: 1(0%), DEF IV: 28(0%), Work Speed: (0%), Skills: Coward, Burly Body
Cattiva, Level: 14, Rank: 1, Gender: Male, HP IV: 52(0%), ATK IV: 41(0%), DEF IV: 6(0%), Work Speed: (0%), Skills: Coward, Work Slave
Cattiva, Level: 3, Rank: 1, Gender: Male, HP IV: 76(0%), ATK IV: 47(0%), DEF IV: 50(0%), Work Speed: (0%), Skills: Coward, Mercy hit
Cattiva, Level: 3, Rank: 1, Gender: Male, HP IV: 77(0%), ATK IV: 17(0%), DEF IV: 63(0%), Work Speed: (0%), Skills: Coward, Slacker
Cattiva, Level: 5, Rank: 1, Gender: Female, HP IV: 50(0%), ATK IV: 35(0%), DEF IV: 94(0%), Work Speed: (0%), Skills: Coward, Serenity
Cattiva, Level: 5, Rank: 1, Gender: Male, HP IV: 70(0%), ATK IV: 66(0%), DEF IV: 29(0%), Work Speed: (0%), Skills: Coward
Cattiva, Level: 5, Rank: 1, Gender: Male, HP IV: 88(0%), ATK IV: 9(0%), DEF IV: 65(0%), Work Speed: (0%), Skills: Coward, Infinite Stamina
Chikipi, Level: 1, Rank: 1, Gender: Male, HP IV: 51(0%), ATK IV: 64(0%), DEF IV: 30(0%), Work Speed: (0%), Skills: Logging Foreman
Chikipi, Level: 2, Rank: 1, Gender: Male, HP IV: 66(0%), ATK IV: 28(0%), DEF IV: 29(0%), Work Speed: (0%), Skills: Motivational Leader
Chikipi, Level: 3, Rank: 1, Gender: Female, HP IV: 57(0%), ATK IV: 64(0%), DEF IV: 81(0%), Work Speed: (0%), Skills: Burly Body
Cremis, Level: 4, Rank: 1, Gender: Male, HP IV: 61(0%), ATK IV: 16(0%), DEF IV: 53(0%), Work Speed: (0%), Skills: Artisan
Daedream, Level: 5, Rank: 1, Gender: Male, HP IV: 93(0%), ATK IV: 39(0%), DEF IV: 24(0%), Work Speed: (0%)
Depresso, Level: 3, Rank: 1, Gender: Male, HP IV: 42(0%), ATK IV: 76(0%), DEF IV: 92(0%), Work Speed: (0%), Skills: Fit as a Fiddle
Depresso, Level: 4, Rank: 1, Gender: Male, HP IV: 65(0%), ATK IV: 99(0%), DEF IV: 8(0%), Work Speed: (0%), Skills: Destructive
Depresso, Level: 4, Rank: 1, Gender: Male, HP IV: 97(0%), ATK IV: 64(0%), DEF IV: 100(0%), Work Speed: (0%), Skills: Coward, Work Slave
Depresso, Level: 5, Rank: 1, Gender: Male, HP IV: 15(0%), ATK IV: 66(0%), DEF IV: 20(0%), Work Speed: (0%), Skills: Hooligan
Direhowl, Level: 10, Rank: 1, Gender: Female, HP IV: 19(0%), ATK IV: 97(0%), DEF IV: 87(0%), Work Speed: (0%), Skills: Waterproof
Direhowl, Level: 10, Rank: 1, Gender: Female, HP IV: 36(0%), ATK IV: 83(0%), DEF IV: 22(0%), Work Speed: (0%), Skills: Coward
Direhowl, Level: 10, Rank: 1, Gender: Female, HP IV: 4(0%), ATK IV: 69(0%), DEF IV: 60(0%), Work Speed: (0%)
Direhowl, Level: 14, Rank: 1, Gender: Female, HP IV: 7(0%), ATK IV: 19(0%), DEF IV: 23(0%), Work Speed: (0%), Skills: Workaholic
Direhowl, Level: 9, Rank: 1, Gender: Male, HP IV: 48(0%), ATK IV: 46(0%), DEF IV: 7(0%), Work Speed: (0%), Skills: Bottomless Stomach
Eikthyrdeer, Level: 10, Rank: 1, Gender: Female, HP IV: 50(0%), ATK IV: 20(0%), DEF IV: 28(0%), Work Speed: (0%), Skills: Unstable
Eikthyrdeer, Level: 9, Rank: 1, Gender: Male, HP IV: 98(0%), ATK IV: 59(0%), DEF IV: 98(0%), Work Speed: (0%), Skills: Infinite Stamina
Flopie, Level: 10, Rank: 1, Gender: Female, HP IV: 35(0%), ATK IV: 76(0%), DEF IV: 16(0%), Work Speed: (0%)
Foxparks, Level: 4, Rank: 1, Gender: Male, HP IV: 6(0%), ATK IV: 1(0%), DEF IV: 95(0%), Work Speed: (0%)
Foxparks, Level: 6, Rank: 1, Gender: Female, HP IV: 91(0%), ATK IV: 74(0%), DEF IV: 72(0%), Work Speed: (0%), Skills: Serious
Fuack, Level: 5, Rank: 1, Gender: Male, HP IV: 51(0%), ATK IV: 46(0%), DEF IV: 52(0%), Work Speed: (0%), Skills: Hard Skin
Gumoss, Level: 3, Rank: 1, Gender: Female, HP IV: 73(0%), ATK IV: 64(0%), DEF IV: 5(0%), Work Speed: (0%), Skills: Swift
Gumoss, Level: 4, Rank: 1, Gender: Male, HP IV: 22(0%), ATK IV: 35(0%), DEF IV: 23(0%), Work Speed: (0%), Skills: Burly Body, Diet Lover, Shabby
Lamball, Level: 4, Rank: 1, Gender: Female, HP IV: 79(0%), ATK IV: 44(0%), DEF IV: 38(0%), Work Speed: (0%), Skills: Work Slave, Slacker, Glutton
Lamball, Level: 5, Rank: 1, Gender: Male, HP IV: 93(0%), ATK IV: 83(0%), DEF IV: 50(0%), Work Speed: (0%), Skills: Artisan
Lifmunk, Level: 2, Rank: 1, Gender: Female, HP IV: 49(0%), ATK IV: 49(0%), DEF IV: 83(0%), Work Speed: (0%)
Lifmunk, Level: 4, Rank: 1, Gender: Male, HP IV: 84(0%), ATK IV: 63(0%), DEF IV: 62(0%), Work Speed: (0%), Skills: Impatient
Nox, Level: 6, Rank: 1, Gender: Female, HP IV: 3(0%), ATK IV: 1(0%), DEF IV: 16(0%), Work Speed: (0%), Skills: Mine Foreman
Tanzee, Level: 3, Rank: 1, Gender: Female, HP IV: 13(0%), ATK IV: 97(0%), DEF IV: 45(0%), Work Speed: (0%), Skills: Runner
Tanzee, Level: 4, Rank: 1, Gender: Female, HP IV: 56(0%), ATK IV: 40(0%), DEF IV: 56(0%), Work Speed: (0%), Skills: Vanguard
Teafant, Level: 3, Rank: 1, Gender: Male, HP IV: 12(0%), ATK IV: 64(0%), DEF IV: 7(0%), Work Speed: (0%)
Tombat, Level: 11, Rank: 1, Gender: Male, HP IV: 69(0%), ATK IV: 6(0%), DEF IV: 46(0%), Work Speed: (0%), Skills: Philantropist
Kryloc's 41 Pals
----------------
Anubis, Level: 14, Rank: 1, Gender: Female, HP IV: 60(0%), ATK IV: 100(0%), DEF IV: 71(0%), Work Speed: (0%), Skills: Legend, Noble, Motivational Leader
Cattiva, Level: 10, Rank: 1, Gender: Female, HP IV: 76(0%), ATK IV: 92(0%), DEF IV: 26(0%), Work Speed: (0%), Skills: Coward
Cattiva, Level: 14, Rank: 1, Gender: Female, HP IV: 16(0%), ATK IV: 4(0%), DEF IV: 17(0%), Work Speed: (0%), Skills: Coward, Sadist
Cattiva, Level: 14, Rank: 1, Gender: Female, HP IV: 25(0%), ATK IV: 1(0%), DEF IV: 28(0%), Work Speed: (0%), Skills: Coward, Burly Body
Cattiva, Level: 14, Rank: 1, Gender: Male, HP IV: 52(0%), ATK IV: 41(0%), DEF IV: 6(0%), Work Speed: (0%), Skills: Coward, Work Slave
Cattiva, Level: 3, Rank: 1, Gender: Male, HP IV: 76(0%), ATK IV: 47(0%), DEF IV: 50(0%), Work Speed: (0%), Skills: Coward, Mercy hit
Cattiva, Level: 3, Rank: 1, Gender: Male, HP IV: 77(0%), ATK IV: 17(0%), DEF IV: 63(0%), Work Speed: (0%), Skills: Coward, Slacker
Cattiva, Level: 5, Rank: 1, Gender: Female, HP IV: 50(0%), ATK IV: 35(0%), DEF IV: 94(0%), Work Speed: (0%), Skills: Coward, Serenity
Cattiva, Level: 5, Rank: 1, Gender: Male, HP IV: 70(0%), ATK IV: 66(0%), DEF IV: 29(0%), Work Speed: (0%), Skills: Coward
Cattiva, Level: 5, Rank: 1, Gender: Male, HP IV: 88(0%), ATK IV: 9(0%), DEF IV: 65(0%), Work Speed: (0%), Skills: Coward, Infinite Stamina
Chikipi, Level: 1, Rank: 1, Gender: Male, HP IV: 51(0%), ATK IV: 64(0%), DEF IV: 30(0%), Work Speed: (0%), Skills: Logging Foreman
Chikipi, Level: 2, Rank: 1, Gender: Male, HP IV: 66(0%), ATK IV: 28(0%), DEF IV: 29(0%), Work Speed: (0%), Skills: Motivational Leader
Chikipi, Level: 3, Rank: 1, Gender: Female, HP IV: 57(0%), ATK IV: 64(0%), DEF IV: 81(0%), Work Speed: (0%), Skills: Burly Body
Cremis, Level: 4, Rank: 1, Gender: Male, HP IV: 61(0%), ATK IV: 16(0%), DEF IV: 53(0%), Work Speed: (0%), Skills: Artisan
Daedream, Level: 5, Rank: 1, Gender: Male, HP IV: 93(0%), ATK IV: 39(0%), DEF IV: 24(0%), Work Speed: (0%)
Depresso, Level: 3, Rank: 1, Gender: Male, HP IV: 42(0%), ATK IV: 76(0%), DEF IV: 92(0%), Work Speed: (0%), Skills: Fit as a Fiddle
Depresso, Level: 4, Rank: 1, Gender: Male, HP IV: 65(0%), ATK IV: 99(0%), DEF IV: 8(0%), Work Speed: (0%), Skills: Destructive
Depresso, Level: 4, Rank: 1, Gender: Male, HP IV: 97(0%), ATK IV: 64(0%), DEF IV: 100(0%), Work Speed: (0%), Skills: Coward, Work Slave
Depresso, Level: 5, Rank: 1, Gender: Male, HP IV: 15(0%), ATK IV: 66(0%), DEF IV: 20(0%), Work Speed: (0%), Skills: Hooligan
Direhowl, Level: 10, Rank: 1, Gender: Female, HP IV: 19(0%), ATK IV: 97(0%), DEF IV: 87(0%), Work Speed: (0%), Skills: Waterproof
Direhowl, Level: 10, Rank: 1, Gender: Female, HP IV: 36(0%), ATK IV: 83(0%), DEF IV: 22(0%), Work Speed: (0%), Skills: Coward
Direhowl, Level: 10, Rank: 1, Gender: Female, HP IV: 4(0%), ATK IV: 69(0%), DEF IV: 60(0%), Work Speed: (0%)
Direhowl, Level: 14, Rank: 1, Gender: Female, HP IV: 7(0%), ATK IV: 19(0%), DEF IV: 23(0%), Work Speed: (0%), Skills: Workaholic
Direhowl, Level: 9, Rank: 1, Gender: Male, HP IV: 48(0%), ATK IV: 46(0%), DEF IV: 7(0%), Work Speed: (0%), Skills: Bottomless Stomach
Eikthyrdeer, Level: 10, Rank: 1, Gender: Female, HP IV: 50(0%), ATK IV: 20(0%), DEF IV: 28(0%), Work Speed: (0%), Skills: Unstable
Eikthyrdeer, Level: 9, Rank: 1, Gender: Male, HP IV: 98(0%), ATK IV: 59(0%), DEF IV: 98(0%), Work Speed: (0%), Skills: Infinite Stamina
Flopie, Level: 10, Rank: 1, Gender: Female, HP IV: 35(0%), ATK IV: 76(0%), DEF IV: 16(0%), Work Speed: (0%)
Foxparks, Level: 4, Rank: 1, Gender: Male, HP IV: 6(0%), ATK IV: 1(0%), DEF IV: 95(0%), Work Speed: (0%)
Foxparks, Level: 6, Rank: 1, Gender: Female, HP IV: 91(0%), ATK IV: 74(0%), DEF IV: 72(0%), Work Speed: (0%), Skills: Serious
Fuack, Level: 5, Rank: 1, Gender: Male, HP IV: 51(0%), ATK IV: 46(0%), DEF IV: 52(0%), Work Speed: (0%), Skills: Hard Skin
Gumoss, Level: 3, Rank: 1, Gender: Female, HP IV: 73(0%), ATK IV: 64(0%), DEF IV: 5(0%), Work Speed: (0%), Skills: Swift
Gumoss, Level: 4, Rank: 1, Gender: Male, HP IV: 22(0%), ATK IV: 35(0%), DEF IV: 23(0%), Work Speed: (0%), Skills: Burly Body, Diet Lover, Shabby
Lamball, Level: 4, Rank: 1, Gender: Female, HP IV: 79(0%), ATK IV: 44(0%), DEF IV: 38(0%), Work Speed: (0%), Skills: Work Slave, Slacker, Glutton
Lamball, Level: 5, Rank: 1, Gender: Male, HP IV: 93(0%), ATK IV: 83(0%), DEF IV: 50(0%), Work Speed: (0%), Skills: Artisan
Lifmunk, Level: 2, Rank: 1, Gender: Female, HP IV: 49(0%), ATK IV: 49(0%), DEF IV: 83(0%), Work Speed: (0%)
Lifmunk, Level: 4, Rank: 1, Gender: Male, HP IV: 84(0%), ATK IV: 63(0%), DEF IV: 62(0%), Work Speed: (0%), Skills: Impatient
Nox, Level: 6, Rank: 1, Gender: Female, HP IV: 3(0%), ATK IV: 1(0%), DEF IV: 16(0%), Work Speed: (0%), Skills: Mine Foreman
Tanzee, Level: 3, Rank: 1, Gender: Female, HP IV: 13(0%), ATK IV: 97(0%), DEF IV: 45(0%), Work Speed: (0%), Skills: Runner
Tanzee, Level: 4, Rank: 1, Gender: Female, HP IV: 56(0%), ATK IV: 40(0%), DEF IV: 56(0%), Work Speed: (0%), Skills: Vanguard
Teafant, Level: 3, Rank: 1, Gender: Male, HP IV: 12(0%), ATK IV: 64(0%), DEF IV: 7(0%), Work Speed: (0%)
Tombat, Level: 11, Rank: 1, Gender: Male, HP IV: 69(0%), ATK IV: 6(0%), DEF IV: 46(0%), Work Speed: (0%), Skills: Philantropist
Kryloc's 41 Pals
----------------
Anubis, Level: 14, Rank: 1, Gender: Female, HP IV: 60(0%), ATK IV: 100(0%), DEF IV: 71(0%), Work Speed: (0%), Skills: Legend, Noble, Motivational Leader
Cattiva, Level: 10, Rank: 1, Gender: Female, HP IV: 76(0%), ATK IV: 92(0%), DEF IV: 26(0%), Work Speed: (0%), Skills: Coward
Cattiva, Level: 14, Rank: 1, Gender: Female, HP IV: 16(0%), ATK IV: 4(0%), DEF IV: 17(0%), Work Speed: (0%), Skills: Coward, Sadist
Cattiva, Level: 14, Rank: 1, Gender: Female, HP IV: 25(0%), ATK IV: 1(0%), DEF IV: 28(0%), Work Speed: (0%), Skills: Coward, Burly Body
Cattiva, Level: 14, Rank: 1, Gender: Male, HP IV: 52(0%), ATK IV: 41(0%), DEF IV: 6(0%), Work Speed: (0%), Skills: Coward, Work Slave
Cattiva, Level: 3, Rank: 1, Gender: Male, HP IV: 76(0%), ATK IV: 47(0%), DEF IV: 50(0%), Work Speed: (0%), Skills: Coward, Mercy hit
Cattiva, Level: 3, Rank: 1, Gender: Male, HP IV: 77(0%), ATK IV: 17(0%), DEF IV: 63(0%), Work Speed: (0%), Skills: Coward, Slacker
Cattiva, Level: 5, Rank: 1, Gender: Female, HP IV: 50(0%), ATK IV: 35(0%), DEF IV: 94(0%), Work Speed: (0%), Skills: Coward, Serenity
Cattiva, Level: 5, Rank: 1, Gender: Male, HP IV: 70(0%), ATK IV: 66(0%), DEF IV: 29(0%), Work Speed: (0%), Skills: Coward
Cattiva, Level: 5, Rank: 1, Gender: Male, HP IV: 88(0%), ATK IV: 9(0%), DEF IV: 65(0%), Work Speed: (0%), Skills: Coward, Infinite Stamina
Chikipi, Level: 1, Rank: 1, Gender: Male, HP IV: 51(0%), ATK IV: 64(0%), DEF IV: 30(0%), Work Speed: (0%), Skills: Logging Foreman
Chikipi, Level: 2, Rank: 1, Gender: Male, HP IV: 66(0%), ATK IV: 28(0%), DEF IV: 29(0%), Work Speed: (0%), Skills: Motivational Leader
Chikipi, Level: 3, Rank: 1, Gender: Female, HP IV: 57(0%), ATK IV: 64(0%), DEF IV: 81(0%), Work Speed: (0%), Skills: Burly Body
Cremis, Level: 4, Rank: 1, Gender: Male, HP IV: 61(0%), ATK IV: 16(0%), DEF IV: 53(0%), Work Speed: (0%), Skills: Artisan
Daedream, Level: 5, Rank: 1, Gender: Male, HP IV: 93(0%), ATK IV: 39(0%), DEF IV: 24(0%), Work Speed: (0%)
Depresso, Level: 3, Rank: 1, Gender: Male, HP IV: 42(0%), ATK IV: 76(0%), DEF IV: 92(0%), Work Speed: (0%), Skills: Fit as a Fiddle
Depresso, Level: 4, Rank: 1, Gender: Male, HP IV: 65(0%), ATK IV: 99(0%), DEF IV: 8(0%), Work Speed: (0%), Skills: Destructive
Depresso, Level: 4, Rank: 1, Gender: Male, HP IV: 97(0%), ATK IV: 64(0%), DEF IV: 100(0%), Work Speed: (0%), Skills: Coward, Work Slave
Depresso, Level: 5, Rank: 1, Gender: Male, HP IV: 15(0%), ATK IV: 66(0%), DEF IV: 20(0%), Work Speed: (0%), Skills: Hooligan
Direhowl, Level: 10, Rank: 1, Gender: Female, HP IV: 19(0%), ATK IV: 97(0%), DEF IV: 87(0%), Work Speed: (0%), Skills: Waterproof
Direhowl, Level: 10, Rank: 1, Gender: Female, HP IV: 36(0%), ATK IV: 83(0%), DEF IV: 22(0%), Work Speed: (0%), Skills: Coward
Direhowl, Level: 10, Rank: 1, Gender: Female, HP IV: 4(0%), ATK IV: 69(0%), DEF IV: 60(0%), Work Speed: (0%)
Direhowl, Level: 14, Rank: 1, Gender: Female, HP IV: 7(0%), ATK IV: 19(0%), DEF IV: 23(0%), Work Speed: (0%), Skills: Workaholic
Direhowl, Level: 9, Rank: 1, Gender: Male, HP IV: 48(0%), ATK IV: 46(0%), DEF IV: 7(0%), Work Speed: (0%), Skills: Bottomless Stomach
Eikthyrdeer, Level: 10, Rank: 1, Gender: Female, HP IV: 50(0%), ATK IV: 20(0%), DEF IV: 28(0%), Work Speed: (0%), Skills: Unstable
Eikthyrdeer, Level: 9, Rank: 1, Gender: Male, HP IV: 98(0%), ATK IV: 59(0%), DEF IV: 98(0%), Work Speed: (0%), Skills: Infinite Stamina
Flopie, Level: 10, Rank: 1, Gender: Female, HP IV: 35(0%), ATK IV: 76(0%), DEF IV: 16(0%), Work Speed: (0%)
Foxparks, Level: 4, Rank: 1, Gender: Male, HP IV: 6(0%), ATK IV: 1(0%), DEF IV: 95(0%), Work Speed: (0%)
Foxparks, Level: 6, Rank: 1, Gender: Female, HP IV: 91(0%), ATK IV: 74(0%), DEF IV: 72(0%), Work Speed: (0%), Skills: Serious
Fuack, Level: 5, Rank: 1, Gender: Male, HP IV: 51(0%), ATK IV: 46(0%), DEF IV: 52(0%), Work Speed: (0%), Skills: Hard Skin
Gumoss, Level: 3, Rank: 1, Gender: Female, HP IV: 73(0%), ATK IV: 64(0%), DEF IV: 5(0%), Work Speed: (0%), Skills: Swift
Gumoss, Level: 4, Rank: 1, Gender: Male, HP IV: 22(0%), ATK IV: 35(0%), DEF IV: 23(0%), Work Speed: (0%), Skills: Burly Body, Diet Lover, Shabby
Lamball, Level: 4, Rank: 1, Gender: Female, HP IV: 79(0%), ATK IV: 44(0%), DEF IV: 38(0%), Work Speed: (0%), Skills: Work Slave, Slacker, Glutton
Lamball, Level: 5, Rank: 1, Gender: Male, HP IV: 93(0%), ATK IV: 83(0%), DEF IV: 50(0%), Work Speed: (0%), Skills: Artisan
Lifmunk, Level: 2, Rank: 1, Gender: Female, HP IV: 49(0%), ATK IV: 49(0%), DEF IV: 83(0%), Work Speed: (0%)
Lifmunk, Level: 4, Rank: 1, Gender: Male, HP IV: 84(0%), ATK IV: 63(0%), DEF IV: 62(0%), Work Speed: (0%), Skills: Impatient
Nox, Level: 6, Rank: 1, Gender: Female, HP IV: 3(0%), ATK IV: 1(0%), DEF IV: 16(0%), Work Speed: (0%), Skills: Mine Foreman
Tanzee, Level: 3, Rank: 1, Gender: Female, HP IV: 13(0%), ATK IV: 97(0%), DEF IV: 45(0%), Work Speed: (0%), Skills: Runner
Tanzee, Level: 4, Rank: 1, Gender: Female, HP IV: 56(0%), ATK IV: 40(0%), DEF IV: 56(0%), Work Speed: (0%), Skills: Vanguard
Teafant, Level: 3, Rank: 1, Gender: Male, HP IV: 12(0%), ATK IV: 64(0%), DEF IV: 7(0%), Work Speed: (0%)
Tombat, Level: 11, Rank: 1, Gender: Male, HP IV: 69(0%), ATK IV: 6(0%), DEF IV: 46(0%), Work Speed: (0%), Skills: Philantropist
Kryloc's 41 Pals
----------------
Anubis, Level: 14, Rank: 1, Gender: Female, HP IV: 60(0%), ATK IV: 100(0%), DEF IV: 71(0%), Work Speed: (0%), Skills: Legend, Noble, Motivational Leader
Cattiva, Level: 10, Rank: 1, Gender: Female, HP IV: 76(0%), ATK IV: 92(0%), DEF IV: 26(0%), Work Speed: (0%), Skills: Coward
Cattiva, Level: 14, Rank: 1, Gender: Female, HP IV: 16(0%), ATK IV: 4(0%), DEF IV: 17(0%), Work Speed: (0%), Skills: Coward, Sadist
Cattiva, Level: 14, Rank: 1, Gender: Female, HP IV: 25(0%), ATK IV: 1(0%), DEF IV: 28(0%), Work Speed: (0%), Skills: Coward, Burly Body
Cattiva, Level: 14, Rank: 1, Gender: Male, HP IV: 52(0%), ATK IV: 41(0%), DEF IV: 6(0%), Work Speed: (0%), Skills: Coward, Work Slave
Cattiva, Level: 3, Rank: 1, Gender: Male, HP IV: 76(0%), ATK IV: 47(0%), DEF IV: 50(0%), Work Speed: (0%), Skills: Coward, Mercy hit
Cattiva, Level: 3, Rank: 1, Gender: Male, HP IV: 77(0%), ATK IV: 17(0%), DEF IV: 63(0%), Work Speed: (0%), Skills: Coward, Slacker
Cattiva, Level: 5, Rank: 1, Gender: Female, HP IV: 50(0%), ATK IV: 35(0%), DEF IV: 94(0%), Work Speed: (0%), Skills: Coward, Serenity
Cattiva, Level: 5, Rank: 1, Gender: Male, HP IV: 70(0%), ATK IV: 66(0%), DEF IV: 29(0%), Work Speed: (0%), Skills: Coward
Cattiva, Level: 5, Rank: 1, Gender: Male, HP IV: 88(0%), ATK IV: 9(0%), DEF IV: 65(0%), Work Speed: (0%), Skills: Coward, Infinite Stamina
Chikipi, Level: 1, Rank: 1, Gender: Male, HP IV: 51(0%), ATK IV: 64(0%), DEF IV: 30(0%), Work Speed: (0%), Skills: Logging Foreman
Chikipi, Level: 2, Rank: 1, Gender: Male, HP IV: 66(0%), ATK IV: 28(0%), DEF IV: 29(0%), Work Speed: (0%), Skills: Motivational Leader
Chikipi, Level: 3, Rank: 1, Gender: Female, HP IV: 57(0%), ATK IV: 64(0%), DEF IV: 81(0%), Work Speed: (0%), Skills: Burly Body
Cremis, Level: 4, Rank: 1, Gender: Male, HP IV: 61(0%), ATK IV: 16(0%), DEF IV: 53(0%), Work Speed: (0%), Skills: Artisan
Daedream, Level: 5, Rank: 1, Gender: Male, HP IV: 93(0%), ATK IV: 39(0%), DEF IV: 24(0%), Work Speed: (0%)
Depresso, Level: 3, Rank: 1, Gender: Male, HP IV: 42(0%), ATK IV: 76(0%), DEF IV: 92(0%), Work Speed: (0%), Skills: Fit as a Fiddle
Depresso, Level: 4, Rank: 1, Gender: Male, HP IV: 65(0%), ATK IV: 99(0%), DEF IV: 8(0%), Work Speed: (0%), Skills: Destructive
Depresso, Level: 4, Rank: 1, Gender: Male, HP IV: 97(0%), ATK IV: 64(0%), DEF IV: 100(0%), Work Speed: (0%), Skills: Coward, Work Slave
Depresso, Level: 5, Rank: 1, Gender: Male, HP IV: 15(0%), ATK IV: 66(0%), DEF IV: 20(0%), Work Speed: (0%), Skills: Hooligan
Direhowl, Level: 10, Rank: 1, Gender: Female, HP IV: 19(0%), ATK IV: 97(0%), DEF IV: 87(0%), Work Speed: (0%), Skills: Waterproof
Direhowl, Level: 10, Rank: 1, Gender: Female, HP IV: 36(0%), ATK IV: 83(0%), DEF IV: 22(0%), Work Speed: (0%), Skills: Coward
Direhowl, Level: 10, Rank: 1, Gender: Female, HP IV: 4(0%), ATK IV: 69(0%), DEF IV: 60(0%), Work Speed: (0%)
Direhowl, Level: 14, Rank: 1, Gender: Female, HP IV: 7(0%), ATK IV: 19(0%), DEF IV: 23(0%), Work Speed: (0%), Skills: Workaholic
Direhowl, Level: 9, Rank: 1, Gender: Male, HP IV: 48(0%), ATK IV: 46(0%), DEF IV: 7(0%), Work Speed: (0%), Skills: Bottomless Stomach
Eikthyrdeer, Level: 10, Rank: 1, Gender: Female, HP IV: 50(0%), ATK IV: 20(0%), DEF IV: 28(0%), Work Speed: (0%), Skills: Unstable
Eikthyrdeer, Level: 9, Rank: 1, Gender: Male, HP IV: 98(0%), ATK IV: 59(0%), DEF IV: 98(0%), Work Speed: (0%), Skills: Infinite Stamina
Flopie, Level: 10, Rank: 1, Gender: Female, HP IV: 35(0%), ATK IV: 76(0%), DEF IV: 16(0%), Work Speed: (0%)
Foxparks, Level: 4, Rank: 1, Gender: Male, HP IV: 6(0%), ATK IV: 1(0%), DEF IV: 95(0%), Work Speed: (0%)
Foxparks, Level: 6, Rank: 1, Gender: Female, HP IV: 91(0%), ATK IV: 74(0%), DEF IV: 72(0%), Work Speed: (0%), Skills: Serious
Fuack, Level: 5, Rank: 1, Gender: Male, HP IV: 51(0%), ATK IV: 46(0%), DEF IV: 52(0%), Work Speed: (0%), Skills: Hard Skin
Gumoss, Level: 3, Rank: 1, Gender: Female, HP IV: 73(0%), ATK IV: 64(0%), DEF IV: 5(0%), Work Speed: (0%), Skills: Swift
Gumoss, Level: 4, Rank: 1, Gender: Male, HP IV: 22(0%), ATK IV: 35(0%), DEF IV: 23(0%), Work Speed: (0%), Skills: Burly Body, Diet Lover, Shabby
Lamball, Level: 4, Rank: 1, Gender: Female, HP IV: 79(0%), ATK IV: 44(0%), DEF IV: 38(0%), Work Speed: (0%), Skills: Work Slave, Slacker, Glutton
Lamball, Level: 5, Rank: 1, Gender: Male, HP IV: 93(0%), ATK IV: 83(0%), DEF IV: 50(0%), Work Speed: (0%), Skills: Artisan
Lifmunk, Level: 2, Rank: 1, Gender: Female, HP IV: 49(0%), ATK IV: 49(0%), DEF IV: 83(0%), Work Speed: (0%)
Lifmunk, Level: 4, Rank: 1, Gender: Male, HP IV: 84(0%), ATK IV: 63(0%), DEF IV: 62(0%), Work Speed: (0%), Skills: Impatient
Nox, Level: 6, Rank: 1, Gender: Female, HP IV: 3(0%), ATK IV: 1(0%), DEF IV: 16(0%), Work Speed: (0%), Skills: Mine Foreman
Tanzee, Level: 3, Rank: 1, Gender: Female, HP IV: 13(0%), ATK IV: 97(0%), DEF IV: 45(0%), Work Speed: (0%), Skills: Runner
Tanzee, Level: 4, Rank: 1, Gender: Female, HP IV: 56(0%), ATK IV: 40(0%), DEF IV: 56(0%), Work Speed: (0%), Skills: Vanguard
Teafant, Level: 3, Rank: 1, Gender: Male, HP IV: 12(0%), ATK IV: 64(0%), DEF IV: 7(0%), Work Speed: (0%)
Tombat, Level: 11, Rank: 1, Gender: Male, HP IV: 69(0%), ATK IV: 6(0%), DEF IV: 46(0%), Work Speed: (0%), Skills: Philantropist
Kryloc's 41 Pals
----------------
Anubis, Level: 14, Rank: 1, Gender: Female, HP IV: 60(0%), ATK IV: 100(0%), DEF IV: 71(0%), Work Speed: (0%), Skills: Legend, Noble, Motivational Leader
Cattiva, Level: 10, Rank: 1, Gender: Female, HP IV: 76(0%), ATK IV: 92(0%), DEF IV: 26(0%), Work Speed: (0%), Skills: Coward
Cattiva, Level: 14, Rank: 1, Gender: Female, HP IV: 16(0%), ATK IV: 4(0%), DEF IV: 17(0%), Work Speed: (0%), Skills: Coward, Sadist
Cattiva, Level: 14, Rank: 1, Gender: Female, HP IV: 25(0%), ATK IV: 1(0%), DEF IV: 28(0%), Work Speed: (0%), Skills: Coward, Burly Body
Cattiva, Level: 14, Rank: 1, Gender: Male, HP IV: 52(0%), ATK IV: 41(0%), DEF IV: 6(0%), Work Speed: (0%), Skills: Coward, Work Slave
Cattiva, Level: 3, Rank: 1, Gender: Male, HP IV: 76(0%), ATK IV: 47(0%), DEF IV: 50(0%), Work Speed: (0%), Skills: Coward, Mercy hit
Cattiva, Level: 3, Rank: 1, Gender: Male, HP IV: 77(0%), ATK IV: 17(0%), DEF IV: 63(0%), Work Speed: (0%), Skills: Coward, Slacker
Cattiva, Level: 5, Rank: 1, Gender: Female, HP IV: 50(0%), ATK IV: 35(0%), DEF IV: 94(0%), Work Speed: (0%), Skills: Coward, Serenity
Cattiva, Level: 5, Rank: 1, Gender: Male, HP IV: 70(0%), ATK IV: 66(0%), DEF IV: 29(0%), Work Speed: (0%), Skills: Coward
Cattiva, Level: 5, Rank: 1, Gender: Male, HP IV: 88(0%), ATK IV: 9(0%), DEF IV: 65(0%), Work Speed: (0%), Skills: Coward, Infinite Stamina
Chikipi, Level: 1, Rank: 1, Gender: Male, HP IV: 51(0%), ATK IV: 64(0%), DEF IV: 30(0%), Work Speed: (0%), Skills: Logging Foreman
Chikipi, Level: 2, Rank: 1, Gender: Male, HP IV: 66(0%), ATK IV: 28(0%), DEF IV: 29(0%), Work Speed: (0%), Skills: Motivational Leader
Chikipi, Level: 3, Rank: 1, Gender: Female, HP IV: 57(0%), ATK IV: 64(0%), DEF IV: 81(0%), Work Speed: (0%), Skills: Burly Body
Cremis, Level: 4, Rank: 1, Gender: Male, HP IV: 61(0%), ATK IV: 16(0%), DEF IV: 53(0%), Work Speed: (0%), Skills: Artisan
Daedream, Level: 5, Rank: 1, Gender: Male, HP IV: 93(0%), ATK IV: 39(0%), DEF IV: 24(0%), Work Speed: (0%)
Depresso, Level: 3, Rank: 1, Gender: Male, HP IV: 42(0%), ATK IV: 76(0%), DEF IV: 92(0%), Work Speed: (0%), Skills: Fit as a Fiddle
Depresso, Level: 4, Rank: 1, Gender: Male, HP IV: 65(0%), ATK IV: 99(0%), DEF IV: 8(0%), Work Speed: (0%), Skills: Destructive
Depresso, Level: 4, Rank: 1, Gender: Male, HP IV: 97(0%), ATK IV: 64(0%), DEF IV: 100(0%), Work Speed: (0%), Skills: Coward, Work Slave
Depresso, Level: 5, Rank: 1, Gender: Male, HP IV: 15(0%), ATK IV: 66(0%), DEF IV: 20(0%), Work Speed: (0%), Skills: Hooligan
Direhowl, Level: 10, Rank: 1, Gender: Female, HP IV: 19(0%), ATK IV: 97(0%), DEF IV: 87(0%), Work Speed: (0%), Skills: Waterproof
Direhowl, Level: 10, Rank: 1, Gender: Female, HP IV: 36(0%), ATK IV: 83(0%), DEF IV: 22(0%), Work Speed: (0%), Skills: Coward
Direhowl, Level: 10, Rank: 1, Gender: Female, HP IV: 4(0%), ATK IV: 69(0%), DEF IV: 60(0%), Work Speed: (0%)
Direhowl, Level: 14, Rank: 1, Gender: Female, HP IV: 7(0%), ATK IV: 19(0%), DEF IV: 23(0%), Work Speed: (0%), Skills: Workaholic
Direhowl, Level: 9, Rank: 1, Gender: Male, HP IV: 48(0%), ATK IV: 46(0%), DEF IV: 7(0%), Work Speed: (0%), Skills: Bottomless Stomach
Eikthyrdeer, Level: 10, Rank: 1, Gender: Female, HP IV: 50(0%), ATK IV: 20(0%), DEF IV: 28(0%), Work Speed: (0%), Skills: Unstable
Eikthyrdeer, Level: 9, Rank: 1, Gender: Male, HP IV: 98(0%), ATK IV: 59(0%), DEF IV: 98(0%), Work Speed: (0%), Skills: Infinite Stamina
Flopie, Level: 10, Rank: 1, Gender: Female, HP IV: 35(0%), ATK IV: 76(0%), DEF IV: 16(0%), Work Speed: (0%)
Foxparks, Level: 4, Rank: 1, Gender: Male, HP IV: 6(0%), ATK IV: 1(0%), DEF IV: 95(0%), Work Speed: (0%)
Foxparks, Level: 6, Rank: 1, Gender: Female, HP IV: 91(0%), ATK IV: 74(0%), DEF IV: 72(0%), Work Speed: (0%), Skills: Serious
Fuack, Level: 5, Rank: 1, Gender: Male, HP IV: 51(0%), ATK IV: 46(0%), DEF IV: 52(0%), Work Speed: (0%), Skills: Hard Skin
Gumoss, Level: 3, Rank: 1, Gender: Female, HP IV: 73(0%), ATK IV: 64(0%), DEF IV: 5(0%), Work Speed: (0%), Skills: Swift
Gumoss, Level: 4, Rank: 1, Gender: Male, HP IV: 22(0%), ATK IV: 35(0%), DEF IV: 23(0%), Work Speed: (0%), Skills: Burly Body, Diet Lover, Shabby
Lamball, Level: 4, Rank: 1, Gender: Female, HP IV: 79(0%), ATK IV: 44(0%), DEF IV: 38(0%), Work Speed: (0%), Skills: Work Slave, Slacker, Glutton
Lamball, Level: 5, Rank: 1, Gender: Male, HP IV: 93(0%), ATK IV: 83(0%), DEF IV: 50(0%), Work Speed: (0%), Skills: Artisan
Lifmunk, Level: 2, Rank: 1, Gender: Female, HP IV: 49(0%), ATK IV: 49(0%), DEF IV: 83(0%), Work Speed: (0%)
Lifmunk, Level: 4, Rank: 1, Gender: Male, HP IV: 84(0%), ATK IV: 63(0%), DEF IV: 62(0%), Work Speed: (0%), Skills: Impatient
Nox, Level: 6, Rank: 1, Gender: Female, HP IV: 3(0%), ATK IV: 1(0%), DEF IV: 16(0%), Work Speed: (0%), Skills: Mine Foreman
Tanzee, Level: 3, Rank: 1, Gender: Female, HP IV: 13(0%), ATK IV: 97(0%), DEF IV: 45(0%), Work Speed: (0%), Skills: Runner
Tanzee, Level: 4, Rank: 1, Gender: Female, HP IV: 56(0%), ATK IV: 40(0%), DEF IV: 56(0%), Work Speed: (0%), Skills: Vanguard
Teafant, Level: 3, Rank: 1, Gender: Male, HP IV: 12(0%), ATK IV: 64(0%), DEF IV: 7(0%), Work Speed: (0%)
Tombat, Level: 11, Rank: 1, Gender: Male, HP IV: 69(0%), ATK IV: 6(0%), DEF IV: 46(0%), Work Speed: (0%), Skills: Philantropist
Kryloc's 41 Pals
----------------
Anubis, Level: 14, Rank: 1, Gender: Female, HP IV: 60(0%), ATK IV: 100(0%), DEF IV: 71(0%), Work Speed: (0%), Skills: Legend, Noble, Motivational Leader
Cattiva, Level: 10, Rank: 1, Gender: Female, HP IV: 76(0%), ATK IV: 92(0%), DEF IV: 26(0%), Work Speed: (0%), Skills: Coward
Cattiva, Level: 14, Rank: 1, Gender: Female, HP IV: 16(0%), ATK IV: 4(0%), DEF IV: 17(0%), Work Speed: (0%), Skills: Coward, Sadist
Cattiva, Level: 14, Rank: 1, Gender: Female, HP IV: 25(0%), ATK IV: 1(0%), DEF IV: 28(0%), Work Speed: (0%), Skills: Coward, Burly Body
Cattiva, Level: 14, Rank: 1, Gender: Male, HP IV: 52(0%), ATK IV: 41(0%), DEF IV: 6(0%), Work Speed: (0%), Skills: Coward, Work Slave
Cattiva, Level: 3, Rank: 1, Gender: Male, HP IV: 76(0%), ATK IV: 47(0%), DEF IV: 50(0%), Work Speed: (0%), Skills: Coward, Mercy hit
Cattiva, Level: 3, Rank: 1, Gender: Male, HP IV: 77(0%), ATK IV: 17(0%), DEF IV: 63(0%), Work Speed: (0%), Skills: Coward, Slacker
Cattiva, Level: 5, Rank: 1, Gender: Female, HP IV: 50(0%), ATK IV: 35(0%), DEF IV: 94(0%), Work Speed: (0%), Skills: Coward, Serenity
Cattiva, Level: 5, Rank: 1, Gender: Male, HP IV: 70(0%), ATK IV: 66(0%), DEF IV: 29(0%), Work Speed: (0%), Skills: Coward
Cattiva, Level: 5, Rank: 1, Gender: Male, HP IV: 88(0%), ATK IV: 9(0%), DEF IV: 65(0%), Work Speed: (0%), Skills: Coward, Infinite Stamina
Chikipi, Level: 1, Rank: 1, Gender: Male, HP IV: 51(0%), ATK IV: 64(0%), DEF IV: 30(0%), Work Speed: (0%), Skills: Logging Foreman
Chikipi, Level: 2, Rank: 1, Gender: Male, HP IV: 66(0%), ATK IV: 28(0%), DEF IV: 29(0%), Work Speed: (0%), Skills: Motivational Leader
Chikipi, Level: 3, Rank: 1, Gender: Female, HP IV: 57(0%), ATK IV: 64(0%), DEF IV: 81(0%), Work Speed: (0%), Skills: Burly Body
Cremis, Level: 4, Rank: 1, Gender: Male, HP IV: 61(0%), ATK IV: 16(0%), DEF IV: 53(0%), Work Speed: (0%), Skills: Artisan
Daedream, Level: 5, Rank: 1, Gender: Male, HP IV: 93(0%), ATK IV: 39(0%), DEF IV: 24(0%), Work Speed: (0%)
Depresso, Level: 3, Rank: 1, Gender: Male, HP IV: 42(0%), ATK IV: 76(0%), DEF IV: 92(0%), Work Speed: (0%), Skills: Fit as a Fiddle
Depresso, Level: 4, Rank: 1, Gender: Male, HP IV: 65(0%), ATK IV: 99(0%), DEF IV: 8(0%), Work Speed: (0%), Skills: Destructive
Depresso, Level: 4, Rank: 1, Gender: Male, HP IV: 97(0%), ATK IV: 64(0%), DEF IV: 100(0%), Work Speed: (0%), Skills: Coward, Work Slave
Depresso, Level: 5, Rank: 1, Gender: Male, HP IV: 15(0%), ATK IV: 66(0%), DEF IV: 20(0%), Work Speed: (0%), Skills: Hooligan
Direhowl, Level: 10, Rank: 1, Gender: Female, HP IV: 19(0%), ATK IV: 97(0%), DEF IV: 87(0%), Work Speed: (0%), Skills: Waterproof
Direhowl, Level: 10, Rank: 1, Gender: Female, HP IV: 36(0%), ATK IV: 83(0%), DEF IV: 22(0%), Work Speed: (0%), Skills: Coward
Direhowl, Level: 10, Rank: 1, Gender: Female, HP IV: 4(0%), ATK IV: 69(0%), DEF IV: 60(0%), Work Speed: (0%)
Direhowl, Level: 14, Rank: 1, Gender: Female, HP IV: 7(0%), ATK IV: 19(0%), DEF IV: 23(0%), Work Speed: (0%), Skills: Workaholic
Direhowl, Level: 9, Rank: 1, Gender: Male, HP IV: 48(0%), ATK IV: 46(0%), DEF IV: 7(0%), Work Speed: (0%), Skills: Bottomless Stomach
Eikthyrdeer, Level: 10, Rank: 1, Gender: Female, HP IV: 50(0%), ATK IV: 20(0%), DEF IV: 28(0%), Work Speed: (0%), Skills: Unstable
Eikthyrdeer, Level: 9, Rank: 1, Gender: Male, HP IV: 98(0%), ATK IV: 59(0%), DEF IV: 98(0%), Work Speed: (0%), Skills: Infinite Stamina
Flopie, Level: 10, Rank: 1, Gender: Female, HP IV: 35(0%), ATK IV: 76(0%), DEF IV: 16(0%), Work Speed: (0%)
Foxparks, Level: 4, Rank: 1, Gender: Male, HP IV: 6(0%), ATK IV: 1(0%), DEF IV: 95(0%), Work Speed: (0%)
Foxparks, Level: 6, Rank: 1, Gender: Female, HP IV: 91(0%), ATK IV: 74(0%), DEF IV: 72(0%), Work Speed: (0%), Skills: Serious
Fuack, Level: 5, Rank: 1, Gender: Male, HP IV: 51(0%), ATK IV: 46(0%), DEF IV: 52(0%), Work Speed: (0%), Skills: Hard Skin
Gumoss, Level: 3, Rank: 1, Gender: Female, HP IV: 73(0%), ATK IV: 64(0%), DEF IV: 5(0%), Work Speed: (0%), Skills: Swift
Gumoss, Level: 4, Rank: 1, Gender: Male, HP IV: 22(0%), ATK IV: 35(0%), DEF IV: 23(0%), Work Speed: (0%), Skills: Burly Body, Diet Lover, Shabby
Lamball, Level: 4, Rank: 1, Gender: Female, HP IV: 79(0%), ATK IV: 44(0%), DEF IV: 38(0%), Work Speed: (0%), Skills: Work Slave, Slacker, Glutton
Lamball, Level: 5, Rank: 1, Gender: Male, HP IV: 93(0%), ATK IV: 83(0%), DEF IV: 50(0%), Work Speed: (0%), Skills: Artisan
Lifmunk, Level: 2, Rank: 1, Gender: Female, HP IV: 49(0%), ATK IV: 49(0%), DEF IV: 83(0%), Work Speed: (0%)
Lifmunk, Level: 4, Rank: 1, Gender: Male, HP IV: 84(0%), ATK IV: 63(0%), DEF IV: 62(0%), Work Speed: (0%), Skills: Impatient
Nox, Level: 6, Rank: 1, Gender: Female, HP IV: 3(0%), ATK IV: 1(0%), DEF IV: 16(0%), Work Speed: (0%), Skills: Mine Foreman
Tanzee, Level: 3, Rank: 1, Gender: Female, HP IV: 13(0%), ATK IV: 97(0%), DEF IV: 45(0%), Work Speed: (0%), Skills: Runner
Tanzee, Level: 4, Rank: 1, Gender: Female, HP IV: 56(0%), ATK IV: 40(0%), DEF IV: 56(0%), Work Speed: (0%), Skills: Vanguard
Teafant, Level: 3, Rank: 1, Gender: Male, HP IV: 12(0%), ATK IV: 64(0%), DEF IV: 7(0%), Work Speed: (0%)
Tombat, Level: 11, Rank: 1, Gender: Male, HP IV: 69(0%), ATK IV: 6(0%), DEF IV: 46(0%), Work Speed: (0%), Skills: Philantropist
Kryloc's 41 Pals
----------------
Anubis, Level: 14, Rank: 1, Gender: Female, HP IV: 60(0%), ATK IV: 100(0%), DEF IV: 71(0%), Work Speed: (0%), Skills: Legend, Noble, Motivational Leader
Cattiva, Level: 10, Rank: 1, Gender: Female, HP IV: 76(0%), ATK IV: 92(0%), DEF IV: 26(0%), Work Speed: (0%), Skills: Coward
Cattiva, Level: 14, Rank: 1, Gender: Female, HP IV: 16(0%), ATK IV: 4(0%), DEF IV: 17(0%), Work Speed: (0%), Skills: Coward, Sadist
Cattiva, Level: 14, Rank: 1, Gender: Female, HP IV: 25(0%), ATK IV: 1(0%), DEF IV: 28(0%), Work Speed: (0%), Skills: Coward, Burly Body
Cattiva, Level: 14, Rank: 1, Gender: Male, HP IV: 52(0%), ATK IV: 41(0%), DEF IV: 6(0%), Work Speed: (0%), Skills: Coward, Work Slave
Cattiva, Level: 3, Rank: 1, Gender: Male, HP IV: 76(0%), ATK IV: 47(0%), DEF IV: 50(0%), Work Speed: (0%), Skills: Coward, Mercy hit
Cattiva, Level: 3, Rank: 1, Gender: Male, HP IV: 77(0%), ATK IV: 17(0%), DEF IV: 63(0%), Work Speed: (0%), Skills: Coward, Slacker
Cattiva, Level: 5, Rank: 1, Gender: Female, HP IV: 50(0%), ATK IV: 35(0%), DEF IV: 94(0%), Work Speed: (0%), Skills: Coward, Serenity
Cattiva, Level: 5, Rank: 1, Gender: Male, HP IV: 70(0%), ATK IV: 66(0%), DEF IV: 29(0%), Work Speed: (0%), Skills: Coward
Cattiva, Level: 5, Rank: 1, Gender: Male, HP IV: 88(0%), ATK IV: 9(0%), DEF IV: 65(0%), Work Speed: (0%), Skills: Coward, Infinite Stamina
Chikipi, Level: 1, Rank: 1, Gender: Male, HP IV: 51(0%), ATK IV: 64(0%), DEF IV: 30(0%), Work Speed: (0%), Skills: Logging Foreman
Chikipi, Level: 2, Rank: 1, Gender: Male, HP IV: 66(0%), ATK IV: 28(0%), DEF IV: 29(0%), Work Speed: (0%), Skills: Motivational Leader
Chikipi, Level: 3, Rank: 1, Gender: Female, HP IV: 57(0%), ATK IV: 64(0%), DEF IV: 81(0%), Work Speed: (0%), Skills: Burly Body
Cremis, Level: 4, Rank: 1, Gender: Male, HP IV: 61(0%), ATK IV: 16(0%), DEF IV: 53(0%), Work Speed: (0%), Skills: Artisan
Daedream, Level: 5, Rank: 1, Gender: Male, HP IV: 93(0%), ATK IV: 39(0%), DEF IV: 24(0%), Work Speed: (0%)
Depresso, Level: 3, Rank: 1, Gender: Male, HP IV: 42(0%), ATK IV: 76(0%), DEF IV: 92(0%), Work Speed: (0%), Skills: Fit as a Fiddle
Depresso, Level: 4, Rank: 1, Gender: Male, HP IV: 65(0%), ATK IV: 99(0%), DEF IV: 8(0%), Work Speed: (0%), Skills: Destructive
Depresso, Level: 4, Rank: 1, Gender: Male, HP IV: 97(0%), ATK IV: 64(0%), DEF IV: 100(0%), Work Speed: (0%), Skills: Coward, Work Slave
Depresso, Level: 5, Rank: 1, Gender: Male, HP IV: 15(0%), ATK IV: 66(0%), DEF IV: 20(0%), Work Speed: (0%), Skills: Hooligan
Direhowl, Level: 10, Rank: 1, Gender: Female, HP IV: 19(0%), ATK IV: 97(0%), DEF IV: 87(0%), Work Speed: (0%), Skills: Waterproof
Direhowl, Level: 10, Rank: 1, Gender: Female, HP IV: 36(0%), ATK IV: 83(0%), DEF IV: 22(0%), Work Speed: (0%), Skills: Coward
Direhowl, Level: 10, Rank: 1, Gender: Female, HP IV: 4(0%), ATK IV: 69(0%), DEF IV: 60(0%), Work Speed: (0%)
Direhowl, Level: 14, Rank: 1, Gender: Female, HP IV: 7(0%), ATK IV: 19(0%), DEF IV: 23(0%), Work Speed: (0%), Skills: Workaholic
Direhowl, Level: 9, Rank: 1, Gender: Male, HP IV: 48(0%), ATK IV: 46(0%), DEF IV: 7(0%), Work Speed: (0%), Skills: Bottomless Stomach
Eikthyrdeer, Level: 10, Rank: 1, Gender: Female, HP IV: 50(0%), ATK IV: 20(0%), DEF IV: 28(0%), Work Speed: (0%), Skills: Unstable
Eikthyrdeer, Level: 9, Rank: 1, Gender: Male, HP IV: 98(0%), ATK IV: 59(0%), DEF IV: 98(0%), Work Speed: (0%), Skills: Infinite Stamina
Flopie, Level: 10, Rank: 1, Gender: Female, HP IV: 35(0%), ATK IV: 76(0%), DEF IV: 16(0%), Work Speed: (0%)
Foxparks, Level: 4, Rank: 1, Gender: Male, HP IV: 6(0%), ATK IV: 1(0%), DEF IV: 95(0%), Work Speed: (0%)
Foxparks, Level: 6, Rank: 1, Gender: Female, HP IV: 91(0%), ATK IV: 74(0%), DEF IV: 72(0%), Work Speed: (0%), Skills: Serious
Fuack, Level: 5, Rank: 1, Gender: Male, HP IV: 51(0%), ATK IV: 46(0%), DEF IV: 52(0%), Work Speed: (0%), Skills: Hard Skin
Gumoss, Level: 3, Rank: 1, Gender: Female, HP IV: 73(0%), ATK IV: 64(0%), DEF IV: 5(0%), Work Speed: (0%), Skills: Swift
Gumoss, Level: 4, Rank: 1, Gender: Male, HP IV: 22(0%), ATK IV: 35(0%), DEF IV: 23(0%), Work Speed: (0%), Skills: Burly Body, Diet Lover, Shabby
Lamball, Level: 4, Rank: 1, Gender: Female, HP IV: 79(0%), ATK IV: 44(0%), DEF IV: 38(0%), Work Speed: (0%), Skills: Work Slave, Slacker, Glutton
Lamball, Level: 5, Rank: 1, Gender: Male, HP IV: 93(0%), ATK IV: 83(0%), DEF IV: 50(0%), Work Speed: (0%), Skills: Artisan
Lifmunk, Level: 2, Rank: 1, Gender: Female, HP IV: 49(0%), ATK IV: 49(0%), DEF IV: 83(0%), Work Speed: (0%)
Lifmunk, Level: 4, Rank: 1, Gender: Male, HP IV: 84(0%), ATK IV: 63(0%), DEF IV: 62(0%), Work Speed: (0%), Skills: Impatient
Nox, Level: 6, Rank: 1, Gender: Female, HP IV: 3(0%), ATK IV: 1(0%), DEF IV: 16(0%), Work Speed: (0%), Skills: Mine Foreman
Tanzee, Level: 3, Rank: 1, Gender: Female, HP IV: 13(0%), ATK IV: 97(0%), DEF IV: 45(0%), Work Speed: (0%), Skills: Runner
Tanzee, Level: 4, Rank: 1, Gender: Female, HP IV: 56(0%), ATK IV: 40(0%), DEF IV: 56(0%), Work Speed: (0%), Skills: Vanguard
Teafant, Level: 3, Rank: 1, Gender: Male, HP IV: 12(0%), ATK IV: 64(0%), DEF IV: 7(0%), Work Speed: (0%)
Tombat, Level: 11, Rank: 1, Gender: Male, HP IV: 69(0%), ATK IV: 6(0%), DEF IV: 46(0%), Work Speed: (0%), Skills: Philantropist
Kryloc's 41 Pals
----------------
Anubis, Level: 14, Rank: 1, Gender: Female, HP IV: 60(0%), ATK IV: 100(0%), DEF IV: 71(0%), Work Speed: (0%), Skills: Legend, Noble, Motivational Leader
Cattiva, Level: 10, Rank: 1, Gender: Female, HP IV: 76(0%), ATK IV: 92(0%), DEF IV: 26(0%), Work Speed: (0%), Skills: Coward
Cattiva, Level: 14, Rank: 1, Gender: Female, HP IV: 16(0%), ATK IV: 4(0%), DEF IV: 17(0%), Work Speed: (0%), Skills: Coward, Sadist
Cattiva, Level: 14, Rank: 1, Gender: Female, HP IV: 25(0%), ATK IV: 1(0%), DEF IV: 28(0%), Work Speed: (0%), Skills: Coward, Burly Body
Cattiva, Level: 14, Rank: 1, Gender: Male, HP IV: 52(0%), ATK IV: 41(0%), DEF IV: 6(0%), Work Speed: (0%), Skills: Coward, Work Slave
Cattiva, Level: 3, Rank: 1, Gender: Male, HP IV: 76(0%), ATK IV: 47(0%), DEF IV: 50(0%), Work Speed: (0%), Skills: Coward, Mercy hit
Cattiva, Level: 3, Rank: 1, Gender: Male, HP IV: 77(0%), ATK IV: 17(0%), DEF IV: 63(0%), Work Speed: (0%), Skills: Coward, Slacker
Cattiva, Level: 5, Rank: 1, Gender: Female, HP IV: 50(0%), ATK IV: 35(0%), DEF IV: 94(0%), Work Speed: (0%), Skills: Coward, Serenity
Cattiva, Level: 5, Rank: 1, Gender: Male, HP IV: 70(0%), ATK IV: 66(0%), DEF IV: 29(0%), Work Speed: (0%), Skills: Coward
Cattiva, Level: 5, Rank: 1, Gender: Male, HP IV: 88(0%), ATK IV: 9(0%), DEF IV: 65(0%), Work Speed: (0%), Skills: Coward, Infinite Stamina
Chikipi, Level: 1, Rank: 1, Gender: Male, HP IV: 51(0%), ATK IV: 64(0%), DEF IV: 30(0%), Work Speed: (0%), Skills: Logging Foreman
Chikipi, Level: 2, Rank: 1, Gender: Male, HP IV: 66(0%), ATK IV: 28(0%), DEF IV: 29(0%), Work Speed: (0%), Skills: Motivational Leader
Chikipi, Level: 3, Rank: 1, Gender: Female, HP IV: 57(0%), ATK IV: 64(0%), DEF IV: 81(0%), Work Speed: (0%), Skills: Burly Body
Cremis, Level: 4, Rank: 1, Gender: Male, HP IV: 61(0%), ATK IV: 16(0%), DEF IV: 53(0%), Work Speed: (0%), Skills: Artisan
Daedream, Level: 5, Rank: 1, Gender: Male, HP IV: 93(0%), ATK IV: 39(0%), DEF IV: 24(0%), Work Speed: (0%)
Depresso, Level: 3, Rank: 1, Gender: Male, HP IV: 42(0%), ATK IV: 76(0%), DEF IV: 92(0%), Work Speed: (0%), Skills: Fit as a Fiddle
Depresso, Level: 4, Rank: 1, Gender: Male, HP IV: 65(0%), ATK IV: 99(0%), DEF IV: 8(0%), Work Speed: (0%), Skills: Destructive
Depresso, Level: 4, Rank: 1, Gender: Male, HP IV: 97(0%), ATK IV: 64(0%), DEF IV: 100(0%), Work Speed: (0%), Skills: Coward, Work Slave
Depresso, Level: 5, Rank: 1, Gender: Male, HP IV: 15(0%), ATK IV: 66(0%), DEF IV: 20(0%), Work Speed: (0%), Skills: Hooligan
Direhowl, Level: 10, Rank: 1, Gender: Female, HP IV: 19(0%), ATK IV: 97(0%), DEF IV: 87(0%), Work Speed: (0%), Skills: Waterproof
Direhowl, Level: 10, Rank: 1, Gender: Female, HP IV: 36(0%), ATK IV: 83(0%), DEF IV: 22(0%), Work Speed: (0%), Skills: Coward
Direhowl, Level: 10, Rank: 1, Gender: Female, HP IV: 4(0%), ATK IV: 69(0%), DEF IV: 60(0%), Work Speed: (0%)
Direhowl, Level: 14, Rank: 1, Gender: Female, HP IV: 7(0%), ATK IV: 19(0%), DEF IV: 23(0%), Work Speed: (0%), Skills: Workaholic
Direhowl, Level: 9, Rank: 1, Gender: Male, HP IV: 48(0%), ATK IV: 46(0%), DEF IV: 7(0%), Work Speed: (0%), Skills: Bottomless Stomach
Eikthyrdeer, Level: 10, Rank: 1, Gender: Female, HP IV: 50(0%), ATK IV: 20(0%), DEF IV: 28(0%), Work Speed: (0%), Skills: Unstable
Eikthyrdeer, Level: 9, Rank: 1, Gender: Male, HP IV: 98(0%), ATK IV: 59(0%), DEF IV: 98(0%), Work Speed: (0%), Skills: Infinite Stamina
Flopie, Level: 10, Rank: 1, Gender: Female, HP IV: 35(0%), ATK IV: 76(0%), DEF IV: 16(0%), Work Speed: (0%)
Foxparks, Level: 4, Rank: 1, Gender: Male, HP IV: 6(0%), ATK IV: 1(0%), DEF IV: 95(0%), Work Speed: (0%)
Foxparks, Level: 6, Rank: 1, Gender: Female, HP IV: 91(0%), ATK IV: 74(0%), DEF IV: 72(0%), Work Speed: (0%), Skills: Serious
Fuack, Level: 5, Rank: 1, Gender: Male, HP IV: 51(0%), ATK IV: 46(0%), DEF IV: 52(0%), Work Speed: (0%), Skills: Hard Skin
Gumoss, Level: 3, Rank: 1, Gender: Female, HP IV: 73(0%), ATK IV: 64(0%), DEF IV: 5(0%), Work Speed: (0%), Skills: Swift
Gumoss, Level: 4, Rank: 1, Gender: Male, HP IV: 22(0%), ATK IV: 35(0%), DEF IV: 23(0%), Work Speed: (0%), Skills: Burly Body, Diet Lover, Shabby
Lamball, Level: 4, Rank: 1, Gender: Female, HP IV: 79(0%), ATK IV: 44(0%), DEF IV: 38(0%), Work Speed: (0%), Skills: Work Slave, Slacker, Glutton
Lamball, Level: 5, Rank: 1, Gender: Male, HP IV: 93(0%), ATK IV: 83(0%), DEF IV: 50(0%), Work Speed: (0%), Skills: Artisan
Lifmunk, Level: 2, Rank: 1, Gender: Female, HP IV: 49(0%), ATK IV: 49(0%), DEF IV: 83(0%), Work Speed: (0%)
Lifmunk, Level: 4, Rank: 1, Gender: Male, HP IV: 84(0%), ATK IV: 63(0%), DEF IV: 62(0%), Work Speed: (0%), Skills: Impatient
Nox, Level: 6, Rank: 1, Gender: Female, HP IV: 3(0%), ATK IV: 1(0%), DEF IV: 16(0%), Work Speed: (0%), Skills: Mine Foreman
Tanzee, Level: 3, Rank: 1, Gender: Female, HP IV: 13(0%), ATK IV: 97(0%), DEF IV: 45(0%), Work Speed: (0%), Skills: Runner
Tanzee, Level: 4, Rank: 1, Gender: Female, HP IV: 56(0%), ATK IV: 40(0%), DEF IV: 56(0%), Work Speed: (0%), Skills: Vanguard
Teafant, Level: 3, Rank: 1, Gender: Male, HP IV: 12(0%), ATK IV: 64(0%), DEF IV: 7(0%), Work Speed: (0%)
Tombat, Level: 11, Rank: 1, Gender: Male, HP IV: 69(0%), ATK IV: 6(0%), DEF IV: 46(0%), Work Speed: (0%), Skills: Philantropist
Kryloc's 41 Pals
----------------
Anubis, Level: 14, Rank: 1, Gender: Female, HP IV: 60(0%), ATK IV: 100(0%), DEF IV: 71(0%), Work Speed: (0%), Skills: Legend, Noble, Motivational Leader
Cattiva, Level: 10, Rank: 1, Gender: Female, HP IV: 76(0%), ATK IV: 92(0%), DEF IV: 26(0%), Work Speed: (0%), Skills: Coward
Cattiva, Level: 14, Rank: 1, Gender: Female, HP IV: 16(0%), ATK IV: 4(0%), DEF IV: 17(0%), Work Speed: (0%), Skills: Coward, Sadist
Cattiva, Level: 14, Rank: 1, Gender: Female, HP IV: 25(0%), ATK IV: 1(0%), DEF IV: 28(0%), Work Speed: (0%), Skills: Coward, Burly Body
Cattiva, Level: 14, Rank: 1, Gender: Male, HP IV: 52(0%), ATK IV: 41(0%), DEF IV: 6(0%), Work Speed: (0%), Skills: Coward, Work Slave
Cattiva, Level: 3, Rank: 1, Gender: Male, HP IV: 76(0%), ATK IV: 47(0%), DEF IV: 50(0%), Work Speed: (0%), Skills: Coward, Mercy hit
Cattiva, Level: 3, Rank: 1, Gender: Male, HP IV: 77(0%), ATK IV: 17(0%), DEF IV: 63(0%), Work Speed: (0%), Skills: Coward, Slacker
Cattiva, Level: 5, Rank: 1, Gender: Female, HP IV: 50(0%), ATK IV: 35(0%), DEF IV: 94(0%), Work Speed: (0%), Skills: Coward, Serenity
Cattiva, Level: 5, Rank: 1, Gender: Male, HP IV: 70(0%), ATK IV: 66(0%), DEF IV: 29(0%), Work Speed: (0%), Skills: Coward
Cattiva, Level: 5, Rank: 1, Gender: Male, HP IV: 88(0%), ATK IV: 9(0%), DEF IV: 65(0%), Work Speed: (0%), Skills: Coward, Infinite Stamina
Chikipi, Level: 1, Rank: 1, Gender: Male, HP IV: 51(0%), ATK IV: 64(0%), DEF IV: 30(0%), Work Speed: (0%), Skills: Logging Foreman
Chikipi, Level: 2, Rank: 1, Gender: Male, HP IV: 66(0%), ATK IV: 28(0%), DEF IV: 29(0%), Work Speed: (0%), Skills: Motivational Leader
Chikipi, Level: 3, Rank: 1, Gender: Female, HP IV: 57(0%), ATK IV: 64(0%), DEF IV: 81(0%), Work Speed: (0%), Skills: Burly Body
Cremis, Level: 4, Rank: 1, Gender: Male, HP IV: 61(0%), ATK IV: 16(0%), DEF IV: 53(0%), Work Speed: (0%), Skills: Artisan
Daedream, Level: 5, Rank: 1, Gender: Male, HP IV: 93(0%), ATK IV: 39(0%), DEF IV: 24(0%), Work Speed: (0%)
Depresso, Level: 3, Rank: 1, Gender: Male, HP IV: 42(0%), ATK IV: 76(0%), DEF IV: 92(0%), Work Speed: (0%), Skills: Fit as a Fiddle
Depresso, Level: 4, Rank: 1, Gender: Male, HP IV: 65(0%), ATK IV: 99(0%), DEF IV: 8(0%), Work Speed: (0%), Skills: Destructive
Depresso, Level: 4, Rank: 1, Gender: Male, HP IV: 97(0%), ATK IV: 64(0%), DEF IV: 100(0%), Work Speed: (0%), Skills: Coward, Work Slave
Depresso, Level: 5, Rank: 1, Gender: Male, HP IV: 15(0%), ATK IV: 66(0%), DEF IV: 20(0%), Work Speed: (0%), Skills: Hooligan
Direhowl, Level: 10, Rank: 1, Gender: Female, HP IV: 19(0%), ATK IV: 97(0%), DEF IV: 87(0%), Work Speed: (0%), Skills: Waterproof
Direhowl, Level: 10, Rank: 1, Gender: Female, HP IV: 36(0%), ATK IV: 83(0%), DEF IV: 22(0%), Work Speed: (0%), Skills: Coward
Direhowl, Level: 10, Rank: 1, Gender: Female, HP IV: 4(0%), ATK IV: 69(0%), DEF IV: 60(0%), Work Speed: (0%)
Direhowl, Level: 14, Rank: 1, Gender: Female, HP IV: 7(0%), ATK IV: 19(0%), DEF IV: 23(0%), Work Speed: (0%), Skills: Workaholic
Direhowl, Level: 9, Rank: 1, Gender: Male, HP IV: 48(0%), ATK IV: 46(0%), DEF IV: 7(0%), Work Speed: (0%), Skills: Bottomless Stomach
Eikthyrdeer, Level: 10, Rank: 1, Gender: Female, HP IV: 50(0%), ATK IV: 20(0%), DEF IV: 28(0%), Work Speed: (0%), Skills: Unstable
Eikthyrdeer, Level: 9, Rank: 1, Gender: Male, HP IV: 98(0%), ATK IV: 59(0%), DEF IV: 98(0%), Work Speed: (0%), Skills: Infinite Stamina
Flopie, Level: 10, Rank: 1, Gender: Female, HP IV: 35(0%), ATK IV: 76(0%), DEF IV: 16(0%), Work Speed: (0%)
Foxparks, Level: 4, Rank: 1, Gender: Male, HP IV: 6(0%), ATK IV: 1(0%), DEF IV: 95(0%), Work Speed: (0%)
Foxparks, Level: 6, Rank: 1, Gender: Female, HP IV: 91(0%), ATK IV: 74(0%), DEF IV: 72(0%), Work Speed: (0%), Skills: Serious
Fuack, Level: 5, Rank: 1, Gender: Male, HP IV: 51(0%), ATK IV: 46(0%), DEF IV: 52(0%), Work Speed: (0%), Skills: Hard Skin
Gumoss, Level: 3, Rank: 1, Gender: Female, HP IV: 73(0%), ATK IV: 64(0%), DEF IV: 5(0%), Work Speed: (0%), Skills: Swift
Gumoss, Level: 4, Rank: 1, Gender: Male, HP IV: 22(0%), ATK IV: 35(0%), DEF IV: 23(0%), Work Speed: (0%), Skills: Burly Body, Diet Lover, Shabby
Lamball, Level: 4, Rank: 1, Gender: Female, HP IV: 79(0%), ATK IV: 44(0%), DEF IV: 38(0%), Work Speed: (0%), Skills: Work Slave, Slacker, Glutton
Lamball, Level: 5, Rank: 1, Gender: Male, HP IV: 93(0%), ATK IV: 83(0%), DEF IV: 50(0%), Work Speed: (0%), Skills: Artisan
Lifmunk, Level: 2, Rank: 1, Gender: Female, HP IV: 49(0%), ATK IV: 49(0%), DEF IV: 83(0%), Work Speed: (0%)
Lifmunk, Level: 4, Rank: 1, Gender: Male, HP IV: 84(0%), ATK IV: 63(0%), DEF IV: 62(0%), Work Speed: (0%), Skills: Impatient
Nox, Level: 6, Rank: 1, Gender: Female, HP IV: 3(0%), ATK IV: 1(0%), DEF IV: 16(0%), Work Speed: (0%), Skills: Mine Foreman
Tanzee, Level: 3, Rank: 1, Gender: Female, HP IV: 13(0%), ATK IV: 97(0%), DEF IV: 45(0%), Work Speed: (0%), Skills: Runner
Tanzee, Level: 4, Rank: 1, Gender: Female, HP IV: 56(0%), ATK IV: 40(0%), DEF IV: 56(0%), Work Speed: (0%), Skills: Vanguard
Teafant, Level: 3, Rank: 1, Gender: Male, HP IV: 12(0%), ATK IV: 64(0%), DEF IV: 7(0%), Work Speed: (0%)
Tombat, Level: 11, Rank: 1, Gender: Male, HP IV: 69(0%), ATK IV: 6(0%), DEF IV: 46(0%), Work Speed: (0%), Skills: Philantropist
Kryloc's 41 Pals
----------------
Anubis, Level: 14, Rank: 1, Gender: Female, HP IV: 60(0%), ATK IV: 100(0%), DEF IV: 71(0%), Work Speed: (0%), Skills: Legend, Noble, Motivational Leader
Cattiva, Level: 10, Rank: 1, Gender: Female, HP IV: 76(0%), ATK IV: 92(0%), DEF IV: 26(0%), Work Speed: (0%), Skills: Coward
Cattiva, Level: 14, Rank: 1, Gender: Female, HP IV: 16(0%), ATK IV: 4(0%), DEF IV: 17(0%), Work Speed: (0%), Skills: Coward, Sadist
Cattiva, Level: 14, Rank: 1, Gender: Female, HP IV: 25(0%), ATK IV: 1(0%), DEF IV: 28(0%), Work Speed: (0%), Skills: Coward, Burly Body
Cattiva, Level: 14, Rank: 1, Gender: Male, HP IV: 52(0%), ATK IV: 41(0%), DEF IV: 6(0%), Work Speed: (0%), Skills: Coward, Work Slave
Cattiva, Level: 3, Rank: 1, Gender: Male, HP IV: 76(0%), ATK IV: 47(0%), DEF IV: 50(0%), Work Speed: (0%), Skills: Coward, Mercy hit
Cattiva, Level: 3, Rank: 1, Gender: Male, HP IV: 77(0%), ATK IV: 17(0%), DEF IV: 63(0%), Work Speed: (0%), Skills: Coward, Slacker
Cattiva, Level: 5, Rank: 1, Gender: Female, HP IV: 50(0%), ATK IV: 35(0%), DEF IV: 94(0%), Work Speed: (0%), Skills: Coward, Serenity
Cattiva, Level: 5, Rank: 1, Gender: Male, HP IV: 70(0%), ATK IV: 66(0%), DEF IV: 29(0%), Work Speed: (0%), Skills: Coward
Cattiva, Level: 5, Rank: 1, Gender: Male, HP IV: 88(0%), ATK IV: 9(0%), DEF IV: 65(0%), Work Speed: (0%), Skills: Coward, Infinite Stamina
Chikipi, Level: 1, Rank: 1, Gender: Male, HP IV: 51(0%), ATK IV: 64(0%), DEF IV: 30(0%), Work Speed: (0%), Skills: Logging Foreman
Chikipi, Level: 2, Rank: 1, Gender: Male, HP IV: 66(0%), ATK IV: 28(0%), DEF IV: 29(0%), Work Speed: (0%), Skills: Motivational Leader
Chikipi, Level: 3, Rank: 1, Gender: Female, HP IV: 57(0%), ATK IV: 64(0%), DEF IV: 81(0%), Work Speed: (0%), Skills: Burly Body
Cremis, Level: 4, Rank: 1, Gender: Male, HP IV: 61(0%), ATK IV: 16(0%), DEF IV: 53(0%), Work Speed: (0%), Skills: Artisan
Daedream, Level: 5, Rank: 1, Gender: Male, HP IV: 93(0%), ATK IV: 39(0%), DEF IV: 24(0%), Work Speed: (0%)
Depresso, Level: 3, Rank: 1, Gender: Male, HP IV: 42(0%), ATK IV: 76(0%), DEF IV: 92(0%), Work Speed: (0%), Skills: Fit as a Fiddle
Depresso, Level: 4, Rank: 1, Gender: Male, HP IV: 65(0%), ATK IV: 99(0%), DEF IV: 8(0%), Work Speed: (0%), Skills: Destructive
Depresso, Level: 4, Rank: 1, Gender: Male, HP IV: 97(0%), ATK IV: 64(0%), DEF IV: 100(0%), Work Speed: (0%), Skills: Coward, Work Slave
Depresso, Level: 5, Rank: 1, Gender: Male, HP IV: 15(0%), ATK IV: 66(0%), DEF IV: 20(0%), Work Speed: (0%), Skills: Hooligan
Direhowl, Level: 10, Rank: 1, Gender: Female, HP IV: 19(0%), ATK IV: 97(0%), DEF IV: 87(0%), Work Speed: (0%), Skills: Waterproof
Direhowl, Level: 10, Rank: 1, Gender: Female, HP IV: 36(0%), ATK IV: 83(0%), DEF IV: 22(0%), Work Speed: (0%), Skills: Coward
Direhowl, Level: 10, Rank: 1, Gender: Female, HP IV: 4(0%), ATK IV: 69(0%), DEF IV: 60(0%), Work Speed: (0%)
Direhowl, Level: 14, Rank: 1, Gender: Female, HP IV: 7(0%), ATK IV: 19(0%), DEF IV: 23(0%), Work Speed: (0%), Skills: Workaholic
Direhowl, Level: 9, Rank: 1, Gender: Male, HP IV: 48(0%), ATK IV: 46(0%), DEF IV: 7(0%), Work Speed: (0%), Skills: Bottomless Stomach
Eikthyrdeer, Level: 10, Rank: 1, Gender: Female, HP IV: 50(0%), ATK IV: 20(0%), DEF IV: 28(0%), Work Speed: (0%), Skills: Unstable
Eikthyrdeer, Level: 9, Rank: 1, Gender: Male, HP IV: 98(0%), ATK IV: 59(0%), DEF IV: 98(0%), Work Speed: (0%), Skills: Infinite Stamina
Flopie, Level: 10, Rank: 1, Gender: Female, HP IV: 35(0%), ATK IV: 76(0%), DEF IV: 16(0%), Work Speed: (0%)
Foxparks, Level: 4, Rank: 1, Gender: Male, HP IV: 6(0%), ATK IV: 1(0%), DEF IV: 95(0%), Work Speed: (0%)
Foxparks, Level: 6, Rank: 1, Gender: Female, HP IV: 91(0%), ATK IV: 74(0%), DEF IV: 72(0%), Work Speed: (0%), Skills: Serious
Fuack, Level: 5, Rank: 1, Gender: Male, HP IV: 51(0%), ATK IV: 46(0%), DEF IV: 52(0%), Work Speed: (0%), Skills: Hard Skin
Gumoss, Level: 3, Rank: 1, Gender: Female, HP IV: 73(0%), ATK IV: 64(0%), DEF IV: 5(0%), Work Speed: (0%), Skills: Swift
Gumoss, Level: 4, Rank: 1, Gender: Male, HP IV: 22(0%), ATK IV: 35(0%), DEF IV: 23(0%), Work Speed: (0%), Skills: Burly Body, Diet Lover, Shabby
Lamball, Level: 4, Rank: 1, Gender: Female, HP IV: 79(0%), ATK IV: 44(0%), DEF IV: 38(0%), Work Speed: (0%), Skills: Work Slave, Slacker, Glutton
Lamball, Level: 5, Rank: 1, Gender: Male, HP IV: 93(0%), ATK IV: 83(0%), DEF IV: 50(0%), Work Speed: (0%), Skills: Artisan
Lifmunk, Level: 2, Rank: 1, Gender: Female, HP IV: 49(0%), ATK IV: 49(0%), DEF IV: 83(0%), Work Speed: (0%)
Lifmunk, Level: 4, Rank: 1, Gender: Male, HP IV: 84(0%), ATK IV: 63(0%), DEF IV: 62(0%), Work Speed: (0%), Skills: Impatient
Nox, Level: 6, Rank: 1, Gender: Female, HP IV: 3(0%), ATK IV: 1(0%), DEF IV: 16(0%), Work Speed: (0%), Skills: Mine Foreman
Tanzee, Level: 3, Rank: 1, Gender: Female, HP IV: 13(0%), ATK IV: 97(0%), DEF IV: 45(0%), Work Speed: (0%), Skills: Runner
Tanzee, Level: 4, Rank: 1, Gender: Female, HP IV: 56(0%), ATK IV: 40(0%), DEF IV: 56(0%), Work Speed: (0%), Skills: Vanguard
Teafant, Level: 3, Rank: 1, Gender: Male, HP IV: 12(0%), ATK IV: 64(0%), DEF IV: 7(0%), Work Speed: (0%)
Tombat, Level: 11, Rank: 1, Gender: Male, HP IV: 69(0%), ATK IV: 6(0%), DEF IV: 46(0%), Work Speed: (0%), Skills: Philantropist
