ladiesman217's 3 Pals
---------------------
Cattiva, Level: 5, Rank: 1, Gender: Female, HP IV: 7(0%), ATK IV: 45(0%), DEF IV: 32(0%), Work Speed: (0%), Skills: Coward, Serious
Chikipi, Level: 4, Rank: 1, Gender: Male, HP IV: 42(0%), ATK IV: 71(0%), DEF IV: 23(0%), Work Speed: (0%), Skills: Serenity
Foxparks, Level: 5, Rank: 1, Gender: Male, HP IV: 21(0%), ATK IV: 31(0%), DEF IV: 41(0%), Work Speed: (0%), Skills: Cheery
ladiesman217's 3 Pals
---------------------
Cattiva, Level: 5, Rank: 1, Gender: Female, HP IV: 7(0%), ATK IV: 45(0%), DEF IV: 32(0%), Work Speed: (0%), Skills: Coward, Serious
Chikipi, Level: 4, Rank: 1, Gender: Male, HP IV: 42(0%), ATK IV: 71(0%), DEF IV: 23(0%), Work Speed: (0%), Skills: Serenity
Foxparks, Level: 5, Rank: 1, Gender: Male, HP IV: 21(0%), ATK IV: 31(0%), DEF IV: 41(0%), Work Speed: (0%), Skills: Cheery
ladiesman217's 3 Pals
---------------------
Cattiva, Level: 5, Rank: 1, Gender: Female, HP IV: 7(0%), ATK IV: 45(0%), DEF IV: 32(0%), Work Speed: (0%), Skills: Coward, Serious
Chikipi, Level: 4, Rank: 1, Gender: Male, HP IV: 42(0%), ATK IV: 71(0%), DEF IV: 23(0%), Work Speed: (0%), Skills: Serenity
Foxparks, Level: 5, Rank: 1, Gender: Male, HP IV: 21(0%), ATK IV: 31(0%), DEF IV: 41(0%), Work Speed: (0%), Skills: Cheery
ladiesman217's 3 Pals
---------------------
Cattiva, Level: 5, Rank: 1, Gender: Female, HP IV: 7(0%), ATK IV: 45(0%), DEF IV: 32(0%), Work Speed: (0%), Skills: Coward, Serious
Chikipi, Level: 4, Rank: 1, Gender: Male, HP IV: 42(0%), ATK IV: 71(0%), DEF IV: 23(0%), Work Speed: (0%), Skills: Serenity
Foxparks, Level: 5, Rank: 1, Gender: Male, HP IV: 21(0%), ATK IV: 31(0%), DEF IV: 41(0%), Work Speed: (0%), Skills: Cheery
ladiesman217's 3 Pals
---------------------
Cattiva, Level: 5, Rank: 1, Gender: Female, HP IV: 7(0%), ATK IV: 45(0%), DEF IV: 32(0%), Work Speed: (0%), Skills: Coward, Serious
Chikipi, Level: 4, Rank: 1, Gender: Male, HP IV: 42(0%), ATK IV: 71(0%), DEF IV: 23(0%), Work Speed: (0%), Skills: Serenity
Foxparks, Level: 5, Rank: 1, Gender: Male, HP IV: 21(0%), ATK IV: 31(0%), DEF IV: 41(0%), Work Speed: (0%), Skills: Cheery
ladiesman217's 3 Pals
---------------------
Cattiva, Level: 5, Rank: 1, Gender: Female, HP IV: 7(0%), ATK IV: 45(0%), DEF IV: 32(0%), Work Speed: (0%), Skills: Coward, Serious
Chikipi, Level: 4, Rank: 1, Gender: Male, HP IV: 42(0%), ATK IV: 71(0%), DEF IV: 23(0%), Work Speed: (0%), Skills: Serenity
Foxparks, Level: 5, Rank: 1, Gender: Male, HP IV: 21(0%), ATK IV: 31(0%), DEF IV: 41(0%), Work Speed: (0%), Skills: Cheery
ladiesman217's 3 Pals
---------------------
Cattiva, Level: 5, Rank: 1, Gender: Female, HP IV: 7(0%), ATK IV: 45(0%), DEF IV: 32(0%), Work Speed: (0%), Skills: Coward, Serious
Chikipi, Level: 4, Rank: 1, Gender: Male, HP IV: 42(0%), ATK IV: 71(0%), DEF IV: 23(0%), Work Speed: (0%), Skills: Serenity
Foxparks, Level: 5, Rank: 1, Gender: Male, HP IV: 21(0%), ATK IV: 31(0%), DEF IV: 41(0%), Work Speed: (0%), Skills: Cheery
ladiesman217's 3 Pals
---------------------
Cattiva, Level: 5, Rank: 1, Gender: Female, HP IV: 7(0%), ATK IV: 45(0%), DEF IV: 32(0%), Work Speed: (0%), Skills: Coward, Serious
Chikipi, Level: 4, Rank: 1, Gender: Male, HP IV: 42(0%), ATK IV: 71(0%), DEF IV: 23(0%), Work Speed: (0%), Skills: Serenity
Foxparks, Level: 5, Rank: 1, Gender: Male, HP IV: 21(0%), ATK IV: 31(0%), DEF IV: 41(0%), Work Speed: (0%), Skills: Cheery
ladiesman217's 3 Pals
---------------------
Cattiva, Level: 5, Rank: 1, Gender: Female, HP IV: 7(0%), ATK IV: 45(0%), DEF IV: 32(0%), Work Speed: (0%), Skills: Coward, Serious
Chikipi, Level: 4, Rank: 1, Gender: Male, HP IV: 42(0%), ATK IV: 71(0%), DEF IV: 23(0%), Work Speed: (0%), Skills: Serenity
Foxparks, Level: 5, Rank: 1, Gender: Male, HP IV: 21(0%), ATK IV: 31(0%), DEF IV: 41(0%), Work Speed: (0%), Skills: Cheery
ladiesman217's 3 Pals
---------------------
Cattiva, Level: 5, Rank: 1, Gender: Female, HP IV: 7(0%), ATK IV: 45(0%), DEF IV: 32(0%), Work Speed: (0%), Skills: Coward, Serious
Chikipi, Level: 4, Rank: 1, Gender: Male, HP IV: 42(0%), ATK IV: 71(0%), DEF IV: 23(0%), Work Speed: (0%), Skills: Serenity
Foxparks, Level: 5, Rank: 1, Gender: Male, HP IV: 21(0%), ATK IV: 31(0%), DEF IV: 41(0%), Work Speed: (0%), Skills: Cheery
ladiesman217's 3 Pals
---------------------
Cattiva, Level: 5, Rank: 1, Gender: Female, HP IV: 7(0%), ATK IV: 45(0%), DEF IV: 32(0%), Work Speed: (0%), Skills: Coward, Serious
Chikipi, Level: 4, Rank: 1, Gender: Male, HP IV: 42(0%), ATK IV: 71(0%), DEF IV: 23(0%), Work Speed: (0%), Skills: Serenity
Foxparks, Level: 5, Rank: 1, Gender: Male, HP IV: 21(0%), ATK IV: 31(0%), DEF IV: 41(0%), Work Speed: (0%), Skills: Cheery
ladiesman217's 3 Pals
---------------------
Cattiva, Level: 5, Rank: 1, Gender: Female, HP IV: 7(0%), ATK IV: 45(0%), DEF IV: 32(0%), Work Speed: (0%), Skills: Coward, Serious
Chikipi, Level: 4, Rank: 1, Gender: Male, HP IV: 42(0%), ATK IV: 71(0%), DEF IV: 23(0%), Work Speed: (0%), Skills: Serenity
Foxparks, Level: 5, Rank: 1, Gender: Male, HP IV: 21(0%), ATK IV: 31(0%), DEF IV: 41(0%), Work Speed: (0%), Skills: Cheery
ladiesman217's 3 Pals
---------------------
Cattiva, Level: 5, Rank: 1, Gender: Female, HP IV: 7(0%), ATK IV: 45(0%), DEF IV: 32(0%), Work Speed: (0%), Skills: Coward, Serious
Chikipi, Level: 4, Rank: 1, Gender: Male, HP IV: 42(0%), ATK IV: 71(0%), DEF IV: 23(0%), Work Speed: (0%), Skills: Serenity
Foxparks, Level: 5, Rank: 1, Gender: Male, HP IV: 21(0%), ATK IV: 31(0%), DEF IV: 41(0%), Work Speed: (0%), Skills: Cheery
ladiesman217's 3 Pals
---------------------
Cattiva, Level: 5, Rank: 1, Gender: Female, HP IV: 7(0%), ATK IV: 45(0%), DEF IV: 32(0%), Work Speed: (0%), Skills: Coward, Serious
Chikipi, Level: 4, Rank: 1, Gender: Male, HP IV: 42(0%), ATK IV: 71(0%), DEF IV: 23(0%), Work Speed: (0%), Skills: Serenity
Foxparks, Level: 5, Rank: 1, Gender: Male, HP IV: 21(0%), ATK IV: 31(0%), DEF IV: 41(0%), Work Speed: (0%), Skills: Cheery
