Ladelle's 4 Pals
----------------
Cremis, Level: 6, Rank: 1, Gender: Male, HP IV: 97(0%), ATK IV: 93(0%), DEF IV: 25(0%), Work Speed: (0%)
Depresso, Level: 6, Rank: 1, Gender: Female, HP IV: 59(0%), ATK IV: 43(0%), DEF IV: 59(0%), Work Speed: (0%), Skills: Infinite Stamina
Ribbuny, Level: 5, Rank: 1, Gender: Male, HP IV: 99(0%), ATK IV: 70(0%), DEF IV: 82(0%), Work Speed: (0%), Skills: Coldblooded
Tanzee, Level: 6, Rank: 1, Gender: Female, HP IV: 93(0%), ATK IV: 78(0%), DEF IV: 47(0%), Work Speed: (0%), Skills: Ferocious
Ladelle's 4 Pals
----------------
Cremis, Level: 6, Rank: 1, Gender: Male, HP IV: 97(0%), ATK IV: 93(0%), DEF IV: 25(0%), Work Speed: (0%)
Depresso, Level: 6, Rank: 1, Gender: Female, HP IV: 59(0%), ATK IV: 43(0%), DEF IV: 59(0%), Work Speed: (0%), Skills: Infinite Stamina
Ribbuny, Level: 5, Rank: 1, Gender: Male, HP IV: 99(0%), ATK IV: 70(0%), DEF IV: 82(0%), Work Speed: (0%), Skills: Coldblooded
Tanzee, Level: 6, Rank: 1, Gender: Female, HP IV: 93(0%), ATK IV: 78(0%), DEF IV: 47(0%), Work Speed: (0%), Skills: Ferocious
Ladelle's 4 Pals
----------------
Cremis, Level: 6, Rank: 1, Gender: Male, HP IV: 97(0%), ATK IV: 93(0%), DEF IV: 25(0%), Work Speed: (0%)
Depresso, Level: 6, Rank: 1, Gender: Female, HP IV: 59(0%), ATK IV: 43(0%), DEF IV: 59(0%), Work Speed: (0%), Skills: Infinite Stamina
Ribbuny, Level: 5, Rank: 1, Gender: Male, HP IV: 99(0%), ATK IV: 70(0%), DEF IV: 82(0%), Work Speed: (0%), Skills: Coldblooded
Tanzee, Level: 6, Rank: 1, Gender: Female, HP IV: 93(0%), ATK IV: 78(0%), DEF IV: 47(0%), Work Speed: (0%), Skills: Ferocious
Ladelle's 4 Pals
----------------
Cremis, Level: 6, Rank: 1, Gender: Male, HP IV: 97(0%), ATK IV: 93(0%), DEF IV: 25(0%), Work Speed: (0%)
Depresso, Level: 6, Rank: 1, Gender: Female, HP IV: 59(0%), ATK IV: 43(0%), DEF IV: 59(0%), Work Speed: (0%), Skills: Infinite Stamina
Ribbuny, Level: 5, Rank: 1, Gender: Male, HP IV: 99(0%), ATK IV: 70(0%), DEF IV: 82(0%), Work Speed: (0%), Skills: Coldblooded
Tanzee, Level: 6, Rank: 1, Gender: Female, HP IV: 93(0%), ATK IV: 78(0%), DEF IV: 47(0%), Work Speed: (0%), Skills: Ferocious
Ladelle's 4 Pals
----------------
Cremis, Level: 6, Rank: 1, Gender: Male, HP IV: 97(0%), ATK IV: 93(0%), DEF IV: 25(0%), Work Speed: (0%)
Depresso, Level: 6, Rank: 1, Gender: Female, HP IV: 59(0%), ATK IV: 43(0%), DEF IV: 59(0%), Work Speed: (0%), Skills: Infinite Stamina
Ribbuny, Level: 5, Rank: 1, Gender: Male, HP IV: 99(0%), ATK IV: 70(0%), DEF IV: 82(0%), Work Speed: (0%), Skills: Coldblooded
Tanzee, Level: 6, Rank: 1, Gender: Female, HP IV: 93(0%), ATK IV: 78(0%), DEF IV: 47(0%), Work Speed: (0%), Skills: Ferocious
Ladelle's 4 Pals
----------------
Cremis, Level: 6, Rank: 1, Gender: Male, HP IV: 97(0%), ATK IV: 93(0%), DEF IV: 25(0%), Work Speed: (0%)
Depresso, Level: 6, Rank: 1, Gender: Female, HP IV: 59(0%), ATK IV: 43(0%), DEF IV: 59(0%), Work Speed: (0%), Skills: Infinite Stamina
Ribbuny, Level: 5, Rank: 1, Gender: Male, HP IV: 99(0%), ATK IV: 70(0%), DEF IV: 82(0%), Work Speed: (0%), Skills: Coldblooded
Tanzee, Level: 6, Rank: 1, Gender: Female, HP IV: 93(0%), ATK IV: 78(0%), DEF IV: 47(0%), Work Speed: (0%), Skills: Ferocious
Ladelle's 4 Pals
----------------
Cremis, Level: 6, Rank: 1, Gender: Male, HP IV: 97(0%), ATK IV: 93(0%), DEF IV: 25(0%), Work Speed: (0%)
Depresso, Level: 6, Rank: 1, Gender: Female, HP IV: 59(0%), ATK IV: 43(0%), DEF IV: 59(0%), Work Speed: (0%), Skills: Infinite Stamina
Ribbuny, Level: 5, Rank: 1, Gender: Male, HP IV: 99(0%), ATK IV: 70(0%), DEF IV: 82(0%), Work Speed: (0%), Skills: Coldblooded
Tanzee, Level: 6, Rank: 1, Gender: Female, HP IV: 93(0%), ATK IV: 78(0%), DEF IV: 47(0%), Work Speed: (0%), Skills: Ferocious
Ladelle's 4 Pals
----------------
Cremis, Level: 6, Rank: 1, Gender: Male, HP IV: 97(0%), ATK IV: 93(0%), DEF IV: 25(0%), Work Speed: (0%)
Depresso, Level: 6, Rank: 1, Gender: Female, HP IV: 59(0%), ATK IV: 43(0%), DEF IV: 59(0%), Work Speed: (0%), Skills: Infinite Stamina
Ribbuny, Level: 5, Rank: 1, Gender: Male, HP IV: 99(0%), ATK IV: 70(0%), DEF IV: 82(0%), Work Speed: (0%), Skills: Coldblooded
Tanzee, Level: 6, Rank: 1, Gender: Female, HP IV: 93(0%), ATK IV: 78(0%), DEF IV: 47(0%), Work Speed: (0%), Skills: Ferocious
Ladelle's 4 Pals
----------------
Cremis, Level: 6, Rank: 1, Gender: Male, HP IV: 97(0%), ATK IV: 93(0%), DEF IV: 25(0%), Work Speed: (0%)
Depresso, Level: 6, Rank: 1, Gender: Female, HP IV: 59(0%), ATK IV: 43(0%), DEF IV: 59(0%), Work Speed: (0%), Skills: Infinite Stamina
Ribbuny, Level: 5, Rank: 1, Gender: Male, HP IV: 99(0%), ATK IV: 70(0%), DEF IV: 82(0%), Work Speed: (0%), Skills: Coldblooded
Tanzee, Level: 6, Rank: 1, Gender: Female, HP IV: 93(0%), ATK IV: 78(0%), DEF IV: 47(0%), Work Speed: (0%), Skills: Ferocious
Ladelle's 4 Pals
----------------
Cremis, Level: 6, Rank: 1, Gender: Male, HP IV: 97(0%), ATK IV: 93(0%), DEF IV: 25(0%), Work Speed: (0%)
Depresso, Level: 6, Rank: 1, Gender: Female, HP IV: 59(0%), ATK IV: 43(0%), DEF IV: 59(0%), Work Speed: (0%), Skills: Infinite Stamina
Ribbuny, Level: 5, Rank: 1, Gender: Male, HP IV: 99(0%), ATK IV: 70(0%), DEF IV: 82(0%), Work Speed: (0%), Skills: Coldblooded
Tanzee, Level: 6, Rank: 1, Gender: Female, HP IV: 93(0%), ATK IV: 78(0%), DEF IV: 47(0%), Work Speed: (0%), Skills: Ferocious
Ladelle's 4 Pals
----------------
Cremis, Level: 6, Rank: 1, Gender: Male, HP IV: 97(0%), ATK IV: 93(0%), DEF IV: 25(0%), Work Speed: (0%)
Depresso, Level: 6, Rank: 1, Gender: Female, HP IV: 59(0%), ATK IV: 43(0%), DEF IV: 59(0%), Work Speed: (0%), Skills: Infinite Stamina
Ribbuny, Level: 5, Rank: 1, Gender: Male, HP IV: 99(0%), ATK IV: 70(0%), DEF IV: 82(0%), Work Speed: (0%), Skills: Coldblooded
Tanzee, Level: 6, Rank: 1, Gender: Female, HP IV: 93(0%), ATK IV: 78(0%), DEF IV: 47(0%), Work Speed: (0%), Skills: Ferocious
Ladelle's 4 Pals
----------------
Cremis, Level: 6, Rank: 1, Gender: Male, HP IV: 97(0%), ATK IV: 93(0%), DEF IV: 25(0%), Work Speed: (0%)
Depresso, Level: 6, Rank: 1, Gender: Female, HP IV: 59(0%), ATK IV: 43(0%), DEF IV: 59(0%), Work Speed: (0%), Skills: Infinite Stamina
Ribbuny, Level: 5, Rank: 1, Gender: Male, HP IV: 99(0%), ATK IV: 70(0%), DEF IV: 82(0%), Work Speed: (0%), Skills: Coldblooded
Tanzee, Level: 6, Rank: 1, Gender: Female, HP IV: 93(0%), ATK IV: 78(0%), DEF IV: 47(0%), Work Speed: (0%), Skills: Ferocious
Ladelle's 4 Pals
----------------
Cremis, Level: 6, Rank: 1, Gender: Male, HP IV: 97(0%), ATK IV: 93(0%), DEF IV: 25(0%), Work Speed: (0%)
Depresso, Level: 6, Rank: 1, Gender: Female, HP IV: 59(0%), ATK IV: 43(0%), DEF IV: 59(0%), Work Speed: (0%), Skills: Infinite Stamina
Ribbuny, Level: 5, Rank: 1, Gender: Male, HP IV: 99(0%), ATK IV: 70(0%), DEF IV: 82(0%), Work Speed: (0%), Skills: Coldblooded
Tanzee, Level: 6, Rank: 1, Gender: Female, HP IV: 93(0%), ATK IV: 78(0%), DEF IV: 47(0%), Work Speed: (0%), Skills: Ferocious
Ladelle's 4 Pals
----------------
Cremis, Level: 6, Rank: 1, Gender: Male, HP IV: 97(0%), ATK IV: 93(0%), DEF IV: 25(0%), Work Speed: (0%)
Depresso, Level: 6, Rank: 1, Gender: Female, HP IV: 59(0%), ATK IV: 43(0%), DEF IV: 59(0%), Work Speed: (0%), Skills: Infinite Stamina
Ribbuny, Level: 5, Rank: 1, Gender: Male, HP IV: 99(0%), ATK IV: 70(0%), DEF IV: 82(0%), Work Speed: (0%), Skills: Coldblooded
Tanzee, Level: 6, Rank: 1, Gender: Female, HP IV: 93(0%), ATK IV: 78(0%), DEF IV: 47(0%), Work Speed: (0%), Skills: Ferocious
