LeAFy's 12 Pals
---------------
Cattiva, Level: 3, Rank: 1, Gender: Male, HP IV: 61(0%), ATK IV: 19(0%), DEF IV: 31(0%), Work Speed: (0%), Skills: Coward, Brittle
Cattiva, Level: 4, Rank: 1, Gender: Male, HP IV: 46(0%), ATK IV: 75(0%), DEF IV: 79(0%), Work Speed: (0%), Skills: Coward, Aggressive
Cattiva, Level: 8, Rank: 1, Gender: Female, HP IV: 78(0%), ATK IV: 80(0%), DEF IV: 36(0%), Work Speed: (0%), Skills: Coward, Fine Furs
Daedream, Level: 8, Rank: 1, Gender: Female, HP IV: 26(0%), ATK IV: 82(0%), DEF IV: 60(0%), Work Speed: (0%), Skills: Infinite Stamina, Clumsy, Serenity
Daedream, Level: 8, Rank: 1, Gender: Male, HP IV: 37(0%), ATK IV: 34(0%), DEF IV: 17(0%), Work Speed: (0%), Skills: Swift
Daedream, Level: 8, Rank: 1, Gender: Male, HP IV: 48(0%), ATK IV: 8(0%), DEF IV: 48(0%), Work Speed: (0%), Skills: Brittle
Foxparks, Level: 8, Rank: 1, Gender: Male, HP IV: 22(0%), ATK IV: 29(0%), DEF IV: 20(0%), Work Speed: (0%), Skills: Runner
Hoocrates, Level: 5, Rank: 1, Gender: Female, HP IV: 4(0%), ATK IV: 58(0%), DEF IV: 48(0%), Work Speed: (0%), Skills: Sickly
Lamball, Level: 8, Rank: 1, Gender: Female, HP IV: 74(0%), ATK IV: 80(0%), DEF IV: 51(0%), Work Speed: (0%)
Lamball, Level: 9, Rank: 1, Gender: Female, HP IV: 7(0%), ATK IV: 68(0%), DEF IV: 81(0%), Work Speed: (0%), Skills: Diet Lover, Sadist
Lifmunk, Level: 8, Rank: 1, Gender: Male, HP IV: 91(0%), ATK IV: 58(0%), DEF IV: 62(0%), Work Speed: (0%), Skills: Hydromaniac
Tanzee, Level: 4, Rank: 1, Gender: Male, HP IV: 81(0%), ATK IV: 88(0%), DEF IV: 58(0%), Work Speed: (0%), Skills: Pacifist
LeAFy's 12 Pals
---------------
Cattiva, Level: 3, Rank: 1, Gender: Male, HP IV: 61(0%), ATK IV: 19(0%), DEF IV: 31(0%), Work Speed: (0%), Skills: Coward, Brittle
Cattiva, Level: 4, Rank: 1, Gender: Male, HP IV: 46(0%), ATK IV: 75(0%), DEF IV: 79(0%), Work Speed: (0%), Skills: Coward, Aggressive
Cattiva, Level: 8, Rank: 1, Gender: Female, HP IV: 78(0%), ATK IV: 80(0%), DEF IV: 36(0%), Work Speed: (0%), Skills: Coward, Fine Furs
Daedream, Level: 8, Rank: 1, Gender: Female, HP IV: 26(0%), ATK IV: 82(0%), DEF IV: 60(0%), Work Speed: (0%), Skills: Infinite Stamina, Clumsy, Serenity
Daedream, Level: 8, Rank: 1, Gender: Male, HP IV: 37(0%), ATK IV: 34(0%), DEF IV: 17(0%), Work Speed: (0%), Skills: Swift
Daedream, Level: 8, Rank: 1, Gender: Male, HP IV: 48(0%), ATK IV: 8(0%), DEF IV: 48(0%), Work Speed: (0%), Skills: Brittle
Foxparks, Level: 8, Rank: 1, Gender: Male, HP IV: 22(0%), ATK IV: 29(0%), DEF IV: 20(0%), Work Speed: (0%), Skills: Runner
Hoocrates, Level: 5, Rank: 1, Gender: Female, HP IV: 4(0%), ATK IV: 58(0%), DEF IV: 48(0%), Work Speed: (0%), Skills: Sickly
Lamball, Level: 8, Rank: 1, Gender: Female, HP IV: 74(0%), ATK IV: 80(0%), DEF IV: 51(0%), Work Speed: (0%)
Lamball, Level: 9, Rank: 1, Gender: Female, HP IV: 7(0%), ATK IV: 68(0%), DEF IV: 81(0%), Work Speed: (0%), Skills: Diet Lover, Sadist
Lifmunk, Level: 8, Rank: 1, Gender: Male, HP IV: 91(0%), ATK IV: 58(0%), DEF IV: 62(0%), Work Speed: (0%), Skills: Hydromaniac
Tanzee, Level: 4, Rank: 1, Gender: Male, HP IV: 81(0%), ATK IV: 88(0%), DEF IV: 58(0%), Work Speed: (0%), Skills: Pacifist
LeAFy's 12 Pals
---------------
Cattiva, Level: 3, Rank: 1, Gender: Male, HP IV: 61(0%), ATK IV: 19(0%), DEF IV: 31(0%), Work Speed: (0%), Skills: Coward, Brittle
Cattiva, Level: 4, Rank: 1, Gender: Male, HP IV: 46(0%), ATK IV: 75(0%), DEF IV: 79(0%), Work Speed: (0%), Skills: Coward, Aggressive
Cattiva, Level: 8, Rank: 1, Gender: Female, HP IV: 78(0%), ATK IV: 80(0%), DEF IV: 36(0%), Work Speed: (0%), Skills: Coward, Fine Furs
Daedream, Level: 8, Rank: 1, Gender: Female, HP IV: 26(0%), ATK IV: 82(0%), DEF IV: 60(0%), Work Speed: (0%), Skills: Infinite Stamina, Clumsy, Serenity
Daedream, Level: 8, Rank: 1, Gender: Male, HP IV: 37(0%), ATK IV: 34(0%), DEF IV: 17(0%), Work Speed: (0%), Skills: Swift
Daedream, Level: 8, Rank: 1, Gender: Male, HP IV: 48(0%), ATK IV: 8(0%), DEF IV: 48(0%), Work Speed: (0%), Skills: Brittle
Foxparks, Level: 8, Rank: 1, Gender: Male, HP IV: 22(0%), ATK IV: 29(0%), DEF IV: 20(0%), Work Speed: (0%), Skills: Runner
Hoocrates, Level: 5, Rank: 1, Gender: Female, HP IV: 4(0%), ATK IV: 58(0%), DEF IV: 48(0%), Work Speed: (0%), Skills: Sickly
Lamball, Level: 8, Rank: 1, Gender: Female, HP IV: 74(0%), ATK IV: 80(0%), DEF IV: 51(0%), Work Speed: (0%)
Lamball, Level: 9, Rank: 1, Gender: Female, HP IV: 7(0%), ATK IV: 68(0%), DEF IV: 81(0%), Work Speed: (0%), Skills: Diet Lover, Sadist
Lifmunk, Level: 8, Rank: 1, Gender: Male, HP IV: 91(0%), ATK IV: 58(0%), DEF IV: 62(0%), Work Speed: (0%), Skills: Hydromaniac
Tanzee, Level: 4, Rank: 1, Gender: Male, HP IV: 81(0%), ATK IV: 88(0%), DEF IV: 58(0%), Work Speed: (0%), Skills: Pacifist
LeAFy's 12 Pals
---------------
Cattiva, Level: 3, Rank: 1, Gender: Male, HP IV: 61(0%), ATK IV: 19(0%), DEF IV: 31(0%), Work Speed: (0%), Skills: Coward, Brittle
Cattiva, Level: 4, Rank: 1, Gender: Male, HP IV: 46(0%), ATK IV: 75(0%), DEF IV: 79(0%), Work Speed: (0%), Skills: Coward, Aggressive
Cattiva, Level: 8, Rank: 1, Gender: Female, HP IV: 78(0%), ATK IV: 80(0%), DEF IV: 36(0%), Work Speed: (0%), Skills: Coward, Fine Furs
Daedream, Level: 8, Rank: 1, Gender: Female, HP IV: 26(0%), ATK IV: 82(0%), DEF IV: 60(0%), Work Speed: (0%), Skills: Infinite Stamina, Clumsy, Serenity
Daedream, Level: 8, Rank: 1, Gender: Male, HP IV: 37(0%), ATK IV: 34(0%), DEF IV: 17(0%), Work Speed: (0%), Skills: Swift
Daedream, Level: 8, Rank: 1, Gender: Male, HP IV: 48(0%), ATK IV: 8(0%), DEF IV: 48(0%), Work Speed: (0%), Skills: Brittle
Foxparks, Level: 8, Rank: 1, Gender: Male, HP IV: 22(0%), ATK IV: 29(0%), DEF IV: 20(0%), Work Speed: (0%), Skills: Runner
Hoocrates, Level: 5, Rank: 1, Gender: Female, HP IV: 4(0%), ATK IV: 58(0%), DEF IV: 48(0%), Work Speed: (0%), Skills: Sickly
Lamball, Level: 8, Rank: 1, Gender: Female, HP IV: 74(0%), ATK IV: 80(0%), DEF IV: 51(0%), Work Speed: (0%)
Lamball, Level: 9, Rank: 1, Gender: Female, HP IV: 7(0%), ATK IV: 68(0%), DEF IV: 81(0%), Work Speed: (0%), Skills: Diet Lover, Sadist
Lifmunk, Level: 8, Rank: 1, Gender: Male, HP IV: 91(0%), ATK IV: 58(0%), DEF IV: 62(0%), Work Speed: (0%), Skills: Hydromaniac
Tanzee, Level: 4, Rank: 1, Gender: Male, HP IV: 81(0%), ATK IV: 88(0%), DEF IV: 58(0%), Work Speed: (0%), Skills: Pacifist
LeAFy's 12 Pals
---------------
Cattiva, Level: 3, Rank: 1, Gender: Male, HP IV: 61(0%), ATK IV: 19(0%), DEF IV: 31(0%), Work Speed: (0%), Skills: Coward, Brittle
Cattiva, Level: 4, Rank: 1, Gender: Male, HP IV: 46(0%), ATK IV: 75(0%), DEF IV: 79(0%), Work Speed: (0%), Skills: Coward, Aggressive
Cattiva, Level: 8, Rank: 1, Gender: Female, HP IV: 78(0%), ATK IV: 80(0%), DEF IV: 36(0%), Work Speed: (0%), Skills: Coward, Fine Furs
Daedream, Level: 8, Rank: 1, Gender: Female, HP IV: 26(0%), ATK IV: 82(0%), DEF IV: 60(0%), Work Speed: (0%), Skills: Infinite Stamina, Clumsy, Serenity
Daedream, Level: 8, Rank: 1, Gender: Male, HP IV: 37(0%), ATK IV: 34(0%), DEF IV: 17(0%), Work Speed: (0%), Skills: Swift
Daedream, Level: 8, Rank: 1, Gender: Male, HP IV: 48(0%), ATK IV: 8(0%), DEF IV: 48(0%), Work Speed: (0%), Skills: Brittle
Foxparks, Level: 8, Rank: 1, Gender: Male, HP IV: 22(0%), ATK IV: 29(0%), DEF IV: 20(0%), Work Speed: (0%), Skills: Runner
Hoocrates, Level: 5, Rank: 1, Gender: Female, HP IV: 4(0%), ATK IV: 58(0%), DEF IV: 48(0%), Work Speed: (0%), Skills: Sickly
Lamball, Level: 8, Rank: 1, Gender: Female, HP IV: 74(0%), ATK IV: 80(0%), DEF IV: 51(0%), Work Speed: (0%)
Lamball, Level: 9, Rank: 1, Gender: Female, HP IV: 7(0%), ATK IV: 68(0%), DEF IV: 81(0%), Work Speed: (0%), Skills: Diet Lover, Sadist
Lifmunk, Level: 8, Rank: 1, Gender: Male, HP IV: 91(0%), ATK IV: 58(0%), DEF IV: 62(0%), Work Speed: (0%), Skills: Hydromaniac
Tanzee, Level: 4, Rank: 1, Gender: Male, HP IV: 81(0%), ATK IV: 88(0%), DEF IV: 58(0%), Work Speed: (0%), Skills: Pacifist
LeAFy's 12 Pals
---------------
Cattiva, Level: 3, Rank: 1, Gender: Male, HP IV: 61(0%), ATK IV: 19(0%), DEF IV: 31(0%), Work Speed: (0%), Skills: Coward, Brittle
Cattiva, Level: 4, Rank: 1, Gender: Male, HP IV: 46(0%), ATK IV: 75(0%), DEF IV: 79(0%), Work Speed: (0%), Skills: Coward, Aggressive
Cattiva, Level: 8, Rank: 1, Gender: Female, HP IV: 78(0%), ATK IV: 80(0%), DEF IV: 36(0%), Work Speed: (0%), Skills: Coward, Fine Furs
Daedream, Level: 8, Rank: 1, Gender: Female, HP IV: 26(0%), ATK IV: 82(0%), DEF IV: 60(0%), Work Speed: (0%), Skills: Infinite Stamina, Clumsy, Serenity
Daedream, Level: 8, Rank: 1, Gender: Male, HP IV: 37(0%), ATK IV: 34(0%), DEF IV: 17(0%), Work Speed: (0%), Skills: Swift
Daedream, Level: 8, Rank: 1, Gender: Male, HP IV: 48(0%), ATK IV: 8(0%), DEF IV: 48(0%), Work Speed: (0%), Skills: Brittle
Foxparks, Level: 8, Rank: 1, Gender: Male, HP IV: 22(0%), ATK IV: 29(0%), DEF IV: 20(0%), Work Speed: (0%), Skills: Runner
Hoocrates, Level: 5, Rank: 1, Gender: Female, HP IV: 4(0%), ATK IV: 58(0%), DEF IV: 48(0%), Work Speed: (0%), Skills: Sickly
Lamball, Level: 8, Rank: 1, Gender: Female, HP IV: 74(0%), ATK IV: 80(0%), DEF IV: 51(0%), Work Speed: (0%)
Lamball, Level: 9, Rank: 1, Gender: Female, HP IV: 7(0%), ATK IV: 68(0%), DEF IV: 81(0%), Work Speed: (0%), Skills: Diet Lover, Sadist
Lifmunk, Level: 8, Rank: 1, Gender: Male, HP IV: 91(0%), ATK IV: 58(0%), DEF IV: 62(0%), Work Speed: (0%), Skills: Hydromaniac
Tanzee, Level: 4, Rank: 1, Gender: Male, HP IV: 81(0%), ATK IV: 88(0%), DEF IV: 58(0%), Work Speed: (0%), Skills: Pacifist
LeAFy's 12 Pals
---------------
Cattiva, Level: 3, Rank: 1, Gender: Male, HP IV: 61(0%), ATK IV: 19(0%), DEF IV: 31(0%), Work Speed: (0%), Skills: Coward, Brittle
Cattiva, Level: 4, Rank: 1, Gender: Male, HP IV: 46(0%), ATK IV: 75(0%), DEF IV: 79(0%), Work Speed: (0%), Skills: Coward, Aggressive
Cattiva, Level: 8, Rank: 1, Gender: Female, HP IV: 78(0%), ATK IV: 80(0%), DEF IV: 36(0%), Work Speed: (0%), Skills: Coward, Fine Furs
Daedream, Level: 8, Rank: 1, Gender: Female, HP IV: 26(0%), ATK IV: 82(0%), DEF IV: 60(0%), Work Speed: (0%), Skills: Infinite Stamina, Clumsy, Serenity
Daedream, Level: 8, Rank: 1, Gender: Male, HP IV: 37(0%), ATK IV: 34(0%), DEF IV: 17(0%), Work Speed: (0%), Skills: Swift
Daedream, Level: 8, Rank: 1, Gender: Male, HP IV: 48(0%), ATK IV: 8(0%), DEF IV: 48(0%), Work Speed: (0%), Skills: Brittle
Foxparks, Level: 8, Rank: 1, Gender: Male, HP IV: 22(0%), ATK IV: 29(0%), DEF IV: 20(0%), Work Speed: (0%), Skills: Runner
Hoocrates, Level: 5, Rank: 1, Gender: Female, HP IV: 4(0%), ATK IV: 58(0%), DEF IV: 48(0%), Work Speed: (0%), Skills: Sickly
Lamball, Level: 8, Rank: 1, Gender: Female, HP IV: 74(0%), ATK IV: 80(0%), DEF IV: 51(0%), Work Speed: (0%)
Lamball, Level: 9, Rank: 1, Gender: Female, HP IV: 7(0%), ATK IV: 68(0%), DEF IV: 81(0%), Work Speed: (0%), Skills: Diet Lover, Sadist
Lifmunk, Level: 8, Rank: 1, Gender: Male, HP IV: 91(0%), ATK IV: 58(0%), DEF IV: 62(0%), Work Speed: (0%), Skills: Hydromaniac
Tanzee, Level: 4, Rank: 1, Gender: Male, HP IV: 81(0%), ATK IV: 88(0%), DEF IV: 58(0%), Work Speed: (0%), Skills: Pacifist
LeAFy's 12 Pals
---------------
Cattiva, Level: 3, Rank: 1, Gender: Male, HP IV: 61(0%), ATK IV: 19(0%), DEF IV: 31(0%), Work Speed: (0%), Skills: Coward, Brittle
Cattiva, Level: 4, Rank: 1, Gender: Male, HP IV: 46(0%), ATK IV: 75(0%), DEF IV: 79(0%), Work Speed: (0%), Skills: Coward, Aggressive
Cattiva, Level: 8, Rank: 1, Gender: Female, HP IV: 78(0%), ATK IV: 80(0%), DEF IV: 36(0%), Work Speed: (0%), Skills: Coward, Fine Furs
Daedream, Level: 8, Rank: 1, Gender: Female, HP IV: 26(0%), ATK IV: 82(0%), DEF IV: 60(0%), Work Speed: (0%), Skills: Infinite Stamina, Clumsy, Serenity
Daedream, Level: 8, Rank: 1, Gender: Male, HP IV: 37(0%), ATK IV: 34(0%), DEF IV: 17(0%), Work Speed: (0%), Skills: Swift
Daedream, Level: 8, Rank: 1, Gender: Male, HP IV: 48(0%), ATK IV: 8(0%), DEF IV: 48(0%), Work Speed: (0%), Skills: Brittle
Foxparks, Level: 8, Rank: 1, Gender: Male, HP IV: 22(0%), ATK IV: 29(0%), DEF IV: 20(0%), Work Speed: (0%), Skills: Runner
Hoocrates, Level: 5, Rank: 1, Gender: Female, HP IV: 4(0%), ATK IV: 58(0%), DEF IV: 48(0%), Work Speed: (0%), Skills: Sickly
Lamball, Level: 8, Rank: 1, Gender: Female, HP IV: 74(0%), ATK IV: 80(0%), DEF IV: 51(0%), Work Speed: (0%)
Lamball, Level: 9, Rank: 1, Gender: Female, HP IV: 7(0%), ATK IV: 68(0%), DEF IV: 81(0%), Work Speed: (0%), Skills: Diet Lover, Sadist
Lifmunk, Level: 8, Rank: 1, Gender: Male, HP IV: 91(0%), ATK IV: 58(0%), DEF IV: 62(0%), Work Speed: (0%), Skills: Hydromaniac
Tanzee, Level: 4, Rank: 1, Gender: Male, HP IV: 81(0%), ATK IV: 88(0%), DEF IV: 58(0%), Work Speed: (0%), Skills: Pacifist
LeAFy's 12 Pals
---------------
Cattiva, Level: 3, Rank: 1, Gender: Male, HP IV: 61(0%), ATK IV: 19(0%), DEF IV: 31(0%), Work Speed: (0%), Skills: Coward, Brittle
Cattiva, Level: 4, Rank: 1, Gender: Male, HP IV: 46(0%), ATK IV: 75(0%), DEF IV: 79(0%), Work Speed: (0%), Skills: Coward, Aggressive
Cattiva, Level: 8, Rank: 1, Gender: Female, HP IV: 78(0%), ATK IV: 80(0%), DEF IV: 36(0%), Work Speed: (0%), Skills: Coward, Fine Furs
Daedream, Level: 8, Rank: 1, Gender: Female, HP IV: 26(0%), ATK IV: 82(0%), DEF IV: 60(0%), Work Speed: (0%), Skills: Infinite Stamina, Clumsy, Serenity
Daedream, Level: 8, Rank: 1, Gender: Male, HP IV: 37(0%), ATK IV: 34(0%), DEF IV: 17(0%), Work Speed: (0%), Skills: Swift
Daedream, Level: 8, Rank: 1, Gender: Male, HP IV: 48(0%), ATK IV: 8(0%), DEF IV: 48(0%), Work Speed: (0%), Skills: Brittle
Foxparks, Level: 8, Rank: 1, Gender: Male, HP IV: 22(0%), ATK IV: 29(0%), DEF IV: 20(0%), Work Speed: (0%), Skills: Runner
Hoocrates, Level: 5, Rank: 1, Gender: Female, HP IV: 4(0%), ATK IV: 58(0%), DEF IV: 48(0%), Work Speed: (0%), Skills: Sickly
Lamball, Level: 8, Rank: 1, Gender: Female, HP IV: 74(0%), ATK IV: 80(0%), DEF IV: 51(0%), Work Speed: (0%)
Lamball, Level: 9, Rank: 1, Gender: Female, HP IV: 7(0%), ATK IV: 68(0%), DEF IV: 81(0%), Work Speed: (0%), Skills: Diet Lover, Sadist
Lifmunk, Level: 8, Rank: 1, Gender: Male, HP IV: 91(0%), ATK IV: 58(0%), DEF IV: 62(0%), Work Speed: (0%), Skills: Hydromaniac
Tanzee, Level: 4, Rank: 1, Gender: Male, HP IV: 81(0%), ATK IV: 88(0%), DEF IV: 58(0%), Work Speed: (0%), Skills: Pacifist
LeAFy's 12 Pals
---------------
Cattiva, Level: 3, Rank: 1, Gender: Male, HP IV: 61(0%), ATK IV: 19(0%), DEF IV: 31(0%), Work Speed: (0%), Skills: Coward, Brittle
Cattiva, Level: 4, Rank: 1, Gender: Male, HP IV: 46(0%), ATK IV: 75(0%), DEF IV: 79(0%), Work Speed: (0%), Skills: Coward, Aggressive
Cattiva, Level: 8, Rank: 1, Gender: Female, HP IV: 78(0%), ATK IV: 80(0%), DEF IV: 36(0%), Work Speed: (0%), Skills: Coward, Fine Furs
Daedream, Level: 8, Rank: 1, Gender: Female, HP IV: 26(0%), ATK IV: 82(0%), DEF IV: 60(0%), Work Speed: (0%), Skills: Infinite Stamina, Clumsy, Serenity
Daedream, Level: 8, Rank: 1, Gender: Male, HP IV: 37(0%), ATK IV: 34(0%), DEF IV: 17(0%), Work Speed: (0%), Skills: Swift
Daedream, Level: 8, Rank: 1, Gender: Male, HP IV: 48(0%), ATK IV: 8(0%), DEF IV: 48(0%), Work Speed: (0%), Skills: Brittle
Foxparks, Level: 8, Rank: 1, Gender: Male, HP IV: 22(0%), ATK IV: 29(0%), DEF IV: 20(0%), Work Speed: (0%), Skills: Runner
Hoocrates, Level: 5, Rank: 1, Gender: Female, HP IV: 4(0%), ATK IV: 58(0%), DEF IV: 48(0%), Work Speed: (0%), Skills: Sickly
Lamball, Level: 8, Rank: 1, Gender: Female, HP IV: 74(0%), ATK IV: 80(0%), DEF IV: 51(0%), Work Speed: (0%)
Lamball, Level: 9, Rank: 1, Gender: Female, HP IV: 7(0%), ATK IV: 68(0%), DEF IV: 81(0%), Work Speed: (0%), Skills: Diet Lover, Sadist
Lifmunk, Level: 8, Rank: 1, Gender: Male, HP IV: 91(0%), ATK IV: 58(0%), DEF IV: 62(0%), Work Speed: (0%), Skills: Hydromaniac
Tanzee, Level: 4, Rank: 1, Gender: Male, HP IV: 81(0%), ATK IV: 88(0%), DEF IV: 58(0%), Work Speed: (0%), Skills: Pacifist
LeAFy's 12 Pals
---------------
Cattiva, Level: 3, Rank: 1, Gender: Male, HP IV: 61(0%), ATK IV: 19(0%), DEF IV: 31(0%), Work Speed: (0%), Skills: Coward, Brittle
Cattiva, Level: 4, Rank: 1, Gender: Male, HP IV: 46(0%), ATK IV: 75(0%), DEF IV: 79(0%), Work Speed: (0%), Skills: Coward, Aggressive
Cattiva, Level: 8, Rank: 1, Gender: Female, HP IV: 78(0%), ATK IV: 80(0%), DEF IV: 36(0%), Work Speed: (0%), Skills: Coward, Fine Furs
Daedream, Level: 8, Rank: 1, Gender: Female, HP IV: 26(0%), ATK IV: 82(0%), DEF IV: 60(0%), Work Speed: (0%), Skills: Infinite Stamina, Clumsy, Serenity
Daedream, Level: 8, Rank: 1, Gender: Male, HP IV: 37(0%), ATK IV: 34(0%), DEF IV: 17(0%), Work Speed: (0%), Skills: Swift
Daedream, Level: 8, Rank: 1, Gender: Male, HP IV: 48(0%), ATK IV: 8(0%), DEF IV: 48(0%), Work Speed: (0%), Skills: Brittle
Foxparks, Level: 8, Rank: 1, Gender: Male, HP IV: 22(0%), ATK IV: 29(0%), DEF IV: 20(0%), Work Speed: (0%), Skills: Runner
Hoocrates, Level: 5, Rank: 1, Gender: Female, HP IV: 4(0%), ATK IV: 58(0%), DEF IV: 48(0%), Work Speed: (0%), Skills: Sickly
Lamball, Level: 8, Rank: 1, Gender: Female, HP IV: 74(0%), ATK IV: 80(0%), DEF IV: 51(0%), Work Speed: (0%)
Lamball, Level: 9, Rank: 1, Gender: Female, HP IV: 7(0%), ATK IV: 68(0%), DEF IV: 81(0%), Work Speed: (0%), Skills: Diet Lover, Sadist
Lifmunk, Level: 8, Rank: 1, Gender: Male, HP IV: 91(0%), ATK IV: 58(0%), DEF IV: 62(0%), Work Speed: (0%), Skills: Hydromaniac
Tanzee, Level: 4, Rank: 1, Gender: Male, HP IV: 81(0%), ATK IV: 88(0%), DEF IV: 58(0%), Work Speed: (0%), Skills: Pacifist
LeAFy's 12 Pals
---------------
Cattiva, Level: 3, Rank: 1, Gender: Male, HP IV: 61(0%), ATK IV: 19(0%), DEF IV: 31(0%), Work Speed: (0%), Skills: Coward, Brittle
Cattiva, Level: 4, Rank: 1, Gender: Male, HP IV: 46(0%), ATK IV: 75(0%), DEF IV: 79(0%), Work Speed: (0%), Skills: Coward, Aggressive
Cattiva, Level: 8, Rank: 1, Gender: Female, HP IV: 78(0%), ATK IV: 80(0%), DEF IV: 36(0%), Work Speed: (0%), Skills: Coward, Fine Furs
Daedream, Level: 8, Rank: 1, Gender: Female, HP IV: 26(0%), ATK IV: 82(0%), DEF IV: 60(0%), Work Speed: (0%), Skills: Infinite Stamina, Clumsy, Serenity
Daedream, Level: 8, Rank: 1, Gender: Male, HP IV: 37(0%), ATK IV: 34(0%), DEF IV: 17(0%), Work Speed: (0%), Skills: Swift
Daedream, Level: 8, Rank: 1, Gender: Male, HP IV: 48(0%), ATK IV: 8(0%), DEF IV: 48(0%), Work Speed: (0%), Skills: Brittle
Foxparks, Level: 8, Rank: 1, Gender: Male, HP IV: 22(0%), ATK IV: 29(0%), DEF IV: 20(0%), Work Speed: (0%), Skills: Runner
Hoocrates, Level: 5, Rank: 1, Gender: Female, HP IV: 4(0%), ATK IV: 58(0%), DEF IV: 48(0%), Work Speed: (0%), Skills: Sickly
Lamball, Level: 8, Rank: 1, Gender: Female, HP IV: 74(0%), ATK IV: 80(0%), DEF IV: 51(0%), Work Speed: (0%)
Lamball, Level: 9, Rank: 1, Gender: Female, HP IV: 7(0%), ATK IV: 68(0%), DEF IV: 81(0%), Work Speed: (0%), Skills: Diet Lover, Sadist
Lifmunk, Level: 8, Rank: 1, Gender: Male, HP IV: 91(0%), ATK IV: 58(0%), DEF IV: 62(0%), Work Speed: (0%), Skills: Hydromaniac
Tanzee, Level: 4, Rank: 1, Gender: Male, HP IV: 81(0%), ATK IV: 88(0%), DEF IV: 58(0%), Work Speed: (0%), Skills: Pacifist
LeAFy's 12 Pals
---------------
Cattiva, Level: 3, Rank: 1, Gender: Male, HP IV: 61(0%), ATK IV: 19(0%), DEF IV: 31(0%), Work Speed: (0%), Skills: Coward, Brittle
Cattiva, Level: 4, Rank: 1, Gender: Male, HP IV: 46(0%), ATK IV: 75(0%), DEF IV: 79(0%), Work Speed: (0%), Skills: Coward, Aggressive
Cattiva, Level: 8, Rank: 1, Gender: Female, HP IV: 78(0%), ATK IV: 80(0%), DEF IV: 36(0%), Work Speed: (0%), Skills: Coward, Fine Furs
Daedream, Level: 8, Rank: 1, Gender: Female, HP IV: 26(0%), ATK IV: 82(0%), DEF IV: 60(0%), Work Speed: (0%), Skills: Infinite Stamina, Clumsy, Serenity
Daedream, Level: 8, Rank: 1, Gender: Male, HP IV: 37(0%), ATK IV: 34(0%), DEF IV: 17(0%), Work Speed: (0%), Skills: Swift
Daedream, Level: 8, Rank: 1, Gender: Male, HP IV: 48(0%), ATK IV: 8(0%), DEF IV: 48(0%), Work Speed: (0%), Skills: Brittle
Foxparks, Level: 8, Rank: 1, Gender: Male, HP IV: 22(0%), ATK IV: 29(0%), DEF IV: 20(0%), Work Speed: (0%), Skills: Runner
Hoocrates, Level: 5, Rank: 1, Gender: Female, HP IV: 4(0%), ATK IV: 58(0%), DEF IV: 48(0%), Work Speed: (0%), Skills: Sickly
Lamball, Level: 8, Rank: 1, Gender: Female, HP IV: 74(0%), ATK IV: 80(0%), DEF IV: 51(0%), Work Speed: (0%)
Lamball, Level: 9, Rank: 1, Gender: Female, HP IV: 7(0%), ATK IV: 68(0%), DEF IV: 81(0%), Work Speed: (0%), Skills: Diet Lover, Sadist
Lifmunk, Level: 8, Rank: 1, Gender: Male, HP IV: 91(0%), ATK IV: 58(0%), DEF IV: 62(0%), Work Speed: (0%), Skills: Hydromaniac
Tanzee, Level: 4, Rank: 1, Gender: Male, HP IV: 81(0%), ATK IV: 88(0%), DEF IV: 58(0%), Work Speed: (0%), Skills: Pacifist
LeAFy's 12 Pals
---------------
Cattiva, Level: 3, Rank: 1, Gender: Male, HP IV: 61(0%), ATK IV: 19(0%), DEF IV: 31(0%), Work Speed: (0%), Skills: Coward, Brittle
Cattiva, Level: 4, Rank: 1, Gender: Male, HP IV: 46(0%), ATK IV: 75(0%), DEF IV: 79(0%), Work Speed: (0%), Skills: Coward, Aggressive
Cattiva, Level: 8, Rank: 1, Gender: Female, HP IV: 78(0%), ATK IV: 80(0%), DEF IV: 36(0%), Work Speed: (0%), Skills: Coward, Fine Furs
Daedream, Level: 8, Rank: 1, Gender: Female, HP IV: 26(0%), ATK IV: 82(0%), DEF IV: 60(0%), Work Speed: (0%), Skills: Infinite Stamina, Clumsy, Serenity
Daedream, Level: 8, Rank: 1, Gender: Male, HP IV: 37(0%), ATK IV: 34(0%), DEF IV: 17(0%), Work Speed: (0%), Skills: Swift
Daedream, Level: 8, Rank: 1, Gender: Male, HP IV: 48(0%), ATK IV: 8(0%), DEF IV: 48(0%), Work Speed: (0%), Skills: Brittle
Foxparks, Level: 8, Rank: 1, Gender: Male, HP IV: 22(0%), ATK IV: 29(0%), DEF IV: 20(0%), Work Speed: (0%), Skills: Runner
Hoocrates, Level: 5, Rank: 1, Gender: Female, HP IV: 4(0%), ATK IV: 58(0%), DEF IV: 48(0%), Work Speed: (0%), Skills: Sickly
Lamball, Level: 8, Rank: 1, Gender: Female, HP IV: 74(0%), ATK IV: 80(0%), DEF IV: 51(0%), Work Speed: (0%)
Lamball, Level: 9, Rank: 1, Gender: Female, HP IV: 7(0%), ATK IV: 68(0%), DEF IV: 81(0%), Work Speed: (0%), Skills: Diet Lover, Sadist
Lifmunk, Level: 8, Rank: 1, Gender: Male, HP IV: 91(0%), ATK IV: 58(0%), DEF IV: 62(0%), Work Speed: (0%), Skills: Hydromaniac
Tanzee, Level: 4, Rank: 1, Gender: Male, HP IV: 81(0%), ATK IV: 88(0%), DEF IV: 58(0%), Work Speed: (0%), Skills: Pacifist
