Liberta's 6 Pals
----------------
Chikipi, Level: 1, Rank: 1, Gender: Male, HP IV: 35(0%), ATK IV: 23(0%), DEF IV: 67(0%), Work Speed: (0%), Skills: Philantropist
Chikipi, Level: 1, Rank: 1, Gender: Male, HP IV: 70(0%), ATK IV: 18(0%), DEF IV: 31(0%), Work Speed: (0%), Skills: Ferocious
Chikipi, Level: 2, Rank: 1, Gender: Male, HP IV: 3(0%), ATK IV: 41(0%), DEF IV: 100(0%), Work Speed: (0%), Skills: Stronghold Strategist
Foxparks, Level: 5, Rank: 1, Gender: Female, HP IV: 37(0%), ATK IV: 35(0%), DEF IV: 9(0%), Work Speed: (0%), Skills: Pacifist
Lamball, Level: 3, Rank: 1, Gender: Female, HP IV: 16(0%), ATK IV: 51(0%), DEF IV: 28(0%), Work Speed: (0%), Skills: Capacitor
Lamball, Level: 4, Rank: 1, Gender: Male, HP IV: 98(0%), ATK IV: 57(0%), DEF IV: 35(0%), Work Speed: (0%), Skills: Pyromaniac
Liberta's 11 Pals
-----------------
Chikipi, Level: 1, Rank: 1, Gender: Male, HP IV: 35(0%), ATK IV: 23(0%), DEF IV: 67(0%), Work Speed: (0%), Skills: Philantropist
Chikipi, Level: 6, Rank: 1, Gender: Male, HP IV: 3(0%), ATK IV: 41(0%), DEF IV: 100(0%), Work Speed: (0%), Skills: Stronghold Strategist
Chikipi, Level: 6, Rank: 1, Gender: Male, HP IV: 70(0%), ATK IV: 18(0%), DEF IV: 31(0%), Work Speed: (0%), Skills: Ferocious
Daedream, Level: 5, Rank: 1, Gender: Female, HP IV: 86(0%), ATK IV: 7(0%), DEF IV: 95(0%), Work Speed: (0%), Skills: Pacifist
Daedream, Level: 5, Rank: 1, Gender: Male, HP IV: 29(0%), ATK IV: 73(0%), DEF IV: 34(0%), Work Speed: (0%), Skills: Diet Lover
Foxparks, Level: 7, Rank: 1, Gender: Female, HP IV: 37(0%), ATK IV: 35(0%), DEF IV: 9(0%), Work Speed: (0%), Skills: Pacifist
Gumoss, Level: 7, Rank: 1, Gender: Male, HP IV: 71(0%), ATK IV: 53(0%), DEF IV: 86(0%), Work Speed: (0%), Skills: Conceited, Coldblooded, Positive Thinker
Hoocrates, Level: 6, Rank: 1, Gender: Female, HP IV: 36(0%), ATK IV: 1(0%), DEF IV: 9(0%), Work Speed: (0%), Skills: Blood of the Dragon, Stronghold Strategist, Aggressive
Lamball, Level: 3, Rank: 1, Gender: Female, HP IV: 16(0%), ATK IV: 51(0%), DEF IV: 28(0%), Work Speed: (0%), Skills: Capacitor
Lamball, Level: 4, Rank: 1, Gender: Male, HP IV: 98(0%), ATK IV: 57(0%), DEF IV: 35(0%), Work Speed: (0%), Skills: Pyromaniac
Sparkit, Level: 6, Rank: 1, Gender: Female, HP IV: 39(0%), ATK IV: 1(0%), DEF IV: 67(0%), Work Speed: (0%)
Liberta's 11 Pals
-----------------
Chikipi, Level: 1, Rank: 1, Gender: Male, HP IV: 35(0%), ATK IV: 23(0%), DEF IV: 67(0%), Work Speed: (0%), Skills: Philantropist
Chikipi, Level: 6, Rank: 1, Gender: Male, HP IV: 3(0%), ATK IV: 41(0%), DEF IV: 100(0%), Work Speed: (0%), Skills: Stronghold Strategist
Chikipi, Level: 6, Rank: 1, Gender: Male, HP IV: 70(0%), ATK IV: 18(0%), DEF IV: 31(0%), Work Speed: (0%), Skills: Ferocious
Daedream, Level: 5, Rank: 1, Gender: Female, HP IV: 86(0%), ATK IV: 7(0%), DEF IV: 95(0%), Work Speed: (0%), Skills: Pacifist
Daedream, Level: 5, Rank: 1, Gender: Male, HP IV: 29(0%), ATK IV: 73(0%), DEF IV: 34(0%), Work Speed: (0%), Skills: Diet Lover
Foxparks, Level: 7, Rank: 1, Gender: Female, HP IV: 37(0%), ATK IV: 35(0%), DEF IV: 9(0%), Work Speed: (0%), Skills: Pacifist
Gumoss, Level: 7, Rank: 1, Gender: Male, HP IV: 71(0%), ATK IV: 53(0%), DEF IV: 86(0%), Work Speed: (0%), Skills: Conceited, Coldblooded, Positive Thinker
Hoocrates, Level: 6, Rank: 1, Gender: Female, HP IV: 36(0%), ATK IV: 1(0%), DEF IV: 9(0%), Work Speed: (0%), Skills: Blood of the Dragon, Stronghold Strategist, Aggressive
Lamball, Level: 3, Rank: 1, Gender: Female, HP IV: 16(0%), ATK IV: 51(0%), DEF IV: 28(0%), Work Speed: (0%), Skills: Capacitor
Lamball, Level: 4, Rank: 1, Gender: Male, HP IV: 98(0%), ATK IV: 57(0%), DEF IV: 35(0%), Work Speed: (0%), Skills: Pyromaniac
Sparkit, Level: 6, Rank: 1, Gender: Female, HP IV: 39(0%), ATK IV: 1(0%), DEF IV: 67(0%), Work Speed: (0%)
Liberta's 11 Pals
-----------------
Chikipi, Level: 1, Rank: 1, Gender: Male, HP IV: 35(0%), ATK IV: 23(0%), DEF IV: 67(0%), Work Speed: (0%), Skills: Philantropist
Chikipi, Level: 6, Rank: 1, Gender: Male, HP IV: 3(0%), ATK IV: 41(0%), DEF IV: 100(0%), Work Speed: (0%), Skills: Stronghold Strategist
Chikipi, Level: 6, Rank: 1, Gender: Male, HP IV: 70(0%), ATK IV: 18(0%), DEF IV: 31(0%), Work Speed: (0%), Skills: Ferocious
Daedream, Level: 5, Rank: 1, Gender: Female, HP IV: 86(0%), ATK IV: 7(0%), DEF IV: 95(0%), Work Speed: (0%), Skills: Pacifist
Daedream, Level: 5, Rank: 1, Gender: Male, HP IV: 29(0%), ATK IV: 73(0%), DEF IV: 34(0%), Work Speed: (0%), Skills: Diet Lover
Foxparks, Level: 7, Rank: 1, Gender: Female, HP IV: 37(0%), ATK IV: 35(0%), DEF IV: 9(0%), Work Speed: (0%), Skills: Pacifist
Gumoss, Level: 7, Rank: 1, Gender: Male, HP IV: 71(0%), ATK IV: 53(0%), DEF IV: 86(0%), Work Speed: (0%), Skills: Conceited, Coldblooded, Positive Thinker
Hoocrates, Level: 6, Rank: 1, Gender: Female, HP IV: 36(0%), ATK IV: 1(0%), DEF IV: 9(0%), Work Speed: (0%), Skills: Blood of the Dragon, Stronghold Strategist, Aggressive
Lamball, Level: 3, Rank: 1, Gender: Female, HP IV: 16(0%), ATK IV: 51(0%), DEF IV: 28(0%), Work Speed: (0%), Skills: Capacitor
Lamball, Level: 4, Rank: 1, Gender: Male, HP IV: 98(0%), ATK IV: 57(0%), DEF IV: 35(0%), Work Speed: (0%), Skills: Pyromaniac
Sparkit, Level: 6, Rank: 1, Gender: Female, HP IV: 39(0%), ATK IV: 1(0%), DEF IV: 67(0%), Work Speed: (0%)
Liberta's 11 Pals
-----------------
Chikipi, Level: 1, Rank: 1, Gender: Male, HP IV: 35(0%), ATK IV: 23(0%), DEF IV: 67(0%), Work Speed: (0%), Skills: Philantropist
Chikipi, Level: 6, Rank: 1, Gender: Male, HP IV: 3(0%), ATK IV: 41(0%), DEF IV: 100(0%), Work Speed: (0%), Skills: Stronghold Strategist
Chikipi, Level: 6, Rank: 1, Gender: Male, HP IV: 70(0%), ATK IV: 18(0%), DEF IV: 31(0%), Work Speed: (0%), Skills: Ferocious
Daedream, Level: 5, Rank: 1, Gender: Female, HP IV: 86(0%), ATK IV: 7(0%), DEF IV: 95(0%), Work Speed: (0%), Skills: Pacifist
Daedream, Level: 5, Rank: 1, Gender: Male, HP IV: 29(0%), ATK IV: 73(0%), DEF IV: 34(0%), Work Speed: (0%), Skills: Diet Lover
Foxparks, Level: 7, Rank: 1, Gender: Female, HP IV: 37(0%), ATK IV: 35(0%), DEF IV: 9(0%), Work Speed: (0%), Skills: Pacifist
Gumoss, Level: 7, Rank: 1, Gender: Male, HP IV: 71(0%), ATK IV: 53(0%), DEF IV: 86(0%), Work Speed: (0%), Skills: Conceited, Coldblooded, Positive Thinker
Hoocrates, Level: 6, Rank: 1, Gender: Female, HP IV: 36(0%), ATK IV: 1(0%), DEF IV: 9(0%), Work Speed: (0%), Skills: Blood of the Dragon, Stronghold Strategist, Aggressive
Lamball, Level: 3, Rank: 1, Gender: Female, HP IV: 16(0%), ATK IV: 51(0%), DEF IV: 28(0%), Work Speed: (0%), Skills: Capacitor
Lamball, Level: 4, Rank: 1, Gender: Male, HP IV: 98(0%), ATK IV: 57(0%), DEF IV: 35(0%), Work Speed: (0%), Skills: Pyromaniac
Sparkit, Level: 6, Rank: 1, Gender: Female, HP IV: 39(0%), ATK IV: 1(0%), DEF IV: 67(0%), Work Speed: (0%)
Liberta's 11 Pals
-----------------
Chikipi, Level: 1, Rank: 1, Gender: Male, HP IV: 35(0%), ATK IV: 23(0%), DEF IV: 67(0%), Work Speed: (0%), Skills: Philantropist
Chikipi, Level: 6, Rank: 1, Gender: Male, HP IV: 3(0%), ATK IV: 41(0%), DEF IV: 100(0%), Work Speed: (0%), Skills: Stronghold Strategist
Chikipi, Level: 6, Rank: 1, Gender: Male, HP IV: 70(0%), ATK IV: 18(0%), DEF IV: 31(0%), Work Speed: (0%), Skills: Ferocious
Daedream, Level: 5, Rank: 1, Gender: Female, HP IV: 86(0%), ATK IV: 7(0%), DEF IV: 95(0%), Work Speed: (0%), Skills: Pacifist
Daedream, Level: 5, Rank: 1, Gender: Male, HP IV: 29(0%), ATK IV: 73(0%), DEF IV: 34(0%), Work Speed: (0%), Skills: Diet Lover
Foxparks, Level: 7, Rank: 1, Gender: Female, HP IV: 37(0%), ATK IV: 35(0%), DEF IV: 9(0%), Work Speed: (0%), Skills: Pacifist
Gumoss, Level: 7, Rank: 1, Gender: Male, HP IV: 71(0%), ATK IV: 53(0%), DEF IV: 86(0%), Work Speed: (0%), Skills: Conceited, Coldblooded, Positive Thinker
Hoocrates, Level: 6, Rank: 1, Gender: Female, HP IV: 36(0%), ATK IV: 1(0%), DEF IV: 9(0%), Work Speed: (0%), Skills: Blood of the Dragon, Stronghold Strategist, Aggressive
Lamball, Level: 3, Rank: 1, Gender: Female, HP IV: 16(0%), ATK IV: 51(0%), DEF IV: 28(0%), Work Speed: (0%), Skills: Capacitor
Lamball, Level: 4, Rank: 1, Gender: Male, HP IV: 98(0%), ATK IV: 57(0%), DEF IV: 35(0%), Work Speed: (0%), Skills: Pyromaniac
Sparkit, Level: 6, Rank: 1, Gender: Female, HP IV: 39(0%), ATK IV: 1(0%), DEF IV: 67(0%), Work Speed: (0%)
Liberta's 12 Pals
-----------------
Chikipi, Level: 1, Rank: 1, Gender: Male, HP IV: 35(0%), ATK IV: 23(0%), DEF IV: 67(0%), Work Speed: (0%), Skills: Philantropist
Chikipi, Level: 8, Rank: 1, Gender: Male, HP IV: 3(0%), ATK IV: 41(0%), DEF IV: 100(0%), Work Speed: (0%), Skills: Stronghold Strategist
Chikipi, Level: 8, Rank: 1, Gender: Male, HP IV: 70(0%), ATK IV: 18(0%), DEF IV: 31(0%), Work Speed: (0%), Skills: Ferocious
Daedream, Level: 5, Rank: 1, Gender: Female, HP IV: 86(0%), ATK IV: 7(0%), DEF IV: 95(0%), Work Speed: (0%), Skills: Pacifist
Daedream, Level: 5, Rank: 1, Gender: Male, HP IV: 29(0%), ATK IV: 73(0%), DEF IV: 34(0%), Work Speed: (0%), Skills: Diet Lover
Foxparks, Level: 8, Rank: 1, Gender: Female, HP IV: 37(0%), ATK IV: 35(0%), DEF IV: 9(0%), Work Speed: (0%), Skills: Pacifist
Fuddler, Level: 7, Rank: 1, Gender: Female, HP IV: 19(0%), ATK IV: 61(0%), DEF IV: 28(0%), Work Speed: (0%), Skills: Runner
Gumoss, Level: 8, Rank: 1, Gender: Male, HP IV: 71(0%), ATK IV: 53(0%), DEF IV: 86(0%), Work Speed: (0%), Skills: Conceited, Coldblooded, Positive Thinker
Hoocrates, Level: 8, Rank: 1, Gender: Female, HP IV: 36(0%), ATK IV: 1(0%), DEF IV: 9(0%), Work Speed: (0%), Skills: Blood of the Dragon, Stronghold Strategist, Aggressive
Lamball, Level: 3, Rank: 1, Gender: Female, HP IV: 16(0%), ATK IV: 51(0%), DEF IV: 28(0%), Work Speed: (0%), Skills: Capacitor
Lamball, Level: 4, Rank: 1, Gender: Male, HP IV: 98(0%), ATK IV: 57(0%), DEF IV: 35(0%), Work Speed: (0%), Skills: Pyromaniac
Sparkit, Level: 6, Rank: 1, Gender: Female, HP IV: 39(0%), ATK IV: 1(0%), DEF IV: 67(0%), Work Speed: (0%)
Liberta's 12 Pals
-----------------
Chikipi, Level: 1, Rank: 1, Gender: Male, HP IV: 35(0%), ATK IV: 23(0%), DEF IV: 67(0%), Work Speed: (0%), Skills: Philantropist
Chikipi, Level: 8, Rank: 1, Gender: Male, HP IV: 3(0%), ATK IV: 41(0%), DEF IV: 100(0%), Work Speed: (0%), Skills: Stronghold Strategist
Chikipi, Level: 8, Rank: 1, Gender: Male, HP IV: 70(0%), ATK IV: 18(0%), DEF IV: 31(0%), Work Speed: (0%), Skills: Ferocious
Daedream, Level: 5, Rank: 1, Gender: Female, HP IV: 86(0%), ATK IV: 7(0%), DEF IV: 95(0%), Work Speed: (0%), Skills: Pacifist
Daedream, Level: 5, Rank: 1, Gender: Male, HP IV: 29(0%), ATK IV: 73(0%), DEF IV: 34(0%), Work Speed: (0%), Skills: Diet Lover
Foxparks, Level: 8, Rank: 1, Gender: Female, HP IV: 37(0%), ATK IV: 35(0%), DEF IV: 9(0%), Work Speed: (0%), Skills: Pacifist
Fuddler, Level: 7, Rank: 1, Gender: Female, HP IV: 19(0%), ATK IV: 61(0%), DEF IV: 28(0%), Work Speed: (0%), Skills: Runner
Gumoss, Level: 8, Rank: 1, Gender: Male, HP IV: 71(0%), ATK IV: 53(0%), DEF IV: 86(0%), Work Speed: (0%), Skills: Conceited, Coldblooded, Positive Thinker
Hoocrates, Level: 8, Rank: 1, Gender: Female, HP IV: 36(0%), ATK IV: 1(0%), DEF IV: 9(0%), Work Speed: (0%), Skills: Blood of the Dragon, Stronghold Strategist, Aggressive
Lamball, Level: 3, Rank: 1, Gender: Female, HP IV: 16(0%), ATK IV: 51(0%), DEF IV: 28(0%), Work Speed: (0%), Skills: Capacitor
Lamball, Level: 4, Rank: 1, Gender: Male, HP IV: 98(0%), ATK IV: 57(0%), DEF IV: 35(0%), Work Speed: (0%), Skills: Pyromaniac
Sparkit, Level: 6, Rank: 1, Gender: Female, HP IV: 39(0%), ATK IV: 1(0%), DEF IV: 67(0%), Work Speed: (0%)
Liberta's 12 Pals
-----------------
Chikipi, Level: 1, Rank: 1, Gender: Male, HP IV: 35(0%), ATK IV: 23(0%), DEF IV: 67(0%), Work Speed: (0%), Skills: Philantropist
Chikipi, Level: 8, Rank: 1, Gender: Male, HP IV: 3(0%), ATK IV: 41(0%), DEF IV: 100(0%), Work Speed: (0%), Skills: Stronghold Strategist
Chikipi, Level: 8, Rank: 1, Gender: Male, HP IV: 70(0%), ATK IV: 18(0%), DEF IV: 31(0%), Work Speed: (0%), Skills: Ferocious
Daedream, Level: 5, Rank: 1, Gender: Female, HP IV: 86(0%), ATK IV: 7(0%), DEF IV: 95(0%), Work Speed: (0%), Skills: Pacifist
Daedream, Level: 5, Rank: 1, Gender: Male, HP IV: 29(0%), ATK IV: 73(0%), DEF IV: 34(0%), Work Speed: (0%), Skills: Diet Lover
Foxparks, Level: 8, Rank: 1, Gender: Female, HP IV: 37(0%), ATK IV: 35(0%), DEF IV: 9(0%), Work Speed: (0%), Skills: Pacifist
Fuddler, Level: 7, Rank: 1, Gender: Female, HP IV: 19(0%), ATK IV: 61(0%), DEF IV: 28(0%), Work Speed: (0%), Skills: Runner
Gumoss, Level: 8, Rank: 1, Gender: Male, HP IV: 71(0%), ATK IV: 53(0%), DEF IV: 86(0%), Work Speed: (0%), Skills: Conceited, Coldblooded, Positive Thinker
Hoocrates, Level: 8, Rank: 1, Gender: Female, HP IV: 36(0%), ATK IV: 1(0%), DEF IV: 9(0%), Work Speed: (0%), Skills: Blood of the Dragon, Stronghold Strategist, Aggressive
Lamball, Level: 3, Rank: 1, Gender: Female, HP IV: 16(0%), ATK IV: 51(0%), DEF IV: 28(0%), Work Speed: (0%), Skills: Capacitor
Lamball, Level: 4, Rank: 1, Gender: Male, HP IV: 98(0%), ATK IV: 57(0%), DEF IV: 35(0%), Work Speed: (0%), Skills: Pyromaniac
Sparkit, Level: 6, Rank: 1, Gender: Female, HP IV: 39(0%), ATK IV: 1(0%), DEF IV: 67(0%), Work Speed: (0%)
Liberta's 12 Pals
-----------------
Chikipi, Level: 1, Rank: 1, Gender: Male, HP IV: 35(0%), ATK IV: 23(0%), DEF IV: 67(0%), Work Speed: (0%), Skills: Philantropist
Chikipi, Level: 8, Rank: 1, Gender: Male, HP IV: 3(0%), ATK IV: 41(0%), DEF IV: 100(0%), Work Speed: (0%), Skills: Stronghold Strategist
Chikipi, Level: 8, Rank: 1, Gender: Male, HP IV: 70(0%), ATK IV: 18(0%), DEF IV: 31(0%), Work Speed: (0%), Skills: Ferocious
Daedream, Level: 5, Rank: 1, Gender: Female, HP IV: 86(0%), ATK IV: 7(0%), DEF IV: 95(0%), Work Speed: (0%), Skills: Pacifist
Daedream, Level: 5, Rank: 1, Gender: Male, HP IV: 29(0%), ATK IV: 73(0%), DEF IV: 34(0%), Work Speed: (0%), Skills: Diet Lover
Foxparks, Level: 8, Rank: 1, Gender: Female, HP IV: 37(0%), ATK IV: 35(0%), DEF IV: 9(0%), Work Speed: (0%), Skills: Pacifist
Fuddler, Level: 7, Rank: 1, Gender: Female, HP IV: 19(0%), ATK IV: 61(0%), DEF IV: 28(0%), Work Speed: (0%), Skills: Runner
Gumoss, Level: 8, Rank: 1, Gender: Male, HP IV: 71(0%), ATK IV: 53(0%), DEF IV: 86(0%), Work Speed: (0%), Skills: Conceited, Coldblooded, Positive Thinker
Hoocrates, Level: 8, Rank: 1, Gender: Female, HP IV: 36(0%), ATK IV: 1(0%), DEF IV: 9(0%), Work Speed: (0%), Skills: Blood of the Dragon, Stronghold Strategist, Aggressive
Lamball, Level: 3, Rank: 1, Gender: Female, HP IV: 16(0%), ATK IV: 51(0%), DEF IV: 28(0%), Work Speed: (0%), Skills: Capacitor
Lamball, Level: 4, Rank: 1, Gender: Male, HP IV: 98(0%), ATK IV: 57(0%), DEF IV: 35(0%), Work Speed: (0%), Skills: Pyromaniac
Sparkit, Level: 6, Rank: 1, Gender: Female, HP IV: 39(0%), ATK IV: 1(0%), DEF IV: 67(0%), Work Speed: (0%)
