Lifmunkman's 20 Pals
--------------------
Cattiva, Level: 12, Rank: 1, Gender: Male, HP IV: 49(0%), ATK IV: 12(0%), DEF IV: 13(0%), Work Speed: (0%), Skills: Coward, Abnormal
Chikipi, Level: 1, Rank: 1, Gender: Male, HP IV: 9(0%), ATK IV: 65(0%), DEF IV: 34(0%), Work Speed: (0%), Skills: Diet Lover
Chikipi, Level: 2, Rank: 1, Gender: Male, HP IV: 51(0%), ATK IV: 56(0%), DEF IV: 39(0%), Work Speed: (0%), Skills: Work Slave
Chikipi, Level: 4, Rank: 1, Gender: Male, HP IV: 90(0%), ATK IV: 16(0%), DEF IV: 82(0%), Work Speed: (0%), Skills: Unstable, Artisan
Chikipi, Level: 5, Rank: 1, Gender: Female, HP IV: 78(0%), ATK IV: 53(0%), DEF IV: 85(0%), Work Speed: (0%), Skills: Artisan
Daedream, Swift Daedream, Level: 13, Rank: 1, Gender: Female, HP IV: 16(0%), ATK IV: 96(0%), DEF IV: 81(0%), Work Speed: (0%), Skills: Brave, Swift
Direhowl, Level: 11, Rank: 1, Gender: Male, HP IV: 47(0%), ATK IV: 94(0%), DEF IV: 31(0%), Work Speed: (0%)
Direhowl, Level: 7, Rank: 1, Gender: Male, HP IV: 24(0%), ATK IV: 73(0%), DEF IV: 15(0%), Work Speed: (0%), Skills: Noble, Coldblooded
Foxparks, Level: 10, Rank: 1, Gender: Male, HP IV: 76(0%), ATK IV: 6(0%), DEF IV: 95(0%), Work Speed: (0%), Skills: Swift
Gumoss, Level: 2, Rank: 1, Gender: Female, HP IV: 19(0%), ATK IV: 82(0%), DEF IV: 27(0%), Work Speed: (0%), Skills: Veil of Darkness
Gumoss, Level: 2, Rank: 1, Gender: Male, HP IV: 43(0%), ATK IV: 97(0%), DEF IV: 25(0%), Work Speed: (0%), Skills: Artisan
Lamball, Level: 5, Rank: 1, Gender: Female, HP IV: 71(0%), ATK IV: 66(0%), DEF IV: 42(0%), Work Speed: (0%), Skills: Swift
Lamball, Level: 6, Rank: 1, Gender: Female, HP IV: 83(0%), ATK IV: 53(0%), DEF IV: 42(0%), Work Speed: (0%), Skills: Motivational Leader
Lamball, Level: 9, Rank: 1, Gender: Female, HP IV: 13(0%), ATK IV: 21(0%), DEF IV: 7(0%), Work Speed: (0%), Skills: Motivational Leader
Lamball, Level: 9, Rank: 1, Gender: Male, HP IV: 98(0%), ATK IV: 62(0%), DEF IV: 11(0%), Work Speed: (0%), Skills: Burly Body, Noble, Serenity
Lifmunk, Level: 6, Rank: 1, Gender: Male, HP IV: 32(0%), ATK IV: 87(0%), DEF IV: 25(0%), Work Speed: (0%), Skills: Heated Body, Power of Gaia
Mozzarina, Level: 12, Rank: 1, Gender: Female, HP IV: 58(0%), ATK IV: 94(0%), DEF IV: 45(0%), Work Speed: (0%)
Ribbuny, Level: 2, Rank: 1, Gender: Male, HP IV: 68(0%), ATK IV: 31(0%), DEF IV: 70(0%), Work Speed: (0%), Skills: Diet Lover
Rushoar, Level: 10, Rank: 1, Gender: Female, HP IV: 29(0%), ATK IV: 5(0%), DEF IV: 33(0%), Work Speed: (0%), Skills: Swift
Vixy, Level: 3, Rank: 1, Gender: Female, HP IV: 26(0%), ATK IV: 32(0%), DEF IV: 23(0%), Work Speed: (0%), Skills: Ferocious
Lifmunkman's 20 Pals
--------------------
Cattiva, Level: 12, Rank: 1, Gender: Male, HP IV: 49(0%), ATK IV: 12(0%), DEF IV: 13(0%), Work Speed: (0%), Skills: Coward, Abnormal
Chikipi, Level: 1, Rank: 1, Gender: Male, HP IV: 9(0%), ATK IV: 65(0%), DEF IV: 34(0%), Work Speed: (0%), Skills: Diet Lover
Chikipi, Level: 2, Rank: 1, Gender: Male, HP IV: 51(0%), ATK IV: 56(0%), DEF IV: 39(0%), Work Speed: (0%), Skills: Work Slave
Chikipi, Level: 4, Rank: 1, Gender: Male, HP IV: 90(0%), ATK IV: 16(0%), DEF IV: 82(0%), Work Speed: (0%), Skills: Unstable, Artisan
Chikipi, Level: 5, Rank: 1, Gender: Female, HP IV: 78(0%), ATK IV: 53(0%), DEF IV: 85(0%), Work Speed: (0%), Skills: Artisan
Daedream, Swift Daedream, Level: 13, Rank: 1, Gender: Female, HP IV: 16(0%), ATK IV: 96(0%), DEF IV: 81(0%), Work Speed: (0%), Skills: Brave, Swift
Direhowl, Level: 11, Rank: 1, Gender: Male, HP IV: 47(0%), ATK IV: 94(0%), DEF IV: 31(0%), Work Speed: (0%)
Direhowl, Level: 7, Rank: 1, Gender: Male, HP IV: 24(0%), ATK IV: 73(0%), DEF IV: 15(0%), Work Speed: (0%), Skills: Noble, Coldblooded
Foxparks, Level: 10, Rank: 1, Gender: Male, HP IV: 76(0%), ATK IV: 6(0%), DEF IV: 95(0%), Work Speed: (0%), Skills: Swift
Gumoss, Level: 2, Rank: 1, Gender: Female, HP IV: 19(0%), ATK IV: 82(0%), DEF IV: 27(0%), Work Speed: (0%), Skills: Veil of Darkness
Gumoss, Level: 2, Rank: 1, Gender: Male, HP IV: 43(0%), ATK IV: 97(0%), DEF IV: 25(0%), Work Speed: (0%), Skills: Artisan
Lamball, Level: 5, Rank: 1, Gender: Female, HP IV: 71(0%), ATK IV: 66(0%), DEF IV: 42(0%), Work Speed: (0%), Skills: Swift
Lamball, Level: 6, Rank: 1, Gender: Female, HP IV: 83(0%), ATK IV: 53(0%), DEF IV: 42(0%), Work Speed: (0%), Skills: Motivational Leader
Lamball, Level: 9, Rank: 1, Gender: Female, HP IV: 13(0%), ATK IV: 21(0%), DEF IV: 7(0%), Work Speed: (0%), Skills: Motivational Leader
Lamball, Level: 9, Rank: 1, Gender: Male, HP IV: 98(0%), ATK IV: 62(0%), DEF IV: 11(0%), Work Speed: (0%), Skills: Burly Body, Noble, Serenity
Lifmunk, Level: 6, Rank: 1, Gender: Male, HP IV: 32(0%), ATK IV: 87(0%), DEF IV: 25(0%), Work Speed: (0%), Skills: Heated Body, Power of Gaia
Mozzarina, Level: 12, Rank: 1, Gender: Female, HP IV: 58(0%), ATK IV: 94(0%), DEF IV: 45(0%), Work Speed: (0%)
Ribbuny, Level: 2, Rank: 1, Gender: Male, HP IV: 68(0%), ATK IV: 31(0%), DEF IV: 70(0%), Work Speed: (0%), Skills: Diet Lover
Rushoar, Level: 10, Rank: 1, Gender: Female, HP IV: 29(0%), ATK IV: 5(0%), DEF IV: 33(0%), Work Speed: (0%), Skills: Swift
Vixy, Level: 3, Rank: 1, Gender: Female, HP IV: 26(0%), ATK IV: 32(0%), DEF IV: 23(0%), Work Speed: (0%), Skills: Ferocious
Lifmunkman's 20 Pals
--------------------
Cattiva, Level: 12, Rank: 1, Gender: Male, HP IV: 49(0%), ATK IV: 12(0%), DEF IV: 13(0%), Work Speed: (0%), Skills: Coward, Abnormal
Chikipi, Level: 1, Rank: 1, Gender: Male, HP IV: 9(0%), ATK IV: 65(0%), DEF IV: 34(0%), Work Speed: (0%), Skills: Diet Lover
Chikipi, Level: 2, Rank: 1, Gender: Male, HP IV: 51(0%), ATK IV: 56(0%), DEF IV: 39(0%), Work Speed: (0%), Skills: Work Slave
Chikipi, Level: 4, Rank: 1, Gender: Male, HP IV: 90(0%), ATK IV: 16(0%), DEF IV: 82(0%), Work Speed: (0%), Skills: Unstable, Artisan
Chikipi, Level: 5, Rank: 1, Gender: Female, HP IV: 78(0%), ATK IV: 53(0%), DEF IV: 85(0%), Work Speed: (0%), Skills: Artisan
Daedream, Swift Daedream, Level: 13, Rank: 1, Gender: Female, HP IV: 16(0%), ATK IV: 96(0%), DEF IV: 81(0%), Work Speed: (0%), Skills: Brave, Swift
Direhowl, Level: 11, Rank: 1, Gender: Male, HP IV: 47(0%), ATK IV: 94(0%), DEF IV: 31(0%), Work Speed: (0%)
Direhowl, Level: 7, Rank: 1, Gender: Male, HP IV: 24(0%), ATK IV: 73(0%), DEF IV: 15(0%), Work Speed: (0%), Skills: Noble, Coldblooded
Foxparks, Level: 10, Rank: 1, Gender: Male, HP IV: 76(0%), ATK IV: 6(0%), DEF IV: 95(0%), Work Speed: (0%), Skills: Swift
Gumoss, Level: 2, Rank: 1, Gender: Female, HP IV: 19(0%), ATK IV: 82(0%), DEF IV: 27(0%), Work Speed: (0%), Skills: Veil of Darkness
Gumoss, Level: 2, Rank: 1, Gender: Male, HP IV: 43(0%), ATK IV: 97(0%), DEF IV: 25(0%), Work Speed: (0%), Skills: Artisan
Lamball, Level: 5, Rank: 1, Gender: Female, HP IV: 71(0%), ATK IV: 66(0%), DEF IV: 42(0%), Work Speed: (0%), Skills: Swift
Lamball, Level: 6, Rank: 1, Gender: Female, HP IV: 83(0%), ATK IV: 53(0%), DEF IV: 42(0%), Work Speed: (0%), Skills: Motivational Leader
Lamball, Level: 9, Rank: 1, Gender: Female, HP IV: 13(0%), ATK IV: 21(0%), DEF IV: 7(0%), Work Speed: (0%), Skills: Motivational Leader
Lamball, Level: 9, Rank: 1, Gender: Male, HP IV: 98(0%), ATK IV: 62(0%), DEF IV: 11(0%), Work Speed: (0%), Skills: Burly Body, Noble, Serenity
Lifmunk, Level: 6, Rank: 1, Gender: Male, HP IV: 32(0%), ATK IV: 87(0%), DEF IV: 25(0%), Work Speed: (0%), Skills: Heated Body, Power of Gaia
Mozzarina, Level: 12, Rank: 1, Gender: Female, HP IV: 58(0%), ATK IV: 94(0%), DEF IV: 45(0%), Work Speed: (0%)
Ribbuny, Level: 2, Rank: 1, Gender: Male, HP IV: 68(0%), ATK IV: 31(0%), DEF IV: 70(0%), Work Speed: (0%), Skills: Diet Lover
Rushoar, Level: 10, Rank: 1, Gender: Female, HP IV: 29(0%), ATK IV: 5(0%), DEF IV: 33(0%), Work Speed: (0%), Skills: Swift
Vixy, Level: 3, Rank: 1, Gender: Female, HP IV: 26(0%), ATK IV: 32(0%), DEF IV: 23(0%), Work Speed: (0%), Skills: Ferocious
Lifmunkman's 20 Pals
--------------------
Cattiva, Level: 12, Rank: 1, Gender: Male, HP IV: 49(0%), ATK IV: 12(0%), DEF IV: 13(0%), Work Speed: (0%), Skills: Coward, Abnormal
Chikipi, Level: 1, Rank: 1, Gender: Male, HP IV: 9(0%), ATK IV: 65(0%), DEF IV: 34(0%), Work Speed: (0%), Skills: Diet Lover
Chikipi, Level: 2, Rank: 1, Gender: Male, HP IV: 51(0%), ATK IV: 56(0%), DEF IV: 39(0%), Work Speed: (0%), Skills: Work Slave
Chikipi, Level: 4, Rank: 1, Gender: Male, HP IV: 90(0%), ATK IV: 16(0%), DEF IV: 82(0%), Work Speed: (0%), Skills: Unstable, Artisan
Chikipi, Level: 5, Rank: 1, Gender: Female, HP IV: 78(0%), ATK IV: 53(0%), DEF IV: 85(0%), Work Speed: (0%), Skills: Artisan
Daedream, Swift Daedream, Level: 13, Rank: 1, Gender: Female, HP IV: 16(0%), ATK IV: 96(0%), DEF IV: 81(0%), Work Speed: (0%), Skills: Brave, Swift
Direhowl, Level: 11, Rank: 1, Gender: Male, HP IV: 47(0%), ATK IV: 94(0%), DEF IV: 31(0%), Work Speed: (0%)
Direhowl, Level: 7, Rank: 1, Gender: Male, HP IV: 24(0%), ATK IV: 73(0%), DEF IV: 15(0%), Work Speed: (0%), Skills: Noble, Coldblooded
Foxparks, Level: 10, Rank: 1, Gender: Male, HP IV: 76(0%), ATK IV: 6(0%), DEF IV: 95(0%), Work Speed: (0%), Skills: Swift
Gumoss, Level: 2, Rank: 1, Gender: Female, HP IV: 19(0%), ATK IV: 82(0%), DEF IV: 27(0%), Work Speed: (0%), Skills: Veil of Darkness
Gumoss, Level: 2, Rank: 1, Gender: Male, HP IV: 43(0%), ATK IV: 97(0%), DEF IV: 25(0%), Work Speed: (0%), Skills: Artisan
Lamball, Level: 5, Rank: 1, Gender: Female, HP IV: 71(0%), ATK IV: 66(0%), DEF IV: 42(0%), Work Speed: (0%), Skills: Swift
Lamball, Level: 6, Rank: 1, Gender: Female, HP IV: 83(0%), ATK IV: 53(0%), DEF IV: 42(0%), Work Speed: (0%), Skills: Motivational Leader
Lamball, Level: 9, Rank: 1, Gender: Female, HP IV: 13(0%), ATK IV: 21(0%), DEF IV: 7(0%), Work Speed: (0%), Skills: Motivational Leader
Lamball, Level: 9, Rank: 1, Gender: Male, HP IV: 98(0%), ATK IV: 62(0%), DEF IV: 11(0%), Work Speed: (0%), Skills: Burly Body, Noble, Serenity
Lifmunk, Level: 6, Rank: 1, Gender: Male, HP IV: 32(0%), ATK IV: 87(0%), DEF IV: 25(0%), Work Speed: (0%), Skills: Heated Body, Power of Gaia
Mozzarina, Level: 12, Rank: 1, Gender: Female, HP IV: 58(0%), ATK IV: 94(0%), DEF IV: 45(0%), Work Speed: (0%)
Ribbuny, Level: 2, Rank: 1, Gender: Male, HP IV: 68(0%), ATK IV: 31(0%), DEF IV: 70(0%), Work Speed: (0%), Skills: Diet Lover
Rushoar, Level: 10, Rank: 1, Gender: Female, HP IV: 29(0%), ATK IV: 5(0%), DEF IV: 33(0%), Work Speed: (0%), Skills: Swift
Vixy, Level: 3, Rank: 1, Gender: Female, HP IV: 26(0%), ATK IV: 32(0%), DEF IV: 23(0%), Work Speed: (0%), Skills: Ferocious
Lifmunkman's 20 Pals
--------------------
Cattiva, Level: 12, Rank: 1, Gender: Male, HP IV: 49(0%), ATK IV: 12(0%), DEF IV: 13(0%), Work Speed: (0%), Skills: Coward, Abnormal
Chikipi, Level: 1, Rank: 1, Gender: Male, HP IV: 9(0%), ATK IV: 65(0%), DEF IV: 34(0%), Work Speed: (0%), Skills: Diet Lover
Chikipi, Level: 2, Rank: 1, Gender: Male, HP IV: 51(0%), ATK IV: 56(0%), DEF IV: 39(0%), Work Speed: (0%), Skills: Work Slave
Chikipi, Level: 4, Rank: 1, Gender: Male, HP IV: 90(0%), ATK IV: 16(0%), DEF IV: 82(0%), Work Speed: (0%), Skills: Unstable, Artisan
Chikipi, Level: 5, Rank: 1, Gender: Female, HP IV: 78(0%), ATK IV: 53(0%), DEF IV: 85(0%), Work Speed: (0%), Skills: Artisan
Daedream, Swift Daedream, Level: 13, Rank: 1, Gender: Female, HP IV: 16(0%), ATK IV: 96(0%), DEF IV: 81(0%), Work Speed: (0%), Skills: Brave, Swift
Direhowl, Level: 12, Rank: 1, Gender: Male, HP IV: 47(0%), ATK IV: 94(0%), DEF IV: 31(0%), Work Speed: (0%)
Direhowl, Level: 7, Rank: 1, Gender: Male, HP IV: 24(0%), ATK IV: 73(0%), DEF IV: 15(0%), Work Speed: (0%), Skills: Noble, Coldblooded
Foxparks, Level: 10, Rank: 1, Gender: Male, HP IV: 76(0%), ATK IV: 6(0%), DEF IV: 95(0%), Work Speed: (0%), Skills: Swift
Gumoss, Level: 2, Rank: 1, Gender: Female, HP IV: 19(0%), ATK IV: 82(0%), DEF IV: 27(0%), Work Speed: (0%), Skills: Veil of Darkness
Gumoss, Level: 2, Rank: 1, Gender: Male, HP IV: 43(0%), ATK IV: 97(0%), DEF IV: 25(0%), Work Speed: (0%), Skills: Artisan
Lamball, Level: 5, Rank: 1, Gender: Female, HP IV: 71(0%), ATK IV: 66(0%), DEF IV: 42(0%), Work Speed: (0%), Skills: Swift
Lamball, Level: 6, Rank: 1, Gender: Female, HP IV: 83(0%), ATK IV: 53(0%), DEF IV: 42(0%), Work Speed: (0%), Skills: Motivational Leader
Lamball, Level: 9, Rank: 1, Gender: Female, HP IV: 13(0%), ATK IV: 21(0%), DEF IV: 7(0%), Work Speed: (0%), Skills: Motivational Leader
Lamball, Level: 9, Rank: 1, Gender: Male, HP IV: 98(0%), ATK IV: 62(0%), DEF IV: 11(0%), Work Speed: (0%), Skills: Burly Body, Noble, Serenity
Lifmunk, Level: 6, Rank: 1, Gender: Male, HP IV: 32(0%), ATK IV: 87(0%), DEF IV: 25(0%), Work Speed: (0%), Skills: Heated Body, Power of Gaia
Mozzarina, Level: 12, Rank: 1, Gender: Female, HP IV: 58(0%), ATK IV: 94(0%), DEF IV: 45(0%), Work Speed: (0%)
Ribbuny, Level: 2, Rank: 1, Gender: Male, HP IV: 68(0%), ATK IV: 31(0%), DEF IV: 70(0%), Work Speed: (0%), Skills: Diet Lover
Rushoar, Level: 10, Rank: 1, Gender: Female, HP IV: 29(0%), ATK IV: 5(0%), DEF IV: 33(0%), Work Speed: (0%), Skills: Swift
Vixy, Level: 3, Rank: 1, Gender: Female, HP IV: 26(0%), ATK IV: 32(0%), DEF IV: 23(0%), Work Speed: (0%), Skills: Ferocious
Lifmunkman's 20 Pals
--------------------
Cattiva, Level: 12, Rank: 1, Gender: Male, HP IV: 49(0%), ATK IV: 12(0%), DEF IV: 13(0%), Work Speed: (0%), Skills: Coward, Abnormal
Chikipi, Level: 1, Rank: 1, Gender: Male, HP IV: 9(0%), ATK IV: 65(0%), DEF IV: 34(0%), Work Speed: (0%), Skills: Diet Lover
Chikipi, Level: 2, Rank: 1, Gender: Male, HP IV: 51(0%), ATK IV: 56(0%), DEF IV: 39(0%), Work Speed: (0%), Skills: Work Slave
Chikipi, Level: 4, Rank: 1, Gender: Male, HP IV: 90(0%), ATK IV: 16(0%), DEF IV: 82(0%), Work Speed: (0%), Skills: Unstable, Artisan
Chikipi, Level: 5, Rank: 1, Gender: Female, HP IV: 78(0%), ATK IV: 53(0%), DEF IV: 85(0%), Work Speed: (0%), Skills: Artisan
Daedream, Swift Daedream, Level: 13, Rank: 1, Gender: Female, HP IV: 16(0%), ATK IV: 96(0%), DEF IV: 81(0%), Work Speed: (0%), Skills: Brave, Swift
Direhowl, Level: 12, Rank: 1, Gender: Male, HP IV: 47(0%), ATK IV: 94(0%), DEF IV: 31(0%), Work Speed: (0%)
Direhowl, Level: 7, Rank: 1, Gender: Male, HP IV: 24(0%), ATK IV: 73(0%), DEF IV: 15(0%), Work Speed: (0%), Skills: Noble, Coldblooded
Foxparks, Level: 10, Rank: 1, Gender: Male, HP IV: 76(0%), ATK IV: 6(0%), DEF IV: 95(0%), Work Speed: (0%), Skills: Swift
Gumoss, Level: 2, Rank: 1, Gender: Female, HP IV: 19(0%), ATK IV: 82(0%), DEF IV: 27(0%), Work Speed: (0%), Skills: Veil of Darkness
Gumoss, Level: 2, Rank: 1, Gender: Male, HP IV: 43(0%), ATK IV: 97(0%), DEF IV: 25(0%), Work Speed: (0%), Skills: Artisan
Lamball, Level: 5, Rank: 1, Gender: Female, HP IV: 71(0%), ATK IV: 66(0%), DEF IV: 42(0%), Work Speed: (0%), Skills: Swift
Lamball, Level: 6, Rank: 1, Gender: Female, HP IV: 83(0%), ATK IV: 53(0%), DEF IV: 42(0%), Work Speed: (0%), Skills: Motivational Leader
Lamball, Level: 9, Rank: 1, Gender: Female, HP IV: 13(0%), ATK IV: 21(0%), DEF IV: 7(0%), Work Speed: (0%), Skills: Motivational Leader
Lamball, Level: 9, Rank: 1, Gender: Male, HP IV: 98(0%), ATK IV: 62(0%), DEF IV: 11(0%), Work Speed: (0%), Skills: Burly Body, Noble, Serenity
Lifmunk, Level: 6, Rank: 1, Gender: Male, HP IV: 32(0%), ATK IV: 87(0%), DEF IV: 25(0%), Work Speed: (0%), Skills: Heated Body, Power of Gaia
Mozzarina, Level: 12, Rank: 1, Gender: Female, HP IV: 58(0%), ATK IV: 94(0%), DEF IV: 45(0%), Work Speed: (0%)
Ribbuny, Level: 2, Rank: 1, Gender: Male, HP IV: 68(0%), ATK IV: 31(0%), DEF IV: 70(0%), Work Speed: (0%), Skills: Diet Lover
Rushoar, Level: 10, Rank: 1, Gender: Female, HP IV: 29(0%), ATK IV: 5(0%), DEF IV: 33(0%), Work Speed: (0%), Skills: Swift
Vixy, Level: 3, Rank: 1, Gender: Female, HP IV: 26(0%), ATK IV: 32(0%), DEF IV: 23(0%), Work Speed: (0%), Skills: Ferocious
Lifmunkman's 20 Pals
--------------------
Cattiva, Level: 12, Rank: 1, Gender: Male, HP IV: 49(0%), ATK IV: 12(0%), DEF IV: 13(0%), Work Speed: (0%), Skills: Coward, Abnormal
Chikipi, Level: 1, Rank: 1, Gender: Male, HP IV: 9(0%), ATK IV: 65(0%), DEF IV: 34(0%), Work Speed: (0%), Skills: Diet Lover
Chikipi, Level: 2, Rank: 1, Gender: Male, HP IV: 51(0%), ATK IV: 56(0%), DEF IV: 39(0%), Work Speed: (0%), Skills: Work Slave
Chikipi, Level: 4, Rank: 1, Gender: Male, HP IV: 90(0%), ATK IV: 16(0%), DEF IV: 82(0%), Work Speed: (0%), Skills: Unstable, Artisan
Chikipi, Level: 5, Rank: 1, Gender: Female, HP IV: 78(0%), ATK IV: 53(0%), DEF IV: 85(0%), Work Speed: (0%), Skills: Artisan
Daedream, Swift Daedream, Level: 13, Rank: 1, Gender: Female, HP IV: 16(0%), ATK IV: 96(0%), DEF IV: 81(0%), Work Speed: (0%), Skills: Brave, Swift
Direhowl, Level: 12, Rank: 1, Gender: Male, HP IV: 47(0%), ATK IV: 94(0%), DEF IV: 31(0%), Work Speed: (0%)
Direhowl, Level: 7, Rank: 1, Gender: Male, HP IV: 24(0%), ATK IV: 73(0%), DEF IV: 15(0%), Work Speed: (0%), Skills: Noble, Coldblooded
Foxparks, Level: 10, Rank: 1, Gender: Male, HP IV: 76(0%), ATK IV: 6(0%), DEF IV: 95(0%), Work Speed: (0%), Skills: Swift
Gumoss, Level: 2, Rank: 1, Gender: Female, HP IV: 19(0%), ATK IV: 82(0%), DEF IV: 27(0%), Work Speed: (0%), Skills: Veil of Darkness
Gumoss, Level: 2, Rank: 1, Gender: Male, HP IV: 43(0%), ATK IV: 97(0%), DEF IV: 25(0%), Work Speed: (0%), Skills: Artisan
Lamball, Level: 5, Rank: 1, Gender: Female, HP IV: 71(0%), ATK IV: 66(0%), DEF IV: 42(0%), Work Speed: (0%), Skills: Swift
Lamball, Level: 6, Rank: 1, Gender: Female, HP IV: 83(0%), ATK IV: 53(0%), DEF IV: 42(0%), Work Speed: (0%), Skills: Motivational Leader
Lamball, Level: 9, Rank: 1, Gender: Female, HP IV: 13(0%), ATK IV: 21(0%), DEF IV: 7(0%), Work Speed: (0%), Skills: Motivational Leader
Lamball, Level: 9, Rank: 1, Gender: Male, HP IV: 98(0%), ATK IV: 62(0%), DEF IV: 11(0%), Work Speed: (0%), Skills: Burly Body, Noble, Serenity
Lifmunk, Level: 6, Rank: 1, Gender: Male, HP IV: 32(0%), ATK IV: 87(0%), DEF IV: 25(0%), Work Speed: (0%), Skills: Heated Body, Power of Gaia
Mozzarina, Level: 12, Rank: 1, Gender: Female, HP IV: 58(0%), ATK IV: 94(0%), DEF IV: 45(0%), Work Speed: (0%)
Ribbuny, Level: 2, Rank: 1, Gender: Male, HP IV: 68(0%), ATK IV: 31(0%), DEF IV: 70(0%), Work Speed: (0%), Skills: Diet Lover
Rushoar, Level: 10, Rank: 1, Gender: Female, HP IV: 29(0%), ATK IV: 5(0%), DEF IV: 33(0%), Work Speed: (0%), Skills: Swift
Vixy, Level: 3, Rank: 1, Gender: Female, HP IV: 26(0%), ATK IV: 32(0%), DEF IV: 23(0%), Work Speed: (0%), Skills: Ferocious
Lifmunkman's 20 Pals
--------------------
Cattiva, Level: 12, Rank: 1, Gender: Male, HP IV: 49(0%), ATK IV: 12(0%), DEF IV: 13(0%), Work Speed: (0%), Skills: Coward, Abnormal
Chikipi, Level: 1, Rank: 1, Gender: Male, HP IV: 9(0%), ATK IV: 65(0%), DEF IV: 34(0%), Work Speed: (0%), Skills: Diet Lover
Chikipi, Level: 2, Rank: 1, Gender: Male, HP IV: 51(0%), ATK IV: 56(0%), DEF IV: 39(0%), Work Speed: (0%), Skills: Work Slave
Chikipi, Level: 4, Rank: 1, Gender: Male, HP IV: 90(0%), ATK IV: 16(0%), DEF IV: 82(0%), Work Speed: (0%), Skills: Unstable, Artisan
Chikipi, Level: 5, Rank: 1, Gender: Female, HP IV: 78(0%), ATK IV: 53(0%), DEF IV: 85(0%), Work Speed: (0%), Skills: Artisan
Daedream, Swift Daedream, Level: 13, Rank: 1, Gender: Female, HP IV: 16(0%), ATK IV: 96(0%), DEF IV: 81(0%), Work Speed: (0%), Skills: Brave, Swift
Direhowl, Level: 12, Rank: 1, Gender: Male, HP IV: 47(0%), ATK IV: 94(0%), DEF IV: 31(0%), Work Speed: (0%)
Direhowl, Level: 7, Rank: 1, Gender: Male, HP IV: 24(0%), ATK IV: 73(0%), DEF IV: 15(0%), Work Speed: (0%), Skills: Noble, Coldblooded
Foxparks, Level: 10, Rank: 1, Gender: Male, HP IV: 76(0%), ATK IV: 6(0%), DEF IV: 95(0%), Work Speed: (0%), Skills: Swift
Gumoss, Level: 2, Rank: 1, Gender: Female, HP IV: 19(0%), ATK IV: 82(0%), DEF IV: 27(0%), Work Speed: (0%), Skills: Veil of Darkness
Gumoss, Level: 2, Rank: 1, Gender: Male, HP IV: 43(0%), ATK IV: 97(0%), DEF IV: 25(0%), Work Speed: (0%), Skills: Artisan
Lamball, Level: 5, Rank: 1, Gender: Female, HP IV: 71(0%), ATK IV: 66(0%), DEF IV: 42(0%), Work Speed: (0%), Skills: Swift
Lamball, Level: 6, Rank: 1, Gender: Female, HP IV: 83(0%), ATK IV: 53(0%), DEF IV: 42(0%), Work Speed: (0%), Skills: Motivational Leader
Lamball, Level: 9, Rank: 1, Gender: Female, HP IV: 13(0%), ATK IV: 21(0%), DEF IV: 7(0%), Work Speed: (0%), Skills: Motivational Leader
Lamball, Level: 9, Rank: 1, Gender: Male, HP IV: 98(0%), ATK IV: 62(0%), DEF IV: 11(0%), Work Speed: (0%), Skills: Burly Body, Noble, Serenity
Lifmunk, Level: 6, Rank: 1, Gender: Male, HP IV: 32(0%), ATK IV: 87(0%), DEF IV: 25(0%), Work Speed: (0%), Skills: Heated Body, Power of Gaia
Mozzarina, Level: 12, Rank: 1, Gender: Female, HP IV: 58(0%), ATK IV: 94(0%), DEF IV: 45(0%), Work Speed: (0%)
Ribbuny, Level: 2, Rank: 1, Gender: Male, HP IV: 68(0%), ATK IV: 31(0%), DEF IV: 70(0%), Work Speed: (0%), Skills: Diet Lover
Rushoar, Level: 10, Rank: 1, Gender: Female, HP IV: 29(0%), ATK IV: 5(0%), DEF IV: 33(0%), Work Speed: (0%), Skills: Swift
Vixy, Level: 3, Rank: 1, Gender: Female, HP IV: 26(0%), ATK IV: 32(0%), DEF IV: 23(0%), Work Speed: (0%), Skills: Ferocious
Lifmunkman's 20 Pals
--------------------
Cattiva, Level: 12, Rank: 1, Gender: Male, HP IV: 49(0%), ATK IV: 12(0%), DEF IV: 13(0%), Work Speed: (0%), Skills: Coward, Abnormal
Chikipi, Level: 1, Rank: 1, Gender: Male, HP IV: 9(0%), ATK IV: 65(0%), DEF IV: 34(0%), Work Speed: (0%), Skills: Diet Lover
Chikipi, Level: 2, Rank: 1, Gender: Male, HP IV: 51(0%), ATK IV: 56(0%), DEF IV: 39(0%), Work Speed: (0%), Skills: Work Slave
Chikipi, Level: 4, Rank: 1, Gender: Male, HP IV: 90(0%), ATK IV: 16(0%), DEF IV: 82(0%), Work Speed: (0%), Skills: Unstable, Artisan
Chikipi, Level: 5, Rank: 1, Gender: Female, HP IV: 78(0%), ATK IV: 53(0%), DEF IV: 85(0%), Work Speed: (0%), Skills: Artisan
Daedream, Swift Daedream, Level: 13, Rank: 1, Gender: Female, HP IV: 16(0%), ATK IV: 96(0%), DEF IV: 81(0%), Work Speed: (0%), Skills: Brave, Swift
Direhowl, Level: 12, Rank: 1, Gender: Male, HP IV: 47(0%), ATK IV: 94(0%), DEF IV: 31(0%), Work Speed: (0%)
Direhowl, Level: 7, Rank: 1, Gender: Male, HP IV: 24(0%), ATK IV: 73(0%), DEF IV: 15(0%), Work Speed: (0%), Skills: Noble, Coldblooded
Foxparks, Level: 10, Rank: 1, Gender: Male, HP IV: 76(0%), ATK IV: 6(0%), DEF IV: 95(0%), Work Speed: (0%), Skills: Swift
Gumoss, Level: 2, Rank: 1, Gender: Female, HP IV: 19(0%), ATK IV: 82(0%), DEF IV: 27(0%), Work Speed: (0%), Skills: Veil of Darkness
Gumoss, Level: 2, Rank: 1, Gender: Male, HP IV: 43(0%), ATK IV: 97(0%), DEF IV: 25(0%), Work Speed: (0%), Skills: Artisan
Lamball, Level: 5, Rank: 1, Gender: Female, HP IV: 71(0%), ATK IV: 66(0%), DEF IV: 42(0%), Work Speed: (0%), Skills: Swift
Lamball, Level: 6, Rank: 1, Gender: Female, HP IV: 83(0%), ATK IV: 53(0%), DEF IV: 42(0%), Work Speed: (0%), Skills: Motivational Leader
Lamball, Level: 9, Rank: 1, Gender: Female, HP IV: 13(0%), ATK IV: 21(0%), DEF IV: 7(0%), Work Speed: (0%), Skills: Motivational Leader
Lamball, Level: 9, Rank: 1, Gender: Male, HP IV: 98(0%), ATK IV: 62(0%), DEF IV: 11(0%), Work Speed: (0%), Skills: Burly Body, Noble, Serenity
Lifmunk, Level: 6, Rank: 1, Gender: Male, HP IV: 32(0%), ATK IV: 87(0%), DEF IV: 25(0%), Work Speed: (0%), Skills: Heated Body, Power of Gaia
Mozzarina, Level: 12, Rank: 1, Gender: Female, HP IV: 58(0%), ATK IV: 94(0%), DEF IV: 45(0%), Work Speed: (0%)
Ribbuny, Level: 2, Rank: 1, Gender: Male, HP IV: 68(0%), ATK IV: 31(0%), DEF IV: 70(0%), Work Speed: (0%), Skills: Diet Lover
Rushoar, Level: 10, Rank: 1, Gender: Female, HP IV: 29(0%), ATK IV: 5(0%), DEF IV: 33(0%), Work Speed: (0%), Skills: Swift
Vixy, Level: 3, Rank: 1, Gender: Female, HP IV: 26(0%), ATK IV: 32(0%), DEF IV: 23(0%), Work Speed: (0%), Skills: Ferocious
Lifmunkman's 20 Pals
--------------------
Cattiva, Level: 12, Rank: 1, Gender: Male, HP IV: 49(0%), ATK IV: 12(0%), DEF IV: 13(0%), Work Speed: (0%), Skills: Coward, Abnormal
Chikipi, Level: 1, Rank: 1, Gender: Male, HP IV: 9(0%), ATK IV: 65(0%), DEF IV: 34(0%), Work Speed: (0%), Skills: Diet Lover
Chikipi, Level: 2, Rank: 1, Gender: Male, HP IV: 51(0%), ATK IV: 56(0%), DEF IV: 39(0%), Work Speed: (0%), Skills: Work Slave
Chikipi, Level: 4, Rank: 1, Gender: Male, HP IV: 90(0%), ATK IV: 16(0%), DEF IV: 82(0%), Work Speed: (0%), Skills: Unstable, Artisan
Chikipi, Level: 5, Rank: 1, Gender: Female, HP IV: 78(0%), ATK IV: 53(0%), DEF IV: 85(0%), Work Speed: (0%), Skills: Artisan
Daedream, Swift Daedream, Level: 13, Rank: 1, Gender: Female, HP IV: 16(0%), ATK IV: 96(0%), DEF IV: 81(0%), Work Speed: (0%), Skills: Brave, Swift
Direhowl, Level: 12, Rank: 1, Gender: Male, HP IV: 47(0%), ATK IV: 94(0%), DEF IV: 31(0%), Work Speed: (0%)
Direhowl, Level: 7, Rank: 1, Gender: Male, HP IV: 24(0%), ATK IV: 73(0%), DEF IV: 15(0%), Work Speed: (0%), Skills: Noble, Coldblooded
Foxparks, Level: 10, Rank: 1, Gender: Male, HP IV: 76(0%), ATK IV: 6(0%), DEF IV: 95(0%), Work Speed: (0%), Skills: Swift
Gumoss, Level: 2, Rank: 1, Gender: Female, HP IV: 19(0%), ATK IV: 82(0%), DEF IV: 27(0%), Work Speed: (0%), Skills: Veil of Darkness
Gumoss, Level: 2, Rank: 1, Gender: Male, HP IV: 43(0%), ATK IV: 97(0%), DEF IV: 25(0%), Work Speed: (0%), Skills: Artisan
Lamball, Level: 5, Rank: 1, Gender: Female, HP IV: 71(0%), ATK IV: 66(0%), DEF IV: 42(0%), Work Speed: (0%), Skills: Swift
Lamball, Level: 6, Rank: 1, Gender: Female, HP IV: 83(0%), ATK IV: 53(0%), DEF IV: 42(0%), Work Speed: (0%), Skills: Motivational Leader
Lamball, Level: 9, Rank: 1, Gender: Female, HP IV: 13(0%), ATK IV: 21(0%), DEF IV: 7(0%), Work Speed: (0%), Skills: Motivational Leader
Lamball, Level: 9, Rank: 1, Gender: Male, HP IV: 98(0%), ATK IV: 62(0%), DEF IV: 11(0%), Work Speed: (0%), Skills: Burly Body, Noble, Serenity
Lifmunk, Level: 6, Rank: 1, Gender: Male, HP IV: 32(0%), ATK IV: 87(0%), DEF IV: 25(0%), Work Speed: (0%), Skills: Heated Body, Power of Gaia
Mozzarina, Level: 12, Rank: 1, Gender: Female, HP IV: 58(0%), ATK IV: 94(0%), DEF IV: 45(0%), Work Speed: (0%)
Ribbuny, Level: 2, Rank: 1, Gender: Male, HP IV: 68(0%), ATK IV: 31(0%), DEF IV: 70(0%), Work Speed: (0%), Skills: Diet Lover
Rushoar, Level: 10, Rank: 1, Gender: Female, HP IV: 29(0%), ATK IV: 5(0%), DEF IV: 33(0%), Work Speed: (0%), Skills: Swift
Vixy, Level: 3, Rank: 1, Gender: Female, HP IV: 26(0%), ATK IV: 32(0%), DEF IV: 23(0%), Work Speed: (0%), Skills: Ferocious
Lifmunkman's 20 Pals
--------------------
Cattiva, Level: 12, Rank: 1, Gender: Male, HP IV: 49(0%), ATK IV: 12(0%), DEF IV: 13(0%), Work Speed: (0%), Skills: Coward, Abnormal
Chikipi, Level: 1, Rank: 1, Gender: Male, HP IV: 9(0%), ATK IV: 65(0%), DEF IV: 34(0%), Work Speed: (0%), Skills: Diet Lover
Chikipi, Level: 2, Rank: 1, Gender: Male, HP IV: 51(0%), ATK IV: 56(0%), DEF IV: 39(0%), Work Speed: (0%), Skills: Work Slave
Chikipi, Level: 4, Rank: 1, Gender: Male, HP IV: 90(0%), ATK IV: 16(0%), DEF IV: 82(0%), Work Speed: (0%), Skills: Unstable, Artisan
Chikipi, Level: 5, Rank: 1, Gender: Female, HP IV: 78(0%), ATK IV: 53(0%), DEF IV: 85(0%), Work Speed: (0%), Skills: Artisan
Daedream, Swift Daedream, Level: 13, Rank: 1, Gender: Female, HP IV: 16(0%), ATK IV: 96(0%), DEF IV: 81(0%), Work Speed: (0%), Skills: Brave, Swift
Direhowl, Level: 12, Rank: 1, Gender: Male, HP IV: 47(0%), ATK IV: 94(0%), DEF IV: 31(0%), Work Speed: (0%)
Direhowl, Level: 7, Rank: 1, Gender: Male, HP IV: 24(0%), ATK IV: 73(0%), DEF IV: 15(0%), Work Speed: (0%), Skills: Noble, Coldblooded
Foxparks, Level: 10, Rank: 1, Gender: Male, HP IV: 76(0%), ATK IV: 6(0%), DEF IV: 95(0%), Work Speed: (0%), Skills: Swift
Gumoss, Level: 2, Rank: 1, Gender: Female, HP IV: 19(0%), ATK IV: 82(0%), DEF IV: 27(0%), Work Speed: (0%), Skills: Veil of Darkness
Gumoss, Level: 2, Rank: 1, Gender: Male, HP IV: 43(0%), ATK IV: 97(0%), DEF IV: 25(0%), Work Speed: (0%), Skills: Artisan
Lamball, Level: 5, Rank: 1, Gender: Female, HP IV: 71(0%), ATK IV: 66(0%), DEF IV: 42(0%), Work Speed: (0%), Skills: Swift
Lamball, Level: 6, Rank: 1, Gender: Female, HP IV: 83(0%), ATK IV: 53(0%), DEF IV: 42(0%), Work Speed: (0%), Skills: Motivational Leader
Lamball, Level: 9, Rank: 1, Gender: Female, HP IV: 13(0%), ATK IV: 21(0%), DEF IV: 7(0%), Work Speed: (0%), Skills: Motivational Leader
Lamball, Level: 9, Rank: 1, Gender: Male, HP IV: 98(0%), ATK IV: 62(0%), DEF IV: 11(0%), Work Speed: (0%), Skills: Burly Body, Noble, Serenity
Lifmunk, Level: 6, Rank: 1, Gender: Male, HP IV: 32(0%), ATK IV: 87(0%), DEF IV: 25(0%), Work Speed: (0%), Skills: Heated Body, Power of Gaia
Mozzarina, Level: 12, Rank: 1, Gender: Female, HP IV: 58(0%), ATK IV: 94(0%), DEF IV: 45(0%), Work Speed: (0%)
Ribbuny, Level: 2, Rank: 1, Gender: Male, HP IV: 68(0%), ATK IV: 31(0%), DEF IV: 70(0%), Work Speed: (0%), Skills: Diet Lover
Rushoar, Level: 10, Rank: 1, Gender: Female, HP IV: 29(0%), ATK IV: 5(0%), DEF IV: 33(0%), Work Speed: (0%), Skills: Swift
Vixy, Level: 3, Rank: 1, Gender: Female, HP IV: 26(0%), ATK IV: 32(0%), DEF IV: 23(0%), Work Speed: (0%), Skills: Ferocious
Lifmunkman's 20 Pals
--------------------
Cattiva, Level: 12, Rank: 1, Gender: Male, HP IV: 49(0%), ATK IV: 12(0%), DEF IV: 13(0%), Work Speed: (0%), Skills: Coward, Abnormal
Chikipi, Level: 1, Rank: 1, Gender: Male, HP IV: 9(0%), ATK IV: 65(0%), DEF IV: 34(0%), Work Speed: (0%), Skills: Diet Lover
Chikipi, Level: 2, Rank: 1, Gender: Male, HP IV: 51(0%), ATK IV: 56(0%), DEF IV: 39(0%), Work Speed: (0%), Skills: Work Slave
Chikipi, Level: 4, Rank: 1, Gender: Male, HP IV: 90(0%), ATK IV: 16(0%), DEF IV: 82(0%), Work Speed: (0%), Skills: Unstable, Artisan
Chikipi, Level: 5, Rank: 1, Gender: Female, HP IV: 78(0%), ATK IV: 53(0%), DEF IV: 85(0%), Work Speed: (0%), Skills: Artisan
Daedream, Swift Daedream, Level: 13, Rank: 1, Gender: Female, HP IV: 16(0%), ATK IV: 96(0%), DEF IV: 81(0%), Work Speed: (0%), Skills: Brave, Swift
Direhowl, Level: 12, Rank: 1, Gender: Male, HP IV: 47(0%), ATK IV: 94(0%), DEF IV: 31(0%), Work Speed: (0%)
Direhowl, Level: 7, Rank: 1, Gender: Male, HP IV: 24(0%), ATK IV: 73(0%), DEF IV: 15(0%), Work Speed: (0%), Skills: Noble, Coldblooded
Foxparks, Level: 10, Rank: 1, Gender: Male, HP IV: 76(0%), ATK IV: 6(0%), DEF IV: 95(0%), Work Speed: (0%), Skills: Swift
Gumoss, Level: 2, Rank: 1, Gender: Female, HP IV: 19(0%), ATK IV: 82(0%), DEF IV: 27(0%), Work Speed: (0%), Skills: Veil of Darkness
Gumoss, Level: 2, Rank: 1, Gender: Male, HP IV: 43(0%), ATK IV: 97(0%), DEF IV: 25(0%), Work Speed: (0%), Skills: Artisan
Lamball, Level: 5, Rank: 1, Gender: Female, HP IV: 71(0%), ATK IV: 66(0%), DEF IV: 42(0%), Work Speed: (0%), Skills: Swift
Lamball, Level: 6, Rank: 1, Gender: Female, HP IV: 83(0%), ATK IV: 53(0%), DEF IV: 42(0%), Work Speed: (0%), Skills: Motivational Leader
Lamball, Level: 9, Rank: 1, Gender: Female, HP IV: 13(0%), ATK IV: 21(0%), DEF IV: 7(0%), Work Speed: (0%), Skills: Motivational Leader
Lamball, Level: 9, Rank: 1, Gender: Male, HP IV: 98(0%), ATK IV: 62(0%), DEF IV: 11(0%), Work Speed: (0%), Skills: Burly Body, Noble, Serenity
Lifmunk, Level: 6, Rank: 1, Gender: Male, HP IV: 32(0%), ATK IV: 87(0%), DEF IV: 25(0%), Work Speed: (0%), Skills: Heated Body, Power of Gaia
Mozzarina, Level: 12, Rank: 1, Gender: Female, HP IV: 58(0%), ATK IV: 94(0%), DEF IV: 45(0%), Work Speed: (0%)
Ribbuny, Level: 2, Rank: 1, Gender: Male, HP IV: 68(0%), ATK IV: 31(0%), DEF IV: 70(0%), Work Speed: (0%), Skills: Diet Lover
Rushoar, Level: 10, Rank: 1, Gender: Female, HP IV: 29(0%), ATK IV: 5(0%), DEF IV: 33(0%), Work Speed: (0%), Skills: Swift
Vixy, Level: 3, Rank: 1, Gender: Female, HP IV: 26(0%), ATK IV: 32(0%), DEF IV: 23(0%), Work Speed: (0%), Skills: Ferocious
Lifmunkman's 20 Pals
--------------------
Cattiva, Level: 12, Rank: 1, Gender: Male, HP IV: 49(0%), ATK IV: 12(0%), DEF IV: 13(0%), Work Speed: (0%), Skills: Coward, Abnormal
Chikipi, Level: 1, Rank: 1, Gender: Male, HP IV: 9(0%), ATK IV: 65(0%), DEF IV: 34(0%), Work Speed: (0%), Skills: Diet Lover
Chikipi, Level: 2, Rank: 1, Gender: Male, HP IV: 51(0%), ATK IV: 56(0%), DEF IV: 39(0%), Work Speed: (0%), Skills: Work Slave
Chikipi, Level: 4, Rank: 1, Gender: Male, HP IV: 90(0%), ATK IV: 16(0%), DEF IV: 82(0%), Work Speed: (0%), Skills: Unstable, Artisan
Chikipi, Level: 5, Rank: 1, Gender: Female, HP IV: 78(0%), ATK IV: 53(0%), DEF IV: 85(0%), Work Speed: (0%), Skills: Artisan
Daedream, Swift Daedream, Level: 13, Rank: 1, Gender: Female, HP IV: 16(0%), ATK IV: 96(0%), DEF IV: 81(0%), Work Speed: (0%), Skills: Brave, Swift
Direhowl, Level: 12, Rank: 1, Gender: Male, HP IV: 47(0%), ATK IV: 94(0%), DEF IV: 31(0%), Work Speed: (0%)
Direhowl, Level: 7, Rank: 1, Gender: Male, HP IV: 24(0%), ATK IV: 73(0%), DEF IV: 15(0%), Work Speed: (0%), Skills: Noble, Coldblooded
Foxparks, Level: 10, Rank: 1, Gender: Male, HP IV: 76(0%), ATK IV: 6(0%), DEF IV: 95(0%), Work Speed: (0%), Skills: Swift
Gumoss, Level: 2, Rank: 1, Gender: Female, HP IV: 19(0%), ATK IV: 82(0%), DEF IV: 27(0%), Work Speed: (0%), Skills: Veil of Darkness
Gumoss, Level: 2, Rank: 1, Gender: Male, HP IV: 43(0%), ATK IV: 97(0%), DEF IV: 25(0%), Work Speed: (0%), Skills: Artisan
Lamball, Level: 5, Rank: 1, Gender: Female, HP IV: 71(0%), ATK IV: 66(0%), DEF IV: 42(0%), Work Speed: (0%), Skills: Swift
Lamball, Level: 6, Rank: 1, Gender: Female, HP IV: 83(0%), ATK IV: 53(0%), DEF IV: 42(0%), Work Speed: (0%), Skills: Motivational Leader
Lamball, Level: 9, Rank: 1, Gender: Female, HP IV: 13(0%), ATK IV: 21(0%), DEF IV: 7(0%), Work Speed: (0%), Skills: Motivational Leader
Lamball, Level: 9, Rank: 1, Gender: Male, HP IV: 98(0%), ATK IV: 62(0%), DEF IV: 11(0%), Work Speed: (0%), Skills: Burly Body, Noble, Serenity
Lifmunk, Level: 6, Rank: 1, Gender: Male, HP IV: 32(0%), ATK IV: 87(0%), DEF IV: 25(0%), Work Speed: (0%), Skills: Heated Body, Power of Gaia
Mozzarina, Level: 12, Rank: 1, Gender: Female, HP IV: 58(0%), ATK IV: 94(0%), DEF IV: 45(0%), Work Speed: (0%)
Ribbuny, Level: 2, Rank: 1, Gender: Male, HP IV: 68(0%), ATK IV: 31(0%), DEF IV: 70(0%), Work Speed: (0%), Skills: Diet Lover
Rushoar, Level: 10, Rank: 1, Gender: Female, HP IV: 29(0%), ATK IV: 5(0%), DEF IV: 33(0%), Work Speed: (0%), Skills: Swift
Vixy, Level: 3, Rank: 1, Gender: Female, HP IV: 26(0%), ATK IV: 32(0%), DEF IV: 23(0%), Work Speed: (0%), Skills: Ferocious
Lifmunkman's 20 Pals
--------------------
Cattiva, Level: 12, Rank: 1, Gender: Male, HP IV: 49(0%), ATK IV: 12(0%), DEF IV: 13(0%), Work Speed: (0%), Skills: Coward, Abnormal
Chikipi, Level: 1, Rank: 1, Gender: Male, HP IV: 9(0%), ATK IV: 65(0%), DEF IV: 34(0%), Work Speed: (0%), Skills: Diet Lover
Chikipi, Level: 2, Rank: 1, Gender: Male, HP IV: 51(0%), ATK IV: 56(0%), DEF IV: 39(0%), Work Speed: (0%), Skills: Work Slave
Chikipi, Level: 4, Rank: 1, Gender: Male, HP IV: 90(0%), ATK IV: 16(0%), DEF IV: 82(0%), Work Speed: (0%), Skills: Unstable, Artisan
Chikipi, Level: 5, Rank: 1, Gender: Female, HP IV: 78(0%), ATK IV: 53(0%), DEF IV: 85(0%), Work Speed: (0%), Skills: Artisan
Daedream, Swift Daedream, Level: 13, Rank: 1, Gender: Female, HP IV: 16(0%), ATK IV: 96(0%), DEF IV: 81(0%), Work Speed: (0%), Skills: Brave, Swift
Direhowl, Level: 12, Rank: 1, Gender: Male, HP IV: 47(0%), ATK IV: 94(0%), DEF IV: 31(0%), Work Speed: (0%)
Direhowl, Level: 7, Rank: 1, Gender: Male, HP IV: 24(0%), ATK IV: 73(0%), DEF IV: 15(0%), Work Speed: (0%), Skills: Noble, Coldblooded
Foxparks, Level: 10, Rank: 1, Gender: Male, HP IV: 76(0%), ATK IV: 6(0%), DEF IV: 95(0%), Work Speed: (0%), Skills: Swift
Gumoss, Level: 2, Rank: 1, Gender: Female, HP IV: 19(0%), ATK IV: 82(0%), DEF IV: 27(0%), Work Speed: (0%), Skills: Veil of Darkness
Gumoss, Level: 2, Rank: 1, Gender: Male, HP IV: 43(0%), ATK IV: 97(0%), DEF IV: 25(0%), Work Speed: (0%), Skills: Artisan
Lamball, Level: 5, Rank: 1, Gender: Female, HP IV: 71(0%), ATK IV: 66(0%), DEF IV: 42(0%), Work Speed: (0%), Skills: Swift
Lamball, Level: 6, Rank: 1, Gender: Female, HP IV: 83(0%), ATK IV: 53(0%), DEF IV: 42(0%), Work Speed: (0%), Skills: Motivational Leader
Lamball, Level: 9, Rank: 1, Gender: Female, HP IV: 13(0%), ATK IV: 21(0%), DEF IV: 7(0%), Work Speed: (0%), Skills: Motivational Leader
Lamball, Level: 9, Rank: 1, Gender: Male, HP IV: 98(0%), ATK IV: 62(0%), DEF IV: 11(0%), Work Speed: (0%), Skills: Burly Body, Noble, Serenity
Lifmunk, Level: 6, Rank: 1, Gender: Male, HP IV: 32(0%), ATK IV: 87(0%), DEF IV: 25(0%), Work Speed: (0%), Skills: Heated Body, Power of Gaia
Mozzarina, Level: 12, Rank: 1, Gender: Female, HP IV: 58(0%), ATK IV: 94(0%), DEF IV: 45(0%), Work Speed: (0%)
Ribbuny, Level: 2, Rank: 1, Gender: Male, HP IV: 68(0%), ATK IV: 31(0%), DEF IV: 70(0%), Work Speed: (0%), Skills: Diet Lover
Rushoar, Level: 10, Rank: 1, Gender: Female, HP IV: 29(0%), ATK IV: 5(0%), DEF IV: 33(0%), Work Speed: (0%), Skills: Swift
Vixy, Level: 3, Rank: 1, Gender: Female, HP IV: 26(0%), ATK IV: 32(0%), DEF IV: 23(0%), Work Speed: (0%), Skills: Ferocious
