lililililililililili's 29 Pals
------------------------------
Alpha Fenglope, Level: 25, Rank: 1, Gender: Male, HP IV: 97(0%), ATK IV: 63(0%), DEF IV: 52(0%), Work Speed: (0%), Skills: Zen Mind, Vanguard
Alpha Pyrin noct, Level: 1, Rank: 1, Gender: Male, HP IV: 87(0%), ATK IV: 51(0%), DEF IV: 54(0%), Work Speed: (0%), Skills: Heated Body, Artisan, Unstable
Alpha Xenogard, Level: 33, Rank: 1, Gender: Male, HP IV: 57(0%), ATK IV: 88(3%), DEF IV: 56(0%), Work Speed: (0%), Skills: Otherworldly Cells, Blood of the Dragon, Suntan Lover, Positive Thinker
Anubis, Level: 6, Rank: 1, Gender: Female, HP IV: 3(0%), ATK IV: 100(0%), DEF IV: 0(0%), Work Speed: (0%), Skills: Dragonkiller
Arsox, Level: 23, Rank: 1, Gender: Female, HP IV: 43(0%), ATK IV: 68(0%), DEF IV: 74(0%), Work Speed: (0%), Skills: Cheery
Broncherry, Level: 19, Rank: 1, Gender: Female, HP IV: 77(0%), ATK IV: 25(0%), DEF IV: 83(0%), Work Speed: (0%), Skills: Glutton
Cawgnito, Level: 1, Rank: 1, Gender: Female, HP IV: 82(0%), ATK IV: 0(0%), DEF IV: 40(0%), Work Speed: (0%), Skills: Swift
Digtoise, Level: 19, Rank: 1, Gender: Male, HP IV: 9(0%), ATK IV: 19(0%), DEF IV: 85(0%), Work Speed: (0%), Skills: Hard Skin, Capacitor, Burly Body, Downtrodden
Digtoise, Level: 21, Rank: 1, Gender: Male, HP IV: 23(0%), ATK IV: 55(0%), DEF IV: 4(0%), Work Speed: (0%), Skills: Hard Skin, Masochist
Digtoise, Level: 22, Rank: 1, Gender: Male, HP IV: 15(0%), ATK IV: 82(0%), DEF IV: 44(0%), Work Speed: (0%), Skills: Hard Skin, Brave
Dinossom, Level: 18, Rank: 1, Gender: Male, HP IV: 16(0%), ATK IV: 8(0%), DEF IV: 91(0%), Work Speed: (0%), Skills: Motivational Leader
Direhowl, Level: 13, Rank: 1, Gender: Male, HP IV: 81(0%), ATK IV: 86(0%), DEF IV: 31(0%), Work Speed: (0%), Skills: Sadist
Galeclaw, Level: 18, Rank: 1, Gender: Male, HP IV: 98(0%), ATK IV: 96(0%), DEF IV: 29(0%), Work Speed: (0%), Skills: Coward, Positive Thinker
Gorirat, Level: 11, Rank: 1, Gender: Female, HP IV: 23(0%), ATK IV: 44(0%), DEF IV: 0(0%), Work Speed: (0%), Skills: Hooligan, Pyromaniac, Motivational Leader, Earthquake Resistant
Gorirat, Level: 22, Rank: 1, Gender: Male, HP IV: 2(0%), ATK IV: 71(0%), DEF IV: 6(0%), Work Speed: (0%), Skills: Hooligan, Serious
Grintale, Level: 27, Rank: 1, Gender: Female, HP IV: 16(0%), ATK IV: 64(0%), DEF IV: 35(0%), Work Speed: (0%), Skills: Mine Foreman
Gumoss (Special), Level: 13, Rank: 1, Gender: Female, HP IV: 14(0%), ATK IV: 74(0%), DEF IV: 36(0%), Work Speed: (0%), Skills: Suntan Lover
Gumoss, Level: 1, Rank: 1, Gender: Male, HP IV: 5(0%), ATK IV: 21(0%), DEF IV: 64(0%), Work Speed: (0%), Skills: Botanical Barrier
Helzephyr, Level: 25, Rank: 1, Gender: Male, HP IV: 66(0%), ATK IV: 100(0%), DEF IV: 66(0%), Work Speed: (0%), Skills: Blood of the Dragon, Dragonkiller
Loupmoon, Level: 28, Rank: 1, Gender: Female, HP IV: 3(0%), ATK IV: 100(0%), DEF IV: 6(0%), Work Speed: (0%), Skills: Infinite Stamina
Maraith, Level: 1, Rank: 1, Gender: Female, HP IV: 27(0%), ATK IV: 79(0%), DEF IV: 64(0%), Work Speed: (0%), Skills: Heated Body
Nitewing, Level: 21, Rank: 1, Gender: Male, HP IV: 3(0%), ATK IV: 68(0%), DEF IV: 100(0%), Work Speed: (0%), Skills: Suntan Lover, Clumsy, Nocturnal
Reptyro, Level: 10, Rank: 1, Gender: Female, HP IV: 64(0%), ATK IV: 94(0%), DEF IV: 64(0%), Work Speed: (0%), Skills: Runner
Ribbuny, Level: 12, Rank: 1, Gender: Female, HP IV: 60(0%), ATK IV: 6(0%), DEF IV: 98(0%), Work Speed: (0%), Skills: Swift, Capacitor, Musclehead, Ferocious
Sparkit, Level: 15, Rank: 1, Gender: Male, HP IV: 84(0%), ATK IV: 94(0%), DEF IV: 38(0%), Work Speed: (0%), Skills: Downtrodden
Swee, Level: 1, Rank: 1, Gender: Male, HP IV: 91(0%), ATK IV: 68(0%), DEF IV: 31(0%), Work Speed: (0%)
Sweepa, Level: 17, Rank: 1, Gender: Male, HP IV: 37(0%), ATK IV: 1(0%), DEF IV: 97(0%), Work Speed: (0%), Skills: Blood of the Dragon
Vanwyrm, Level: 1, Rank: 1, Gender: Male, HP IV: 63(0%), ATK IV: 44(0%), DEF IV: 71(0%), Work Speed: (0%), Skills: Swift
Vanwyrm, Level: 19, Rank: 1, Gender: Male, HP IV: 95(0%), ATK IV: 9(0%), DEF IV: 2(0%), Work Speed: (0%), Skills: Musclehead
lililililililililili's 29 Pals
------------------------------
Alpha Fenglope, Level: 25, Rank: 1, Gender: Male, HP IV: 97(0%), ATK IV: 63(0%), DEF IV: 52(0%), Work Speed: (0%), Skills: Zen Mind, Vanguard
Alpha Pyrin noct, Level: 1, Rank: 1, Gender: Male, HP IV: 87(0%), ATK IV: 51(0%), DEF IV: 54(0%), Work Speed: (0%), Skills: Heated Body, Artisan, Unstable
Alpha Xenogard, Level: 33, Rank: 1, Gender: Male, HP IV: 57(0%), ATK IV: 88(3%), DEF IV: 56(0%), Work Speed: (0%), Skills: Otherworldly Cells, Blood of the Dragon, Suntan Lover, Positive Thinker
Anubis, Level: 6, Rank: 1, Gender: Female, HP IV: 3(0%), ATK IV: 100(0%), DEF IV: 0(0%), Work Speed: (0%), Skills: Dragonkiller
Arsox, Level: 23, Rank: 1, Gender: Female, HP IV: 43(0%), ATK IV: 68(0%), DEF IV: 74(0%), Work Speed: (0%), Skills: Cheery
Broncherry, Level: 19, Rank: 1, Gender: Female, HP IV: 77(0%), ATK IV: 25(0%), DEF IV: 83(0%), Work Speed: (0%), Skills: Glutton
Cawgnito, Level: 1, Rank: 1, Gender: Female, HP IV: 82(0%), ATK IV: 0(0%), DEF IV: 40(0%), Work Speed: (0%), Skills: Swift
Digtoise, Level: 19, Rank: 1, Gender: Male, HP IV: 9(0%), ATK IV: 19(0%), DEF IV: 85(0%), Work Speed: (0%), Skills: Hard Skin, Capacitor, Burly Body, Downtrodden
Digtoise, Level: 21, Rank: 1, Gender: Male, HP IV: 23(0%), ATK IV: 55(0%), DEF IV: 4(0%), Work Speed: (0%), Skills: Hard Skin, Masochist
Digtoise, Level: 22, Rank: 1, Gender: Male, HP IV: 15(0%), ATK IV: 82(0%), DEF IV: 44(0%), Work Speed: (0%), Skills: Hard Skin, Brave
Dinossom, Level: 18, Rank: 1, Gender: Male, HP IV: 16(0%), ATK IV: 8(0%), DEF IV: 91(0%), Work Speed: (0%), Skills: Motivational Leader
Direhowl, Level: 13, Rank: 1, Gender: Male, HP IV: 81(0%), ATK IV: 86(0%), DEF IV: 31(0%), Work Speed: (0%), Skills: Sadist
Galeclaw, Level: 18, Rank: 1, Gender: Male, HP IV: 98(0%), ATK IV: 96(0%), DEF IV: 29(0%), Work Speed: (0%), Skills: Coward, Positive Thinker
Gorirat, Level: 11, Rank: 1, Gender: Female, HP IV: 23(0%), ATK IV: 44(0%), DEF IV: 0(0%), Work Speed: (0%), Skills: Hooligan, Pyromaniac, Motivational Leader, Earthquake Resistant
Gorirat, Level: 22, Rank: 1, Gender: Male, HP IV: 2(0%), ATK IV: 71(0%), DEF IV: 6(0%), Work Speed: (0%), Skills: Hooligan, Serious
Grintale, Level: 27, Rank: 1, Gender: Female, HP IV: 16(0%), ATK IV: 64(0%), DEF IV: 35(0%), Work Speed: (0%), Skills: Mine Foreman
Gumoss (Special), Level: 13, Rank: 1, Gender: Female, HP IV: 14(0%), ATK IV: 74(0%), DEF IV: 36(0%), Work Speed: (0%), Skills: Suntan Lover
Gumoss, Level: 1, Rank: 1, Gender: Male, HP IV: 5(0%), ATK IV: 21(0%), DEF IV: 64(0%), Work Speed: (0%), Skills: Botanical Barrier
Helzephyr, Level: 25, Rank: 1, Gender: Male, HP IV: 66(0%), ATK IV: 100(0%), DEF IV: 66(0%), Work Speed: (0%), Skills: Blood of the Dragon, Dragonkiller
Loupmoon, Level: 28, Rank: 1, Gender: Female, HP IV: 3(0%), ATK IV: 100(0%), DEF IV: 6(0%), Work Speed: (0%), Skills: Infinite Stamina
Maraith, Level: 1, Rank: 1, Gender: Female, HP IV: 27(0%), ATK IV: 79(0%), DEF IV: 64(0%), Work Speed: (0%), Skills: Heated Body
Nitewing, Level: 21, Rank: 1, Gender: Male, HP IV: 3(0%), ATK IV: 68(0%), DEF IV: 100(0%), Work Speed: (0%), Skills: Suntan Lover, Clumsy, Nocturnal
Reptyro, Level: 10, Rank: 1, Gender: Female, HP IV: 64(0%), ATK IV: 94(0%), DEF IV: 64(0%), Work Speed: (0%), Skills: Runner
Ribbuny, Level: 12, Rank: 1, Gender: Female, HP IV: 60(0%), ATK IV: 6(0%), DEF IV: 98(0%), Work Speed: (0%), Skills: Swift, Capacitor, Musclehead, Ferocious
Sparkit, Level: 15, Rank: 1, Gender: Male, HP IV: 84(0%), ATK IV: 94(0%), DEF IV: 38(0%), Work Speed: (0%), Skills: Downtrodden
Swee, Level: 1, Rank: 1, Gender: Male, HP IV: 91(0%), ATK IV: 68(0%), DEF IV: 31(0%), Work Speed: (0%)
Sweepa, Level: 17, Rank: 1, Gender: Male, HP IV: 37(0%), ATK IV: 1(0%), DEF IV: 97(0%), Work Speed: (0%), Skills: Blood of the Dragon
Vanwyrm, Level: 1, Rank: 1, Gender: Male, HP IV: 63(0%), ATK IV: 44(0%), DEF IV: 71(0%), Work Speed: (0%), Skills: Swift
Vanwyrm, Level: 19, Rank: 1, Gender: Male, HP IV: 95(0%), ATK IV: 9(0%), DEF IV: 2(0%), Work Speed: (0%), Skills: Musclehead
lililililililililili's 29 Pals
------------------------------
Alpha Fenglope, Level: 25, Rank: 1, Gender: Male, HP IV: 97(0%), ATK IV: 63(0%), DEF IV: 52(0%), Work Speed: (0%), Skills: Zen Mind, Vanguard
Alpha Pyrin noct, Level: 1, Rank: 1, Gender: Male, HP IV: 87(0%), ATK IV: 51(0%), DEF IV: 54(0%), Work Speed: (0%), Skills: Heated Body, Artisan, Unstable
Alpha Xenogard, Level: 33, Rank: 1, Gender: Male, HP IV: 57(0%), ATK IV: 88(3%), DEF IV: 56(0%), Work Speed: (0%), Skills: Otherworldly Cells, Blood of the Dragon, Suntan Lover, Positive Thinker
Anubis, Level: 6, Rank: 1, Gender: Female, HP IV: 3(0%), ATK IV: 100(0%), DEF IV: 0(0%), Work Speed: (0%), Skills: Dragonkiller
Arsox, Level: 23, Rank: 1, Gender: Female, HP IV: 43(0%), ATK IV: 68(0%), DEF IV: 74(0%), Work Speed: (0%), Skills: Cheery
Broncherry, Level: 19, Rank: 1, Gender: Female, HP IV: 77(0%), ATK IV: 25(0%), DEF IV: 83(0%), Work Speed: (0%), Skills: Glutton
Cawgnito, Level: 1, Rank: 1, Gender: Female, HP IV: 82(0%), ATK IV: 0(0%), DEF IV: 40(0%), Work Speed: (0%), Skills: Swift
Digtoise, Level: 19, Rank: 1, Gender: Male, HP IV: 9(0%), ATK IV: 19(0%), DEF IV: 85(0%), Work Speed: (0%), Skills: Hard Skin, Capacitor, Burly Body, Downtrodden
Digtoise, Level: 21, Rank: 1, Gender: Male, HP IV: 23(0%), ATK IV: 55(0%), DEF IV: 4(0%), Work Speed: (0%), Skills: Hard Skin, Masochist
Digtoise, Level: 22, Rank: 1, Gender: Male, HP IV: 15(0%), ATK IV: 82(0%), DEF IV: 44(0%), Work Speed: (0%), Skills: Hard Skin, Brave
Dinossom, Level: 18, Rank: 1, Gender: Male, HP IV: 16(0%), ATK IV: 8(0%), DEF IV: 91(0%), Work Speed: (0%), Skills: Motivational Leader
Direhowl, Level: 13, Rank: 1, Gender: Male, HP IV: 81(0%), ATK IV: 86(0%), DEF IV: 31(0%), Work Speed: (0%), Skills: Sadist
Galeclaw, Level: 18, Rank: 1, Gender: Male, HP IV: 98(0%), ATK IV: 96(0%), DEF IV: 29(0%), Work Speed: (0%), Skills: Coward, Positive Thinker
Gorirat, Level: 11, Rank: 1, Gender: Female, HP IV: 23(0%), ATK IV: 44(0%), DEF IV: 0(0%), Work Speed: (0%), Skills: Hooligan, Pyromaniac, Motivational Leader, Earthquake Resistant
Gorirat, Level: 22, Rank: 1, Gender: Male, HP IV: 2(0%), ATK IV: 71(0%), DEF IV: 6(0%), Work Speed: (0%), Skills: Hooligan, Serious
Grintale, Level: 27, Rank: 1, Gender: Female, HP IV: 16(0%), ATK IV: 64(0%), DEF IV: 35(0%), Work Speed: (0%), Skills: Mine Foreman
Gumoss (Special), Level: 13, Rank: 1, Gender: Female, HP IV: 14(0%), ATK IV: 74(0%), DEF IV: 36(0%), Work Speed: (0%), Skills: Suntan Lover
Gumoss, Level: 1, Rank: 1, Gender: Male, HP IV: 5(0%), ATK IV: 21(0%), DEF IV: 64(0%), Work Speed: (0%), Skills: Botanical Barrier
Helzephyr, Level: 25, Rank: 1, Gender: Male, HP IV: 66(0%), ATK IV: 100(0%), DEF IV: 66(0%), Work Speed: (0%), Skills: Blood of the Dragon, Dragonkiller
Loupmoon, Level: 28, Rank: 1, Gender: Female, HP IV: 3(0%), ATK IV: 100(0%), DEF IV: 6(0%), Work Speed: (0%), Skills: Infinite Stamina
Maraith, Level: 1, Rank: 1, Gender: Female, HP IV: 27(0%), ATK IV: 79(0%), DEF IV: 64(0%), Work Speed: (0%), Skills: Heated Body
Nitewing, Level: 21, Rank: 1, Gender: Male, HP IV: 3(0%), ATK IV: 68(0%), DEF IV: 100(0%), Work Speed: (0%), Skills: Suntan Lover, Clumsy, Nocturnal
Reptyro, Level: 10, Rank: 1, Gender: Female, HP IV: 64(0%), ATK IV: 94(0%), DEF IV: 64(0%), Work Speed: (0%), Skills: Runner
Ribbuny, Level: 12, Rank: 1, Gender: Female, HP IV: 60(0%), ATK IV: 6(0%), DEF IV: 98(0%), Work Speed: (0%), Skills: Swift, Capacitor, Musclehead, Ferocious
Sparkit, Level: 15, Rank: 1, Gender: Male, HP IV: 84(0%), ATK IV: 94(0%), DEF IV: 38(0%), Work Speed: (0%), Skills: Downtrodden
Swee, Level: 1, Rank: 1, Gender: Male, HP IV: 91(0%), ATK IV: 68(0%), DEF IV: 31(0%), Work Speed: (0%)
Sweepa, Level: 17, Rank: 1, Gender: Male, HP IV: 37(0%), ATK IV: 1(0%), DEF IV: 97(0%), Work Speed: (0%), Skills: Blood of the Dragon
Vanwyrm, Level: 1, Rank: 1, Gender: Male, HP IV: 63(0%), ATK IV: 44(0%), DEF IV: 71(0%), Work Speed: (0%), Skills: Swift
Vanwyrm, Level: 19, Rank: 1, Gender: Male, HP IV: 95(0%), ATK IV: 9(0%), DEF IV: 2(0%), Work Speed: (0%), Skills: Musclehead
lililililililililili's 29 Pals
------------------------------
Alpha Fenglope, Level: 25, Rank: 1, Gender: Male, HP IV: 97(0%), ATK IV: 63(0%), DEF IV: 52(0%), Work Speed: (0%), Skills: Zen Mind, Vanguard
Alpha Pyrin noct, Level: 1, Rank: 1, Gender: Male, HP IV: 87(0%), ATK IV: 51(0%), DEF IV: 54(0%), Work Speed: (0%), Skills: Heated Body, Artisan, Unstable
Alpha Xenogard, Level: 33, Rank: 1, Gender: Male, HP IV: 57(0%), ATK IV: 88(3%), DEF IV: 56(0%), Work Speed: (0%), Skills: Otherworldly Cells, Blood of the Dragon, Suntan Lover, Positive Thinker
Anubis, Level: 6, Rank: 1, Gender: Female, HP IV: 3(0%), ATK IV: 100(0%), DEF IV: 0(0%), Work Speed: (0%), Skills: Dragonkiller
Arsox, Level: 23, Rank: 1, Gender: Female, HP IV: 43(0%), ATK IV: 68(0%), DEF IV: 74(0%), Work Speed: (0%), Skills: Cheery
Broncherry, Level: 19, Rank: 1, Gender: Female, HP IV: 77(0%), ATK IV: 25(0%), DEF IV: 83(0%), Work Speed: (0%), Skills: Glutton
Cawgnito, Level: 1, Rank: 1, Gender: Female, HP IV: 82(0%), ATK IV: 0(0%), DEF IV: 40(0%), Work Speed: (0%), Skills: Swift
Digtoise, Level: 19, Rank: 1, Gender: Male, HP IV: 9(0%), ATK IV: 19(0%), DEF IV: 85(0%), Work Speed: (0%), Skills: Hard Skin, Capacitor, Burly Body, Downtrodden
Digtoise, Level: 21, Rank: 1, Gender: Male, HP IV: 23(0%), ATK IV: 55(0%), DEF IV: 4(0%), Work Speed: (0%), Skills: Hard Skin, Masochist
Digtoise, Level: 22, Rank: 1, Gender: Male, HP IV: 15(0%), ATK IV: 82(0%), DEF IV: 44(0%), Work Speed: (0%), Skills: Hard Skin, Brave
Dinossom, Level: 18, Rank: 1, Gender: Male, HP IV: 16(0%), ATK IV: 8(0%), DEF IV: 91(0%), Work Speed: (0%), Skills: Motivational Leader
Direhowl, Level: 13, Rank: 1, Gender: Male, HP IV: 81(0%), ATK IV: 86(0%), DEF IV: 31(0%), Work Speed: (0%), Skills: Sadist
Galeclaw, Level: 18, Rank: 1, Gender: Male, HP IV: 98(0%), ATK IV: 96(0%), DEF IV: 29(0%), Work Speed: (0%), Skills: Coward, Positive Thinker
Gorirat, Level: 11, Rank: 1, Gender: Female, HP IV: 23(0%), ATK IV: 44(0%), DEF IV: 0(0%), Work Speed: (0%), Skills: Hooligan, Pyromaniac, Motivational Leader, Earthquake Resistant
Gorirat, Level: 22, Rank: 1, Gender: Male, HP IV: 2(0%), ATK IV: 71(0%), DEF IV: 6(0%), Work Speed: (0%), Skills: Hooligan, Serious
Grintale, Level: 27, Rank: 1, Gender: Female, HP IV: 16(0%), ATK IV: 64(0%), DEF IV: 35(0%), Work Speed: (0%), Skills: Mine Foreman
Gumoss (Special), Level: 13, Rank: 1, Gender: Female, HP IV: 14(0%), ATK IV: 74(0%), DEF IV: 36(0%), Work Speed: (0%), Skills: Suntan Lover
Gumoss, Level: 1, Rank: 1, Gender: Male, HP IV: 5(0%), ATK IV: 21(0%), DEF IV: 64(0%), Work Speed: (0%), Skills: Botanical Barrier
Helzephyr, Level: 25, Rank: 1, Gender: Male, HP IV: 66(0%), ATK IV: 100(0%), DEF IV: 66(0%), Work Speed: (0%), Skills: Blood of the Dragon, Dragonkiller
Loupmoon, Level: 28, Rank: 1, Gender: Female, HP IV: 3(0%), ATK IV: 100(0%), DEF IV: 6(0%), Work Speed: (0%), Skills: Infinite Stamina
Maraith, Level: 1, Rank: 1, Gender: Female, HP IV: 27(0%), ATK IV: 79(0%), DEF IV: 64(0%), Work Speed: (0%), Skills: Heated Body
Nitewing, Level: 21, Rank: 1, Gender: Male, HP IV: 3(0%), ATK IV: 68(0%), DEF IV: 100(0%), Work Speed: (0%), Skills: Suntan Lover, Clumsy, Nocturnal
Reptyro, Level: 10, Rank: 1, Gender: Female, HP IV: 64(0%), ATK IV: 94(0%), DEF IV: 64(0%), Work Speed: (0%), Skills: Runner
Ribbuny, Level: 12, Rank: 1, Gender: Female, HP IV: 60(0%), ATK IV: 6(0%), DEF IV: 98(0%), Work Speed: (0%), Skills: Swift, Capacitor, Musclehead, Ferocious
Sparkit, Level: 15, Rank: 1, Gender: Male, HP IV: 84(0%), ATK IV: 94(0%), DEF IV: 38(0%), Work Speed: (0%), Skills: Downtrodden
Swee, Level: 1, Rank: 1, Gender: Male, HP IV: 91(0%), ATK IV: 68(0%), DEF IV: 31(0%), Work Speed: (0%)
Sweepa, Level: 17, Rank: 1, Gender: Male, HP IV: 37(0%), ATK IV: 1(0%), DEF IV: 97(0%), Work Speed: (0%), Skills: Blood of the Dragon
Vanwyrm, Level: 1, Rank: 1, Gender: Male, HP IV: 63(0%), ATK IV: 44(0%), DEF IV: 71(0%), Work Speed: (0%), Skills: Swift
Vanwyrm, Level: 19, Rank: 1, Gender: Male, HP IV: 95(0%), ATK IV: 9(0%), DEF IV: 2(0%), Work Speed: (0%), Skills: Musclehead
lililililililililili's 29 Pals
------------------------------
Alpha Fenglope, Level: 25, Rank: 1, Gender: Male, HP IV: 97(0%), ATK IV: 63(0%), DEF IV: 52(0%), Work Speed: (0%), Skills: Zen Mind, Vanguard
Alpha Pyrin noct, Level: 1, Rank: 1, Gender: Male, HP IV: 87(0%), ATK IV: 51(0%), DEF IV: 54(0%), Work Speed: (0%), Skills: Heated Body, Artisan, Unstable
Alpha Xenogard, Level: 33, Rank: 1, Gender: Male, HP IV: 57(0%), ATK IV: 88(3%), DEF IV: 56(0%), Work Speed: (0%), Skills: Otherworldly Cells, Blood of the Dragon, Suntan Lover, Positive Thinker
Anubis, Level: 6, Rank: 1, Gender: Female, HP IV: 3(0%), ATK IV: 100(0%), DEF IV: 0(0%), Work Speed: (0%), Skills: Dragonkiller
Arsox, Level: 23, Rank: 1, Gender: Female, HP IV: 43(0%), ATK IV: 68(0%), DEF IV: 74(0%), Work Speed: (0%), Skills: Cheery
Broncherry, Level: 19, Rank: 1, Gender: Female, HP IV: 77(0%), ATK IV: 25(0%), DEF IV: 83(0%), Work Speed: (0%), Skills: Glutton
Cawgnito, Level: 1, Rank: 1, Gender: Female, HP IV: 82(0%), ATK IV: 0(0%), DEF IV: 40(0%), Work Speed: (0%), Skills: Swift
Digtoise, Level: 19, Rank: 1, Gender: Male, HP IV: 9(0%), ATK IV: 19(0%), DEF IV: 85(0%), Work Speed: (0%), Skills: Hard Skin, Capacitor, Burly Body, Downtrodden
Digtoise, Level: 21, Rank: 1, Gender: Male, HP IV: 23(0%), ATK IV: 55(0%), DEF IV: 4(0%), Work Speed: (0%), Skills: Hard Skin, Masochist
Digtoise, Level: 22, Rank: 1, Gender: Male, HP IV: 15(0%), ATK IV: 82(0%), DEF IV: 44(0%), Work Speed: (0%), Skills: Hard Skin, Brave
Dinossom, Level: 18, Rank: 1, Gender: Male, HP IV: 16(0%), ATK IV: 8(0%), DEF IV: 91(0%), Work Speed: (0%), Skills: Motivational Leader
Direhowl, Level: 13, Rank: 1, Gender: Male, HP IV: 81(0%), ATK IV: 86(0%), DEF IV: 31(0%), Work Speed: (0%), Skills: Sadist
Galeclaw, Level: 18, Rank: 1, Gender: Male, HP IV: 98(0%), ATK IV: 96(0%), DEF IV: 29(0%), Work Speed: (0%), Skills: Coward, Positive Thinker
Gorirat, Level: 11, Rank: 1, Gender: Female, HP IV: 23(0%), ATK IV: 44(0%), DEF IV: 0(0%), Work Speed: (0%), Skills: Hooligan, Pyromaniac, Motivational Leader, Earthquake Resistant
Gorirat, Level: 22, Rank: 1, Gender: Male, HP IV: 2(0%), ATK IV: 71(0%), DEF IV: 6(0%), Work Speed: (0%), Skills: Hooligan, Serious
Grintale, Level: 27, Rank: 1, Gender: Female, HP IV: 16(0%), ATK IV: 64(0%), DEF IV: 35(0%), Work Speed: (0%), Skills: Mine Foreman
Gumoss (Special), Level: 13, Rank: 1, Gender: Female, HP IV: 14(0%), ATK IV: 74(0%), DEF IV: 36(0%), Work Speed: (0%), Skills: Suntan Lover
Gumoss, Level: 1, Rank: 1, Gender: Male, HP IV: 5(0%), ATK IV: 21(0%), DEF IV: 64(0%), Work Speed: (0%), Skills: Botanical Barrier
Helzephyr, Level: 25, Rank: 1, Gender: Male, HP IV: 66(0%), ATK IV: 100(0%), DEF IV: 66(0%), Work Speed: (0%), Skills: Blood of the Dragon, Dragonkiller
Loupmoon, Level: 28, Rank: 1, Gender: Female, HP IV: 3(0%), ATK IV: 100(0%), DEF IV: 6(0%), Work Speed: (0%), Skills: Infinite Stamina
Maraith, Level: 1, Rank: 1, Gender: Female, HP IV: 27(0%), ATK IV: 79(0%), DEF IV: 64(0%), Work Speed: (0%), Skills: Heated Body
Nitewing, Level: 21, Rank: 1, Gender: Male, HP IV: 3(0%), ATK IV: 68(0%), DEF IV: 100(0%), Work Speed: (0%), Skills: Suntan Lover, Clumsy, Nocturnal
Reptyro, Level: 10, Rank: 1, Gender: Female, HP IV: 64(0%), ATK IV: 94(0%), DEF IV: 64(0%), Work Speed: (0%), Skills: Runner
Ribbuny, Level: 12, Rank: 1, Gender: Female, HP IV: 60(0%), ATK IV: 6(0%), DEF IV: 98(0%), Work Speed: (0%), Skills: Swift, Capacitor, Musclehead, Ferocious
Sparkit, Level: 15, Rank: 1, Gender: Male, HP IV: 84(0%), ATK IV: 94(0%), DEF IV: 38(0%), Work Speed: (0%), Skills: Downtrodden
Swee, Level: 1, Rank: 1, Gender: Male, HP IV: 91(0%), ATK IV: 68(0%), DEF IV: 31(0%), Work Speed: (0%)
Sweepa, Level: 17, Rank: 1, Gender: Male, HP IV: 37(0%), ATK IV: 1(0%), DEF IV: 97(0%), Work Speed: (0%), Skills: Blood of the Dragon
Vanwyrm, Level: 1, Rank: 1, Gender: Male, HP IV: 63(0%), ATK IV: 44(0%), DEF IV: 71(0%), Work Speed: (0%), Skills: Swift
Vanwyrm, Level: 19, Rank: 1, Gender: Male, HP IV: 95(0%), ATK IV: 9(0%), DEF IV: 2(0%), Work Speed: (0%), Skills: Musclehead
lililililililililili's 29 Pals
------------------------------
Alpha Fenglope, Level: 25, Rank: 1, Gender: Male, HP IV: 97(0%), ATK IV: 63(0%), DEF IV: 52(0%), Work Speed: (0%), Skills: Zen Mind, Vanguard
Alpha Pyrin noct, Level: 1, Rank: 1, Gender: Male, HP IV: 87(0%), ATK IV: 51(0%), DEF IV: 54(0%), Work Speed: (0%), Skills: Heated Body, Artisan, Unstable
Alpha Xenogard, Level: 33, Rank: 1, Gender: Male, HP IV: 57(0%), ATK IV: 88(3%), DEF IV: 56(0%), Work Speed: (0%), Skills: Otherworldly Cells, Blood of the Dragon, Suntan Lover, Positive Thinker
Anubis, Level: 6, Rank: 1, Gender: Female, HP IV: 3(0%), ATK IV: 100(0%), DEF IV: 0(0%), Work Speed: (0%), Skills: Dragonkiller
Arsox, Level: 23, Rank: 1, Gender: Female, HP IV: 43(0%), ATK IV: 68(0%), DEF IV: 74(0%), Work Speed: (0%), Skills: Cheery
Broncherry, Level: 19, Rank: 1, Gender: Female, HP IV: 77(0%), ATK IV: 25(0%), DEF IV: 83(0%), Work Speed: (0%), Skills: Glutton
Cawgnito, Level: 1, Rank: 1, Gender: Female, HP IV: 82(0%), ATK IV: 0(0%), DEF IV: 40(0%), Work Speed: (0%), Skills: Swift
Digtoise, Level: 19, Rank: 1, Gender: Male, HP IV: 9(0%), ATK IV: 19(0%), DEF IV: 85(0%), Work Speed: (0%), Skills: Hard Skin, Capacitor, Burly Body, Downtrodden
Digtoise, Level: 21, Rank: 1, Gender: Male, HP IV: 23(0%), ATK IV: 55(0%), DEF IV: 4(0%), Work Speed: (0%), Skills: Hard Skin, Masochist
Digtoise, Level: 22, Rank: 1, Gender: Male, HP IV: 15(0%), ATK IV: 82(0%), DEF IV: 44(0%), Work Speed: (0%), Skills: Hard Skin, Brave
Dinossom, Level: 18, Rank: 1, Gender: Male, HP IV: 16(0%), ATK IV: 8(0%), DEF IV: 91(0%), Work Speed: (0%), Skills: Motivational Leader
Direhowl, Level: 13, Rank: 1, Gender: Male, HP IV: 81(0%), ATK IV: 86(0%), DEF IV: 31(0%), Work Speed: (0%), Skills: Sadist
Galeclaw, Level: 18, Rank: 1, Gender: Male, HP IV: 98(0%), ATK IV: 96(0%), DEF IV: 29(0%), Work Speed: (0%), Skills: Coward, Positive Thinker
Gorirat, Level: 11, Rank: 1, Gender: Female, HP IV: 23(0%), ATK IV: 44(0%), DEF IV: 0(0%), Work Speed: (0%), Skills: Hooligan, Pyromaniac, Motivational Leader, Earthquake Resistant
Gorirat, Level: 22, Rank: 1, Gender: Male, HP IV: 2(0%), ATK IV: 71(0%), DEF IV: 6(0%), Work Speed: (0%), Skills: Hooligan, Serious
Grintale, Level: 27, Rank: 1, Gender: Female, HP IV: 16(0%), ATK IV: 64(0%), DEF IV: 35(0%), Work Speed: (0%), Skills: Mine Foreman
Gumoss (Special), Level: 13, Rank: 1, Gender: Female, HP IV: 14(0%), ATK IV: 74(0%), DEF IV: 36(0%), Work Speed: (0%), Skills: Suntan Lover
Gumoss, Level: 1, Rank: 1, Gender: Male, HP IV: 5(0%), ATK IV: 21(0%), DEF IV: 64(0%), Work Speed: (0%), Skills: Botanical Barrier
Helzephyr, Level: 25, Rank: 1, Gender: Male, HP IV: 66(0%), ATK IV: 100(0%), DEF IV: 66(0%), Work Speed: (0%), Skills: Blood of the Dragon, Dragonkiller
Loupmoon, Level: 28, Rank: 1, Gender: Female, HP IV: 3(0%), ATK IV: 100(0%), DEF IV: 6(0%), Work Speed: (0%), Skills: Infinite Stamina
Maraith, Level: 1, Rank: 1, Gender: Female, HP IV: 27(0%), ATK IV: 79(0%), DEF IV: 64(0%), Work Speed: (0%), Skills: Heated Body
Nitewing, Level: 21, Rank: 1, Gender: Male, HP IV: 3(0%), ATK IV: 68(0%), DEF IV: 100(0%), Work Speed: (0%), Skills: Suntan Lover, Clumsy, Nocturnal
Reptyro, Level: 10, Rank: 1, Gender: Female, HP IV: 64(0%), ATK IV: 94(0%), DEF IV: 64(0%), Work Speed: (0%), Skills: Runner
Ribbuny, Level: 12, Rank: 1, Gender: Female, HP IV: 60(0%), ATK IV: 6(0%), DEF IV: 98(0%), Work Speed: (0%), Skills: Swift, Capacitor, Musclehead, Ferocious
Sparkit, Level: 15, Rank: 1, Gender: Male, HP IV: 84(0%), ATK IV: 94(0%), DEF IV: 38(0%), Work Speed: (0%), Skills: Downtrodden
Swee, Level: 1, Rank: 1, Gender: Male, HP IV: 91(0%), ATK IV: 68(0%), DEF IV: 31(0%), Work Speed: (0%)
Sweepa, Level: 17, Rank: 1, Gender: Male, HP IV: 37(0%), ATK IV: 1(0%), DEF IV: 97(0%), Work Speed: (0%), Skills: Blood of the Dragon
Vanwyrm, Level: 1, Rank: 1, Gender: Male, HP IV: 63(0%), ATK IV: 44(0%), DEF IV: 71(0%), Work Speed: (0%), Skills: Swift
Vanwyrm, Level: 19, Rank: 1, Gender: Male, HP IV: 95(0%), ATK IV: 9(0%), DEF IV: 2(0%), Work Speed: (0%), Skills: Musclehead
lililililililililili's 29 Pals
------------------------------
Alpha Fenglope, Level: 25, Rank: 1, Gender: Male, HP IV: 97(0%), ATK IV: 63(0%), DEF IV: 52(0%), Work Speed: (0%), Skills: Zen Mind, Vanguard
Alpha Pyrin noct, Level: 1, Rank: 1, Gender: Male, HP IV: 87(0%), ATK IV: 51(0%), DEF IV: 54(0%), Work Speed: (0%), Skills: Heated Body, Artisan, Unstable
Alpha Xenogard, Level: 33, Rank: 1, Gender: Male, HP IV: 57(0%), ATK IV: 88(3%), DEF IV: 56(0%), Work Speed: (0%), Skills: Otherworldly Cells, Blood of the Dragon, Suntan Lover, Positive Thinker
Anubis, Level: 6, Rank: 1, Gender: Female, HP IV: 3(0%), ATK IV: 100(0%), DEF IV: 0(0%), Work Speed: (0%), Skills: Dragonkiller
Arsox, Level: 23, Rank: 1, Gender: Female, HP IV: 43(0%), ATK IV: 68(0%), DEF IV: 74(0%), Work Speed: (0%), Skills: Cheery
Broncherry, Level: 19, Rank: 1, Gender: Female, HP IV: 77(0%), ATK IV: 25(0%), DEF IV: 83(0%), Work Speed: (0%), Skills: Glutton
Cawgnito, Level: 1, Rank: 1, Gender: Female, HP IV: 82(0%), ATK IV: 0(0%), DEF IV: 40(0%), Work Speed: (0%), Skills: Swift
Digtoise, Level: 19, Rank: 1, Gender: Male, HP IV: 9(0%), ATK IV: 19(0%), DEF IV: 85(0%), Work Speed: (0%), Skills: Hard Skin, Capacitor, Burly Body, Downtrodden
Digtoise, Level: 21, Rank: 1, Gender: Male, HP IV: 23(0%), ATK IV: 55(0%), DEF IV: 4(0%), Work Speed: (0%), Skills: Hard Skin, Masochist
Digtoise, Level: 22, Rank: 1, Gender: Male, HP IV: 15(0%), ATK IV: 82(0%), DEF IV: 44(0%), Work Speed: (0%), Skills: Hard Skin, Brave
Dinossom, Level: 18, Rank: 1, Gender: Male, HP IV: 16(0%), ATK IV: 8(0%), DEF IV: 91(0%), Work Speed: (0%), Skills: Motivational Leader
Direhowl, Level: 13, Rank: 1, Gender: Male, HP IV: 81(0%), ATK IV: 86(0%), DEF IV: 31(0%), Work Speed: (0%), Skills: Sadist
Galeclaw, Level: 18, Rank: 1, Gender: Male, HP IV: 98(0%), ATK IV: 96(0%), DEF IV: 29(0%), Work Speed: (0%), Skills: Coward, Positive Thinker
Gorirat, Level: 11, Rank: 1, Gender: Female, HP IV: 23(0%), ATK IV: 44(0%), DEF IV: 0(0%), Work Speed: (0%), Skills: Hooligan, Pyromaniac, Motivational Leader, Earthquake Resistant
Gorirat, Level: 22, Rank: 1, Gender: Male, HP IV: 2(0%), ATK IV: 71(0%), DEF IV: 6(0%), Work Speed: (0%), Skills: Hooligan, Serious
Grintale, Level: 27, Rank: 1, Gender: Female, HP IV: 16(0%), ATK IV: 64(0%), DEF IV: 35(0%), Work Speed: (0%), Skills: Mine Foreman
Gumoss (Special), Level: 13, Rank: 1, Gender: Female, HP IV: 14(0%), ATK IV: 74(0%), DEF IV: 36(0%), Work Speed: (0%), Skills: Suntan Lover
Gumoss, Level: 1, Rank: 1, Gender: Male, HP IV: 5(0%), ATK IV: 21(0%), DEF IV: 64(0%), Work Speed: (0%), Skills: Botanical Barrier
Helzephyr, Level: 25, Rank: 1, Gender: Male, HP IV: 66(0%), ATK IV: 100(0%), DEF IV: 66(0%), Work Speed: (0%), Skills: Blood of the Dragon, Dragonkiller
Loupmoon, Level: 28, Rank: 1, Gender: Female, HP IV: 3(0%), ATK IV: 100(0%), DEF IV: 6(0%), Work Speed: (0%), Skills: Infinite Stamina
Maraith, Level: 1, Rank: 1, Gender: Female, HP IV: 27(0%), ATK IV: 79(0%), DEF IV: 64(0%), Work Speed: (0%), Skills: Heated Body
Nitewing, Level: 21, Rank: 1, Gender: Male, HP IV: 3(0%), ATK IV: 68(0%), DEF IV: 100(0%), Work Speed: (0%), Skills: Suntan Lover, Clumsy, Nocturnal
Reptyro, Level: 10, Rank: 1, Gender: Female, HP IV: 64(0%), ATK IV: 94(0%), DEF IV: 64(0%), Work Speed: (0%), Skills: Runner
Ribbuny, Level: 12, Rank: 1, Gender: Female, HP IV: 60(0%), ATK IV: 6(0%), DEF IV: 98(0%), Work Speed: (0%), Skills: Swift, Capacitor, Musclehead, Ferocious
Sparkit, Level: 15, Rank: 1, Gender: Male, HP IV: 84(0%), ATK IV: 94(0%), DEF IV: 38(0%), Work Speed: (0%), Skills: Downtrodden
Swee, Level: 1, Rank: 1, Gender: Male, HP IV: 91(0%), ATK IV: 68(0%), DEF IV: 31(0%), Work Speed: (0%)
Sweepa, Level: 17, Rank: 1, Gender: Male, HP IV: 37(0%), ATK IV: 1(0%), DEF IV: 97(0%), Work Speed: (0%), Skills: Blood of the Dragon
Vanwyrm, Level: 1, Rank: 1, Gender: Male, HP IV: 63(0%), ATK IV: 44(0%), DEF IV: 71(0%), Work Speed: (0%), Skills: Swift
Vanwyrm, Level: 19, Rank: 1, Gender: Male, HP IV: 95(0%), ATK IV: 9(0%), DEF IV: 2(0%), Work Speed: (0%), Skills: Musclehead
lililililililililili's 29 Pals
------------------------------
Alpha Fenglope, Level: 25, Rank: 1, Gender: Male, HP IV: 97(0%), ATK IV: 63(0%), DEF IV: 52(0%), Work Speed: (0%), Skills: Zen Mind, Vanguard
Alpha Pyrin noct, Level: 1, Rank: 1, Gender: Male, HP IV: 87(0%), ATK IV: 51(0%), DEF IV: 54(0%), Work Speed: (0%), Skills: Heated Body, Artisan, Unstable
Alpha Xenogard, Level: 33, Rank: 1, Gender: Male, HP IV: 57(0%), ATK IV: 88(3%), DEF IV: 56(0%), Work Speed: (0%), Skills: Otherworldly Cells, Blood of the Dragon, Suntan Lover, Positive Thinker
Anubis, Level: 6, Rank: 1, Gender: Female, HP IV: 3(0%), ATK IV: 100(0%), DEF IV: 0(0%), Work Speed: (0%), Skills: Dragonkiller
Arsox, Level: 23, Rank: 1, Gender: Female, HP IV: 43(0%), ATK IV: 68(0%), DEF IV: 74(0%), Work Speed: (0%), Skills: Cheery
Broncherry, Level: 19, Rank: 1, Gender: Female, HP IV: 77(0%), ATK IV: 25(0%), DEF IV: 83(0%), Work Speed: (0%), Skills: Glutton
Cawgnito, Level: 1, Rank: 1, Gender: Female, HP IV: 82(0%), ATK IV: 0(0%), DEF IV: 40(0%), Work Speed: (0%), Skills: Swift
Digtoise, Level: 19, Rank: 1, Gender: Male, HP IV: 9(0%), ATK IV: 19(0%), DEF IV: 85(0%), Work Speed: (0%), Skills: Hard Skin, Capacitor, Burly Body, Downtrodden
Digtoise, Level: 21, Rank: 1, Gender: Male, HP IV: 23(0%), ATK IV: 55(0%), DEF IV: 4(0%), Work Speed: (0%), Skills: Hard Skin, Masochist
Digtoise, Level: 22, Rank: 1, Gender: Male, HP IV: 15(0%), ATK IV: 82(0%), DEF IV: 44(0%), Work Speed: (0%), Skills: Hard Skin, Brave
Dinossom, Level: 18, Rank: 1, Gender: Male, HP IV: 16(0%), ATK IV: 8(0%), DEF IV: 91(0%), Work Speed: (0%), Skills: Motivational Leader
Direhowl, Level: 13, Rank: 1, Gender: Male, HP IV: 81(0%), ATK IV: 86(0%), DEF IV: 31(0%), Work Speed: (0%), Skills: Sadist
Galeclaw, Level: 18, Rank: 1, Gender: Male, HP IV: 98(0%), ATK IV: 96(0%), DEF IV: 29(0%), Work Speed: (0%), Skills: Coward, Positive Thinker
Gorirat, Level: 11, Rank: 1, Gender: Female, HP IV: 23(0%), ATK IV: 44(0%), DEF IV: 0(0%), Work Speed: (0%), Skills: Hooligan, Pyromaniac, Motivational Leader, Earthquake Resistant
Gorirat, Level: 22, Rank: 1, Gender: Male, HP IV: 2(0%), ATK IV: 71(0%), DEF IV: 6(0%), Work Speed: (0%), Skills: Hooligan, Serious
Grintale, Level: 27, Rank: 1, Gender: Female, HP IV: 16(0%), ATK IV: 64(0%), DEF IV: 35(0%), Work Speed: (0%), Skills: Mine Foreman
Gumoss (Special), Level: 13, Rank: 1, Gender: Female, HP IV: 14(0%), ATK IV: 74(0%), DEF IV: 36(0%), Work Speed: (0%), Skills: Suntan Lover
Gumoss, Level: 1, Rank: 1, Gender: Male, HP IV: 5(0%), ATK IV: 21(0%), DEF IV: 64(0%), Work Speed: (0%), Skills: Botanical Barrier
Helzephyr, Level: 25, Rank: 1, Gender: Male, HP IV: 66(0%), ATK IV: 100(0%), DEF IV: 66(0%), Work Speed: (0%), Skills: Blood of the Dragon, Dragonkiller
Loupmoon, Level: 28, Rank: 1, Gender: Female, HP IV: 3(0%), ATK IV: 100(0%), DEF IV: 6(0%), Work Speed: (0%), Skills: Infinite Stamina
Maraith, Level: 1, Rank: 1, Gender: Female, HP IV: 27(0%), ATK IV: 79(0%), DEF IV: 64(0%), Work Speed: (0%), Skills: Heated Body
Nitewing, Level: 21, Rank: 1, Gender: Male, HP IV: 3(0%), ATK IV: 68(0%), DEF IV: 100(0%), Work Speed: (0%), Skills: Suntan Lover, Clumsy, Nocturnal
Reptyro, Level: 10, Rank: 1, Gender: Female, HP IV: 64(0%), ATK IV: 94(0%), DEF IV: 64(0%), Work Speed: (0%), Skills: Runner
Ribbuny, Level: 12, Rank: 1, Gender: Female, HP IV: 60(0%), ATK IV: 6(0%), DEF IV: 98(0%), Work Speed: (0%), Skills: Swift, Capacitor, Musclehead, Ferocious
Sparkit, Level: 15, Rank: 1, Gender: Male, HP IV: 84(0%), ATK IV: 94(0%), DEF IV: 38(0%), Work Speed: (0%), Skills: Downtrodden
Swee, Level: 1, Rank: 1, Gender: Male, HP IV: 91(0%), ATK IV: 68(0%), DEF IV: 31(0%), Work Speed: (0%)
Sweepa, Level: 17, Rank: 1, Gender: Male, HP IV: 37(0%), ATK IV: 1(0%), DEF IV: 97(0%), Work Speed: (0%), Skills: Blood of the Dragon
Vanwyrm, Level: 1, Rank: 1, Gender: Male, HP IV: 63(0%), ATK IV: 44(0%), DEF IV: 71(0%), Work Speed: (0%), Skills: Swift
Vanwyrm, Level: 19, Rank: 1, Gender: Male, HP IV: 95(0%), ATK IV: 9(0%), DEF IV: 2(0%), Work Speed: (0%), Skills: Musclehead
lililililililililili's 29 Pals
------------------------------
Alpha Fenglope, Level: 25, Rank: 1, Gender: Male, HP IV: 97(0%), ATK IV: 63(0%), DEF IV: 52(0%), Work Speed: (0%), Skills: Zen Mind, Vanguard
Alpha Pyrin noct, Level: 1, Rank: 1, Gender: Male, HP IV: 87(0%), ATK IV: 51(0%), DEF IV: 54(0%), Work Speed: (0%), Skills: Heated Body, Artisan, Unstable
Alpha Xenogard, Level: 33, Rank: 1, Gender: Male, HP IV: 57(0%), ATK IV: 88(3%), DEF IV: 56(0%), Work Speed: (0%), Skills: Otherworldly Cells, Blood of the Dragon, Suntan Lover, Positive Thinker
Anubis, Level: 6, Rank: 1, Gender: Female, HP IV: 3(0%), ATK IV: 100(0%), DEF IV: 0(0%), Work Speed: (0%), Skills: Dragonkiller
Arsox, Level: 23, Rank: 1, Gender: Female, HP IV: 43(0%), ATK IV: 68(0%), DEF IV: 74(0%), Work Speed: (0%), Skills: Cheery
Broncherry, Level: 19, Rank: 1, Gender: Female, HP IV: 77(0%), ATK IV: 25(0%), DEF IV: 83(0%), Work Speed: (0%), Skills: Glutton
Cawgnito, Level: 1, Rank: 1, Gender: Female, HP IV: 82(0%), ATK IV: 0(0%), DEF IV: 40(0%), Work Speed: (0%), Skills: Swift
Digtoise, Level: 19, Rank: 1, Gender: Male, HP IV: 9(0%), ATK IV: 19(0%), DEF IV: 85(0%), Work Speed: (0%), Skills: Hard Skin, Capacitor, Burly Body, Downtrodden
Digtoise, Level: 21, Rank: 1, Gender: Male, HP IV: 23(0%), ATK IV: 55(0%), DEF IV: 4(0%), Work Speed: (0%), Skills: Hard Skin, Masochist
Digtoise, Level: 22, Rank: 1, Gender: Male, HP IV: 15(0%), ATK IV: 82(0%), DEF IV: 44(0%), Work Speed: (0%), Skills: Hard Skin, Brave
Dinossom, Level: 18, Rank: 1, Gender: Male, HP IV: 16(0%), ATK IV: 8(0%), DEF IV: 91(0%), Work Speed: (0%), Skills: Motivational Leader
Direhowl, Level: 13, Rank: 1, Gender: Male, HP IV: 81(0%), ATK IV: 86(0%), DEF IV: 31(0%), Work Speed: (0%), Skills: Sadist
Galeclaw, Level: 18, Rank: 1, Gender: Male, HP IV: 98(0%), ATK IV: 96(0%), DEF IV: 29(0%), Work Speed: (0%), Skills: Coward, Positive Thinker
Gorirat, Level: 11, Rank: 1, Gender: Female, HP IV: 23(0%), ATK IV: 44(0%), DEF IV: 0(0%), Work Speed: (0%), Skills: Hooligan, Pyromaniac, Motivational Leader, Earthquake Resistant
Gorirat, Level: 22, Rank: 1, Gender: Male, HP IV: 2(0%), ATK IV: 71(0%), DEF IV: 6(0%), Work Speed: (0%), Skills: Hooligan, Serious
Grintale, Level: 27, Rank: 1, Gender: Female, HP IV: 16(0%), ATK IV: 64(0%), DEF IV: 35(0%), Work Speed: (0%), Skills: Mine Foreman
Gumoss (Special), Level: 13, Rank: 1, Gender: Female, HP IV: 14(0%), ATK IV: 74(0%), DEF IV: 36(0%), Work Speed: (0%), Skills: Suntan Lover
Gumoss, Level: 1, Rank: 1, Gender: Male, HP IV: 5(0%), ATK IV: 21(0%), DEF IV: 64(0%), Work Speed: (0%), Skills: Botanical Barrier
Helzephyr, Level: 25, Rank: 1, Gender: Male, HP IV: 66(0%), ATK IV: 100(0%), DEF IV: 66(0%), Work Speed: (0%), Skills: Blood of the Dragon, Dragonkiller
Loupmoon, Level: 28, Rank: 1, Gender: Female, HP IV: 3(0%), ATK IV: 100(0%), DEF IV: 6(0%), Work Speed: (0%), Skills: Infinite Stamina
Maraith, Level: 1, Rank: 1, Gender: Female, HP IV: 27(0%), ATK IV: 79(0%), DEF IV: 64(0%), Work Speed: (0%), Skills: Heated Body
Nitewing, Level: 21, Rank: 1, Gender: Male, HP IV: 3(0%), ATK IV: 68(0%), DEF IV: 100(0%), Work Speed: (0%), Skills: Suntan Lover, Clumsy, Nocturnal
Reptyro, Level: 10, Rank: 1, Gender: Female, HP IV: 64(0%), ATK IV: 94(0%), DEF IV: 64(0%), Work Speed: (0%), Skills: Runner
Ribbuny, Level: 12, Rank: 1, Gender: Female, HP IV: 60(0%), ATK IV: 6(0%), DEF IV: 98(0%), Work Speed: (0%), Skills: Swift, Capacitor, Musclehead, Ferocious
Sparkit, Level: 15, Rank: 1, Gender: Male, HP IV: 84(0%), ATK IV: 94(0%), DEF IV: 38(0%), Work Speed: (0%), Skills: Downtrodden
Swee, Level: 1, Rank: 1, Gender: Male, HP IV: 91(0%), ATK IV: 68(0%), DEF IV: 31(0%), Work Speed: (0%)
Sweepa, Level: 17, Rank: 1, Gender: Male, HP IV: 37(0%), ATK IV: 1(0%), DEF IV: 97(0%), Work Speed: (0%), Skills: Blood of the Dragon
Vanwyrm, Level: 1, Rank: 1, Gender: Male, HP IV: 63(0%), ATK IV: 44(0%), DEF IV: 71(0%), Work Speed: (0%), Skills: Swift
Vanwyrm, Level: 19, Rank: 1, Gender: Male, HP IV: 95(0%), ATK IV: 9(0%), DEF IV: 2(0%), Work Speed: (0%), Skills: Musclehead
lililililililililili's 29 Pals
------------------------------
Alpha Fenglope, Level: 25, Rank: 1, Gender: Male, HP IV: 97(0%), ATK IV: 63(0%), DEF IV: 52(0%), Work Speed: (0%), Skills: Zen Mind, Vanguard
Alpha Pyrin noct, Level: 1, Rank: 1, Gender: Male, HP IV: 87(0%), ATK IV: 51(0%), DEF IV: 54(0%), Work Speed: (0%), Skills: Heated Body, Artisan, Unstable
Alpha Xenogard, Level: 33, Rank: 1, Gender: Male, HP IV: 57(0%), ATK IV: 88(3%), DEF IV: 56(0%), Work Speed: (0%), Skills: Otherworldly Cells, Blood of the Dragon, Suntan Lover, Positive Thinker
Anubis, Level: 6, Rank: 1, Gender: Female, HP IV: 3(0%), ATK IV: 100(0%), DEF IV: 0(0%), Work Speed: (0%), Skills: Dragonkiller
Arsox, Level: 23, Rank: 1, Gender: Female, HP IV: 43(0%), ATK IV: 68(0%), DEF IV: 74(0%), Work Speed: (0%), Skills: Cheery
Broncherry, Level: 19, Rank: 1, Gender: Female, HP IV: 77(0%), ATK IV: 25(0%), DEF IV: 83(0%), Work Speed: (0%), Skills: Glutton
Cawgnito, Level: 1, Rank: 1, Gender: Female, HP IV: 82(0%), ATK IV: 0(0%), DEF IV: 40(0%), Work Speed: (0%), Skills: Swift
Digtoise, Level: 19, Rank: 1, Gender: Male, HP IV: 9(0%), ATK IV: 19(0%), DEF IV: 85(0%), Work Speed: (0%), Skills: Hard Skin, Capacitor, Burly Body, Downtrodden
Digtoise, Level: 21, Rank: 1, Gender: Male, HP IV: 23(0%), ATK IV: 55(0%), DEF IV: 4(0%), Work Speed: (0%), Skills: Hard Skin, Masochist
Digtoise, Level: 22, Rank: 1, Gender: Male, HP IV: 15(0%), ATK IV: 82(0%), DEF IV: 44(0%), Work Speed: (0%), Skills: Hard Skin, Brave
Dinossom, Level: 18, Rank: 1, Gender: Male, HP IV: 16(0%), ATK IV: 8(0%), DEF IV: 91(0%), Work Speed: (0%), Skills: Motivational Leader
Direhowl, Level: 13, Rank: 1, Gender: Male, HP IV: 81(0%), ATK IV: 86(0%), DEF IV: 31(0%), Work Speed: (0%), Skills: Sadist
Galeclaw, Level: 18, Rank: 1, Gender: Male, HP IV: 98(0%), ATK IV: 96(0%), DEF IV: 29(0%), Work Speed: (0%), Skills: Coward, Positive Thinker
Gorirat, Level: 11, Rank: 1, Gender: Female, HP IV: 23(0%), ATK IV: 44(0%), DEF IV: 0(0%), Work Speed: (0%), Skills: Hooligan, Pyromaniac, Motivational Leader, Earthquake Resistant
Gorirat, Level: 22, Rank: 1, Gender: Male, HP IV: 2(0%), ATK IV: 71(0%), DEF IV: 6(0%), Work Speed: (0%), Skills: Hooligan, Serious
Grintale, Level: 27, Rank: 1, Gender: Female, HP IV: 16(0%), ATK IV: 64(0%), DEF IV: 35(0%), Work Speed: (0%), Skills: Mine Foreman
Gumoss (Special), Level: 13, Rank: 1, Gender: Female, HP IV: 14(0%), ATK IV: 74(0%), DEF IV: 36(0%), Work Speed: (0%), Skills: Suntan Lover
Gumoss, Level: 1, Rank: 1, Gender: Male, HP IV: 5(0%), ATK IV: 21(0%), DEF IV: 64(0%), Work Speed: (0%), Skills: Botanical Barrier
Helzephyr, Level: 25, Rank: 1, Gender: Male, HP IV: 66(0%), ATK IV: 100(0%), DEF IV: 66(0%), Work Speed: (0%), Skills: Blood of the Dragon, Dragonkiller
Loupmoon, Level: 28, Rank: 1, Gender: Female, HP IV: 3(0%), ATK IV: 100(0%), DEF IV: 6(0%), Work Speed: (0%), Skills: Infinite Stamina
Maraith, Level: 1, Rank: 1, Gender: Female, HP IV: 27(0%), ATK IV: 79(0%), DEF IV: 64(0%), Work Speed: (0%), Skills: Heated Body
Nitewing, Level: 21, Rank: 1, Gender: Male, HP IV: 3(0%), ATK IV: 68(0%), DEF IV: 100(0%), Work Speed: (0%), Skills: Suntan Lover, Clumsy, Nocturnal
Reptyro, Level: 10, Rank: 1, Gender: Female, HP IV: 64(0%), ATK IV: 94(0%), DEF IV: 64(0%), Work Speed: (0%), Skills: Runner
Ribbuny, Level: 12, Rank: 1, Gender: Female, HP IV: 60(0%), ATK IV: 6(0%), DEF IV: 98(0%), Work Speed: (0%), Skills: Swift, Capacitor, Musclehead, Ferocious
Sparkit, Level: 15, Rank: 1, Gender: Male, HP IV: 84(0%), ATK IV: 94(0%), DEF IV: 38(0%), Work Speed: (0%), Skills: Downtrodden
Swee, Level: 1, Rank: 1, Gender: Male, HP IV: 91(0%), ATK IV: 68(0%), DEF IV: 31(0%), Work Speed: (0%)
Sweepa, Level: 17, Rank: 1, Gender: Male, HP IV: 37(0%), ATK IV: 1(0%), DEF IV: 97(0%), Work Speed: (0%), Skills: Blood of the Dragon
Vanwyrm, Level: 1, Rank: 1, Gender: Male, HP IV: 63(0%), ATK IV: 44(0%), DEF IV: 71(0%), Work Speed: (0%), Skills: Swift
Vanwyrm, Level: 19, Rank: 1, Gender: Male, HP IV: 95(0%), ATK IV: 9(0%), DEF IV: 2(0%), Work Speed: (0%), Skills: Musclehead
lililililililililili's 29 Pals
------------------------------
Alpha Fenglope, Level: 25, Rank: 1, Gender: Male, HP IV: 97(0%), ATK IV: 63(0%), DEF IV: 52(0%), Work Speed: (0%), Skills: Zen Mind, Vanguard
Alpha Pyrin noct, Level: 1, Rank: 1, Gender: Male, HP IV: 87(0%), ATK IV: 51(0%), DEF IV: 54(0%), Work Speed: (0%), Skills: Heated Body, Artisan, Unstable
Alpha Xenogard, Level: 33, Rank: 1, Gender: Male, HP IV: 57(0%), ATK IV: 88(3%), DEF IV: 56(0%), Work Speed: (0%), Skills: Otherworldly Cells, Blood of the Dragon, Suntan Lover, Positive Thinker
Anubis, Level: 6, Rank: 1, Gender: Female, HP IV: 3(0%), ATK IV: 100(0%), DEF IV: 0(0%), Work Speed: (0%), Skills: Dragonkiller
Arsox, Level: 23, Rank: 1, Gender: Female, HP IV: 43(0%), ATK IV: 68(0%), DEF IV: 74(0%), Work Speed: (0%), Skills: Cheery
Broncherry, Level: 19, Rank: 1, Gender: Female, HP IV: 77(0%), ATK IV: 25(0%), DEF IV: 83(0%), Work Speed: (0%), Skills: Glutton
Cawgnito, Level: 1, Rank: 1, Gender: Female, HP IV: 82(0%), ATK IV: 0(0%), DEF IV: 40(0%), Work Speed: (0%), Skills: Swift
Digtoise, Level: 19, Rank: 1, Gender: Male, HP IV: 9(0%), ATK IV: 19(0%), DEF IV: 85(0%), Work Speed: (0%), Skills: Hard Skin, Capacitor, Burly Body, Downtrodden
Digtoise, Level: 21, Rank: 1, Gender: Male, HP IV: 23(0%), ATK IV: 55(0%), DEF IV: 4(0%), Work Speed: (0%), Skills: Hard Skin, Masochist
Digtoise, Level: 22, Rank: 1, Gender: Male, HP IV: 15(0%), ATK IV: 82(0%), DEF IV: 44(0%), Work Speed: (0%), Skills: Hard Skin, Brave
Dinossom, Level: 18, Rank: 1, Gender: Male, HP IV: 16(0%), ATK IV: 8(0%), DEF IV: 91(0%), Work Speed: (0%), Skills: Motivational Leader
Direhowl, Level: 13, Rank: 1, Gender: Male, HP IV: 81(0%), ATK IV: 86(0%), DEF IV: 31(0%), Work Speed: (0%), Skills: Sadist
Galeclaw, Level: 18, Rank: 1, Gender: Male, HP IV: 98(0%), ATK IV: 96(0%), DEF IV: 29(0%), Work Speed: (0%), Skills: Coward, Positive Thinker
Gorirat, Level: 11, Rank: 1, Gender: Female, HP IV: 23(0%), ATK IV: 44(0%), DEF IV: 0(0%), Work Speed: (0%), Skills: Hooligan, Pyromaniac, Motivational Leader, Earthquake Resistant
Gorirat, Level: 22, Rank: 1, Gender: Male, HP IV: 2(0%), ATK IV: 71(0%), DEF IV: 6(0%), Work Speed: (0%), Skills: Hooligan, Serious
Grintale, Level: 27, Rank: 1, Gender: Female, HP IV: 16(0%), ATK IV: 64(0%), DEF IV: 35(0%), Work Speed: (0%), Skills: Mine Foreman
Gumoss (Special), Level: 13, Rank: 1, Gender: Female, HP IV: 14(0%), ATK IV: 74(0%), DEF IV: 36(0%), Work Speed: (0%), Skills: Suntan Lover
Gumoss, Level: 1, Rank: 1, Gender: Male, HP IV: 5(0%), ATK IV: 21(0%), DEF IV: 64(0%), Work Speed: (0%), Skills: Botanical Barrier
Helzephyr, Level: 25, Rank: 1, Gender: Male, HP IV: 66(0%), ATK IV: 100(0%), DEF IV: 66(0%), Work Speed: (0%), Skills: Blood of the Dragon, Dragonkiller
Loupmoon, Level: 28, Rank: 1, Gender: Female, HP IV: 3(0%), ATK IV: 100(0%), DEF IV: 6(0%), Work Speed: (0%), Skills: Infinite Stamina
Maraith, Level: 1, Rank: 1, Gender: Female, HP IV: 27(0%), ATK IV: 79(0%), DEF IV: 64(0%), Work Speed: (0%), Skills: Heated Body
Nitewing, Level: 21, Rank: 1, Gender: Male, HP IV: 3(0%), ATK IV: 68(0%), DEF IV: 100(0%), Work Speed: (0%), Skills: Suntan Lover, Clumsy, Nocturnal
Reptyro, Level: 10, Rank: 1, Gender: Female, HP IV: 64(0%), ATK IV: 94(0%), DEF IV: 64(0%), Work Speed: (0%), Skills: Runner
Ribbuny, Level: 12, Rank: 1, Gender: Female, HP IV: 60(0%), ATK IV: 6(0%), DEF IV: 98(0%), Work Speed: (0%), Skills: Swift, Capacitor, Musclehead, Ferocious
Sparkit, Level: 15, Rank: 1, Gender: Male, HP IV: 84(0%), ATK IV: 94(0%), DEF IV: 38(0%), Work Speed: (0%), Skills: Downtrodden
Swee, Level: 1, Rank: 1, Gender: Male, HP IV: 91(0%), ATK IV: 68(0%), DEF IV: 31(0%), Work Speed: (0%)
Sweepa, Level: 17, Rank: 1, Gender: Male, HP IV: 37(0%), ATK IV: 1(0%), DEF IV: 97(0%), Work Speed: (0%), Skills: Blood of the Dragon
Vanwyrm, Level: 1, Rank: 1, Gender: Male, HP IV: 63(0%), ATK IV: 44(0%), DEF IV: 71(0%), Work Speed: (0%), Skills: Swift
Vanwyrm, Level: 19, Rank: 1, Gender: Male, HP IV: 95(0%), ATK IV: 9(0%), DEF IV: 2(0%), Work Speed: (0%), Skills: Musclehead
lililililililililili's 29 Pals
------------------------------
Alpha Fenglope, Level: 25, Rank: 1, Gender: Male, HP IV: 97(0%), ATK IV: 63(0%), DEF IV: 52(0%), Work Speed: (0%), Skills: Zen Mind, Vanguard
Alpha Pyrin noct, Level: 1, Rank: 1, Gender: Male, HP IV: 87(0%), ATK IV: 51(0%), DEF IV: 54(0%), Work Speed: (0%), Skills: Heated Body, Artisan, Unstable
Alpha Xenogard, Level: 33, Rank: 1, Gender: Male, HP IV: 57(0%), ATK IV: 88(3%), DEF IV: 56(0%), Work Speed: (0%), Skills: Otherworldly Cells, Blood of the Dragon, Suntan Lover, Positive Thinker
Anubis, Level: 6, Rank: 1, Gender: Female, HP IV: 3(0%), ATK IV: 100(0%), DEF IV: 0(0%), Work Speed: (0%), Skills: Dragonkiller
Arsox, Level: 23, Rank: 1, Gender: Female, HP IV: 43(0%), ATK IV: 68(0%), DEF IV: 74(0%), Work Speed: (0%), Skills: Cheery
Broncherry, Level: 19, Rank: 1, Gender: Female, HP IV: 77(0%), ATK IV: 25(0%), DEF IV: 83(0%), Work Speed: (0%), Skills: Glutton
Cawgnito, Level: 1, Rank: 1, Gender: Female, HP IV: 82(0%), ATK IV: 0(0%), DEF IV: 40(0%), Work Speed: (0%), Skills: Swift
Digtoise, Level: 19, Rank: 1, Gender: Male, HP IV: 9(0%), ATK IV: 19(0%), DEF IV: 85(0%), Work Speed: (0%), Skills: Hard Skin, Capacitor, Burly Body, Downtrodden
Digtoise, Level: 21, Rank: 1, Gender: Male, HP IV: 23(0%), ATK IV: 55(0%), DEF IV: 4(0%), Work Speed: (0%), Skills: Hard Skin, Masochist
Digtoise, Level: 22, Rank: 1, Gender: Male, HP IV: 15(0%), ATK IV: 82(0%), DEF IV: 44(0%), Work Speed: (0%), Skills: Hard Skin, Brave
Dinossom, Level: 18, Rank: 1, Gender: Male, HP IV: 16(0%), ATK IV: 8(0%), DEF IV: 91(0%), Work Speed: (0%), Skills: Motivational Leader
Direhowl, Level: 13, Rank: 1, Gender: Male, HP IV: 81(0%), ATK IV: 86(0%), DEF IV: 31(0%), Work Speed: (0%), Skills: Sadist
Galeclaw, Level: 18, Rank: 1, Gender: Male, HP IV: 98(0%), ATK IV: 96(0%), DEF IV: 29(0%), Work Speed: (0%), Skills: Coward, Positive Thinker
Gorirat, Level: 11, Rank: 1, Gender: Female, HP IV: 23(0%), ATK IV: 44(0%), DEF IV: 0(0%), Work Speed: (0%), Skills: Hooligan, Pyromaniac, Motivational Leader, Earthquake Resistant
Gorirat, Level: 22, Rank: 1, Gender: Male, HP IV: 2(0%), ATK IV: 71(0%), DEF IV: 6(0%), Work Speed: (0%), Skills: Hooligan, Serious
Grintale, Level: 27, Rank: 1, Gender: Female, HP IV: 16(0%), ATK IV: 64(0%), DEF IV: 35(0%), Work Speed: (0%), Skills: Mine Foreman
Gumoss (Special), Level: 13, Rank: 1, Gender: Female, HP IV: 14(0%), ATK IV: 74(0%), DEF IV: 36(0%), Work Speed: (0%), Skills: Suntan Lover
Gumoss, Level: 1, Rank: 1, Gender: Male, HP IV: 5(0%), ATK IV: 21(0%), DEF IV: 64(0%), Work Speed: (0%), Skills: Botanical Barrier
Helzephyr, Level: 25, Rank: 1, Gender: Male, HP IV: 66(0%), ATK IV: 100(0%), DEF IV: 66(0%), Work Speed: (0%), Skills: Blood of the Dragon, Dragonkiller
Loupmoon, Level: 28, Rank: 1, Gender: Female, HP IV: 3(0%), ATK IV: 100(0%), DEF IV: 6(0%), Work Speed: (0%), Skills: Infinite Stamina
Maraith, Level: 1, Rank: 1, Gender: Female, HP IV: 27(0%), ATK IV: 79(0%), DEF IV: 64(0%), Work Speed: (0%), Skills: Heated Body
Nitewing, Level: 21, Rank: 1, Gender: Male, HP IV: 3(0%), ATK IV: 68(0%), DEF IV: 100(0%), Work Speed: (0%), Skills: Suntan Lover, Clumsy, Nocturnal
Reptyro, Level: 10, Rank: 1, Gender: Female, HP IV: 64(0%), ATK IV: 94(0%), DEF IV: 64(0%), Work Speed: (0%), Skills: Runner
Ribbuny, Level: 12, Rank: 1, Gender: Female, HP IV: 60(0%), ATK IV: 6(0%), DEF IV: 98(0%), Work Speed: (0%), Skills: Swift, Capacitor, Musclehead, Ferocious
Sparkit, Level: 15, Rank: 1, Gender: Male, HP IV: 84(0%), ATK IV: 94(0%), DEF IV: 38(0%), Work Speed: (0%), Skills: Downtrodden
Swee, Level: 1, Rank: 1, Gender: Male, HP IV: 91(0%), ATK IV: 68(0%), DEF IV: 31(0%), Work Speed: (0%)
Sweepa, Level: 17, Rank: 1, Gender: Male, HP IV: 37(0%), ATK IV: 1(0%), DEF IV: 97(0%), Work Speed: (0%), Skills: Blood of the Dragon
Vanwyrm, Level: 1, Rank: 1, Gender: Male, HP IV: 63(0%), ATK IV: 44(0%), DEF IV: 71(0%), Work Speed: (0%), Skills: Swift
Vanwyrm, Level: 19, Rank: 1, Gender: Male, HP IV: 95(0%), ATK IV: 9(0%), DEF IV: 2(0%), Work Speed: (0%), Skills: Musclehead
lililililililililili's 29 Pals
------------------------------
Alpha Fenglope, Level: 25, Rank: 1, Gender: Male, HP IV: 97(0%), ATK IV: 63(0%), DEF IV: 52(0%), Work Speed: (0%), Skills: Zen Mind, Vanguard
Alpha Pyrin noct, Level: 1, Rank: 1, Gender: Male, HP IV: 87(0%), ATK IV: 51(0%), DEF IV: 54(0%), Work Speed: (0%), Skills: Heated Body, Artisan, Unstable
Alpha Xenogard, Level: 33, Rank: 1, Gender: Male, HP IV: 57(0%), ATK IV: 88(3%), DEF IV: 56(0%), Work Speed: (0%), Skills: Otherworldly Cells, Blood of the Dragon, Suntan Lover, Positive Thinker
Anubis, Level: 6, Rank: 1, Gender: Female, HP IV: 3(0%), ATK IV: 100(0%), DEF IV: 0(0%), Work Speed: (0%), Skills: Dragonkiller
Arsox, Level: 23, Rank: 1, Gender: Female, HP IV: 43(0%), ATK IV: 68(0%), DEF IV: 74(0%), Work Speed: (0%), Skills: Cheery
Broncherry, Level: 19, Rank: 1, Gender: Female, HP IV: 77(0%), ATK IV: 25(0%), DEF IV: 83(0%), Work Speed: (0%), Skills: Glutton
Cawgnito, Level: 1, Rank: 1, Gender: Female, HP IV: 82(0%), ATK IV: 0(0%), DEF IV: 40(0%), Work Speed: (0%), Skills: Swift
Digtoise, Level: 19, Rank: 1, Gender: Male, HP IV: 9(0%), ATK IV: 19(0%), DEF IV: 85(0%), Work Speed: (0%), Skills: Hard Skin, Capacitor, Burly Body, Downtrodden
Digtoise, Level: 21, Rank: 1, Gender: Male, HP IV: 23(0%), ATK IV: 55(0%), DEF IV: 4(0%), Work Speed: (0%), Skills: Hard Skin, Masochist
Digtoise, Level: 22, Rank: 1, Gender: Male, HP IV: 15(0%), ATK IV: 82(0%), DEF IV: 44(0%), Work Speed: (0%), Skills: Hard Skin, Brave
Dinossom, Level: 18, Rank: 1, Gender: Male, HP IV: 16(0%), ATK IV: 8(0%), DEF IV: 91(0%), Work Speed: (0%), Skills: Motivational Leader
Direhowl, Level: 13, Rank: 1, Gender: Male, HP IV: 81(0%), ATK IV: 86(0%), DEF IV: 31(0%), Work Speed: (0%), Skills: Sadist
Galeclaw, Level: 18, Rank: 1, Gender: Male, HP IV: 98(0%), ATK IV: 96(0%), DEF IV: 29(0%), Work Speed: (0%), Skills: Coward, Positive Thinker
Gorirat, Level: 11, Rank: 1, Gender: Female, HP IV: 23(0%), ATK IV: 44(0%), DEF IV: 0(0%), Work Speed: (0%), Skills: Hooligan, Pyromaniac, Motivational Leader, Earthquake Resistant
Gorirat, Level: 22, Rank: 1, Gender: Male, HP IV: 2(0%), ATK IV: 71(0%), DEF IV: 6(0%), Work Speed: (0%), Skills: Hooligan, Serious
Grintale, Level: 27, Rank: 1, Gender: Female, HP IV: 16(0%), ATK IV: 64(0%), DEF IV: 35(0%), Work Speed: (0%), Skills: Mine Foreman
Gumoss (Special), Level: 13, Rank: 1, Gender: Female, HP IV: 14(0%), ATK IV: 74(0%), DEF IV: 36(0%), Work Speed: (0%), Skills: Suntan Lover
Gumoss, Level: 1, Rank: 1, Gender: Male, HP IV: 5(0%), ATK IV: 21(0%), DEF IV: 64(0%), Work Speed: (0%), Skills: Botanical Barrier
Helzephyr, Level: 25, Rank: 1, Gender: Male, HP IV: 66(0%), ATK IV: 100(0%), DEF IV: 66(0%), Work Speed: (0%), Skills: Blood of the Dragon, Dragonkiller
Loupmoon, Level: 28, Rank: 1, Gender: Female, HP IV: 3(0%), ATK IV: 100(0%), DEF IV: 6(0%), Work Speed: (0%), Skills: Infinite Stamina
Maraith, Level: 1, Rank: 1, Gender: Female, HP IV: 27(0%), ATK IV: 79(0%), DEF IV: 64(0%), Work Speed: (0%), Skills: Heated Body
Nitewing, Level: 21, Rank: 1, Gender: Male, HP IV: 3(0%), ATK IV: 68(0%), DEF IV: 100(0%), Work Speed: (0%), Skills: Suntan Lover, Clumsy, Nocturnal
Reptyro, Level: 10, Rank: 1, Gender: Female, HP IV: 64(0%), ATK IV: 94(0%), DEF IV: 64(0%), Work Speed: (0%), Skills: Runner
Ribbuny, Level: 12, Rank: 1, Gender: Female, HP IV: 60(0%), ATK IV: 6(0%), DEF IV: 98(0%), Work Speed: (0%), Skills: Swift, Capacitor, Musclehead, Ferocious
Sparkit, Level: 15, Rank: 1, Gender: Male, HP IV: 84(0%), ATK IV: 94(0%), DEF IV: 38(0%), Work Speed: (0%), Skills: Downtrodden
Swee, Level: 1, Rank: 1, Gender: Male, HP IV: 91(0%), ATK IV: 68(0%), DEF IV: 31(0%), Work Speed: (0%)
Sweepa, Level: 17, Rank: 1, Gender: Male, HP IV: 37(0%), ATK IV: 1(0%), DEF IV: 97(0%), Work Speed: (0%), Skills: Blood of the Dragon
Vanwyrm, Level: 1, Rank: 1, Gender: Male, HP IV: 63(0%), ATK IV: 44(0%), DEF IV: 71(0%), Work Speed: (0%), Skills: Swift
Vanwyrm, Level: 19, Rank: 1, Gender: Male, HP IV: 95(0%), ATK IV: 9(0%), DEF IV: 2(0%), Work Speed: (0%), Skills: Musclehead
lililililililililili's 29 Pals
------------------------------
Alpha Fenglope, Level: 25, Rank: 1, Gender: Male, HP IV: 97(0%), ATK IV: 63(0%), DEF IV: 52(0%), Work Speed: (0%), Skills: Zen Mind, Vanguard
Alpha Pyrin noct, Level: 1, Rank: 1, Gender: Male, HP IV: 87(0%), ATK IV: 51(0%), DEF IV: 54(0%), Work Speed: (0%), Skills: Heated Body, Artisan, Unstable
Alpha Xenogard, Level: 33, Rank: 1, Gender: Male, HP IV: 57(0%), ATK IV: 88(3%), DEF IV: 56(0%), Work Speed: (0%), Skills: Otherworldly Cells, Blood of the Dragon, Suntan Lover, Positive Thinker
Anubis, Level: 6, Rank: 1, Gender: Female, HP IV: 3(0%), ATK IV: 100(0%), DEF IV: 0(0%), Work Speed: (0%), Skills: Dragonkiller
Arsox, Level: 23, Rank: 1, Gender: Female, HP IV: 43(0%), ATK IV: 68(0%), DEF IV: 74(0%), Work Speed: (0%), Skills: Cheery
Broncherry, Level: 19, Rank: 1, Gender: Female, HP IV: 77(0%), ATK IV: 25(0%), DEF IV: 83(0%), Work Speed: (0%), Skills: Glutton
Cawgnito, Level: 1, Rank: 1, Gender: Female, HP IV: 82(0%), ATK IV: 0(0%), DEF IV: 40(0%), Work Speed: (0%), Skills: Swift
Digtoise, Level: 19, Rank: 1, Gender: Male, HP IV: 9(0%), ATK IV: 19(0%), DEF IV: 85(0%), Work Speed: (0%), Skills: Hard Skin, Capacitor, Burly Body, Downtrodden
Digtoise, Level: 21, Rank: 1, Gender: Male, HP IV: 23(0%), ATK IV: 55(0%), DEF IV: 4(0%), Work Speed: (0%), Skills: Hard Skin, Masochist
Digtoise, Level: 22, Rank: 1, Gender: Male, HP IV: 15(0%), ATK IV: 82(0%), DEF IV: 44(0%), Work Speed: (0%), Skills: Hard Skin, Brave
Dinossom, Level: 18, Rank: 1, Gender: Male, HP IV: 16(0%), ATK IV: 8(0%), DEF IV: 91(0%), Work Speed: (0%), Skills: Motivational Leader
Direhowl, Level: 13, Rank: 1, Gender: Male, HP IV: 81(0%), ATK IV: 86(0%), DEF IV: 31(0%), Work Speed: (0%), Skills: Sadist
Galeclaw, Level: 18, Rank: 1, Gender: Male, HP IV: 98(0%), ATK IV: 96(0%), DEF IV: 29(0%), Work Speed: (0%), Skills: Coward, Positive Thinker
Gorirat, Level: 11, Rank: 1, Gender: Female, HP IV: 23(0%), ATK IV: 44(0%), DEF IV: 0(0%), Work Speed: (0%), Skills: Hooligan, Pyromaniac, Motivational Leader, Earthquake Resistant
Gorirat, Level: 22, Rank: 1, Gender: Male, HP IV: 2(0%), ATK IV: 71(0%), DEF IV: 6(0%), Work Speed: (0%), Skills: Hooligan, Serious
Grintale, Level: 27, Rank: 1, Gender: Female, HP IV: 16(0%), ATK IV: 64(0%), DEF IV: 35(0%), Work Speed: (0%), Skills: Mine Foreman
Gumoss (Special), Level: 13, Rank: 1, Gender: Female, HP IV: 14(0%), ATK IV: 74(0%), DEF IV: 36(0%), Work Speed: (0%), Skills: Suntan Lover
Gumoss, Level: 1, Rank: 1, Gender: Male, HP IV: 5(0%), ATK IV: 21(0%), DEF IV: 64(0%), Work Speed: (0%), Skills: Botanical Barrier
Helzephyr, Level: 25, Rank: 1, Gender: Male, HP IV: 66(0%), ATK IV: 100(0%), DEF IV: 66(0%), Work Speed: (0%), Skills: Blood of the Dragon, Dragonkiller
Loupmoon, Level: 28, Rank: 1, Gender: Female, HP IV: 3(0%), ATK IV: 100(0%), DEF IV: 6(0%), Work Speed: (0%), Skills: Infinite Stamina
Maraith, Level: 1, Rank: 1, Gender: Female, HP IV: 27(0%), ATK IV: 79(0%), DEF IV: 64(0%), Work Speed: (0%), Skills: Heated Body
Nitewing, Level: 21, Rank: 1, Gender: Male, HP IV: 3(0%), ATK IV: 68(0%), DEF IV: 100(0%), Work Speed: (0%), Skills: Suntan Lover, Clumsy, Nocturnal
Reptyro, Level: 10, Rank: 1, Gender: Female, HP IV: 64(0%), ATK IV: 94(0%), DEF IV: 64(0%), Work Speed: (0%), Skills: Runner
Ribbuny, Level: 12, Rank: 1, Gender: Female, HP IV: 60(0%), ATK IV: 6(0%), DEF IV: 98(0%), Work Speed: (0%), Skills: Swift, Capacitor, Musclehead, Ferocious
Sparkit, Level: 15, Rank: 1, Gender: Male, HP IV: 84(0%), ATK IV: 94(0%), DEF IV: 38(0%), Work Speed: (0%), Skills: Downtrodden
Swee, Level: 1, Rank: 1, Gender: Male, HP IV: 91(0%), ATK IV: 68(0%), DEF IV: 31(0%), Work Speed: (0%)
Sweepa, Level: 17, Rank: 1, Gender: Male, HP IV: 37(0%), ATK IV: 1(0%), DEF IV: 97(0%), Work Speed: (0%), Skills: Blood of the Dragon
Vanwyrm, Level: 1, Rank: 1, Gender: Male, HP IV: 63(0%), ATK IV: 44(0%), DEF IV: 71(0%), Work Speed: (0%), Skills: Swift
Vanwyrm, Level: 19, Rank: 1, Gender: Male, HP IV: 95(0%), ATK IV: 9(0%), DEF IV: 2(0%), Work Speed: (0%), Skills: Musclehead
