Littlegreengnome's 3 Pals
-------------------------
Direhowl, Level: 14, Rank: 1, Gender: Male, HP IV: 60(0%), ATK IV: 13(0%), DEF IV: 85(0%), Work Speed: (0%), Skills: Nocturnal
Sparkit, Level: 9, Rank: 1, Gender: Male, HP IV: 71(0%), ATK IV: 55(0%), DEF IV: 95(0%), Work Speed: (0%), Skills: Coldblooded
Tanzee, Level: 6, Rank: 1, Gender: Female, HP IV: 37(0%), ATK IV: 40(0%), DEF IV: 26(0%), Work Speed: (0%)
Littlegreengnome's 3 Pals
-------------------------
Direhowl, Level: 14, Rank: 1, Gender: Male, HP IV: 60(0%), ATK IV: 13(0%), DEF IV: 85(0%), Work Speed: (0%), Skills: Nocturnal
Sparkit, Level: 9, Rank: 1, Gender: Male, HP IV: 71(0%), ATK IV: 55(0%), DEF IV: 95(0%), Work Speed: (0%), Skills: Coldblooded
Tanzee, Level: 6, Rank: 1, Gender: Female, HP IV: 37(0%), ATK IV: 40(0%), DEF IV: 26(0%), Work Speed: (0%)
Littlegreengnome's 3 Pals
-------------------------
Direhowl, Level: 14, Rank: 1, Gender: Male, HP IV: 60(0%), ATK IV: 13(0%), DEF IV: 85(0%), Work Speed: (0%), Skills: Nocturnal
Sparkit, Level: 9, Rank: 1, Gender: Male, HP IV: 71(0%), ATK IV: 55(0%), DEF IV: 95(0%), Work Speed: (0%), Skills: Coldblooded
Tanzee, Level: 6, Rank: 1, Gender: Female, HP IV: 37(0%), ATK IV: 40(0%), DEF IV: 26(0%), Work Speed: (0%)
Littlegreengnome's 3 Pals
-------------------------
Direhowl, Level: 14, Rank: 1, Gender: Male, HP IV: 60(0%), ATK IV: 13(0%), DEF IV: 85(0%), Work Speed: (0%), Skills: Nocturnal
Sparkit, Level: 9, Rank: 1, Gender: Male, HP IV: 71(0%), ATK IV: 55(0%), DEF IV: 95(0%), Work Speed: (0%), Skills: Coldblooded
Tanzee, Level: 6, Rank: 1, Gender: Female, HP IV: 37(0%), ATK IV: 40(0%), DEF IV: 26(0%), Work Speed: (0%)
Littlegreengnome's 3 Pals
-------------------------
Direhowl, Level: 14, Rank: 1, Gender: Male, HP IV: 60(0%), ATK IV: 13(0%), DEF IV: 85(0%), Work Speed: (0%), Skills: Nocturnal
Sparkit, Level: 9, Rank: 1, Gender: Male, HP IV: 71(0%), ATK IV: 55(0%), DEF IV: 95(0%), Work Speed: (0%), Skills: Coldblooded
Tanzee, Level: 6, Rank: 1, Gender: Female, HP IV: 37(0%), ATK IV: 40(0%), DEF IV: 26(0%), Work Speed: (0%)
Littlegreengnome's 3 Pals
-------------------------
Direhowl, Level: 14, Rank: 1, Gender: Male, HP IV: 60(0%), ATK IV: 13(0%), DEF IV: 85(0%), Work Speed: (0%), Skills: Nocturnal
Sparkit, Level: 9, Rank: 1, Gender: Male, HP IV: 71(0%), ATK IV: 55(0%), DEF IV: 95(0%), Work Speed: (0%), Skills: Coldblooded
Tanzee, Level: 6, Rank: 1, Gender: Female, HP IV: 37(0%), ATK IV: 40(0%), DEF IV: 26(0%), Work Speed: (0%)
Littlegreengnome's 3 Pals
-------------------------
Direhowl, Level: 14, Rank: 1, Gender: Male, HP IV: 60(0%), ATK IV: 13(0%), DEF IV: 85(0%), Work Speed: (0%), Skills: Nocturnal
Sparkit, Level: 9, Rank: 1, Gender: Male, HP IV: 71(0%), ATK IV: 55(0%), DEF IV: 95(0%), Work Speed: (0%), Skills: Coldblooded
Tanzee, Level: 6, Rank: 1, Gender: Female, HP IV: 37(0%), ATK IV: 40(0%), DEF IV: 26(0%), Work Speed: (0%)
Littlegreengnome's 3 Pals
-------------------------
Direhowl, Level: 14, Rank: 1, Gender: Male, HP IV: 60(0%), ATK IV: 13(0%), DEF IV: 85(0%), Work Speed: (0%), Skills: Nocturnal
Sparkit, Level: 9, Rank: 1, Gender: Male, HP IV: 71(0%), ATK IV: 55(0%), DEF IV: 95(0%), Work Speed: (0%), Skills: Coldblooded
Tanzee, Level: 6, Rank: 1, Gender: Female, HP IV: 37(0%), ATK IV: 40(0%), DEF IV: 26(0%), Work Speed: (0%)
Littlegreengnome's 3 Pals
-------------------------
Direhowl, Level: 14, Rank: 1, Gender: Male, HP IV: 60(0%), ATK IV: 13(0%), DEF IV: 85(0%), Work Speed: (0%), Skills: Nocturnal
Sparkit, Level: 9, Rank: 1, Gender: Male, HP IV: 71(0%), ATK IV: 55(0%), DEF IV: 95(0%), Work Speed: (0%), Skills: Coldblooded
Tanzee, Level: 6, Rank: 1, Gender: Female, HP IV: 37(0%), ATK IV: 40(0%), DEF IV: 26(0%), Work Speed: (0%)
Littlegreengnome's 3 Pals
-------------------------
Direhowl, Level: 14, Rank: 1, Gender: Male, HP IV: 60(0%), ATK IV: 13(0%), DEF IV: 85(0%), Work Speed: (0%), Skills: Nocturnal
Sparkit, Level: 9, Rank: 1, Gender: Male, HP IV: 71(0%), ATK IV: 55(0%), DEF IV: 95(0%), Work Speed: (0%), Skills: Coldblooded
Tanzee, Level: 6, Rank: 1, Gender: Female, HP IV: 37(0%), ATK IV: 40(0%), DEF IV: 26(0%), Work Speed: (0%)
Littlegreengnome's 3 Pals
-------------------------
Direhowl, Level: 14, Rank: 1, Gender: Male, HP IV: 60(0%), ATK IV: 13(0%), DEF IV: 85(0%), Work Speed: (0%), Skills: Nocturnal
Sparkit, Level: 9, Rank: 1, Gender: Male, HP IV: 71(0%), ATK IV: 55(0%), DEF IV: 95(0%), Work Speed: (0%), Skills: Coldblooded
Tanzee, Level: 6, Rank: 1, Gender: Female, HP IV: 37(0%), ATK IV: 40(0%), DEF IV: 26(0%), Work Speed: (0%)
Littlegreengnome's 3 Pals
-------------------------
Direhowl, Level: 14, Rank: 1, Gender: Male, HP IV: 60(0%), ATK IV: 13(0%), DEF IV: 85(0%), Work Speed: (0%), Skills: Nocturnal
Sparkit, Level: 9, Rank: 1, Gender: Male, HP IV: 71(0%), ATK IV: 55(0%), DEF IV: 95(0%), Work Speed: (0%), Skills: Coldblooded
Tanzee, Level: 6, Rank: 1, Gender: Female, HP IV: 37(0%), ATK IV: 40(0%), DEF IV: 26(0%), Work Speed: (0%)
Littlegreengnome's 3 Pals
-------------------------
Direhowl, Level: 14, Rank: 1, Gender: Male, HP IV: 60(0%), ATK IV: 13(0%), DEF IV: 85(0%), Work Speed: (0%), Skills: Nocturnal
Sparkit, Level: 9, Rank: 1, Gender: Male, HP IV: 71(0%), ATK IV: 55(0%), DEF IV: 95(0%), Work Speed: (0%), Skills: Coldblooded
Tanzee, Level: 6, Rank: 1, Gender: Female, HP IV: 37(0%), ATK IV: 40(0%), DEF IV: 26(0%), Work Speed: (0%)
Littlegreengnome's 3 Pals
-------------------------
Direhowl, Level: 14, Rank: 1, Gender: Male, HP IV: 60(0%), ATK IV: 13(0%), DEF IV: 85(0%), Work Speed: (0%), Skills: Nocturnal
Sparkit, Level: 9, Rank: 1, Gender: Male, HP IV: 71(0%), ATK IV: 55(0%), DEF IV: 95(0%), Work Speed: (0%), Skills: Coldblooded
Tanzee, Level: 6, Rank: 1, Gender: Female, HP IV: 37(0%), ATK IV: 40(0%), DEF IV: 26(0%), Work Speed: (0%)
