Liv4games's 20 Pals
-------------------
Alpha Tanzee, Level: 3, Rank: 1, Gender: Female, HP IV: 87(0%), ATK IV: 88(0%), DEF IV: 59(0%), Work Speed: (0%), Skills: Lucky, Capacitor
Bristla, Level: 2, Rank: 1, Gender: Female, HP IV: 89(0%), ATK IV: 29(0%), DEF IV: 82(0%), Work Speed: (0%), Skills: Fit as a Fiddle
Cattiva, Level: 2, Rank: 1, Gender: Male, HP IV: 100(0%), ATK IV: 76(0%), DEF IV: 64(0%), Work Speed: (0%), Skills: Coward, Sadist
Cattiva, Level: 3, Rank: 1, Gender: Female, HP IV: 59(0%), ATK IV: 33(0%), DEF IV: 78(0%), Work Speed: (0%), Skills: Coward, Brittle
Chikipi, Level: 5, Rank: 1, Gender: Male, HP IV: 29(0%), ATK IV: 23(0%), DEF IV: 7(0%), Work Speed: (0%), Skills: Blood of the Dragon
Cremis, Level: 4, Rank: 1, Gender: Male, HP IV: 83(0%), ATK IV: 51(0%), DEF IV: 84(0%), Work Speed: (0%)
Cremis, Level: 5, Rank: 1, Gender: Male, HP IV: 17(0%), ATK IV: 18(0%), DEF IV: 86(0%), Work Speed: (0%), Skills: Mine Foreman
Croajiro, Level: 4, Rank: 1, Gender: Male, HP IV: 46(0%), ATK IV: 23(0%), DEF IV: 19(0%), Work Speed: (0%), Skills: Brittle
Daedream, Level: 4, Rank: 1, Gender: Female, HP IV: 64(0%), ATK IV: 70(0%), DEF IV: 5(0%), Work Speed: (0%), Skills: Heated Body
Daedream, Level: 9, Rank: 1, Gender: Male, HP IV: 78(0%), ATK IV: 75(0%), DEF IV: 0(0%), Work Speed: (0%), Skills: Capacitor
Dinossom, Level: 11, Rank: 1, Gender: Female, HP IV: 66(0%), ATK IV: 42(0%), DEF IV: 15(0%), Work Speed: (0%), Skills: Motivational Leader, Masochist
Foxparks, Level: 4, Rank: 1, Gender: Male, HP IV: 59(0%), ATK IV: 41(0%), DEF IV: 91(0%), Work Speed: (0%), Skills: Artisan, Capacitor
Foxparks, Level: 5, Rank: 1, Gender: Female, HP IV: 20(0%), ATK IV: 1(0%), DEF IV: 50(0%), Work Speed: (0%), Skills: Sadist, Brave
Gumoss, Level: 2, Rank: 1, Gender: Female, HP IV: 53(0%), ATK IV: 96(0%), DEF IV: 59(0%), Work Speed: (0%), Skills: Sadist
Lamball, Level: 3, Rank: 1, Gender: Male, HP IV: 58(0%), ATK IV: 61(0%), DEF IV: 62(0%), Work Speed: (0%), Skills: Fit as a Fiddle, Conceited
Lamball, Level: 9, Rank: 1, Gender: Male, HP IV: 3(0%), ATK IV: 99(0%), DEF IV: 62(0%), Work Speed: (0%)
Tanzee, Level: 9, Rank: 1, Gender: Male, HP IV: 73(0%), ATK IV: 64(0%), DEF IV: 19(0%), Work Speed: (0%), Skills: Capacitor
Teafant, Jumbo, Level: 9, Rank: 1, Gender: Female, HP IV: 1(0%), ATK IV: 17(0%), DEF IV: 27(0%), Work Speed: (0%), Skills: Musclehead
Teafant, Level: 9, Rank: 1, Gender: Female, HP IV: 25(0%), ATK IV: 99(0%), DEF IV: 70(0%), Work Speed: (0%), Skills: Swift
Tombat, Level: 5, Rank: 1, Gender: Male, HP IV: 56(0%), ATK IV: 49(0%), DEF IV: 22(0%), Work Speed: (0%), Skills: Downtrodden
Liv4games's 20 Pals
-------------------
Alpha Tanzee, Level: 3, Rank: 1, Gender: Female, HP IV: 87(0%), ATK IV: 88(0%), DEF IV: 59(0%), Work Speed: (0%), Skills: Lucky, Capacitor
Bristla, Level: 2, Rank: 1, Gender: Female, HP IV: 89(0%), ATK IV: 29(0%), DEF IV: 82(0%), Work Speed: (0%), Skills: Fit as a Fiddle
Cattiva, Level: 2, Rank: 1, Gender: Male, HP IV: 100(0%), ATK IV: 76(0%), DEF IV: 64(0%), Work Speed: (0%), Skills: Coward, Sadist
Cattiva, Level: 3, Rank: 1, Gender: Female, HP IV: 59(0%), ATK IV: 33(0%), DEF IV: 78(0%), Work Speed: (0%), Skills: Coward, Brittle
Chikipi, Level: 5, Rank: 1, Gender: Male, HP IV: 29(0%), ATK IV: 23(0%), DEF IV: 7(0%), Work Speed: (0%), Skills: Blood of the Dragon
Cremis, Level: 4, Rank: 1, Gender: Male, HP IV: 83(0%), ATK IV: 51(0%), DEF IV: 84(0%), Work Speed: (0%)
Cremis, Level: 5, Rank: 1, Gender: Male, HP IV: 17(0%), ATK IV: 18(0%), DEF IV: 86(0%), Work Speed: (0%), Skills: Mine Foreman
Croajiro, Level: 4, Rank: 1, Gender: Male, HP IV: 46(0%), ATK IV: 23(0%), DEF IV: 19(0%), Work Speed: (0%), Skills: Brittle
Daedream, Level: 4, Rank: 1, Gender: Female, HP IV: 64(0%), ATK IV: 70(0%), DEF IV: 5(0%), Work Speed: (0%), Skills: Heated Body
Daedream, Level: 9, Rank: 1, Gender: Male, HP IV: 78(0%), ATK IV: 75(0%), DEF IV: 0(0%), Work Speed: (0%), Skills: Capacitor
Dinossom, Level: 11, Rank: 1, Gender: Female, HP IV: 66(0%), ATK IV: 42(0%), DEF IV: 15(0%), Work Speed: (0%), Skills: Motivational Leader, Masochist
Foxparks, Level: 4, Rank: 1, Gender: Male, HP IV: 59(0%), ATK IV: 41(0%), DEF IV: 91(0%), Work Speed: (0%), Skills: Artisan, Capacitor
Foxparks, Level: 5, Rank: 1, Gender: Female, HP IV: 20(0%), ATK IV: 1(0%), DEF IV: 50(0%), Work Speed: (0%), Skills: Sadist, Brave
Gumoss, Level: 2, Rank: 1, Gender: Female, HP IV: 53(0%), ATK IV: 96(0%), DEF IV: 59(0%), Work Speed: (0%), Skills: Sadist
Lamball, Level: 3, Rank: 1, Gender: Male, HP IV: 58(0%), ATK IV: 61(0%), DEF IV: 62(0%), Work Speed: (0%), Skills: Fit as a Fiddle, Conceited
Lamball, Level: 9, Rank: 1, Gender: Male, HP IV: 3(0%), ATK IV: 99(0%), DEF IV: 62(0%), Work Speed: (0%)
Tanzee, Level: 9, Rank: 1, Gender: Male, HP IV: 73(0%), ATK IV: 64(0%), DEF IV: 19(0%), Work Speed: (0%), Skills: Capacitor
Teafant, Jumbo, Level: 9, Rank: 1, Gender: Female, HP IV: 1(0%), ATK IV: 17(0%), DEF IV: 27(0%), Work Speed: (0%), Skills: Musclehead
Teafant, Level: 9, Rank: 1, Gender: Female, HP IV: 25(0%), ATK IV: 99(0%), DEF IV: 70(0%), Work Speed: (0%), Skills: Swift
Tombat, Level: 5, Rank: 1, Gender: Male, HP IV: 56(0%), ATK IV: 49(0%), DEF IV: 22(0%), Work Speed: (0%), Skills: Downtrodden
Liv4games's 20 Pals
-------------------
Alpha Tanzee, Level: 3, Rank: 1, Gender: Female, HP IV: 87(0%), ATK IV: 88(0%), DEF IV: 59(0%), Work Speed: (0%), Skills: Lucky, Capacitor
Bristla, Level: 2, Rank: 1, Gender: Female, HP IV: 89(0%), ATK IV: 29(0%), DEF IV: 82(0%), Work Speed: (0%), Skills: Fit as a Fiddle
Cattiva, Level: 2, Rank: 1, Gender: Male, HP IV: 100(0%), ATK IV: 76(0%), DEF IV: 64(0%), Work Speed: (0%), Skills: Coward, Sadist
Cattiva, Level: 3, Rank: 1, Gender: Female, HP IV: 59(0%), ATK IV: 33(0%), DEF IV: 78(0%), Work Speed: (0%), Skills: Coward, Brittle
Chikipi, Level: 5, Rank: 1, Gender: Male, HP IV: 29(0%), ATK IV: 23(0%), DEF IV: 7(0%), Work Speed: (0%), Skills: Blood of the Dragon
Cremis, Level: 4, Rank: 1, Gender: Male, HP IV: 83(0%), ATK IV: 51(0%), DEF IV: 84(0%), Work Speed: (0%)
Cremis, Level: 5, Rank: 1, Gender: Male, HP IV: 17(0%), ATK IV: 18(0%), DEF IV: 86(0%), Work Speed: (0%), Skills: Mine Foreman
Croajiro, Level: 4, Rank: 1, Gender: Male, HP IV: 46(0%), ATK IV: 23(0%), DEF IV: 19(0%), Work Speed: (0%), Skills: Brittle
Daedream, Level: 4, Rank: 1, Gender: Female, HP IV: 64(0%), ATK IV: 70(0%), DEF IV: 5(0%), Work Speed: (0%), Skills: Heated Body
Daedream, Level: 9, Rank: 1, Gender: Male, HP IV: 78(0%), ATK IV: 75(0%), DEF IV: 0(0%), Work Speed: (0%), Skills: Capacitor
Dinossom, Level: 11, Rank: 1, Gender: Female, HP IV: 66(0%), ATK IV: 42(0%), DEF IV: 15(0%), Work Speed: (0%), Skills: Motivational Leader, Masochist
Foxparks, Level: 4, Rank: 1, Gender: Male, HP IV: 59(0%), ATK IV: 41(0%), DEF IV: 91(0%), Work Speed: (0%), Skills: Artisan, Capacitor
Foxparks, Level: 5, Rank: 1, Gender: Female, HP IV: 20(0%), ATK IV: 1(0%), DEF IV: 50(0%), Work Speed: (0%), Skills: Sadist, Brave
Gumoss, Level: 2, Rank: 1, Gender: Female, HP IV: 53(0%), ATK IV: 96(0%), DEF IV: 59(0%), Work Speed: (0%), Skills: Sadist
Lamball, Level: 3, Rank: 1, Gender: Male, HP IV: 58(0%), ATK IV: 61(0%), DEF IV: 62(0%), Work Speed: (0%), Skills: Fit as a Fiddle, Conceited
Lamball, Level: 9, Rank: 1, Gender: Male, HP IV: 3(0%), ATK IV: 99(0%), DEF IV: 62(0%), Work Speed: (0%)
Tanzee, Level: 9, Rank: 1, Gender: Male, HP IV: 73(0%), ATK IV: 64(0%), DEF IV: 19(0%), Work Speed: (0%), Skills: Capacitor
Teafant, Jumbo, Level: 9, Rank: 1, Gender: Female, HP IV: 1(0%), ATK IV: 17(0%), DEF IV: 27(0%), Work Speed: (0%), Skills: Musclehead
Teafant, Level: 9, Rank: 1, Gender: Female, HP IV: 25(0%), ATK IV: 99(0%), DEF IV: 70(0%), Work Speed: (0%), Skills: Swift
Tombat, Level: 5, Rank: 1, Gender: Male, HP IV: 56(0%), ATK IV: 49(0%), DEF IV: 22(0%), Work Speed: (0%), Skills: Downtrodden
Liv4games's 20 Pals
-------------------
Alpha Tanzee, Level: 3, Rank: 1, Gender: Female, HP IV: 87(0%), ATK IV: 88(0%), DEF IV: 59(0%), Work Speed: (0%), Skills: Lucky, Capacitor
Bristla, Level: 2, Rank: 1, Gender: Female, HP IV: 89(0%), ATK IV: 29(0%), DEF IV: 82(0%), Work Speed: (0%), Skills: Fit as a Fiddle
Cattiva, Level: 2, Rank: 1, Gender: Male, HP IV: 100(0%), ATK IV: 76(0%), DEF IV: 64(0%), Work Speed: (0%), Skills: Coward, Sadist
Cattiva, Level: 3, Rank: 1, Gender: Female, HP IV: 59(0%), ATK IV: 33(0%), DEF IV: 78(0%), Work Speed: (0%), Skills: Coward, Brittle
Chikipi, Level: 5, Rank: 1, Gender: Male, HP IV: 29(0%), ATK IV: 23(0%), DEF IV: 7(0%), Work Speed: (0%), Skills: Blood of the Dragon
Cremis, Level: 4, Rank: 1, Gender: Male, HP IV: 83(0%), ATK IV: 51(0%), DEF IV: 84(0%), Work Speed: (0%)
Cremis, Level: 5, Rank: 1, Gender: Male, HP IV: 17(0%), ATK IV: 18(0%), DEF IV: 86(0%), Work Speed: (0%), Skills: Mine Foreman
Croajiro, Level: 4, Rank: 1, Gender: Male, HP IV: 46(0%), ATK IV: 23(0%), DEF IV: 19(0%), Work Speed: (0%), Skills: Brittle
Daedream, Level: 4, Rank: 1, Gender: Female, HP IV: 64(0%), ATK IV: 70(0%), DEF IV: 5(0%), Work Speed: (0%), Skills: Heated Body
Daedream, Level: 9, Rank: 1, Gender: Male, HP IV: 78(0%), ATK IV: 75(0%), DEF IV: 0(0%), Work Speed: (0%), Skills: Capacitor
Dinossom, Level: 11, Rank: 1, Gender: Female, HP IV: 66(0%), ATK IV: 42(0%), DEF IV: 15(0%), Work Speed: (0%), Skills: Motivational Leader, Masochist
Foxparks, Level: 4, Rank: 1, Gender: Male, HP IV: 59(0%), ATK IV: 41(0%), DEF IV: 91(0%), Work Speed: (0%), Skills: Artisan, Capacitor
Foxparks, Level: 5, Rank: 1, Gender: Female, HP IV: 20(0%), ATK IV: 1(0%), DEF IV: 50(0%), Work Speed: (0%), Skills: Sadist, Brave
Gumoss, Level: 2, Rank: 1, Gender: Female, HP IV: 53(0%), ATK IV: 96(0%), DEF IV: 59(0%), Work Speed: (0%), Skills: Sadist
Lamball, Level: 3, Rank: 1, Gender: Male, HP IV: 58(0%), ATK IV: 61(0%), DEF IV: 62(0%), Work Speed: (0%), Skills: Fit as a Fiddle, Conceited
Lamball, Level: 9, Rank: 1, Gender: Male, HP IV: 3(0%), ATK IV: 99(0%), DEF IV: 62(0%), Work Speed: (0%)
Tanzee, Level: 9, Rank: 1, Gender: Male, HP IV: 73(0%), ATK IV: 64(0%), DEF IV: 19(0%), Work Speed: (0%), Skills: Capacitor
Teafant, Jumbo, Level: 9, Rank: 1, Gender: Female, HP IV: 1(0%), ATK IV: 17(0%), DEF IV: 27(0%), Work Speed: (0%), Skills: Musclehead
Teafant, Level: 9, Rank: 1, Gender: Female, HP IV: 25(0%), ATK IV: 99(0%), DEF IV: 70(0%), Work Speed: (0%), Skills: Swift
Tombat, Level: 5, Rank: 1, Gender: Male, HP IV: 56(0%), ATK IV: 49(0%), DEF IV: 22(0%), Work Speed: (0%), Skills: Downtrodden
Liv4games's 20 Pals
-------------------
Alpha Tanzee, Level: 3, Rank: 1, Gender: Female, HP IV: 87(0%), ATK IV: 88(0%), DEF IV: 59(0%), Work Speed: (0%), Skills: Lucky, Capacitor
Bristla, Level: 2, Rank: 1, Gender: Female, HP IV: 89(0%), ATK IV: 29(0%), DEF IV: 82(0%), Work Speed: (0%), Skills: Fit as a Fiddle
Cattiva, Level: 2, Rank: 1, Gender: Male, HP IV: 100(0%), ATK IV: 76(0%), DEF IV: 64(0%), Work Speed: (0%), Skills: Coward, Sadist
Cattiva, Level: 3, Rank: 1, Gender: Female, HP IV: 59(0%), ATK IV: 33(0%), DEF IV: 78(0%), Work Speed: (0%), Skills: Coward, Brittle
Chikipi, Level: 5, Rank: 1, Gender: Male, HP IV: 29(0%), ATK IV: 23(0%), DEF IV: 7(0%), Work Speed: (0%), Skills: Blood of the Dragon
Cremis, Level: 4, Rank: 1, Gender: Male, HP IV: 83(0%), ATK IV: 51(0%), DEF IV: 84(0%), Work Speed: (0%)
Cremis, Level: 5, Rank: 1, Gender: Male, HP IV: 17(0%), ATK IV: 18(0%), DEF IV: 86(0%), Work Speed: (0%), Skills: Mine Foreman
Croajiro, Level: 4, Rank: 1, Gender: Male, HP IV: 46(0%), ATK IV: 23(0%), DEF IV: 19(0%), Work Speed: (0%), Skills: Brittle
Daedream, Level: 4, Rank: 1, Gender: Female, HP IV: 64(0%), ATK IV: 70(0%), DEF IV: 5(0%), Work Speed: (0%), Skills: Heated Body
Daedream, Level: 9, Rank: 1, Gender: Male, HP IV: 78(0%), ATK IV: 75(0%), DEF IV: 0(0%), Work Speed: (0%), Skills: Capacitor
Dinossom, Level: 11, Rank: 1, Gender: Female, HP IV: 66(0%), ATK IV: 42(0%), DEF IV: 15(0%), Work Speed: (0%), Skills: Motivational Leader, Masochist
Foxparks, Level: 4, Rank: 1, Gender: Male, HP IV: 59(0%), ATK IV: 41(0%), DEF IV: 91(0%), Work Speed: (0%), Skills: Artisan, Capacitor
Foxparks, Level: 5, Rank: 1, Gender: Female, HP IV: 20(0%), ATK IV: 1(0%), DEF IV: 50(0%), Work Speed: (0%), Skills: Sadist, Brave
Gumoss, Level: 2, Rank: 1, Gender: Female, HP IV: 53(0%), ATK IV: 96(0%), DEF IV: 59(0%), Work Speed: (0%), Skills: Sadist
Lamball, Level: 3, Rank: 1, Gender: Male, HP IV: 58(0%), ATK IV: 61(0%), DEF IV: 62(0%), Work Speed: (0%), Skills: Fit as a Fiddle, Conceited
Lamball, Level: 9, Rank: 1, Gender: Male, HP IV: 3(0%), ATK IV: 99(0%), DEF IV: 62(0%), Work Speed: (0%)
Tanzee, Level: 9, Rank: 1, Gender: Male, HP IV: 73(0%), ATK IV: 64(0%), DEF IV: 19(0%), Work Speed: (0%), Skills: Capacitor
Teafant, Jumbo, Level: 9, Rank: 1, Gender: Female, HP IV: 1(0%), ATK IV: 17(0%), DEF IV: 27(0%), Work Speed: (0%), Skills: Musclehead
Teafant, Level: 9, Rank: 1, Gender: Female, HP IV: 25(0%), ATK IV: 99(0%), DEF IV: 70(0%), Work Speed: (0%), Skills: Swift
Tombat, Level: 5, Rank: 1, Gender: Male, HP IV: 56(0%), ATK IV: 49(0%), DEF IV: 22(0%), Work Speed: (0%), Skills: Downtrodden
Liv4games's 20 Pals
-------------------
Alpha Tanzee, Level: 3, Rank: 1, Gender: Female, HP IV: 87(0%), ATK IV: 88(0%), DEF IV: 59(0%), Work Speed: (0%), Skills: Lucky, Capacitor
Bristla, Level: 2, Rank: 1, Gender: Female, HP IV: 89(0%), ATK IV: 29(0%), DEF IV: 82(0%), Work Speed: (0%), Skills: Fit as a Fiddle
Cattiva, Level: 2, Rank: 1, Gender: Male, HP IV: 100(0%), ATK IV: 76(0%), DEF IV: 64(0%), Work Speed: (0%), Skills: Coward, Sadist
Cattiva, Level: 3, Rank: 1, Gender: Female, HP IV: 59(0%), ATK IV: 33(0%), DEF IV: 78(0%), Work Speed: (0%), Skills: Coward, Brittle
Chikipi, Level: 5, Rank: 1, Gender: Male, HP IV: 29(0%), ATK IV: 23(0%), DEF IV: 7(0%), Work Speed: (0%), Skills: Blood of the Dragon
Cremis, Level: 4, Rank: 1, Gender: Male, HP IV: 83(0%), ATK IV: 51(0%), DEF IV: 84(0%), Work Speed: (0%)
Cremis, Level: 5, Rank: 1, Gender: Male, HP IV: 17(0%), ATK IV: 18(0%), DEF IV: 86(0%), Work Speed: (0%), Skills: Mine Foreman
Croajiro, Level: 4, Rank: 1, Gender: Male, HP IV: 46(0%), ATK IV: 23(0%), DEF IV: 19(0%), Work Speed: (0%), Skills: Brittle
Daedream, Level: 4, Rank: 1, Gender: Female, HP IV: 64(0%), ATK IV: 70(0%), DEF IV: 5(0%), Work Speed: (0%), Skills: Heated Body
Daedream, Level: 9, Rank: 1, Gender: Male, HP IV: 78(0%), ATK IV: 75(0%), DEF IV: 0(0%), Work Speed: (0%), Skills: Capacitor
Dinossom, Level: 11, Rank: 1, Gender: Female, HP IV: 66(0%), ATK IV: 42(0%), DEF IV: 15(0%), Work Speed: (0%), Skills: Motivational Leader, Masochist
Foxparks, Level: 4, Rank: 1, Gender: Male, HP IV: 59(0%), ATK IV: 41(0%), DEF IV: 91(0%), Work Speed: (0%), Skills: Artisan, Capacitor
Foxparks, Level: 5, Rank: 1, Gender: Female, HP IV: 20(0%), ATK IV: 1(0%), DEF IV: 50(0%), Work Speed: (0%), Skills: Sadist, Brave
Gumoss, Level: 2, Rank: 1, Gender: Female, HP IV: 53(0%), ATK IV: 96(0%), DEF IV: 59(0%), Work Speed: (0%), Skills: Sadist
Lamball, Level: 3, Rank: 1, Gender: Male, HP IV: 58(0%), ATK IV: 61(0%), DEF IV: 62(0%), Work Speed: (0%), Skills: Fit as a Fiddle, Conceited
Lamball, Level: 9, Rank: 1, Gender: Male, HP IV: 3(0%), ATK IV: 99(0%), DEF IV: 62(0%), Work Speed: (0%)
Tanzee, Level: 9, Rank: 1, Gender: Male, HP IV: 73(0%), ATK IV: 64(0%), DEF IV: 19(0%), Work Speed: (0%), Skills: Capacitor
Teafant, Jumbo, Level: 9, Rank: 1, Gender: Female, HP IV: 1(0%), ATK IV: 17(0%), DEF IV: 27(0%), Work Speed: (0%), Skills: Musclehead
Teafant, Level: 9, Rank: 1, Gender: Female, HP IV: 25(0%), ATK IV: 99(0%), DEF IV: 70(0%), Work Speed: (0%), Skills: Swift
Tombat, Level: 5, Rank: 1, Gender: Male, HP IV: 56(0%), ATK IV: 49(0%), DEF IV: 22(0%), Work Speed: (0%), Skills: Downtrodden
Liv4games's 20 Pals
-------------------
Alpha Tanzee, Level: 3, Rank: 1, Gender: Female, HP IV: 87(0%), ATK IV: 88(0%), DEF IV: 59(0%), Work Speed: (0%), Skills: Lucky, Capacitor
Bristla, Level: 2, Rank: 1, Gender: Female, HP IV: 89(0%), ATK IV: 29(0%), DEF IV: 82(0%), Work Speed: (0%), Skills: Fit as a Fiddle
Cattiva, Level: 2, Rank: 1, Gender: Male, HP IV: 100(0%), ATK IV: 76(0%), DEF IV: 64(0%), Work Speed: (0%), Skills: Coward, Sadist
Cattiva, Level: 3, Rank: 1, Gender: Female, HP IV: 59(0%), ATK IV: 33(0%), DEF IV: 78(0%), Work Speed: (0%), Skills: Coward, Brittle
Chikipi, Level: 5, Rank: 1, Gender: Male, HP IV: 29(0%), ATK IV: 23(0%), DEF IV: 7(0%), Work Speed: (0%), Skills: Blood of the Dragon
Cremis, Level: 4, Rank: 1, Gender: Male, HP IV: 83(0%), ATK IV: 51(0%), DEF IV: 84(0%), Work Speed: (0%)
Cremis, Level: 5, Rank: 1, Gender: Male, HP IV: 17(0%), ATK IV: 18(0%), DEF IV: 86(0%), Work Speed: (0%), Skills: Mine Foreman
Croajiro, Level: 4, Rank: 1, Gender: Male, HP IV: 46(0%), ATK IV: 23(0%), DEF IV: 19(0%), Work Speed: (0%), Skills: Brittle
Daedream, Level: 4, Rank: 1, Gender: Female, HP IV: 64(0%), ATK IV: 70(0%), DEF IV: 5(0%), Work Speed: (0%), Skills: Heated Body
Daedream, Level: 9, Rank: 1, Gender: Male, HP IV: 78(0%), ATK IV: 75(0%), DEF IV: 0(0%), Work Speed: (0%), Skills: Capacitor
Dinossom, Level: 11, Rank: 1, Gender: Female, HP IV: 66(0%), ATK IV: 42(0%), DEF IV: 15(0%), Work Speed: (0%), Skills: Motivational Leader, Masochist
Foxparks, Level: 4, Rank: 1, Gender: Male, HP IV: 59(0%), ATK IV: 41(0%), DEF IV: 91(0%), Work Speed: (0%), Skills: Artisan, Capacitor
Foxparks, Level: 5, Rank: 1, Gender: Female, HP IV: 20(0%), ATK IV: 1(0%), DEF IV: 50(0%), Work Speed: (0%), Skills: Sadist, Brave
Gumoss, Level: 2, Rank: 1, Gender: Female, HP IV: 53(0%), ATK IV: 96(0%), DEF IV: 59(0%), Work Speed: (0%), Skills: Sadist
Lamball, Level: 3, Rank: 1, Gender: Male, HP IV: 58(0%), ATK IV: 61(0%), DEF IV: 62(0%), Work Speed: (0%), Skills: Fit as a Fiddle, Conceited
Lamball, Level: 9, Rank: 1, Gender: Male, HP IV: 3(0%), ATK IV: 99(0%), DEF IV: 62(0%), Work Speed: (0%)
Tanzee, Level: 9, Rank: 1, Gender: Male, HP IV: 73(0%), ATK IV: 64(0%), DEF IV: 19(0%), Work Speed: (0%), Skills: Capacitor
Teafant, Jumbo, Level: 9, Rank: 1, Gender: Female, HP IV: 1(0%), ATK IV: 17(0%), DEF IV: 27(0%), Work Speed: (0%), Skills: Musclehead
Teafant, Level: 9, Rank: 1, Gender: Female, HP IV: 25(0%), ATK IV: 99(0%), DEF IV: 70(0%), Work Speed: (0%), Skills: Swift
Tombat, Level: 5, Rank: 1, Gender: Male, HP IV: 56(0%), ATK IV: 49(0%), DEF IV: 22(0%), Work Speed: (0%), Skills: Downtrodden
Liv4games's 20 Pals
-------------------
Alpha Tanzee, Level: 3, Rank: 1, Gender: Female, HP IV: 87(0%), ATK IV: 88(0%), DEF IV: 59(0%), Work Speed: (0%), Skills: Lucky, Capacitor
Bristla, Level: 2, Rank: 1, Gender: Female, HP IV: 89(0%), ATK IV: 29(0%), DEF IV: 82(0%), Work Speed: (0%), Skills: Fit as a Fiddle
Cattiva, Level: 2, Rank: 1, Gender: Male, HP IV: 100(0%), ATK IV: 76(0%), DEF IV: 64(0%), Work Speed: (0%), Skills: Coward, Sadist
Cattiva, Level: 3, Rank: 1, Gender: Female, HP IV: 59(0%), ATK IV: 33(0%), DEF IV: 78(0%), Work Speed: (0%), Skills: Coward, Brittle
Chikipi, Level: 5, Rank: 1, Gender: Male, HP IV: 29(0%), ATK IV: 23(0%), DEF IV: 7(0%), Work Speed: (0%), Skills: Blood of the Dragon
Cremis, Level: 4, Rank: 1, Gender: Male, HP IV: 83(0%), ATK IV: 51(0%), DEF IV: 84(0%), Work Speed: (0%)
Cremis, Level: 5, Rank: 1, Gender: Male, HP IV: 17(0%), ATK IV: 18(0%), DEF IV: 86(0%), Work Speed: (0%), Skills: Mine Foreman
Croajiro, Level: 4, Rank: 1, Gender: Male, HP IV: 46(0%), ATK IV: 23(0%), DEF IV: 19(0%), Work Speed: (0%), Skills: Brittle
Daedream, Level: 4, Rank: 1, Gender: Female, HP IV: 64(0%), ATK IV: 70(0%), DEF IV: 5(0%), Work Speed: (0%), Skills: Heated Body
Daedream, Level: 9, Rank: 1, Gender: Male, HP IV: 78(0%), ATK IV: 75(0%), DEF IV: 0(0%), Work Speed: (0%), Skills: Capacitor
Dinossom, Level: 11, Rank: 1, Gender: Female, HP IV: 66(0%), ATK IV: 42(0%), DEF IV: 15(0%), Work Speed: (0%), Skills: Motivational Leader, Masochist
Foxparks, Level: 4, Rank: 1, Gender: Male, HP IV: 59(0%), ATK IV: 41(0%), DEF IV: 91(0%), Work Speed: (0%), Skills: Artisan, Capacitor
Foxparks, Level: 5, Rank: 1, Gender: Female, HP IV: 20(0%), ATK IV: 1(0%), DEF IV: 50(0%), Work Speed: (0%), Skills: Sadist, Brave
Gumoss, Level: 2, Rank: 1, Gender: Female, HP IV: 53(0%), ATK IV: 96(0%), DEF IV: 59(0%), Work Speed: (0%), Skills: Sadist
Lamball, Level: 3, Rank: 1, Gender: Male, HP IV: 58(0%), ATK IV: 61(0%), DEF IV: 62(0%), Work Speed: (0%), Skills: Fit as a Fiddle, Conceited
Lamball, Level: 9, Rank: 1, Gender: Male, HP IV: 3(0%), ATK IV: 99(0%), DEF IV: 62(0%), Work Speed: (0%)
Tanzee, Level: 9, Rank: 1, Gender: Male, HP IV: 73(0%), ATK IV: 64(0%), DEF IV: 19(0%), Work Speed: (0%), Skills: Capacitor
Teafant, Jumbo, Level: 9, Rank: 1, Gender: Female, HP IV: 1(0%), ATK IV: 17(0%), DEF IV: 27(0%), Work Speed: (0%), Skills: Musclehead
Teafant, Level: 9, Rank: 1, Gender: Female, HP IV: 25(0%), ATK IV: 99(0%), DEF IV: 70(0%), Work Speed: (0%), Skills: Swift
Tombat, Level: 5, Rank: 1, Gender: Male, HP IV: 56(0%), ATK IV: 49(0%), DEF IV: 22(0%), Work Speed: (0%), Skills: Downtrodden
Liv4games's 20 Pals
-------------------
Alpha Tanzee, Level: 3, Rank: 1, Gender: Female, HP IV: 87(0%), ATK IV: 88(0%), DEF IV: 59(0%), Work Speed: (0%), Skills: Lucky, Capacitor
Bristla, Level: 2, Rank: 1, Gender: Female, HP IV: 89(0%), ATK IV: 29(0%), DEF IV: 82(0%), Work Speed: (0%), Skills: Fit as a Fiddle
Cattiva, Level: 2, Rank: 1, Gender: Male, HP IV: 100(0%), ATK IV: 76(0%), DEF IV: 64(0%), Work Speed: (0%), Skills: Coward, Sadist
Cattiva, Level: 3, Rank: 1, Gender: Female, HP IV: 59(0%), ATK IV: 33(0%), DEF IV: 78(0%), Work Speed: (0%), Skills: Coward, Brittle
Chikipi, Level: 5, Rank: 1, Gender: Male, HP IV: 29(0%), ATK IV: 23(0%), DEF IV: 7(0%), Work Speed: (0%), Skills: Blood of the Dragon
Cremis, Level: 4, Rank: 1, Gender: Male, HP IV: 83(0%), ATK IV: 51(0%), DEF IV: 84(0%), Work Speed: (0%)
Cremis, Level: 5, Rank: 1, Gender: Male, HP IV: 17(0%), ATK IV: 18(0%), DEF IV: 86(0%), Work Speed: (0%), Skills: Mine Foreman
Croajiro, Level: 4, Rank: 1, Gender: Male, HP IV: 46(0%), ATK IV: 23(0%), DEF IV: 19(0%), Work Speed: (0%), Skills: Brittle
Daedream, Level: 4, Rank: 1, Gender: Female, HP IV: 64(0%), ATK IV: 70(0%), DEF IV: 5(0%), Work Speed: (0%), Skills: Heated Body
Daedream, Level: 9, Rank: 1, Gender: Male, HP IV: 78(0%), ATK IV: 75(0%), DEF IV: 0(0%), Work Speed: (0%), Skills: Capacitor
Dinossom, Level: 11, Rank: 1, Gender: Female, HP IV: 66(0%), ATK IV: 42(0%), DEF IV: 15(0%), Work Speed: (0%), Skills: Motivational Leader, Masochist
Foxparks, Level: 4, Rank: 1, Gender: Male, HP IV: 59(0%), ATK IV: 41(0%), DEF IV: 91(0%), Work Speed: (0%), Skills: Artisan, Capacitor
Foxparks, Level: 5, Rank: 1, Gender: Female, HP IV: 20(0%), ATK IV: 1(0%), DEF IV: 50(0%), Work Speed: (0%), Skills: Sadist, Brave
Gumoss, Level: 2, Rank: 1, Gender: Female, HP IV: 53(0%), ATK IV: 96(0%), DEF IV: 59(0%), Work Speed: (0%), Skills: Sadist
Lamball, Level: 3, Rank: 1, Gender: Male, HP IV: 58(0%), ATK IV: 61(0%), DEF IV: 62(0%), Work Speed: (0%), Skills: Fit as a Fiddle, Conceited
Lamball, Level: 9, Rank: 1, Gender: Male, HP IV: 3(0%), ATK IV: 99(0%), DEF IV: 62(0%), Work Speed: (0%)
Tanzee, Level: 9, Rank: 1, Gender: Male, HP IV: 73(0%), ATK IV: 64(0%), DEF IV: 19(0%), Work Speed: (0%), Skills: Capacitor
Teafant, Jumbo, Level: 9, Rank: 1, Gender: Female, HP IV: 1(0%), ATK IV: 17(0%), DEF IV: 27(0%), Work Speed: (0%), Skills: Musclehead
Teafant, Level: 9, Rank: 1, Gender: Female, HP IV: 25(0%), ATK IV: 99(0%), DEF IV: 70(0%), Work Speed: (0%), Skills: Swift
Tombat, Level: 5, Rank: 1, Gender: Male, HP IV: 56(0%), ATK IV: 49(0%), DEF IV: 22(0%), Work Speed: (0%), Skills: Downtrodden
Liv4games's 20 Pals
-------------------
Alpha Tanzee, Level: 3, Rank: 1, Gender: Female, HP IV: 87(0%), ATK IV: 88(0%), DEF IV: 59(0%), Work Speed: (0%), Skills: Lucky, Capacitor
Bristla, Level: 2, Rank: 1, Gender: Female, HP IV: 89(0%), ATK IV: 29(0%), DEF IV: 82(0%), Work Speed: (0%), Skills: Fit as a Fiddle
Cattiva, Level: 2, Rank: 1, Gender: Male, HP IV: 100(0%), ATK IV: 76(0%), DEF IV: 64(0%), Work Speed: (0%), Skills: Coward, Sadist
Cattiva, Level: 3, Rank: 1, Gender: Female, HP IV: 59(0%), ATK IV: 33(0%), DEF IV: 78(0%), Work Speed: (0%), Skills: Coward, Brittle
Chikipi, Level: 5, Rank: 1, Gender: Male, HP IV: 29(0%), ATK IV: 23(0%), DEF IV: 7(0%), Work Speed: (0%), Skills: Blood of the Dragon
Cremis, Level: 4, Rank: 1, Gender: Male, HP IV: 83(0%), ATK IV: 51(0%), DEF IV: 84(0%), Work Speed: (0%)
Cremis, Level: 5, Rank: 1, Gender: Male, HP IV: 17(0%), ATK IV: 18(0%), DEF IV: 86(0%), Work Speed: (0%), Skills: Mine Foreman
Croajiro, Level: 4, Rank: 1, Gender: Male, HP IV: 46(0%), ATK IV: 23(0%), DEF IV: 19(0%), Work Speed: (0%), Skills: Brittle
Daedream, Level: 4, Rank: 1, Gender: Female, HP IV: 64(0%), ATK IV: 70(0%), DEF IV: 5(0%), Work Speed: (0%), Skills: Heated Body
Daedream, Level: 9, Rank: 1, Gender: Male, HP IV: 78(0%), ATK IV: 75(0%), DEF IV: 0(0%), Work Speed: (0%), Skills: Capacitor
Dinossom, Level: 11, Rank: 1, Gender: Female, HP IV: 66(0%), ATK IV: 42(0%), DEF IV: 15(0%), Work Speed: (0%), Skills: Motivational Leader, Masochist
Foxparks, Level: 4, Rank: 1, Gender: Male, HP IV: 59(0%), ATK IV: 41(0%), DEF IV: 91(0%), Work Speed: (0%), Skills: Artisan, Capacitor
Foxparks, Level: 5, Rank: 1, Gender: Female, HP IV: 20(0%), ATK IV: 1(0%), DEF IV: 50(0%), Work Speed: (0%), Skills: Sadist, Brave
Gumoss, Level: 2, Rank: 1, Gender: Female, HP IV: 53(0%), ATK IV: 96(0%), DEF IV: 59(0%), Work Speed: (0%), Skills: Sadist
Lamball, Level: 3, Rank: 1, Gender: Male, HP IV: 58(0%), ATK IV: 61(0%), DEF IV: 62(0%), Work Speed: (0%), Skills: Fit as a Fiddle, Conceited
Lamball, Level: 9, Rank: 1, Gender: Male, HP IV: 3(0%), ATK IV: 99(0%), DEF IV: 62(0%), Work Speed: (0%)
Tanzee, Level: 9, Rank: 1, Gender: Male, HP IV: 73(0%), ATK IV: 64(0%), DEF IV: 19(0%), Work Speed: (0%), Skills: Capacitor
Teafant, Jumbo, Level: 9, Rank: 1, Gender: Female, HP IV: 1(0%), ATK IV: 17(0%), DEF IV: 27(0%), Work Speed: (0%), Skills: Musclehead
Teafant, Level: 9, Rank: 1, Gender: Female, HP IV: 25(0%), ATK IV: 99(0%), DEF IV: 70(0%), Work Speed: (0%), Skills: Swift
Tombat, Level: 5, Rank: 1, Gender: Male, HP IV: 56(0%), ATK IV: 49(0%), DEF IV: 22(0%), Work Speed: (0%), Skills: Downtrodden
