Local Idiot's 9 Pals
--------------------
Chikipi, John, Level: 8, Rank: 1, Gender: Male, HP IV: 79(0%), ATK IV: 33(0%), DEF IV: 97(0%), Work Speed: (0%), Skills: Abnormal
Chikipi, Level: 4, Rank: 1, Gender: Female, HP IV: 88(0%), ATK IV: 62(0%), DEF IV: 82(0%), Work Speed: (0%), Skills: Downtrodden
Chikipi, Level: 4, Rank: 1, Gender: Male, HP IV: 72(0%), ATK IV: 23(0%), DEF IV: 84(0%), Work Speed: (0%), Skills: Work Slave
Dumud, Level: 9, Rank: 1, Gender: Male, HP IV: 28(0%), ATK IV: 76(0%), DEF IV: 72(0%), Work Speed: (0%), Skills: Musclehead
Hoocrates, Level: 4, Rank: 1, Gender: Male, HP IV: 37(0%), ATK IV: 66(0%), DEF IV: 89(0%), Work Speed: (0%), Skills: Abnormal, Waterproof
Hoocrates, Level: 4, Rank: 1, Gender: Male, HP IV: 9(0%), ATK IV: 35(0%), DEF IV: 73(0%), Work Speed: (0%), Skills: Power of Gaia
Jormuntide Ignis, Level: 1, Rank: 1, Gender: Female, HP IV: 8(0%), ATK IV: 48(0%), DEF IV: 69(0%), Work Speed: (0%), Skills: Musclehead, Vanguard, Ferocious, Aggressive
Lamball, Level: 6, Rank: 1, Gender: Female, HP IV: 38(0%), ATK IV: 68(0%), DEF IV: 52(0%), Work Speed: (0%), Skills: Dainty Eater
Tombat, Level: 8, Rank: 1, Gender: Female, HP IV: 65(0%), ATK IV: 83(0%), DEF IV: 74(0%), Work Speed: (0%), Skills: Waterproof
Local Idiot's 9 Pals
--------------------
Chikipi, John, Level: 8, Rank: 1, Gender: Male, HP IV: 79(0%), ATK IV: 33(0%), DEF IV: 97(0%), Work Speed: (0%), Skills: Abnormal
Chikipi, Level: 4, Rank: 1, Gender: Female, HP IV: 88(0%), ATK IV: 62(0%), DEF IV: 82(0%), Work Speed: (0%), Skills: Downtrodden
Chikipi, Level: 4, Rank: 1, Gender: Male, HP IV: 72(0%), ATK IV: 23(0%), DEF IV: 84(0%), Work Speed: (0%), Skills: Work Slave
Dumud, Level: 9, Rank: 1, Gender: Male, HP IV: 28(0%), ATK IV: 76(0%), DEF IV: 72(0%), Work Speed: (0%), Skills: Musclehead
Hoocrates, Level: 4, Rank: 1, Gender: Male, HP IV: 37(0%), ATK IV: 66(0%), DEF IV: 89(0%), Work Speed: (0%), Skills: Abnormal, Waterproof
Hoocrates, Level: 4, Rank: 1, Gender: Male, HP IV: 9(0%), ATK IV: 35(0%), DEF IV: 73(0%), Work Speed: (0%), Skills: Power of Gaia
Jormuntide Ignis, Level: 1, Rank: 1, Gender: Female, HP IV: 8(0%), ATK IV: 48(0%), DEF IV: 69(0%), Work Speed: (0%), Skills: Musclehead, Vanguard, Ferocious, Aggressive
Lamball, Level: 6, Rank: 1, Gender: Female, HP IV: 38(0%), ATK IV: 68(0%), DEF IV: 52(0%), Work Speed: (0%), Skills: Dainty Eater
Tombat, Level: 8, Rank: 1, Gender: Female, HP IV: 65(0%), ATK IV: 83(0%), DEF IV: 74(0%), Work Speed: (0%), Skills: Waterproof
Local Idiot's 9 Pals
--------------------
Chikipi, John, Level: 8, Rank: 1, Gender: Male, HP IV: 79(0%), ATK IV: 33(0%), DEF IV: 97(0%), Work Speed: (0%), Skills: Abnormal
Chikipi, Level: 4, Rank: 1, Gender: Female, HP IV: 88(0%), ATK IV: 62(0%), DEF IV: 82(0%), Work Speed: (0%), Skills: Downtrodden
Chikipi, Level: 4, Rank: 1, Gender: Male, HP IV: 72(0%), ATK IV: 23(0%), DEF IV: 84(0%), Work Speed: (0%), Skills: Work Slave
Dumud, Level: 9, Rank: 1, Gender: Male, HP IV: 28(0%), ATK IV: 76(0%), DEF IV: 72(0%), Work Speed: (0%), Skills: Musclehead
Hoocrates, Level: 4, Rank: 1, Gender: Male, HP IV: 37(0%), ATK IV: 66(0%), DEF IV: 89(0%), Work Speed: (0%), Skills: Abnormal, Waterproof
Hoocrates, Level: 4, Rank: 1, Gender: Male, HP IV: 9(0%), ATK IV: 35(0%), DEF IV: 73(0%), Work Speed: (0%), Skills: Power of Gaia
Jormuntide Ignis, Level: 1, Rank: 1, Gender: Female, HP IV: 8(0%), ATK IV: 48(0%), DEF IV: 69(0%), Work Speed: (0%), Skills: Musclehead, Vanguard, Ferocious, Aggressive
Lamball, Level: 6, Rank: 1, Gender: Female, HP IV: 38(0%), ATK IV: 68(0%), DEF IV: 52(0%), Work Speed: (0%), Skills: Dainty Eater
Tombat, Level: 8, Rank: 1, Gender: Female, HP IV: 65(0%), ATK IV: 83(0%), DEF IV: 74(0%), Work Speed: (0%), Skills: Waterproof
Local Idiot's 9 Pals
--------------------
Chikipi, John, Level: 8, Rank: 1, Gender: Male, HP IV: 79(0%), ATK IV: 33(0%), DEF IV: 97(0%), Work Speed: (0%), Skills: Abnormal
Chikipi, Level: 4, Rank: 1, Gender: Female, HP IV: 88(0%), ATK IV: 62(0%), DEF IV: 82(0%), Work Speed: (0%), Skills: Downtrodden
Chikipi, Level: 4, Rank: 1, Gender: Male, HP IV: 72(0%), ATK IV: 23(0%), DEF IV: 84(0%), Work Speed: (0%), Skills: Work Slave
Dumud, Level: 9, Rank: 1, Gender: Male, HP IV: 28(0%), ATK IV: 76(0%), DEF IV: 72(0%), Work Speed: (0%), Skills: Musclehead
Hoocrates, Level: 4, Rank: 1, Gender: Male, HP IV: 37(0%), ATK IV: 66(0%), DEF IV: 89(0%), Work Speed: (0%), Skills: Abnormal, Waterproof
Hoocrates, Level: 4, Rank: 1, Gender: Male, HP IV: 9(0%), ATK IV: 35(0%), DEF IV: 73(0%), Work Speed: (0%), Skills: Power of Gaia
Jormuntide Ignis, Level: 1, Rank: 1, Gender: Female, HP IV: 8(0%), ATK IV: 48(0%), DEF IV: 69(0%), Work Speed: (0%), Skills: Musclehead, Vanguard, Ferocious, Aggressive
Lamball, Level: 6, Rank: 1, Gender: Female, HP IV: 38(0%), ATK IV: 68(0%), DEF IV: 52(0%), Work Speed: (0%), Skills: Dainty Eater
Tombat, Level: 8, Rank: 1, Gender: Female, HP IV: 65(0%), ATK IV: 83(0%), DEF IV: 74(0%), Work Speed: (0%), Skills: Waterproof
Local Idiot's 9 Pals
--------------------
Chikipi, John, Level: 8, Rank: 1, Gender: Male, HP IV: 79(0%), ATK IV: 33(0%), DEF IV: 97(0%), Work Speed: (0%), Skills: Abnormal
Chikipi, Level: 4, Rank: 1, Gender: Female, HP IV: 88(0%), ATK IV: 62(0%), DEF IV: 82(0%), Work Speed: (0%), Skills: Downtrodden
Chikipi, Level: 4, Rank: 1, Gender: Male, HP IV: 72(0%), ATK IV: 23(0%), DEF IV: 84(0%), Work Speed: (0%), Skills: Work Slave
Dumud, Level: 9, Rank: 1, Gender: Male, HP IV: 28(0%), ATK IV: 76(0%), DEF IV: 72(0%), Work Speed: (0%), Skills: Musclehead
Hoocrates, Level: 4, Rank: 1, Gender: Male, HP IV: 37(0%), ATK IV: 66(0%), DEF IV: 89(0%), Work Speed: (0%), Skills: Abnormal, Waterproof
Hoocrates, Level: 4, Rank: 1, Gender: Male, HP IV: 9(0%), ATK IV: 35(0%), DEF IV: 73(0%), Work Speed: (0%), Skills: Power of Gaia
Jormuntide Ignis, Level: 1, Rank: 1, Gender: Female, HP IV: 8(0%), ATK IV: 48(0%), DEF IV: 69(0%), Work Speed: (0%), Skills: Musclehead, Vanguard, Ferocious, Aggressive
Lamball, Level: 6, Rank: 1, Gender: Female, HP IV: 38(0%), ATK IV: 68(0%), DEF IV: 52(0%), Work Speed: (0%), Skills: Dainty Eater
Tombat, Level: 8, Rank: 1, Gender: Female, HP IV: 65(0%), ATK IV: 83(0%), DEF IV: 74(0%), Work Speed: (0%), Skills: Waterproof
Local Idiot's 9 Pals
--------------------
Chikipi, John, Level: 8, Rank: 1, Gender: Male, HP IV: 79(0%), ATK IV: 33(0%), DEF IV: 97(0%), Work Speed: (0%), Skills: Abnormal
Chikipi, Level: 4, Rank: 1, Gender: Female, HP IV: 88(0%), ATK IV: 62(0%), DEF IV: 82(0%), Work Speed: (0%), Skills: Downtrodden
Chikipi, Level: 4, Rank: 1, Gender: Male, HP IV: 72(0%), ATK IV: 23(0%), DEF IV: 84(0%), Work Speed: (0%), Skills: Work Slave
Dumud, Level: 9, Rank: 1, Gender: Male, HP IV: 28(0%), ATK IV: 76(0%), DEF IV: 72(0%), Work Speed: (0%), Skills: Musclehead
Hoocrates, Level: 4, Rank: 1, Gender: Male, HP IV: 37(0%), ATK IV: 66(0%), DEF IV: 89(0%), Work Speed: (0%), Skills: Abnormal, Waterproof
Hoocrates, Level: 4, Rank: 1, Gender: Male, HP IV: 9(0%), ATK IV: 35(0%), DEF IV: 73(0%), Work Speed: (0%), Skills: Power of Gaia
Jormuntide Ignis, Level: 1, Rank: 1, Gender: Female, HP IV: 8(0%), ATK IV: 48(0%), DEF IV: 69(0%), Work Speed: (0%), Skills: Musclehead, Vanguard, Ferocious, Aggressive
Lamball, Level: 6, Rank: 1, Gender: Female, HP IV: 38(0%), ATK IV: 68(0%), DEF IV: 52(0%), Work Speed: (0%), Skills: Dainty Eater
Tombat, Level: 8, Rank: 1, Gender: Female, HP IV: 65(0%), ATK IV: 83(0%), DEF IV: 74(0%), Work Speed: (0%), Skills: Waterproof
Local Idiot's 9 Pals
--------------------
Chikipi, John, Level: 8, Rank: 1, Gender: Male, HP IV: 79(0%), ATK IV: 33(0%), DEF IV: 97(0%), Work Speed: (0%), Skills: Abnormal
Chikipi, Level: 4, Rank: 1, Gender: Female, HP IV: 88(0%), ATK IV: 62(0%), DEF IV: 82(0%), Work Speed: (0%), Skills: Downtrodden
Chikipi, Level: 4, Rank: 1, Gender: Male, HP IV: 72(0%), ATK IV: 23(0%), DEF IV: 84(0%), Work Speed: (0%), Skills: Work Slave
Dumud, Level: 9, Rank: 1, Gender: Male, HP IV: 28(0%), ATK IV: 76(0%), DEF IV: 72(0%), Work Speed: (0%), Skills: Musclehead
Hoocrates, Level: 4, Rank: 1, Gender: Male, HP IV: 37(0%), ATK IV: 66(0%), DEF IV: 89(0%), Work Speed: (0%), Skills: Abnormal, Waterproof
Hoocrates, Level: 4, Rank: 1, Gender: Male, HP IV: 9(0%), ATK IV: 35(0%), DEF IV: 73(0%), Work Speed: (0%), Skills: Power of Gaia
Jormuntide Ignis, Level: 1, Rank: 1, Gender: Female, HP IV: 8(0%), ATK IV: 48(0%), DEF IV: 69(0%), Work Speed: (0%), Skills: Musclehead, Vanguard, Ferocious, Aggressive
Lamball, Level: 6, Rank: 1, Gender: Female, HP IV: 38(0%), ATK IV: 68(0%), DEF IV: 52(0%), Work Speed: (0%), Skills: Dainty Eater
Tombat, Level: 8, Rank: 1, Gender: Female, HP IV: 65(0%), ATK IV: 83(0%), DEF IV: 74(0%), Work Speed: (0%), Skills: Waterproof
Local Idiot's 9 Pals
--------------------
Chikipi, John, Level: 8, Rank: 1, Gender: Male, HP IV: 79(0%), ATK IV: 33(0%), DEF IV: 97(0%), Work Speed: (0%), Skills: Abnormal
Chikipi, Level: 4, Rank: 1, Gender: Female, HP IV: 88(0%), ATK IV: 62(0%), DEF IV: 82(0%), Work Speed: (0%), Skills: Downtrodden
Chikipi, Level: 4, Rank: 1, Gender: Male, HP IV: 72(0%), ATK IV: 23(0%), DEF IV: 84(0%), Work Speed: (0%), Skills: Work Slave
Dumud, Level: 9, Rank: 1, Gender: Male, HP IV: 28(0%), ATK IV: 76(0%), DEF IV: 72(0%), Work Speed: (0%), Skills: Musclehead
Hoocrates, Level: 4, Rank: 1, Gender: Male, HP IV: 37(0%), ATK IV: 66(0%), DEF IV: 89(0%), Work Speed: (0%), Skills: Abnormal, Waterproof
Hoocrates, Level: 4, Rank: 1, Gender: Male, HP IV: 9(0%), ATK IV: 35(0%), DEF IV: 73(0%), Work Speed: (0%), Skills: Power of Gaia
Jormuntide Ignis, Level: 1, Rank: 1, Gender: Female, HP IV: 8(0%), ATK IV: 48(0%), DEF IV: 69(0%), Work Speed: (0%), Skills: Musclehead, Vanguard, Ferocious, Aggressive
Lamball, Level: 6, Rank: 1, Gender: Female, HP IV: 38(0%), ATK IV: 68(0%), DEF IV: 52(0%), Work Speed: (0%), Skills: Dainty Eater
Tombat, Level: 8, Rank: 1, Gender: Female, HP IV: 65(0%), ATK IV: 83(0%), DEF IV: 74(0%), Work Speed: (0%), Skills: Waterproof
Local Idiot's 9 Pals
--------------------
Chikipi, John, Level: 8, Rank: 1, Gender: Male, HP IV: 79(0%), ATK IV: 33(0%), DEF IV: 97(0%), Work Speed: (0%), Skills: Abnormal
Chikipi, Level: 4, Rank: 1, Gender: Female, HP IV: 88(0%), ATK IV: 62(0%), DEF IV: 82(0%), Work Speed: (0%), Skills: Downtrodden
Chikipi, Level: 4, Rank: 1, Gender: Male, HP IV: 72(0%), ATK IV: 23(0%), DEF IV: 84(0%), Work Speed: (0%), Skills: Work Slave
Dumud, Level: 9, Rank: 1, Gender: Male, HP IV: 28(0%), ATK IV: 76(0%), DEF IV: 72(0%), Work Speed: (0%), Skills: Musclehead
Hoocrates, Level: 4, Rank: 1, Gender: Male, HP IV: 37(0%), ATK IV: 66(0%), DEF IV: 89(0%), Work Speed: (0%), Skills: Abnormal, Waterproof
Hoocrates, Level: 4, Rank: 1, Gender: Male, HP IV: 9(0%), ATK IV: 35(0%), DEF IV: 73(0%), Work Speed: (0%), Skills: Power of Gaia
Jormuntide Ignis, Level: 1, Rank: 1, Gender: Female, HP IV: 8(0%), ATK IV: 48(0%), DEF IV: 69(0%), Work Speed: (0%), Skills: Musclehead, Vanguard, Ferocious, Aggressive
Lamball, Level: 6, Rank: 1, Gender: Female, HP IV: 38(0%), ATK IV: 68(0%), DEF IV: 52(0%), Work Speed: (0%), Skills: Dainty Eater
Tombat, Level: 8, Rank: 1, Gender: Female, HP IV: 65(0%), ATK IV: 83(0%), DEF IV: 74(0%), Work Speed: (0%), Skills: Waterproof
Local Idiot's 9 Pals
--------------------
Chikipi, John, Level: 8, Rank: 1, Gender: Male, HP IV: 79(0%), ATK IV: 33(0%), DEF IV: 97(0%), Work Speed: (0%), Skills: Abnormal
Chikipi, Level: 4, Rank: 1, Gender: Female, HP IV: 88(0%), ATK IV: 62(0%), DEF IV: 82(0%), Work Speed: (0%), Skills: Downtrodden
Chikipi, Level: 4, Rank: 1, Gender: Male, HP IV: 72(0%), ATK IV: 23(0%), DEF IV: 84(0%), Work Speed: (0%), Skills: Work Slave
Dumud, Level: 9, Rank: 1, Gender: Male, HP IV: 28(0%), ATK IV: 76(0%), DEF IV: 72(0%), Work Speed: (0%), Skills: Musclehead
Hoocrates, Level: 4, Rank: 1, Gender: Male, HP IV: 37(0%), ATK IV: 66(0%), DEF IV: 89(0%), Work Speed: (0%), Skills: Abnormal, Waterproof
Hoocrates, Level: 4, Rank: 1, Gender: Male, HP IV: 9(0%), ATK IV: 35(0%), DEF IV: 73(0%), Work Speed: (0%), Skills: Power of Gaia
Jormuntide Ignis, Level: 1, Rank: 1, Gender: Female, HP IV: 8(0%), ATK IV: 48(0%), DEF IV: 69(0%), Work Speed: (0%), Skills: Musclehead, Vanguard, Ferocious, Aggressive
Lamball, Level: 6, Rank: 1, Gender: Female, HP IV: 38(0%), ATK IV: 68(0%), DEF IV: 52(0%), Work Speed: (0%), Skills: Dainty Eater
Tombat, Level: 8, Rank: 1, Gender: Female, HP IV: 65(0%), ATK IV: 83(0%), DEF IV: 74(0%), Work Speed: (0%), Skills: Waterproof
Local Idiot's 9 Pals
--------------------
Chikipi, John, Level: 8, Rank: 1, Gender: Male, HP IV: 79(0%), ATK IV: 33(0%), DEF IV: 97(0%), Work Speed: (0%), Skills: Abnormal
Chikipi, Level: 4, Rank: 1, Gender: Female, HP IV: 88(0%), ATK IV: 62(0%), DEF IV: 82(0%), Work Speed: (0%), Skills: Downtrodden
Chikipi, Level: 4, Rank: 1, Gender: Male, HP IV: 72(0%), ATK IV: 23(0%), DEF IV: 84(0%), Work Speed: (0%), Skills: Work Slave
Dumud, Level: 9, Rank: 1, Gender: Male, HP IV: 28(0%), ATK IV: 76(0%), DEF IV: 72(0%), Work Speed: (0%), Skills: Musclehead
Hoocrates, Level: 4, Rank: 1, Gender: Male, HP IV: 37(0%), ATK IV: 66(0%), DEF IV: 89(0%), Work Speed: (0%), Skills: Abnormal, Waterproof
Hoocrates, Level: 4, Rank: 1, Gender: Male, HP IV: 9(0%), ATK IV: 35(0%), DEF IV: 73(0%), Work Speed: (0%), Skills: Power of Gaia
Jormuntide Ignis, Level: 1, Rank: 1, Gender: Female, HP IV: 8(0%), ATK IV: 48(0%), DEF IV: 69(0%), Work Speed: (0%), Skills: Musclehead, Vanguard, Ferocious, Aggressive
Lamball, Level: 6, Rank: 1, Gender: Female, HP IV: 38(0%), ATK IV: 68(0%), DEF IV: 52(0%), Work Speed: (0%), Skills: Dainty Eater
Tombat, Level: 8, Rank: 1, Gender: Female, HP IV: 65(0%), ATK IV: 83(0%), DEF IV: 74(0%), Work Speed: (0%), Skills: Waterproof
Local Idiot's 9 Pals
--------------------
Chikipi, John, Level: 8, Rank: 1, Gender: Male, HP IV: 79(0%), ATK IV: 33(0%), DEF IV: 97(0%), Work Speed: (0%), Skills: Abnormal
Chikipi, Level: 4, Rank: 1, Gender: Female, HP IV: 88(0%), ATK IV: 62(0%), DEF IV: 82(0%), Work Speed: (0%), Skills: Downtrodden
Chikipi, Level: 4, Rank: 1, Gender: Male, HP IV: 72(0%), ATK IV: 23(0%), DEF IV: 84(0%), Work Speed: (0%), Skills: Work Slave
Dumud, Level: 9, Rank: 1, Gender: Male, HP IV: 28(0%), ATK IV: 76(0%), DEF IV: 72(0%), Work Speed: (0%), Skills: Musclehead
Hoocrates, Level: 4, Rank: 1, Gender: Male, HP IV: 37(0%), ATK IV: 66(0%), DEF IV: 89(0%), Work Speed: (0%), Skills: Abnormal, Waterproof
Hoocrates, Level: 4, Rank: 1, Gender: Male, HP IV: 9(0%), ATK IV: 35(0%), DEF IV: 73(0%), Work Speed: (0%), Skills: Power of Gaia
Jormuntide Ignis, Level: 1, Rank: 1, Gender: Female, HP IV: 8(0%), ATK IV: 48(0%), DEF IV: 69(0%), Work Speed: (0%), Skills: Musclehead, Vanguard, Ferocious, Aggressive
Lamball, Level: 6, Rank: 1, Gender: Female, HP IV: 38(0%), ATK IV: 68(0%), DEF IV: 52(0%), Work Speed: (0%), Skills: Dainty Eater
Tombat, Level: 8, Rank: 1, Gender: Female, HP IV: 65(0%), ATK IV: 83(0%), DEF IV: 74(0%), Work Speed: (0%), Skills: Waterproof
Local Idiot's 9 Pals
--------------------
Chikipi, John, Level: 8, Rank: 1, Gender: Male, HP IV: 79(0%), ATK IV: 33(0%), DEF IV: 97(0%), Work Speed: (0%), Skills: Abnormal
Chikipi, Level: 4, Rank: 1, Gender: Female, HP IV: 88(0%), ATK IV: 62(0%), DEF IV: 82(0%), Work Speed: (0%), Skills: Downtrodden
Chikipi, Level: 4, Rank: 1, Gender: Male, HP IV: 72(0%), ATK IV: 23(0%), DEF IV: 84(0%), Work Speed: (0%), Skills: Work Slave
Dumud, Level: 9, Rank: 1, Gender: Male, HP IV: 28(0%), ATK IV: 76(0%), DEF IV: 72(0%), Work Speed: (0%), Skills: Musclehead
Hoocrates, Level: 4, Rank: 1, Gender: Male, HP IV: 37(0%), ATK IV: 66(0%), DEF IV: 89(0%), Work Speed: (0%), Skills: Abnormal, Waterproof
Hoocrates, Level: 4, Rank: 1, Gender: Male, HP IV: 9(0%), ATK IV: 35(0%), DEF IV: 73(0%), Work Speed: (0%), Skills: Power of Gaia
Jormuntide Ignis, Level: 1, Rank: 1, Gender: Female, HP IV: 8(0%), ATK IV: 48(0%), DEF IV: 69(0%), Work Speed: (0%), Skills: Musclehead, Vanguard, Ferocious, Aggressive
Lamball, Level: 6, Rank: 1, Gender: Female, HP IV: 38(0%), ATK IV: 68(0%), DEF IV: 52(0%), Work Speed: (0%), Skills: Dainty Eater
Tombat, Level: 8, Rank: 1, Gender: Female, HP IV: 65(0%), ATK IV: 83(0%), DEF IV: 74(0%), Work Speed: (0%), Skills: Waterproof
Local Idiot's 9 Pals
--------------------
Chikipi, John, Level: 8, Rank: 1, Gender: Male, HP IV: 79(0%), ATK IV: 33(0%), DEF IV: 97(0%), Work Speed: (0%), Skills: Abnormal
Chikipi, Level: 4, Rank: 1, Gender: Female, HP IV: 88(0%), ATK IV: 62(0%), DEF IV: 82(0%), Work Speed: (0%), Skills: Downtrodden
Chikipi, Level: 4, Rank: 1, Gender: Male, HP IV: 72(0%), ATK IV: 23(0%), DEF IV: 84(0%), Work Speed: (0%), Skills: Work Slave
Dumud, Level: 9, Rank: 1, Gender: Male, HP IV: 28(0%), ATK IV: 76(0%), DEF IV: 72(0%), Work Speed: (0%), Skills: Musclehead
Hoocrates, Level: 4, Rank: 1, Gender: Male, HP IV: 37(0%), ATK IV: 66(0%), DEF IV: 89(0%), Work Speed: (0%), Skills: Abnormal, Waterproof
Hoocrates, Level: 4, Rank: 1, Gender: Male, HP IV: 9(0%), ATK IV: 35(0%), DEF IV: 73(0%), Work Speed: (0%), Skills: Power of Gaia
Jormuntide Ignis, Level: 1, Rank: 1, Gender: Female, HP IV: 8(0%), ATK IV: 48(0%), DEF IV: 69(0%), Work Speed: (0%), Skills: Musclehead, Vanguard, Ferocious, Aggressive
Lamball, Level: 6, Rank: 1, Gender: Female, HP IV: 38(0%), ATK IV: 68(0%), DEF IV: 52(0%), Work Speed: (0%), Skills: Dainty Eater
Tombat, Level: 8, Rank: 1, Gender: Female, HP IV: 65(0%), ATK IV: 83(0%), DEF IV: 74(0%), Work Speed: (0%), Skills: Waterproof
