LouK's 13 Pals
--------------
Alpha Quivern, Level: 23, Rank: 1, Gender: Male, HP IV: 86(0%), ATK IV: 58(0%), DEF IV: 60(0%), Work Speed: (0%), Skills: Burly Body
Anubis, Level: 7, Rank: 1, Gender: Female, HP IV: 61(0%), ATK IV: 91(0%), DEF IV: 89(0%), Work Speed: (0%), Skills: Earth Emperor, Suntan Lover, Vanguard
Chikipi, Level: 4, Rank: 1, Gender: Female, HP IV: 62(0%), ATK IV: 6(0%), DEF IV: 100(0%), Work Speed: (0%), Skills: Musclehead
Chillet, Level: 7, Rank: 1, Gender: Male, HP IV: 93(0%), ATK IV: 19(0%), DEF IV: 32(0%), Work Speed: (0%), Skills: Abnormal
Eikthyrdeer, Level: 10, Rank: 1, Gender: Female, HP IV: 91(0%), ATK IV: 5(0%), DEF IV: 29(0%), Work Speed: (0%), Skills: Infinite Stamina
Foxparks, Level: 4, Rank: 1, Gender: Male, HP IV: 16(0%), ATK IV: 87(0%), DEF IV: 88(0%), Work Speed: (0%), Skills: Positive Thinker, Downtrodden, Dragonkiller, Shabby
Foxparks, Level: 5, Rank: 1, Gender: Female, HP IV: 14(0%), ATK IV: 53(0%), DEF IV: 73(0%), Work Speed: (0%), Skills: Motivational Leader, Capacitor
Foxparks, Level: 7, Rank: 1, Gender: Female, HP IV: 26(0%), ATK IV: 90(0%), DEF IV: 100(0%), Work Speed: (0%), Skills: Earthquake Resistant, Vanguard
Fuack, Level: 6, Rank: 1, Gender: Male, HP IV: 8(0%), ATK IV: 1(0%), DEF IV: 22(0%), Work Speed: (0%), Skills: Diet Lover
Pengullet, Level: 5, Rank: 1, Gender: Female, HP IV: 16(0%), ATK IV: 33(0%), DEF IV: 93(0%), Work Speed: (0%), Skills: Serenity
Pengullet, Level: 7, Rank: 1, Gender: Male, HP IV: 35(0%), ATK IV: 99(0%), DEF IV: 40(0%), Work Speed: (0%), Skills: Mine Foreman
Ribbuny, Level: 5, Rank: 1, Gender: Male, HP IV: 30(0%), ATK IV: 3(0%), DEF IV: 31(0%), Work Speed: (0%), Skills: Swift
Sparkit, Level: 3, Rank: 1, Gender: Male, HP IV: 33(0%), ATK IV: 96(0%), DEF IV: 32(0%), Work Speed: (0%), Skills: Downtrodden
LouK's 13 Pals
--------------
Alpha Quivern, Level: 23, Rank: 1, Gender: Male, HP IV: 86(0%), ATK IV: 58(0%), DEF IV: 60(0%), Work Speed: (0%), Skills: Burly Body
Anubis, Level: 7, Rank: 1, Gender: Female, HP IV: 61(0%), ATK IV: 91(0%), DEF IV: 89(0%), Work Speed: (0%), Skills: Earth Emperor, Suntan Lover, Vanguard
Chikipi, Level: 4, Rank: 1, Gender: Female, HP IV: 62(0%), ATK IV: 6(0%), DEF IV: 100(0%), Work Speed: (0%), Skills: Musclehead
Chillet, Level: 7, Rank: 1, Gender: Male, HP IV: 93(0%), ATK IV: 19(0%), DEF IV: 32(0%), Work Speed: (0%), Skills: Abnormal
Eikthyrdeer, Level: 10, Rank: 1, Gender: Female, HP IV: 91(0%), ATK IV: 5(0%), DEF IV: 29(0%), Work Speed: (0%), Skills: Infinite Stamina
Foxparks, Level: 4, Rank: 1, Gender: Male, HP IV: 16(0%), ATK IV: 87(0%), DEF IV: 88(0%), Work Speed: (0%), Skills: Positive Thinker, Downtrodden, Dragonkiller, Shabby
Foxparks, Level: 5, Rank: 1, Gender: Female, HP IV: 14(0%), ATK IV: 53(0%), DEF IV: 73(0%), Work Speed: (0%), Skills: Motivational Leader, Capacitor
Foxparks, Level: 7, Rank: 1, Gender: Female, HP IV: 26(0%), ATK IV: 90(0%), DEF IV: 100(0%), Work Speed: (0%), Skills: Earthquake Resistant, Vanguard
Fuack, Level: 6, Rank: 1, Gender: Male, HP IV: 8(0%), ATK IV: 1(0%), DEF IV: 22(0%), Work Speed: (0%), Skills: Diet Lover
Pengullet, Level: 5, Rank: 1, Gender: Female, HP IV: 16(0%), ATK IV: 33(0%), DEF IV: 93(0%), Work Speed: (0%), Skills: Serenity
Pengullet, Level: 7, Rank: 1, Gender: Male, HP IV: 35(0%), ATK IV: 99(0%), DEF IV: 40(0%), Work Speed: (0%), Skills: Mine Foreman
Ribbuny, Level: 5, Rank: 1, Gender: Male, HP IV: 30(0%), ATK IV: 3(0%), DEF IV: 31(0%), Work Speed: (0%), Skills: Swift
Sparkit, Level: 3, Rank: 1, Gender: Male, HP IV: 33(0%), ATK IV: 96(0%), DEF IV: 32(0%), Work Speed: (0%), Skills: Downtrodden
LouK's 13 Pals
--------------
Alpha Quivern, Level: 23, Rank: 1, Gender: Male, HP IV: 86(0%), ATK IV: 58(0%), DEF IV: 60(0%), Work Speed: (0%), Skills: Burly Body
Anubis, Level: 7, Rank: 1, Gender: Female, HP IV: 61(0%), ATK IV: 91(0%), DEF IV: 89(0%), Work Speed: (0%), Skills: Earth Emperor, Suntan Lover, Vanguard
Chikipi, Level: 4, Rank: 1, Gender: Female, HP IV: 62(0%), ATK IV: 6(0%), DEF IV: 100(0%), Work Speed: (0%), Skills: Musclehead
Chillet, Level: 7, Rank: 1, Gender: Male, HP IV: 93(0%), ATK IV: 19(0%), DEF IV: 32(0%), Work Speed: (0%), Skills: Abnormal
Eikthyrdeer, Level: 10, Rank: 1, Gender: Female, HP IV: 91(0%), ATK IV: 5(0%), DEF IV: 29(0%), Work Speed: (0%), Skills: Infinite Stamina
Foxparks, Level: 4, Rank: 1, Gender: Male, HP IV: 16(0%), ATK IV: 87(0%), DEF IV: 88(0%), Work Speed: (0%), Skills: Positive Thinker, Downtrodden, Dragonkiller, Shabby
Foxparks, Level: 5, Rank: 1, Gender: Female, HP IV: 14(0%), ATK IV: 53(0%), DEF IV: 73(0%), Work Speed: (0%), Skills: Motivational Leader, Capacitor
Foxparks, Level: 7, Rank: 1, Gender: Female, HP IV: 26(0%), ATK IV: 90(0%), DEF IV: 100(0%), Work Speed: (0%), Skills: Earthquake Resistant, Vanguard
Fuack, Level: 6, Rank: 1, Gender: Male, HP IV: 8(0%), ATK IV: 1(0%), DEF IV: 22(0%), Work Speed: (0%), Skills: Diet Lover
Pengullet, Level: 5, Rank: 1, Gender: Female, HP IV: 16(0%), ATK IV: 33(0%), DEF IV: 93(0%), Work Speed: (0%), Skills: Serenity
Pengullet, Level: 7, Rank: 1, Gender: Male, HP IV: 35(0%), ATK IV: 99(0%), DEF IV: 40(0%), Work Speed: (0%), Skills: Mine Foreman
Ribbuny, Level: 5, Rank: 1, Gender: Male, HP IV: 30(0%), ATK IV: 3(0%), DEF IV: 31(0%), Work Speed: (0%), Skills: Swift
Sparkit, Level: 3, Rank: 1, Gender: Male, HP IV: 33(0%), ATK IV: 96(0%), DEF IV: 32(0%), Work Speed: (0%), Skills: Downtrodden
LouK's 13 Pals
--------------
Alpha Quivern, Level: 23, Rank: 1, Gender: Male, HP IV: 86(0%), ATK IV: 58(0%), DEF IV: 60(0%), Work Speed: (0%), Skills: Burly Body
Anubis, Level: 7, Rank: 1, Gender: Female, HP IV: 61(0%), ATK IV: 91(0%), DEF IV: 89(0%), Work Speed: (0%), Skills: Earth Emperor, Suntan Lover, Vanguard
Chikipi, Level: 4, Rank: 1, Gender: Female, HP IV: 62(0%), ATK IV: 6(0%), DEF IV: 100(0%), Work Speed: (0%), Skills: Musclehead
Chillet, Level: 7, Rank: 1, Gender: Male, HP IV: 93(0%), ATK IV: 19(0%), DEF IV: 32(0%), Work Speed: (0%), Skills: Abnormal
Eikthyrdeer, Level: 10, Rank: 1, Gender: Female, HP IV: 91(0%), ATK IV: 5(0%), DEF IV: 29(0%), Work Speed: (0%), Skills: Infinite Stamina
Foxparks, Level: 4, Rank: 1, Gender: Male, HP IV: 16(0%), ATK IV: 87(0%), DEF IV: 88(0%), Work Speed: (0%), Skills: Positive Thinker, Downtrodden, Dragonkiller, Shabby
Foxparks, Level: 5, Rank: 1, Gender: Female, HP IV: 14(0%), ATK IV: 53(0%), DEF IV: 73(0%), Work Speed: (0%), Skills: Motivational Leader, Capacitor
Foxparks, Level: 7, Rank: 1, Gender: Female, HP IV: 26(0%), ATK IV: 90(0%), DEF IV: 100(0%), Work Speed: (0%), Skills: Earthquake Resistant, Vanguard
Fuack, Level: 6, Rank: 1, Gender: Male, HP IV: 8(0%), ATK IV: 1(0%), DEF IV: 22(0%), Work Speed: (0%), Skills: Diet Lover
Pengullet, Level: 5, Rank: 1, Gender: Female, HP IV: 16(0%), ATK IV: 33(0%), DEF IV: 93(0%), Work Speed: (0%), Skills: Serenity
Pengullet, Level: 7, Rank: 1, Gender: Male, HP IV: 35(0%), ATK IV: 99(0%), DEF IV: 40(0%), Work Speed: (0%), Skills: Mine Foreman
Ribbuny, Level: 5, Rank: 1, Gender: Male, HP IV: 30(0%), ATK IV: 3(0%), DEF IV: 31(0%), Work Speed: (0%), Skills: Swift
Sparkit, Level: 3, Rank: 1, Gender: Male, HP IV: 33(0%), ATK IV: 96(0%), DEF IV: 32(0%), Work Speed: (0%), Skills: Downtrodden
LouK's 13 Pals
--------------
Alpha Quivern, Level: 23, Rank: 1, Gender: Male, HP IV: 86(0%), ATK IV: 58(0%), DEF IV: 60(0%), Work Speed: (0%), Skills: Burly Body
Anubis, Level: 7, Rank: 1, Gender: Female, HP IV: 61(0%), ATK IV: 91(0%), DEF IV: 89(0%), Work Speed: (0%), Skills: Earth Emperor, Suntan Lover, Vanguard
Chikipi, Level: 4, Rank: 1, Gender: Female, HP IV: 62(0%), ATK IV: 6(0%), DEF IV: 100(0%), Work Speed: (0%), Skills: Musclehead
Chillet, Level: 7, Rank: 1, Gender: Male, HP IV: 93(0%), ATK IV: 19(0%), DEF IV: 32(0%), Work Speed: (0%), Skills: Abnormal
Eikthyrdeer, Level: 10, Rank: 1, Gender: Female, HP IV: 91(0%), ATK IV: 5(0%), DEF IV: 29(0%), Work Speed: (0%), Skills: Infinite Stamina
Foxparks, Level: 4, Rank: 1, Gender: Male, HP IV: 16(0%), ATK IV: 87(0%), DEF IV: 88(0%), Work Speed: (0%), Skills: Positive Thinker, Downtrodden, Dragonkiller, Shabby
Foxparks, Level: 5, Rank: 1, Gender: Female, HP IV: 14(0%), ATK IV: 53(0%), DEF IV: 73(0%), Work Speed: (0%), Skills: Motivational Leader, Capacitor
Foxparks, Level: 7, Rank: 1, Gender: Female, HP IV: 26(0%), ATK IV: 90(0%), DEF IV: 100(0%), Work Speed: (0%), Skills: Earthquake Resistant, Vanguard
Fuack, Level: 6, Rank: 1, Gender: Male, HP IV: 8(0%), ATK IV: 1(0%), DEF IV: 22(0%), Work Speed: (0%), Skills: Diet Lover
Pengullet, Level: 5, Rank: 1, Gender: Female, HP IV: 16(0%), ATK IV: 33(0%), DEF IV: 93(0%), Work Speed: (0%), Skills: Serenity
Pengullet, Level: 7, Rank: 1, Gender: Male, HP IV: 35(0%), ATK IV: 99(0%), DEF IV: 40(0%), Work Speed: (0%), Skills: Mine Foreman
Ribbuny, Level: 5, Rank: 1, Gender: Male, HP IV: 30(0%), ATK IV: 3(0%), DEF IV: 31(0%), Work Speed: (0%), Skills: Swift
Sparkit, Level: 3, Rank: 1, Gender: Male, HP IV: 33(0%), ATK IV: 96(0%), DEF IV: 32(0%), Work Speed: (0%), Skills: Downtrodden
LouK's 13 Pals
--------------
Alpha Quivern, Level: 23, Rank: 1, Gender: Male, HP IV: 86(0%), ATK IV: 58(0%), DEF IV: 60(0%), Work Speed: (0%), Skills: Burly Body
Anubis, Level: 7, Rank: 1, Gender: Female, HP IV: 61(0%), ATK IV: 91(0%), DEF IV: 89(0%), Work Speed: (0%), Skills: Earth Emperor, Suntan Lover, Vanguard
Chikipi, Level: 4, Rank: 1, Gender: Female, HP IV: 62(0%), ATK IV: 6(0%), DEF IV: 100(0%), Work Speed: (0%), Skills: Musclehead
Chillet, Level: 7, Rank: 1, Gender: Male, HP IV: 93(0%), ATK IV: 19(0%), DEF IV: 32(0%), Work Speed: (0%), Skills: Abnormal
Eikthyrdeer, Level: 10, Rank: 1, Gender: Female, HP IV: 91(0%), ATK IV: 5(0%), DEF IV: 29(0%), Work Speed: (0%), Skills: Infinite Stamina
Foxparks, Level: 4, Rank: 1, Gender: Male, HP IV: 16(0%), ATK IV: 87(0%), DEF IV: 88(0%), Work Speed: (0%), Skills: Positive Thinker, Downtrodden, Dragonkiller, Shabby
Foxparks, Level: 5, Rank: 1, Gender: Female, HP IV: 14(0%), ATK IV: 53(0%), DEF IV: 73(0%), Work Speed: (0%), Skills: Motivational Leader, Capacitor
Foxparks, Level: 7, Rank: 1, Gender: Female, HP IV: 26(0%), ATK IV: 90(0%), DEF IV: 100(0%), Work Speed: (0%), Skills: Earthquake Resistant, Vanguard
Fuack, Level: 6, Rank: 1, Gender: Male, HP IV: 8(0%), ATK IV: 1(0%), DEF IV: 22(0%), Work Speed: (0%), Skills: Diet Lover
Pengullet, Level: 5, Rank: 1, Gender: Female, HP IV: 16(0%), ATK IV: 33(0%), DEF IV: 93(0%), Work Speed: (0%), Skills: Serenity
Pengullet, Level: 7, Rank: 1, Gender: Male, HP IV: 35(0%), ATK IV: 99(0%), DEF IV: 40(0%), Work Speed: (0%), Skills: Mine Foreman
Ribbuny, Level: 5, Rank: 1, Gender: Male, HP IV: 30(0%), ATK IV: 3(0%), DEF IV: 31(0%), Work Speed: (0%), Skills: Swift
Sparkit, Level: 3, Rank: 1, Gender: Male, HP IV: 33(0%), ATK IV: 96(0%), DEF IV: 32(0%), Work Speed: (0%), Skills: Downtrodden
LouK's 13 Pals
--------------
Alpha Quivern, Level: 23, Rank: 1, Gender: Male, HP IV: 86(0%), ATK IV: 58(0%), DEF IV: 60(0%), Work Speed: (0%), Skills: Burly Body
Anubis, Level: 7, Rank: 1, Gender: Female, HP IV: 61(0%), ATK IV: 91(0%), DEF IV: 89(0%), Work Speed: (0%), Skills: Earth Emperor, Suntan Lover, Vanguard
Chikipi, Level: 4, Rank: 1, Gender: Female, HP IV: 62(0%), ATK IV: 6(0%), DEF IV: 100(0%), Work Speed: (0%), Skills: Musclehead
Chillet, Level: 7, Rank: 1, Gender: Male, HP IV: 93(0%), ATK IV: 19(0%), DEF IV: 32(0%), Work Speed: (0%), Skills: Abnormal
Eikthyrdeer, Level: 10, Rank: 1, Gender: Female, HP IV: 91(0%), ATK IV: 5(0%), DEF IV: 29(0%), Work Speed: (0%), Skills: Infinite Stamina
Foxparks, Level: 4, Rank: 1, Gender: Male, HP IV: 16(0%), ATK IV: 87(0%), DEF IV: 88(0%), Work Speed: (0%), Skills: Positive Thinker, Downtrodden, Dragonkiller, Shabby
Foxparks, Level: 5, Rank: 1, Gender: Female, HP IV: 14(0%), ATK IV: 53(0%), DEF IV: 73(0%), Work Speed: (0%), Skills: Motivational Leader, Capacitor
Foxparks, Level: 7, Rank: 1, Gender: Female, HP IV: 26(0%), ATK IV: 90(0%), DEF IV: 100(0%), Work Speed: (0%), Skills: Earthquake Resistant, Vanguard
Fuack, Level: 6, Rank: 1, Gender: Male, HP IV: 8(0%), ATK IV: 1(0%), DEF IV: 22(0%), Work Speed: (0%), Skills: Diet Lover
Pengullet, Level: 5, Rank: 1, Gender: Female, HP IV: 16(0%), ATK IV: 33(0%), DEF IV: 93(0%), Work Speed: (0%), Skills: Serenity
Pengullet, Level: 7, Rank: 1, Gender: Male, HP IV: 35(0%), ATK IV: 99(0%), DEF IV: 40(0%), Work Speed: (0%), Skills: Mine Foreman
Ribbuny, Level: 5, Rank: 1, Gender: Male, HP IV: 30(0%), ATK IV: 3(0%), DEF IV: 31(0%), Work Speed: (0%), Skills: Swift
Sparkit, Level: 3, Rank: 1, Gender: Male, HP IV: 33(0%), ATK IV: 96(0%), DEF IV: 32(0%), Work Speed: (0%), Skills: Downtrodden
LouK's 13 Pals
--------------
Alpha Quivern, Level: 23, Rank: 1, Gender: Male, HP IV: 86(0%), ATK IV: 58(0%), DEF IV: 60(0%), Work Speed: (0%), Skills: Burly Body
Anubis, Level: 7, Rank: 1, Gender: Female, HP IV: 61(0%), ATK IV: 91(0%), DEF IV: 89(0%), Work Speed: (0%), Skills: Earth Emperor, Suntan Lover, Vanguard
Chikipi, Level: 4, Rank: 1, Gender: Female, HP IV: 62(0%), ATK IV: 6(0%), DEF IV: 100(0%), Work Speed: (0%), Skills: Musclehead
Chillet, Level: 7, Rank: 1, Gender: Male, HP IV: 93(0%), ATK IV: 19(0%), DEF IV: 32(0%), Work Speed: (0%), Skills: Abnormal
Eikthyrdeer, Level: 10, Rank: 1, Gender: Female, HP IV: 91(0%), ATK IV: 5(0%), DEF IV: 29(0%), Work Speed: (0%), Skills: Infinite Stamina
Foxparks, Level: 4, Rank: 1, Gender: Male, HP IV: 16(0%), ATK IV: 87(0%), DEF IV: 88(0%), Work Speed: (0%), Skills: Positive Thinker, Downtrodden, Dragonkiller, Shabby
Foxparks, Level: 5, Rank: 1, Gender: Female, HP IV: 14(0%), ATK IV: 53(0%), DEF IV: 73(0%), Work Speed: (0%), Skills: Motivational Leader, Capacitor
Foxparks, Level: 7, Rank: 1, Gender: Female, HP IV: 26(0%), ATK IV: 90(0%), DEF IV: 100(0%), Work Speed: (0%), Skills: Earthquake Resistant, Vanguard
Fuack, Level: 6, Rank: 1, Gender: Male, HP IV: 8(0%), ATK IV: 1(0%), DEF IV: 22(0%), Work Speed: (0%), Skills: Diet Lover
Pengullet, Level: 5, Rank: 1, Gender: Female, HP IV: 16(0%), ATK IV: 33(0%), DEF IV: 93(0%), Work Speed: (0%), Skills: Serenity
Pengullet, Level: 7, Rank: 1, Gender: Male, HP IV: 35(0%), ATK IV: 99(0%), DEF IV: 40(0%), Work Speed: (0%), Skills: Mine Foreman
Ribbuny, Level: 5, Rank: 1, Gender: Male, HP IV: 30(0%), ATK IV: 3(0%), DEF IV: 31(0%), Work Speed: (0%), Skills: Swift
Sparkit, Level: 3, Rank: 1, Gender: Male, HP IV: 33(0%), ATK IV: 96(0%), DEF IV: 32(0%), Work Speed: (0%), Skills: Downtrodden
LouK's 13 Pals
--------------
Alpha Quivern, Level: 23, Rank: 1, Gender: Male, HP IV: 86(0%), ATK IV: 58(0%), DEF IV: 60(0%), Work Speed: (0%), Skills: Burly Body
Anubis, Level: 7, Rank: 1, Gender: Female, HP IV: 61(0%), ATK IV: 91(0%), DEF IV: 89(0%), Work Speed: (0%), Skills: Earth Emperor, Suntan Lover, Vanguard
Chikipi, Level: 4, Rank: 1, Gender: Female, HP IV: 62(0%), ATK IV: 6(0%), DEF IV: 100(0%), Work Speed: (0%), Skills: Musclehead
Chillet, Level: 7, Rank: 1, Gender: Male, HP IV: 93(0%), ATK IV: 19(0%), DEF IV: 32(0%), Work Speed: (0%), Skills: Abnormal
Eikthyrdeer, Level: 10, Rank: 1, Gender: Female, HP IV: 91(0%), ATK IV: 5(0%), DEF IV: 29(0%), Work Speed: (0%), Skills: Infinite Stamina
Foxparks, Level: 4, Rank: 1, Gender: Male, HP IV: 16(0%), ATK IV: 87(0%), DEF IV: 88(0%), Work Speed: (0%), Skills: Positive Thinker, Downtrodden, Dragonkiller, Shabby
Foxparks, Level: 5, Rank: 1, Gender: Female, HP IV: 14(0%), ATK IV: 53(0%), DEF IV: 73(0%), Work Speed: (0%), Skills: Motivational Leader, Capacitor
Foxparks, Level: 7, Rank: 1, Gender: Female, HP IV: 26(0%), ATK IV: 90(0%), DEF IV: 100(0%), Work Speed: (0%), Skills: Earthquake Resistant, Vanguard
Fuack, Level: 6, Rank: 1, Gender: Male, HP IV: 8(0%), ATK IV: 1(0%), DEF IV: 22(0%), Work Speed: (0%), Skills: Diet Lover
Pengullet, Level: 5, Rank: 1, Gender: Female, HP IV: 16(0%), ATK IV: 33(0%), DEF IV: 93(0%), Work Speed: (0%), Skills: Serenity
Pengullet, Level: 7, Rank: 1, Gender: Male, HP IV: 35(0%), ATK IV: 99(0%), DEF IV: 40(0%), Work Speed: (0%), Skills: Mine Foreman
Ribbuny, Level: 5, Rank: 1, Gender: Male, HP IV: 30(0%), ATK IV: 3(0%), DEF IV: 31(0%), Work Speed: (0%), Skills: Swift
Sparkit, Level: 3, Rank: 1, Gender: Male, HP IV: 33(0%), ATK IV: 96(0%), DEF IV: 32(0%), Work Speed: (0%), Skills: Downtrodden
LouK's 13 Pals
--------------
Alpha Quivern, Level: 23, Rank: 1, Gender: Male, HP IV: 86(0%), ATK IV: 58(0%), DEF IV: 60(0%), Work Speed: (0%), Skills: Burly Body
Anubis, Level: 7, Rank: 1, Gender: Female, HP IV: 61(0%), ATK IV: 91(0%), DEF IV: 89(0%), Work Speed: (0%), Skills: Earth Emperor, Suntan Lover, Vanguard
Chikipi, Level: 4, Rank: 1, Gender: Female, HP IV: 62(0%), ATK IV: 6(0%), DEF IV: 100(0%), Work Speed: (0%), Skills: Musclehead
Chillet, Level: 7, Rank: 1, Gender: Male, HP IV: 93(0%), ATK IV: 19(0%), DEF IV: 32(0%), Work Speed: (0%), Skills: Abnormal
Eikthyrdeer, Level: 10, Rank: 1, Gender: Female, HP IV: 91(0%), ATK IV: 5(0%), DEF IV: 29(0%), Work Speed: (0%), Skills: Infinite Stamina
Foxparks, Level: 4, Rank: 1, Gender: Male, HP IV: 16(0%), ATK IV: 87(0%), DEF IV: 88(0%), Work Speed: (0%), Skills: Positive Thinker, Downtrodden, Dragonkiller, Shabby
Foxparks, Level: 5, Rank: 1, Gender: Female, HP IV: 14(0%), ATK IV: 53(0%), DEF IV: 73(0%), Work Speed: (0%), Skills: Motivational Leader, Capacitor
Foxparks, Level: 7, Rank: 1, Gender: Female, HP IV: 26(0%), ATK IV: 90(0%), DEF IV: 100(0%), Work Speed: (0%), Skills: Earthquake Resistant, Vanguard
Fuack, Level: 6, Rank: 1, Gender: Male, HP IV: 8(0%), ATK IV: 1(0%), DEF IV: 22(0%), Work Speed: (0%), Skills: Diet Lover
Pengullet, Level: 5, Rank: 1, Gender: Female, HP IV: 16(0%), ATK IV: 33(0%), DEF IV: 93(0%), Work Speed: (0%), Skills: Serenity
Pengullet, Level: 7, Rank: 1, Gender: Male, HP IV: 35(0%), ATK IV: 99(0%), DEF IV: 40(0%), Work Speed: (0%), Skills: Mine Foreman
Ribbuny, Level: 5, Rank: 1, Gender: Male, HP IV: 30(0%), ATK IV: 3(0%), DEF IV: 31(0%), Work Speed: (0%), Skills: Swift
Sparkit, Level: 3, Rank: 1, Gender: Male, HP IV: 33(0%), ATK IV: 96(0%), DEF IV: 32(0%), Work Speed: (0%), Skills: Downtrodden
LouK's 13 Pals
--------------
Alpha Quivern, Level: 23, Rank: 1, Gender: Male, HP IV: 86(0%), ATK IV: 58(0%), DEF IV: 60(0%), Work Speed: (0%), Skills: Burly Body
Anubis, Level: 7, Rank: 1, Gender: Female, HP IV: 61(0%), ATK IV: 91(0%), DEF IV: 89(0%), Work Speed: (0%), Skills: Earth Emperor, Suntan Lover, Vanguard
Chikipi, Level: 4, Rank: 1, Gender: Female, HP IV: 62(0%), ATK IV: 6(0%), DEF IV: 100(0%), Work Speed: (0%), Skills: Musclehead
Chillet, Level: 7, Rank: 1, Gender: Male, HP IV: 93(0%), ATK IV: 19(0%), DEF IV: 32(0%), Work Speed: (0%), Skills: Abnormal
Eikthyrdeer, Level: 10, Rank: 1, Gender: Female, HP IV: 91(0%), ATK IV: 5(0%), DEF IV: 29(0%), Work Speed: (0%), Skills: Infinite Stamina
Foxparks, Level: 4, Rank: 1, Gender: Male, HP IV: 16(0%), ATK IV: 87(0%), DEF IV: 88(0%), Work Speed: (0%), Skills: Positive Thinker, Downtrodden, Dragonkiller, Shabby
Foxparks, Level: 5, Rank: 1, Gender: Female, HP IV: 14(0%), ATK IV: 53(0%), DEF IV: 73(0%), Work Speed: (0%), Skills: Motivational Leader, Capacitor
Foxparks, Level: 7, Rank: 1, Gender: Female, HP IV: 26(0%), ATK IV: 90(0%), DEF IV: 100(0%), Work Speed: (0%), Skills: Earthquake Resistant, Vanguard
Fuack, Level: 6, Rank: 1, Gender: Male, HP IV: 8(0%), ATK IV: 1(0%), DEF IV: 22(0%), Work Speed: (0%), Skills: Diet Lover
Pengullet, Level: 5, Rank: 1, Gender: Female, HP IV: 16(0%), ATK IV: 33(0%), DEF IV: 93(0%), Work Speed: (0%), Skills: Serenity
Pengullet, Level: 7, Rank: 1, Gender: Male, HP IV: 35(0%), ATK IV: 99(0%), DEF IV: 40(0%), Work Speed: (0%), Skills: Mine Foreman
Ribbuny, Level: 5, Rank: 1, Gender: Male, HP IV: 30(0%), ATK IV: 3(0%), DEF IV: 31(0%), Work Speed: (0%), Skills: Swift
Sparkit, Level: 3, Rank: 1, Gender: Male, HP IV: 33(0%), ATK IV: 96(0%), DEF IV: 32(0%), Work Speed: (0%), Skills: Downtrodden
LouK's 13 Pals
--------------
Alpha Quivern, Level: 23, Rank: 1, Gender: Male, HP IV: 86(0%), ATK IV: 58(0%), DEF IV: 60(0%), Work Speed: (0%), Skills: Burly Body
Anubis, Level: 7, Rank: 1, Gender: Female, HP IV: 61(0%), ATK IV: 91(0%), DEF IV: 89(0%), Work Speed: (0%), Skills: Earth Emperor, Suntan Lover, Vanguard
Chikipi, Level: 4, Rank: 1, Gender: Female, HP IV: 62(0%), ATK IV: 6(0%), DEF IV: 100(0%), Work Speed: (0%), Skills: Musclehead
Chillet, Level: 7, Rank: 1, Gender: Male, HP IV: 93(0%), ATK IV: 19(0%), DEF IV: 32(0%), Work Speed: (0%), Skills: Abnormal
Eikthyrdeer, Level: 10, Rank: 1, Gender: Female, HP IV: 91(0%), ATK IV: 5(0%), DEF IV: 29(0%), Work Speed: (0%), Skills: Infinite Stamina
Foxparks, Level: 4, Rank: 1, Gender: Male, HP IV: 16(0%), ATK IV: 87(0%), DEF IV: 88(0%), Work Speed: (0%), Skills: Positive Thinker, Downtrodden, Dragonkiller, Shabby
Foxparks, Level: 5, Rank: 1, Gender: Female, HP IV: 14(0%), ATK IV: 53(0%), DEF IV: 73(0%), Work Speed: (0%), Skills: Motivational Leader, Capacitor
Foxparks, Level: 7, Rank: 1, Gender: Female, HP IV: 26(0%), ATK IV: 90(0%), DEF IV: 100(0%), Work Speed: (0%), Skills: Earthquake Resistant, Vanguard
Fuack, Level: 6, Rank: 1, Gender: Male, HP IV: 8(0%), ATK IV: 1(0%), DEF IV: 22(0%), Work Speed: (0%), Skills: Diet Lover
Pengullet, Level: 5, Rank: 1, Gender: Female, HP IV: 16(0%), ATK IV: 33(0%), DEF IV: 93(0%), Work Speed: (0%), Skills: Serenity
Pengullet, Level: 7, Rank: 1, Gender: Male, HP IV: 35(0%), ATK IV: 99(0%), DEF IV: 40(0%), Work Speed: (0%), Skills: Mine Foreman
Ribbuny, Level: 5, Rank: 1, Gender: Male, HP IV: 30(0%), ATK IV: 3(0%), DEF IV: 31(0%), Work Speed: (0%), Skills: Swift
Sparkit, Level: 3, Rank: 1, Gender: Male, HP IV: 33(0%), ATK IV: 96(0%), DEF IV: 32(0%), Work Speed: (0%), Skills: Downtrodden
LouK's 13 Pals
--------------
Alpha Quivern, Level: 23, Rank: 1, Gender: Male, HP IV: 86(0%), ATK IV: 58(0%), DEF IV: 60(0%), Work Speed: (0%), Skills: Burly Body
Anubis, Level: 7, Rank: 1, Gender: Female, HP IV: 61(0%), ATK IV: 91(0%), DEF IV: 89(0%), Work Speed: (0%), Skills: Earth Emperor, Suntan Lover, Vanguard
Chikipi, Level: 4, Rank: 1, Gender: Female, HP IV: 62(0%), ATK IV: 6(0%), DEF IV: 100(0%), Work Speed: (0%), Skills: Musclehead
Chillet, Level: 7, Rank: 1, Gender: Male, HP IV: 93(0%), ATK IV: 19(0%), DEF IV: 32(0%), Work Speed: (0%), Skills: Abnormal
Eikthyrdeer, Level: 10, Rank: 1, Gender: Female, HP IV: 91(0%), ATK IV: 5(0%), DEF IV: 29(0%), Work Speed: (0%), Skills: Infinite Stamina
Foxparks, Level: 4, Rank: 1, Gender: Male, HP IV: 16(0%), ATK IV: 87(0%), DEF IV: 88(0%), Work Speed: (0%), Skills: Positive Thinker, Downtrodden, Dragonkiller, Shabby
Foxparks, Level: 5, Rank: 1, Gender: Female, HP IV: 14(0%), ATK IV: 53(0%), DEF IV: 73(0%), Work Speed: (0%), Skills: Motivational Leader, Capacitor
Foxparks, Level: 7, Rank: 1, Gender: Female, HP IV: 26(0%), ATK IV: 90(0%), DEF IV: 100(0%), Work Speed: (0%), Skills: Earthquake Resistant, Vanguard
Fuack, Level: 6, Rank: 1, Gender: Male, HP IV: 8(0%), ATK IV: 1(0%), DEF IV: 22(0%), Work Speed: (0%), Skills: Diet Lover
Pengullet, Level: 5, Rank: 1, Gender: Female, HP IV: 16(0%), ATK IV: 33(0%), DEF IV: 93(0%), Work Speed: (0%), Skills: Serenity
Pengullet, Level: 7, Rank: 1, Gender: Male, HP IV: 35(0%), ATK IV: 99(0%), DEF IV: 40(0%), Work Speed: (0%), Skills: Mine Foreman
Ribbuny, Level: 5, Rank: 1, Gender: Male, HP IV: 30(0%), ATK IV: 3(0%), DEF IV: 31(0%), Work Speed: (0%), Skills: Swift
Sparkit, Level: 3, Rank: 1, Gender: Male, HP IV: 33(0%), ATK IV: 96(0%), DEF IV: 32(0%), Work Speed: (0%), Skills: Downtrodden
LouK's 13 Pals
--------------
Alpha Quivern, Level: 23, Rank: 1, Gender: Male, HP IV: 86(0%), ATK IV: 58(0%), DEF IV: 60(0%), Work Speed: (0%), Skills: Burly Body
Anubis, Level: 7, Rank: 1, Gender: Female, HP IV: 61(0%), ATK IV: 91(0%), DEF IV: 89(0%), Work Speed: (0%), Skills: Earth Emperor, Suntan Lover, Vanguard
Chikipi, Level: 4, Rank: 1, Gender: Female, HP IV: 62(0%), ATK IV: 6(0%), DEF IV: 100(0%), Work Speed: (0%), Skills: Musclehead
Chillet, Level: 7, Rank: 1, Gender: Male, HP IV: 93(0%), ATK IV: 19(0%), DEF IV: 32(0%), Work Speed: (0%), Skills: Abnormal
Eikthyrdeer, Level: 10, Rank: 1, Gender: Female, HP IV: 91(0%), ATK IV: 5(0%), DEF IV: 29(0%), Work Speed: (0%), Skills: Infinite Stamina
Foxparks, Level: 4, Rank: 1, Gender: Male, HP IV: 16(0%), ATK IV: 87(0%), DEF IV: 88(0%), Work Speed: (0%), Skills: Positive Thinker, Downtrodden, Dragonkiller, Shabby
Foxparks, Level: 5, Rank: 1, Gender: Female, HP IV: 14(0%), ATK IV: 53(0%), DEF IV: 73(0%), Work Speed: (0%), Skills: Motivational Leader, Capacitor
Foxparks, Level: 7, Rank: 1, Gender: Female, HP IV: 26(0%), ATK IV: 90(0%), DEF IV: 100(0%), Work Speed: (0%), Skills: Earthquake Resistant, Vanguard
Fuack, Level: 6, Rank: 1, Gender: Male, HP IV: 8(0%), ATK IV: 1(0%), DEF IV: 22(0%), Work Speed: (0%), Skills: Diet Lover
Pengullet, Level: 5, Rank: 1, Gender: Female, HP IV: 16(0%), ATK IV: 33(0%), DEF IV: 93(0%), Work Speed: (0%), Skills: Serenity
Pengullet, Level: 7, Rank: 1, Gender: Male, HP IV: 35(0%), ATK IV: 99(0%), DEF IV: 40(0%), Work Speed: (0%), Skills: Mine Foreman
Ribbuny, Level: 5, Rank: 1, Gender: Male, HP IV: 30(0%), ATK IV: 3(0%), DEF IV: 31(0%), Work Speed: (0%), Skills: Swift
Sparkit, Level: 3, Rank: 1, Gender: Male, HP IV: 33(0%), ATK IV: 96(0%), DEF IV: 32(0%), Work Speed: (0%), Skills: Downtrodden
