Lourão's 5 Pals
---------------
Chikipi, Level: 5, Rank: 1, Gender: Female, HP IV: 26(0%), ATK IV: 93(0%), DEF IV: 42(0%), Work Speed: (0%)
Chikipi, Level: 5, Rank: 1, Gender: Female, HP IV: 30(0%), ATK IV: 58(0%), DEF IV: 100(0%), Work Speed: (0%), Skills: Swift, Nimble
Lamball, Level: 4, Rank: 1, Gender: Female, HP IV: 18(0%), ATK IV: 56(0%), DEF IV: 30(0%), Work Speed: (0%), Skills: Waterproof
Lamball, Level: 4, Rank: 1, Gender: Male, HP IV: 20(0%), ATK IV: 76(0%), DEF IV: 21(0%), Work Speed: (0%), Skills: Brittle
Lamball, Level: 5, Rank: 1, Gender: Male, HP IV: 4(0%), ATK IV: 77(0%), DEF IV: 87(0%), Work Speed: (0%)
Lourão's 5 Pals
---------------
Chikipi, Level: 5, Rank: 1, Gender: Female, HP IV: 26(0%), ATK IV: 93(0%), DEF IV: 42(0%), Work Speed: (0%)
Chikipi, Level: 5, Rank: 1, Gender: Female, HP IV: 30(0%), ATK IV: 58(0%), DEF IV: 100(0%), Work Speed: (0%), Skills: Swift, Nimble
Lamball, Level: 4, Rank: 1, Gender: Female, HP IV: 18(0%), ATK IV: 56(0%), DEF IV: 30(0%), Work Speed: (0%), Skills: Waterproof
Lamball, Level: 4, Rank: 1, Gender: Male, HP IV: 20(0%), ATK IV: 76(0%), DEF IV: 21(0%), Work Speed: (0%), Skills: Brittle
Lamball, Level: 5, Rank: 1, Gender: Male, HP IV: 4(0%), ATK IV: 77(0%), DEF IV: 87(0%), Work Speed: (0%)
Lourão's 5 Pals
---------------
Chikipi, Level: 5, Rank: 1, Gender: Female, HP IV: 26(0%), ATK IV: 93(0%), DEF IV: 42(0%), Work Speed: (0%)
Chikipi, Level: 5, Rank: 1, Gender: Female, HP IV: 30(0%), ATK IV: 58(0%), DEF IV: 100(0%), Work Speed: (0%), Skills: Swift, Nimble
Lamball, Level: 4, Rank: 1, Gender: Female, HP IV: 18(0%), ATK IV: 56(0%), DEF IV: 30(0%), Work Speed: (0%), Skills: Waterproof
Lamball, Level: 4, Rank: 1, Gender: Male, HP IV: 20(0%), ATK IV: 76(0%), DEF IV: 21(0%), Work Speed: (0%), Skills: Brittle
Lamball, Level: 5, Rank: 1, Gender: Male, HP IV: 4(0%), ATK IV: 77(0%), DEF IV: 87(0%), Work Speed: (0%)
Lourão's 5 Pals
---------------
Chikipi, Level: 5, Rank: 1, Gender: Female, HP IV: 26(0%), ATK IV: 93(0%), DEF IV: 42(0%), Work Speed: (0%)
Chikipi, Level: 5, Rank: 1, Gender: Female, HP IV: 30(0%), ATK IV: 58(0%), DEF IV: 100(0%), Work Speed: (0%), Skills: Swift, Nimble
Lamball, Level: 4, Rank: 1, Gender: Female, HP IV: 18(0%), ATK IV: 56(0%), DEF IV: 30(0%), Work Speed: (0%), Skills: Waterproof
Lamball, Level: 4, Rank: 1, Gender: Male, HP IV: 20(0%), ATK IV: 76(0%), DEF IV: 21(0%), Work Speed: (0%), Skills: Brittle
Lamball, Level: 5, Rank: 1, Gender: Male, HP IV: 4(0%), ATK IV: 77(0%), DEF IV: 87(0%), Work Speed: (0%)
Lourão's 5 Pals
---------------
Chikipi, Level: 5, Rank: 1, Gender: Female, HP IV: 26(0%), ATK IV: 93(0%), DEF IV: 42(0%), Work Speed: (0%)
Chikipi, Level: 5, Rank: 1, Gender: Female, HP IV: 30(0%), ATK IV: 58(0%), DEF IV: 100(0%), Work Speed: (0%), Skills: Swift, Nimble
Lamball, Level: 4, Rank: 1, Gender: Female, HP IV: 18(0%), ATK IV: 56(0%), DEF IV: 30(0%), Work Speed: (0%), Skills: Waterproof
Lamball, Level: 4, Rank: 1, Gender: Male, HP IV: 20(0%), ATK IV: 76(0%), DEF IV: 21(0%), Work Speed: (0%), Skills: Brittle
Lamball, Level: 5, Rank: 1, Gender: Male, HP IV: 4(0%), ATK IV: 77(0%), DEF IV: 87(0%), Work Speed: (0%)
Lourão's 5 Pals
---------------
Chikipi, Level: 5, Rank: 1, Gender: Female, HP IV: 26(0%), ATK IV: 93(0%), DEF IV: 42(0%), Work Speed: (0%)
Chikipi, Level: 5, Rank: 1, Gender: Female, HP IV: 30(0%), ATK IV: 58(0%), DEF IV: 100(0%), Work Speed: (0%), Skills: Swift, Nimble
Lamball, Level: 4, Rank: 1, Gender: Female, HP IV: 18(0%), ATK IV: 56(0%), DEF IV: 30(0%), Work Speed: (0%), Skills: Waterproof
Lamball, Level: 4, Rank: 1, Gender: Male, HP IV: 20(0%), ATK IV: 76(0%), DEF IV: 21(0%), Work Speed: (0%), Skills: Brittle
Lamball, Level: 5, Rank: 1, Gender: Male, HP IV: 4(0%), ATK IV: 77(0%), DEF IV: 87(0%), Work Speed: (0%)
Lourão's 5 Pals
---------------
Chikipi, Level: 5, Rank: 1, Gender: Female, HP IV: 26(0%), ATK IV: 93(0%), DEF IV: 42(0%), Work Speed: (0%)
Chikipi, Level: 5, Rank: 1, Gender: Female, HP IV: 30(0%), ATK IV: 58(0%), DEF IV: 100(0%), Work Speed: (0%), Skills: Swift, Nimble
Lamball, Level: 4, Rank: 1, Gender: Female, HP IV: 18(0%), ATK IV: 56(0%), DEF IV: 30(0%), Work Speed: (0%), Skills: Waterproof
Lamball, Level: 4, Rank: 1, Gender: Male, HP IV: 20(0%), ATK IV: 76(0%), DEF IV: 21(0%), Work Speed: (0%), Skills: Brittle
Lamball, Level: 5, Rank: 1, Gender: Male, HP IV: 4(0%), ATK IV: 77(0%), DEF IV: 87(0%), Work Speed: (0%)
Lourão's 5 Pals
---------------
Chikipi, Level: 5, Rank: 1, Gender: Female, HP IV: 26(0%), ATK IV: 93(0%), DEF IV: 42(0%), Work Speed: (0%)
Chikipi, Level: 5, Rank: 1, Gender: Female, HP IV: 30(0%), ATK IV: 58(0%), DEF IV: 100(0%), Work Speed: (0%), Skills: Swift, Nimble
Lamball, Level: 4, Rank: 1, Gender: Female, HP IV: 18(0%), ATK IV: 56(0%), DEF IV: 30(0%), Work Speed: (0%), Skills: Waterproof
Lamball, Level: 4, Rank: 1, Gender: Male, HP IV: 20(0%), ATK IV: 76(0%), DEF IV: 21(0%), Work Speed: (0%), Skills: Brittle
Lamball, Level: 5, Rank: 1, Gender: Male, HP IV: 4(0%), ATK IV: 77(0%), DEF IV: 87(0%), Work Speed: (0%)
Lourão's 5 Pals
---------------
Chikipi, Level: 5, Rank: 1, Gender: Female, HP IV: 26(0%), ATK IV: 93(0%), DEF IV: 42(0%), Work Speed: (0%)
Chikipi, Level: 5, Rank: 1, Gender: Female, HP IV: 30(0%), ATK IV: 58(0%), DEF IV: 100(0%), Work Speed: (0%), Skills: Swift, Nimble
Lamball, Level: 4, Rank: 1, Gender: Female, HP IV: 18(0%), ATK IV: 56(0%), DEF IV: 30(0%), Work Speed: (0%), Skills: Waterproof
Lamball, Level: 4, Rank: 1, Gender: Male, HP IV: 20(0%), ATK IV: 76(0%), DEF IV: 21(0%), Work Speed: (0%), Skills: Brittle
Lamball, Level: 5, Rank: 1, Gender: Male, HP IV: 4(0%), ATK IV: 77(0%), DEF IV: 87(0%), Work Speed: (0%)
Lourão's 5 Pals
---------------
Chikipi, Level: 5, Rank: 1, Gender: Female, HP IV: 26(0%), ATK IV: 93(0%), DEF IV: 42(0%), Work Speed: (0%)
Chikipi, Level: 5, Rank: 1, Gender: Female, HP IV: 30(0%), ATK IV: 58(0%), DEF IV: 100(0%), Work Speed: (0%), Skills: Swift, Nimble
Lamball, Level: 4, Rank: 1, Gender: Female, HP IV: 18(0%), ATK IV: 56(0%), DEF IV: 30(0%), Work Speed: (0%), Skills: Waterproof
Lamball, Level: 4, Rank: 1, Gender: Male, HP IV: 20(0%), ATK IV: 76(0%), DEF IV: 21(0%), Work Speed: (0%), Skills: Brittle
Lamball, Level: 5, Rank: 1, Gender: Male, HP IV: 4(0%), ATK IV: 77(0%), DEF IV: 87(0%), Work Speed: (0%)
Lourão's 5 Pals
---------------
Chikipi, Level: 5, Rank: 1, Gender: Female, HP IV: 26(0%), ATK IV: 93(0%), DEF IV: 42(0%), Work Speed: (0%)
Chikipi, Level: 5, Rank: 1, Gender: Female, HP IV: 30(0%), ATK IV: 58(0%), DEF IV: 100(0%), Work Speed: (0%), Skills: Swift, Nimble
Lamball, Level: 4, Rank: 1, Gender: Female, HP IV: 18(0%), ATK IV: 56(0%), DEF IV: 30(0%), Work Speed: (0%), Skills: Waterproof
Lamball, Level: 4, Rank: 1, Gender: Male, HP IV: 20(0%), ATK IV: 76(0%), DEF IV: 21(0%), Work Speed: (0%), Skills: Brittle
Lamball, Level: 5, Rank: 1, Gender: Male, HP IV: 4(0%), ATK IV: 77(0%), DEF IV: 87(0%), Work Speed: (0%)
Lourão's 5 Pals
---------------
Chikipi, Level: 5, Rank: 1, Gender: Female, HP IV: 26(0%), ATK IV: 93(0%), DEF IV: 42(0%), Work Speed: (0%)
Chikipi, Level: 5, Rank: 1, Gender: Female, HP IV: 30(0%), ATK IV: 58(0%), DEF IV: 100(0%), Work Speed: (0%), Skills: Swift, Nimble
Lamball, Level: 4, Rank: 1, Gender: Female, HP IV: 18(0%), ATK IV: 56(0%), DEF IV: 30(0%), Work Speed: (0%), Skills: Waterproof
Lamball, Level: 4, Rank: 1, Gender: Male, HP IV: 20(0%), ATK IV: 76(0%), DEF IV: 21(0%), Work Speed: (0%), Skills: Brittle
Lamball, Level: 5, Rank: 1, Gender: Male, HP IV: 4(0%), ATK IV: 77(0%), DEF IV: 87(0%), Work Speed: (0%)
Lourão's 5 Pals
---------------
Chikipi, Level: 5, Rank: 1, Gender: Female, HP IV: 26(0%), ATK IV: 93(0%), DEF IV: 42(0%), Work Speed: (0%)
Chikipi, Level: 5, Rank: 1, Gender: Female, HP IV: 30(0%), ATK IV: 58(0%), DEF IV: 100(0%), Work Speed: (0%), Skills: Swift, Nimble
Lamball, Level: 4, Rank: 1, Gender: Female, HP IV: 18(0%), ATK IV: 56(0%), DEF IV: 30(0%), Work Speed: (0%), Skills: Waterproof
Lamball, Level: 4, Rank: 1, Gender: Male, HP IV: 20(0%), ATK IV: 76(0%), DEF IV: 21(0%), Work Speed: (0%), Skills: Brittle
Lamball, Level: 5, Rank: 1, Gender: Male, HP IV: 4(0%), ATK IV: 77(0%), DEF IV: 87(0%), Work Speed: (0%)
Lourão's 5 Pals
---------------
Chikipi, Level: 5, Rank: 1, Gender: Female, HP IV: 26(0%), ATK IV: 93(0%), DEF IV: 42(0%), Work Speed: (0%)
Chikipi, Level: 5, Rank: 1, Gender: Female, HP IV: 30(0%), ATK IV: 58(0%), DEF IV: 100(0%), Work Speed: (0%), Skills: Swift, Nimble
Lamball, Level: 4, Rank: 1, Gender: Female, HP IV: 18(0%), ATK IV: 56(0%), DEF IV: 30(0%), Work Speed: (0%), Skills: Waterproof
Lamball, Level: 4, Rank: 1, Gender: Male, HP IV: 20(0%), ATK IV: 76(0%), DEF IV: 21(0%), Work Speed: (0%), Skills: Brittle
Lamball, Level: 5, Rank: 1, Gender: Male, HP IV: 4(0%), ATK IV: 77(0%), DEF IV: 87(0%), Work Speed: (0%)
