Luy3's 12 Pals
--------------
Alpha Foxparks, Level: 9, Rank: 1, Gender: Female, HP IV: 59(0%), ATK IV: 58(0%), DEF IV: 72(0%), Work Speed: (0%), Skills: Lucky, Botanical Barrier
Alpha Mammorest, Level: 38, Rank: 1, Gender: Male, HP IV: 54(0%), ATK IV: 91(0%), DEF IV: 57(0%), Work Speed: (0%), Skills: Mine Foreman
Arsox, Level: 13, Rank: 1, Gender: Female, HP IV: 10(0%), ATK IV: 15(0%), DEF IV: 47(0%), Work Speed: (0%), Skills: Workaholic
Chikipi, Level: 10, Rank: 1, Gender: Female, HP IV: 98(0%), ATK IV: 73(0%), DEF IV: 98(0%), Work Speed: (0%), Skills: Downtrodden
Chikipi, Level: 9, Rank: 1, Gender: Female, HP IV: 43(0%), ATK IV: 25(0%), DEF IV: 27(0%), Work Speed: (0%), Skills: Power of Gaia
Chikipi, Level: 9, Rank: 1, Gender: Male, HP IV: 50(0%), ATK IV: 27(0%), DEF IV: 19(0%), Work Speed: (0%), Skills: Pacifist
Eikthyrdeer, Level: 11, Rank: 1, Gender: Female, HP IV: 34(0%), ATK IV: 56(0%), DEF IV: 100(0%), Work Speed: (0%), Skills: Serenity
Foxparks, Level: 4, Rank: 1, Gender: Male, HP IV: 3(0%), ATK IV: 59(0%), DEF IV: 74(0%), Work Speed: (0%), Skills: Brave
Foxparks, Level: 9, Rank: 1, Gender: Male, HP IV: 52(0%), ATK IV: 80(0%), DEF IV: 71(0%), Work Speed: (0%), Skills: Dainty Eater
Lamball, Level: 4, Rank: 1, Gender: Female, HP IV: 38(0%), ATK IV: 35(0%), DEF IV: 87(0%), Work Speed: (0%), Skills: Pyromaniac
Lifmunk, Level: 4, Rank: 1, Gender: Male, HP IV: 7(0%), ATK IV: 64(0%), DEF IV: 96(0%), Work Speed: (0%), Skills: Runner, Zen Mind
Mammorest, Level: 30, Rank: 1, Gender: Male, HP IV: 11(0%), ATK IV: 61(0%), DEF IV: 64(0%), Work Speed: (0%)
Luy3's 12 Pals
--------------
Alpha Foxparks, Level: 9, Rank: 1, Gender: Female, HP IV: 59(0%), ATK IV: 58(0%), DEF IV: 72(0%), Work Speed: (0%), Skills: Lucky, Botanical Barrier
Alpha Mammorest, Level: 38, Rank: 1, Gender: Male, HP IV: 54(0%), ATK IV: 91(0%), DEF IV: 57(0%), Work Speed: (0%), Skills: Mine Foreman
Arsox, Level: 13, Rank: 1, Gender: Female, HP IV: 10(0%), ATK IV: 15(0%), DEF IV: 47(0%), Work Speed: (0%), Skills: Workaholic
Chikipi, Level: 10, Rank: 1, Gender: Female, HP IV: 98(0%), ATK IV: 73(0%), DEF IV: 98(0%), Work Speed: (0%), Skills: Downtrodden
Chikipi, Level: 9, Rank: 1, Gender: Female, HP IV: 43(0%), ATK IV: 25(0%), DEF IV: 27(0%), Work Speed: (0%), Skills: Power of Gaia
Chikipi, Level: 9, Rank: 1, Gender: Male, HP IV: 50(0%), ATK IV: 27(0%), DEF IV: 19(0%), Work Speed: (0%), Skills: Pacifist
Eikthyrdeer, Level: 11, Rank: 1, Gender: Female, HP IV: 34(0%), ATK IV: 56(0%), DEF IV: 100(0%), Work Speed: (0%), Skills: Serenity
Foxparks, Level: 4, Rank: 1, Gender: Male, HP IV: 3(0%), ATK IV: 59(0%), DEF IV: 74(0%), Work Speed: (0%), Skills: Brave
Foxparks, Level: 9, Rank: 1, Gender: Male, HP IV: 52(0%), ATK IV: 80(0%), DEF IV: 71(0%), Work Speed: (0%), Skills: Dainty Eater
Lamball, Level: 4, Rank: 1, Gender: Female, HP IV: 38(0%), ATK IV: 35(0%), DEF IV: 87(0%), Work Speed: (0%), Skills: Pyromaniac
Lifmunk, Level: 4, Rank: 1, Gender: Male, HP IV: 7(0%), ATK IV: 64(0%), DEF IV: 96(0%), Work Speed: (0%), Skills: Runner, Zen Mind
Mammorest, Level: 30, Rank: 1, Gender: Male, HP IV: 11(0%), ATK IV: 61(0%), DEF IV: 64(0%), Work Speed: (0%)
Luy3's 12 Pals
--------------
Alpha Foxparks, Level: 9, Rank: 1, Gender: Female, HP IV: 59(0%), ATK IV: 58(0%), DEF IV: 72(0%), Work Speed: (0%), Skills: Lucky, Botanical Barrier
Alpha Mammorest, Level: 38, Rank: 1, Gender: Male, HP IV: 54(0%), ATK IV: 91(0%), DEF IV: 57(0%), Work Speed: (0%), Skills: Mine Foreman
Arsox, Level: 13, Rank: 1, Gender: Female, HP IV: 10(0%), ATK IV: 15(0%), DEF IV: 47(0%), Work Speed: (0%), Skills: Workaholic
Chikipi, Level: 10, Rank: 1, Gender: Female, HP IV: 98(0%), ATK IV: 73(0%), DEF IV: 98(0%), Work Speed: (0%), Skills: Downtrodden
Chikipi, Level: 9, Rank: 1, Gender: Female, HP IV: 43(0%), ATK IV: 25(0%), DEF IV: 27(0%), Work Speed: (0%), Skills: Power of Gaia
Chikipi, Level: 9, Rank: 1, Gender: Male, HP IV: 50(0%), ATK IV: 27(0%), DEF IV: 19(0%), Work Speed: (0%), Skills: Pacifist
Eikthyrdeer, Level: 11, Rank: 1, Gender: Female, HP IV: 34(0%), ATK IV: 56(0%), DEF IV: 100(0%), Work Speed: (0%), Skills: Serenity
Foxparks, Level: 4, Rank: 1, Gender: Male, HP IV: 3(0%), ATK IV: 59(0%), DEF IV: 74(0%), Work Speed: (0%), Skills: Brave
Foxparks, Level: 9, Rank: 1, Gender: Male, HP IV: 52(0%), ATK IV: 80(0%), DEF IV: 71(0%), Work Speed: (0%), Skills: Dainty Eater
Lamball, Level: 4, Rank: 1, Gender: Female, HP IV: 38(0%), ATK IV: 35(0%), DEF IV: 87(0%), Work Speed: (0%), Skills: Pyromaniac
Lifmunk, Level: 4, Rank: 1, Gender: Male, HP IV: 7(0%), ATK IV: 64(0%), DEF IV: 96(0%), Work Speed: (0%), Skills: Runner, Zen Mind
Mammorest, Level: 30, Rank: 1, Gender: Male, HP IV: 11(0%), ATK IV: 61(0%), DEF IV: 64(0%), Work Speed: (0%)
Luy3's 12 Pals
--------------
Alpha Foxparks, Level: 9, Rank: 1, Gender: Female, HP IV: 59(0%), ATK IV: 58(0%), DEF IV: 72(0%), Work Speed: (0%), Skills: Lucky, Botanical Barrier
Alpha Mammorest, Level: 38, Rank: 1, Gender: Male, HP IV: 54(0%), ATK IV: 91(0%), DEF IV: 57(0%), Work Speed: (0%), Skills: Mine Foreman
Arsox, Level: 13, Rank: 1, Gender: Female, HP IV: 10(0%), ATK IV: 15(0%), DEF IV: 47(0%), Work Speed: (0%), Skills: Workaholic
Chikipi, Level: 10, Rank: 1, Gender: Female, HP IV: 98(0%), ATK IV: 73(0%), DEF IV: 98(0%), Work Speed: (0%), Skills: Downtrodden
Chikipi, Level: 9, Rank: 1, Gender: Female, HP IV: 43(0%), ATK IV: 25(0%), DEF IV: 27(0%), Work Speed: (0%), Skills: Power of Gaia
Chikipi, Level: 9, Rank: 1, Gender: Male, HP IV: 50(0%), ATK IV: 27(0%), DEF IV: 19(0%), Work Speed: (0%), Skills: Pacifist
Eikthyrdeer, Level: 11, Rank: 1, Gender: Female, HP IV: 34(0%), ATK IV: 56(0%), DEF IV: 100(0%), Work Speed: (0%), Skills: Serenity
Foxparks, Level: 4, Rank: 1, Gender: Male, HP IV: 3(0%), ATK IV: 59(0%), DEF IV: 74(0%), Work Speed: (0%), Skills: Brave
Foxparks, Level: 9, Rank: 1, Gender: Male, HP IV: 52(0%), ATK IV: 80(0%), DEF IV: 71(0%), Work Speed: (0%), Skills: Dainty Eater
Lamball, Level: 4, Rank: 1, Gender: Female, HP IV: 38(0%), ATK IV: 35(0%), DEF IV: 87(0%), Work Speed: (0%), Skills: Pyromaniac
Lifmunk, Level: 4, Rank: 1, Gender: Male, HP IV: 7(0%), ATK IV: 64(0%), DEF IV: 96(0%), Work Speed: (0%), Skills: Runner, Zen Mind
Mammorest, Level: 30, Rank: 1, Gender: Male, HP IV: 11(0%), ATK IV: 61(0%), DEF IV: 64(0%), Work Speed: (0%)
Luy3's 12 Pals
--------------
Alpha Foxparks, Level: 9, Rank: 1, Gender: Female, HP IV: 59(0%), ATK IV: 58(0%), DEF IV: 72(0%), Work Speed: (0%), Skills: Lucky, Botanical Barrier
Alpha Mammorest, Level: 38, Rank: 1, Gender: Male, HP IV: 54(0%), ATK IV: 91(0%), DEF IV: 57(0%), Work Speed: (0%), Skills: Mine Foreman
Arsox, Level: 13, Rank: 1, Gender: Female, HP IV: 10(0%), ATK IV: 15(0%), DEF IV: 47(0%), Work Speed: (0%), Skills: Workaholic
Chikipi, Level: 10, Rank: 1, Gender: Female, HP IV: 98(0%), ATK IV: 73(0%), DEF IV: 98(0%), Work Speed: (0%), Skills: Downtrodden
Chikipi, Level: 9, Rank: 1, Gender: Female, HP IV: 43(0%), ATK IV: 25(0%), DEF IV: 27(0%), Work Speed: (0%), Skills: Power of Gaia
Chikipi, Level: 9, Rank: 1, Gender: Male, HP IV: 50(0%), ATK IV: 27(0%), DEF IV: 19(0%), Work Speed: (0%), Skills: Pacifist
Eikthyrdeer, Level: 11, Rank: 1, Gender: Female, HP IV: 34(0%), ATK IV: 56(0%), DEF IV: 100(0%), Work Speed: (0%), Skills: Serenity
Foxparks, Level: 4, Rank: 1, Gender: Male, HP IV: 3(0%), ATK IV: 59(0%), DEF IV: 74(0%), Work Speed: (0%), Skills: Brave
Foxparks, Level: 9, Rank: 1, Gender: Male, HP IV: 52(0%), ATK IV: 80(0%), DEF IV: 71(0%), Work Speed: (0%), Skills: Dainty Eater
Lamball, Level: 4, Rank: 1, Gender: Female, HP IV: 38(0%), ATK IV: 35(0%), DEF IV: 87(0%), Work Speed: (0%), Skills: Pyromaniac
Lifmunk, Level: 4, Rank: 1, Gender: Male, HP IV: 7(0%), ATK IV: 64(0%), DEF IV: 96(0%), Work Speed: (0%), Skills: Runner, Zen Mind
Mammorest, Level: 30, Rank: 1, Gender: Male, HP IV: 11(0%), ATK IV: 61(0%), DEF IV: 64(0%), Work Speed: (0%)
Luy3's 12 Pals
--------------
Alpha Foxparks, Level: 9, Rank: 1, Gender: Female, HP IV: 59(0%), ATK IV: 58(0%), DEF IV: 72(0%), Work Speed: (0%), Skills: Lucky, Botanical Barrier
Alpha Mammorest, Level: 38, Rank: 1, Gender: Male, HP IV: 54(0%), ATK IV: 91(0%), DEF IV: 57(0%), Work Speed: (0%), Skills: Mine Foreman
Arsox, Level: 13, Rank: 1, Gender: Female, HP IV: 10(0%), ATK IV: 15(0%), DEF IV: 47(0%), Work Speed: (0%), Skills: Workaholic
Chikipi, Level: 10, Rank: 1, Gender: Female, HP IV: 98(0%), ATK IV: 73(0%), DEF IV: 98(0%), Work Speed: (0%), Skills: Downtrodden
Chikipi, Level: 9, Rank: 1, Gender: Female, HP IV: 43(0%), ATK IV: 25(0%), DEF IV: 27(0%), Work Speed: (0%), Skills: Power of Gaia
Chikipi, Level: 9, Rank: 1, Gender: Male, HP IV: 50(0%), ATK IV: 27(0%), DEF IV: 19(0%), Work Speed: (0%), Skills: Pacifist
Eikthyrdeer, Level: 11, Rank: 1, Gender: Female, HP IV: 34(0%), ATK IV: 56(0%), DEF IV: 100(0%), Work Speed: (0%), Skills: Serenity
Foxparks, Level: 4, Rank: 1, Gender: Male, HP IV: 3(0%), ATK IV: 59(0%), DEF IV: 74(0%), Work Speed: (0%), Skills: Brave
Foxparks, Level: 9, Rank: 1, Gender: Male, HP IV: 52(0%), ATK IV: 80(0%), DEF IV: 71(0%), Work Speed: (0%), Skills: Dainty Eater
Lamball, Level: 4, Rank: 1, Gender: Female, HP IV: 38(0%), ATK IV: 35(0%), DEF IV: 87(0%), Work Speed: (0%), Skills: Pyromaniac
Lifmunk, Level: 4, Rank: 1, Gender: Male, HP IV: 7(0%), ATK IV: 64(0%), DEF IV: 96(0%), Work Speed: (0%), Skills: Runner, Zen Mind
Mammorest, Level: 30, Rank: 1, Gender: Male, HP IV: 11(0%), ATK IV: 61(0%), DEF IV: 64(0%), Work Speed: (0%)
Luy3's 12 Pals
--------------
Alpha Foxparks, Level: 9, Rank: 1, Gender: Female, HP IV: 59(0%), ATK IV: 58(0%), DEF IV: 72(0%), Work Speed: (0%), Skills: Lucky, Botanical Barrier
Alpha Mammorest, Level: 38, Rank: 1, Gender: Male, HP IV: 54(0%), ATK IV: 91(0%), DEF IV: 57(0%), Work Speed: (0%), Skills: Mine Foreman
Arsox, Level: 13, Rank: 1, Gender: Female, HP IV: 10(0%), ATK IV: 15(0%), DEF IV: 47(0%), Work Speed: (0%), Skills: Workaholic
Chikipi, Level: 10, Rank: 1, Gender: Female, HP IV: 98(0%), ATK IV: 73(0%), DEF IV: 98(0%), Work Speed: (0%), Skills: Downtrodden
Chikipi, Level: 9, Rank: 1, Gender: Female, HP IV: 43(0%), ATK IV: 25(0%), DEF IV: 27(0%), Work Speed: (0%), Skills: Power of Gaia
Chikipi, Level: 9, Rank: 1, Gender: Male, HP IV: 50(0%), ATK IV: 27(0%), DEF IV: 19(0%), Work Speed: (0%), Skills: Pacifist
Eikthyrdeer, Level: 11, Rank: 1, Gender: Female, HP IV: 34(0%), ATK IV: 56(0%), DEF IV: 100(0%), Work Speed: (0%), Skills: Serenity
Foxparks, Level: 4, Rank: 1, Gender: Male, HP IV: 3(0%), ATK IV: 59(0%), DEF IV: 74(0%), Work Speed: (0%), Skills: Brave
Foxparks, Level: 9, Rank: 1, Gender: Male, HP IV: 52(0%), ATK IV: 80(0%), DEF IV: 71(0%), Work Speed: (0%), Skills: Dainty Eater
Lamball, Level: 4, Rank: 1, Gender: Female, HP IV: 38(0%), ATK IV: 35(0%), DEF IV: 87(0%), Work Speed: (0%), Skills: Pyromaniac
Lifmunk, Level: 4, Rank: 1, Gender: Male, HP IV: 7(0%), ATK IV: 64(0%), DEF IV: 96(0%), Work Speed: (0%), Skills: Runner, Zen Mind
Mammorest, Level: 30, Rank: 1, Gender: Male, HP IV: 11(0%), ATK IV: 61(0%), DEF IV: 64(0%), Work Speed: (0%)
Luy3's 12 Pals
--------------
Alpha Foxparks, Level: 9, Rank: 1, Gender: Female, HP IV: 59(0%), ATK IV: 58(0%), DEF IV: 72(0%), Work Speed: (0%), Skills: Lucky, Botanical Barrier
Alpha Mammorest, Level: 38, Rank: 1, Gender: Male, HP IV: 54(0%), ATK IV: 91(0%), DEF IV: 57(0%), Work Speed: (0%), Skills: Mine Foreman
Arsox, Level: 13, Rank: 1, Gender: Female, HP IV: 10(0%), ATK IV: 15(0%), DEF IV: 47(0%), Work Speed: (0%), Skills: Workaholic
Chikipi, Level: 10, Rank: 1, Gender: Female, HP IV: 98(0%), ATK IV: 73(0%), DEF IV: 98(0%), Work Speed: (0%), Skills: Downtrodden
Chikipi, Level: 9, Rank: 1, Gender: Female, HP IV: 43(0%), ATK IV: 25(0%), DEF IV: 27(0%), Work Speed: (0%), Skills: Power of Gaia
Chikipi, Level: 9, Rank: 1, Gender: Male, HP IV: 50(0%), ATK IV: 27(0%), DEF IV: 19(0%), Work Speed: (0%), Skills: Pacifist
Eikthyrdeer, Level: 11, Rank: 1, Gender: Female, HP IV: 34(0%), ATK IV: 56(0%), DEF IV: 100(0%), Work Speed: (0%), Skills: Serenity
Foxparks, Level: 4, Rank: 1, Gender: Male, HP IV: 3(0%), ATK IV: 59(0%), DEF IV: 74(0%), Work Speed: (0%), Skills: Brave
Foxparks, Level: 9, Rank: 1, Gender: Male, HP IV: 52(0%), ATK IV: 80(0%), DEF IV: 71(0%), Work Speed: (0%), Skills: Dainty Eater
Lamball, Level: 4, Rank: 1, Gender: Female, HP IV: 38(0%), ATK IV: 35(0%), DEF IV: 87(0%), Work Speed: (0%), Skills: Pyromaniac
Lifmunk, Level: 4, Rank: 1, Gender: Male, HP IV: 7(0%), ATK IV: 64(0%), DEF IV: 96(0%), Work Speed: (0%), Skills: Runner, Zen Mind
Mammorest, Level: 30, Rank: 1, Gender: Male, HP IV: 11(0%), ATK IV: 61(0%), DEF IV: 64(0%), Work Speed: (0%)
Luy3's 12 Pals
--------------
Alpha Foxparks, Level: 9, Rank: 1, Gender: Female, HP IV: 59(0%), ATK IV: 58(0%), DEF IV: 72(0%), Work Speed: (0%), Skills: Lucky, Botanical Barrier
Alpha Mammorest, Level: 38, Rank: 1, Gender: Male, HP IV: 54(0%), ATK IV: 91(0%), DEF IV: 57(0%), Work Speed: (0%), Skills: Mine Foreman
Arsox, Level: 13, Rank: 1, Gender: Female, HP IV: 10(0%), ATK IV: 15(0%), DEF IV: 47(0%), Work Speed: (0%), Skills: Workaholic
Chikipi, Level: 10, Rank: 1, Gender: Female, HP IV: 98(0%), ATK IV: 73(0%), DEF IV: 98(0%), Work Speed: (0%), Skills: Downtrodden
Chikipi, Level: 9, Rank: 1, Gender: Female, HP IV: 43(0%), ATK IV: 25(0%), DEF IV: 27(0%), Work Speed: (0%), Skills: Power of Gaia
Chikipi, Level: 9, Rank: 1, Gender: Male, HP IV: 50(0%), ATK IV: 27(0%), DEF IV: 19(0%), Work Speed: (0%), Skills: Pacifist
Eikthyrdeer, Level: 11, Rank: 1, Gender: Female, HP IV: 34(0%), ATK IV: 56(0%), DEF IV: 100(0%), Work Speed: (0%), Skills: Serenity
Foxparks, Level: 4, Rank: 1, Gender: Male, HP IV: 3(0%), ATK IV: 59(0%), DEF IV: 74(0%), Work Speed: (0%), Skills: Brave
Foxparks, Level: 9, Rank: 1, Gender: Male, HP IV: 52(0%), ATK IV: 80(0%), DEF IV: 71(0%), Work Speed: (0%), Skills: Dainty Eater
Lamball, Level: 4, Rank: 1, Gender: Female, HP IV: 38(0%), ATK IV: 35(0%), DEF IV: 87(0%), Work Speed: (0%), Skills: Pyromaniac
Lifmunk, Level: 4, Rank: 1, Gender: Male, HP IV: 7(0%), ATK IV: 64(0%), DEF IV: 96(0%), Work Speed: (0%), Skills: Runner, Zen Mind
Mammorest, Level: 30, Rank: 1, Gender: Male, HP IV: 11(0%), ATK IV: 61(0%), DEF IV: 64(0%), Work Speed: (0%)
Luy3's 12 Pals
--------------
Alpha Foxparks, Level: 9, Rank: 1, Gender: Female, HP IV: 59(0%), ATK IV: 58(0%), DEF IV: 72(0%), Work Speed: (0%), Skills: Lucky, Botanical Barrier
Alpha Mammorest, Level: 38, Rank: 1, Gender: Male, HP IV: 54(0%), ATK IV: 91(0%), DEF IV: 57(0%), Work Speed: (0%), Skills: Mine Foreman
Arsox, Level: 13, Rank: 1, Gender: Female, HP IV: 10(0%), ATK IV: 15(0%), DEF IV: 47(0%), Work Speed: (0%), Skills: Workaholic
Chikipi, Level: 10, Rank: 1, Gender: Female, HP IV: 98(0%), ATK IV: 73(0%), DEF IV: 98(0%), Work Speed: (0%), Skills: Downtrodden
Chikipi, Level: 9, Rank: 1, Gender: Female, HP IV: 43(0%), ATK IV: 25(0%), DEF IV: 27(0%), Work Speed: (0%), Skills: Power of Gaia
Chikipi, Level: 9, Rank: 1, Gender: Male, HP IV: 50(0%), ATK IV: 27(0%), DEF IV: 19(0%), Work Speed: (0%), Skills: Pacifist
Eikthyrdeer, Level: 11, Rank: 1, Gender: Female, HP IV: 34(0%), ATK IV: 56(0%), DEF IV: 100(0%), Work Speed: (0%), Skills: Serenity
Foxparks, Level: 4, Rank: 1, Gender: Male, HP IV: 3(0%), ATK IV: 59(0%), DEF IV: 74(0%), Work Speed: (0%), Skills: Brave
Foxparks, Level: 9, Rank: 1, Gender: Male, HP IV: 52(0%), ATK IV: 80(0%), DEF IV: 71(0%), Work Speed: (0%), Skills: Dainty Eater
Lamball, Level: 4, Rank: 1, Gender: Female, HP IV: 38(0%), ATK IV: 35(0%), DEF IV: 87(0%), Work Speed: (0%), Skills: Pyromaniac
Lifmunk, Level: 4, Rank: 1, Gender: Male, HP IV: 7(0%), ATK IV: 64(0%), DEF IV: 96(0%), Work Speed: (0%), Skills: Runner, Zen Mind
Mammorest, Level: 30, Rank: 1, Gender: Male, HP IV: 11(0%), ATK IV: 61(0%), DEF IV: 64(0%), Work Speed: (0%)
Luy3's 12 Pals
--------------
Alpha Foxparks, Level: 9, Rank: 1, Gender: Female, HP IV: 59(0%), ATK IV: 58(0%), DEF IV: 72(0%), Work Speed: (0%), Skills: Lucky, Botanical Barrier
Alpha Mammorest, Level: 38, Rank: 1, Gender: Male, HP IV: 54(0%), ATK IV: 91(0%), DEF IV: 57(0%), Work Speed: (0%), Skills: Mine Foreman
Arsox, Level: 13, Rank: 1, Gender: Female, HP IV: 10(0%), ATK IV: 15(0%), DEF IV: 47(0%), Work Speed: (0%), Skills: Workaholic
Chikipi, Level: 10, Rank: 1, Gender: Female, HP IV: 98(0%), ATK IV: 73(0%), DEF IV: 98(0%), Work Speed: (0%), Skills: Downtrodden
Chikipi, Level: 9, Rank: 1, Gender: Female, HP IV: 43(0%), ATK IV: 25(0%), DEF IV: 27(0%), Work Speed: (0%), Skills: Power of Gaia
Chikipi, Level: 9, Rank: 1, Gender: Male, HP IV: 50(0%), ATK IV: 27(0%), DEF IV: 19(0%), Work Speed: (0%), Skills: Pacifist
Eikthyrdeer, Level: 11, Rank: 1, Gender: Female, HP IV: 34(0%), ATK IV: 56(0%), DEF IV: 100(0%), Work Speed: (0%), Skills: Serenity
Foxparks, Level: 4, Rank: 1, Gender: Male, HP IV: 3(0%), ATK IV: 59(0%), DEF IV: 74(0%), Work Speed: (0%), Skills: Brave
Foxparks, Level: 9, Rank: 1, Gender: Male, HP IV: 52(0%), ATK IV: 80(0%), DEF IV: 71(0%), Work Speed: (0%), Skills: Dainty Eater
Lamball, Level: 4, Rank: 1, Gender: Female, HP IV: 38(0%), ATK IV: 35(0%), DEF IV: 87(0%), Work Speed: (0%), Skills: Pyromaniac
Lifmunk, Level: 4, Rank: 1, Gender: Male, HP IV: 7(0%), ATK IV: 64(0%), DEF IV: 96(0%), Work Speed: (0%), Skills: Runner, Zen Mind
Mammorest, Level: 30, Rank: 1, Gender: Male, HP IV: 11(0%), ATK IV: 61(0%), DEF IV: 64(0%), Work Speed: (0%)
Luy3's 12 Pals
--------------
Alpha Foxparks, Level: 9, Rank: 1, Gender: Female, HP IV: 59(0%), ATK IV: 58(0%), DEF IV: 72(0%), Work Speed: (0%), Skills: Lucky, Botanical Barrier
Alpha Mammorest, Level: 38, Rank: 1, Gender: Male, HP IV: 54(0%), ATK IV: 91(0%), DEF IV: 57(0%), Work Speed: (0%), Skills: Mine Foreman
Arsox, Level: 13, Rank: 1, Gender: Female, HP IV: 10(0%), ATK IV: 15(0%), DEF IV: 47(0%), Work Speed: (0%), Skills: Workaholic
Chikipi, Level: 10, Rank: 1, Gender: Female, HP IV: 98(0%), ATK IV: 73(0%), DEF IV: 98(0%), Work Speed: (0%), Skills: Downtrodden
Chikipi, Level: 9, Rank: 1, Gender: Female, HP IV: 43(0%), ATK IV: 25(0%), DEF IV: 27(0%), Work Speed: (0%), Skills: Power of Gaia
Chikipi, Level: 9, Rank: 1, Gender: Male, HP IV: 50(0%), ATK IV: 27(0%), DEF IV: 19(0%), Work Speed: (0%), Skills: Pacifist
Eikthyrdeer, Level: 11, Rank: 1, Gender: Female, HP IV: 34(0%), ATK IV: 56(0%), DEF IV: 100(0%), Work Speed: (0%), Skills: Serenity
Foxparks, Level: 4, Rank: 1, Gender: Male, HP IV: 3(0%), ATK IV: 59(0%), DEF IV: 74(0%), Work Speed: (0%), Skills: Brave
Foxparks, Level: 9, Rank: 1, Gender: Male, HP IV: 52(0%), ATK IV: 80(0%), DEF IV: 71(0%), Work Speed: (0%), Skills: Dainty Eater
Lamball, Level: 4, Rank: 1, Gender: Female, HP IV: 38(0%), ATK IV: 35(0%), DEF IV: 87(0%), Work Speed: (0%), Skills: Pyromaniac
Lifmunk, Level: 4, Rank: 1, Gender: Male, HP IV: 7(0%), ATK IV: 64(0%), DEF IV: 96(0%), Work Speed: (0%), Skills: Runner, Zen Mind
Mammorest, Level: 30, Rank: 1, Gender: Male, HP IV: 11(0%), ATK IV: 61(0%), DEF IV: 64(0%), Work Speed: (0%)
Luy3's 12 Pals
--------------
Alpha Foxparks, Level: 9, Rank: 1, Gender: Female, HP IV: 59(0%), ATK IV: 58(0%), DEF IV: 72(0%), Work Speed: (0%), Skills: Lucky, Botanical Barrier
Alpha Mammorest, Level: 38, Rank: 1, Gender: Male, HP IV: 54(0%), ATK IV: 91(0%), DEF IV: 57(0%), Work Speed: (0%), Skills: Mine Foreman
Arsox, Level: 13, Rank: 1, Gender: Female, HP IV: 10(0%), ATK IV: 15(0%), DEF IV: 47(0%), Work Speed: (0%), Skills: Workaholic
Chikipi, Level: 10, Rank: 1, Gender: Female, HP IV: 98(0%), ATK IV: 73(0%), DEF IV: 98(0%), Work Speed: (0%), Skills: Downtrodden
Chikipi, Level: 9, Rank: 1, Gender: Female, HP IV: 43(0%), ATK IV: 25(0%), DEF IV: 27(0%), Work Speed: (0%), Skills: Power of Gaia
Chikipi, Level: 9, Rank: 1, Gender: Male, HP IV: 50(0%), ATK IV: 27(0%), DEF IV: 19(0%), Work Speed: (0%), Skills: Pacifist
Eikthyrdeer, Level: 11, Rank: 1, Gender: Female, HP IV: 34(0%), ATK IV: 56(0%), DEF IV: 100(0%), Work Speed: (0%), Skills: Serenity
Foxparks, Level: 4, Rank: 1, Gender: Male, HP IV: 3(0%), ATK IV: 59(0%), DEF IV: 74(0%), Work Speed: (0%), Skills: Brave
Foxparks, Level: 9, Rank: 1, Gender: Male, HP IV: 52(0%), ATK IV: 80(0%), DEF IV: 71(0%), Work Speed: (0%), Skills: Dainty Eater
Lamball, Level: 4, Rank: 1, Gender: Female, HP IV: 38(0%), ATK IV: 35(0%), DEF IV: 87(0%), Work Speed: (0%), Skills: Pyromaniac
Lifmunk, Level: 4, Rank: 1, Gender: Male, HP IV: 7(0%), ATK IV: 64(0%), DEF IV: 96(0%), Work Speed: (0%), Skills: Runner, Zen Mind
Mammorest, Level: 30, Rank: 1, Gender: Male, HP IV: 11(0%), ATK IV: 61(0%), DEF IV: 64(0%), Work Speed: (0%)
Luy3's 12 Pals
--------------
Alpha Foxparks, Level: 9, Rank: 1, Gender: Female, HP IV: 59(0%), ATK IV: 58(0%), DEF IV: 72(0%), Work Speed: (0%), Skills: Lucky, Botanical Barrier
Alpha Mammorest, Level: 38, Rank: 1, Gender: Male, HP IV: 54(0%), ATK IV: 91(0%), DEF IV: 57(0%), Work Speed: (0%), Skills: Mine Foreman
Arsox, Level: 13, Rank: 1, Gender: Female, HP IV: 10(0%), ATK IV: 15(0%), DEF IV: 47(0%), Work Speed: (0%), Skills: Workaholic
Chikipi, Level: 10, Rank: 1, Gender: Female, HP IV: 98(0%), ATK IV: 73(0%), DEF IV: 98(0%), Work Speed: (0%), Skills: Downtrodden
Chikipi, Level: 9, Rank: 1, Gender: Female, HP IV: 43(0%), ATK IV: 25(0%), DEF IV: 27(0%), Work Speed: (0%), Skills: Power of Gaia
Chikipi, Level: 9, Rank: 1, Gender: Male, HP IV: 50(0%), ATK IV: 27(0%), DEF IV: 19(0%), Work Speed: (0%), Skills: Pacifist
Eikthyrdeer, Level: 11, Rank: 1, Gender: Female, HP IV: 34(0%), ATK IV: 56(0%), DEF IV: 100(0%), Work Speed: (0%), Skills: Serenity
Foxparks, Level: 4, Rank: 1, Gender: Male, HP IV: 3(0%), ATK IV: 59(0%), DEF IV: 74(0%), Work Speed: (0%), Skills: Brave
Foxparks, Level: 9, Rank: 1, Gender: Male, HP IV: 52(0%), ATK IV: 80(0%), DEF IV: 71(0%), Work Speed: (0%), Skills: Dainty Eater
Lamball, Level: 4, Rank: 1, Gender: Female, HP IV: 38(0%), ATK IV: 35(0%), DEF IV: 87(0%), Work Speed: (0%), Skills: Pyromaniac
Lifmunk, Level: 4, Rank: 1, Gender: Male, HP IV: 7(0%), ATK IV: 64(0%), DEF IV: 96(0%), Work Speed: (0%), Skills: Runner, Zen Mind
Mammorest, Level: 30, Rank: 1, Gender: Male, HP IV: 11(0%), ATK IV: 61(0%), DEF IV: 64(0%), Work Speed: (0%)
