malshaaa's 52 Pals
------------------
Caprity, Level: 12, Rank: 1, Gender: Female, HP IV: 21(0%), ATK IV: 38(0%), DEF IV: 53(0%), Work Speed: (0%)
Cattiva, Level: 3, Rank: 1, Gender: Female, HP IV: 31(0%), ATK IV: 11(0%), DEF IV: 90(0%), Work Speed: (0%), Skills: Coward, Aggressive
Cattiva, Level: 3, Rank: 1, Gender: Female, HP IV: 4(0%), ATK IV: 61(0%), DEF IV: 82(0%), Work Speed: (0%), Skills: Coward, Hydromaniac, Diet Lover
Celaray, Level: 4, Rank: 1, Gender: Female, HP IV: 84(0%), ATK IV: 23(0%), DEF IV: 54(0%), Work Speed: (0%), Skills: Philantropist
Chikipi, Level: 2, Rank: 1, Gender: Female, HP IV: 21(0%), ATK IV: 36(0%), DEF IV: 65(0%), Work Speed: (0%), Skills: Diet Lover, Sadist, Clumsy
Chikipi, Level: 8, Rank: 1, Gender: Male, HP IV: 88(0%), ATK IV: 2(0%), DEF IV: 75(0%), Work Speed: (0%), Skills: Hooligan
Cremis, Level: 5, Rank: 1, Gender: Female, HP IV: 13(0%), ATK IV: 86(0%), DEF IV: 8(0%), Work Speed: (0%), Skills: Swift, Power of Gaia, Vanguard
Croajiro, Level: 3, Rank: 1, Gender: Female, HP IV: 67(0%), ATK IV: 31(0%), DEF IV: 72(0%), Work Speed: (0%), Skills: Clumsy
Croajiro, Level: 5, Rank: 1, Gender: Female, HP IV: 50(0%), ATK IV: 63(0%), DEF IV: 25(0%), Work Speed: (0%), Skills: Fit as a Fiddle
Croajiro, Level: 5, Rank: 1, Gender: Male, HP IV: 76(0%), ATK IV: 35(0%), DEF IV: 86(0%), Work Speed: (0%), Skills: Capacitor
Daedream, Level: 20, Rank: 1, Gender: Female, HP IV: 28(3%), ATK IV: 64(3%), DEF IV: 71(0%), Work Speed: (0%), Skills: Hydromaniac
Daedream, Level: 20, Rank: 1, Gender: Male, HP IV: 14(3%), ATK IV: 74(3%), DEF IV: 97(0%), Work Speed: (0%), Skills: Musclehead
Depresso, Level: 3, Rank: 1, Gender: Male, HP IV: 72(0%), ATK IV: 59(0%), DEF IV: 21(0%), Work Speed: (0%), Skills: Brave
Direhowl, Level: 20, Rank: 1, Gender: Female, HP IV: 63(3%), ATK IV: 9(6%), DEF IV: 43(0%), Work Speed: (0%), Skills: Easygoing
Direhowl, Level: 6, Rank: 1, Gender: Female, HP IV: 67(0%), ATK IV: 54(0%), DEF IV: 16(0%), Work Speed: (0%), Skills: Cheery
Direhowl, Level: 6, Rank: 1, Gender: Male, HP IV: 81(0%), ATK IV: 58(0%), DEF IV: 71(0%), Work Speed: (0%), Skills: Hydromaniac
Eikthyrdeer, Level: 10, Rank: 1, Gender: Male, HP IV: 11(0%), ATK IV: 57(0%), DEF IV: 51(0%), Work Speed: (0%), Skills: Nimble
Eikthyrdeer, Level: 13, Rank: 1, Gender: Female, HP IV: 76(0%), ATK IV: 11(0%), DEF IV: 82(0%), Work Speed: (0%)
Eikthyrdeer, Level: 8, Rank: 1, Gender: Female, HP IV: 23(0%), ATK IV: 44(0%), DEF IV: 31(0%), Work Speed: (0%), Skills: Hydromaniac
Eikthyrdeer, Level: 8, Rank: 1, Gender: Male, HP IV: 50(0%), ATK IV: 19(0%), DEF IV: 68(0%), Work Speed: (0%), Skills: Earthquake Resistant
Eikthyrdeer, Level: 8, Rank: 1, Gender: Male, HP IV: 81(0%), ATK IV: 52(0%), DEF IV: 17(0%), Work Speed: (0%), Skills: Veil of Darkness
Eikthyrdeer, Level: 9, Rank: 1, Gender: Male, HP IV: 36(0%), ATK IV: 21(0%), DEF IV: 6(0%), Work Speed: (0%), Skills: Dragonkiller
Flopie, Level: 11, Rank: 1, Gender: Male, HP IV: 46(0%), ATK IV: 69(0%), DEF IV: 43(0%), Work Speed: (0%), Skills: Masochist
Foxparks, Level: 19, Rank: 1, Gender: Female, HP IV: 60(0%), ATK IV: 23(0%), DEF IV: 2(0%), Work Speed: (0%), Skills: Veil of Darkness, Easygoing
Fuack, Level: 11, Rank: 1, Gender: Male, HP IV: 84(0%), ATK IV: 95(0%), DEF IV: 27(0%), Work Speed: (0%), Skills: Hydromaniac, Positive Thinker
Fuack, Level: 13, Rank: 1, Gender: Male, HP IV: 0(0%), ATK IV: 95(0%), DEF IV: 58(0%), Work Speed: (0%), Skills: Brave
Fuack, Level: 2, Rank: 1, Gender: Female, HP IV: 27(0%), ATK IV: 80(0%), DEF IV: 85(0%), Work Speed: (0%), Skills: Clumsy, Coldblooded
Fuack, Level: 7, Rank: 1, Gender: Male, HP IV: 73(0%), ATK IV: 33(0%), DEF IV: 56(0%), Work Speed: (0%), Skills: Waterproof
Hangyu, Level: 1, Rank: 1, Gender: Female, HP IV: 16(0%), ATK IV: 46(0%), DEF IV: 85(0%), Work Speed: (0%), Skills: Runner
Hoocrates, Level: 3, Rank: 1, Gender: Male, HP IV: 37(0%), ATK IV: 24(0%), DEF IV: 19(0%), Work Speed: (0%), Skills: Dragonkiller
Hoocrates, Level: 5, Rank: 1, Gender: Female, HP IV: 95(0%), ATK IV: 73(0%), DEF IV: 67(0%), Work Speed: (0%), Skills: Impatient
Jolthog Cryst, Level: 3, Rank: 1, Gender: Female, HP IV: 54(0%), ATK IV: 12(0%), DEF IV: 5(0%), Work Speed: (0%), Skills: Glutton
Lamball, Level: 10, Rank: 1, Gender: Female, HP IV: 81(0%), ATK IV: 16(0%), DEF IV: 68(0%), Work Speed: (0%), Skills: Fragrant Foliage, Hard Skin
Lamball, Level: 12, Rank: 1, Gender: Male, HP IV: 17(0%), ATK IV: 92(0%), DEF IV: 79(0%), Work Speed: (0%), Skills: Botanical Barrier
Lamball, Level: 5, Rank: 1, Gender: Female, HP IV: 21(0%), ATK IV: 86(0%), DEF IV: 71(0%), Work Speed: (0%), Skills: Hydromaniac
Lamball, Level: 5, Rank: 1, Gender: Male, HP IV: 64(0%), ATK IV: 86(0%), DEF IV: 22(0%), Work Speed: (0%), Skills: Coward
Lifmunk, Level: 2, Rank: 1, Gender: Male, HP IV: 50(0%), ATK IV: 58(0%), DEF IV: 73(0%), Work Speed: (0%), Skills: Easygoing
Melpaca, Level: 9, Rank: 1, Gender: Male, HP IV: 44(0%), ATK IV: 95(0%), DEF IV: 99(0%), Work Speed: (0%), Skills: Botanical Barrier
Melpaca, Level: 9, Rank: 1, Gender: Male, HP IV: 82(0%), ATK IV: 9(0%), DEF IV: 22(0%), Work Speed: (0%), Skills: Fine Furs
Nitewing, Level: 17, Rank: 1, Gender: Male, HP IV: 37(0%), ATK IV: 32(0%), DEF IV: 78(0%), Work Speed: (0%), Skills: Logging Foreman
Nitewing, Level: 19, Rank: 1, Gender: Male, HP IV: 73(0%), ATK IV: 73(0%), DEF IV: 1(0%), Work Speed: (0%), Skills: Stronghold Strategist
Pengullet, Level: 11, Rank: 1, Gender: Male, HP IV: 24(0%), ATK IV: 34(0%), DEF IV: 85(0%), Work Speed: (0%), Skills: Runner, Ferocious
Ribbuny, Level: 2, Rank: 1, Gender: Female, HP IV: 65(0%), ATK IV: 43(0%), DEF IV: 17(0%), Work Speed: (0%)
Ribbuny, Level: 4, Rank: 1, Gender: Male, HP IV: 18(0%), ATK IV: 65(0%), DEF IV: 97(0%), Work Speed: (0%), Skills: Impatient
Rooby, Level: 12, Rank: 1, Gender: Female, HP IV: 53(0%), ATK IV: 77(0%), DEF IV: 10(0%), Work Speed: (0%), Skills: Hooligan
Rooby, Level: 8, Rank: 1, Gender: Male, HP IV: 9(0%), ATK IV: 19(0%), DEF IV: 79(0%), Work Speed: (0%), Skills: Conceited
Sparkit, Level: 14, Rank: 1, Gender: Male, HP IV: 96(0%), ATK IV: 51(3%), DEF IV: 13(0%), Work Speed: (0%), Skills: Sadist
Sparkit, Level: 6, Rank: 1, Gender: Male, HP IV: 97(0%), ATK IV: 90(0%), DEF IV: 76(0%), Work Speed: (0%), Skills: Dragonkiller, Pacifist
Sparkit, Level: 8, Rank: 1, Gender: Female, HP IV: 50(0%), ATK IV: 61(0%), DEF IV: 24(0%), Work Speed: (0%), Skills: Insulated Body
Teafant, Level: 5, Rank: 1, Gender: Male, HP IV: 31(0%), ATK IV: 54(0%), DEF IV: 13(0%), Work Speed: (0%), Skills: Nimble
Tocotoco, Level: 1, Rank: 1, Gender: Male, HP IV: 12(0%), ATK IV: 98(0%), DEF IV: 71(0%), Work Speed: (0%)
Tombat, Level: 13, Rank: 1, Gender: Male, HP IV: 72(0%), ATK IV: 41(0%), DEF IV: 49(0%), Work Speed: (0%), Skills: Dragonkiller
malshaaa's 52 Pals
------------------
Caprity, Level: 12, Rank: 1, Gender: Female, HP IV: 21(0%), ATK IV: 38(0%), DEF IV: 53(0%), Work Speed: (0%)
Cattiva, Level: 3, Rank: 1, Gender: Female, HP IV: 31(0%), ATK IV: 11(0%), DEF IV: 90(0%), Work Speed: (0%), Skills: Coward, Aggressive
Cattiva, Level: 3, Rank: 1, Gender: Female, HP IV: 4(0%), ATK IV: 61(0%), DEF IV: 82(0%), Work Speed: (0%), Skills: Coward, Hydromaniac, Diet Lover
Celaray, Level: 4, Rank: 1, Gender: Female, HP IV: 84(0%), ATK IV: 23(0%), DEF IV: 54(0%), Work Speed: (0%), Skills: Philantropist
Chikipi, Level: 2, Rank: 1, Gender: Female, HP IV: 21(0%), ATK IV: 36(0%), DEF IV: 65(0%), Work Speed: (0%), Skills: Diet Lover, Sadist, Clumsy
Chikipi, Level: 8, Rank: 1, Gender: Male, HP IV: 88(0%), ATK IV: 2(0%), DEF IV: 75(0%), Work Speed: (0%), Skills: Hooligan
Cremis, Level: 5, Rank: 1, Gender: Female, HP IV: 13(0%), ATK IV: 86(0%), DEF IV: 8(0%), Work Speed: (0%), Skills: Swift, Power of Gaia, Vanguard
Croajiro, Level: 3, Rank: 1, Gender: Female, HP IV: 67(0%), ATK IV: 31(0%), DEF IV: 72(0%), Work Speed: (0%), Skills: Clumsy
Croajiro, Level: 5, Rank: 1, Gender: Female, HP IV: 50(0%), ATK IV: 63(0%), DEF IV: 25(0%), Work Speed: (0%), Skills: Fit as a Fiddle
Croajiro, Level: 5, Rank: 1, Gender: Male, HP IV: 76(0%), ATK IV: 35(0%), DEF IV: 86(0%), Work Speed: (0%), Skills: Capacitor
Daedream, Level: 20, Rank: 1, Gender: Female, HP IV: 28(3%), ATK IV: 64(3%), DEF IV: 71(0%), Work Speed: (0%), Skills: Hydromaniac
Daedream, Level: 20, Rank: 1, Gender: Male, HP IV: 14(3%), ATK IV: 74(3%), DEF IV: 97(0%), Work Speed: (0%), Skills: Musclehead
Depresso, Level: 3, Rank: 1, Gender: Male, HP IV: 72(0%), ATK IV: 59(0%), DEF IV: 21(0%), Work Speed: (0%), Skills: Brave
Direhowl, Level: 20, Rank: 1, Gender: Female, HP IV: 63(3%), ATK IV: 9(6%), DEF IV: 43(0%), Work Speed: (0%), Skills: Easygoing
Direhowl, Level: 6, Rank: 1, Gender: Female, HP IV: 67(0%), ATK IV: 54(0%), DEF IV: 16(0%), Work Speed: (0%), Skills: Cheery
Direhowl, Level: 6, Rank: 1, Gender: Male, HP IV: 81(0%), ATK IV: 58(0%), DEF IV: 71(0%), Work Speed: (0%), Skills: Hydromaniac
Eikthyrdeer, Level: 10, Rank: 1, Gender: Male, HP IV: 11(0%), ATK IV: 57(0%), DEF IV: 51(0%), Work Speed: (0%), Skills: Nimble
Eikthyrdeer, Level: 13, Rank: 1, Gender: Female, HP IV: 76(0%), ATK IV: 11(0%), DEF IV: 82(0%), Work Speed: (0%)
Eikthyrdeer, Level: 8, Rank: 1, Gender: Female, HP IV: 23(0%), ATK IV: 44(0%), DEF IV: 31(0%), Work Speed: (0%), Skills: Hydromaniac
Eikthyrdeer, Level: 8, Rank: 1, Gender: Male, HP IV: 50(0%), ATK IV: 19(0%), DEF IV: 68(0%), Work Speed: (0%), Skills: Earthquake Resistant
Eikthyrdeer, Level: 8, Rank: 1, Gender: Male, HP IV: 81(0%), ATK IV: 52(0%), DEF IV: 17(0%), Work Speed: (0%), Skills: Veil of Darkness
Eikthyrdeer, Level: 9, Rank: 1, Gender: Male, HP IV: 36(0%), ATK IV: 21(0%), DEF IV: 6(0%), Work Speed: (0%), Skills: Dragonkiller
Flopie, Level: 11, Rank: 1, Gender: Male, HP IV: 46(0%), ATK IV: 69(0%), DEF IV: 43(0%), Work Speed: (0%), Skills: Masochist
Foxparks, Level: 19, Rank: 1, Gender: Female, HP IV: 60(0%), ATK IV: 23(0%), DEF IV: 2(0%), Work Speed: (0%), Skills: Veil of Darkness, Easygoing
Fuack, Level: 11, Rank: 1, Gender: Male, HP IV: 84(0%), ATK IV: 95(0%), DEF IV: 27(0%), Work Speed: (0%), Skills: Hydromaniac, Positive Thinker
Fuack, Level: 13, Rank: 1, Gender: Male, HP IV: 0(0%), ATK IV: 95(0%), DEF IV: 58(0%), Work Speed: (0%), Skills: Brave
Fuack, Level: 2, Rank: 1, Gender: Female, HP IV: 27(0%), ATK IV: 80(0%), DEF IV: 85(0%), Work Speed: (0%), Skills: Clumsy, Coldblooded
Fuack, Level: 7, Rank: 1, Gender: Male, HP IV: 73(0%), ATK IV: 33(0%), DEF IV: 56(0%), Work Speed: (0%), Skills: Waterproof
Hangyu, Level: 1, Rank: 1, Gender: Female, HP IV: 16(0%), ATK IV: 46(0%), DEF IV: 85(0%), Work Speed: (0%), Skills: Runner
Hoocrates, Level: 3, Rank: 1, Gender: Male, HP IV: 37(0%), ATK IV: 24(0%), DEF IV: 19(0%), Work Speed: (0%), Skills: Dragonkiller
Hoocrates, Level: 5, Rank: 1, Gender: Female, HP IV: 95(0%), ATK IV: 73(0%), DEF IV: 67(0%), Work Speed: (0%), Skills: Impatient
Jolthog Cryst, Level: 3, Rank: 1, Gender: Female, HP IV: 54(0%), ATK IV: 12(0%), DEF IV: 5(0%), Work Speed: (0%), Skills: Glutton
Lamball, Level: 10, Rank: 1, Gender: Female, HP IV: 81(0%), ATK IV: 16(0%), DEF IV: 68(0%), Work Speed: (0%), Skills: Fragrant Foliage, Hard Skin
Lamball, Level: 12, Rank: 1, Gender: Male, HP IV: 17(0%), ATK IV: 92(0%), DEF IV: 79(0%), Work Speed: (0%), Skills: Botanical Barrier
Lamball, Level: 5, Rank: 1, Gender: Female, HP IV: 21(0%), ATK IV: 86(0%), DEF IV: 71(0%), Work Speed: (0%), Skills: Hydromaniac
Lamball, Level: 5, Rank: 1, Gender: Male, HP IV: 64(0%), ATK IV: 86(0%), DEF IV: 22(0%), Work Speed: (0%), Skills: Coward
Lifmunk, Level: 2, Rank: 1, Gender: Male, HP IV: 50(0%), ATK IV: 58(0%), DEF IV: 73(0%), Work Speed: (0%), Skills: Easygoing
Melpaca, Level: 9, Rank: 1, Gender: Male, HP IV: 44(0%), ATK IV: 95(0%), DEF IV: 99(0%), Work Speed: (0%), Skills: Botanical Barrier
Melpaca, Level: 9, Rank: 1, Gender: Male, HP IV: 82(0%), ATK IV: 9(0%), DEF IV: 22(0%), Work Speed: (0%), Skills: Fine Furs
Nitewing, Level: 17, Rank: 1, Gender: Male, HP IV: 37(0%), ATK IV: 32(0%), DEF IV: 78(0%), Work Speed: (0%), Skills: Logging Foreman
Nitewing, Level: 19, Rank: 1, Gender: Male, HP IV: 73(0%), ATK IV: 73(0%), DEF IV: 1(0%), Work Speed: (0%), Skills: Stronghold Strategist
Pengullet, Level: 11, Rank: 1, Gender: Male, HP IV: 24(0%), ATK IV: 34(0%), DEF IV: 85(0%), Work Speed: (0%), Skills: Runner, Ferocious
Ribbuny, Level: 2, Rank: 1, Gender: Female, HP IV: 65(0%), ATK IV: 43(0%), DEF IV: 17(0%), Work Speed: (0%)
Ribbuny, Level: 4, Rank: 1, Gender: Male, HP IV: 18(0%), ATK IV: 65(0%), DEF IV: 97(0%), Work Speed: (0%), Skills: Impatient
Rooby, Level: 12, Rank: 1, Gender: Female, HP IV: 53(0%), ATK IV: 77(0%), DEF IV: 10(0%), Work Speed: (0%), Skills: Hooligan
Rooby, Level: 8, Rank: 1, Gender: Male, HP IV: 9(0%), ATK IV: 19(0%), DEF IV: 79(0%), Work Speed: (0%), Skills: Conceited
Sparkit, Level: 14, Rank: 1, Gender: Male, HP IV: 96(0%), ATK IV: 51(3%), DEF IV: 13(0%), Work Speed: (0%), Skills: Sadist
Sparkit, Level: 6, Rank: 1, Gender: Male, HP IV: 97(0%), ATK IV: 90(0%), DEF IV: 76(0%), Work Speed: (0%), Skills: Dragonkiller, Pacifist
Sparkit, Level: 8, Rank: 1, Gender: Female, HP IV: 50(0%), ATK IV: 61(0%), DEF IV: 24(0%), Work Speed: (0%), Skills: Insulated Body
Teafant, Level: 5, Rank: 1, Gender: Male, HP IV: 31(0%), ATK IV: 54(0%), DEF IV: 13(0%), Work Speed: (0%), Skills: Nimble
Tocotoco, Level: 1, Rank: 1, Gender: Male, HP IV: 12(0%), ATK IV: 98(0%), DEF IV: 71(0%), Work Speed: (0%)
Tombat, Level: 13, Rank: 1, Gender: Male, HP IV: 72(0%), ATK IV: 41(0%), DEF IV: 49(0%), Work Speed: (0%), Skills: Dragonkiller
malshaaa's 52 Pals
------------------
Caprity, Level: 12, Rank: 1, Gender: Female, HP IV: 21(0%), ATK IV: 38(0%), DEF IV: 53(0%), Work Speed: (0%)
Cattiva, Level: 3, Rank: 1, Gender: Female, HP IV: 31(0%), ATK IV: 11(0%), DEF IV: 90(0%), Work Speed: (0%), Skills: Coward, Aggressive
Cattiva, Level: 3, Rank: 1, Gender: Female, HP IV: 4(0%), ATK IV: 61(0%), DEF IV: 82(0%), Work Speed: (0%), Skills: Coward, Hydromaniac, Diet Lover
Celaray, Level: 4, Rank: 1, Gender: Female, HP IV: 84(0%), ATK IV: 23(0%), DEF IV: 54(0%), Work Speed: (0%), Skills: Philantropist
Chikipi, Level: 2, Rank: 1, Gender: Female, HP IV: 21(0%), ATK IV: 36(0%), DEF IV: 65(0%), Work Speed: (0%), Skills: Diet Lover, Sadist, Clumsy
Chikipi, Level: 8, Rank: 1, Gender: Male, HP IV: 88(0%), ATK IV: 2(0%), DEF IV: 75(0%), Work Speed: (0%), Skills: Hooligan
Cremis, Level: 5, Rank: 1, Gender: Female, HP IV: 13(0%), ATK IV: 86(0%), DEF IV: 8(0%), Work Speed: (0%), Skills: Swift, Power of Gaia, Vanguard
Croajiro, Level: 3, Rank: 1, Gender: Female, HP IV: 67(0%), ATK IV: 31(0%), DEF IV: 72(0%), Work Speed: (0%), Skills: Clumsy
Croajiro, Level: 5, Rank: 1, Gender: Female, HP IV: 50(0%), ATK IV: 63(0%), DEF IV: 25(0%), Work Speed: (0%), Skills: Fit as a Fiddle
Croajiro, Level: 5, Rank: 1, Gender: Male, HP IV: 76(0%), ATK IV: 35(0%), DEF IV: 86(0%), Work Speed: (0%), Skills: Capacitor
Daedream, Level: 20, Rank: 1, Gender: Female, HP IV: 28(3%), ATK IV: 64(3%), DEF IV: 71(0%), Work Speed: (0%), Skills: Hydromaniac
Daedream, Level: 20, Rank: 1, Gender: Male, HP IV: 14(3%), ATK IV: 74(3%), DEF IV: 97(0%), Work Speed: (0%), Skills: Musclehead
Depresso, Level: 3, Rank: 1, Gender: Male, HP IV: 72(0%), ATK IV: 59(0%), DEF IV: 21(0%), Work Speed: (0%), Skills: Brave
Direhowl, Level: 20, Rank: 1, Gender: Female, HP IV: 63(3%), ATK IV: 9(6%), DEF IV: 43(0%), Work Speed: (0%), Skills: Easygoing
Direhowl, Level: 6, Rank: 1, Gender: Female, HP IV: 67(0%), ATK IV: 54(0%), DEF IV: 16(0%), Work Speed: (0%), Skills: Cheery
Direhowl, Level: 6, Rank: 1, Gender: Male, HP IV: 81(0%), ATK IV: 58(0%), DEF IV: 71(0%), Work Speed: (0%), Skills: Hydromaniac
Eikthyrdeer, Level: 10, Rank: 1, Gender: Male, HP IV: 11(0%), ATK IV: 57(0%), DEF IV: 51(0%), Work Speed: (0%), Skills: Nimble
Eikthyrdeer, Level: 13, Rank: 1, Gender: Female, HP IV: 76(0%), ATK IV: 11(0%), DEF IV: 82(0%), Work Speed: (0%)
Eikthyrdeer, Level: 8, Rank: 1, Gender: Female, HP IV: 23(0%), ATK IV: 44(0%), DEF IV: 31(0%), Work Speed: (0%), Skills: Hydromaniac
Eikthyrdeer, Level: 8, Rank: 1, Gender: Male, HP IV: 50(0%), ATK IV: 19(0%), DEF IV: 68(0%), Work Speed: (0%), Skills: Earthquake Resistant
Eikthyrdeer, Level: 8, Rank: 1, Gender: Male, HP IV: 81(0%), ATK IV: 52(0%), DEF IV: 17(0%), Work Speed: (0%), Skills: Veil of Darkness
Eikthyrdeer, Level: 9, Rank: 1, Gender: Male, HP IV: 36(0%), ATK IV: 21(0%), DEF IV: 6(0%), Work Speed: (0%), Skills: Dragonkiller
Flopie, Level: 11, Rank: 1, Gender: Male, HP IV: 46(0%), ATK IV: 69(0%), DEF IV: 43(0%), Work Speed: (0%), Skills: Masochist
Foxparks, Level: 19, Rank: 1, Gender: Female, HP IV: 60(0%), ATK IV: 23(0%), DEF IV: 2(0%), Work Speed: (0%), Skills: Veil of Darkness, Easygoing
Fuack, Level: 11, Rank: 1, Gender: Male, HP IV: 84(0%), ATK IV: 95(0%), DEF IV: 27(0%), Work Speed: (0%), Skills: Hydromaniac, Positive Thinker
Fuack, Level: 13, Rank: 1, Gender: Male, HP IV: 0(0%), ATK IV: 95(0%), DEF IV: 58(0%), Work Speed: (0%), Skills: Brave
Fuack, Level: 2, Rank: 1, Gender: Female, HP IV: 27(0%), ATK IV: 80(0%), DEF IV: 85(0%), Work Speed: (0%), Skills: Clumsy, Coldblooded
Fuack, Level: 7, Rank: 1, Gender: Male, HP IV: 73(0%), ATK IV: 33(0%), DEF IV: 56(0%), Work Speed: (0%), Skills: Waterproof
Hangyu, Level: 1, Rank: 1, Gender: Female, HP IV: 16(0%), ATK IV: 46(0%), DEF IV: 85(0%), Work Speed: (0%), Skills: Runner
Hoocrates, Level: 3, Rank: 1, Gender: Male, HP IV: 37(0%), ATK IV: 24(0%), DEF IV: 19(0%), Work Speed: (0%), Skills: Dragonkiller
Hoocrates, Level: 5, Rank: 1, Gender: Female, HP IV: 95(0%), ATK IV: 73(0%), DEF IV: 67(0%), Work Speed: (0%), Skills: Impatient
Jolthog Cryst, Level: 3, Rank: 1, Gender: Female, HP IV: 54(0%), ATK IV: 12(0%), DEF IV: 5(0%), Work Speed: (0%), Skills: Glutton
Lamball, Level: 10, Rank: 1, Gender: Female, HP IV: 81(0%), ATK IV: 16(0%), DEF IV: 68(0%), Work Speed: (0%), Skills: Fragrant Foliage, Hard Skin
Lamball, Level: 12, Rank: 1, Gender: Male, HP IV: 17(0%), ATK IV: 92(0%), DEF IV: 79(0%), Work Speed: (0%), Skills: Botanical Barrier
Lamball, Level: 5, Rank: 1, Gender: Female, HP IV: 21(0%), ATK IV: 86(0%), DEF IV: 71(0%), Work Speed: (0%), Skills: Hydromaniac
Lamball, Level: 5, Rank: 1, Gender: Male, HP IV: 64(0%), ATK IV: 86(0%), DEF IV: 22(0%), Work Speed: (0%), Skills: Coward
Lifmunk, Level: 2, Rank: 1, Gender: Male, HP IV: 50(0%), ATK IV: 58(0%), DEF IV: 73(0%), Work Speed: (0%), Skills: Easygoing
Melpaca, Level: 9, Rank: 1, Gender: Male, HP IV: 44(0%), ATK IV: 95(0%), DEF IV: 99(0%), Work Speed: (0%), Skills: Botanical Barrier
Melpaca, Level: 9, Rank: 1, Gender: Male, HP IV: 82(0%), ATK IV: 9(0%), DEF IV: 22(0%), Work Speed: (0%), Skills: Fine Furs
Nitewing, Level: 17, Rank: 1, Gender: Male, HP IV: 37(0%), ATK IV: 32(0%), DEF IV: 78(0%), Work Speed: (0%), Skills: Logging Foreman
Nitewing, Level: 19, Rank: 1, Gender: Male, HP IV: 73(0%), ATK IV: 73(0%), DEF IV: 1(0%), Work Speed: (0%), Skills: Stronghold Strategist
Pengullet, Level: 11, Rank: 1, Gender: Male, HP IV: 24(0%), ATK IV: 34(0%), DEF IV: 85(0%), Work Speed: (0%), Skills: Runner, Ferocious
Ribbuny, Level: 2, Rank: 1, Gender: Female, HP IV: 65(0%), ATK IV: 43(0%), DEF IV: 17(0%), Work Speed: (0%)
Ribbuny, Level: 4, Rank: 1, Gender: Male, HP IV: 18(0%), ATK IV: 65(0%), DEF IV: 97(0%), Work Speed: (0%), Skills: Impatient
Rooby, Level: 12, Rank: 1, Gender: Female, HP IV: 53(0%), ATK IV: 77(0%), DEF IV: 10(0%), Work Speed: (0%), Skills: Hooligan
Rooby, Level: 8, Rank: 1, Gender: Male, HP IV: 9(0%), ATK IV: 19(0%), DEF IV: 79(0%), Work Speed: (0%), Skills: Conceited
Sparkit, Level: 14, Rank: 1, Gender: Male, HP IV: 96(0%), ATK IV: 51(3%), DEF IV: 13(0%), Work Speed: (0%), Skills: Sadist
Sparkit, Level: 6, Rank: 1, Gender: Male, HP IV: 97(0%), ATK IV: 90(0%), DEF IV: 76(0%), Work Speed: (0%), Skills: Dragonkiller, Pacifist
Sparkit, Level: 8, Rank: 1, Gender: Female, HP IV: 50(0%), ATK IV: 61(0%), DEF IV: 24(0%), Work Speed: (0%), Skills: Insulated Body
Teafant, Level: 5, Rank: 1, Gender: Male, HP IV: 31(0%), ATK IV: 54(0%), DEF IV: 13(0%), Work Speed: (0%), Skills: Nimble
Tocotoco, Level: 1, Rank: 1, Gender: Male, HP IV: 12(0%), ATK IV: 98(0%), DEF IV: 71(0%), Work Speed: (0%)
Tombat, Level: 13, Rank: 1, Gender: Male, HP IV: 72(0%), ATK IV: 41(0%), DEF IV: 49(0%), Work Speed: (0%), Skills: Dragonkiller
malshaaa's 52 Pals
------------------
Caprity, Level: 12, Rank: 1, Gender: Female, HP IV: 21(0%), ATK IV: 38(0%), DEF IV: 53(0%), Work Speed: (0%)
Cattiva, Level: 3, Rank: 1, Gender: Female, HP IV: 31(0%), ATK IV: 11(0%), DEF IV: 90(0%), Work Speed: (0%), Skills: Coward, Aggressive
Cattiva, Level: 3, Rank: 1, Gender: Female, HP IV: 4(0%), ATK IV: 61(0%), DEF IV: 82(0%), Work Speed: (0%), Skills: Coward, Hydromaniac, Diet Lover
Celaray, Level: 4, Rank: 1, Gender: Female, HP IV: 84(0%), ATK IV: 23(0%), DEF IV: 54(0%), Work Speed: (0%), Skills: Philantropist
Chikipi, Level: 2, Rank: 1, Gender: Female, HP IV: 21(0%), ATK IV: 36(0%), DEF IV: 65(0%), Work Speed: (0%), Skills: Diet Lover, Sadist, Clumsy
Chikipi, Level: 8, Rank: 1, Gender: Male, HP IV: 88(0%), ATK IV: 2(0%), DEF IV: 75(0%), Work Speed: (0%), Skills: Hooligan
Cremis, Level: 5, Rank: 1, Gender: Female, HP IV: 13(0%), ATK IV: 86(0%), DEF IV: 8(0%), Work Speed: (0%), Skills: Swift, Power of Gaia, Vanguard
Croajiro, Level: 3, Rank: 1, Gender: Female, HP IV: 67(0%), ATK IV: 31(0%), DEF IV: 72(0%), Work Speed: (0%), Skills: Clumsy
Croajiro, Level: 5, Rank: 1, Gender: Female, HP IV: 50(0%), ATK IV: 63(0%), DEF IV: 25(0%), Work Speed: (0%), Skills: Fit as a Fiddle
Croajiro, Level: 5, Rank: 1, Gender: Male, HP IV: 76(0%), ATK IV: 35(0%), DEF IV: 86(0%), Work Speed: (0%), Skills: Capacitor
Daedream, Level: 20, Rank: 1, Gender: Female, HP IV: 28(3%), ATK IV: 64(3%), DEF IV: 71(0%), Work Speed: (0%), Skills: Hydromaniac
Daedream, Level: 20, Rank: 1, Gender: Male, HP IV: 14(3%), ATK IV: 74(3%), DEF IV: 97(0%), Work Speed: (0%), Skills: Musclehead
Depresso, Level: 3, Rank: 1, Gender: Male, HP IV: 72(0%), ATK IV: 59(0%), DEF IV: 21(0%), Work Speed: (0%), Skills: Brave
Direhowl, Level: 20, Rank: 1, Gender: Female, HP IV: 63(3%), ATK IV: 9(6%), DEF IV: 43(0%), Work Speed: (0%), Skills: Easygoing
Direhowl, Level: 6, Rank: 1, Gender: Female, HP IV: 67(0%), ATK IV: 54(0%), DEF IV: 16(0%), Work Speed: (0%), Skills: Cheery
Direhowl, Level: 6, Rank: 1, Gender: Male, HP IV: 81(0%), ATK IV: 58(0%), DEF IV: 71(0%), Work Speed: (0%), Skills: Hydromaniac
Eikthyrdeer, Level: 10, Rank: 1, Gender: Male, HP IV: 11(0%), ATK IV: 57(0%), DEF IV: 51(0%), Work Speed: (0%), Skills: Nimble
Eikthyrdeer, Level: 13, Rank: 1, Gender: Female, HP IV: 76(0%), ATK IV: 11(0%), DEF IV: 82(0%), Work Speed: (0%)
Eikthyrdeer, Level: 8, Rank: 1, Gender: Female, HP IV: 23(0%), ATK IV: 44(0%), DEF IV: 31(0%), Work Speed: (0%), Skills: Hydromaniac
Eikthyrdeer, Level: 8, Rank: 1, Gender: Male, HP IV: 50(0%), ATK IV: 19(0%), DEF IV: 68(0%), Work Speed: (0%), Skills: Earthquake Resistant
Eikthyrdeer, Level: 8, Rank: 1, Gender: Male, HP IV: 81(0%), ATK IV: 52(0%), DEF IV: 17(0%), Work Speed: (0%), Skills: Veil of Darkness
Eikthyrdeer, Level: 9, Rank: 1, Gender: Male, HP IV: 36(0%), ATK IV: 21(0%), DEF IV: 6(0%), Work Speed: (0%), Skills: Dragonkiller
Flopie, Level: 11, Rank: 1, Gender: Male, HP IV: 46(0%), ATK IV: 69(0%), DEF IV: 43(0%), Work Speed: (0%), Skills: Masochist
Foxparks, Level: 19, Rank: 1, Gender: Female, HP IV: 60(0%), ATK IV: 23(0%), DEF IV: 2(0%), Work Speed: (0%), Skills: Veil of Darkness, Easygoing
Fuack, Level: 11, Rank: 1, Gender: Male, HP IV: 84(0%), ATK IV: 95(0%), DEF IV: 27(0%), Work Speed: (0%), Skills: Hydromaniac, Positive Thinker
Fuack, Level: 13, Rank: 1, Gender: Male, HP IV: 0(0%), ATK IV: 95(0%), DEF IV: 58(0%), Work Speed: (0%), Skills: Brave
Fuack, Level: 2, Rank: 1, Gender: Female, HP IV: 27(0%), ATK IV: 80(0%), DEF IV: 85(0%), Work Speed: (0%), Skills: Clumsy, Coldblooded
Fuack, Level: 7, Rank: 1, Gender: Male, HP IV: 73(0%), ATK IV: 33(0%), DEF IV: 56(0%), Work Speed: (0%), Skills: Waterproof
Hangyu, Level: 1, Rank: 1, Gender: Female, HP IV: 16(0%), ATK IV: 46(0%), DEF IV: 85(0%), Work Speed: (0%), Skills: Runner
Hoocrates, Level: 3, Rank: 1, Gender: Male, HP IV: 37(0%), ATK IV: 24(0%), DEF IV: 19(0%), Work Speed: (0%), Skills: Dragonkiller
Hoocrates, Level: 5, Rank: 1, Gender: Female, HP IV: 95(0%), ATK IV: 73(0%), DEF IV: 67(0%), Work Speed: (0%), Skills: Impatient
Jolthog Cryst, Level: 3, Rank: 1, Gender: Female, HP IV: 54(0%), ATK IV: 12(0%), DEF IV: 5(0%), Work Speed: (0%), Skills: Glutton
Lamball, Level: 10, Rank: 1, Gender: Female, HP IV: 81(0%), ATK IV: 16(0%), DEF IV: 68(0%), Work Speed: (0%), Skills: Fragrant Foliage, Hard Skin
Lamball, Level: 12, Rank: 1, Gender: Male, HP IV: 17(0%), ATK IV: 92(0%), DEF IV: 79(0%), Work Speed: (0%), Skills: Botanical Barrier
Lamball, Level: 5, Rank: 1, Gender: Female, HP IV: 21(0%), ATK IV: 86(0%), DEF IV: 71(0%), Work Speed: (0%), Skills: Hydromaniac
Lamball, Level: 5, Rank: 1, Gender: Male, HP IV: 64(0%), ATK IV: 86(0%), DEF IV: 22(0%), Work Speed: (0%), Skills: Coward
Lifmunk, Level: 2, Rank: 1, Gender: Male, HP IV: 50(0%), ATK IV: 58(0%), DEF IV: 73(0%), Work Speed: (0%), Skills: Easygoing
Melpaca, Level: 9, Rank: 1, Gender: Male, HP IV: 44(0%), ATK IV: 95(0%), DEF IV: 99(0%), Work Speed: (0%), Skills: Botanical Barrier
Melpaca, Level: 9, Rank: 1, Gender: Male, HP IV: 82(0%), ATK IV: 9(0%), DEF IV: 22(0%), Work Speed: (0%), Skills: Fine Furs
Nitewing, Level: 17, Rank: 1, Gender: Male, HP IV: 37(0%), ATK IV: 32(0%), DEF IV: 78(0%), Work Speed: (0%), Skills: Logging Foreman
Nitewing, Level: 19, Rank: 1, Gender: Male, HP IV: 73(0%), ATK IV: 73(0%), DEF IV: 1(0%), Work Speed: (0%), Skills: Stronghold Strategist
Pengullet, Level: 11, Rank: 1, Gender: Male, HP IV: 24(0%), ATK IV: 34(0%), DEF IV: 85(0%), Work Speed: (0%), Skills: Runner, Ferocious
Ribbuny, Level: 2, Rank: 1, Gender: Female, HP IV: 65(0%), ATK IV: 43(0%), DEF IV: 17(0%), Work Speed: (0%)
Ribbuny, Level: 4, Rank: 1, Gender: Male, HP IV: 18(0%), ATK IV: 65(0%), DEF IV: 97(0%), Work Speed: (0%), Skills: Impatient
Rooby, Level: 12, Rank: 1, Gender: Female, HP IV: 53(0%), ATK IV: 77(0%), DEF IV: 10(0%), Work Speed: (0%), Skills: Hooligan
Rooby, Level: 8, Rank: 1, Gender: Male, HP IV: 9(0%), ATK IV: 19(0%), DEF IV: 79(0%), Work Speed: (0%), Skills: Conceited
Sparkit, Level: 14, Rank: 1, Gender: Male, HP IV: 96(0%), ATK IV: 51(3%), DEF IV: 13(0%), Work Speed: (0%), Skills: Sadist
Sparkit, Level: 6, Rank: 1, Gender: Male, HP IV: 97(0%), ATK IV: 90(0%), DEF IV: 76(0%), Work Speed: (0%), Skills: Dragonkiller, Pacifist
Sparkit, Level: 8, Rank: 1, Gender: Female, HP IV: 50(0%), ATK IV: 61(0%), DEF IV: 24(0%), Work Speed: (0%), Skills: Insulated Body
Teafant, Level: 5, Rank: 1, Gender: Male, HP IV: 31(0%), ATK IV: 54(0%), DEF IV: 13(0%), Work Speed: (0%), Skills: Nimble
Tocotoco, Level: 1, Rank: 1, Gender: Male, HP IV: 12(0%), ATK IV: 98(0%), DEF IV: 71(0%), Work Speed: (0%)
Tombat, Level: 13, Rank: 1, Gender: Male, HP IV: 72(0%), ATK IV: 41(0%), DEF IV: 49(0%), Work Speed: (0%), Skills: Dragonkiller
malshaaa's 52 Pals
------------------
Caprity, Level: 12, Rank: 1, Gender: Female, HP IV: 21(0%), ATK IV: 38(0%), DEF IV: 53(0%), Work Speed: (0%)
Cattiva, Level: 3, Rank: 1, Gender: Female, HP IV: 31(0%), ATK IV: 11(0%), DEF IV: 90(0%), Work Speed: (0%), Skills: Coward, Aggressive
Cattiva, Level: 3, Rank: 1, Gender: Female, HP IV: 4(0%), ATK IV: 61(0%), DEF IV: 82(0%), Work Speed: (0%), Skills: Coward, Hydromaniac, Diet Lover
Celaray, Level: 4, Rank: 1, Gender: Female, HP IV: 84(0%), ATK IV: 23(0%), DEF IV: 54(0%), Work Speed: (0%), Skills: Philantropist
Chikipi, Level: 2, Rank: 1, Gender: Female, HP IV: 21(0%), ATK IV: 36(0%), DEF IV: 65(0%), Work Speed: (0%), Skills: Diet Lover, Sadist, Clumsy
Chikipi, Level: 8, Rank: 1, Gender: Male, HP IV: 88(0%), ATK IV: 2(0%), DEF IV: 75(0%), Work Speed: (0%), Skills: Hooligan
Cremis, Level: 5, Rank: 1, Gender: Female, HP IV: 13(0%), ATK IV: 86(0%), DEF IV: 8(0%), Work Speed: (0%), Skills: Swift, Power of Gaia, Vanguard
Croajiro, Level: 3, Rank: 1, Gender: Female, HP IV: 67(0%), ATK IV: 31(0%), DEF IV: 72(0%), Work Speed: (0%), Skills: Clumsy
Croajiro, Level: 5, Rank: 1, Gender: Female, HP IV: 50(0%), ATK IV: 63(0%), DEF IV: 25(0%), Work Speed: (0%), Skills: Fit as a Fiddle
Croajiro, Level: 5, Rank: 1, Gender: Male, HP IV: 76(0%), ATK IV: 35(0%), DEF IV: 86(0%), Work Speed: (0%), Skills: Capacitor
Daedream, Level: 20, Rank: 1, Gender: Female, HP IV: 28(3%), ATK IV: 64(3%), DEF IV: 71(0%), Work Speed: (0%), Skills: Hydromaniac
Daedream, Level: 20, Rank: 1, Gender: Male, HP IV: 14(3%), ATK IV: 74(3%), DEF IV: 97(0%), Work Speed: (0%), Skills: Musclehead
Depresso, Level: 3, Rank: 1, Gender: Male, HP IV: 72(0%), ATK IV: 59(0%), DEF IV: 21(0%), Work Speed: (0%), Skills: Brave
Direhowl, Level: 20, Rank: 1, Gender: Female, HP IV: 63(3%), ATK IV: 9(6%), DEF IV: 43(0%), Work Speed: (0%), Skills: Easygoing
Direhowl, Level: 6, Rank: 1, Gender: Female, HP IV: 67(0%), ATK IV: 54(0%), DEF IV: 16(0%), Work Speed: (0%), Skills: Cheery
Direhowl, Level: 6, Rank: 1, Gender: Male, HP IV: 81(0%), ATK IV: 58(0%), DEF IV: 71(0%), Work Speed: (0%), Skills: Hydromaniac
Eikthyrdeer, Level: 10, Rank: 1, Gender: Male, HP IV: 11(0%), ATK IV: 57(0%), DEF IV: 51(0%), Work Speed: (0%), Skills: Nimble
Eikthyrdeer, Level: 13, Rank: 1, Gender: Female, HP IV: 76(0%), ATK IV: 11(0%), DEF IV: 82(0%), Work Speed: (0%)
Eikthyrdeer, Level: 8, Rank: 1, Gender: Female, HP IV: 23(0%), ATK IV: 44(0%), DEF IV: 31(0%), Work Speed: (0%), Skills: Hydromaniac
Eikthyrdeer, Level: 8, Rank: 1, Gender: Male, HP IV: 50(0%), ATK IV: 19(0%), DEF IV: 68(0%), Work Speed: (0%), Skills: Earthquake Resistant
Eikthyrdeer, Level: 8, Rank: 1, Gender: Male, HP IV: 81(0%), ATK IV: 52(0%), DEF IV: 17(0%), Work Speed: (0%), Skills: Veil of Darkness
Eikthyrdeer, Level: 9, Rank: 1, Gender: Male, HP IV: 36(0%), ATK IV: 21(0%), DEF IV: 6(0%), Work Speed: (0%), Skills: Dragonkiller
Flopie, Level: 11, Rank: 1, Gender: Male, HP IV: 46(0%), ATK IV: 69(0%), DEF IV: 43(0%), Work Speed: (0%), Skills: Masochist
Foxparks, Level: 19, Rank: 1, Gender: Female, HP IV: 60(0%), ATK IV: 23(0%), DEF IV: 2(0%), Work Speed: (0%), Skills: Veil of Darkness, Easygoing
Fuack, Level: 11, Rank: 1, Gender: Male, HP IV: 84(0%), ATK IV: 95(0%), DEF IV: 27(0%), Work Speed: (0%), Skills: Hydromaniac, Positive Thinker
Fuack, Level: 13, Rank: 1, Gender: Male, HP IV: 0(0%), ATK IV: 95(0%), DEF IV: 58(0%), Work Speed: (0%), Skills: Brave
Fuack, Level: 2, Rank: 1, Gender: Female, HP IV: 27(0%), ATK IV: 80(0%), DEF IV: 85(0%), Work Speed: (0%), Skills: Clumsy, Coldblooded
Fuack, Level: 7, Rank: 1, Gender: Male, HP IV: 73(0%), ATK IV: 33(0%), DEF IV: 56(0%), Work Speed: (0%), Skills: Waterproof
Hangyu, Level: 1, Rank: 1, Gender: Female, HP IV: 16(0%), ATK IV: 46(0%), DEF IV: 85(0%), Work Speed: (0%), Skills: Runner
Hoocrates, Level: 3, Rank: 1, Gender: Male, HP IV: 37(0%), ATK IV: 24(0%), DEF IV: 19(0%), Work Speed: (0%), Skills: Dragonkiller
Hoocrates, Level: 5, Rank: 1, Gender: Female, HP IV: 95(0%), ATK IV: 73(0%), DEF IV: 67(0%), Work Speed: (0%), Skills: Impatient
Jolthog Cryst, Level: 3, Rank: 1, Gender: Female, HP IV: 54(0%), ATK IV: 12(0%), DEF IV: 5(0%), Work Speed: (0%), Skills: Glutton
Lamball, Level: 10, Rank: 1, Gender: Female, HP IV: 81(0%), ATK IV: 16(0%), DEF IV: 68(0%), Work Speed: (0%), Skills: Fragrant Foliage, Hard Skin
Lamball, Level: 12, Rank: 1, Gender: Male, HP IV: 17(0%), ATK IV: 92(0%), DEF IV: 79(0%), Work Speed: (0%), Skills: Botanical Barrier
Lamball, Level: 5, Rank: 1, Gender: Female, HP IV: 21(0%), ATK IV: 86(0%), DEF IV: 71(0%), Work Speed: (0%), Skills: Hydromaniac
Lamball, Level: 5, Rank: 1, Gender: Male, HP IV: 64(0%), ATK IV: 86(0%), DEF IV: 22(0%), Work Speed: (0%), Skills: Coward
Lifmunk, Level: 2, Rank: 1, Gender: Male, HP IV: 50(0%), ATK IV: 58(0%), DEF IV: 73(0%), Work Speed: (0%), Skills: Easygoing
Melpaca, Level: 9, Rank: 1, Gender: Male, HP IV: 44(0%), ATK IV: 95(0%), DEF IV: 99(0%), Work Speed: (0%), Skills: Botanical Barrier
Melpaca, Level: 9, Rank: 1, Gender: Male, HP IV: 82(0%), ATK IV: 9(0%), DEF IV: 22(0%), Work Speed: (0%), Skills: Fine Furs
Nitewing, Level: 17, Rank: 1, Gender: Male, HP IV: 37(0%), ATK IV: 32(0%), DEF IV: 78(0%), Work Speed: (0%), Skills: Logging Foreman
Nitewing, Level: 19, Rank: 1, Gender: Male, HP IV: 73(0%), ATK IV: 73(0%), DEF IV: 1(0%), Work Speed: (0%), Skills: Stronghold Strategist
Pengullet, Level: 11, Rank: 1, Gender: Male, HP IV: 24(0%), ATK IV: 34(0%), DEF IV: 85(0%), Work Speed: (0%), Skills: Runner, Ferocious
Ribbuny, Level: 2, Rank: 1, Gender: Female, HP IV: 65(0%), ATK IV: 43(0%), DEF IV: 17(0%), Work Speed: (0%)
Ribbuny, Level: 4, Rank: 1, Gender: Male, HP IV: 18(0%), ATK IV: 65(0%), DEF IV: 97(0%), Work Speed: (0%), Skills: Impatient
Rooby, Level: 12, Rank: 1, Gender: Female, HP IV: 53(0%), ATK IV: 77(0%), DEF IV: 10(0%), Work Speed: (0%), Skills: Hooligan
Rooby, Level: 8, Rank: 1, Gender: Male, HP IV: 9(0%), ATK IV: 19(0%), DEF IV: 79(0%), Work Speed: (0%), Skills: Conceited
Sparkit, Level: 14, Rank: 1, Gender: Male, HP IV: 96(0%), ATK IV: 51(3%), DEF IV: 13(0%), Work Speed: (0%), Skills: Sadist
Sparkit, Level: 6, Rank: 1, Gender: Male, HP IV: 97(0%), ATK IV: 90(0%), DEF IV: 76(0%), Work Speed: (0%), Skills: Dragonkiller, Pacifist
Sparkit, Level: 8, Rank: 1, Gender: Female, HP IV: 50(0%), ATK IV: 61(0%), DEF IV: 24(0%), Work Speed: (0%), Skills: Insulated Body
Teafant, Level: 5, Rank: 1, Gender: Male, HP IV: 31(0%), ATK IV: 54(0%), DEF IV: 13(0%), Work Speed: (0%), Skills: Nimble
Tocotoco, Level: 1, Rank: 1, Gender: Male, HP IV: 12(0%), ATK IV: 98(0%), DEF IV: 71(0%), Work Speed: (0%)
Tombat, Level: 13, Rank: 1, Gender: Male, HP IV: 72(0%), ATK IV: 41(0%), DEF IV: 49(0%), Work Speed: (0%), Skills: Dragonkiller
malshaaa's 52 Pals
------------------
Caprity, Level: 12, Rank: 1, Gender: Female, HP IV: 21(0%), ATK IV: 38(0%), DEF IV: 53(0%), Work Speed: (0%)
Cattiva, Level: 3, Rank: 1, Gender: Female, HP IV: 31(0%), ATK IV: 11(0%), DEF IV: 90(0%), Work Speed: (0%), Skills: Coward, Aggressive
Cattiva, Level: 3, Rank: 1, Gender: Female, HP IV: 4(0%), ATK IV: 61(0%), DEF IV: 82(0%), Work Speed: (0%), Skills: Coward, Hydromaniac, Diet Lover
Celaray, Level: 4, Rank: 1, Gender: Female, HP IV: 84(0%), ATK IV: 23(0%), DEF IV: 54(0%), Work Speed: (0%), Skills: Philantropist
Chikipi, Level: 2, Rank: 1, Gender: Female, HP IV: 21(0%), ATK IV: 36(0%), DEF IV: 65(0%), Work Speed: (0%), Skills: Diet Lover, Sadist, Clumsy
Chikipi, Level: 8, Rank: 1, Gender: Male, HP IV: 88(0%), ATK IV: 2(0%), DEF IV: 75(0%), Work Speed: (0%), Skills: Hooligan
Cremis, Level: 5, Rank: 1, Gender: Female, HP IV: 13(0%), ATK IV: 86(0%), DEF IV: 8(0%), Work Speed: (0%), Skills: Swift, Power of Gaia, Vanguard
Croajiro, Level: 3, Rank: 1, Gender: Female, HP IV: 67(0%), ATK IV: 31(0%), DEF IV: 72(0%), Work Speed: (0%), Skills: Clumsy
Croajiro, Level: 5, Rank: 1, Gender: Female, HP IV: 50(0%), ATK IV: 63(0%), DEF IV: 25(0%), Work Speed: (0%), Skills: Fit as a Fiddle
Croajiro, Level: 5, Rank: 1, Gender: Male, HP IV: 76(0%), ATK IV: 35(0%), DEF IV: 86(0%), Work Speed: (0%), Skills: Capacitor
Daedream, Level: 20, Rank: 1, Gender: Female, HP IV: 28(3%), ATK IV: 64(3%), DEF IV: 71(0%), Work Speed: (0%), Skills: Hydromaniac
Daedream, Level: 20, Rank: 1, Gender: Male, HP IV: 14(3%), ATK IV: 74(3%), DEF IV: 97(0%), Work Speed: (0%), Skills: Musclehead
Depresso, Level: 3, Rank: 1, Gender: Male, HP IV: 72(0%), ATK IV: 59(0%), DEF IV: 21(0%), Work Speed: (0%), Skills: Brave
Direhowl, Level: 20, Rank: 1, Gender: Female, HP IV: 63(3%), ATK IV: 9(6%), DEF IV: 43(0%), Work Speed: (0%), Skills: Easygoing
Direhowl, Level: 6, Rank: 1, Gender: Female, HP IV: 67(0%), ATK IV: 54(0%), DEF IV: 16(0%), Work Speed: (0%), Skills: Cheery
Direhowl, Level: 6, Rank: 1, Gender: Male, HP IV: 81(0%), ATK IV: 58(0%), DEF IV: 71(0%), Work Speed: (0%), Skills: Hydromaniac
Eikthyrdeer, Level: 10, Rank: 1, Gender: Male, HP IV: 11(0%), ATK IV: 57(0%), DEF IV: 51(0%), Work Speed: (0%), Skills: Nimble
Eikthyrdeer, Level: 13, Rank: 1, Gender: Female, HP IV: 76(0%), ATK IV: 11(0%), DEF IV: 82(0%), Work Speed: (0%)
Eikthyrdeer, Level: 8, Rank: 1, Gender: Female, HP IV: 23(0%), ATK IV: 44(0%), DEF IV: 31(0%), Work Speed: (0%), Skills: Hydromaniac
Eikthyrdeer, Level: 8, Rank: 1, Gender: Male, HP IV: 50(0%), ATK IV: 19(0%), DEF IV: 68(0%), Work Speed: (0%), Skills: Earthquake Resistant
Eikthyrdeer, Level: 8, Rank: 1, Gender: Male, HP IV: 81(0%), ATK IV: 52(0%), DEF IV: 17(0%), Work Speed: (0%), Skills: Veil of Darkness
Eikthyrdeer, Level: 9, Rank: 1, Gender: Male, HP IV: 36(0%), ATK IV: 21(0%), DEF IV: 6(0%), Work Speed: (0%), Skills: Dragonkiller
Flopie, Level: 11, Rank: 1, Gender: Male, HP IV: 46(0%), ATK IV: 69(0%), DEF IV: 43(0%), Work Speed: (0%), Skills: Masochist
Foxparks, Level: 19, Rank: 1, Gender: Female, HP IV: 60(0%), ATK IV: 23(0%), DEF IV: 2(0%), Work Speed: (0%), Skills: Veil of Darkness, Easygoing
Fuack, Level: 11, Rank: 1, Gender: Male, HP IV: 84(0%), ATK IV: 95(0%), DEF IV: 27(0%), Work Speed: (0%), Skills: Hydromaniac, Positive Thinker
Fuack, Level: 13, Rank: 1, Gender: Male, HP IV: 0(0%), ATK IV: 95(0%), DEF IV: 58(0%), Work Speed: (0%), Skills: Brave
Fuack, Level: 2, Rank: 1, Gender: Female, HP IV: 27(0%), ATK IV: 80(0%), DEF IV: 85(0%), Work Speed: (0%), Skills: Clumsy, Coldblooded
Fuack, Level: 7, Rank: 1, Gender: Male, HP IV: 73(0%), ATK IV: 33(0%), DEF IV: 56(0%), Work Speed: (0%), Skills: Waterproof
Hangyu, Level: 1, Rank: 1, Gender: Female, HP IV: 16(0%), ATK IV: 46(0%), DEF IV: 85(0%), Work Speed: (0%), Skills: Runner
Hoocrates, Level: 3, Rank: 1, Gender: Male, HP IV: 37(0%), ATK IV: 24(0%), DEF IV: 19(0%), Work Speed: (0%), Skills: Dragonkiller
Hoocrates, Level: 5, Rank: 1, Gender: Female, HP IV: 95(0%), ATK IV: 73(0%), DEF IV: 67(0%), Work Speed: (0%), Skills: Impatient
Jolthog Cryst, Level: 3, Rank: 1, Gender: Female, HP IV: 54(0%), ATK IV: 12(0%), DEF IV: 5(0%), Work Speed: (0%), Skills: Glutton
Lamball, Level: 10, Rank: 1, Gender: Female, HP IV: 81(0%), ATK IV: 16(0%), DEF IV: 68(0%), Work Speed: (0%), Skills: Fragrant Foliage, Hard Skin
Lamball, Level: 12, Rank: 1, Gender: Male, HP IV: 17(0%), ATK IV: 92(0%), DEF IV: 79(0%), Work Speed: (0%), Skills: Botanical Barrier
Lamball, Level: 5, Rank: 1, Gender: Female, HP IV: 21(0%), ATK IV: 86(0%), DEF IV: 71(0%), Work Speed: (0%), Skills: Hydromaniac
Lamball, Level: 5, Rank: 1, Gender: Male, HP IV: 64(0%), ATK IV: 86(0%), DEF IV: 22(0%), Work Speed: (0%), Skills: Coward
Lifmunk, Level: 2, Rank: 1, Gender: Male, HP IV: 50(0%), ATK IV: 58(0%), DEF IV: 73(0%), Work Speed: (0%), Skills: Easygoing
Melpaca, Level: 9, Rank: 1, Gender: Male, HP IV: 44(0%), ATK IV: 95(0%), DEF IV: 99(0%), Work Speed: (0%), Skills: Botanical Barrier
Melpaca, Level: 9, Rank: 1, Gender: Male, HP IV: 82(0%), ATK IV: 9(0%), DEF IV: 22(0%), Work Speed: (0%), Skills: Fine Furs
Nitewing, Level: 17, Rank: 1, Gender: Male, HP IV: 37(0%), ATK IV: 32(0%), DEF IV: 78(0%), Work Speed: (0%), Skills: Logging Foreman
Nitewing, Level: 19, Rank: 1, Gender: Male, HP IV: 73(0%), ATK IV: 73(0%), DEF IV: 1(0%), Work Speed: (0%), Skills: Stronghold Strategist
Pengullet, Level: 11, Rank: 1, Gender: Male, HP IV: 24(0%), ATK IV: 34(0%), DEF IV: 85(0%), Work Speed: (0%), Skills: Runner, Ferocious
Ribbuny, Level: 2, Rank: 1, Gender: Female, HP IV: 65(0%), ATK IV: 43(0%), DEF IV: 17(0%), Work Speed: (0%)
Ribbuny, Level: 4, Rank: 1, Gender: Male, HP IV: 18(0%), ATK IV: 65(0%), DEF IV: 97(0%), Work Speed: (0%), Skills: Impatient
Rooby, Level: 12, Rank: 1, Gender: Female, HP IV: 53(0%), ATK IV: 77(0%), DEF IV: 10(0%), Work Speed: (0%), Skills: Hooligan
Rooby, Level: 8, Rank: 1, Gender: Male, HP IV: 9(0%), ATK IV: 19(0%), DEF IV: 79(0%), Work Speed: (0%), Skills: Conceited
Sparkit, Level: 14, Rank: 1, Gender: Male, HP IV: 96(0%), ATK IV: 51(3%), DEF IV: 13(0%), Work Speed: (0%), Skills: Sadist
Sparkit, Level: 6, Rank: 1, Gender: Male, HP IV: 97(0%), ATK IV: 90(0%), DEF IV: 76(0%), Work Speed: (0%), Skills: Dragonkiller, Pacifist
Sparkit, Level: 8, Rank: 1, Gender: Female, HP IV: 50(0%), ATK IV: 61(0%), DEF IV: 24(0%), Work Speed: (0%), Skills: Insulated Body
Teafant, Level: 5, Rank: 1, Gender: Male, HP IV: 31(0%), ATK IV: 54(0%), DEF IV: 13(0%), Work Speed: (0%), Skills: Nimble
Tocotoco, Level: 1, Rank: 1, Gender: Male, HP IV: 12(0%), ATK IV: 98(0%), DEF IV: 71(0%), Work Speed: (0%)
Tombat, Level: 13, Rank: 1, Gender: Male, HP IV: 72(0%), ATK IV: 41(0%), DEF IV: 49(0%), Work Speed: (0%), Skills: Dragonkiller
malshaaa's 52 Pals
------------------
Caprity, Level: 12, Rank: 1, Gender: Female, HP IV: 21(0%), ATK IV: 38(0%), DEF IV: 53(0%), Work Speed: (0%)
Cattiva, Level: 3, Rank: 1, Gender: Female, HP IV: 31(0%), ATK IV: 11(0%), DEF IV: 90(0%), Work Speed: (0%), Skills: Coward, Aggressive
Cattiva, Level: 3, Rank: 1, Gender: Female, HP IV: 4(0%), ATK IV: 61(0%), DEF IV: 82(0%), Work Speed: (0%), Skills: Coward, Hydromaniac, Diet Lover
Celaray, Level: 4, Rank: 1, Gender: Female, HP IV: 84(0%), ATK IV: 23(0%), DEF IV: 54(0%), Work Speed: (0%), Skills: Philantropist
Chikipi, Level: 2, Rank: 1, Gender: Female, HP IV: 21(0%), ATK IV: 36(0%), DEF IV: 65(0%), Work Speed: (0%), Skills: Diet Lover, Sadist, Clumsy
Chikipi, Level: 8, Rank: 1, Gender: Male, HP IV: 88(0%), ATK IV: 2(0%), DEF IV: 75(0%), Work Speed: (0%), Skills: Hooligan
Cremis, Level: 5, Rank: 1, Gender: Female, HP IV: 13(0%), ATK IV: 86(0%), DEF IV: 8(0%), Work Speed: (0%), Skills: Swift, Power of Gaia, Vanguard
Croajiro, Level: 3, Rank: 1, Gender: Female, HP IV: 67(0%), ATK IV: 31(0%), DEF IV: 72(0%), Work Speed: (0%), Skills: Clumsy
Croajiro, Level: 5, Rank: 1, Gender: Female, HP IV: 50(0%), ATK IV: 63(0%), DEF IV: 25(0%), Work Speed: (0%), Skills: Fit as a Fiddle
Croajiro, Level: 5, Rank: 1, Gender: Male, HP IV: 76(0%), ATK IV: 35(0%), DEF IV: 86(0%), Work Speed: (0%), Skills: Capacitor
Daedream, Level: 20, Rank: 1, Gender: Female, HP IV: 28(3%), ATK IV: 64(3%), DEF IV: 71(0%), Work Speed: (0%), Skills: Hydromaniac
Daedream, Level: 20, Rank: 1, Gender: Male, HP IV: 14(3%), ATK IV: 74(3%), DEF IV: 97(0%), Work Speed: (0%), Skills: Musclehead
Depresso, Level: 3, Rank: 1, Gender: Male, HP IV: 72(0%), ATK IV: 59(0%), DEF IV: 21(0%), Work Speed: (0%), Skills: Brave
Direhowl, Level: 20, Rank: 1, Gender: Female, HP IV: 63(3%), ATK IV: 9(6%), DEF IV: 43(0%), Work Speed: (0%), Skills: Easygoing
Direhowl, Level: 6, Rank: 1, Gender: Female, HP IV: 67(0%), ATK IV: 54(0%), DEF IV: 16(0%), Work Speed: (0%), Skills: Cheery
Direhowl, Level: 6, Rank: 1, Gender: Male, HP IV: 81(0%), ATK IV: 58(0%), DEF IV: 71(0%), Work Speed: (0%), Skills: Hydromaniac
Eikthyrdeer, Level: 10, Rank: 1, Gender: Male, HP IV: 11(0%), ATK IV: 57(0%), DEF IV: 51(0%), Work Speed: (0%), Skills: Nimble
Eikthyrdeer, Level: 13, Rank: 1, Gender: Female, HP IV: 76(0%), ATK IV: 11(0%), DEF IV: 82(0%), Work Speed: (0%)
Eikthyrdeer, Level: 8, Rank: 1, Gender: Female, HP IV: 23(0%), ATK IV: 44(0%), DEF IV: 31(0%), Work Speed: (0%), Skills: Hydromaniac
Eikthyrdeer, Level: 8, Rank: 1, Gender: Male, HP IV: 50(0%), ATK IV: 19(0%), DEF IV: 68(0%), Work Speed: (0%), Skills: Earthquake Resistant
Eikthyrdeer, Level: 8, Rank: 1, Gender: Male, HP IV: 81(0%), ATK IV: 52(0%), DEF IV: 17(0%), Work Speed: (0%), Skills: Veil of Darkness
Eikthyrdeer, Level: 9, Rank: 1, Gender: Male, HP IV: 36(0%), ATK IV: 21(0%), DEF IV: 6(0%), Work Speed: (0%), Skills: Dragonkiller
Flopie, Level: 11, Rank: 1, Gender: Male, HP IV: 46(0%), ATK IV: 69(0%), DEF IV: 43(0%), Work Speed: (0%), Skills: Masochist
Foxparks, Level: 19, Rank: 1, Gender: Female, HP IV: 60(0%), ATK IV: 23(0%), DEF IV: 2(0%), Work Speed: (0%), Skills: Veil of Darkness, Easygoing
Fuack, Level: 11, Rank: 1, Gender: Male, HP IV: 84(0%), ATK IV: 95(0%), DEF IV: 27(0%), Work Speed: (0%), Skills: Hydromaniac, Positive Thinker
Fuack, Level: 13, Rank: 1, Gender: Male, HP IV: 0(0%), ATK IV: 95(0%), DEF IV: 58(0%), Work Speed: (0%), Skills: Brave
Fuack, Level: 2, Rank: 1, Gender: Female, HP IV: 27(0%), ATK IV: 80(0%), DEF IV: 85(0%), Work Speed: (0%), Skills: Clumsy, Coldblooded
Fuack, Level: 7, Rank: 1, Gender: Male, HP IV: 73(0%), ATK IV: 33(0%), DEF IV: 56(0%), Work Speed: (0%), Skills: Waterproof
Hangyu, Level: 1, Rank: 1, Gender: Female, HP IV: 16(0%), ATK IV: 46(0%), DEF IV: 85(0%), Work Speed: (0%), Skills: Runner
Hoocrates, Level: 3, Rank: 1, Gender: Male, HP IV: 37(0%), ATK IV: 24(0%), DEF IV: 19(0%), Work Speed: (0%), Skills: Dragonkiller
Hoocrates, Level: 5, Rank: 1, Gender: Female, HP IV: 95(0%), ATK IV: 73(0%), DEF IV: 67(0%), Work Speed: (0%), Skills: Impatient
Jolthog Cryst, Level: 3, Rank: 1, Gender: Female, HP IV: 54(0%), ATK IV: 12(0%), DEF IV: 5(0%), Work Speed: (0%), Skills: Glutton
Lamball, Level: 10, Rank: 1, Gender: Female, HP IV: 81(0%), ATK IV: 16(0%), DEF IV: 68(0%), Work Speed: (0%), Skills: Fragrant Foliage, Hard Skin
Lamball, Level: 12, Rank: 1, Gender: Male, HP IV: 17(0%), ATK IV: 92(0%), DEF IV: 79(0%), Work Speed: (0%), Skills: Botanical Barrier
Lamball, Level: 5, Rank: 1, Gender: Female, HP IV: 21(0%), ATK IV: 86(0%), DEF IV: 71(0%), Work Speed: (0%), Skills: Hydromaniac
Lamball, Level: 5, Rank: 1, Gender: Male, HP IV: 64(0%), ATK IV: 86(0%), DEF IV: 22(0%), Work Speed: (0%), Skills: Coward
Lifmunk, Level: 2, Rank: 1, Gender: Male, HP IV: 50(0%), ATK IV: 58(0%), DEF IV: 73(0%), Work Speed: (0%), Skills: Easygoing
Melpaca, Level: 9, Rank: 1, Gender: Male, HP IV: 44(0%), ATK IV: 95(0%), DEF IV: 99(0%), Work Speed: (0%), Skills: Botanical Barrier
Melpaca, Level: 9, Rank: 1, Gender: Male, HP IV: 82(0%), ATK IV: 9(0%), DEF IV: 22(0%), Work Speed: (0%), Skills: Fine Furs
Nitewing, Level: 17, Rank: 1, Gender: Male, HP IV: 37(0%), ATK IV: 32(0%), DEF IV: 78(0%), Work Speed: (0%), Skills: Logging Foreman
Nitewing, Level: 19, Rank: 1, Gender: Male, HP IV: 73(0%), ATK IV: 73(0%), DEF IV: 1(0%), Work Speed: (0%), Skills: Stronghold Strategist
Pengullet, Level: 11, Rank: 1, Gender: Male, HP IV: 24(0%), ATK IV: 34(0%), DEF IV: 85(0%), Work Speed: (0%), Skills: Runner, Ferocious
Ribbuny, Level: 2, Rank: 1, Gender: Female, HP IV: 65(0%), ATK IV: 43(0%), DEF IV: 17(0%), Work Speed: (0%)
Ribbuny, Level: 4, Rank: 1, Gender: Male, HP IV: 18(0%), ATK IV: 65(0%), DEF IV: 97(0%), Work Speed: (0%), Skills: Impatient
Rooby, Level: 12, Rank: 1, Gender: Female, HP IV: 53(0%), ATK IV: 77(0%), DEF IV: 10(0%), Work Speed: (0%), Skills: Hooligan
Rooby, Level: 8, Rank: 1, Gender: Male, HP IV: 9(0%), ATK IV: 19(0%), DEF IV: 79(0%), Work Speed: (0%), Skills: Conceited
Sparkit, Level: 14, Rank: 1, Gender: Male, HP IV: 96(0%), ATK IV: 51(3%), DEF IV: 13(0%), Work Speed: (0%), Skills: Sadist
Sparkit, Level: 6, Rank: 1, Gender: Male, HP IV: 97(0%), ATK IV: 90(0%), DEF IV: 76(0%), Work Speed: (0%), Skills: Dragonkiller, Pacifist
Sparkit, Level: 8, Rank: 1, Gender: Female, HP IV: 50(0%), ATK IV: 61(0%), DEF IV: 24(0%), Work Speed: (0%), Skills: Insulated Body
Teafant, Level: 5, Rank: 1, Gender: Male, HP IV: 31(0%), ATK IV: 54(0%), DEF IV: 13(0%), Work Speed: (0%), Skills: Nimble
Tocotoco, Level: 1, Rank: 1, Gender: Male, HP IV: 12(0%), ATK IV: 98(0%), DEF IV: 71(0%), Work Speed: (0%)
Tombat, Level: 13, Rank: 1, Gender: Male, HP IV: 72(0%), ATK IV: 41(0%), DEF IV: 49(0%), Work Speed: (0%), Skills: Dragonkiller
malshaaa's 52 Pals
------------------
Caprity, Level: 12, Rank: 1, Gender: Female, HP IV: 21(0%), ATK IV: 38(0%), DEF IV: 53(0%), Work Speed: (0%)
Cattiva, Level: 3, Rank: 1, Gender: Female, HP IV: 31(0%), ATK IV: 11(0%), DEF IV: 90(0%), Work Speed: (0%), Skills: Coward, Aggressive
Cattiva, Level: 3, Rank: 1, Gender: Female, HP IV: 4(0%), ATK IV: 61(0%), DEF IV: 82(0%), Work Speed: (0%), Skills: Coward, Hydromaniac, Diet Lover
Celaray, Level: 4, Rank: 1, Gender: Female, HP IV: 84(0%), ATK IV: 23(0%), DEF IV: 54(0%), Work Speed: (0%), Skills: Philantropist
Chikipi, Level: 2, Rank: 1, Gender: Female, HP IV: 21(0%), ATK IV: 36(0%), DEF IV: 65(0%), Work Speed: (0%), Skills: Diet Lover, Sadist, Clumsy
Chikipi, Level: 8, Rank: 1, Gender: Male, HP IV: 88(0%), ATK IV: 2(0%), DEF IV: 75(0%), Work Speed: (0%), Skills: Hooligan
Cremis, Level: 5, Rank: 1, Gender: Female, HP IV: 13(0%), ATK IV: 86(0%), DEF IV: 8(0%), Work Speed: (0%), Skills: Swift, Power of Gaia, Vanguard
Croajiro, Level: 3, Rank: 1, Gender: Female, HP IV: 67(0%), ATK IV: 31(0%), DEF IV: 72(0%), Work Speed: (0%), Skills: Clumsy
Croajiro, Level: 5, Rank: 1, Gender: Female, HP IV: 50(0%), ATK IV: 63(0%), DEF IV: 25(0%), Work Speed: (0%), Skills: Fit as a Fiddle
Croajiro, Level: 5, Rank: 1, Gender: Male, HP IV: 76(0%), ATK IV: 35(0%), DEF IV: 86(0%), Work Speed: (0%), Skills: Capacitor
Daedream, Level: 20, Rank: 1, Gender: Female, HP IV: 28(3%), ATK IV: 64(3%), DEF IV: 71(0%), Work Speed: (0%), Skills: Hydromaniac
Daedream, Level: 20, Rank: 1, Gender: Male, HP IV: 14(3%), ATK IV: 74(3%), DEF IV: 97(0%), Work Speed: (0%), Skills: Musclehead
Depresso, Level: 3, Rank: 1, Gender: Male, HP IV: 72(0%), ATK IV: 59(0%), DEF IV: 21(0%), Work Speed: (0%), Skills: Brave
Direhowl, Level: 20, Rank: 1, Gender: Female, HP IV: 63(3%), ATK IV: 9(6%), DEF IV: 43(0%), Work Speed: (0%), Skills: Easygoing
Direhowl, Level: 6, Rank: 1, Gender: Female, HP IV: 67(0%), ATK IV: 54(0%), DEF IV: 16(0%), Work Speed: (0%), Skills: Cheery
Direhowl, Level: 6, Rank: 1, Gender: Male, HP IV: 81(0%), ATK IV: 58(0%), DEF IV: 71(0%), Work Speed: (0%), Skills: Hydromaniac
Eikthyrdeer, Level: 10, Rank: 1, Gender: Male, HP IV: 11(0%), ATK IV: 57(0%), DEF IV: 51(0%), Work Speed: (0%), Skills: Nimble
Eikthyrdeer, Level: 13, Rank: 1, Gender: Female, HP IV: 76(0%), ATK IV: 11(0%), DEF IV: 82(0%), Work Speed: (0%)
Eikthyrdeer, Level: 8, Rank: 1, Gender: Female, HP IV: 23(0%), ATK IV: 44(0%), DEF IV: 31(0%), Work Speed: (0%), Skills: Hydromaniac
Eikthyrdeer, Level: 8, Rank: 1, Gender: Male, HP IV: 50(0%), ATK IV: 19(0%), DEF IV: 68(0%), Work Speed: (0%), Skills: Earthquake Resistant
Eikthyrdeer, Level: 8, Rank: 1, Gender: Male, HP IV: 81(0%), ATK IV: 52(0%), DEF IV: 17(0%), Work Speed: (0%), Skills: Veil of Darkness
Eikthyrdeer, Level: 9, Rank: 1, Gender: Male, HP IV: 36(0%), ATK IV: 21(0%), DEF IV: 6(0%), Work Speed: (0%), Skills: Dragonkiller
Flopie, Level: 11, Rank: 1, Gender: Male, HP IV: 46(0%), ATK IV: 69(0%), DEF IV: 43(0%), Work Speed: (0%), Skills: Masochist
Foxparks, Level: 19, Rank: 1, Gender: Female, HP IV: 60(0%), ATK IV: 23(0%), DEF IV: 2(0%), Work Speed: (0%), Skills: Veil of Darkness, Easygoing
Fuack, Level: 11, Rank: 1, Gender: Male, HP IV: 84(0%), ATK IV: 95(0%), DEF IV: 27(0%), Work Speed: (0%), Skills: Hydromaniac, Positive Thinker
Fuack, Level: 13, Rank: 1, Gender: Male, HP IV: 0(0%), ATK IV: 95(0%), DEF IV: 58(0%), Work Speed: (0%), Skills: Brave
Fuack, Level: 2, Rank: 1, Gender: Female, HP IV: 27(0%), ATK IV: 80(0%), DEF IV: 85(0%), Work Speed: (0%), Skills: Clumsy, Coldblooded
Fuack, Level: 7, Rank: 1, Gender: Male, HP IV: 73(0%), ATK IV: 33(0%), DEF IV: 56(0%), Work Speed: (0%), Skills: Waterproof
Hangyu, Level: 1, Rank: 1, Gender: Female, HP IV: 16(0%), ATK IV: 46(0%), DEF IV: 85(0%), Work Speed: (0%), Skills: Runner
Hoocrates, Level: 3, Rank: 1, Gender: Male, HP IV: 37(0%), ATK IV: 24(0%), DEF IV: 19(0%), Work Speed: (0%), Skills: Dragonkiller
Hoocrates, Level: 5, Rank: 1, Gender: Female, HP IV: 95(0%), ATK IV: 73(0%), DEF IV: 67(0%), Work Speed: (0%), Skills: Impatient
Jolthog Cryst, Level: 3, Rank: 1, Gender: Female, HP IV: 54(0%), ATK IV: 12(0%), DEF IV: 5(0%), Work Speed: (0%), Skills: Glutton
Lamball, Level: 10, Rank: 1, Gender: Female, HP IV: 81(0%), ATK IV: 16(0%), DEF IV: 68(0%), Work Speed: (0%), Skills: Fragrant Foliage, Hard Skin
Lamball, Level: 12, Rank: 1, Gender: Male, HP IV: 17(0%), ATK IV: 92(0%), DEF IV: 79(0%), Work Speed: (0%), Skills: Botanical Barrier
Lamball, Level: 5, Rank: 1, Gender: Female, HP IV: 21(0%), ATK IV: 86(0%), DEF IV: 71(0%), Work Speed: (0%), Skills: Hydromaniac
Lamball, Level: 5, Rank: 1, Gender: Male, HP IV: 64(0%), ATK IV: 86(0%), DEF IV: 22(0%), Work Speed: (0%), Skills: Coward
Lifmunk, Level: 2, Rank: 1, Gender: Male, HP IV: 50(0%), ATK IV: 58(0%), DEF IV: 73(0%), Work Speed: (0%), Skills: Easygoing
Melpaca, Level: 9, Rank: 1, Gender: Male, HP IV: 44(0%), ATK IV: 95(0%), DEF IV: 99(0%), Work Speed: (0%), Skills: Botanical Barrier
Melpaca, Level: 9, Rank: 1, Gender: Male, HP IV: 82(0%), ATK IV: 9(0%), DEF IV: 22(0%), Work Speed: (0%), Skills: Fine Furs
Nitewing, Level: 17, Rank: 1, Gender: Male, HP IV: 37(0%), ATK IV: 32(0%), DEF IV: 78(0%), Work Speed: (0%), Skills: Logging Foreman
Nitewing, Level: 19, Rank: 1, Gender: Male, HP IV: 73(0%), ATK IV: 73(0%), DEF IV: 1(0%), Work Speed: (0%), Skills: Stronghold Strategist
Pengullet, Level: 11, Rank: 1, Gender: Male, HP IV: 24(0%), ATK IV: 34(0%), DEF IV: 85(0%), Work Speed: (0%), Skills: Runner, Ferocious
Ribbuny, Level: 2, Rank: 1, Gender: Female, HP IV: 65(0%), ATK IV: 43(0%), DEF IV: 17(0%), Work Speed: (0%)
Ribbuny, Level: 4, Rank: 1, Gender: Male, HP IV: 18(0%), ATK IV: 65(0%), DEF IV: 97(0%), Work Speed: (0%), Skills: Impatient
Rooby, Level: 12, Rank: 1, Gender: Female, HP IV: 53(0%), ATK IV: 77(0%), DEF IV: 10(0%), Work Speed: (0%), Skills: Hooligan
Rooby, Level: 8, Rank: 1, Gender: Male, HP IV: 9(0%), ATK IV: 19(0%), DEF IV: 79(0%), Work Speed: (0%), Skills: Conceited
Sparkit, Level: 14, Rank: 1, Gender: Male, HP IV: 96(0%), ATK IV: 51(3%), DEF IV: 13(0%), Work Speed: (0%), Skills: Sadist
Sparkit, Level: 6, Rank: 1, Gender: Male, HP IV: 97(0%), ATK IV: 90(0%), DEF IV: 76(0%), Work Speed: (0%), Skills: Dragonkiller, Pacifist
Sparkit, Level: 8, Rank: 1, Gender: Female, HP IV: 50(0%), ATK IV: 61(0%), DEF IV: 24(0%), Work Speed: (0%), Skills: Insulated Body
Teafant, Level: 5, Rank: 1, Gender: Male, HP IV: 31(0%), ATK IV: 54(0%), DEF IV: 13(0%), Work Speed: (0%), Skills: Nimble
Tocotoco, Level: 1, Rank: 1, Gender: Male, HP IV: 12(0%), ATK IV: 98(0%), DEF IV: 71(0%), Work Speed: (0%)
Tombat, Level: 13, Rank: 1, Gender: Male, HP IV: 72(0%), ATK IV: 41(0%), DEF IV: 49(0%), Work Speed: (0%), Skills: Dragonkiller
malshaaa's 52 Pals
------------------
Caprity, Level: 12, Rank: 1, Gender: Female, HP IV: 21(0%), ATK IV: 38(0%), DEF IV: 53(0%), Work Speed: (0%)
Cattiva, Level: 3, Rank: 1, Gender: Female, HP IV: 31(0%), ATK IV: 11(0%), DEF IV: 90(0%), Work Speed: (0%), Skills: Coward, Aggressive
Cattiva, Level: 3, Rank: 1, Gender: Female, HP IV: 4(0%), ATK IV: 61(0%), DEF IV: 82(0%), Work Speed: (0%), Skills: Coward, Hydromaniac, Diet Lover
Celaray, Level: 4, Rank: 1, Gender: Female, HP IV: 84(0%), ATK IV: 23(0%), DEF IV: 54(0%), Work Speed: (0%), Skills: Philantropist
Chikipi, Level: 2, Rank: 1, Gender: Female, HP IV: 21(0%), ATK IV: 36(0%), DEF IV: 65(0%), Work Speed: (0%), Skills: Diet Lover, Sadist, Clumsy
Chikipi, Level: 8, Rank: 1, Gender: Male, HP IV: 88(0%), ATK IV: 2(0%), DEF IV: 75(0%), Work Speed: (0%), Skills: Hooligan
Cremis, Level: 5, Rank: 1, Gender: Female, HP IV: 13(0%), ATK IV: 86(0%), DEF IV: 8(0%), Work Speed: (0%), Skills: Swift, Power of Gaia, Vanguard
Croajiro, Level: 3, Rank: 1, Gender: Female, HP IV: 67(0%), ATK IV: 31(0%), DEF IV: 72(0%), Work Speed: (0%), Skills: Clumsy
Croajiro, Level: 5, Rank: 1, Gender: Female, HP IV: 50(0%), ATK IV: 63(0%), DEF IV: 25(0%), Work Speed: (0%), Skills: Fit as a Fiddle
Croajiro, Level: 5, Rank: 1, Gender: Male, HP IV: 76(0%), ATK IV: 35(0%), DEF IV: 86(0%), Work Speed: (0%), Skills: Capacitor
Daedream, Level: 20, Rank: 1, Gender: Female, HP IV: 28(3%), ATK IV: 64(3%), DEF IV: 71(0%), Work Speed: (0%), Skills: Hydromaniac
Daedream, Level: 20, Rank: 1, Gender: Male, HP IV: 14(3%), ATK IV: 74(3%), DEF IV: 97(0%), Work Speed: (0%), Skills: Musclehead
Depresso, Level: 3, Rank: 1, Gender: Male, HP IV: 72(0%), ATK IV: 59(0%), DEF IV: 21(0%), Work Speed: (0%), Skills: Brave
Direhowl, Level: 20, Rank: 1, Gender: Female, HP IV: 63(3%), ATK IV: 9(6%), DEF IV: 43(0%), Work Speed: (0%), Skills: Easygoing
Direhowl, Level: 6, Rank: 1, Gender: Female, HP IV: 67(0%), ATK IV: 54(0%), DEF IV: 16(0%), Work Speed: (0%), Skills: Cheery
Direhowl, Level: 6, Rank: 1, Gender: Male, HP IV: 81(0%), ATK IV: 58(0%), DEF IV: 71(0%), Work Speed: (0%), Skills: Hydromaniac
Eikthyrdeer, Level: 10, Rank: 1, Gender: Male, HP IV: 11(0%), ATK IV: 57(0%), DEF IV: 51(0%), Work Speed: (0%), Skills: Nimble
Eikthyrdeer, Level: 13, Rank: 1, Gender: Female, HP IV: 76(0%), ATK IV: 11(0%), DEF IV: 82(0%), Work Speed: (0%)
Eikthyrdeer, Level: 8, Rank: 1, Gender: Female, HP IV: 23(0%), ATK IV: 44(0%), DEF IV: 31(0%), Work Speed: (0%), Skills: Hydromaniac
Eikthyrdeer, Level: 8, Rank: 1, Gender: Male, HP IV: 50(0%), ATK IV: 19(0%), DEF IV: 68(0%), Work Speed: (0%), Skills: Earthquake Resistant
Eikthyrdeer, Level: 8, Rank: 1, Gender: Male, HP IV: 81(0%), ATK IV: 52(0%), DEF IV: 17(0%), Work Speed: (0%), Skills: Veil of Darkness
Eikthyrdeer, Level: 9, Rank: 1, Gender: Male, HP IV: 36(0%), ATK IV: 21(0%), DEF IV: 6(0%), Work Speed: (0%), Skills: Dragonkiller
Flopie, Level: 11, Rank: 1, Gender: Male, HP IV: 46(0%), ATK IV: 69(0%), DEF IV: 43(0%), Work Speed: (0%), Skills: Masochist
Foxparks, Level: 19, Rank: 1, Gender: Female, HP IV: 60(0%), ATK IV: 23(0%), DEF IV: 2(0%), Work Speed: (0%), Skills: Veil of Darkness, Easygoing
Fuack, Level: 11, Rank: 1, Gender: Male, HP IV: 84(0%), ATK IV: 95(0%), DEF IV: 27(0%), Work Speed: (0%), Skills: Hydromaniac, Positive Thinker
Fuack, Level: 13, Rank: 1, Gender: Male, HP IV: 0(0%), ATK IV: 95(0%), DEF IV: 58(0%), Work Speed: (0%), Skills: Brave
Fuack, Level: 2, Rank: 1, Gender: Female, HP IV: 27(0%), ATK IV: 80(0%), DEF IV: 85(0%), Work Speed: (0%), Skills: Clumsy, Coldblooded
Fuack, Level: 7, Rank: 1, Gender: Male, HP IV: 73(0%), ATK IV: 33(0%), DEF IV: 56(0%), Work Speed: (0%), Skills: Waterproof
Hangyu, Level: 1, Rank: 1, Gender: Female, HP IV: 16(0%), ATK IV: 46(0%), DEF IV: 85(0%), Work Speed: (0%), Skills: Runner
Hoocrates, Level: 3, Rank: 1, Gender: Male, HP IV: 37(0%), ATK IV: 24(0%), DEF IV: 19(0%), Work Speed: (0%), Skills: Dragonkiller
Hoocrates, Level: 5, Rank: 1, Gender: Female, HP IV: 95(0%), ATK IV: 73(0%), DEF IV: 67(0%), Work Speed: (0%), Skills: Impatient
Jolthog Cryst, Level: 3, Rank: 1, Gender: Female, HP IV: 54(0%), ATK IV: 12(0%), DEF IV: 5(0%), Work Speed: (0%), Skills: Glutton
Lamball, Level: 10, Rank: 1, Gender: Female, HP IV: 81(0%), ATK IV: 16(0%), DEF IV: 68(0%), Work Speed: (0%), Skills: Fragrant Foliage, Hard Skin
Lamball, Level: 12, Rank: 1, Gender: Male, HP IV: 17(0%), ATK IV: 92(0%), DEF IV: 79(0%), Work Speed: (0%), Skills: Botanical Barrier
Lamball, Level: 5, Rank: 1, Gender: Female, HP IV: 21(0%), ATK IV: 86(0%), DEF IV: 71(0%), Work Speed: (0%), Skills: Hydromaniac
Lamball, Level: 5, Rank: 1, Gender: Male, HP IV: 64(0%), ATK IV: 86(0%), DEF IV: 22(0%), Work Speed: (0%), Skills: Coward
Lifmunk, Level: 2, Rank: 1, Gender: Male, HP IV: 50(0%), ATK IV: 58(0%), DEF IV: 73(0%), Work Speed: (0%), Skills: Easygoing
Melpaca, Level: 9, Rank: 1, Gender: Male, HP IV: 44(0%), ATK IV: 95(0%), DEF IV: 99(0%), Work Speed: (0%), Skills: Botanical Barrier
Melpaca, Level: 9, Rank: 1, Gender: Male, HP IV: 82(0%), ATK IV: 9(0%), DEF IV: 22(0%), Work Speed: (0%), Skills: Fine Furs
Nitewing, Level: 17, Rank: 1, Gender: Male, HP IV: 37(0%), ATK IV: 32(0%), DEF IV: 78(0%), Work Speed: (0%), Skills: Logging Foreman
Nitewing, Level: 19, Rank: 1, Gender: Male, HP IV: 73(0%), ATK IV: 73(0%), DEF IV: 1(0%), Work Speed: (0%), Skills: Stronghold Strategist
Pengullet, Level: 11, Rank: 1, Gender: Male, HP IV: 24(0%), ATK IV: 34(0%), DEF IV: 85(0%), Work Speed: (0%), Skills: Runner, Ferocious
Ribbuny, Level: 2, Rank: 1, Gender: Female, HP IV: 65(0%), ATK IV: 43(0%), DEF IV: 17(0%), Work Speed: (0%)
Ribbuny, Level: 4, Rank: 1, Gender: Male, HP IV: 18(0%), ATK IV: 65(0%), DEF IV: 97(0%), Work Speed: (0%), Skills: Impatient
Rooby, Level: 12, Rank: 1, Gender: Female, HP IV: 53(0%), ATK IV: 77(0%), DEF IV: 10(0%), Work Speed: (0%), Skills: Hooligan
Rooby, Level: 8, Rank: 1, Gender: Male, HP IV: 9(0%), ATK IV: 19(0%), DEF IV: 79(0%), Work Speed: (0%), Skills: Conceited
Sparkit, Level: 14, Rank: 1, Gender: Male, HP IV: 96(0%), ATK IV: 51(3%), DEF IV: 13(0%), Work Speed: (0%), Skills: Sadist
Sparkit, Level: 6, Rank: 1, Gender: Male, HP IV: 97(0%), ATK IV: 90(0%), DEF IV: 76(0%), Work Speed: (0%), Skills: Dragonkiller, Pacifist
Sparkit, Level: 8, Rank: 1, Gender: Female, HP IV: 50(0%), ATK IV: 61(0%), DEF IV: 24(0%), Work Speed: (0%), Skills: Insulated Body
Teafant, Level: 5, Rank: 1, Gender: Male, HP IV: 31(0%), ATK IV: 54(0%), DEF IV: 13(0%), Work Speed: (0%), Skills: Nimble
Tocotoco, Level: 1, Rank: 1, Gender: Male, HP IV: 12(0%), ATK IV: 98(0%), DEF IV: 71(0%), Work Speed: (0%)
Tombat, Level: 13, Rank: 1, Gender: Male, HP IV: 72(0%), ATK IV: 41(0%), DEF IV: 49(0%), Work Speed: (0%), Skills: Dragonkiller
malshaaa's 52 Pals
------------------
Caprity, Level: 12, Rank: 1, Gender: Female, HP IV: 21(0%), ATK IV: 38(0%), DEF IV: 53(0%), Work Speed: (0%)
Cattiva, Level: 3, Rank: 1, Gender: Female, HP IV: 31(0%), ATK IV: 11(0%), DEF IV: 90(0%), Work Speed: (0%), Skills: Coward, Aggressive
Cattiva, Level: 3, Rank: 1, Gender: Female, HP IV: 4(0%), ATK IV: 61(0%), DEF IV: 82(0%), Work Speed: (0%), Skills: Coward, Hydromaniac, Diet Lover
Celaray, Level: 4, Rank: 1, Gender: Female, HP IV: 84(0%), ATK IV: 23(0%), DEF IV: 54(0%), Work Speed: (0%), Skills: Philantropist
Chikipi, Level: 2, Rank: 1, Gender: Female, HP IV: 21(0%), ATK IV: 36(0%), DEF IV: 65(0%), Work Speed: (0%), Skills: Diet Lover, Sadist, Clumsy
Chikipi, Level: 8, Rank: 1, Gender: Male, HP IV: 88(0%), ATK IV: 2(0%), DEF IV: 75(0%), Work Speed: (0%), Skills: Hooligan
Cremis, Level: 5, Rank: 1, Gender: Female, HP IV: 13(0%), ATK IV: 86(0%), DEF IV: 8(0%), Work Speed: (0%), Skills: Swift, Power of Gaia, Vanguard
Croajiro, Level: 3, Rank: 1, Gender: Female, HP IV: 67(0%), ATK IV: 31(0%), DEF IV: 72(0%), Work Speed: (0%), Skills: Clumsy
Croajiro, Level: 5, Rank: 1, Gender: Female, HP IV: 50(0%), ATK IV: 63(0%), DEF IV: 25(0%), Work Speed: (0%), Skills: Fit as a Fiddle
Croajiro, Level: 5, Rank: 1, Gender: Male, HP IV: 76(0%), ATK IV: 35(0%), DEF IV: 86(0%), Work Speed: (0%), Skills: Capacitor
Daedream, Level: 20, Rank: 1, Gender: Female, HP IV: 28(3%), ATK IV: 64(3%), DEF IV: 71(0%), Work Speed: (0%), Skills: Hydromaniac
Daedream, Level: 20, Rank: 1, Gender: Male, HP IV: 14(3%), ATK IV: 74(3%), DEF IV: 97(0%), Work Speed: (0%), Skills: Musclehead
Depresso, Level: 3, Rank: 1, Gender: Male, HP IV: 72(0%), ATK IV: 59(0%), DEF IV: 21(0%), Work Speed: (0%), Skills: Brave
Direhowl, Level: 20, Rank: 1, Gender: Female, HP IV: 63(3%), ATK IV: 9(6%), DEF IV: 43(0%), Work Speed: (0%), Skills: Easygoing
Direhowl, Level: 6, Rank: 1, Gender: Female, HP IV: 67(0%), ATK IV: 54(0%), DEF IV: 16(0%), Work Speed: (0%), Skills: Cheery
Direhowl, Level: 6, Rank: 1, Gender: Male, HP IV: 81(0%), ATK IV: 58(0%), DEF IV: 71(0%), Work Speed: (0%), Skills: Hydromaniac
Eikthyrdeer, Level: 10, Rank: 1, Gender: Male, HP IV: 11(0%), ATK IV: 57(0%), DEF IV: 51(0%), Work Speed: (0%), Skills: Nimble
Eikthyrdeer, Level: 13, Rank: 1, Gender: Female, HP IV: 76(0%), ATK IV: 11(0%), DEF IV: 82(0%), Work Speed: (0%)
Eikthyrdeer, Level: 8, Rank: 1, Gender: Female, HP IV: 23(0%), ATK IV: 44(0%), DEF IV: 31(0%), Work Speed: (0%), Skills: Hydromaniac
Eikthyrdeer, Level: 8, Rank: 1, Gender: Male, HP IV: 50(0%), ATK IV: 19(0%), DEF IV: 68(0%), Work Speed: (0%), Skills: Earthquake Resistant
Eikthyrdeer, Level: 8, Rank: 1, Gender: Male, HP IV: 81(0%), ATK IV: 52(0%), DEF IV: 17(0%), Work Speed: (0%), Skills: Veil of Darkness
Eikthyrdeer, Level: 9, Rank: 1, Gender: Male, HP IV: 36(0%), ATK IV: 21(0%), DEF IV: 6(0%), Work Speed: (0%), Skills: Dragonkiller
Flopie, Level: 11, Rank: 1, Gender: Male, HP IV: 46(0%), ATK IV: 69(0%), DEF IV: 43(0%), Work Speed: (0%), Skills: Masochist
Foxparks, Level: 19, Rank: 1, Gender: Female, HP IV: 60(0%), ATK IV: 23(0%), DEF IV: 2(0%), Work Speed: (0%), Skills: Veil of Darkness, Easygoing
Fuack, Level: 11, Rank: 1, Gender: Male, HP IV: 84(0%), ATK IV: 95(0%), DEF IV: 27(0%), Work Speed: (0%), Skills: Hydromaniac, Positive Thinker
Fuack, Level: 13, Rank: 1, Gender: Male, HP IV: 0(0%), ATK IV: 95(0%), DEF IV: 58(0%), Work Speed: (0%), Skills: Brave
Fuack, Level: 2, Rank: 1, Gender: Female, HP IV: 27(0%), ATK IV: 80(0%), DEF IV: 85(0%), Work Speed: (0%), Skills: Clumsy, Coldblooded
Fuack, Level: 7, Rank: 1, Gender: Male, HP IV: 73(0%), ATK IV: 33(0%), DEF IV: 56(0%), Work Speed: (0%), Skills: Waterproof
Hangyu, Level: 1, Rank: 1, Gender: Female, HP IV: 16(0%), ATK IV: 46(0%), DEF IV: 85(0%), Work Speed: (0%), Skills: Runner
Hoocrates, Level: 3, Rank: 1, Gender: Male, HP IV: 37(0%), ATK IV: 24(0%), DEF IV: 19(0%), Work Speed: (0%), Skills: Dragonkiller
Hoocrates, Level: 5, Rank: 1, Gender: Female, HP IV: 95(0%), ATK IV: 73(0%), DEF IV: 67(0%), Work Speed: (0%), Skills: Impatient
Jolthog Cryst, Level: 3, Rank: 1, Gender: Female, HP IV: 54(0%), ATK IV: 12(0%), DEF IV: 5(0%), Work Speed: (0%), Skills: Glutton
Lamball, Level: 10, Rank: 1, Gender: Female, HP IV: 81(0%), ATK IV: 16(0%), DEF IV: 68(0%), Work Speed: (0%), Skills: Fragrant Foliage, Hard Skin
Lamball, Level: 12, Rank: 1, Gender: Male, HP IV: 17(0%), ATK IV: 92(0%), DEF IV: 79(0%), Work Speed: (0%), Skills: Botanical Barrier
Lamball, Level: 5, Rank: 1, Gender: Female, HP IV: 21(0%), ATK IV: 86(0%), DEF IV: 71(0%), Work Speed: (0%), Skills: Hydromaniac
Lamball, Level: 5, Rank: 1, Gender: Male, HP IV: 64(0%), ATK IV: 86(0%), DEF IV: 22(0%), Work Speed: (0%), Skills: Coward
Lifmunk, Level: 2, Rank: 1, Gender: Male, HP IV: 50(0%), ATK IV: 58(0%), DEF IV: 73(0%), Work Speed: (0%), Skills: Easygoing
Melpaca, Level: 9, Rank: 1, Gender: Male, HP IV: 44(0%), ATK IV: 95(0%), DEF IV: 99(0%), Work Speed: (0%), Skills: Botanical Barrier
Melpaca, Level: 9, Rank: 1, Gender: Male, HP IV: 82(0%), ATK IV: 9(0%), DEF IV: 22(0%), Work Speed: (0%), Skills: Fine Furs
Nitewing, Level: 17, Rank: 1, Gender: Male, HP IV: 37(0%), ATK IV: 32(0%), DEF IV: 78(0%), Work Speed: (0%), Skills: Logging Foreman
Nitewing, Level: 19, Rank: 1, Gender: Male, HP IV: 73(0%), ATK IV: 73(0%), DEF IV: 1(0%), Work Speed: (0%), Skills: Stronghold Strategist
Pengullet, Level: 11, Rank: 1, Gender: Male, HP IV: 24(0%), ATK IV: 34(0%), DEF IV: 85(0%), Work Speed: (0%), Skills: Runner, Ferocious
Ribbuny, Level: 2, Rank: 1, Gender: Female, HP IV: 65(0%), ATK IV: 43(0%), DEF IV: 17(0%), Work Speed: (0%)
Ribbuny, Level: 4, Rank: 1, Gender: Male, HP IV: 18(0%), ATK IV: 65(0%), DEF IV: 97(0%), Work Speed: (0%), Skills: Impatient
Rooby, Level: 12, Rank: 1, Gender: Female, HP IV: 53(0%), ATK IV: 77(0%), DEF IV: 10(0%), Work Speed: (0%), Skills: Hooligan
Rooby, Level: 8, Rank: 1, Gender: Male, HP IV: 9(0%), ATK IV: 19(0%), DEF IV: 79(0%), Work Speed: (0%), Skills: Conceited
Sparkit, Level: 14, Rank: 1, Gender: Male, HP IV: 96(0%), ATK IV: 51(3%), DEF IV: 13(0%), Work Speed: (0%), Skills: Sadist
Sparkit, Level: 6, Rank: 1, Gender: Male, HP IV: 97(0%), ATK IV: 90(0%), DEF IV: 76(0%), Work Speed: (0%), Skills: Dragonkiller, Pacifist
Sparkit, Level: 8, Rank: 1, Gender: Female, HP IV: 50(0%), ATK IV: 61(0%), DEF IV: 24(0%), Work Speed: (0%), Skills: Insulated Body
Teafant, Level: 5, Rank: 1, Gender: Male, HP IV: 31(0%), ATK IV: 54(0%), DEF IV: 13(0%), Work Speed: (0%), Skills: Nimble
Tocotoco, Level: 1, Rank: 1, Gender: Male, HP IV: 12(0%), ATK IV: 98(0%), DEF IV: 71(0%), Work Speed: (0%)
Tombat, Level: 13, Rank: 1, Gender: Male, HP IV: 72(0%), ATK IV: 41(0%), DEF IV: 49(0%), Work Speed: (0%), Skills: Dragonkiller
malshaaa's 52 Pals
------------------
Caprity, Level: 12, Rank: 1, Gender: Female, HP IV: 21(0%), ATK IV: 38(0%), DEF IV: 53(0%), Work Speed: (0%)
Cattiva, Level: 3, Rank: 1, Gender: Female, HP IV: 31(0%), ATK IV: 11(0%), DEF IV: 90(0%), Work Speed: (0%), Skills: Coward, Aggressive
Cattiva, Level: 3, Rank: 1, Gender: Female, HP IV: 4(0%), ATK IV: 61(0%), DEF IV: 82(0%), Work Speed: (0%), Skills: Coward, Hydromaniac, Diet Lover
Celaray, Level: 4, Rank: 1, Gender: Female, HP IV: 84(0%), ATK IV: 23(0%), DEF IV: 54(0%), Work Speed: (0%), Skills: Philantropist
Chikipi, Level: 2, Rank: 1, Gender: Female, HP IV: 21(0%), ATK IV: 36(0%), DEF IV: 65(0%), Work Speed: (0%), Skills: Diet Lover, Sadist, Clumsy
Chikipi, Level: 8, Rank: 1, Gender: Male, HP IV: 88(0%), ATK IV: 2(0%), DEF IV: 75(0%), Work Speed: (0%), Skills: Hooligan
Cremis, Level: 5, Rank: 1, Gender: Female, HP IV: 13(0%), ATK IV: 86(0%), DEF IV: 8(0%), Work Speed: (0%), Skills: Swift, Power of Gaia, Vanguard
Croajiro, Level: 3, Rank: 1, Gender: Female, HP IV: 67(0%), ATK IV: 31(0%), DEF IV: 72(0%), Work Speed: (0%), Skills: Clumsy
Croajiro, Level: 5, Rank: 1, Gender: Female, HP IV: 50(0%), ATK IV: 63(0%), DEF IV: 25(0%), Work Speed: (0%), Skills: Fit as a Fiddle
Croajiro, Level: 5, Rank: 1, Gender: Male, HP IV: 76(0%), ATK IV: 35(0%), DEF IV: 86(0%), Work Speed: (0%), Skills: Capacitor
Daedream, Level: 20, Rank: 1, Gender: Female, HP IV: 28(3%), ATK IV: 64(3%), DEF IV: 71(0%), Work Speed: (0%), Skills: Hydromaniac
Daedream, Level: 20, Rank: 1, Gender: Male, HP IV: 14(3%), ATK IV: 74(3%), DEF IV: 97(0%), Work Speed: (0%), Skills: Musclehead
Depresso, Level: 3, Rank: 1, Gender: Male, HP IV: 72(0%), ATK IV: 59(0%), DEF IV: 21(0%), Work Speed: (0%), Skills: Brave
Direhowl, Level: 20, Rank: 1, Gender: Female, HP IV: 63(3%), ATK IV: 9(6%), DEF IV: 43(0%), Work Speed: (0%), Skills: Easygoing
Direhowl, Level: 6, Rank: 1, Gender: Female, HP IV: 67(0%), ATK IV: 54(0%), DEF IV: 16(0%), Work Speed: (0%), Skills: Cheery
Direhowl, Level: 6, Rank: 1, Gender: Male, HP IV: 81(0%), ATK IV: 58(0%), DEF IV: 71(0%), Work Speed: (0%), Skills: Hydromaniac
Eikthyrdeer, Level: 10, Rank: 1, Gender: Male, HP IV: 11(0%), ATK IV: 57(0%), DEF IV: 51(0%), Work Speed: (0%), Skills: Nimble
Eikthyrdeer, Level: 13, Rank: 1, Gender: Female, HP IV: 76(0%), ATK IV: 11(0%), DEF IV: 82(0%), Work Speed: (0%)
Eikthyrdeer, Level: 8, Rank: 1, Gender: Female, HP IV: 23(0%), ATK IV: 44(0%), DEF IV: 31(0%), Work Speed: (0%), Skills: Hydromaniac
Eikthyrdeer, Level: 8, Rank: 1, Gender: Male, HP IV: 50(0%), ATK IV: 19(0%), DEF IV: 68(0%), Work Speed: (0%), Skills: Earthquake Resistant
Eikthyrdeer, Level: 8, Rank: 1, Gender: Male, HP IV: 81(0%), ATK IV: 52(0%), DEF IV: 17(0%), Work Speed: (0%), Skills: Veil of Darkness
Eikthyrdeer, Level: 9, Rank: 1, Gender: Male, HP IV: 36(0%), ATK IV: 21(0%), DEF IV: 6(0%), Work Speed: (0%), Skills: Dragonkiller
Flopie, Level: 11, Rank: 1, Gender: Male, HP IV: 46(0%), ATK IV: 69(0%), DEF IV: 43(0%), Work Speed: (0%), Skills: Masochist
Foxparks, Level: 19, Rank: 1, Gender: Female, HP IV: 60(0%), ATK IV: 23(0%), DEF IV: 2(0%), Work Speed: (0%), Skills: Veil of Darkness, Easygoing
Fuack, Level: 11, Rank: 1, Gender: Male, HP IV: 84(0%), ATK IV: 95(0%), DEF IV: 27(0%), Work Speed: (0%), Skills: Hydromaniac, Positive Thinker
Fuack, Level: 13, Rank: 1, Gender: Male, HP IV: 0(0%), ATK IV: 95(0%), DEF IV: 58(0%), Work Speed: (0%), Skills: Brave
Fuack, Level: 2, Rank: 1, Gender: Female, HP IV: 27(0%), ATK IV: 80(0%), DEF IV: 85(0%), Work Speed: (0%), Skills: Clumsy, Coldblooded
Fuack, Level: 7, Rank: 1, Gender: Male, HP IV: 73(0%), ATK IV: 33(0%), DEF IV: 56(0%), Work Speed: (0%), Skills: Waterproof
Hangyu, Level: 1, Rank: 1, Gender: Female, HP IV: 16(0%), ATK IV: 46(0%), DEF IV: 85(0%), Work Speed: (0%), Skills: Runner
Hoocrates, Level: 3, Rank: 1, Gender: Male, HP IV: 37(0%), ATK IV: 24(0%), DEF IV: 19(0%), Work Speed: (0%), Skills: Dragonkiller
Hoocrates, Level: 5, Rank: 1, Gender: Female, HP IV: 95(0%), ATK IV: 73(0%), DEF IV: 67(0%), Work Speed: (0%), Skills: Impatient
Jolthog Cryst, Level: 3, Rank: 1, Gender: Female, HP IV: 54(0%), ATK IV: 12(0%), DEF IV: 5(0%), Work Speed: (0%), Skills: Glutton
Lamball, Level: 10, Rank: 1, Gender: Female, HP IV: 81(0%), ATK IV: 16(0%), DEF IV: 68(0%), Work Speed: (0%), Skills: Fragrant Foliage, Hard Skin
Lamball, Level: 12, Rank: 1, Gender: Male, HP IV: 17(0%), ATK IV: 92(0%), DEF IV: 79(0%), Work Speed: (0%), Skills: Botanical Barrier
Lamball, Level: 5, Rank: 1, Gender: Female, HP IV: 21(0%), ATK IV: 86(0%), DEF IV: 71(0%), Work Speed: (0%), Skills: Hydromaniac
Lamball, Level: 5, Rank: 1, Gender: Male, HP IV: 64(0%), ATK IV: 86(0%), DEF IV: 22(0%), Work Speed: (0%), Skills: Coward
Lifmunk, Level: 2, Rank: 1, Gender: Male, HP IV: 50(0%), ATK IV: 58(0%), DEF IV: 73(0%), Work Speed: (0%), Skills: Easygoing
Melpaca, Level: 9, Rank: 1, Gender: Male, HP IV: 44(0%), ATK IV: 95(0%), DEF IV: 99(0%), Work Speed: (0%), Skills: Botanical Barrier
Melpaca, Level: 9, Rank: 1, Gender: Male, HP IV: 82(0%), ATK IV: 9(0%), DEF IV: 22(0%), Work Speed: (0%), Skills: Fine Furs
Nitewing, Level: 17, Rank: 1, Gender: Male, HP IV: 37(0%), ATK IV: 32(0%), DEF IV: 78(0%), Work Speed: (0%), Skills: Logging Foreman
Nitewing, Level: 19, Rank: 1, Gender: Male, HP IV: 73(0%), ATK IV: 73(0%), DEF IV: 1(0%), Work Speed: (0%), Skills: Stronghold Strategist
Pengullet, Level: 11, Rank: 1, Gender: Male, HP IV: 24(0%), ATK IV: 34(0%), DEF IV: 85(0%), Work Speed: (0%), Skills: Runner, Ferocious
Ribbuny, Level: 2, Rank: 1, Gender: Female, HP IV: 65(0%), ATK IV: 43(0%), DEF IV: 17(0%), Work Speed: (0%)
Ribbuny, Level: 4, Rank: 1, Gender: Male, HP IV: 18(0%), ATK IV: 65(0%), DEF IV: 97(0%), Work Speed: (0%), Skills: Impatient
Rooby, Level: 12, Rank: 1, Gender: Female, HP IV: 53(0%), ATK IV: 77(0%), DEF IV: 10(0%), Work Speed: (0%), Skills: Hooligan
Rooby, Level: 8, Rank: 1, Gender: Male, HP IV: 9(0%), ATK IV: 19(0%), DEF IV: 79(0%), Work Speed: (0%), Skills: Conceited
Sparkit, Level: 14, Rank: 1, Gender: Male, HP IV: 96(0%), ATK IV: 51(3%), DEF IV: 13(0%), Work Speed: (0%), Skills: Sadist
Sparkit, Level: 6, Rank: 1, Gender: Male, HP IV: 97(0%), ATK IV: 90(0%), DEF IV: 76(0%), Work Speed: (0%), Skills: Dragonkiller, Pacifist
Sparkit, Level: 8, Rank: 1, Gender: Female, HP IV: 50(0%), ATK IV: 61(0%), DEF IV: 24(0%), Work Speed: (0%), Skills: Insulated Body
Teafant, Level: 5, Rank: 1, Gender: Male, HP IV: 31(0%), ATK IV: 54(0%), DEF IV: 13(0%), Work Speed: (0%), Skills: Nimble
Tocotoco, Level: 1, Rank: 1, Gender: Male, HP IV: 12(0%), ATK IV: 98(0%), DEF IV: 71(0%), Work Speed: (0%)
Tombat, Level: 13, Rank: 1, Gender: Male, HP IV: 72(0%), ATK IV: 41(0%), DEF IV: 49(0%), Work Speed: (0%), Skills: Dragonkiller
malshaaa's 52 Pals
------------------
Caprity, Level: 12, Rank: 1, Gender: Female, HP IV: 21(0%), ATK IV: 38(0%), DEF IV: 53(0%), Work Speed: (0%)
Cattiva, Level: 3, Rank: 1, Gender: Female, HP IV: 31(0%), ATK IV: 11(0%), DEF IV: 90(0%), Work Speed: (0%), Skills: Coward, Aggressive
Cattiva, Level: 3, Rank: 1, Gender: Female, HP IV: 4(0%), ATK IV: 61(0%), DEF IV: 82(0%), Work Speed: (0%), Skills: Coward, Hydromaniac, Diet Lover
Celaray, Level: 4, Rank: 1, Gender: Female, HP IV: 84(0%), ATK IV: 23(0%), DEF IV: 54(0%), Work Speed: (0%), Skills: Philantropist
Chikipi, Level: 2, Rank: 1, Gender: Female, HP IV: 21(0%), ATK IV: 36(0%), DEF IV: 65(0%), Work Speed: (0%), Skills: Diet Lover, Sadist, Clumsy
Chikipi, Level: 8, Rank: 1, Gender: Male, HP IV: 88(0%), ATK IV: 2(0%), DEF IV: 75(0%), Work Speed: (0%), Skills: Hooligan
Cremis, Level: 5, Rank: 1, Gender: Female, HP IV: 13(0%), ATK IV: 86(0%), DEF IV: 8(0%), Work Speed: (0%), Skills: Swift, Power of Gaia, Vanguard
Croajiro, Level: 3, Rank: 1, Gender: Female, HP IV: 67(0%), ATK IV: 31(0%), DEF IV: 72(0%), Work Speed: (0%), Skills: Clumsy
Croajiro, Level: 5, Rank: 1, Gender: Female, HP IV: 50(0%), ATK IV: 63(0%), DEF IV: 25(0%), Work Speed: (0%), Skills: Fit as a Fiddle
Croajiro, Level: 5, Rank: 1, Gender: Male, HP IV: 76(0%), ATK IV: 35(0%), DEF IV: 86(0%), Work Speed: (0%), Skills: Capacitor
Daedream, Level: 20, Rank: 1, Gender: Female, HP IV: 28(3%), ATK IV: 64(3%), DEF IV: 71(0%), Work Speed: (0%), Skills: Hydromaniac
Daedream, Level: 20, Rank: 1, Gender: Male, HP IV: 14(3%), ATK IV: 74(3%), DEF IV: 97(0%), Work Speed: (0%), Skills: Musclehead
Depresso, Level: 3, Rank: 1, Gender: Male, HP IV: 72(0%), ATK IV: 59(0%), DEF IV: 21(0%), Work Speed: (0%), Skills: Brave
Direhowl, Level: 20, Rank: 1, Gender: Female, HP IV: 63(3%), ATK IV: 9(6%), DEF IV: 43(0%), Work Speed: (0%), Skills: Easygoing
Direhowl, Level: 6, Rank: 1, Gender: Female, HP IV: 67(0%), ATK IV: 54(0%), DEF IV: 16(0%), Work Speed: (0%), Skills: Cheery
Direhowl, Level: 6, Rank: 1, Gender: Male, HP IV: 81(0%), ATK IV: 58(0%), DEF IV: 71(0%), Work Speed: (0%), Skills: Hydromaniac
Eikthyrdeer, Level: 10, Rank: 1, Gender: Male, HP IV: 11(0%), ATK IV: 57(0%), DEF IV: 51(0%), Work Speed: (0%), Skills: Nimble
Eikthyrdeer, Level: 13, Rank: 1, Gender: Female, HP IV: 76(0%), ATK IV: 11(0%), DEF IV: 82(0%), Work Speed: (0%)
Eikthyrdeer, Level: 8, Rank: 1, Gender: Female, HP IV: 23(0%), ATK IV: 44(0%), DEF IV: 31(0%), Work Speed: (0%), Skills: Hydromaniac
Eikthyrdeer, Level: 8, Rank: 1, Gender: Male, HP IV: 50(0%), ATK IV: 19(0%), DEF IV: 68(0%), Work Speed: (0%), Skills: Earthquake Resistant
Eikthyrdeer, Level: 8, Rank: 1, Gender: Male, HP IV: 81(0%), ATK IV: 52(0%), DEF IV: 17(0%), Work Speed: (0%), Skills: Veil of Darkness
Eikthyrdeer, Level: 9, Rank: 1, Gender: Male, HP IV: 36(0%), ATK IV: 21(0%), DEF IV: 6(0%), Work Speed: (0%), Skills: Dragonkiller
Flopie, Level: 11, Rank: 1, Gender: Male, HP IV: 46(0%), ATK IV: 69(0%), DEF IV: 43(0%), Work Speed: (0%), Skills: Masochist
Foxparks, Level: 19, Rank: 1, Gender: Female, HP IV: 60(0%), ATK IV: 23(0%), DEF IV: 2(0%), Work Speed: (0%), Skills: Veil of Darkness, Easygoing
Fuack, Level: 11, Rank: 1, Gender: Male, HP IV: 84(0%), ATK IV: 95(0%), DEF IV: 27(0%), Work Speed: (0%), Skills: Hydromaniac, Positive Thinker
Fuack, Level: 13, Rank: 1, Gender: Male, HP IV: 0(0%), ATK IV: 95(0%), DEF IV: 58(0%), Work Speed: (0%), Skills: Brave
Fuack, Level: 2, Rank: 1, Gender: Female, HP IV: 27(0%), ATK IV: 80(0%), DEF IV: 85(0%), Work Speed: (0%), Skills: Clumsy, Coldblooded
Fuack, Level: 7, Rank: 1, Gender: Male, HP IV: 73(0%), ATK IV: 33(0%), DEF IV: 56(0%), Work Speed: (0%), Skills: Waterproof
Hangyu, Level: 1, Rank: 1, Gender: Female, HP IV: 16(0%), ATK IV: 46(0%), DEF IV: 85(0%), Work Speed: (0%), Skills: Runner
Hoocrates, Level: 3, Rank: 1, Gender: Male, HP IV: 37(0%), ATK IV: 24(0%), DEF IV: 19(0%), Work Speed: (0%), Skills: Dragonkiller
Hoocrates, Level: 5, Rank: 1, Gender: Female, HP IV: 95(0%), ATK IV: 73(0%), DEF IV: 67(0%), Work Speed: (0%), Skills: Impatient
Jolthog Cryst, Level: 3, Rank: 1, Gender: Female, HP IV: 54(0%), ATK IV: 12(0%), DEF IV: 5(0%), Work Speed: (0%), Skills: Glutton
Lamball, Level: 10, Rank: 1, Gender: Female, HP IV: 81(0%), ATK IV: 16(0%), DEF IV: 68(0%), Work Speed: (0%), Skills: Fragrant Foliage, Hard Skin
Lamball, Level: 12, Rank: 1, Gender: Male, HP IV: 17(0%), ATK IV: 92(0%), DEF IV: 79(0%), Work Speed: (0%), Skills: Botanical Barrier
Lamball, Level: 5, Rank: 1, Gender: Female, HP IV: 21(0%), ATK IV: 86(0%), DEF IV: 71(0%), Work Speed: (0%), Skills: Hydromaniac
Lamball, Level: 5, Rank: 1, Gender: Male, HP IV: 64(0%), ATK IV: 86(0%), DEF IV: 22(0%), Work Speed: (0%), Skills: Coward
Lifmunk, Level: 2, Rank: 1, Gender: Male, HP IV: 50(0%), ATK IV: 58(0%), DEF IV: 73(0%), Work Speed: (0%), Skills: Easygoing
Melpaca, Level: 9, Rank: 1, Gender: Male, HP IV: 44(0%), ATK IV: 95(0%), DEF IV: 99(0%), Work Speed: (0%), Skills: Botanical Barrier
Melpaca, Level: 9, Rank: 1, Gender: Male, HP IV: 82(0%), ATK IV: 9(0%), DEF IV: 22(0%), Work Speed: (0%), Skills: Fine Furs
Nitewing, Level: 17, Rank: 1, Gender: Male, HP IV: 37(0%), ATK IV: 32(0%), DEF IV: 78(0%), Work Speed: (0%), Skills: Logging Foreman
Nitewing, Level: 19, Rank: 1, Gender: Male, HP IV: 73(0%), ATK IV: 73(0%), DEF IV: 1(0%), Work Speed: (0%), Skills: Stronghold Strategist
Pengullet, Level: 11, Rank: 1, Gender: Male, HP IV: 24(0%), ATK IV: 34(0%), DEF IV: 85(0%), Work Speed: (0%), Skills: Runner, Ferocious
Ribbuny, Level: 2, Rank: 1, Gender: Female, HP IV: 65(0%), ATK IV: 43(0%), DEF IV: 17(0%), Work Speed: (0%)
Ribbuny, Level: 4, Rank: 1, Gender: Male, HP IV: 18(0%), ATK IV: 65(0%), DEF IV: 97(0%), Work Speed: (0%), Skills: Impatient
Rooby, Level: 12, Rank: 1, Gender: Female, HP IV: 53(0%), ATK IV: 77(0%), DEF IV: 10(0%), Work Speed: (0%), Skills: Hooligan
Rooby, Level: 8, Rank: 1, Gender: Male, HP IV: 9(0%), ATK IV: 19(0%), DEF IV: 79(0%), Work Speed: (0%), Skills: Conceited
Sparkit, Level: 14, Rank: 1, Gender: Male, HP IV: 96(0%), ATK IV: 51(3%), DEF IV: 13(0%), Work Speed: (0%), Skills: Sadist
Sparkit, Level: 6, Rank: 1, Gender: Male, HP IV: 97(0%), ATK IV: 90(0%), DEF IV: 76(0%), Work Speed: (0%), Skills: Dragonkiller, Pacifist
Sparkit, Level: 8, Rank: 1, Gender: Female, HP IV: 50(0%), ATK IV: 61(0%), DEF IV: 24(0%), Work Speed: (0%), Skills: Insulated Body
Teafant, Level: 5, Rank: 1, Gender: Male, HP IV: 31(0%), ATK IV: 54(0%), DEF IV: 13(0%), Work Speed: (0%), Skills: Nimble
Tocotoco, Level: 1, Rank: 1, Gender: Male, HP IV: 12(0%), ATK IV: 98(0%), DEF IV: 71(0%), Work Speed: (0%)
Tombat, Level: 13, Rank: 1, Gender: Male, HP IV: 72(0%), ATK IV: 41(0%), DEF IV: 49(0%), Work Speed: (0%), Skills: Dragonkiller
malshaaa's 52 Pals
------------------
Caprity, Level: 12, Rank: 1, Gender: Female, HP IV: 21(0%), ATK IV: 38(0%), DEF IV: 53(0%), Work Speed: (0%)
Cattiva, Level: 3, Rank: 1, Gender: Female, HP IV: 31(0%), ATK IV: 11(0%), DEF IV: 90(0%), Work Speed: (0%), Skills: Coward, Aggressive
Cattiva, Level: 3, Rank: 1, Gender: Female, HP IV: 4(0%), ATK IV: 61(0%), DEF IV: 82(0%), Work Speed: (0%), Skills: Coward, Hydromaniac, Diet Lover
Celaray, Level: 4, Rank: 1, Gender: Female, HP IV: 84(0%), ATK IV: 23(0%), DEF IV: 54(0%), Work Speed: (0%), Skills: Philantropist
Chikipi, Level: 2, Rank: 1, Gender: Female, HP IV: 21(0%), ATK IV: 36(0%), DEF IV: 65(0%), Work Speed: (0%), Skills: Diet Lover, Sadist, Clumsy
Chikipi, Level: 8, Rank: 1, Gender: Male, HP IV: 88(0%), ATK IV: 2(0%), DEF IV: 75(0%), Work Speed: (0%), Skills: Hooligan
Cremis, Level: 5, Rank: 1, Gender: Female, HP IV: 13(0%), ATK IV: 86(0%), DEF IV: 8(0%), Work Speed: (0%), Skills: Swift, Power of Gaia, Vanguard
Croajiro, Level: 3, Rank: 1, Gender: Female, HP IV: 67(0%), ATK IV: 31(0%), DEF IV: 72(0%), Work Speed: (0%), Skills: Clumsy
Croajiro, Level: 5, Rank: 1, Gender: Female, HP IV: 50(0%), ATK IV: 63(0%), DEF IV: 25(0%), Work Speed: (0%), Skills: Fit as a Fiddle
Croajiro, Level: 5, Rank: 1, Gender: Male, HP IV: 76(0%), ATK IV: 35(0%), DEF IV: 86(0%), Work Speed: (0%), Skills: Capacitor
Daedream, Level: 20, Rank: 1, Gender: Female, HP IV: 28(3%), ATK IV: 64(3%), DEF IV: 71(0%), Work Speed: (0%), Skills: Hydromaniac
Daedream, Level: 20, Rank: 1, Gender: Male, HP IV: 14(3%), ATK IV: 74(3%), DEF IV: 97(0%), Work Speed: (0%), Skills: Musclehead
Depresso, Level: 3, Rank: 1, Gender: Male, HP IV: 72(0%), ATK IV: 59(0%), DEF IV: 21(0%), Work Speed: (0%), Skills: Brave
Direhowl, Level: 20, Rank: 1, Gender: Female, HP IV: 63(3%), ATK IV: 9(6%), DEF IV: 43(0%), Work Speed: (0%), Skills: Easygoing
Direhowl, Level: 6, Rank: 1, Gender: Female, HP IV: 67(0%), ATK IV: 54(0%), DEF IV: 16(0%), Work Speed: (0%), Skills: Cheery
Direhowl, Level: 6, Rank: 1, Gender: Male, HP IV: 81(0%), ATK IV: 58(0%), DEF IV: 71(0%), Work Speed: (0%), Skills: Hydromaniac
Eikthyrdeer, Level: 10, Rank: 1, Gender: Male, HP IV: 11(0%), ATK IV: 57(0%), DEF IV: 51(0%), Work Speed: (0%), Skills: Nimble
Eikthyrdeer, Level: 13, Rank: 1, Gender: Female, HP IV: 76(0%), ATK IV: 11(0%), DEF IV: 82(0%), Work Speed: (0%)
Eikthyrdeer, Level: 8, Rank: 1, Gender: Female, HP IV: 23(0%), ATK IV: 44(0%), DEF IV: 31(0%), Work Speed: (0%), Skills: Hydromaniac
Eikthyrdeer, Level: 8, Rank: 1, Gender: Male, HP IV: 50(0%), ATK IV: 19(0%), DEF IV: 68(0%), Work Speed: (0%), Skills: Earthquake Resistant
Eikthyrdeer, Level: 8, Rank: 1, Gender: Male, HP IV: 81(0%), ATK IV: 52(0%), DEF IV: 17(0%), Work Speed: (0%), Skills: Veil of Darkness
Eikthyrdeer, Level: 9, Rank: 1, Gender: Male, HP IV: 36(0%), ATK IV: 21(0%), DEF IV: 6(0%), Work Speed: (0%), Skills: Dragonkiller
Flopie, Level: 11, Rank: 1, Gender: Male, HP IV: 46(0%), ATK IV: 69(0%), DEF IV: 43(0%), Work Speed: (0%), Skills: Masochist
Foxparks, Level: 19, Rank: 1, Gender: Female, HP IV: 60(0%), ATK IV: 23(0%), DEF IV: 2(0%), Work Speed: (0%), Skills: Veil of Darkness, Easygoing
Fuack, Level: 11, Rank: 1, Gender: Male, HP IV: 84(0%), ATK IV: 95(0%), DEF IV: 27(0%), Work Speed: (0%), Skills: Hydromaniac, Positive Thinker
Fuack, Level: 13, Rank: 1, Gender: Male, HP IV: 0(0%), ATK IV: 95(0%), DEF IV: 58(0%), Work Speed: (0%), Skills: Brave
Fuack, Level: 2, Rank: 1, Gender: Female, HP IV: 27(0%), ATK IV: 80(0%), DEF IV: 85(0%), Work Speed: (0%), Skills: Clumsy, Coldblooded
Fuack, Level: 7, Rank: 1, Gender: Male, HP IV: 73(0%), ATK IV: 33(0%), DEF IV: 56(0%), Work Speed: (0%), Skills: Waterproof
Hangyu, Level: 1, Rank: 1, Gender: Female, HP IV: 16(0%), ATK IV: 46(0%), DEF IV: 85(0%), Work Speed: (0%), Skills: Runner
Hoocrates, Level: 3, Rank: 1, Gender: Male, HP IV: 37(0%), ATK IV: 24(0%), DEF IV: 19(0%), Work Speed: (0%), Skills: Dragonkiller
Hoocrates, Level: 5, Rank: 1, Gender: Female, HP IV: 95(0%), ATK IV: 73(0%), DEF IV: 67(0%), Work Speed: (0%), Skills: Impatient
Jolthog Cryst, Level: 3, Rank: 1, Gender: Female, HP IV: 54(0%), ATK IV: 12(0%), DEF IV: 5(0%), Work Speed: (0%), Skills: Glutton
Lamball, Level: 10, Rank: 1, Gender: Female, HP IV: 81(0%), ATK IV: 16(0%), DEF IV: 68(0%), Work Speed: (0%), Skills: Fragrant Foliage, Hard Skin
Lamball, Level: 12, Rank: 1, Gender: Male, HP IV: 17(0%), ATK IV: 92(0%), DEF IV: 79(0%), Work Speed: (0%), Skills: Botanical Barrier
Lamball, Level: 5, Rank: 1, Gender: Female, HP IV: 21(0%), ATK IV: 86(0%), DEF IV: 71(0%), Work Speed: (0%), Skills: Hydromaniac
Lamball, Level: 5, Rank: 1, Gender: Male, HP IV: 64(0%), ATK IV: 86(0%), DEF IV: 22(0%), Work Speed: (0%), Skills: Coward
Lifmunk, Level: 2, Rank: 1, Gender: Male, HP IV: 50(0%), ATK IV: 58(0%), DEF IV: 73(0%), Work Speed: (0%), Skills: Easygoing
Melpaca, Level: 9, Rank: 1, Gender: Male, HP IV: 44(0%), ATK IV: 95(0%), DEF IV: 99(0%), Work Speed: (0%), Skills: Botanical Barrier
Melpaca, Level: 9, Rank: 1, Gender: Male, HP IV: 82(0%), ATK IV: 9(0%), DEF IV: 22(0%), Work Speed: (0%), Skills: Fine Furs
Nitewing, Level: 17, Rank: 1, Gender: Male, HP IV: 37(0%), ATK IV: 32(0%), DEF IV: 78(0%), Work Speed: (0%), Skills: Logging Foreman
Nitewing, Level: 19, Rank: 1, Gender: Male, HP IV: 73(0%), ATK IV: 73(0%), DEF IV: 1(0%), Work Speed: (0%), Skills: Stronghold Strategist
Pengullet, Level: 11, Rank: 1, Gender: Male, HP IV: 24(0%), ATK IV: 34(0%), DEF IV: 85(0%), Work Speed: (0%), Skills: Runner, Ferocious
Ribbuny, Level: 2, Rank: 1, Gender: Female, HP IV: 65(0%), ATK IV: 43(0%), DEF IV: 17(0%), Work Speed: (0%)
Ribbuny, Level: 4, Rank: 1, Gender: Male, HP IV: 18(0%), ATK IV: 65(0%), DEF IV: 97(0%), Work Speed: (0%), Skills: Impatient
Rooby, Level: 12, Rank: 1, Gender: Female, HP IV: 53(0%), ATK IV: 77(0%), DEF IV: 10(0%), Work Speed: (0%), Skills: Hooligan
Rooby, Level: 8, Rank: 1, Gender: Male, HP IV: 9(0%), ATK IV: 19(0%), DEF IV: 79(0%), Work Speed: (0%), Skills: Conceited
Sparkit, Level: 14, Rank: 1, Gender: Male, HP IV: 96(0%), ATK IV: 51(3%), DEF IV: 13(0%), Work Speed: (0%), Skills: Sadist
Sparkit, Level: 6, Rank: 1, Gender: Male, HP IV: 97(0%), ATK IV: 90(0%), DEF IV: 76(0%), Work Speed: (0%), Skills: Dragonkiller, Pacifist
Sparkit, Level: 8, Rank: 1, Gender: Female, HP IV: 50(0%), ATK IV: 61(0%), DEF IV: 24(0%), Work Speed: (0%), Skills: Insulated Body
Teafant, Level: 5, Rank: 1, Gender: Male, HP IV: 31(0%), ATK IV: 54(0%), DEF IV: 13(0%), Work Speed: (0%), Skills: Nimble
Tocotoco, Level: 1, Rank: 1, Gender: Male, HP IV: 12(0%), ATK IV: 98(0%), DEF IV: 71(0%), Work Speed: (0%)
Tombat, Level: 13, Rank: 1, Gender: Male, HP IV: 72(0%), ATK IV: 41(0%), DEF IV: 49(0%), Work Speed: (0%), Skills: Dragonkiller
malshaaa's 52 Pals
------------------
Caprity, Level: 12, Rank: 1, Gender: Female, HP IV: 21(0%), ATK IV: 38(0%), DEF IV: 53(0%), Work Speed: (0%)
Cattiva, Level: 3, Rank: 1, Gender: Female, HP IV: 31(0%), ATK IV: 11(0%), DEF IV: 90(0%), Work Speed: (0%), Skills: Coward, Aggressive
Cattiva, Level: 3, Rank: 1, Gender: Female, HP IV: 4(0%), ATK IV: 61(0%), DEF IV: 82(0%), Work Speed: (0%), Skills: Coward, Hydromaniac, Diet Lover
Celaray, Level: 4, Rank: 1, Gender: Female, HP IV: 84(0%), ATK IV: 23(0%), DEF IV: 54(0%), Work Speed: (0%), Skills: Philantropist
Chikipi, Level: 2, Rank: 1, Gender: Female, HP IV: 21(0%), ATK IV: 36(0%), DEF IV: 65(0%), Work Speed: (0%), Skills: Diet Lover, Sadist, Clumsy
Chikipi, Level: 8, Rank: 1, Gender: Male, HP IV: 88(0%), ATK IV: 2(0%), DEF IV: 75(0%), Work Speed: (0%), Skills: Hooligan
Cremis, Level: 5, Rank: 1, Gender: Female, HP IV: 13(0%), ATK IV: 86(0%), DEF IV: 8(0%), Work Speed: (0%), Skills: Swift, Power of Gaia, Vanguard
Croajiro, Level: 3, Rank: 1, Gender: Female, HP IV: 67(0%), ATK IV: 31(0%), DEF IV: 72(0%), Work Speed: (0%), Skills: Clumsy
Croajiro, Level: 5, Rank: 1, Gender: Female, HP IV: 50(0%), ATK IV: 63(0%), DEF IV: 25(0%), Work Speed: (0%), Skills: Fit as a Fiddle
Croajiro, Level: 5, Rank: 1, Gender: Male, HP IV: 76(0%), ATK IV: 35(0%), DEF IV: 86(0%), Work Speed: (0%), Skills: Capacitor
Daedream, Level: 20, Rank: 1, Gender: Female, HP IV: 28(3%), ATK IV: 64(3%), DEF IV: 71(0%), Work Speed: (0%), Skills: Hydromaniac
Daedream, Level: 20, Rank: 1, Gender: Male, HP IV: 14(3%), ATK IV: 74(3%), DEF IV: 97(0%), Work Speed: (0%), Skills: Musclehead
Depresso, Level: 3, Rank: 1, Gender: Male, HP IV: 72(0%), ATK IV: 59(0%), DEF IV: 21(0%), Work Speed: (0%), Skills: Brave
Direhowl, Level: 20, Rank: 1, Gender: Female, HP IV: 63(3%), ATK IV: 9(6%), DEF IV: 43(0%), Work Speed: (0%), Skills: Easygoing
Direhowl, Level: 6, Rank: 1, Gender: Female, HP IV: 67(0%), ATK IV: 54(0%), DEF IV: 16(0%), Work Speed: (0%), Skills: Cheery
Direhowl, Level: 6, Rank: 1, Gender: Male, HP IV: 81(0%), ATK IV: 58(0%), DEF IV: 71(0%), Work Speed: (0%), Skills: Hydromaniac
Eikthyrdeer, Level: 10, Rank: 1, Gender: Male, HP IV: 11(0%), ATK IV: 57(0%), DEF IV: 51(0%), Work Speed: (0%), Skills: Nimble
Eikthyrdeer, Level: 13, Rank: 1, Gender: Female, HP IV: 76(0%), ATK IV: 11(0%), DEF IV: 82(0%), Work Speed: (0%)
Eikthyrdeer, Level: 8, Rank: 1, Gender: Female, HP IV: 23(0%), ATK IV: 44(0%), DEF IV: 31(0%), Work Speed: (0%), Skills: Hydromaniac
Eikthyrdeer, Level: 8, Rank: 1, Gender: Male, HP IV: 50(0%), ATK IV: 19(0%), DEF IV: 68(0%), Work Speed: (0%), Skills: Earthquake Resistant
Eikthyrdeer, Level: 8, Rank: 1, Gender: Male, HP IV: 81(0%), ATK IV: 52(0%), DEF IV: 17(0%), Work Speed: (0%), Skills: Veil of Darkness
Eikthyrdeer, Level: 9, Rank: 1, Gender: Male, HP IV: 36(0%), ATK IV: 21(0%), DEF IV: 6(0%), Work Speed: (0%), Skills: Dragonkiller
Flopie, Level: 11, Rank: 1, Gender: Male, HP IV: 46(0%), ATK IV: 69(0%), DEF IV: 43(0%), Work Speed: (0%), Skills: Masochist
Foxparks, Level: 19, Rank: 1, Gender: Female, HP IV: 60(0%), ATK IV: 23(0%), DEF IV: 2(0%), Work Speed: (0%), Skills: Veil of Darkness, Easygoing
Fuack, Level: 11, Rank: 1, Gender: Male, HP IV: 84(0%), ATK IV: 95(0%), DEF IV: 27(0%), Work Speed: (0%), Skills: Hydromaniac, Positive Thinker
Fuack, Level: 13, Rank: 1, Gender: Male, HP IV: 0(0%), ATK IV: 95(0%), DEF IV: 58(0%), Work Speed: (0%), Skills: Brave
Fuack, Level: 2, Rank: 1, Gender: Female, HP IV: 27(0%), ATK IV: 80(0%), DEF IV: 85(0%), Work Speed: (0%), Skills: Clumsy, Coldblooded
Fuack, Level: 7, Rank: 1, Gender: Male, HP IV: 73(0%), ATK IV: 33(0%), DEF IV: 56(0%), Work Speed: (0%), Skills: Waterproof
Hangyu, Level: 1, Rank: 1, Gender: Female, HP IV: 16(0%), ATK IV: 46(0%), DEF IV: 85(0%), Work Speed: (0%), Skills: Runner
Hoocrates, Level: 3, Rank: 1, Gender: Male, HP IV: 37(0%), ATK IV: 24(0%), DEF IV: 19(0%), Work Speed: (0%), Skills: Dragonkiller
Hoocrates, Level: 5, Rank: 1, Gender: Female, HP IV: 95(0%), ATK IV: 73(0%), DEF IV: 67(0%), Work Speed: (0%), Skills: Impatient
Jolthog Cryst, Level: 3, Rank: 1, Gender: Female, HP IV: 54(0%), ATK IV: 12(0%), DEF IV: 5(0%), Work Speed: (0%), Skills: Glutton
Lamball, Level: 10, Rank: 1, Gender: Female, HP IV: 81(0%), ATK IV: 16(0%), DEF IV: 68(0%), Work Speed: (0%), Skills: Fragrant Foliage, Hard Skin
Lamball, Level: 12, Rank: 1, Gender: Male, HP IV: 17(0%), ATK IV: 92(0%), DEF IV: 79(0%), Work Speed: (0%), Skills: Botanical Barrier
Lamball, Level: 5, Rank: 1, Gender: Female, HP IV: 21(0%), ATK IV: 86(0%), DEF IV: 71(0%), Work Speed: (0%), Skills: Hydromaniac
Lamball, Level: 5, Rank: 1, Gender: Male, HP IV: 64(0%), ATK IV: 86(0%), DEF IV: 22(0%), Work Speed: (0%), Skills: Coward
Lifmunk, Level: 2, Rank: 1, Gender: Male, HP IV: 50(0%), ATK IV: 58(0%), DEF IV: 73(0%), Work Speed: (0%), Skills: Easygoing
Melpaca, Level: 9, Rank: 1, Gender: Male, HP IV: 44(0%), ATK IV: 95(0%), DEF IV: 99(0%), Work Speed: (0%), Skills: Botanical Barrier
Melpaca, Level: 9, Rank: 1, Gender: Male, HP IV: 82(0%), ATK IV: 9(0%), DEF IV: 22(0%), Work Speed: (0%), Skills: Fine Furs
Nitewing, Level: 17, Rank: 1, Gender: Male, HP IV: 37(0%), ATK IV: 32(0%), DEF IV: 78(0%), Work Speed: (0%), Skills: Logging Foreman
Nitewing, Level: 19, Rank: 1, Gender: Male, HP IV: 73(0%), ATK IV: 73(0%), DEF IV: 1(0%), Work Speed: (0%), Skills: Stronghold Strategist
Pengullet, Level: 11, Rank: 1, Gender: Male, HP IV: 24(0%), ATK IV: 34(0%), DEF IV: 85(0%), Work Speed: (0%), Skills: Runner, Ferocious
Ribbuny, Level: 2, Rank: 1, Gender: Female, HP IV: 65(0%), ATK IV: 43(0%), DEF IV: 17(0%), Work Speed: (0%)
Ribbuny, Level: 4, Rank: 1, Gender: Male, HP IV: 18(0%), ATK IV: 65(0%), DEF IV: 97(0%), Work Speed: (0%), Skills: Impatient
Rooby, Level: 12, Rank: 1, Gender: Female, HP IV: 53(0%), ATK IV: 77(0%), DEF IV: 10(0%), Work Speed: (0%), Skills: Hooligan
Rooby, Level: 8, Rank: 1, Gender: Male, HP IV: 9(0%), ATK IV: 19(0%), DEF IV: 79(0%), Work Speed: (0%), Skills: Conceited
Sparkit, Level: 14, Rank: 1, Gender: Male, HP IV: 96(0%), ATK IV: 51(3%), DEF IV: 13(0%), Work Speed: (0%), Skills: Sadist
Sparkit, Level: 6, Rank: 1, Gender: Male, HP IV: 97(0%), ATK IV: 90(0%), DEF IV: 76(0%), Work Speed: (0%), Skills: Dragonkiller, Pacifist
Sparkit, Level: 8, Rank: 1, Gender: Female, HP IV: 50(0%), ATK IV: 61(0%), DEF IV: 24(0%), Work Speed: (0%), Skills: Insulated Body
Teafant, Level: 5, Rank: 1, Gender: Male, HP IV: 31(0%), ATK IV: 54(0%), DEF IV: 13(0%), Work Speed: (0%), Skills: Nimble
Tocotoco, Level: 1, Rank: 1, Gender: Male, HP IV: 12(0%), ATK IV: 98(0%), DEF IV: 71(0%), Work Speed: (0%)
Tombat, Level: 13, Rank: 1, Gender: Male, HP IV: 72(0%), ATK IV: 41(0%), DEF IV: 49(0%), Work Speed: (0%), Skills: Dragonkiller
