Max's 7 Pals
------------
Croajiro, Level: 7, Rank: 1, Gender: Female, HP IV: 24(0%), ATK IV: 19(0%), DEF IV: 1(0%), Work Speed: (0%), Skills: Hooligan
Direhowl, Level: 8, Rank: 1, Gender: Male, HP IV: 31(0%), ATK IV: 70(0%), DEF IV: 13(0%), Work Speed: (0%)
Jolthog, Level: 6, Rank: 1, Gender: Female, HP IV: 83(0%), ATK IV: 77(0%), DEF IV: 25(0%), Work Speed: (0%), Skills: Vanguard
Leezpunk, Level: 10, Rank: 1, Gender: Male, HP IV: 4(0%), ATK IV: 58(0%), DEF IV: 77(0%), Work Speed: (0%), Skills: Brittle, Swift
Leezpunk, Level: 13, Rank: 1, Gender: Female, HP IV: 80(0%), ATK IV: 63(0%), DEF IV: 98(0%), Work Speed: (0%), Skills: Fit as a Fiddle
Rooby, Level: 12, Rank: 1, Gender: Female, HP IV: 74(0%), ATK IV: 30(0%), DEF IV: 48(0%), Work Speed: (0%), Skills: Clumsy
Rushoar, Level: 7, Rank: 1, Gender: Male, HP IV: 82(0%), ATK IV: 80(0%), DEF IV: 61(0%), Work Speed: (0%), Skills: Swift
Max's 7 Pals
------------
Croajiro, Level: 7, Rank: 1, Gender: Female, HP IV: 24(0%), ATK IV: 19(0%), DEF IV: 1(0%), Work Speed: (0%), Skills: Hooligan
Direhowl, Level: 8, Rank: 1, Gender: Male, HP IV: 31(0%), ATK IV: 70(0%), DEF IV: 13(0%), Work Speed: (0%)
Jolthog, Level: 6, Rank: 1, Gender: Female, HP IV: 83(0%), ATK IV: 77(0%), DEF IV: 25(0%), Work Speed: (0%), Skills: Vanguard
Leezpunk, Level: 10, Rank: 1, Gender: Male, HP IV: 4(0%), ATK IV: 58(0%), DEF IV: 77(0%), Work Speed: (0%), Skills: Brittle, Swift
Leezpunk, Level: 13, Rank: 1, Gender: Female, HP IV: 80(0%), ATK IV: 63(0%), DEF IV: 98(0%), Work Speed: (0%), Skills: Fit as a Fiddle
Rooby, Level: 12, Rank: 1, Gender: Female, HP IV: 74(0%), ATK IV: 30(0%), DEF IV: 48(0%), Work Speed: (0%), Skills: Clumsy
Rushoar, Level: 7, Rank: 1, Gender: Male, HP IV: 82(0%), ATK IV: 80(0%), DEF IV: 61(0%), Work Speed: (0%), Skills: Swift
Max's 7 Pals
------------
Croajiro, Level: 7, Rank: 1, Gender: Female, HP IV: 24(0%), ATK IV: 19(0%), DEF IV: 1(0%), Work Speed: (0%), Skills: Hooligan
Direhowl, Level: 8, Rank: 1, Gender: Male, HP IV: 31(0%), ATK IV: 70(0%), DEF IV: 13(0%), Work Speed: (0%)
Jolthog, Level: 6, Rank: 1, Gender: Female, HP IV: 83(0%), ATK IV: 77(0%), DEF IV: 25(0%), Work Speed: (0%), Skills: Vanguard
Leezpunk, Level: 10, Rank: 1, Gender: Male, HP IV: 4(0%), ATK IV: 58(0%), DEF IV: 77(0%), Work Speed: (0%), Skills: Brittle, Swift
Leezpunk, Level: 13, Rank: 1, Gender: Female, HP IV: 80(0%), ATK IV: 63(0%), DEF IV: 98(0%), Work Speed: (0%), Skills: Fit as a Fiddle
Rooby, Level: 12, Rank: 1, Gender: Female, HP IV: 74(0%), ATK IV: 30(0%), DEF IV: 48(0%), Work Speed: (0%), Skills: Clumsy
Rushoar, Level: 7, Rank: 1, Gender: Male, HP IV: 82(0%), ATK IV: 80(0%), DEF IV: 61(0%), Work Speed: (0%), Skills: Swift
Max's 7 Pals
------------
Croajiro, Level: 7, Rank: 1, Gender: Female, HP IV: 24(0%), ATK IV: 19(0%), DEF IV: 1(0%), Work Speed: (0%), Skills: Hooligan
Direhowl, Level: 8, Rank: 1, Gender: Male, HP IV: 31(0%), ATK IV: 70(0%), DEF IV: 13(0%), Work Speed: (0%)
Jolthog, Level: 6, Rank: 1, Gender: Female, HP IV: 83(0%), ATK IV: 77(0%), DEF IV: 25(0%), Work Speed: (0%), Skills: Vanguard
Leezpunk, Level: 10, Rank: 1, Gender: Male, HP IV: 4(0%), ATK IV: 58(0%), DEF IV: 77(0%), Work Speed: (0%), Skills: Brittle, Swift
Leezpunk, Level: 13, Rank: 1, Gender: Female, HP IV: 80(0%), ATK IV: 63(0%), DEF IV: 98(0%), Work Speed: (0%), Skills: Fit as a Fiddle
Rooby, Level: 12, Rank: 1, Gender: Female, HP IV: 74(0%), ATK IV: 30(0%), DEF IV: 48(0%), Work Speed: (0%), Skills: Clumsy
Rushoar, Level: 7, Rank: 1, Gender: Male, HP IV: 82(0%), ATK IV: 80(0%), DEF IV: 61(0%), Work Speed: (0%), Skills: Swift
Max's 7 Pals
------------
Croajiro, Level: 7, Rank: 1, Gender: Female, HP IV: 24(0%), ATK IV: 19(0%), DEF IV: 1(0%), Work Speed: (0%), Skills: Hooligan
Direhowl, Level: 8, Rank: 1, Gender: Male, HP IV: 31(0%), ATK IV: 70(0%), DEF IV: 13(0%), Work Speed: (0%)
Jolthog, Level: 6, Rank: 1, Gender: Female, HP IV: 83(0%), ATK IV: 77(0%), DEF IV: 25(0%), Work Speed: (0%), Skills: Vanguard
Leezpunk, Level: 10, Rank: 1, Gender: Male, HP IV: 4(0%), ATK IV: 58(0%), DEF IV: 77(0%), Work Speed: (0%), Skills: Brittle, Swift
Leezpunk, Level: 13, Rank: 1, Gender: Female, HP IV: 80(0%), ATK IV: 63(0%), DEF IV: 98(0%), Work Speed: (0%), Skills: Fit as a Fiddle
Rooby, Level: 12, Rank: 1, Gender: Female, HP IV: 74(0%), ATK IV: 30(0%), DEF IV: 48(0%), Work Speed: (0%), Skills: Clumsy
Rushoar, Level: 7, Rank: 1, Gender: Male, HP IV: 82(0%), ATK IV: 80(0%), DEF IV: 61(0%), Work Speed: (0%), Skills: Swift
Max's 7 Pals
------------
Croajiro, Level: 7, Rank: 1, Gender: Female, HP IV: 24(0%), ATK IV: 19(0%), DEF IV: 1(0%), Work Speed: (0%), Skills: Hooligan
Direhowl, Level: 8, Rank: 1, Gender: Male, HP IV: 31(0%), ATK IV: 70(0%), DEF IV: 13(0%), Work Speed: (0%)
Jolthog, Level: 6, Rank: 1, Gender: Female, HP IV: 83(0%), ATK IV: 77(0%), DEF IV: 25(0%), Work Speed: (0%), Skills: Vanguard
Leezpunk, Level: 10, Rank: 1, Gender: Male, HP IV: 4(0%), ATK IV: 58(0%), DEF IV: 77(0%), Work Speed: (0%), Skills: Brittle, Swift
Leezpunk, Level: 13, Rank: 1, Gender: Female, HP IV: 80(0%), ATK IV: 63(0%), DEF IV: 98(0%), Work Speed: (0%), Skills: Fit as a Fiddle
Rooby, Level: 12, Rank: 1, Gender: Female, HP IV: 74(0%), ATK IV: 30(0%), DEF IV: 48(0%), Work Speed: (0%), Skills: Clumsy
Rushoar, Level: 7, Rank: 1, Gender: Male, HP IV: 82(0%), ATK IV: 80(0%), DEF IV: 61(0%), Work Speed: (0%), Skills: Swift
Max's 7 Pals
------------
Croajiro, Level: 7, Rank: 1, Gender: Female, HP IV: 24(0%), ATK IV: 19(0%), DEF IV: 1(0%), Work Speed: (0%), Skills: Hooligan
Direhowl, Level: 8, Rank: 1, Gender: Male, HP IV: 31(0%), ATK IV: 70(0%), DEF IV: 13(0%), Work Speed: (0%)
Jolthog, Level: 6, Rank: 1, Gender: Female, HP IV: 83(0%), ATK IV: 77(0%), DEF IV: 25(0%), Work Speed: (0%), Skills: Vanguard
Leezpunk, Level: 10, Rank: 1, Gender: Male, HP IV: 4(0%), ATK IV: 58(0%), DEF IV: 77(0%), Work Speed: (0%), Skills: Brittle, Swift
Leezpunk, Level: 13, Rank: 1, Gender: Female, HP IV: 80(0%), ATK IV: 63(0%), DEF IV: 98(0%), Work Speed: (0%), Skills: Fit as a Fiddle
Rooby, Level: 12, Rank: 1, Gender: Female, HP IV: 74(0%), ATK IV: 30(0%), DEF IV: 48(0%), Work Speed: (0%), Skills: Clumsy
Rushoar, Level: 7, Rank: 1, Gender: Male, HP IV: 82(0%), ATK IV: 80(0%), DEF IV: 61(0%), Work Speed: (0%), Skills: Swift
Max's 7 Pals
------------
Croajiro, Level: 7, Rank: 1, Gender: Female, HP IV: 24(0%), ATK IV: 19(0%), DEF IV: 1(0%), Work Speed: (0%), Skills: Hooligan
Direhowl, Level: 8, Rank: 1, Gender: Male, HP IV: 31(0%), ATK IV: 70(0%), DEF IV: 13(0%), Work Speed: (0%)
Jolthog, Level: 6, Rank: 1, Gender: Female, HP IV: 83(0%), ATK IV: 77(0%), DEF IV: 25(0%), Work Speed: (0%), Skills: Vanguard
Leezpunk, Level: 10, Rank: 1, Gender: Male, HP IV: 4(0%), ATK IV: 58(0%), DEF IV: 77(0%), Work Speed: (0%), Skills: Brittle, Swift
Leezpunk, Level: 13, Rank: 1, Gender: Female, HP IV: 80(0%), ATK IV: 63(0%), DEF IV: 98(0%), Work Speed: (0%), Skills: Fit as a Fiddle
Rooby, Level: 12, Rank: 1, Gender: Female, HP IV: 74(0%), ATK IV: 30(0%), DEF IV: 48(0%), Work Speed: (0%), Skills: Clumsy
Rushoar, Level: 7, Rank: 1, Gender: Male, HP IV: 82(0%), ATK IV: 80(0%), DEF IV: 61(0%), Work Speed: (0%), Skills: Swift
Max's 7 Pals
------------
Croajiro, Level: 7, Rank: 1, Gender: Female, HP IV: 24(0%), ATK IV: 19(0%), DEF IV: 1(0%), Work Speed: (0%), Skills: Hooligan
Direhowl, Level: 8, Rank: 1, Gender: Male, HP IV: 31(0%), ATK IV: 70(0%), DEF IV: 13(0%), Work Speed: (0%)
Jolthog, Level: 6, Rank: 1, Gender: Female, HP IV: 83(0%), ATK IV: 77(0%), DEF IV: 25(0%), Work Speed: (0%), Skills: Vanguard
Leezpunk, Level: 10, Rank: 1, Gender: Male, HP IV: 4(0%), ATK IV: 58(0%), DEF IV: 77(0%), Work Speed: (0%), Skills: Brittle, Swift
Leezpunk, Level: 13, Rank: 1, Gender: Female, HP IV: 80(0%), ATK IV: 63(0%), DEF IV: 98(0%), Work Speed: (0%), Skills: Fit as a Fiddle
Rooby, Level: 12, Rank: 1, Gender: Female, HP IV: 74(0%), ATK IV: 30(0%), DEF IV: 48(0%), Work Speed: (0%), Skills: Clumsy
Rushoar, Level: 7, Rank: 1, Gender: Male, HP IV: 82(0%), ATK IV: 80(0%), DEF IV: 61(0%), Work Speed: (0%), Skills: Swift
Max's 7 Pals
------------
Croajiro, Level: 7, Rank: 1, Gender: Female, HP IV: 24(0%), ATK IV: 19(0%), DEF IV: 1(0%), Work Speed: (0%), Skills: Hooligan
Direhowl, Level: 8, Rank: 1, Gender: Male, HP IV: 31(0%), ATK IV: 70(0%), DEF IV: 13(0%), Work Speed: (0%)
Jolthog, Level: 6, Rank: 1, Gender: Female, HP IV: 83(0%), ATK IV: 77(0%), DEF IV: 25(0%), Work Speed: (0%), Skills: Vanguard
Leezpunk, Level: 10, Rank: 1, Gender: Male, HP IV: 4(0%), ATK IV: 58(0%), DEF IV: 77(0%), Work Speed: (0%), Skills: Brittle, Swift
Leezpunk, Level: 13, Rank: 1, Gender: Female, HP IV: 80(0%), ATK IV: 63(0%), DEF IV: 98(0%), Work Speed: (0%), Skills: Fit as a Fiddle
Rooby, Level: 12, Rank: 1, Gender: Female, HP IV: 74(0%), ATK IV: 30(0%), DEF IV: 48(0%), Work Speed: (0%), Skills: Clumsy
Rushoar, Level: 7, Rank: 1, Gender: Male, HP IV: 82(0%), ATK IV: 80(0%), DEF IV: 61(0%), Work Speed: (0%), Skills: Swift
Max's 7 Pals
------------
Croajiro, Level: 7, Rank: 1, Gender: Female, HP IV: 24(0%), ATK IV: 19(0%), DEF IV: 1(0%), Work Speed: (0%), Skills: Hooligan
Direhowl, Level: 8, Rank: 1, Gender: Male, HP IV: 31(0%), ATK IV: 70(0%), DEF IV: 13(0%), Work Speed: (0%)
Jolthog, Level: 6, Rank: 1, Gender: Female, HP IV: 83(0%), ATK IV: 77(0%), DEF IV: 25(0%), Work Speed: (0%), Skills: Vanguard
Leezpunk, Level: 10, Rank: 1, Gender: Male, HP IV: 4(0%), ATK IV: 58(0%), DEF IV: 77(0%), Work Speed: (0%), Skills: Brittle, Swift
Leezpunk, Level: 13, Rank: 1, Gender: Female, HP IV: 80(0%), ATK IV: 63(0%), DEF IV: 98(0%), Work Speed: (0%), Skills: Fit as a Fiddle
Rooby, Level: 12, Rank: 1, Gender: Female, HP IV: 74(0%), ATK IV: 30(0%), DEF IV: 48(0%), Work Speed: (0%), Skills: Clumsy
Rushoar, Level: 7, Rank: 1, Gender: Male, HP IV: 82(0%), ATK IV: 80(0%), DEF IV: 61(0%), Work Speed: (0%), Skills: Swift
Max's 7 Pals
------------
Croajiro, Level: 7, Rank: 1, Gender: Female, HP IV: 24(0%), ATK IV: 19(0%), DEF IV: 1(0%), Work Speed: (0%), Skills: Hooligan
Direhowl, Level: 8, Rank: 1, Gender: Male, HP IV: 31(0%), ATK IV: 70(0%), DEF IV: 13(0%), Work Speed: (0%)
Jolthog, Level: 6, Rank: 1, Gender: Female, HP IV: 83(0%), ATK IV: 77(0%), DEF IV: 25(0%), Work Speed: (0%), Skills: Vanguard
Leezpunk, Level: 10, Rank: 1, Gender: Male, HP IV: 4(0%), ATK IV: 58(0%), DEF IV: 77(0%), Work Speed: (0%), Skills: Brittle, Swift
Leezpunk, Level: 13, Rank: 1, Gender: Female, HP IV: 80(0%), ATK IV: 63(0%), DEF IV: 98(0%), Work Speed: (0%), Skills: Fit as a Fiddle
Rooby, Level: 12, Rank: 1, Gender: Female, HP IV: 74(0%), ATK IV: 30(0%), DEF IV: 48(0%), Work Speed: (0%), Skills: Clumsy
Rushoar, Level: 7, Rank: 1, Gender: Male, HP IV: 82(0%), ATK IV: 80(0%), DEF IV: 61(0%), Work Speed: (0%), Skills: Swift
Max's 7 Pals
------------
Croajiro, Level: 7, Rank: 1, Gender: Female, HP IV: 24(0%), ATK IV: 19(0%), DEF IV: 1(0%), Work Speed: (0%), Skills: Hooligan
Direhowl, Level: 8, Rank: 1, Gender: Male, HP IV: 31(0%), ATK IV: 70(0%), DEF IV: 13(0%), Work Speed: (0%)
Jolthog, Level: 6, Rank: 1, Gender: Female, HP IV: 83(0%), ATK IV: 77(0%), DEF IV: 25(0%), Work Speed: (0%), Skills: Vanguard
Leezpunk, Level: 10, Rank: 1, Gender: Male, HP IV: 4(0%), ATK IV: 58(0%), DEF IV: 77(0%), Work Speed: (0%), Skills: Brittle, Swift
Leezpunk, Level: 13, Rank: 1, Gender: Female, HP IV: 80(0%), ATK IV: 63(0%), DEF IV: 98(0%), Work Speed: (0%), Skills: Fit as a Fiddle
Rooby, Level: 12, Rank: 1, Gender: Female, HP IV: 74(0%), ATK IV: 30(0%), DEF IV: 48(0%), Work Speed: (0%), Skills: Clumsy
Rushoar, Level: 7, Rank: 1, Gender: Male, HP IV: 82(0%), ATK IV: 80(0%), DEF IV: 61(0%), Work Speed: (0%), Skills: Swift
Max's 7 Pals
------------
Croajiro, Level: 7, Rank: 1, Gender: Female, HP IV: 24(0%), ATK IV: 19(0%), DEF IV: 1(0%), Work Speed: (0%), Skills: Hooligan
Direhowl, Level: 8, Rank: 1, Gender: Male, HP IV: 31(0%), ATK IV: 70(0%), DEF IV: 13(0%), Work Speed: (0%)
Jolthog, Level: 6, Rank: 1, Gender: Female, HP IV: 83(0%), ATK IV: 77(0%), DEF IV: 25(0%), Work Speed: (0%), Skills: Vanguard
Leezpunk, Level: 10, Rank: 1, Gender: Male, HP IV: 4(0%), ATK IV: 58(0%), DEF IV: 77(0%), Work Speed: (0%), Skills: Brittle, Swift
Leezpunk, Level: 13, Rank: 1, Gender: Female, HP IV: 80(0%), ATK IV: 63(0%), DEF IV: 98(0%), Work Speed: (0%), Skills: Fit as a Fiddle
Rooby, Level: 12, Rank: 1, Gender: Female, HP IV: 74(0%), ATK IV: 30(0%), DEF IV: 48(0%), Work Speed: (0%), Skills: Clumsy
Rushoar, Level: 7, Rank: 1, Gender: Male, HP IV: 82(0%), ATK IV: 80(0%), DEF IV: 61(0%), Work Speed: (0%), Skills: Swift
