Mewing Shrek's 4 Pals
---------------------
Daedream, Level: 7, Rank: 1, Gender: Male, HP IV: 61(0%), ATK IV: 71(0%), DEF IV: 38(0%), Work Speed: (0%), Skills: Ferocious
Foxparks, Level: 4, Rank: 1, Gender: Female, HP IV: 53(0%), ATK IV: 70(0%), DEF IV: 4(0%), Work Speed: (0%), Skills: Fit as a Fiddle
Foxparks, Level: 6, Rank: 1, Gender: Male, HP IV: 100(0%), ATK IV: 5(0%), DEF IV: 31(0%), Work Speed: (0%), Skills: Heated Body
Teafant, Level: 4, Rank: 1, Gender: Female, HP IV: 21(0%), ATK IV: 16(0%), DEF IV: 54(0%), Work Speed: (0%)
Mewing Shrek's 4 Pals
---------------------
Daedream, Level: 7, Rank: 1, Gender: Male, HP IV: 61(0%), ATK IV: 71(0%), DEF IV: 38(0%), Work Speed: (0%), Skills: Ferocious
Foxparks, Level: 4, Rank: 1, Gender: Female, HP IV: 53(0%), ATK IV: 70(0%), DEF IV: 4(0%), Work Speed: (0%), Skills: Fit as a Fiddle
Foxparks, Level: 6, Rank: 1, Gender: Male, HP IV: 100(0%), ATK IV: 5(0%), DEF IV: 31(0%), Work Speed: (0%), Skills: Heated Body
Teafant, Level: 4, Rank: 1, Gender: Female, HP IV: 21(0%), ATK IV: 16(0%), DEF IV: 54(0%), Work Speed: (0%)
Mewing Shrek's 4 Pals
---------------------
Daedream, Level: 7, Rank: 1, Gender: Male, HP IV: 61(0%), ATK IV: 71(0%), DEF IV: 38(0%), Work Speed: (0%), Skills: Ferocious
Foxparks, Level: 4, Rank: 1, Gender: Female, HP IV: 53(0%), ATK IV: 70(0%), DEF IV: 4(0%), Work Speed: (0%), Skills: Fit as a Fiddle
Foxparks, Level: 6, Rank: 1, Gender: Male, HP IV: 100(0%), ATK IV: 5(0%), DEF IV: 31(0%), Work Speed: (0%), Skills: Heated Body
Teafant, Level: 4, Rank: 1, Gender: Female, HP IV: 21(0%), ATK IV: 16(0%), DEF IV: 54(0%), Work Speed: (0%)
Mewing Shrek's 4 Pals
---------------------
Daedream, Level: 7, Rank: 1, Gender: Male, HP IV: 61(0%), ATK IV: 71(0%), DEF IV: 38(0%), Work Speed: (0%), Skills: Ferocious
Foxparks, Level: 4, Rank: 1, Gender: Female, HP IV: 53(0%), ATK IV: 70(0%), DEF IV: 4(0%), Work Speed: (0%), Skills: Fit as a Fiddle
Foxparks, Level: 6, Rank: 1, Gender: Male, HP IV: 100(0%), ATK IV: 5(0%), DEF IV: 31(0%), Work Speed: (0%), Skills: Heated Body
Teafant, Level: 4, Rank: 1, Gender: Female, HP IV: 21(0%), ATK IV: 16(0%), DEF IV: 54(0%), Work Speed: (0%)
Mewing Shrek's 4 Pals
---------------------
Daedream, Level: 7, Rank: 1, Gender: Male, HP IV: 61(0%), ATK IV: 71(0%), DEF IV: 38(0%), Work Speed: (0%), Skills: Ferocious
Foxparks, Level: 4, Rank: 1, Gender: Female, HP IV: 53(0%), ATK IV: 70(0%), DEF IV: 4(0%), Work Speed: (0%), Skills: Fit as a Fiddle
Foxparks, Level: 6, Rank: 1, Gender: Male, HP IV: 100(0%), ATK IV: 5(0%), DEF IV: 31(0%), Work Speed: (0%), Skills: Heated Body
Teafant, Level: 4, Rank: 1, Gender: Female, HP IV: 21(0%), ATK IV: 16(0%), DEF IV: 54(0%), Work Speed: (0%)
Mewing Shrek's 4 Pals
---------------------
Daedream, Level: 7, Rank: 1, Gender: Male, HP IV: 61(0%), ATK IV: 71(0%), DEF IV: 38(0%), Work Speed: (0%), Skills: Ferocious
Foxparks, Level: 4, Rank: 1, Gender: Female, HP IV: 53(0%), ATK IV: 70(0%), DEF IV: 4(0%), Work Speed: (0%), Skills: Fit as a Fiddle
Foxparks, Level: 6, Rank: 1, Gender: Male, HP IV: 100(0%), ATK IV: 5(0%), DEF IV: 31(0%), Work Speed: (0%), Skills: Heated Body
Teafant, Level: 4, Rank: 1, Gender: Female, HP IV: 21(0%), ATK IV: 16(0%), DEF IV: 54(0%), Work Speed: (0%)
Mewing Shrek's 4 Pals
---------------------
Daedream, Level: 7, Rank: 1, Gender: Male, HP IV: 61(0%), ATK IV: 71(0%), DEF IV: 38(0%), Work Speed: (0%), Skills: Ferocious
Foxparks, Level: 4, Rank: 1, Gender: Female, HP IV: 53(0%), ATK IV: 70(0%), DEF IV: 4(0%), Work Speed: (0%), Skills: Fit as a Fiddle
Foxparks, Level: 6, Rank: 1, Gender: Male, HP IV: 100(0%), ATK IV: 5(0%), DEF IV: 31(0%), Work Speed: (0%), Skills: Heated Body
Teafant, Level: 4, Rank: 1, Gender: Female, HP IV: 21(0%), ATK IV: 16(0%), DEF IV: 54(0%), Work Speed: (0%)
Mewing Shrek's 4 Pals
---------------------
Daedream, Level: 7, Rank: 1, Gender: Male, HP IV: 61(0%), ATK IV: 71(0%), DEF IV: 38(0%), Work Speed: (0%), Skills: Ferocious
Foxparks, Level: 4, Rank: 1, Gender: Female, HP IV: 53(0%), ATK IV: 70(0%), DEF IV: 4(0%), Work Speed: (0%), Skills: Fit as a Fiddle
Foxparks, Level: 6, Rank: 1, Gender: Male, HP IV: 100(0%), ATK IV: 5(0%), DEF IV: 31(0%), Work Speed: (0%), Skills: Heated Body
Teafant, Level: 4, Rank: 1, Gender: Female, HP IV: 21(0%), ATK IV: 16(0%), DEF IV: 54(0%), Work Speed: (0%)
Mewing Shrek's 4 Pals
---------------------
Daedream, Level: 7, Rank: 1, Gender: Male, HP IV: 61(0%), ATK IV: 71(0%), DEF IV: 38(0%), Work Speed: (0%), Skills: Ferocious
Foxparks, Level: 4, Rank: 1, Gender: Female, HP IV: 53(0%), ATK IV: 70(0%), DEF IV: 4(0%), Work Speed: (0%), Skills: Fit as a Fiddle
Foxparks, Level: 6, Rank: 1, Gender: Male, HP IV: 100(0%), ATK IV: 5(0%), DEF IV: 31(0%), Work Speed: (0%), Skills: Heated Body
Teafant, Level: 4, Rank: 1, Gender: Female, HP IV: 21(0%), ATK IV: 16(0%), DEF IV: 54(0%), Work Speed: (0%)
Mewing Shrek's 4 Pals
---------------------
Daedream, Level: 7, Rank: 1, Gender: Male, HP IV: 61(0%), ATK IV: 71(0%), DEF IV: 38(0%), Work Speed: (0%), Skills: Ferocious
Foxparks, Level: 4, Rank: 1, Gender: Female, HP IV: 53(0%), ATK IV: 70(0%), DEF IV: 4(0%), Work Speed: (0%), Skills: Fit as a Fiddle
Foxparks, Level: 6, Rank: 1, Gender: Male, HP IV: 100(0%), ATK IV: 5(0%), DEF IV: 31(0%), Work Speed: (0%), Skills: Heated Body
Teafant, Level: 4, Rank: 1, Gender: Female, HP IV: 21(0%), ATK IV: 16(0%), DEF IV: 54(0%), Work Speed: (0%)
Mewing Shrek's 4 Pals
---------------------
Daedream, Level: 7, Rank: 1, Gender: Male, HP IV: 61(0%), ATK IV: 71(0%), DEF IV: 38(0%), Work Speed: (0%), Skills: Ferocious
Foxparks, Level: 4, Rank: 1, Gender: Female, HP IV: 53(0%), ATK IV: 70(0%), DEF IV: 4(0%), Work Speed: (0%), Skills: Fit as a Fiddle
Foxparks, Level: 6, Rank: 1, Gender: Male, HP IV: 100(0%), ATK IV: 5(0%), DEF IV: 31(0%), Work Speed: (0%), Skills: Heated Body
Teafant, Level: 4, Rank: 1, Gender: Female, HP IV: 21(0%), ATK IV: 16(0%), DEF IV: 54(0%), Work Speed: (0%)
Mewing Shrek's 4 Pals
---------------------
Daedream, Level: 7, Rank: 1, Gender: Male, HP IV: 61(0%), ATK IV: 71(0%), DEF IV: 38(0%), Work Speed: (0%), Skills: Ferocious
Foxparks, Level: 4, Rank: 1, Gender: Female, HP IV: 53(0%), ATK IV: 70(0%), DEF IV: 4(0%), Work Speed: (0%), Skills: Fit as a Fiddle
Foxparks, Level: 6, Rank: 1, Gender: Male, HP IV: 100(0%), ATK IV: 5(0%), DEF IV: 31(0%), Work Speed: (0%), Skills: Heated Body
Teafant, Level: 4, Rank: 1, Gender: Female, HP IV: 21(0%), ATK IV: 16(0%), DEF IV: 54(0%), Work Speed: (0%)
Mewing Shrek's 4 Pals
---------------------
Daedream, Level: 7, Rank: 1, Gender: Male, HP IV: 61(0%), ATK IV: 71(0%), DEF IV: 38(0%), Work Speed: (0%), Skills: Ferocious
Foxparks, Level: 4, Rank: 1, Gender: Female, HP IV: 53(0%), ATK IV: 70(0%), DEF IV: 4(0%), Work Speed: (0%), Skills: Fit as a Fiddle
Foxparks, Level: 6, Rank: 1, Gender: Male, HP IV: 100(0%), ATK IV: 5(0%), DEF IV: 31(0%), Work Speed: (0%), Skills: Heated Body
Teafant, Level: 4, Rank: 1, Gender: Female, HP IV: 21(0%), ATK IV: 16(0%), DEF IV: 54(0%), Work Speed: (0%)
Mewing Shrek's 4 Pals
---------------------
Daedream, Level: 7, Rank: 1, Gender: Male, HP IV: 61(0%), ATK IV: 71(0%), DEF IV: 38(0%), Work Speed: (0%), Skills: Ferocious
Foxparks, Level: 4, Rank: 1, Gender: Female, HP IV: 53(0%), ATK IV: 70(0%), DEF IV: 4(0%), Work Speed: (0%), Skills: Fit as a Fiddle
Foxparks, Level: 6, Rank: 1, Gender: Male, HP IV: 100(0%), ATK IV: 5(0%), DEF IV: 31(0%), Work Speed: (0%), Skills: Heated Body
Teafant, Level: 4, Rank: 1, Gender: Female, HP IV: 21(0%), ATK IV: 16(0%), DEF IV: 54(0%), Work Speed: (0%)
