Mikael's 5 Pals
---------------
Alpha Chillet, Level: 11, Rank: 1, Gender: Male, HP IV: 56(0%), ATK IV: 56(0%), DEF IV: 69(0%), Work Speed: (0%), Skills: Unstable
Croajiro, Level: 5, Rank: 1, Gender: Female, HP IV: 17(0%), ATK IV: 82(0%), DEF IV: 65(0%), Work Speed: (0%), Skills: Earthquake Resistant
Croajiro, Level: 6, Rank: 1, Gender: Male, HP IV: 2(0%), ATK IV: 10(0%), DEF IV: 83(0%), Work Speed: (0%), Skills: Noble
Dinossom, Level: 17, Rank: 1, Gender: Male, HP IV: 7(0%), ATK IV: 79(0%), DEF IV: 10(0%), Work Speed: (0%), Skills: Fine Furs, Botanical Barrier
Lamball, Level: 5, Rank: 1, Gender: Male, HP IV: 24(0%), ATK IV: 4(0%), DEF IV: 37(0%), Work Speed: (0%), Skills: Glutton, Ferocious, Vanguard
Mikael's 5 Pals
---------------
Alpha Chillet, Level: 11, Rank: 1, Gender: Male, HP IV: 56(0%), ATK IV: 56(0%), DEF IV: 69(0%), Work Speed: (0%), Skills: Unstable
Croajiro, Level: 5, Rank: 1, Gender: Female, HP IV: 17(0%), ATK IV: 82(0%), DEF IV: 65(0%), Work Speed: (0%), Skills: Earthquake Resistant
Croajiro, Level: 6, Rank: 1, Gender: Male, HP IV: 2(0%), ATK IV: 10(0%), DEF IV: 83(0%), Work Speed: (0%), Skills: Noble
Dinossom, Level: 17, Rank: 1, Gender: Male, HP IV: 7(0%), ATK IV: 79(0%), DEF IV: 10(0%), Work Speed: (0%), Skills: Fine Furs, Botanical Barrier
Lamball, Level: 5, Rank: 1, Gender: Male, HP IV: 24(0%), ATK IV: 4(0%), DEF IV: 37(0%), Work Speed: (0%), Skills: Glutton, Ferocious, Vanguard
Mikael's 5 Pals
---------------
Alpha Chillet, Level: 11, Rank: 1, Gender: Male, HP IV: 56(0%), ATK IV: 56(0%), DEF IV: 69(0%), Work Speed: (0%), Skills: Unstable
Croajiro, Level: 5, Rank: 1, Gender: Female, HP IV: 17(0%), ATK IV: 82(0%), DEF IV: 65(0%), Work Speed: (0%), Skills: Earthquake Resistant
Croajiro, Level: 6, Rank: 1, Gender: Male, HP IV: 2(0%), ATK IV: 10(0%), DEF IV: 83(0%), Work Speed: (0%), Skills: Noble
Dinossom, Level: 17, Rank: 1, Gender: Male, HP IV: 7(0%), ATK IV: 79(0%), DEF IV: 10(0%), Work Speed: (0%), Skills: Fine Furs, Botanical Barrier
Lamball, Level: 5, Rank: 1, Gender: Male, HP IV: 24(0%), ATK IV: 4(0%), DEF IV: 37(0%), Work Speed: (0%), Skills: Glutton, Ferocious, Vanguard
Mikael's 5 Pals
---------------
Alpha Chillet, Level: 11, Rank: 1, Gender: Male, HP IV: 56(0%), ATK IV: 56(0%), DEF IV: 69(0%), Work Speed: (0%), Skills: Unstable
Croajiro, Level: 5, Rank: 1, Gender: Female, HP IV: 17(0%), ATK IV: 82(0%), DEF IV: 65(0%), Work Speed: (0%), Skills: Earthquake Resistant
Croajiro, Level: 6, Rank: 1, Gender: Male, HP IV: 2(0%), ATK IV: 10(0%), DEF IV: 83(0%), Work Speed: (0%), Skills: Noble
Dinossom, Level: 17, Rank: 1, Gender: Male, HP IV: 7(0%), ATK IV: 79(0%), DEF IV: 10(0%), Work Speed: (0%), Skills: Fine Furs, Botanical Barrier
Lamball, Level: 5, Rank: 1, Gender: Male, HP IV: 24(0%), ATK IV: 4(0%), DEF IV: 37(0%), Work Speed: (0%), Skills: Glutton, Ferocious, Vanguard
Mikael's 5 Pals
---------------
Alpha Chillet, Level: 11, Rank: 1, Gender: Male, HP IV: 56(0%), ATK IV: 56(0%), DEF IV: 69(0%), Work Speed: (0%), Skills: Unstable
Croajiro, Level: 5, Rank: 1, Gender: Female, HP IV: 17(0%), ATK IV: 82(0%), DEF IV: 65(0%), Work Speed: (0%), Skills: Earthquake Resistant
Croajiro, Level: 6, Rank: 1, Gender: Male, HP IV: 2(0%), ATK IV: 10(0%), DEF IV: 83(0%), Work Speed: (0%), Skills: Noble
Dinossom, Level: 17, Rank: 1, Gender: Male, HP IV: 7(0%), ATK IV: 79(0%), DEF IV: 10(0%), Work Speed: (0%), Skills: Fine Furs, Botanical Barrier
Lamball, Level: 5, Rank: 1, Gender: Male, HP IV: 24(0%), ATK IV: 4(0%), DEF IV: 37(0%), Work Speed: (0%), Skills: Glutton, Ferocious, Vanguard
Mikael's 5 Pals
---------------
Alpha Chillet, Level: 11, Rank: 1, Gender: Male, HP IV: 56(0%), ATK IV: 56(0%), DEF IV: 69(0%), Work Speed: (0%), Skills: Unstable
Croajiro, Level: 5, Rank: 1, Gender: Female, HP IV: 17(0%), ATK IV: 82(0%), DEF IV: 65(0%), Work Speed: (0%), Skills: Earthquake Resistant
Croajiro, Level: 6, Rank: 1, Gender: Male, HP IV: 2(0%), ATK IV: 10(0%), DEF IV: 83(0%), Work Speed: (0%), Skills: Noble
Dinossom, Level: 17, Rank: 1, Gender: Male, HP IV: 7(0%), ATK IV: 79(0%), DEF IV: 10(0%), Work Speed: (0%), Skills: Fine Furs, Botanical Barrier
Lamball, Level: 5, Rank: 1, Gender: Male, HP IV: 24(0%), ATK IV: 4(0%), DEF IV: 37(0%), Work Speed: (0%), Skills: Glutton, Ferocious, Vanguard
Mikael's 5 Pals
---------------
Alpha Chillet, Level: 11, Rank: 1, Gender: Male, HP IV: 56(0%), ATK IV: 56(0%), DEF IV: 69(0%), Work Speed: (0%), Skills: Unstable
Croajiro, Level: 5, Rank: 1, Gender: Female, HP IV: 17(0%), ATK IV: 82(0%), DEF IV: 65(0%), Work Speed: (0%), Skills: Earthquake Resistant
Croajiro, Level: 6, Rank: 1, Gender: Male, HP IV: 2(0%), ATK IV: 10(0%), DEF IV: 83(0%), Work Speed: (0%), Skills: Noble
Dinossom, Level: 17, Rank: 1, Gender: Male, HP IV: 7(0%), ATK IV: 79(0%), DEF IV: 10(0%), Work Speed: (0%), Skills: Fine Furs, Botanical Barrier
Lamball, Level: 5, Rank: 1, Gender: Male, HP IV: 24(0%), ATK IV: 4(0%), DEF IV: 37(0%), Work Speed: (0%), Skills: Glutton, Ferocious, Vanguard
Mikael's 5 Pals
---------------
Alpha Chillet, Level: 11, Rank: 1, Gender: Male, HP IV: 56(0%), ATK IV: 56(0%), DEF IV: 69(0%), Work Speed: (0%), Skills: Unstable
Croajiro, Level: 5, Rank: 1, Gender: Female, HP IV: 17(0%), ATK IV: 82(0%), DEF IV: 65(0%), Work Speed: (0%), Skills: Earthquake Resistant
Croajiro, Level: 6, Rank: 1, Gender: Male, HP IV: 2(0%), ATK IV: 10(0%), DEF IV: 83(0%), Work Speed: (0%), Skills: Noble
Dinossom, Level: 17, Rank: 1, Gender: Male, HP IV: 7(0%), ATK IV: 79(0%), DEF IV: 10(0%), Work Speed: (0%), Skills: Fine Furs, Botanical Barrier
Lamball, Level: 5, Rank: 1, Gender: Male, HP IV: 24(0%), ATK IV: 4(0%), DEF IV: 37(0%), Work Speed: (0%), Skills: Glutton, Ferocious, Vanguard
Mikael's 5 Pals
---------------
Alpha Chillet, Level: 11, Rank: 1, Gender: Male, HP IV: 56(0%), ATK IV: 56(0%), DEF IV: 69(0%), Work Speed: (0%), Skills: Unstable
Croajiro, Level: 5, Rank: 1, Gender: Female, HP IV: 17(0%), ATK IV: 82(0%), DEF IV: 65(0%), Work Speed: (0%), Skills: Earthquake Resistant
Croajiro, Level: 6, Rank: 1, Gender: Male, HP IV: 2(0%), ATK IV: 10(0%), DEF IV: 83(0%), Work Speed: (0%), Skills: Noble
Dinossom, Level: 17, Rank: 1, Gender: Male, HP IV: 7(0%), ATK IV: 79(0%), DEF IV: 10(0%), Work Speed: (0%), Skills: Fine Furs, Botanical Barrier
Lamball, Level: 5, Rank: 1, Gender: Male, HP IV: 24(0%), ATK IV: 4(0%), DEF IV: 37(0%), Work Speed: (0%), Skills: Glutton, Ferocious, Vanguard
Mikael's 5 Pals
---------------
Alpha Chillet, Level: 11, Rank: 1, Gender: Male, HP IV: 56(0%), ATK IV: 56(0%), DEF IV: 69(0%), Work Speed: (0%), Skills: Unstable
Croajiro, Level: 5, Rank: 1, Gender: Female, HP IV: 17(0%), ATK IV: 82(0%), DEF IV: 65(0%), Work Speed: (0%), Skills: Earthquake Resistant
Croajiro, Level: 6, Rank: 1, Gender: Male, HP IV: 2(0%), ATK IV: 10(0%), DEF IV: 83(0%), Work Speed: (0%), Skills: Noble
Dinossom, Level: 17, Rank: 1, Gender: Male, HP IV: 7(0%), ATK IV: 79(0%), DEF IV: 10(0%), Work Speed: (0%), Skills: Fine Furs, Botanical Barrier
Lamball, Level: 5, Rank: 1, Gender: Male, HP IV: 24(0%), ATK IV: 4(0%), DEF IV: 37(0%), Work Speed: (0%), Skills: Glutton, Ferocious, Vanguard
Mikael's 5 Pals
---------------
Alpha Chillet, Level: 11, Rank: 1, Gender: Male, HP IV: 56(0%), ATK IV: 56(0%), DEF IV: 69(0%), Work Speed: (0%), Skills: Unstable
Croajiro, Level: 5, Rank: 1, Gender: Female, HP IV: 17(0%), ATK IV: 82(0%), DEF IV: 65(0%), Work Speed: (0%), Skills: Earthquake Resistant
Croajiro, Level: 6, Rank: 1, Gender: Male, HP IV: 2(0%), ATK IV: 10(0%), DEF IV: 83(0%), Work Speed: (0%), Skills: Noble
Dinossom, Level: 17, Rank: 1, Gender: Male, HP IV: 7(0%), ATK IV: 79(0%), DEF IV: 10(0%), Work Speed: (0%), Skills: Fine Furs, Botanical Barrier
Lamball, Level: 5, Rank: 1, Gender: Male, HP IV: 24(0%), ATK IV: 4(0%), DEF IV: 37(0%), Work Speed: (0%), Skills: Glutton, Ferocious, Vanguard
Mikael's 5 Pals
---------------
Alpha Chillet, Level: 11, Rank: 1, Gender: Male, HP IV: 56(0%), ATK IV: 56(0%), DEF IV: 69(0%), Work Speed: (0%), Skills: Unstable
Croajiro, Level: 5, Rank: 1, Gender: Female, HP IV: 17(0%), ATK IV: 82(0%), DEF IV: 65(0%), Work Speed: (0%), Skills: Earthquake Resistant
Croajiro, Level: 6, Rank: 1, Gender: Male, HP IV: 2(0%), ATK IV: 10(0%), DEF IV: 83(0%), Work Speed: (0%), Skills: Noble
Dinossom, Level: 17, Rank: 1, Gender: Male, HP IV: 7(0%), ATK IV: 79(0%), DEF IV: 10(0%), Work Speed: (0%), Skills: Fine Furs, Botanical Barrier
Lamball, Level: 5, Rank: 1, Gender: Male, HP IV: 24(0%), ATK IV: 4(0%), DEF IV: 37(0%), Work Speed: (0%), Skills: Glutton, Ferocious, Vanguard
Mikael's 5 Pals
---------------
Alpha Chillet, Level: 11, Rank: 1, Gender: Male, HP IV: 56(0%), ATK IV: 56(0%), DEF IV: 69(0%), Work Speed: (0%), Skills: Unstable
Croajiro, Level: 5, Rank: 1, Gender: Female, HP IV: 17(0%), ATK IV: 82(0%), DEF IV: 65(0%), Work Speed: (0%), Skills: Earthquake Resistant
Croajiro, Level: 6, Rank: 1, Gender: Male, HP IV: 2(0%), ATK IV: 10(0%), DEF IV: 83(0%), Work Speed: (0%), Skills: Noble
Dinossom, Level: 17, Rank: 1, Gender: Male, HP IV: 7(0%), ATK IV: 79(0%), DEF IV: 10(0%), Work Speed: (0%), Skills: Fine Furs, Botanical Barrier
Lamball, Level: 5, Rank: 1, Gender: Male, HP IV: 24(0%), ATK IV: 4(0%), DEF IV: 37(0%), Work Speed: (0%), Skills: Glutton, Ferocious, Vanguard
Mikael's 5 Pals
---------------
Alpha Chillet, Level: 11, Rank: 1, Gender: Male, HP IV: 56(0%), ATK IV: 56(0%), DEF IV: 69(0%), Work Speed: (0%), Skills: Unstable
Croajiro, Level: 5, Rank: 1, Gender: Female, HP IV: 17(0%), ATK IV: 82(0%), DEF IV: 65(0%), Work Speed: (0%), Skills: Earthquake Resistant
Croajiro, Level: 6, Rank: 1, Gender: Male, HP IV: 2(0%), ATK IV: 10(0%), DEF IV: 83(0%), Work Speed: (0%), Skills: Noble
Dinossom, Level: 17, Rank: 1, Gender: Male, HP IV: 7(0%), ATK IV: 79(0%), DEF IV: 10(0%), Work Speed: (0%), Skills: Fine Furs, Botanical Barrier
Lamball, Level: 5, Rank: 1, Gender: Male, HP IV: 24(0%), ATK IV: 4(0%), DEF IV: 37(0%), Work Speed: (0%), Skills: Glutton, Ferocious, Vanguard
