Mixologist's 8 Pals
-------------------
Cattiva, Level: 3, Rank: 1, Gender: Male, HP IV: 24(0%), ATK IV: 1(0%), DEF IV: 7(0%), Work Speed: (0%), Skills: Coward, Ferocious
Cattiva, Level: 4, Rank: 1, Gender: Female, HP IV: 70(0%), ATK IV: 40(0%), DEF IV: 76(0%), Work Speed: (0%), Skills: Coward, Easygoing
Cattiva, Level: 5, Rank: 1, Gender: Female, HP IV: 84(0%), ATK IV: 61(0%), DEF IV: 29(0%), Work Speed: (0%), Skills: Coward, Infinite Stamina
Cattiva, Level: 5, Rank: 1, Gender: Female, HP IV: 99(0%), ATK IV: 22(0%), DEF IV: 14(0%), Work Speed: (0%), Skills: Coward, Dragonkiller, Hooligan
Cattiva, Level: 6, Rank: 1, Gender: Male, HP IV: 75(0%), ATK IV: 90(0%), DEF IV: 87(0%), Work Speed: (0%), Skills: Coward, Capacitor
Chikipi, Level: 6, Rank: 1, Gender: Female, HP IV: 26(0%), ATK IV: 11(0%), DEF IV: 23(0%), Work Speed: (0%), Skills: Nimble, Glutton
Fuack, Level: 4, Rank: 1, Gender: Female, HP IV: 47(0%), ATK IV: 5(0%), DEF IV: 11(0%), Work Speed: (0%), Skills: Logging Foreman
Melpaca, Level: 8, Rank: 1, Gender: Male, HP IV: 73(0%), ATK IV: 5(0%), DEF IV: 18(0%), Work Speed: (0%), Skills: Impatient, Vanguard
Mixologist's 8 Pals
-------------------
Cattiva, Level: 3, Rank: 1, Gender: Male, HP IV: 24(0%), ATK IV: 1(0%), DEF IV: 7(0%), Work Speed: (0%), Skills: Coward, Ferocious
Cattiva, Level: 4, Rank: 1, Gender: Female, HP IV: 70(0%), ATK IV: 40(0%), DEF IV: 76(0%), Work Speed: (0%), Skills: Coward, Easygoing
Cattiva, Level: 5, Rank: 1, Gender: Female, HP IV: 84(0%), ATK IV: 61(0%), DEF IV: 29(0%), Work Speed: (0%), Skills: Coward, Infinite Stamina
Cattiva, Level: 5, Rank: 1, Gender: Female, HP IV: 99(0%), ATK IV: 22(0%), DEF IV: 14(0%), Work Speed: (0%), Skills: Coward, Dragonkiller, Hooligan
Cattiva, Level: 6, Rank: 1, Gender: Male, HP IV: 75(0%), ATK IV: 90(0%), DEF IV: 87(0%), Work Speed: (0%), Skills: Coward, Capacitor
Chikipi, Level: 6, Rank: 1, Gender: Female, HP IV: 26(0%), ATK IV: 11(0%), DEF IV: 23(0%), Work Speed: (0%), Skills: Nimble, Glutton
Fuack, Level: 4, Rank: 1, Gender: Female, HP IV: 47(0%), ATK IV: 5(0%), DEF IV: 11(0%), Work Speed: (0%), Skills: Logging Foreman
Melpaca, Level: 8, Rank: 1, Gender: Male, HP IV: 73(0%), ATK IV: 5(0%), DEF IV: 18(0%), Work Speed: (0%), Skills: Impatient, Vanguard
Mixologist's 8 Pals
-------------------
Cattiva, Level: 3, Rank: 1, Gender: Male, HP IV: 24(0%), ATK IV: 1(0%), DEF IV: 7(0%), Work Speed: (0%), Skills: Coward, Ferocious
Cattiva, Level: 4, Rank: 1, Gender: Female, HP IV: 70(0%), ATK IV: 40(0%), DEF IV: 76(0%), Work Speed: (0%), Skills: Coward, Easygoing
Cattiva, Level: 5, Rank: 1, Gender: Female, HP IV: 84(0%), ATK IV: 61(0%), DEF IV: 29(0%), Work Speed: (0%), Skills: Coward, Infinite Stamina
Cattiva, Level: 5, Rank: 1, Gender: Female, HP IV: 99(0%), ATK IV: 22(0%), DEF IV: 14(0%), Work Speed: (0%), Skills: Coward, Dragonkiller, Hooligan
Cattiva, Level: 6, Rank: 1, Gender: Male, HP IV: 75(0%), ATK IV: 90(0%), DEF IV: 87(0%), Work Speed: (0%), Skills: Coward, Capacitor
Chikipi, Level: 6, Rank: 1, Gender: Female, HP IV: 26(0%), ATK IV: 11(0%), DEF IV: 23(0%), Work Speed: (0%), Skills: Nimble, Glutton
Fuack, Level: 4, Rank: 1, Gender: Female, HP IV: 47(0%), ATK IV: 5(0%), DEF IV: 11(0%), Work Speed: (0%), Skills: Logging Foreman
Melpaca, Level: 8, Rank: 1, Gender: Male, HP IV: 73(0%), ATK IV: 5(0%), DEF IV: 18(0%), Work Speed: (0%), Skills: Impatient, Vanguard
Mixologist's 8 Pals
-------------------
Cattiva, Level: 3, Rank: 1, Gender: Male, HP IV: 24(0%), ATK IV: 1(0%), DEF IV: 7(0%), Work Speed: (0%), Skills: Coward, Ferocious
Cattiva, Level: 4, Rank: 1, Gender: Female, HP IV: 70(0%), ATK IV: 40(0%), DEF IV: 76(0%), Work Speed: (0%), Skills: Coward, Easygoing
Cattiva, Level: 5, Rank: 1, Gender: Female, HP IV: 84(0%), ATK IV: 61(0%), DEF IV: 29(0%), Work Speed: (0%), Skills: Coward, Infinite Stamina
Cattiva, Level: 5, Rank: 1, Gender: Female, HP IV: 99(0%), ATK IV: 22(0%), DEF IV: 14(0%), Work Speed: (0%), Skills: Coward, Dragonkiller, Hooligan
Cattiva, Level: 6, Rank: 1, Gender: Male, HP IV: 75(0%), ATK IV: 90(0%), DEF IV: 87(0%), Work Speed: (0%), Skills: Coward, Capacitor
Chikipi, Level: 6, Rank: 1, Gender: Female, HP IV: 26(0%), ATK IV: 11(0%), DEF IV: 23(0%), Work Speed: (0%), Skills: Nimble, Glutton
Fuack, Level: 4, Rank: 1, Gender: Female, HP IV: 47(0%), ATK IV: 5(0%), DEF IV: 11(0%), Work Speed: (0%), Skills: Logging Foreman
Melpaca, Level: 8, Rank: 1, Gender: Male, HP IV: 73(0%), ATK IV: 5(0%), DEF IV: 18(0%), Work Speed: (0%), Skills: Impatient, Vanguard
Mixologist's 8 Pals
-------------------
Cattiva, Level: 3, Rank: 1, Gender: Male, HP IV: 24(0%), ATK IV: 1(0%), DEF IV: 7(0%), Work Speed: (0%), Skills: Coward, Ferocious
Cattiva, Level: 4, Rank: 1, Gender: Female, HP IV: 70(0%), ATK IV: 40(0%), DEF IV: 76(0%), Work Speed: (0%), Skills: Coward, Easygoing
Cattiva, Level: 5, Rank: 1, Gender: Female, HP IV: 84(0%), ATK IV: 61(0%), DEF IV: 29(0%), Work Speed: (0%), Skills: Coward, Infinite Stamina
Cattiva, Level: 5, Rank: 1, Gender: Female, HP IV: 99(0%), ATK IV: 22(0%), DEF IV: 14(0%), Work Speed: (0%), Skills: Coward, Dragonkiller, Hooligan
Cattiva, Level: 6, Rank: 1, Gender: Male, HP IV: 75(0%), ATK IV: 90(0%), DEF IV: 87(0%), Work Speed: (0%), Skills: Coward, Capacitor
Chikipi, Level: 6, Rank: 1, Gender: Female, HP IV: 26(0%), ATK IV: 11(0%), DEF IV: 23(0%), Work Speed: (0%), Skills: Nimble, Glutton
Fuack, Level: 4, Rank: 1, Gender: Female, HP IV: 47(0%), ATK IV: 5(0%), DEF IV: 11(0%), Work Speed: (0%), Skills: Logging Foreman
Melpaca, Level: 8, Rank: 1, Gender: Male, HP IV: 73(0%), ATK IV: 5(0%), DEF IV: 18(0%), Work Speed: (0%), Skills: Impatient, Vanguard
Mixologist's 8 Pals
-------------------
Cattiva, Level: 3, Rank: 1, Gender: Male, HP IV: 24(0%), ATK IV: 1(0%), DEF IV: 7(0%), Work Speed: (0%), Skills: Coward, Ferocious
Cattiva, Level: 4, Rank: 1, Gender: Female, HP IV: 70(0%), ATK IV: 40(0%), DEF IV: 76(0%), Work Speed: (0%), Skills: Coward, Easygoing
Cattiva, Level: 5, Rank: 1, Gender: Female, HP IV: 84(0%), ATK IV: 61(0%), DEF IV: 29(0%), Work Speed: (0%), Skills: Coward, Infinite Stamina
Cattiva, Level: 5, Rank: 1, Gender: Female, HP IV: 99(0%), ATK IV: 22(0%), DEF IV: 14(0%), Work Speed: (0%), Skills: Coward, Dragonkiller, Hooligan
Cattiva, Level: 6, Rank: 1, Gender: Male, HP IV: 75(0%), ATK IV: 90(0%), DEF IV: 87(0%), Work Speed: (0%), Skills: Coward, Capacitor
Chikipi, Level: 6, Rank: 1, Gender: Female, HP IV: 26(0%), ATK IV: 11(0%), DEF IV: 23(0%), Work Speed: (0%), Skills: Nimble, Glutton
Fuack, Level: 4, Rank: 1, Gender: Female, HP IV: 47(0%), ATK IV: 5(0%), DEF IV: 11(0%), Work Speed: (0%), Skills: Logging Foreman
Melpaca, Level: 8, Rank: 1, Gender: Male, HP IV: 73(0%), ATK IV: 5(0%), DEF IV: 18(0%), Work Speed: (0%), Skills: Impatient, Vanguard
Mixologist's 8 Pals
-------------------
Cattiva, Level: 3, Rank: 1, Gender: Male, HP IV: 24(0%), ATK IV: 1(0%), DEF IV: 7(0%), Work Speed: (0%), Skills: Coward, Ferocious
Cattiva, Level: 4, Rank: 1, Gender: Female, HP IV: 70(0%), ATK IV: 40(0%), DEF IV: 76(0%), Work Speed: (0%), Skills: Coward, Easygoing
Cattiva, Level: 5, Rank: 1, Gender: Female, HP IV: 84(0%), ATK IV: 61(0%), DEF IV: 29(0%), Work Speed: (0%), Skills: Coward, Infinite Stamina
Cattiva, Level: 5, Rank: 1, Gender: Female, HP IV: 99(0%), ATK IV: 22(0%), DEF IV: 14(0%), Work Speed: (0%), Skills: Coward, Dragonkiller, Hooligan
Cattiva, Level: 6, Rank: 1, Gender: Male, HP IV: 75(0%), ATK IV: 90(0%), DEF IV: 87(0%), Work Speed: (0%), Skills: Coward, Capacitor
Chikipi, Level: 6, Rank: 1, Gender: Female, HP IV: 26(0%), ATK IV: 11(0%), DEF IV: 23(0%), Work Speed: (0%), Skills: Nimble, Glutton
Fuack, Level: 4, Rank: 1, Gender: Female, HP IV: 47(0%), ATK IV: 5(0%), DEF IV: 11(0%), Work Speed: (0%), Skills: Logging Foreman
Melpaca, Level: 8, Rank: 1, Gender: Male, HP IV: 73(0%), ATK IV: 5(0%), DEF IV: 18(0%), Work Speed: (0%), Skills: Impatient, Vanguard
Mixologist's 8 Pals
-------------------
Cattiva, Level: 3, Rank: 1, Gender: Male, HP IV: 24(0%), ATK IV: 1(0%), DEF IV: 7(0%), Work Speed: (0%), Skills: Coward, Ferocious
Cattiva, Level: 4, Rank: 1, Gender: Female, HP IV: 70(0%), ATK IV: 40(0%), DEF IV: 76(0%), Work Speed: (0%), Skills: Coward, Easygoing
Cattiva, Level: 5, Rank: 1, Gender: Female, HP IV: 84(0%), ATK IV: 61(0%), DEF IV: 29(0%), Work Speed: (0%), Skills: Coward, Infinite Stamina
Cattiva, Level: 5, Rank: 1, Gender: Female, HP IV: 99(0%), ATK IV: 22(0%), DEF IV: 14(0%), Work Speed: (0%), Skills: Coward, Dragonkiller, Hooligan
Cattiva, Level: 6, Rank: 1, Gender: Male, HP IV: 75(0%), ATK IV: 90(0%), DEF IV: 87(0%), Work Speed: (0%), Skills: Coward, Capacitor
Chikipi, Level: 6, Rank: 1, Gender: Female, HP IV: 26(0%), ATK IV: 11(0%), DEF IV: 23(0%), Work Speed: (0%), Skills: Nimble, Glutton
Fuack, Level: 4, Rank: 1, Gender: Female, HP IV: 47(0%), ATK IV: 5(0%), DEF IV: 11(0%), Work Speed: (0%), Skills: Logging Foreman
Melpaca, Level: 8, Rank: 1, Gender: Male, HP IV: 73(0%), ATK IV: 5(0%), DEF IV: 18(0%), Work Speed: (0%), Skills: Impatient, Vanguard
Mixologist's 8 Pals
-------------------
Cattiva, Level: 3, Rank: 1, Gender: Male, HP IV: 24(0%), ATK IV: 1(0%), DEF IV: 7(0%), Work Speed: (0%), Skills: Coward, Ferocious
Cattiva, Level: 4, Rank: 1, Gender: Female, HP IV: 70(0%), ATK IV: 40(0%), DEF IV: 76(0%), Work Speed: (0%), Skills: Coward, Easygoing
Cattiva, Level: 5, Rank: 1, Gender: Female, HP IV: 84(0%), ATK IV: 61(0%), DEF IV: 29(0%), Work Speed: (0%), Skills: Coward, Infinite Stamina
Cattiva, Level: 5, Rank: 1, Gender: Female, HP IV: 99(0%), ATK IV: 22(0%), DEF IV: 14(0%), Work Speed: (0%), Skills: Coward, Dragonkiller, Hooligan
Cattiva, Level: 6, Rank: 1, Gender: Male, HP IV: 75(0%), ATK IV: 90(0%), DEF IV: 87(0%), Work Speed: (0%), Skills: Coward, Capacitor
Chikipi, Level: 6, Rank: 1, Gender: Female, HP IV: 26(0%), ATK IV: 11(0%), DEF IV: 23(0%), Work Speed: (0%), Skills: Nimble, Glutton
Fuack, Level: 4, Rank: 1, Gender: Female, HP IV: 47(0%), ATK IV: 5(0%), DEF IV: 11(0%), Work Speed: (0%), Skills: Logging Foreman
Melpaca, Level: 8, Rank: 1, Gender: Male, HP IV: 73(0%), ATK IV: 5(0%), DEF IV: 18(0%), Work Speed: (0%), Skills: Impatient, Vanguard
Mixologist's 8 Pals
-------------------
Cattiva, Level: 3, Rank: 1, Gender: Male, HP IV: 24(0%), ATK IV: 1(0%), DEF IV: 7(0%), Work Speed: (0%), Skills: Coward, Ferocious
Cattiva, Level: 4, Rank: 1, Gender: Female, HP IV: 70(0%), ATK IV: 40(0%), DEF IV: 76(0%), Work Speed: (0%), Skills: Coward, Easygoing
Cattiva, Level: 5, Rank: 1, Gender: Female, HP IV: 84(0%), ATK IV: 61(0%), DEF IV: 29(0%), Work Speed: (0%), Skills: Coward, Infinite Stamina
Cattiva, Level: 5, Rank: 1, Gender: Female, HP IV: 99(0%), ATK IV: 22(0%), DEF IV: 14(0%), Work Speed: (0%), Skills: Coward, Dragonkiller, Hooligan
Cattiva, Level: 6, Rank: 1, Gender: Male, HP IV: 75(0%), ATK IV: 90(0%), DEF IV: 87(0%), Work Speed: (0%), Skills: Coward, Capacitor
Chikipi, Level: 6, Rank: 1, Gender: Female, HP IV: 26(0%), ATK IV: 11(0%), DEF IV: 23(0%), Work Speed: (0%), Skills: Nimble, Glutton
Fuack, Level: 4, Rank: 1, Gender: Female, HP IV: 47(0%), ATK IV: 5(0%), DEF IV: 11(0%), Work Speed: (0%), Skills: Logging Foreman
Melpaca, Level: 8, Rank: 1, Gender: Male, HP IV: 73(0%), ATK IV: 5(0%), DEF IV: 18(0%), Work Speed: (0%), Skills: Impatient, Vanguard
Mixologist's 8 Pals
-------------------
Cattiva, Level: 3, Rank: 1, Gender: Male, HP IV: 24(0%), ATK IV: 1(0%), DEF IV: 7(0%), Work Speed: (0%), Skills: Coward, Ferocious
Cattiva, Level: 4, Rank: 1, Gender: Female, HP IV: 70(0%), ATK IV: 40(0%), DEF IV: 76(0%), Work Speed: (0%), Skills: Coward, Easygoing
Cattiva, Level: 5, Rank: 1, Gender: Female, HP IV: 84(0%), ATK IV: 61(0%), DEF IV: 29(0%), Work Speed: (0%), Skills: Coward, Infinite Stamina
Cattiva, Level: 5, Rank: 1, Gender: Female, HP IV: 99(0%), ATK IV: 22(0%), DEF IV: 14(0%), Work Speed: (0%), Skills: Coward, Dragonkiller, Hooligan
Cattiva, Level: 6, Rank: 1, Gender: Male, HP IV: 75(0%), ATK IV: 90(0%), DEF IV: 87(0%), Work Speed: (0%), Skills: Coward, Capacitor
Chikipi, Level: 6, Rank: 1, Gender: Female, HP IV: 26(0%), ATK IV: 11(0%), DEF IV: 23(0%), Work Speed: (0%), Skills: Nimble, Glutton
Fuack, Level: 4, Rank: 1, Gender: Female, HP IV: 47(0%), ATK IV: 5(0%), DEF IV: 11(0%), Work Speed: (0%), Skills: Logging Foreman
Melpaca, Level: 8, Rank: 1, Gender: Male, HP IV: 73(0%), ATK IV: 5(0%), DEF IV: 18(0%), Work Speed: (0%), Skills: Impatient, Vanguard
Mixologist's 8 Pals
-------------------
Cattiva, Level: 3, Rank: 1, Gender: Male, HP IV: 24(0%), ATK IV: 1(0%), DEF IV: 7(0%), Work Speed: (0%), Skills: Coward, Ferocious
Cattiva, Level: 4, Rank: 1, Gender: Female, HP IV: 70(0%), ATK IV: 40(0%), DEF IV: 76(0%), Work Speed: (0%), Skills: Coward, Easygoing
Cattiva, Level: 5, Rank: 1, Gender: Female, HP IV: 84(0%), ATK IV: 61(0%), DEF IV: 29(0%), Work Speed: (0%), Skills: Coward, Infinite Stamina
Cattiva, Level: 5, Rank: 1, Gender: Female, HP IV: 99(0%), ATK IV: 22(0%), DEF IV: 14(0%), Work Speed: (0%), Skills: Coward, Dragonkiller, Hooligan
Cattiva, Level: 6, Rank: 1, Gender: Male, HP IV: 75(0%), ATK IV: 90(0%), DEF IV: 87(0%), Work Speed: (0%), Skills: Coward, Capacitor
Chikipi, Level: 6, Rank: 1, Gender: Female, HP IV: 26(0%), ATK IV: 11(0%), DEF IV: 23(0%), Work Speed: (0%), Skills: Nimble, Glutton
Fuack, Level: 4, Rank: 1, Gender: Female, HP IV: 47(0%), ATK IV: 5(0%), DEF IV: 11(0%), Work Speed: (0%), Skills: Logging Foreman
Melpaca, Level: 8, Rank: 1, Gender: Male, HP IV: 73(0%), ATK IV: 5(0%), DEF IV: 18(0%), Work Speed: (0%), Skills: Impatient, Vanguard
Mixologist's 8 Pals
-------------------
Cattiva, Level: 3, Rank: 1, Gender: Male, HP IV: 24(0%), ATK IV: 1(0%), DEF IV: 7(0%), Work Speed: (0%), Skills: Coward, Ferocious
Cattiva, Level: 4, Rank: 1, Gender: Female, HP IV: 70(0%), ATK IV: 40(0%), DEF IV: 76(0%), Work Speed: (0%), Skills: Coward, Easygoing
Cattiva, Level: 5, Rank: 1, Gender: Female, HP IV: 84(0%), ATK IV: 61(0%), DEF IV: 29(0%), Work Speed: (0%), Skills: Coward, Infinite Stamina
Cattiva, Level: 5, Rank: 1, Gender: Female, HP IV: 99(0%), ATK IV: 22(0%), DEF IV: 14(0%), Work Speed: (0%), Skills: Coward, Dragonkiller, Hooligan
Cattiva, Level: 6, Rank: 1, Gender: Male, HP IV: 75(0%), ATK IV: 90(0%), DEF IV: 87(0%), Work Speed: (0%), Skills: Coward, Capacitor
Chikipi, Level: 6, Rank: 1, Gender: Female, HP IV: 26(0%), ATK IV: 11(0%), DEF IV: 23(0%), Work Speed: (0%), Skills: Nimble, Glutton
Fuack, Level: 4, Rank: 1, Gender: Female, HP IV: 47(0%), ATK IV: 5(0%), DEF IV: 11(0%), Work Speed: (0%), Skills: Logging Foreman
Melpaca, Level: 8, Rank: 1, Gender: Male, HP IV: 73(0%), ATK IV: 5(0%), DEF IV: 18(0%), Work Speed: (0%), Skills: Impatient, Vanguard
Mixologist's 8 Pals
-------------------
Cattiva, Level: 3, Rank: 1, Gender: Male, HP IV: 24(0%), ATK IV: 1(0%), DEF IV: 7(0%), Work Speed: (0%), Skills: Coward, Ferocious
Cattiva, Level: 4, Rank: 1, Gender: Female, HP IV: 70(0%), ATK IV: 40(0%), DEF IV: 76(0%), Work Speed: (0%), Skills: Coward, Easygoing
Cattiva, Level: 5, Rank: 1, Gender: Female, HP IV: 84(0%), ATK IV: 61(0%), DEF IV: 29(0%), Work Speed: (0%), Skills: Coward, Infinite Stamina
Cattiva, Level: 5, Rank: 1, Gender: Female, HP IV: 99(0%), ATK IV: 22(0%), DEF IV: 14(0%), Work Speed: (0%), Skills: Coward, Dragonkiller, Hooligan
Cattiva, Level: 6, Rank: 1, Gender: Male, HP IV: 75(0%), ATK IV: 90(0%), DEF IV: 87(0%), Work Speed: (0%), Skills: Coward, Capacitor
Chikipi, Level: 6, Rank: 1, Gender: Female, HP IV: 26(0%), ATK IV: 11(0%), DEF IV: 23(0%), Work Speed: (0%), Skills: Nimble, Glutton
Fuack, Level: 4, Rank: 1, Gender: Female, HP IV: 47(0%), ATK IV: 5(0%), DEF IV: 11(0%), Work Speed: (0%), Skills: Logging Foreman
Melpaca, Level: 8, Rank: 1, Gender: Male, HP IV: 73(0%), ATK IV: 5(0%), DEF IV: 18(0%), Work Speed: (0%), Skills: Impatient, Vanguard
