Mr.Beast but evil's 26 Pals
---------------------------
Cattiva, Level: 16, Rank: 1, Gender: Female, HP IV: 26(0%), ATK IV: 67(0%), DEF IV: 14(0%), Work Speed: (0%), Skills: Coward, Zen Mind
Cattiva, Level: 16, Rank: 1, Gender: Female, HP IV: 7(0%), ATK IV: 55(0%), DEF IV: 95(0%), Work Speed: (0%), Skills: Coward
Cattiva, Level: 16, Rank: 1, Gender: Female, HP IV: 75(0%), ATK IV: 34(0%), DEF IV: 35(0%), Work Speed: (0%), Skills: Coward, Power of Gaia
Cattiva, Level: 16, Rank: 1, Gender: Male, HP IV: 13(0%), ATK IV: 54(0%), DEF IV: 1(0%), Work Speed: (0%), Skills: Coward, Insulated Body
Cremis, Level: 13, Rank: 1, Gender: Female, HP IV: 96(0%), ATK IV: 24(0%), DEF IV: 58(0%), Work Speed: (0%)
Direhowl, Level: 16, Rank: 1, Gender: Female, HP IV: 38(0%), ATK IV: 87(0%), DEF IV: 61(0%), Work Speed: (0%), Skills: Zen Mind
Eikthyrdeer, Level: 1, Rank: 1, Gender: Female, HP IV: 97(0%), ATK IV: 81(0%), DEF IV: 66(0%), Work Speed: (0%), Skills: Capacitor
Foxparks, Level: 13, Rank: 1, Gender: Male, HP IV: 74(0%), ATK IV: 100(0%), DEF IV: 82(0%), Work Speed: (0%)
Foxparks, Level: 4, Rank: 1, Gender: Female, HP IV: 88(0%), ATK IV: 38(0%), DEF IV: 65(0%), Work Speed: (0%), Skills: Sickly
Foxparks, Level: 9, Rank: 1, Gender: Male, HP IV: 60(0%), ATK IV: 6(0%), DEF IV: 83(0%), Work Speed: (0%)
Fuack, Level: 5, Rank: 1, Gender: Female, HP IV: 20(0%), ATK IV: 27(0%), DEF IV: 4(0%), Work Speed: (0%), Skills: Stronghold Strategist
Fuack, Level: 6, Rank: 1, Gender: Female, HP IV: 59(0%), ATK IV: 88(0%), DEF IV: 77(0%), Work Speed: (0%), Skills: Destructive
Fuack, Level: 8, Rank: 1, Gender: Female, HP IV: 82(0%), ATK IV: 77(0%), DEF IV: 59(0%), Work Speed: (0%), Skills: Musclehead, Heated Body
Fuack, Level: 8, Rank: 1, Gender: Male, HP IV: 84(0%), ATK IV: 26(0%), DEF IV: 78(0%), Work Speed: (0%), Skills: Easygoing
Fuddler, Level: 2, Rank: 1, Gender: Female, HP IV: 6(0%), ATK IV: 54(0%), DEF IV: 27(0%), Work Speed: (0%), Skills: Abnormal
Grintale, Level: 1, Rank: 1, Gender: Female, HP IV: 53(0%), ATK IV: 53(0%), DEF IV: 9(0%), Work Speed: (0%), Skills: Mine Foreman
Lamball, Level: 10, Rank: 1, Gender: Male, HP IV: 69(0%), ATK IV: 65(0%), DEF IV: 94(0%), Work Speed: (0%), Skills: Musclehead
Lamball, Level: 5, Rank: 1, Gender: Male, HP IV: 95(0%), ATK IV: 65(0%), DEF IV: 86(0%), Work Speed: (0%), Skills: Nocturnal
Nox, Level: 1, Rank: 1, Gender: Male, HP IV: 74(0%), ATK IV: 25(0%), DEF IV: 74(0%), Work Speed: (0%), Skills: Coldblooded
Pengullet, Level: 10, Rank: 1, Gender: Female, HP IV: 33(0%), ATK IV: 59(0%), DEF IV: 100(0%), Work Speed: (0%), Skills: Dainty Eater
Pengullet, Level: 10, Rank: 1, Gender: Female, HP IV: 87(0%), ATK IV: 83(0%), DEF IV: 40(0%), Work Speed: (0%), Skills: Suntan Lover
Pengullet, Level: 10, Rank: 1, Gender: Female, HP IV: 98(0%), ATK IV: 84(0%), DEF IV: 51(0%), Work Speed: (0%)
Pengullet, Level: 10, Rank: 1, Gender: Female, HP IV: 99(0%), ATK IV: 3(0%), DEF IV: 56(0%), Work Speed: (0%), Skills: Impatient
Pengullet, Level: 11, Rank: 1, Gender: Female, HP IV: 68(0%), ATK IV: 89(0%), DEF IV: 23(0%), Work Speed: (0%)
Pengullet, Level: 12, Rank: 1, Gender: Female, HP IV: 75(0%), ATK IV: 7(0%), DEF IV: 41(0%), Work Speed: (0%), Skills: Cheery
Sparkit, Level: 8, Rank: 1, Gender: Female, HP IV: 26(0%), ATK IV: 74(0%), DEF IV: 72(0%), Work Speed: (0%), Skills: Coldblooded
Mr.Beast but evil's 26 Pals
---------------------------
Cattiva, Level: 16, Rank: 1, Gender: Female, HP IV: 26(0%), ATK IV: 67(0%), DEF IV: 14(0%), Work Speed: (0%), Skills: Coward, Zen Mind
Cattiva, Level: 16, Rank: 1, Gender: Female, HP IV: 7(0%), ATK IV: 55(0%), DEF IV: 95(0%), Work Speed: (0%), Skills: Coward
Cattiva, Level: 16, Rank: 1, Gender: Female, HP IV: 75(0%), ATK IV: 34(0%), DEF IV: 35(0%), Work Speed: (0%), Skills: Coward, Power of Gaia
Cattiva, Level: 16, Rank: 1, Gender: Male, HP IV: 13(0%), ATK IV: 54(0%), DEF IV: 1(0%), Work Speed: (0%), Skills: Coward, Insulated Body
Cremis, Level: 13, Rank: 1, Gender: Female, HP IV: 96(0%), ATK IV: 24(0%), DEF IV: 58(0%), Work Speed: (0%)
Direhowl, Level: 16, Rank: 1, Gender: Female, HP IV: 38(0%), ATK IV: 87(0%), DEF IV: 61(0%), Work Speed: (0%), Skills: Zen Mind
Eikthyrdeer, Level: 1, Rank: 1, Gender: Female, HP IV: 97(0%), ATK IV: 81(0%), DEF IV: 66(0%), Work Speed: (0%), Skills: Capacitor
Foxparks, Level: 13, Rank: 1, Gender: Male, HP IV: 74(0%), ATK IV: 100(0%), DEF IV: 82(0%), Work Speed: (0%)
Foxparks, Level: 4, Rank: 1, Gender: Female, HP IV: 88(0%), ATK IV: 38(0%), DEF IV: 65(0%), Work Speed: (0%), Skills: Sickly
Foxparks, Level: 9, Rank: 1, Gender: Male, HP IV: 60(0%), ATK IV: 6(0%), DEF IV: 83(0%), Work Speed: (0%)
Fuack, Level: 5, Rank: 1, Gender: Female, HP IV: 20(0%), ATK IV: 27(0%), DEF IV: 4(0%), Work Speed: (0%), Skills: Stronghold Strategist
Fuack, Level: 6, Rank: 1, Gender: Female, HP IV: 59(0%), ATK IV: 88(0%), DEF IV: 77(0%), Work Speed: (0%), Skills: Destructive
Fuack, Level: 8, Rank: 1, Gender: Female, HP IV: 82(0%), ATK IV: 77(0%), DEF IV: 59(0%), Work Speed: (0%), Skills: Musclehead, Heated Body
Fuack, Level: 8, Rank: 1, Gender: Male, HP IV: 84(0%), ATK IV: 26(0%), DEF IV: 78(0%), Work Speed: (0%), Skills: Easygoing
Fuddler, Level: 2, Rank: 1, Gender: Female, HP IV: 6(0%), ATK IV: 54(0%), DEF IV: 27(0%), Work Speed: (0%), Skills: Abnormal
Grintale, Level: 1, Rank: 1, Gender: Female, HP IV: 53(0%), ATK IV: 53(0%), DEF IV: 9(0%), Work Speed: (0%), Skills: Mine Foreman
Lamball, Level: 10, Rank: 1, Gender: Male, HP IV: 69(0%), ATK IV: 65(0%), DEF IV: 94(0%), Work Speed: (0%), Skills: Musclehead
Lamball, Level: 5, Rank: 1, Gender: Male, HP IV: 95(0%), ATK IV: 65(0%), DEF IV: 86(0%), Work Speed: (0%), Skills: Nocturnal
Nox, Level: 1, Rank: 1, Gender: Male, HP IV: 74(0%), ATK IV: 25(0%), DEF IV: 74(0%), Work Speed: (0%), Skills: Coldblooded
Pengullet, Level: 10, Rank: 1, Gender: Female, HP IV: 33(0%), ATK IV: 59(0%), DEF IV: 100(0%), Work Speed: (0%), Skills: Dainty Eater
Pengullet, Level: 10, Rank: 1, Gender: Female, HP IV: 87(0%), ATK IV: 83(0%), DEF IV: 40(0%), Work Speed: (0%), Skills: Suntan Lover
Pengullet, Level: 10, Rank: 1, Gender: Female, HP IV: 98(0%), ATK IV: 84(0%), DEF IV: 51(0%), Work Speed: (0%)
Pengullet, Level: 10, Rank: 1, Gender: Female, HP IV: 99(0%), ATK IV: 3(0%), DEF IV: 56(0%), Work Speed: (0%), Skills: Impatient
Pengullet, Level: 11, Rank: 1, Gender: Female, HP IV: 68(0%), ATK IV: 89(0%), DEF IV: 23(0%), Work Speed: (0%)
Pengullet, Level: 12, Rank: 1, Gender: Female, HP IV: 75(0%), ATK IV: 7(0%), DEF IV: 41(0%), Work Speed: (0%), Skills: Cheery
Sparkit, Level: 8, Rank: 1, Gender: Female, HP IV: 26(0%), ATK IV: 74(0%), DEF IV: 72(0%), Work Speed: (0%), Skills: Coldblooded
Mr.Beast but evil's 26 Pals
---------------------------
Cattiva, Level: 16, Rank: 1, Gender: Female, HP IV: 26(0%), ATK IV: 67(0%), DEF IV: 14(0%), Work Speed: (0%), Skills: Coward, Zen Mind
Cattiva, Level: 16, Rank: 1, Gender: Female, HP IV: 7(0%), ATK IV: 55(0%), DEF IV: 95(0%), Work Speed: (0%), Skills: Coward
Cattiva, Level: 16, Rank: 1, Gender: Female, HP IV: 75(0%), ATK IV: 34(0%), DEF IV: 35(0%), Work Speed: (0%), Skills: Coward, Power of Gaia
Cattiva, Level: 16, Rank: 1, Gender: Male, HP IV: 13(0%), ATK IV: 54(0%), DEF IV: 1(0%), Work Speed: (0%), Skills: Coward, Insulated Body
Cremis, Level: 13, Rank: 1, Gender: Female, HP IV: 96(0%), ATK IV: 24(0%), DEF IV: 58(0%), Work Speed: (0%)
Direhowl, Level: 16, Rank: 1, Gender: Female, HP IV: 38(0%), ATK IV: 87(0%), DEF IV: 61(0%), Work Speed: (0%), Skills: Zen Mind
Eikthyrdeer, Level: 1, Rank: 1, Gender: Female, HP IV: 97(0%), ATK IV: 81(0%), DEF IV: 66(0%), Work Speed: (0%), Skills: Capacitor
Foxparks, Level: 13, Rank: 1, Gender: Male, HP IV: 74(0%), ATK IV: 100(0%), DEF IV: 82(0%), Work Speed: (0%)
Foxparks, Level: 4, Rank: 1, Gender: Female, HP IV: 88(0%), ATK IV: 38(0%), DEF IV: 65(0%), Work Speed: (0%), Skills: Sickly
Foxparks, Level: 9, Rank: 1, Gender: Male, HP IV: 60(0%), ATK IV: 6(0%), DEF IV: 83(0%), Work Speed: (0%)
Fuack, Level: 5, Rank: 1, Gender: Female, HP IV: 20(0%), ATK IV: 27(0%), DEF IV: 4(0%), Work Speed: (0%), Skills: Stronghold Strategist
Fuack, Level: 6, Rank: 1, Gender: Female, HP IV: 59(0%), ATK IV: 88(0%), DEF IV: 77(0%), Work Speed: (0%), Skills: Destructive
Fuack, Level: 8, Rank: 1, Gender: Female, HP IV: 82(0%), ATK IV: 77(0%), DEF IV: 59(0%), Work Speed: (0%), Skills: Musclehead, Heated Body
Fuack, Level: 8, Rank: 1, Gender: Male, HP IV: 84(0%), ATK IV: 26(0%), DEF IV: 78(0%), Work Speed: (0%), Skills: Easygoing
Fuddler, Level: 2, Rank: 1, Gender: Female, HP IV: 6(0%), ATK IV: 54(0%), DEF IV: 27(0%), Work Speed: (0%), Skills: Abnormal
Grintale, Level: 1, Rank: 1, Gender: Female, HP IV: 53(0%), ATK IV: 53(0%), DEF IV: 9(0%), Work Speed: (0%), Skills: Mine Foreman
Lamball, Level: 10, Rank: 1, Gender: Male, HP IV: 69(0%), ATK IV: 65(0%), DEF IV: 94(0%), Work Speed: (0%), Skills: Musclehead
Lamball, Level: 5, Rank: 1, Gender: Male, HP IV: 95(0%), ATK IV: 65(0%), DEF IV: 86(0%), Work Speed: (0%), Skills: Nocturnal
Nox, Level: 1, Rank: 1, Gender: Male, HP IV: 74(0%), ATK IV: 25(0%), DEF IV: 74(0%), Work Speed: (0%), Skills: Coldblooded
Pengullet, Level: 10, Rank: 1, Gender: Female, HP IV: 33(0%), ATK IV: 59(0%), DEF IV: 100(0%), Work Speed: (0%), Skills: Dainty Eater
Pengullet, Level: 10, Rank: 1, Gender: Female, HP IV: 87(0%), ATK IV: 83(0%), DEF IV: 40(0%), Work Speed: (0%), Skills: Suntan Lover
Pengullet, Level: 10, Rank: 1, Gender: Female, HP IV: 98(0%), ATK IV: 84(0%), DEF IV: 51(0%), Work Speed: (0%)
Pengullet, Level: 10, Rank: 1, Gender: Female, HP IV: 99(0%), ATK IV: 3(0%), DEF IV: 56(0%), Work Speed: (0%), Skills: Impatient
Pengullet, Level: 11, Rank: 1, Gender: Female, HP IV: 68(0%), ATK IV: 89(0%), DEF IV: 23(0%), Work Speed: (0%)
Pengullet, Level: 12, Rank: 1, Gender: Female, HP IV: 75(0%), ATK IV: 7(0%), DEF IV: 41(0%), Work Speed: (0%), Skills: Cheery
Sparkit, Level: 8, Rank: 1, Gender: Female, HP IV: 26(0%), ATK IV: 74(0%), DEF IV: 72(0%), Work Speed: (0%), Skills: Coldblooded
Mr.Beast but evil's 26 Pals
---------------------------
Cattiva, Level: 16, Rank: 1, Gender: Female, HP IV: 26(0%), ATK IV: 67(0%), DEF IV: 14(0%), Work Speed: (0%), Skills: Coward, Zen Mind
Cattiva, Level: 16, Rank: 1, Gender: Female, HP IV: 7(0%), ATK IV: 55(0%), DEF IV: 95(0%), Work Speed: (0%), Skills: Coward
Cattiva, Level: 16, Rank: 1, Gender: Female, HP IV: 75(0%), ATK IV: 34(0%), DEF IV: 35(0%), Work Speed: (0%), Skills: Coward, Power of Gaia
Cattiva, Level: 16, Rank: 1, Gender: Male, HP IV: 13(0%), ATK IV: 54(0%), DEF IV: 1(0%), Work Speed: (0%), Skills: Coward, Insulated Body
Cremis, Level: 13, Rank: 1, Gender: Female, HP IV: 96(0%), ATK IV: 24(0%), DEF IV: 58(0%), Work Speed: (0%)
Direhowl, Level: 16, Rank: 1, Gender: Female, HP IV: 38(0%), ATK IV: 87(0%), DEF IV: 61(0%), Work Speed: (0%), Skills: Zen Mind
Eikthyrdeer, Level: 1, Rank: 1, Gender: Female, HP IV: 97(0%), ATK IV: 81(0%), DEF IV: 66(0%), Work Speed: (0%), Skills: Capacitor
Foxparks, Level: 13, Rank: 1, Gender: Male, HP IV: 74(0%), ATK IV: 100(0%), DEF IV: 82(0%), Work Speed: (0%)
Foxparks, Level: 4, Rank: 1, Gender: Female, HP IV: 88(0%), ATK IV: 38(0%), DEF IV: 65(0%), Work Speed: (0%), Skills: Sickly
Foxparks, Level: 9, Rank: 1, Gender: Male, HP IV: 60(0%), ATK IV: 6(0%), DEF IV: 83(0%), Work Speed: (0%)
Fuack, Level: 5, Rank: 1, Gender: Female, HP IV: 20(0%), ATK IV: 27(0%), DEF IV: 4(0%), Work Speed: (0%), Skills: Stronghold Strategist
Fuack, Level: 6, Rank: 1, Gender: Female, HP IV: 59(0%), ATK IV: 88(0%), DEF IV: 77(0%), Work Speed: (0%), Skills: Destructive
Fuack, Level: 8, Rank: 1, Gender: Female, HP IV: 82(0%), ATK IV: 77(0%), DEF IV: 59(0%), Work Speed: (0%), Skills: Musclehead, Heated Body
Fuack, Level: 8, Rank: 1, Gender: Male, HP IV: 84(0%), ATK IV: 26(0%), DEF IV: 78(0%), Work Speed: (0%), Skills: Easygoing
Fuddler, Level: 2, Rank: 1, Gender: Female, HP IV: 6(0%), ATK IV: 54(0%), DEF IV: 27(0%), Work Speed: (0%), Skills: Abnormal
Grintale, Level: 1, Rank: 1, Gender: Female, HP IV: 53(0%), ATK IV: 53(0%), DEF IV: 9(0%), Work Speed: (0%), Skills: Mine Foreman
Lamball, Level: 10, Rank: 1, Gender: Male, HP IV: 69(0%), ATK IV: 65(0%), DEF IV: 94(0%), Work Speed: (0%), Skills: Musclehead
Lamball, Level: 5, Rank: 1, Gender: Male, HP IV: 95(0%), ATK IV: 65(0%), DEF IV: 86(0%), Work Speed: (0%), Skills: Nocturnal
Nox, Level: 1, Rank: 1, Gender: Male, HP IV: 74(0%), ATK IV: 25(0%), DEF IV: 74(0%), Work Speed: (0%), Skills: Coldblooded
Pengullet, Level: 10, Rank: 1, Gender: Female, HP IV: 33(0%), ATK IV: 59(0%), DEF IV: 100(0%), Work Speed: (0%), Skills: Dainty Eater
Pengullet, Level: 10, Rank: 1, Gender: Female, HP IV: 87(0%), ATK IV: 83(0%), DEF IV: 40(0%), Work Speed: (0%), Skills: Suntan Lover
Pengullet, Level: 10, Rank: 1, Gender: Female, HP IV: 98(0%), ATK IV: 84(0%), DEF IV: 51(0%), Work Speed: (0%)
Pengullet, Level: 10, Rank: 1, Gender: Female, HP IV: 99(0%), ATK IV: 3(0%), DEF IV: 56(0%), Work Speed: (0%), Skills: Impatient
Pengullet, Level: 11, Rank: 1, Gender: Female, HP IV: 68(0%), ATK IV: 89(0%), DEF IV: 23(0%), Work Speed: (0%)
Pengullet, Level: 12, Rank: 1, Gender: Female, HP IV: 75(0%), ATK IV: 7(0%), DEF IV: 41(0%), Work Speed: (0%), Skills: Cheery
Sparkit, Level: 8, Rank: 1, Gender: Female, HP IV: 26(0%), ATK IV: 74(0%), DEF IV: 72(0%), Work Speed: (0%), Skills: Coldblooded
Mr.Beast but evil's 26 Pals
---------------------------
Cattiva, Level: 16, Rank: 1, Gender: Female, HP IV: 26(0%), ATK IV: 67(0%), DEF IV: 14(0%), Work Speed: (0%), Skills: Coward, Zen Mind
Cattiva, Level: 16, Rank: 1, Gender: Female, HP IV: 7(0%), ATK IV: 55(0%), DEF IV: 95(0%), Work Speed: (0%), Skills: Coward
Cattiva, Level: 16, Rank: 1, Gender: Female, HP IV: 75(0%), ATK IV: 34(0%), DEF IV: 35(0%), Work Speed: (0%), Skills: Coward, Power of Gaia
Cattiva, Level: 16, Rank: 1, Gender: Male, HP IV: 13(0%), ATK IV: 54(0%), DEF IV: 1(0%), Work Speed: (0%), Skills: Coward, Insulated Body
Cremis, Level: 13, Rank: 1, Gender: Female, HP IV: 96(0%), ATK IV: 24(0%), DEF IV: 58(0%), Work Speed: (0%)
Direhowl, Level: 16, Rank: 1, Gender: Female, HP IV: 38(0%), ATK IV: 87(0%), DEF IV: 61(0%), Work Speed: (0%), Skills: Zen Mind
Eikthyrdeer, Level: 1, Rank: 1, Gender: Female, HP IV: 97(0%), ATK IV: 81(0%), DEF IV: 66(0%), Work Speed: (0%), Skills: Capacitor
Foxparks, Level: 13, Rank: 1, Gender: Male, HP IV: 74(0%), ATK IV: 100(0%), DEF IV: 82(0%), Work Speed: (0%)
Foxparks, Level: 4, Rank: 1, Gender: Female, HP IV: 88(0%), ATK IV: 38(0%), DEF IV: 65(0%), Work Speed: (0%), Skills: Sickly
Foxparks, Level: 9, Rank: 1, Gender: Male, HP IV: 60(0%), ATK IV: 6(0%), DEF IV: 83(0%), Work Speed: (0%)
Fuack, Level: 5, Rank: 1, Gender: Female, HP IV: 20(0%), ATK IV: 27(0%), DEF IV: 4(0%), Work Speed: (0%), Skills: Stronghold Strategist
Fuack, Level: 6, Rank: 1, Gender: Female, HP IV: 59(0%), ATK IV: 88(0%), DEF IV: 77(0%), Work Speed: (0%), Skills: Destructive
Fuack, Level: 8, Rank: 1, Gender: Female, HP IV: 82(0%), ATK IV: 77(0%), DEF IV: 59(0%), Work Speed: (0%), Skills: Musclehead, Heated Body
Fuack, Level: 8, Rank: 1, Gender: Male, HP IV: 84(0%), ATK IV: 26(0%), DEF IV: 78(0%), Work Speed: (0%), Skills: Easygoing
Fuddler, Level: 2, Rank: 1, Gender: Female, HP IV: 6(0%), ATK IV: 54(0%), DEF IV: 27(0%), Work Speed: (0%), Skills: Abnormal
Grintale, Level: 1, Rank: 1, Gender: Female, HP IV: 53(0%), ATK IV: 53(0%), DEF IV: 9(0%), Work Speed: (0%), Skills: Mine Foreman
Lamball, Level: 10, Rank: 1, Gender: Male, HP IV: 69(0%), ATK IV: 65(0%), DEF IV: 94(0%), Work Speed: (0%), Skills: Musclehead
Lamball, Level: 5, Rank: 1, Gender: Male, HP IV: 95(0%), ATK IV: 65(0%), DEF IV: 86(0%), Work Speed: (0%), Skills: Nocturnal
Nox, Level: 1, Rank: 1, Gender: Male, HP IV: 74(0%), ATK IV: 25(0%), DEF IV: 74(0%), Work Speed: (0%), Skills: Coldblooded
Pengullet, Level: 10, Rank: 1, Gender: Female, HP IV: 33(0%), ATK IV: 59(0%), DEF IV: 100(0%), Work Speed: (0%), Skills: Dainty Eater
Pengullet, Level: 10, Rank: 1, Gender: Female, HP IV: 87(0%), ATK IV: 83(0%), DEF IV: 40(0%), Work Speed: (0%), Skills: Suntan Lover
Pengullet, Level: 10, Rank: 1, Gender: Female, HP IV: 98(0%), ATK IV: 84(0%), DEF IV: 51(0%), Work Speed: (0%)
Pengullet, Level: 10, Rank: 1, Gender: Female, HP IV: 99(0%), ATK IV: 3(0%), DEF IV: 56(0%), Work Speed: (0%), Skills: Impatient
Pengullet, Level: 11, Rank: 1, Gender: Female, HP IV: 68(0%), ATK IV: 89(0%), DEF IV: 23(0%), Work Speed: (0%)
Pengullet, Level: 12, Rank: 1, Gender: Female, HP IV: 75(0%), ATK IV: 7(0%), DEF IV: 41(0%), Work Speed: (0%), Skills: Cheery
Sparkit, Level: 8, Rank: 1, Gender: Female, HP IV: 26(0%), ATK IV: 74(0%), DEF IV: 72(0%), Work Speed: (0%), Skills: Coldblooded
Mr.Beast but evil's 26 Pals
---------------------------
Cattiva, Level: 16, Rank: 1, Gender: Female, HP IV: 26(0%), ATK IV: 67(0%), DEF IV: 14(0%), Work Speed: (0%), Skills: Coward, Zen Mind
Cattiva, Level: 16, Rank: 1, Gender: Female, HP IV: 7(0%), ATK IV: 55(0%), DEF IV: 95(0%), Work Speed: (0%), Skills: Coward
Cattiva, Level: 16, Rank: 1, Gender: Female, HP IV: 75(0%), ATK IV: 34(0%), DEF IV: 35(0%), Work Speed: (0%), Skills: Coward, Power of Gaia
Cattiva, Level: 16, Rank: 1, Gender: Male, HP IV: 13(0%), ATK IV: 54(0%), DEF IV: 1(0%), Work Speed: (0%), Skills: Coward, Insulated Body
Cremis, Level: 13, Rank: 1, Gender: Female, HP IV: 96(0%), ATK IV: 24(0%), DEF IV: 58(0%), Work Speed: (0%)
Direhowl, Level: 16, Rank: 1, Gender: Female, HP IV: 38(0%), ATK IV: 87(0%), DEF IV: 61(0%), Work Speed: (0%), Skills: Zen Mind
Eikthyrdeer, Level: 1, Rank: 1, Gender: Female, HP IV: 97(0%), ATK IV: 81(0%), DEF IV: 66(0%), Work Speed: (0%), Skills: Capacitor
Foxparks, Level: 13, Rank: 1, Gender: Male, HP IV: 74(0%), ATK IV: 100(0%), DEF IV: 82(0%), Work Speed: (0%)
Foxparks, Level: 4, Rank: 1, Gender: Female, HP IV: 88(0%), ATK IV: 38(0%), DEF IV: 65(0%), Work Speed: (0%), Skills: Sickly
Foxparks, Level: 9, Rank: 1, Gender: Male, HP IV: 60(0%), ATK IV: 6(0%), DEF IV: 83(0%), Work Speed: (0%)
Fuack, Level: 5, Rank: 1, Gender: Female, HP IV: 20(0%), ATK IV: 27(0%), DEF IV: 4(0%), Work Speed: (0%), Skills: Stronghold Strategist
Fuack, Level: 6, Rank: 1, Gender: Female, HP IV: 59(0%), ATK IV: 88(0%), DEF IV: 77(0%), Work Speed: (0%), Skills: Destructive
Fuack, Level: 8, Rank: 1, Gender: Female, HP IV: 82(0%), ATK IV: 77(0%), DEF IV: 59(0%), Work Speed: (0%), Skills: Musclehead, Heated Body
Fuack, Level: 8, Rank: 1, Gender: Male, HP IV: 84(0%), ATK IV: 26(0%), DEF IV: 78(0%), Work Speed: (0%), Skills: Easygoing
Fuddler, Level: 2, Rank: 1, Gender: Female, HP IV: 6(0%), ATK IV: 54(0%), DEF IV: 27(0%), Work Speed: (0%), Skills: Abnormal
Grintale, Level: 1, Rank: 1, Gender: Female, HP IV: 53(0%), ATK IV: 53(0%), DEF IV: 9(0%), Work Speed: (0%), Skills: Mine Foreman
Lamball, Level: 10, Rank: 1, Gender: Male, HP IV: 69(0%), ATK IV: 65(0%), DEF IV: 94(0%), Work Speed: (0%), Skills: Musclehead
Lamball, Level: 5, Rank: 1, Gender: Male, HP IV: 95(0%), ATK IV: 65(0%), DEF IV: 86(0%), Work Speed: (0%), Skills: Nocturnal
Nox, Level: 1, Rank: 1, Gender: Male, HP IV: 74(0%), ATK IV: 25(0%), DEF IV: 74(0%), Work Speed: (0%), Skills: Coldblooded
Pengullet, Level: 10, Rank: 1, Gender: Female, HP IV: 33(0%), ATK IV: 59(0%), DEF IV: 100(0%), Work Speed: (0%), Skills: Dainty Eater
Pengullet, Level: 10, Rank: 1, Gender: Female, HP IV: 87(0%), ATK IV: 83(0%), DEF IV: 40(0%), Work Speed: (0%), Skills: Suntan Lover
Pengullet, Level: 10, Rank: 1, Gender: Female, HP IV: 98(0%), ATK IV: 84(0%), DEF IV: 51(0%), Work Speed: (0%)
Pengullet, Level: 10, Rank: 1, Gender: Female, HP IV: 99(0%), ATK IV: 3(0%), DEF IV: 56(0%), Work Speed: (0%), Skills: Impatient
Pengullet, Level: 11, Rank: 1, Gender: Female, HP IV: 68(0%), ATK IV: 89(0%), DEF IV: 23(0%), Work Speed: (0%)
Pengullet, Level: 12, Rank: 1, Gender: Female, HP IV: 75(0%), ATK IV: 7(0%), DEF IV: 41(0%), Work Speed: (0%), Skills: Cheery
Sparkit, Level: 8, Rank: 1, Gender: Female, HP IV: 26(0%), ATK IV: 74(0%), DEF IV: 72(0%), Work Speed: (0%), Skills: Coldblooded
Mr.Beast but evil's 26 Pals
---------------------------
Cattiva, Level: 16, Rank: 1, Gender: Female, HP IV: 26(0%), ATK IV: 67(0%), DEF IV: 14(0%), Work Speed: (0%), Skills: Coward, Zen Mind
Cattiva, Level: 16, Rank: 1, Gender: Female, HP IV: 7(0%), ATK IV: 55(0%), DEF IV: 95(0%), Work Speed: (0%), Skills: Coward
Cattiva, Level: 16, Rank: 1, Gender: Female, HP IV: 75(0%), ATK IV: 34(0%), DEF IV: 35(0%), Work Speed: (0%), Skills: Coward, Power of Gaia
Cattiva, Level: 16, Rank: 1, Gender: Male, HP IV: 13(0%), ATK IV: 54(0%), DEF IV: 1(0%), Work Speed: (0%), Skills: Coward, Insulated Body
Cremis, Level: 13, Rank: 1, Gender: Female, HP IV: 96(0%), ATK IV: 24(0%), DEF IV: 58(0%), Work Speed: (0%)
Direhowl, Level: 16, Rank: 1, Gender: Female, HP IV: 38(0%), ATK IV: 87(0%), DEF IV: 61(0%), Work Speed: (0%), Skills: Zen Mind
Eikthyrdeer, Level: 1, Rank: 1, Gender: Female, HP IV: 97(0%), ATK IV: 81(0%), DEF IV: 66(0%), Work Speed: (0%), Skills: Capacitor
Foxparks, Level: 13, Rank: 1, Gender: Male, HP IV: 74(0%), ATK IV: 100(0%), DEF IV: 82(0%), Work Speed: (0%)
Foxparks, Level: 4, Rank: 1, Gender: Female, HP IV: 88(0%), ATK IV: 38(0%), DEF IV: 65(0%), Work Speed: (0%), Skills: Sickly
Foxparks, Level: 9, Rank: 1, Gender: Male, HP IV: 60(0%), ATK IV: 6(0%), DEF IV: 83(0%), Work Speed: (0%)
Fuack, Level: 5, Rank: 1, Gender: Female, HP IV: 20(0%), ATK IV: 27(0%), DEF IV: 4(0%), Work Speed: (0%), Skills: Stronghold Strategist
Fuack, Level: 6, Rank: 1, Gender: Female, HP IV: 59(0%), ATK IV: 88(0%), DEF IV: 77(0%), Work Speed: (0%), Skills: Destructive
Fuack, Level: 8, Rank: 1, Gender: Female, HP IV: 82(0%), ATK IV: 77(0%), DEF IV: 59(0%), Work Speed: (0%), Skills: Musclehead, Heated Body
Fuack, Level: 8, Rank: 1, Gender: Male, HP IV: 84(0%), ATK IV: 26(0%), DEF IV: 78(0%), Work Speed: (0%), Skills: Easygoing
Fuddler, Level: 2, Rank: 1, Gender: Female, HP IV: 6(0%), ATK IV: 54(0%), DEF IV: 27(0%), Work Speed: (0%), Skills: Abnormal
Grintale, Level: 1, Rank: 1, Gender: Female, HP IV: 53(0%), ATK IV: 53(0%), DEF IV: 9(0%), Work Speed: (0%), Skills: Mine Foreman
Lamball, Level: 10, Rank: 1, Gender: Male, HP IV: 69(0%), ATK IV: 65(0%), DEF IV: 94(0%), Work Speed: (0%), Skills: Musclehead
Lamball, Level: 5, Rank: 1, Gender: Male, HP IV: 95(0%), ATK IV: 65(0%), DEF IV: 86(0%), Work Speed: (0%), Skills: Nocturnal
Nox, Level: 1, Rank: 1, Gender: Male, HP IV: 74(0%), ATK IV: 25(0%), DEF IV: 74(0%), Work Speed: (0%), Skills: Coldblooded
Pengullet, Level: 10, Rank: 1, Gender: Female, HP IV: 33(0%), ATK IV: 59(0%), DEF IV: 100(0%), Work Speed: (0%), Skills: Dainty Eater
Pengullet, Level: 10, Rank: 1, Gender: Female, HP IV: 87(0%), ATK IV: 83(0%), DEF IV: 40(0%), Work Speed: (0%), Skills: Suntan Lover
Pengullet, Level: 10, Rank: 1, Gender: Female, HP IV: 98(0%), ATK IV: 84(0%), DEF IV: 51(0%), Work Speed: (0%)
Pengullet, Level: 10, Rank: 1, Gender: Female, HP IV: 99(0%), ATK IV: 3(0%), DEF IV: 56(0%), Work Speed: (0%), Skills: Impatient
Pengullet, Level: 11, Rank: 1, Gender: Female, HP IV: 68(0%), ATK IV: 89(0%), DEF IV: 23(0%), Work Speed: (0%)
Pengullet, Level: 12, Rank: 1, Gender: Female, HP IV: 75(0%), ATK IV: 7(0%), DEF IV: 41(0%), Work Speed: (0%), Skills: Cheery
Sparkit, Level: 8, Rank: 1, Gender: Female, HP IV: 26(0%), ATK IV: 74(0%), DEF IV: 72(0%), Work Speed: (0%), Skills: Coldblooded
Mr.Beast but evil's 26 Pals
---------------------------
Cattiva, Level: 16, Rank: 1, Gender: Female, HP IV: 26(0%), ATK IV: 67(0%), DEF IV: 14(0%), Work Speed: (0%), Skills: Coward, Zen Mind
Cattiva, Level: 16, Rank: 1, Gender: Female, HP IV: 7(0%), ATK IV: 55(0%), DEF IV: 95(0%), Work Speed: (0%), Skills: Coward
Cattiva, Level: 16, Rank: 1, Gender: Female, HP IV: 75(0%), ATK IV: 34(0%), DEF IV: 35(0%), Work Speed: (0%), Skills: Coward, Power of Gaia
Cattiva, Level: 16, Rank: 1, Gender: Male, HP IV: 13(0%), ATK IV: 54(0%), DEF IV: 1(0%), Work Speed: (0%), Skills: Coward, Insulated Body
Cremis, Level: 13, Rank: 1, Gender: Female, HP IV: 96(0%), ATK IV: 24(0%), DEF IV: 58(0%), Work Speed: (0%)
Direhowl, Level: 16, Rank: 1, Gender: Female, HP IV: 38(0%), ATK IV: 87(0%), DEF IV: 61(0%), Work Speed: (0%), Skills: Zen Mind
Eikthyrdeer, Level: 1, Rank: 1, Gender: Female, HP IV: 97(0%), ATK IV: 81(0%), DEF IV: 66(0%), Work Speed: (0%), Skills: Capacitor
Foxparks, Level: 13, Rank: 1, Gender: Male, HP IV: 74(0%), ATK IV: 100(0%), DEF IV: 82(0%), Work Speed: (0%)
Foxparks, Level: 4, Rank: 1, Gender: Female, HP IV: 88(0%), ATK IV: 38(0%), DEF IV: 65(0%), Work Speed: (0%), Skills: Sickly
Foxparks, Level: 9, Rank: 1, Gender: Male, HP IV: 60(0%), ATK IV: 6(0%), DEF IV: 83(0%), Work Speed: (0%)
Fuack, Level: 5, Rank: 1, Gender: Female, HP IV: 20(0%), ATK IV: 27(0%), DEF IV: 4(0%), Work Speed: (0%), Skills: Stronghold Strategist
Fuack, Level: 6, Rank: 1, Gender: Female, HP IV: 59(0%), ATK IV: 88(0%), DEF IV: 77(0%), Work Speed: (0%), Skills: Destructive
Fuack, Level: 8, Rank: 1, Gender: Female, HP IV: 82(0%), ATK IV: 77(0%), DEF IV: 59(0%), Work Speed: (0%), Skills: Musclehead, Heated Body
Fuack, Level: 8, Rank: 1, Gender: Male, HP IV: 84(0%), ATK IV: 26(0%), DEF IV: 78(0%), Work Speed: (0%), Skills: Easygoing
Fuddler, Level: 2, Rank: 1, Gender: Female, HP IV: 6(0%), ATK IV: 54(0%), DEF IV: 27(0%), Work Speed: (0%), Skills: Abnormal
Grintale, Level: 1, Rank: 1, Gender: Female, HP IV: 53(0%), ATK IV: 53(0%), DEF IV: 9(0%), Work Speed: (0%), Skills: Mine Foreman
Lamball, Level: 10, Rank: 1, Gender: Male, HP IV: 69(0%), ATK IV: 65(0%), DEF IV: 94(0%), Work Speed: (0%), Skills: Musclehead
Lamball, Level: 5, Rank: 1, Gender: Male, HP IV: 95(0%), ATK IV: 65(0%), DEF IV: 86(0%), Work Speed: (0%), Skills: Nocturnal
Nox, Level: 1, Rank: 1, Gender: Male, HP IV: 74(0%), ATK IV: 25(0%), DEF IV: 74(0%), Work Speed: (0%), Skills: Coldblooded
Pengullet, Level: 10, Rank: 1, Gender: Female, HP IV: 33(0%), ATK IV: 59(0%), DEF IV: 100(0%), Work Speed: (0%), Skills: Dainty Eater
Pengullet, Level: 10, Rank: 1, Gender: Female, HP IV: 87(0%), ATK IV: 83(0%), DEF IV: 40(0%), Work Speed: (0%), Skills: Suntan Lover
Pengullet, Level: 10, Rank: 1, Gender: Female, HP IV: 98(0%), ATK IV: 84(0%), DEF IV: 51(0%), Work Speed: (0%)
Pengullet, Level: 10, Rank: 1, Gender: Female, HP IV: 99(0%), ATK IV: 3(0%), DEF IV: 56(0%), Work Speed: (0%), Skills: Impatient
Pengullet, Level: 11, Rank: 1, Gender: Female, HP IV: 68(0%), ATK IV: 89(0%), DEF IV: 23(0%), Work Speed: (0%)
Pengullet, Level: 12, Rank: 1, Gender: Female, HP IV: 75(0%), ATK IV: 7(0%), DEF IV: 41(0%), Work Speed: (0%), Skills: Cheery
Sparkit, Level: 8, Rank: 1, Gender: Female, HP IV: 26(0%), ATK IV: 74(0%), DEF IV: 72(0%), Work Speed: (0%), Skills: Coldblooded
Mr.Beast but evil's 26 Pals
---------------------------
Cattiva, Level: 16, Rank: 1, Gender: Female, HP IV: 26(0%), ATK IV: 67(0%), DEF IV: 14(0%), Work Speed: (0%), Skills: Coward, Zen Mind
Cattiva, Level: 16, Rank: 1, Gender: Female, HP IV: 7(0%), ATK IV: 55(0%), DEF IV: 95(0%), Work Speed: (0%), Skills: Coward
Cattiva, Level: 16, Rank: 1, Gender: Female, HP IV: 75(0%), ATK IV: 34(0%), DEF IV: 35(0%), Work Speed: (0%), Skills: Coward, Power of Gaia
Cattiva, Level: 16, Rank: 1, Gender: Male, HP IV: 13(0%), ATK IV: 54(0%), DEF IV: 1(0%), Work Speed: (0%), Skills: Coward, Insulated Body
Cremis, Level: 13, Rank: 1, Gender: Female, HP IV: 96(0%), ATK IV: 24(0%), DEF IV: 58(0%), Work Speed: (0%)
Direhowl, Level: 16, Rank: 1, Gender: Female, HP IV: 38(0%), ATK IV: 87(0%), DEF IV: 61(0%), Work Speed: (0%), Skills: Zen Mind
Eikthyrdeer, Level: 1, Rank: 1, Gender: Female, HP IV: 97(0%), ATK IV: 81(0%), DEF IV: 66(0%), Work Speed: (0%), Skills: Capacitor
Foxparks, Level: 13, Rank: 1, Gender: Male, HP IV: 74(0%), ATK IV: 100(0%), DEF IV: 82(0%), Work Speed: (0%)
Foxparks, Level: 4, Rank: 1, Gender: Female, HP IV: 88(0%), ATK IV: 38(0%), DEF IV: 65(0%), Work Speed: (0%), Skills: Sickly
Foxparks, Level: 9, Rank: 1, Gender: Male, HP IV: 60(0%), ATK IV: 6(0%), DEF IV: 83(0%), Work Speed: (0%)
Fuack, Level: 5, Rank: 1, Gender: Female, HP IV: 20(0%), ATK IV: 27(0%), DEF IV: 4(0%), Work Speed: (0%), Skills: Stronghold Strategist
Fuack, Level: 6, Rank: 1, Gender: Female, HP IV: 59(0%), ATK IV: 88(0%), DEF IV: 77(0%), Work Speed: (0%), Skills: Destructive
Fuack, Level: 8, Rank: 1, Gender: Female, HP IV: 82(0%), ATK IV: 77(0%), DEF IV: 59(0%), Work Speed: (0%), Skills: Musclehead, Heated Body
Fuack, Level: 8, Rank: 1, Gender: Male, HP IV: 84(0%), ATK IV: 26(0%), DEF IV: 78(0%), Work Speed: (0%), Skills: Easygoing
Fuddler, Level: 2, Rank: 1, Gender: Female, HP IV: 6(0%), ATK IV: 54(0%), DEF IV: 27(0%), Work Speed: (0%), Skills: Abnormal
Grintale, Level: 1, Rank: 1, Gender: Female, HP IV: 53(0%), ATK IV: 53(0%), DEF IV: 9(0%), Work Speed: (0%), Skills: Mine Foreman
Lamball, Level: 10, Rank: 1, Gender: Male, HP IV: 69(0%), ATK IV: 65(0%), DEF IV: 94(0%), Work Speed: (0%), Skills: Musclehead
Lamball, Level: 5, Rank: 1, Gender: Male, HP IV: 95(0%), ATK IV: 65(0%), DEF IV: 86(0%), Work Speed: (0%), Skills: Nocturnal
Nox, Level: 1, Rank: 1, Gender: Male, HP IV: 74(0%), ATK IV: 25(0%), DEF IV: 74(0%), Work Speed: (0%), Skills: Coldblooded
Pengullet, Level: 10, Rank: 1, Gender: Female, HP IV: 33(0%), ATK IV: 59(0%), DEF IV: 100(0%), Work Speed: (0%), Skills: Dainty Eater
Pengullet, Level: 10, Rank: 1, Gender: Female, HP IV: 87(0%), ATK IV: 83(0%), DEF IV: 40(0%), Work Speed: (0%), Skills: Suntan Lover
Pengullet, Level: 10, Rank: 1, Gender: Female, HP IV: 98(0%), ATK IV: 84(0%), DEF IV: 51(0%), Work Speed: (0%)
Pengullet, Level: 10, Rank: 1, Gender: Female, HP IV: 99(0%), ATK IV: 3(0%), DEF IV: 56(0%), Work Speed: (0%), Skills: Impatient
Pengullet, Level: 11, Rank: 1, Gender: Female, HP IV: 68(0%), ATK IV: 89(0%), DEF IV: 23(0%), Work Speed: (0%)
Pengullet, Level: 12, Rank: 1, Gender: Female, HP IV: 75(0%), ATK IV: 7(0%), DEF IV: 41(0%), Work Speed: (0%), Skills: Cheery
Sparkit, Level: 8, Rank: 1, Gender: Female, HP IV: 26(0%), ATK IV: 74(0%), DEF IV: 72(0%), Work Speed: (0%), Skills: Coldblooded
Mr.Beast but evil's 26 Pals
---------------------------
Cattiva, Level: 16, Rank: 1, Gender: Female, HP IV: 26(0%), ATK IV: 67(0%), DEF IV: 14(0%), Work Speed: (0%), Skills: Coward, Zen Mind
Cattiva, Level: 16, Rank: 1, Gender: Female, HP IV: 7(0%), ATK IV: 55(0%), DEF IV: 95(0%), Work Speed: (0%), Skills: Coward
Cattiva, Level: 16, Rank: 1, Gender: Female, HP IV: 75(0%), ATK IV: 34(0%), DEF IV: 35(0%), Work Speed: (0%), Skills: Coward, Power of Gaia
Cattiva, Level: 16, Rank: 1, Gender: Male, HP IV: 13(0%), ATK IV: 54(0%), DEF IV: 1(0%), Work Speed: (0%), Skills: Coward, Insulated Body
Cremis, Level: 13, Rank: 1, Gender: Female, HP IV: 96(0%), ATK IV: 24(0%), DEF IV: 58(0%), Work Speed: (0%)
Direhowl, Level: 16, Rank: 1, Gender: Female, HP IV: 38(0%), ATK IV: 87(0%), DEF IV: 61(0%), Work Speed: (0%), Skills: Zen Mind
Eikthyrdeer, Level: 1, Rank: 1, Gender: Female, HP IV: 97(0%), ATK IV: 81(0%), DEF IV: 66(0%), Work Speed: (0%), Skills: Capacitor
Foxparks, Level: 13, Rank: 1, Gender: Male, HP IV: 74(0%), ATK IV: 100(0%), DEF IV: 82(0%), Work Speed: (0%)
Foxparks, Level: 4, Rank: 1, Gender: Female, HP IV: 88(0%), ATK IV: 38(0%), DEF IV: 65(0%), Work Speed: (0%), Skills: Sickly
Foxparks, Level: 9, Rank: 1, Gender: Male, HP IV: 60(0%), ATK IV: 6(0%), DEF IV: 83(0%), Work Speed: (0%)
Fuack, Level: 5, Rank: 1, Gender: Female, HP IV: 20(0%), ATK IV: 27(0%), DEF IV: 4(0%), Work Speed: (0%), Skills: Stronghold Strategist
Fuack, Level: 6, Rank: 1, Gender: Female, HP IV: 59(0%), ATK IV: 88(0%), DEF IV: 77(0%), Work Speed: (0%), Skills: Destructive
Fuack, Level: 8, Rank: 1, Gender: Female, HP IV: 82(0%), ATK IV: 77(0%), DEF IV: 59(0%), Work Speed: (0%), Skills: Musclehead, Heated Body
Fuack, Level: 8, Rank: 1, Gender: Male, HP IV: 84(0%), ATK IV: 26(0%), DEF IV: 78(0%), Work Speed: (0%), Skills: Easygoing
Fuddler, Level: 2, Rank: 1, Gender: Female, HP IV: 6(0%), ATK IV: 54(0%), DEF IV: 27(0%), Work Speed: (0%), Skills: Abnormal
Grintale, Level: 1, Rank: 1, Gender: Female, HP IV: 53(0%), ATK IV: 53(0%), DEF IV: 9(0%), Work Speed: (0%), Skills: Mine Foreman
Lamball, Level: 10, Rank: 1, Gender: Male, HP IV: 69(0%), ATK IV: 65(0%), DEF IV: 94(0%), Work Speed: (0%), Skills: Musclehead
Lamball, Level: 5, Rank: 1, Gender: Male, HP IV: 95(0%), ATK IV: 65(0%), DEF IV: 86(0%), Work Speed: (0%), Skills: Nocturnal
Nox, Level: 1, Rank: 1, Gender: Male, HP IV: 74(0%), ATK IV: 25(0%), DEF IV: 74(0%), Work Speed: (0%), Skills: Coldblooded
Pengullet, Level: 10, Rank: 1, Gender: Female, HP IV: 33(0%), ATK IV: 59(0%), DEF IV: 100(0%), Work Speed: (0%), Skills: Dainty Eater
Pengullet, Level: 10, Rank: 1, Gender: Female, HP IV: 87(0%), ATK IV: 83(0%), DEF IV: 40(0%), Work Speed: (0%), Skills: Suntan Lover
Pengullet, Level: 10, Rank: 1, Gender: Female, HP IV: 98(0%), ATK IV: 84(0%), DEF IV: 51(0%), Work Speed: (0%)
Pengullet, Level: 10, Rank: 1, Gender: Female, HP IV: 99(0%), ATK IV: 3(0%), DEF IV: 56(0%), Work Speed: (0%), Skills: Impatient
Pengullet, Level: 11, Rank: 1, Gender: Female, HP IV: 68(0%), ATK IV: 89(0%), DEF IV: 23(0%), Work Speed: (0%)
Pengullet, Level: 12, Rank: 1, Gender: Female, HP IV: 75(0%), ATK IV: 7(0%), DEF IV: 41(0%), Work Speed: (0%), Skills: Cheery
Sparkit, Level: 8, Rank: 1, Gender: Female, HP IV: 26(0%), ATK IV: 74(0%), DEF IV: 72(0%), Work Speed: (0%), Skills: Coldblooded
Mr.Beast but evil's 26 Pals
---------------------------
Cattiva, Level: 16, Rank: 1, Gender: Female, HP IV: 26(0%), ATK IV: 67(0%), DEF IV: 14(0%), Work Speed: (0%), Skills: Coward, Zen Mind
Cattiva, Level: 16, Rank: 1, Gender: Female, HP IV: 7(0%), ATK IV: 55(0%), DEF IV: 95(0%), Work Speed: (0%), Skills: Coward
Cattiva, Level: 16, Rank: 1, Gender: Female, HP IV: 75(0%), ATK IV: 34(0%), DEF IV: 35(0%), Work Speed: (0%), Skills: Coward, Power of Gaia
Cattiva, Level: 16, Rank: 1, Gender: Male, HP IV: 13(0%), ATK IV: 54(0%), DEF IV: 1(0%), Work Speed: (0%), Skills: Coward, Insulated Body
Cremis, Level: 13, Rank: 1, Gender: Female, HP IV: 96(0%), ATK IV: 24(0%), DEF IV: 58(0%), Work Speed: (0%)
Direhowl, Level: 16, Rank: 1, Gender: Female, HP IV: 38(0%), ATK IV: 87(0%), DEF IV: 61(0%), Work Speed: (0%), Skills: Zen Mind
Eikthyrdeer, Level: 1, Rank: 1, Gender: Female, HP IV: 97(0%), ATK IV: 81(0%), DEF IV: 66(0%), Work Speed: (0%), Skills: Capacitor
Foxparks, Level: 13, Rank: 1, Gender: Male, HP IV: 74(0%), ATK IV: 100(0%), DEF IV: 82(0%), Work Speed: (0%)
Foxparks, Level: 4, Rank: 1, Gender: Female, HP IV: 88(0%), ATK IV: 38(0%), DEF IV: 65(0%), Work Speed: (0%), Skills: Sickly
Foxparks, Level: 9, Rank: 1, Gender: Male, HP IV: 60(0%), ATK IV: 6(0%), DEF IV: 83(0%), Work Speed: (0%)
Fuack, Level: 5, Rank: 1, Gender: Female, HP IV: 20(0%), ATK IV: 27(0%), DEF IV: 4(0%), Work Speed: (0%), Skills: Stronghold Strategist
Fuack, Level: 6, Rank: 1, Gender: Female, HP IV: 59(0%), ATK IV: 88(0%), DEF IV: 77(0%), Work Speed: (0%), Skills: Destructive
Fuack, Level: 8, Rank: 1, Gender: Female, HP IV: 82(0%), ATK IV: 77(0%), DEF IV: 59(0%), Work Speed: (0%), Skills: Musclehead, Heated Body
Fuack, Level: 8, Rank: 1, Gender: Male, HP IV: 84(0%), ATK IV: 26(0%), DEF IV: 78(0%), Work Speed: (0%), Skills: Easygoing
Fuddler, Level: 2, Rank: 1, Gender: Female, HP IV: 6(0%), ATK IV: 54(0%), DEF IV: 27(0%), Work Speed: (0%), Skills: Abnormal
Grintale, Level: 1, Rank: 1, Gender: Female, HP IV: 53(0%), ATK IV: 53(0%), DEF IV: 9(0%), Work Speed: (0%), Skills: Mine Foreman
Lamball, Level: 10, Rank: 1, Gender: Male, HP IV: 69(0%), ATK IV: 65(0%), DEF IV: 94(0%), Work Speed: (0%), Skills: Musclehead
Lamball, Level: 5, Rank: 1, Gender: Male, HP IV: 95(0%), ATK IV: 65(0%), DEF IV: 86(0%), Work Speed: (0%), Skills: Nocturnal
Nox, Level: 1, Rank: 1, Gender: Male, HP IV: 74(0%), ATK IV: 25(0%), DEF IV: 74(0%), Work Speed: (0%), Skills: Coldblooded
Pengullet, Level: 10, Rank: 1, Gender: Female, HP IV: 33(0%), ATK IV: 59(0%), DEF IV: 100(0%), Work Speed: (0%), Skills: Dainty Eater
Pengullet, Level: 10, Rank: 1, Gender: Female, HP IV: 87(0%), ATK IV: 83(0%), DEF IV: 40(0%), Work Speed: (0%), Skills: Suntan Lover
Pengullet, Level: 10, Rank: 1, Gender: Female, HP IV: 98(0%), ATK IV: 84(0%), DEF IV: 51(0%), Work Speed: (0%)
Pengullet, Level: 10, Rank: 1, Gender: Female, HP IV: 99(0%), ATK IV: 3(0%), DEF IV: 56(0%), Work Speed: (0%), Skills: Impatient
Pengullet, Level: 11, Rank: 1, Gender: Female, HP IV: 68(0%), ATK IV: 89(0%), DEF IV: 23(0%), Work Speed: (0%)
Pengullet, Level: 12, Rank: 1, Gender: Female, HP IV: 75(0%), ATK IV: 7(0%), DEF IV: 41(0%), Work Speed: (0%), Skills: Cheery
Sparkit, Level: 8, Rank: 1, Gender: Female, HP IV: 26(0%), ATK IV: 74(0%), DEF IV: 72(0%), Work Speed: (0%), Skills: Coldblooded
Mr.Beast but evil's 26 Pals
---------------------------
Cattiva, Level: 16, Rank: 1, Gender: Female, HP IV: 26(0%), ATK IV: 67(0%), DEF IV: 14(0%), Work Speed: (0%), Skills: Coward, Zen Mind
Cattiva, Level: 16, Rank: 1, Gender: Female, HP IV: 7(0%), ATK IV: 55(0%), DEF IV: 95(0%), Work Speed: (0%), Skills: Coward
Cattiva, Level: 16, Rank: 1, Gender: Female, HP IV: 75(0%), ATK IV: 34(0%), DEF IV: 35(0%), Work Speed: (0%), Skills: Coward, Power of Gaia
Cattiva, Level: 16, Rank: 1, Gender: Male, HP IV: 13(0%), ATK IV: 54(0%), DEF IV: 1(0%), Work Speed: (0%), Skills: Coward, Insulated Body
Cremis, Level: 13, Rank: 1, Gender: Female, HP IV: 96(0%), ATK IV: 24(0%), DEF IV: 58(0%), Work Speed: (0%)
Direhowl, Level: 16, Rank: 1, Gender: Female, HP IV: 38(0%), ATK IV: 87(0%), DEF IV: 61(0%), Work Speed: (0%), Skills: Zen Mind
Eikthyrdeer, Level: 1, Rank: 1, Gender: Female, HP IV: 97(0%), ATK IV: 81(0%), DEF IV: 66(0%), Work Speed: (0%), Skills: Capacitor
Foxparks, Level: 13, Rank: 1, Gender: Male, HP IV: 74(0%), ATK IV: 100(0%), DEF IV: 82(0%), Work Speed: (0%)
Foxparks, Level: 4, Rank: 1, Gender: Female, HP IV: 88(0%), ATK IV: 38(0%), DEF IV: 65(0%), Work Speed: (0%), Skills: Sickly
Foxparks, Level: 9, Rank: 1, Gender: Male, HP IV: 60(0%), ATK IV: 6(0%), DEF IV: 83(0%), Work Speed: (0%)
Fuack, Level: 5, Rank: 1, Gender: Female, HP IV: 20(0%), ATK IV: 27(0%), DEF IV: 4(0%), Work Speed: (0%), Skills: Stronghold Strategist
Fuack, Level: 6, Rank: 1, Gender: Female, HP IV: 59(0%), ATK IV: 88(0%), DEF IV: 77(0%), Work Speed: (0%), Skills: Destructive
Fuack, Level: 8, Rank: 1, Gender: Female, HP IV: 82(0%), ATK IV: 77(0%), DEF IV: 59(0%), Work Speed: (0%), Skills: Musclehead, Heated Body
Fuack, Level: 8, Rank: 1, Gender: Male, HP IV: 84(0%), ATK IV: 26(0%), DEF IV: 78(0%), Work Speed: (0%), Skills: Easygoing
Fuddler, Level: 2, Rank: 1, Gender: Female, HP IV: 6(0%), ATK IV: 54(0%), DEF IV: 27(0%), Work Speed: (0%), Skills: Abnormal
Grintale, Level: 1, Rank: 1, Gender: Female, HP IV: 53(0%), ATK IV: 53(0%), DEF IV: 9(0%), Work Speed: (0%), Skills: Mine Foreman
Lamball, Level: 10, Rank: 1, Gender: Male, HP IV: 69(0%), ATK IV: 65(0%), DEF IV: 94(0%), Work Speed: (0%), Skills: Musclehead
Lamball, Level: 5, Rank: 1, Gender: Male, HP IV: 95(0%), ATK IV: 65(0%), DEF IV: 86(0%), Work Speed: (0%), Skills: Nocturnal
Nox, Level: 1, Rank: 1, Gender: Male, HP IV: 74(0%), ATK IV: 25(0%), DEF IV: 74(0%), Work Speed: (0%), Skills: Coldblooded
Pengullet, Level: 10, Rank: 1, Gender: Female, HP IV: 33(0%), ATK IV: 59(0%), DEF IV: 100(0%), Work Speed: (0%), Skills: Dainty Eater
Pengullet, Level: 10, Rank: 1, Gender: Female, HP IV: 87(0%), ATK IV: 83(0%), DEF IV: 40(0%), Work Speed: (0%), Skills: Suntan Lover
Pengullet, Level: 10, Rank: 1, Gender: Female, HP IV: 98(0%), ATK IV: 84(0%), DEF IV: 51(0%), Work Speed: (0%)
Pengullet, Level: 10, Rank: 1, Gender: Female, HP IV: 99(0%), ATK IV: 3(0%), DEF IV: 56(0%), Work Speed: (0%), Skills: Impatient
Pengullet, Level: 11, Rank: 1, Gender: Female, HP IV: 68(0%), ATK IV: 89(0%), DEF IV: 23(0%), Work Speed: (0%)
Pengullet, Level: 12, Rank: 1, Gender: Female, HP IV: 75(0%), ATK IV: 7(0%), DEF IV: 41(0%), Work Speed: (0%), Skills: Cheery
Sparkit, Level: 8, Rank: 1, Gender: Female, HP IV: 26(0%), ATK IV: 74(0%), DEF IV: 72(0%), Work Speed: (0%), Skills: Coldblooded
Mr.Beast but evil's 26 Pals
---------------------------
Cattiva, Level: 16, Rank: 1, Gender: Female, HP IV: 26(0%), ATK IV: 67(0%), DEF IV: 14(0%), Work Speed: (0%), Skills: Coward, Zen Mind
Cattiva, Level: 16, Rank: 1, Gender: Female, HP IV: 7(0%), ATK IV: 55(0%), DEF IV: 95(0%), Work Speed: (0%), Skills: Coward
Cattiva, Level: 16, Rank: 1, Gender: Female, HP IV: 75(0%), ATK IV: 34(0%), DEF IV: 35(0%), Work Speed: (0%), Skills: Coward, Power of Gaia
Cattiva, Level: 16, Rank: 1, Gender: Male, HP IV: 13(0%), ATK IV: 54(0%), DEF IV: 1(0%), Work Speed: (0%), Skills: Coward, Insulated Body
Cremis, Level: 13, Rank: 1, Gender: Female, HP IV: 96(0%), ATK IV: 24(0%), DEF IV: 58(0%), Work Speed: (0%)
Direhowl, Level: 16, Rank: 1, Gender: Female, HP IV: 38(0%), ATK IV: 87(0%), DEF IV: 61(0%), Work Speed: (0%), Skills: Zen Mind
Eikthyrdeer, Level: 1, Rank: 1, Gender: Female, HP IV: 97(0%), ATK IV: 81(0%), DEF IV: 66(0%), Work Speed: (0%), Skills: Capacitor
Foxparks, Level: 13, Rank: 1, Gender: Male, HP IV: 74(0%), ATK IV: 100(0%), DEF IV: 82(0%), Work Speed: (0%)
Foxparks, Level: 4, Rank: 1, Gender: Female, HP IV: 88(0%), ATK IV: 38(0%), DEF IV: 65(0%), Work Speed: (0%), Skills: Sickly
Foxparks, Level: 9, Rank: 1, Gender: Male, HP IV: 60(0%), ATK IV: 6(0%), DEF IV: 83(0%), Work Speed: (0%)
Fuack, Level: 5, Rank: 1, Gender: Female, HP IV: 20(0%), ATK IV: 27(0%), DEF IV: 4(0%), Work Speed: (0%), Skills: Stronghold Strategist
Fuack, Level: 6, Rank: 1, Gender: Female, HP IV: 59(0%), ATK IV: 88(0%), DEF IV: 77(0%), Work Speed: (0%), Skills: Destructive
Fuack, Level: 8, Rank: 1, Gender: Female, HP IV: 82(0%), ATK IV: 77(0%), DEF IV: 59(0%), Work Speed: (0%), Skills: Musclehead, Heated Body
Fuack, Level: 8, Rank: 1, Gender: Male, HP IV: 84(0%), ATK IV: 26(0%), DEF IV: 78(0%), Work Speed: (0%), Skills: Easygoing
Fuddler, Level: 2, Rank: 1, Gender: Female, HP IV: 6(0%), ATK IV: 54(0%), DEF IV: 27(0%), Work Speed: (0%), Skills: Abnormal
Grintale, Level: 1, Rank: 1, Gender: Female, HP IV: 53(0%), ATK IV: 53(0%), DEF IV: 9(0%), Work Speed: (0%), Skills: Mine Foreman
Lamball, Level: 10, Rank: 1, Gender: Male, HP IV: 69(0%), ATK IV: 65(0%), DEF IV: 94(0%), Work Speed: (0%), Skills: Musclehead
Lamball, Level: 5, Rank: 1, Gender: Male, HP IV: 95(0%), ATK IV: 65(0%), DEF IV: 86(0%), Work Speed: (0%), Skills: Nocturnal
Nox, Level: 1, Rank: 1, Gender: Male, HP IV: 74(0%), ATK IV: 25(0%), DEF IV: 74(0%), Work Speed: (0%), Skills: Coldblooded
Pengullet, Level: 10, Rank: 1, Gender: Female, HP IV: 33(0%), ATK IV: 59(0%), DEF IV: 100(0%), Work Speed: (0%), Skills: Dainty Eater
Pengullet, Level: 10, Rank: 1, Gender: Female, HP IV: 87(0%), ATK IV: 83(0%), DEF IV: 40(0%), Work Speed: (0%), Skills: Suntan Lover
Pengullet, Level: 10, Rank: 1, Gender: Female, HP IV: 98(0%), ATK IV: 84(0%), DEF IV: 51(0%), Work Speed: (0%)
Pengullet, Level: 10, Rank: 1, Gender: Female, HP IV: 99(0%), ATK IV: 3(0%), DEF IV: 56(0%), Work Speed: (0%), Skills: Impatient
Pengullet, Level: 11, Rank: 1, Gender: Female, HP IV: 68(0%), ATK IV: 89(0%), DEF IV: 23(0%), Work Speed: (0%)
Pengullet, Level: 12, Rank: 1, Gender: Female, HP IV: 75(0%), ATK IV: 7(0%), DEF IV: 41(0%), Work Speed: (0%), Skills: Cheery
Sparkit, Level: 8, Rank: 1, Gender: Female, HP IV: 26(0%), ATK IV: 74(0%), DEF IV: 72(0%), Work Speed: (0%), Skills: Coldblooded
Mr.Beast but evil's 26 Pals
---------------------------
Cattiva, Level: 16, Rank: 1, Gender: Female, HP IV: 26(0%), ATK IV: 67(0%), DEF IV: 14(0%), Work Speed: (0%), Skills: Coward, Zen Mind
Cattiva, Level: 16, Rank: 1, Gender: Female, HP IV: 7(0%), ATK IV: 55(0%), DEF IV: 95(0%), Work Speed: (0%), Skills: Coward
Cattiva, Level: 16, Rank: 1, Gender: Female, HP IV: 75(0%), ATK IV: 34(0%), DEF IV: 35(0%), Work Speed: (0%), Skills: Coward, Power of Gaia
Cattiva, Level: 16, Rank: 1, Gender: Male, HP IV: 13(0%), ATK IV: 54(0%), DEF IV: 1(0%), Work Speed: (0%), Skills: Coward, Insulated Body
Cremis, Level: 13, Rank: 1, Gender: Female, HP IV: 96(0%), ATK IV: 24(0%), DEF IV: 58(0%), Work Speed: (0%)
Direhowl, Level: 16, Rank: 1, Gender: Female, HP IV: 38(0%), ATK IV: 87(0%), DEF IV: 61(0%), Work Speed: (0%), Skills: Zen Mind
Eikthyrdeer, Level: 1, Rank: 1, Gender: Female, HP IV: 97(0%), ATK IV: 81(0%), DEF IV: 66(0%), Work Speed: (0%), Skills: Capacitor
Foxparks, Level: 13, Rank: 1, Gender: Male, HP IV: 74(0%), ATK IV: 100(0%), DEF IV: 82(0%), Work Speed: (0%)
Foxparks, Level: 4, Rank: 1, Gender: Female, HP IV: 88(0%), ATK IV: 38(0%), DEF IV: 65(0%), Work Speed: (0%), Skills: Sickly
Foxparks, Level: 9, Rank: 1, Gender: Male, HP IV: 60(0%), ATK IV: 6(0%), DEF IV: 83(0%), Work Speed: (0%)
Fuack, Level: 5, Rank: 1, Gender: Female, HP IV: 20(0%), ATK IV: 27(0%), DEF IV: 4(0%), Work Speed: (0%), Skills: Stronghold Strategist
Fuack, Level: 6, Rank: 1, Gender: Female, HP IV: 59(0%), ATK IV: 88(0%), DEF IV: 77(0%), Work Speed: (0%), Skills: Destructive
Fuack, Level: 8, Rank: 1, Gender: Female, HP IV: 82(0%), ATK IV: 77(0%), DEF IV: 59(0%), Work Speed: (0%), Skills: Musclehead, Heated Body
Fuack, Level: 8, Rank: 1, Gender: Male, HP IV: 84(0%), ATK IV: 26(0%), DEF IV: 78(0%), Work Speed: (0%), Skills: Easygoing
Fuddler, Level: 2, Rank: 1, Gender: Female, HP IV: 6(0%), ATK IV: 54(0%), DEF IV: 27(0%), Work Speed: (0%), Skills: Abnormal
Grintale, Level: 1, Rank: 1, Gender: Female, HP IV: 53(0%), ATK IV: 53(0%), DEF IV: 9(0%), Work Speed: (0%), Skills: Mine Foreman
Lamball, Level: 10, Rank: 1, Gender: Male, HP IV: 69(0%), ATK IV: 65(0%), DEF IV: 94(0%), Work Speed: (0%), Skills: Musclehead
Lamball, Level: 5, Rank: 1, Gender: Male, HP IV: 95(0%), ATK IV: 65(0%), DEF IV: 86(0%), Work Speed: (0%), Skills: Nocturnal
Nox, Level: 1, Rank: 1, Gender: Male, HP IV: 74(0%), ATK IV: 25(0%), DEF IV: 74(0%), Work Speed: (0%), Skills: Coldblooded
Pengullet, Level: 10, Rank: 1, Gender: Female, HP IV: 33(0%), ATK IV: 59(0%), DEF IV: 100(0%), Work Speed: (0%), Skills: Dainty Eater
Pengullet, Level: 10, Rank: 1, Gender: Female, HP IV: 87(0%), ATK IV: 83(0%), DEF IV: 40(0%), Work Speed: (0%), Skills: Suntan Lover
Pengullet, Level: 10, Rank: 1, Gender: Female, HP IV: 98(0%), ATK IV: 84(0%), DEF IV: 51(0%), Work Speed: (0%)
Pengullet, Level: 10, Rank: 1, Gender: Female, HP IV: 99(0%), ATK IV: 3(0%), DEF IV: 56(0%), Work Speed: (0%), Skills: Impatient
Pengullet, Level: 11, Rank: 1, Gender: Female, HP IV: 68(0%), ATK IV: 89(0%), DEF IV: 23(0%), Work Speed: (0%)
Pengullet, Level: 12, Rank: 1, Gender: Female, HP IV: 75(0%), ATK IV: 7(0%), DEF IV: 41(0%), Work Speed: (0%), Skills: Cheery
Sparkit, Level: 8, Rank: 1, Gender: Female, HP IV: 26(0%), ATK IV: 74(0%), DEF IV: 72(0%), Work Speed: (0%), Skills: Coldblooded
