MrBurgerbite's 34 Pals
----------------------
Alpha Chillet, Level: 17, Rank: 1, Gender: Male, HP IV: 64(0%), ATK IV: 54(0%), DEF IV: 99(0%), Work Speed: (0%), Skills: Botanical Barrier
Alpha Melpaca, Level: 1, Rank: 1, Gender: Female, HP IV: 68(0%), ATK IV: 97(0%), DEF IV: 80(0%), Work Speed: (0%), Skills: Masochist
Alpha Vixy, Level: 9, Rank: 1, Gender: Female, HP IV: 51(0%), ATK IV: 67(0%), DEF IV: 82(0%), Work Speed: (0%), Skills: Lucky, Waterproof, Cheery
Cattiva, Level: 11, Rank: 1, Gender: Male, HP IV: 74(0%), ATK IV: 95(0%), DEF IV: 97(0%), Work Speed: (0%), Skills: Coward, Vanguard
Celaray, Level: 4, Rank: 1, Gender: Female, HP IV: 20(0%), ATK IV: 83(0%), DEF IV: 3(0%), Work Speed: (0%)
Chikipi, Level: 2, Rank: 1, Gender: Male, HP IV: 7(0%), ATK IV: 42(0%), DEF IV: 44(0%), Work Speed: (0%), Skills: Downtrodden
Cremis, Level: 12, Rank: 1, Gender: Male, HP IV: 79(0%), ATK IV: 97(0%), DEF IV: 87(0%), Work Speed: (0%), Skills: Clumsy
Depresso, Level: 4, Rank: 1, Gender: Female, HP IV: 49(0%), ATK IV: 90(0%), DEF IV: 19(0%), Work Speed: (0%)
Direhowl, Level: 10, Rank: 1, Gender: Male, HP IV: 87(0%), ATK IV: 62(0%), DEF IV: 17(0%), Work Speed: (0%), Skills: Philantropist, Mine Foreman
Direhowl, Level: 9, Rank: 1, Gender: Male, HP IV: 0(0%), ATK IV: 18(0%), DEF IV: 64(0%), Work Speed: (0%), Skills: Insulated Body
Dumud, Level: 1, Rank: 1, Gender: Female, HP IV: 34(0%), ATK IV: 52(0%), DEF IV: 66(0%), Work Speed: (0%), Skills: Swift
Foxparks, Level: 11, Rank: 1, Gender: Female, HP IV: 76(0%), ATK IV: 60(0%), DEF IV: 84(0%), Work Speed: (0%)
Foxparks, Level: 17, Rank: 1, Gender: Female, HP IV: 58(0%), ATK IV: 36(0%), DEF IV: 18(0%), Work Speed: (0%), Skills: Mine Foreman
Foxparks, Level: 3, Rank: 1, Gender: Female, HP IV: 34(0%), ATK IV: 4(0%), DEF IV: 63(0%), Work Speed: (0%), Skills: Abnormal
Frostallion Noct, Larry, Level: 33, Rank: 1, Gender: Male, HP IV: 99(0%), ATK IV: 94(0%), DEF IV: 49(0%), Work Speed: (0%), Skills: Conceited, Serenity, Stronghold Strategist, Runner
Fuddler, Level: 16, Rank: 1, Gender: Female, HP IV: 34(0%), ATK IV: 9(0%), DEF IV: 99(0%), Work Speed: (0%), Skills: Brave
Hangyu, Level: 1, Rank: 1, Gender: Female, HP IV: 73(0%), ATK IV: 21(0%), DEF IV: 80(0%), Work Speed: (0%)
Hoocrates, Level: 3, Rank: 1, Gender: Female, HP IV: 62(0%), ATK IV: 18(0%), DEF IV: 100(0%), Work Speed: (0%), Skills: Hydromaniac
Hoocrates, Level: 5, Rank: 1, Gender: Female, HP IV: 85(0%), ATK IV: 16(0%), DEF IV: 80(0%), Work Speed: (0%), Skills: Shabby
Jolthog, Level: 4, Rank: 1, Gender: Male, HP IV: 25(0%), ATK IV: 22(0%), DEF IV: 44(0%), Work Speed: (0%), Skills: Conceited
Lamball, Level: 1, Rank: 1, Gender: Male, HP IV: 59(0%), ATK IV: 56(0%), DEF IV: 91(0%), Work Speed: (0%), Skills: Veil of Darkness
Lamball, Level: 2, Rank: 1, Gender: Female, HP IV: 19(0%), ATK IV: 41(0%), DEF IV: 19(0%), Work Speed: (0%), Skills: Vanguard
Lamball, Level: 2, Rank: 1, Gender: Female, HP IV: 78(0%), ATK IV: 37(0%), DEF IV: 1(0%), Work Speed: (0%), Skills: Power of Gaia
Lamball, Level: 4, Rank: 1, Gender: Female, HP IV: 47(0%), ATK IV: 34(0%), DEF IV: 15(0%), Work Speed: (0%), Skills: Coward
Melpaca, Level: 14, Rank: 1, Gender: Male, HP IV: 95(0%), ATK IV: 29(0%), DEF IV: 99(0%), Work Speed: (0%), Skills: Waterproof
Pengullet, Level: 14, Rank: 1, Gender: Female, HP IV: 43(0%), ATK IV: 98(0%), DEF IV: 49(0%), Work Speed: (0%), Skills: Nocturnal
Rushoar, Level: 4, Rank: 1, Gender: Male, HP IV: 89(0%), ATK IV: 76(0%), DEF IV: 58(0%), Work Speed: (0%), Skills: Brittle
Rushoar, Level: 6, Rank: 1, Gender: Female, HP IV: 96(0%), ATK IV: 11(0%), DEF IV: 91(0%), Work Speed: (0%)
Sparkit, Level: 10, Rank: 1, Gender: Female, HP IV: 100(0%), ATK IV: 54(0%), DEF IV: 44(0%), Work Speed: (0%), Skills: Artisan
Sparkit, Level: 6, Rank: 1, Gender: Male, HP IV: 92(0%), ATK IV: 88(0%), DEF IV: 61(0%), Work Speed: (0%), Skills: Positive Thinker
Tanzee, Level: 13, Rank: 1, Gender: Female, HP IV: 19(0%), ATK IV: 64(0%), DEF IV: 0(0%), Work Speed: (0%), Skills: Artisan
Tanzee, Level: 16, Rank: 1, Gender: Male, HP IV: 46(0%), ATK IV: 61(0%), DEF IV: 75(0%), Work Speed: (0%), Skills: Hooligan, Musclehead
Teafant, Level: 14, Rank: 1, Gender: Male, HP IV: 99(0%), ATK IV: 63(0%), DEF IV: 28(0%), Work Speed: (0%), Skills: Glutton
Vixy, Level: 11, Rank: 1, Gender: Female, HP IV: 23(0%), ATK IV: 45(0%), DEF IV: 30(0%), Work Speed: (0%), Skills: Destructive, Positive Thinker
MrBurgerbite's 34 Pals
----------------------
Alpha Chillet, Level: 17, Rank: 1, Gender: Male, HP IV: 64(0%), ATK IV: 54(0%), DEF IV: 99(0%), Work Speed: (0%), Skills: Botanical Barrier
Alpha Melpaca, Level: 1, Rank: 1, Gender: Female, HP IV: 68(0%), ATK IV: 97(0%), DEF IV: 80(0%), Work Speed: (0%), Skills: Masochist
Alpha Vixy, Level: 9, Rank: 1, Gender: Female, HP IV: 51(0%), ATK IV: 67(0%), DEF IV: 82(0%), Work Speed: (0%), Skills: Lucky, Waterproof, Cheery
Cattiva, Level: 11, Rank: 1, Gender: Male, HP IV: 74(0%), ATK IV: 95(0%), DEF IV: 97(0%), Work Speed: (0%), Skills: Coward, Vanguard
Celaray, Level: 4, Rank: 1, Gender: Female, HP IV: 20(0%), ATK IV: 83(0%), DEF IV: 3(0%), Work Speed: (0%)
Chikipi, Level: 2, Rank: 1, Gender: Male, HP IV: 7(0%), ATK IV: 42(0%), DEF IV: 44(0%), Work Speed: (0%), Skills: Downtrodden
Cremis, Level: 12, Rank: 1, Gender: Male, HP IV: 79(0%), ATK IV: 97(0%), DEF IV: 87(0%), Work Speed: (0%), Skills: Clumsy
Depresso, Level: 4, Rank: 1, Gender: Female, HP IV: 49(0%), ATK IV: 90(0%), DEF IV: 19(0%), Work Speed: (0%)
Direhowl, Level: 10, Rank: 1, Gender: Male, HP IV: 87(0%), ATK IV: 62(0%), DEF IV: 17(0%), Work Speed: (0%), Skills: Philantropist, Mine Foreman
Direhowl, Level: 9, Rank: 1, Gender: Male, HP IV: 0(0%), ATK IV: 18(0%), DEF IV: 64(0%), Work Speed: (0%), Skills: Insulated Body
Dumud, Level: 1, Rank: 1, Gender: Female, HP IV: 34(0%), ATK IV: 52(0%), DEF IV: 66(0%), Work Speed: (0%), Skills: Swift
Foxparks, Level: 11, Rank: 1, Gender: Female, HP IV: 76(0%), ATK IV: 60(0%), DEF IV: 84(0%), Work Speed: (0%)
Foxparks, Level: 17, Rank: 1, Gender: Female, HP IV: 58(0%), ATK IV: 36(0%), DEF IV: 18(0%), Work Speed: (0%), Skills: Mine Foreman
Foxparks, Level: 3, Rank: 1, Gender: Female, HP IV: 34(0%), ATK IV: 4(0%), DEF IV: 63(0%), Work Speed: (0%), Skills: Abnormal
Frostallion Noct, Larry, Level: 33, Rank: 1, Gender: Male, HP IV: 99(0%), ATK IV: 94(0%), DEF IV: 49(0%), Work Speed: (0%), Skills: Conceited, Serenity, Stronghold Strategist, Runner
Fuddler, Level: 16, Rank: 1, Gender: Female, HP IV: 34(0%), ATK IV: 9(0%), DEF IV: 99(0%), Work Speed: (0%), Skills: Brave
Hangyu, Level: 1, Rank: 1, Gender: Female, HP IV: 73(0%), ATK IV: 21(0%), DEF IV: 80(0%), Work Speed: (0%)
Hoocrates, Level: 3, Rank: 1, Gender: Female, HP IV: 62(0%), ATK IV: 18(0%), DEF IV: 100(0%), Work Speed: (0%), Skills: Hydromaniac
Hoocrates, Level: 5, Rank: 1, Gender: Female, HP IV: 85(0%), ATK IV: 16(0%), DEF IV: 80(0%), Work Speed: (0%), Skills: Shabby
Jolthog, Level: 4, Rank: 1, Gender: Male, HP IV: 25(0%), ATK IV: 22(0%), DEF IV: 44(0%), Work Speed: (0%), Skills: Conceited
Lamball, Level: 1, Rank: 1, Gender: Male, HP IV: 59(0%), ATK IV: 56(0%), DEF IV: 91(0%), Work Speed: (0%), Skills: Veil of Darkness
Lamball, Level: 2, Rank: 1, Gender: Female, HP IV: 19(0%), ATK IV: 41(0%), DEF IV: 19(0%), Work Speed: (0%), Skills: Vanguard
Lamball, Level: 2, Rank: 1, Gender: Female, HP IV: 78(0%), ATK IV: 37(0%), DEF IV: 1(0%), Work Speed: (0%), Skills: Power of Gaia
Lamball, Level: 4, Rank: 1, Gender: Female, HP IV: 47(0%), ATK IV: 34(0%), DEF IV: 15(0%), Work Speed: (0%), Skills: Coward
Melpaca, Level: 14, Rank: 1, Gender: Male, HP IV: 95(0%), ATK IV: 29(0%), DEF IV: 99(0%), Work Speed: (0%), Skills: Waterproof
Pengullet, Level: 14, Rank: 1, Gender: Female, HP IV: 43(0%), ATK IV: 98(0%), DEF IV: 49(0%), Work Speed: (0%), Skills: Nocturnal
Rushoar, Level: 4, Rank: 1, Gender: Male, HP IV: 89(0%), ATK IV: 76(0%), DEF IV: 58(0%), Work Speed: (0%), Skills: Brittle
Rushoar, Level: 6, Rank: 1, Gender: Female, HP IV: 96(0%), ATK IV: 11(0%), DEF IV: 91(0%), Work Speed: (0%)
Sparkit, Level: 10, Rank: 1, Gender: Female, HP IV: 100(0%), ATK IV: 54(0%), DEF IV: 44(0%), Work Speed: (0%), Skills: Artisan
Sparkit, Level: 6, Rank: 1, Gender: Male, HP IV: 92(0%), ATK IV: 88(0%), DEF IV: 61(0%), Work Speed: (0%), Skills: Positive Thinker
Tanzee, Level: 13, Rank: 1, Gender: Female, HP IV: 19(0%), ATK IV: 64(0%), DEF IV: 0(0%), Work Speed: (0%), Skills: Artisan
Tanzee, Level: 16, Rank: 1, Gender: Male, HP IV: 46(0%), ATK IV: 61(0%), DEF IV: 75(0%), Work Speed: (0%), Skills: Hooligan, Musclehead
Teafant, Level: 14, Rank: 1, Gender: Male, HP IV: 99(0%), ATK IV: 63(0%), DEF IV: 28(0%), Work Speed: (0%), Skills: Glutton
Vixy, Level: 11, Rank: 1, Gender: Female, HP IV: 23(0%), ATK IV: 45(0%), DEF IV: 30(0%), Work Speed: (0%), Skills: Destructive, Positive Thinker
MrBurgerbite's 34 Pals
----------------------
Alpha Chillet, Level: 17, Rank: 1, Gender: Male, HP IV: 64(0%), ATK IV: 54(0%), DEF IV: 99(0%), Work Speed: (0%), Skills: Botanical Barrier
Alpha Melpaca, Level: 1, Rank: 1, Gender: Female, HP IV: 68(0%), ATK IV: 97(0%), DEF IV: 80(0%), Work Speed: (0%), Skills: Masochist
Alpha Vixy, Level: 9, Rank: 1, Gender: Female, HP IV: 51(0%), ATK IV: 67(0%), DEF IV: 82(0%), Work Speed: (0%), Skills: Lucky, Waterproof, Cheery
Cattiva, Level: 11, Rank: 1, Gender: Male, HP IV: 74(0%), ATK IV: 95(0%), DEF IV: 97(0%), Work Speed: (0%), Skills: Coward, Vanguard
Celaray, Level: 4, Rank: 1, Gender: Female, HP IV: 20(0%), ATK IV: 83(0%), DEF IV: 3(0%), Work Speed: (0%)
Chikipi, Level: 2, Rank: 1, Gender: Male, HP IV: 7(0%), ATK IV: 42(0%), DEF IV: 44(0%), Work Speed: (0%), Skills: Downtrodden
Cremis, Level: 12, Rank: 1, Gender: Male, HP IV: 79(0%), ATK IV: 97(0%), DEF IV: 87(0%), Work Speed: (0%), Skills: Clumsy
Depresso, Level: 4, Rank: 1, Gender: Female, HP IV: 49(0%), ATK IV: 90(0%), DEF IV: 19(0%), Work Speed: (0%)
Direhowl, Level: 10, Rank: 1, Gender: Male, HP IV: 87(0%), ATK IV: 62(0%), DEF IV: 17(0%), Work Speed: (0%), Skills: Philantropist, Mine Foreman
Direhowl, Level: 9, Rank: 1, Gender: Male, HP IV: 0(0%), ATK IV: 18(0%), DEF IV: 64(0%), Work Speed: (0%), Skills: Insulated Body
Dumud, Level: 1, Rank: 1, Gender: Female, HP IV: 34(0%), ATK IV: 52(0%), DEF IV: 66(0%), Work Speed: (0%), Skills: Swift
Foxparks, Level: 11, Rank: 1, Gender: Female, HP IV: 76(0%), ATK IV: 60(0%), DEF IV: 84(0%), Work Speed: (0%)
Foxparks, Level: 17, Rank: 1, Gender: Female, HP IV: 58(0%), ATK IV: 36(0%), DEF IV: 18(0%), Work Speed: (0%), Skills: Mine Foreman
Foxparks, Level: 3, Rank: 1, Gender: Female, HP IV: 34(0%), ATK IV: 4(0%), DEF IV: 63(0%), Work Speed: (0%), Skills: Abnormal
Frostallion Noct, Larry, Level: 33, Rank: 1, Gender: Male, HP IV: 99(0%), ATK IV: 94(0%), DEF IV: 49(0%), Work Speed: (0%), Skills: Conceited, Serenity, Stronghold Strategist, Runner
Fuddler, Level: 16, Rank: 1, Gender: Female, HP IV: 34(0%), ATK IV: 9(0%), DEF IV: 99(0%), Work Speed: (0%), Skills: Brave
Hangyu, Level: 1, Rank: 1, Gender: Female, HP IV: 73(0%), ATK IV: 21(0%), DEF IV: 80(0%), Work Speed: (0%)
Hoocrates, Level: 3, Rank: 1, Gender: Female, HP IV: 62(0%), ATK IV: 18(0%), DEF IV: 100(0%), Work Speed: (0%), Skills: Hydromaniac
Hoocrates, Level: 5, Rank: 1, Gender: Female, HP IV: 85(0%), ATK IV: 16(0%), DEF IV: 80(0%), Work Speed: (0%), Skills: Shabby
Jolthog, Level: 4, Rank: 1, Gender: Male, HP IV: 25(0%), ATK IV: 22(0%), DEF IV: 44(0%), Work Speed: (0%), Skills: Conceited
Lamball, Level: 1, Rank: 1, Gender: Male, HP IV: 59(0%), ATK IV: 56(0%), DEF IV: 91(0%), Work Speed: (0%), Skills: Veil of Darkness
Lamball, Level: 2, Rank: 1, Gender: Female, HP IV: 19(0%), ATK IV: 41(0%), DEF IV: 19(0%), Work Speed: (0%), Skills: Vanguard
Lamball, Level: 2, Rank: 1, Gender: Female, HP IV: 78(0%), ATK IV: 37(0%), DEF IV: 1(0%), Work Speed: (0%), Skills: Power of Gaia
Lamball, Level: 4, Rank: 1, Gender: Female, HP IV: 47(0%), ATK IV: 34(0%), DEF IV: 15(0%), Work Speed: (0%), Skills: Coward
Melpaca, Level: 14, Rank: 1, Gender: Male, HP IV: 95(0%), ATK IV: 29(0%), DEF IV: 99(0%), Work Speed: (0%), Skills: Waterproof
Pengullet, Level: 14, Rank: 1, Gender: Female, HP IV: 43(0%), ATK IV: 98(0%), DEF IV: 49(0%), Work Speed: (0%), Skills: Nocturnal
Rushoar, Level: 4, Rank: 1, Gender: Male, HP IV: 89(0%), ATK IV: 76(0%), DEF IV: 58(0%), Work Speed: (0%), Skills: Brittle
Rushoar, Level: 6, Rank: 1, Gender: Female, HP IV: 96(0%), ATK IV: 11(0%), DEF IV: 91(0%), Work Speed: (0%)
Sparkit, Level: 10, Rank: 1, Gender: Female, HP IV: 100(0%), ATK IV: 54(0%), DEF IV: 44(0%), Work Speed: (0%), Skills: Artisan
Sparkit, Level: 6, Rank: 1, Gender: Male, HP IV: 92(0%), ATK IV: 88(0%), DEF IV: 61(0%), Work Speed: (0%), Skills: Positive Thinker
Tanzee, Level: 13, Rank: 1, Gender: Female, HP IV: 19(0%), ATK IV: 64(0%), DEF IV: 0(0%), Work Speed: (0%), Skills: Artisan
Tanzee, Level: 16, Rank: 1, Gender: Male, HP IV: 46(0%), ATK IV: 61(0%), DEF IV: 75(0%), Work Speed: (0%), Skills: Hooligan, Musclehead
Teafant, Level: 14, Rank: 1, Gender: Male, HP IV: 99(0%), ATK IV: 63(0%), DEF IV: 28(0%), Work Speed: (0%), Skills: Glutton
Vixy, Level: 11, Rank: 1, Gender: Female, HP IV: 23(0%), ATK IV: 45(0%), DEF IV: 30(0%), Work Speed: (0%), Skills: Destructive, Positive Thinker
MrBurgerbite's 34 Pals
----------------------
Alpha Chillet, Level: 17, Rank: 1, Gender: Male, HP IV: 64(0%), ATK IV: 54(0%), DEF IV: 99(0%), Work Speed: (0%), Skills: Botanical Barrier
Alpha Melpaca, Level: 1, Rank: 1, Gender: Female, HP IV: 68(0%), ATK IV: 97(0%), DEF IV: 80(0%), Work Speed: (0%), Skills: Masochist
Alpha Vixy, Level: 9, Rank: 1, Gender: Female, HP IV: 51(0%), ATK IV: 67(0%), DEF IV: 82(0%), Work Speed: (0%), Skills: Lucky, Waterproof, Cheery
Cattiva, Level: 11, Rank: 1, Gender: Male, HP IV: 74(0%), ATK IV: 95(0%), DEF IV: 97(0%), Work Speed: (0%), Skills: Coward, Vanguard
Celaray, Level: 4, Rank: 1, Gender: Female, HP IV: 20(0%), ATK IV: 83(0%), DEF IV: 3(0%), Work Speed: (0%)
Chikipi, Level: 2, Rank: 1, Gender: Male, HP IV: 7(0%), ATK IV: 42(0%), DEF IV: 44(0%), Work Speed: (0%), Skills: Downtrodden
Cremis, Level: 12, Rank: 1, Gender: Male, HP IV: 79(0%), ATK IV: 97(0%), DEF IV: 87(0%), Work Speed: (0%), Skills: Clumsy
Depresso, Level: 4, Rank: 1, Gender: Female, HP IV: 49(0%), ATK IV: 90(0%), DEF IV: 19(0%), Work Speed: (0%)
Direhowl, Level: 10, Rank: 1, Gender: Male, HP IV: 87(0%), ATK IV: 62(0%), DEF IV: 17(0%), Work Speed: (0%), Skills: Philantropist, Mine Foreman
Direhowl, Level: 9, Rank: 1, Gender: Male, HP IV: 0(0%), ATK IV: 18(0%), DEF IV: 64(0%), Work Speed: (0%), Skills: Insulated Body
Dumud, Level: 1, Rank: 1, Gender: Female, HP IV: 34(0%), ATK IV: 52(0%), DEF IV: 66(0%), Work Speed: (0%), Skills: Swift
Foxparks, Level: 11, Rank: 1, Gender: Female, HP IV: 76(0%), ATK IV: 60(0%), DEF IV: 84(0%), Work Speed: (0%)
Foxparks, Level: 17, Rank: 1, Gender: Female, HP IV: 58(0%), ATK IV: 36(0%), DEF IV: 18(0%), Work Speed: (0%), Skills: Mine Foreman
Foxparks, Level: 3, Rank: 1, Gender: Female, HP IV: 34(0%), ATK IV: 4(0%), DEF IV: 63(0%), Work Speed: (0%), Skills: Abnormal
Frostallion Noct, Larry, Level: 33, Rank: 1, Gender: Male, HP IV: 99(0%), ATK IV: 94(0%), DEF IV: 49(0%), Work Speed: (0%), Skills: Conceited, Serenity, Stronghold Strategist, Runner
Fuddler, Level: 16, Rank: 1, Gender: Female, HP IV: 34(0%), ATK IV: 9(0%), DEF IV: 99(0%), Work Speed: (0%), Skills: Brave
Hangyu, Level: 1, Rank: 1, Gender: Female, HP IV: 73(0%), ATK IV: 21(0%), DEF IV: 80(0%), Work Speed: (0%)
Hoocrates, Level: 3, Rank: 1, Gender: Female, HP IV: 62(0%), ATK IV: 18(0%), DEF IV: 100(0%), Work Speed: (0%), Skills: Hydromaniac
Hoocrates, Level: 5, Rank: 1, Gender: Female, HP IV: 85(0%), ATK IV: 16(0%), DEF IV: 80(0%), Work Speed: (0%), Skills: Shabby
Jolthog, Level: 4, Rank: 1, Gender: Male, HP IV: 25(0%), ATK IV: 22(0%), DEF IV: 44(0%), Work Speed: (0%), Skills: Conceited
Lamball, Level: 1, Rank: 1, Gender: Male, HP IV: 59(0%), ATK IV: 56(0%), DEF IV: 91(0%), Work Speed: (0%), Skills: Veil of Darkness
Lamball, Level: 2, Rank: 1, Gender: Female, HP IV: 19(0%), ATK IV: 41(0%), DEF IV: 19(0%), Work Speed: (0%), Skills: Vanguard
Lamball, Level: 2, Rank: 1, Gender: Female, HP IV: 78(0%), ATK IV: 37(0%), DEF IV: 1(0%), Work Speed: (0%), Skills: Power of Gaia
Lamball, Level: 4, Rank: 1, Gender: Female, HP IV: 47(0%), ATK IV: 34(0%), DEF IV: 15(0%), Work Speed: (0%), Skills: Coward
Melpaca, Level: 14, Rank: 1, Gender: Male, HP IV: 95(0%), ATK IV: 29(0%), DEF IV: 99(0%), Work Speed: (0%), Skills: Waterproof
Pengullet, Level: 14, Rank: 1, Gender: Female, HP IV: 43(0%), ATK IV: 98(0%), DEF IV: 49(0%), Work Speed: (0%), Skills: Nocturnal
Rushoar, Level: 4, Rank: 1, Gender: Male, HP IV: 89(0%), ATK IV: 76(0%), DEF IV: 58(0%), Work Speed: (0%), Skills: Brittle
Rushoar, Level: 6, Rank: 1, Gender: Female, HP IV: 96(0%), ATK IV: 11(0%), DEF IV: 91(0%), Work Speed: (0%)
Sparkit, Level: 10, Rank: 1, Gender: Female, HP IV: 100(0%), ATK IV: 54(0%), DEF IV: 44(0%), Work Speed: (0%), Skills: Artisan
Sparkit, Level: 6, Rank: 1, Gender: Male, HP IV: 92(0%), ATK IV: 88(0%), DEF IV: 61(0%), Work Speed: (0%), Skills: Positive Thinker
Tanzee, Level: 13, Rank: 1, Gender: Female, HP IV: 19(0%), ATK IV: 64(0%), DEF IV: 0(0%), Work Speed: (0%), Skills: Artisan
Tanzee, Level: 16, Rank: 1, Gender: Male, HP IV: 46(0%), ATK IV: 61(0%), DEF IV: 75(0%), Work Speed: (0%), Skills: Hooligan, Musclehead
Teafant, Level: 14, Rank: 1, Gender: Male, HP IV: 99(0%), ATK IV: 63(0%), DEF IV: 28(0%), Work Speed: (0%), Skills: Glutton
Vixy, Level: 11, Rank: 1, Gender: Female, HP IV: 23(0%), ATK IV: 45(0%), DEF IV: 30(0%), Work Speed: (0%), Skills: Destructive, Positive Thinker
MrBurgerbite's 34 Pals
----------------------
Alpha Chillet, Level: 17, Rank: 1, Gender: Male, HP IV: 64(0%), ATK IV: 54(0%), DEF IV: 99(0%), Work Speed: (0%), Skills: Botanical Barrier
Alpha Melpaca, Level: 1, Rank: 1, Gender: Female, HP IV: 68(0%), ATK IV: 97(0%), DEF IV: 80(0%), Work Speed: (0%), Skills: Masochist
Alpha Vixy, Level: 9, Rank: 1, Gender: Female, HP IV: 51(0%), ATK IV: 67(0%), DEF IV: 82(0%), Work Speed: (0%), Skills: Lucky, Waterproof, Cheery
Cattiva, Level: 11, Rank: 1, Gender: Male, HP IV: 74(0%), ATK IV: 95(0%), DEF IV: 97(0%), Work Speed: (0%), Skills: Coward, Vanguard
Celaray, Level: 4, Rank: 1, Gender: Female, HP IV: 20(0%), ATK IV: 83(0%), DEF IV: 3(0%), Work Speed: (0%)
Chikipi, Level: 2, Rank: 1, Gender: Male, HP IV: 7(0%), ATK IV: 42(0%), DEF IV: 44(0%), Work Speed: (0%), Skills: Downtrodden
Cremis, Level: 12, Rank: 1, Gender: Male, HP IV: 79(0%), ATK IV: 97(0%), DEF IV: 87(0%), Work Speed: (0%), Skills: Clumsy
Depresso, Level: 4, Rank: 1, Gender: Female, HP IV: 49(0%), ATK IV: 90(0%), DEF IV: 19(0%), Work Speed: (0%)
Direhowl, Level: 10, Rank: 1, Gender: Male, HP IV: 87(0%), ATK IV: 62(0%), DEF IV: 17(0%), Work Speed: (0%), Skills: Philantropist, Mine Foreman
Direhowl, Level: 9, Rank: 1, Gender: Male, HP IV: 0(0%), ATK IV: 18(0%), DEF IV: 64(0%), Work Speed: (0%), Skills: Insulated Body
Dumud, Level: 1, Rank: 1, Gender: Female, HP IV: 34(0%), ATK IV: 52(0%), DEF IV: 66(0%), Work Speed: (0%), Skills: Swift
Foxparks, Level: 11, Rank: 1, Gender: Female, HP IV: 76(0%), ATK IV: 60(0%), DEF IV: 84(0%), Work Speed: (0%)
Foxparks, Level: 17, Rank: 1, Gender: Female, HP IV: 58(0%), ATK IV: 36(0%), DEF IV: 18(0%), Work Speed: (0%), Skills: Mine Foreman
Foxparks, Level: 3, Rank: 1, Gender: Female, HP IV: 34(0%), ATK IV: 4(0%), DEF IV: 63(0%), Work Speed: (0%), Skills: Abnormal
Frostallion Noct, Larry, Level: 33, Rank: 1, Gender: Male, HP IV: 99(0%), ATK IV: 94(0%), DEF IV: 49(0%), Work Speed: (0%), Skills: Conceited, Serenity, Stronghold Strategist, Runner
Fuddler, Level: 16, Rank: 1, Gender: Female, HP IV: 34(0%), ATK IV: 9(0%), DEF IV: 99(0%), Work Speed: (0%), Skills: Brave
Hangyu, Level: 1, Rank: 1, Gender: Female, HP IV: 73(0%), ATK IV: 21(0%), DEF IV: 80(0%), Work Speed: (0%)
Hoocrates, Level: 3, Rank: 1, Gender: Female, HP IV: 62(0%), ATK IV: 18(0%), DEF IV: 100(0%), Work Speed: (0%), Skills: Hydromaniac
Hoocrates, Level: 5, Rank: 1, Gender: Female, HP IV: 85(0%), ATK IV: 16(0%), DEF IV: 80(0%), Work Speed: (0%), Skills: Shabby
Jolthog, Level: 4, Rank: 1, Gender: Male, HP IV: 25(0%), ATK IV: 22(0%), DEF IV: 44(0%), Work Speed: (0%), Skills: Conceited
Lamball, Level: 1, Rank: 1, Gender: Male, HP IV: 59(0%), ATK IV: 56(0%), DEF IV: 91(0%), Work Speed: (0%), Skills: Veil of Darkness
Lamball, Level: 2, Rank: 1, Gender: Female, HP IV: 19(0%), ATK IV: 41(0%), DEF IV: 19(0%), Work Speed: (0%), Skills: Vanguard
Lamball, Level: 2, Rank: 1, Gender: Female, HP IV: 78(0%), ATK IV: 37(0%), DEF IV: 1(0%), Work Speed: (0%), Skills: Power of Gaia
Lamball, Level: 4, Rank: 1, Gender: Female, HP IV: 47(0%), ATK IV: 34(0%), DEF IV: 15(0%), Work Speed: (0%), Skills: Coward
Melpaca, Level: 14, Rank: 1, Gender: Male, HP IV: 95(0%), ATK IV: 29(0%), DEF IV: 99(0%), Work Speed: (0%), Skills: Waterproof
Pengullet, Level: 14, Rank: 1, Gender: Female, HP IV: 43(0%), ATK IV: 98(0%), DEF IV: 49(0%), Work Speed: (0%), Skills: Nocturnal
Rushoar, Level: 4, Rank: 1, Gender: Male, HP IV: 89(0%), ATK IV: 76(0%), DEF IV: 58(0%), Work Speed: (0%), Skills: Brittle
Rushoar, Level: 6, Rank: 1, Gender: Female, HP IV: 96(0%), ATK IV: 11(0%), DEF IV: 91(0%), Work Speed: (0%)
Sparkit, Level: 10, Rank: 1, Gender: Female, HP IV: 100(0%), ATK IV: 54(0%), DEF IV: 44(0%), Work Speed: (0%), Skills: Artisan
Sparkit, Level: 6, Rank: 1, Gender: Male, HP IV: 92(0%), ATK IV: 88(0%), DEF IV: 61(0%), Work Speed: (0%), Skills: Positive Thinker
Tanzee, Level: 13, Rank: 1, Gender: Female, HP IV: 19(0%), ATK IV: 64(0%), DEF IV: 0(0%), Work Speed: (0%), Skills: Artisan
Tanzee, Level: 16, Rank: 1, Gender: Male, HP IV: 46(0%), ATK IV: 61(0%), DEF IV: 75(0%), Work Speed: (0%), Skills: Hooligan, Musclehead
Teafant, Level: 14, Rank: 1, Gender: Male, HP IV: 99(0%), ATK IV: 63(0%), DEF IV: 28(0%), Work Speed: (0%), Skills: Glutton
Vixy, Level: 11, Rank: 1, Gender: Female, HP IV: 23(0%), ATK IV: 45(0%), DEF IV: 30(0%), Work Speed: (0%), Skills: Destructive, Positive Thinker
MrBurgerbite's 34 Pals
----------------------
Alpha Chillet, Level: 17, Rank: 1, Gender: Male, HP IV: 64(0%), ATK IV: 54(0%), DEF IV: 99(0%), Work Speed: (0%), Skills: Botanical Barrier
Alpha Melpaca, Level: 1, Rank: 1, Gender: Female, HP IV: 68(0%), ATK IV: 97(0%), DEF IV: 80(0%), Work Speed: (0%), Skills: Masochist
Alpha Vixy, Level: 9, Rank: 1, Gender: Female, HP IV: 51(0%), ATK IV: 67(0%), DEF IV: 82(0%), Work Speed: (0%), Skills: Lucky, Waterproof, Cheery
Cattiva, Level: 11, Rank: 1, Gender: Male, HP IV: 74(0%), ATK IV: 95(0%), DEF IV: 97(0%), Work Speed: (0%), Skills: Coward, Vanguard
Celaray, Level: 4, Rank: 1, Gender: Female, HP IV: 20(0%), ATK IV: 83(0%), DEF IV: 3(0%), Work Speed: (0%)
Chikipi, Level: 2, Rank: 1, Gender: Male, HP IV: 7(0%), ATK IV: 42(0%), DEF IV: 44(0%), Work Speed: (0%), Skills: Downtrodden
Cremis, Level: 12, Rank: 1, Gender: Male, HP IV: 79(0%), ATK IV: 97(0%), DEF IV: 87(0%), Work Speed: (0%), Skills: Clumsy
Depresso, Level: 4, Rank: 1, Gender: Female, HP IV: 49(0%), ATK IV: 90(0%), DEF IV: 19(0%), Work Speed: (0%)
Direhowl, Level: 10, Rank: 1, Gender: Male, HP IV: 87(0%), ATK IV: 62(0%), DEF IV: 17(0%), Work Speed: (0%), Skills: Philantropist, Mine Foreman
Direhowl, Level: 9, Rank: 1, Gender: Male, HP IV: 0(0%), ATK IV: 18(0%), DEF IV: 64(0%), Work Speed: (0%), Skills: Insulated Body
Dumud, Level: 1, Rank: 1, Gender: Female, HP IV: 34(0%), ATK IV: 52(0%), DEF IV: 66(0%), Work Speed: (0%), Skills: Swift
Foxparks, Level: 11, Rank: 1, Gender: Female, HP IV: 76(0%), ATK IV: 60(0%), DEF IV: 84(0%), Work Speed: (0%)
Foxparks, Level: 17, Rank: 1, Gender: Female, HP IV: 58(0%), ATK IV: 36(0%), DEF IV: 18(0%), Work Speed: (0%), Skills: Mine Foreman
Foxparks, Level: 3, Rank: 1, Gender: Female, HP IV: 34(0%), ATK IV: 4(0%), DEF IV: 63(0%), Work Speed: (0%), Skills: Abnormal
Frostallion Noct, Larry, Level: 33, Rank: 1, Gender: Male, HP IV: 99(0%), ATK IV: 94(0%), DEF IV: 49(0%), Work Speed: (0%), Skills: Conceited, Serenity, Stronghold Strategist, Runner
Fuddler, Level: 16, Rank: 1, Gender: Female, HP IV: 34(0%), ATK IV: 9(0%), DEF IV: 99(0%), Work Speed: (0%), Skills: Brave
Hangyu, Level: 1, Rank: 1, Gender: Female, HP IV: 73(0%), ATK IV: 21(0%), DEF IV: 80(0%), Work Speed: (0%)
Hoocrates, Level: 3, Rank: 1, Gender: Female, HP IV: 62(0%), ATK IV: 18(0%), DEF IV: 100(0%), Work Speed: (0%), Skills: Hydromaniac
Hoocrates, Level: 5, Rank: 1, Gender: Female, HP IV: 85(0%), ATK IV: 16(0%), DEF IV: 80(0%), Work Speed: (0%), Skills: Shabby
Jolthog, Level: 4, Rank: 1, Gender: Male, HP IV: 25(0%), ATK IV: 22(0%), DEF IV: 44(0%), Work Speed: (0%), Skills: Conceited
Lamball, Level: 1, Rank: 1, Gender: Male, HP IV: 59(0%), ATK IV: 56(0%), DEF IV: 91(0%), Work Speed: (0%), Skills: Veil of Darkness
Lamball, Level: 2, Rank: 1, Gender: Female, HP IV: 19(0%), ATK IV: 41(0%), DEF IV: 19(0%), Work Speed: (0%), Skills: Vanguard
Lamball, Level: 2, Rank: 1, Gender: Female, HP IV: 78(0%), ATK IV: 37(0%), DEF IV: 1(0%), Work Speed: (0%), Skills: Power of Gaia
Lamball, Level: 4, Rank: 1, Gender: Female, HP IV: 47(0%), ATK IV: 34(0%), DEF IV: 15(0%), Work Speed: (0%), Skills: Coward
Melpaca, Level: 14, Rank: 1, Gender: Male, HP IV: 95(0%), ATK IV: 29(0%), DEF IV: 99(0%), Work Speed: (0%), Skills: Waterproof
Pengullet, Level: 14, Rank: 1, Gender: Female, HP IV: 43(0%), ATK IV: 98(0%), DEF IV: 49(0%), Work Speed: (0%), Skills: Nocturnal
Rushoar, Level: 4, Rank: 1, Gender: Male, HP IV: 89(0%), ATK IV: 76(0%), DEF IV: 58(0%), Work Speed: (0%), Skills: Brittle
Rushoar, Level: 6, Rank: 1, Gender: Female, HP IV: 96(0%), ATK IV: 11(0%), DEF IV: 91(0%), Work Speed: (0%)
Sparkit, Level: 10, Rank: 1, Gender: Female, HP IV: 100(0%), ATK IV: 54(0%), DEF IV: 44(0%), Work Speed: (0%), Skills: Artisan
Sparkit, Level: 6, Rank: 1, Gender: Male, HP IV: 92(0%), ATK IV: 88(0%), DEF IV: 61(0%), Work Speed: (0%), Skills: Positive Thinker
Tanzee, Level: 13, Rank: 1, Gender: Female, HP IV: 19(0%), ATK IV: 64(0%), DEF IV: 0(0%), Work Speed: (0%), Skills: Artisan
Tanzee, Level: 16, Rank: 1, Gender: Male, HP IV: 46(0%), ATK IV: 61(0%), DEF IV: 75(0%), Work Speed: (0%), Skills: Hooligan, Musclehead
Teafant, Level: 14, Rank: 1, Gender: Male, HP IV: 99(0%), ATK IV: 63(0%), DEF IV: 28(0%), Work Speed: (0%), Skills: Glutton
Vixy, Level: 11, Rank: 1, Gender: Female, HP IV: 23(0%), ATK IV: 45(0%), DEF IV: 30(0%), Work Speed: (0%), Skills: Destructive, Positive Thinker
MrBurgerbite's 34 Pals
----------------------
Alpha Chillet, Level: 17, Rank: 1, Gender: Male, HP IV: 64(0%), ATK IV: 54(0%), DEF IV: 99(0%), Work Speed: (0%), Skills: Botanical Barrier
Alpha Melpaca, Level: 1, Rank: 1, Gender: Female, HP IV: 68(0%), ATK IV: 97(0%), DEF IV: 80(0%), Work Speed: (0%), Skills: Masochist
Alpha Vixy, Level: 9, Rank: 1, Gender: Female, HP IV: 51(0%), ATK IV: 67(0%), DEF IV: 82(0%), Work Speed: (0%), Skills: Lucky, Waterproof, Cheery
Cattiva, Level: 11, Rank: 1, Gender: Male, HP IV: 74(0%), ATK IV: 95(0%), DEF IV: 97(0%), Work Speed: (0%), Skills: Coward, Vanguard
Celaray, Level: 4, Rank: 1, Gender: Female, HP IV: 20(0%), ATK IV: 83(0%), DEF IV: 3(0%), Work Speed: (0%)
Chikipi, Level: 2, Rank: 1, Gender: Male, HP IV: 7(0%), ATK IV: 42(0%), DEF IV: 44(0%), Work Speed: (0%), Skills: Downtrodden
Cremis, Level: 12, Rank: 1, Gender: Male, HP IV: 79(0%), ATK IV: 97(0%), DEF IV: 87(0%), Work Speed: (0%), Skills: Clumsy
Depresso, Level: 4, Rank: 1, Gender: Female, HP IV: 49(0%), ATK IV: 90(0%), DEF IV: 19(0%), Work Speed: (0%)
Direhowl, Level: 10, Rank: 1, Gender: Male, HP IV: 87(0%), ATK IV: 62(0%), DEF IV: 17(0%), Work Speed: (0%), Skills: Philantropist, Mine Foreman
Direhowl, Level: 9, Rank: 1, Gender: Male, HP IV: 0(0%), ATK IV: 18(0%), DEF IV: 64(0%), Work Speed: (0%), Skills: Insulated Body
Dumud, Level: 1, Rank: 1, Gender: Female, HP IV: 34(0%), ATK IV: 52(0%), DEF IV: 66(0%), Work Speed: (0%), Skills: Swift
Foxparks, Level: 11, Rank: 1, Gender: Female, HP IV: 76(0%), ATK IV: 60(0%), DEF IV: 84(0%), Work Speed: (0%)
Foxparks, Level: 17, Rank: 1, Gender: Female, HP IV: 58(0%), ATK IV: 36(0%), DEF IV: 18(0%), Work Speed: (0%), Skills: Mine Foreman
Foxparks, Level: 3, Rank: 1, Gender: Female, HP IV: 34(0%), ATK IV: 4(0%), DEF IV: 63(0%), Work Speed: (0%), Skills: Abnormal
Frostallion Noct, Larry, Level: 33, Rank: 1, Gender: Male, HP IV: 99(0%), ATK IV: 94(0%), DEF IV: 49(0%), Work Speed: (0%), Skills: Conceited, Serenity, Stronghold Strategist, Runner
Fuddler, Level: 16, Rank: 1, Gender: Female, HP IV: 34(0%), ATK IV: 9(0%), DEF IV: 99(0%), Work Speed: (0%), Skills: Brave
Hangyu, Level: 1, Rank: 1, Gender: Female, HP IV: 73(0%), ATK IV: 21(0%), DEF IV: 80(0%), Work Speed: (0%)
Hoocrates, Level: 3, Rank: 1, Gender: Female, HP IV: 62(0%), ATK IV: 18(0%), DEF IV: 100(0%), Work Speed: (0%), Skills: Hydromaniac
Hoocrates, Level: 5, Rank: 1, Gender: Female, HP IV: 85(0%), ATK IV: 16(0%), DEF IV: 80(0%), Work Speed: (0%), Skills: Shabby
Jolthog, Level: 4, Rank: 1, Gender: Male, HP IV: 25(0%), ATK IV: 22(0%), DEF IV: 44(0%), Work Speed: (0%), Skills: Conceited
Lamball, Level: 1, Rank: 1, Gender: Male, HP IV: 59(0%), ATK IV: 56(0%), DEF IV: 91(0%), Work Speed: (0%), Skills: Veil of Darkness
Lamball, Level: 2, Rank: 1, Gender: Female, HP IV: 19(0%), ATK IV: 41(0%), DEF IV: 19(0%), Work Speed: (0%), Skills: Vanguard
Lamball, Level: 2, Rank: 1, Gender: Female, HP IV: 78(0%), ATK IV: 37(0%), DEF IV: 1(0%), Work Speed: (0%), Skills: Power of Gaia
Lamball, Level: 4, Rank: 1, Gender: Female, HP IV: 47(0%), ATK IV: 34(0%), DEF IV: 15(0%), Work Speed: (0%), Skills: Coward
Melpaca, Level: 14, Rank: 1, Gender: Male, HP IV: 95(0%), ATK IV: 29(0%), DEF IV: 99(0%), Work Speed: (0%), Skills: Waterproof
Pengullet, Level: 14, Rank: 1, Gender: Female, HP IV: 43(0%), ATK IV: 98(0%), DEF IV: 49(0%), Work Speed: (0%), Skills: Nocturnal
Rushoar, Level: 4, Rank: 1, Gender: Male, HP IV: 89(0%), ATK IV: 76(0%), DEF IV: 58(0%), Work Speed: (0%), Skills: Brittle
Rushoar, Level: 6, Rank: 1, Gender: Female, HP IV: 96(0%), ATK IV: 11(0%), DEF IV: 91(0%), Work Speed: (0%)
Sparkit, Level: 10, Rank: 1, Gender: Female, HP IV: 100(0%), ATK IV: 54(0%), DEF IV: 44(0%), Work Speed: (0%), Skills: Artisan
Sparkit, Level: 6, Rank: 1, Gender: Male, HP IV: 92(0%), ATK IV: 88(0%), DEF IV: 61(0%), Work Speed: (0%), Skills: Positive Thinker
Tanzee, Level: 13, Rank: 1, Gender: Female, HP IV: 19(0%), ATK IV: 64(0%), DEF IV: 0(0%), Work Speed: (0%), Skills: Artisan
Tanzee, Level: 16, Rank: 1, Gender: Male, HP IV: 46(0%), ATK IV: 61(0%), DEF IV: 75(0%), Work Speed: (0%), Skills: Hooligan, Musclehead
Teafant, Level: 14, Rank: 1, Gender: Male, HP IV: 99(0%), ATK IV: 63(0%), DEF IV: 28(0%), Work Speed: (0%), Skills: Glutton
Vixy, Level: 11, Rank: 1, Gender: Female, HP IV: 23(0%), ATK IV: 45(0%), DEF IV: 30(0%), Work Speed: (0%), Skills: Destructive, Positive Thinker
MrBurgerbite's 34 Pals
----------------------
Alpha Chillet, Level: 17, Rank: 1, Gender: Male, HP IV: 64(0%), ATK IV: 54(0%), DEF IV: 99(0%), Work Speed: (0%), Skills: Botanical Barrier
Alpha Melpaca, Level: 1, Rank: 1, Gender: Female, HP IV: 68(0%), ATK IV: 97(0%), DEF IV: 80(0%), Work Speed: (0%), Skills: Masochist
Alpha Vixy, Level: 9, Rank: 1, Gender: Female, HP IV: 51(0%), ATK IV: 67(0%), DEF IV: 82(0%), Work Speed: (0%), Skills: Lucky, Waterproof, Cheery
Cattiva, Level: 11, Rank: 1, Gender: Male, HP IV: 74(0%), ATK IV: 95(0%), DEF IV: 97(0%), Work Speed: (0%), Skills: Coward, Vanguard
Celaray, Level: 4, Rank: 1, Gender: Female, HP IV: 20(0%), ATK IV: 83(0%), DEF IV: 3(0%), Work Speed: (0%)
Chikipi, Level: 2, Rank: 1, Gender: Male, HP IV: 7(0%), ATK IV: 42(0%), DEF IV: 44(0%), Work Speed: (0%), Skills: Downtrodden
Cremis, Level: 12, Rank: 1, Gender: Male, HP IV: 79(0%), ATK IV: 97(0%), DEF IV: 87(0%), Work Speed: (0%), Skills: Clumsy
Depresso, Level: 4, Rank: 1, Gender: Female, HP IV: 49(0%), ATK IV: 90(0%), DEF IV: 19(0%), Work Speed: (0%)
Direhowl, Level: 10, Rank: 1, Gender: Male, HP IV: 87(0%), ATK IV: 62(0%), DEF IV: 17(0%), Work Speed: (0%), Skills: Philantropist, Mine Foreman
Direhowl, Level: 9, Rank: 1, Gender: Male, HP IV: 0(0%), ATK IV: 18(0%), DEF IV: 64(0%), Work Speed: (0%), Skills: Insulated Body
Dumud, Level: 1, Rank: 1, Gender: Female, HP IV: 34(0%), ATK IV: 52(0%), DEF IV: 66(0%), Work Speed: (0%), Skills: Swift
Foxparks, Level: 11, Rank: 1, Gender: Female, HP IV: 76(0%), ATK IV: 60(0%), DEF IV: 84(0%), Work Speed: (0%)
Foxparks, Level: 17, Rank: 1, Gender: Female, HP IV: 58(0%), ATK IV: 36(0%), DEF IV: 18(0%), Work Speed: (0%), Skills: Mine Foreman
Foxparks, Level: 3, Rank: 1, Gender: Female, HP IV: 34(0%), ATK IV: 4(0%), DEF IV: 63(0%), Work Speed: (0%), Skills: Abnormal
Frostallion Noct, Larry, Level: 33, Rank: 1, Gender: Male, HP IV: 99(0%), ATK IV: 94(0%), DEF IV: 49(0%), Work Speed: (0%), Skills: Conceited, Serenity, Stronghold Strategist, Runner
Fuddler, Level: 16, Rank: 1, Gender: Female, HP IV: 34(0%), ATK IV: 9(0%), DEF IV: 99(0%), Work Speed: (0%), Skills: Brave
Hangyu, Level: 1, Rank: 1, Gender: Female, HP IV: 73(0%), ATK IV: 21(0%), DEF IV: 80(0%), Work Speed: (0%)
Hoocrates, Level: 3, Rank: 1, Gender: Female, HP IV: 62(0%), ATK IV: 18(0%), DEF IV: 100(0%), Work Speed: (0%), Skills: Hydromaniac
Hoocrates, Level: 5, Rank: 1, Gender: Female, HP IV: 85(0%), ATK IV: 16(0%), DEF IV: 80(0%), Work Speed: (0%), Skills: Shabby
Jolthog, Level: 4, Rank: 1, Gender: Male, HP IV: 25(0%), ATK IV: 22(0%), DEF IV: 44(0%), Work Speed: (0%), Skills: Conceited
Lamball, Level: 1, Rank: 1, Gender: Male, HP IV: 59(0%), ATK IV: 56(0%), DEF IV: 91(0%), Work Speed: (0%), Skills: Veil of Darkness
Lamball, Level: 2, Rank: 1, Gender: Female, HP IV: 19(0%), ATK IV: 41(0%), DEF IV: 19(0%), Work Speed: (0%), Skills: Vanguard
Lamball, Level: 2, Rank: 1, Gender: Female, HP IV: 78(0%), ATK IV: 37(0%), DEF IV: 1(0%), Work Speed: (0%), Skills: Power of Gaia
Lamball, Level: 4, Rank: 1, Gender: Female, HP IV: 47(0%), ATK IV: 34(0%), DEF IV: 15(0%), Work Speed: (0%), Skills: Coward
Melpaca, Level: 14, Rank: 1, Gender: Male, HP IV: 95(0%), ATK IV: 29(0%), DEF IV: 99(0%), Work Speed: (0%), Skills: Waterproof
Pengullet, Level: 14, Rank: 1, Gender: Female, HP IV: 43(0%), ATK IV: 98(0%), DEF IV: 49(0%), Work Speed: (0%), Skills: Nocturnal
Rushoar, Level: 4, Rank: 1, Gender: Male, HP IV: 89(0%), ATK IV: 76(0%), DEF IV: 58(0%), Work Speed: (0%), Skills: Brittle
Rushoar, Level: 6, Rank: 1, Gender: Female, HP IV: 96(0%), ATK IV: 11(0%), DEF IV: 91(0%), Work Speed: (0%)
Sparkit, Level: 10, Rank: 1, Gender: Female, HP IV: 100(0%), ATK IV: 54(0%), DEF IV: 44(0%), Work Speed: (0%), Skills: Artisan
Sparkit, Level: 6, Rank: 1, Gender: Male, HP IV: 92(0%), ATK IV: 88(0%), DEF IV: 61(0%), Work Speed: (0%), Skills: Positive Thinker
Tanzee, Level: 13, Rank: 1, Gender: Female, HP IV: 19(0%), ATK IV: 64(0%), DEF IV: 0(0%), Work Speed: (0%), Skills: Artisan
Tanzee, Level: 16, Rank: 1, Gender: Male, HP IV: 46(0%), ATK IV: 61(0%), DEF IV: 75(0%), Work Speed: (0%), Skills: Hooligan, Musclehead
Teafant, Level: 14, Rank: 1, Gender: Male, HP IV: 99(0%), ATK IV: 63(0%), DEF IV: 28(0%), Work Speed: (0%), Skills: Glutton
Vixy, Level: 11, Rank: 1, Gender: Female, HP IV: 23(0%), ATK IV: 45(0%), DEF IV: 30(0%), Work Speed: (0%), Skills: Destructive, Positive Thinker
MrBurgerbite's 34 Pals
----------------------
Alpha Chillet, Level: 17, Rank: 1, Gender: Male, HP IV: 64(0%), ATK IV: 54(0%), DEF IV: 99(0%), Work Speed: (0%), Skills: Botanical Barrier
Alpha Melpaca, Level: 1, Rank: 1, Gender: Female, HP IV: 68(0%), ATK IV: 97(0%), DEF IV: 80(0%), Work Speed: (0%), Skills: Masochist
Alpha Vixy, Level: 9, Rank: 1, Gender: Female, HP IV: 51(0%), ATK IV: 67(0%), DEF IV: 82(0%), Work Speed: (0%), Skills: Lucky, Waterproof, Cheery
Cattiva, Level: 11, Rank: 1, Gender: Male, HP IV: 74(0%), ATK IV: 95(0%), DEF IV: 97(0%), Work Speed: (0%), Skills: Coward, Vanguard
Celaray, Level: 4, Rank: 1, Gender: Female, HP IV: 20(0%), ATK IV: 83(0%), DEF IV: 3(0%), Work Speed: (0%)
Chikipi, Level: 2, Rank: 1, Gender: Male, HP IV: 7(0%), ATK IV: 42(0%), DEF IV: 44(0%), Work Speed: (0%), Skills: Downtrodden
Cremis, Level: 12, Rank: 1, Gender: Male, HP IV: 79(0%), ATK IV: 97(0%), DEF IV: 87(0%), Work Speed: (0%), Skills: Clumsy
Depresso, Level: 4, Rank: 1, Gender: Female, HP IV: 49(0%), ATK IV: 90(0%), DEF IV: 19(0%), Work Speed: (0%)
Direhowl, Level: 10, Rank: 1, Gender: Male, HP IV: 87(0%), ATK IV: 62(0%), DEF IV: 17(0%), Work Speed: (0%), Skills: Philantropist, Mine Foreman
Direhowl, Level: 9, Rank: 1, Gender: Male, HP IV: 0(0%), ATK IV: 18(0%), DEF IV: 64(0%), Work Speed: (0%), Skills: Insulated Body
Dumud, Level: 1, Rank: 1, Gender: Female, HP IV: 34(0%), ATK IV: 52(0%), DEF IV: 66(0%), Work Speed: (0%), Skills: Swift
Foxparks, Level: 11, Rank: 1, Gender: Female, HP IV: 76(0%), ATK IV: 60(0%), DEF IV: 84(0%), Work Speed: (0%)
Foxparks, Level: 17, Rank: 1, Gender: Female, HP IV: 58(0%), ATK IV: 36(0%), DEF IV: 18(0%), Work Speed: (0%), Skills: Mine Foreman
Foxparks, Level: 3, Rank: 1, Gender: Female, HP IV: 34(0%), ATK IV: 4(0%), DEF IV: 63(0%), Work Speed: (0%), Skills: Abnormal
Frostallion Noct, Larry, Level: 33, Rank: 1, Gender: Male, HP IV: 99(0%), ATK IV: 94(0%), DEF IV: 49(0%), Work Speed: (0%), Skills: Conceited, Serenity, Stronghold Strategist, Runner
Fuddler, Level: 16, Rank: 1, Gender: Female, HP IV: 34(0%), ATK IV: 9(0%), DEF IV: 99(0%), Work Speed: (0%), Skills: Brave
Hangyu, Level: 1, Rank: 1, Gender: Female, HP IV: 73(0%), ATK IV: 21(0%), DEF IV: 80(0%), Work Speed: (0%)
Hoocrates, Level: 3, Rank: 1, Gender: Female, HP IV: 62(0%), ATK IV: 18(0%), DEF IV: 100(0%), Work Speed: (0%), Skills: Hydromaniac
Hoocrates, Level: 5, Rank: 1, Gender: Female, HP IV: 85(0%), ATK IV: 16(0%), DEF IV: 80(0%), Work Speed: (0%), Skills: Shabby
Jolthog, Level: 4, Rank: 1, Gender: Male, HP IV: 25(0%), ATK IV: 22(0%), DEF IV: 44(0%), Work Speed: (0%), Skills: Conceited
Lamball, Level: 1, Rank: 1, Gender: Male, HP IV: 59(0%), ATK IV: 56(0%), DEF IV: 91(0%), Work Speed: (0%), Skills: Veil of Darkness
Lamball, Level: 2, Rank: 1, Gender: Female, HP IV: 19(0%), ATK IV: 41(0%), DEF IV: 19(0%), Work Speed: (0%), Skills: Vanguard
Lamball, Level: 2, Rank: 1, Gender: Female, HP IV: 78(0%), ATK IV: 37(0%), DEF IV: 1(0%), Work Speed: (0%), Skills: Power of Gaia
Lamball, Level: 4, Rank: 1, Gender: Female, HP IV: 47(0%), ATK IV: 34(0%), DEF IV: 15(0%), Work Speed: (0%), Skills: Coward
Melpaca, Level: 14, Rank: 1, Gender: Male, HP IV: 95(0%), ATK IV: 29(0%), DEF IV: 99(0%), Work Speed: (0%), Skills: Waterproof
Pengullet, Level: 14, Rank: 1, Gender: Female, HP IV: 43(0%), ATK IV: 98(0%), DEF IV: 49(0%), Work Speed: (0%), Skills: Nocturnal
Rushoar, Level: 4, Rank: 1, Gender: Male, HP IV: 89(0%), ATK IV: 76(0%), DEF IV: 58(0%), Work Speed: (0%), Skills: Brittle
Rushoar, Level: 6, Rank: 1, Gender: Female, HP IV: 96(0%), ATK IV: 11(0%), DEF IV: 91(0%), Work Speed: (0%)
Sparkit, Level: 10, Rank: 1, Gender: Female, HP IV: 100(0%), ATK IV: 54(0%), DEF IV: 44(0%), Work Speed: (0%), Skills: Artisan
Sparkit, Level: 6, Rank: 1, Gender: Male, HP IV: 92(0%), ATK IV: 88(0%), DEF IV: 61(0%), Work Speed: (0%), Skills: Positive Thinker
Tanzee, Level: 13, Rank: 1, Gender: Female, HP IV: 19(0%), ATK IV: 64(0%), DEF IV: 0(0%), Work Speed: (0%), Skills: Artisan
Tanzee, Level: 16, Rank: 1, Gender: Male, HP IV: 46(0%), ATK IV: 61(0%), DEF IV: 75(0%), Work Speed: (0%), Skills: Hooligan, Musclehead
Teafant, Level: 14, Rank: 1, Gender: Male, HP IV: 99(0%), ATK IV: 63(0%), DEF IV: 28(0%), Work Speed: (0%), Skills: Glutton
Vixy, Level: 11, Rank: 1, Gender: Female, HP IV: 23(0%), ATK IV: 45(0%), DEF IV: 30(0%), Work Speed: (0%), Skills: Destructive, Positive Thinker
MrBurgerbite's 34 Pals
----------------------
Alpha Chillet, Level: 17, Rank: 1, Gender: Male, HP IV: 64(0%), ATK IV: 54(0%), DEF IV: 99(0%), Work Speed: (0%), Skills: Botanical Barrier
Alpha Melpaca, Level: 1, Rank: 1, Gender: Female, HP IV: 68(0%), ATK IV: 97(0%), DEF IV: 80(0%), Work Speed: (0%), Skills: Masochist
Alpha Vixy, Level: 9, Rank: 1, Gender: Female, HP IV: 51(0%), ATK IV: 67(0%), DEF IV: 82(0%), Work Speed: (0%), Skills: Lucky, Waterproof, Cheery
Cattiva, Level: 11, Rank: 1, Gender: Male, HP IV: 74(0%), ATK IV: 95(0%), DEF IV: 97(0%), Work Speed: (0%), Skills: Coward, Vanguard
Celaray, Level: 4, Rank: 1, Gender: Female, HP IV: 20(0%), ATK IV: 83(0%), DEF IV: 3(0%), Work Speed: (0%)
Chikipi, Level: 2, Rank: 1, Gender: Male, HP IV: 7(0%), ATK IV: 42(0%), DEF IV: 44(0%), Work Speed: (0%), Skills: Downtrodden
Cremis, Level: 12, Rank: 1, Gender: Male, HP IV: 79(0%), ATK IV: 97(0%), DEF IV: 87(0%), Work Speed: (0%), Skills: Clumsy
Depresso, Level: 4, Rank: 1, Gender: Female, HP IV: 49(0%), ATK IV: 90(0%), DEF IV: 19(0%), Work Speed: (0%)
Direhowl, Level: 10, Rank: 1, Gender: Male, HP IV: 87(0%), ATK IV: 62(0%), DEF IV: 17(0%), Work Speed: (0%), Skills: Philantropist, Mine Foreman
Direhowl, Level: 9, Rank: 1, Gender: Male, HP IV: 0(0%), ATK IV: 18(0%), DEF IV: 64(0%), Work Speed: (0%), Skills: Insulated Body
Dumud, Level: 1, Rank: 1, Gender: Female, HP IV: 34(0%), ATK IV: 52(0%), DEF IV: 66(0%), Work Speed: (0%), Skills: Swift
Foxparks, Level: 11, Rank: 1, Gender: Female, HP IV: 76(0%), ATK IV: 60(0%), DEF IV: 84(0%), Work Speed: (0%)
Foxparks, Level: 17, Rank: 1, Gender: Female, HP IV: 58(0%), ATK IV: 36(0%), DEF IV: 18(0%), Work Speed: (0%), Skills: Mine Foreman
Foxparks, Level: 3, Rank: 1, Gender: Female, HP IV: 34(0%), ATK IV: 4(0%), DEF IV: 63(0%), Work Speed: (0%), Skills: Abnormal
Frostallion Noct, Larry, Level: 33, Rank: 1, Gender: Male, HP IV: 99(0%), ATK IV: 94(0%), DEF IV: 49(0%), Work Speed: (0%), Skills: Conceited, Serenity, Stronghold Strategist, Runner
Fuddler, Level: 16, Rank: 1, Gender: Female, HP IV: 34(0%), ATK IV: 9(0%), DEF IV: 99(0%), Work Speed: (0%), Skills: Brave
Hangyu, Level: 1, Rank: 1, Gender: Female, HP IV: 73(0%), ATK IV: 21(0%), DEF IV: 80(0%), Work Speed: (0%)
Hoocrates, Level: 3, Rank: 1, Gender: Female, HP IV: 62(0%), ATK IV: 18(0%), DEF IV: 100(0%), Work Speed: (0%), Skills: Hydromaniac
Hoocrates, Level: 5, Rank: 1, Gender: Female, HP IV: 85(0%), ATK IV: 16(0%), DEF IV: 80(0%), Work Speed: (0%), Skills: Shabby
Jolthog, Level: 4, Rank: 1, Gender: Male, HP IV: 25(0%), ATK IV: 22(0%), DEF IV: 44(0%), Work Speed: (0%), Skills: Conceited
Lamball, Level: 1, Rank: 1, Gender: Male, HP IV: 59(0%), ATK IV: 56(0%), DEF IV: 91(0%), Work Speed: (0%), Skills: Veil of Darkness
Lamball, Level: 2, Rank: 1, Gender: Female, HP IV: 19(0%), ATK IV: 41(0%), DEF IV: 19(0%), Work Speed: (0%), Skills: Vanguard
Lamball, Level: 2, Rank: 1, Gender: Female, HP IV: 78(0%), ATK IV: 37(0%), DEF IV: 1(0%), Work Speed: (0%), Skills: Power of Gaia
Lamball, Level: 4, Rank: 1, Gender: Female, HP IV: 47(0%), ATK IV: 34(0%), DEF IV: 15(0%), Work Speed: (0%), Skills: Coward
Melpaca, Level: 14, Rank: 1, Gender: Male, HP IV: 95(0%), ATK IV: 29(0%), DEF IV: 99(0%), Work Speed: (0%), Skills: Waterproof
Pengullet, Level: 14, Rank: 1, Gender: Female, HP IV: 43(0%), ATK IV: 98(0%), DEF IV: 49(0%), Work Speed: (0%), Skills: Nocturnal
Rushoar, Level: 4, Rank: 1, Gender: Male, HP IV: 89(0%), ATK IV: 76(0%), DEF IV: 58(0%), Work Speed: (0%), Skills: Brittle
Rushoar, Level: 6, Rank: 1, Gender: Female, HP IV: 96(0%), ATK IV: 11(0%), DEF IV: 91(0%), Work Speed: (0%)
Sparkit, Level: 10, Rank: 1, Gender: Female, HP IV: 100(0%), ATK IV: 54(0%), DEF IV: 44(0%), Work Speed: (0%), Skills: Artisan
Sparkit, Level: 6, Rank: 1, Gender: Male, HP IV: 92(0%), ATK IV: 88(0%), DEF IV: 61(0%), Work Speed: (0%), Skills: Positive Thinker
Tanzee, Level: 13, Rank: 1, Gender: Female, HP IV: 19(0%), ATK IV: 64(0%), DEF IV: 0(0%), Work Speed: (0%), Skills: Artisan
Tanzee, Level: 16, Rank: 1, Gender: Male, HP IV: 46(0%), ATK IV: 61(0%), DEF IV: 75(0%), Work Speed: (0%), Skills: Hooligan, Musclehead
Teafant, Level: 14, Rank: 1, Gender: Male, HP IV: 99(0%), ATK IV: 63(0%), DEF IV: 28(0%), Work Speed: (0%), Skills: Glutton
Vixy, Level: 11, Rank: 1, Gender: Female, HP IV: 23(0%), ATK IV: 45(0%), DEF IV: 30(0%), Work Speed: (0%), Skills: Destructive, Positive Thinker
MrBurgerbite's 34 Pals
----------------------
Alpha Chillet, Level: 17, Rank: 1, Gender: Male, HP IV: 64(0%), ATK IV: 54(0%), DEF IV: 99(0%), Work Speed: (0%), Skills: Botanical Barrier
Alpha Melpaca, Level: 1, Rank: 1, Gender: Female, HP IV: 68(0%), ATK IV: 97(0%), DEF IV: 80(0%), Work Speed: (0%), Skills: Masochist
Alpha Vixy, Level: 9, Rank: 1, Gender: Female, HP IV: 51(0%), ATK IV: 67(0%), DEF IV: 82(0%), Work Speed: (0%), Skills: Lucky, Waterproof, Cheery
Cattiva, Level: 11, Rank: 1, Gender: Male, HP IV: 74(0%), ATK IV: 95(0%), DEF IV: 97(0%), Work Speed: (0%), Skills: Coward, Vanguard
Celaray, Level: 4, Rank: 1, Gender: Female, HP IV: 20(0%), ATK IV: 83(0%), DEF IV: 3(0%), Work Speed: (0%)
Chikipi, Level: 2, Rank: 1, Gender: Male, HP IV: 7(0%), ATK IV: 42(0%), DEF IV: 44(0%), Work Speed: (0%), Skills: Downtrodden
Cremis, Level: 12, Rank: 1, Gender: Male, HP IV: 79(0%), ATK IV: 97(0%), DEF IV: 87(0%), Work Speed: (0%), Skills: Clumsy
Depresso, Level: 4, Rank: 1, Gender: Female, HP IV: 49(0%), ATK IV: 90(0%), DEF IV: 19(0%), Work Speed: (0%)
Direhowl, Level: 10, Rank: 1, Gender: Male, HP IV: 87(0%), ATK IV: 62(0%), DEF IV: 17(0%), Work Speed: (0%), Skills: Philantropist, Mine Foreman
Direhowl, Level: 9, Rank: 1, Gender: Male, HP IV: 0(0%), ATK IV: 18(0%), DEF IV: 64(0%), Work Speed: (0%), Skills: Insulated Body
Dumud, Level: 1, Rank: 1, Gender: Female, HP IV: 34(0%), ATK IV: 52(0%), DEF IV: 66(0%), Work Speed: (0%), Skills: Swift
Foxparks, Level: 11, Rank: 1, Gender: Female, HP IV: 76(0%), ATK IV: 60(0%), DEF IV: 84(0%), Work Speed: (0%)
Foxparks, Level: 17, Rank: 1, Gender: Female, HP IV: 58(0%), ATK IV: 36(0%), DEF IV: 18(0%), Work Speed: (0%), Skills: Mine Foreman
Foxparks, Level: 3, Rank: 1, Gender: Female, HP IV: 34(0%), ATK IV: 4(0%), DEF IV: 63(0%), Work Speed: (0%), Skills: Abnormal
Frostallion Noct, Larry, Level: 33, Rank: 1, Gender: Male, HP IV: 99(0%), ATK IV: 94(0%), DEF IV: 49(0%), Work Speed: (0%), Skills: Conceited, Serenity, Stronghold Strategist, Runner
Fuddler, Level: 16, Rank: 1, Gender: Female, HP IV: 34(0%), ATK IV: 9(0%), DEF IV: 99(0%), Work Speed: (0%), Skills: Brave
Hangyu, Level: 1, Rank: 1, Gender: Female, HP IV: 73(0%), ATK IV: 21(0%), DEF IV: 80(0%), Work Speed: (0%)
Hoocrates, Level: 3, Rank: 1, Gender: Female, HP IV: 62(0%), ATK IV: 18(0%), DEF IV: 100(0%), Work Speed: (0%), Skills: Hydromaniac
Hoocrates, Level: 5, Rank: 1, Gender: Female, HP IV: 85(0%), ATK IV: 16(0%), DEF IV: 80(0%), Work Speed: (0%), Skills: Shabby
Jolthog, Level: 4, Rank: 1, Gender: Male, HP IV: 25(0%), ATK IV: 22(0%), DEF IV: 44(0%), Work Speed: (0%), Skills: Conceited
Lamball, Level: 1, Rank: 1, Gender: Male, HP IV: 59(0%), ATK IV: 56(0%), DEF IV: 91(0%), Work Speed: (0%), Skills: Veil of Darkness
Lamball, Level: 2, Rank: 1, Gender: Female, HP IV: 19(0%), ATK IV: 41(0%), DEF IV: 19(0%), Work Speed: (0%), Skills: Vanguard
Lamball, Level: 2, Rank: 1, Gender: Female, HP IV: 78(0%), ATK IV: 37(0%), DEF IV: 1(0%), Work Speed: (0%), Skills: Power of Gaia
Lamball, Level: 4, Rank: 1, Gender: Female, HP IV: 47(0%), ATK IV: 34(0%), DEF IV: 15(0%), Work Speed: (0%), Skills: Coward
Melpaca, Level: 14, Rank: 1, Gender: Male, HP IV: 95(0%), ATK IV: 29(0%), DEF IV: 99(0%), Work Speed: (0%), Skills: Waterproof
Pengullet, Level: 14, Rank: 1, Gender: Female, HP IV: 43(0%), ATK IV: 98(0%), DEF IV: 49(0%), Work Speed: (0%), Skills: Nocturnal
Rushoar, Level: 4, Rank: 1, Gender: Male, HP IV: 89(0%), ATK IV: 76(0%), DEF IV: 58(0%), Work Speed: (0%), Skills: Brittle
Rushoar, Level: 6, Rank: 1, Gender: Female, HP IV: 96(0%), ATK IV: 11(0%), DEF IV: 91(0%), Work Speed: (0%)
Sparkit, Level: 10, Rank: 1, Gender: Female, HP IV: 100(0%), ATK IV: 54(0%), DEF IV: 44(0%), Work Speed: (0%), Skills: Artisan
Sparkit, Level: 6, Rank: 1, Gender: Male, HP IV: 92(0%), ATK IV: 88(0%), DEF IV: 61(0%), Work Speed: (0%), Skills: Positive Thinker
Tanzee, Level: 13, Rank: 1, Gender: Female, HP IV: 19(0%), ATK IV: 64(0%), DEF IV: 0(0%), Work Speed: (0%), Skills: Artisan
Tanzee, Level: 16, Rank: 1, Gender: Male, HP IV: 46(0%), ATK IV: 61(0%), DEF IV: 75(0%), Work Speed: (0%), Skills: Hooligan, Musclehead
Teafant, Level: 14, Rank: 1, Gender: Male, HP IV: 99(0%), ATK IV: 63(0%), DEF IV: 28(0%), Work Speed: (0%), Skills: Glutton
Vixy, Level: 11, Rank: 1, Gender: Female, HP IV: 23(0%), ATK IV: 45(0%), DEF IV: 30(0%), Work Speed: (0%), Skills: Destructive, Positive Thinker
MrBurgerbite's 34 Pals
----------------------
Alpha Chillet, Level: 17, Rank: 1, Gender: Male, HP IV: 64(0%), ATK IV: 54(0%), DEF IV: 99(0%), Work Speed: (0%), Skills: Botanical Barrier
Alpha Melpaca, Level: 1, Rank: 1, Gender: Female, HP IV: 68(0%), ATK IV: 97(0%), DEF IV: 80(0%), Work Speed: (0%), Skills: Masochist
Alpha Vixy, Level: 9, Rank: 1, Gender: Female, HP IV: 51(0%), ATK IV: 67(0%), DEF IV: 82(0%), Work Speed: (0%), Skills: Lucky, Waterproof, Cheery
Cattiva, Level: 11, Rank: 1, Gender: Male, HP IV: 74(0%), ATK IV: 95(0%), DEF IV: 97(0%), Work Speed: (0%), Skills: Coward, Vanguard
Celaray, Level: 4, Rank: 1, Gender: Female, HP IV: 20(0%), ATK IV: 83(0%), DEF IV: 3(0%), Work Speed: (0%)
Chikipi, Level: 2, Rank: 1, Gender: Male, HP IV: 7(0%), ATK IV: 42(0%), DEF IV: 44(0%), Work Speed: (0%), Skills: Downtrodden
Cremis, Level: 12, Rank: 1, Gender: Male, HP IV: 79(0%), ATK IV: 97(0%), DEF IV: 87(0%), Work Speed: (0%), Skills: Clumsy
Depresso, Level: 4, Rank: 1, Gender: Female, HP IV: 49(0%), ATK IV: 90(0%), DEF IV: 19(0%), Work Speed: (0%)
Direhowl, Level: 10, Rank: 1, Gender: Male, HP IV: 87(0%), ATK IV: 62(0%), DEF IV: 17(0%), Work Speed: (0%), Skills: Philantropist, Mine Foreman
Direhowl, Level: 9, Rank: 1, Gender: Male, HP IV: 0(0%), ATK IV: 18(0%), DEF IV: 64(0%), Work Speed: (0%), Skills: Insulated Body
Dumud, Level: 1, Rank: 1, Gender: Female, HP IV: 34(0%), ATK IV: 52(0%), DEF IV: 66(0%), Work Speed: (0%), Skills: Swift
Foxparks, Level: 11, Rank: 1, Gender: Female, HP IV: 76(0%), ATK IV: 60(0%), DEF IV: 84(0%), Work Speed: (0%)
Foxparks, Level: 17, Rank: 1, Gender: Female, HP IV: 58(0%), ATK IV: 36(0%), DEF IV: 18(0%), Work Speed: (0%), Skills: Mine Foreman
Foxparks, Level: 3, Rank: 1, Gender: Female, HP IV: 34(0%), ATK IV: 4(0%), DEF IV: 63(0%), Work Speed: (0%), Skills: Abnormal
Frostallion Noct, Larry, Level: 33, Rank: 1, Gender: Male, HP IV: 99(0%), ATK IV: 94(0%), DEF IV: 49(0%), Work Speed: (0%), Skills: Conceited, Serenity, Stronghold Strategist, Runner
Fuddler, Level: 16, Rank: 1, Gender: Female, HP IV: 34(0%), ATK IV: 9(0%), DEF IV: 99(0%), Work Speed: (0%), Skills: Brave
Hangyu, Level: 1, Rank: 1, Gender: Female, HP IV: 73(0%), ATK IV: 21(0%), DEF IV: 80(0%), Work Speed: (0%)
Hoocrates, Level: 3, Rank: 1, Gender: Female, HP IV: 62(0%), ATK IV: 18(0%), DEF IV: 100(0%), Work Speed: (0%), Skills: Hydromaniac
Hoocrates, Level: 5, Rank: 1, Gender: Female, HP IV: 85(0%), ATK IV: 16(0%), DEF IV: 80(0%), Work Speed: (0%), Skills: Shabby
Jolthog, Level: 4, Rank: 1, Gender: Male, HP IV: 25(0%), ATK IV: 22(0%), DEF IV: 44(0%), Work Speed: (0%), Skills: Conceited
Lamball, Level: 1, Rank: 1, Gender: Male, HP IV: 59(0%), ATK IV: 56(0%), DEF IV: 91(0%), Work Speed: (0%), Skills: Veil of Darkness
Lamball, Level: 2, Rank: 1, Gender: Female, HP IV: 19(0%), ATK IV: 41(0%), DEF IV: 19(0%), Work Speed: (0%), Skills: Vanguard
Lamball, Level: 2, Rank: 1, Gender: Female, HP IV: 78(0%), ATK IV: 37(0%), DEF IV: 1(0%), Work Speed: (0%), Skills: Power of Gaia
Lamball, Level: 4, Rank: 1, Gender: Female, HP IV: 47(0%), ATK IV: 34(0%), DEF IV: 15(0%), Work Speed: (0%), Skills: Coward
Melpaca, Level: 14, Rank: 1, Gender: Male, HP IV: 95(0%), ATK IV: 29(0%), DEF IV: 99(0%), Work Speed: (0%), Skills: Waterproof
Pengullet, Level: 14, Rank: 1, Gender: Female, HP IV: 43(0%), ATK IV: 98(0%), DEF IV: 49(0%), Work Speed: (0%), Skills: Nocturnal
Rushoar, Level: 4, Rank: 1, Gender: Male, HP IV: 89(0%), ATK IV: 76(0%), DEF IV: 58(0%), Work Speed: (0%), Skills: Brittle
Rushoar, Level: 6, Rank: 1, Gender: Female, HP IV: 96(0%), ATK IV: 11(0%), DEF IV: 91(0%), Work Speed: (0%)
Sparkit, Level: 10, Rank: 1, Gender: Female, HP IV: 100(0%), ATK IV: 54(0%), DEF IV: 44(0%), Work Speed: (0%), Skills: Artisan
Sparkit, Level: 6, Rank: 1, Gender: Male, HP IV: 92(0%), ATK IV: 88(0%), DEF IV: 61(0%), Work Speed: (0%), Skills: Positive Thinker
Tanzee, Level: 13, Rank: 1, Gender: Female, HP IV: 19(0%), ATK IV: 64(0%), DEF IV: 0(0%), Work Speed: (0%), Skills: Artisan
Tanzee, Level: 16, Rank: 1, Gender: Male, HP IV: 46(0%), ATK IV: 61(0%), DEF IV: 75(0%), Work Speed: (0%), Skills: Hooligan, Musclehead
Teafant, Level: 14, Rank: 1, Gender: Male, HP IV: 99(0%), ATK IV: 63(0%), DEF IV: 28(0%), Work Speed: (0%), Skills: Glutton
Vixy, Level: 11, Rank: 1, Gender: Female, HP IV: 23(0%), ATK IV: 45(0%), DEF IV: 30(0%), Work Speed: (0%), Skills: Destructive, Positive Thinker
MrBurgerbite's 34 Pals
----------------------
Alpha Chillet, Level: 17, Rank: 1, Gender: Male, HP IV: 64(0%), ATK IV: 54(0%), DEF IV: 99(0%), Work Speed: (0%), Skills: Botanical Barrier
Alpha Melpaca, Level: 1, Rank: 1, Gender: Female, HP IV: 68(0%), ATK IV: 97(0%), DEF IV: 80(0%), Work Speed: (0%), Skills: Masochist
Alpha Vixy, Level: 9, Rank: 1, Gender: Female, HP IV: 51(0%), ATK IV: 67(0%), DEF IV: 82(0%), Work Speed: (0%), Skills: Lucky, Waterproof, Cheery
Cattiva, Level: 11, Rank: 1, Gender: Male, HP IV: 74(0%), ATK IV: 95(0%), DEF IV: 97(0%), Work Speed: (0%), Skills: Coward, Vanguard
Celaray, Level: 4, Rank: 1, Gender: Female, HP IV: 20(0%), ATK IV: 83(0%), DEF IV: 3(0%), Work Speed: (0%)
Chikipi, Level: 2, Rank: 1, Gender: Male, HP IV: 7(0%), ATK IV: 42(0%), DEF IV: 44(0%), Work Speed: (0%), Skills: Downtrodden
Cremis, Level: 12, Rank: 1, Gender: Male, HP IV: 79(0%), ATK IV: 97(0%), DEF IV: 87(0%), Work Speed: (0%), Skills: Clumsy
Depresso, Level: 4, Rank: 1, Gender: Female, HP IV: 49(0%), ATK IV: 90(0%), DEF IV: 19(0%), Work Speed: (0%)
Direhowl, Level: 10, Rank: 1, Gender: Male, HP IV: 87(0%), ATK IV: 62(0%), DEF IV: 17(0%), Work Speed: (0%), Skills: Philantropist, Mine Foreman
Direhowl, Level: 9, Rank: 1, Gender: Male, HP IV: 0(0%), ATK IV: 18(0%), DEF IV: 64(0%), Work Speed: (0%), Skills: Insulated Body
Dumud, Level: 1, Rank: 1, Gender: Female, HP IV: 34(0%), ATK IV: 52(0%), DEF IV: 66(0%), Work Speed: (0%), Skills: Swift
Foxparks, Level: 11, Rank: 1, Gender: Female, HP IV: 76(0%), ATK IV: 60(0%), DEF IV: 84(0%), Work Speed: (0%)
Foxparks, Level: 17, Rank: 1, Gender: Female, HP IV: 58(0%), ATK IV: 36(0%), DEF IV: 18(0%), Work Speed: (0%), Skills: Mine Foreman
Foxparks, Level: 3, Rank: 1, Gender: Female, HP IV: 34(0%), ATK IV: 4(0%), DEF IV: 63(0%), Work Speed: (0%), Skills: Abnormal
Frostallion Noct, Larry, Level: 33, Rank: 1, Gender: Male, HP IV: 99(0%), ATK IV: 94(0%), DEF IV: 49(0%), Work Speed: (0%), Skills: Conceited, Serenity, Stronghold Strategist, Runner
Fuddler, Level: 16, Rank: 1, Gender: Female, HP IV: 34(0%), ATK IV: 9(0%), DEF IV: 99(0%), Work Speed: (0%), Skills: Brave
Hangyu, Level: 1, Rank: 1, Gender: Female, HP IV: 73(0%), ATK IV: 21(0%), DEF IV: 80(0%), Work Speed: (0%)
Hoocrates, Level: 3, Rank: 1, Gender: Female, HP IV: 62(0%), ATK IV: 18(0%), DEF IV: 100(0%), Work Speed: (0%), Skills: Hydromaniac
Hoocrates, Level: 5, Rank: 1, Gender: Female, HP IV: 85(0%), ATK IV: 16(0%), DEF IV: 80(0%), Work Speed: (0%), Skills: Shabby
Jolthog, Level: 4, Rank: 1, Gender: Male, HP IV: 25(0%), ATK IV: 22(0%), DEF IV: 44(0%), Work Speed: (0%), Skills: Conceited
Lamball, Level: 1, Rank: 1, Gender: Male, HP IV: 59(0%), ATK IV: 56(0%), DEF IV: 91(0%), Work Speed: (0%), Skills: Veil of Darkness
Lamball, Level: 2, Rank: 1, Gender: Female, HP IV: 19(0%), ATK IV: 41(0%), DEF IV: 19(0%), Work Speed: (0%), Skills: Vanguard
Lamball, Level: 2, Rank: 1, Gender: Female, HP IV: 78(0%), ATK IV: 37(0%), DEF IV: 1(0%), Work Speed: (0%), Skills: Power of Gaia
Lamball, Level: 4, Rank: 1, Gender: Female, HP IV: 47(0%), ATK IV: 34(0%), DEF IV: 15(0%), Work Speed: (0%), Skills: Coward
Melpaca, Level: 14, Rank: 1, Gender: Male, HP IV: 95(0%), ATK IV: 29(0%), DEF IV: 99(0%), Work Speed: (0%), Skills: Waterproof
Pengullet, Level: 14, Rank: 1, Gender: Female, HP IV: 43(0%), ATK IV: 98(0%), DEF IV: 49(0%), Work Speed: (0%), Skills: Nocturnal
Rushoar, Level: 4, Rank: 1, Gender: Male, HP IV: 89(0%), ATK IV: 76(0%), DEF IV: 58(0%), Work Speed: (0%), Skills: Brittle
Rushoar, Level: 6, Rank: 1, Gender: Female, HP IV: 96(0%), ATK IV: 11(0%), DEF IV: 91(0%), Work Speed: (0%)
Sparkit, Level: 10, Rank: 1, Gender: Female, HP IV: 100(0%), ATK IV: 54(0%), DEF IV: 44(0%), Work Speed: (0%), Skills: Artisan
Sparkit, Level: 6, Rank: 1, Gender: Male, HP IV: 92(0%), ATK IV: 88(0%), DEF IV: 61(0%), Work Speed: (0%), Skills: Positive Thinker
Tanzee, Level: 13, Rank: 1, Gender: Female, HP IV: 19(0%), ATK IV: 64(0%), DEF IV: 0(0%), Work Speed: (0%), Skills: Artisan
Tanzee, Level: 16, Rank: 1, Gender: Male, HP IV: 46(0%), ATK IV: 61(0%), DEF IV: 75(0%), Work Speed: (0%), Skills: Hooligan, Musclehead
Teafant, Level: 14, Rank: 1, Gender: Male, HP IV: 99(0%), ATK IV: 63(0%), DEF IV: 28(0%), Work Speed: (0%), Skills: Glutton
Vixy, Level: 11, Rank: 1, Gender: Female, HP IV: 23(0%), ATK IV: 45(0%), DEF IV: 30(0%), Work Speed: (0%), Skills: Destructive, Positive Thinker
MrBurgerbite's 34 Pals
----------------------
Alpha Chillet, Level: 17, Rank: 1, Gender: Male, HP IV: 64(0%), ATK IV: 54(0%), DEF IV: 99(0%), Work Speed: (0%), Skills: Botanical Barrier
Alpha Melpaca, Level: 1, Rank: 1, Gender: Female, HP IV: 68(0%), ATK IV: 97(0%), DEF IV: 80(0%), Work Speed: (0%), Skills: Masochist
Alpha Vixy, Level: 9, Rank: 1, Gender: Female, HP IV: 51(0%), ATK IV: 67(0%), DEF IV: 82(0%), Work Speed: (0%), Skills: Lucky, Waterproof, Cheery
Cattiva, Level: 11, Rank: 1, Gender: Male, HP IV: 74(0%), ATK IV: 95(0%), DEF IV: 97(0%), Work Speed: (0%), Skills: Coward, Vanguard
Celaray, Level: 4, Rank: 1, Gender: Female, HP IV: 20(0%), ATK IV: 83(0%), DEF IV: 3(0%), Work Speed: (0%)
Chikipi, Level: 2, Rank: 1, Gender: Male, HP IV: 7(0%), ATK IV: 42(0%), DEF IV: 44(0%), Work Speed: (0%), Skills: Downtrodden
Cremis, Level: 12, Rank: 1, Gender: Male, HP IV: 79(0%), ATK IV: 97(0%), DEF IV: 87(0%), Work Speed: (0%), Skills: Clumsy
Depresso, Level: 4, Rank: 1, Gender: Female, HP IV: 49(0%), ATK IV: 90(0%), DEF IV: 19(0%), Work Speed: (0%)
Direhowl, Level: 10, Rank: 1, Gender: Male, HP IV: 87(0%), ATK IV: 62(0%), DEF IV: 17(0%), Work Speed: (0%), Skills: Philantropist, Mine Foreman
Direhowl, Level: 9, Rank: 1, Gender: Male, HP IV: 0(0%), ATK IV: 18(0%), DEF IV: 64(0%), Work Speed: (0%), Skills: Insulated Body
Dumud, Level: 1, Rank: 1, Gender: Female, HP IV: 34(0%), ATK IV: 52(0%), DEF IV: 66(0%), Work Speed: (0%), Skills: Swift
Foxparks, Level: 11, Rank: 1, Gender: Female, HP IV: 76(0%), ATK IV: 60(0%), DEF IV: 84(0%), Work Speed: (0%)
Foxparks, Level: 17, Rank: 1, Gender: Female, HP IV: 58(0%), ATK IV: 36(0%), DEF IV: 18(0%), Work Speed: (0%), Skills: Mine Foreman
Foxparks, Level: 3, Rank: 1, Gender: Female, HP IV: 34(0%), ATK IV: 4(0%), DEF IV: 63(0%), Work Speed: (0%), Skills: Abnormal
Frostallion Noct, Larry, Level: 33, Rank: 1, Gender: Male, HP IV: 99(0%), ATK IV: 94(0%), DEF IV: 49(0%), Work Speed: (0%), Skills: Conceited, Serenity, Stronghold Strategist, Runner
Fuddler, Level: 16, Rank: 1, Gender: Female, HP IV: 34(0%), ATK IV: 9(0%), DEF IV: 99(0%), Work Speed: (0%), Skills: Brave
Hangyu, Level: 1, Rank: 1, Gender: Female, HP IV: 73(0%), ATK IV: 21(0%), DEF IV: 80(0%), Work Speed: (0%)
Hoocrates, Level: 3, Rank: 1, Gender: Female, HP IV: 62(0%), ATK IV: 18(0%), DEF IV: 100(0%), Work Speed: (0%), Skills: Hydromaniac
Hoocrates, Level: 5, Rank: 1, Gender: Female, HP IV: 85(0%), ATK IV: 16(0%), DEF IV: 80(0%), Work Speed: (0%), Skills: Shabby
Jolthog, Level: 4, Rank: 1, Gender: Male, HP IV: 25(0%), ATK IV: 22(0%), DEF IV: 44(0%), Work Speed: (0%), Skills: Conceited
Lamball, Level: 1, Rank: 1, Gender: Male, HP IV: 59(0%), ATK IV: 56(0%), DEF IV: 91(0%), Work Speed: (0%), Skills: Veil of Darkness
Lamball, Level: 2, Rank: 1, Gender: Female, HP IV: 19(0%), ATK IV: 41(0%), DEF IV: 19(0%), Work Speed: (0%), Skills: Vanguard
Lamball, Level: 2, Rank: 1, Gender: Female, HP IV: 78(0%), ATK IV: 37(0%), DEF IV: 1(0%), Work Speed: (0%), Skills: Power of Gaia
Lamball, Level: 4, Rank: 1, Gender: Female, HP IV: 47(0%), ATK IV: 34(0%), DEF IV: 15(0%), Work Speed: (0%), Skills: Coward
Melpaca, Level: 14, Rank: 1, Gender: Male, HP IV: 95(0%), ATK IV: 29(0%), DEF IV: 99(0%), Work Speed: (0%), Skills: Waterproof
Pengullet, Level: 14, Rank: 1, Gender: Female, HP IV: 43(0%), ATK IV: 98(0%), DEF IV: 49(0%), Work Speed: (0%), Skills: Nocturnal
Rushoar, Level: 4, Rank: 1, Gender: Male, HP IV: 89(0%), ATK IV: 76(0%), DEF IV: 58(0%), Work Speed: (0%), Skills: Brittle
Rushoar, Level: 6, Rank: 1, Gender: Female, HP IV: 96(0%), ATK IV: 11(0%), DEF IV: 91(0%), Work Speed: (0%)
Sparkit, Level: 10, Rank: 1, Gender: Female, HP IV: 100(0%), ATK IV: 54(0%), DEF IV: 44(0%), Work Speed: (0%), Skills: Artisan
Sparkit, Level: 6, Rank: 1, Gender: Male, HP IV: 92(0%), ATK IV: 88(0%), DEF IV: 61(0%), Work Speed: (0%), Skills: Positive Thinker
Tanzee, Level: 13, Rank: 1, Gender: Female, HP IV: 19(0%), ATK IV: 64(0%), DEF IV: 0(0%), Work Speed: (0%), Skills: Artisan
Tanzee, Level: 16, Rank: 1, Gender: Male, HP IV: 46(0%), ATK IV: 61(0%), DEF IV: 75(0%), Work Speed: (0%), Skills: Hooligan, Musclehead
Teafant, Level: 14, Rank: 1, Gender: Male, HP IV: 99(0%), ATK IV: 63(0%), DEF IV: 28(0%), Work Speed: (0%), Skills: Glutton
Vixy, Level: 11, Rank: 1, Gender: Female, HP IV: 23(0%), ATK IV: 45(0%), DEF IV: 30(0%), Work Speed: (0%), Skills: Destructive, Positive Thinker
