NaDeNoVa's 3 Pals
-----------------
Foxparks, Level: 5, Rank: 1, Gender: Female, HP IV: 15(0%), ATK IV: 72(0%), DEF IV: 21(0%), Work Speed: (0%)
Hoocrates, Level: 4, Rank: 1, Gender: Female, HP IV: 40(0%), ATK IV: 59(0%), DEF IV: 81(0%), Work Speed: (0%), Skills: Capacitor
Pengullet, Level: 5, Rank: 1, Gender: Female, HP IV: 98(0%), ATK IV: 16(0%), DEF IV: 29(0%), Work Speed: (0%), Skills: Impatient
NaDeNoVa's 3 Pals
-----------------
Foxparks, Level: 5, Rank: 1, Gender: Female, HP IV: 15(0%), ATK IV: 72(0%), DEF IV: 21(0%), Work Speed: (0%)
Hoocrates, Level: 4, Rank: 1, Gender: Female, HP IV: 40(0%), ATK IV: 59(0%), DEF IV: 81(0%), Work Speed: (0%), Skills: Capacitor
Pengullet, Level: 5, Rank: 1, Gender: Female, HP IV: 98(0%), ATK IV: 16(0%), DEF IV: 29(0%), Work Speed: (0%), Skills: Impatient
NaDeNoVa's 3 Pals
-----------------
Foxparks, Level: 5, Rank: 1, Gender: Female, HP IV: 15(0%), ATK IV: 72(0%), DEF IV: 21(0%), Work Speed: (0%)
Hoocrates, Level: 4, Rank: 1, Gender: Female, HP IV: 40(0%), ATK IV: 59(0%), DEF IV: 81(0%), Work Speed: (0%), Skills: Capacitor
Pengullet, Level: 5, Rank: 1, Gender: Female, HP IV: 98(0%), ATK IV: 16(0%), DEF IV: 29(0%), Work Speed: (0%), Skills: Impatient
NaDeNoVa's 3 Pals
-----------------
Foxparks, Level: 5, Rank: 1, Gender: Female, HP IV: 15(0%), ATK IV: 72(0%), DEF IV: 21(0%), Work Speed: (0%)
Hoocrates, Level: 4, Rank: 1, Gender: Female, HP IV: 40(0%), ATK IV: 59(0%), DEF IV: 81(0%), Work Speed: (0%), Skills: Capacitor
Pengullet, Level: 5, Rank: 1, Gender: Female, HP IV: 98(0%), ATK IV: 16(0%), DEF IV: 29(0%), Work Speed: (0%), Skills: Impatient
NaDeNoVa's 3 Pals
-----------------
Foxparks, Level: 5, Rank: 1, Gender: Female, HP IV: 15(0%), ATK IV: 72(0%), DEF IV: 21(0%), Work Speed: (0%)
Hoocrates, Level: 4, Rank: 1, Gender: Female, HP IV: 40(0%), ATK IV: 59(0%), DEF IV: 81(0%), Work Speed: (0%), Skills: Capacitor
Pengullet, Level: 5, Rank: 1, Gender: Female, HP IV: 98(0%), ATK IV: 16(0%), DEF IV: 29(0%), Work Speed: (0%), Skills: Impatient
NaDeNoVa's 3 Pals
-----------------
Foxparks, Level: 5, Rank: 1, Gender: Female, HP IV: 15(0%), ATK IV: 72(0%), DEF IV: 21(0%), Work Speed: (0%)
Hoocrates, Level: 4, Rank: 1, Gender: Female, HP IV: 40(0%), ATK IV: 59(0%), DEF IV: 81(0%), Work Speed: (0%), Skills: Capacitor
Pengullet, Level: 5, Rank: 1, Gender: Female, HP IV: 98(0%), ATK IV: 16(0%), DEF IV: 29(0%), Work Speed: (0%), Skills: Impatient
NaDeNoVa's 3 Pals
-----------------
Foxparks, Level: 5, Rank: 1, Gender: Female, HP IV: 15(0%), ATK IV: 72(0%), DEF IV: 21(0%), Work Speed: (0%)
Hoocrates, Level: 4, Rank: 1, Gender: Female, HP IV: 40(0%), ATK IV: 59(0%), DEF IV: 81(0%), Work Speed: (0%), Skills: Capacitor
Pengullet, Level: 5, Rank: 1, Gender: Female, HP IV: 98(0%), ATK IV: 16(0%), DEF IV: 29(0%), Work Speed: (0%), Skills: Impatient
NaDeNoVa's 3 Pals
-----------------
Foxparks, Level: 5, Rank: 1, Gender: Female, HP IV: 15(0%), ATK IV: 72(0%), DEF IV: 21(0%), Work Speed: (0%)
Hoocrates, Level: 4, Rank: 1, Gender: Female, HP IV: 40(0%), ATK IV: 59(0%), DEF IV: 81(0%), Work Speed: (0%), Skills: Capacitor
Pengullet, Level: 5, Rank: 1, Gender: Female, HP IV: 98(0%), ATK IV: 16(0%), DEF IV: 29(0%), Work Speed: (0%), Skills: Impatient
NaDeNoVa's 3 Pals
-----------------
Foxparks, Level: 5, Rank: 1, Gender: Female, HP IV: 15(0%), ATK IV: 72(0%), DEF IV: 21(0%), Work Speed: (0%)
Hoocrates, Level: 4, Rank: 1, Gender: Female, HP IV: 40(0%), ATK IV: 59(0%), DEF IV: 81(0%), Work Speed: (0%), Skills: Capacitor
Pengullet, Level: 5, Rank: 1, Gender: Female, HP IV: 98(0%), ATK IV: 16(0%), DEF IV: 29(0%), Work Speed: (0%), Skills: Impatient
NaDeNoVa's 3 Pals
-----------------
Foxparks, Level: 5, Rank: 1, Gender: Female, HP IV: 15(0%), ATK IV: 72(0%), DEF IV: 21(0%), Work Speed: (0%)
Hoocrates, Level: 4, Rank: 1, Gender: Female, HP IV: 40(0%), ATK IV: 59(0%), DEF IV: 81(0%), Work Speed: (0%), Skills: Capacitor
Pengullet, Level: 5, Rank: 1, Gender: Female, HP IV: 98(0%), ATK IV: 16(0%), DEF IV: 29(0%), Work Speed: (0%), Skills: Impatient
NaDeNoVa's 3 Pals
-----------------
Foxparks, Level: 5, Rank: 1, Gender: Female, HP IV: 15(0%), ATK IV: 72(0%), DEF IV: 21(0%), Work Speed: (0%)
Hoocrates, Level: 4, Rank: 1, Gender: Female, HP IV: 40(0%), ATK IV: 59(0%), DEF IV: 81(0%), Work Speed: (0%), Skills: Capacitor
Pengullet, Level: 5, Rank: 1, Gender: Female, HP IV: 98(0%), ATK IV: 16(0%), DEF IV: 29(0%), Work Speed: (0%), Skills: Impatient
NaDeNoVa's 3 Pals
-----------------
Foxparks, Level: 5, Rank: 1, Gender: Female, HP IV: 15(0%), ATK IV: 72(0%), DEF IV: 21(0%), Work Speed: (0%)
Hoocrates, Level: 4, Rank: 1, Gender: Female, HP IV: 40(0%), ATK IV: 59(0%), DEF IV: 81(0%), Work Speed: (0%), Skills: Capacitor
Pengullet, Level: 5, Rank: 1, Gender: Female, HP IV: 98(0%), ATK IV: 16(0%), DEF IV: 29(0%), Work Speed: (0%), Skills: Impatient
NaDeNoVa's 3 Pals
-----------------
Foxparks, Level: 5, Rank: 1, Gender: Female, HP IV: 15(0%), ATK IV: 72(0%), DEF IV: 21(0%), Work Speed: (0%)
Hoocrates, Level: 4, Rank: 1, Gender: Female, HP IV: 40(0%), ATK IV: 59(0%), DEF IV: 81(0%), Work Speed: (0%), Skills: Capacitor
Pengullet, Level: 5, Rank: 1, Gender: Female, HP IV: 98(0%), ATK IV: 16(0%), DEF IV: 29(0%), Work Speed: (0%), Skills: Impatient
NaDeNoVa's 3 Pals
-----------------
Foxparks, Level: 5, Rank: 1, Gender: Female, HP IV: 15(0%), ATK IV: 72(0%), DEF IV: 21(0%), Work Speed: (0%)
Hoocrates, Level: 4, Rank: 1, Gender: Female, HP IV: 40(0%), ATK IV: 59(0%), DEF IV: 81(0%), Work Speed: (0%), Skills: Capacitor
Pengullet, Level: 5, Rank: 1, Gender: Female, HP IV: 98(0%), ATK IV: 16(0%), DEF IV: 29(0%), Work Speed: (0%), Skills: Impatient
