neotazman's 18 Pals
-------------------
Alpha Chillet, Level: 11, Rank: 1, Gender: Female, HP IV: 93(0%), ATK IV: 77(0%), DEF IV: 90(0%), Work Speed: (0%), Skills: Glutton
Celaray, Level: 2, Rank: 1, Gender: Male, HP IV: 62(0%), ATK IV: 55(0%), DEF IV: 86(0%), Work Speed: (0%), Skills: Fine Furs
Daedream, Level: 10, Rank: 1, Gender: Male, HP IV: 65(0%), ATK IV: 73(0%), DEF IV: 21(0%), Work Speed: (0%), Skills: Conceited
Daedream, Level: 12, Rank: 1, Gender: Female, HP IV: 6(0%), ATK IV: 76(3%), DEF IV: 12(0%), Work Speed: (0%), Skills: Power of Gaia
Daedream, Level: 12, Rank: 1, Gender: Female, HP IV: 73(0%), ATK IV: 66(0%), DEF IV: 48(0%), Work Speed: (0%), Skills: Coldblooded, Capacitor
Hoocrates, Level: 10, Rank: 1, Gender: Female, HP IV: 17(0%), ATK IV: 35(0%), DEF IV: 27(0%), Work Speed: (0%), Skills: Musclehead
Hoocrates, Level: 10, Rank: 1, Gender: Female, HP IV: 79(0%), ATK IV: 9(0%), DEF IV: 45(0%), Work Speed: (0%), Skills: Pyromaniac
Hoocrates, Level: 9, Rank: 1, Gender: Female, HP IV: 69(0%), ATK IV: 12(0%), DEF IV: 33(0%), Work Speed: (0%), Skills: Positive Thinker, Slacker, Destructive
Lamball, Level: 1, Rank: 1, Gender: Male, HP IV: 66(0%), ATK IV: 26(0%), DEF IV: 75(0%), Work Speed: (0%), Skills: Glutton
Lamball, Level: 13, Rank: 1, Gender: Female, HP IV: 57(0%), ATK IV: 68(0%), DEF IV: 98(0%), Work Speed: (0%), Skills: Glutton, Serious
Lamball, Level: 8, Rank: 1, Gender: Female, HP IV: 93(0%), ATK IV: 8(0%), DEF IV: 36(0%), Work Speed: (0%), Skills: Glutton, Clumsy
Lamball, Level: 8, Rank: 1, Gender: Male, HP IV: 58(0%), ATK IV: 30(0%), DEF IV: 59(0%), Work Speed: (0%), Skills: Fine Furs
Lifmunk, Level: 11, Rank: 1, Gender: Female, HP IV: 22(0%), ATK IV: 73(0%), DEF IV: 95(0%), Work Speed: (0%), Skills: Nocturnal
Lifmunk, Level: 3, Rank: 1, Gender: Male, HP IV: 65(0%), ATK IV: 24(0%), DEF IV: 96(0%), Work Speed: (0%), Skills: Hooligan
Lifmunk, Level: 5, Rank: 1, Gender: Female, HP IV: 44(0%), ATK IV: 38(0%), DEF IV: 81(0%), Work Speed: (0%), Skills: Mercy hit
Ribbuny, Level: 1, Rank: 1, Gender: Female, HP IV: 90(0%), ATK IV: 22(0%), DEF IV: 59(0%), Work Speed: (0%), Skills: Logging Foreman
Rushoar, Level: 4, Rank: 1, Gender: Female, HP IV: 60(0%), ATK IV: 44(0%), DEF IV: 50(0%), Work Speed: (0%), Skills: Burly Body
Tanzee, Level: 9, Rank: 1, Gender: Female, HP IV: 20(0%), ATK IV: 24(0%), DEF IV: 4(0%), Work Speed: (0%), Skills: Mercy hit
neotazman's 18 Pals
-------------------
Alpha Chillet, Level: 11, Rank: 1, Gender: Female, HP IV: 93(0%), ATK IV: 77(0%), DEF IV: 90(0%), Work Speed: (0%), Skills: Glutton
Celaray, Level: 2, Rank: 1, Gender: Male, HP IV: 62(0%), ATK IV: 55(0%), DEF IV: 86(0%), Work Speed: (0%), Skills: Fine Furs
Daedream, Level: 10, Rank: 1, Gender: Male, HP IV: 65(0%), ATK IV: 73(0%), DEF IV: 21(0%), Work Speed: (0%), Skills: Conceited
Daedream, Level: 12, Rank: 1, Gender: Female, HP IV: 6(0%), ATK IV: 76(3%), DEF IV: 12(0%), Work Speed: (0%), Skills: Power of Gaia
Daedream, Level: 12, Rank: 1, Gender: Female, HP IV: 73(0%), ATK IV: 66(0%), DEF IV: 48(0%), Work Speed: (0%), Skills: Coldblooded, Capacitor
Hoocrates, Level: 10, Rank: 1, Gender: Female, HP IV: 17(0%), ATK IV: 35(0%), DEF IV: 27(0%), Work Speed: (0%), Skills: Musclehead
Hoocrates, Level: 10, Rank: 1, Gender: Female, HP IV: 79(0%), ATK IV: 9(0%), DEF IV: 45(0%), Work Speed: (0%), Skills: Pyromaniac
Hoocrates, Level: 9, Rank: 1, Gender: Female, HP IV: 69(0%), ATK IV: 12(0%), DEF IV: 33(0%), Work Speed: (0%), Skills: Positive Thinker, Slacker, Destructive
Lamball, Level: 1, Rank: 1, Gender: Male, HP IV: 66(0%), ATK IV: 26(0%), DEF IV: 75(0%), Work Speed: (0%), Skills: Glutton
Lamball, Level: 13, Rank: 1, Gender: Female, HP IV: 57(0%), ATK IV: 68(0%), DEF IV: 98(0%), Work Speed: (0%), Skills: Glutton, Serious
Lamball, Level: 8, Rank: 1, Gender: Female, HP IV: 93(0%), ATK IV: 8(0%), DEF IV: 36(0%), Work Speed: (0%), Skills: Glutton, Clumsy
Lamball, Level: 8, Rank: 1, Gender: Male, HP IV: 58(0%), ATK IV: 30(0%), DEF IV: 59(0%), Work Speed: (0%), Skills: Fine Furs
Lifmunk, Level: 11, Rank: 1, Gender: Female, HP IV: 22(0%), ATK IV: 73(0%), DEF IV: 95(0%), Work Speed: (0%), Skills: Nocturnal
Lifmunk, Level: 3, Rank: 1, Gender: Male, HP IV: 65(0%), ATK IV: 24(0%), DEF IV: 96(0%), Work Speed: (0%), Skills: Hooligan
Lifmunk, Level: 5, Rank: 1, Gender: Female, HP IV: 44(0%), ATK IV: 38(0%), DEF IV: 81(0%), Work Speed: (0%), Skills: Mercy hit
Ribbuny, Level: 1, Rank: 1, Gender: Female, HP IV: 90(0%), ATK IV: 22(0%), DEF IV: 59(0%), Work Speed: (0%), Skills: Logging Foreman
Rushoar, Level: 4, Rank: 1, Gender: Female, HP IV: 60(0%), ATK IV: 44(0%), DEF IV: 50(0%), Work Speed: (0%), Skills: Burly Body
Tanzee, Level: 9, Rank: 1, Gender: Female, HP IV: 20(0%), ATK IV: 24(0%), DEF IV: 4(0%), Work Speed: (0%), Skills: Mercy hit
neotazman's 18 Pals
-------------------
Alpha Chillet, Level: 11, Rank: 1, Gender: Female, HP IV: 93(0%), ATK IV: 77(0%), DEF IV: 90(0%), Work Speed: (0%), Skills: Glutton
Celaray, Level: 2, Rank: 1, Gender: Male, HP IV: 62(0%), ATK IV: 55(0%), DEF IV: 86(0%), Work Speed: (0%), Skills: Fine Furs
Daedream, Level: 10, Rank: 1, Gender: Male, HP IV: 65(0%), ATK IV: 73(0%), DEF IV: 21(0%), Work Speed: (0%), Skills: Conceited
Daedream, Level: 12, Rank: 1, Gender: Female, HP IV: 6(0%), ATK IV: 76(3%), DEF IV: 12(0%), Work Speed: (0%), Skills: Power of Gaia
Daedream, Level: 12, Rank: 1, Gender: Female, HP IV: 73(0%), ATK IV: 66(0%), DEF IV: 48(0%), Work Speed: (0%), Skills: Coldblooded, Capacitor
Hoocrates, Level: 10, Rank: 1, Gender: Female, HP IV: 17(0%), ATK IV: 35(0%), DEF IV: 27(0%), Work Speed: (0%), Skills: Musclehead
Hoocrates, Level: 10, Rank: 1, Gender: Female, HP IV: 79(0%), ATK IV: 9(0%), DEF IV: 45(0%), Work Speed: (0%), Skills: Pyromaniac
Hoocrates, Level: 9, Rank: 1, Gender: Female, HP IV: 69(0%), ATK IV: 12(0%), DEF IV: 33(0%), Work Speed: (0%), Skills: Positive Thinker, Slacker, Destructive
Lamball, Level: 1, Rank: 1, Gender: Male, HP IV: 66(0%), ATK IV: 26(0%), DEF IV: 75(0%), Work Speed: (0%), Skills: Glutton
Lamball, Level: 13, Rank: 1, Gender: Female, HP IV: 57(0%), ATK IV: 68(0%), DEF IV: 98(0%), Work Speed: (0%), Skills: Glutton, Serious
Lamball, Level: 8, Rank: 1, Gender: Female, HP IV: 93(0%), ATK IV: 8(0%), DEF IV: 36(0%), Work Speed: (0%), Skills: Glutton, Clumsy
Lamball, Level: 8, Rank: 1, Gender: Male, HP IV: 58(0%), ATK IV: 30(0%), DEF IV: 59(0%), Work Speed: (0%), Skills: Fine Furs
Lifmunk, Level: 11, Rank: 1, Gender: Female, HP IV: 22(0%), ATK IV: 73(0%), DEF IV: 95(0%), Work Speed: (0%), Skills: Nocturnal
Lifmunk, Level: 3, Rank: 1, Gender: Male, HP IV: 65(0%), ATK IV: 24(0%), DEF IV: 96(0%), Work Speed: (0%), Skills: Hooligan
Lifmunk, Level: 5, Rank: 1, Gender: Female, HP IV: 44(0%), ATK IV: 38(0%), DEF IV: 81(0%), Work Speed: (0%), Skills: Mercy hit
Ribbuny, Level: 1, Rank: 1, Gender: Female, HP IV: 90(0%), ATK IV: 22(0%), DEF IV: 59(0%), Work Speed: (0%), Skills: Logging Foreman
Rushoar, Level: 4, Rank: 1, Gender: Female, HP IV: 60(0%), ATK IV: 44(0%), DEF IV: 50(0%), Work Speed: (0%), Skills: Burly Body
Tanzee, Level: 9, Rank: 1, Gender: Female, HP IV: 20(0%), ATK IV: 24(0%), DEF IV: 4(0%), Work Speed: (0%), Skills: Mercy hit
neotazman's 18 Pals
-------------------
Alpha Chillet, Level: 11, Rank: 1, Gender: Female, HP IV: 93(0%), ATK IV: 77(0%), DEF IV: 90(0%), Work Speed: (0%), Skills: Glutton
Celaray, Level: 2, Rank: 1, Gender: Male, HP IV: 62(0%), ATK IV: 55(0%), DEF IV: 86(0%), Work Speed: (0%), Skills: Fine Furs
Daedream, Level: 10, Rank: 1, Gender: Male, HP IV: 65(0%), ATK IV: 73(0%), DEF IV: 21(0%), Work Speed: (0%), Skills: Conceited
Daedream, Level: 12, Rank: 1, Gender: Female, HP IV: 6(0%), ATK IV: 76(3%), DEF IV: 12(0%), Work Speed: (0%), Skills: Power of Gaia
Daedream, Level: 12, Rank: 1, Gender: Female, HP IV: 73(0%), ATK IV: 66(0%), DEF IV: 48(0%), Work Speed: (0%), Skills: Coldblooded, Capacitor
Hoocrates, Level: 10, Rank: 1, Gender: Female, HP IV: 17(0%), ATK IV: 35(0%), DEF IV: 27(0%), Work Speed: (0%), Skills: Musclehead
Hoocrates, Level: 10, Rank: 1, Gender: Female, HP IV: 79(0%), ATK IV: 9(0%), DEF IV: 45(0%), Work Speed: (0%), Skills: Pyromaniac
Hoocrates, Level: 9, Rank: 1, Gender: Female, HP IV: 69(0%), ATK IV: 12(0%), DEF IV: 33(0%), Work Speed: (0%), Skills: Positive Thinker, Slacker, Destructive
Lamball, Level: 1, Rank: 1, Gender: Male, HP IV: 66(0%), ATK IV: 26(0%), DEF IV: 75(0%), Work Speed: (0%), Skills: Glutton
Lamball, Level: 13, Rank: 1, Gender: Female, HP IV: 57(0%), ATK IV: 68(0%), DEF IV: 98(0%), Work Speed: (0%), Skills: Glutton, Serious
Lamball, Level: 8, Rank: 1, Gender: Female, HP IV: 93(0%), ATK IV: 8(0%), DEF IV: 36(0%), Work Speed: (0%), Skills: Glutton, Clumsy
Lamball, Level: 8, Rank: 1, Gender: Male, HP IV: 58(0%), ATK IV: 30(0%), DEF IV: 59(0%), Work Speed: (0%), Skills: Fine Furs
Lifmunk, Level: 11, Rank: 1, Gender: Female, HP IV: 22(0%), ATK IV: 73(0%), DEF IV: 95(0%), Work Speed: (0%), Skills: Nocturnal
Lifmunk, Level: 3, Rank: 1, Gender: Male, HP IV: 65(0%), ATK IV: 24(0%), DEF IV: 96(0%), Work Speed: (0%), Skills: Hooligan
Lifmunk, Level: 5, Rank: 1, Gender: Female, HP IV: 44(0%), ATK IV: 38(0%), DEF IV: 81(0%), Work Speed: (0%), Skills: Mercy hit
Ribbuny, Level: 1, Rank: 1, Gender: Female, HP IV: 90(0%), ATK IV: 22(0%), DEF IV: 59(0%), Work Speed: (0%), Skills: Logging Foreman
Rushoar, Level: 4, Rank: 1, Gender: Female, HP IV: 60(0%), ATK IV: 44(0%), DEF IV: 50(0%), Work Speed: (0%), Skills: Burly Body
Tanzee, Level: 9, Rank: 1, Gender: Female, HP IV: 20(0%), ATK IV: 24(0%), DEF IV: 4(0%), Work Speed: (0%), Skills: Mercy hit
neotazman's 29 Pals
-------------------
Alpha Chillet, Level: 11, Rank: 1, Gender: Female, HP IV: 93(0%), ATK IV: 77(0%), DEF IV: 90(0%), Work Speed: (0%), Skills: Glutton
Caprity, Level: 17, Rank: 1, Gender: Male, HP IV: 75(0%), ATK IV: 16(0%), DEF IV: 77(0%), Work Speed: (0%), Skills: Nocturnal
Celaray, Level: 2, Rank: 1, Gender: Male, HP IV: 62(0%), ATK IV: 55(0%), DEF IV: 86(0%), Work Speed: (0%), Skills: Fine Furs
Cremis, Level: 2, Rank: 1, Gender: Male, HP IV: 44(0%), ATK IV: 83(0%), DEF IV: 59(0%), Work Speed: (0%), Skills: Pyromaniac
Cremis, Level: 4, Rank: 1, Gender: Male, HP IV: 80(0%), ATK IV: 16(0%), DEF IV: 82(0%), Work Speed: (0%), Skills: Capacitor
Daedream, Level: 13, Rank: 1, Gender: Female, HP IV: 6(0%), ATK IV: 76(3%), DEF IV: 12(0%), Work Speed: (0%), Skills: Power of Gaia
Daedream, Level: 13, Rank: 1, Gender: Female, HP IV: 73(0%), ATK IV: 66(0%), DEF IV: 48(0%), Work Speed: (0%), Skills: Coldblooded, Capacitor
Daedream, Level: 13, Rank: 1, Gender: Male, HP IV: 65(0%), ATK IV: 73(0%), DEF IV: 21(0%), Work Speed: (0%), Skills: Conceited
Foxparks, Level: 3, Rank: 1, Gender: Female, HP IV: 74(0%), ATK IV: 29(0%), DEF IV: 10(0%), Work Speed: (0%), Skills: Fine Furs
Hoocrates, Level: 13, Rank: 1, Gender: Female, HP IV: 17(0%), ATK IV: 35(0%), DEF IV: 27(0%), Work Speed: (0%), Skills: Musclehead
Hoocrates, Level: 13, Rank: 1, Gender: Female, HP IV: 79(0%), ATK IV: 9(0%), DEF IV: 45(0%), Work Speed: (0%), Skills: Pyromaniac
Hoocrates, Level: 9, Rank: 1, Gender: Female, HP IV: 69(0%), ATK IV: 12(0%), DEF IV: 33(0%), Work Speed: (0%), Skills: Positive Thinker, Slacker, Destructive
Lamball, Level: 1, Rank: 1, Gender: Male, HP IV: 66(0%), ATK IV: 26(0%), DEF IV: 75(0%), Work Speed: (0%), Skills: Glutton
Lamball, Level: 13, Rank: 1, Gender: Female, HP IV: 57(0%), ATK IV: 68(0%), DEF IV: 98(0%), Work Speed: (0%), Skills: Glutton, Serious
Lamball, Level: 8, Rank: 1, Gender: Female, HP IV: 93(0%), ATK IV: 8(0%), DEF IV: 36(0%), Work Speed: (0%), Skills: Glutton, Clumsy
Lamball, Level: 8, Rank: 1, Gender: Male, HP IV: 58(0%), ATK IV: 30(0%), DEF IV: 59(0%), Work Speed: (0%), Skills: Fine Furs
Lifmunk, Level: 11, Rank: 1, Gender: Female, HP IV: 22(0%), ATK IV: 73(0%), DEF IV: 95(0%), Work Speed: (0%), Skills: Nocturnal
Lifmunk, Level: 3, Rank: 1, Gender: Male, HP IV: 65(0%), ATK IV: 24(0%), DEF IV: 96(0%), Work Speed: (0%), Skills: Hooligan
Lifmunk, Level: 4, Rank: 1, Gender: Male, HP IV: 100(0%), ATK IV: 48(0%), DEF IV: 4(0%), Work Speed: (0%), Skills: Sadist, Veil of Darkness
Lifmunk, Level: 5, Rank: 1, Gender: Female, HP IV: 44(0%), ATK IV: 38(0%), DEF IV: 81(0%), Work Speed: (0%), Skills: Mercy hit
Lifmunk, Level: 5, Rank: 1, Gender: Female, HP IV: 70(0%), ATK IV: 78(0%), DEF IV: 58(0%), Work Speed: (0%), Skills: Noble, Botanical Barrier
Ribbuny, Level: 1, Rank: 1, Gender: Female, HP IV: 90(0%), ATK IV: 22(0%), DEF IV: 59(0%), Work Speed: (0%), Skills: Logging Foreman
Rushoar, Level: 4, Rank: 1, Gender: Female, HP IV: 60(0%), ATK IV: 44(0%), DEF IV: 50(0%), Work Speed: (0%), Skills: Burly Body
Rushoar, Level: 6, Rank: 1, Gender: Male, HP IV: 15(0%), ATK IV: 19(0%), DEF IV: 29(0%), Work Speed: (0%), Skills: Downtrodden
Rushoar, Level: 6, Rank: 1, Gender: Male, HP IV: 72(0%), ATK IV: 15(0%), DEF IV: 28(0%), Work Speed: (0%), Skills: Pyromaniac
Tanzee, Level: 9, Rank: 1, Gender: Female, HP IV: 20(0%), ATK IV: 24(0%), DEF IV: 4(0%), Work Speed: (0%), Skills: Mercy hit
Teafant, Level: 17, Rank: 1, Gender: Female, HP IV: 74(0%), ATK IV: 13(0%), DEF IV: 48(0%), Work Speed: (0%), Skills: Fine Furs
Vixy, Level: 3, Rank: 1, Gender: Female, HP IV: 59(0%), ATK IV: 70(0%), DEF IV: 32(0%), Work Speed: (0%), Skills: Noble
Vixy, Level: 6, Rank: 1, Gender: Female, HP IV: 45(0%), ATK IV: 60(0%), DEF IV: 97(0%), Work Speed: (0%), Skills: Mine Foreman
neotazman's 52 Pals
-------------------
Alpha Chillet, Level: 11, Rank: 1, Gender: Female, HP IV: 93(0%), ATK IV: 77(0%), DEF IV: 90(0%), Work Speed: (0%), Skills: Glutton
Caprity, Level: 17, Rank: 1, Gender: Male, HP IV: 75(0%), ATK IV: 16(0%), DEF IV: 77(0%), Work Speed: (0%), Skills: Nocturnal
Celaray, Level: 1, Rank: 1, Gender: Female, HP IV: 86(0%), ATK IV: 54(0%), DEF IV: 66(0%), Work Speed: (0%), Skills: Shabby
Celaray, Level: 2, Rank: 1, Gender: Male, HP IV: 62(0%), ATK IV: 55(0%), DEF IV: 86(0%), Work Speed: (0%), Skills: Fine Furs
Chikipi, Level: 4, Rank: 1, Gender: Female, HP IV: 7(0%), ATK IV: 1(0%), DEF IV: 79(0%), Work Speed: (0%)
Chikipi, Level: 5, Rank: 1, Gender: Female, HP IV: 45(0%), ATK IV: 31(0%), DEF IV: 25(0%), Work Speed: (0%), Skills: Unstable
Cinnamoth, Level: 1, Rank: 1, Gender: Male, HP IV: 19(0%), ATK IV: 46(0%), DEF IV: 54(0%), Work Speed: (0%), Skills: Brave, Nimble, Diet Lover
Cremis, Level: 2, Rank: 1, Gender: Female, HP IV: 27(0%), ATK IV: 94(0%), DEF IV: 37(0%), Work Speed: (0%), Skills: Runner
Cremis, Level: 2, Rank: 1, Gender: Male, HP IV: 44(0%), ATK IV: 83(0%), DEF IV: 59(0%), Work Speed: (0%), Skills: Pyromaniac
Cremis, Level: 4, Rank: 1, Gender: Male, HP IV: 80(0%), ATK IV: 16(0%), DEF IV: 82(0%), Work Speed: (0%), Skills: Capacitor
Daedream, Level: 17, Rank: 1, Gender: Female, HP IV: 6(0%), ATK IV: 76(3%), DEF IV: 12(0%), Work Speed: (0%), Skills: Power of Gaia
Daedream, Level: 17, Rank: 1, Gender: Female, HP IV: 73(0%), ATK IV: 66(0%), DEF IV: 48(0%), Work Speed: (0%), Skills: Coldblooded, Capacitor
Daedream, Level: 17, Rank: 1, Gender: Male, HP IV: 65(0%), ATK IV: 73(0%), DEF IV: 21(0%), Work Speed: (0%), Skills: Conceited
Dazzi, Level: 1, Rank: 1, Gender: Male, HP IV: 53(0%), ATK IV: 2(0%), DEF IV: 82(0%), Work Speed: (0%), Skills: Pyromaniac, Cheery
Depresso, Level: 3, Rank: 1, Gender: Male, HP IV: 41(0%), ATK IV: 27(0%), DEF IV: 43(0%), Work Speed: (0%), Skills: Diet Lover
Direhowl, Level: 4, Rank: 1, Gender: Male, HP IV: 42(0%), ATK IV: 2(0%), DEF IV: 72(0%), Work Speed: (0%), Skills: Easygoing
Eikthyrdeer, Level: 10, Rank: 1, Gender: Male, HP IV: 65(0%), ATK IV: 59(0%), DEF IV: 32(0%), Work Speed: (0%), Skills: Destructive
Eikthyrdeer, Level: 9, Rank: 1, Gender: Female, HP IV: 67(0%), ATK IV: 32(0%), DEF IV: 74(0%), Work Speed: (0%), Skills: Artisan
Flambelle, Level: 1, Rank: 1, Gender: Female, HP IV: 29(0%), ATK IV: 74(0%), DEF IV: 68(0%), Work Speed: (0%), Skills: Unstable
Flopie, Level: 1, Rank: 1, Gender: Female, HP IV: 100(0%), ATK IV: 39(0%), DEF IV: 7(0%), Work Speed: (0%), Skills: Philantropist
Foxparks, Level: 15, Rank: 1, Gender: Female, HP IV: 7(0%), ATK IV: 39(0%), DEF IV: 82(0%), Work Speed: (0%)
Foxparks, Level: 20, Rank: 1, Gender: Female, HP IV: 9(0%), ATK IV: 0(0%), DEF IV: 2(0%), Work Speed: (0%), Skills: Botanical Barrier
Fuack, Level: 2, Rank: 1, Gender: Female, HP IV: 28(0%), ATK IV: 39(0%), DEF IV: 41(0%), Work Speed: (0%), Skills: Hard Skin
Fuack, Level: 2, Rank: 1, Gender: Female, HP IV: 9(0%), ATK IV: 28(0%), DEF IV: 86(0%), Work Speed: (0%), Skills: Infinite Stamina
Hoocrates, Level: 13, Rank: 1, Gender: Female, HP IV: 79(0%), ATK IV: 9(0%), DEF IV: 45(0%), Work Speed: (0%), Skills: Pyromaniac
Hoocrates, Level: 17, Rank: 1, Gender: Female, HP IV: 17(0%), ATK IV: 35(0%), DEF IV: 27(0%), Work Speed: (0%), Skills: Musclehead
Hoocrates, Level: 9, Rank: 1, Gender: Female, HP IV: 69(0%), ATK IV: 12(0%), DEF IV: 33(0%), Work Speed: (0%), Skills: Positive Thinker, Slacker, Destructive
Lamball, Level: 1, Rank: 1, Gender: Male, HP IV: 66(0%), ATK IV: 26(0%), DEF IV: 75(0%), Work Speed: (0%), Skills: Glutton
Lamball, Level: 13, Rank: 1, Gender: Female, HP IV: 57(0%), ATK IV: 68(0%), DEF IV: 98(0%), Work Speed: (0%), Skills: Glutton, Serious
Lamball, Level: 5, Rank: 1, Gender: Male, HP IV: 2(0%), ATK IV: 62(0%), DEF IV: 13(0%), Work Speed: (0%), Skills: Zen Mind, Capacitor
Lamball, Level: 8, Rank: 1, Gender: Female, HP IV: 93(0%), ATK IV: 8(0%), DEF IV: 36(0%), Work Speed: (0%), Skills: Glutton, Clumsy
Lamball, Level: 8, Rank: 1, Gender: Male, HP IV: 58(0%), ATK IV: 30(0%), DEF IV: 59(0%), Work Speed: (0%), Skills: Fine Furs
Lifmunk, Level: 11, Rank: 1, Gender: Female, HP IV: 22(0%), ATK IV: 73(0%), DEF IV: 95(0%), Work Speed: (0%), Skills: Nocturnal
Lifmunk, Level: 19, Rank: 1, Gender: Male, HP IV: 91(0%), ATK IV: 73(0%), DEF IV: 89(0%), Work Speed: (0%), Skills: Workaholic
Lifmunk, Level: 2, Rank: 1, Gender: Female, HP IV: 41(0%), ATK IV: 89(0%), DEF IV: 62(0%), Work Speed: (0%), Skills: Diet Lover
Lifmunk, Level: 3, Rank: 1, Gender: Male, HP IV: 65(0%), ATK IV: 24(0%), DEF IV: 96(0%), Work Speed: (0%), Skills: Hooligan
Lifmunk, Level: 4, Rank: 1, Gender: Male, HP IV: 100(0%), ATK IV: 48(0%), DEF IV: 4(0%), Work Speed: (0%), Skills: Sadist, Veil of Darkness
Lifmunk, Level: 4, Rank: 1, Gender: Male, HP IV: 67(0%), ATK IV: 41(0%), DEF IV: 42(0%), Work Speed: (0%), Skills: Pacifist
Lifmunk, Level: 5, Rank: 1, Gender: Female, HP IV: 44(0%), ATK IV: 38(0%), DEF IV: 81(0%), Work Speed: (0%), Skills: Mercy hit
Lifmunk, Level: 5, Rank: 1, Gender: Female, HP IV: 70(0%), ATK IV: 78(0%), DEF IV: 58(0%), Work Speed: (0%), Skills: Noble, Botanical Barrier
Nitewing, Level: 15, Rank: 1, Gender: Female, HP IV: 2(0%), ATK IV: 73(0%), DEF IV: 68(0%), Work Speed: (0%), Skills: Positive Thinker
Pengullet, Level: 20, Rank: 1, Gender: Male, HP IV: 42(0%), ATK IV: 19(0%), DEF IV: 40(0%), Work Speed: (0%), Skills: Swift
Ribbuny, Level: 1, Rank: 1, Gender: Female, HP IV: 90(0%), ATK IV: 22(0%), DEF IV: 59(0%), Work Speed: (0%), Skills: Logging Foreman
Rooby, Level: 4, Rank: 1, Gender: Male, HP IV: 58(0%), ATK IV: 20(0%), DEF IV: 66(0%), Work Speed: (0%)
Rushoar, Level: 4, Rank: 1, Gender: Female, HP IV: 60(0%), ATK IV: 44(0%), DEF IV: 50(0%), Work Speed: (0%), Skills: Burly Body
Rushoar, Level: 6, Rank: 1, Gender: Male, HP IV: 15(0%), ATK IV: 19(0%), DEF IV: 29(0%), Work Speed: (0%), Skills: Downtrodden
Rushoar, Level: 6, Rank: 1, Gender: Male, HP IV: 72(0%), ATK IV: 15(0%), DEF IV: 28(0%), Work Speed: (0%), Skills: Pyromaniac
Tanzee, Level: 20, Rank: 1, Gender: Male, HP IV: 42(0%), ATK IV: 85(0%), DEF IV: 65(0%), Work Speed: (0%), Skills: Waterproof
Tanzee, Level: 9, Rank: 1, Gender: Female, HP IV: 20(0%), ATK IV: 24(0%), DEF IV: 4(0%), Work Speed: (0%), Skills: Mercy hit
Teafant, Level: 17, Rank: 1, Gender: Female, HP IV: 74(0%), ATK IV: 13(0%), DEF IV: 48(0%), Work Speed: (0%), Skills: Fine Furs
Vixy, Level: 11, Rank: 1, Gender: Female, HP IV: 45(0%), ATK IV: 60(0%), DEF IV: 97(0%), Work Speed: (0%), Skills: Mine Foreman
Vixy, Level: 3, Rank: 1, Gender: Female, HP IV: 59(0%), ATK IV: 70(0%), DEF IV: 32(0%), Work Speed: (0%), Skills: Noble
neotazman's 52 Pals
-------------------
Alpha Chillet, Level: 11, Rank: 1, Gender: Female, HP IV: 93(0%), ATK IV: 77(0%), DEF IV: 90(0%), Work Speed: (0%), Skills: Glutton
Caprity, Level: 17, Rank: 1, Gender: Male, HP IV: 75(0%), ATK IV: 16(0%), DEF IV: 77(0%), Work Speed: (0%), Skills: Nocturnal
Celaray, Level: 1, Rank: 1, Gender: Female, HP IV: 86(0%), ATK IV: 54(0%), DEF IV: 66(0%), Work Speed: (0%), Skills: Shabby
Celaray, Level: 2, Rank: 1, Gender: Male, HP IV: 62(0%), ATK IV: 55(0%), DEF IV: 86(0%), Work Speed: (0%), Skills: Fine Furs
Chikipi, Level: 4, Rank: 1, Gender: Female, HP IV: 7(0%), ATK IV: 1(0%), DEF IV: 79(0%), Work Speed: (0%)
Chikipi, Level: 5, Rank: 1, Gender: Female, HP IV: 45(0%), ATK IV: 31(0%), DEF IV: 25(0%), Work Speed: (0%), Skills: Unstable
Cinnamoth, Level: 1, Rank: 1, Gender: Male, HP IV: 19(0%), ATK IV: 46(0%), DEF IV: 54(0%), Work Speed: (0%), Skills: Brave, Nimble, Diet Lover
Cremis, Level: 2, Rank: 1, Gender: Female, HP IV: 27(0%), ATK IV: 94(0%), DEF IV: 37(0%), Work Speed: (0%), Skills: Runner
Cremis, Level: 2, Rank: 1, Gender: Male, HP IV: 44(0%), ATK IV: 83(0%), DEF IV: 59(0%), Work Speed: (0%), Skills: Pyromaniac
Cremis, Level: 4, Rank: 1, Gender: Male, HP IV: 80(0%), ATK IV: 16(0%), DEF IV: 82(0%), Work Speed: (0%), Skills: Capacitor
Daedream, Level: 17, Rank: 1, Gender: Female, HP IV: 6(0%), ATK IV: 76(3%), DEF IV: 12(0%), Work Speed: (0%), Skills: Power of Gaia
Daedream, Level: 17, Rank: 1, Gender: Female, HP IV: 73(0%), ATK IV: 66(0%), DEF IV: 48(0%), Work Speed: (0%), Skills: Coldblooded, Capacitor
Daedream, Level: 17, Rank: 1, Gender: Male, HP IV: 65(0%), ATK IV: 73(0%), DEF IV: 21(0%), Work Speed: (0%), Skills: Conceited
Dazzi, Level: 1, Rank: 1, Gender: Male, HP IV: 53(0%), ATK IV: 2(0%), DEF IV: 82(0%), Work Speed: (0%), Skills: Pyromaniac, Cheery
Depresso, Level: 3, Rank: 1, Gender: Male, HP IV: 41(0%), ATK IV: 27(0%), DEF IV: 43(0%), Work Speed: (0%), Skills: Diet Lover
Direhowl, Level: 4, Rank: 1, Gender: Male, HP IV: 42(0%), ATK IV: 2(0%), DEF IV: 72(0%), Work Speed: (0%), Skills: Easygoing
Eikthyrdeer, Level: 10, Rank: 1, Gender: Male, HP IV: 65(0%), ATK IV: 59(0%), DEF IV: 32(0%), Work Speed: (0%), Skills: Destructive
Eikthyrdeer, Level: 9, Rank: 1, Gender: Female, HP IV: 67(0%), ATK IV: 32(0%), DEF IV: 74(0%), Work Speed: (0%), Skills: Artisan
Flambelle, Level: 1, Rank: 1, Gender: Female, HP IV: 29(0%), ATK IV: 74(0%), DEF IV: 68(0%), Work Speed: (0%), Skills: Unstable
Flopie, Level: 1, Rank: 1, Gender: Female, HP IV: 100(0%), ATK IV: 39(0%), DEF IV: 7(0%), Work Speed: (0%), Skills: Philantropist
Foxparks, Level: 15, Rank: 1, Gender: Female, HP IV: 7(0%), ATK IV: 39(0%), DEF IV: 82(0%), Work Speed: (0%)
Foxparks, Level: 20, Rank: 1, Gender: Female, HP IV: 9(0%), ATK IV: 0(0%), DEF IV: 2(0%), Work Speed: (0%), Skills: Botanical Barrier
Fuack, Level: 2, Rank: 1, Gender: Female, HP IV: 28(0%), ATK IV: 39(0%), DEF IV: 41(0%), Work Speed: (0%), Skills: Hard Skin
Fuack, Level: 2, Rank: 1, Gender: Female, HP IV: 9(0%), ATK IV: 28(0%), DEF IV: 86(0%), Work Speed: (0%), Skills: Infinite Stamina
Hoocrates, Level: 13, Rank: 1, Gender: Female, HP IV: 79(0%), ATK IV: 9(0%), DEF IV: 45(0%), Work Speed: (0%), Skills: Pyromaniac
Hoocrates, Level: 17, Rank: 1, Gender: Female, HP IV: 17(0%), ATK IV: 35(0%), DEF IV: 27(0%), Work Speed: (0%), Skills: Musclehead
Hoocrates, Level: 9, Rank: 1, Gender: Female, HP IV: 69(0%), ATK IV: 12(0%), DEF IV: 33(0%), Work Speed: (0%), Skills: Positive Thinker, Slacker, Destructive
Lamball, Level: 1, Rank: 1, Gender: Male, HP IV: 66(0%), ATK IV: 26(0%), DEF IV: 75(0%), Work Speed: (0%), Skills: Glutton
Lamball, Level: 13, Rank: 1, Gender: Female, HP IV: 57(0%), ATK IV: 68(0%), DEF IV: 98(0%), Work Speed: (0%), Skills: Glutton, Serious
Lamball, Level: 5, Rank: 1, Gender: Male, HP IV: 2(0%), ATK IV: 62(0%), DEF IV: 13(0%), Work Speed: (0%), Skills: Zen Mind, Capacitor
Lamball, Level: 8, Rank: 1, Gender: Female, HP IV: 93(0%), ATK IV: 8(0%), DEF IV: 36(0%), Work Speed: (0%), Skills: Glutton, Clumsy
Lamball, Level: 8, Rank: 1, Gender: Male, HP IV: 58(0%), ATK IV: 30(0%), DEF IV: 59(0%), Work Speed: (0%), Skills: Fine Furs
Lifmunk, Level: 11, Rank: 1, Gender: Female, HP IV: 22(0%), ATK IV: 73(0%), DEF IV: 95(0%), Work Speed: (0%), Skills: Nocturnal
Lifmunk, Level: 19, Rank: 1, Gender: Male, HP IV: 91(0%), ATK IV: 73(0%), DEF IV: 89(0%), Work Speed: (0%), Skills: Workaholic
Lifmunk, Level: 2, Rank: 1, Gender: Female, HP IV: 41(0%), ATK IV: 89(0%), DEF IV: 62(0%), Work Speed: (0%), Skills: Diet Lover
Lifmunk, Level: 3, Rank: 1, Gender: Male, HP IV: 65(0%), ATK IV: 24(0%), DEF IV: 96(0%), Work Speed: (0%), Skills: Hooligan
Lifmunk, Level: 4, Rank: 1, Gender: Male, HP IV: 100(0%), ATK IV: 48(0%), DEF IV: 4(0%), Work Speed: (0%), Skills: Sadist, Veil of Darkness
Lifmunk, Level: 4, Rank: 1, Gender: Male, HP IV: 67(0%), ATK IV: 41(0%), DEF IV: 42(0%), Work Speed: (0%), Skills: Pacifist
Lifmunk, Level: 5, Rank: 1, Gender: Female, HP IV: 44(0%), ATK IV: 38(0%), DEF IV: 81(0%), Work Speed: (0%), Skills: Mercy hit
Lifmunk, Level: 5, Rank: 1, Gender: Female, HP IV: 70(0%), ATK IV: 78(0%), DEF IV: 58(0%), Work Speed: (0%), Skills: Noble, Botanical Barrier
Nitewing, Level: 15, Rank: 1, Gender: Female, HP IV: 2(0%), ATK IV: 73(0%), DEF IV: 68(0%), Work Speed: (0%), Skills: Positive Thinker
Pengullet, Level: 20, Rank: 1, Gender: Male, HP IV: 42(0%), ATK IV: 19(0%), DEF IV: 40(0%), Work Speed: (0%), Skills: Swift
Ribbuny, Level: 1, Rank: 1, Gender: Female, HP IV: 90(0%), ATK IV: 22(0%), DEF IV: 59(0%), Work Speed: (0%), Skills: Logging Foreman
Rooby, Level: 4, Rank: 1, Gender: Male, HP IV: 58(0%), ATK IV: 20(0%), DEF IV: 66(0%), Work Speed: (0%)
Rushoar, Level: 4, Rank: 1, Gender: Female, HP IV: 60(0%), ATK IV: 44(0%), DEF IV: 50(0%), Work Speed: (0%), Skills: Burly Body
Rushoar, Level: 6, Rank: 1, Gender: Male, HP IV: 15(0%), ATK IV: 19(0%), DEF IV: 29(0%), Work Speed: (0%), Skills: Downtrodden
Rushoar, Level: 6, Rank: 1, Gender: Male, HP IV: 72(0%), ATK IV: 15(0%), DEF IV: 28(0%), Work Speed: (0%), Skills: Pyromaniac
Tanzee, Level: 20, Rank: 1, Gender: Male, HP IV: 42(0%), ATK IV: 85(0%), DEF IV: 65(0%), Work Speed: (0%), Skills: Waterproof
Tanzee, Level: 9, Rank: 1, Gender: Female, HP IV: 20(0%), ATK IV: 24(0%), DEF IV: 4(0%), Work Speed: (0%), Skills: Mercy hit
Teafant, Level: 17, Rank: 1, Gender: Female, HP IV: 74(0%), ATK IV: 13(0%), DEF IV: 48(0%), Work Speed: (0%), Skills: Fine Furs
Vixy, Level: 11, Rank: 1, Gender: Female, HP IV: 45(0%), ATK IV: 60(0%), DEF IV: 97(0%), Work Speed: (0%), Skills: Mine Foreman
Vixy, Level: 3, Rank: 1, Gender: Female, HP IV: 59(0%), ATK IV: 70(0%), DEF IV: 32(0%), Work Speed: (0%), Skills: Noble
neotazman's 52 Pals
-------------------
Alpha Chillet, Level: 11, Rank: 1, Gender: Female, HP IV: 93(0%), ATK IV: 77(0%), DEF IV: 90(0%), Work Speed: (0%), Skills: Glutton
Caprity, Level: 17, Rank: 1, Gender: Male, HP IV: 75(0%), ATK IV: 16(0%), DEF IV: 77(0%), Work Speed: (0%), Skills: Nocturnal
Celaray, Level: 1, Rank: 1, Gender: Female, HP IV: 86(0%), ATK IV: 54(0%), DEF IV: 66(0%), Work Speed: (0%), Skills: Shabby
Celaray, Level: 2, Rank: 1, Gender: Male, HP IV: 62(0%), ATK IV: 55(0%), DEF IV: 86(0%), Work Speed: (0%), Skills: Fine Furs
Chikipi, Level: 4, Rank: 1, Gender: Female, HP IV: 7(0%), ATK IV: 1(0%), DEF IV: 79(0%), Work Speed: (0%)
Chikipi, Level: 5, Rank: 1, Gender: Female, HP IV: 45(0%), ATK IV: 31(0%), DEF IV: 25(0%), Work Speed: (0%), Skills: Unstable
Cinnamoth, Level: 1, Rank: 1, Gender: Male, HP IV: 19(0%), ATK IV: 46(0%), DEF IV: 54(0%), Work Speed: (0%), Skills: Brave, Nimble, Diet Lover
Cremis, Level: 2, Rank: 1, Gender: Female, HP IV: 27(0%), ATK IV: 94(0%), DEF IV: 37(0%), Work Speed: (0%), Skills: Runner
Cremis, Level: 2, Rank: 1, Gender: Male, HP IV: 44(0%), ATK IV: 83(0%), DEF IV: 59(0%), Work Speed: (0%), Skills: Pyromaniac
Cremis, Level: 4, Rank: 1, Gender: Male, HP IV: 80(0%), ATK IV: 16(0%), DEF IV: 82(0%), Work Speed: (0%), Skills: Capacitor
Daedream, Level: 17, Rank: 1, Gender: Female, HP IV: 6(0%), ATK IV: 76(3%), DEF IV: 12(0%), Work Speed: (0%), Skills: Power of Gaia
Daedream, Level: 17, Rank: 1, Gender: Female, HP IV: 73(0%), ATK IV: 66(0%), DEF IV: 48(0%), Work Speed: (0%), Skills: Coldblooded, Capacitor
Daedream, Level: 17, Rank: 1, Gender: Male, HP IV: 65(0%), ATK IV: 73(0%), DEF IV: 21(0%), Work Speed: (0%), Skills: Conceited
Dazzi, Level: 1, Rank: 1, Gender: Male, HP IV: 53(0%), ATK IV: 2(0%), DEF IV: 82(0%), Work Speed: (0%), Skills: Pyromaniac, Cheery
Depresso, Level: 3, Rank: 1, Gender: Male, HP IV: 41(0%), ATK IV: 27(0%), DEF IV: 43(0%), Work Speed: (0%), Skills: Diet Lover
Direhowl, Level: 4, Rank: 1, Gender: Male, HP IV: 42(0%), ATK IV: 2(0%), DEF IV: 72(0%), Work Speed: (0%), Skills: Easygoing
Eikthyrdeer, Level: 10, Rank: 1, Gender: Male, HP IV: 65(0%), ATK IV: 59(0%), DEF IV: 32(0%), Work Speed: (0%), Skills: Destructive
Eikthyrdeer, Level: 9, Rank: 1, Gender: Female, HP IV: 67(0%), ATK IV: 32(0%), DEF IV: 74(0%), Work Speed: (0%), Skills: Artisan
Flambelle, Level: 1, Rank: 1, Gender: Female, HP IV: 29(0%), ATK IV: 74(0%), DEF IV: 68(0%), Work Speed: (0%), Skills: Unstable
Flopie, Level: 1, Rank: 1, Gender: Female, HP IV: 100(0%), ATK IV: 39(0%), DEF IV: 7(0%), Work Speed: (0%), Skills: Philantropist
Foxparks, Level: 15, Rank: 1, Gender: Female, HP IV: 7(0%), ATK IV: 39(0%), DEF IV: 82(0%), Work Speed: (0%)
Foxparks, Level: 20, Rank: 1, Gender: Female, HP IV: 9(0%), ATK IV: 0(0%), DEF IV: 2(0%), Work Speed: (0%), Skills: Botanical Barrier
Fuack, Level: 2, Rank: 1, Gender: Female, HP IV: 28(0%), ATK IV: 39(0%), DEF IV: 41(0%), Work Speed: (0%), Skills: Hard Skin
Fuack, Level: 2, Rank: 1, Gender: Female, HP IV: 9(0%), ATK IV: 28(0%), DEF IV: 86(0%), Work Speed: (0%), Skills: Infinite Stamina
Hoocrates, Level: 13, Rank: 1, Gender: Female, HP IV: 79(0%), ATK IV: 9(0%), DEF IV: 45(0%), Work Speed: (0%), Skills: Pyromaniac
Hoocrates, Level: 17, Rank: 1, Gender: Female, HP IV: 17(0%), ATK IV: 35(0%), DEF IV: 27(0%), Work Speed: (0%), Skills: Musclehead
Hoocrates, Level: 9, Rank: 1, Gender: Female, HP IV: 69(0%), ATK IV: 12(0%), DEF IV: 33(0%), Work Speed: (0%), Skills: Positive Thinker, Slacker, Destructive
Lamball, Level: 1, Rank: 1, Gender: Male, HP IV: 66(0%), ATK IV: 26(0%), DEF IV: 75(0%), Work Speed: (0%), Skills: Glutton
Lamball, Level: 13, Rank: 1, Gender: Female, HP IV: 57(0%), ATK IV: 68(0%), DEF IV: 98(0%), Work Speed: (0%), Skills: Glutton, Serious
Lamball, Level: 5, Rank: 1, Gender: Male, HP IV: 2(0%), ATK IV: 62(0%), DEF IV: 13(0%), Work Speed: (0%), Skills: Zen Mind, Capacitor
Lamball, Level: 8, Rank: 1, Gender: Female, HP IV: 93(0%), ATK IV: 8(0%), DEF IV: 36(0%), Work Speed: (0%), Skills: Glutton, Clumsy
Lamball, Level: 8, Rank: 1, Gender: Male, HP IV: 58(0%), ATK IV: 30(0%), DEF IV: 59(0%), Work Speed: (0%), Skills: Fine Furs
Lifmunk, Level: 11, Rank: 1, Gender: Female, HP IV: 22(0%), ATK IV: 73(0%), DEF IV: 95(0%), Work Speed: (0%), Skills: Nocturnal
Lifmunk, Level: 19, Rank: 1, Gender: Male, HP IV: 91(0%), ATK IV: 73(0%), DEF IV: 89(0%), Work Speed: (0%), Skills: Workaholic
Lifmunk, Level: 2, Rank: 1, Gender: Female, HP IV: 41(0%), ATK IV: 89(0%), DEF IV: 62(0%), Work Speed: (0%), Skills: Diet Lover
Lifmunk, Level: 3, Rank: 1, Gender: Male, HP IV: 65(0%), ATK IV: 24(0%), DEF IV: 96(0%), Work Speed: (0%), Skills: Hooligan
Lifmunk, Level: 4, Rank: 1, Gender: Male, HP IV: 100(0%), ATK IV: 48(0%), DEF IV: 4(0%), Work Speed: (0%), Skills: Sadist, Veil of Darkness
Lifmunk, Level: 4, Rank: 1, Gender: Male, HP IV: 67(0%), ATK IV: 41(0%), DEF IV: 42(0%), Work Speed: (0%), Skills: Pacifist
Lifmunk, Level: 5, Rank: 1, Gender: Female, HP IV: 44(0%), ATK IV: 38(0%), DEF IV: 81(0%), Work Speed: (0%), Skills: Mercy hit
Lifmunk, Level: 5, Rank: 1, Gender: Female, HP IV: 70(0%), ATK IV: 78(0%), DEF IV: 58(0%), Work Speed: (0%), Skills: Noble, Botanical Barrier
Nitewing, Level: 15, Rank: 1, Gender: Female, HP IV: 2(0%), ATK IV: 73(0%), DEF IV: 68(0%), Work Speed: (0%), Skills: Positive Thinker
Pengullet, Level: 20, Rank: 1, Gender: Male, HP IV: 42(0%), ATK IV: 19(0%), DEF IV: 40(0%), Work Speed: (0%), Skills: Swift
Ribbuny, Level: 1, Rank: 1, Gender: Female, HP IV: 90(0%), ATK IV: 22(0%), DEF IV: 59(0%), Work Speed: (0%), Skills: Logging Foreman
Rooby, Level: 4, Rank: 1, Gender: Male, HP IV: 58(0%), ATK IV: 20(0%), DEF IV: 66(0%), Work Speed: (0%)
Rushoar, Level: 4, Rank: 1, Gender: Female, HP IV: 60(0%), ATK IV: 44(0%), DEF IV: 50(0%), Work Speed: (0%), Skills: Burly Body
Rushoar, Level: 6, Rank: 1, Gender: Male, HP IV: 15(0%), ATK IV: 19(0%), DEF IV: 29(0%), Work Speed: (0%), Skills: Downtrodden
Rushoar, Level: 6, Rank: 1, Gender: Male, HP IV: 72(0%), ATK IV: 15(0%), DEF IV: 28(0%), Work Speed: (0%), Skills: Pyromaniac
Tanzee, Level: 20, Rank: 1, Gender: Male, HP IV: 42(0%), ATK IV: 85(0%), DEF IV: 65(0%), Work Speed: (0%), Skills: Waterproof
Tanzee, Level: 9, Rank: 1, Gender: Female, HP IV: 20(0%), ATK IV: 24(0%), DEF IV: 4(0%), Work Speed: (0%), Skills: Mercy hit
Teafant, Level: 17, Rank: 1, Gender: Female, HP IV: 74(0%), ATK IV: 13(0%), DEF IV: 48(0%), Work Speed: (0%), Skills: Fine Furs
Vixy, Level: 11, Rank: 1, Gender: Female, HP IV: 45(0%), ATK IV: 60(0%), DEF IV: 97(0%), Work Speed: (0%), Skills: Mine Foreman
Vixy, Level: 3, Rank: 1, Gender: Female, HP IV: 59(0%), ATK IV: 70(0%), DEF IV: 32(0%), Work Speed: (0%), Skills: Noble
neotazman's 52 Pals
-------------------
Alpha Chillet, Level: 11, Rank: 1, Gender: Female, HP IV: 93(0%), ATK IV: 77(0%), DEF IV: 90(0%), Work Speed: (0%), Skills: Glutton
Caprity, Level: 17, Rank: 1, Gender: Male, HP IV: 75(0%), ATK IV: 16(0%), DEF IV: 77(0%), Work Speed: (0%), Skills: Nocturnal
Celaray, Level: 1, Rank: 1, Gender: Female, HP IV: 86(0%), ATK IV: 54(0%), DEF IV: 66(0%), Work Speed: (0%), Skills: Shabby
Celaray, Level: 2, Rank: 1, Gender: Male, HP IV: 62(0%), ATK IV: 55(0%), DEF IV: 86(0%), Work Speed: (0%), Skills: Fine Furs
Chikipi, Level: 4, Rank: 1, Gender: Female, HP IV: 7(0%), ATK IV: 1(0%), DEF IV: 79(0%), Work Speed: (0%)
Chikipi, Level: 5, Rank: 1, Gender: Female, HP IV: 45(0%), ATK IV: 31(0%), DEF IV: 25(0%), Work Speed: (0%), Skills: Unstable
Cinnamoth, Level: 1, Rank: 1, Gender: Male, HP IV: 19(0%), ATK IV: 46(0%), DEF IV: 54(0%), Work Speed: (0%), Skills: Brave, Nimble, Diet Lover
Cremis, Level: 2, Rank: 1, Gender: Female, HP IV: 27(0%), ATK IV: 94(0%), DEF IV: 37(0%), Work Speed: (0%), Skills: Runner
Cremis, Level: 2, Rank: 1, Gender: Male, HP IV: 44(0%), ATK IV: 83(0%), DEF IV: 59(0%), Work Speed: (0%), Skills: Pyromaniac
Cremis, Level: 4, Rank: 1, Gender: Male, HP IV: 80(0%), ATK IV: 16(0%), DEF IV: 82(0%), Work Speed: (0%), Skills: Capacitor
Daedream, Level: 17, Rank: 1, Gender: Female, HP IV: 6(0%), ATK IV: 76(3%), DEF IV: 12(0%), Work Speed: (0%), Skills: Power of Gaia
Daedream, Level: 17, Rank: 1, Gender: Female, HP IV: 73(0%), ATK IV: 66(0%), DEF IV: 48(0%), Work Speed: (0%), Skills: Coldblooded, Capacitor
Daedream, Level: 17, Rank: 1, Gender: Male, HP IV: 65(0%), ATK IV: 73(0%), DEF IV: 21(0%), Work Speed: (0%), Skills: Conceited
Dazzi, Level: 1, Rank: 1, Gender: Male, HP IV: 53(0%), ATK IV: 2(0%), DEF IV: 82(0%), Work Speed: (0%), Skills: Pyromaniac, Cheery
Depresso, Level: 3, Rank: 1, Gender: Male, HP IV: 41(0%), ATK IV: 27(0%), DEF IV: 43(0%), Work Speed: (0%), Skills: Diet Lover
Direhowl, Level: 4, Rank: 1, Gender: Male, HP IV: 42(0%), ATK IV: 2(0%), DEF IV: 72(0%), Work Speed: (0%), Skills: Easygoing
Eikthyrdeer, Level: 10, Rank: 1, Gender: Male, HP IV: 65(0%), ATK IV: 59(0%), DEF IV: 32(0%), Work Speed: (0%), Skills: Destructive
Eikthyrdeer, Level: 9, Rank: 1, Gender: Female, HP IV: 67(0%), ATK IV: 32(0%), DEF IV: 74(0%), Work Speed: (0%), Skills: Artisan
Flambelle, Level: 1, Rank: 1, Gender: Female, HP IV: 29(0%), ATK IV: 74(0%), DEF IV: 68(0%), Work Speed: (0%), Skills: Unstable
Flopie, Level: 1, Rank: 1, Gender: Female, HP IV: 100(0%), ATK IV: 39(0%), DEF IV: 7(0%), Work Speed: (0%), Skills: Philantropist
Foxparks, Level: 15, Rank: 1, Gender: Female, HP IV: 7(0%), ATK IV: 39(0%), DEF IV: 82(0%), Work Speed: (0%)
Foxparks, Level: 20, Rank: 1, Gender: Female, HP IV: 9(0%), ATK IV: 0(0%), DEF IV: 2(0%), Work Speed: (0%), Skills: Botanical Barrier
Fuack, Level: 2, Rank: 1, Gender: Female, HP IV: 28(0%), ATK IV: 39(0%), DEF IV: 41(0%), Work Speed: (0%), Skills: Hard Skin
Fuack, Level: 2, Rank: 1, Gender: Female, HP IV: 9(0%), ATK IV: 28(0%), DEF IV: 86(0%), Work Speed: (0%), Skills: Infinite Stamina
Hoocrates, Level: 13, Rank: 1, Gender: Female, HP IV: 79(0%), ATK IV: 9(0%), DEF IV: 45(0%), Work Speed: (0%), Skills: Pyromaniac
Hoocrates, Level: 17, Rank: 1, Gender: Female, HP IV: 17(0%), ATK IV: 35(0%), DEF IV: 27(0%), Work Speed: (0%), Skills: Musclehead
Hoocrates, Level: 9, Rank: 1, Gender: Female, HP IV: 69(0%), ATK IV: 12(0%), DEF IV: 33(0%), Work Speed: (0%), Skills: Positive Thinker, Slacker, Destructive
Lamball, Level: 1, Rank: 1, Gender: Male, HP IV: 66(0%), ATK IV: 26(0%), DEF IV: 75(0%), Work Speed: (0%), Skills: Glutton
Lamball, Level: 13, Rank: 1, Gender: Female, HP IV: 57(0%), ATK IV: 68(0%), DEF IV: 98(0%), Work Speed: (0%), Skills: Glutton, Serious
Lamball, Level: 5, Rank: 1, Gender: Male, HP IV: 2(0%), ATK IV: 62(0%), DEF IV: 13(0%), Work Speed: (0%), Skills: Zen Mind, Capacitor
Lamball, Level: 8, Rank: 1, Gender: Female, HP IV: 93(0%), ATK IV: 8(0%), DEF IV: 36(0%), Work Speed: (0%), Skills: Glutton, Clumsy
Lamball, Level: 8, Rank: 1, Gender: Male, HP IV: 58(0%), ATK IV: 30(0%), DEF IV: 59(0%), Work Speed: (0%), Skills: Fine Furs
Lifmunk, Level: 11, Rank: 1, Gender: Female, HP IV: 22(0%), ATK IV: 73(0%), DEF IV: 95(0%), Work Speed: (0%), Skills: Nocturnal
Lifmunk, Level: 19, Rank: 1, Gender: Male, HP IV: 91(0%), ATK IV: 73(0%), DEF IV: 89(0%), Work Speed: (0%), Skills: Workaholic
Lifmunk, Level: 2, Rank: 1, Gender: Female, HP IV: 41(0%), ATK IV: 89(0%), DEF IV: 62(0%), Work Speed: (0%), Skills: Diet Lover
Lifmunk, Level: 3, Rank: 1, Gender: Male, HP IV: 65(0%), ATK IV: 24(0%), DEF IV: 96(0%), Work Speed: (0%), Skills: Hooligan
Lifmunk, Level: 4, Rank: 1, Gender: Male, HP IV: 100(0%), ATK IV: 48(0%), DEF IV: 4(0%), Work Speed: (0%), Skills: Sadist, Veil of Darkness
Lifmunk, Level: 4, Rank: 1, Gender: Male, HP IV: 67(0%), ATK IV: 41(0%), DEF IV: 42(0%), Work Speed: (0%), Skills: Pacifist
Lifmunk, Level: 5, Rank: 1, Gender: Female, HP IV: 44(0%), ATK IV: 38(0%), DEF IV: 81(0%), Work Speed: (0%), Skills: Mercy hit
Lifmunk, Level: 5, Rank: 1, Gender: Female, HP IV: 70(0%), ATK IV: 78(0%), DEF IV: 58(0%), Work Speed: (0%), Skills: Noble, Botanical Barrier
Nitewing, Level: 15, Rank: 1, Gender: Female, HP IV: 2(0%), ATK IV: 73(0%), DEF IV: 68(0%), Work Speed: (0%), Skills: Positive Thinker
Pengullet, Level: 20, Rank: 1, Gender: Male, HP IV: 42(0%), ATK IV: 19(0%), DEF IV: 40(0%), Work Speed: (0%), Skills: Swift
Ribbuny, Level: 1, Rank: 1, Gender: Female, HP IV: 90(0%), ATK IV: 22(0%), DEF IV: 59(0%), Work Speed: (0%), Skills: Logging Foreman
Rooby, Level: 4, Rank: 1, Gender: Male, HP IV: 58(0%), ATK IV: 20(0%), DEF IV: 66(0%), Work Speed: (0%)
Rushoar, Level: 4, Rank: 1, Gender: Female, HP IV: 60(0%), ATK IV: 44(0%), DEF IV: 50(0%), Work Speed: (0%), Skills: Burly Body
Rushoar, Level: 6, Rank: 1, Gender: Male, HP IV: 15(0%), ATK IV: 19(0%), DEF IV: 29(0%), Work Speed: (0%), Skills: Downtrodden
Rushoar, Level: 6, Rank: 1, Gender: Male, HP IV: 72(0%), ATK IV: 15(0%), DEF IV: 28(0%), Work Speed: (0%), Skills: Pyromaniac
Tanzee, Level: 20, Rank: 1, Gender: Male, HP IV: 42(0%), ATK IV: 85(0%), DEF IV: 65(0%), Work Speed: (0%), Skills: Waterproof
Tanzee, Level: 9, Rank: 1, Gender: Female, HP IV: 20(0%), ATK IV: 24(0%), DEF IV: 4(0%), Work Speed: (0%), Skills: Mercy hit
Teafant, Level: 17, Rank: 1, Gender: Female, HP IV: 74(0%), ATK IV: 13(0%), DEF IV: 48(0%), Work Speed: (0%), Skills: Fine Furs
Vixy, Level: 11, Rank: 1, Gender: Female, HP IV: 45(0%), ATK IV: 60(0%), DEF IV: 97(0%), Work Speed: (0%), Skills: Mine Foreman
Vixy, Level: 3, Rank: 1, Gender: Female, HP IV: 59(0%), ATK IV: 70(0%), DEF IV: 32(0%), Work Speed: (0%), Skills: Noble
neotazman's 52 Pals
-------------------
Alpha Chillet, Level: 11, Rank: 1, Gender: Female, HP IV: 93(0%), ATK IV: 77(0%), DEF IV: 90(0%), Work Speed: (0%), Skills: Glutton
Caprity, Level: 17, Rank: 1, Gender: Male, HP IV: 75(0%), ATK IV: 16(0%), DEF IV: 77(0%), Work Speed: (0%), Skills: Nocturnal
Celaray, Level: 1, Rank: 1, Gender: Female, HP IV: 86(0%), ATK IV: 54(0%), DEF IV: 66(0%), Work Speed: (0%), Skills: Shabby
Celaray, Level: 2, Rank: 1, Gender: Male, HP IV: 62(0%), ATK IV: 55(0%), DEF IV: 86(0%), Work Speed: (0%), Skills: Fine Furs
Chikipi, Level: 4, Rank: 1, Gender: Female, HP IV: 7(0%), ATK IV: 1(0%), DEF IV: 79(0%), Work Speed: (0%)
Chikipi, Level: 5, Rank: 1, Gender: Female, HP IV: 45(0%), ATK IV: 31(0%), DEF IV: 25(0%), Work Speed: (0%), Skills: Unstable
Cinnamoth, Level: 1, Rank: 1, Gender: Male, HP IV: 19(0%), ATK IV: 46(0%), DEF IV: 54(0%), Work Speed: (0%), Skills: Brave, Nimble, Diet Lover
Cremis, Level: 2, Rank: 1, Gender: Female, HP IV: 27(0%), ATK IV: 94(0%), DEF IV: 37(0%), Work Speed: (0%), Skills: Runner
Cremis, Level: 2, Rank: 1, Gender: Male, HP IV: 44(0%), ATK IV: 83(0%), DEF IV: 59(0%), Work Speed: (0%), Skills: Pyromaniac
Cremis, Level: 4, Rank: 1, Gender: Male, HP IV: 80(0%), ATK IV: 16(0%), DEF IV: 82(0%), Work Speed: (0%), Skills: Capacitor
Daedream, Level: 17, Rank: 1, Gender: Female, HP IV: 6(0%), ATK IV: 76(3%), DEF IV: 12(0%), Work Speed: (0%), Skills: Power of Gaia
Daedream, Level: 17, Rank: 1, Gender: Female, HP IV: 73(0%), ATK IV: 66(0%), DEF IV: 48(0%), Work Speed: (0%), Skills: Coldblooded, Capacitor
Daedream, Level: 17, Rank: 1, Gender: Male, HP IV: 65(0%), ATK IV: 73(0%), DEF IV: 21(0%), Work Speed: (0%), Skills: Conceited
Dazzi, Level: 1, Rank: 1, Gender: Male, HP IV: 53(0%), ATK IV: 2(0%), DEF IV: 82(0%), Work Speed: (0%), Skills: Pyromaniac, Cheery
Depresso, Level: 3, Rank: 1, Gender: Male, HP IV: 41(0%), ATK IV: 27(0%), DEF IV: 43(0%), Work Speed: (0%), Skills: Diet Lover
Direhowl, Level: 4, Rank: 1, Gender: Male, HP IV: 42(0%), ATK IV: 2(0%), DEF IV: 72(0%), Work Speed: (0%), Skills: Easygoing
Eikthyrdeer, Level: 10, Rank: 1, Gender: Male, HP IV: 65(0%), ATK IV: 59(0%), DEF IV: 32(0%), Work Speed: (0%), Skills: Destructive
Eikthyrdeer, Level: 9, Rank: 1, Gender: Female, HP IV: 67(0%), ATK IV: 32(0%), DEF IV: 74(0%), Work Speed: (0%), Skills: Artisan
Flambelle, Level: 1, Rank: 1, Gender: Female, HP IV: 29(0%), ATK IV: 74(0%), DEF IV: 68(0%), Work Speed: (0%), Skills: Unstable
Flopie, Level: 1, Rank: 1, Gender: Female, HP IV: 100(0%), ATK IV: 39(0%), DEF IV: 7(0%), Work Speed: (0%), Skills: Philantropist
Foxparks, Level: 15, Rank: 1, Gender: Female, HP IV: 7(0%), ATK IV: 39(0%), DEF IV: 82(0%), Work Speed: (0%)
Foxparks, Level: 20, Rank: 1, Gender: Female, HP IV: 9(0%), ATK IV: 0(0%), DEF IV: 2(0%), Work Speed: (0%), Skills: Botanical Barrier
Fuack, Level: 2, Rank: 1, Gender: Female, HP IV: 28(0%), ATK IV: 39(0%), DEF IV: 41(0%), Work Speed: (0%), Skills: Hard Skin
Fuack, Level: 2, Rank: 1, Gender: Female, HP IV: 9(0%), ATK IV: 28(0%), DEF IV: 86(0%), Work Speed: (0%), Skills: Infinite Stamina
Hoocrates, Level: 13, Rank: 1, Gender: Female, HP IV: 79(0%), ATK IV: 9(0%), DEF IV: 45(0%), Work Speed: (0%), Skills: Pyromaniac
Hoocrates, Level: 17, Rank: 1, Gender: Female, HP IV: 17(0%), ATK IV: 35(0%), DEF IV: 27(0%), Work Speed: (0%), Skills: Musclehead
Hoocrates, Level: 9, Rank: 1, Gender: Female, HP IV: 69(0%), ATK IV: 12(0%), DEF IV: 33(0%), Work Speed: (0%), Skills: Positive Thinker, Slacker, Destructive
Lamball, Level: 1, Rank: 1, Gender: Male, HP IV: 66(0%), ATK IV: 26(0%), DEF IV: 75(0%), Work Speed: (0%), Skills: Glutton
Lamball, Level: 13, Rank: 1, Gender: Female, HP IV: 57(0%), ATK IV: 68(0%), DEF IV: 98(0%), Work Speed: (0%), Skills: Glutton, Serious
Lamball, Level: 5, Rank: 1, Gender: Male, HP IV: 2(0%), ATK IV: 62(0%), DEF IV: 13(0%), Work Speed: (0%), Skills: Zen Mind, Capacitor
Lamball, Level: 8, Rank: 1, Gender: Female, HP IV: 93(0%), ATK IV: 8(0%), DEF IV: 36(0%), Work Speed: (0%), Skills: Glutton, Clumsy
Lamball, Level: 8, Rank: 1, Gender: Male, HP IV: 58(0%), ATK IV: 30(0%), DEF IV: 59(0%), Work Speed: (0%), Skills: Fine Furs
Lifmunk, Level: 11, Rank: 1, Gender: Female, HP IV: 22(0%), ATK IV: 73(0%), DEF IV: 95(0%), Work Speed: (0%), Skills: Nocturnal
Lifmunk, Level: 19, Rank: 1, Gender: Male, HP IV: 91(0%), ATK IV: 73(0%), DEF IV: 89(0%), Work Speed: (0%), Skills: Workaholic
Lifmunk, Level: 2, Rank: 1, Gender: Female, HP IV: 41(0%), ATK IV: 89(0%), DEF IV: 62(0%), Work Speed: (0%), Skills: Diet Lover
Lifmunk, Level: 3, Rank: 1, Gender: Male, HP IV: 65(0%), ATK IV: 24(0%), DEF IV: 96(0%), Work Speed: (0%), Skills: Hooligan
Lifmunk, Level: 4, Rank: 1, Gender: Male, HP IV: 100(0%), ATK IV: 48(0%), DEF IV: 4(0%), Work Speed: (0%), Skills: Sadist, Veil of Darkness
Lifmunk, Level: 4, Rank: 1, Gender: Male, HP IV: 67(0%), ATK IV: 41(0%), DEF IV: 42(0%), Work Speed: (0%), Skills: Pacifist
Lifmunk, Level: 5, Rank: 1, Gender: Female, HP IV: 44(0%), ATK IV: 38(0%), DEF IV: 81(0%), Work Speed: (0%), Skills: Mercy hit
Lifmunk, Level: 5, Rank: 1, Gender: Female, HP IV: 70(0%), ATK IV: 78(0%), DEF IV: 58(0%), Work Speed: (0%), Skills: Noble, Botanical Barrier
Nitewing, Level: 15, Rank: 1, Gender: Female, HP IV: 2(0%), ATK IV: 73(0%), DEF IV: 68(0%), Work Speed: (0%), Skills: Positive Thinker
Pengullet, Level: 20, Rank: 1, Gender: Male, HP IV: 42(0%), ATK IV: 19(0%), DEF IV: 40(0%), Work Speed: (0%), Skills: Swift
Ribbuny, Level: 1, Rank: 1, Gender: Female, HP IV: 90(0%), ATK IV: 22(0%), DEF IV: 59(0%), Work Speed: (0%), Skills: Logging Foreman
Rooby, Level: 4, Rank: 1, Gender: Male, HP IV: 58(0%), ATK IV: 20(0%), DEF IV: 66(0%), Work Speed: (0%)
Rushoar, Level: 4, Rank: 1, Gender: Female, HP IV: 60(0%), ATK IV: 44(0%), DEF IV: 50(0%), Work Speed: (0%), Skills: Burly Body
Rushoar, Level: 6, Rank: 1, Gender: Male, HP IV: 15(0%), ATK IV: 19(0%), DEF IV: 29(0%), Work Speed: (0%), Skills: Downtrodden
Rushoar, Level: 6, Rank: 1, Gender: Male, HP IV: 72(0%), ATK IV: 15(0%), DEF IV: 28(0%), Work Speed: (0%), Skills: Pyromaniac
Tanzee, Level: 20, Rank: 1, Gender: Male, HP IV: 42(0%), ATK IV: 85(0%), DEF IV: 65(0%), Work Speed: (0%), Skills: Waterproof
Tanzee, Level: 9, Rank: 1, Gender: Female, HP IV: 20(0%), ATK IV: 24(0%), DEF IV: 4(0%), Work Speed: (0%), Skills: Mercy hit
Teafant, Level: 17, Rank: 1, Gender: Female, HP IV: 74(0%), ATK IV: 13(0%), DEF IV: 48(0%), Work Speed: (0%), Skills: Fine Furs
Vixy, Level: 11, Rank: 1, Gender: Female, HP IV: 45(0%), ATK IV: 60(0%), DEF IV: 97(0%), Work Speed: (0%), Skills: Mine Foreman
Vixy, Level: 3, Rank: 1, Gender: Female, HP IV: 59(0%), ATK IV: 70(0%), DEF IV: 32(0%), Work Speed: (0%), Skills: Noble
neotazman's 52 Pals
-------------------
Alpha Chillet, Level: 11, Rank: 1, Gender: Female, HP IV: 93(0%), ATK IV: 77(0%), DEF IV: 90(0%), Work Speed: (0%), Skills: Glutton
Caprity, Level: 17, Rank: 1, Gender: Male, HP IV: 75(0%), ATK IV: 16(0%), DEF IV: 77(0%), Work Speed: (0%), Skills: Nocturnal
Celaray, Level: 1, Rank: 1, Gender: Female, HP IV: 86(0%), ATK IV: 54(0%), DEF IV: 66(0%), Work Speed: (0%), Skills: Shabby
Celaray, Level: 2, Rank: 1, Gender: Male, HP IV: 62(0%), ATK IV: 55(0%), DEF IV: 86(0%), Work Speed: (0%), Skills: Fine Furs
Chikipi, Level: 4, Rank: 1, Gender: Female, HP IV: 7(0%), ATK IV: 1(0%), DEF IV: 79(0%), Work Speed: (0%)
Chikipi, Level: 5, Rank: 1, Gender: Female, HP IV: 45(0%), ATK IV: 31(0%), DEF IV: 25(0%), Work Speed: (0%), Skills: Unstable
Cinnamoth, Level: 1, Rank: 1, Gender: Male, HP IV: 19(0%), ATK IV: 46(0%), DEF IV: 54(0%), Work Speed: (0%), Skills: Brave, Nimble, Diet Lover
Cremis, Level: 2, Rank: 1, Gender: Female, HP IV: 27(0%), ATK IV: 94(0%), DEF IV: 37(0%), Work Speed: (0%), Skills: Runner
Cremis, Level: 2, Rank: 1, Gender: Male, HP IV: 44(0%), ATK IV: 83(0%), DEF IV: 59(0%), Work Speed: (0%), Skills: Pyromaniac
Cremis, Level: 4, Rank: 1, Gender: Male, HP IV: 80(0%), ATK IV: 16(0%), DEF IV: 82(0%), Work Speed: (0%), Skills: Capacitor
Daedream, Level: 17, Rank: 1, Gender: Female, HP IV: 6(0%), ATK IV: 76(3%), DEF IV: 12(0%), Work Speed: (0%), Skills: Power of Gaia
Daedream, Level: 17, Rank: 1, Gender: Female, HP IV: 73(0%), ATK IV: 66(0%), DEF IV: 48(0%), Work Speed: (0%), Skills: Coldblooded, Capacitor
Daedream, Level: 17, Rank: 1, Gender: Male, HP IV: 65(0%), ATK IV: 73(0%), DEF IV: 21(0%), Work Speed: (0%), Skills: Conceited
Dazzi, Level: 1, Rank: 1, Gender: Male, HP IV: 53(0%), ATK IV: 2(0%), DEF IV: 82(0%), Work Speed: (0%), Skills: Pyromaniac, Cheery
Depresso, Level: 3, Rank: 1, Gender: Male, HP IV: 41(0%), ATK IV: 27(0%), DEF IV: 43(0%), Work Speed: (0%), Skills: Diet Lover
Direhowl, Level: 4, Rank: 1, Gender: Male, HP IV: 42(0%), ATK IV: 2(0%), DEF IV: 72(0%), Work Speed: (0%), Skills: Easygoing
Eikthyrdeer, Level: 10, Rank: 1, Gender: Male, HP IV: 65(0%), ATK IV: 59(0%), DEF IV: 32(0%), Work Speed: (0%), Skills: Destructive
Eikthyrdeer, Level: 9, Rank: 1, Gender: Female, HP IV: 67(0%), ATK IV: 32(0%), DEF IV: 74(0%), Work Speed: (0%), Skills: Artisan
Flambelle, Level: 1, Rank: 1, Gender: Female, HP IV: 29(0%), ATK IV: 74(0%), DEF IV: 68(0%), Work Speed: (0%), Skills: Unstable
Flopie, Level: 1, Rank: 1, Gender: Female, HP IV: 100(0%), ATK IV: 39(0%), DEF IV: 7(0%), Work Speed: (0%), Skills: Philantropist
Foxparks, Level: 15, Rank: 1, Gender: Female, HP IV: 7(0%), ATK IV: 39(0%), DEF IV: 82(0%), Work Speed: (0%)
Foxparks, Level: 20, Rank: 1, Gender: Female, HP IV: 9(0%), ATK IV: 0(0%), DEF IV: 2(0%), Work Speed: (0%), Skills: Botanical Barrier
Fuack, Level: 2, Rank: 1, Gender: Female, HP IV: 28(0%), ATK IV: 39(0%), DEF IV: 41(0%), Work Speed: (0%), Skills: Hard Skin
Fuack, Level: 2, Rank: 1, Gender: Female, HP IV: 9(0%), ATK IV: 28(0%), DEF IV: 86(0%), Work Speed: (0%), Skills: Infinite Stamina
Hoocrates, Level: 13, Rank: 1, Gender: Female, HP IV: 79(0%), ATK IV: 9(0%), DEF IV: 45(0%), Work Speed: (0%), Skills: Pyromaniac
Hoocrates, Level: 17, Rank: 1, Gender: Female, HP IV: 17(0%), ATK IV: 35(0%), DEF IV: 27(0%), Work Speed: (0%), Skills: Musclehead
Hoocrates, Level: 9, Rank: 1, Gender: Female, HP IV: 69(0%), ATK IV: 12(0%), DEF IV: 33(0%), Work Speed: (0%), Skills: Positive Thinker, Slacker, Destructive
Lamball, Level: 1, Rank: 1, Gender: Male, HP IV: 66(0%), ATK IV: 26(0%), DEF IV: 75(0%), Work Speed: (0%), Skills: Glutton
Lamball, Level: 13, Rank: 1, Gender: Female, HP IV: 57(0%), ATK IV: 68(0%), DEF IV: 98(0%), Work Speed: (0%), Skills: Glutton, Serious
Lamball, Level: 5, Rank: 1, Gender: Male, HP IV: 2(0%), ATK IV: 62(0%), DEF IV: 13(0%), Work Speed: (0%), Skills: Zen Mind, Capacitor
Lamball, Level: 8, Rank: 1, Gender: Female, HP IV: 93(0%), ATK IV: 8(0%), DEF IV: 36(0%), Work Speed: (0%), Skills: Glutton, Clumsy
Lamball, Level: 8, Rank: 1, Gender: Male, HP IV: 58(0%), ATK IV: 30(0%), DEF IV: 59(0%), Work Speed: (0%), Skills: Fine Furs
Lifmunk, Level: 11, Rank: 1, Gender: Female, HP IV: 22(0%), ATK IV: 73(0%), DEF IV: 95(0%), Work Speed: (0%), Skills: Nocturnal
Lifmunk, Level: 19, Rank: 1, Gender: Male, HP IV: 91(0%), ATK IV: 73(0%), DEF IV: 89(0%), Work Speed: (0%), Skills: Workaholic
Lifmunk, Level: 2, Rank: 1, Gender: Female, HP IV: 41(0%), ATK IV: 89(0%), DEF IV: 62(0%), Work Speed: (0%), Skills: Diet Lover
Lifmunk, Level: 3, Rank: 1, Gender: Male, HP IV: 65(0%), ATK IV: 24(0%), DEF IV: 96(0%), Work Speed: (0%), Skills: Hooligan
Lifmunk, Level: 4, Rank: 1, Gender: Male, HP IV: 100(0%), ATK IV: 48(0%), DEF IV: 4(0%), Work Speed: (0%), Skills: Sadist, Veil of Darkness
Lifmunk, Level: 4, Rank: 1, Gender: Male, HP IV: 67(0%), ATK IV: 41(0%), DEF IV: 42(0%), Work Speed: (0%), Skills: Pacifist
Lifmunk, Level: 5, Rank: 1, Gender: Female, HP IV: 44(0%), ATK IV: 38(0%), DEF IV: 81(0%), Work Speed: (0%), Skills: Mercy hit
Lifmunk, Level: 5, Rank: 1, Gender: Female, HP IV: 70(0%), ATK IV: 78(0%), DEF IV: 58(0%), Work Speed: (0%), Skills: Noble, Botanical Barrier
Nitewing, Level: 15, Rank: 1, Gender: Female, HP IV: 2(0%), ATK IV: 73(0%), DEF IV: 68(0%), Work Speed: (0%), Skills: Positive Thinker
Pengullet, Level: 20, Rank: 1, Gender: Male, HP IV: 42(0%), ATK IV: 19(0%), DEF IV: 40(0%), Work Speed: (0%), Skills: Swift
Ribbuny, Level: 1, Rank: 1, Gender: Female, HP IV: 90(0%), ATK IV: 22(0%), DEF IV: 59(0%), Work Speed: (0%), Skills: Logging Foreman
Rooby, Level: 4, Rank: 1, Gender: Male, HP IV: 58(0%), ATK IV: 20(0%), DEF IV: 66(0%), Work Speed: (0%)
Rushoar, Level: 4, Rank: 1, Gender: Female, HP IV: 60(0%), ATK IV: 44(0%), DEF IV: 50(0%), Work Speed: (0%), Skills: Burly Body
Rushoar, Level: 6, Rank: 1, Gender: Male, HP IV: 15(0%), ATK IV: 19(0%), DEF IV: 29(0%), Work Speed: (0%), Skills: Downtrodden
Rushoar, Level: 6, Rank: 1, Gender: Male, HP IV: 72(0%), ATK IV: 15(0%), DEF IV: 28(0%), Work Speed: (0%), Skills: Pyromaniac
Tanzee, Level: 20, Rank: 1, Gender: Male, HP IV: 42(0%), ATK IV: 85(0%), DEF IV: 65(0%), Work Speed: (0%), Skills: Waterproof
Tanzee, Level: 9, Rank: 1, Gender: Female, HP IV: 20(0%), ATK IV: 24(0%), DEF IV: 4(0%), Work Speed: (0%), Skills: Mercy hit
Teafant, Level: 17, Rank: 1, Gender: Female, HP IV: 74(0%), ATK IV: 13(0%), DEF IV: 48(0%), Work Speed: (0%), Skills: Fine Furs
Vixy, Level: 11, Rank: 1, Gender: Female, HP IV: 45(0%), ATK IV: 60(0%), DEF IV: 97(0%), Work Speed: (0%), Skills: Mine Foreman
Vixy, Level: 3, Rank: 1, Gender: Female, HP IV: 59(0%), ATK IV: 70(0%), DEF IV: 32(0%), Work Speed: (0%), Skills: Noble
neotazman's 54 Pals
-------------------
Alpha Chillet, Level: 11, Rank: 1, Gender: Female, HP IV: 93(0%), ATK IV: 77(0%), DEF IV: 90(0%), Work Speed: (0%), Skills: Glutton
Alpha Chillet, Level: 11, Rank: 1, Gender: Male, HP IV: 98(0%), ATK IV: 88(0%), DEF IV: 51(0%), Work Speed: (0%), Skills: Ferocious
Caprity, Level: 17, Rank: 1, Gender: Male, HP IV: 75(0%), ATK IV: 16(0%), DEF IV: 77(0%), Work Speed: (0%), Skills: Nocturnal
Celaray, Level: 1, Rank: 1, Gender: Female, HP IV: 86(0%), ATK IV: 54(0%), DEF IV: 66(0%), Work Speed: (0%), Skills: Shabby
Celaray, Level: 2, Rank: 1, Gender: Male, HP IV: 62(0%), ATK IV: 55(0%), DEF IV: 86(0%), Work Speed: (0%), Skills: Fine Furs
Chikipi, Level: 5, Rank: 1, Gender: Female, HP IV: 45(0%), ATK IV: 31(0%), DEF IV: 25(0%), Work Speed: (0%), Skills: Unstable
Chikipi, Level: 7, Rank: 1, Gender: Female, HP IV: 7(0%), ATK IV: 1(0%), DEF IV: 79(0%), Work Speed: (0%)
Cinnamoth, Level: 1, Rank: 1, Gender: Male, HP IV: 19(0%), ATK IV: 46(0%), DEF IV: 54(0%), Work Speed: (0%), Skills: Brave, Nimble, Diet Lover
Cremis, Level: 2, Rank: 1, Gender: Female, HP IV: 27(0%), ATK IV: 94(0%), DEF IV: 37(0%), Work Speed: (0%), Skills: Runner
Cremis, Level: 2, Rank: 1, Gender: Male, HP IV: 44(0%), ATK IV: 83(0%), DEF IV: 59(0%), Work Speed: (0%), Skills: Pyromaniac
Cremis, Level: 4, Rank: 1, Gender: Male, HP IV: 80(0%), ATK IV: 16(0%), DEF IV: 82(0%), Work Speed: (0%), Skills: Capacitor
Croajiro, Level: 4, Rank: 1, Gender: Male, HP IV: 31(0%), ATK IV: 31(0%), DEF IV: 41(0%), Work Speed: (0%), Skills: Artisan
Croajiro, Level: 5, Rank: 1, Gender: Male, HP IV: 38(0%), ATK IV: 94(0%), DEF IV: 61(0%), Work Speed: (0%), Skills: Botanical Barrier
Daedream, Level: 17, Rank: 1, Gender: Female, HP IV: 6(0%), ATK IV: 76(3%), DEF IV: 12(0%), Work Speed: (0%), Skills: Power of Gaia
Daedream, Level: 17, Rank: 1, Gender: Female, HP IV: 73(0%), ATK IV: 66(0%), DEF IV: 48(0%), Work Speed: (0%), Skills: Coldblooded, Capacitor
Daedream, Level: 17, Rank: 1, Gender: Male, HP IV: 65(0%), ATK IV: 73(0%), DEF IV: 21(0%), Work Speed: (0%), Skills: Conceited
Dazzi, Level: 1, Rank: 1, Gender: Male, HP IV: 53(0%), ATK IV: 2(0%), DEF IV: 82(0%), Work Speed: (0%), Skills: Pyromaniac, Cheery
Depresso, Level: 3, Rank: 1, Gender: Male, HP IV: 41(0%), ATK IV: 27(0%), DEF IV: 43(0%), Work Speed: (0%), Skills: Diet Lover
Direhowl, Level: 4, Rank: 1, Gender: Male, HP IV: 42(0%), ATK IV: 2(0%), DEF IV: 72(0%), Work Speed: (0%), Skills: Easygoing
Eikthyrdeer, Level: 10, Rank: 1, Gender: Male, HP IV: 65(0%), ATK IV: 59(0%), DEF IV: 32(0%), Work Speed: (0%), Skills: Destructive
Eikthyrdeer, Level: 9, Rank: 1, Gender: Female, HP IV: 67(0%), ATK IV: 32(0%), DEF IV: 74(0%), Work Speed: (0%), Skills: Artisan
Flopie, Level: 1, Rank: 1, Gender: Female, HP IV: 100(0%), ATK IV: 39(0%), DEF IV: 7(0%), Work Speed: (0%), Skills: Philantropist
Foxparks, Level: 15, Rank: 1, Gender: Female, HP IV: 7(0%), ATK IV: 39(0%), DEF IV: 82(0%), Work Speed: (0%)
Foxparks, Level: 20, Rank: 1, Gender: Female, HP IV: 9(0%), ATK IV: 0(0%), DEF IV: 2(0%), Work Speed: (0%), Skills: Botanical Barrier
Fuack, Level: 2, Rank: 1, Gender: Female, HP IV: 28(0%), ATK IV: 39(0%), DEF IV: 41(0%), Work Speed: (0%), Skills: Hard Skin
Fuack, Level: 2, Rank: 1, Gender: Female, HP IV: 9(0%), ATK IV: 28(0%), DEF IV: 86(0%), Work Speed: (0%), Skills: Infinite Stamina
Hoocrates, Level: 13, Rank: 1, Gender: Female, HP IV: 79(0%), ATK IV: 9(0%), DEF IV: 45(0%), Work Speed: (0%), Skills: Pyromaniac
Hoocrates, Level: 17, Rank: 1, Gender: Female, HP IV: 17(0%), ATK IV: 35(0%), DEF IV: 27(0%), Work Speed: (0%), Skills: Musclehead
Hoocrates, Level: 9, Rank: 1, Gender: Female, HP IV: 69(0%), ATK IV: 12(0%), DEF IV: 33(0%), Work Speed: (0%), Skills: Positive Thinker, Slacker, Destructive
Lamball, Level: 1, Rank: 1, Gender: Male, HP IV: 66(0%), ATK IV: 26(0%), DEF IV: 75(0%), Work Speed: (0%), Skills: Glutton
Lamball, Level: 13, Rank: 1, Gender: Female, HP IV: 57(0%), ATK IV: 68(0%), DEF IV: 98(0%), Work Speed: (0%), Skills: Glutton, Serious
Lamball, Level: 5, Rank: 1, Gender: Male, HP IV: 2(0%), ATK IV: 62(0%), DEF IV: 13(0%), Work Speed: (0%), Skills: Zen Mind, Capacitor
Lamball, Level: 8, Rank: 1, Gender: Female, HP IV: 93(0%), ATK IV: 8(0%), DEF IV: 36(0%), Work Speed: (0%), Skills: Glutton, Clumsy
Lamball, Level: 8, Rank: 1, Gender: Male, HP IV: 58(0%), ATK IV: 30(0%), DEF IV: 59(0%), Work Speed: (0%), Skills: Fine Furs
Lifmunk, Level: 11, Rank: 1, Gender: Female, HP IV: 22(0%), ATK IV: 73(0%), DEF IV: 95(0%), Work Speed: (0%), Skills: Nocturnal
Lifmunk, Level: 19, Rank: 1, Gender: Male, HP IV: 91(0%), ATK IV: 73(0%), DEF IV: 89(0%), Work Speed: (0%), Skills: Workaholic
Lifmunk, Level: 2, Rank: 1, Gender: Female, HP IV: 41(0%), ATK IV: 89(0%), DEF IV: 62(0%), Work Speed: (0%), Skills: Diet Lover
Lifmunk, Level: 3, Rank: 1, Gender: Male, HP IV: 65(0%), ATK IV: 24(0%), DEF IV: 96(0%), Work Speed: (0%), Skills: Hooligan
Lifmunk, Level: 4, Rank: 1, Gender: Male, HP IV: 100(0%), ATK IV: 48(0%), DEF IV: 4(0%), Work Speed: (0%), Skills: Sadist, Veil of Darkness
Lifmunk, Level: 4, Rank: 1, Gender: Male, HP IV: 67(0%), ATK IV: 41(0%), DEF IV: 42(0%), Work Speed: (0%), Skills: Pacifist
Lifmunk, Level: 5, Rank: 1, Gender: Female, HP IV: 44(0%), ATK IV: 38(0%), DEF IV: 81(0%), Work Speed: (0%), Skills: Mercy hit
Lifmunk, Level: 5, Rank: 1, Gender: Female, HP IV: 70(0%), ATK IV: 78(0%), DEF IV: 58(0%), Work Speed: (0%), Skills: Noble, Botanical Barrier
Nitewing, Level: 16, Rank: 1, Gender: Female, HP IV: 2(0%), ATK IV: 73(0%), DEF IV: 68(0%), Work Speed: (0%), Skills: Positive Thinker
Pengullet, Level: 20, Rank: 1, Gender: Male, HP IV: 42(0%), ATK IV: 19(0%), DEF IV: 40(0%), Work Speed: (0%), Skills: Swift
Rooby, Level: 4, Rank: 1, Gender: Male, HP IV: 58(0%), ATK IV: 20(0%), DEF IV: 66(0%), Work Speed: (0%)
Rushoar, Level: 4, Rank: 1, Gender: Female, HP IV: 60(0%), ATK IV: 44(0%), DEF IV: 50(0%), Work Speed: (0%), Skills: Burly Body
Rushoar, Level: 6, Rank: 1, Gender: Male, HP IV: 15(0%), ATK IV: 19(0%), DEF IV: 29(0%), Work Speed: (0%), Skills: Downtrodden
Rushoar, Level: 6, Rank: 1, Gender: Male, HP IV: 72(0%), ATK IV: 15(0%), DEF IV: 28(0%), Work Speed: (0%), Skills: Pyromaniac
Tanzee, Level: 20, Rank: 1, Gender: Male, HP IV: 42(0%), ATK IV: 85(0%), DEF IV: 65(0%), Work Speed: (0%), Skills: Waterproof
Tanzee, Level: 9, Rank: 1, Gender: Female, HP IV: 20(0%), ATK IV: 24(0%), DEF IV: 4(0%), Work Speed: (0%), Skills: Mercy hit
Teafant, Level: 17, Rank: 1, Gender: Female, HP IV: 74(0%), ATK IV: 13(0%), DEF IV: 48(0%), Work Speed: (0%), Skills: Fine Furs
Vixy, Level: 11, Rank: 1, Gender: Female, HP IV: 45(0%), ATK IV: 60(0%), DEF IV: 97(0%), Work Speed: (0%), Skills: Mine Foreman
Vixy, Level: 18, Rank: 1, Gender: Female, HP IV: 68(0%), ATK IV: 86(0%), DEF IV: 18(0%), Work Speed: (0%), Skills: Diet Lover
Vixy, Level: 3, Rank: 1, Gender: Female, HP IV: 59(0%), ATK IV: 70(0%), DEF IV: 32(0%), Work Speed: (0%), Skills: Noble
neotazman's 54 Pals
-------------------
Alpha Chillet, Level: 11, Rank: 1, Gender: Female, HP IV: 93(0%), ATK IV: 77(0%), DEF IV: 90(0%), Work Speed: (0%), Skills: Glutton
Alpha Chillet, Level: 11, Rank: 1, Gender: Male, HP IV: 98(0%), ATK IV: 88(0%), DEF IV: 51(0%), Work Speed: (0%), Skills: Ferocious
Caprity, Level: 17, Rank: 1, Gender: Male, HP IV: 75(0%), ATK IV: 16(0%), DEF IV: 77(0%), Work Speed: (0%), Skills: Nocturnal
Celaray, Level: 1, Rank: 1, Gender: Female, HP IV: 86(0%), ATK IV: 54(0%), DEF IV: 66(0%), Work Speed: (0%), Skills: Shabby
Celaray, Level: 2, Rank: 1, Gender: Male, HP IV: 62(0%), ATK IV: 55(0%), DEF IV: 86(0%), Work Speed: (0%), Skills: Fine Furs
Chikipi, Level: 5, Rank: 1, Gender: Female, HP IV: 45(0%), ATK IV: 31(0%), DEF IV: 25(0%), Work Speed: (0%), Skills: Unstable
Chikipi, Level: 7, Rank: 1, Gender: Female, HP IV: 7(0%), ATK IV: 1(0%), DEF IV: 79(0%), Work Speed: (0%)
Cinnamoth, Level: 1, Rank: 1, Gender: Male, HP IV: 19(0%), ATK IV: 46(0%), DEF IV: 54(0%), Work Speed: (0%), Skills: Brave, Nimble, Diet Lover
Cremis, Level: 2, Rank: 1, Gender: Female, HP IV: 27(0%), ATK IV: 94(0%), DEF IV: 37(0%), Work Speed: (0%), Skills: Runner
Cremis, Level: 2, Rank: 1, Gender: Male, HP IV: 44(0%), ATK IV: 83(0%), DEF IV: 59(0%), Work Speed: (0%), Skills: Pyromaniac
Cremis, Level: 4, Rank: 1, Gender: Male, HP IV: 80(0%), ATK IV: 16(0%), DEF IV: 82(0%), Work Speed: (0%), Skills: Capacitor
Croajiro, Level: 4, Rank: 1, Gender: Male, HP IV: 31(0%), ATK IV: 31(0%), DEF IV: 41(0%), Work Speed: (0%), Skills: Artisan
Croajiro, Level: 5, Rank: 1, Gender: Male, HP IV: 38(0%), ATK IV: 94(0%), DEF IV: 61(0%), Work Speed: (0%), Skills: Botanical Barrier
Daedream, Level: 17, Rank: 1, Gender: Female, HP IV: 6(0%), ATK IV: 76(3%), DEF IV: 12(0%), Work Speed: (0%), Skills: Power of Gaia
Daedream, Level: 17, Rank: 1, Gender: Female, HP IV: 73(0%), ATK IV: 66(0%), DEF IV: 48(0%), Work Speed: (0%), Skills: Coldblooded, Capacitor
Daedream, Level: 17, Rank: 1, Gender: Male, HP IV: 65(0%), ATK IV: 73(0%), DEF IV: 21(0%), Work Speed: (0%), Skills: Conceited
Dazzi, Level: 1, Rank: 1, Gender: Male, HP IV: 53(0%), ATK IV: 2(0%), DEF IV: 82(0%), Work Speed: (0%), Skills: Pyromaniac, Cheery
Depresso, Level: 3, Rank: 1, Gender: Male, HP IV: 41(0%), ATK IV: 27(0%), DEF IV: 43(0%), Work Speed: (0%), Skills: Diet Lover
Direhowl, Level: 4, Rank: 1, Gender: Male, HP IV: 42(0%), ATK IV: 2(0%), DEF IV: 72(0%), Work Speed: (0%), Skills: Easygoing
Eikthyrdeer, Level: 10, Rank: 1, Gender: Male, HP IV: 65(0%), ATK IV: 59(0%), DEF IV: 32(0%), Work Speed: (0%), Skills: Destructive
Eikthyrdeer, Level: 9, Rank: 1, Gender: Female, HP IV: 67(0%), ATK IV: 32(0%), DEF IV: 74(0%), Work Speed: (0%), Skills: Artisan
Flopie, Level: 1, Rank: 1, Gender: Female, HP IV: 100(0%), ATK IV: 39(0%), DEF IV: 7(0%), Work Speed: (0%), Skills: Philantropist
Foxparks, Level: 15, Rank: 1, Gender: Female, HP IV: 7(0%), ATK IV: 39(0%), DEF IV: 82(0%), Work Speed: (0%)
Foxparks, Level: 20, Rank: 1, Gender: Female, HP IV: 9(0%), ATK IV: 0(0%), DEF IV: 2(0%), Work Speed: (0%), Skills: Botanical Barrier
Fuack, Level: 2, Rank: 1, Gender: Female, HP IV: 28(0%), ATK IV: 39(0%), DEF IV: 41(0%), Work Speed: (0%), Skills: Hard Skin
Fuack, Level: 2, Rank: 1, Gender: Female, HP IV: 9(0%), ATK IV: 28(0%), DEF IV: 86(0%), Work Speed: (0%), Skills: Infinite Stamina
Hoocrates, Level: 13, Rank: 1, Gender: Female, HP IV: 79(0%), ATK IV: 9(0%), DEF IV: 45(0%), Work Speed: (0%), Skills: Pyromaniac
Hoocrates, Level: 17, Rank: 1, Gender: Female, HP IV: 17(0%), ATK IV: 35(0%), DEF IV: 27(0%), Work Speed: (0%), Skills: Musclehead
Hoocrates, Level: 9, Rank: 1, Gender: Female, HP IV: 69(0%), ATK IV: 12(0%), DEF IV: 33(0%), Work Speed: (0%), Skills: Positive Thinker, Slacker, Destructive
Lamball, Level: 1, Rank: 1, Gender: Male, HP IV: 66(0%), ATK IV: 26(0%), DEF IV: 75(0%), Work Speed: (0%), Skills: Glutton
Lamball, Level: 13, Rank: 1, Gender: Female, HP IV: 57(0%), ATK IV: 68(0%), DEF IV: 98(0%), Work Speed: (0%), Skills: Glutton, Serious
Lamball, Level: 5, Rank: 1, Gender: Male, HP IV: 2(0%), ATK IV: 62(0%), DEF IV: 13(0%), Work Speed: (0%), Skills: Zen Mind, Capacitor
Lamball, Level: 8, Rank: 1, Gender: Female, HP IV: 93(0%), ATK IV: 8(0%), DEF IV: 36(0%), Work Speed: (0%), Skills: Glutton, Clumsy
Lamball, Level: 8, Rank: 1, Gender: Male, HP IV: 58(0%), ATK IV: 30(0%), DEF IV: 59(0%), Work Speed: (0%), Skills: Fine Furs
Lifmunk, Level: 11, Rank: 1, Gender: Female, HP IV: 22(0%), ATK IV: 73(0%), DEF IV: 95(0%), Work Speed: (0%), Skills: Nocturnal
Lifmunk, Level: 19, Rank: 1, Gender: Male, HP IV: 91(0%), ATK IV: 73(0%), DEF IV: 89(0%), Work Speed: (0%), Skills: Workaholic
Lifmunk, Level: 2, Rank: 1, Gender: Female, HP IV: 41(0%), ATK IV: 89(0%), DEF IV: 62(0%), Work Speed: (0%), Skills: Diet Lover
Lifmunk, Level: 3, Rank: 1, Gender: Male, HP IV: 65(0%), ATK IV: 24(0%), DEF IV: 96(0%), Work Speed: (0%), Skills: Hooligan
Lifmunk, Level: 4, Rank: 1, Gender: Male, HP IV: 100(0%), ATK IV: 48(0%), DEF IV: 4(0%), Work Speed: (0%), Skills: Sadist, Veil of Darkness
Lifmunk, Level: 4, Rank: 1, Gender: Male, HP IV: 67(0%), ATK IV: 41(0%), DEF IV: 42(0%), Work Speed: (0%), Skills: Pacifist
Lifmunk, Level: 5, Rank: 1, Gender: Female, HP IV: 44(0%), ATK IV: 38(0%), DEF IV: 81(0%), Work Speed: (0%), Skills: Mercy hit
Lifmunk, Level: 5, Rank: 1, Gender: Female, HP IV: 70(0%), ATK IV: 78(0%), DEF IV: 58(0%), Work Speed: (0%), Skills: Noble, Botanical Barrier
Nitewing, Level: 16, Rank: 1, Gender: Female, HP IV: 2(0%), ATK IV: 73(0%), DEF IV: 68(0%), Work Speed: (0%), Skills: Positive Thinker
Pengullet, Level: 20, Rank: 1, Gender: Male, HP IV: 42(0%), ATK IV: 19(0%), DEF IV: 40(0%), Work Speed: (0%), Skills: Swift
Rooby, Level: 4, Rank: 1, Gender: Male, HP IV: 58(0%), ATK IV: 20(0%), DEF IV: 66(0%), Work Speed: (0%)
Rushoar, Level: 4, Rank: 1, Gender: Female, HP IV: 60(0%), ATK IV: 44(0%), DEF IV: 50(0%), Work Speed: (0%), Skills: Burly Body
Rushoar, Level: 6, Rank: 1, Gender: Male, HP IV: 15(0%), ATK IV: 19(0%), DEF IV: 29(0%), Work Speed: (0%), Skills: Downtrodden
Rushoar, Level: 6, Rank: 1, Gender: Male, HP IV: 72(0%), ATK IV: 15(0%), DEF IV: 28(0%), Work Speed: (0%), Skills: Pyromaniac
Tanzee, Level: 20, Rank: 1, Gender: Male, HP IV: 42(0%), ATK IV: 85(0%), DEF IV: 65(0%), Work Speed: (0%), Skills: Waterproof
Tanzee, Level: 9, Rank: 1, Gender: Female, HP IV: 20(0%), ATK IV: 24(0%), DEF IV: 4(0%), Work Speed: (0%), Skills: Mercy hit
Teafant, Level: 17, Rank: 1, Gender: Female, HP IV: 74(0%), ATK IV: 13(0%), DEF IV: 48(0%), Work Speed: (0%), Skills: Fine Furs
Vixy, Level: 11, Rank: 1, Gender: Female, HP IV: 45(0%), ATK IV: 60(0%), DEF IV: 97(0%), Work Speed: (0%), Skills: Mine Foreman
Vixy, Level: 18, Rank: 1, Gender: Female, HP IV: 68(0%), ATK IV: 86(0%), DEF IV: 18(0%), Work Speed: (0%), Skills: Diet Lover
Vixy, Level: 3, Rank: 1, Gender: Female, HP IV: 59(0%), ATK IV: 70(0%), DEF IV: 32(0%), Work Speed: (0%), Skills: Noble
neotazman's 54 Pals
-------------------
Alpha Chillet, Level: 11, Rank: 1, Gender: Female, HP IV: 93(0%), ATK IV: 77(0%), DEF IV: 90(0%), Work Speed: (0%), Skills: Glutton
Alpha Chillet, Level: 11, Rank: 1, Gender: Male, HP IV: 98(0%), ATK IV: 88(0%), DEF IV: 51(0%), Work Speed: (0%), Skills: Ferocious
Caprity, Level: 17, Rank: 1, Gender: Male, HP IV: 75(0%), ATK IV: 16(0%), DEF IV: 77(0%), Work Speed: (0%), Skills: Nocturnal
Celaray, Level: 1, Rank: 1, Gender: Female, HP IV: 86(0%), ATK IV: 54(0%), DEF IV: 66(0%), Work Speed: (0%), Skills: Shabby
Celaray, Level: 2, Rank: 1, Gender: Male, HP IV: 62(0%), ATK IV: 55(0%), DEF IV: 86(0%), Work Speed: (0%), Skills: Fine Furs
Chikipi, Level: 5, Rank: 1, Gender: Female, HP IV: 45(0%), ATK IV: 31(0%), DEF IV: 25(0%), Work Speed: (0%), Skills: Unstable
Chikipi, Level: 7, Rank: 1, Gender: Female, HP IV: 7(0%), ATK IV: 1(0%), DEF IV: 79(0%), Work Speed: (0%)
Cinnamoth, Level: 1, Rank: 1, Gender: Male, HP IV: 19(0%), ATK IV: 46(0%), DEF IV: 54(0%), Work Speed: (0%), Skills: Brave, Nimble, Diet Lover
Cremis, Level: 2, Rank: 1, Gender: Female, HP IV: 27(0%), ATK IV: 94(0%), DEF IV: 37(0%), Work Speed: (0%), Skills: Runner
Cremis, Level: 2, Rank: 1, Gender: Male, HP IV: 44(0%), ATK IV: 83(0%), DEF IV: 59(0%), Work Speed: (0%), Skills: Pyromaniac
Cremis, Level: 4, Rank: 1, Gender: Male, HP IV: 80(0%), ATK IV: 16(0%), DEF IV: 82(0%), Work Speed: (0%), Skills: Capacitor
Croajiro, Level: 4, Rank: 1, Gender: Male, HP IV: 31(0%), ATK IV: 31(0%), DEF IV: 41(0%), Work Speed: (0%), Skills: Artisan
Croajiro, Level: 5, Rank: 1, Gender: Male, HP IV: 38(0%), ATK IV: 94(0%), DEF IV: 61(0%), Work Speed: (0%), Skills: Botanical Barrier
Daedream, Level: 17, Rank: 1, Gender: Female, HP IV: 6(0%), ATK IV: 76(3%), DEF IV: 12(0%), Work Speed: (0%), Skills: Power of Gaia
Daedream, Level: 17, Rank: 1, Gender: Female, HP IV: 73(0%), ATK IV: 66(0%), DEF IV: 48(0%), Work Speed: (0%), Skills: Coldblooded, Capacitor
Daedream, Level: 17, Rank: 1, Gender: Male, HP IV: 65(0%), ATK IV: 73(0%), DEF IV: 21(0%), Work Speed: (0%), Skills: Conceited
Dazzi, Level: 1, Rank: 1, Gender: Male, HP IV: 53(0%), ATK IV: 2(0%), DEF IV: 82(0%), Work Speed: (0%), Skills: Pyromaniac, Cheery
Depresso, Level: 3, Rank: 1, Gender: Male, HP IV: 41(0%), ATK IV: 27(0%), DEF IV: 43(0%), Work Speed: (0%), Skills: Diet Lover
Direhowl, Level: 4, Rank: 1, Gender: Male, HP IV: 42(0%), ATK IV: 2(0%), DEF IV: 72(0%), Work Speed: (0%), Skills: Easygoing
Eikthyrdeer, Level: 10, Rank: 1, Gender: Male, HP IV: 65(0%), ATK IV: 59(0%), DEF IV: 32(0%), Work Speed: (0%), Skills: Destructive
Eikthyrdeer, Level: 9, Rank: 1, Gender: Female, HP IV: 67(0%), ATK IV: 32(0%), DEF IV: 74(0%), Work Speed: (0%), Skills: Artisan
Flopie, Level: 1, Rank: 1, Gender: Female, HP IV: 100(0%), ATK IV: 39(0%), DEF IV: 7(0%), Work Speed: (0%), Skills: Philantropist
Foxparks, Level: 15, Rank: 1, Gender: Female, HP IV: 7(0%), ATK IV: 39(0%), DEF IV: 82(0%), Work Speed: (0%)
Foxparks, Level: 20, Rank: 1, Gender: Female, HP IV: 9(0%), ATK IV: 0(0%), DEF IV: 2(0%), Work Speed: (0%), Skills: Botanical Barrier
Fuack, Level: 2, Rank: 1, Gender: Female, HP IV: 28(0%), ATK IV: 39(0%), DEF IV: 41(0%), Work Speed: (0%), Skills: Hard Skin
Fuack, Level: 2, Rank: 1, Gender: Female, HP IV: 9(0%), ATK IV: 28(0%), DEF IV: 86(0%), Work Speed: (0%), Skills: Infinite Stamina
Hoocrates, Level: 13, Rank: 1, Gender: Female, HP IV: 79(0%), ATK IV: 9(0%), DEF IV: 45(0%), Work Speed: (0%), Skills: Pyromaniac
Hoocrates, Level: 17, Rank: 1, Gender: Female, HP IV: 17(0%), ATK IV: 35(0%), DEF IV: 27(0%), Work Speed: (0%), Skills: Musclehead
Hoocrates, Level: 9, Rank: 1, Gender: Female, HP IV: 69(0%), ATK IV: 12(0%), DEF IV: 33(0%), Work Speed: (0%), Skills: Positive Thinker, Slacker, Destructive
Lamball, Level: 1, Rank: 1, Gender: Male, HP IV: 66(0%), ATK IV: 26(0%), DEF IV: 75(0%), Work Speed: (0%), Skills: Glutton
Lamball, Level: 13, Rank: 1, Gender: Female, HP IV: 57(0%), ATK IV: 68(0%), DEF IV: 98(0%), Work Speed: (0%), Skills: Glutton, Serious
Lamball, Level: 5, Rank: 1, Gender: Male, HP IV: 2(0%), ATK IV: 62(0%), DEF IV: 13(0%), Work Speed: (0%), Skills: Zen Mind, Capacitor
Lamball, Level: 8, Rank: 1, Gender: Female, HP IV: 93(0%), ATK IV: 8(0%), DEF IV: 36(0%), Work Speed: (0%), Skills: Glutton, Clumsy
Lamball, Level: 8, Rank: 1, Gender: Male, HP IV: 58(0%), ATK IV: 30(0%), DEF IV: 59(0%), Work Speed: (0%), Skills: Fine Furs
Lifmunk, Level: 11, Rank: 1, Gender: Female, HP IV: 22(0%), ATK IV: 73(0%), DEF IV: 95(0%), Work Speed: (0%), Skills: Nocturnal
Lifmunk, Level: 19, Rank: 1, Gender: Male, HP IV: 91(0%), ATK IV: 73(0%), DEF IV: 89(0%), Work Speed: (0%), Skills: Workaholic
Lifmunk, Level: 2, Rank: 1, Gender: Female, HP IV: 41(0%), ATK IV: 89(0%), DEF IV: 62(0%), Work Speed: (0%), Skills: Diet Lover
Lifmunk, Level: 3, Rank: 1, Gender: Male, HP IV: 65(0%), ATK IV: 24(0%), DEF IV: 96(0%), Work Speed: (0%), Skills: Hooligan
Lifmunk, Level: 4, Rank: 1, Gender: Male, HP IV: 100(0%), ATK IV: 48(0%), DEF IV: 4(0%), Work Speed: (0%), Skills: Sadist, Veil of Darkness
Lifmunk, Level: 4, Rank: 1, Gender: Male, HP IV: 67(0%), ATK IV: 41(0%), DEF IV: 42(0%), Work Speed: (0%), Skills: Pacifist
Lifmunk, Level: 5, Rank: 1, Gender: Female, HP IV: 44(0%), ATK IV: 38(0%), DEF IV: 81(0%), Work Speed: (0%), Skills: Mercy hit
Lifmunk, Level: 5, Rank: 1, Gender: Female, HP IV: 70(0%), ATK IV: 78(0%), DEF IV: 58(0%), Work Speed: (0%), Skills: Noble, Botanical Barrier
Nitewing, Level: 16, Rank: 1, Gender: Female, HP IV: 2(0%), ATK IV: 73(0%), DEF IV: 68(0%), Work Speed: (0%), Skills: Positive Thinker
Pengullet, Level: 20, Rank: 1, Gender: Male, HP IV: 42(0%), ATK IV: 19(0%), DEF IV: 40(0%), Work Speed: (0%), Skills: Swift
Rooby, Level: 4, Rank: 1, Gender: Male, HP IV: 58(0%), ATK IV: 20(0%), DEF IV: 66(0%), Work Speed: (0%)
Rushoar, Level: 4, Rank: 1, Gender: Female, HP IV: 60(0%), ATK IV: 44(0%), DEF IV: 50(0%), Work Speed: (0%), Skills: Burly Body
Rushoar, Level: 6, Rank: 1, Gender: Male, HP IV: 15(0%), ATK IV: 19(0%), DEF IV: 29(0%), Work Speed: (0%), Skills: Downtrodden
Rushoar, Level: 6, Rank: 1, Gender: Male, HP IV: 72(0%), ATK IV: 15(0%), DEF IV: 28(0%), Work Speed: (0%), Skills: Pyromaniac
Tanzee, Level: 20, Rank: 1, Gender: Male, HP IV: 42(0%), ATK IV: 85(0%), DEF IV: 65(0%), Work Speed: (0%), Skills: Waterproof
Tanzee, Level: 9, Rank: 1, Gender: Female, HP IV: 20(0%), ATK IV: 24(0%), DEF IV: 4(0%), Work Speed: (0%), Skills: Mercy hit
Teafant, Level: 17, Rank: 1, Gender: Female, HP IV: 74(0%), ATK IV: 13(0%), DEF IV: 48(0%), Work Speed: (0%), Skills: Fine Furs
Vixy, Level: 11, Rank: 1, Gender: Female, HP IV: 45(0%), ATK IV: 60(0%), DEF IV: 97(0%), Work Speed: (0%), Skills: Mine Foreman
Vixy, Level: 18, Rank: 1, Gender: Female, HP IV: 68(0%), ATK IV: 86(0%), DEF IV: 18(0%), Work Speed: (0%), Skills: Diet Lover
Vixy, Level: 3, Rank: 1, Gender: Female, HP IV: 59(0%), ATK IV: 70(0%), DEF IV: 32(0%), Work Speed: (0%), Skills: Noble
