Nicole Richie's 4 Pals
----------------------
Croajiro, Level: 3, Rank: 1, Gender: Female, HP IV: 76(0%), ATK IV: 77(0%), DEF IV: 39(0%), Work Speed: (0%), Skills: Cheery
Croajiro, Level: 5, Rank: 1, Gender: Female, HP IV: 72(0%), ATK IV: 6(0%), DEF IV: 67(0%), Work Speed: (0%), Skills: Pacifist
Foxparks, Level: 5, Rank: 1, Gender: Male, HP IV: 34(0%), ATK IV: 100(0%), DEF IV: 81(0%), Work Speed: (0%), Skills: Stronghold Strategist
Foxparks, Level: 5, Rank: 1, Gender: Male, HP IV: 41(0%), ATK IV: 53(0%), DEF IV: 17(0%), Work Speed: (0%), Skills: Coward
Nicole Richie's 4 Pals
----------------------
Croajiro, Level: 3, Rank: 1, Gender: Female, HP IV: 76(0%), ATK IV: 77(0%), DEF IV: 39(0%), Work Speed: (0%), Skills: Cheery
Croajiro, Level: 5, Rank: 1, Gender: Female, HP IV: 72(0%), ATK IV: 6(0%), DEF IV: 67(0%), Work Speed: (0%), Skills: Pacifist
Foxparks, Level: 5, Rank: 1, Gender: Male, HP IV: 34(0%), ATK IV: 100(0%), DEF IV: 81(0%), Work Speed: (0%), Skills: Stronghold Strategist
Foxparks, Level: 5, Rank: 1, Gender: Male, HP IV: 41(0%), ATK IV: 53(0%), DEF IV: 17(0%), Work Speed: (0%), Skills: Coward
Nicole Richie's 4 Pals
----------------------
Croajiro, Level: 3, Rank: 1, Gender: Female, HP IV: 76(0%), ATK IV: 77(0%), DEF IV: 39(0%), Work Speed: (0%), Skills: Cheery
Croajiro, Level: 5, Rank: 1, Gender: Female, HP IV: 72(0%), ATK IV: 6(0%), DEF IV: 67(0%), Work Speed: (0%), Skills: Pacifist
Foxparks, Level: 5, Rank: 1, Gender: Male, HP IV: 34(0%), ATK IV: 100(0%), DEF IV: 81(0%), Work Speed: (0%), Skills: Stronghold Strategist
Foxparks, Level: 5, Rank: 1, Gender: Male, HP IV: 41(0%), ATK IV: 53(0%), DEF IV: 17(0%), Work Speed: (0%), Skills: Coward
Nicole Richie's 4 Pals
----------------------
Croajiro, Level: 3, Rank: 1, Gender: Female, HP IV: 76(0%), ATK IV: 77(0%), DEF IV: 39(0%), Work Speed: (0%), Skills: Cheery
Croajiro, Level: 5, Rank: 1, Gender: Female, HP IV: 72(0%), ATK IV: 6(0%), DEF IV: 67(0%), Work Speed: (0%), Skills: Pacifist
Foxparks, Level: 5, Rank: 1, Gender: Male, HP IV: 34(0%), ATK IV: 100(0%), DEF IV: 81(0%), Work Speed: (0%), Skills: Stronghold Strategist
Foxparks, Level: 5, Rank: 1, Gender: Male, HP IV: 41(0%), ATK IV: 53(0%), DEF IV: 17(0%), Work Speed: (0%), Skills: Coward
Nicole Richie's 4 Pals
----------------------
Croajiro, Level: 3, Rank: 1, Gender: Female, HP IV: 76(0%), ATK IV: 77(0%), DEF IV: 39(0%), Work Speed: (0%), Skills: Cheery
Croajiro, Level: 5, Rank: 1, Gender: Female, HP IV: 72(0%), ATK IV: 6(0%), DEF IV: 67(0%), Work Speed: (0%), Skills: Pacifist
Foxparks, Level: 5, Rank: 1, Gender: Male, HP IV: 34(0%), ATK IV: 100(0%), DEF IV: 81(0%), Work Speed: (0%), Skills: Stronghold Strategist
Foxparks, Level: 5, Rank: 1, Gender: Male, HP IV: 41(0%), ATK IV: 53(0%), DEF IV: 17(0%), Work Speed: (0%), Skills: Coward
Nicole Richie's 4 Pals
----------------------
Croajiro, Level: 3, Rank: 1, Gender: Female, HP IV: 76(0%), ATK IV: 77(0%), DEF IV: 39(0%), Work Speed: (0%), Skills: Cheery
Croajiro, Level: 5, Rank: 1, Gender: Female, HP IV: 72(0%), ATK IV: 6(0%), DEF IV: 67(0%), Work Speed: (0%), Skills: Pacifist
Foxparks, Level: 5, Rank: 1, Gender: Male, HP IV: 34(0%), ATK IV: 100(0%), DEF IV: 81(0%), Work Speed: (0%), Skills: Stronghold Strategist
Foxparks, Level: 5, Rank: 1, Gender: Male, HP IV: 41(0%), ATK IV: 53(0%), DEF IV: 17(0%), Work Speed: (0%), Skills: Coward
Nicole Richie's 4 Pals
----------------------
Croajiro, Level: 3, Rank: 1, Gender: Female, HP IV: 76(0%), ATK IV: 77(0%), DEF IV: 39(0%), Work Speed: (0%), Skills: Cheery
Croajiro, Level: 5, Rank: 1, Gender: Female, HP IV: 72(0%), ATK IV: 6(0%), DEF IV: 67(0%), Work Speed: (0%), Skills: Pacifist
Foxparks, Level: 5, Rank: 1, Gender: Male, HP IV: 34(0%), ATK IV: 100(0%), DEF IV: 81(0%), Work Speed: (0%), Skills: Stronghold Strategist
Foxparks, Level: 5, Rank: 1, Gender: Male, HP IV: 41(0%), ATK IV: 53(0%), DEF IV: 17(0%), Work Speed: (0%), Skills: Coward
Nicole Richie's 4 Pals
----------------------
Croajiro, Level: 3, Rank: 1, Gender: Female, HP IV: 76(0%), ATK IV: 77(0%), DEF IV: 39(0%), Work Speed: (0%), Skills: Cheery
Croajiro, Level: 5, Rank: 1, Gender: Female, HP IV: 72(0%), ATK IV: 6(0%), DEF IV: 67(0%), Work Speed: (0%), Skills: Pacifist
Foxparks, Level: 5, Rank: 1, Gender: Male, HP IV: 34(0%), ATK IV: 100(0%), DEF IV: 81(0%), Work Speed: (0%), Skills: Stronghold Strategist
Foxparks, Level: 5, Rank: 1, Gender: Male, HP IV: 41(0%), ATK IV: 53(0%), DEF IV: 17(0%), Work Speed: (0%), Skills: Coward
Nicole Richie's 4 Pals
----------------------
Croajiro, Level: 3, Rank: 1, Gender: Female, HP IV: 76(0%), ATK IV: 77(0%), DEF IV: 39(0%), Work Speed: (0%), Skills: Cheery
Croajiro, Level: 5, Rank: 1, Gender: Female, HP IV: 72(0%), ATK IV: 6(0%), DEF IV: 67(0%), Work Speed: (0%), Skills: Pacifist
Foxparks, Level: 5, Rank: 1, Gender: Male, HP IV: 34(0%), ATK IV: 100(0%), DEF IV: 81(0%), Work Speed: (0%), Skills: Stronghold Strategist
Foxparks, Level: 5, Rank: 1, Gender: Male, HP IV: 41(0%), ATK IV: 53(0%), DEF IV: 17(0%), Work Speed: (0%), Skills: Coward
Nicole Richie's 4 Pals
----------------------
Croajiro, Level: 3, Rank: 1, Gender: Female, HP IV: 76(0%), ATK IV: 77(0%), DEF IV: 39(0%), Work Speed: (0%), Skills: Cheery
Croajiro, Level: 5, Rank: 1, Gender: Female, HP IV: 72(0%), ATK IV: 6(0%), DEF IV: 67(0%), Work Speed: (0%), Skills: Pacifist
Foxparks, Level: 5, Rank: 1, Gender: Male, HP IV: 34(0%), ATK IV: 100(0%), DEF IV: 81(0%), Work Speed: (0%), Skills: Stronghold Strategist
Foxparks, Level: 5, Rank: 1, Gender: Male, HP IV: 41(0%), ATK IV: 53(0%), DEF IV: 17(0%), Work Speed: (0%), Skills: Coward
Nicole Richie's 4 Pals
----------------------
Croajiro, Level: 3, Rank: 1, Gender: Female, HP IV: 76(0%), ATK IV: 77(0%), DEF IV: 39(0%), Work Speed: (0%), Skills: Cheery
Croajiro, Level: 5, Rank: 1, Gender: Female, HP IV: 72(0%), ATK IV: 6(0%), DEF IV: 67(0%), Work Speed: (0%), Skills: Pacifist
Foxparks, Level: 5, Rank: 1, Gender: Male, HP IV: 34(0%), ATK IV: 100(0%), DEF IV: 81(0%), Work Speed: (0%), Skills: Stronghold Strategist
Foxparks, Level: 5, Rank: 1, Gender: Male, HP IV: 41(0%), ATK IV: 53(0%), DEF IV: 17(0%), Work Speed: (0%), Skills: Coward
Nicole Richie's 4 Pals
----------------------
Croajiro, Level: 3, Rank: 1, Gender: Female, HP IV: 76(0%), ATK IV: 77(0%), DEF IV: 39(0%), Work Speed: (0%), Skills: Cheery
Croajiro, Level: 5, Rank: 1, Gender: Female, HP IV: 72(0%), ATK IV: 6(0%), DEF IV: 67(0%), Work Speed: (0%), Skills: Pacifist
Foxparks, Level: 5, Rank: 1, Gender: Male, HP IV: 34(0%), ATK IV: 100(0%), DEF IV: 81(0%), Work Speed: (0%), Skills: Stronghold Strategist
Foxparks, Level: 5, Rank: 1, Gender: Male, HP IV: 41(0%), ATK IV: 53(0%), DEF IV: 17(0%), Work Speed: (0%), Skills: Coward
Nicole Richie's 4 Pals
----------------------
Croajiro, Level: 3, Rank: 1, Gender: Female, HP IV: 76(0%), ATK IV: 77(0%), DEF IV: 39(0%), Work Speed: (0%), Skills: Cheery
Croajiro, Level: 5, Rank: 1, Gender: Female, HP IV: 72(0%), ATK IV: 6(0%), DEF IV: 67(0%), Work Speed: (0%), Skills: Pacifist
Foxparks, Level: 5, Rank: 1, Gender: Male, HP IV: 34(0%), ATK IV: 100(0%), DEF IV: 81(0%), Work Speed: (0%), Skills: Stronghold Strategist
Foxparks, Level: 5, Rank: 1, Gender: Male, HP IV: 41(0%), ATK IV: 53(0%), DEF IV: 17(0%), Work Speed: (0%), Skills: Coward
Nicole Richie's 4 Pals
----------------------
Croajiro, Level: 3, Rank: 1, Gender: Female, HP IV: 76(0%), ATK IV: 77(0%), DEF IV: 39(0%), Work Speed: (0%), Skills: Cheery
Croajiro, Level: 5, Rank: 1, Gender: Female, HP IV: 72(0%), ATK IV: 6(0%), DEF IV: 67(0%), Work Speed: (0%), Skills: Pacifist
Foxparks, Level: 5, Rank: 1, Gender: Male, HP IV: 34(0%), ATK IV: 100(0%), DEF IV: 81(0%), Work Speed: (0%), Skills: Stronghold Strategist
Foxparks, Level: 5, Rank: 1, Gender: Male, HP IV: 41(0%), ATK IV: 53(0%), DEF IV: 17(0%), Work Speed: (0%), Skills: Coward
