Nine's 45 Pals
--------------
Cattiva, Level: 1, Rank: 1, Gender: Female, HP IV: 25(0%), ATK IV: 13(0%), DEF IV: 27(0%), Work Speed: (0%), Skills: Coward, Swift
Cattiva, Level: 1, Rank: 1, Gender: Female, HP IV: 47(0%), ATK IV: 38(0%), DEF IV: 29(0%), Work Speed: (0%), Skills: Coward, Dainty Eater
Cattiva, Level: 12, Rank: 1, Gender: Male, HP IV: 55(0%), ATK IV: 39(0%), DEF IV: 94(0%), Work Speed: (0%), Skills: Coward, Easygoing, Burly Body
Cattiva, Level: 12, Rank: 1, Gender: Male, HP IV: 78(0%), ATK IV: 95(0%), DEF IV: 56(0%), Work Speed: (0%), Skills: Coward, Unstable
Cattiva, Level: 12, Rank: 1, Gender: Male, HP IV: 95(0%), ATK IV: 38(0%), DEF IV: 60(0%), Work Speed: (0%), Skills: Coward, Masochist
Cattiva, Level: 2, Rank: 1, Gender: Female, HP IV: 78(0%), ATK IV: 84(0%), DEF IV: 64(0%), Work Speed: (0%), Skills: Coward, Masochist
Cattiva, Level: 2, Rank: 1, Gender: Female, HP IV: 98(0%), ATK IV: 77(0%), DEF IV: 81(0%), Work Speed: (0%), Skills: Coward, Vanguard, Bottomless Stomach, Musclehead
Cattiva, Level: 2, Rank: 1, Gender: Male, HP IV: 46(0%), ATK IV: 6(0%), DEF IV: 67(0%), Work Speed: (0%), Skills: Coward, Philantropist
Cattiva, Level: 2, Rank: 1, Gender: Male, HP IV: 87(0%), ATK IV: 40(0%), DEF IV: 23(0%), Work Speed: (0%), Skills: Coward, Positive Thinker, Pacifist
Cattiva, Level: 3, Rank: 1, Gender: Female, HP IV: 36(0%), ATK IV: 13(0%), DEF IV: 58(0%), Work Speed: (0%), Skills: Coward
Cattiva, Level: 3, Rank: 1, Gender: Female, HP IV: 91(0%), ATK IV: 15(0%), DEF IV: 41(0%), Work Speed: (0%), Skills: Coward, Pacifist
Cattiva, Level: 3, Rank: 1, Gender: Male, HP IV: 0(0%), ATK IV: 25(0%), DEF IV: 45(0%), Work Speed: (0%), Skills: Coward, Dainty Eater
Cattiva, Level: 3, Rank: 1, Gender: Male, HP IV: 42(0%), ATK IV: 34(0%), DEF IV: 3(0%), Work Speed: (0%), Skills: Coward, Noble
Cattiva, Level: 4, Rank: 1, Gender: Male, HP IV: 32(0%), ATK IV: 53(0%), DEF IV: 13(0%), Work Speed: (0%), Skills: Coward, Aggressive
Chikipi, Level: 1, Rank: 1, Gender: Female, HP IV: 69(0%), ATK IV: 47(0%), DEF IV: 94(0%), Work Speed: (0%), Skills: Brittle
Chikipi, Level: 1, Rank: 1, Gender: Female, HP IV: 87(0%), ATK IV: 81(0%), DEF IV: 81(0%), Work Speed: (0%), Skills: Abnormal
Chikipi, Level: 1, Rank: 1, Gender: Male, HP IV: 41(0%), ATK IV: 23(0%), DEF IV: 26(0%), Work Speed: (0%), Skills: Vanguard
Chikipi, Level: 2, Rank: 1, Gender: Female, HP IV: 74(0%), ATK IV: 83(0%), DEF IV: 41(0%), Work Speed: (0%), Skills: Musclehead
Chikipi, Level: 2, Rank: 1, Gender: Male, HP IV: 36(0%), ATK IV: 31(0%), DEF IV: 52(0%), Work Speed: (0%), Skills: Swift
Chikipi, Level: 2, Rank: 1, Gender: Male, HP IV: 90(0%), ATK IV: 9(0%), DEF IV: 68(0%), Work Speed: (0%), Skills: Shabby, Unstable, Insulated Body, Logging Foreman
Chikipi, Level: 3, Rank: 1, Gender: Female, HP IV: 38(0%), ATK IV: 62(0%), DEF IV: 77(0%), Work Speed: (0%), Skills: Burly Body
Chikipi, Level: 3, Rank: 1, Gender: Female, HP IV: 84(0%), ATK IV: 36(0%), DEF IV: 25(0%), Work Speed: (0%)
Chikipi, Level: 3, Rank: 1, Gender: Male, HP IV: 23(0%), ATK IV: 65(0%), DEF IV: 66(0%), Work Speed: (0%), Skills: Dainty Eater
Chikipi, Level: 4, Rank: 1, Gender: Female, HP IV: 31(0%), ATK IV: 26(0%), DEF IV: 87(0%), Work Speed: (0%)
Chikipi, Level: 5, Rank: 1, Gender: Male, HP IV: 38(0%), ATK IV: 78(0%), DEF IV: 98(0%), Work Speed: (0%)
Cremis, Level: 2, Rank: 1, Gender: Male, HP IV: 33(0%), ATK IV: 14(0%), DEF IV: 91(0%), Work Speed: (0%), Skills: Ferocious
Cremis, Level: 3, Rank: 1, Gender: Male, HP IV: 37(0%), ATK IV: 77(0%), DEF IV: 75(0%), Work Speed: (0%), Skills: Noble
Daedream, Level: 4, Rank: 1, Gender: Male, HP IV: 10(0%), ATK IV: 40(0%), DEF IV: 60(0%), Work Speed: (0%), Skills: Insulated Body, Philantropist
Daedream, Level: 5, Rank: 1, Gender: Male, HP IV: 98(0%), ATK IV: 87(0%), DEF IV: 88(0%), Work Speed: (0%), Skills: Philantropist
Daedream, Level: 6, Rank: 1, Gender: Female, HP IV: 23(0%), ATK IV: 19(0%), DEF IV: 87(0%), Work Speed: (0%), Skills: Coldblooded
Daedream, Level: 6, Rank: 1, Gender: Female, HP IV: 65(0%), ATK IV: 17(0%), DEF IV: 4(0%), Work Speed: (0%), Skills: Swift
Foxparks, Level: 3, Rank: 1, Gender: Female, HP IV: 84(0%), ATK IV: 5(0%), DEF IV: 13(0%), Work Speed: (0%), Skills: Aggressive, Blood of the Dragon
Foxparks, Level: 5, Rank: 1, Gender: Female, HP IV: 38(0%), ATK IV: 75(0%), DEF IV: 7(0%), Work Speed: (0%), Skills: Philantropist
Foxparks, Level: 6, Rank: 1, Gender: Female, HP IV: 20(0%), ATK IV: 82(0%), DEF IV: 25(0%), Work Speed: (0%), Skills: Aggressive
Foxparks, Level: 6, Rank: 1, Gender: Female, HP IV: 38(0%), ATK IV: 61(0%), DEF IV: 88(0%), Work Speed: (0%), Skills: Burly Body, Insulated Body
Foxparks, Level: 6, Rank: 1, Gender: Male, HP IV: 4(0%), ATK IV: 41(0%), DEF IV: 20(0%), Work Speed: (0%), Skills: Pacifist
Gumoss, Level: 5, Rank: 1, Gender: Female, HP IV: 50(0%), ATK IV: 51(0%), DEF IV: 78(0%), Work Speed: (0%)
Hoocrates, Level: 6, Rank: 1, Gender: Female, HP IV: 72(0%), ATK IV: 22(0%), DEF IV: 55(0%), Work Speed: (0%), Skills: Dragonkiller, Shabby
Lamball, Level: 1, Rank: 1, Gender: Male, HP IV: 19(0%), ATK IV: 84(0%), DEF IV: 5(0%), Work Speed: (0%), Skills: Veil of Darkness, Noble
Lamball, Level: 12, Rank: 1, Gender: Male, HP IV: 43(0%), ATK IV: 90(0%), DEF IV: 3(0%), Work Speed: (0%), Skills: Shabby, Capacitor, Aggressive, Suntan Lover
Lamball, Level: 12, Rank: 1, Gender: Male, HP IV: 98(0%), ATK IV: 43(0%), DEF IV: 95(0%), Work Speed: (0%), Skills: Clumsy
Lamball, Level: 2, Rank: 1, Gender: Male, HP IV: 74(0%), ATK IV: 47(0%), DEF IV: 77(0%), Work Speed: (0%), Skills: Infinite Stamina
Lamball, Level: 3, Rank: 1, Gender: Male, HP IV: 63(0%), ATK IV: 53(0%), DEF IV: 20(0%), Work Speed: (0%), Skills: Hooligan, Waterproof, Workaholic
Melpaca, Level: 11, Rank: 1, Gender: Female, HP IV: 60(0%), ATK IV: 11(0%), DEF IV: 17(0%), Work Speed: (0%), Skills: Motivational Leader
Melpaca, Level: 11, Rank: 1, Gender: Female, HP IV: 81(0%), ATK IV: 5(0%), DEF IV: 31(0%), Work Speed: (0%)
Nine's 45 Pals
--------------
Cattiva, Level: 1, Rank: 1, Gender: Female, HP IV: 25(0%), ATK IV: 13(0%), DEF IV: 27(0%), Work Speed: (0%), Skills: Coward, Swift
Cattiva, Level: 1, Rank: 1, Gender: Female, HP IV: 47(0%), ATK IV: 38(0%), DEF IV: 29(0%), Work Speed: (0%), Skills: Coward, Dainty Eater
Cattiva, Level: 12, Rank: 1, Gender: Male, HP IV: 55(0%), ATK IV: 39(0%), DEF IV: 94(0%), Work Speed: (0%), Skills: Coward, Easygoing, Burly Body
Cattiva, Level: 12, Rank: 1, Gender: Male, HP IV: 78(0%), ATK IV: 95(0%), DEF IV: 56(0%), Work Speed: (0%), Skills: Coward, Unstable
Cattiva, Level: 12, Rank: 1, Gender: Male, HP IV: 95(0%), ATK IV: 38(0%), DEF IV: 60(0%), Work Speed: (0%), Skills: Coward, Masochist
Cattiva, Level: 2, Rank: 1, Gender: Female, HP IV: 78(0%), ATK IV: 84(0%), DEF IV: 64(0%), Work Speed: (0%), Skills: Coward, Masochist
Cattiva, Level: 2, Rank: 1, Gender: Female, HP IV: 98(0%), ATK IV: 77(0%), DEF IV: 81(0%), Work Speed: (0%), Skills: Coward, Vanguard, Bottomless Stomach, Musclehead
Cattiva, Level: 2, Rank: 1, Gender: Male, HP IV: 46(0%), ATK IV: 6(0%), DEF IV: 67(0%), Work Speed: (0%), Skills: Coward, Philantropist
Cattiva, Level: 2, Rank: 1, Gender: Male, HP IV: 87(0%), ATK IV: 40(0%), DEF IV: 23(0%), Work Speed: (0%), Skills: Coward, Positive Thinker, Pacifist
Cattiva, Level: 3, Rank: 1, Gender: Female, HP IV: 36(0%), ATK IV: 13(0%), DEF IV: 58(0%), Work Speed: (0%), Skills: Coward
Cattiva, Level: 3, Rank: 1, Gender: Female, HP IV: 91(0%), ATK IV: 15(0%), DEF IV: 41(0%), Work Speed: (0%), Skills: Coward, Pacifist
Cattiva, Level: 3, Rank: 1, Gender: Male, HP IV: 0(0%), ATK IV: 25(0%), DEF IV: 45(0%), Work Speed: (0%), Skills: Coward, Dainty Eater
Cattiva, Level: 3, Rank: 1, Gender: Male, HP IV: 42(0%), ATK IV: 34(0%), DEF IV: 3(0%), Work Speed: (0%), Skills: Coward, Noble
Cattiva, Level: 4, Rank: 1, Gender: Male, HP IV: 32(0%), ATK IV: 53(0%), DEF IV: 13(0%), Work Speed: (0%), Skills: Coward, Aggressive
Chikipi, Level: 1, Rank: 1, Gender: Female, HP IV: 69(0%), ATK IV: 47(0%), DEF IV: 94(0%), Work Speed: (0%), Skills: Brittle
Chikipi, Level: 1, Rank: 1, Gender: Female, HP IV: 87(0%), ATK IV: 81(0%), DEF IV: 81(0%), Work Speed: (0%), Skills: Abnormal
Chikipi, Level: 1, Rank: 1, Gender: Male, HP IV: 41(0%), ATK IV: 23(0%), DEF IV: 26(0%), Work Speed: (0%), Skills: Vanguard
Chikipi, Level: 2, Rank: 1, Gender: Female, HP IV: 74(0%), ATK IV: 83(0%), DEF IV: 41(0%), Work Speed: (0%), Skills: Musclehead
Chikipi, Level: 2, Rank: 1, Gender: Male, HP IV: 36(0%), ATK IV: 31(0%), DEF IV: 52(0%), Work Speed: (0%), Skills: Swift
Chikipi, Level: 2, Rank: 1, Gender: Male, HP IV: 90(0%), ATK IV: 9(0%), DEF IV: 68(0%), Work Speed: (0%), Skills: Shabby, Unstable, Insulated Body, Logging Foreman
Chikipi, Level: 3, Rank: 1, Gender: Female, HP IV: 38(0%), ATK IV: 62(0%), DEF IV: 77(0%), Work Speed: (0%), Skills: Burly Body
Chikipi, Level: 3, Rank: 1, Gender: Female, HP IV: 84(0%), ATK IV: 36(0%), DEF IV: 25(0%), Work Speed: (0%)
Chikipi, Level: 3, Rank: 1, Gender: Male, HP IV: 23(0%), ATK IV: 65(0%), DEF IV: 66(0%), Work Speed: (0%), Skills: Dainty Eater
Chikipi, Level: 4, Rank: 1, Gender: Female, HP IV: 31(0%), ATK IV: 26(0%), DEF IV: 87(0%), Work Speed: (0%)
Chikipi, Level: 5, Rank: 1, Gender: Male, HP IV: 38(0%), ATK IV: 78(0%), DEF IV: 98(0%), Work Speed: (0%)
Cremis, Level: 2, Rank: 1, Gender: Male, HP IV: 33(0%), ATK IV: 14(0%), DEF IV: 91(0%), Work Speed: (0%), Skills: Ferocious
Cremis, Level: 3, Rank: 1, Gender: Male, HP IV: 37(0%), ATK IV: 77(0%), DEF IV: 75(0%), Work Speed: (0%), Skills: Noble
Daedream, Level: 4, Rank: 1, Gender: Male, HP IV: 10(0%), ATK IV: 40(0%), DEF IV: 60(0%), Work Speed: (0%), Skills: Insulated Body, Philantropist
Daedream, Level: 5, Rank: 1, Gender: Male, HP IV: 98(0%), ATK IV: 87(0%), DEF IV: 88(0%), Work Speed: (0%), Skills: Philantropist
Daedream, Level: 6, Rank: 1, Gender: Female, HP IV: 23(0%), ATK IV: 19(0%), DEF IV: 87(0%), Work Speed: (0%), Skills: Coldblooded
Daedream, Level: 6, Rank: 1, Gender: Female, HP IV: 65(0%), ATK IV: 17(0%), DEF IV: 4(0%), Work Speed: (0%), Skills: Swift
Foxparks, Level: 3, Rank: 1, Gender: Female, HP IV: 84(0%), ATK IV: 5(0%), DEF IV: 13(0%), Work Speed: (0%), Skills: Aggressive, Blood of the Dragon
Foxparks, Level: 5, Rank: 1, Gender: Female, HP IV: 38(0%), ATK IV: 75(0%), DEF IV: 7(0%), Work Speed: (0%), Skills: Philantropist
Foxparks, Level: 6, Rank: 1, Gender: Female, HP IV: 20(0%), ATK IV: 82(0%), DEF IV: 25(0%), Work Speed: (0%), Skills: Aggressive
Foxparks, Level: 6, Rank: 1, Gender: Female, HP IV: 38(0%), ATK IV: 61(0%), DEF IV: 88(0%), Work Speed: (0%), Skills: Burly Body, Insulated Body
Foxparks, Level: 6, Rank: 1, Gender: Male, HP IV: 4(0%), ATK IV: 41(0%), DEF IV: 20(0%), Work Speed: (0%), Skills: Pacifist
Gumoss, Level: 5, Rank: 1, Gender: Female, HP IV: 50(0%), ATK IV: 51(0%), DEF IV: 78(0%), Work Speed: (0%)
Hoocrates, Level: 6, Rank: 1, Gender: Female, HP IV: 72(0%), ATK IV: 22(0%), DEF IV: 55(0%), Work Speed: (0%), Skills: Dragonkiller, Shabby
Lamball, Level: 1, Rank: 1, Gender: Male, HP IV: 19(0%), ATK IV: 84(0%), DEF IV: 5(0%), Work Speed: (0%), Skills: Veil of Darkness, Noble
Lamball, Level: 12, Rank: 1, Gender: Male, HP IV: 43(0%), ATK IV: 90(0%), DEF IV: 3(0%), Work Speed: (0%), Skills: Shabby, Capacitor, Aggressive, Suntan Lover
Lamball, Level: 12, Rank: 1, Gender: Male, HP IV: 98(0%), ATK IV: 43(0%), DEF IV: 95(0%), Work Speed: (0%), Skills: Clumsy
Lamball, Level: 2, Rank: 1, Gender: Male, HP IV: 74(0%), ATK IV: 47(0%), DEF IV: 77(0%), Work Speed: (0%), Skills: Infinite Stamina
Lamball, Level: 3, Rank: 1, Gender: Male, HP IV: 63(0%), ATK IV: 53(0%), DEF IV: 20(0%), Work Speed: (0%), Skills: Hooligan, Waterproof, Workaholic
Melpaca, Level: 11, Rank: 1, Gender: Female, HP IV: 60(0%), ATK IV: 11(0%), DEF IV: 17(0%), Work Speed: (0%), Skills: Motivational Leader
Melpaca, Level: 11, Rank: 1, Gender: Female, HP IV: 81(0%), ATK IV: 5(0%), DEF IV: 31(0%), Work Speed: (0%)
Nine's 45 Pals
--------------
Cattiva, Level: 1, Rank: 1, Gender: Female, HP IV: 25(0%), ATK IV: 13(0%), DEF IV: 27(0%), Work Speed: (0%), Skills: Coward, Swift
Cattiva, Level: 1, Rank: 1, Gender: Female, HP IV: 47(0%), ATK IV: 38(0%), DEF IV: 29(0%), Work Speed: (0%), Skills: Coward, Dainty Eater
Cattiva, Level: 12, Rank: 1, Gender: Male, HP IV: 55(0%), ATK IV: 39(0%), DEF IV: 94(0%), Work Speed: (0%), Skills: Coward, Easygoing, Burly Body
Cattiva, Level: 12, Rank: 1, Gender: Male, HP IV: 78(0%), ATK IV: 95(0%), DEF IV: 56(0%), Work Speed: (0%), Skills: Coward, Unstable
Cattiva, Level: 12, Rank: 1, Gender: Male, HP IV: 95(0%), ATK IV: 38(0%), DEF IV: 60(0%), Work Speed: (0%), Skills: Coward, Masochist
Cattiva, Level: 2, Rank: 1, Gender: Female, HP IV: 78(0%), ATK IV: 84(0%), DEF IV: 64(0%), Work Speed: (0%), Skills: Coward, Masochist
Cattiva, Level: 2, Rank: 1, Gender: Female, HP IV: 98(0%), ATK IV: 77(0%), DEF IV: 81(0%), Work Speed: (0%), Skills: Coward, Vanguard, Bottomless Stomach, Musclehead
Cattiva, Level: 2, Rank: 1, Gender: Male, HP IV: 46(0%), ATK IV: 6(0%), DEF IV: 67(0%), Work Speed: (0%), Skills: Coward, Philantropist
Cattiva, Level: 2, Rank: 1, Gender: Male, HP IV: 87(0%), ATK IV: 40(0%), DEF IV: 23(0%), Work Speed: (0%), Skills: Coward, Positive Thinker, Pacifist
Cattiva, Level: 3, Rank: 1, Gender: Female, HP IV: 36(0%), ATK IV: 13(0%), DEF IV: 58(0%), Work Speed: (0%), Skills: Coward
Cattiva, Level: 3, Rank: 1, Gender: Female, HP IV: 91(0%), ATK IV: 15(0%), DEF IV: 41(0%), Work Speed: (0%), Skills: Coward, Pacifist
Cattiva, Level: 3, Rank: 1, Gender: Male, HP IV: 0(0%), ATK IV: 25(0%), DEF IV: 45(0%), Work Speed: (0%), Skills: Coward, Dainty Eater
Cattiva, Level: 3, Rank: 1, Gender: Male, HP IV: 42(0%), ATK IV: 34(0%), DEF IV: 3(0%), Work Speed: (0%), Skills: Coward, Noble
Cattiva, Level: 4, Rank: 1, Gender: Male, HP IV: 32(0%), ATK IV: 53(0%), DEF IV: 13(0%), Work Speed: (0%), Skills: Coward, Aggressive
Chikipi, Level: 1, Rank: 1, Gender: Female, HP IV: 69(0%), ATK IV: 47(0%), DEF IV: 94(0%), Work Speed: (0%), Skills: Brittle
Chikipi, Level: 1, Rank: 1, Gender: Female, HP IV: 87(0%), ATK IV: 81(0%), DEF IV: 81(0%), Work Speed: (0%), Skills: Abnormal
Chikipi, Level: 1, Rank: 1, Gender: Male, HP IV: 41(0%), ATK IV: 23(0%), DEF IV: 26(0%), Work Speed: (0%), Skills: Vanguard
Chikipi, Level: 2, Rank: 1, Gender: Female, HP IV: 74(0%), ATK IV: 83(0%), DEF IV: 41(0%), Work Speed: (0%), Skills: Musclehead
Chikipi, Level: 2, Rank: 1, Gender: Male, HP IV: 36(0%), ATK IV: 31(0%), DEF IV: 52(0%), Work Speed: (0%), Skills: Swift
Chikipi, Level: 2, Rank: 1, Gender: Male, HP IV: 90(0%), ATK IV: 9(0%), DEF IV: 68(0%), Work Speed: (0%), Skills: Shabby, Unstable, Insulated Body, Logging Foreman
Chikipi, Level: 3, Rank: 1, Gender: Female, HP IV: 38(0%), ATK IV: 62(0%), DEF IV: 77(0%), Work Speed: (0%), Skills: Burly Body
Chikipi, Level: 3, Rank: 1, Gender: Female, HP IV: 84(0%), ATK IV: 36(0%), DEF IV: 25(0%), Work Speed: (0%)
Chikipi, Level: 3, Rank: 1, Gender: Male, HP IV: 23(0%), ATK IV: 65(0%), DEF IV: 66(0%), Work Speed: (0%), Skills: Dainty Eater
Chikipi, Level: 4, Rank: 1, Gender: Female, HP IV: 31(0%), ATK IV: 26(0%), DEF IV: 87(0%), Work Speed: (0%)
Chikipi, Level: 5, Rank: 1, Gender: Male, HP IV: 38(0%), ATK IV: 78(0%), DEF IV: 98(0%), Work Speed: (0%)
Cremis, Level: 2, Rank: 1, Gender: Male, HP IV: 33(0%), ATK IV: 14(0%), DEF IV: 91(0%), Work Speed: (0%), Skills: Ferocious
Cremis, Level: 3, Rank: 1, Gender: Male, HP IV: 37(0%), ATK IV: 77(0%), DEF IV: 75(0%), Work Speed: (0%), Skills: Noble
Daedream, Level: 4, Rank: 1, Gender: Male, HP IV: 10(0%), ATK IV: 40(0%), DEF IV: 60(0%), Work Speed: (0%), Skills: Insulated Body, Philantropist
Daedream, Level: 5, Rank: 1, Gender: Male, HP IV: 98(0%), ATK IV: 87(0%), DEF IV: 88(0%), Work Speed: (0%), Skills: Philantropist
Daedream, Level: 6, Rank: 1, Gender: Female, HP IV: 23(0%), ATK IV: 19(0%), DEF IV: 87(0%), Work Speed: (0%), Skills: Coldblooded
Daedream, Level: 6, Rank: 1, Gender: Female, HP IV: 65(0%), ATK IV: 17(0%), DEF IV: 4(0%), Work Speed: (0%), Skills: Swift
Foxparks, Level: 3, Rank: 1, Gender: Female, HP IV: 84(0%), ATK IV: 5(0%), DEF IV: 13(0%), Work Speed: (0%), Skills: Aggressive, Blood of the Dragon
Foxparks, Level: 5, Rank: 1, Gender: Female, HP IV: 38(0%), ATK IV: 75(0%), DEF IV: 7(0%), Work Speed: (0%), Skills: Philantropist
Foxparks, Level: 6, Rank: 1, Gender: Female, HP IV: 20(0%), ATK IV: 82(0%), DEF IV: 25(0%), Work Speed: (0%), Skills: Aggressive
Foxparks, Level: 6, Rank: 1, Gender: Female, HP IV: 38(0%), ATK IV: 61(0%), DEF IV: 88(0%), Work Speed: (0%), Skills: Burly Body, Insulated Body
Foxparks, Level: 6, Rank: 1, Gender: Male, HP IV: 4(0%), ATK IV: 41(0%), DEF IV: 20(0%), Work Speed: (0%), Skills: Pacifist
Gumoss, Level: 5, Rank: 1, Gender: Female, HP IV: 50(0%), ATK IV: 51(0%), DEF IV: 78(0%), Work Speed: (0%)
Hoocrates, Level: 6, Rank: 1, Gender: Female, HP IV: 72(0%), ATK IV: 22(0%), DEF IV: 55(0%), Work Speed: (0%), Skills: Dragonkiller, Shabby
Lamball, Level: 1, Rank: 1, Gender: Male, HP IV: 19(0%), ATK IV: 84(0%), DEF IV: 5(0%), Work Speed: (0%), Skills: Veil of Darkness, Noble
Lamball, Level: 12, Rank: 1, Gender: Male, HP IV: 43(0%), ATK IV: 90(0%), DEF IV: 3(0%), Work Speed: (0%), Skills: Shabby, Capacitor, Aggressive, Suntan Lover
Lamball, Level: 12, Rank: 1, Gender: Male, HP IV: 98(0%), ATK IV: 43(0%), DEF IV: 95(0%), Work Speed: (0%), Skills: Clumsy
Lamball, Level: 2, Rank: 1, Gender: Male, HP IV: 74(0%), ATK IV: 47(0%), DEF IV: 77(0%), Work Speed: (0%), Skills: Infinite Stamina
Lamball, Level: 3, Rank: 1, Gender: Male, HP IV: 63(0%), ATK IV: 53(0%), DEF IV: 20(0%), Work Speed: (0%), Skills: Hooligan, Waterproof, Workaholic
Melpaca, Level: 11, Rank: 1, Gender: Female, HP IV: 60(0%), ATK IV: 11(0%), DEF IV: 17(0%), Work Speed: (0%), Skills: Motivational Leader
Melpaca, Level: 11, Rank: 1, Gender: Female, HP IV: 81(0%), ATK IV: 5(0%), DEF IV: 31(0%), Work Speed: (0%)
Nine's 45 Pals
--------------
Cattiva, Level: 1, Rank: 1, Gender: Female, HP IV: 25(0%), ATK IV: 13(0%), DEF IV: 27(0%), Work Speed: (0%), Skills: Coward, Swift
Cattiva, Level: 1, Rank: 1, Gender: Female, HP IV: 47(0%), ATK IV: 38(0%), DEF IV: 29(0%), Work Speed: (0%), Skills: Coward, Dainty Eater
Cattiva, Level: 12, Rank: 1, Gender: Male, HP IV: 55(0%), ATK IV: 39(0%), DEF IV: 94(0%), Work Speed: (0%), Skills: Coward, Easygoing, Burly Body
Cattiva, Level: 12, Rank: 1, Gender: Male, HP IV: 78(0%), ATK IV: 95(0%), DEF IV: 56(0%), Work Speed: (0%), Skills: Coward, Unstable
Cattiva, Level: 12, Rank: 1, Gender: Male, HP IV: 95(0%), ATK IV: 38(0%), DEF IV: 60(0%), Work Speed: (0%), Skills: Coward, Masochist
Cattiva, Level: 2, Rank: 1, Gender: Female, HP IV: 78(0%), ATK IV: 84(0%), DEF IV: 64(0%), Work Speed: (0%), Skills: Coward, Masochist
Cattiva, Level: 2, Rank: 1, Gender: Female, HP IV: 98(0%), ATK IV: 77(0%), DEF IV: 81(0%), Work Speed: (0%), Skills: Coward, Vanguard, Bottomless Stomach, Musclehead
Cattiva, Level: 2, Rank: 1, Gender: Male, HP IV: 46(0%), ATK IV: 6(0%), DEF IV: 67(0%), Work Speed: (0%), Skills: Coward, Philantropist
Cattiva, Level: 2, Rank: 1, Gender: Male, HP IV: 87(0%), ATK IV: 40(0%), DEF IV: 23(0%), Work Speed: (0%), Skills: Coward, Positive Thinker, Pacifist
Cattiva, Level: 3, Rank: 1, Gender: Female, HP IV: 36(0%), ATK IV: 13(0%), DEF IV: 58(0%), Work Speed: (0%), Skills: Coward
Cattiva, Level: 3, Rank: 1, Gender: Female, HP IV: 91(0%), ATK IV: 15(0%), DEF IV: 41(0%), Work Speed: (0%), Skills: Coward, Pacifist
Cattiva, Level: 3, Rank: 1, Gender: Male, HP IV: 0(0%), ATK IV: 25(0%), DEF IV: 45(0%), Work Speed: (0%), Skills: Coward, Dainty Eater
Cattiva, Level: 3, Rank: 1, Gender: Male, HP IV: 42(0%), ATK IV: 34(0%), DEF IV: 3(0%), Work Speed: (0%), Skills: Coward, Noble
Cattiva, Level: 4, Rank: 1, Gender: Male, HP IV: 32(0%), ATK IV: 53(0%), DEF IV: 13(0%), Work Speed: (0%), Skills: Coward, Aggressive
Chikipi, Level: 1, Rank: 1, Gender: Female, HP IV: 69(0%), ATK IV: 47(0%), DEF IV: 94(0%), Work Speed: (0%), Skills: Brittle
Chikipi, Level: 1, Rank: 1, Gender: Female, HP IV: 87(0%), ATK IV: 81(0%), DEF IV: 81(0%), Work Speed: (0%), Skills: Abnormal
Chikipi, Level: 1, Rank: 1, Gender: Male, HP IV: 41(0%), ATK IV: 23(0%), DEF IV: 26(0%), Work Speed: (0%), Skills: Vanguard
Chikipi, Level: 2, Rank: 1, Gender: Female, HP IV: 74(0%), ATK IV: 83(0%), DEF IV: 41(0%), Work Speed: (0%), Skills: Musclehead
Chikipi, Level: 2, Rank: 1, Gender: Male, HP IV: 36(0%), ATK IV: 31(0%), DEF IV: 52(0%), Work Speed: (0%), Skills: Swift
Chikipi, Level: 2, Rank: 1, Gender: Male, HP IV: 90(0%), ATK IV: 9(0%), DEF IV: 68(0%), Work Speed: (0%), Skills: Shabby, Unstable, Insulated Body, Logging Foreman
Chikipi, Level: 3, Rank: 1, Gender: Female, HP IV: 38(0%), ATK IV: 62(0%), DEF IV: 77(0%), Work Speed: (0%), Skills: Burly Body
Chikipi, Level: 3, Rank: 1, Gender: Female, HP IV: 84(0%), ATK IV: 36(0%), DEF IV: 25(0%), Work Speed: (0%)
Chikipi, Level: 3, Rank: 1, Gender: Male, HP IV: 23(0%), ATK IV: 65(0%), DEF IV: 66(0%), Work Speed: (0%), Skills: Dainty Eater
Chikipi, Level: 4, Rank: 1, Gender: Female, HP IV: 31(0%), ATK IV: 26(0%), DEF IV: 87(0%), Work Speed: (0%)
Chikipi, Level: 5, Rank: 1, Gender: Male, HP IV: 38(0%), ATK IV: 78(0%), DEF IV: 98(0%), Work Speed: (0%)
Cremis, Level: 2, Rank: 1, Gender: Male, HP IV: 33(0%), ATK IV: 14(0%), DEF IV: 91(0%), Work Speed: (0%), Skills: Ferocious
Cremis, Level: 3, Rank: 1, Gender: Male, HP IV: 37(0%), ATK IV: 77(0%), DEF IV: 75(0%), Work Speed: (0%), Skills: Noble
Daedream, Level: 4, Rank: 1, Gender: Male, HP IV: 10(0%), ATK IV: 40(0%), DEF IV: 60(0%), Work Speed: (0%), Skills: Insulated Body, Philantropist
Daedream, Level: 5, Rank: 1, Gender: Male, HP IV: 98(0%), ATK IV: 87(0%), DEF IV: 88(0%), Work Speed: (0%), Skills: Philantropist
Daedream, Level: 6, Rank: 1, Gender: Female, HP IV: 23(0%), ATK IV: 19(0%), DEF IV: 87(0%), Work Speed: (0%), Skills: Coldblooded
Daedream, Level: 6, Rank: 1, Gender: Female, HP IV: 65(0%), ATK IV: 17(0%), DEF IV: 4(0%), Work Speed: (0%), Skills: Swift
Foxparks, Level: 3, Rank: 1, Gender: Female, HP IV: 84(0%), ATK IV: 5(0%), DEF IV: 13(0%), Work Speed: (0%), Skills: Aggressive, Blood of the Dragon
Foxparks, Level: 5, Rank: 1, Gender: Female, HP IV: 38(0%), ATK IV: 75(0%), DEF IV: 7(0%), Work Speed: (0%), Skills: Philantropist
Foxparks, Level: 6, Rank: 1, Gender: Female, HP IV: 20(0%), ATK IV: 82(0%), DEF IV: 25(0%), Work Speed: (0%), Skills: Aggressive
Foxparks, Level: 6, Rank: 1, Gender: Female, HP IV: 38(0%), ATK IV: 61(0%), DEF IV: 88(0%), Work Speed: (0%), Skills: Burly Body, Insulated Body
Foxparks, Level: 6, Rank: 1, Gender: Male, HP IV: 4(0%), ATK IV: 41(0%), DEF IV: 20(0%), Work Speed: (0%), Skills: Pacifist
Gumoss, Level: 5, Rank: 1, Gender: Female, HP IV: 50(0%), ATK IV: 51(0%), DEF IV: 78(0%), Work Speed: (0%)
Hoocrates, Level: 6, Rank: 1, Gender: Female, HP IV: 72(0%), ATK IV: 22(0%), DEF IV: 55(0%), Work Speed: (0%), Skills: Dragonkiller, Shabby
Lamball, Level: 1, Rank: 1, Gender: Male, HP IV: 19(0%), ATK IV: 84(0%), DEF IV: 5(0%), Work Speed: (0%), Skills: Veil of Darkness, Noble
Lamball, Level: 12, Rank: 1, Gender: Male, HP IV: 43(0%), ATK IV: 90(0%), DEF IV: 3(0%), Work Speed: (0%), Skills: Shabby, Capacitor, Aggressive, Suntan Lover
Lamball, Level: 12, Rank: 1, Gender: Male, HP IV: 98(0%), ATK IV: 43(0%), DEF IV: 95(0%), Work Speed: (0%), Skills: Clumsy
Lamball, Level: 2, Rank: 1, Gender: Male, HP IV: 74(0%), ATK IV: 47(0%), DEF IV: 77(0%), Work Speed: (0%), Skills: Infinite Stamina
Lamball, Level: 3, Rank: 1, Gender: Male, HP IV: 63(0%), ATK IV: 53(0%), DEF IV: 20(0%), Work Speed: (0%), Skills: Hooligan, Waterproof, Workaholic
Melpaca, Level: 11, Rank: 1, Gender: Female, HP IV: 60(0%), ATK IV: 11(0%), DEF IV: 17(0%), Work Speed: (0%), Skills: Motivational Leader
Melpaca, Level: 11, Rank: 1, Gender: Female, HP IV: 81(0%), ATK IV: 5(0%), DEF IV: 31(0%), Work Speed: (0%)
Nine's 45 Pals
--------------
Cattiva, Level: 1, Rank: 1, Gender: Female, HP IV: 25(0%), ATK IV: 13(0%), DEF IV: 27(0%), Work Speed: (0%), Skills: Coward, Swift
Cattiva, Level: 1, Rank: 1, Gender: Female, HP IV: 47(0%), ATK IV: 38(0%), DEF IV: 29(0%), Work Speed: (0%), Skills: Coward, Dainty Eater
Cattiva, Level: 12, Rank: 1, Gender: Male, HP IV: 55(0%), ATK IV: 39(0%), DEF IV: 94(0%), Work Speed: (0%), Skills: Coward, Easygoing, Burly Body
Cattiva, Level: 12, Rank: 1, Gender: Male, HP IV: 78(0%), ATK IV: 95(0%), DEF IV: 56(0%), Work Speed: (0%), Skills: Coward, Unstable
Cattiva, Level: 12, Rank: 1, Gender: Male, HP IV: 95(0%), ATK IV: 38(0%), DEF IV: 60(0%), Work Speed: (0%), Skills: Coward, Masochist
Cattiva, Level: 2, Rank: 1, Gender: Female, HP IV: 78(0%), ATK IV: 84(0%), DEF IV: 64(0%), Work Speed: (0%), Skills: Coward, Masochist
Cattiva, Level: 2, Rank: 1, Gender: Female, HP IV: 98(0%), ATK IV: 77(0%), DEF IV: 81(0%), Work Speed: (0%), Skills: Coward, Vanguard, Bottomless Stomach, Musclehead
Cattiva, Level: 2, Rank: 1, Gender: Male, HP IV: 46(0%), ATK IV: 6(0%), DEF IV: 67(0%), Work Speed: (0%), Skills: Coward, Philantropist
Cattiva, Level: 2, Rank: 1, Gender: Male, HP IV: 87(0%), ATK IV: 40(0%), DEF IV: 23(0%), Work Speed: (0%), Skills: Coward, Positive Thinker, Pacifist
Cattiva, Level: 3, Rank: 1, Gender: Female, HP IV: 36(0%), ATK IV: 13(0%), DEF IV: 58(0%), Work Speed: (0%), Skills: Coward
Cattiva, Level: 3, Rank: 1, Gender: Female, HP IV: 91(0%), ATK IV: 15(0%), DEF IV: 41(0%), Work Speed: (0%), Skills: Coward, Pacifist
Cattiva, Level: 3, Rank: 1, Gender: Male, HP IV: 0(0%), ATK IV: 25(0%), DEF IV: 45(0%), Work Speed: (0%), Skills: Coward, Dainty Eater
Cattiva, Level: 3, Rank: 1, Gender: Male, HP IV: 42(0%), ATK IV: 34(0%), DEF IV: 3(0%), Work Speed: (0%), Skills: Coward, Noble
Cattiva, Level: 4, Rank: 1, Gender: Male, HP IV: 32(0%), ATK IV: 53(0%), DEF IV: 13(0%), Work Speed: (0%), Skills: Coward, Aggressive
Chikipi, Level: 1, Rank: 1, Gender: Female, HP IV: 69(0%), ATK IV: 47(0%), DEF IV: 94(0%), Work Speed: (0%), Skills: Brittle
Chikipi, Level: 1, Rank: 1, Gender: Female, HP IV: 87(0%), ATK IV: 81(0%), DEF IV: 81(0%), Work Speed: (0%), Skills: Abnormal
Chikipi, Level: 1, Rank: 1, Gender: Male, HP IV: 41(0%), ATK IV: 23(0%), DEF IV: 26(0%), Work Speed: (0%), Skills: Vanguard
Chikipi, Level: 2, Rank: 1, Gender: Female, HP IV: 74(0%), ATK IV: 83(0%), DEF IV: 41(0%), Work Speed: (0%), Skills: Musclehead
Chikipi, Level: 2, Rank: 1, Gender: Male, HP IV: 36(0%), ATK IV: 31(0%), DEF IV: 52(0%), Work Speed: (0%), Skills: Swift
Chikipi, Level: 2, Rank: 1, Gender: Male, HP IV: 90(0%), ATK IV: 9(0%), DEF IV: 68(0%), Work Speed: (0%), Skills: Shabby, Unstable, Insulated Body, Logging Foreman
Chikipi, Level: 3, Rank: 1, Gender: Female, HP IV: 38(0%), ATK IV: 62(0%), DEF IV: 77(0%), Work Speed: (0%), Skills: Burly Body
Chikipi, Level: 3, Rank: 1, Gender: Female, HP IV: 84(0%), ATK IV: 36(0%), DEF IV: 25(0%), Work Speed: (0%)
Chikipi, Level: 3, Rank: 1, Gender: Male, HP IV: 23(0%), ATK IV: 65(0%), DEF IV: 66(0%), Work Speed: (0%), Skills: Dainty Eater
Chikipi, Level: 4, Rank: 1, Gender: Female, HP IV: 31(0%), ATK IV: 26(0%), DEF IV: 87(0%), Work Speed: (0%)
Chikipi, Level: 5, Rank: 1, Gender: Male, HP IV: 38(0%), ATK IV: 78(0%), DEF IV: 98(0%), Work Speed: (0%)
Cremis, Level: 2, Rank: 1, Gender: Male, HP IV: 33(0%), ATK IV: 14(0%), DEF IV: 91(0%), Work Speed: (0%), Skills: Ferocious
Cremis, Level: 3, Rank: 1, Gender: Male, HP IV: 37(0%), ATK IV: 77(0%), DEF IV: 75(0%), Work Speed: (0%), Skills: Noble
Daedream, Level: 4, Rank: 1, Gender: Male, HP IV: 10(0%), ATK IV: 40(0%), DEF IV: 60(0%), Work Speed: (0%), Skills: Insulated Body, Philantropist
Daedream, Level: 5, Rank: 1, Gender: Male, HP IV: 98(0%), ATK IV: 87(0%), DEF IV: 88(0%), Work Speed: (0%), Skills: Philantropist
Daedream, Level: 6, Rank: 1, Gender: Female, HP IV: 23(0%), ATK IV: 19(0%), DEF IV: 87(0%), Work Speed: (0%), Skills: Coldblooded
Daedream, Level: 6, Rank: 1, Gender: Female, HP IV: 65(0%), ATK IV: 17(0%), DEF IV: 4(0%), Work Speed: (0%), Skills: Swift
Foxparks, Level: 3, Rank: 1, Gender: Female, HP IV: 84(0%), ATK IV: 5(0%), DEF IV: 13(0%), Work Speed: (0%), Skills: Aggressive, Blood of the Dragon
Foxparks, Level: 5, Rank: 1, Gender: Female, HP IV: 38(0%), ATK IV: 75(0%), DEF IV: 7(0%), Work Speed: (0%), Skills: Philantropist
Foxparks, Level: 6, Rank: 1, Gender: Female, HP IV: 20(0%), ATK IV: 82(0%), DEF IV: 25(0%), Work Speed: (0%), Skills: Aggressive
Foxparks, Level: 6, Rank: 1, Gender: Female, HP IV: 38(0%), ATK IV: 61(0%), DEF IV: 88(0%), Work Speed: (0%), Skills: Burly Body, Insulated Body
Foxparks, Level: 6, Rank: 1, Gender: Male, HP IV: 4(0%), ATK IV: 41(0%), DEF IV: 20(0%), Work Speed: (0%), Skills: Pacifist
Gumoss, Level: 5, Rank: 1, Gender: Female, HP IV: 50(0%), ATK IV: 51(0%), DEF IV: 78(0%), Work Speed: (0%)
Hoocrates, Level: 6, Rank: 1, Gender: Female, HP IV: 72(0%), ATK IV: 22(0%), DEF IV: 55(0%), Work Speed: (0%), Skills: Dragonkiller, Shabby
Lamball, Level: 1, Rank: 1, Gender: Male, HP IV: 19(0%), ATK IV: 84(0%), DEF IV: 5(0%), Work Speed: (0%), Skills: Veil of Darkness, Noble
Lamball, Level: 12, Rank: 1, Gender: Male, HP IV: 43(0%), ATK IV: 90(0%), DEF IV: 3(0%), Work Speed: (0%), Skills: Shabby, Capacitor, Aggressive, Suntan Lover
Lamball, Level: 12, Rank: 1, Gender: Male, HP IV: 98(0%), ATK IV: 43(0%), DEF IV: 95(0%), Work Speed: (0%), Skills: Clumsy
Lamball, Level: 2, Rank: 1, Gender: Male, HP IV: 74(0%), ATK IV: 47(0%), DEF IV: 77(0%), Work Speed: (0%), Skills: Infinite Stamina
Lamball, Level: 3, Rank: 1, Gender: Male, HP IV: 63(0%), ATK IV: 53(0%), DEF IV: 20(0%), Work Speed: (0%), Skills: Hooligan, Waterproof, Workaholic
Melpaca, Level: 11, Rank: 1, Gender: Female, HP IV: 60(0%), ATK IV: 11(0%), DEF IV: 17(0%), Work Speed: (0%), Skills: Motivational Leader
Melpaca, Level: 11, Rank: 1, Gender: Female, HP IV: 81(0%), ATK IV: 5(0%), DEF IV: 31(0%), Work Speed: (0%)
Nine's 45 Pals
--------------
Cattiva, Level: 1, Rank: 1, Gender: Female, HP IV: 25(0%), ATK IV: 13(0%), DEF IV: 27(0%), Work Speed: (0%), Skills: Coward, Swift
Cattiva, Level: 1, Rank: 1, Gender: Female, HP IV: 47(0%), ATK IV: 38(0%), DEF IV: 29(0%), Work Speed: (0%), Skills: Coward, Dainty Eater
Cattiva, Level: 12, Rank: 1, Gender: Male, HP IV: 55(0%), ATK IV: 39(0%), DEF IV: 94(0%), Work Speed: (0%), Skills: Coward, Easygoing, Burly Body
Cattiva, Level: 12, Rank: 1, Gender: Male, HP IV: 78(0%), ATK IV: 95(0%), DEF IV: 56(0%), Work Speed: (0%), Skills: Coward, Unstable
Cattiva, Level: 12, Rank: 1, Gender: Male, HP IV: 95(0%), ATK IV: 38(0%), DEF IV: 60(0%), Work Speed: (0%), Skills: Coward, Masochist
Cattiva, Level: 2, Rank: 1, Gender: Female, HP IV: 78(0%), ATK IV: 84(0%), DEF IV: 64(0%), Work Speed: (0%), Skills: Coward, Masochist
Cattiva, Level: 2, Rank: 1, Gender: Female, HP IV: 98(0%), ATK IV: 77(0%), DEF IV: 81(0%), Work Speed: (0%), Skills: Coward, Vanguard, Bottomless Stomach, Musclehead
Cattiva, Level: 2, Rank: 1, Gender: Male, HP IV: 46(0%), ATK IV: 6(0%), DEF IV: 67(0%), Work Speed: (0%), Skills: Coward, Philantropist
Cattiva, Level: 2, Rank: 1, Gender: Male, HP IV: 87(0%), ATK IV: 40(0%), DEF IV: 23(0%), Work Speed: (0%), Skills: Coward, Positive Thinker, Pacifist
Cattiva, Level: 3, Rank: 1, Gender: Female, HP IV: 36(0%), ATK IV: 13(0%), DEF IV: 58(0%), Work Speed: (0%), Skills: Coward
Cattiva, Level: 3, Rank: 1, Gender: Female, HP IV: 91(0%), ATK IV: 15(0%), DEF IV: 41(0%), Work Speed: (0%), Skills: Coward, Pacifist
Cattiva, Level: 3, Rank: 1, Gender: Male, HP IV: 0(0%), ATK IV: 25(0%), DEF IV: 45(0%), Work Speed: (0%), Skills: Coward, Dainty Eater
Cattiva, Level: 3, Rank: 1, Gender: Male, HP IV: 42(0%), ATK IV: 34(0%), DEF IV: 3(0%), Work Speed: (0%), Skills: Coward, Noble
Cattiva, Level: 4, Rank: 1, Gender: Male, HP IV: 32(0%), ATK IV: 53(0%), DEF IV: 13(0%), Work Speed: (0%), Skills: Coward, Aggressive
Chikipi, Level: 1, Rank: 1, Gender: Female, HP IV: 69(0%), ATK IV: 47(0%), DEF IV: 94(0%), Work Speed: (0%), Skills: Brittle
Chikipi, Level: 1, Rank: 1, Gender: Female, HP IV: 87(0%), ATK IV: 81(0%), DEF IV: 81(0%), Work Speed: (0%), Skills: Abnormal
Chikipi, Level: 1, Rank: 1, Gender: Male, HP IV: 41(0%), ATK IV: 23(0%), DEF IV: 26(0%), Work Speed: (0%), Skills: Vanguard
Chikipi, Level: 2, Rank: 1, Gender: Female, HP IV: 74(0%), ATK IV: 83(0%), DEF IV: 41(0%), Work Speed: (0%), Skills: Musclehead
Chikipi, Level: 2, Rank: 1, Gender: Male, HP IV: 36(0%), ATK IV: 31(0%), DEF IV: 52(0%), Work Speed: (0%), Skills: Swift
Chikipi, Level: 2, Rank: 1, Gender: Male, HP IV: 90(0%), ATK IV: 9(0%), DEF IV: 68(0%), Work Speed: (0%), Skills: Shabby, Unstable, Insulated Body, Logging Foreman
Chikipi, Level: 3, Rank: 1, Gender: Female, HP IV: 38(0%), ATK IV: 62(0%), DEF IV: 77(0%), Work Speed: (0%), Skills: Burly Body
Chikipi, Level: 3, Rank: 1, Gender: Female, HP IV: 84(0%), ATK IV: 36(0%), DEF IV: 25(0%), Work Speed: (0%)
Chikipi, Level: 3, Rank: 1, Gender: Male, HP IV: 23(0%), ATK IV: 65(0%), DEF IV: 66(0%), Work Speed: (0%), Skills: Dainty Eater
Chikipi, Level: 4, Rank: 1, Gender: Female, HP IV: 31(0%), ATK IV: 26(0%), DEF IV: 87(0%), Work Speed: (0%)
Chikipi, Level: 5, Rank: 1, Gender: Male, HP IV: 38(0%), ATK IV: 78(0%), DEF IV: 98(0%), Work Speed: (0%)
Cremis, Level: 2, Rank: 1, Gender: Male, HP IV: 33(0%), ATK IV: 14(0%), DEF IV: 91(0%), Work Speed: (0%), Skills: Ferocious
Cremis, Level: 3, Rank: 1, Gender: Male, HP IV: 37(0%), ATK IV: 77(0%), DEF IV: 75(0%), Work Speed: (0%), Skills: Noble
Daedream, Level: 4, Rank: 1, Gender: Male, HP IV: 10(0%), ATK IV: 40(0%), DEF IV: 60(0%), Work Speed: (0%), Skills: Insulated Body, Philantropist
Daedream, Level: 5, Rank: 1, Gender: Male, HP IV: 98(0%), ATK IV: 87(0%), DEF IV: 88(0%), Work Speed: (0%), Skills: Philantropist
Daedream, Level: 6, Rank: 1, Gender: Female, HP IV: 23(0%), ATK IV: 19(0%), DEF IV: 87(0%), Work Speed: (0%), Skills: Coldblooded
Daedream, Level: 6, Rank: 1, Gender: Female, HP IV: 65(0%), ATK IV: 17(0%), DEF IV: 4(0%), Work Speed: (0%), Skills: Swift
Foxparks, Level: 3, Rank: 1, Gender: Female, HP IV: 84(0%), ATK IV: 5(0%), DEF IV: 13(0%), Work Speed: (0%), Skills: Aggressive, Blood of the Dragon
Foxparks, Level: 5, Rank: 1, Gender: Female, HP IV: 38(0%), ATK IV: 75(0%), DEF IV: 7(0%), Work Speed: (0%), Skills: Philantropist
Foxparks, Level: 6, Rank: 1, Gender: Female, HP IV: 20(0%), ATK IV: 82(0%), DEF IV: 25(0%), Work Speed: (0%), Skills: Aggressive
Foxparks, Level: 6, Rank: 1, Gender: Female, HP IV: 38(0%), ATK IV: 61(0%), DEF IV: 88(0%), Work Speed: (0%), Skills: Burly Body, Insulated Body
Foxparks, Level: 6, Rank: 1, Gender: Male, HP IV: 4(0%), ATK IV: 41(0%), DEF IV: 20(0%), Work Speed: (0%), Skills: Pacifist
Gumoss, Level: 5, Rank: 1, Gender: Female, HP IV: 50(0%), ATK IV: 51(0%), DEF IV: 78(0%), Work Speed: (0%)
Hoocrates, Level: 6, Rank: 1, Gender: Female, HP IV: 72(0%), ATK IV: 22(0%), DEF IV: 55(0%), Work Speed: (0%), Skills: Dragonkiller, Shabby
Lamball, Level: 1, Rank: 1, Gender: Male, HP IV: 19(0%), ATK IV: 84(0%), DEF IV: 5(0%), Work Speed: (0%), Skills: Veil of Darkness, Noble
Lamball, Level: 12, Rank: 1, Gender: Male, HP IV: 43(0%), ATK IV: 90(0%), DEF IV: 3(0%), Work Speed: (0%), Skills: Shabby, Capacitor, Aggressive, Suntan Lover
Lamball, Level: 12, Rank: 1, Gender: Male, HP IV: 98(0%), ATK IV: 43(0%), DEF IV: 95(0%), Work Speed: (0%), Skills: Clumsy
Lamball, Level: 2, Rank: 1, Gender: Male, HP IV: 74(0%), ATK IV: 47(0%), DEF IV: 77(0%), Work Speed: (0%), Skills: Infinite Stamina
Lamball, Level: 3, Rank: 1, Gender: Male, HP IV: 63(0%), ATK IV: 53(0%), DEF IV: 20(0%), Work Speed: (0%), Skills: Hooligan, Waterproof, Workaholic
Melpaca, Level: 11, Rank: 1, Gender: Female, HP IV: 60(0%), ATK IV: 11(0%), DEF IV: 17(0%), Work Speed: (0%), Skills: Motivational Leader
Melpaca, Level: 11, Rank: 1, Gender: Female, HP IV: 81(0%), ATK IV: 5(0%), DEF IV: 31(0%), Work Speed: (0%)
Nine's 45 Pals
--------------
Cattiva, Level: 1, Rank: 1, Gender: Female, HP IV: 25(0%), ATK IV: 13(0%), DEF IV: 27(0%), Work Speed: (0%), Skills: Coward, Swift
Cattiva, Level: 1, Rank: 1, Gender: Female, HP IV: 47(0%), ATK IV: 38(0%), DEF IV: 29(0%), Work Speed: (0%), Skills: Coward, Dainty Eater
Cattiva, Level: 12, Rank: 1, Gender: Male, HP IV: 55(0%), ATK IV: 39(0%), DEF IV: 94(0%), Work Speed: (0%), Skills: Coward, Easygoing, Burly Body
Cattiva, Level: 12, Rank: 1, Gender: Male, HP IV: 78(0%), ATK IV: 95(0%), DEF IV: 56(0%), Work Speed: (0%), Skills: Coward, Unstable
Cattiva, Level: 12, Rank: 1, Gender: Male, HP IV: 95(0%), ATK IV: 38(0%), DEF IV: 60(0%), Work Speed: (0%), Skills: Coward, Masochist
Cattiva, Level: 2, Rank: 1, Gender: Female, HP IV: 78(0%), ATK IV: 84(0%), DEF IV: 64(0%), Work Speed: (0%), Skills: Coward, Masochist
Cattiva, Level: 2, Rank: 1, Gender: Female, HP IV: 98(0%), ATK IV: 77(0%), DEF IV: 81(0%), Work Speed: (0%), Skills: Coward, Vanguard, Bottomless Stomach, Musclehead
Cattiva, Level: 2, Rank: 1, Gender: Male, HP IV: 46(0%), ATK IV: 6(0%), DEF IV: 67(0%), Work Speed: (0%), Skills: Coward, Philantropist
Cattiva, Level: 2, Rank: 1, Gender: Male, HP IV: 87(0%), ATK IV: 40(0%), DEF IV: 23(0%), Work Speed: (0%), Skills: Coward, Positive Thinker, Pacifist
Cattiva, Level: 3, Rank: 1, Gender: Female, HP IV: 36(0%), ATK IV: 13(0%), DEF IV: 58(0%), Work Speed: (0%), Skills: Coward
Cattiva, Level: 3, Rank: 1, Gender: Female, HP IV: 91(0%), ATK IV: 15(0%), DEF IV: 41(0%), Work Speed: (0%), Skills: Coward, Pacifist
Cattiva, Level: 3, Rank: 1, Gender: Male, HP IV: 0(0%), ATK IV: 25(0%), DEF IV: 45(0%), Work Speed: (0%), Skills: Coward, Dainty Eater
Cattiva, Level: 3, Rank: 1, Gender: Male, HP IV: 42(0%), ATK IV: 34(0%), DEF IV: 3(0%), Work Speed: (0%), Skills: Coward, Noble
Cattiva, Level: 4, Rank: 1, Gender: Male, HP IV: 32(0%), ATK IV: 53(0%), DEF IV: 13(0%), Work Speed: (0%), Skills: Coward, Aggressive
Chikipi, Level: 1, Rank: 1, Gender: Female, HP IV: 69(0%), ATK IV: 47(0%), DEF IV: 94(0%), Work Speed: (0%), Skills: Brittle
Chikipi, Level: 1, Rank: 1, Gender: Female, HP IV: 87(0%), ATK IV: 81(0%), DEF IV: 81(0%), Work Speed: (0%), Skills: Abnormal
Chikipi, Level: 1, Rank: 1, Gender: Male, HP IV: 41(0%), ATK IV: 23(0%), DEF IV: 26(0%), Work Speed: (0%), Skills: Vanguard
Chikipi, Level: 2, Rank: 1, Gender: Female, HP IV: 74(0%), ATK IV: 83(0%), DEF IV: 41(0%), Work Speed: (0%), Skills: Musclehead
Chikipi, Level: 2, Rank: 1, Gender: Male, HP IV: 36(0%), ATK IV: 31(0%), DEF IV: 52(0%), Work Speed: (0%), Skills: Swift
Chikipi, Level: 2, Rank: 1, Gender: Male, HP IV: 90(0%), ATK IV: 9(0%), DEF IV: 68(0%), Work Speed: (0%), Skills: Shabby, Unstable, Insulated Body, Logging Foreman
Chikipi, Level: 3, Rank: 1, Gender: Female, HP IV: 38(0%), ATK IV: 62(0%), DEF IV: 77(0%), Work Speed: (0%), Skills: Burly Body
Chikipi, Level: 3, Rank: 1, Gender: Female, HP IV: 84(0%), ATK IV: 36(0%), DEF IV: 25(0%), Work Speed: (0%)
Chikipi, Level: 3, Rank: 1, Gender: Male, HP IV: 23(0%), ATK IV: 65(0%), DEF IV: 66(0%), Work Speed: (0%), Skills: Dainty Eater
Chikipi, Level: 4, Rank: 1, Gender: Female, HP IV: 31(0%), ATK IV: 26(0%), DEF IV: 87(0%), Work Speed: (0%)
Chikipi, Level: 5, Rank: 1, Gender: Male, HP IV: 38(0%), ATK IV: 78(0%), DEF IV: 98(0%), Work Speed: (0%)
Cremis, Level: 2, Rank: 1, Gender: Male, HP IV: 33(0%), ATK IV: 14(0%), DEF IV: 91(0%), Work Speed: (0%), Skills: Ferocious
Cremis, Level: 3, Rank: 1, Gender: Male, HP IV: 37(0%), ATK IV: 77(0%), DEF IV: 75(0%), Work Speed: (0%), Skills: Noble
Daedream, Level: 4, Rank: 1, Gender: Male, HP IV: 10(0%), ATK IV: 40(0%), DEF IV: 60(0%), Work Speed: (0%), Skills: Insulated Body, Philantropist
Daedream, Level: 5, Rank: 1, Gender: Male, HP IV: 98(0%), ATK IV: 87(0%), DEF IV: 88(0%), Work Speed: (0%), Skills: Philantropist
Daedream, Level: 6, Rank: 1, Gender: Female, HP IV: 23(0%), ATK IV: 19(0%), DEF IV: 87(0%), Work Speed: (0%), Skills: Coldblooded
Daedream, Level: 6, Rank: 1, Gender: Female, HP IV: 65(0%), ATK IV: 17(0%), DEF IV: 4(0%), Work Speed: (0%), Skills: Swift
Foxparks, Level: 3, Rank: 1, Gender: Female, HP IV: 84(0%), ATK IV: 5(0%), DEF IV: 13(0%), Work Speed: (0%), Skills: Aggressive, Blood of the Dragon
Foxparks, Level: 5, Rank: 1, Gender: Female, HP IV: 38(0%), ATK IV: 75(0%), DEF IV: 7(0%), Work Speed: (0%), Skills: Philantropist
Foxparks, Level: 6, Rank: 1, Gender: Female, HP IV: 20(0%), ATK IV: 82(0%), DEF IV: 25(0%), Work Speed: (0%), Skills: Aggressive
Foxparks, Level: 6, Rank: 1, Gender: Female, HP IV: 38(0%), ATK IV: 61(0%), DEF IV: 88(0%), Work Speed: (0%), Skills: Burly Body, Insulated Body
Foxparks, Level: 6, Rank: 1, Gender: Male, HP IV: 4(0%), ATK IV: 41(0%), DEF IV: 20(0%), Work Speed: (0%), Skills: Pacifist
Gumoss, Level: 5, Rank: 1, Gender: Female, HP IV: 50(0%), ATK IV: 51(0%), DEF IV: 78(0%), Work Speed: (0%)
Hoocrates, Level: 6, Rank: 1, Gender: Female, HP IV: 72(0%), ATK IV: 22(0%), DEF IV: 55(0%), Work Speed: (0%), Skills: Dragonkiller, Shabby
Lamball, Level: 1, Rank: 1, Gender: Male, HP IV: 19(0%), ATK IV: 84(0%), DEF IV: 5(0%), Work Speed: (0%), Skills: Veil of Darkness, Noble
Lamball, Level: 12, Rank: 1, Gender: Male, HP IV: 43(0%), ATK IV: 90(0%), DEF IV: 3(0%), Work Speed: (0%), Skills: Shabby, Capacitor, Aggressive, Suntan Lover
Lamball, Level: 12, Rank: 1, Gender: Male, HP IV: 98(0%), ATK IV: 43(0%), DEF IV: 95(0%), Work Speed: (0%), Skills: Clumsy
Lamball, Level: 2, Rank: 1, Gender: Male, HP IV: 74(0%), ATK IV: 47(0%), DEF IV: 77(0%), Work Speed: (0%), Skills: Infinite Stamina
Lamball, Level: 3, Rank: 1, Gender: Male, HP IV: 63(0%), ATK IV: 53(0%), DEF IV: 20(0%), Work Speed: (0%), Skills: Hooligan, Waterproof, Workaholic
Melpaca, Level: 11, Rank: 1, Gender: Female, HP IV: 60(0%), ATK IV: 11(0%), DEF IV: 17(0%), Work Speed: (0%), Skills: Motivational Leader
Melpaca, Level: 11, Rank: 1, Gender: Female, HP IV: 81(0%), ATK IV: 5(0%), DEF IV: 31(0%), Work Speed: (0%)
Nine's 45 Pals
--------------
Cattiva, Level: 1, Rank: 1, Gender: Female, HP IV: 25(0%), ATK IV: 13(0%), DEF IV: 27(0%), Work Speed: (0%), Skills: Coward, Swift
Cattiva, Level: 1, Rank: 1, Gender: Female, HP IV: 47(0%), ATK IV: 38(0%), DEF IV: 29(0%), Work Speed: (0%), Skills: Coward, Dainty Eater
Cattiva, Level: 12, Rank: 1, Gender: Male, HP IV: 55(0%), ATK IV: 39(0%), DEF IV: 94(0%), Work Speed: (0%), Skills: Coward, Easygoing, Burly Body
Cattiva, Level: 12, Rank: 1, Gender: Male, HP IV: 78(0%), ATK IV: 95(0%), DEF IV: 56(0%), Work Speed: (0%), Skills: Coward, Unstable
Cattiva, Level: 12, Rank: 1, Gender: Male, HP IV: 95(0%), ATK IV: 38(0%), DEF IV: 60(0%), Work Speed: (0%), Skills: Coward, Masochist
Cattiva, Level: 2, Rank: 1, Gender: Female, HP IV: 78(0%), ATK IV: 84(0%), DEF IV: 64(0%), Work Speed: (0%), Skills: Coward, Masochist
Cattiva, Level: 2, Rank: 1, Gender: Female, HP IV: 98(0%), ATK IV: 77(0%), DEF IV: 81(0%), Work Speed: (0%), Skills: Coward, Vanguard, Bottomless Stomach, Musclehead
Cattiva, Level: 2, Rank: 1, Gender: Male, HP IV: 46(0%), ATK IV: 6(0%), DEF IV: 67(0%), Work Speed: (0%), Skills: Coward, Philantropist
Cattiva, Level: 2, Rank: 1, Gender: Male, HP IV: 87(0%), ATK IV: 40(0%), DEF IV: 23(0%), Work Speed: (0%), Skills: Coward, Positive Thinker, Pacifist
Cattiva, Level: 3, Rank: 1, Gender: Female, HP IV: 36(0%), ATK IV: 13(0%), DEF IV: 58(0%), Work Speed: (0%), Skills: Coward
Cattiva, Level: 3, Rank: 1, Gender: Female, HP IV: 91(0%), ATK IV: 15(0%), DEF IV: 41(0%), Work Speed: (0%), Skills: Coward, Pacifist
Cattiva, Level: 3, Rank: 1, Gender: Male, HP IV: 0(0%), ATK IV: 25(0%), DEF IV: 45(0%), Work Speed: (0%), Skills: Coward, Dainty Eater
Cattiva, Level: 3, Rank: 1, Gender: Male, HP IV: 42(0%), ATK IV: 34(0%), DEF IV: 3(0%), Work Speed: (0%), Skills: Coward, Noble
Cattiva, Level: 4, Rank: 1, Gender: Male, HP IV: 32(0%), ATK IV: 53(0%), DEF IV: 13(0%), Work Speed: (0%), Skills: Coward, Aggressive
Chikipi, Level: 1, Rank: 1, Gender: Female, HP IV: 69(0%), ATK IV: 47(0%), DEF IV: 94(0%), Work Speed: (0%), Skills: Brittle
Chikipi, Level: 1, Rank: 1, Gender: Female, HP IV: 87(0%), ATK IV: 81(0%), DEF IV: 81(0%), Work Speed: (0%), Skills: Abnormal
Chikipi, Level: 1, Rank: 1, Gender: Male, HP IV: 41(0%), ATK IV: 23(0%), DEF IV: 26(0%), Work Speed: (0%), Skills: Vanguard
Chikipi, Level: 2, Rank: 1, Gender: Female, HP IV: 74(0%), ATK IV: 83(0%), DEF IV: 41(0%), Work Speed: (0%), Skills: Musclehead
Chikipi, Level: 2, Rank: 1, Gender: Male, HP IV: 36(0%), ATK IV: 31(0%), DEF IV: 52(0%), Work Speed: (0%), Skills: Swift
Chikipi, Level: 2, Rank: 1, Gender: Male, HP IV: 90(0%), ATK IV: 9(0%), DEF IV: 68(0%), Work Speed: (0%), Skills: Shabby, Unstable, Insulated Body, Logging Foreman
Chikipi, Level: 3, Rank: 1, Gender: Female, HP IV: 38(0%), ATK IV: 62(0%), DEF IV: 77(0%), Work Speed: (0%), Skills: Burly Body
Chikipi, Level: 3, Rank: 1, Gender: Female, HP IV: 84(0%), ATK IV: 36(0%), DEF IV: 25(0%), Work Speed: (0%)
Chikipi, Level: 3, Rank: 1, Gender: Male, HP IV: 23(0%), ATK IV: 65(0%), DEF IV: 66(0%), Work Speed: (0%), Skills: Dainty Eater
Chikipi, Level: 4, Rank: 1, Gender: Female, HP IV: 31(0%), ATK IV: 26(0%), DEF IV: 87(0%), Work Speed: (0%)
Chikipi, Level: 5, Rank: 1, Gender: Male, HP IV: 38(0%), ATK IV: 78(0%), DEF IV: 98(0%), Work Speed: (0%)
Cremis, Level: 2, Rank: 1, Gender: Male, HP IV: 33(0%), ATK IV: 14(0%), DEF IV: 91(0%), Work Speed: (0%), Skills: Ferocious
Cremis, Level: 3, Rank: 1, Gender: Male, HP IV: 37(0%), ATK IV: 77(0%), DEF IV: 75(0%), Work Speed: (0%), Skills: Noble
Daedream, Level: 4, Rank: 1, Gender: Male, HP IV: 10(0%), ATK IV: 40(0%), DEF IV: 60(0%), Work Speed: (0%), Skills: Insulated Body, Philantropist
Daedream, Level: 5, Rank: 1, Gender: Male, HP IV: 98(0%), ATK IV: 87(0%), DEF IV: 88(0%), Work Speed: (0%), Skills: Philantropist
Daedream, Level: 6, Rank: 1, Gender: Female, HP IV: 23(0%), ATK IV: 19(0%), DEF IV: 87(0%), Work Speed: (0%), Skills: Coldblooded
Daedream, Level: 6, Rank: 1, Gender: Female, HP IV: 65(0%), ATK IV: 17(0%), DEF IV: 4(0%), Work Speed: (0%), Skills: Swift
Foxparks, Level: 3, Rank: 1, Gender: Female, HP IV: 84(0%), ATK IV: 5(0%), DEF IV: 13(0%), Work Speed: (0%), Skills: Aggressive, Blood of the Dragon
Foxparks, Level: 5, Rank: 1, Gender: Female, HP IV: 38(0%), ATK IV: 75(0%), DEF IV: 7(0%), Work Speed: (0%), Skills: Philantropist
Foxparks, Level: 6, Rank: 1, Gender: Female, HP IV: 20(0%), ATK IV: 82(0%), DEF IV: 25(0%), Work Speed: (0%), Skills: Aggressive
Foxparks, Level: 6, Rank: 1, Gender: Female, HP IV: 38(0%), ATK IV: 61(0%), DEF IV: 88(0%), Work Speed: (0%), Skills: Burly Body, Insulated Body
Foxparks, Level: 6, Rank: 1, Gender: Male, HP IV: 4(0%), ATK IV: 41(0%), DEF IV: 20(0%), Work Speed: (0%), Skills: Pacifist
Gumoss, Level: 5, Rank: 1, Gender: Female, HP IV: 50(0%), ATK IV: 51(0%), DEF IV: 78(0%), Work Speed: (0%)
Hoocrates, Level: 6, Rank: 1, Gender: Female, HP IV: 72(0%), ATK IV: 22(0%), DEF IV: 55(0%), Work Speed: (0%), Skills: Dragonkiller, Shabby
Lamball, Level: 1, Rank: 1, Gender: Male, HP IV: 19(0%), ATK IV: 84(0%), DEF IV: 5(0%), Work Speed: (0%), Skills: Veil of Darkness, Noble
Lamball, Level: 12, Rank: 1, Gender: Male, HP IV: 43(0%), ATK IV: 90(0%), DEF IV: 3(0%), Work Speed: (0%), Skills: Shabby, Capacitor, Aggressive, Suntan Lover
Lamball, Level: 12, Rank: 1, Gender: Male, HP IV: 98(0%), ATK IV: 43(0%), DEF IV: 95(0%), Work Speed: (0%), Skills: Clumsy
Lamball, Level: 2, Rank: 1, Gender: Male, HP IV: 74(0%), ATK IV: 47(0%), DEF IV: 77(0%), Work Speed: (0%), Skills: Infinite Stamina
Lamball, Level: 3, Rank: 1, Gender: Male, HP IV: 63(0%), ATK IV: 53(0%), DEF IV: 20(0%), Work Speed: (0%), Skills: Hooligan, Waterproof, Workaholic
Melpaca, Level: 11, Rank: 1, Gender: Female, HP IV: 60(0%), ATK IV: 11(0%), DEF IV: 17(0%), Work Speed: (0%), Skills: Motivational Leader
Melpaca, Level: 11, Rank: 1, Gender: Female, HP IV: 81(0%), ATK IV: 5(0%), DEF IV: 31(0%), Work Speed: (0%)
Nine's 45 Pals
--------------
Cattiva, Level: 1, Rank: 1, Gender: Female, HP IV: 25(0%), ATK IV: 13(0%), DEF IV: 27(0%), Work Speed: (0%), Skills: Coward, Swift
Cattiva, Level: 1, Rank: 1, Gender: Female, HP IV: 47(0%), ATK IV: 38(0%), DEF IV: 29(0%), Work Speed: (0%), Skills: Coward, Dainty Eater
Cattiva, Level: 12, Rank: 1, Gender: Male, HP IV: 55(0%), ATK IV: 39(0%), DEF IV: 94(0%), Work Speed: (0%), Skills: Coward, Easygoing, Burly Body
Cattiva, Level: 12, Rank: 1, Gender: Male, HP IV: 78(0%), ATK IV: 95(0%), DEF IV: 56(0%), Work Speed: (0%), Skills: Coward, Unstable
Cattiva, Level: 12, Rank: 1, Gender: Male, HP IV: 95(0%), ATK IV: 38(0%), DEF IV: 60(0%), Work Speed: (0%), Skills: Coward, Masochist
Cattiva, Level: 2, Rank: 1, Gender: Female, HP IV: 78(0%), ATK IV: 84(0%), DEF IV: 64(0%), Work Speed: (0%), Skills: Coward, Masochist
Cattiva, Level: 2, Rank: 1, Gender: Female, HP IV: 98(0%), ATK IV: 77(0%), DEF IV: 81(0%), Work Speed: (0%), Skills: Coward, Vanguard, Bottomless Stomach, Musclehead
Cattiva, Level: 2, Rank: 1, Gender: Male, HP IV: 46(0%), ATK IV: 6(0%), DEF IV: 67(0%), Work Speed: (0%), Skills: Coward, Philantropist
Cattiva, Level: 2, Rank: 1, Gender: Male, HP IV: 87(0%), ATK IV: 40(0%), DEF IV: 23(0%), Work Speed: (0%), Skills: Coward, Positive Thinker, Pacifist
Cattiva, Level: 3, Rank: 1, Gender: Female, HP IV: 36(0%), ATK IV: 13(0%), DEF IV: 58(0%), Work Speed: (0%), Skills: Coward
Cattiva, Level: 3, Rank: 1, Gender: Female, HP IV: 91(0%), ATK IV: 15(0%), DEF IV: 41(0%), Work Speed: (0%), Skills: Coward, Pacifist
Cattiva, Level: 3, Rank: 1, Gender: Male, HP IV: 0(0%), ATK IV: 25(0%), DEF IV: 45(0%), Work Speed: (0%), Skills: Coward, Dainty Eater
Cattiva, Level: 3, Rank: 1, Gender: Male, HP IV: 42(0%), ATK IV: 34(0%), DEF IV: 3(0%), Work Speed: (0%), Skills: Coward, Noble
Cattiva, Level: 4, Rank: 1, Gender: Male, HP IV: 32(0%), ATK IV: 53(0%), DEF IV: 13(0%), Work Speed: (0%), Skills: Coward, Aggressive
Chikipi, Level: 1, Rank: 1, Gender: Female, HP IV: 69(0%), ATK IV: 47(0%), DEF IV: 94(0%), Work Speed: (0%), Skills: Brittle
Chikipi, Level: 1, Rank: 1, Gender: Female, HP IV: 87(0%), ATK IV: 81(0%), DEF IV: 81(0%), Work Speed: (0%), Skills: Abnormal
Chikipi, Level: 1, Rank: 1, Gender: Male, HP IV: 41(0%), ATK IV: 23(0%), DEF IV: 26(0%), Work Speed: (0%), Skills: Vanguard
Chikipi, Level: 2, Rank: 1, Gender: Female, HP IV: 74(0%), ATK IV: 83(0%), DEF IV: 41(0%), Work Speed: (0%), Skills: Musclehead
Chikipi, Level: 2, Rank: 1, Gender: Male, HP IV: 36(0%), ATK IV: 31(0%), DEF IV: 52(0%), Work Speed: (0%), Skills: Swift
Chikipi, Level: 2, Rank: 1, Gender: Male, HP IV: 90(0%), ATK IV: 9(0%), DEF IV: 68(0%), Work Speed: (0%), Skills: Shabby, Unstable, Insulated Body, Logging Foreman
Chikipi, Level: 3, Rank: 1, Gender: Female, HP IV: 38(0%), ATK IV: 62(0%), DEF IV: 77(0%), Work Speed: (0%), Skills: Burly Body
Chikipi, Level: 3, Rank: 1, Gender: Female, HP IV: 84(0%), ATK IV: 36(0%), DEF IV: 25(0%), Work Speed: (0%)
Chikipi, Level: 3, Rank: 1, Gender: Male, HP IV: 23(0%), ATK IV: 65(0%), DEF IV: 66(0%), Work Speed: (0%), Skills: Dainty Eater
Chikipi, Level: 4, Rank: 1, Gender: Female, HP IV: 31(0%), ATK IV: 26(0%), DEF IV: 87(0%), Work Speed: (0%)
Chikipi, Level: 5, Rank: 1, Gender: Male, HP IV: 38(0%), ATK IV: 78(0%), DEF IV: 98(0%), Work Speed: (0%)
Cremis, Level: 2, Rank: 1, Gender: Male, HP IV: 33(0%), ATK IV: 14(0%), DEF IV: 91(0%), Work Speed: (0%), Skills: Ferocious
Cremis, Level: 3, Rank: 1, Gender: Male, HP IV: 37(0%), ATK IV: 77(0%), DEF IV: 75(0%), Work Speed: (0%), Skills: Noble
Daedream, Level: 4, Rank: 1, Gender: Male, HP IV: 10(0%), ATK IV: 40(0%), DEF IV: 60(0%), Work Speed: (0%), Skills: Insulated Body, Philantropist
Daedream, Level: 5, Rank: 1, Gender: Male, HP IV: 98(0%), ATK IV: 87(0%), DEF IV: 88(0%), Work Speed: (0%), Skills: Philantropist
Daedream, Level: 6, Rank: 1, Gender: Female, HP IV: 23(0%), ATK IV: 19(0%), DEF IV: 87(0%), Work Speed: (0%), Skills: Coldblooded
Daedream, Level: 6, Rank: 1, Gender: Female, HP IV: 65(0%), ATK IV: 17(0%), DEF IV: 4(0%), Work Speed: (0%), Skills: Swift
Foxparks, Level: 3, Rank: 1, Gender: Female, HP IV: 84(0%), ATK IV: 5(0%), DEF IV: 13(0%), Work Speed: (0%), Skills: Aggressive, Blood of the Dragon
Foxparks, Level: 5, Rank: 1, Gender: Female, HP IV: 38(0%), ATK IV: 75(0%), DEF IV: 7(0%), Work Speed: (0%), Skills: Philantropist
Foxparks, Level: 6, Rank: 1, Gender: Female, HP IV: 20(0%), ATK IV: 82(0%), DEF IV: 25(0%), Work Speed: (0%), Skills: Aggressive
Foxparks, Level: 6, Rank: 1, Gender: Female, HP IV: 38(0%), ATK IV: 61(0%), DEF IV: 88(0%), Work Speed: (0%), Skills: Burly Body, Insulated Body
Foxparks, Level: 6, Rank: 1, Gender: Male, HP IV: 4(0%), ATK IV: 41(0%), DEF IV: 20(0%), Work Speed: (0%), Skills: Pacifist
Gumoss, Level: 5, Rank: 1, Gender: Female, HP IV: 50(0%), ATK IV: 51(0%), DEF IV: 78(0%), Work Speed: (0%)
Hoocrates, Level: 6, Rank: 1, Gender: Female, HP IV: 72(0%), ATK IV: 22(0%), DEF IV: 55(0%), Work Speed: (0%), Skills: Dragonkiller, Shabby
Lamball, Level: 1, Rank: 1, Gender: Male, HP IV: 19(0%), ATK IV: 84(0%), DEF IV: 5(0%), Work Speed: (0%), Skills: Veil of Darkness, Noble
Lamball, Level: 12, Rank: 1, Gender: Male, HP IV: 43(0%), ATK IV: 90(0%), DEF IV: 3(0%), Work Speed: (0%), Skills: Shabby, Capacitor, Aggressive, Suntan Lover
Lamball, Level: 12, Rank: 1, Gender: Male, HP IV: 98(0%), ATK IV: 43(0%), DEF IV: 95(0%), Work Speed: (0%), Skills: Clumsy
Lamball, Level: 2, Rank: 1, Gender: Male, HP IV: 74(0%), ATK IV: 47(0%), DEF IV: 77(0%), Work Speed: (0%), Skills: Infinite Stamina
Lamball, Level: 3, Rank: 1, Gender: Male, HP IV: 63(0%), ATK IV: 53(0%), DEF IV: 20(0%), Work Speed: (0%), Skills: Hooligan, Waterproof, Workaholic
Melpaca, Level: 11, Rank: 1, Gender: Female, HP IV: 60(0%), ATK IV: 11(0%), DEF IV: 17(0%), Work Speed: (0%), Skills: Motivational Leader
Melpaca, Level: 11, Rank: 1, Gender: Female, HP IV: 81(0%), ATK IV: 5(0%), DEF IV: 31(0%), Work Speed: (0%)
Nine's 45 Pals
--------------
Cattiva, Level: 1, Rank: 1, Gender: Female, HP IV: 25(0%), ATK IV: 13(0%), DEF IV: 27(0%), Work Speed: (0%), Skills: Coward, Swift
Cattiva, Level: 1, Rank: 1, Gender: Female, HP IV: 47(0%), ATK IV: 38(0%), DEF IV: 29(0%), Work Speed: (0%), Skills: Coward, Dainty Eater
Cattiva, Level: 12, Rank: 1, Gender: Male, HP IV: 55(0%), ATK IV: 39(0%), DEF IV: 94(0%), Work Speed: (0%), Skills: Coward, Easygoing, Burly Body
Cattiva, Level: 12, Rank: 1, Gender: Male, HP IV: 78(0%), ATK IV: 95(0%), DEF IV: 56(0%), Work Speed: (0%), Skills: Coward, Unstable
Cattiva, Level: 12, Rank: 1, Gender: Male, HP IV: 95(0%), ATK IV: 38(0%), DEF IV: 60(0%), Work Speed: (0%), Skills: Coward, Masochist
Cattiva, Level: 2, Rank: 1, Gender: Female, HP IV: 78(0%), ATK IV: 84(0%), DEF IV: 64(0%), Work Speed: (0%), Skills: Coward, Masochist
Cattiva, Level: 2, Rank: 1, Gender: Female, HP IV: 98(0%), ATK IV: 77(0%), DEF IV: 81(0%), Work Speed: (0%), Skills: Coward, Vanguard, Bottomless Stomach, Musclehead
Cattiva, Level: 2, Rank: 1, Gender: Male, HP IV: 46(0%), ATK IV: 6(0%), DEF IV: 67(0%), Work Speed: (0%), Skills: Coward, Philantropist
Cattiva, Level: 2, Rank: 1, Gender: Male, HP IV: 87(0%), ATK IV: 40(0%), DEF IV: 23(0%), Work Speed: (0%), Skills: Coward, Positive Thinker, Pacifist
Cattiva, Level: 3, Rank: 1, Gender: Female, HP IV: 36(0%), ATK IV: 13(0%), DEF IV: 58(0%), Work Speed: (0%), Skills: Coward
Cattiva, Level: 3, Rank: 1, Gender: Female, HP IV: 91(0%), ATK IV: 15(0%), DEF IV: 41(0%), Work Speed: (0%), Skills: Coward, Pacifist
Cattiva, Level: 3, Rank: 1, Gender: Male, HP IV: 0(0%), ATK IV: 25(0%), DEF IV: 45(0%), Work Speed: (0%), Skills: Coward, Dainty Eater
Cattiva, Level: 3, Rank: 1, Gender: Male, HP IV: 42(0%), ATK IV: 34(0%), DEF IV: 3(0%), Work Speed: (0%), Skills: Coward, Noble
Cattiva, Level: 4, Rank: 1, Gender: Male, HP IV: 32(0%), ATK IV: 53(0%), DEF IV: 13(0%), Work Speed: (0%), Skills: Coward, Aggressive
Chikipi, Level: 1, Rank: 1, Gender: Female, HP IV: 69(0%), ATK IV: 47(0%), DEF IV: 94(0%), Work Speed: (0%), Skills: Brittle
Chikipi, Level: 1, Rank: 1, Gender: Female, HP IV: 87(0%), ATK IV: 81(0%), DEF IV: 81(0%), Work Speed: (0%), Skills: Abnormal
Chikipi, Level: 1, Rank: 1, Gender: Male, HP IV: 41(0%), ATK IV: 23(0%), DEF IV: 26(0%), Work Speed: (0%), Skills: Vanguard
Chikipi, Level: 2, Rank: 1, Gender: Female, HP IV: 74(0%), ATK IV: 83(0%), DEF IV: 41(0%), Work Speed: (0%), Skills: Musclehead
Chikipi, Level: 2, Rank: 1, Gender: Male, HP IV: 36(0%), ATK IV: 31(0%), DEF IV: 52(0%), Work Speed: (0%), Skills: Swift
Chikipi, Level: 2, Rank: 1, Gender: Male, HP IV: 90(0%), ATK IV: 9(0%), DEF IV: 68(0%), Work Speed: (0%), Skills: Shabby, Unstable, Insulated Body, Logging Foreman
Chikipi, Level: 3, Rank: 1, Gender: Female, HP IV: 38(0%), ATK IV: 62(0%), DEF IV: 77(0%), Work Speed: (0%), Skills: Burly Body
Chikipi, Level: 3, Rank: 1, Gender: Female, HP IV: 84(0%), ATK IV: 36(0%), DEF IV: 25(0%), Work Speed: (0%)
Chikipi, Level: 3, Rank: 1, Gender: Male, HP IV: 23(0%), ATK IV: 65(0%), DEF IV: 66(0%), Work Speed: (0%), Skills: Dainty Eater
Chikipi, Level: 4, Rank: 1, Gender: Female, HP IV: 31(0%), ATK IV: 26(0%), DEF IV: 87(0%), Work Speed: (0%)
Chikipi, Level: 5, Rank: 1, Gender: Male, HP IV: 38(0%), ATK IV: 78(0%), DEF IV: 98(0%), Work Speed: (0%)
Cremis, Level: 2, Rank: 1, Gender: Male, HP IV: 33(0%), ATK IV: 14(0%), DEF IV: 91(0%), Work Speed: (0%), Skills: Ferocious
Cremis, Level: 3, Rank: 1, Gender: Male, HP IV: 37(0%), ATK IV: 77(0%), DEF IV: 75(0%), Work Speed: (0%), Skills: Noble
Daedream, Level: 4, Rank: 1, Gender: Male, HP IV: 10(0%), ATK IV: 40(0%), DEF IV: 60(0%), Work Speed: (0%), Skills: Insulated Body, Philantropist
Daedream, Level: 5, Rank: 1, Gender: Male, HP IV: 98(0%), ATK IV: 87(0%), DEF IV: 88(0%), Work Speed: (0%), Skills: Philantropist
Daedream, Level: 6, Rank: 1, Gender: Female, HP IV: 23(0%), ATK IV: 19(0%), DEF IV: 87(0%), Work Speed: (0%), Skills: Coldblooded
Daedream, Level: 6, Rank: 1, Gender: Female, HP IV: 65(0%), ATK IV: 17(0%), DEF IV: 4(0%), Work Speed: (0%), Skills: Swift
Foxparks, Level: 3, Rank: 1, Gender: Female, HP IV: 84(0%), ATK IV: 5(0%), DEF IV: 13(0%), Work Speed: (0%), Skills: Aggressive, Blood of the Dragon
Foxparks, Level: 5, Rank: 1, Gender: Female, HP IV: 38(0%), ATK IV: 75(0%), DEF IV: 7(0%), Work Speed: (0%), Skills: Philantropist
Foxparks, Level: 6, Rank: 1, Gender: Female, HP IV: 20(0%), ATK IV: 82(0%), DEF IV: 25(0%), Work Speed: (0%), Skills: Aggressive
Foxparks, Level: 6, Rank: 1, Gender: Female, HP IV: 38(0%), ATK IV: 61(0%), DEF IV: 88(0%), Work Speed: (0%), Skills: Burly Body, Insulated Body
Foxparks, Level: 6, Rank: 1, Gender: Male, HP IV: 4(0%), ATK IV: 41(0%), DEF IV: 20(0%), Work Speed: (0%), Skills: Pacifist
Gumoss, Level: 5, Rank: 1, Gender: Female, HP IV: 50(0%), ATK IV: 51(0%), DEF IV: 78(0%), Work Speed: (0%)
Hoocrates, Level: 6, Rank: 1, Gender: Female, HP IV: 72(0%), ATK IV: 22(0%), DEF IV: 55(0%), Work Speed: (0%), Skills: Dragonkiller, Shabby
Lamball, Level: 1, Rank: 1, Gender: Male, HP IV: 19(0%), ATK IV: 84(0%), DEF IV: 5(0%), Work Speed: (0%), Skills: Veil of Darkness, Noble
Lamball, Level: 12, Rank: 1, Gender: Male, HP IV: 43(0%), ATK IV: 90(0%), DEF IV: 3(0%), Work Speed: (0%), Skills: Shabby, Capacitor, Aggressive, Suntan Lover
Lamball, Level: 12, Rank: 1, Gender: Male, HP IV: 98(0%), ATK IV: 43(0%), DEF IV: 95(0%), Work Speed: (0%), Skills: Clumsy
Lamball, Level: 2, Rank: 1, Gender: Male, HP IV: 74(0%), ATK IV: 47(0%), DEF IV: 77(0%), Work Speed: (0%), Skills: Infinite Stamina
Lamball, Level: 3, Rank: 1, Gender: Male, HP IV: 63(0%), ATK IV: 53(0%), DEF IV: 20(0%), Work Speed: (0%), Skills: Hooligan, Waterproof, Workaholic
Melpaca, Level: 11, Rank: 1, Gender: Female, HP IV: 60(0%), ATK IV: 11(0%), DEF IV: 17(0%), Work Speed: (0%), Skills: Motivational Leader
Melpaca, Level: 11, Rank: 1, Gender: Female, HP IV: 81(0%), ATK IV: 5(0%), DEF IV: 31(0%), Work Speed: (0%)
Nine's 45 Pals
--------------
Cattiva, Level: 1, Rank: 1, Gender: Female, HP IV: 25(0%), ATK IV: 13(0%), DEF IV: 27(0%), Work Speed: (0%), Skills: Coward, Swift
Cattiva, Level: 1, Rank: 1, Gender: Female, HP IV: 47(0%), ATK IV: 38(0%), DEF IV: 29(0%), Work Speed: (0%), Skills: Coward, Dainty Eater
Cattiva, Level: 12, Rank: 1, Gender: Male, HP IV: 55(0%), ATK IV: 39(0%), DEF IV: 94(0%), Work Speed: (0%), Skills: Coward, Easygoing, Burly Body
Cattiva, Level: 12, Rank: 1, Gender: Male, HP IV: 78(0%), ATK IV: 95(0%), DEF IV: 56(0%), Work Speed: (0%), Skills: Coward, Unstable
Cattiva, Level: 12, Rank: 1, Gender: Male, HP IV: 95(0%), ATK IV: 38(0%), DEF IV: 60(0%), Work Speed: (0%), Skills: Coward, Masochist
Cattiva, Level: 2, Rank: 1, Gender: Female, HP IV: 78(0%), ATK IV: 84(0%), DEF IV: 64(0%), Work Speed: (0%), Skills: Coward, Masochist
Cattiva, Level: 2, Rank: 1, Gender: Female, HP IV: 98(0%), ATK IV: 77(0%), DEF IV: 81(0%), Work Speed: (0%), Skills: Coward, Vanguard, Bottomless Stomach, Musclehead
Cattiva, Level: 2, Rank: 1, Gender: Male, HP IV: 46(0%), ATK IV: 6(0%), DEF IV: 67(0%), Work Speed: (0%), Skills: Coward, Philantropist
Cattiva, Level: 2, Rank: 1, Gender: Male, HP IV: 87(0%), ATK IV: 40(0%), DEF IV: 23(0%), Work Speed: (0%), Skills: Coward, Positive Thinker, Pacifist
Cattiva, Level: 3, Rank: 1, Gender: Female, HP IV: 36(0%), ATK IV: 13(0%), DEF IV: 58(0%), Work Speed: (0%), Skills: Coward
Cattiva, Level: 3, Rank: 1, Gender: Female, HP IV: 91(0%), ATK IV: 15(0%), DEF IV: 41(0%), Work Speed: (0%), Skills: Coward, Pacifist
Cattiva, Level: 3, Rank: 1, Gender: Male, HP IV: 0(0%), ATK IV: 25(0%), DEF IV: 45(0%), Work Speed: (0%), Skills: Coward, Dainty Eater
Cattiva, Level: 3, Rank: 1, Gender: Male, HP IV: 42(0%), ATK IV: 34(0%), DEF IV: 3(0%), Work Speed: (0%), Skills: Coward, Noble
Cattiva, Level: 4, Rank: 1, Gender: Male, HP IV: 32(0%), ATK IV: 53(0%), DEF IV: 13(0%), Work Speed: (0%), Skills: Coward, Aggressive
Chikipi, Level: 1, Rank: 1, Gender: Female, HP IV: 69(0%), ATK IV: 47(0%), DEF IV: 94(0%), Work Speed: (0%), Skills: Brittle
Chikipi, Level: 1, Rank: 1, Gender: Female, HP IV: 87(0%), ATK IV: 81(0%), DEF IV: 81(0%), Work Speed: (0%), Skills: Abnormal
Chikipi, Level: 1, Rank: 1, Gender: Male, HP IV: 41(0%), ATK IV: 23(0%), DEF IV: 26(0%), Work Speed: (0%), Skills: Vanguard
Chikipi, Level: 2, Rank: 1, Gender: Female, HP IV: 74(0%), ATK IV: 83(0%), DEF IV: 41(0%), Work Speed: (0%), Skills: Musclehead
Chikipi, Level: 2, Rank: 1, Gender: Male, HP IV: 36(0%), ATK IV: 31(0%), DEF IV: 52(0%), Work Speed: (0%), Skills: Swift
Chikipi, Level: 2, Rank: 1, Gender: Male, HP IV: 90(0%), ATK IV: 9(0%), DEF IV: 68(0%), Work Speed: (0%), Skills: Shabby, Unstable, Insulated Body, Logging Foreman
Chikipi, Level: 3, Rank: 1, Gender: Female, HP IV: 38(0%), ATK IV: 62(0%), DEF IV: 77(0%), Work Speed: (0%), Skills: Burly Body
Chikipi, Level: 3, Rank: 1, Gender: Female, HP IV: 84(0%), ATK IV: 36(0%), DEF IV: 25(0%), Work Speed: (0%)
Chikipi, Level: 3, Rank: 1, Gender: Male, HP IV: 23(0%), ATK IV: 65(0%), DEF IV: 66(0%), Work Speed: (0%), Skills: Dainty Eater
Chikipi, Level: 4, Rank: 1, Gender: Female, HP IV: 31(0%), ATK IV: 26(0%), DEF IV: 87(0%), Work Speed: (0%)
Chikipi, Level: 5, Rank: 1, Gender: Male, HP IV: 38(0%), ATK IV: 78(0%), DEF IV: 98(0%), Work Speed: (0%)
Cremis, Level: 2, Rank: 1, Gender: Male, HP IV: 33(0%), ATK IV: 14(0%), DEF IV: 91(0%), Work Speed: (0%), Skills: Ferocious
Cremis, Level: 3, Rank: 1, Gender: Male, HP IV: 37(0%), ATK IV: 77(0%), DEF IV: 75(0%), Work Speed: (0%), Skills: Noble
Daedream, Level: 4, Rank: 1, Gender: Male, HP IV: 10(0%), ATK IV: 40(0%), DEF IV: 60(0%), Work Speed: (0%), Skills: Insulated Body, Philantropist
Daedream, Level: 5, Rank: 1, Gender: Male, HP IV: 98(0%), ATK IV: 87(0%), DEF IV: 88(0%), Work Speed: (0%), Skills: Philantropist
Daedream, Level: 6, Rank: 1, Gender: Female, HP IV: 23(0%), ATK IV: 19(0%), DEF IV: 87(0%), Work Speed: (0%), Skills: Coldblooded
Daedream, Level: 6, Rank: 1, Gender: Female, HP IV: 65(0%), ATK IV: 17(0%), DEF IV: 4(0%), Work Speed: (0%), Skills: Swift
Foxparks, Level: 3, Rank: 1, Gender: Female, HP IV: 84(0%), ATK IV: 5(0%), DEF IV: 13(0%), Work Speed: (0%), Skills: Aggressive, Blood of the Dragon
Foxparks, Level: 5, Rank: 1, Gender: Female, HP IV: 38(0%), ATK IV: 75(0%), DEF IV: 7(0%), Work Speed: (0%), Skills: Philantropist
Foxparks, Level: 6, Rank: 1, Gender: Female, HP IV: 20(0%), ATK IV: 82(0%), DEF IV: 25(0%), Work Speed: (0%), Skills: Aggressive
Foxparks, Level: 6, Rank: 1, Gender: Female, HP IV: 38(0%), ATK IV: 61(0%), DEF IV: 88(0%), Work Speed: (0%), Skills: Burly Body, Insulated Body
Foxparks, Level: 6, Rank: 1, Gender: Male, HP IV: 4(0%), ATK IV: 41(0%), DEF IV: 20(0%), Work Speed: (0%), Skills: Pacifist
Gumoss, Level: 5, Rank: 1, Gender: Female, HP IV: 50(0%), ATK IV: 51(0%), DEF IV: 78(0%), Work Speed: (0%)
Hoocrates, Level: 6, Rank: 1, Gender: Female, HP IV: 72(0%), ATK IV: 22(0%), DEF IV: 55(0%), Work Speed: (0%), Skills: Dragonkiller, Shabby
Lamball, Level: 1, Rank: 1, Gender: Male, HP IV: 19(0%), ATK IV: 84(0%), DEF IV: 5(0%), Work Speed: (0%), Skills: Veil of Darkness, Noble
Lamball, Level: 12, Rank: 1, Gender: Male, HP IV: 43(0%), ATK IV: 90(0%), DEF IV: 3(0%), Work Speed: (0%), Skills: Shabby, Capacitor, Aggressive, Suntan Lover
Lamball, Level: 12, Rank: 1, Gender: Male, HP IV: 98(0%), ATK IV: 43(0%), DEF IV: 95(0%), Work Speed: (0%), Skills: Clumsy
Lamball, Level: 2, Rank: 1, Gender: Male, HP IV: 74(0%), ATK IV: 47(0%), DEF IV: 77(0%), Work Speed: (0%), Skills: Infinite Stamina
Lamball, Level: 3, Rank: 1, Gender: Male, HP IV: 63(0%), ATK IV: 53(0%), DEF IV: 20(0%), Work Speed: (0%), Skills: Hooligan, Waterproof, Workaholic
Melpaca, Level: 11, Rank: 1, Gender: Female, HP IV: 60(0%), ATK IV: 11(0%), DEF IV: 17(0%), Work Speed: (0%), Skills: Motivational Leader
Melpaca, Level: 11, Rank: 1, Gender: Female, HP IV: 81(0%), ATK IV: 5(0%), DEF IV: 31(0%), Work Speed: (0%)
Nine's 45 Pals
--------------
Cattiva, Level: 1, Rank: 1, Gender: Female, HP IV: 25(0%), ATK IV: 13(0%), DEF IV: 27(0%), Work Speed: (0%), Skills: Coward, Swift
Cattiva, Level: 1, Rank: 1, Gender: Female, HP IV: 47(0%), ATK IV: 38(0%), DEF IV: 29(0%), Work Speed: (0%), Skills: Coward, Dainty Eater
Cattiva, Level: 12, Rank: 1, Gender: Male, HP IV: 55(0%), ATK IV: 39(0%), DEF IV: 94(0%), Work Speed: (0%), Skills: Coward, Easygoing, Burly Body
Cattiva, Level: 12, Rank: 1, Gender: Male, HP IV: 78(0%), ATK IV: 95(0%), DEF IV: 56(0%), Work Speed: (0%), Skills: Coward, Unstable
Cattiva, Level: 12, Rank: 1, Gender: Male, HP IV: 95(0%), ATK IV: 38(0%), DEF IV: 60(0%), Work Speed: (0%), Skills: Coward, Masochist
Cattiva, Level: 2, Rank: 1, Gender: Female, HP IV: 78(0%), ATK IV: 84(0%), DEF IV: 64(0%), Work Speed: (0%), Skills: Coward, Masochist
Cattiva, Level: 2, Rank: 1, Gender: Female, HP IV: 98(0%), ATK IV: 77(0%), DEF IV: 81(0%), Work Speed: (0%), Skills: Coward, Vanguard, Bottomless Stomach, Musclehead
Cattiva, Level: 2, Rank: 1, Gender: Male, HP IV: 46(0%), ATK IV: 6(0%), DEF IV: 67(0%), Work Speed: (0%), Skills: Coward, Philantropist
Cattiva, Level: 2, Rank: 1, Gender: Male, HP IV: 87(0%), ATK IV: 40(0%), DEF IV: 23(0%), Work Speed: (0%), Skills: Coward, Positive Thinker, Pacifist
Cattiva, Level: 3, Rank: 1, Gender: Female, HP IV: 36(0%), ATK IV: 13(0%), DEF IV: 58(0%), Work Speed: (0%), Skills: Coward
Cattiva, Level: 3, Rank: 1, Gender: Female, HP IV: 91(0%), ATK IV: 15(0%), DEF IV: 41(0%), Work Speed: (0%), Skills: Coward, Pacifist
Cattiva, Level: 3, Rank: 1, Gender: Male, HP IV: 0(0%), ATK IV: 25(0%), DEF IV: 45(0%), Work Speed: (0%), Skills: Coward, Dainty Eater
Cattiva, Level: 3, Rank: 1, Gender: Male, HP IV: 42(0%), ATK IV: 34(0%), DEF IV: 3(0%), Work Speed: (0%), Skills: Coward, Noble
Cattiva, Level: 4, Rank: 1, Gender: Male, HP IV: 32(0%), ATK IV: 53(0%), DEF IV: 13(0%), Work Speed: (0%), Skills: Coward, Aggressive
Chikipi, Level: 1, Rank: 1, Gender: Female, HP IV: 69(0%), ATK IV: 47(0%), DEF IV: 94(0%), Work Speed: (0%), Skills: Brittle
Chikipi, Level: 1, Rank: 1, Gender: Female, HP IV: 87(0%), ATK IV: 81(0%), DEF IV: 81(0%), Work Speed: (0%), Skills: Abnormal
Chikipi, Level: 1, Rank: 1, Gender: Male, HP IV: 41(0%), ATK IV: 23(0%), DEF IV: 26(0%), Work Speed: (0%), Skills: Vanguard
Chikipi, Level: 2, Rank: 1, Gender: Female, HP IV: 74(0%), ATK IV: 83(0%), DEF IV: 41(0%), Work Speed: (0%), Skills: Musclehead
Chikipi, Level: 2, Rank: 1, Gender: Male, HP IV: 36(0%), ATK IV: 31(0%), DEF IV: 52(0%), Work Speed: (0%), Skills: Swift
Chikipi, Level: 2, Rank: 1, Gender: Male, HP IV: 90(0%), ATK IV: 9(0%), DEF IV: 68(0%), Work Speed: (0%), Skills: Shabby, Unstable, Insulated Body, Logging Foreman
Chikipi, Level: 3, Rank: 1, Gender: Female, HP IV: 38(0%), ATK IV: 62(0%), DEF IV: 77(0%), Work Speed: (0%), Skills: Burly Body
Chikipi, Level: 3, Rank: 1, Gender: Female, HP IV: 84(0%), ATK IV: 36(0%), DEF IV: 25(0%), Work Speed: (0%)
Chikipi, Level: 3, Rank: 1, Gender: Male, HP IV: 23(0%), ATK IV: 65(0%), DEF IV: 66(0%), Work Speed: (0%), Skills: Dainty Eater
Chikipi, Level: 4, Rank: 1, Gender: Female, HP IV: 31(0%), ATK IV: 26(0%), DEF IV: 87(0%), Work Speed: (0%)
Chikipi, Level: 5, Rank: 1, Gender: Male, HP IV: 38(0%), ATK IV: 78(0%), DEF IV: 98(0%), Work Speed: (0%)
Cremis, Level: 2, Rank: 1, Gender: Male, HP IV: 33(0%), ATK IV: 14(0%), DEF IV: 91(0%), Work Speed: (0%), Skills: Ferocious
Cremis, Level: 3, Rank: 1, Gender: Male, HP IV: 37(0%), ATK IV: 77(0%), DEF IV: 75(0%), Work Speed: (0%), Skills: Noble
Daedream, Level: 4, Rank: 1, Gender: Male, HP IV: 10(0%), ATK IV: 40(0%), DEF IV: 60(0%), Work Speed: (0%), Skills: Insulated Body, Philantropist
Daedream, Level: 5, Rank: 1, Gender: Male, HP IV: 98(0%), ATK IV: 87(0%), DEF IV: 88(0%), Work Speed: (0%), Skills: Philantropist
Daedream, Level: 6, Rank: 1, Gender: Female, HP IV: 23(0%), ATK IV: 19(0%), DEF IV: 87(0%), Work Speed: (0%), Skills: Coldblooded
Daedream, Level: 6, Rank: 1, Gender: Female, HP IV: 65(0%), ATK IV: 17(0%), DEF IV: 4(0%), Work Speed: (0%), Skills: Swift
Foxparks, Level: 3, Rank: 1, Gender: Female, HP IV: 84(0%), ATK IV: 5(0%), DEF IV: 13(0%), Work Speed: (0%), Skills: Aggressive, Blood of the Dragon
Foxparks, Level: 5, Rank: 1, Gender: Female, HP IV: 38(0%), ATK IV: 75(0%), DEF IV: 7(0%), Work Speed: (0%), Skills: Philantropist
Foxparks, Level: 6, Rank: 1, Gender: Female, HP IV: 20(0%), ATK IV: 82(0%), DEF IV: 25(0%), Work Speed: (0%), Skills: Aggressive
Foxparks, Level: 6, Rank: 1, Gender: Female, HP IV: 38(0%), ATK IV: 61(0%), DEF IV: 88(0%), Work Speed: (0%), Skills: Burly Body, Insulated Body
Foxparks, Level: 6, Rank: 1, Gender: Male, HP IV: 4(0%), ATK IV: 41(0%), DEF IV: 20(0%), Work Speed: (0%), Skills: Pacifist
Gumoss, Level: 5, Rank: 1, Gender: Female, HP IV: 50(0%), ATK IV: 51(0%), DEF IV: 78(0%), Work Speed: (0%)
Hoocrates, Level: 6, Rank: 1, Gender: Female, HP IV: 72(0%), ATK IV: 22(0%), DEF IV: 55(0%), Work Speed: (0%), Skills: Dragonkiller, Shabby
Lamball, Level: 1, Rank: 1, Gender: Male, HP IV: 19(0%), ATK IV: 84(0%), DEF IV: 5(0%), Work Speed: (0%), Skills: Veil of Darkness, Noble
Lamball, Level: 12, Rank: 1, Gender: Male, HP IV: 43(0%), ATK IV: 90(0%), DEF IV: 3(0%), Work Speed: (0%), Skills: Shabby, Capacitor, Aggressive, Suntan Lover
Lamball, Level: 12, Rank: 1, Gender: Male, HP IV: 98(0%), ATK IV: 43(0%), DEF IV: 95(0%), Work Speed: (0%), Skills: Clumsy
Lamball, Level: 2, Rank: 1, Gender: Male, HP IV: 74(0%), ATK IV: 47(0%), DEF IV: 77(0%), Work Speed: (0%), Skills: Infinite Stamina
Lamball, Level: 3, Rank: 1, Gender: Male, HP IV: 63(0%), ATK IV: 53(0%), DEF IV: 20(0%), Work Speed: (0%), Skills: Hooligan, Waterproof, Workaholic
Melpaca, Level: 11, Rank: 1, Gender: Female, HP IV: 60(0%), ATK IV: 11(0%), DEF IV: 17(0%), Work Speed: (0%), Skills: Motivational Leader
Melpaca, Level: 11, Rank: 1, Gender: Female, HP IV: 81(0%), ATK IV: 5(0%), DEF IV: 31(0%), Work Speed: (0%)
Nine's 45 Pals
--------------
Cattiva, Level: 1, Rank: 1, Gender: Female, HP IV: 25(0%), ATK IV: 13(0%), DEF IV: 27(0%), Work Speed: (0%), Skills: Coward, Swift
Cattiva, Level: 1, Rank: 1, Gender: Female, HP IV: 47(0%), ATK IV: 38(0%), DEF IV: 29(0%), Work Speed: (0%), Skills: Coward, Dainty Eater
Cattiva, Level: 12, Rank: 1, Gender: Male, HP IV: 55(0%), ATK IV: 39(0%), DEF IV: 94(0%), Work Speed: (0%), Skills: Coward, Easygoing, Burly Body
Cattiva, Level: 12, Rank: 1, Gender: Male, HP IV: 78(0%), ATK IV: 95(0%), DEF IV: 56(0%), Work Speed: (0%), Skills: Coward, Unstable
Cattiva, Level: 12, Rank: 1, Gender: Male, HP IV: 95(0%), ATK IV: 38(0%), DEF IV: 60(0%), Work Speed: (0%), Skills: Coward, Masochist
Cattiva, Level: 2, Rank: 1, Gender: Female, HP IV: 78(0%), ATK IV: 84(0%), DEF IV: 64(0%), Work Speed: (0%), Skills: Coward, Masochist
Cattiva, Level: 2, Rank: 1, Gender: Female, HP IV: 98(0%), ATK IV: 77(0%), DEF IV: 81(0%), Work Speed: (0%), Skills: Coward, Vanguard, Bottomless Stomach, Musclehead
Cattiva, Level: 2, Rank: 1, Gender: Male, HP IV: 46(0%), ATK IV: 6(0%), DEF IV: 67(0%), Work Speed: (0%), Skills: Coward, Philantropist
Cattiva, Level: 2, Rank: 1, Gender: Male, HP IV: 87(0%), ATK IV: 40(0%), DEF IV: 23(0%), Work Speed: (0%), Skills: Coward, Positive Thinker, Pacifist
Cattiva, Level: 3, Rank: 1, Gender: Female, HP IV: 36(0%), ATK IV: 13(0%), DEF IV: 58(0%), Work Speed: (0%), Skills: Coward
Cattiva, Level: 3, Rank: 1, Gender: Female, HP IV: 91(0%), ATK IV: 15(0%), DEF IV: 41(0%), Work Speed: (0%), Skills: Coward, Pacifist
Cattiva, Level: 3, Rank: 1, Gender: Male, HP IV: 0(0%), ATK IV: 25(0%), DEF IV: 45(0%), Work Speed: (0%), Skills: Coward, Dainty Eater
Cattiva, Level: 3, Rank: 1, Gender: Male, HP IV: 42(0%), ATK IV: 34(0%), DEF IV: 3(0%), Work Speed: (0%), Skills: Coward, Noble
Cattiva, Level: 4, Rank: 1, Gender: Male, HP IV: 32(0%), ATK IV: 53(0%), DEF IV: 13(0%), Work Speed: (0%), Skills: Coward, Aggressive
Chikipi, Level: 1, Rank: 1, Gender: Female, HP IV: 69(0%), ATK IV: 47(0%), DEF IV: 94(0%), Work Speed: (0%), Skills: Brittle
Chikipi, Level: 1, Rank: 1, Gender: Female, HP IV: 87(0%), ATK IV: 81(0%), DEF IV: 81(0%), Work Speed: (0%), Skills: Abnormal
Chikipi, Level: 1, Rank: 1, Gender: Male, HP IV: 41(0%), ATK IV: 23(0%), DEF IV: 26(0%), Work Speed: (0%), Skills: Vanguard
Chikipi, Level: 2, Rank: 1, Gender: Female, HP IV: 74(0%), ATK IV: 83(0%), DEF IV: 41(0%), Work Speed: (0%), Skills: Musclehead
Chikipi, Level: 2, Rank: 1, Gender: Male, HP IV: 36(0%), ATK IV: 31(0%), DEF IV: 52(0%), Work Speed: (0%), Skills: Swift
Chikipi, Level: 2, Rank: 1, Gender: Male, HP IV: 90(0%), ATK IV: 9(0%), DEF IV: 68(0%), Work Speed: (0%), Skills: Shabby, Unstable, Insulated Body, Logging Foreman
Chikipi, Level: 3, Rank: 1, Gender: Female, HP IV: 38(0%), ATK IV: 62(0%), DEF IV: 77(0%), Work Speed: (0%), Skills: Burly Body
Chikipi, Level: 3, Rank: 1, Gender: Female, HP IV: 84(0%), ATK IV: 36(0%), DEF IV: 25(0%), Work Speed: (0%)
Chikipi, Level: 3, Rank: 1, Gender: Male, HP IV: 23(0%), ATK IV: 65(0%), DEF IV: 66(0%), Work Speed: (0%), Skills: Dainty Eater
Chikipi, Level: 4, Rank: 1, Gender: Female, HP IV: 31(0%), ATK IV: 26(0%), DEF IV: 87(0%), Work Speed: (0%)
Chikipi, Level: 5, Rank: 1, Gender: Male, HP IV: 38(0%), ATK IV: 78(0%), DEF IV: 98(0%), Work Speed: (0%)
Cremis, Level: 2, Rank: 1, Gender: Male, HP IV: 33(0%), ATK IV: 14(0%), DEF IV: 91(0%), Work Speed: (0%), Skills: Ferocious
Cremis, Level: 3, Rank: 1, Gender: Male, HP IV: 37(0%), ATK IV: 77(0%), DEF IV: 75(0%), Work Speed: (0%), Skills: Noble
Daedream, Level: 4, Rank: 1, Gender: Male, HP IV: 10(0%), ATK IV: 40(0%), DEF IV: 60(0%), Work Speed: (0%), Skills: Insulated Body, Philantropist
Daedream, Level: 5, Rank: 1, Gender: Male, HP IV: 98(0%), ATK IV: 87(0%), DEF IV: 88(0%), Work Speed: (0%), Skills: Philantropist
Daedream, Level: 6, Rank: 1, Gender: Female, HP IV: 23(0%), ATK IV: 19(0%), DEF IV: 87(0%), Work Speed: (0%), Skills: Coldblooded
Daedream, Level: 6, Rank: 1, Gender: Female, HP IV: 65(0%), ATK IV: 17(0%), DEF IV: 4(0%), Work Speed: (0%), Skills: Swift
Foxparks, Level: 3, Rank: 1, Gender: Female, HP IV: 84(0%), ATK IV: 5(0%), DEF IV: 13(0%), Work Speed: (0%), Skills: Aggressive, Blood of the Dragon
Foxparks, Level: 5, Rank: 1, Gender: Female, HP IV: 38(0%), ATK IV: 75(0%), DEF IV: 7(0%), Work Speed: (0%), Skills: Philantropist
Foxparks, Level: 6, Rank: 1, Gender: Female, HP IV: 20(0%), ATK IV: 82(0%), DEF IV: 25(0%), Work Speed: (0%), Skills: Aggressive
Foxparks, Level: 6, Rank: 1, Gender: Female, HP IV: 38(0%), ATK IV: 61(0%), DEF IV: 88(0%), Work Speed: (0%), Skills: Burly Body, Insulated Body
Foxparks, Level: 6, Rank: 1, Gender: Male, HP IV: 4(0%), ATK IV: 41(0%), DEF IV: 20(0%), Work Speed: (0%), Skills: Pacifist
Gumoss, Level: 5, Rank: 1, Gender: Female, HP IV: 50(0%), ATK IV: 51(0%), DEF IV: 78(0%), Work Speed: (0%)
Hoocrates, Level: 6, Rank: 1, Gender: Female, HP IV: 72(0%), ATK IV: 22(0%), DEF IV: 55(0%), Work Speed: (0%), Skills: Dragonkiller, Shabby
Lamball, Level: 1, Rank: 1, Gender: Male, HP IV: 19(0%), ATK IV: 84(0%), DEF IV: 5(0%), Work Speed: (0%), Skills: Veil of Darkness, Noble
Lamball, Level: 12, Rank: 1, Gender: Male, HP IV: 43(0%), ATK IV: 90(0%), DEF IV: 3(0%), Work Speed: (0%), Skills: Shabby, Capacitor, Aggressive, Suntan Lover
Lamball, Level: 12, Rank: 1, Gender: Male, HP IV: 98(0%), ATK IV: 43(0%), DEF IV: 95(0%), Work Speed: (0%), Skills: Clumsy
Lamball, Level: 2, Rank: 1, Gender: Male, HP IV: 74(0%), ATK IV: 47(0%), DEF IV: 77(0%), Work Speed: (0%), Skills: Infinite Stamina
Lamball, Level: 3, Rank: 1, Gender: Male, HP IV: 63(0%), ATK IV: 53(0%), DEF IV: 20(0%), Work Speed: (0%), Skills: Hooligan, Waterproof, Workaholic
Melpaca, Level: 11, Rank: 1, Gender: Female, HP IV: 60(0%), ATK IV: 11(0%), DEF IV: 17(0%), Work Speed: (0%), Skills: Motivational Leader
Melpaca, Level: 11, Rank: 1, Gender: Female, HP IV: 81(0%), ATK IV: 5(0%), DEF IV: 31(0%), Work Speed: (0%)
Nine's 45 Pals
--------------
Cattiva, Level: 1, Rank: 1, Gender: Female, HP IV: 25(0%), ATK IV: 13(0%), DEF IV: 27(0%), Work Speed: (0%), Skills: Coward, Swift
Cattiva, Level: 1, Rank: 1, Gender: Female, HP IV: 47(0%), ATK IV: 38(0%), DEF IV: 29(0%), Work Speed: (0%), Skills: Coward, Dainty Eater
Cattiva, Level: 12, Rank: 1, Gender: Male, HP IV: 55(0%), ATK IV: 39(0%), DEF IV: 94(0%), Work Speed: (0%), Skills: Coward, Easygoing, Burly Body
Cattiva, Level: 12, Rank: 1, Gender: Male, HP IV: 78(0%), ATK IV: 95(0%), DEF IV: 56(0%), Work Speed: (0%), Skills: Coward, Unstable
Cattiva, Level: 12, Rank: 1, Gender: Male, HP IV: 95(0%), ATK IV: 38(0%), DEF IV: 60(0%), Work Speed: (0%), Skills: Coward, Masochist
Cattiva, Level: 2, Rank: 1, Gender: Female, HP IV: 78(0%), ATK IV: 84(0%), DEF IV: 64(0%), Work Speed: (0%), Skills: Coward, Masochist
Cattiva, Level: 2, Rank: 1, Gender: Female, HP IV: 98(0%), ATK IV: 77(0%), DEF IV: 81(0%), Work Speed: (0%), Skills: Coward, Vanguard, Bottomless Stomach, Musclehead
Cattiva, Level: 2, Rank: 1, Gender: Male, HP IV: 46(0%), ATK IV: 6(0%), DEF IV: 67(0%), Work Speed: (0%), Skills: Coward, Philantropist
Cattiva, Level: 2, Rank: 1, Gender: Male, HP IV: 87(0%), ATK IV: 40(0%), DEF IV: 23(0%), Work Speed: (0%), Skills: Coward, Positive Thinker, Pacifist
Cattiva, Level: 3, Rank: 1, Gender: Female, HP IV: 36(0%), ATK IV: 13(0%), DEF IV: 58(0%), Work Speed: (0%), Skills: Coward
Cattiva, Level: 3, Rank: 1, Gender: Female, HP IV: 91(0%), ATK IV: 15(0%), DEF IV: 41(0%), Work Speed: (0%), Skills: Coward, Pacifist
Cattiva, Level: 3, Rank: 1, Gender: Male, HP IV: 0(0%), ATK IV: 25(0%), DEF IV: 45(0%), Work Speed: (0%), Skills: Coward, Dainty Eater
Cattiva, Level: 3, Rank: 1, Gender: Male, HP IV: 42(0%), ATK IV: 34(0%), DEF IV: 3(0%), Work Speed: (0%), Skills: Coward, Noble
Cattiva, Level: 4, Rank: 1, Gender: Male, HP IV: 32(0%), ATK IV: 53(0%), DEF IV: 13(0%), Work Speed: (0%), Skills: Coward, Aggressive
Chikipi, Level: 1, Rank: 1, Gender: Female, HP IV: 69(0%), ATK IV: 47(0%), DEF IV: 94(0%), Work Speed: (0%), Skills: Brittle
Chikipi, Level: 1, Rank: 1, Gender: Female, HP IV: 87(0%), ATK IV: 81(0%), DEF IV: 81(0%), Work Speed: (0%), Skills: Abnormal
Chikipi, Level: 1, Rank: 1, Gender: Male, HP IV: 41(0%), ATK IV: 23(0%), DEF IV: 26(0%), Work Speed: (0%), Skills: Vanguard
Chikipi, Level: 2, Rank: 1, Gender: Female, HP IV: 74(0%), ATK IV: 83(0%), DEF IV: 41(0%), Work Speed: (0%), Skills: Musclehead
Chikipi, Level: 2, Rank: 1, Gender: Male, HP IV: 36(0%), ATK IV: 31(0%), DEF IV: 52(0%), Work Speed: (0%), Skills: Swift
Chikipi, Level: 2, Rank: 1, Gender: Male, HP IV: 90(0%), ATK IV: 9(0%), DEF IV: 68(0%), Work Speed: (0%), Skills: Shabby, Unstable, Insulated Body, Logging Foreman
Chikipi, Level: 3, Rank: 1, Gender: Female, HP IV: 38(0%), ATK IV: 62(0%), DEF IV: 77(0%), Work Speed: (0%), Skills: Burly Body
Chikipi, Level: 3, Rank: 1, Gender: Female, HP IV: 84(0%), ATK IV: 36(0%), DEF IV: 25(0%), Work Speed: (0%)
Chikipi, Level: 3, Rank: 1, Gender: Male, HP IV: 23(0%), ATK IV: 65(0%), DEF IV: 66(0%), Work Speed: (0%), Skills: Dainty Eater
Chikipi, Level: 4, Rank: 1, Gender: Female, HP IV: 31(0%), ATK IV: 26(0%), DEF IV: 87(0%), Work Speed: (0%)
Chikipi, Level: 5, Rank: 1, Gender: Male, HP IV: 38(0%), ATK IV: 78(0%), DEF IV: 98(0%), Work Speed: (0%)
Cremis, Level: 2, Rank: 1, Gender: Male, HP IV: 33(0%), ATK IV: 14(0%), DEF IV: 91(0%), Work Speed: (0%), Skills: Ferocious
Cremis, Level: 3, Rank: 1, Gender: Male, HP IV: 37(0%), ATK IV: 77(0%), DEF IV: 75(0%), Work Speed: (0%), Skills: Noble
Daedream, Level: 4, Rank: 1, Gender: Male, HP IV: 10(0%), ATK IV: 40(0%), DEF IV: 60(0%), Work Speed: (0%), Skills: Insulated Body, Philantropist
Daedream, Level: 5, Rank: 1, Gender: Male, HP IV: 98(0%), ATK IV: 87(0%), DEF IV: 88(0%), Work Speed: (0%), Skills: Philantropist
Daedream, Level: 6, Rank: 1, Gender: Female, HP IV: 23(0%), ATK IV: 19(0%), DEF IV: 87(0%), Work Speed: (0%), Skills: Coldblooded
Daedream, Level: 6, Rank: 1, Gender: Female, HP IV: 65(0%), ATK IV: 17(0%), DEF IV: 4(0%), Work Speed: (0%), Skills: Swift
Foxparks, Level: 3, Rank: 1, Gender: Female, HP IV: 84(0%), ATK IV: 5(0%), DEF IV: 13(0%), Work Speed: (0%), Skills: Aggressive, Blood of the Dragon
Foxparks, Level: 5, Rank: 1, Gender: Female, HP IV: 38(0%), ATK IV: 75(0%), DEF IV: 7(0%), Work Speed: (0%), Skills: Philantropist
Foxparks, Level: 6, Rank: 1, Gender: Female, HP IV: 20(0%), ATK IV: 82(0%), DEF IV: 25(0%), Work Speed: (0%), Skills: Aggressive
Foxparks, Level: 6, Rank: 1, Gender: Female, HP IV: 38(0%), ATK IV: 61(0%), DEF IV: 88(0%), Work Speed: (0%), Skills: Burly Body, Insulated Body
Foxparks, Level: 6, Rank: 1, Gender: Male, HP IV: 4(0%), ATK IV: 41(0%), DEF IV: 20(0%), Work Speed: (0%), Skills: Pacifist
Gumoss, Level: 5, Rank: 1, Gender: Female, HP IV: 50(0%), ATK IV: 51(0%), DEF IV: 78(0%), Work Speed: (0%)
Hoocrates, Level: 6, Rank: 1, Gender: Female, HP IV: 72(0%), ATK IV: 22(0%), DEF IV: 55(0%), Work Speed: (0%), Skills: Dragonkiller, Shabby
Lamball, Level: 1, Rank: 1, Gender: Male, HP IV: 19(0%), ATK IV: 84(0%), DEF IV: 5(0%), Work Speed: (0%), Skills: Veil of Darkness, Noble
Lamball, Level: 12, Rank: 1, Gender: Male, HP IV: 43(0%), ATK IV: 90(0%), DEF IV: 3(0%), Work Speed: (0%), Skills: Shabby, Capacitor, Aggressive, Suntan Lover
Lamball, Level: 12, Rank: 1, Gender: Male, HP IV: 98(0%), ATK IV: 43(0%), DEF IV: 95(0%), Work Speed: (0%), Skills: Clumsy
Lamball, Level: 2, Rank: 1, Gender: Male, HP IV: 74(0%), ATK IV: 47(0%), DEF IV: 77(0%), Work Speed: (0%), Skills: Infinite Stamina
Lamball, Level: 3, Rank: 1, Gender: Male, HP IV: 63(0%), ATK IV: 53(0%), DEF IV: 20(0%), Work Speed: (0%), Skills: Hooligan, Waterproof, Workaholic
Melpaca, Level: 11, Rank: 1, Gender: Female, HP IV: 60(0%), ATK IV: 11(0%), DEF IV: 17(0%), Work Speed: (0%), Skills: Motivational Leader
Melpaca, Level: 11, Rank: 1, Gender: Female, HP IV: 81(0%), ATK IV: 5(0%), DEF IV: 31(0%), Work Speed: (0%)
