noneko's 19 Pals
----------------
Cattiva, Level: 7, Rank: 1, Gender: Female, HP IV: 30(0%), ATK IV: 18(0%), DEF IV: 63(0%), Work Speed: (0%), Skills: Coward, Brave
Cremis, Level: 2, Rank: 1, Gender: Male, HP IV: 20(0%), ATK IV: 71(0%), DEF IV: 62(0%), Work Speed: (0%), Skills: Pyromaniac
Cremis, Level: 2, Rank: 1, Gender: Male, HP IV: 73(0%), ATK IV: 65(0%), DEF IV: 12(0%), Work Speed: (0%), Skills: Waterproof
Daedream, Level: 4, Rank: 1, Gender: Female, HP IV: 38(0%), ATK IV: 9(0%), DEF IV: 29(0%), Work Speed: (0%), Skills: Noble
Daedream, Level: 5, Rank: 1, Gender: Male, HP IV: 35(0%), ATK IV: 64(0%), DEF IV: 20(0%), Work Speed: (0%), Skills: Power of Gaia
Depresso, Level: 4, Rank: 1, Gender: Female, HP IV: 86(0%), ATK IV: 4(0%), DEF IV: 65(0%), Work Speed: (0%)
Eikthyrdeer, Level: 10, Rank: 1, Gender: Female, HP IV: 38(0%), ATK IV: 30(0%), DEF IV: 7(0%), Work Speed: (0%), Skills: Sadist
Eikthyrdeer, Level: 9, Rank: 1, Gender: Male, HP IV: 80(0%), ATK IV: 27(0%), DEF IV: 40(0%), Work Speed: (0%), Skills: Serenity
Foxparks, Level: 3, Rank: 1, Gender: Female, HP IV: 81(0%), ATK IV: 74(0%), DEF IV: 56(0%), Work Speed: (0%), Skills: Unstable
Foxparks, Level: 5, Rank: 1, Gender: Female, HP IV: 78(0%), ATK IV: 83(0%), DEF IV: 80(0%), Work Speed: (0%), Skills: Work Slave
Foxparks, Level: 8, Rank: 1, Gender: Male, HP IV: 32(0%), ATK IV: 57(0%), DEF IV: 56(0%), Work Speed: (0%), Skills: Cheery
Lamball, Level: 1, Rank: 1, Gender: Male, HP IV: 65(0%), ATK IV: 51(0%), DEF IV: 71(0%), Work Speed: (0%), Skills: Botanical Barrier
Lamball, Level: 7, Rank: 1, Gender: Female, HP IV: 74(0%), ATK IV: 81(0%), DEF IV: 37(0%), Work Speed: (0%)
Nitewing, Level: 10, Rank: 1, Gender: Male, HP IV: 0(0%), ATK IV: 33(0%), DEF IV: 29(0%), Work Speed: (0%), Skills: Downtrodden
Nitewing, Level: 10, Rank: 1, Gender: Male, HP IV: 25(0%), ATK IV: 93(0%), DEF IV: 11(0%), Work Speed: (0%), Skills: Positive Thinker
Pengullet, Level: 3, Rank: 1, Gender: Male, HP IV: 2(0%), ATK IV: 51(0%), DEF IV: 29(0%), Work Speed: (0%), Skills: Slacker
Pengullet, Level: 4, Rank: 1, Gender: Female, HP IV: 81(0%), ATK IV: 88(0%), DEF IV: 57(0%), Work Speed: (0%), Skills: Shabby
Tombat, Level: 12, Rank: 1, Gender: Female, HP IV: 99(0%), ATK IV: 12(0%), DEF IV: 60(0%), Work Speed: (0%), Skills: Fragrant Foliage
Vixy, Level: 5, Rank: 1, Gender: Male, HP IV: 82(0%), ATK IV: 14(0%), DEF IV: 83(0%), Work Speed: (0%), Skills: Swift
noneko's 19 Pals
----------------
Cattiva, Level: 7, Rank: 1, Gender: Female, HP IV: 30(0%), ATK IV: 18(0%), DEF IV: 63(0%), Work Speed: (0%), Skills: Coward, Brave
Cremis, Level: 2, Rank: 1, Gender: Male, HP IV: 20(0%), ATK IV: 71(0%), DEF IV: 62(0%), Work Speed: (0%), Skills: Pyromaniac
Cremis, Level: 2, Rank: 1, Gender: Male, HP IV: 73(0%), ATK IV: 65(0%), DEF IV: 12(0%), Work Speed: (0%), Skills: Waterproof
Daedream, Level: 4, Rank: 1, Gender: Female, HP IV: 38(0%), ATK IV: 9(0%), DEF IV: 29(0%), Work Speed: (0%), Skills: Noble
Daedream, Level: 5, Rank: 1, Gender: Male, HP IV: 35(0%), ATK IV: 64(0%), DEF IV: 20(0%), Work Speed: (0%), Skills: Power of Gaia
Depresso, Level: 4, Rank: 1, Gender: Female, HP IV: 86(0%), ATK IV: 4(0%), DEF IV: 65(0%), Work Speed: (0%)
Eikthyrdeer, Level: 10, Rank: 1, Gender: Female, HP IV: 38(0%), ATK IV: 30(0%), DEF IV: 7(0%), Work Speed: (0%), Skills: Sadist
Eikthyrdeer, Level: 9, Rank: 1, Gender: Male, HP IV: 80(0%), ATK IV: 27(0%), DEF IV: 40(0%), Work Speed: (0%), Skills: Serenity
Foxparks, Level: 3, Rank: 1, Gender: Female, HP IV: 81(0%), ATK IV: 74(0%), DEF IV: 56(0%), Work Speed: (0%), Skills: Unstable
Foxparks, Level: 5, Rank: 1, Gender: Female, HP IV: 78(0%), ATK IV: 83(0%), DEF IV: 80(0%), Work Speed: (0%), Skills: Work Slave
Foxparks, Level: 8, Rank: 1, Gender: Male, HP IV: 32(0%), ATK IV: 57(0%), DEF IV: 56(0%), Work Speed: (0%), Skills: Cheery
Lamball, Level: 1, Rank: 1, Gender: Male, HP IV: 65(0%), ATK IV: 51(0%), DEF IV: 71(0%), Work Speed: (0%), Skills: Botanical Barrier
Lamball, Level: 7, Rank: 1, Gender: Female, HP IV: 74(0%), ATK IV: 81(0%), DEF IV: 37(0%), Work Speed: (0%)
Nitewing, Level: 10, Rank: 1, Gender: Male, HP IV: 0(0%), ATK IV: 33(0%), DEF IV: 29(0%), Work Speed: (0%), Skills: Downtrodden
Nitewing, Level: 10, Rank: 1, Gender: Male, HP IV: 25(0%), ATK IV: 93(0%), DEF IV: 11(0%), Work Speed: (0%), Skills: Positive Thinker
Pengullet, Level: 3, Rank: 1, Gender: Male, HP IV: 2(0%), ATK IV: 51(0%), DEF IV: 29(0%), Work Speed: (0%), Skills: Slacker
Pengullet, Level: 4, Rank: 1, Gender: Female, HP IV: 81(0%), ATK IV: 88(0%), DEF IV: 57(0%), Work Speed: (0%), Skills: Shabby
Tombat, Level: 12, Rank: 1, Gender: Female, HP IV: 99(0%), ATK IV: 12(0%), DEF IV: 60(0%), Work Speed: (0%), Skills: Fragrant Foliage
Vixy, Level: 5, Rank: 1, Gender: Male, HP IV: 82(0%), ATK IV: 14(0%), DEF IV: 83(0%), Work Speed: (0%), Skills: Swift
noneko's 19 Pals
----------------
Cattiva, Level: 7, Rank: 1, Gender: Female, HP IV: 30(0%), ATK IV: 18(0%), DEF IV: 63(0%), Work Speed: (0%), Skills: Coward, Brave
Cremis, Level: 2, Rank: 1, Gender: Male, HP IV: 20(0%), ATK IV: 71(0%), DEF IV: 62(0%), Work Speed: (0%), Skills: Pyromaniac
Cremis, Level: 2, Rank: 1, Gender: Male, HP IV: 73(0%), ATK IV: 65(0%), DEF IV: 12(0%), Work Speed: (0%), Skills: Waterproof
Daedream, Level: 4, Rank: 1, Gender: Female, HP IV: 38(0%), ATK IV: 9(0%), DEF IV: 29(0%), Work Speed: (0%), Skills: Noble
Daedream, Level: 5, Rank: 1, Gender: Male, HP IV: 35(0%), ATK IV: 64(0%), DEF IV: 20(0%), Work Speed: (0%), Skills: Power of Gaia
Depresso, Level: 4, Rank: 1, Gender: Female, HP IV: 86(0%), ATK IV: 4(0%), DEF IV: 65(0%), Work Speed: (0%)
Eikthyrdeer, Level: 10, Rank: 1, Gender: Female, HP IV: 38(0%), ATK IV: 30(0%), DEF IV: 7(0%), Work Speed: (0%), Skills: Sadist
Eikthyrdeer, Level: 9, Rank: 1, Gender: Male, HP IV: 80(0%), ATK IV: 27(0%), DEF IV: 40(0%), Work Speed: (0%), Skills: Serenity
Foxparks, Level: 3, Rank: 1, Gender: Female, HP IV: 81(0%), ATK IV: 74(0%), DEF IV: 56(0%), Work Speed: (0%), Skills: Unstable
Foxparks, Level: 5, Rank: 1, Gender: Female, HP IV: 78(0%), ATK IV: 83(0%), DEF IV: 80(0%), Work Speed: (0%), Skills: Work Slave
Foxparks, Level: 8, Rank: 1, Gender: Male, HP IV: 32(0%), ATK IV: 57(0%), DEF IV: 56(0%), Work Speed: (0%), Skills: Cheery
Lamball, Level: 1, Rank: 1, Gender: Male, HP IV: 65(0%), ATK IV: 51(0%), DEF IV: 71(0%), Work Speed: (0%), Skills: Botanical Barrier
Lamball, Level: 7, Rank: 1, Gender: Female, HP IV: 74(0%), ATK IV: 81(0%), DEF IV: 37(0%), Work Speed: (0%)
Nitewing, Level: 10, Rank: 1, Gender: Male, HP IV: 0(0%), ATK IV: 33(0%), DEF IV: 29(0%), Work Speed: (0%), Skills: Downtrodden
Nitewing, Level: 10, Rank: 1, Gender: Male, HP IV: 25(0%), ATK IV: 93(0%), DEF IV: 11(0%), Work Speed: (0%), Skills: Positive Thinker
Pengullet, Level: 3, Rank: 1, Gender: Male, HP IV: 2(0%), ATK IV: 51(0%), DEF IV: 29(0%), Work Speed: (0%), Skills: Slacker
Pengullet, Level: 4, Rank: 1, Gender: Female, HP IV: 81(0%), ATK IV: 88(0%), DEF IV: 57(0%), Work Speed: (0%), Skills: Shabby
Tombat, Level: 12, Rank: 1, Gender: Female, HP IV: 99(0%), ATK IV: 12(0%), DEF IV: 60(0%), Work Speed: (0%), Skills: Fragrant Foliage
Vixy, Level: 5, Rank: 1, Gender: Male, HP IV: 82(0%), ATK IV: 14(0%), DEF IV: 83(0%), Work Speed: (0%), Skills: Swift
noneko's 19 Pals
----------------
Cattiva, Level: 7, Rank: 1, Gender: Female, HP IV: 30(0%), ATK IV: 18(0%), DEF IV: 63(0%), Work Speed: (0%), Skills: Coward, Brave
Cremis, Level: 2, Rank: 1, Gender: Male, HP IV: 20(0%), ATK IV: 71(0%), DEF IV: 62(0%), Work Speed: (0%), Skills: Pyromaniac
Cremis, Level: 2, Rank: 1, Gender: Male, HP IV: 73(0%), ATK IV: 65(0%), DEF IV: 12(0%), Work Speed: (0%), Skills: Waterproof
Daedream, Level: 4, Rank: 1, Gender: Female, HP IV: 38(0%), ATK IV: 9(0%), DEF IV: 29(0%), Work Speed: (0%), Skills: Noble
Daedream, Level: 5, Rank: 1, Gender: Male, HP IV: 35(0%), ATK IV: 64(0%), DEF IV: 20(0%), Work Speed: (0%), Skills: Power of Gaia
Depresso, Level: 4, Rank: 1, Gender: Female, HP IV: 86(0%), ATK IV: 4(0%), DEF IV: 65(0%), Work Speed: (0%)
Eikthyrdeer, Level: 10, Rank: 1, Gender: Female, HP IV: 38(0%), ATK IV: 30(0%), DEF IV: 7(0%), Work Speed: (0%), Skills: Sadist
Eikthyrdeer, Level: 9, Rank: 1, Gender: Male, HP IV: 80(0%), ATK IV: 27(0%), DEF IV: 40(0%), Work Speed: (0%), Skills: Serenity
Foxparks, Level: 3, Rank: 1, Gender: Female, HP IV: 81(0%), ATK IV: 74(0%), DEF IV: 56(0%), Work Speed: (0%), Skills: Unstable
Foxparks, Level: 5, Rank: 1, Gender: Female, HP IV: 78(0%), ATK IV: 83(0%), DEF IV: 80(0%), Work Speed: (0%), Skills: Work Slave
Foxparks, Level: 8, Rank: 1, Gender: Male, HP IV: 32(0%), ATK IV: 57(0%), DEF IV: 56(0%), Work Speed: (0%), Skills: Cheery
Lamball, Level: 1, Rank: 1, Gender: Male, HP IV: 65(0%), ATK IV: 51(0%), DEF IV: 71(0%), Work Speed: (0%), Skills: Botanical Barrier
Lamball, Level: 7, Rank: 1, Gender: Female, HP IV: 74(0%), ATK IV: 81(0%), DEF IV: 37(0%), Work Speed: (0%)
Nitewing, Level: 10, Rank: 1, Gender: Male, HP IV: 0(0%), ATK IV: 33(0%), DEF IV: 29(0%), Work Speed: (0%), Skills: Downtrodden
Nitewing, Level: 10, Rank: 1, Gender: Male, HP IV: 25(0%), ATK IV: 93(0%), DEF IV: 11(0%), Work Speed: (0%), Skills: Positive Thinker
Pengullet, Level: 3, Rank: 1, Gender: Male, HP IV: 2(0%), ATK IV: 51(0%), DEF IV: 29(0%), Work Speed: (0%), Skills: Slacker
Pengullet, Level: 4, Rank: 1, Gender: Female, HP IV: 81(0%), ATK IV: 88(0%), DEF IV: 57(0%), Work Speed: (0%), Skills: Shabby
Tombat, Level: 12, Rank: 1, Gender: Female, HP IV: 99(0%), ATK IV: 12(0%), DEF IV: 60(0%), Work Speed: (0%), Skills: Fragrant Foliage
Vixy, Level: 5, Rank: 1, Gender: Male, HP IV: 82(0%), ATK IV: 14(0%), DEF IV: 83(0%), Work Speed: (0%), Skills: Swift
noneko's 19 Pals
----------------
Cattiva, Level: 7, Rank: 1, Gender: Female, HP IV: 30(0%), ATK IV: 18(0%), DEF IV: 63(0%), Work Speed: (0%), Skills: Coward, Brave
Cremis, Level: 2, Rank: 1, Gender: Male, HP IV: 20(0%), ATK IV: 71(0%), DEF IV: 62(0%), Work Speed: (0%), Skills: Pyromaniac
Cremis, Level: 2, Rank: 1, Gender: Male, HP IV: 73(0%), ATK IV: 65(0%), DEF IV: 12(0%), Work Speed: (0%), Skills: Waterproof
Daedream, Level: 4, Rank: 1, Gender: Female, HP IV: 38(0%), ATK IV: 9(0%), DEF IV: 29(0%), Work Speed: (0%), Skills: Noble
Daedream, Level: 5, Rank: 1, Gender: Male, HP IV: 35(0%), ATK IV: 64(0%), DEF IV: 20(0%), Work Speed: (0%), Skills: Power of Gaia
Depresso, Level: 4, Rank: 1, Gender: Female, HP IV: 86(0%), ATK IV: 4(0%), DEF IV: 65(0%), Work Speed: (0%)
Eikthyrdeer, Level: 10, Rank: 1, Gender: Female, HP IV: 38(0%), ATK IV: 30(0%), DEF IV: 7(0%), Work Speed: (0%), Skills: Sadist
Eikthyrdeer, Level: 9, Rank: 1, Gender: Male, HP IV: 80(0%), ATK IV: 27(0%), DEF IV: 40(0%), Work Speed: (0%), Skills: Serenity
Foxparks, Level: 3, Rank: 1, Gender: Female, HP IV: 81(0%), ATK IV: 74(0%), DEF IV: 56(0%), Work Speed: (0%), Skills: Unstable
Foxparks, Level: 5, Rank: 1, Gender: Female, HP IV: 78(0%), ATK IV: 83(0%), DEF IV: 80(0%), Work Speed: (0%), Skills: Work Slave
Foxparks, Level: 8, Rank: 1, Gender: Male, HP IV: 32(0%), ATK IV: 57(0%), DEF IV: 56(0%), Work Speed: (0%), Skills: Cheery
Lamball, Level: 1, Rank: 1, Gender: Male, HP IV: 65(0%), ATK IV: 51(0%), DEF IV: 71(0%), Work Speed: (0%), Skills: Botanical Barrier
Lamball, Level: 7, Rank: 1, Gender: Female, HP IV: 74(0%), ATK IV: 81(0%), DEF IV: 37(0%), Work Speed: (0%)
Nitewing, Level: 10, Rank: 1, Gender: Male, HP IV: 0(0%), ATK IV: 33(0%), DEF IV: 29(0%), Work Speed: (0%), Skills: Downtrodden
Nitewing, Level: 10, Rank: 1, Gender: Male, HP IV: 25(0%), ATK IV: 93(0%), DEF IV: 11(0%), Work Speed: (0%), Skills: Positive Thinker
Pengullet, Level: 3, Rank: 1, Gender: Male, HP IV: 2(0%), ATK IV: 51(0%), DEF IV: 29(0%), Work Speed: (0%), Skills: Slacker
Pengullet, Level: 4, Rank: 1, Gender: Female, HP IV: 81(0%), ATK IV: 88(0%), DEF IV: 57(0%), Work Speed: (0%), Skills: Shabby
Tombat, Level: 12, Rank: 1, Gender: Female, HP IV: 99(0%), ATK IV: 12(0%), DEF IV: 60(0%), Work Speed: (0%), Skills: Fragrant Foliage
Vixy, Level: 5, Rank: 1, Gender: Male, HP IV: 82(0%), ATK IV: 14(0%), DEF IV: 83(0%), Work Speed: (0%), Skills: Swift
noneko's 19 Pals
----------------
Cattiva, Level: 7, Rank: 1, Gender: Female, HP IV: 30(0%), ATK IV: 18(0%), DEF IV: 63(0%), Work Speed: (0%), Skills: Coward, Brave
Cremis, Level: 2, Rank: 1, Gender: Male, HP IV: 20(0%), ATK IV: 71(0%), DEF IV: 62(0%), Work Speed: (0%), Skills: Pyromaniac
Cremis, Level: 2, Rank: 1, Gender: Male, HP IV: 73(0%), ATK IV: 65(0%), DEF IV: 12(0%), Work Speed: (0%), Skills: Waterproof
Daedream, Level: 4, Rank: 1, Gender: Female, HP IV: 38(0%), ATK IV: 9(0%), DEF IV: 29(0%), Work Speed: (0%), Skills: Noble
Daedream, Level: 5, Rank: 1, Gender: Male, HP IV: 35(0%), ATK IV: 64(0%), DEF IV: 20(0%), Work Speed: (0%), Skills: Power of Gaia
Depresso, Level: 4, Rank: 1, Gender: Female, HP IV: 86(0%), ATK IV: 4(0%), DEF IV: 65(0%), Work Speed: (0%)
Eikthyrdeer, Level: 10, Rank: 1, Gender: Female, HP IV: 38(0%), ATK IV: 30(0%), DEF IV: 7(0%), Work Speed: (0%), Skills: Sadist
Eikthyrdeer, Level: 9, Rank: 1, Gender: Male, HP IV: 80(0%), ATK IV: 27(0%), DEF IV: 40(0%), Work Speed: (0%), Skills: Serenity
Foxparks, Level: 3, Rank: 1, Gender: Female, HP IV: 81(0%), ATK IV: 74(0%), DEF IV: 56(0%), Work Speed: (0%), Skills: Unstable
Foxparks, Level: 5, Rank: 1, Gender: Female, HP IV: 78(0%), ATK IV: 83(0%), DEF IV: 80(0%), Work Speed: (0%), Skills: Work Slave
Foxparks, Level: 8, Rank: 1, Gender: Male, HP IV: 32(0%), ATK IV: 57(0%), DEF IV: 56(0%), Work Speed: (0%), Skills: Cheery
Lamball, Level: 1, Rank: 1, Gender: Male, HP IV: 65(0%), ATK IV: 51(0%), DEF IV: 71(0%), Work Speed: (0%), Skills: Botanical Barrier
Lamball, Level: 7, Rank: 1, Gender: Female, HP IV: 74(0%), ATK IV: 81(0%), DEF IV: 37(0%), Work Speed: (0%)
Nitewing, Level: 10, Rank: 1, Gender: Male, HP IV: 0(0%), ATK IV: 33(0%), DEF IV: 29(0%), Work Speed: (0%), Skills: Downtrodden
Nitewing, Level: 10, Rank: 1, Gender: Male, HP IV: 25(0%), ATK IV: 93(0%), DEF IV: 11(0%), Work Speed: (0%), Skills: Positive Thinker
Pengullet, Level: 3, Rank: 1, Gender: Male, HP IV: 2(0%), ATK IV: 51(0%), DEF IV: 29(0%), Work Speed: (0%), Skills: Slacker
Pengullet, Level: 4, Rank: 1, Gender: Female, HP IV: 81(0%), ATK IV: 88(0%), DEF IV: 57(0%), Work Speed: (0%), Skills: Shabby
Tombat, Level: 12, Rank: 1, Gender: Female, HP IV: 99(0%), ATK IV: 12(0%), DEF IV: 60(0%), Work Speed: (0%), Skills: Fragrant Foliage
Vixy, Level: 5, Rank: 1, Gender: Male, HP IV: 82(0%), ATK IV: 14(0%), DEF IV: 83(0%), Work Speed: (0%), Skills: Swift
noneko's 19 Pals
----------------
Cattiva, Level: 7, Rank: 1, Gender: Female, HP IV: 30(0%), ATK IV: 18(0%), DEF IV: 63(0%), Work Speed: (0%), Skills: Coward, Brave
Cremis, Level: 2, Rank: 1, Gender: Male, HP IV: 20(0%), ATK IV: 71(0%), DEF IV: 62(0%), Work Speed: (0%), Skills: Pyromaniac
Cremis, Level: 2, Rank: 1, Gender: Male, HP IV: 73(0%), ATK IV: 65(0%), DEF IV: 12(0%), Work Speed: (0%), Skills: Waterproof
Daedream, Level: 4, Rank: 1, Gender: Female, HP IV: 38(0%), ATK IV: 9(0%), DEF IV: 29(0%), Work Speed: (0%), Skills: Noble
Daedream, Level: 5, Rank: 1, Gender: Male, HP IV: 35(0%), ATK IV: 64(0%), DEF IV: 20(0%), Work Speed: (0%), Skills: Power of Gaia
Depresso, Level: 4, Rank: 1, Gender: Female, HP IV: 86(0%), ATK IV: 4(0%), DEF IV: 65(0%), Work Speed: (0%)
Eikthyrdeer, Level: 10, Rank: 1, Gender: Female, HP IV: 38(0%), ATK IV: 30(0%), DEF IV: 7(0%), Work Speed: (0%), Skills: Sadist
Eikthyrdeer, Level: 9, Rank: 1, Gender: Male, HP IV: 80(0%), ATK IV: 27(0%), DEF IV: 40(0%), Work Speed: (0%), Skills: Serenity
Foxparks, Level: 3, Rank: 1, Gender: Female, HP IV: 81(0%), ATK IV: 74(0%), DEF IV: 56(0%), Work Speed: (0%), Skills: Unstable
Foxparks, Level: 5, Rank: 1, Gender: Female, HP IV: 78(0%), ATK IV: 83(0%), DEF IV: 80(0%), Work Speed: (0%), Skills: Work Slave
Foxparks, Level: 8, Rank: 1, Gender: Male, HP IV: 32(0%), ATK IV: 57(0%), DEF IV: 56(0%), Work Speed: (0%), Skills: Cheery
Lamball, Level: 1, Rank: 1, Gender: Male, HP IV: 65(0%), ATK IV: 51(0%), DEF IV: 71(0%), Work Speed: (0%), Skills: Botanical Barrier
Lamball, Level: 7, Rank: 1, Gender: Female, HP IV: 74(0%), ATK IV: 81(0%), DEF IV: 37(0%), Work Speed: (0%)
Nitewing, Level: 10, Rank: 1, Gender: Male, HP IV: 0(0%), ATK IV: 33(0%), DEF IV: 29(0%), Work Speed: (0%), Skills: Downtrodden
Nitewing, Level: 10, Rank: 1, Gender: Male, HP IV: 25(0%), ATK IV: 93(0%), DEF IV: 11(0%), Work Speed: (0%), Skills: Positive Thinker
Pengullet, Level: 3, Rank: 1, Gender: Male, HP IV: 2(0%), ATK IV: 51(0%), DEF IV: 29(0%), Work Speed: (0%), Skills: Slacker
Pengullet, Level: 4, Rank: 1, Gender: Female, HP IV: 81(0%), ATK IV: 88(0%), DEF IV: 57(0%), Work Speed: (0%), Skills: Shabby
Tombat, Level: 12, Rank: 1, Gender: Female, HP IV: 99(0%), ATK IV: 12(0%), DEF IV: 60(0%), Work Speed: (0%), Skills: Fragrant Foliage
Vixy, Level: 5, Rank: 1, Gender: Male, HP IV: 82(0%), ATK IV: 14(0%), DEF IV: 83(0%), Work Speed: (0%), Skills: Swift
noneko's 19 Pals
----------------
Cattiva, Level: 7, Rank: 1, Gender: Female, HP IV: 30(0%), ATK IV: 18(0%), DEF IV: 63(0%), Work Speed: (0%), Skills: Coward, Brave
Cremis, Level: 2, Rank: 1, Gender: Male, HP IV: 20(0%), ATK IV: 71(0%), DEF IV: 62(0%), Work Speed: (0%), Skills: Pyromaniac
Cremis, Level: 2, Rank: 1, Gender: Male, HP IV: 73(0%), ATK IV: 65(0%), DEF IV: 12(0%), Work Speed: (0%), Skills: Waterproof
Daedream, Level: 4, Rank: 1, Gender: Female, HP IV: 38(0%), ATK IV: 9(0%), DEF IV: 29(0%), Work Speed: (0%), Skills: Noble
Daedream, Level: 5, Rank: 1, Gender: Male, HP IV: 35(0%), ATK IV: 64(0%), DEF IV: 20(0%), Work Speed: (0%), Skills: Power of Gaia
Depresso, Level: 4, Rank: 1, Gender: Female, HP IV: 86(0%), ATK IV: 4(0%), DEF IV: 65(0%), Work Speed: (0%)
Eikthyrdeer, Level: 10, Rank: 1, Gender: Female, HP IV: 38(0%), ATK IV: 30(0%), DEF IV: 7(0%), Work Speed: (0%), Skills: Sadist
Eikthyrdeer, Level: 9, Rank: 1, Gender: Male, HP IV: 80(0%), ATK IV: 27(0%), DEF IV: 40(0%), Work Speed: (0%), Skills: Serenity
Foxparks, Level: 3, Rank: 1, Gender: Female, HP IV: 81(0%), ATK IV: 74(0%), DEF IV: 56(0%), Work Speed: (0%), Skills: Unstable
Foxparks, Level: 5, Rank: 1, Gender: Female, HP IV: 78(0%), ATK IV: 83(0%), DEF IV: 80(0%), Work Speed: (0%), Skills: Work Slave
Foxparks, Level: 8, Rank: 1, Gender: Male, HP IV: 32(0%), ATK IV: 57(0%), DEF IV: 56(0%), Work Speed: (0%), Skills: Cheery
Lamball, Level: 1, Rank: 1, Gender: Male, HP IV: 65(0%), ATK IV: 51(0%), DEF IV: 71(0%), Work Speed: (0%), Skills: Botanical Barrier
Lamball, Level: 7, Rank: 1, Gender: Female, HP IV: 74(0%), ATK IV: 81(0%), DEF IV: 37(0%), Work Speed: (0%)
Nitewing, Level: 10, Rank: 1, Gender: Male, HP IV: 0(0%), ATK IV: 33(0%), DEF IV: 29(0%), Work Speed: (0%), Skills: Downtrodden
Nitewing, Level: 10, Rank: 1, Gender: Male, HP IV: 25(0%), ATK IV: 93(0%), DEF IV: 11(0%), Work Speed: (0%), Skills: Positive Thinker
Pengullet, Level: 3, Rank: 1, Gender: Male, HP IV: 2(0%), ATK IV: 51(0%), DEF IV: 29(0%), Work Speed: (0%), Skills: Slacker
Pengullet, Level: 4, Rank: 1, Gender: Female, HP IV: 81(0%), ATK IV: 88(0%), DEF IV: 57(0%), Work Speed: (0%), Skills: Shabby
Tombat, Level: 12, Rank: 1, Gender: Female, HP IV: 99(0%), ATK IV: 12(0%), DEF IV: 60(0%), Work Speed: (0%), Skills: Fragrant Foliage
Vixy, Level: 5, Rank: 1, Gender: Male, HP IV: 82(0%), ATK IV: 14(0%), DEF IV: 83(0%), Work Speed: (0%), Skills: Swift
noneko's 19 Pals
----------------
Cattiva, Level: 7, Rank: 1, Gender: Female, HP IV: 30(0%), ATK IV: 18(0%), DEF IV: 63(0%), Work Speed: (0%), Skills: Coward, Brave
Cremis, Level: 2, Rank: 1, Gender: Male, HP IV: 20(0%), ATK IV: 71(0%), DEF IV: 62(0%), Work Speed: (0%), Skills: Pyromaniac
Cremis, Level: 2, Rank: 1, Gender: Male, HP IV: 73(0%), ATK IV: 65(0%), DEF IV: 12(0%), Work Speed: (0%), Skills: Waterproof
Daedream, Level: 4, Rank: 1, Gender: Female, HP IV: 38(0%), ATK IV: 9(0%), DEF IV: 29(0%), Work Speed: (0%), Skills: Noble
Daedream, Level: 5, Rank: 1, Gender: Male, HP IV: 35(0%), ATK IV: 64(0%), DEF IV: 20(0%), Work Speed: (0%), Skills: Power of Gaia
Depresso, Level: 4, Rank: 1, Gender: Female, HP IV: 86(0%), ATK IV: 4(0%), DEF IV: 65(0%), Work Speed: (0%)
Eikthyrdeer, Level: 10, Rank: 1, Gender: Female, HP IV: 38(0%), ATK IV: 30(0%), DEF IV: 7(0%), Work Speed: (0%), Skills: Sadist
Eikthyrdeer, Level: 9, Rank: 1, Gender: Male, HP IV: 80(0%), ATK IV: 27(0%), DEF IV: 40(0%), Work Speed: (0%), Skills: Serenity
Foxparks, Level: 3, Rank: 1, Gender: Female, HP IV: 81(0%), ATK IV: 74(0%), DEF IV: 56(0%), Work Speed: (0%), Skills: Unstable
Foxparks, Level: 5, Rank: 1, Gender: Female, HP IV: 78(0%), ATK IV: 83(0%), DEF IV: 80(0%), Work Speed: (0%), Skills: Work Slave
Foxparks, Level: 8, Rank: 1, Gender: Male, HP IV: 32(0%), ATK IV: 57(0%), DEF IV: 56(0%), Work Speed: (0%), Skills: Cheery
Lamball, Level: 1, Rank: 1, Gender: Male, HP IV: 65(0%), ATK IV: 51(0%), DEF IV: 71(0%), Work Speed: (0%), Skills: Botanical Barrier
Lamball, Level: 7, Rank: 1, Gender: Female, HP IV: 74(0%), ATK IV: 81(0%), DEF IV: 37(0%), Work Speed: (0%)
Nitewing, Level: 10, Rank: 1, Gender: Male, HP IV: 0(0%), ATK IV: 33(0%), DEF IV: 29(0%), Work Speed: (0%), Skills: Downtrodden
Nitewing, Level: 10, Rank: 1, Gender: Male, HP IV: 25(0%), ATK IV: 93(0%), DEF IV: 11(0%), Work Speed: (0%), Skills: Positive Thinker
Pengullet, Level: 3, Rank: 1, Gender: Male, HP IV: 2(0%), ATK IV: 51(0%), DEF IV: 29(0%), Work Speed: (0%), Skills: Slacker
Pengullet, Level: 4, Rank: 1, Gender: Female, HP IV: 81(0%), ATK IV: 88(0%), DEF IV: 57(0%), Work Speed: (0%), Skills: Shabby
Tombat, Level: 12, Rank: 1, Gender: Female, HP IV: 99(0%), ATK IV: 12(0%), DEF IV: 60(0%), Work Speed: (0%), Skills: Fragrant Foliage
Vixy, Level: 5, Rank: 1, Gender: Male, HP IV: 82(0%), ATK IV: 14(0%), DEF IV: 83(0%), Work Speed: (0%), Skills: Swift
noneko's 19 Pals
----------------
Cattiva, Level: 7, Rank: 1, Gender: Female, HP IV: 30(0%), ATK IV: 18(0%), DEF IV: 63(0%), Work Speed: (0%), Skills: Coward, Brave
Cremis, Level: 2, Rank: 1, Gender: Male, HP IV: 20(0%), ATK IV: 71(0%), DEF IV: 62(0%), Work Speed: (0%), Skills: Pyromaniac
Cremis, Level: 2, Rank: 1, Gender: Male, HP IV: 73(0%), ATK IV: 65(0%), DEF IV: 12(0%), Work Speed: (0%), Skills: Waterproof
Daedream, Level: 4, Rank: 1, Gender: Female, HP IV: 38(0%), ATK IV: 9(0%), DEF IV: 29(0%), Work Speed: (0%), Skills: Noble
Daedream, Level: 5, Rank: 1, Gender: Male, HP IV: 35(0%), ATK IV: 64(0%), DEF IV: 20(0%), Work Speed: (0%), Skills: Power of Gaia
Depresso, Level: 4, Rank: 1, Gender: Female, HP IV: 86(0%), ATK IV: 4(0%), DEF IV: 65(0%), Work Speed: (0%)
Eikthyrdeer, Level: 10, Rank: 1, Gender: Female, HP IV: 38(0%), ATK IV: 30(0%), DEF IV: 7(0%), Work Speed: (0%), Skills: Sadist
Eikthyrdeer, Level: 9, Rank: 1, Gender: Male, HP IV: 80(0%), ATK IV: 27(0%), DEF IV: 40(0%), Work Speed: (0%), Skills: Serenity
Foxparks, Level: 3, Rank: 1, Gender: Female, HP IV: 81(0%), ATK IV: 74(0%), DEF IV: 56(0%), Work Speed: (0%), Skills: Unstable
Foxparks, Level: 5, Rank: 1, Gender: Female, HP IV: 78(0%), ATK IV: 83(0%), DEF IV: 80(0%), Work Speed: (0%), Skills: Work Slave
Foxparks, Level: 8, Rank: 1, Gender: Male, HP IV: 32(0%), ATK IV: 57(0%), DEF IV: 56(0%), Work Speed: (0%), Skills: Cheery
Lamball, Level: 1, Rank: 1, Gender: Male, HP IV: 65(0%), ATK IV: 51(0%), DEF IV: 71(0%), Work Speed: (0%), Skills: Botanical Barrier
Lamball, Level: 7, Rank: 1, Gender: Female, HP IV: 74(0%), ATK IV: 81(0%), DEF IV: 37(0%), Work Speed: (0%)
Nitewing, Level: 10, Rank: 1, Gender: Male, HP IV: 0(0%), ATK IV: 33(0%), DEF IV: 29(0%), Work Speed: (0%), Skills: Downtrodden
Nitewing, Level: 10, Rank: 1, Gender: Male, HP IV: 25(0%), ATK IV: 93(0%), DEF IV: 11(0%), Work Speed: (0%), Skills: Positive Thinker
Pengullet, Level: 3, Rank: 1, Gender: Male, HP IV: 2(0%), ATK IV: 51(0%), DEF IV: 29(0%), Work Speed: (0%), Skills: Slacker
Pengullet, Level: 4, Rank: 1, Gender: Female, HP IV: 81(0%), ATK IV: 88(0%), DEF IV: 57(0%), Work Speed: (0%), Skills: Shabby
Tombat, Level: 12, Rank: 1, Gender: Female, HP IV: 99(0%), ATK IV: 12(0%), DEF IV: 60(0%), Work Speed: (0%), Skills: Fragrant Foliage
Vixy, Level: 5, Rank: 1, Gender: Male, HP IV: 82(0%), ATK IV: 14(0%), DEF IV: 83(0%), Work Speed: (0%), Skills: Swift
noneko's 19 Pals
----------------
Cattiva, Level: 7, Rank: 1, Gender: Female, HP IV: 30(0%), ATK IV: 18(0%), DEF IV: 63(0%), Work Speed: (0%), Skills: Coward, Brave
Cremis, Level: 2, Rank: 1, Gender: Male, HP IV: 20(0%), ATK IV: 71(0%), DEF IV: 62(0%), Work Speed: (0%), Skills: Pyromaniac
Cremis, Level: 2, Rank: 1, Gender: Male, HP IV: 73(0%), ATK IV: 65(0%), DEF IV: 12(0%), Work Speed: (0%), Skills: Waterproof
Daedream, Level: 4, Rank: 1, Gender: Female, HP IV: 38(0%), ATK IV: 9(0%), DEF IV: 29(0%), Work Speed: (0%), Skills: Noble
Daedream, Level: 5, Rank: 1, Gender: Male, HP IV: 35(0%), ATK IV: 64(0%), DEF IV: 20(0%), Work Speed: (0%), Skills: Power of Gaia
Depresso, Level: 4, Rank: 1, Gender: Female, HP IV: 86(0%), ATK IV: 4(0%), DEF IV: 65(0%), Work Speed: (0%)
Eikthyrdeer, Level: 10, Rank: 1, Gender: Female, HP IV: 38(0%), ATK IV: 30(0%), DEF IV: 7(0%), Work Speed: (0%), Skills: Sadist
Eikthyrdeer, Level: 9, Rank: 1, Gender: Male, HP IV: 80(0%), ATK IV: 27(0%), DEF IV: 40(0%), Work Speed: (0%), Skills: Serenity
Foxparks, Level: 3, Rank: 1, Gender: Female, HP IV: 81(0%), ATK IV: 74(0%), DEF IV: 56(0%), Work Speed: (0%), Skills: Unstable
Foxparks, Level: 5, Rank: 1, Gender: Female, HP IV: 78(0%), ATK IV: 83(0%), DEF IV: 80(0%), Work Speed: (0%), Skills: Work Slave
Foxparks, Level: 8, Rank: 1, Gender: Male, HP IV: 32(0%), ATK IV: 57(0%), DEF IV: 56(0%), Work Speed: (0%), Skills: Cheery
Lamball, Level: 1, Rank: 1, Gender: Male, HP IV: 65(0%), ATK IV: 51(0%), DEF IV: 71(0%), Work Speed: (0%), Skills: Botanical Barrier
Lamball, Level: 7, Rank: 1, Gender: Female, HP IV: 74(0%), ATK IV: 81(0%), DEF IV: 37(0%), Work Speed: (0%)
Nitewing, Level: 10, Rank: 1, Gender: Male, HP IV: 0(0%), ATK IV: 33(0%), DEF IV: 29(0%), Work Speed: (0%), Skills: Downtrodden
Nitewing, Level: 10, Rank: 1, Gender: Male, HP IV: 25(0%), ATK IV: 93(0%), DEF IV: 11(0%), Work Speed: (0%), Skills: Positive Thinker
Pengullet, Level: 3, Rank: 1, Gender: Male, HP IV: 2(0%), ATK IV: 51(0%), DEF IV: 29(0%), Work Speed: (0%), Skills: Slacker
Pengullet, Level: 4, Rank: 1, Gender: Female, HP IV: 81(0%), ATK IV: 88(0%), DEF IV: 57(0%), Work Speed: (0%), Skills: Shabby
Tombat, Level: 12, Rank: 1, Gender: Female, HP IV: 99(0%), ATK IV: 12(0%), DEF IV: 60(0%), Work Speed: (0%), Skills: Fragrant Foliage
Vixy, Level: 5, Rank: 1, Gender: Male, HP IV: 82(0%), ATK IV: 14(0%), DEF IV: 83(0%), Work Speed: (0%), Skills: Swift
noneko's 19 Pals
----------------
Cattiva, Level: 7, Rank: 1, Gender: Female, HP IV: 30(0%), ATK IV: 18(0%), DEF IV: 63(0%), Work Speed: (0%), Skills: Coward, Brave
Cremis, Level: 2, Rank: 1, Gender: Male, HP IV: 20(0%), ATK IV: 71(0%), DEF IV: 62(0%), Work Speed: (0%), Skills: Pyromaniac
Cremis, Level: 2, Rank: 1, Gender: Male, HP IV: 73(0%), ATK IV: 65(0%), DEF IV: 12(0%), Work Speed: (0%), Skills: Waterproof
Daedream, Level: 4, Rank: 1, Gender: Female, HP IV: 38(0%), ATK IV: 9(0%), DEF IV: 29(0%), Work Speed: (0%), Skills: Noble
Daedream, Level: 5, Rank: 1, Gender: Male, HP IV: 35(0%), ATK IV: 64(0%), DEF IV: 20(0%), Work Speed: (0%), Skills: Power of Gaia
Depresso, Level: 4, Rank: 1, Gender: Female, HP IV: 86(0%), ATK IV: 4(0%), DEF IV: 65(0%), Work Speed: (0%)
Eikthyrdeer, Level: 10, Rank: 1, Gender: Female, HP IV: 38(0%), ATK IV: 30(0%), DEF IV: 7(0%), Work Speed: (0%), Skills: Sadist
Eikthyrdeer, Level: 9, Rank: 1, Gender: Male, HP IV: 80(0%), ATK IV: 27(0%), DEF IV: 40(0%), Work Speed: (0%), Skills: Serenity
Foxparks, Level: 3, Rank: 1, Gender: Female, HP IV: 81(0%), ATK IV: 74(0%), DEF IV: 56(0%), Work Speed: (0%), Skills: Unstable
Foxparks, Level: 5, Rank: 1, Gender: Female, HP IV: 78(0%), ATK IV: 83(0%), DEF IV: 80(0%), Work Speed: (0%), Skills: Work Slave
Foxparks, Level: 8, Rank: 1, Gender: Male, HP IV: 32(0%), ATK IV: 57(0%), DEF IV: 56(0%), Work Speed: (0%), Skills: Cheery
Lamball, Level: 1, Rank: 1, Gender: Male, HP IV: 65(0%), ATK IV: 51(0%), DEF IV: 71(0%), Work Speed: (0%), Skills: Botanical Barrier
Lamball, Level: 7, Rank: 1, Gender: Female, HP IV: 74(0%), ATK IV: 81(0%), DEF IV: 37(0%), Work Speed: (0%)
Nitewing, Level: 10, Rank: 1, Gender: Male, HP IV: 0(0%), ATK IV: 33(0%), DEF IV: 29(0%), Work Speed: (0%), Skills: Downtrodden
Nitewing, Level: 10, Rank: 1, Gender: Male, HP IV: 25(0%), ATK IV: 93(0%), DEF IV: 11(0%), Work Speed: (0%), Skills: Positive Thinker
Pengullet, Level: 3, Rank: 1, Gender: Male, HP IV: 2(0%), ATK IV: 51(0%), DEF IV: 29(0%), Work Speed: (0%), Skills: Slacker
Pengullet, Level: 4, Rank: 1, Gender: Female, HP IV: 81(0%), ATK IV: 88(0%), DEF IV: 57(0%), Work Speed: (0%), Skills: Shabby
Tombat, Level: 12, Rank: 1, Gender: Female, HP IV: 99(0%), ATK IV: 12(0%), DEF IV: 60(0%), Work Speed: (0%), Skills: Fragrant Foliage
Vixy, Level: 5, Rank: 1, Gender: Male, HP IV: 82(0%), ATK IV: 14(0%), DEF IV: 83(0%), Work Speed: (0%), Skills: Swift
noneko's 19 Pals
----------------
Cattiva, Level: 7, Rank: 1, Gender: Female, HP IV: 30(0%), ATK IV: 18(0%), DEF IV: 63(0%), Work Speed: (0%), Skills: Coward, Brave
Cremis, Level: 2, Rank: 1, Gender: Male, HP IV: 20(0%), ATK IV: 71(0%), DEF IV: 62(0%), Work Speed: (0%), Skills: Pyromaniac
Cremis, Level: 2, Rank: 1, Gender: Male, HP IV: 73(0%), ATK IV: 65(0%), DEF IV: 12(0%), Work Speed: (0%), Skills: Waterproof
Daedream, Level: 4, Rank: 1, Gender: Female, HP IV: 38(0%), ATK IV: 9(0%), DEF IV: 29(0%), Work Speed: (0%), Skills: Noble
Daedream, Level: 5, Rank: 1, Gender: Male, HP IV: 35(0%), ATK IV: 64(0%), DEF IV: 20(0%), Work Speed: (0%), Skills: Power of Gaia
Depresso, Level: 4, Rank: 1, Gender: Female, HP IV: 86(0%), ATK IV: 4(0%), DEF IV: 65(0%), Work Speed: (0%)
Eikthyrdeer, Level: 10, Rank: 1, Gender: Female, HP IV: 38(0%), ATK IV: 30(0%), DEF IV: 7(0%), Work Speed: (0%), Skills: Sadist
Eikthyrdeer, Level: 9, Rank: 1, Gender: Male, HP IV: 80(0%), ATK IV: 27(0%), DEF IV: 40(0%), Work Speed: (0%), Skills: Serenity
Foxparks, Level: 3, Rank: 1, Gender: Female, HP IV: 81(0%), ATK IV: 74(0%), DEF IV: 56(0%), Work Speed: (0%), Skills: Unstable
Foxparks, Level: 5, Rank: 1, Gender: Female, HP IV: 78(0%), ATK IV: 83(0%), DEF IV: 80(0%), Work Speed: (0%), Skills: Work Slave
Foxparks, Level: 8, Rank: 1, Gender: Male, HP IV: 32(0%), ATK IV: 57(0%), DEF IV: 56(0%), Work Speed: (0%), Skills: Cheery
Lamball, Level: 1, Rank: 1, Gender: Male, HP IV: 65(0%), ATK IV: 51(0%), DEF IV: 71(0%), Work Speed: (0%), Skills: Botanical Barrier
Lamball, Level: 7, Rank: 1, Gender: Female, HP IV: 74(0%), ATK IV: 81(0%), DEF IV: 37(0%), Work Speed: (0%)
Nitewing, Level: 10, Rank: 1, Gender: Male, HP IV: 0(0%), ATK IV: 33(0%), DEF IV: 29(0%), Work Speed: (0%), Skills: Downtrodden
Nitewing, Level: 10, Rank: 1, Gender: Male, HP IV: 25(0%), ATK IV: 93(0%), DEF IV: 11(0%), Work Speed: (0%), Skills: Positive Thinker
Pengullet, Level: 3, Rank: 1, Gender: Male, HP IV: 2(0%), ATK IV: 51(0%), DEF IV: 29(0%), Work Speed: (0%), Skills: Slacker
Pengullet, Level: 4, Rank: 1, Gender: Female, HP IV: 81(0%), ATK IV: 88(0%), DEF IV: 57(0%), Work Speed: (0%), Skills: Shabby
Tombat, Level: 12, Rank: 1, Gender: Female, HP IV: 99(0%), ATK IV: 12(0%), DEF IV: 60(0%), Work Speed: (0%), Skills: Fragrant Foliage
Vixy, Level: 5, Rank: 1, Gender: Male, HP IV: 82(0%), ATK IV: 14(0%), DEF IV: 83(0%), Work Speed: (0%), Skills: Swift
noneko's 19 Pals
----------------
Cattiva, Level: 7, Rank: 1, Gender: Female, HP IV: 30(0%), ATK IV: 18(0%), DEF IV: 63(0%), Work Speed: (0%), Skills: Coward, Brave
Cremis, Level: 2, Rank: 1, Gender: Male, HP IV: 20(0%), ATK IV: 71(0%), DEF IV: 62(0%), Work Speed: (0%), Skills: Pyromaniac
Cremis, Level: 2, Rank: 1, Gender: Male, HP IV: 73(0%), ATK IV: 65(0%), DEF IV: 12(0%), Work Speed: (0%), Skills: Waterproof
Daedream, Level: 4, Rank: 1, Gender: Female, HP IV: 38(0%), ATK IV: 9(0%), DEF IV: 29(0%), Work Speed: (0%), Skills: Noble
Daedream, Level: 5, Rank: 1, Gender: Male, HP IV: 35(0%), ATK IV: 64(0%), DEF IV: 20(0%), Work Speed: (0%), Skills: Power of Gaia
Depresso, Level: 4, Rank: 1, Gender: Female, HP IV: 86(0%), ATK IV: 4(0%), DEF IV: 65(0%), Work Speed: (0%)
Eikthyrdeer, Level: 10, Rank: 1, Gender: Female, HP IV: 38(0%), ATK IV: 30(0%), DEF IV: 7(0%), Work Speed: (0%), Skills: Sadist
Eikthyrdeer, Level: 9, Rank: 1, Gender: Male, HP IV: 80(0%), ATK IV: 27(0%), DEF IV: 40(0%), Work Speed: (0%), Skills: Serenity
Foxparks, Level: 3, Rank: 1, Gender: Female, HP IV: 81(0%), ATK IV: 74(0%), DEF IV: 56(0%), Work Speed: (0%), Skills: Unstable
Foxparks, Level: 5, Rank: 1, Gender: Female, HP IV: 78(0%), ATK IV: 83(0%), DEF IV: 80(0%), Work Speed: (0%), Skills: Work Slave
Foxparks, Level: 8, Rank: 1, Gender: Male, HP IV: 32(0%), ATK IV: 57(0%), DEF IV: 56(0%), Work Speed: (0%), Skills: Cheery
Lamball, Level: 1, Rank: 1, Gender: Male, HP IV: 65(0%), ATK IV: 51(0%), DEF IV: 71(0%), Work Speed: (0%), Skills: Botanical Barrier
Lamball, Level: 7, Rank: 1, Gender: Female, HP IV: 74(0%), ATK IV: 81(0%), DEF IV: 37(0%), Work Speed: (0%)
Nitewing, Level: 10, Rank: 1, Gender: Male, HP IV: 0(0%), ATK IV: 33(0%), DEF IV: 29(0%), Work Speed: (0%), Skills: Downtrodden
Nitewing, Level: 10, Rank: 1, Gender: Male, HP IV: 25(0%), ATK IV: 93(0%), DEF IV: 11(0%), Work Speed: (0%), Skills: Positive Thinker
Pengullet, Level: 3, Rank: 1, Gender: Male, HP IV: 2(0%), ATK IV: 51(0%), DEF IV: 29(0%), Work Speed: (0%), Skills: Slacker
Pengullet, Level: 4, Rank: 1, Gender: Female, HP IV: 81(0%), ATK IV: 88(0%), DEF IV: 57(0%), Work Speed: (0%), Skills: Shabby
Tombat, Level: 12, Rank: 1, Gender: Female, HP IV: 99(0%), ATK IV: 12(0%), DEF IV: 60(0%), Work Speed: (0%), Skills: Fragrant Foliage
Vixy, Level: 5, Rank: 1, Gender: Male, HP IV: 82(0%), ATK IV: 14(0%), DEF IV: 83(0%), Work Speed: (0%), Skills: Swift
