nova620's 3 Pals
----------------
Swee, Level: 8, Rank: 1, Gender: Female, HP IV: 86(0%), ATK IV: 42(0%), DEF IV: 17(0%), Work Speed: (0%), Skills: Pacifist
Tombat, Level: 11, Rank: 1, Gender: Female, HP IV: 23(0%), ATK IV: 21(0%), DEF IV: 1(0%), Work Speed: (0%), Skills: Serious
Vixy, Level: 8, Rank: 1, Gender: Male, HP IV: 16(0%), ATK IV: 17(0%), DEF IV: 95(0%), Work Speed: (0%), Skills: Nimble
nova620's 3 Pals
----------------
Swee, Level: 8, Rank: 1, Gender: Female, HP IV: 86(0%), ATK IV: 42(0%), DEF IV: 17(0%), Work Speed: (0%), Skills: Pacifist
Tombat, Level: 11, Rank: 1, Gender: Female, HP IV: 23(0%), ATK IV: 21(0%), DEF IV: 1(0%), Work Speed: (0%), Skills: Serious
Vixy, Level: 8, Rank: 1, Gender: Male, HP IV: 16(0%), ATK IV: 17(0%), DEF IV: 95(0%), Work Speed: (0%), Skills: Nimble
nova620's 3 Pals
----------------
Swee, Level: 8, Rank: 1, Gender: Female, HP IV: 86(0%), ATK IV: 42(0%), DEF IV: 17(0%), Work Speed: (0%), Skills: Pacifist
Tombat, Level: 11, Rank: 1, Gender: Female, HP IV: 23(0%), ATK IV: 21(0%), DEF IV: 1(0%), Work Speed: (0%), Skills: Serious
Vixy, Level: 8, Rank: 1, Gender: Male, HP IV: 16(0%), ATK IV: 17(0%), DEF IV: 95(0%), Work Speed: (0%), Skills: Nimble
nova620's 3 Pals
----------------
Swee, Level: 8, Rank: 1, Gender: Female, HP IV: 86(0%), ATK IV: 42(0%), DEF IV: 17(0%), Work Speed: (0%), Skills: Pacifist
Tombat, Level: 11, Rank: 1, Gender: Female, HP IV: 23(0%), ATK IV: 21(0%), DEF IV: 1(0%), Work Speed: (0%), Skills: Serious
Vixy, Level: 8, Rank: 1, Gender: Male, HP IV: 16(0%), ATK IV: 17(0%), DEF IV: 95(0%), Work Speed: (0%), Skills: Nimble
nova620's 3 Pals
----------------
Swee, Level: 8, Rank: 1, Gender: Female, HP IV: 86(0%), ATK IV: 42(0%), DEF IV: 17(0%), Work Speed: (0%), Skills: Pacifist
Tombat, Level: 11, Rank: 1, Gender: Female, HP IV: 23(0%), ATK IV: 21(0%), DEF IV: 1(0%), Work Speed: (0%), Skills: Serious
Vixy, Level: 8, Rank: 1, Gender: Male, HP IV: 16(0%), ATK IV: 17(0%), DEF IV: 95(0%), Work Speed: (0%), Skills: Nimble
nova620's 3 Pals
----------------
Swee, Level: 8, Rank: 1, Gender: Female, HP IV: 86(0%), ATK IV: 42(0%), DEF IV: 17(0%), Work Speed: (0%), Skills: Pacifist
Tombat, Level: 11, Rank: 1, Gender: Female, HP IV: 23(0%), ATK IV: 21(0%), DEF IV: 1(0%), Work Speed: (0%), Skills: Serious
Vixy, Level: 8, Rank: 1, Gender: Male, HP IV: 16(0%), ATK IV: 17(0%), DEF IV: 95(0%), Work Speed: (0%), Skills: Nimble
nova620's 3 Pals
----------------
Swee, Level: 8, Rank: 1, Gender: Female, HP IV: 86(0%), ATK IV: 42(0%), DEF IV: 17(0%), Work Speed: (0%), Skills: Pacifist
Tombat, Level: 11, Rank: 1, Gender: Female, HP IV: 23(0%), ATK IV: 21(0%), DEF IV: 1(0%), Work Speed: (0%), Skills: Serious
Vixy, Level: 8, Rank: 1, Gender: Male, HP IV: 16(0%), ATK IV: 17(0%), DEF IV: 95(0%), Work Speed: (0%), Skills: Nimble
nova620's 3 Pals
----------------
Swee, Level: 8, Rank: 1, Gender: Female, HP IV: 86(0%), ATK IV: 42(0%), DEF IV: 17(0%), Work Speed: (0%), Skills: Pacifist
Tombat, Level: 11, Rank: 1, Gender: Female, HP IV: 23(0%), ATK IV: 21(0%), DEF IV: 1(0%), Work Speed: (0%), Skills: Serious
Vixy, Level: 8, Rank: 1, Gender: Male, HP IV: 16(0%), ATK IV: 17(0%), DEF IV: 95(0%), Work Speed: (0%), Skills: Nimble
nova620's 3 Pals
----------------
Swee, Level: 8, Rank: 1, Gender: Female, HP IV: 86(0%), ATK IV: 42(0%), DEF IV: 17(0%), Work Speed: (0%), Skills: Pacifist
Tombat, Level: 11, Rank: 1, Gender: Female, HP IV: 23(0%), ATK IV: 21(0%), DEF IV: 1(0%), Work Speed: (0%), Skills: Serious
Vixy, Level: 8, Rank: 1, Gender: Male, HP IV: 16(0%), ATK IV: 17(0%), DEF IV: 95(0%), Work Speed: (0%), Skills: Nimble
nova620's 3 Pals
----------------
Swee, Level: 8, Rank: 1, Gender: Female, HP IV: 86(0%), ATK IV: 42(0%), DEF IV: 17(0%), Work Speed: (0%), Skills: Pacifist
Tombat, Level: 11, Rank: 1, Gender: Female, HP IV: 23(0%), ATK IV: 21(0%), DEF IV: 1(0%), Work Speed: (0%), Skills: Serious
Vixy, Level: 8, Rank: 1, Gender: Male, HP IV: 16(0%), ATK IV: 17(0%), DEF IV: 95(0%), Work Speed: (0%), Skills: Nimble
nova620's 3 Pals
----------------
Swee, Level: 8, Rank: 1, Gender: Female, HP IV: 86(0%), ATK IV: 42(0%), DEF IV: 17(0%), Work Speed: (0%), Skills: Pacifist
Tombat, Level: 11, Rank: 1, Gender: Female, HP IV: 23(0%), ATK IV: 21(0%), DEF IV: 1(0%), Work Speed: (0%), Skills: Serious
Vixy, Level: 8, Rank: 1, Gender: Male, HP IV: 16(0%), ATK IV: 17(0%), DEF IV: 95(0%), Work Speed: (0%), Skills: Nimble
nova620's 3 Pals
----------------
Swee, Level: 8, Rank: 1, Gender: Female, HP IV: 86(0%), ATK IV: 42(0%), DEF IV: 17(0%), Work Speed: (0%), Skills: Pacifist
Tombat, Level: 11, Rank: 1, Gender: Female, HP IV: 23(0%), ATK IV: 21(0%), DEF IV: 1(0%), Work Speed: (0%), Skills: Serious
Vixy, Level: 8, Rank: 1, Gender: Male, HP IV: 16(0%), ATK IV: 17(0%), DEF IV: 95(0%), Work Speed: (0%), Skills: Nimble
nova620's 3 Pals
----------------
Swee, Level: 8, Rank: 1, Gender: Female, HP IV: 86(0%), ATK IV: 42(0%), DEF IV: 17(0%), Work Speed: (0%), Skills: Pacifist
Tombat, Level: 11, Rank: 1, Gender: Female, HP IV: 23(0%), ATK IV: 21(0%), DEF IV: 1(0%), Work Speed: (0%), Skills: Serious
Vixy, Level: 8, Rank: 1, Gender: Male, HP IV: 16(0%), ATK IV: 17(0%), DEF IV: 95(0%), Work Speed: (0%), Skills: Nimble
nova620's 3 Pals
----------------
Swee, Level: 8, Rank: 1, Gender: Female, HP IV: 86(0%), ATK IV: 42(0%), DEF IV: 17(0%), Work Speed: (0%), Skills: Pacifist
Tombat, Level: 11, Rank: 1, Gender: Female, HP IV: 23(0%), ATK IV: 21(0%), DEF IV: 1(0%), Work Speed: (0%), Skills: Serious
Vixy, Level: 8, Rank: 1, Gender: Male, HP IV: 16(0%), ATK IV: 17(0%), DEF IV: 95(0%), Work Speed: (0%), Skills: Nimble
