NoWeebsHere's 3 Pals
--------------------
Cattiva, Level: 4, Rank: 1, Gender: Male, HP IV: 49(0%), ATK IV: 27(0%), DEF IV: 83(0%), Work Speed: (0%), Skills: Coward, Easygoing
Foxparks, Level: 6, Rank: 1, Gender: Male, HP IV: 4(0%), ATK IV: 87(0%), DEF IV: 54(0%), Work Speed: (0%), Skills: Hard Skin
Pengullet, Level: 7, Rank: 1, Gender: Female, HP IV: 53(0%), ATK IV: 6(0%), DEF IV: 85(0%), Work Speed: (0%), Skills: Shabby
NoWeebsHere's 3 Pals
--------------------
Cattiva, Level: 4, Rank: 1, Gender: Male, HP IV: 49(0%), ATK IV: 27(0%), DEF IV: 83(0%), Work Speed: (0%), Skills: Coward, Easygoing
Foxparks, Level: 6, Rank: 1, Gender: Male, HP IV: 4(0%), ATK IV: 87(0%), DEF IV: 54(0%), Work Speed: (0%), Skills: Hard Skin
Pengullet, Level: 7, Rank: 1, Gender: Female, HP IV: 53(0%), ATK IV: 6(0%), DEF IV: 85(0%), Work Speed: (0%), Skills: Shabby
NoWeebsHere's 3 Pals
--------------------
Cattiva, Level: 4, Rank: 1, Gender: Male, HP IV: 49(0%), ATK IV: 27(0%), DEF IV: 83(0%), Work Speed: (0%), Skills: Coward, Easygoing
Foxparks, Level: 6, Rank: 1, Gender: Male, HP IV: 4(0%), ATK IV: 87(0%), DEF IV: 54(0%), Work Speed: (0%), Skills: Hard Skin
Pengullet, Level: 7, Rank: 1, Gender: Female, HP IV: 53(0%), ATK IV: 6(0%), DEF IV: 85(0%), Work Speed: (0%), Skills: Shabby
NoWeebsHere's 3 Pals
--------------------
Cattiva, Level: 4, Rank: 1, Gender: Male, HP IV: 49(0%), ATK IV: 27(0%), DEF IV: 83(0%), Work Speed: (0%), Skills: Coward, Easygoing
Foxparks, Level: 6, Rank: 1, Gender: Male, HP IV: 4(0%), ATK IV: 87(0%), DEF IV: 54(0%), Work Speed: (0%), Skills: Hard Skin
Pengullet, Level: 7, Rank: 1, Gender: Female, HP IV: 53(0%), ATK IV: 6(0%), DEF IV: 85(0%), Work Speed: (0%), Skills: Shabby
NoWeebsHere's 3 Pals
--------------------
Cattiva, Level: 4, Rank: 1, Gender: Male, HP IV: 49(0%), ATK IV: 27(0%), DEF IV: 83(0%), Work Speed: (0%), Skills: Coward, Easygoing
Foxparks, Level: 6, Rank: 1, Gender: Male, HP IV: 4(0%), ATK IV: 87(0%), DEF IV: 54(0%), Work Speed: (0%), Skills: Hard Skin
Pengullet, Level: 7, Rank: 1, Gender: Female, HP IV: 53(0%), ATK IV: 6(0%), DEF IV: 85(0%), Work Speed: (0%), Skills: Shabby
NoWeebsHere's 3 Pals
--------------------
Cattiva, Level: 4, Rank: 1, Gender: Male, HP IV: 49(0%), ATK IV: 27(0%), DEF IV: 83(0%), Work Speed: (0%), Skills: Coward, Easygoing
Foxparks, Level: 6, Rank: 1, Gender: Male, HP IV: 4(0%), ATK IV: 87(0%), DEF IV: 54(0%), Work Speed: (0%), Skills: Hard Skin
Pengullet, Level: 7, Rank: 1, Gender: Female, HP IV: 53(0%), ATK IV: 6(0%), DEF IV: 85(0%), Work Speed: (0%), Skills: Shabby
NoWeebsHere's 3 Pals
--------------------
Cattiva, Level: 4, Rank: 1, Gender: Male, HP IV: 49(0%), ATK IV: 27(0%), DEF IV: 83(0%), Work Speed: (0%), Skills: Coward, Easygoing
Foxparks, Level: 6, Rank: 1, Gender: Male, HP IV: 4(0%), ATK IV: 87(0%), DEF IV: 54(0%), Work Speed: (0%), Skills: Hard Skin
Pengullet, Level: 7, Rank: 1, Gender: Female, HP IV: 53(0%), ATK IV: 6(0%), DEF IV: 85(0%), Work Speed: (0%), Skills: Shabby
NoWeebsHere's 3 Pals
--------------------
Cattiva, Level: 4, Rank: 1, Gender: Male, HP IV: 49(0%), ATK IV: 27(0%), DEF IV: 83(0%), Work Speed: (0%), Skills: Coward, Easygoing
Foxparks, Level: 6, Rank: 1, Gender: Male, HP IV: 4(0%), ATK IV: 87(0%), DEF IV: 54(0%), Work Speed: (0%), Skills: Hard Skin
Pengullet, Level: 7, Rank: 1, Gender: Female, HP IV: 53(0%), ATK IV: 6(0%), DEF IV: 85(0%), Work Speed: (0%), Skills: Shabby
NoWeebsHere's 3 Pals
--------------------
Cattiva, Level: 4, Rank: 1, Gender: Male, HP IV: 49(0%), ATK IV: 27(0%), DEF IV: 83(0%), Work Speed: (0%), Skills: Coward, Easygoing
Foxparks, Level: 6, Rank: 1, Gender: Male, HP IV: 4(0%), ATK IV: 87(0%), DEF IV: 54(0%), Work Speed: (0%), Skills: Hard Skin
Pengullet, Level: 7, Rank: 1, Gender: Female, HP IV: 53(0%), ATK IV: 6(0%), DEF IV: 85(0%), Work Speed: (0%), Skills: Shabby
NoWeebsHere's 3 Pals
--------------------
Cattiva, Level: 4, Rank: 1, Gender: Male, HP IV: 49(0%), ATK IV: 27(0%), DEF IV: 83(0%), Work Speed: (0%), Skills: Coward, Easygoing
Foxparks, Level: 6, Rank: 1, Gender: Male, HP IV: 4(0%), ATK IV: 87(0%), DEF IV: 54(0%), Work Speed: (0%), Skills: Hard Skin
Pengullet, Level: 7, Rank: 1, Gender: Female, HP IV: 53(0%), ATK IV: 6(0%), DEF IV: 85(0%), Work Speed: (0%), Skills: Shabby
NoWeebsHere's 3 Pals
--------------------
Cattiva, Level: 4, Rank: 1, Gender: Male, HP IV: 49(0%), ATK IV: 27(0%), DEF IV: 83(0%), Work Speed: (0%), Skills: Coward, Easygoing
Foxparks, Level: 6, Rank: 1, Gender: Male, HP IV: 4(0%), ATK IV: 87(0%), DEF IV: 54(0%), Work Speed: (0%), Skills: Hard Skin
Pengullet, Level: 7, Rank: 1, Gender: Female, HP IV: 53(0%), ATK IV: 6(0%), DEF IV: 85(0%), Work Speed: (0%), Skills: Shabby
NoWeebsHere's 3 Pals
--------------------
Cattiva, Level: 4, Rank: 1, Gender: Male, HP IV: 49(0%), ATK IV: 27(0%), DEF IV: 83(0%), Work Speed: (0%), Skills: Coward, Easygoing
Foxparks, Level: 6, Rank: 1, Gender: Male, HP IV: 4(0%), ATK IV: 87(0%), DEF IV: 54(0%), Work Speed: (0%), Skills: Hard Skin
Pengullet, Level: 7, Rank: 1, Gender: Female, HP IV: 53(0%), ATK IV: 6(0%), DEF IV: 85(0%), Work Speed: (0%), Skills: Shabby
NoWeebsHere's 3 Pals
--------------------
Cattiva, Level: 4, Rank: 1, Gender: Male, HP IV: 49(0%), ATK IV: 27(0%), DEF IV: 83(0%), Work Speed: (0%), Skills: Coward, Easygoing
Foxparks, Level: 6, Rank: 1, Gender: Male, HP IV: 4(0%), ATK IV: 87(0%), DEF IV: 54(0%), Work Speed: (0%), Skills: Hard Skin
Pengullet, Level: 7, Rank: 1, Gender: Female, HP IV: 53(0%), ATK IV: 6(0%), DEF IV: 85(0%), Work Speed: (0%), Skills: Shabby
NoWeebsHere's 3 Pals
--------------------
Cattiva, Level: 4, Rank: 1, Gender: Male, HP IV: 49(0%), ATK IV: 27(0%), DEF IV: 83(0%), Work Speed: (0%), Skills: Coward, Easygoing
Foxparks, Level: 6, Rank: 1, Gender: Male, HP IV: 4(0%), ATK IV: 87(0%), DEF IV: 54(0%), Work Speed: (0%), Skills: Hard Skin
Pengullet, Level: 7, Rank: 1, Gender: Female, HP IV: 53(0%), ATK IV: 6(0%), DEF IV: 85(0%), Work Speed: (0%), Skills: Shabby
