Oni Bunny's 10 Pals
-------------------
Cremis, Level: 9, Rank: 1, Gender: Male, HP IV: 98(0%), ATK IV: 83(0%), DEF IV: 25(0%), Work Speed: (0%), Skills: Runner, Serious, Sickly
Croajiro, Level: 9, Rank: 1, Gender: Male, HP IV: 41(0%), ATK IV: 61(0%), DEF IV: 95(0%), Work Speed: (0%), Skills: Serious
Depresso, Level: 6, Rank: 1, Gender: Female, HP IV: 82(0%), ATK IV: 85(0%), DEF IV: 23(0%), Work Speed: (0%), Skills: Fragrant Foliage
Direhowl, Level: 5, Rank: 1, Gender: Female, HP IV: 61(0%), ATK IV: 93(0%), DEF IV: 73(0%), Work Speed: (0%), Skills: Bottomless Stomach
Gumoss, Level: 9, Rank: 1, Gender: Female, HP IV: 49(0%), ATK IV: 98(0%), DEF IV: 34(0%), Work Speed: (0%), Skills: Downtrodden
Jolthog Cryst, Level: 6, Rank: 1, Gender: Female, HP IV: 75(0%), ATK IV: 26(0%), DEF IV: 4(0%), Work Speed: (0%), Skills: Cheery
Lifmunk, Level: 5, Rank: 1, Gender: Male, HP IV: 81(0%), ATK IV: 56(0%), DEF IV: 71(0%), Work Speed: (0%), Skills: Aggressive
Nitewing, Level: 9, Rank: 1, Gender: Male, HP IV: 3(0%), ATK IV: 90(0%), DEF IV: 54(0%), Work Speed: (0%), Skills: Dainty Eater
Tanzee, Level: 6, Rank: 1, Gender: Female, HP IV: 100(0%), ATK IV: 41(0%), DEF IV: 54(0%), Work Speed: (0%), Skills: Vanguard
Vixy, Level: 9, Rank: 1, Gender: Female, HP IV: 68(0%), ATK IV: 32(0%), DEF IV: 54(0%), Work Speed: (0%), Skills: Downtrodden
Oni Bunny's 10 Pals
-------------------
Cremis, Level: 9, Rank: 1, Gender: Male, HP IV: 98(0%), ATK IV: 83(0%), DEF IV: 25(0%), Work Speed: (0%), Skills: Runner, Serious, Sickly
Croajiro, Level: 9, Rank: 1, Gender: Male, HP IV: 41(0%), ATK IV: 61(0%), DEF IV: 95(0%), Work Speed: (0%), Skills: Serious
Depresso, Level: 6, Rank: 1, Gender: Female, HP IV: 82(0%), ATK IV: 85(0%), DEF IV: 23(0%), Work Speed: (0%), Skills: Fragrant Foliage
Direhowl, Level: 5, Rank: 1, Gender: Female, HP IV: 61(0%), ATK IV: 93(0%), DEF IV: 73(0%), Work Speed: (0%), Skills: Bottomless Stomach
Gumoss, Level: 9, Rank: 1, Gender: Female, HP IV: 49(0%), ATK IV: 98(0%), DEF IV: 34(0%), Work Speed: (0%), Skills: Downtrodden
Jolthog Cryst, Level: 6, Rank: 1, Gender: Female, HP IV: 75(0%), ATK IV: 26(0%), DEF IV: 4(0%), Work Speed: (0%), Skills: Cheery
Lifmunk, Level: 5, Rank: 1, Gender: Male, HP IV: 81(0%), ATK IV: 56(0%), DEF IV: 71(0%), Work Speed: (0%), Skills: Aggressive
Nitewing, Level: 9, Rank: 1, Gender: Male, HP IV: 3(0%), ATK IV: 90(0%), DEF IV: 54(0%), Work Speed: (0%), Skills: Dainty Eater
Tanzee, Level: 6, Rank: 1, Gender: Female, HP IV: 100(0%), ATK IV: 41(0%), DEF IV: 54(0%), Work Speed: (0%), Skills: Vanguard
Vixy, Level: 9, Rank: 1, Gender: Female, HP IV: 68(0%), ATK IV: 32(0%), DEF IV: 54(0%), Work Speed: (0%), Skills: Downtrodden
Oni Bunny's 10 Pals
-------------------
Cremis, Level: 9, Rank: 1, Gender: Male, HP IV: 98(0%), ATK IV: 83(0%), DEF IV: 25(0%), Work Speed: (0%), Skills: Runner, Serious, Sickly
Croajiro, Level: 9, Rank: 1, Gender: Male, HP IV: 41(0%), ATK IV: 61(0%), DEF IV: 95(0%), Work Speed: (0%), Skills: Serious
Depresso, Level: 6, Rank: 1, Gender: Female, HP IV: 82(0%), ATK IV: 85(0%), DEF IV: 23(0%), Work Speed: (0%), Skills: Fragrant Foliage
Direhowl, Level: 5, Rank: 1, Gender: Female, HP IV: 61(0%), ATK IV: 93(0%), DEF IV: 73(0%), Work Speed: (0%), Skills: Bottomless Stomach
Gumoss, Level: 9, Rank: 1, Gender: Female, HP IV: 49(0%), ATK IV: 98(0%), DEF IV: 34(0%), Work Speed: (0%), Skills: Downtrodden
Jolthog Cryst, Level: 6, Rank: 1, Gender: Female, HP IV: 75(0%), ATK IV: 26(0%), DEF IV: 4(0%), Work Speed: (0%), Skills: Cheery
Lifmunk, Level: 5, Rank: 1, Gender: Male, HP IV: 81(0%), ATK IV: 56(0%), DEF IV: 71(0%), Work Speed: (0%), Skills: Aggressive
Nitewing, Level: 9, Rank: 1, Gender: Male, HP IV: 3(0%), ATK IV: 90(0%), DEF IV: 54(0%), Work Speed: (0%), Skills: Dainty Eater
Tanzee, Level: 6, Rank: 1, Gender: Female, HP IV: 100(0%), ATK IV: 41(0%), DEF IV: 54(0%), Work Speed: (0%), Skills: Vanguard
Vixy, Level: 9, Rank: 1, Gender: Female, HP IV: 68(0%), ATK IV: 32(0%), DEF IV: 54(0%), Work Speed: (0%), Skills: Downtrodden
Oni Bunny's 10 Pals
-------------------
Cremis, Level: 9, Rank: 1, Gender: Male, HP IV: 98(0%), ATK IV: 83(0%), DEF IV: 25(0%), Work Speed: (0%), Skills: Runner, Serious, Sickly
Croajiro, Level: 9, Rank: 1, Gender: Male, HP IV: 41(0%), ATK IV: 61(0%), DEF IV: 95(0%), Work Speed: (0%), Skills: Serious
Depresso, Level: 6, Rank: 1, Gender: Female, HP IV: 82(0%), ATK IV: 85(0%), DEF IV: 23(0%), Work Speed: (0%), Skills: Fragrant Foliage
Direhowl, Level: 5, Rank: 1, Gender: Female, HP IV: 61(0%), ATK IV: 93(0%), DEF IV: 73(0%), Work Speed: (0%), Skills: Bottomless Stomach
Gumoss, Level: 9, Rank: 1, Gender: Female, HP IV: 49(0%), ATK IV: 98(0%), DEF IV: 34(0%), Work Speed: (0%), Skills: Downtrodden
Jolthog Cryst, Level: 6, Rank: 1, Gender: Female, HP IV: 75(0%), ATK IV: 26(0%), DEF IV: 4(0%), Work Speed: (0%), Skills: Cheery
Lifmunk, Level: 5, Rank: 1, Gender: Male, HP IV: 81(0%), ATK IV: 56(0%), DEF IV: 71(0%), Work Speed: (0%), Skills: Aggressive
Nitewing, Level: 9, Rank: 1, Gender: Male, HP IV: 3(0%), ATK IV: 90(0%), DEF IV: 54(0%), Work Speed: (0%), Skills: Dainty Eater
Tanzee, Level: 6, Rank: 1, Gender: Female, HP IV: 100(0%), ATK IV: 41(0%), DEF IV: 54(0%), Work Speed: (0%), Skills: Vanguard
Vixy, Level: 9, Rank: 1, Gender: Female, HP IV: 68(0%), ATK IV: 32(0%), DEF IV: 54(0%), Work Speed: (0%), Skills: Downtrodden
Oni Bunny's 10 Pals
-------------------
Cremis, Level: 9, Rank: 1, Gender: Male, HP IV: 98(0%), ATK IV: 83(0%), DEF IV: 25(0%), Work Speed: (0%), Skills: Runner, Serious, Sickly
Croajiro, Level: 9, Rank: 1, Gender: Male, HP IV: 41(0%), ATK IV: 61(0%), DEF IV: 95(0%), Work Speed: (0%), Skills: Serious
Depresso, Level: 6, Rank: 1, Gender: Female, HP IV: 82(0%), ATK IV: 85(0%), DEF IV: 23(0%), Work Speed: (0%), Skills: Fragrant Foliage
Direhowl, Level: 5, Rank: 1, Gender: Female, HP IV: 61(0%), ATK IV: 93(0%), DEF IV: 73(0%), Work Speed: (0%), Skills: Bottomless Stomach
Gumoss, Level: 9, Rank: 1, Gender: Female, HP IV: 49(0%), ATK IV: 98(0%), DEF IV: 34(0%), Work Speed: (0%), Skills: Downtrodden
Jolthog Cryst, Level: 6, Rank: 1, Gender: Female, HP IV: 75(0%), ATK IV: 26(0%), DEF IV: 4(0%), Work Speed: (0%), Skills: Cheery
Lifmunk, Level: 5, Rank: 1, Gender: Male, HP IV: 81(0%), ATK IV: 56(0%), DEF IV: 71(0%), Work Speed: (0%), Skills: Aggressive
Nitewing, Level: 9, Rank: 1, Gender: Male, HP IV: 3(0%), ATK IV: 90(0%), DEF IV: 54(0%), Work Speed: (0%), Skills: Dainty Eater
Tanzee, Level: 6, Rank: 1, Gender: Female, HP IV: 100(0%), ATK IV: 41(0%), DEF IV: 54(0%), Work Speed: (0%), Skills: Vanguard
Vixy, Level: 9, Rank: 1, Gender: Female, HP IV: 68(0%), ATK IV: 32(0%), DEF IV: 54(0%), Work Speed: (0%), Skills: Downtrodden
Oni Bunny's 10 Pals
-------------------
Cremis, Level: 9, Rank: 1, Gender: Male, HP IV: 98(0%), ATK IV: 83(0%), DEF IV: 25(0%), Work Speed: (0%), Skills: Runner, Serious, Sickly
Croajiro, Level: 9, Rank: 1, Gender: Male, HP IV: 41(0%), ATK IV: 61(0%), DEF IV: 95(0%), Work Speed: (0%), Skills: Serious
Depresso, Level: 6, Rank: 1, Gender: Female, HP IV: 82(0%), ATK IV: 85(0%), DEF IV: 23(0%), Work Speed: (0%), Skills: Fragrant Foliage
Direhowl, Level: 5, Rank: 1, Gender: Female, HP IV: 61(0%), ATK IV: 93(0%), DEF IV: 73(0%), Work Speed: (0%), Skills: Bottomless Stomach
Gumoss, Level: 9, Rank: 1, Gender: Female, HP IV: 49(0%), ATK IV: 98(0%), DEF IV: 34(0%), Work Speed: (0%), Skills: Downtrodden
Jolthog Cryst, Level: 6, Rank: 1, Gender: Female, HP IV: 75(0%), ATK IV: 26(0%), DEF IV: 4(0%), Work Speed: (0%), Skills: Cheery
Lifmunk, Level: 5, Rank: 1, Gender: Male, HP IV: 81(0%), ATK IV: 56(0%), DEF IV: 71(0%), Work Speed: (0%), Skills: Aggressive
Nitewing, Level: 9, Rank: 1, Gender: Male, HP IV: 3(0%), ATK IV: 90(0%), DEF IV: 54(0%), Work Speed: (0%), Skills: Dainty Eater
Tanzee, Level: 6, Rank: 1, Gender: Female, HP IV: 100(0%), ATK IV: 41(0%), DEF IV: 54(0%), Work Speed: (0%), Skills: Vanguard
Vixy, Level: 9, Rank: 1, Gender: Female, HP IV: 68(0%), ATK IV: 32(0%), DEF IV: 54(0%), Work Speed: (0%), Skills: Downtrodden
Oni Bunny's 10 Pals
-------------------
Cremis, Level: 9, Rank: 1, Gender: Male, HP IV: 98(0%), ATK IV: 83(0%), DEF IV: 25(0%), Work Speed: (0%), Skills: Runner, Serious, Sickly
Croajiro, Level: 9, Rank: 1, Gender: Male, HP IV: 41(0%), ATK IV: 61(0%), DEF IV: 95(0%), Work Speed: (0%), Skills: Serious
Depresso, Level: 6, Rank: 1, Gender: Female, HP IV: 82(0%), ATK IV: 85(0%), DEF IV: 23(0%), Work Speed: (0%), Skills: Fragrant Foliage
Direhowl, Level: 5, Rank: 1, Gender: Female, HP IV: 61(0%), ATK IV: 93(0%), DEF IV: 73(0%), Work Speed: (0%), Skills: Bottomless Stomach
Gumoss, Level: 9, Rank: 1, Gender: Female, HP IV: 49(0%), ATK IV: 98(0%), DEF IV: 34(0%), Work Speed: (0%), Skills: Downtrodden
Jolthog Cryst, Level: 6, Rank: 1, Gender: Female, HP IV: 75(0%), ATK IV: 26(0%), DEF IV: 4(0%), Work Speed: (0%), Skills: Cheery
Lifmunk, Level: 5, Rank: 1, Gender: Male, HP IV: 81(0%), ATK IV: 56(0%), DEF IV: 71(0%), Work Speed: (0%), Skills: Aggressive
Nitewing, Level: 9, Rank: 1, Gender: Male, HP IV: 3(0%), ATK IV: 90(0%), DEF IV: 54(0%), Work Speed: (0%), Skills: Dainty Eater
Tanzee, Level: 6, Rank: 1, Gender: Female, HP IV: 100(0%), ATK IV: 41(0%), DEF IV: 54(0%), Work Speed: (0%), Skills: Vanguard
Vixy, Level: 9, Rank: 1, Gender: Female, HP IV: 68(0%), ATK IV: 32(0%), DEF IV: 54(0%), Work Speed: (0%), Skills: Downtrodden
Oni Bunny's 10 Pals
-------------------
Cremis, Level: 9, Rank: 1, Gender: Male, HP IV: 98(0%), ATK IV: 83(0%), DEF IV: 25(0%), Work Speed: (0%), Skills: Runner, Serious, Sickly
Croajiro, Level: 9, Rank: 1, Gender: Male, HP IV: 41(0%), ATK IV: 61(0%), DEF IV: 95(0%), Work Speed: (0%), Skills: Serious
Depresso, Level: 6, Rank: 1, Gender: Female, HP IV: 82(0%), ATK IV: 85(0%), DEF IV: 23(0%), Work Speed: (0%), Skills: Fragrant Foliage
Direhowl, Level: 5, Rank: 1, Gender: Female, HP IV: 61(0%), ATK IV: 93(0%), DEF IV: 73(0%), Work Speed: (0%), Skills: Bottomless Stomach
Gumoss, Level: 9, Rank: 1, Gender: Female, HP IV: 49(0%), ATK IV: 98(0%), DEF IV: 34(0%), Work Speed: (0%), Skills: Downtrodden
Jolthog Cryst, Level: 6, Rank: 1, Gender: Female, HP IV: 75(0%), ATK IV: 26(0%), DEF IV: 4(0%), Work Speed: (0%), Skills: Cheery
Lifmunk, Level: 5, Rank: 1, Gender: Male, HP IV: 81(0%), ATK IV: 56(0%), DEF IV: 71(0%), Work Speed: (0%), Skills: Aggressive
Nitewing, Level: 9, Rank: 1, Gender: Male, HP IV: 3(0%), ATK IV: 90(0%), DEF IV: 54(0%), Work Speed: (0%), Skills: Dainty Eater
Tanzee, Level: 6, Rank: 1, Gender: Female, HP IV: 100(0%), ATK IV: 41(0%), DEF IV: 54(0%), Work Speed: (0%), Skills: Vanguard
Vixy, Level: 9, Rank: 1, Gender: Female, HP IV: 68(0%), ATK IV: 32(0%), DEF IV: 54(0%), Work Speed: (0%), Skills: Downtrodden
Oni Bunny's 10 Pals
-------------------
Cremis, Level: 9, Rank: 1, Gender: Male, HP IV: 98(0%), ATK IV: 83(0%), DEF IV: 25(0%), Work Speed: (0%), Skills: Runner, Serious, Sickly
Croajiro, Level: 9, Rank: 1, Gender: Male, HP IV: 41(0%), ATK IV: 61(0%), DEF IV: 95(0%), Work Speed: (0%), Skills: Serious
Depresso, Level: 6, Rank: 1, Gender: Female, HP IV: 82(0%), ATK IV: 85(0%), DEF IV: 23(0%), Work Speed: (0%), Skills: Fragrant Foliage
Direhowl, Level: 5, Rank: 1, Gender: Female, HP IV: 61(0%), ATK IV: 93(0%), DEF IV: 73(0%), Work Speed: (0%), Skills: Bottomless Stomach
Gumoss, Level: 9, Rank: 1, Gender: Female, HP IV: 49(0%), ATK IV: 98(0%), DEF IV: 34(0%), Work Speed: (0%), Skills: Downtrodden
Jolthog Cryst, Level: 6, Rank: 1, Gender: Female, HP IV: 75(0%), ATK IV: 26(0%), DEF IV: 4(0%), Work Speed: (0%), Skills: Cheery
Lifmunk, Level: 5, Rank: 1, Gender: Male, HP IV: 81(0%), ATK IV: 56(0%), DEF IV: 71(0%), Work Speed: (0%), Skills: Aggressive
Nitewing, Level: 9, Rank: 1, Gender: Male, HP IV: 3(0%), ATK IV: 90(0%), DEF IV: 54(0%), Work Speed: (0%), Skills: Dainty Eater
Tanzee, Level: 6, Rank: 1, Gender: Female, HP IV: 100(0%), ATK IV: 41(0%), DEF IV: 54(0%), Work Speed: (0%), Skills: Vanguard
Vixy, Level: 9, Rank: 1, Gender: Female, HP IV: 68(0%), ATK IV: 32(0%), DEF IV: 54(0%), Work Speed: (0%), Skills: Downtrodden
Oni Bunny's 10 Pals
-------------------
Cremis, Level: 9, Rank: 1, Gender: Male, HP IV: 98(0%), ATK IV: 83(0%), DEF IV: 25(0%), Work Speed: (0%), Skills: Runner, Serious, Sickly
Croajiro, Level: 9, Rank: 1, Gender: Male, HP IV: 41(0%), ATK IV: 61(0%), DEF IV: 95(0%), Work Speed: (0%), Skills: Serious
Depresso, Level: 6, Rank: 1, Gender: Female, HP IV: 82(0%), ATK IV: 85(0%), DEF IV: 23(0%), Work Speed: (0%), Skills: Fragrant Foliage
Direhowl, Level: 5, Rank: 1, Gender: Female, HP IV: 61(0%), ATK IV: 93(0%), DEF IV: 73(0%), Work Speed: (0%), Skills: Bottomless Stomach
Gumoss, Level: 9, Rank: 1, Gender: Female, HP IV: 49(0%), ATK IV: 98(0%), DEF IV: 34(0%), Work Speed: (0%), Skills: Downtrodden
Jolthog Cryst, Level: 6, Rank: 1, Gender: Female, HP IV: 75(0%), ATK IV: 26(0%), DEF IV: 4(0%), Work Speed: (0%), Skills: Cheery
Lifmunk, Level: 5, Rank: 1, Gender: Male, HP IV: 81(0%), ATK IV: 56(0%), DEF IV: 71(0%), Work Speed: (0%), Skills: Aggressive
Nitewing, Level: 9, Rank: 1, Gender: Male, HP IV: 3(0%), ATK IV: 90(0%), DEF IV: 54(0%), Work Speed: (0%), Skills: Dainty Eater
Tanzee, Level: 6, Rank: 1, Gender: Female, HP IV: 100(0%), ATK IV: 41(0%), DEF IV: 54(0%), Work Speed: (0%), Skills: Vanguard
Vixy, Level: 9, Rank: 1, Gender: Female, HP IV: 68(0%), ATK IV: 32(0%), DEF IV: 54(0%), Work Speed: (0%), Skills: Downtrodden
Oni Bunny's 10 Pals
-------------------
Cremis, Level: 9, Rank: 1, Gender: Male, HP IV: 98(0%), ATK IV: 83(0%), DEF IV: 25(0%), Work Speed: (0%), Skills: Runner, Serious, Sickly
Croajiro, Level: 9, Rank: 1, Gender: Male, HP IV: 41(0%), ATK IV: 61(0%), DEF IV: 95(0%), Work Speed: (0%), Skills: Serious
Depresso, Level: 6, Rank: 1, Gender: Female, HP IV: 82(0%), ATK IV: 85(0%), DEF IV: 23(0%), Work Speed: (0%), Skills: Fragrant Foliage
Direhowl, Level: 5, Rank: 1, Gender: Female, HP IV: 61(0%), ATK IV: 93(0%), DEF IV: 73(0%), Work Speed: (0%), Skills: Bottomless Stomach
Gumoss, Level: 9, Rank: 1, Gender: Female, HP IV: 49(0%), ATK IV: 98(0%), DEF IV: 34(0%), Work Speed: (0%), Skills: Downtrodden
Jolthog Cryst, Level: 6, Rank: 1, Gender: Female, HP IV: 75(0%), ATK IV: 26(0%), DEF IV: 4(0%), Work Speed: (0%), Skills: Cheery
Lifmunk, Level: 5, Rank: 1, Gender: Male, HP IV: 81(0%), ATK IV: 56(0%), DEF IV: 71(0%), Work Speed: (0%), Skills: Aggressive
Nitewing, Level: 9, Rank: 1, Gender: Male, HP IV: 3(0%), ATK IV: 90(0%), DEF IV: 54(0%), Work Speed: (0%), Skills: Dainty Eater
Tanzee, Level: 6, Rank: 1, Gender: Female, HP IV: 100(0%), ATK IV: 41(0%), DEF IV: 54(0%), Work Speed: (0%), Skills: Vanguard
Vixy, Level: 9, Rank: 1, Gender: Female, HP IV: 68(0%), ATK IV: 32(0%), DEF IV: 54(0%), Work Speed: (0%), Skills: Downtrodden
Oni Bunny's 10 Pals
-------------------
Cremis, Level: 9, Rank: 1, Gender: Male, HP IV: 98(0%), ATK IV: 83(0%), DEF IV: 25(0%), Work Speed: (0%), Skills: Runner, Serious, Sickly
Croajiro, Level: 9, Rank: 1, Gender: Male, HP IV: 41(0%), ATK IV: 61(0%), DEF IV: 95(0%), Work Speed: (0%), Skills: Serious
Depresso, Level: 6, Rank: 1, Gender: Female, HP IV: 82(0%), ATK IV: 85(0%), DEF IV: 23(0%), Work Speed: (0%), Skills: Fragrant Foliage
Direhowl, Level: 5, Rank: 1, Gender: Female, HP IV: 61(0%), ATK IV: 93(0%), DEF IV: 73(0%), Work Speed: (0%), Skills: Bottomless Stomach
Gumoss, Level: 9, Rank: 1, Gender: Female, HP IV: 49(0%), ATK IV: 98(0%), DEF IV: 34(0%), Work Speed: (0%), Skills: Downtrodden
Jolthog Cryst, Level: 6, Rank: 1, Gender: Female, HP IV: 75(0%), ATK IV: 26(0%), DEF IV: 4(0%), Work Speed: (0%), Skills: Cheery
Lifmunk, Level: 5, Rank: 1, Gender: Male, HP IV: 81(0%), ATK IV: 56(0%), DEF IV: 71(0%), Work Speed: (0%), Skills: Aggressive
Nitewing, Level: 9, Rank: 1, Gender: Male, HP IV: 3(0%), ATK IV: 90(0%), DEF IV: 54(0%), Work Speed: (0%), Skills: Dainty Eater
Tanzee, Level: 6, Rank: 1, Gender: Female, HP IV: 100(0%), ATK IV: 41(0%), DEF IV: 54(0%), Work Speed: (0%), Skills: Vanguard
Vixy, Level: 9, Rank: 1, Gender: Female, HP IV: 68(0%), ATK IV: 32(0%), DEF IV: 54(0%), Work Speed: (0%), Skills: Downtrodden
Oni Bunny's 10 Pals
-------------------
Cremis, Level: 9, Rank: 1, Gender: Male, HP IV: 98(0%), ATK IV: 83(0%), DEF IV: 25(0%), Work Speed: (0%), Skills: Runner, Serious, Sickly
Croajiro, Level: 9, Rank: 1, Gender: Male, HP IV: 41(0%), ATK IV: 61(0%), DEF IV: 95(0%), Work Speed: (0%), Skills: Serious
Depresso, Level: 6, Rank: 1, Gender: Female, HP IV: 82(0%), ATK IV: 85(0%), DEF IV: 23(0%), Work Speed: (0%), Skills: Fragrant Foliage
Direhowl, Level: 5, Rank: 1, Gender: Female, HP IV: 61(0%), ATK IV: 93(0%), DEF IV: 73(0%), Work Speed: (0%), Skills: Bottomless Stomach
Gumoss, Level: 9, Rank: 1, Gender: Female, HP IV: 49(0%), ATK IV: 98(0%), DEF IV: 34(0%), Work Speed: (0%), Skills: Downtrodden
Jolthog Cryst, Level: 6, Rank: 1, Gender: Female, HP IV: 75(0%), ATK IV: 26(0%), DEF IV: 4(0%), Work Speed: (0%), Skills: Cheery
Lifmunk, Level: 5, Rank: 1, Gender: Male, HP IV: 81(0%), ATK IV: 56(0%), DEF IV: 71(0%), Work Speed: (0%), Skills: Aggressive
Nitewing, Level: 9, Rank: 1, Gender: Male, HP IV: 3(0%), ATK IV: 90(0%), DEF IV: 54(0%), Work Speed: (0%), Skills: Dainty Eater
Tanzee, Level: 6, Rank: 1, Gender: Female, HP IV: 100(0%), ATK IV: 41(0%), DEF IV: 54(0%), Work Speed: (0%), Skills: Vanguard
Vixy, Level: 9, Rank: 1, Gender: Female, HP IV: 68(0%), ATK IV: 32(0%), DEF IV: 54(0%), Work Speed: (0%), Skills: Downtrodden
Oni Bunny's 10 Pals
-------------------
Cremis, Level: 9, Rank: 1, Gender: Male, HP IV: 98(0%), ATK IV: 83(0%), DEF IV: 25(0%), Work Speed: (0%), Skills: Runner, Serious, Sickly
Croajiro, Level: 9, Rank: 1, Gender: Male, HP IV: 41(0%), ATK IV: 61(0%), DEF IV: 95(0%), Work Speed: (0%), Skills: Serious
Depresso, Level: 6, Rank: 1, Gender: Female, HP IV: 82(0%), ATK IV: 85(0%), DEF IV: 23(0%), Work Speed: (0%), Skills: Fragrant Foliage
Direhowl, Level: 5, Rank: 1, Gender: Female, HP IV: 61(0%), ATK IV: 93(0%), DEF IV: 73(0%), Work Speed: (0%), Skills: Bottomless Stomach
Gumoss, Level: 9, Rank: 1, Gender: Female, HP IV: 49(0%), ATK IV: 98(0%), DEF IV: 34(0%), Work Speed: (0%), Skills: Downtrodden
Jolthog Cryst, Level: 6, Rank: 1, Gender: Female, HP IV: 75(0%), ATK IV: 26(0%), DEF IV: 4(0%), Work Speed: (0%), Skills: Cheery
Lifmunk, Level: 5, Rank: 1, Gender: Male, HP IV: 81(0%), ATK IV: 56(0%), DEF IV: 71(0%), Work Speed: (0%), Skills: Aggressive
Nitewing, Level: 9, Rank: 1, Gender: Male, HP IV: 3(0%), ATK IV: 90(0%), DEF IV: 54(0%), Work Speed: (0%), Skills: Dainty Eater
Tanzee, Level: 6, Rank: 1, Gender: Female, HP IV: 100(0%), ATK IV: 41(0%), DEF IV: 54(0%), Work Speed: (0%), Skills: Vanguard
Vixy, Level: 9, Rank: 1, Gender: Female, HP IV: 68(0%), ATK IV: 32(0%), DEF IV: 54(0%), Work Speed: (0%), Skills: Downtrodden
