oosh's 6 Pals
-------------
Cattiva, Level: 8, Rank: 1, Gender: Female, HP IV: 88(0%), ATK IV: 80(0%), DEF IV: 80(0%), Work Speed: (0%), Skills: Coward, Power of Gaia
Cattiva, Level: 9, Rank: 1, Gender: Male, HP IV: 14(0%), ATK IV: 83(0%), DEF IV: 16(0%), Work Speed: (0%), Skills: Coward, Waterproof
Foxparks, Level: 8, Rank: 1, Gender: Male, HP IV: 34(0%), ATK IV: 3(0%), DEF IV: 73(0%), Work Speed: (0%), Skills: Hooligan
Fuack, Level: 8, Rank: 1, Gender: Male, HP IV: 7(0%), ATK IV: 34(0%), DEF IV: 24(0%), Work Speed: (0%), Skills: Workaholic
Fuddler, Level: 8, Rank: 1, Gender: Male, HP IV: 62(0%), ATK IV: 36(0%), DEF IV: 70(0%), Work Speed: (0%), Skills: Dainty Eater, Hydromaniac, Brave
Rushoar, Level: 8, Rank: 1, Gender: Female, HP IV: 17(0%), ATK IV: 32(0%), DEF IV: 84(0%), Work Speed: (0%), Skills: Botanical Barrier
oosh's 6 Pals
-------------
Cattiva, Level: 8, Rank: 1, Gender: Female, HP IV: 88(0%), ATK IV: 80(0%), DEF IV: 80(0%), Work Speed: (0%), Skills: Coward, Power of Gaia
Cattiva, Level: 9, Rank: 1, Gender: Male, HP IV: 14(0%), ATK IV: 83(0%), DEF IV: 16(0%), Work Speed: (0%), Skills: Coward, Waterproof
Foxparks, Level: 8, Rank: 1, Gender: Male, HP IV: 34(0%), ATK IV: 3(0%), DEF IV: 73(0%), Work Speed: (0%), Skills: Hooligan
Fuack, Level: 8, Rank: 1, Gender: Male, HP IV: 7(0%), ATK IV: 34(0%), DEF IV: 24(0%), Work Speed: (0%), Skills: Workaholic
Fuddler, Level: 8, Rank: 1, Gender: Male, HP IV: 62(0%), ATK IV: 36(0%), DEF IV: 70(0%), Work Speed: (0%), Skills: Dainty Eater, Hydromaniac, Brave
Rushoar, Level: 8, Rank: 1, Gender: Female, HP IV: 17(0%), ATK IV: 32(0%), DEF IV: 84(0%), Work Speed: (0%), Skills: Botanical Barrier
oosh's 6 Pals
-------------
Cattiva, Level: 8, Rank: 1, Gender: Female, HP IV: 88(0%), ATK IV: 80(0%), DEF IV: 80(0%), Work Speed: (0%), Skills: Coward, Power of Gaia
Cattiva, Level: 9, Rank: 1, Gender: Male, HP IV: 14(0%), ATK IV: 83(0%), DEF IV: 16(0%), Work Speed: (0%), Skills: Coward, Waterproof
Foxparks, Level: 8, Rank: 1, Gender: Male, HP IV: 34(0%), ATK IV: 3(0%), DEF IV: 73(0%), Work Speed: (0%), Skills: Hooligan
Fuack, Level: 8, Rank: 1, Gender: Male, HP IV: 7(0%), ATK IV: 34(0%), DEF IV: 24(0%), Work Speed: (0%), Skills: Workaholic
Fuddler, Level: 8, Rank: 1, Gender: Male, HP IV: 62(0%), ATK IV: 36(0%), DEF IV: 70(0%), Work Speed: (0%), Skills: Dainty Eater, Hydromaniac, Brave
Rushoar, Level: 8, Rank: 1, Gender: Female, HP IV: 17(0%), ATK IV: 32(0%), DEF IV: 84(0%), Work Speed: (0%), Skills: Botanical Barrier
oosh's 6 Pals
-------------
Cattiva, Level: 8, Rank: 1, Gender: Female, HP IV: 88(0%), ATK IV: 80(0%), DEF IV: 80(0%), Work Speed: (0%), Skills: Coward, Power of Gaia
Cattiva, Level: 9, Rank: 1, Gender: Male, HP IV: 14(0%), ATK IV: 83(0%), DEF IV: 16(0%), Work Speed: (0%), Skills: Coward, Waterproof
Foxparks, Level: 8, Rank: 1, Gender: Male, HP IV: 34(0%), ATK IV: 3(0%), DEF IV: 73(0%), Work Speed: (0%), Skills: Hooligan
Fuack, Level: 8, Rank: 1, Gender: Male, HP IV: 7(0%), ATK IV: 34(0%), DEF IV: 24(0%), Work Speed: (0%), Skills: Workaholic
Fuddler, Level: 8, Rank: 1, Gender: Male, HP IV: 62(0%), ATK IV: 36(0%), DEF IV: 70(0%), Work Speed: (0%), Skills: Dainty Eater, Hydromaniac, Brave
Rushoar, Level: 8, Rank: 1, Gender: Female, HP IV: 17(0%), ATK IV: 32(0%), DEF IV: 84(0%), Work Speed: (0%), Skills: Botanical Barrier
oosh's 6 Pals
-------------
Cattiva, Level: 8, Rank: 1, Gender: Female, HP IV: 88(0%), ATK IV: 80(0%), DEF IV: 80(0%), Work Speed: (0%), Skills: Coward, Power of Gaia
Cattiva, Level: 9, Rank: 1, Gender: Male, HP IV: 14(0%), ATK IV: 83(0%), DEF IV: 16(0%), Work Speed: (0%), Skills: Coward, Waterproof
Foxparks, Level: 8, Rank: 1, Gender: Male, HP IV: 34(0%), ATK IV: 3(0%), DEF IV: 73(0%), Work Speed: (0%), Skills: Hooligan
Fuack, Level: 8, Rank: 1, Gender: Male, HP IV: 7(0%), ATK IV: 34(0%), DEF IV: 24(0%), Work Speed: (0%), Skills: Workaholic
Fuddler, Level: 8, Rank: 1, Gender: Male, HP IV: 62(0%), ATK IV: 36(0%), DEF IV: 70(0%), Work Speed: (0%), Skills: Dainty Eater, Hydromaniac, Brave
Rushoar, Level: 8, Rank: 1, Gender: Female, HP IV: 17(0%), ATK IV: 32(0%), DEF IV: 84(0%), Work Speed: (0%), Skills: Botanical Barrier
oosh's 6 Pals
-------------
Cattiva, Level: 8, Rank: 1, Gender: Female, HP IV: 88(0%), ATK IV: 80(0%), DEF IV: 80(0%), Work Speed: (0%), Skills: Coward, Power of Gaia
Cattiva, Level: 9, Rank: 1, Gender: Male, HP IV: 14(0%), ATK IV: 83(0%), DEF IV: 16(0%), Work Speed: (0%), Skills: Coward, Waterproof
Foxparks, Level: 8, Rank: 1, Gender: Male, HP IV: 34(0%), ATK IV: 3(0%), DEF IV: 73(0%), Work Speed: (0%), Skills: Hooligan
Fuack, Level: 8, Rank: 1, Gender: Male, HP IV: 7(0%), ATK IV: 34(0%), DEF IV: 24(0%), Work Speed: (0%), Skills: Workaholic
Fuddler, Level: 8, Rank: 1, Gender: Male, HP IV: 62(0%), ATK IV: 36(0%), DEF IV: 70(0%), Work Speed: (0%), Skills: Dainty Eater, Hydromaniac, Brave
Rushoar, Level: 8, Rank: 1, Gender: Female, HP IV: 17(0%), ATK IV: 32(0%), DEF IV: 84(0%), Work Speed: (0%), Skills: Botanical Barrier
oosh's 6 Pals
-------------
Cattiva, Level: 8, Rank: 1, Gender: Female, HP IV: 88(0%), ATK IV: 80(0%), DEF IV: 80(0%), Work Speed: (0%), Skills: Coward, Power of Gaia
Cattiva, Level: 9, Rank: 1, Gender: Male, HP IV: 14(0%), ATK IV: 83(0%), DEF IV: 16(0%), Work Speed: (0%), Skills: Coward, Waterproof
Foxparks, Level: 8, Rank: 1, Gender: Male, HP IV: 34(0%), ATK IV: 3(0%), DEF IV: 73(0%), Work Speed: (0%), Skills: Hooligan
Fuack, Level: 8, Rank: 1, Gender: Male, HP IV: 7(0%), ATK IV: 34(0%), DEF IV: 24(0%), Work Speed: (0%), Skills: Workaholic
Fuddler, Level: 8, Rank: 1, Gender: Male, HP IV: 62(0%), ATK IV: 36(0%), DEF IV: 70(0%), Work Speed: (0%), Skills: Dainty Eater, Hydromaniac, Brave
Rushoar, Level: 8, Rank: 1, Gender: Female, HP IV: 17(0%), ATK IV: 32(0%), DEF IV: 84(0%), Work Speed: (0%), Skills: Botanical Barrier
oosh's 6 Pals
-------------
Cattiva, Level: 8, Rank: 1, Gender: Female, HP IV: 88(0%), ATK IV: 80(0%), DEF IV: 80(0%), Work Speed: (0%), Skills: Coward, Power of Gaia
Cattiva, Level: 9, Rank: 1, Gender: Male, HP IV: 14(0%), ATK IV: 83(0%), DEF IV: 16(0%), Work Speed: (0%), Skills: Coward, Waterproof
Foxparks, Level: 8, Rank: 1, Gender: Male, HP IV: 34(0%), ATK IV: 3(0%), DEF IV: 73(0%), Work Speed: (0%), Skills: Hooligan
Fuack, Level: 8, Rank: 1, Gender: Male, HP IV: 7(0%), ATK IV: 34(0%), DEF IV: 24(0%), Work Speed: (0%), Skills: Workaholic
Fuddler, Level: 8, Rank: 1, Gender: Male, HP IV: 62(0%), ATK IV: 36(0%), DEF IV: 70(0%), Work Speed: (0%), Skills: Dainty Eater, Hydromaniac, Brave
Rushoar, Level: 8, Rank: 1, Gender: Female, HP IV: 17(0%), ATK IV: 32(0%), DEF IV: 84(0%), Work Speed: (0%), Skills: Botanical Barrier
oosh's 6 Pals
-------------
Cattiva, Level: 8, Rank: 1, Gender: Female, HP IV: 88(0%), ATK IV: 80(0%), DEF IV: 80(0%), Work Speed: (0%), Skills: Coward, Power of Gaia
Cattiva, Level: 9, Rank: 1, Gender: Male, HP IV: 14(0%), ATK IV: 83(0%), DEF IV: 16(0%), Work Speed: (0%), Skills: Coward, Waterproof
Foxparks, Level: 8, Rank: 1, Gender: Male, HP IV: 34(0%), ATK IV: 3(0%), DEF IV: 73(0%), Work Speed: (0%), Skills: Hooligan
Fuack, Level: 8, Rank: 1, Gender: Male, HP IV: 7(0%), ATK IV: 34(0%), DEF IV: 24(0%), Work Speed: (0%), Skills: Workaholic
Fuddler, Level: 8, Rank: 1, Gender: Male, HP IV: 62(0%), ATK IV: 36(0%), DEF IV: 70(0%), Work Speed: (0%), Skills: Dainty Eater, Hydromaniac, Brave
Rushoar, Level: 8, Rank: 1, Gender: Female, HP IV: 17(0%), ATK IV: 32(0%), DEF IV: 84(0%), Work Speed: (0%), Skills: Botanical Barrier
oosh's 6 Pals
-------------
Cattiva, Level: 8, Rank: 1, Gender: Female, HP IV: 88(0%), ATK IV: 80(0%), DEF IV: 80(0%), Work Speed: (0%), Skills: Coward, Power of Gaia
Cattiva, Level: 9, Rank: 1, Gender: Male, HP IV: 14(0%), ATK IV: 83(0%), DEF IV: 16(0%), Work Speed: (0%), Skills: Coward, Waterproof
Foxparks, Level: 8, Rank: 1, Gender: Male, HP IV: 34(0%), ATK IV: 3(0%), DEF IV: 73(0%), Work Speed: (0%), Skills: Hooligan
Fuack, Level: 8, Rank: 1, Gender: Male, HP IV: 7(0%), ATK IV: 34(0%), DEF IV: 24(0%), Work Speed: (0%), Skills: Workaholic
Fuddler, Level: 8, Rank: 1, Gender: Male, HP IV: 62(0%), ATK IV: 36(0%), DEF IV: 70(0%), Work Speed: (0%), Skills: Dainty Eater, Hydromaniac, Brave
Rushoar, Level: 8, Rank: 1, Gender: Female, HP IV: 17(0%), ATK IV: 32(0%), DEF IV: 84(0%), Work Speed: (0%), Skills: Botanical Barrier
oosh's 6 Pals
-------------
Cattiva, Level: 8, Rank: 1, Gender: Female, HP IV: 88(0%), ATK IV: 80(0%), DEF IV: 80(0%), Work Speed: (0%), Skills: Coward, Power of Gaia
Cattiva, Level: 9, Rank: 1, Gender: Male, HP IV: 14(0%), ATK IV: 83(0%), DEF IV: 16(0%), Work Speed: (0%), Skills: Coward, Waterproof
Foxparks, Level: 8, Rank: 1, Gender: Male, HP IV: 34(0%), ATK IV: 3(0%), DEF IV: 73(0%), Work Speed: (0%), Skills: Hooligan
Fuack, Level: 8, Rank: 1, Gender: Male, HP IV: 7(0%), ATK IV: 34(0%), DEF IV: 24(0%), Work Speed: (0%), Skills: Workaholic
Fuddler, Level: 8, Rank: 1, Gender: Male, HP IV: 62(0%), ATK IV: 36(0%), DEF IV: 70(0%), Work Speed: (0%), Skills: Dainty Eater, Hydromaniac, Brave
Rushoar, Level: 8, Rank: 1, Gender: Female, HP IV: 17(0%), ATK IV: 32(0%), DEF IV: 84(0%), Work Speed: (0%), Skills: Botanical Barrier
oosh's 6 Pals
-------------
Cattiva, Level: 8, Rank: 1, Gender: Female, HP IV: 88(0%), ATK IV: 80(0%), DEF IV: 80(0%), Work Speed: (0%), Skills: Coward, Power of Gaia
Cattiva, Level: 9, Rank: 1, Gender: Male, HP IV: 14(0%), ATK IV: 83(0%), DEF IV: 16(0%), Work Speed: (0%), Skills: Coward, Waterproof
Foxparks, Level: 8, Rank: 1, Gender: Male, HP IV: 34(0%), ATK IV: 3(0%), DEF IV: 73(0%), Work Speed: (0%), Skills: Hooligan
Fuack, Level: 8, Rank: 1, Gender: Male, HP IV: 7(0%), ATK IV: 34(0%), DEF IV: 24(0%), Work Speed: (0%), Skills: Workaholic
Fuddler, Level: 8, Rank: 1, Gender: Male, HP IV: 62(0%), ATK IV: 36(0%), DEF IV: 70(0%), Work Speed: (0%), Skills: Dainty Eater, Hydromaniac, Brave
Rushoar, Level: 8, Rank: 1, Gender: Female, HP IV: 17(0%), ATK IV: 32(0%), DEF IV: 84(0%), Work Speed: (0%), Skills: Botanical Barrier
oosh's 6 Pals
-------------
Cattiva, Level: 8, Rank: 1, Gender: Female, HP IV: 88(0%), ATK IV: 80(0%), DEF IV: 80(0%), Work Speed: (0%), Skills: Coward, Power of Gaia
Cattiva, Level: 9, Rank: 1, Gender: Male, HP IV: 14(0%), ATK IV: 83(0%), DEF IV: 16(0%), Work Speed: (0%), Skills: Coward, Waterproof
Foxparks, Level: 8, Rank: 1, Gender: Male, HP IV: 34(0%), ATK IV: 3(0%), DEF IV: 73(0%), Work Speed: (0%), Skills: Hooligan
Fuack, Level: 8, Rank: 1, Gender: Male, HP IV: 7(0%), ATK IV: 34(0%), DEF IV: 24(0%), Work Speed: (0%), Skills: Workaholic
Fuddler, Level: 8, Rank: 1, Gender: Male, HP IV: 62(0%), ATK IV: 36(0%), DEF IV: 70(0%), Work Speed: (0%), Skills: Dainty Eater, Hydromaniac, Brave
Rushoar, Level: 8, Rank: 1, Gender: Female, HP IV: 17(0%), ATK IV: 32(0%), DEF IV: 84(0%), Work Speed: (0%), Skills: Botanical Barrier
oosh's 6 Pals
-------------
Cattiva, Level: 8, Rank: 1, Gender: Female, HP IV: 88(0%), ATK IV: 80(0%), DEF IV: 80(0%), Work Speed: (0%), Skills: Coward, Power of Gaia
Cattiva, Level: 9, Rank: 1, Gender: Male, HP IV: 14(0%), ATK IV: 83(0%), DEF IV: 16(0%), Work Speed: (0%), Skills: Coward, Waterproof
Foxparks, Level: 8, Rank: 1, Gender: Male, HP IV: 34(0%), ATK IV: 3(0%), DEF IV: 73(0%), Work Speed: (0%), Skills: Hooligan
Fuack, Level: 8, Rank: 1, Gender: Male, HP IV: 7(0%), ATK IV: 34(0%), DEF IV: 24(0%), Work Speed: (0%), Skills: Workaholic
Fuddler, Level: 8, Rank: 1, Gender: Male, HP IV: 62(0%), ATK IV: 36(0%), DEF IV: 70(0%), Work Speed: (0%), Skills: Dainty Eater, Hydromaniac, Brave
Rushoar, Level: 8, Rank: 1, Gender: Female, HP IV: 17(0%), ATK IV: 32(0%), DEF IV: 84(0%), Work Speed: (0%), Skills: Botanical Barrier
