oZ's 6 Pals
-----------
Cattiva, Level: 4, Rank: 1, Gender: Female, HP IV: 74(0%), ATK IV: 65(0%), DEF IV: 97(0%), Work Speed: (0%), Skills: Coward, Coldblooded
Cattiva, Level: 4, Rank: 1, Gender: Male, HP IV: 8(0%), ATK IV: 94(0%), DEF IV: 85(0%), Work Speed: (0%), Skills: Coward, Capacitor
Celaray, Level: 2, Rank: 1, Gender: Female, HP IV: 60(0%), ATK IV: 77(0%), DEF IV: 69(0%), Work Speed: (0%), Skills: Downtrodden
Celaray, Level: 3, Rank: 1, Gender: Male, HP IV: 41(0%), ATK IV: 47(0%), DEF IV: 59(0%), Work Speed: (0%), Skills: Dainty Eater
Foxparks, Level: 4, Rank: 1, Gender: Male, HP IV: 10(0%), ATK IV: 19(0%), DEF IV: 22(0%), Work Speed: (0%), Skills: Hydromaniac
Foxparks, Level: 7, Rank: 1, Gender: Female, HP IV: 36(0%), ATK IV: 95(0%), DEF IV: 9(0%), Work Speed: (0%)
oZ's 6 Pals
-----------
Cattiva, Level: 4, Rank: 1, Gender: Female, HP IV: 74(0%), ATK IV: 65(0%), DEF IV: 97(0%), Work Speed: (0%), Skills: Coward, Coldblooded
Cattiva, Level: 4, Rank: 1, Gender: Male, HP IV: 8(0%), ATK IV: 94(0%), DEF IV: 85(0%), Work Speed: (0%), Skills: Coward, Capacitor
Celaray, Level: 2, Rank: 1, Gender: Female, HP IV: 60(0%), ATK IV: 77(0%), DEF IV: 69(0%), Work Speed: (0%), Skills: Downtrodden
Celaray, Level: 3, Rank: 1, Gender: Male, HP IV: 41(0%), ATK IV: 47(0%), DEF IV: 59(0%), Work Speed: (0%), Skills: Dainty Eater
Foxparks, Level: 4, Rank: 1, Gender: Male, HP IV: 10(0%), ATK IV: 19(0%), DEF IV: 22(0%), Work Speed: (0%), Skills: Hydromaniac
Foxparks, Level: 7, Rank: 1, Gender: Female, HP IV: 36(0%), ATK IV: 95(0%), DEF IV: 9(0%), Work Speed: (0%)
oZ's 6 Pals
-----------
Cattiva, Level: 4, Rank: 1, Gender: Female, HP IV: 74(0%), ATK IV: 65(0%), DEF IV: 97(0%), Work Speed: (0%), Skills: Coward, Coldblooded
Cattiva, Level: 4, Rank: 1, Gender: Male, HP IV: 8(0%), ATK IV: 94(0%), DEF IV: 85(0%), Work Speed: (0%), Skills: Coward, Capacitor
Celaray, Level: 2, Rank: 1, Gender: Female, HP IV: 60(0%), ATK IV: 77(0%), DEF IV: 69(0%), Work Speed: (0%), Skills: Downtrodden
Celaray, Level: 3, Rank: 1, Gender: Male, HP IV: 41(0%), ATK IV: 47(0%), DEF IV: 59(0%), Work Speed: (0%), Skills: Dainty Eater
Foxparks, Level: 4, Rank: 1, Gender: Male, HP IV: 10(0%), ATK IV: 19(0%), DEF IV: 22(0%), Work Speed: (0%), Skills: Hydromaniac
Foxparks, Level: 7, Rank: 1, Gender: Female, HP IV: 36(0%), ATK IV: 95(0%), DEF IV: 9(0%), Work Speed: (0%)
oZ's 6 Pals
-----------
Cattiva, Level: 4, Rank: 1, Gender: Female, HP IV: 74(0%), ATK IV: 65(0%), DEF IV: 97(0%), Work Speed: (0%), Skills: Coward, Coldblooded
Cattiva, Level: 4, Rank: 1, Gender: Male, HP IV: 8(0%), ATK IV: 94(0%), DEF IV: 85(0%), Work Speed: (0%), Skills: Coward, Capacitor
Celaray, Level: 2, Rank: 1, Gender: Female, HP IV: 60(0%), ATK IV: 77(0%), DEF IV: 69(0%), Work Speed: (0%), Skills: Downtrodden
Celaray, Level: 3, Rank: 1, Gender: Male, HP IV: 41(0%), ATK IV: 47(0%), DEF IV: 59(0%), Work Speed: (0%), Skills: Dainty Eater
Foxparks, Level: 4, Rank: 1, Gender: Male, HP IV: 10(0%), ATK IV: 19(0%), DEF IV: 22(0%), Work Speed: (0%), Skills: Hydromaniac
Foxparks, Level: 7, Rank: 1, Gender: Female, HP IV: 36(0%), ATK IV: 95(0%), DEF IV: 9(0%), Work Speed: (0%)
oZ's 6 Pals
-----------
Cattiva, Level: 4, Rank: 1, Gender: Female, HP IV: 74(0%), ATK IV: 65(0%), DEF IV: 97(0%), Work Speed: (0%), Skills: Coward, Coldblooded
Cattiva, Level: 4, Rank: 1, Gender: Male, HP IV: 8(0%), ATK IV: 94(0%), DEF IV: 85(0%), Work Speed: (0%), Skills: Coward, Capacitor
Celaray, Level: 2, Rank: 1, Gender: Female, HP IV: 60(0%), ATK IV: 77(0%), DEF IV: 69(0%), Work Speed: (0%), Skills: Downtrodden
Celaray, Level: 3, Rank: 1, Gender: Male, HP IV: 41(0%), ATK IV: 47(0%), DEF IV: 59(0%), Work Speed: (0%), Skills: Dainty Eater
Foxparks, Level: 4, Rank: 1, Gender: Male, HP IV: 10(0%), ATK IV: 19(0%), DEF IV: 22(0%), Work Speed: (0%), Skills: Hydromaniac
Foxparks, Level: 7, Rank: 1, Gender: Female, HP IV: 36(0%), ATK IV: 95(0%), DEF IV: 9(0%), Work Speed: (0%)
oZ's 6 Pals
-----------
Cattiva, Level: 4, Rank: 1, Gender: Female, HP IV: 74(0%), ATK IV: 65(0%), DEF IV: 97(0%), Work Speed: (0%), Skills: Coward, Coldblooded
Cattiva, Level: 4, Rank: 1, Gender: Male, HP IV: 8(0%), ATK IV: 94(0%), DEF IV: 85(0%), Work Speed: (0%), Skills: Coward, Capacitor
Celaray, Level: 2, Rank: 1, Gender: Female, HP IV: 60(0%), ATK IV: 77(0%), DEF IV: 69(0%), Work Speed: (0%), Skills: Downtrodden
Celaray, Level: 3, Rank: 1, Gender: Male, HP IV: 41(0%), ATK IV: 47(0%), DEF IV: 59(0%), Work Speed: (0%), Skills: Dainty Eater
Foxparks, Level: 4, Rank: 1, Gender: Male, HP IV: 10(0%), ATK IV: 19(0%), DEF IV: 22(0%), Work Speed: (0%), Skills: Hydromaniac
Foxparks, Level: 7, Rank: 1, Gender: Female, HP IV: 36(0%), ATK IV: 95(0%), DEF IV: 9(0%), Work Speed: (0%)
oZ's 6 Pals
-----------
Cattiva, Level: 4, Rank: 1, Gender: Female, HP IV: 74(0%), ATK IV: 65(0%), DEF IV: 97(0%), Work Speed: (0%), Skills: Coward, Coldblooded
Cattiva, Level: 4, Rank: 1, Gender: Male, HP IV: 8(0%), ATK IV: 94(0%), DEF IV: 85(0%), Work Speed: (0%), Skills: Coward, Capacitor
Celaray, Level: 2, Rank: 1, Gender: Female, HP IV: 60(0%), ATK IV: 77(0%), DEF IV: 69(0%), Work Speed: (0%), Skills: Downtrodden
Celaray, Level: 3, Rank: 1, Gender: Male, HP IV: 41(0%), ATK IV: 47(0%), DEF IV: 59(0%), Work Speed: (0%), Skills: Dainty Eater
Foxparks, Level: 4, Rank: 1, Gender: Male, HP IV: 10(0%), ATK IV: 19(0%), DEF IV: 22(0%), Work Speed: (0%), Skills: Hydromaniac
Foxparks, Level: 7, Rank: 1, Gender: Female, HP IV: 36(0%), ATK IV: 95(0%), DEF IV: 9(0%), Work Speed: (0%)
oZ's 6 Pals
-----------
Cattiva, Level: 4, Rank: 1, Gender: Female, HP IV: 74(0%), ATK IV: 65(0%), DEF IV: 97(0%), Work Speed: (0%), Skills: Coward, Coldblooded
Cattiva, Level: 4, Rank: 1, Gender: Male, HP IV: 8(0%), ATK IV: 94(0%), DEF IV: 85(0%), Work Speed: (0%), Skills: Coward, Capacitor
Celaray, Level: 2, Rank: 1, Gender: Female, HP IV: 60(0%), ATK IV: 77(0%), DEF IV: 69(0%), Work Speed: (0%), Skills: Downtrodden
Celaray, Level: 3, Rank: 1, Gender: Male, HP IV: 41(0%), ATK IV: 47(0%), DEF IV: 59(0%), Work Speed: (0%), Skills: Dainty Eater
Foxparks, Level: 4, Rank: 1, Gender: Male, HP IV: 10(0%), ATK IV: 19(0%), DEF IV: 22(0%), Work Speed: (0%), Skills: Hydromaniac
Foxparks, Level: 7, Rank: 1, Gender: Female, HP IV: 36(0%), ATK IV: 95(0%), DEF IV: 9(0%), Work Speed: (0%)
oZ's 6 Pals
-----------
Cattiva, Level: 4, Rank: 1, Gender: Female, HP IV: 74(0%), ATK IV: 65(0%), DEF IV: 97(0%), Work Speed: (0%), Skills: Coward, Coldblooded
Cattiva, Level: 4, Rank: 1, Gender: Male, HP IV: 8(0%), ATK IV: 94(0%), DEF IV: 85(0%), Work Speed: (0%), Skills: Coward, Capacitor
Celaray, Level: 2, Rank: 1, Gender: Female, HP IV: 60(0%), ATK IV: 77(0%), DEF IV: 69(0%), Work Speed: (0%), Skills: Downtrodden
Celaray, Level: 3, Rank: 1, Gender: Male, HP IV: 41(0%), ATK IV: 47(0%), DEF IV: 59(0%), Work Speed: (0%), Skills: Dainty Eater
Foxparks, Level: 4, Rank: 1, Gender: Male, HP IV: 10(0%), ATK IV: 19(0%), DEF IV: 22(0%), Work Speed: (0%), Skills: Hydromaniac
Foxparks, Level: 7, Rank: 1, Gender: Female, HP IV: 36(0%), ATK IV: 95(0%), DEF IV: 9(0%), Work Speed: (0%)
oZ's 6 Pals
-----------
Cattiva, Level: 4, Rank: 1, Gender: Female, HP IV: 74(0%), ATK IV: 65(0%), DEF IV: 97(0%), Work Speed: (0%), Skills: Coward, Coldblooded
Cattiva, Level: 4, Rank: 1, Gender: Male, HP IV: 8(0%), ATK IV: 94(0%), DEF IV: 85(0%), Work Speed: (0%), Skills: Coward, Capacitor
Celaray, Level: 2, Rank: 1, Gender: Female, HP IV: 60(0%), ATK IV: 77(0%), DEF IV: 69(0%), Work Speed: (0%), Skills: Downtrodden
Celaray, Level: 3, Rank: 1, Gender: Male, HP IV: 41(0%), ATK IV: 47(0%), DEF IV: 59(0%), Work Speed: (0%), Skills: Dainty Eater
Foxparks, Level: 4, Rank: 1, Gender: Male, HP IV: 10(0%), ATK IV: 19(0%), DEF IV: 22(0%), Work Speed: (0%), Skills: Hydromaniac
Foxparks, Level: 7, Rank: 1, Gender: Female, HP IV: 36(0%), ATK IV: 95(0%), DEF IV: 9(0%), Work Speed: (0%)
oZ's 6 Pals
-----------
Cattiva, Level: 4, Rank: 1, Gender: Female, HP IV: 74(0%), ATK IV: 65(0%), DEF IV: 97(0%), Work Speed: (0%), Skills: Coward, Coldblooded
Cattiva, Level: 4, Rank: 1, Gender: Male, HP IV: 8(0%), ATK IV: 94(0%), DEF IV: 85(0%), Work Speed: (0%), Skills: Coward, Capacitor
Celaray, Level: 2, Rank: 1, Gender: Female, HP IV: 60(0%), ATK IV: 77(0%), DEF IV: 69(0%), Work Speed: (0%), Skills: Downtrodden
Celaray, Level: 3, Rank: 1, Gender: Male, HP IV: 41(0%), ATK IV: 47(0%), DEF IV: 59(0%), Work Speed: (0%), Skills: Dainty Eater
Foxparks, Level: 4, Rank: 1, Gender: Male, HP IV: 10(0%), ATK IV: 19(0%), DEF IV: 22(0%), Work Speed: (0%), Skills: Hydromaniac
Foxparks, Level: 7, Rank: 1, Gender: Female, HP IV: 36(0%), ATK IV: 95(0%), DEF IV: 9(0%), Work Speed: (0%)
oZ's 6 Pals
-----------
Cattiva, Level: 4, Rank: 1, Gender: Female, HP IV: 74(0%), ATK IV: 65(0%), DEF IV: 97(0%), Work Speed: (0%), Skills: Coward, Coldblooded
Cattiva, Level: 4, Rank: 1, Gender: Male, HP IV: 8(0%), ATK IV: 94(0%), DEF IV: 85(0%), Work Speed: (0%), Skills: Coward, Capacitor
Celaray, Level: 2, Rank: 1, Gender: Female, HP IV: 60(0%), ATK IV: 77(0%), DEF IV: 69(0%), Work Speed: (0%), Skills: Downtrodden
Celaray, Level: 3, Rank: 1, Gender: Male, HP IV: 41(0%), ATK IV: 47(0%), DEF IV: 59(0%), Work Speed: (0%), Skills: Dainty Eater
Foxparks, Level: 4, Rank: 1, Gender: Male, HP IV: 10(0%), ATK IV: 19(0%), DEF IV: 22(0%), Work Speed: (0%), Skills: Hydromaniac
Foxparks, Level: 7, Rank: 1, Gender: Female, HP IV: 36(0%), ATK IV: 95(0%), DEF IV: 9(0%), Work Speed: (0%)
oZ's 6 Pals
-----------
Cattiva, Level: 4, Rank: 1, Gender: Female, HP IV: 74(0%), ATK IV: 65(0%), DEF IV: 97(0%), Work Speed: (0%), Skills: Coward, Coldblooded
Cattiva, Level: 4, Rank: 1, Gender: Male, HP IV: 8(0%), ATK IV: 94(0%), DEF IV: 85(0%), Work Speed: (0%), Skills: Coward, Capacitor
Celaray, Level: 2, Rank: 1, Gender: Female, HP IV: 60(0%), ATK IV: 77(0%), DEF IV: 69(0%), Work Speed: (0%), Skills: Downtrodden
Celaray, Level: 3, Rank: 1, Gender: Male, HP IV: 41(0%), ATK IV: 47(0%), DEF IV: 59(0%), Work Speed: (0%), Skills: Dainty Eater
Foxparks, Level: 4, Rank: 1, Gender: Male, HP IV: 10(0%), ATK IV: 19(0%), DEF IV: 22(0%), Work Speed: (0%), Skills: Hydromaniac
Foxparks, Level: 7, Rank: 1, Gender: Female, HP IV: 36(0%), ATK IV: 95(0%), DEF IV: 9(0%), Work Speed: (0%)
oZ's 6 Pals
-----------
Cattiva, Level: 4, Rank: 1, Gender: Female, HP IV: 74(0%), ATK IV: 65(0%), DEF IV: 97(0%), Work Speed: (0%), Skills: Coward, Coldblooded
Cattiva, Level: 4, Rank: 1, Gender: Male, HP IV: 8(0%), ATK IV: 94(0%), DEF IV: 85(0%), Work Speed: (0%), Skills: Coward, Capacitor
Celaray, Level: 2, Rank: 1, Gender: Female, HP IV: 60(0%), ATK IV: 77(0%), DEF IV: 69(0%), Work Speed: (0%), Skills: Downtrodden
Celaray, Level: 3, Rank: 1, Gender: Male, HP IV: 41(0%), ATK IV: 47(0%), DEF IV: 59(0%), Work Speed: (0%), Skills: Dainty Eater
Foxparks, Level: 4, Rank: 1, Gender: Male, HP IV: 10(0%), ATK IV: 19(0%), DEF IV: 22(0%), Work Speed: (0%), Skills: Hydromaniac
Foxparks, Level: 7, Rank: 1, Gender: Female, HP IV: 36(0%), ATK IV: 95(0%), DEF IV: 9(0%), Work Speed: (0%)
