Peekaboo's 31 Pals
------------------
Cattiva, Level: 2, Rank: 1, Gender: Male, HP IV: 11(0%), ATK IV: 83(0%), DEF IV: 30(0%), Work Speed: (0%), Skills: Coward
Chikipi, Level: 13, Rank: 1, Gender: Male, HP IV: 31(0%), ATK IV: 93(0%), DEF IV: 19(0%), Work Speed: (0%)
Chikipi, Level: 13, Rank: 1, Gender: Male, HP IV: 35(0%), ATK IV: 64(0%), DEF IV: 39(0%), Work Speed: (0%), Skills: Swift
Chikipi, Level: 13, Rank: 1, Gender: Male, HP IV: 87(0%), ATK IV: 97(0%), DEF IV: 12(0%), Work Speed: (0%), Skills: Dainty Eater
Chikipi, Level: 2, Rank: 1, Gender: Male, HP IV: 81(0%), ATK IV: 13(0%), DEF IV: 100(0%), Work Speed: (0%), Skills: Zen Mind
Daedream, Level: 4, Rank: 1, Gender: Male, HP IV: 30(0%), ATK IV: 36(0%), DEF IV: 8(0%), Work Speed: (0%), Skills: Musclehead, Sadist, Brave
Daedream, Level: 4, Rank: 1, Gender: Male, HP IV: 70(0%), ATK IV: 87(0%), DEF IV: 38(0%), Work Speed: (0%), Skills: Brave
Daedream, Level: 5, Rank: 1, Gender: Female, HP IV: 50(0%), ATK IV: 80(0%), DEF IV: 70(0%), Work Speed: (0%), Skills: Workaholic, Logging Foreman
Daedream, Level: 5, Rank: 1, Gender: Male, HP IV: 91(0%), ATK IV: 76(0%), DEF IV: 65(0%), Work Speed: (0%), Skills: Positive Thinker
Daedream, Level: 6, Rank: 1, Gender: Female, HP IV: 6(0%), ATK IV: 5(0%), DEF IV: 97(0%), Work Speed: (0%), Skills: Fine Furs
Daedream, Level: 7, Rank: 1, Gender: Female, HP IV: 59(0%), ATK IV: 80(0%), DEF IV: 16(0%), Work Speed: (0%), Skills: Motivational Leader
Gumoss, Level: 4, Rank: 1, Gender: Male, HP IV: 48(0%), ATK IV: 18(0%), DEF IV: 8(0%), Work Speed: (0%), Skills: Musclehead, Capacitor
Hoocrates, Level: 4, Rank: 1, Gender: Female, HP IV: 49(0%), ATK IV: 8(0%), DEF IV: 6(0%), Work Speed: (0%), Skills: Suntan Lover
Hoocrates, Level: 4, Rank: 1, Gender: Female, HP IV: 5(0%), ATK IV: 50(0%), DEF IV: 19(0%), Work Speed: (0%), Skills: Destructive
Hoocrates, Level: 5, Rank: 1, Gender: Male, HP IV: 86(0%), ATK IV: 4(0%), DEF IV: 84(0%), Work Speed: (0%), Skills: Fragrant Foliage
Hoocrates, Level: 6, Rank: 1, Gender: Female, HP IV: 11(0%), ATK IV: 10(0%), DEF IV: 67(0%), Work Speed: (0%), Skills: Heated Body
Hoocrates, Level: 7, Rank: 1, Gender: Female, HP IV: 19(0%), ATK IV: 94(0%), DEF IV: 99(0%), Work Speed: (0%)
Hoocrates, Level: 7, Rank: 1, Gender: Female, HP IV: 33(0%), ATK IV: 19(0%), DEF IV: 12(0%), Work Speed: (0%), Skills: Veil of Darkness
Lamball, Level: 1, Rank: 1, Gender: Female, HP IV: 70(0%), ATK IV: 99(0%), DEF IV: 96(0%), Work Speed: (0%)
Lamball, Level: 1, Rank: 1, Gender: Female, HP IV: 96(0%), ATK IV: 44(0%), DEF IV: 90(0%), Work Speed: (0%), Skills: Conceited
Lamball, Level: 1, Rank: 1, Gender: Male, HP IV: 46(0%), ATK IV: 52(0%), DEF IV: 40(0%), Work Speed: (0%), Skills: Heated Body
Lamball, Level: 13, Rank: 1, Gender: Female, HP IV: 51(0%), ATK IV: 92(0%), DEF IV: 91(0%), Work Speed: (0%), Skills: Motivational Leader
Lamball, Level: 2, Rank: 1, Gender: Female, HP IV: 20(0%), ATK IV: 65(0%), DEF IV: 72(0%), Work Speed: (0%), Skills: Infinite Stamina
Lamball, Level: 2, Rank: 1, Gender: Female, HP IV: 3(0%), ATK IV: 24(0%), DEF IV: 80(0%), Work Speed: (0%), Skills: Fit as a Fiddle, Conceited
Lamball, Level: 2, Rank: 1, Gender: Female, HP IV: 99(0%), ATK IV: 42(0%), DEF IV: 15(0%), Work Speed: (0%), Skills: Veil of Darkness
Lamball, Level: 2, Rank: 1, Gender: Male, HP IV: 23(0%), ATK IV: 79(0%), DEF IV: 23(0%), Work Speed: (0%), Skills: Veil of Darkness
Lamball, Level: 2, Rank: 1, Gender: Male, HP IV: 8(0%), ATK IV: 46(0%), DEF IV: 0(0%), Work Speed: (0%), Skills: Coward
Lamball, Level: 3, Rank: 1, Gender: Female, HP IV: 16(0%), ATK IV: 67(0%), DEF IV: 30(0%), Work Speed: (0%), Skills: Infinite Stamina
Lamball, Level: 3, Rank: 1, Gender: Female, HP IV: 44(0%), ATK IV: 53(0%), DEF IV: 26(0%), Work Speed: (0%), Skills: Nocturnal
Lamball, Level: 3, Rank: 1, Gender: Male, HP IV: 23(0%), ATK IV: 37(0%), DEF IV: 56(0%), Work Speed: (0%), Skills: Abnormal
Teafant, Level: 13, Rank: 1, Gender: Female, HP IV: 19(0%), ATK IV: 64(0%), DEF IV: 45(0%), Work Speed: (0%), Skills: Serenity
Peekaboo's 31 Pals
------------------
Cattiva, Level: 2, Rank: 1, Gender: Male, HP IV: 11(0%), ATK IV: 83(0%), DEF IV: 30(0%), Work Speed: (0%), Skills: Coward
Chikipi, Level: 13, Rank: 1, Gender: Male, HP IV: 31(0%), ATK IV: 93(0%), DEF IV: 19(0%), Work Speed: (0%)
Chikipi, Level: 13, Rank: 1, Gender: Male, HP IV: 35(0%), ATK IV: 64(0%), DEF IV: 39(0%), Work Speed: (0%), Skills: Swift
Chikipi, Level: 13, Rank: 1, Gender: Male, HP IV: 87(0%), ATK IV: 97(0%), DEF IV: 12(0%), Work Speed: (0%), Skills: Dainty Eater
Chikipi, Level: 2, Rank: 1, Gender: Male, HP IV: 81(0%), ATK IV: 13(0%), DEF IV: 100(0%), Work Speed: (0%), Skills: Zen Mind
Daedream, Level: 4, Rank: 1, Gender: Male, HP IV: 30(0%), ATK IV: 36(0%), DEF IV: 8(0%), Work Speed: (0%), Skills: Musclehead, Sadist, Brave
Daedream, Level: 4, Rank: 1, Gender: Male, HP IV: 70(0%), ATK IV: 87(0%), DEF IV: 38(0%), Work Speed: (0%), Skills: Brave
Daedream, Level: 5, Rank: 1, Gender: Female, HP IV: 50(0%), ATK IV: 80(0%), DEF IV: 70(0%), Work Speed: (0%), Skills: Workaholic, Logging Foreman
Daedream, Level: 5, Rank: 1, Gender: Male, HP IV: 91(0%), ATK IV: 76(0%), DEF IV: 65(0%), Work Speed: (0%), Skills: Positive Thinker
Daedream, Level: 6, Rank: 1, Gender: Female, HP IV: 6(0%), ATK IV: 5(0%), DEF IV: 97(0%), Work Speed: (0%), Skills: Fine Furs
Daedream, Level: 7, Rank: 1, Gender: Female, HP IV: 59(0%), ATK IV: 80(0%), DEF IV: 16(0%), Work Speed: (0%), Skills: Motivational Leader
Gumoss, Level: 4, Rank: 1, Gender: Male, HP IV: 48(0%), ATK IV: 18(0%), DEF IV: 8(0%), Work Speed: (0%), Skills: Musclehead, Capacitor
Hoocrates, Level: 4, Rank: 1, Gender: Female, HP IV: 49(0%), ATK IV: 8(0%), DEF IV: 6(0%), Work Speed: (0%), Skills: Suntan Lover
Hoocrates, Level: 4, Rank: 1, Gender: Female, HP IV: 5(0%), ATK IV: 50(0%), DEF IV: 19(0%), Work Speed: (0%), Skills: Destructive
Hoocrates, Level: 5, Rank: 1, Gender: Male, HP IV: 86(0%), ATK IV: 4(0%), DEF IV: 84(0%), Work Speed: (0%), Skills: Fragrant Foliage
Hoocrates, Level: 6, Rank: 1, Gender: Female, HP IV: 11(0%), ATK IV: 10(0%), DEF IV: 67(0%), Work Speed: (0%), Skills: Heated Body
Hoocrates, Level: 7, Rank: 1, Gender: Female, HP IV: 19(0%), ATK IV: 94(0%), DEF IV: 99(0%), Work Speed: (0%)
Hoocrates, Level: 7, Rank: 1, Gender: Female, HP IV: 33(0%), ATK IV: 19(0%), DEF IV: 12(0%), Work Speed: (0%), Skills: Veil of Darkness
Lamball, Level: 1, Rank: 1, Gender: Female, HP IV: 70(0%), ATK IV: 99(0%), DEF IV: 96(0%), Work Speed: (0%)
Lamball, Level: 1, Rank: 1, Gender: Female, HP IV: 96(0%), ATK IV: 44(0%), DEF IV: 90(0%), Work Speed: (0%), Skills: Conceited
Lamball, Level: 1, Rank: 1, Gender: Male, HP IV: 46(0%), ATK IV: 52(0%), DEF IV: 40(0%), Work Speed: (0%), Skills: Heated Body
Lamball, Level: 13, Rank: 1, Gender: Female, HP IV: 51(0%), ATK IV: 92(0%), DEF IV: 91(0%), Work Speed: (0%), Skills: Motivational Leader
Lamball, Level: 2, Rank: 1, Gender: Female, HP IV: 20(0%), ATK IV: 65(0%), DEF IV: 72(0%), Work Speed: (0%), Skills: Infinite Stamina
Lamball, Level: 2, Rank: 1, Gender: Female, HP IV: 3(0%), ATK IV: 24(0%), DEF IV: 80(0%), Work Speed: (0%), Skills: Fit as a Fiddle, Conceited
Lamball, Level: 2, Rank: 1, Gender: Female, HP IV: 99(0%), ATK IV: 42(0%), DEF IV: 15(0%), Work Speed: (0%), Skills: Veil of Darkness
Lamball, Level: 2, Rank: 1, Gender: Male, HP IV: 23(0%), ATK IV: 79(0%), DEF IV: 23(0%), Work Speed: (0%), Skills: Veil of Darkness
Lamball, Level: 2, Rank: 1, Gender: Male, HP IV: 8(0%), ATK IV: 46(0%), DEF IV: 0(0%), Work Speed: (0%), Skills: Coward
Lamball, Level: 3, Rank: 1, Gender: Female, HP IV: 16(0%), ATK IV: 67(0%), DEF IV: 30(0%), Work Speed: (0%), Skills: Infinite Stamina
Lamball, Level: 3, Rank: 1, Gender: Female, HP IV: 44(0%), ATK IV: 53(0%), DEF IV: 26(0%), Work Speed: (0%), Skills: Nocturnal
Lamball, Level: 3, Rank: 1, Gender: Male, HP IV: 23(0%), ATK IV: 37(0%), DEF IV: 56(0%), Work Speed: (0%), Skills: Abnormal
Teafant, Level: 13, Rank: 1, Gender: Female, HP IV: 19(0%), ATK IV: 64(0%), DEF IV: 45(0%), Work Speed: (0%), Skills: Serenity
Peekaboo's 31 Pals
------------------
Cattiva, Level: 2, Rank: 1, Gender: Male, HP IV: 11(0%), ATK IV: 83(0%), DEF IV: 30(0%), Work Speed: (0%), Skills: Coward
Chikipi, Level: 13, Rank: 1, Gender: Male, HP IV: 31(0%), ATK IV: 93(0%), DEF IV: 19(0%), Work Speed: (0%)
Chikipi, Level: 13, Rank: 1, Gender: Male, HP IV: 35(0%), ATK IV: 64(0%), DEF IV: 39(0%), Work Speed: (0%), Skills: Swift
Chikipi, Level: 13, Rank: 1, Gender: Male, HP IV: 87(0%), ATK IV: 97(0%), DEF IV: 12(0%), Work Speed: (0%), Skills: Dainty Eater
Chikipi, Level: 2, Rank: 1, Gender: Male, HP IV: 81(0%), ATK IV: 13(0%), DEF IV: 100(0%), Work Speed: (0%), Skills: Zen Mind
Daedream, Level: 4, Rank: 1, Gender: Male, HP IV: 30(0%), ATK IV: 36(0%), DEF IV: 8(0%), Work Speed: (0%), Skills: Musclehead, Sadist, Brave
Daedream, Level: 4, Rank: 1, Gender: Male, HP IV: 70(0%), ATK IV: 87(0%), DEF IV: 38(0%), Work Speed: (0%), Skills: Brave
Daedream, Level: 5, Rank: 1, Gender: Female, HP IV: 50(0%), ATK IV: 80(0%), DEF IV: 70(0%), Work Speed: (0%), Skills: Workaholic, Logging Foreman
Daedream, Level: 5, Rank: 1, Gender: Male, HP IV: 91(0%), ATK IV: 76(0%), DEF IV: 65(0%), Work Speed: (0%), Skills: Positive Thinker
Daedream, Level: 6, Rank: 1, Gender: Female, HP IV: 6(0%), ATK IV: 5(0%), DEF IV: 97(0%), Work Speed: (0%), Skills: Fine Furs
Daedream, Level: 7, Rank: 1, Gender: Female, HP IV: 59(0%), ATK IV: 80(0%), DEF IV: 16(0%), Work Speed: (0%), Skills: Motivational Leader
Gumoss, Level: 4, Rank: 1, Gender: Male, HP IV: 48(0%), ATK IV: 18(0%), DEF IV: 8(0%), Work Speed: (0%), Skills: Musclehead, Capacitor
Hoocrates, Level: 4, Rank: 1, Gender: Female, HP IV: 49(0%), ATK IV: 8(0%), DEF IV: 6(0%), Work Speed: (0%), Skills: Suntan Lover
Hoocrates, Level: 4, Rank: 1, Gender: Female, HP IV: 5(0%), ATK IV: 50(0%), DEF IV: 19(0%), Work Speed: (0%), Skills: Destructive
Hoocrates, Level: 5, Rank: 1, Gender: Male, HP IV: 86(0%), ATK IV: 4(0%), DEF IV: 84(0%), Work Speed: (0%), Skills: Fragrant Foliage
Hoocrates, Level: 6, Rank: 1, Gender: Female, HP IV: 11(0%), ATK IV: 10(0%), DEF IV: 67(0%), Work Speed: (0%), Skills: Heated Body
Hoocrates, Level: 7, Rank: 1, Gender: Female, HP IV: 19(0%), ATK IV: 94(0%), DEF IV: 99(0%), Work Speed: (0%)
Hoocrates, Level: 7, Rank: 1, Gender: Female, HP IV: 33(0%), ATK IV: 19(0%), DEF IV: 12(0%), Work Speed: (0%), Skills: Veil of Darkness
Lamball, Level: 1, Rank: 1, Gender: Female, HP IV: 70(0%), ATK IV: 99(0%), DEF IV: 96(0%), Work Speed: (0%)
Lamball, Level: 1, Rank: 1, Gender: Female, HP IV: 96(0%), ATK IV: 44(0%), DEF IV: 90(0%), Work Speed: (0%), Skills: Conceited
Lamball, Level: 1, Rank: 1, Gender: Male, HP IV: 46(0%), ATK IV: 52(0%), DEF IV: 40(0%), Work Speed: (0%), Skills: Heated Body
Lamball, Level: 13, Rank: 1, Gender: Female, HP IV: 51(0%), ATK IV: 92(0%), DEF IV: 91(0%), Work Speed: (0%), Skills: Motivational Leader
Lamball, Level: 2, Rank: 1, Gender: Female, HP IV: 20(0%), ATK IV: 65(0%), DEF IV: 72(0%), Work Speed: (0%), Skills: Infinite Stamina
Lamball, Level: 2, Rank: 1, Gender: Female, HP IV: 3(0%), ATK IV: 24(0%), DEF IV: 80(0%), Work Speed: (0%), Skills: Fit as a Fiddle, Conceited
Lamball, Level: 2, Rank: 1, Gender: Female, HP IV: 99(0%), ATK IV: 42(0%), DEF IV: 15(0%), Work Speed: (0%), Skills: Veil of Darkness
Lamball, Level: 2, Rank: 1, Gender: Male, HP IV: 23(0%), ATK IV: 79(0%), DEF IV: 23(0%), Work Speed: (0%), Skills: Veil of Darkness
Lamball, Level: 2, Rank: 1, Gender: Male, HP IV: 8(0%), ATK IV: 46(0%), DEF IV: 0(0%), Work Speed: (0%), Skills: Coward
Lamball, Level: 3, Rank: 1, Gender: Female, HP IV: 16(0%), ATK IV: 67(0%), DEF IV: 30(0%), Work Speed: (0%), Skills: Infinite Stamina
Lamball, Level: 3, Rank: 1, Gender: Female, HP IV: 44(0%), ATK IV: 53(0%), DEF IV: 26(0%), Work Speed: (0%), Skills: Nocturnal
Lamball, Level: 3, Rank: 1, Gender: Male, HP IV: 23(0%), ATK IV: 37(0%), DEF IV: 56(0%), Work Speed: (0%), Skills: Abnormal
Teafant, Level: 13, Rank: 1, Gender: Female, HP IV: 19(0%), ATK IV: 64(0%), DEF IV: 45(0%), Work Speed: (0%), Skills: Serenity
Peekaboo's 31 Pals
------------------
Cattiva, Level: 2, Rank: 1, Gender: Male, HP IV: 11(0%), ATK IV: 83(0%), DEF IV: 30(0%), Work Speed: (0%), Skills: Coward
Chikipi, Level: 13, Rank: 1, Gender: Male, HP IV: 31(0%), ATK IV: 93(0%), DEF IV: 19(0%), Work Speed: (0%)
Chikipi, Level: 13, Rank: 1, Gender: Male, HP IV: 35(0%), ATK IV: 64(0%), DEF IV: 39(0%), Work Speed: (0%), Skills: Swift
Chikipi, Level: 13, Rank: 1, Gender: Male, HP IV: 87(0%), ATK IV: 97(0%), DEF IV: 12(0%), Work Speed: (0%), Skills: Dainty Eater
Chikipi, Level: 2, Rank: 1, Gender: Male, HP IV: 81(0%), ATK IV: 13(0%), DEF IV: 100(0%), Work Speed: (0%), Skills: Zen Mind
Daedream, Level: 4, Rank: 1, Gender: Male, HP IV: 30(0%), ATK IV: 36(0%), DEF IV: 8(0%), Work Speed: (0%), Skills: Musclehead, Sadist, Brave
Daedream, Level: 4, Rank: 1, Gender: Male, HP IV: 70(0%), ATK IV: 87(0%), DEF IV: 38(0%), Work Speed: (0%), Skills: Brave
Daedream, Level: 5, Rank: 1, Gender: Female, HP IV: 50(0%), ATK IV: 80(0%), DEF IV: 70(0%), Work Speed: (0%), Skills: Workaholic, Logging Foreman
Daedream, Level: 5, Rank: 1, Gender: Male, HP IV: 91(0%), ATK IV: 76(0%), DEF IV: 65(0%), Work Speed: (0%), Skills: Positive Thinker
Daedream, Level: 6, Rank: 1, Gender: Female, HP IV: 6(0%), ATK IV: 5(0%), DEF IV: 97(0%), Work Speed: (0%), Skills: Fine Furs
Daedream, Level: 7, Rank: 1, Gender: Female, HP IV: 59(0%), ATK IV: 80(0%), DEF IV: 16(0%), Work Speed: (0%), Skills: Motivational Leader
Gumoss, Level: 4, Rank: 1, Gender: Male, HP IV: 48(0%), ATK IV: 18(0%), DEF IV: 8(0%), Work Speed: (0%), Skills: Musclehead, Capacitor
Hoocrates, Level: 4, Rank: 1, Gender: Female, HP IV: 49(0%), ATK IV: 8(0%), DEF IV: 6(0%), Work Speed: (0%), Skills: Suntan Lover
Hoocrates, Level: 4, Rank: 1, Gender: Female, HP IV: 5(0%), ATK IV: 50(0%), DEF IV: 19(0%), Work Speed: (0%), Skills: Destructive
Hoocrates, Level: 5, Rank: 1, Gender: Male, HP IV: 86(0%), ATK IV: 4(0%), DEF IV: 84(0%), Work Speed: (0%), Skills: Fragrant Foliage
Hoocrates, Level: 6, Rank: 1, Gender: Female, HP IV: 11(0%), ATK IV: 10(0%), DEF IV: 67(0%), Work Speed: (0%), Skills: Heated Body
Hoocrates, Level: 7, Rank: 1, Gender: Female, HP IV: 19(0%), ATK IV: 94(0%), DEF IV: 99(0%), Work Speed: (0%)
Hoocrates, Level: 7, Rank: 1, Gender: Female, HP IV: 33(0%), ATK IV: 19(0%), DEF IV: 12(0%), Work Speed: (0%), Skills: Veil of Darkness
Lamball, Level: 1, Rank: 1, Gender: Female, HP IV: 70(0%), ATK IV: 99(0%), DEF IV: 96(0%), Work Speed: (0%)
Lamball, Level: 1, Rank: 1, Gender: Female, HP IV: 96(0%), ATK IV: 44(0%), DEF IV: 90(0%), Work Speed: (0%), Skills: Conceited
Lamball, Level: 1, Rank: 1, Gender: Male, HP IV: 46(0%), ATK IV: 52(0%), DEF IV: 40(0%), Work Speed: (0%), Skills: Heated Body
Lamball, Level: 13, Rank: 1, Gender: Female, HP IV: 51(0%), ATK IV: 92(0%), DEF IV: 91(0%), Work Speed: (0%), Skills: Motivational Leader
Lamball, Level: 2, Rank: 1, Gender: Female, HP IV: 20(0%), ATK IV: 65(0%), DEF IV: 72(0%), Work Speed: (0%), Skills: Infinite Stamina
Lamball, Level: 2, Rank: 1, Gender: Female, HP IV: 3(0%), ATK IV: 24(0%), DEF IV: 80(0%), Work Speed: (0%), Skills: Fit as a Fiddle, Conceited
Lamball, Level: 2, Rank: 1, Gender: Female, HP IV: 99(0%), ATK IV: 42(0%), DEF IV: 15(0%), Work Speed: (0%), Skills: Veil of Darkness
Lamball, Level: 2, Rank: 1, Gender: Male, HP IV: 23(0%), ATK IV: 79(0%), DEF IV: 23(0%), Work Speed: (0%), Skills: Veil of Darkness
Lamball, Level: 2, Rank: 1, Gender: Male, HP IV: 8(0%), ATK IV: 46(0%), DEF IV: 0(0%), Work Speed: (0%), Skills: Coward
Lamball, Level: 3, Rank: 1, Gender: Female, HP IV: 16(0%), ATK IV: 67(0%), DEF IV: 30(0%), Work Speed: (0%), Skills: Infinite Stamina
Lamball, Level: 3, Rank: 1, Gender: Female, HP IV: 44(0%), ATK IV: 53(0%), DEF IV: 26(0%), Work Speed: (0%), Skills: Nocturnal
Lamball, Level: 3, Rank: 1, Gender: Male, HP IV: 23(0%), ATK IV: 37(0%), DEF IV: 56(0%), Work Speed: (0%), Skills: Abnormal
Teafant, Level: 13, Rank: 1, Gender: Female, HP IV: 19(0%), ATK IV: 64(0%), DEF IV: 45(0%), Work Speed: (0%), Skills: Serenity
Peekaboo's 31 Pals
------------------
Cattiva, Level: 2, Rank: 1, Gender: Male, HP IV: 11(0%), ATK IV: 83(0%), DEF IV: 30(0%), Work Speed: (0%), Skills: Coward
Chikipi, Level: 13, Rank: 1, Gender: Male, HP IV: 31(0%), ATK IV: 93(0%), DEF IV: 19(0%), Work Speed: (0%)
Chikipi, Level: 13, Rank: 1, Gender: Male, HP IV: 35(0%), ATK IV: 64(0%), DEF IV: 39(0%), Work Speed: (0%), Skills: Swift
Chikipi, Level: 13, Rank: 1, Gender: Male, HP IV: 87(0%), ATK IV: 97(0%), DEF IV: 12(0%), Work Speed: (0%), Skills: Dainty Eater
Chikipi, Level: 2, Rank: 1, Gender: Male, HP IV: 81(0%), ATK IV: 13(0%), DEF IV: 100(0%), Work Speed: (0%), Skills: Zen Mind
Daedream, Level: 4, Rank: 1, Gender: Male, HP IV: 30(0%), ATK IV: 36(0%), DEF IV: 8(0%), Work Speed: (0%), Skills: Musclehead, Sadist, Brave
Daedream, Level: 4, Rank: 1, Gender: Male, HP IV: 70(0%), ATK IV: 87(0%), DEF IV: 38(0%), Work Speed: (0%), Skills: Brave
Daedream, Level: 5, Rank: 1, Gender: Female, HP IV: 50(0%), ATK IV: 80(0%), DEF IV: 70(0%), Work Speed: (0%), Skills: Workaholic, Logging Foreman
Daedream, Level: 5, Rank: 1, Gender: Male, HP IV: 91(0%), ATK IV: 76(0%), DEF IV: 65(0%), Work Speed: (0%), Skills: Positive Thinker
Daedream, Level: 6, Rank: 1, Gender: Female, HP IV: 6(0%), ATK IV: 5(0%), DEF IV: 97(0%), Work Speed: (0%), Skills: Fine Furs
Daedream, Level: 7, Rank: 1, Gender: Female, HP IV: 59(0%), ATK IV: 80(0%), DEF IV: 16(0%), Work Speed: (0%), Skills: Motivational Leader
Gumoss, Level: 4, Rank: 1, Gender: Male, HP IV: 48(0%), ATK IV: 18(0%), DEF IV: 8(0%), Work Speed: (0%), Skills: Musclehead, Capacitor
Hoocrates, Level: 4, Rank: 1, Gender: Female, HP IV: 49(0%), ATK IV: 8(0%), DEF IV: 6(0%), Work Speed: (0%), Skills: Suntan Lover
Hoocrates, Level: 4, Rank: 1, Gender: Female, HP IV: 5(0%), ATK IV: 50(0%), DEF IV: 19(0%), Work Speed: (0%), Skills: Destructive
Hoocrates, Level: 5, Rank: 1, Gender: Male, HP IV: 86(0%), ATK IV: 4(0%), DEF IV: 84(0%), Work Speed: (0%), Skills: Fragrant Foliage
Hoocrates, Level: 6, Rank: 1, Gender: Female, HP IV: 11(0%), ATK IV: 10(0%), DEF IV: 67(0%), Work Speed: (0%), Skills: Heated Body
Hoocrates, Level: 7, Rank: 1, Gender: Female, HP IV: 19(0%), ATK IV: 94(0%), DEF IV: 99(0%), Work Speed: (0%)
Hoocrates, Level: 7, Rank: 1, Gender: Female, HP IV: 33(0%), ATK IV: 19(0%), DEF IV: 12(0%), Work Speed: (0%), Skills: Veil of Darkness
Lamball, Level: 1, Rank: 1, Gender: Female, HP IV: 70(0%), ATK IV: 99(0%), DEF IV: 96(0%), Work Speed: (0%)
Lamball, Level: 1, Rank: 1, Gender: Female, HP IV: 96(0%), ATK IV: 44(0%), DEF IV: 90(0%), Work Speed: (0%), Skills: Conceited
Lamball, Level: 1, Rank: 1, Gender: Male, HP IV: 46(0%), ATK IV: 52(0%), DEF IV: 40(0%), Work Speed: (0%), Skills: Heated Body
Lamball, Level: 13, Rank: 1, Gender: Female, HP IV: 51(0%), ATK IV: 92(0%), DEF IV: 91(0%), Work Speed: (0%), Skills: Motivational Leader
Lamball, Level: 2, Rank: 1, Gender: Female, HP IV: 20(0%), ATK IV: 65(0%), DEF IV: 72(0%), Work Speed: (0%), Skills: Infinite Stamina
Lamball, Level: 2, Rank: 1, Gender: Female, HP IV: 3(0%), ATK IV: 24(0%), DEF IV: 80(0%), Work Speed: (0%), Skills: Fit as a Fiddle, Conceited
Lamball, Level: 2, Rank: 1, Gender: Female, HP IV: 99(0%), ATK IV: 42(0%), DEF IV: 15(0%), Work Speed: (0%), Skills: Veil of Darkness
Lamball, Level: 2, Rank: 1, Gender: Male, HP IV: 23(0%), ATK IV: 79(0%), DEF IV: 23(0%), Work Speed: (0%), Skills: Veil of Darkness
Lamball, Level: 2, Rank: 1, Gender: Male, HP IV: 8(0%), ATK IV: 46(0%), DEF IV: 0(0%), Work Speed: (0%), Skills: Coward
Lamball, Level: 3, Rank: 1, Gender: Female, HP IV: 16(0%), ATK IV: 67(0%), DEF IV: 30(0%), Work Speed: (0%), Skills: Infinite Stamina
Lamball, Level: 3, Rank: 1, Gender: Female, HP IV: 44(0%), ATK IV: 53(0%), DEF IV: 26(0%), Work Speed: (0%), Skills: Nocturnal
Lamball, Level: 3, Rank: 1, Gender: Male, HP IV: 23(0%), ATK IV: 37(0%), DEF IV: 56(0%), Work Speed: (0%), Skills: Abnormal
Teafant, Level: 13, Rank: 1, Gender: Female, HP IV: 19(0%), ATK IV: 64(0%), DEF IV: 45(0%), Work Speed: (0%), Skills: Serenity
Peekaboo's 31 Pals
------------------
Cattiva, Level: 2, Rank: 1, Gender: Male, HP IV: 11(0%), ATK IV: 83(0%), DEF IV: 30(0%), Work Speed: (0%), Skills: Coward
Chikipi, Level: 13, Rank: 1, Gender: Male, HP IV: 31(0%), ATK IV: 93(0%), DEF IV: 19(0%), Work Speed: (0%)
Chikipi, Level: 13, Rank: 1, Gender: Male, HP IV: 35(0%), ATK IV: 64(0%), DEF IV: 39(0%), Work Speed: (0%), Skills: Swift
Chikipi, Level: 13, Rank: 1, Gender: Male, HP IV: 87(0%), ATK IV: 97(0%), DEF IV: 12(0%), Work Speed: (0%), Skills: Dainty Eater
Chikipi, Level: 2, Rank: 1, Gender: Male, HP IV: 81(0%), ATK IV: 13(0%), DEF IV: 100(0%), Work Speed: (0%), Skills: Zen Mind
Daedream, Level: 4, Rank: 1, Gender: Male, HP IV: 30(0%), ATK IV: 36(0%), DEF IV: 8(0%), Work Speed: (0%), Skills: Musclehead, Sadist, Brave
Daedream, Level: 4, Rank: 1, Gender: Male, HP IV: 70(0%), ATK IV: 87(0%), DEF IV: 38(0%), Work Speed: (0%), Skills: Brave
Daedream, Level: 5, Rank: 1, Gender: Female, HP IV: 50(0%), ATK IV: 80(0%), DEF IV: 70(0%), Work Speed: (0%), Skills: Workaholic, Logging Foreman
Daedream, Level: 5, Rank: 1, Gender: Male, HP IV: 91(0%), ATK IV: 76(0%), DEF IV: 65(0%), Work Speed: (0%), Skills: Positive Thinker
Daedream, Level: 6, Rank: 1, Gender: Female, HP IV: 6(0%), ATK IV: 5(0%), DEF IV: 97(0%), Work Speed: (0%), Skills: Fine Furs
Daedream, Level: 7, Rank: 1, Gender: Female, HP IV: 59(0%), ATK IV: 80(0%), DEF IV: 16(0%), Work Speed: (0%), Skills: Motivational Leader
Gumoss, Level: 4, Rank: 1, Gender: Male, HP IV: 48(0%), ATK IV: 18(0%), DEF IV: 8(0%), Work Speed: (0%), Skills: Musclehead, Capacitor
Hoocrates, Level: 4, Rank: 1, Gender: Female, HP IV: 49(0%), ATK IV: 8(0%), DEF IV: 6(0%), Work Speed: (0%), Skills: Suntan Lover
Hoocrates, Level: 4, Rank: 1, Gender: Female, HP IV: 5(0%), ATK IV: 50(0%), DEF IV: 19(0%), Work Speed: (0%), Skills: Destructive
Hoocrates, Level: 5, Rank: 1, Gender: Male, HP IV: 86(0%), ATK IV: 4(0%), DEF IV: 84(0%), Work Speed: (0%), Skills: Fragrant Foliage
Hoocrates, Level: 6, Rank: 1, Gender: Female, HP IV: 11(0%), ATK IV: 10(0%), DEF IV: 67(0%), Work Speed: (0%), Skills: Heated Body
Hoocrates, Level: 7, Rank: 1, Gender: Female, HP IV: 19(0%), ATK IV: 94(0%), DEF IV: 99(0%), Work Speed: (0%)
Hoocrates, Level: 7, Rank: 1, Gender: Female, HP IV: 33(0%), ATK IV: 19(0%), DEF IV: 12(0%), Work Speed: (0%), Skills: Veil of Darkness
Lamball, Level: 1, Rank: 1, Gender: Female, HP IV: 70(0%), ATK IV: 99(0%), DEF IV: 96(0%), Work Speed: (0%)
Lamball, Level: 1, Rank: 1, Gender: Female, HP IV: 96(0%), ATK IV: 44(0%), DEF IV: 90(0%), Work Speed: (0%), Skills: Conceited
Lamball, Level: 1, Rank: 1, Gender: Male, HP IV: 46(0%), ATK IV: 52(0%), DEF IV: 40(0%), Work Speed: (0%), Skills: Heated Body
Lamball, Level: 13, Rank: 1, Gender: Female, HP IV: 51(0%), ATK IV: 92(0%), DEF IV: 91(0%), Work Speed: (0%), Skills: Motivational Leader
Lamball, Level: 2, Rank: 1, Gender: Female, HP IV: 20(0%), ATK IV: 65(0%), DEF IV: 72(0%), Work Speed: (0%), Skills: Infinite Stamina
Lamball, Level: 2, Rank: 1, Gender: Female, HP IV: 3(0%), ATK IV: 24(0%), DEF IV: 80(0%), Work Speed: (0%), Skills: Fit as a Fiddle, Conceited
Lamball, Level: 2, Rank: 1, Gender: Female, HP IV: 99(0%), ATK IV: 42(0%), DEF IV: 15(0%), Work Speed: (0%), Skills: Veil of Darkness
Lamball, Level: 2, Rank: 1, Gender: Male, HP IV: 23(0%), ATK IV: 79(0%), DEF IV: 23(0%), Work Speed: (0%), Skills: Veil of Darkness
Lamball, Level: 2, Rank: 1, Gender: Male, HP IV: 8(0%), ATK IV: 46(0%), DEF IV: 0(0%), Work Speed: (0%), Skills: Coward
Lamball, Level: 3, Rank: 1, Gender: Female, HP IV: 16(0%), ATK IV: 67(0%), DEF IV: 30(0%), Work Speed: (0%), Skills: Infinite Stamina
Lamball, Level: 3, Rank: 1, Gender: Female, HP IV: 44(0%), ATK IV: 53(0%), DEF IV: 26(0%), Work Speed: (0%), Skills: Nocturnal
Lamball, Level: 3, Rank: 1, Gender: Male, HP IV: 23(0%), ATK IV: 37(0%), DEF IV: 56(0%), Work Speed: (0%), Skills: Abnormal
Teafant, Level: 13, Rank: 1, Gender: Female, HP IV: 19(0%), ATK IV: 64(0%), DEF IV: 45(0%), Work Speed: (0%), Skills: Serenity
Peekaboo's 31 Pals
------------------
Cattiva, Level: 2, Rank: 1, Gender: Male, HP IV: 11(0%), ATK IV: 83(0%), DEF IV: 30(0%), Work Speed: (0%), Skills: Coward
Chikipi, Level: 13, Rank: 1, Gender: Male, HP IV: 31(0%), ATK IV: 93(0%), DEF IV: 19(0%), Work Speed: (0%)
Chikipi, Level: 13, Rank: 1, Gender: Male, HP IV: 35(0%), ATK IV: 64(0%), DEF IV: 39(0%), Work Speed: (0%), Skills: Swift
Chikipi, Level: 13, Rank: 1, Gender: Male, HP IV: 87(0%), ATK IV: 97(0%), DEF IV: 12(0%), Work Speed: (0%), Skills: Dainty Eater
Chikipi, Level: 2, Rank: 1, Gender: Male, HP IV: 81(0%), ATK IV: 13(0%), DEF IV: 100(0%), Work Speed: (0%), Skills: Zen Mind
Daedream, Level: 4, Rank: 1, Gender: Male, HP IV: 30(0%), ATK IV: 36(0%), DEF IV: 8(0%), Work Speed: (0%), Skills: Musclehead, Sadist, Brave
Daedream, Level: 4, Rank: 1, Gender: Male, HP IV: 70(0%), ATK IV: 87(0%), DEF IV: 38(0%), Work Speed: (0%), Skills: Brave
Daedream, Level: 5, Rank: 1, Gender: Female, HP IV: 50(0%), ATK IV: 80(0%), DEF IV: 70(0%), Work Speed: (0%), Skills: Workaholic, Logging Foreman
Daedream, Level: 5, Rank: 1, Gender: Male, HP IV: 91(0%), ATK IV: 76(0%), DEF IV: 65(0%), Work Speed: (0%), Skills: Positive Thinker
Daedream, Level: 6, Rank: 1, Gender: Female, HP IV: 6(0%), ATK IV: 5(0%), DEF IV: 97(0%), Work Speed: (0%), Skills: Fine Furs
Daedream, Level: 7, Rank: 1, Gender: Female, HP IV: 59(0%), ATK IV: 80(0%), DEF IV: 16(0%), Work Speed: (0%), Skills: Motivational Leader
Gumoss, Level: 4, Rank: 1, Gender: Male, HP IV: 48(0%), ATK IV: 18(0%), DEF IV: 8(0%), Work Speed: (0%), Skills: Musclehead, Capacitor
Hoocrates, Level: 4, Rank: 1, Gender: Female, HP IV: 49(0%), ATK IV: 8(0%), DEF IV: 6(0%), Work Speed: (0%), Skills: Suntan Lover
Hoocrates, Level: 4, Rank: 1, Gender: Female, HP IV: 5(0%), ATK IV: 50(0%), DEF IV: 19(0%), Work Speed: (0%), Skills: Destructive
Hoocrates, Level: 5, Rank: 1, Gender: Male, HP IV: 86(0%), ATK IV: 4(0%), DEF IV: 84(0%), Work Speed: (0%), Skills: Fragrant Foliage
Hoocrates, Level: 6, Rank: 1, Gender: Female, HP IV: 11(0%), ATK IV: 10(0%), DEF IV: 67(0%), Work Speed: (0%), Skills: Heated Body
Hoocrates, Level: 7, Rank: 1, Gender: Female, HP IV: 19(0%), ATK IV: 94(0%), DEF IV: 99(0%), Work Speed: (0%)
Hoocrates, Level: 7, Rank: 1, Gender: Female, HP IV: 33(0%), ATK IV: 19(0%), DEF IV: 12(0%), Work Speed: (0%), Skills: Veil of Darkness
Lamball, Level: 1, Rank: 1, Gender: Female, HP IV: 70(0%), ATK IV: 99(0%), DEF IV: 96(0%), Work Speed: (0%)
Lamball, Level: 1, Rank: 1, Gender: Female, HP IV: 96(0%), ATK IV: 44(0%), DEF IV: 90(0%), Work Speed: (0%), Skills: Conceited
Lamball, Level: 1, Rank: 1, Gender: Male, HP IV: 46(0%), ATK IV: 52(0%), DEF IV: 40(0%), Work Speed: (0%), Skills: Heated Body
Lamball, Level: 13, Rank: 1, Gender: Female, HP IV: 51(0%), ATK IV: 92(0%), DEF IV: 91(0%), Work Speed: (0%), Skills: Motivational Leader
Lamball, Level: 2, Rank: 1, Gender: Female, HP IV: 20(0%), ATK IV: 65(0%), DEF IV: 72(0%), Work Speed: (0%), Skills: Infinite Stamina
Lamball, Level: 2, Rank: 1, Gender: Female, HP IV: 3(0%), ATK IV: 24(0%), DEF IV: 80(0%), Work Speed: (0%), Skills: Fit as a Fiddle, Conceited
Lamball, Level: 2, Rank: 1, Gender: Female, HP IV: 99(0%), ATK IV: 42(0%), DEF IV: 15(0%), Work Speed: (0%), Skills: Veil of Darkness
Lamball, Level: 2, Rank: 1, Gender: Male, HP IV: 23(0%), ATK IV: 79(0%), DEF IV: 23(0%), Work Speed: (0%), Skills: Veil of Darkness
Lamball, Level: 2, Rank: 1, Gender: Male, HP IV: 8(0%), ATK IV: 46(0%), DEF IV: 0(0%), Work Speed: (0%), Skills: Coward
Lamball, Level: 3, Rank: 1, Gender: Female, HP IV: 16(0%), ATK IV: 67(0%), DEF IV: 30(0%), Work Speed: (0%), Skills: Infinite Stamina
Lamball, Level: 3, Rank: 1, Gender: Female, HP IV: 44(0%), ATK IV: 53(0%), DEF IV: 26(0%), Work Speed: (0%), Skills: Nocturnal
Lamball, Level: 3, Rank: 1, Gender: Male, HP IV: 23(0%), ATK IV: 37(0%), DEF IV: 56(0%), Work Speed: (0%), Skills: Abnormal
Teafant, Level: 13, Rank: 1, Gender: Female, HP IV: 19(0%), ATK IV: 64(0%), DEF IV: 45(0%), Work Speed: (0%), Skills: Serenity
Peekaboo's 31 Pals
------------------
Cattiva, Level: 2, Rank: 1, Gender: Male, HP IV: 11(0%), ATK IV: 83(0%), DEF IV: 30(0%), Work Speed: (0%), Skills: Coward
Chikipi, Level: 13, Rank: 1, Gender: Male, HP IV: 31(0%), ATK IV: 93(0%), DEF IV: 19(0%), Work Speed: (0%)
Chikipi, Level: 13, Rank: 1, Gender: Male, HP IV: 35(0%), ATK IV: 64(0%), DEF IV: 39(0%), Work Speed: (0%), Skills: Swift
Chikipi, Level: 13, Rank: 1, Gender: Male, HP IV: 87(0%), ATK IV: 97(0%), DEF IV: 12(0%), Work Speed: (0%), Skills: Dainty Eater
Chikipi, Level: 2, Rank: 1, Gender: Male, HP IV: 81(0%), ATK IV: 13(0%), DEF IV: 100(0%), Work Speed: (0%), Skills: Zen Mind
Daedream, Level: 4, Rank: 1, Gender: Male, HP IV: 30(0%), ATK IV: 36(0%), DEF IV: 8(0%), Work Speed: (0%), Skills: Musclehead, Sadist, Brave
Daedream, Level: 4, Rank: 1, Gender: Male, HP IV: 70(0%), ATK IV: 87(0%), DEF IV: 38(0%), Work Speed: (0%), Skills: Brave
Daedream, Level: 5, Rank: 1, Gender: Female, HP IV: 50(0%), ATK IV: 80(0%), DEF IV: 70(0%), Work Speed: (0%), Skills: Workaholic, Logging Foreman
Daedream, Level: 5, Rank: 1, Gender: Male, HP IV: 91(0%), ATK IV: 76(0%), DEF IV: 65(0%), Work Speed: (0%), Skills: Positive Thinker
Daedream, Level: 6, Rank: 1, Gender: Female, HP IV: 6(0%), ATK IV: 5(0%), DEF IV: 97(0%), Work Speed: (0%), Skills: Fine Furs
Daedream, Level: 7, Rank: 1, Gender: Female, HP IV: 59(0%), ATK IV: 80(0%), DEF IV: 16(0%), Work Speed: (0%), Skills: Motivational Leader
Gumoss, Level: 4, Rank: 1, Gender: Male, HP IV: 48(0%), ATK IV: 18(0%), DEF IV: 8(0%), Work Speed: (0%), Skills: Musclehead, Capacitor
Hoocrates, Level: 4, Rank: 1, Gender: Female, HP IV: 49(0%), ATK IV: 8(0%), DEF IV: 6(0%), Work Speed: (0%), Skills: Suntan Lover
Hoocrates, Level: 4, Rank: 1, Gender: Female, HP IV: 5(0%), ATK IV: 50(0%), DEF IV: 19(0%), Work Speed: (0%), Skills: Destructive
Hoocrates, Level: 5, Rank: 1, Gender: Male, HP IV: 86(0%), ATK IV: 4(0%), DEF IV: 84(0%), Work Speed: (0%), Skills: Fragrant Foliage
Hoocrates, Level: 6, Rank: 1, Gender: Female, HP IV: 11(0%), ATK IV: 10(0%), DEF IV: 67(0%), Work Speed: (0%), Skills: Heated Body
Hoocrates, Level: 7, Rank: 1, Gender: Female, HP IV: 19(0%), ATK IV: 94(0%), DEF IV: 99(0%), Work Speed: (0%)
Hoocrates, Level: 7, Rank: 1, Gender: Female, HP IV: 33(0%), ATK IV: 19(0%), DEF IV: 12(0%), Work Speed: (0%), Skills: Veil of Darkness
Lamball, Level: 1, Rank: 1, Gender: Female, HP IV: 70(0%), ATK IV: 99(0%), DEF IV: 96(0%), Work Speed: (0%)
Lamball, Level: 1, Rank: 1, Gender: Female, HP IV: 96(0%), ATK IV: 44(0%), DEF IV: 90(0%), Work Speed: (0%), Skills: Conceited
Lamball, Level: 1, Rank: 1, Gender: Male, HP IV: 46(0%), ATK IV: 52(0%), DEF IV: 40(0%), Work Speed: (0%), Skills: Heated Body
Lamball, Level: 13, Rank: 1, Gender: Female, HP IV: 51(0%), ATK IV: 92(0%), DEF IV: 91(0%), Work Speed: (0%), Skills: Motivational Leader
Lamball, Level: 2, Rank: 1, Gender: Female, HP IV: 20(0%), ATK IV: 65(0%), DEF IV: 72(0%), Work Speed: (0%), Skills: Infinite Stamina
Lamball, Level: 2, Rank: 1, Gender: Female, HP IV: 3(0%), ATK IV: 24(0%), DEF IV: 80(0%), Work Speed: (0%), Skills: Fit as a Fiddle, Conceited
Lamball, Level: 2, Rank: 1, Gender: Female, HP IV: 99(0%), ATK IV: 42(0%), DEF IV: 15(0%), Work Speed: (0%), Skills: Veil of Darkness
Lamball, Level: 2, Rank: 1, Gender: Male, HP IV: 23(0%), ATK IV: 79(0%), DEF IV: 23(0%), Work Speed: (0%), Skills: Veil of Darkness
Lamball, Level: 2, Rank: 1, Gender: Male, HP IV: 8(0%), ATK IV: 46(0%), DEF IV: 0(0%), Work Speed: (0%), Skills: Coward
Lamball, Level: 3, Rank: 1, Gender: Female, HP IV: 16(0%), ATK IV: 67(0%), DEF IV: 30(0%), Work Speed: (0%), Skills: Infinite Stamina
Lamball, Level: 3, Rank: 1, Gender: Female, HP IV: 44(0%), ATK IV: 53(0%), DEF IV: 26(0%), Work Speed: (0%), Skills: Nocturnal
Lamball, Level: 3, Rank: 1, Gender: Male, HP IV: 23(0%), ATK IV: 37(0%), DEF IV: 56(0%), Work Speed: (0%), Skills: Abnormal
Teafant, Level: 13, Rank: 1, Gender: Female, HP IV: 19(0%), ATK IV: 64(0%), DEF IV: 45(0%), Work Speed: (0%), Skills: Serenity
Peekaboo's 31 Pals
------------------
Cattiva, Level: 2, Rank: 1, Gender: Male, HP IV: 11(0%), ATK IV: 83(0%), DEF IV: 30(0%), Work Speed: (0%), Skills: Coward
Chikipi, Level: 13, Rank: 1, Gender: Male, HP IV: 31(0%), ATK IV: 93(0%), DEF IV: 19(0%), Work Speed: (0%)
Chikipi, Level: 13, Rank: 1, Gender: Male, HP IV: 35(0%), ATK IV: 64(0%), DEF IV: 39(0%), Work Speed: (0%), Skills: Swift
Chikipi, Level: 13, Rank: 1, Gender: Male, HP IV: 87(0%), ATK IV: 97(0%), DEF IV: 12(0%), Work Speed: (0%), Skills: Dainty Eater
Chikipi, Level: 2, Rank: 1, Gender: Male, HP IV: 81(0%), ATK IV: 13(0%), DEF IV: 100(0%), Work Speed: (0%), Skills: Zen Mind
Daedream, Level: 4, Rank: 1, Gender: Male, HP IV: 30(0%), ATK IV: 36(0%), DEF IV: 8(0%), Work Speed: (0%), Skills: Musclehead, Sadist, Brave
Daedream, Level: 4, Rank: 1, Gender: Male, HP IV: 70(0%), ATK IV: 87(0%), DEF IV: 38(0%), Work Speed: (0%), Skills: Brave
Daedream, Level: 5, Rank: 1, Gender: Female, HP IV: 50(0%), ATK IV: 80(0%), DEF IV: 70(0%), Work Speed: (0%), Skills: Workaholic, Logging Foreman
Daedream, Level: 5, Rank: 1, Gender: Male, HP IV: 91(0%), ATK IV: 76(0%), DEF IV: 65(0%), Work Speed: (0%), Skills: Positive Thinker
Daedream, Level: 6, Rank: 1, Gender: Female, HP IV: 6(0%), ATK IV: 5(0%), DEF IV: 97(0%), Work Speed: (0%), Skills: Fine Furs
Daedream, Level: 7, Rank: 1, Gender: Female, HP IV: 59(0%), ATK IV: 80(0%), DEF IV: 16(0%), Work Speed: (0%), Skills: Motivational Leader
Gumoss, Level: 4, Rank: 1, Gender: Male, HP IV: 48(0%), ATK IV: 18(0%), DEF IV: 8(0%), Work Speed: (0%), Skills: Musclehead, Capacitor
Hoocrates, Level: 4, Rank: 1, Gender: Female, HP IV: 49(0%), ATK IV: 8(0%), DEF IV: 6(0%), Work Speed: (0%), Skills: Suntan Lover
Hoocrates, Level: 4, Rank: 1, Gender: Female, HP IV: 5(0%), ATK IV: 50(0%), DEF IV: 19(0%), Work Speed: (0%), Skills: Destructive
Hoocrates, Level: 5, Rank: 1, Gender: Male, HP IV: 86(0%), ATK IV: 4(0%), DEF IV: 84(0%), Work Speed: (0%), Skills: Fragrant Foliage
Hoocrates, Level: 6, Rank: 1, Gender: Female, HP IV: 11(0%), ATK IV: 10(0%), DEF IV: 67(0%), Work Speed: (0%), Skills: Heated Body
Hoocrates, Level: 7, Rank: 1, Gender: Female, HP IV: 19(0%), ATK IV: 94(0%), DEF IV: 99(0%), Work Speed: (0%)
Hoocrates, Level: 7, Rank: 1, Gender: Female, HP IV: 33(0%), ATK IV: 19(0%), DEF IV: 12(0%), Work Speed: (0%), Skills: Veil of Darkness
Lamball, Level: 1, Rank: 1, Gender: Female, HP IV: 70(0%), ATK IV: 99(0%), DEF IV: 96(0%), Work Speed: (0%)
Lamball, Level: 1, Rank: 1, Gender: Female, HP IV: 96(0%), ATK IV: 44(0%), DEF IV: 90(0%), Work Speed: (0%), Skills: Conceited
Lamball, Level: 1, Rank: 1, Gender: Male, HP IV: 46(0%), ATK IV: 52(0%), DEF IV: 40(0%), Work Speed: (0%), Skills: Heated Body
Lamball, Level: 13, Rank: 1, Gender: Female, HP IV: 51(0%), ATK IV: 92(0%), DEF IV: 91(0%), Work Speed: (0%), Skills: Motivational Leader
Lamball, Level: 2, Rank: 1, Gender: Female, HP IV: 20(0%), ATK IV: 65(0%), DEF IV: 72(0%), Work Speed: (0%), Skills: Infinite Stamina
Lamball, Level: 2, Rank: 1, Gender: Female, HP IV: 3(0%), ATK IV: 24(0%), DEF IV: 80(0%), Work Speed: (0%), Skills: Fit as a Fiddle, Conceited
Lamball, Level: 2, Rank: 1, Gender: Female, HP IV: 99(0%), ATK IV: 42(0%), DEF IV: 15(0%), Work Speed: (0%), Skills: Veil of Darkness
Lamball, Level: 2, Rank: 1, Gender: Male, HP IV: 23(0%), ATK IV: 79(0%), DEF IV: 23(0%), Work Speed: (0%), Skills: Veil of Darkness
Lamball, Level: 2, Rank: 1, Gender: Male, HP IV: 8(0%), ATK IV: 46(0%), DEF IV: 0(0%), Work Speed: (0%), Skills: Coward
Lamball, Level: 3, Rank: 1, Gender: Female, HP IV: 16(0%), ATK IV: 67(0%), DEF IV: 30(0%), Work Speed: (0%), Skills: Infinite Stamina
Lamball, Level: 3, Rank: 1, Gender: Female, HP IV: 44(0%), ATK IV: 53(0%), DEF IV: 26(0%), Work Speed: (0%), Skills: Nocturnal
Lamball, Level: 3, Rank: 1, Gender: Male, HP IV: 23(0%), ATK IV: 37(0%), DEF IV: 56(0%), Work Speed: (0%), Skills: Abnormal
Teafant, Level: 13, Rank: 1, Gender: Female, HP IV: 19(0%), ATK IV: 64(0%), DEF IV: 45(0%), Work Speed: (0%), Skills: Serenity
Peekaboo's 31 Pals
------------------
Cattiva, Level: 2, Rank: 1, Gender: Male, HP IV: 11(0%), ATK IV: 83(0%), DEF IV: 30(0%), Work Speed: (0%), Skills: Coward
Chikipi, Level: 13, Rank: 1, Gender: Male, HP IV: 31(0%), ATK IV: 93(0%), DEF IV: 19(0%), Work Speed: (0%)
Chikipi, Level: 13, Rank: 1, Gender: Male, HP IV: 35(0%), ATK IV: 64(0%), DEF IV: 39(0%), Work Speed: (0%), Skills: Swift
Chikipi, Level: 13, Rank: 1, Gender: Male, HP IV: 87(0%), ATK IV: 97(0%), DEF IV: 12(0%), Work Speed: (0%), Skills: Dainty Eater
Chikipi, Level: 2, Rank: 1, Gender: Male, HP IV: 81(0%), ATK IV: 13(0%), DEF IV: 100(0%), Work Speed: (0%), Skills: Zen Mind
Daedream, Level: 4, Rank: 1, Gender: Male, HP IV: 30(0%), ATK IV: 36(0%), DEF IV: 8(0%), Work Speed: (0%), Skills: Musclehead, Sadist, Brave
Daedream, Level: 4, Rank: 1, Gender: Male, HP IV: 70(0%), ATK IV: 87(0%), DEF IV: 38(0%), Work Speed: (0%), Skills: Brave
Daedream, Level: 5, Rank: 1, Gender: Female, HP IV: 50(0%), ATK IV: 80(0%), DEF IV: 70(0%), Work Speed: (0%), Skills: Workaholic, Logging Foreman
Daedream, Level: 5, Rank: 1, Gender: Male, HP IV: 91(0%), ATK IV: 76(0%), DEF IV: 65(0%), Work Speed: (0%), Skills: Positive Thinker
Daedream, Level: 6, Rank: 1, Gender: Female, HP IV: 6(0%), ATK IV: 5(0%), DEF IV: 97(0%), Work Speed: (0%), Skills: Fine Furs
Daedream, Level: 7, Rank: 1, Gender: Female, HP IV: 59(0%), ATK IV: 80(0%), DEF IV: 16(0%), Work Speed: (0%), Skills: Motivational Leader
Gumoss, Level: 4, Rank: 1, Gender: Male, HP IV: 48(0%), ATK IV: 18(0%), DEF IV: 8(0%), Work Speed: (0%), Skills: Musclehead, Capacitor
Hoocrates, Level: 4, Rank: 1, Gender: Female, HP IV: 49(0%), ATK IV: 8(0%), DEF IV: 6(0%), Work Speed: (0%), Skills: Suntan Lover
Hoocrates, Level: 4, Rank: 1, Gender: Female, HP IV: 5(0%), ATK IV: 50(0%), DEF IV: 19(0%), Work Speed: (0%), Skills: Destructive
Hoocrates, Level: 5, Rank: 1, Gender: Male, HP IV: 86(0%), ATK IV: 4(0%), DEF IV: 84(0%), Work Speed: (0%), Skills: Fragrant Foliage
Hoocrates, Level: 6, Rank: 1, Gender: Female, HP IV: 11(0%), ATK IV: 10(0%), DEF IV: 67(0%), Work Speed: (0%), Skills: Heated Body
Hoocrates, Level: 7, Rank: 1, Gender: Female, HP IV: 19(0%), ATK IV: 94(0%), DEF IV: 99(0%), Work Speed: (0%)
Hoocrates, Level: 7, Rank: 1, Gender: Female, HP IV: 33(0%), ATK IV: 19(0%), DEF IV: 12(0%), Work Speed: (0%), Skills: Veil of Darkness
Lamball, Level: 1, Rank: 1, Gender: Female, HP IV: 70(0%), ATK IV: 99(0%), DEF IV: 96(0%), Work Speed: (0%)
Lamball, Level: 1, Rank: 1, Gender: Female, HP IV: 96(0%), ATK IV: 44(0%), DEF IV: 90(0%), Work Speed: (0%), Skills: Conceited
Lamball, Level: 1, Rank: 1, Gender: Male, HP IV: 46(0%), ATK IV: 52(0%), DEF IV: 40(0%), Work Speed: (0%), Skills: Heated Body
Lamball, Level: 13, Rank: 1, Gender: Female, HP IV: 51(0%), ATK IV: 92(0%), DEF IV: 91(0%), Work Speed: (0%), Skills: Motivational Leader
Lamball, Level: 2, Rank: 1, Gender: Female, HP IV: 20(0%), ATK IV: 65(0%), DEF IV: 72(0%), Work Speed: (0%), Skills: Infinite Stamina
Lamball, Level: 2, Rank: 1, Gender: Female, HP IV: 3(0%), ATK IV: 24(0%), DEF IV: 80(0%), Work Speed: (0%), Skills: Fit as a Fiddle, Conceited
Lamball, Level: 2, Rank: 1, Gender: Female, HP IV: 99(0%), ATK IV: 42(0%), DEF IV: 15(0%), Work Speed: (0%), Skills: Veil of Darkness
Lamball, Level: 2, Rank: 1, Gender: Male, HP IV: 23(0%), ATK IV: 79(0%), DEF IV: 23(0%), Work Speed: (0%), Skills: Veil of Darkness
Lamball, Level: 2, Rank: 1, Gender: Male, HP IV: 8(0%), ATK IV: 46(0%), DEF IV: 0(0%), Work Speed: (0%), Skills: Coward
Lamball, Level: 3, Rank: 1, Gender: Female, HP IV: 16(0%), ATK IV: 67(0%), DEF IV: 30(0%), Work Speed: (0%), Skills: Infinite Stamina
Lamball, Level: 3, Rank: 1, Gender: Female, HP IV: 44(0%), ATK IV: 53(0%), DEF IV: 26(0%), Work Speed: (0%), Skills: Nocturnal
Lamball, Level: 3, Rank: 1, Gender: Male, HP IV: 23(0%), ATK IV: 37(0%), DEF IV: 56(0%), Work Speed: (0%), Skills: Abnormal
Teafant, Level: 13, Rank: 1, Gender: Female, HP IV: 19(0%), ATK IV: 64(0%), DEF IV: 45(0%), Work Speed: (0%), Skills: Serenity
Peekaboo's 31 Pals
------------------
Cattiva, Level: 2, Rank: 1, Gender: Male, HP IV: 11(0%), ATK IV: 83(0%), DEF IV: 30(0%), Work Speed: (0%), Skills: Coward
Chikipi, Level: 13, Rank: 1, Gender: Male, HP IV: 31(0%), ATK IV: 93(0%), DEF IV: 19(0%), Work Speed: (0%)
Chikipi, Level: 13, Rank: 1, Gender: Male, HP IV: 35(0%), ATK IV: 64(0%), DEF IV: 39(0%), Work Speed: (0%), Skills: Swift
Chikipi, Level: 13, Rank: 1, Gender: Male, HP IV: 87(0%), ATK IV: 97(0%), DEF IV: 12(0%), Work Speed: (0%), Skills: Dainty Eater
Chikipi, Level: 2, Rank: 1, Gender: Male, HP IV: 81(0%), ATK IV: 13(0%), DEF IV: 100(0%), Work Speed: (0%), Skills: Zen Mind
Daedream, Level: 4, Rank: 1, Gender: Male, HP IV: 30(0%), ATK IV: 36(0%), DEF IV: 8(0%), Work Speed: (0%), Skills: Musclehead, Sadist, Brave
Daedream, Level: 4, Rank: 1, Gender: Male, HP IV: 70(0%), ATK IV: 87(0%), DEF IV: 38(0%), Work Speed: (0%), Skills: Brave
Daedream, Level: 5, Rank: 1, Gender: Female, HP IV: 50(0%), ATK IV: 80(0%), DEF IV: 70(0%), Work Speed: (0%), Skills: Workaholic, Logging Foreman
Daedream, Level: 5, Rank: 1, Gender: Male, HP IV: 91(0%), ATK IV: 76(0%), DEF IV: 65(0%), Work Speed: (0%), Skills: Positive Thinker
Daedream, Level: 6, Rank: 1, Gender: Female, HP IV: 6(0%), ATK IV: 5(0%), DEF IV: 97(0%), Work Speed: (0%), Skills: Fine Furs
Daedream, Level: 7, Rank: 1, Gender: Female, HP IV: 59(0%), ATK IV: 80(0%), DEF IV: 16(0%), Work Speed: (0%), Skills: Motivational Leader
Gumoss, Level: 4, Rank: 1, Gender: Male, HP IV: 48(0%), ATK IV: 18(0%), DEF IV: 8(0%), Work Speed: (0%), Skills: Musclehead, Capacitor
Hoocrates, Level: 4, Rank: 1, Gender: Female, HP IV: 49(0%), ATK IV: 8(0%), DEF IV: 6(0%), Work Speed: (0%), Skills: Suntan Lover
Hoocrates, Level: 4, Rank: 1, Gender: Female, HP IV: 5(0%), ATK IV: 50(0%), DEF IV: 19(0%), Work Speed: (0%), Skills: Destructive
Hoocrates, Level: 5, Rank: 1, Gender: Male, HP IV: 86(0%), ATK IV: 4(0%), DEF IV: 84(0%), Work Speed: (0%), Skills: Fragrant Foliage
Hoocrates, Level: 6, Rank: 1, Gender: Female, HP IV: 11(0%), ATK IV: 10(0%), DEF IV: 67(0%), Work Speed: (0%), Skills: Heated Body
Hoocrates, Level: 7, Rank: 1, Gender: Female, HP IV: 19(0%), ATK IV: 94(0%), DEF IV: 99(0%), Work Speed: (0%)
Hoocrates, Level: 7, Rank: 1, Gender: Female, HP IV: 33(0%), ATK IV: 19(0%), DEF IV: 12(0%), Work Speed: (0%), Skills: Veil of Darkness
Lamball, Level: 1, Rank: 1, Gender: Female, HP IV: 70(0%), ATK IV: 99(0%), DEF IV: 96(0%), Work Speed: (0%)
Lamball, Level: 1, Rank: 1, Gender: Female, HP IV: 96(0%), ATK IV: 44(0%), DEF IV: 90(0%), Work Speed: (0%), Skills: Conceited
Lamball, Level: 1, Rank: 1, Gender: Male, HP IV: 46(0%), ATK IV: 52(0%), DEF IV: 40(0%), Work Speed: (0%), Skills: Heated Body
Lamball, Level: 13, Rank: 1, Gender: Female, HP IV: 51(0%), ATK IV: 92(0%), DEF IV: 91(0%), Work Speed: (0%), Skills: Motivational Leader
Lamball, Level: 2, Rank: 1, Gender: Female, HP IV: 20(0%), ATK IV: 65(0%), DEF IV: 72(0%), Work Speed: (0%), Skills: Infinite Stamina
Lamball, Level: 2, Rank: 1, Gender: Female, HP IV: 3(0%), ATK IV: 24(0%), DEF IV: 80(0%), Work Speed: (0%), Skills: Fit as a Fiddle, Conceited
Lamball, Level: 2, Rank: 1, Gender: Female, HP IV: 99(0%), ATK IV: 42(0%), DEF IV: 15(0%), Work Speed: (0%), Skills: Veil of Darkness
Lamball, Level: 2, Rank: 1, Gender: Male, HP IV: 23(0%), ATK IV: 79(0%), DEF IV: 23(0%), Work Speed: (0%), Skills: Veil of Darkness
Lamball, Level: 2, Rank: 1, Gender: Male, HP IV: 8(0%), ATK IV: 46(0%), DEF IV: 0(0%), Work Speed: (0%), Skills: Coward
Lamball, Level: 3, Rank: 1, Gender: Female, HP IV: 16(0%), ATK IV: 67(0%), DEF IV: 30(0%), Work Speed: (0%), Skills: Infinite Stamina
Lamball, Level: 3, Rank: 1, Gender: Female, HP IV: 44(0%), ATK IV: 53(0%), DEF IV: 26(0%), Work Speed: (0%), Skills: Nocturnal
Lamball, Level: 3, Rank: 1, Gender: Male, HP IV: 23(0%), ATK IV: 37(0%), DEF IV: 56(0%), Work Speed: (0%), Skills: Abnormal
Teafant, Level: 13, Rank: 1, Gender: Female, HP IV: 19(0%), ATK IV: 64(0%), DEF IV: 45(0%), Work Speed: (0%), Skills: Serenity
Peekaboo's 31 Pals
------------------
Cattiva, Level: 2, Rank: 1, Gender: Male, HP IV: 11(0%), ATK IV: 83(0%), DEF IV: 30(0%), Work Speed: (0%), Skills: Coward
Chikipi, Level: 13, Rank: 1, Gender: Male, HP IV: 31(0%), ATK IV: 93(0%), DEF IV: 19(0%), Work Speed: (0%)
Chikipi, Level: 13, Rank: 1, Gender: Male, HP IV: 35(0%), ATK IV: 64(0%), DEF IV: 39(0%), Work Speed: (0%), Skills: Swift
Chikipi, Level: 13, Rank: 1, Gender: Male, HP IV: 87(0%), ATK IV: 97(0%), DEF IV: 12(0%), Work Speed: (0%), Skills: Dainty Eater
Chikipi, Level: 2, Rank: 1, Gender: Male, HP IV: 81(0%), ATK IV: 13(0%), DEF IV: 100(0%), Work Speed: (0%), Skills: Zen Mind
Daedream, Level: 4, Rank: 1, Gender: Male, HP IV: 30(0%), ATK IV: 36(0%), DEF IV: 8(0%), Work Speed: (0%), Skills: Musclehead, Sadist, Brave
Daedream, Level: 4, Rank: 1, Gender: Male, HP IV: 70(0%), ATK IV: 87(0%), DEF IV: 38(0%), Work Speed: (0%), Skills: Brave
Daedream, Level: 5, Rank: 1, Gender: Female, HP IV: 50(0%), ATK IV: 80(0%), DEF IV: 70(0%), Work Speed: (0%), Skills: Workaholic, Logging Foreman
Daedream, Level: 5, Rank: 1, Gender: Male, HP IV: 91(0%), ATK IV: 76(0%), DEF IV: 65(0%), Work Speed: (0%), Skills: Positive Thinker
Daedream, Level: 6, Rank: 1, Gender: Female, HP IV: 6(0%), ATK IV: 5(0%), DEF IV: 97(0%), Work Speed: (0%), Skills: Fine Furs
Daedream, Level: 7, Rank: 1, Gender: Female, HP IV: 59(0%), ATK IV: 80(0%), DEF IV: 16(0%), Work Speed: (0%), Skills: Motivational Leader
Gumoss, Level: 4, Rank: 1, Gender: Male, HP IV: 48(0%), ATK IV: 18(0%), DEF IV: 8(0%), Work Speed: (0%), Skills: Musclehead, Capacitor
Hoocrates, Level: 4, Rank: 1, Gender: Female, HP IV: 49(0%), ATK IV: 8(0%), DEF IV: 6(0%), Work Speed: (0%), Skills: Suntan Lover
Hoocrates, Level: 4, Rank: 1, Gender: Female, HP IV: 5(0%), ATK IV: 50(0%), DEF IV: 19(0%), Work Speed: (0%), Skills: Destructive
Hoocrates, Level: 5, Rank: 1, Gender: Male, HP IV: 86(0%), ATK IV: 4(0%), DEF IV: 84(0%), Work Speed: (0%), Skills: Fragrant Foliage
Hoocrates, Level: 6, Rank: 1, Gender: Female, HP IV: 11(0%), ATK IV: 10(0%), DEF IV: 67(0%), Work Speed: (0%), Skills: Heated Body
Hoocrates, Level: 7, Rank: 1, Gender: Female, HP IV: 19(0%), ATK IV: 94(0%), DEF IV: 99(0%), Work Speed: (0%)
Hoocrates, Level: 7, Rank: 1, Gender: Female, HP IV: 33(0%), ATK IV: 19(0%), DEF IV: 12(0%), Work Speed: (0%), Skills: Veil of Darkness
Lamball, Level: 1, Rank: 1, Gender: Female, HP IV: 70(0%), ATK IV: 99(0%), DEF IV: 96(0%), Work Speed: (0%)
Lamball, Level: 1, Rank: 1, Gender: Female, HP IV: 96(0%), ATK IV: 44(0%), DEF IV: 90(0%), Work Speed: (0%), Skills: Conceited
Lamball, Level: 1, Rank: 1, Gender: Male, HP IV: 46(0%), ATK IV: 52(0%), DEF IV: 40(0%), Work Speed: (0%), Skills: Heated Body
Lamball, Level: 13, Rank: 1, Gender: Female, HP IV: 51(0%), ATK IV: 92(0%), DEF IV: 91(0%), Work Speed: (0%), Skills: Motivational Leader
Lamball, Level: 2, Rank: 1, Gender: Female, HP IV: 20(0%), ATK IV: 65(0%), DEF IV: 72(0%), Work Speed: (0%), Skills: Infinite Stamina
Lamball, Level: 2, Rank: 1, Gender: Female, HP IV: 3(0%), ATK IV: 24(0%), DEF IV: 80(0%), Work Speed: (0%), Skills: Fit as a Fiddle, Conceited
Lamball, Level: 2, Rank: 1, Gender: Female, HP IV: 99(0%), ATK IV: 42(0%), DEF IV: 15(0%), Work Speed: (0%), Skills: Veil of Darkness
Lamball, Level: 2, Rank: 1, Gender: Male, HP IV: 23(0%), ATK IV: 79(0%), DEF IV: 23(0%), Work Speed: (0%), Skills: Veil of Darkness
Lamball, Level: 2, Rank: 1, Gender: Male, HP IV: 8(0%), ATK IV: 46(0%), DEF IV: 0(0%), Work Speed: (0%), Skills: Coward
Lamball, Level: 3, Rank: 1, Gender: Female, HP IV: 16(0%), ATK IV: 67(0%), DEF IV: 30(0%), Work Speed: (0%), Skills: Infinite Stamina
Lamball, Level: 3, Rank: 1, Gender: Female, HP IV: 44(0%), ATK IV: 53(0%), DEF IV: 26(0%), Work Speed: (0%), Skills: Nocturnal
Lamball, Level: 3, Rank: 1, Gender: Male, HP IV: 23(0%), ATK IV: 37(0%), DEF IV: 56(0%), Work Speed: (0%), Skills: Abnormal
Teafant, Level: 13, Rank: 1, Gender: Female, HP IV: 19(0%), ATK IV: 64(0%), DEF IV: 45(0%), Work Speed: (0%), Skills: Serenity
Peekaboo's 31 Pals
------------------
Cattiva, Level: 2, Rank: 1, Gender: Male, HP IV: 11(0%), ATK IV: 83(0%), DEF IV: 30(0%), Work Speed: (0%), Skills: Coward
Chikipi, Level: 13, Rank: 1, Gender: Male, HP IV: 31(0%), ATK IV: 93(0%), DEF IV: 19(0%), Work Speed: (0%)
Chikipi, Level: 13, Rank: 1, Gender: Male, HP IV: 35(0%), ATK IV: 64(0%), DEF IV: 39(0%), Work Speed: (0%), Skills: Swift
Chikipi, Level: 13, Rank: 1, Gender: Male, HP IV: 87(0%), ATK IV: 97(0%), DEF IV: 12(0%), Work Speed: (0%), Skills: Dainty Eater
Chikipi, Level: 2, Rank: 1, Gender: Male, HP IV: 81(0%), ATK IV: 13(0%), DEF IV: 100(0%), Work Speed: (0%), Skills: Zen Mind
Daedream, Level: 4, Rank: 1, Gender: Male, HP IV: 30(0%), ATK IV: 36(0%), DEF IV: 8(0%), Work Speed: (0%), Skills: Musclehead, Sadist, Brave
Daedream, Level: 4, Rank: 1, Gender: Male, HP IV: 70(0%), ATK IV: 87(0%), DEF IV: 38(0%), Work Speed: (0%), Skills: Brave
Daedream, Level: 5, Rank: 1, Gender: Female, HP IV: 50(0%), ATK IV: 80(0%), DEF IV: 70(0%), Work Speed: (0%), Skills: Workaholic, Logging Foreman
Daedream, Level: 5, Rank: 1, Gender: Male, HP IV: 91(0%), ATK IV: 76(0%), DEF IV: 65(0%), Work Speed: (0%), Skills: Positive Thinker
Daedream, Level: 6, Rank: 1, Gender: Female, HP IV: 6(0%), ATK IV: 5(0%), DEF IV: 97(0%), Work Speed: (0%), Skills: Fine Furs
Daedream, Level: 7, Rank: 1, Gender: Female, HP IV: 59(0%), ATK IV: 80(0%), DEF IV: 16(0%), Work Speed: (0%), Skills: Motivational Leader
Gumoss, Level: 4, Rank: 1, Gender: Male, HP IV: 48(0%), ATK IV: 18(0%), DEF IV: 8(0%), Work Speed: (0%), Skills: Musclehead, Capacitor
Hoocrates, Level: 4, Rank: 1, Gender: Female, HP IV: 49(0%), ATK IV: 8(0%), DEF IV: 6(0%), Work Speed: (0%), Skills: Suntan Lover
Hoocrates, Level: 4, Rank: 1, Gender: Female, HP IV: 5(0%), ATK IV: 50(0%), DEF IV: 19(0%), Work Speed: (0%), Skills: Destructive
Hoocrates, Level: 5, Rank: 1, Gender: Male, HP IV: 86(0%), ATK IV: 4(0%), DEF IV: 84(0%), Work Speed: (0%), Skills: Fragrant Foliage
Hoocrates, Level: 6, Rank: 1, Gender: Female, HP IV: 11(0%), ATK IV: 10(0%), DEF IV: 67(0%), Work Speed: (0%), Skills: Heated Body
Hoocrates, Level: 7, Rank: 1, Gender: Female, HP IV: 19(0%), ATK IV: 94(0%), DEF IV: 99(0%), Work Speed: (0%)
Hoocrates, Level: 7, Rank: 1, Gender: Female, HP IV: 33(0%), ATK IV: 19(0%), DEF IV: 12(0%), Work Speed: (0%), Skills: Veil of Darkness
Lamball, Level: 1, Rank: 1, Gender: Female, HP IV: 70(0%), ATK IV: 99(0%), DEF IV: 96(0%), Work Speed: (0%)
Lamball, Level: 1, Rank: 1, Gender: Female, HP IV: 96(0%), ATK IV: 44(0%), DEF IV: 90(0%), Work Speed: (0%), Skills: Conceited
Lamball, Level: 1, Rank: 1, Gender: Male, HP IV: 46(0%), ATK IV: 52(0%), DEF IV: 40(0%), Work Speed: (0%), Skills: Heated Body
Lamball, Level: 13, Rank: 1, Gender: Female, HP IV: 51(0%), ATK IV: 92(0%), DEF IV: 91(0%), Work Speed: (0%), Skills: Motivational Leader
Lamball, Level: 2, Rank: 1, Gender: Female, HP IV: 20(0%), ATK IV: 65(0%), DEF IV: 72(0%), Work Speed: (0%), Skills: Infinite Stamina
Lamball, Level: 2, Rank: 1, Gender: Female, HP IV: 3(0%), ATK IV: 24(0%), DEF IV: 80(0%), Work Speed: (0%), Skills: Fit as a Fiddle, Conceited
Lamball, Level: 2, Rank: 1, Gender: Female, HP IV: 99(0%), ATK IV: 42(0%), DEF IV: 15(0%), Work Speed: (0%), Skills: Veil of Darkness
Lamball, Level: 2, Rank: 1, Gender: Male, HP IV: 23(0%), ATK IV: 79(0%), DEF IV: 23(0%), Work Speed: (0%), Skills: Veil of Darkness
Lamball, Level: 2, Rank: 1, Gender: Male, HP IV: 8(0%), ATK IV: 46(0%), DEF IV: 0(0%), Work Speed: (0%), Skills: Coward
Lamball, Level: 3, Rank: 1, Gender: Female, HP IV: 16(0%), ATK IV: 67(0%), DEF IV: 30(0%), Work Speed: (0%), Skills: Infinite Stamina
Lamball, Level: 3, Rank: 1, Gender: Female, HP IV: 44(0%), ATK IV: 53(0%), DEF IV: 26(0%), Work Speed: (0%), Skills: Nocturnal
Lamball, Level: 3, Rank: 1, Gender: Male, HP IV: 23(0%), ATK IV: 37(0%), DEF IV: 56(0%), Work Speed: (0%), Skills: Abnormal
Teafant, Level: 13, Rank: 1, Gender: Female, HP IV: 19(0%), ATK IV: 64(0%), DEF IV: 45(0%), Work Speed: (0%), Skills: Serenity
Peekaboo's 31 Pals
------------------
Cattiva, Level: 2, Rank: 1, Gender: Male, HP IV: 11(0%), ATK IV: 83(0%), DEF IV: 30(0%), Work Speed: (0%), Skills: Coward
Chikipi, Level: 13, Rank: 1, Gender: Male, HP IV: 31(0%), ATK IV: 93(0%), DEF IV: 19(0%), Work Speed: (0%)
Chikipi, Level: 13, Rank: 1, Gender: Male, HP IV: 35(0%), ATK IV: 64(0%), DEF IV: 39(0%), Work Speed: (0%), Skills: Swift
Chikipi, Level: 13, Rank: 1, Gender: Male, HP IV: 87(0%), ATK IV: 97(0%), DEF IV: 12(0%), Work Speed: (0%), Skills: Dainty Eater
Chikipi, Level: 2, Rank: 1, Gender: Male, HP IV: 81(0%), ATK IV: 13(0%), DEF IV: 100(0%), Work Speed: (0%), Skills: Zen Mind
Daedream, Level: 4, Rank: 1, Gender: Male, HP IV: 30(0%), ATK IV: 36(0%), DEF IV: 8(0%), Work Speed: (0%), Skills: Musclehead, Sadist, Brave
Daedream, Level: 4, Rank: 1, Gender: Male, HP IV: 70(0%), ATK IV: 87(0%), DEF IV: 38(0%), Work Speed: (0%), Skills: Brave
Daedream, Level: 5, Rank: 1, Gender: Female, HP IV: 50(0%), ATK IV: 80(0%), DEF IV: 70(0%), Work Speed: (0%), Skills: Workaholic, Logging Foreman
Daedream, Level: 5, Rank: 1, Gender: Male, HP IV: 91(0%), ATK IV: 76(0%), DEF IV: 65(0%), Work Speed: (0%), Skills: Positive Thinker
Daedream, Level: 6, Rank: 1, Gender: Female, HP IV: 6(0%), ATK IV: 5(0%), DEF IV: 97(0%), Work Speed: (0%), Skills: Fine Furs
Daedream, Level: 7, Rank: 1, Gender: Female, HP IV: 59(0%), ATK IV: 80(0%), DEF IV: 16(0%), Work Speed: (0%), Skills: Motivational Leader
Gumoss, Level: 4, Rank: 1, Gender: Male, HP IV: 48(0%), ATK IV: 18(0%), DEF IV: 8(0%), Work Speed: (0%), Skills: Musclehead, Capacitor
Hoocrates, Level: 4, Rank: 1, Gender: Female, HP IV: 49(0%), ATK IV: 8(0%), DEF IV: 6(0%), Work Speed: (0%), Skills: Suntan Lover
Hoocrates, Level: 4, Rank: 1, Gender: Female, HP IV: 5(0%), ATK IV: 50(0%), DEF IV: 19(0%), Work Speed: (0%), Skills: Destructive
Hoocrates, Level: 5, Rank: 1, Gender: Male, HP IV: 86(0%), ATK IV: 4(0%), DEF IV: 84(0%), Work Speed: (0%), Skills: Fragrant Foliage
Hoocrates, Level: 6, Rank: 1, Gender: Female, HP IV: 11(0%), ATK IV: 10(0%), DEF IV: 67(0%), Work Speed: (0%), Skills: Heated Body
Hoocrates, Level: 7, Rank: 1, Gender: Female, HP IV: 19(0%), ATK IV: 94(0%), DEF IV: 99(0%), Work Speed: (0%)
Hoocrates, Level: 7, Rank: 1, Gender: Female, HP IV: 33(0%), ATK IV: 19(0%), DEF IV: 12(0%), Work Speed: (0%), Skills: Veil of Darkness
Lamball, Level: 1, Rank: 1, Gender: Female, HP IV: 70(0%), ATK IV: 99(0%), DEF IV: 96(0%), Work Speed: (0%)
Lamball, Level: 1, Rank: 1, Gender: Female, HP IV: 96(0%), ATK IV: 44(0%), DEF IV: 90(0%), Work Speed: (0%), Skills: Conceited
Lamball, Level: 1, Rank: 1, Gender: Male, HP IV: 46(0%), ATK IV: 52(0%), DEF IV: 40(0%), Work Speed: (0%), Skills: Heated Body
Lamball, Level: 13, Rank: 1, Gender: Female, HP IV: 51(0%), ATK IV: 92(0%), DEF IV: 91(0%), Work Speed: (0%), Skills: Motivational Leader
Lamball, Level: 2, Rank: 1, Gender: Female, HP IV: 20(0%), ATK IV: 65(0%), DEF IV: 72(0%), Work Speed: (0%), Skills: Infinite Stamina
Lamball, Level: 2, Rank: 1, Gender: Female, HP IV: 3(0%), ATK IV: 24(0%), DEF IV: 80(0%), Work Speed: (0%), Skills: Fit as a Fiddle, Conceited
Lamball, Level: 2, Rank: 1, Gender: Female, HP IV: 99(0%), ATK IV: 42(0%), DEF IV: 15(0%), Work Speed: (0%), Skills: Veil of Darkness
Lamball, Level: 2, Rank: 1, Gender: Male, HP IV: 23(0%), ATK IV: 79(0%), DEF IV: 23(0%), Work Speed: (0%), Skills: Veil of Darkness
Lamball, Level: 2, Rank: 1, Gender: Male, HP IV: 8(0%), ATK IV: 46(0%), DEF IV: 0(0%), Work Speed: (0%), Skills: Coward
Lamball, Level: 3, Rank: 1, Gender: Female, HP IV: 16(0%), ATK IV: 67(0%), DEF IV: 30(0%), Work Speed: (0%), Skills: Infinite Stamina
Lamball, Level: 3, Rank: 1, Gender: Female, HP IV: 44(0%), ATK IV: 53(0%), DEF IV: 26(0%), Work Speed: (0%), Skills: Nocturnal
Lamball, Level: 3, Rank: 1, Gender: Male, HP IV: 23(0%), ATK IV: 37(0%), DEF IV: 56(0%), Work Speed: (0%), Skills: Abnormal
Teafant, Level: 13, Rank: 1, Gender: Female, HP IV: 19(0%), ATK IV: 64(0%), DEF IV: 45(0%), Work Speed: (0%), Skills: Serenity
