PinkSlime's 29 Pals
-------------------
Alpha Chillet, Level: 18, Rank: 1, Gender: Female, HP IV: 75(0%), ATK IV: 79(0%), DEF IV: 51(0%), Work Speed: (0%), Skills: Serenity
Alpha Penking, Level: 15, Rank: 1, Gender: Female, HP IV: 76(0%), ATK IV: 97(0%), DEF IV: 65(0%), Work Speed: (0%), Skills: Power of Gaia
Alpha Quivern, Level: 23, Rank: 1, Gender: Male, HP IV: 65(0%), ATK IV: 68(0%), DEF IV: 87(0%), Work Speed: (0%), Skills: Dragonkiller
Cattiva, Level: 9, Rank: 1, Gender: Male, HP IV: 57(0%), ATK IV: 50(0%), DEF IV: 19(0%), Work Speed: (0%), Skills: Coward, Masochist
Cawgnito, Level: 17, Rank: 1, Gender: Female, HP IV: 3(0%), ATK IV: 5(0%), DEF IV: 6(0%), Work Speed: (0%), Skills: Work Slave
Celaray, Level: 2, Rank: 1, Gender: Female, HP IV: 4(0%), ATK IV: 47(0%), DEF IV: 52(0%), Work Speed: (0%), Skills: Mercy hit
Chikipi, Level: 12, Rank: 1, Gender: Male, HP IV: 32(0%), ATK IV: 64(0%), DEF IV: 98(0%), Work Speed: (0%), Skills: Brave
Croajiro, Hypno, Level: 25, Rank: 1, Gender: Female, HP IV: 55(0%), ATK IV: 19(0%), DEF IV: 84(0%), Work Speed: (0%), Skills: Mine Foreman
Croajiro, Level: 4, Rank: 1, Gender: Male, HP IV: 15(0%), ATK IV: 18(0%), DEF IV: 2(0%), Work Speed: (0%), Skills: Earthquake Resistant
Croajiro, Level: 6, Rank: 1, Gender: Female, HP IV: 78(0%), ATK IV: 46(0%), DEF IV: 20(0%), Work Speed: (0%), Skills: Brave
Direhowl, Level: 18, Rank: 1, Gender: Female, HP IV: 81(0%), ATK IV: 64(0%), DEF IV: 71(0%), Work Speed: (0%), Skills: Pacifist
Flambelle, Level: 18, Rank: 1, Gender: Female, HP IV: 4(0%), ATK IV: 25(0%), DEF IV: 72(0%), Work Speed: (0%), Skills: Sickly
Fuddler, Level: 16, Rank: 1, Gender: Female, HP IV: 92(0%), ATK IV: 85(0%), DEF IV: 81(0%), Work Speed: (0%), Skills: Serious
Galeclaw, Level: 20, Rank: 1, Gender: Female, HP IV: 79(0%), ATK IV: 47(0%), DEF IV: 89(0%), Work Speed: (0%), Skills: Abnormal
Jolthog Cryst, Level: 1, Rank: 1, Gender: Male, HP IV: 36(0%), ATK IV: 63(0%), DEF IV: 13(0%), Work Speed: (0%), Skills: Motivational Leader
Jolthog, Level: 11, Rank: 1, Gender: Male, HP IV: 87(0%), ATK IV: 30(0%), DEF IV: 97(0%), Work Speed: (0%)
Lamball, Level: 2, Rank: 1, Gender: Female, HP IV: 9(0%), ATK IV: 91(0%), DEF IV: 47(0%), Work Speed: (0%), Skills: Sickly
Lamball, Level: 3, Rank: 1, Gender: Male, HP IV: 24(0%), ATK IV: 15(0%), DEF IV: 54(0%), Work Speed: (0%), Skills: Fine Furs
Lamball, Level: 3, Rank: 1, Gender: Male, HP IV: 96(0%), ATK IV: 97(0%), DEF IV: 50(0%), Work Speed: (0%), Skills: Nimble
Lamball, Level: 4, Rank: 1, Gender: Male, HP IV: 63(0%), ATK IV: 11(0%), DEF IV: 20(0%), Work Speed: (0%), Skills: Cheery
Lamball, Level: 5, Rank: 1, Gender: Female, HP IV: 42(0%), ATK IV: 18(0%), DEF IV: 67(0%), Work Speed: (0%), Skills: Artisan, Dainty Eater, Unstable, Infinite Stamina
Nox, Level: 15, Rank: 1, Gender: Female, HP IV: 31(0%), ATK IV: 97(0%), DEF IV: 35(0%), Work Speed: (0%), Skills: Botanical Barrier, Slacker
Pengullet, Level: 12, Rank: 1, Gender: Female, HP IV: 29(0%), ATK IV: 99(0%), DEF IV: 19(0%), Work Speed: (0%), Skills: Coldblooded
Pengullet, Level: 12, Rank: 1, Gender: Female, HP IV: 35(0%), ATK IV: 7(0%), DEF IV: 50(0%), Work Speed: (0%), Skills: Musclehead, Swift
Rooby, Level: 18, Rank: 1, Gender: Male, HP IV: 73(0%), ATK IV: 51(0%), DEF IV: 71(0%), Work Speed: (0%)
Sweepa, Level: 15, Rank: 1, Gender: Female, HP IV: 88(0%), ATK IV: 57(0%), DEF IV: 25(0%), Work Speed: (0%), Skills: Capacitor
Tanzee, Level: 17, Rank: 1, Gender: Male, HP IV: 34(0%), ATK IV: 44(0%), DEF IV: 6(0%), Work Speed: (0%)
Tanzee, Level: 6, Rank: 1, Gender: Male, HP IV: 31(0%), ATK IV: 12(0%), DEF IV: 72(0%), Work Speed: (0%), Skills: Fragrant Foliage
Vixy, Level: 5, Rank: 1, Gender: Male, HP IV: 2(0%), ATK IV: 41(0%), DEF IV: 43(0%), Work Speed: (0%)
PinkSlime's 29 Pals
-------------------
Alpha Chillet, Level: 18, Rank: 1, Gender: Female, HP IV: 75(0%), ATK IV: 79(0%), DEF IV: 51(0%), Work Speed: (0%), Skills: Serenity
Alpha Penking, Level: 15, Rank: 1, Gender: Female, HP IV: 76(0%), ATK IV: 97(0%), DEF IV: 65(0%), Work Speed: (0%), Skills: Power of Gaia
Alpha Quivern, Level: 23, Rank: 1, Gender: Male, HP IV: 65(0%), ATK IV: 68(0%), DEF IV: 87(0%), Work Speed: (0%), Skills: Dragonkiller
Cattiva, Level: 9, Rank: 1, Gender: Male, HP IV: 57(0%), ATK IV: 50(0%), DEF IV: 19(0%), Work Speed: (0%), Skills: Coward, Masochist
Cawgnito, Level: 17, Rank: 1, Gender: Female, HP IV: 3(0%), ATK IV: 5(0%), DEF IV: 6(0%), Work Speed: (0%), Skills: Work Slave
Celaray, Level: 2, Rank: 1, Gender: Female, HP IV: 4(0%), ATK IV: 47(0%), DEF IV: 52(0%), Work Speed: (0%), Skills: Mercy hit
Chikipi, Level: 12, Rank: 1, Gender: Male, HP IV: 32(0%), ATK IV: 64(0%), DEF IV: 98(0%), Work Speed: (0%), Skills: Brave
Croajiro, Hypno, Level: 25, Rank: 1, Gender: Female, HP IV: 55(0%), ATK IV: 19(0%), DEF IV: 84(0%), Work Speed: (0%), Skills: Mine Foreman
Croajiro, Level: 4, Rank: 1, Gender: Male, HP IV: 15(0%), ATK IV: 18(0%), DEF IV: 2(0%), Work Speed: (0%), Skills: Earthquake Resistant
Croajiro, Level: 6, Rank: 1, Gender: Female, HP IV: 78(0%), ATK IV: 46(0%), DEF IV: 20(0%), Work Speed: (0%), Skills: Brave
Direhowl, Level: 18, Rank: 1, Gender: Female, HP IV: 81(0%), ATK IV: 64(0%), DEF IV: 71(0%), Work Speed: (0%), Skills: Pacifist
Flambelle, Level: 18, Rank: 1, Gender: Female, HP IV: 4(0%), ATK IV: 25(0%), DEF IV: 72(0%), Work Speed: (0%), Skills: Sickly
Fuddler, Level: 16, Rank: 1, Gender: Female, HP IV: 92(0%), ATK IV: 85(0%), DEF IV: 81(0%), Work Speed: (0%), Skills: Serious
Galeclaw, Level: 20, Rank: 1, Gender: Female, HP IV: 79(0%), ATK IV: 47(0%), DEF IV: 89(0%), Work Speed: (0%), Skills: Abnormal
Jolthog Cryst, Level: 1, Rank: 1, Gender: Male, HP IV: 36(0%), ATK IV: 63(0%), DEF IV: 13(0%), Work Speed: (0%), Skills: Motivational Leader
Jolthog, Level: 11, Rank: 1, Gender: Male, HP IV: 87(0%), ATK IV: 30(0%), DEF IV: 97(0%), Work Speed: (0%)
Lamball, Level: 2, Rank: 1, Gender: Female, HP IV: 9(0%), ATK IV: 91(0%), DEF IV: 47(0%), Work Speed: (0%), Skills: Sickly
Lamball, Level: 3, Rank: 1, Gender: Male, HP IV: 24(0%), ATK IV: 15(0%), DEF IV: 54(0%), Work Speed: (0%), Skills: Fine Furs
Lamball, Level: 3, Rank: 1, Gender: Male, HP IV: 96(0%), ATK IV: 97(0%), DEF IV: 50(0%), Work Speed: (0%), Skills: Nimble
Lamball, Level: 4, Rank: 1, Gender: Male, HP IV: 63(0%), ATK IV: 11(0%), DEF IV: 20(0%), Work Speed: (0%), Skills: Cheery
Lamball, Level: 5, Rank: 1, Gender: Female, HP IV: 42(0%), ATK IV: 18(0%), DEF IV: 67(0%), Work Speed: (0%), Skills: Artisan, Dainty Eater, Unstable, Infinite Stamina
Nox, Level: 15, Rank: 1, Gender: Female, HP IV: 31(0%), ATK IV: 97(0%), DEF IV: 35(0%), Work Speed: (0%), Skills: Botanical Barrier, Slacker
Pengullet, Level: 12, Rank: 1, Gender: Female, HP IV: 29(0%), ATK IV: 99(0%), DEF IV: 19(0%), Work Speed: (0%), Skills: Coldblooded
Pengullet, Level: 12, Rank: 1, Gender: Female, HP IV: 35(0%), ATK IV: 7(0%), DEF IV: 50(0%), Work Speed: (0%), Skills: Musclehead, Swift
Rooby, Level: 18, Rank: 1, Gender: Male, HP IV: 73(0%), ATK IV: 51(0%), DEF IV: 71(0%), Work Speed: (0%)
Sweepa, Level: 15, Rank: 1, Gender: Female, HP IV: 88(0%), ATK IV: 57(0%), DEF IV: 25(0%), Work Speed: (0%), Skills: Capacitor
Tanzee, Level: 17, Rank: 1, Gender: Male, HP IV: 34(0%), ATK IV: 44(0%), DEF IV: 6(0%), Work Speed: (0%)
Tanzee, Level: 6, Rank: 1, Gender: Male, HP IV: 31(0%), ATK IV: 12(0%), DEF IV: 72(0%), Work Speed: (0%), Skills: Fragrant Foliage
Vixy, Level: 5, Rank: 1, Gender: Male, HP IV: 2(0%), ATK IV: 41(0%), DEF IV: 43(0%), Work Speed: (0%)
PinkSlime's 29 Pals
-------------------
Alpha Chillet, Level: 18, Rank: 1, Gender: Female, HP IV: 75(0%), ATK IV: 79(0%), DEF IV: 51(0%), Work Speed: (0%), Skills: Serenity
Alpha Penking, Level: 15, Rank: 1, Gender: Female, HP IV: 76(0%), ATK IV: 97(0%), DEF IV: 65(0%), Work Speed: (0%), Skills: Power of Gaia
Alpha Quivern, Level: 23, Rank: 1, Gender: Male, HP IV: 65(0%), ATK IV: 68(0%), DEF IV: 87(0%), Work Speed: (0%), Skills: Dragonkiller
Cattiva, Level: 9, Rank: 1, Gender: Male, HP IV: 57(0%), ATK IV: 50(0%), DEF IV: 19(0%), Work Speed: (0%), Skills: Coward, Masochist
Cawgnito, Level: 17, Rank: 1, Gender: Female, HP IV: 3(0%), ATK IV: 5(0%), DEF IV: 6(0%), Work Speed: (0%), Skills: Work Slave
Celaray, Level: 2, Rank: 1, Gender: Female, HP IV: 4(0%), ATK IV: 47(0%), DEF IV: 52(0%), Work Speed: (0%), Skills: Mercy hit
Chikipi, Level: 12, Rank: 1, Gender: Male, HP IV: 32(0%), ATK IV: 64(0%), DEF IV: 98(0%), Work Speed: (0%), Skills: Brave
Croajiro, Hypno, Level: 25, Rank: 1, Gender: Female, HP IV: 55(0%), ATK IV: 19(0%), DEF IV: 84(0%), Work Speed: (0%), Skills: Mine Foreman
Croajiro, Level: 4, Rank: 1, Gender: Male, HP IV: 15(0%), ATK IV: 18(0%), DEF IV: 2(0%), Work Speed: (0%), Skills: Earthquake Resistant
Croajiro, Level: 6, Rank: 1, Gender: Female, HP IV: 78(0%), ATK IV: 46(0%), DEF IV: 20(0%), Work Speed: (0%), Skills: Brave
Direhowl, Level: 18, Rank: 1, Gender: Female, HP IV: 81(0%), ATK IV: 64(0%), DEF IV: 71(0%), Work Speed: (0%), Skills: Pacifist
Flambelle, Level: 18, Rank: 1, Gender: Female, HP IV: 4(0%), ATK IV: 25(0%), DEF IV: 72(0%), Work Speed: (0%), Skills: Sickly
Fuddler, Level: 16, Rank: 1, Gender: Female, HP IV: 92(0%), ATK IV: 85(0%), DEF IV: 81(0%), Work Speed: (0%), Skills: Serious
Galeclaw, Level: 20, Rank: 1, Gender: Female, HP IV: 79(0%), ATK IV: 47(0%), DEF IV: 89(0%), Work Speed: (0%), Skills: Abnormal
Jolthog Cryst, Level: 1, Rank: 1, Gender: Male, HP IV: 36(0%), ATK IV: 63(0%), DEF IV: 13(0%), Work Speed: (0%), Skills: Motivational Leader
Jolthog, Level: 11, Rank: 1, Gender: Male, HP IV: 87(0%), ATK IV: 30(0%), DEF IV: 97(0%), Work Speed: (0%)
Lamball, Level: 2, Rank: 1, Gender: Female, HP IV: 9(0%), ATK IV: 91(0%), DEF IV: 47(0%), Work Speed: (0%), Skills: Sickly
Lamball, Level: 3, Rank: 1, Gender: Male, HP IV: 24(0%), ATK IV: 15(0%), DEF IV: 54(0%), Work Speed: (0%), Skills: Fine Furs
Lamball, Level: 3, Rank: 1, Gender: Male, HP IV: 96(0%), ATK IV: 97(0%), DEF IV: 50(0%), Work Speed: (0%), Skills: Nimble
Lamball, Level: 4, Rank: 1, Gender: Male, HP IV: 63(0%), ATK IV: 11(0%), DEF IV: 20(0%), Work Speed: (0%), Skills: Cheery
Lamball, Level: 5, Rank: 1, Gender: Female, HP IV: 42(0%), ATK IV: 18(0%), DEF IV: 67(0%), Work Speed: (0%), Skills: Artisan, Dainty Eater, Unstable, Infinite Stamina
Nox, Level: 15, Rank: 1, Gender: Female, HP IV: 31(0%), ATK IV: 97(0%), DEF IV: 35(0%), Work Speed: (0%), Skills: Botanical Barrier, Slacker
Pengullet, Level: 12, Rank: 1, Gender: Female, HP IV: 29(0%), ATK IV: 99(0%), DEF IV: 19(0%), Work Speed: (0%), Skills: Coldblooded
Pengullet, Level: 12, Rank: 1, Gender: Female, HP IV: 35(0%), ATK IV: 7(0%), DEF IV: 50(0%), Work Speed: (0%), Skills: Musclehead, Swift
Rooby, Level: 18, Rank: 1, Gender: Male, HP IV: 73(0%), ATK IV: 51(0%), DEF IV: 71(0%), Work Speed: (0%)
Sweepa, Level: 15, Rank: 1, Gender: Female, HP IV: 88(0%), ATK IV: 57(0%), DEF IV: 25(0%), Work Speed: (0%), Skills: Capacitor
Tanzee, Level: 17, Rank: 1, Gender: Male, HP IV: 34(0%), ATK IV: 44(0%), DEF IV: 6(0%), Work Speed: (0%)
Tanzee, Level: 6, Rank: 1, Gender: Male, HP IV: 31(0%), ATK IV: 12(0%), DEF IV: 72(0%), Work Speed: (0%), Skills: Fragrant Foliage
Vixy, Level: 5, Rank: 1, Gender: Male, HP IV: 2(0%), ATK IV: 41(0%), DEF IV: 43(0%), Work Speed: (0%)
PinkSlime's 29 Pals
-------------------
Alpha Chillet, Level: 18, Rank: 1, Gender: Female, HP IV: 75(0%), ATK IV: 79(0%), DEF IV: 51(0%), Work Speed: (0%), Skills: Serenity
Alpha Penking, Level: 15, Rank: 1, Gender: Female, HP IV: 76(0%), ATK IV: 97(0%), DEF IV: 65(0%), Work Speed: (0%), Skills: Power of Gaia
Alpha Quivern, Level: 23, Rank: 1, Gender: Male, HP IV: 65(0%), ATK IV: 68(0%), DEF IV: 87(0%), Work Speed: (0%), Skills: Dragonkiller
Cattiva, Level: 9, Rank: 1, Gender: Male, HP IV: 57(0%), ATK IV: 50(0%), DEF IV: 19(0%), Work Speed: (0%), Skills: Coward, Masochist
Cawgnito, Level: 17, Rank: 1, Gender: Female, HP IV: 3(0%), ATK IV: 5(0%), DEF IV: 6(0%), Work Speed: (0%), Skills: Work Slave
Celaray, Level: 2, Rank: 1, Gender: Female, HP IV: 4(0%), ATK IV: 47(0%), DEF IV: 52(0%), Work Speed: (0%), Skills: Mercy hit
Chikipi, Level: 12, Rank: 1, Gender: Male, HP IV: 32(0%), ATK IV: 64(0%), DEF IV: 98(0%), Work Speed: (0%), Skills: Brave
Croajiro, Hypno, Level: 25, Rank: 1, Gender: Female, HP IV: 55(0%), ATK IV: 19(0%), DEF IV: 84(0%), Work Speed: (0%), Skills: Mine Foreman
Croajiro, Level: 4, Rank: 1, Gender: Male, HP IV: 15(0%), ATK IV: 18(0%), DEF IV: 2(0%), Work Speed: (0%), Skills: Earthquake Resistant
Croajiro, Level: 6, Rank: 1, Gender: Female, HP IV: 78(0%), ATK IV: 46(0%), DEF IV: 20(0%), Work Speed: (0%), Skills: Brave
Direhowl, Level: 18, Rank: 1, Gender: Female, HP IV: 81(0%), ATK IV: 64(0%), DEF IV: 71(0%), Work Speed: (0%), Skills: Pacifist
Flambelle, Level: 18, Rank: 1, Gender: Female, HP IV: 4(0%), ATK IV: 25(0%), DEF IV: 72(0%), Work Speed: (0%), Skills: Sickly
Fuddler, Level: 16, Rank: 1, Gender: Female, HP IV: 92(0%), ATK IV: 85(0%), DEF IV: 81(0%), Work Speed: (0%), Skills: Serious
Galeclaw, Level: 20, Rank: 1, Gender: Female, HP IV: 79(0%), ATK IV: 47(0%), DEF IV: 89(0%), Work Speed: (0%), Skills: Abnormal
Jolthog Cryst, Level: 1, Rank: 1, Gender: Male, HP IV: 36(0%), ATK IV: 63(0%), DEF IV: 13(0%), Work Speed: (0%), Skills: Motivational Leader
Jolthog, Level: 11, Rank: 1, Gender: Male, HP IV: 87(0%), ATK IV: 30(0%), DEF IV: 97(0%), Work Speed: (0%)
Lamball, Level: 2, Rank: 1, Gender: Female, HP IV: 9(0%), ATK IV: 91(0%), DEF IV: 47(0%), Work Speed: (0%), Skills: Sickly
Lamball, Level: 3, Rank: 1, Gender: Male, HP IV: 24(0%), ATK IV: 15(0%), DEF IV: 54(0%), Work Speed: (0%), Skills: Fine Furs
Lamball, Level: 3, Rank: 1, Gender: Male, HP IV: 96(0%), ATK IV: 97(0%), DEF IV: 50(0%), Work Speed: (0%), Skills: Nimble
Lamball, Level: 4, Rank: 1, Gender: Male, HP IV: 63(0%), ATK IV: 11(0%), DEF IV: 20(0%), Work Speed: (0%), Skills: Cheery
Lamball, Level: 5, Rank: 1, Gender: Female, HP IV: 42(0%), ATK IV: 18(0%), DEF IV: 67(0%), Work Speed: (0%), Skills: Artisan, Dainty Eater, Unstable, Infinite Stamina
Nox, Level: 15, Rank: 1, Gender: Female, HP IV: 31(0%), ATK IV: 97(0%), DEF IV: 35(0%), Work Speed: (0%), Skills: Botanical Barrier, Slacker
Pengullet, Level: 12, Rank: 1, Gender: Female, HP IV: 29(0%), ATK IV: 99(0%), DEF IV: 19(0%), Work Speed: (0%), Skills: Coldblooded
Pengullet, Level: 12, Rank: 1, Gender: Female, HP IV: 35(0%), ATK IV: 7(0%), DEF IV: 50(0%), Work Speed: (0%), Skills: Musclehead, Swift
Rooby, Level: 18, Rank: 1, Gender: Male, HP IV: 73(0%), ATK IV: 51(0%), DEF IV: 71(0%), Work Speed: (0%)
Sweepa, Level: 15, Rank: 1, Gender: Female, HP IV: 88(0%), ATK IV: 57(0%), DEF IV: 25(0%), Work Speed: (0%), Skills: Capacitor
Tanzee, Level: 17, Rank: 1, Gender: Male, HP IV: 34(0%), ATK IV: 44(0%), DEF IV: 6(0%), Work Speed: (0%)
Tanzee, Level: 6, Rank: 1, Gender: Male, HP IV: 31(0%), ATK IV: 12(0%), DEF IV: 72(0%), Work Speed: (0%), Skills: Fragrant Foliage
Vixy, Level: 5, Rank: 1, Gender: Male, HP IV: 2(0%), ATK IV: 41(0%), DEF IV: 43(0%), Work Speed: (0%)
PinkSlime's 29 Pals
-------------------
Alpha Chillet, Level: 18, Rank: 1, Gender: Female, HP IV: 75(0%), ATK IV: 79(0%), DEF IV: 51(0%), Work Speed: (0%), Skills: Serenity
Alpha Penking, Level: 15, Rank: 1, Gender: Female, HP IV: 76(0%), ATK IV: 97(0%), DEF IV: 65(0%), Work Speed: (0%), Skills: Power of Gaia
Alpha Quivern, Level: 23, Rank: 1, Gender: Male, HP IV: 65(0%), ATK IV: 68(0%), DEF IV: 87(0%), Work Speed: (0%), Skills: Dragonkiller
Cattiva, Level: 9, Rank: 1, Gender: Male, HP IV: 57(0%), ATK IV: 50(0%), DEF IV: 19(0%), Work Speed: (0%), Skills: Coward, Masochist
Cawgnito, Level: 17, Rank: 1, Gender: Female, HP IV: 3(0%), ATK IV: 5(0%), DEF IV: 6(0%), Work Speed: (0%), Skills: Work Slave
Celaray, Level: 2, Rank: 1, Gender: Female, HP IV: 4(0%), ATK IV: 47(0%), DEF IV: 52(0%), Work Speed: (0%), Skills: Mercy hit
Chikipi, Level: 12, Rank: 1, Gender: Male, HP IV: 32(0%), ATK IV: 64(0%), DEF IV: 98(0%), Work Speed: (0%), Skills: Brave
Croajiro, Hypno, Level: 25, Rank: 1, Gender: Female, HP IV: 55(0%), ATK IV: 19(0%), DEF IV: 84(0%), Work Speed: (0%), Skills: Mine Foreman
Croajiro, Level: 4, Rank: 1, Gender: Male, HP IV: 15(0%), ATK IV: 18(0%), DEF IV: 2(0%), Work Speed: (0%), Skills: Earthquake Resistant
Croajiro, Level: 6, Rank: 1, Gender: Female, HP IV: 78(0%), ATK IV: 46(0%), DEF IV: 20(0%), Work Speed: (0%), Skills: Brave
Direhowl, Level: 18, Rank: 1, Gender: Female, HP IV: 81(0%), ATK IV: 64(0%), DEF IV: 71(0%), Work Speed: (0%), Skills: Pacifist
Flambelle, Level: 18, Rank: 1, Gender: Female, HP IV: 4(0%), ATK IV: 25(0%), DEF IV: 72(0%), Work Speed: (0%), Skills: Sickly
Fuddler, Level: 16, Rank: 1, Gender: Female, HP IV: 92(0%), ATK IV: 85(0%), DEF IV: 81(0%), Work Speed: (0%), Skills: Serious
Galeclaw, Level: 20, Rank: 1, Gender: Female, HP IV: 79(0%), ATK IV: 47(0%), DEF IV: 89(0%), Work Speed: (0%), Skills: Abnormal
Jolthog Cryst, Level: 1, Rank: 1, Gender: Male, HP IV: 36(0%), ATK IV: 63(0%), DEF IV: 13(0%), Work Speed: (0%), Skills: Motivational Leader
Jolthog, Level: 11, Rank: 1, Gender: Male, HP IV: 87(0%), ATK IV: 30(0%), DEF IV: 97(0%), Work Speed: (0%)
Lamball, Level: 2, Rank: 1, Gender: Female, HP IV: 9(0%), ATK IV: 91(0%), DEF IV: 47(0%), Work Speed: (0%), Skills: Sickly
Lamball, Level: 3, Rank: 1, Gender: Male, HP IV: 24(0%), ATK IV: 15(0%), DEF IV: 54(0%), Work Speed: (0%), Skills: Fine Furs
Lamball, Level: 3, Rank: 1, Gender: Male, HP IV: 96(0%), ATK IV: 97(0%), DEF IV: 50(0%), Work Speed: (0%), Skills: Nimble
Lamball, Level: 4, Rank: 1, Gender: Male, HP IV: 63(0%), ATK IV: 11(0%), DEF IV: 20(0%), Work Speed: (0%), Skills: Cheery
Lamball, Level: 5, Rank: 1, Gender: Female, HP IV: 42(0%), ATK IV: 18(0%), DEF IV: 67(0%), Work Speed: (0%), Skills: Artisan, Dainty Eater, Unstable, Infinite Stamina
Nox, Level: 15, Rank: 1, Gender: Female, HP IV: 31(0%), ATK IV: 97(0%), DEF IV: 35(0%), Work Speed: (0%), Skills: Botanical Barrier, Slacker
Pengullet, Level: 12, Rank: 1, Gender: Female, HP IV: 29(0%), ATK IV: 99(0%), DEF IV: 19(0%), Work Speed: (0%), Skills: Coldblooded
Pengullet, Level: 12, Rank: 1, Gender: Female, HP IV: 35(0%), ATK IV: 7(0%), DEF IV: 50(0%), Work Speed: (0%), Skills: Musclehead, Swift
Rooby, Level: 18, Rank: 1, Gender: Male, HP IV: 73(0%), ATK IV: 51(0%), DEF IV: 71(0%), Work Speed: (0%)
Sweepa, Level: 15, Rank: 1, Gender: Female, HP IV: 88(0%), ATK IV: 57(0%), DEF IV: 25(0%), Work Speed: (0%), Skills: Capacitor
Tanzee, Level: 17, Rank: 1, Gender: Male, HP IV: 34(0%), ATK IV: 44(0%), DEF IV: 6(0%), Work Speed: (0%)
Tanzee, Level: 6, Rank: 1, Gender: Male, HP IV: 31(0%), ATK IV: 12(0%), DEF IV: 72(0%), Work Speed: (0%), Skills: Fragrant Foliage
Vixy, Level: 5, Rank: 1, Gender: Male, HP IV: 2(0%), ATK IV: 41(0%), DEF IV: 43(0%), Work Speed: (0%)
PinkSlime's 29 Pals
-------------------
Alpha Chillet, Level: 18, Rank: 1, Gender: Female, HP IV: 75(0%), ATK IV: 79(0%), DEF IV: 51(0%), Work Speed: (0%), Skills: Serenity
Alpha Penking, Level: 15, Rank: 1, Gender: Female, HP IV: 76(0%), ATK IV: 97(0%), DEF IV: 65(0%), Work Speed: (0%), Skills: Power of Gaia
Alpha Quivern, Level: 23, Rank: 1, Gender: Male, HP IV: 65(0%), ATK IV: 68(0%), DEF IV: 87(0%), Work Speed: (0%), Skills: Dragonkiller
Cattiva, Level: 9, Rank: 1, Gender: Male, HP IV: 57(0%), ATK IV: 50(0%), DEF IV: 19(0%), Work Speed: (0%), Skills: Coward, Masochist
Cawgnito, Level: 17, Rank: 1, Gender: Female, HP IV: 3(0%), ATK IV: 5(0%), DEF IV: 6(0%), Work Speed: (0%), Skills: Work Slave
Celaray, Level: 2, Rank: 1, Gender: Female, HP IV: 4(0%), ATK IV: 47(0%), DEF IV: 52(0%), Work Speed: (0%), Skills: Mercy hit
Chikipi, Level: 12, Rank: 1, Gender: Male, HP IV: 32(0%), ATK IV: 64(0%), DEF IV: 98(0%), Work Speed: (0%), Skills: Brave
Croajiro, Hypno, Level: 25, Rank: 1, Gender: Female, HP IV: 55(0%), ATK IV: 19(0%), DEF IV: 84(0%), Work Speed: (0%), Skills: Mine Foreman
Croajiro, Level: 4, Rank: 1, Gender: Male, HP IV: 15(0%), ATK IV: 18(0%), DEF IV: 2(0%), Work Speed: (0%), Skills: Earthquake Resistant
Croajiro, Level: 6, Rank: 1, Gender: Female, HP IV: 78(0%), ATK IV: 46(0%), DEF IV: 20(0%), Work Speed: (0%), Skills: Brave
Direhowl, Level: 18, Rank: 1, Gender: Female, HP IV: 81(0%), ATK IV: 64(0%), DEF IV: 71(0%), Work Speed: (0%), Skills: Pacifist
Flambelle, Level: 18, Rank: 1, Gender: Female, HP IV: 4(0%), ATK IV: 25(0%), DEF IV: 72(0%), Work Speed: (0%), Skills: Sickly
Fuddler, Level: 16, Rank: 1, Gender: Female, HP IV: 92(0%), ATK IV: 85(0%), DEF IV: 81(0%), Work Speed: (0%), Skills: Serious
Galeclaw, Level: 20, Rank: 1, Gender: Female, HP IV: 79(0%), ATK IV: 47(0%), DEF IV: 89(0%), Work Speed: (0%), Skills: Abnormal
Jolthog Cryst, Level: 1, Rank: 1, Gender: Male, HP IV: 36(0%), ATK IV: 63(0%), DEF IV: 13(0%), Work Speed: (0%), Skills: Motivational Leader
Jolthog, Level: 11, Rank: 1, Gender: Male, HP IV: 87(0%), ATK IV: 30(0%), DEF IV: 97(0%), Work Speed: (0%)
Lamball, Level: 2, Rank: 1, Gender: Female, HP IV: 9(0%), ATK IV: 91(0%), DEF IV: 47(0%), Work Speed: (0%), Skills: Sickly
Lamball, Level: 3, Rank: 1, Gender: Male, HP IV: 24(0%), ATK IV: 15(0%), DEF IV: 54(0%), Work Speed: (0%), Skills: Fine Furs
Lamball, Level: 3, Rank: 1, Gender: Male, HP IV: 96(0%), ATK IV: 97(0%), DEF IV: 50(0%), Work Speed: (0%), Skills: Nimble
Lamball, Level: 4, Rank: 1, Gender: Male, HP IV: 63(0%), ATK IV: 11(0%), DEF IV: 20(0%), Work Speed: (0%), Skills: Cheery
Lamball, Level: 5, Rank: 1, Gender: Female, HP IV: 42(0%), ATK IV: 18(0%), DEF IV: 67(0%), Work Speed: (0%), Skills: Artisan, Dainty Eater, Unstable, Infinite Stamina
Nox, Level: 15, Rank: 1, Gender: Female, HP IV: 31(0%), ATK IV: 97(0%), DEF IV: 35(0%), Work Speed: (0%), Skills: Botanical Barrier, Slacker
Pengullet, Level: 12, Rank: 1, Gender: Female, HP IV: 29(0%), ATK IV: 99(0%), DEF IV: 19(0%), Work Speed: (0%), Skills: Coldblooded
Pengullet, Level: 12, Rank: 1, Gender: Female, HP IV: 35(0%), ATK IV: 7(0%), DEF IV: 50(0%), Work Speed: (0%), Skills: Musclehead, Swift
Rooby, Level: 18, Rank: 1, Gender: Male, HP IV: 73(0%), ATK IV: 51(0%), DEF IV: 71(0%), Work Speed: (0%)
Sweepa, Level: 15, Rank: 1, Gender: Female, HP IV: 88(0%), ATK IV: 57(0%), DEF IV: 25(0%), Work Speed: (0%), Skills: Capacitor
Tanzee, Level: 17, Rank: 1, Gender: Male, HP IV: 34(0%), ATK IV: 44(0%), DEF IV: 6(0%), Work Speed: (0%)
Tanzee, Level: 6, Rank: 1, Gender: Male, HP IV: 31(0%), ATK IV: 12(0%), DEF IV: 72(0%), Work Speed: (0%), Skills: Fragrant Foliage
Vixy, Level: 5, Rank: 1, Gender: Male, HP IV: 2(0%), ATK IV: 41(0%), DEF IV: 43(0%), Work Speed: (0%)
PinkSlime's 29 Pals
-------------------
Alpha Chillet, Level: 18, Rank: 1, Gender: Female, HP IV: 75(0%), ATK IV: 79(0%), DEF IV: 51(0%), Work Speed: (0%), Skills: Serenity
Alpha Penking, Level: 15, Rank: 1, Gender: Female, HP IV: 76(0%), ATK IV: 97(0%), DEF IV: 65(0%), Work Speed: (0%), Skills: Power of Gaia
Alpha Quivern, Level: 23, Rank: 1, Gender: Male, HP IV: 65(0%), ATK IV: 68(0%), DEF IV: 87(0%), Work Speed: (0%), Skills: Dragonkiller
Cattiva, Level: 9, Rank: 1, Gender: Male, HP IV: 57(0%), ATK IV: 50(0%), DEF IV: 19(0%), Work Speed: (0%), Skills: Coward, Masochist
Cawgnito, Level: 17, Rank: 1, Gender: Female, HP IV: 3(0%), ATK IV: 5(0%), DEF IV: 6(0%), Work Speed: (0%), Skills: Work Slave
Celaray, Level: 2, Rank: 1, Gender: Female, HP IV: 4(0%), ATK IV: 47(0%), DEF IV: 52(0%), Work Speed: (0%), Skills: Mercy hit
Chikipi, Level: 12, Rank: 1, Gender: Male, HP IV: 32(0%), ATK IV: 64(0%), DEF IV: 98(0%), Work Speed: (0%), Skills: Brave
Croajiro, Hypno, Level: 25, Rank: 1, Gender: Female, HP IV: 55(0%), ATK IV: 19(0%), DEF IV: 84(0%), Work Speed: (0%), Skills: Mine Foreman
Croajiro, Level: 4, Rank: 1, Gender: Male, HP IV: 15(0%), ATK IV: 18(0%), DEF IV: 2(0%), Work Speed: (0%), Skills: Earthquake Resistant
Croajiro, Level: 6, Rank: 1, Gender: Female, HP IV: 78(0%), ATK IV: 46(0%), DEF IV: 20(0%), Work Speed: (0%), Skills: Brave
Direhowl, Level: 18, Rank: 1, Gender: Female, HP IV: 81(0%), ATK IV: 64(0%), DEF IV: 71(0%), Work Speed: (0%), Skills: Pacifist
Flambelle, Level: 18, Rank: 1, Gender: Female, HP IV: 4(0%), ATK IV: 25(0%), DEF IV: 72(0%), Work Speed: (0%), Skills: Sickly
Fuddler, Level: 16, Rank: 1, Gender: Female, HP IV: 92(0%), ATK IV: 85(0%), DEF IV: 81(0%), Work Speed: (0%), Skills: Serious
Galeclaw, Level: 20, Rank: 1, Gender: Female, HP IV: 79(0%), ATK IV: 47(0%), DEF IV: 89(0%), Work Speed: (0%), Skills: Abnormal
Jolthog Cryst, Level: 1, Rank: 1, Gender: Male, HP IV: 36(0%), ATK IV: 63(0%), DEF IV: 13(0%), Work Speed: (0%), Skills: Motivational Leader
Jolthog, Level: 11, Rank: 1, Gender: Male, HP IV: 87(0%), ATK IV: 30(0%), DEF IV: 97(0%), Work Speed: (0%)
Lamball, Level: 2, Rank: 1, Gender: Female, HP IV: 9(0%), ATK IV: 91(0%), DEF IV: 47(0%), Work Speed: (0%), Skills: Sickly
Lamball, Level: 3, Rank: 1, Gender: Male, HP IV: 24(0%), ATK IV: 15(0%), DEF IV: 54(0%), Work Speed: (0%), Skills: Fine Furs
Lamball, Level: 3, Rank: 1, Gender: Male, HP IV: 96(0%), ATK IV: 97(0%), DEF IV: 50(0%), Work Speed: (0%), Skills: Nimble
Lamball, Level: 4, Rank: 1, Gender: Male, HP IV: 63(0%), ATK IV: 11(0%), DEF IV: 20(0%), Work Speed: (0%), Skills: Cheery
Lamball, Level: 5, Rank: 1, Gender: Female, HP IV: 42(0%), ATK IV: 18(0%), DEF IV: 67(0%), Work Speed: (0%), Skills: Artisan, Dainty Eater, Unstable, Infinite Stamina
Nox, Level: 15, Rank: 1, Gender: Female, HP IV: 31(0%), ATK IV: 97(0%), DEF IV: 35(0%), Work Speed: (0%), Skills: Botanical Barrier, Slacker
Pengullet, Level: 12, Rank: 1, Gender: Female, HP IV: 29(0%), ATK IV: 99(0%), DEF IV: 19(0%), Work Speed: (0%), Skills: Coldblooded
Pengullet, Level: 12, Rank: 1, Gender: Female, HP IV: 35(0%), ATK IV: 7(0%), DEF IV: 50(0%), Work Speed: (0%), Skills: Musclehead, Swift
Rooby, Level: 18, Rank: 1, Gender: Male, HP IV: 73(0%), ATK IV: 51(0%), DEF IV: 71(0%), Work Speed: (0%)
Sweepa, Level: 15, Rank: 1, Gender: Female, HP IV: 88(0%), ATK IV: 57(0%), DEF IV: 25(0%), Work Speed: (0%), Skills: Capacitor
Tanzee, Level: 17, Rank: 1, Gender: Male, HP IV: 34(0%), ATK IV: 44(0%), DEF IV: 6(0%), Work Speed: (0%)
Tanzee, Level: 6, Rank: 1, Gender: Male, HP IV: 31(0%), ATK IV: 12(0%), DEF IV: 72(0%), Work Speed: (0%), Skills: Fragrant Foliage
Vixy, Level: 5, Rank: 1, Gender: Male, HP IV: 2(0%), ATK IV: 41(0%), DEF IV: 43(0%), Work Speed: (0%)
PinkSlime's 29 Pals
-------------------
Alpha Chillet, Level: 18, Rank: 1, Gender: Female, HP IV: 75(0%), ATK IV: 79(0%), DEF IV: 51(0%), Work Speed: (0%), Skills: Serenity
Alpha Penking, Level: 15, Rank: 1, Gender: Female, HP IV: 76(0%), ATK IV: 97(0%), DEF IV: 65(0%), Work Speed: (0%), Skills: Power of Gaia
Alpha Quivern, Level: 23, Rank: 1, Gender: Male, HP IV: 65(0%), ATK IV: 68(0%), DEF IV: 87(0%), Work Speed: (0%), Skills: Dragonkiller
Cattiva, Level: 9, Rank: 1, Gender: Male, HP IV: 57(0%), ATK IV: 50(0%), DEF IV: 19(0%), Work Speed: (0%), Skills: Coward, Masochist
Cawgnito, Level: 17, Rank: 1, Gender: Female, HP IV: 3(0%), ATK IV: 5(0%), DEF IV: 6(0%), Work Speed: (0%), Skills: Work Slave
Celaray, Level: 2, Rank: 1, Gender: Female, HP IV: 4(0%), ATK IV: 47(0%), DEF IV: 52(0%), Work Speed: (0%), Skills: Mercy hit
Chikipi, Level: 12, Rank: 1, Gender: Male, HP IV: 32(0%), ATK IV: 64(0%), DEF IV: 98(0%), Work Speed: (0%), Skills: Brave
Croajiro, Hypno, Level: 25, Rank: 1, Gender: Female, HP IV: 55(0%), ATK IV: 19(0%), DEF IV: 84(0%), Work Speed: (0%), Skills: Mine Foreman
Croajiro, Level: 4, Rank: 1, Gender: Male, HP IV: 15(0%), ATK IV: 18(0%), DEF IV: 2(0%), Work Speed: (0%), Skills: Earthquake Resistant
Croajiro, Level: 6, Rank: 1, Gender: Female, HP IV: 78(0%), ATK IV: 46(0%), DEF IV: 20(0%), Work Speed: (0%), Skills: Brave
Direhowl, Level: 18, Rank: 1, Gender: Female, HP IV: 81(0%), ATK IV: 64(0%), DEF IV: 71(0%), Work Speed: (0%), Skills: Pacifist
Flambelle, Level: 18, Rank: 1, Gender: Female, HP IV: 4(0%), ATK IV: 25(0%), DEF IV: 72(0%), Work Speed: (0%), Skills: Sickly
Fuddler, Level: 16, Rank: 1, Gender: Female, HP IV: 92(0%), ATK IV: 85(0%), DEF IV: 81(0%), Work Speed: (0%), Skills: Serious
Galeclaw, Level: 20, Rank: 1, Gender: Female, HP IV: 79(0%), ATK IV: 47(0%), DEF IV: 89(0%), Work Speed: (0%), Skills: Abnormal
Jolthog Cryst, Level: 1, Rank: 1, Gender: Male, HP IV: 36(0%), ATK IV: 63(0%), DEF IV: 13(0%), Work Speed: (0%), Skills: Motivational Leader
Jolthog, Level: 11, Rank: 1, Gender: Male, HP IV: 87(0%), ATK IV: 30(0%), DEF IV: 97(0%), Work Speed: (0%)
Lamball, Level: 2, Rank: 1, Gender: Female, HP IV: 9(0%), ATK IV: 91(0%), DEF IV: 47(0%), Work Speed: (0%), Skills: Sickly
Lamball, Level: 3, Rank: 1, Gender: Male, HP IV: 24(0%), ATK IV: 15(0%), DEF IV: 54(0%), Work Speed: (0%), Skills: Fine Furs
Lamball, Level: 3, Rank: 1, Gender: Male, HP IV: 96(0%), ATK IV: 97(0%), DEF IV: 50(0%), Work Speed: (0%), Skills: Nimble
Lamball, Level: 4, Rank: 1, Gender: Male, HP IV: 63(0%), ATK IV: 11(0%), DEF IV: 20(0%), Work Speed: (0%), Skills: Cheery
Lamball, Level: 5, Rank: 1, Gender: Female, HP IV: 42(0%), ATK IV: 18(0%), DEF IV: 67(0%), Work Speed: (0%), Skills: Artisan, Dainty Eater, Unstable, Infinite Stamina
Nox, Level: 15, Rank: 1, Gender: Female, HP IV: 31(0%), ATK IV: 97(0%), DEF IV: 35(0%), Work Speed: (0%), Skills: Botanical Barrier, Slacker
Pengullet, Level: 12, Rank: 1, Gender: Female, HP IV: 29(0%), ATK IV: 99(0%), DEF IV: 19(0%), Work Speed: (0%), Skills: Coldblooded
Pengullet, Level: 12, Rank: 1, Gender: Female, HP IV: 35(0%), ATK IV: 7(0%), DEF IV: 50(0%), Work Speed: (0%), Skills: Musclehead, Swift
Rooby, Level: 18, Rank: 1, Gender: Male, HP IV: 73(0%), ATK IV: 51(0%), DEF IV: 71(0%), Work Speed: (0%)
Sweepa, Level: 15, Rank: 1, Gender: Female, HP IV: 88(0%), ATK IV: 57(0%), DEF IV: 25(0%), Work Speed: (0%), Skills: Capacitor
Tanzee, Level: 17, Rank: 1, Gender: Male, HP IV: 34(0%), ATK IV: 44(0%), DEF IV: 6(0%), Work Speed: (0%)
Tanzee, Level: 6, Rank: 1, Gender: Male, HP IV: 31(0%), ATK IV: 12(0%), DEF IV: 72(0%), Work Speed: (0%), Skills: Fragrant Foliage
Vixy, Level: 5, Rank: 1, Gender: Male, HP IV: 2(0%), ATK IV: 41(0%), DEF IV: 43(0%), Work Speed: (0%)
PinkSlime's 29 Pals
-------------------
Alpha Chillet, Level: 18, Rank: 1, Gender: Female, HP IV: 75(0%), ATK IV: 79(0%), DEF IV: 51(0%), Work Speed: (0%), Skills: Serenity
Alpha Penking, Level: 15, Rank: 1, Gender: Female, HP IV: 76(0%), ATK IV: 97(0%), DEF IV: 65(0%), Work Speed: (0%), Skills: Power of Gaia
Alpha Quivern, Level: 23, Rank: 1, Gender: Male, HP IV: 65(0%), ATK IV: 68(0%), DEF IV: 87(0%), Work Speed: (0%), Skills: Dragonkiller
Cattiva, Level: 9, Rank: 1, Gender: Male, HP IV: 57(0%), ATK IV: 50(0%), DEF IV: 19(0%), Work Speed: (0%), Skills: Coward, Masochist
Cawgnito, Level: 17, Rank: 1, Gender: Female, HP IV: 3(0%), ATK IV: 5(0%), DEF IV: 6(0%), Work Speed: (0%), Skills: Work Slave
Celaray, Level: 2, Rank: 1, Gender: Female, HP IV: 4(0%), ATK IV: 47(0%), DEF IV: 52(0%), Work Speed: (0%), Skills: Mercy hit
Chikipi, Level: 12, Rank: 1, Gender: Male, HP IV: 32(0%), ATK IV: 64(0%), DEF IV: 98(0%), Work Speed: (0%), Skills: Brave
Croajiro, Hypno, Level: 25, Rank: 1, Gender: Female, HP IV: 55(0%), ATK IV: 19(0%), DEF IV: 84(0%), Work Speed: (0%), Skills: Mine Foreman
Croajiro, Level: 4, Rank: 1, Gender: Male, HP IV: 15(0%), ATK IV: 18(0%), DEF IV: 2(0%), Work Speed: (0%), Skills: Earthquake Resistant
Croajiro, Level: 6, Rank: 1, Gender: Female, HP IV: 78(0%), ATK IV: 46(0%), DEF IV: 20(0%), Work Speed: (0%), Skills: Brave
Direhowl, Level: 18, Rank: 1, Gender: Female, HP IV: 81(0%), ATK IV: 64(0%), DEF IV: 71(0%), Work Speed: (0%), Skills: Pacifist
Flambelle, Level: 18, Rank: 1, Gender: Female, HP IV: 4(0%), ATK IV: 25(0%), DEF IV: 72(0%), Work Speed: (0%), Skills: Sickly
Fuddler, Level: 16, Rank: 1, Gender: Female, HP IV: 92(0%), ATK IV: 85(0%), DEF IV: 81(0%), Work Speed: (0%), Skills: Serious
Galeclaw, Level: 20, Rank: 1, Gender: Female, HP IV: 79(0%), ATK IV: 47(0%), DEF IV: 89(0%), Work Speed: (0%), Skills: Abnormal
Jolthog Cryst, Level: 1, Rank: 1, Gender: Male, HP IV: 36(0%), ATK IV: 63(0%), DEF IV: 13(0%), Work Speed: (0%), Skills: Motivational Leader
Jolthog, Level: 11, Rank: 1, Gender: Male, HP IV: 87(0%), ATK IV: 30(0%), DEF IV: 97(0%), Work Speed: (0%)
Lamball, Level: 2, Rank: 1, Gender: Female, HP IV: 9(0%), ATK IV: 91(0%), DEF IV: 47(0%), Work Speed: (0%), Skills: Sickly
Lamball, Level: 3, Rank: 1, Gender: Male, HP IV: 24(0%), ATK IV: 15(0%), DEF IV: 54(0%), Work Speed: (0%), Skills: Fine Furs
Lamball, Level: 3, Rank: 1, Gender: Male, HP IV: 96(0%), ATK IV: 97(0%), DEF IV: 50(0%), Work Speed: (0%), Skills: Nimble
Lamball, Level: 4, Rank: 1, Gender: Male, HP IV: 63(0%), ATK IV: 11(0%), DEF IV: 20(0%), Work Speed: (0%), Skills: Cheery
Lamball, Level: 5, Rank: 1, Gender: Female, HP IV: 42(0%), ATK IV: 18(0%), DEF IV: 67(0%), Work Speed: (0%), Skills: Artisan, Dainty Eater, Unstable, Infinite Stamina
Nox, Level: 15, Rank: 1, Gender: Female, HP IV: 31(0%), ATK IV: 97(0%), DEF IV: 35(0%), Work Speed: (0%), Skills: Botanical Barrier, Slacker
Pengullet, Level: 12, Rank: 1, Gender: Female, HP IV: 29(0%), ATK IV: 99(0%), DEF IV: 19(0%), Work Speed: (0%), Skills: Coldblooded
Pengullet, Level: 12, Rank: 1, Gender: Female, HP IV: 35(0%), ATK IV: 7(0%), DEF IV: 50(0%), Work Speed: (0%), Skills: Musclehead, Swift
Rooby, Level: 18, Rank: 1, Gender: Male, HP IV: 73(0%), ATK IV: 51(0%), DEF IV: 71(0%), Work Speed: (0%)
Sweepa, Level: 15, Rank: 1, Gender: Female, HP IV: 88(0%), ATK IV: 57(0%), DEF IV: 25(0%), Work Speed: (0%), Skills: Capacitor
Tanzee, Level: 17, Rank: 1, Gender: Male, HP IV: 34(0%), ATK IV: 44(0%), DEF IV: 6(0%), Work Speed: (0%)
Tanzee, Level: 6, Rank: 1, Gender: Male, HP IV: 31(0%), ATK IV: 12(0%), DEF IV: 72(0%), Work Speed: (0%), Skills: Fragrant Foliage
Vixy, Level: 5, Rank: 1, Gender: Male, HP IV: 2(0%), ATK IV: 41(0%), DEF IV: 43(0%), Work Speed: (0%)
PinkSlime's 29 Pals
-------------------
Alpha Chillet, Level: 18, Rank: 1, Gender: Female, HP IV: 75(0%), ATK IV: 79(0%), DEF IV: 51(0%), Work Speed: (0%), Skills: Serenity
Alpha Penking, Level: 15, Rank: 1, Gender: Female, HP IV: 76(0%), ATK IV: 97(0%), DEF IV: 65(0%), Work Speed: (0%), Skills: Power of Gaia
Alpha Quivern, Level: 23, Rank: 1, Gender: Male, HP IV: 65(0%), ATK IV: 68(0%), DEF IV: 87(0%), Work Speed: (0%), Skills: Dragonkiller
Cattiva, Level: 9, Rank: 1, Gender: Male, HP IV: 57(0%), ATK IV: 50(0%), DEF IV: 19(0%), Work Speed: (0%), Skills: Coward, Masochist
Cawgnito, Level: 17, Rank: 1, Gender: Female, HP IV: 3(0%), ATK IV: 5(0%), DEF IV: 6(0%), Work Speed: (0%), Skills: Work Slave
Celaray, Level: 2, Rank: 1, Gender: Female, HP IV: 4(0%), ATK IV: 47(0%), DEF IV: 52(0%), Work Speed: (0%), Skills: Mercy hit
Chikipi, Level: 12, Rank: 1, Gender: Male, HP IV: 32(0%), ATK IV: 64(0%), DEF IV: 98(0%), Work Speed: (0%), Skills: Brave
Croajiro, Hypno, Level: 25, Rank: 1, Gender: Female, HP IV: 55(0%), ATK IV: 19(0%), DEF IV: 84(0%), Work Speed: (0%), Skills: Mine Foreman
Croajiro, Level: 4, Rank: 1, Gender: Male, HP IV: 15(0%), ATK IV: 18(0%), DEF IV: 2(0%), Work Speed: (0%), Skills: Earthquake Resistant
Croajiro, Level: 6, Rank: 1, Gender: Female, HP IV: 78(0%), ATK IV: 46(0%), DEF IV: 20(0%), Work Speed: (0%), Skills: Brave
Direhowl, Level: 18, Rank: 1, Gender: Female, HP IV: 81(0%), ATK IV: 64(0%), DEF IV: 71(0%), Work Speed: (0%), Skills: Pacifist
Flambelle, Level: 18, Rank: 1, Gender: Female, HP IV: 4(0%), ATK IV: 25(0%), DEF IV: 72(0%), Work Speed: (0%), Skills: Sickly
Fuddler, Level: 16, Rank: 1, Gender: Female, HP IV: 92(0%), ATK IV: 85(0%), DEF IV: 81(0%), Work Speed: (0%), Skills: Serious
Galeclaw, Level: 20, Rank: 1, Gender: Female, HP IV: 79(0%), ATK IV: 47(0%), DEF IV: 89(0%), Work Speed: (0%), Skills: Abnormal
Jolthog Cryst, Level: 1, Rank: 1, Gender: Male, HP IV: 36(0%), ATK IV: 63(0%), DEF IV: 13(0%), Work Speed: (0%), Skills: Motivational Leader
Jolthog, Level: 11, Rank: 1, Gender: Male, HP IV: 87(0%), ATK IV: 30(0%), DEF IV: 97(0%), Work Speed: (0%)
Lamball, Level: 2, Rank: 1, Gender: Female, HP IV: 9(0%), ATK IV: 91(0%), DEF IV: 47(0%), Work Speed: (0%), Skills: Sickly
Lamball, Level: 3, Rank: 1, Gender: Male, HP IV: 24(0%), ATK IV: 15(0%), DEF IV: 54(0%), Work Speed: (0%), Skills: Fine Furs
Lamball, Level: 3, Rank: 1, Gender: Male, HP IV: 96(0%), ATK IV: 97(0%), DEF IV: 50(0%), Work Speed: (0%), Skills: Nimble
Lamball, Level: 4, Rank: 1, Gender: Male, HP IV: 63(0%), ATK IV: 11(0%), DEF IV: 20(0%), Work Speed: (0%), Skills: Cheery
Lamball, Level: 5, Rank: 1, Gender: Female, HP IV: 42(0%), ATK IV: 18(0%), DEF IV: 67(0%), Work Speed: (0%), Skills: Artisan, Dainty Eater, Unstable, Infinite Stamina
Nox, Level: 15, Rank: 1, Gender: Female, HP IV: 31(0%), ATK IV: 97(0%), DEF IV: 35(0%), Work Speed: (0%), Skills: Botanical Barrier, Slacker
Pengullet, Level: 12, Rank: 1, Gender: Female, HP IV: 29(0%), ATK IV: 99(0%), DEF IV: 19(0%), Work Speed: (0%), Skills: Coldblooded
Pengullet, Level: 12, Rank: 1, Gender: Female, HP IV: 35(0%), ATK IV: 7(0%), DEF IV: 50(0%), Work Speed: (0%), Skills: Musclehead, Swift
Rooby, Level: 18, Rank: 1, Gender: Male, HP IV: 73(0%), ATK IV: 51(0%), DEF IV: 71(0%), Work Speed: (0%)
Sweepa, Level: 15, Rank: 1, Gender: Female, HP IV: 88(0%), ATK IV: 57(0%), DEF IV: 25(0%), Work Speed: (0%), Skills: Capacitor
Tanzee, Level: 17, Rank: 1, Gender: Male, HP IV: 34(0%), ATK IV: 44(0%), DEF IV: 6(0%), Work Speed: (0%)
Tanzee, Level: 6, Rank: 1, Gender: Male, HP IV: 31(0%), ATK IV: 12(0%), DEF IV: 72(0%), Work Speed: (0%), Skills: Fragrant Foliage
Vixy, Level: 5, Rank: 1, Gender: Male, HP IV: 2(0%), ATK IV: 41(0%), DEF IV: 43(0%), Work Speed: (0%)
PinkSlime's 29 Pals
-------------------
Alpha Chillet, Level: 18, Rank: 1, Gender: Female, HP IV: 75(0%), ATK IV: 79(0%), DEF IV: 51(0%), Work Speed: (0%), Skills: Serenity
Alpha Penking, Level: 15, Rank: 1, Gender: Female, HP IV: 76(0%), ATK IV: 97(0%), DEF IV: 65(0%), Work Speed: (0%), Skills: Power of Gaia
Alpha Quivern, Level: 23, Rank: 1, Gender: Male, HP IV: 65(0%), ATK IV: 68(0%), DEF IV: 87(0%), Work Speed: (0%), Skills: Dragonkiller
Cattiva, Level: 9, Rank: 1, Gender: Male, HP IV: 57(0%), ATK IV: 50(0%), DEF IV: 19(0%), Work Speed: (0%), Skills: Coward, Masochist
Cawgnito, Level: 17, Rank: 1, Gender: Female, HP IV: 3(0%), ATK IV: 5(0%), DEF IV: 6(0%), Work Speed: (0%), Skills: Work Slave
Celaray, Level: 2, Rank: 1, Gender: Female, HP IV: 4(0%), ATK IV: 47(0%), DEF IV: 52(0%), Work Speed: (0%), Skills: Mercy hit
Chikipi, Level: 12, Rank: 1, Gender: Male, HP IV: 32(0%), ATK IV: 64(0%), DEF IV: 98(0%), Work Speed: (0%), Skills: Brave
Croajiro, Hypno, Level: 25, Rank: 1, Gender: Female, HP IV: 55(0%), ATK IV: 19(0%), DEF IV: 84(0%), Work Speed: (0%), Skills: Mine Foreman
Croajiro, Level: 4, Rank: 1, Gender: Male, HP IV: 15(0%), ATK IV: 18(0%), DEF IV: 2(0%), Work Speed: (0%), Skills: Earthquake Resistant
Croajiro, Level: 6, Rank: 1, Gender: Female, HP IV: 78(0%), ATK IV: 46(0%), DEF IV: 20(0%), Work Speed: (0%), Skills: Brave
Direhowl, Level: 18, Rank: 1, Gender: Female, HP IV: 81(0%), ATK IV: 64(0%), DEF IV: 71(0%), Work Speed: (0%), Skills: Pacifist
Flambelle, Level: 18, Rank: 1, Gender: Female, HP IV: 4(0%), ATK IV: 25(0%), DEF IV: 72(0%), Work Speed: (0%), Skills: Sickly
Fuddler, Level: 16, Rank: 1, Gender: Female, HP IV: 92(0%), ATK IV: 85(0%), DEF IV: 81(0%), Work Speed: (0%), Skills: Serious
Galeclaw, Level: 20, Rank: 1, Gender: Female, HP IV: 79(0%), ATK IV: 47(0%), DEF IV: 89(0%), Work Speed: (0%), Skills: Abnormal
Jolthog Cryst, Level: 1, Rank: 1, Gender: Male, HP IV: 36(0%), ATK IV: 63(0%), DEF IV: 13(0%), Work Speed: (0%), Skills: Motivational Leader
Jolthog, Level: 11, Rank: 1, Gender: Male, HP IV: 87(0%), ATK IV: 30(0%), DEF IV: 97(0%), Work Speed: (0%)
Lamball, Level: 2, Rank: 1, Gender: Female, HP IV: 9(0%), ATK IV: 91(0%), DEF IV: 47(0%), Work Speed: (0%), Skills: Sickly
Lamball, Level: 3, Rank: 1, Gender: Male, HP IV: 24(0%), ATK IV: 15(0%), DEF IV: 54(0%), Work Speed: (0%), Skills: Fine Furs
Lamball, Level: 3, Rank: 1, Gender: Male, HP IV: 96(0%), ATK IV: 97(0%), DEF IV: 50(0%), Work Speed: (0%), Skills: Nimble
Lamball, Level: 4, Rank: 1, Gender: Male, HP IV: 63(0%), ATK IV: 11(0%), DEF IV: 20(0%), Work Speed: (0%), Skills: Cheery
Lamball, Level: 5, Rank: 1, Gender: Female, HP IV: 42(0%), ATK IV: 18(0%), DEF IV: 67(0%), Work Speed: (0%), Skills: Artisan, Dainty Eater, Unstable, Infinite Stamina
Nox, Level: 15, Rank: 1, Gender: Female, HP IV: 31(0%), ATK IV: 97(0%), DEF IV: 35(0%), Work Speed: (0%), Skills: Botanical Barrier, Slacker
Pengullet, Level: 12, Rank: 1, Gender: Female, HP IV: 29(0%), ATK IV: 99(0%), DEF IV: 19(0%), Work Speed: (0%), Skills: Coldblooded
Pengullet, Level: 12, Rank: 1, Gender: Female, HP IV: 35(0%), ATK IV: 7(0%), DEF IV: 50(0%), Work Speed: (0%), Skills: Musclehead, Swift
Rooby, Level: 18, Rank: 1, Gender: Male, HP IV: 73(0%), ATK IV: 51(0%), DEF IV: 71(0%), Work Speed: (0%)
Sweepa, Level: 15, Rank: 1, Gender: Female, HP IV: 88(0%), ATK IV: 57(0%), DEF IV: 25(0%), Work Speed: (0%), Skills: Capacitor
Tanzee, Level: 17, Rank: 1, Gender: Male, HP IV: 34(0%), ATK IV: 44(0%), DEF IV: 6(0%), Work Speed: (0%)
Tanzee, Level: 6, Rank: 1, Gender: Male, HP IV: 31(0%), ATK IV: 12(0%), DEF IV: 72(0%), Work Speed: (0%), Skills: Fragrant Foliage
Vixy, Level: 5, Rank: 1, Gender: Male, HP IV: 2(0%), ATK IV: 41(0%), DEF IV: 43(0%), Work Speed: (0%)
PinkSlime's 29 Pals
-------------------
Alpha Chillet, Level: 18, Rank: 1, Gender: Female, HP IV: 75(0%), ATK IV: 79(0%), DEF IV: 51(0%), Work Speed: (0%), Skills: Serenity
Alpha Penking, Level: 15, Rank: 1, Gender: Female, HP IV: 76(0%), ATK IV: 97(0%), DEF IV: 65(0%), Work Speed: (0%), Skills: Power of Gaia
Alpha Quivern, Level: 23, Rank: 1, Gender: Male, HP IV: 65(0%), ATK IV: 68(0%), DEF IV: 87(0%), Work Speed: (0%), Skills: Dragonkiller
Cattiva, Level: 9, Rank: 1, Gender: Male, HP IV: 57(0%), ATK IV: 50(0%), DEF IV: 19(0%), Work Speed: (0%), Skills: Coward, Masochist
Cawgnito, Level: 17, Rank: 1, Gender: Female, HP IV: 3(0%), ATK IV: 5(0%), DEF IV: 6(0%), Work Speed: (0%), Skills: Work Slave
Celaray, Level: 2, Rank: 1, Gender: Female, HP IV: 4(0%), ATK IV: 47(0%), DEF IV: 52(0%), Work Speed: (0%), Skills: Mercy hit
Chikipi, Level: 12, Rank: 1, Gender: Male, HP IV: 32(0%), ATK IV: 64(0%), DEF IV: 98(0%), Work Speed: (0%), Skills: Brave
Croajiro, Hypno, Level: 25, Rank: 1, Gender: Female, HP IV: 55(0%), ATK IV: 19(0%), DEF IV: 84(0%), Work Speed: (0%), Skills: Mine Foreman
Croajiro, Level: 4, Rank: 1, Gender: Male, HP IV: 15(0%), ATK IV: 18(0%), DEF IV: 2(0%), Work Speed: (0%), Skills: Earthquake Resistant
Croajiro, Level: 6, Rank: 1, Gender: Female, HP IV: 78(0%), ATK IV: 46(0%), DEF IV: 20(0%), Work Speed: (0%), Skills: Brave
Direhowl, Level: 18, Rank: 1, Gender: Female, HP IV: 81(0%), ATK IV: 64(0%), DEF IV: 71(0%), Work Speed: (0%), Skills: Pacifist
Flambelle, Level: 18, Rank: 1, Gender: Female, HP IV: 4(0%), ATK IV: 25(0%), DEF IV: 72(0%), Work Speed: (0%), Skills: Sickly
Fuddler, Level: 16, Rank: 1, Gender: Female, HP IV: 92(0%), ATK IV: 85(0%), DEF IV: 81(0%), Work Speed: (0%), Skills: Serious
Galeclaw, Level: 20, Rank: 1, Gender: Female, HP IV: 79(0%), ATK IV: 47(0%), DEF IV: 89(0%), Work Speed: (0%), Skills: Abnormal
Jolthog Cryst, Level: 1, Rank: 1, Gender: Male, HP IV: 36(0%), ATK IV: 63(0%), DEF IV: 13(0%), Work Speed: (0%), Skills: Motivational Leader
Jolthog, Level: 11, Rank: 1, Gender: Male, HP IV: 87(0%), ATK IV: 30(0%), DEF IV: 97(0%), Work Speed: (0%)
Lamball, Level: 2, Rank: 1, Gender: Female, HP IV: 9(0%), ATK IV: 91(0%), DEF IV: 47(0%), Work Speed: (0%), Skills: Sickly
Lamball, Level: 3, Rank: 1, Gender: Male, HP IV: 24(0%), ATK IV: 15(0%), DEF IV: 54(0%), Work Speed: (0%), Skills: Fine Furs
Lamball, Level: 3, Rank: 1, Gender: Male, HP IV: 96(0%), ATK IV: 97(0%), DEF IV: 50(0%), Work Speed: (0%), Skills: Nimble
Lamball, Level: 4, Rank: 1, Gender: Male, HP IV: 63(0%), ATK IV: 11(0%), DEF IV: 20(0%), Work Speed: (0%), Skills: Cheery
Lamball, Level: 5, Rank: 1, Gender: Female, HP IV: 42(0%), ATK IV: 18(0%), DEF IV: 67(0%), Work Speed: (0%), Skills: Artisan, Dainty Eater, Unstable, Infinite Stamina
Nox, Level: 15, Rank: 1, Gender: Female, HP IV: 31(0%), ATK IV: 97(0%), DEF IV: 35(0%), Work Speed: (0%), Skills: Botanical Barrier, Slacker
Pengullet, Level: 12, Rank: 1, Gender: Female, HP IV: 29(0%), ATK IV: 99(0%), DEF IV: 19(0%), Work Speed: (0%), Skills: Coldblooded
Pengullet, Level: 12, Rank: 1, Gender: Female, HP IV: 35(0%), ATK IV: 7(0%), DEF IV: 50(0%), Work Speed: (0%), Skills: Musclehead, Swift
Rooby, Level: 18, Rank: 1, Gender: Male, HP IV: 73(0%), ATK IV: 51(0%), DEF IV: 71(0%), Work Speed: (0%)
Sweepa, Level: 15, Rank: 1, Gender: Female, HP IV: 88(0%), ATK IV: 57(0%), DEF IV: 25(0%), Work Speed: (0%), Skills: Capacitor
Tanzee, Level: 17, Rank: 1, Gender: Male, HP IV: 34(0%), ATK IV: 44(0%), DEF IV: 6(0%), Work Speed: (0%)
Tanzee, Level: 6, Rank: 1, Gender: Male, HP IV: 31(0%), ATK IV: 12(0%), DEF IV: 72(0%), Work Speed: (0%), Skills: Fragrant Foliage
Vixy, Level: 5, Rank: 1, Gender: Male, HP IV: 2(0%), ATK IV: 41(0%), DEF IV: 43(0%), Work Speed: (0%)
PinkSlime's 29 Pals
-------------------
Alpha Chillet, Level: 18, Rank: 1, Gender: Female, HP IV: 75(0%), ATK IV: 79(0%), DEF IV: 51(0%), Work Speed: (0%), Skills: Serenity
Alpha Penking, Level: 15, Rank: 1, Gender: Female, HP IV: 76(0%), ATK IV: 97(0%), DEF IV: 65(0%), Work Speed: (0%), Skills: Power of Gaia
Alpha Quivern, Level: 23, Rank: 1, Gender: Male, HP IV: 65(0%), ATK IV: 68(0%), DEF IV: 87(0%), Work Speed: (0%), Skills: Dragonkiller
Cattiva, Level: 9, Rank: 1, Gender: Male, HP IV: 57(0%), ATK IV: 50(0%), DEF IV: 19(0%), Work Speed: (0%), Skills: Coward, Masochist
Cawgnito, Level: 17, Rank: 1, Gender: Female, HP IV: 3(0%), ATK IV: 5(0%), DEF IV: 6(0%), Work Speed: (0%), Skills: Work Slave
Celaray, Level: 2, Rank: 1, Gender: Female, HP IV: 4(0%), ATK IV: 47(0%), DEF IV: 52(0%), Work Speed: (0%), Skills: Mercy hit
Chikipi, Level: 12, Rank: 1, Gender: Male, HP IV: 32(0%), ATK IV: 64(0%), DEF IV: 98(0%), Work Speed: (0%), Skills: Brave
Croajiro, Hypno, Level: 25, Rank: 1, Gender: Female, HP IV: 55(0%), ATK IV: 19(0%), DEF IV: 84(0%), Work Speed: (0%), Skills: Mine Foreman
Croajiro, Level: 4, Rank: 1, Gender: Male, HP IV: 15(0%), ATK IV: 18(0%), DEF IV: 2(0%), Work Speed: (0%), Skills: Earthquake Resistant
Croajiro, Level: 6, Rank: 1, Gender: Female, HP IV: 78(0%), ATK IV: 46(0%), DEF IV: 20(0%), Work Speed: (0%), Skills: Brave
Direhowl, Level: 18, Rank: 1, Gender: Female, HP IV: 81(0%), ATK IV: 64(0%), DEF IV: 71(0%), Work Speed: (0%), Skills: Pacifist
Flambelle, Level: 18, Rank: 1, Gender: Female, HP IV: 4(0%), ATK IV: 25(0%), DEF IV: 72(0%), Work Speed: (0%), Skills: Sickly
Fuddler, Level: 16, Rank: 1, Gender: Female, HP IV: 92(0%), ATK IV: 85(0%), DEF IV: 81(0%), Work Speed: (0%), Skills: Serious
Galeclaw, Level: 20, Rank: 1, Gender: Female, HP IV: 79(0%), ATK IV: 47(0%), DEF IV: 89(0%), Work Speed: (0%), Skills: Abnormal
Jolthog Cryst, Level: 1, Rank: 1, Gender: Male, HP IV: 36(0%), ATK IV: 63(0%), DEF IV: 13(0%), Work Speed: (0%), Skills: Motivational Leader
Jolthog, Level: 11, Rank: 1, Gender: Male, HP IV: 87(0%), ATK IV: 30(0%), DEF IV: 97(0%), Work Speed: (0%)
Lamball, Level: 2, Rank: 1, Gender: Female, HP IV: 9(0%), ATK IV: 91(0%), DEF IV: 47(0%), Work Speed: (0%), Skills: Sickly
Lamball, Level: 3, Rank: 1, Gender: Male, HP IV: 24(0%), ATK IV: 15(0%), DEF IV: 54(0%), Work Speed: (0%), Skills: Fine Furs
Lamball, Level: 3, Rank: 1, Gender: Male, HP IV: 96(0%), ATK IV: 97(0%), DEF IV: 50(0%), Work Speed: (0%), Skills: Nimble
Lamball, Level: 4, Rank: 1, Gender: Male, HP IV: 63(0%), ATK IV: 11(0%), DEF IV: 20(0%), Work Speed: (0%), Skills: Cheery
Lamball, Level: 5, Rank: 1, Gender: Female, HP IV: 42(0%), ATK IV: 18(0%), DEF IV: 67(0%), Work Speed: (0%), Skills: Artisan, Dainty Eater, Unstable, Infinite Stamina
Nox, Level: 15, Rank: 1, Gender: Female, HP IV: 31(0%), ATK IV: 97(0%), DEF IV: 35(0%), Work Speed: (0%), Skills: Botanical Barrier, Slacker
Pengullet, Level: 12, Rank: 1, Gender: Female, HP IV: 29(0%), ATK IV: 99(0%), DEF IV: 19(0%), Work Speed: (0%), Skills: Coldblooded
Pengullet, Level: 12, Rank: 1, Gender: Female, HP IV: 35(0%), ATK IV: 7(0%), DEF IV: 50(0%), Work Speed: (0%), Skills: Musclehead, Swift
Rooby, Level: 18, Rank: 1, Gender: Male, HP IV: 73(0%), ATK IV: 51(0%), DEF IV: 71(0%), Work Speed: (0%)
Sweepa, Level: 15, Rank: 1, Gender: Female, HP IV: 88(0%), ATK IV: 57(0%), DEF IV: 25(0%), Work Speed: (0%), Skills: Capacitor
Tanzee, Level: 17, Rank: 1, Gender: Male, HP IV: 34(0%), ATK IV: 44(0%), DEF IV: 6(0%), Work Speed: (0%)
Tanzee, Level: 6, Rank: 1, Gender: Male, HP IV: 31(0%), ATK IV: 12(0%), DEF IV: 72(0%), Work Speed: (0%), Skills: Fragrant Foliage
Vixy, Level: 5, Rank: 1, Gender: Male, HP IV: 2(0%), ATK IV: 41(0%), DEF IV: 43(0%), Work Speed: (0%)
PinkSlime's 29 Pals
-------------------
Alpha Chillet, Level: 18, Rank: 1, Gender: Female, HP IV: 75(0%), ATK IV: 79(0%), DEF IV: 51(0%), Work Speed: (0%), Skills: Serenity
Alpha Penking, Level: 15, Rank: 1, Gender: Female, HP IV: 76(0%), ATK IV: 97(0%), DEF IV: 65(0%), Work Speed: (0%), Skills: Power of Gaia
Alpha Quivern, Level: 23, Rank: 1, Gender: Male, HP IV: 65(0%), ATK IV: 68(0%), DEF IV: 87(0%), Work Speed: (0%), Skills: Dragonkiller
Cattiva, Level: 9, Rank: 1, Gender: Male, HP IV: 57(0%), ATK IV: 50(0%), DEF IV: 19(0%), Work Speed: (0%), Skills: Coward, Masochist
Cawgnito, Level: 17, Rank: 1, Gender: Female, HP IV: 3(0%), ATK IV: 5(0%), DEF IV: 6(0%), Work Speed: (0%), Skills: Work Slave
Celaray, Level: 2, Rank: 1, Gender: Female, HP IV: 4(0%), ATK IV: 47(0%), DEF IV: 52(0%), Work Speed: (0%), Skills: Mercy hit
Chikipi, Level: 12, Rank: 1, Gender: Male, HP IV: 32(0%), ATK IV: 64(0%), DEF IV: 98(0%), Work Speed: (0%), Skills: Brave
Croajiro, Hypno, Level: 25, Rank: 1, Gender: Female, HP IV: 55(0%), ATK IV: 19(0%), DEF IV: 84(0%), Work Speed: (0%), Skills: Mine Foreman
Croajiro, Level: 4, Rank: 1, Gender: Male, HP IV: 15(0%), ATK IV: 18(0%), DEF IV: 2(0%), Work Speed: (0%), Skills: Earthquake Resistant
Croajiro, Level: 6, Rank: 1, Gender: Female, HP IV: 78(0%), ATK IV: 46(0%), DEF IV: 20(0%), Work Speed: (0%), Skills: Brave
Direhowl, Level: 18, Rank: 1, Gender: Female, HP IV: 81(0%), ATK IV: 64(0%), DEF IV: 71(0%), Work Speed: (0%), Skills: Pacifist
Flambelle, Level: 18, Rank: 1, Gender: Female, HP IV: 4(0%), ATK IV: 25(0%), DEF IV: 72(0%), Work Speed: (0%), Skills: Sickly
Fuddler, Level: 16, Rank: 1, Gender: Female, HP IV: 92(0%), ATK IV: 85(0%), DEF IV: 81(0%), Work Speed: (0%), Skills: Serious
Galeclaw, Level: 20, Rank: 1, Gender: Female, HP IV: 79(0%), ATK IV: 47(0%), DEF IV: 89(0%), Work Speed: (0%), Skills: Abnormal
Jolthog Cryst, Level: 1, Rank: 1, Gender: Male, HP IV: 36(0%), ATK IV: 63(0%), DEF IV: 13(0%), Work Speed: (0%), Skills: Motivational Leader
Jolthog, Level: 11, Rank: 1, Gender: Male, HP IV: 87(0%), ATK IV: 30(0%), DEF IV: 97(0%), Work Speed: (0%)
Lamball, Level: 2, Rank: 1, Gender: Female, HP IV: 9(0%), ATK IV: 91(0%), DEF IV: 47(0%), Work Speed: (0%), Skills: Sickly
Lamball, Level: 3, Rank: 1, Gender: Male, HP IV: 24(0%), ATK IV: 15(0%), DEF IV: 54(0%), Work Speed: (0%), Skills: Fine Furs
Lamball, Level: 3, Rank: 1, Gender: Male, HP IV: 96(0%), ATK IV: 97(0%), DEF IV: 50(0%), Work Speed: (0%), Skills: Nimble
Lamball, Level: 4, Rank: 1, Gender: Male, HP IV: 63(0%), ATK IV: 11(0%), DEF IV: 20(0%), Work Speed: (0%), Skills: Cheery
Lamball, Level: 5, Rank: 1, Gender: Female, HP IV: 42(0%), ATK IV: 18(0%), DEF IV: 67(0%), Work Speed: (0%), Skills: Artisan, Dainty Eater, Unstable, Infinite Stamina
Nox, Level: 15, Rank: 1, Gender: Female, HP IV: 31(0%), ATK IV: 97(0%), DEF IV: 35(0%), Work Speed: (0%), Skills: Botanical Barrier, Slacker
Pengullet, Level: 12, Rank: 1, Gender: Female, HP IV: 29(0%), ATK IV: 99(0%), DEF IV: 19(0%), Work Speed: (0%), Skills: Coldblooded
Pengullet, Level: 12, Rank: 1, Gender: Female, HP IV: 35(0%), ATK IV: 7(0%), DEF IV: 50(0%), Work Speed: (0%), Skills: Musclehead, Swift
Rooby, Level: 18, Rank: 1, Gender: Male, HP IV: 73(0%), ATK IV: 51(0%), DEF IV: 71(0%), Work Speed: (0%)
Sweepa, Level: 15, Rank: 1, Gender: Female, HP IV: 88(0%), ATK IV: 57(0%), DEF IV: 25(0%), Work Speed: (0%), Skills: Capacitor
Tanzee, Level: 17, Rank: 1, Gender: Male, HP IV: 34(0%), ATK IV: 44(0%), DEF IV: 6(0%), Work Speed: (0%)
Tanzee, Level: 6, Rank: 1, Gender: Male, HP IV: 31(0%), ATK IV: 12(0%), DEF IV: 72(0%), Work Speed: (0%), Skills: Fragrant Foliage
Vixy, Level: 5, Rank: 1, Gender: Male, HP IV: 2(0%), ATK IV: 41(0%), DEF IV: 43(0%), Work Speed: (0%)
