POWDEMONIC's 4 Pals
-------------------
Chikipi, Level: 6, Rank: 1, Gender: Female, HP IV: 33(0%), ATK IV: 51(0%), DEF IV: 45(0%), Work Speed: (0%), Skills: Ferocious
Chikipi, Level: 6, Rank: 1, Gender: Female, HP IV: 41(0%), ATK IV: 12(0%), DEF IV: 75(0%), Work Speed: (0%), Skills: Sadist
Chikipi, Level: 6, Rank: 1, Gender: Female, HP IV: 59(0%), ATK IV: 82(0%), DEF IV: 3(0%), Work Speed: (0%)
Nox, Level: 6, Rank: 1, Gender: Female, HP IV: 58(0%), ATK IV: 70(0%), DEF IV: 68(0%), Work Speed: (0%), Skills: Coldblooded, Hydromaniac
POWDEMONIC's 4 Pals
-------------------
Chikipi, Level: 6, Rank: 1, Gender: Female, HP IV: 33(0%), ATK IV: 51(0%), DEF IV: 45(0%), Work Speed: (0%), Skills: Ferocious
Chikipi, Level: 6, Rank: 1, Gender: Female, HP IV: 41(0%), ATK IV: 12(0%), DEF IV: 75(0%), Work Speed: (0%), Skills: Sadist
Chikipi, Level: 6, Rank: 1, Gender: Female, HP IV: 59(0%), ATK IV: 82(0%), DEF IV: 3(0%), Work Speed: (0%)
Nox, Level: 6, Rank: 1, Gender: Female, HP IV: 58(0%), ATK IV: 70(0%), DEF IV: 68(0%), Work Speed: (0%), Skills: Coldblooded, Hydromaniac
POWDEMONIC's 4 Pals
-------------------
Chikipi, Level: 6, Rank: 1, Gender: Female, HP IV: 33(0%), ATK IV: 51(0%), DEF IV: 45(0%), Work Speed: (0%), Skills: Ferocious
Chikipi, Level: 6, Rank: 1, Gender: Female, HP IV: 41(0%), ATK IV: 12(0%), DEF IV: 75(0%), Work Speed: (0%), Skills: Sadist
Chikipi, Level: 6, Rank: 1, Gender: Female, HP IV: 59(0%), ATK IV: 82(0%), DEF IV: 3(0%), Work Speed: (0%)
Nox, Level: 6, Rank: 1, Gender: Female, HP IV: 58(0%), ATK IV: 70(0%), DEF IV: 68(0%), Work Speed: (0%), Skills: Coldblooded, Hydromaniac
POWDEMONIC's 4 Pals
-------------------
Chikipi, Level: 6, Rank: 1, Gender: Female, HP IV: 33(0%), ATK IV: 51(0%), DEF IV: 45(0%), Work Speed: (0%), Skills: Ferocious
Chikipi, Level: 6, Rank: 1, Gender: Female, HP IV: 41(0%), ATK IV: 12(0%), DEF IV: 75(0%), Work Speed: (0%), Skills: Sadist
Chikipi, Level: 6, Rank: 1, Gender: Female, HP IV: 59(0%), ATK IV: 82(0%), DEF IV: 3(0%), Work Speed: (0%)
Nox, Level: 6, Rank: 1, Gender: Female, HP IV: 58(0%), ATK IV: 70(0%), DEF IV: 68(0%), Work Speed: (0%), Skills: Coldblooded, Hydromaniac
POWDEMONIC's 4 Pals
-------------------
Chikipi, Level: 6, Rank: 1, Gender: Female, HP IV: 33(0%), ATK IV: 51(0%), DEF IV: 45(0%), Work Speed: (0%), Skills: Ferocious
Chikipi, Level: 6, Rank: 1, Gender: Female, HP IV: 41(0%), ATK IV: 12(0%), DEF IV: 75(0%), Work Speed: (0%), Skills: Sadist
Chikipi, Level: 6, Rank: 1, Gender: Female, HP IV: 59(0%), ATK IV: 82(0%), DEF IV: 3(0%), Work Speed: (0%)
Nox, Level: 6, Rank: 1, Gender: Female, HP IV: 58(0%), ATK IV: 70(0%), DEF IV: 68(0%), Work Speed: (0%), Skills: Coldblooded, Hydromaniac
POWDEMONIC's 4 Pals
-------------------
Chikipi, Level: 6, Rank: 1, Gender: Female, HP IV: 33(0%), ATK IV: 51(0%), DEF IV: 45(0%), Work Speed: (0%), Skills: Ferocious
Chikipi, Level: 6, Rank: 1, Gender: Female, HP IV: 41(0%), ATK IV: 12(0%), DEF IV: 75(0%), Work Speed: (0%), Skills: Sadist
Chikipi, Level: 6, Rank: 1, Gender: Female, HP IV: 59(0%), ATK IV: 82(0%), DEF IV: 3(0%), Work Speed: (0%)
Nox, Level: 6, Rank: 1, Gender: Female, HP IV: 58(0%), ATK IV: 70(0%), DEF IV: 68(0%), Work Speed: (0%), Skills: Coldblooded, Hydromaniac
POWDEMONIC's 4 Pals
-------------------
Chikipi, Level: 6, Rank: 1, Gender: Female, HP IV: 33(0%), ATK IV: 51(0%), DEF IV: 45(0%), Work Speed: (0%), Skills: Ferocious
Chikipi, Level: 6, Rank: 1, Gender: Female, HP IV: 41(0%), ATK IV: 12(0%), DEF IV: 75(0%), Work Speed: (0%), Skills: Sadist
Chikipi, Level: 6, Rank: 1, Gender: Female, HP IV: 59(0%), ATK IV: 82(0%), DEF IV: 3(0%), Work Speed: (0%)
Nox, Level: 6, Rank: 1, Gender: Female, HP IV: 58(0%), ATK IV: 70(0%), DEF IV: 68(0%), Work Speed: (0%), Skills: Coldblooded, Hydromaniac
POWDEMONIC's 4 Pals
-------------------
Chikipi, Level: 6, Rank: 1, Gender: Female, HP IV: 33(0%), ATK IV: 51(0%), DEF IV: 45(0%), Work Speed: (0%), Skills: Ferocious
Chikipi, Level: 6, Rank: 1, Gender: Female, HP IV: 41(0%), ATK IV: 12(0%), DEF IV: 75(0%), Work Speed: (0%), Skills: Sadist
Chikipi, Level: 6, Rank: 1, Gender: Female, HP IV: 59(0%), ATK IV: 82(0%), DEF IV: 3(0%), Work Speed: (0%)
Nox, Level: 6, Rank: 1, Gender: Female, HP IV: 58(0%), ATK IV: 70(0%), DEF IV: 68(0%), Work Speed: (0%), Skills: Coldblooded, Hydromaniac
POWDEMONIC's 4 Pals
-------------------
Chikipi, Level: 6, Rank: 1, Gender: Female, HP IV: 33(0%), ATK IV: 51(0%), DEF IV: 45(0%), Work Speed: (0%), Skills: Ferocious
Chikipi, Level: 6, Rank: 1, Gender: Female, HP IV: 41(0%), ATK IV: 12(0%), DEF IV: 75(0%), Work Speed: (0%), Skills: Sadist
Chikipi, Level: 6, Rank: 1, Gender: Female, HP IV: 59(0%), ATK IV: 82(0%), DEF IV: 3(0%), Work Speed: (0%)
Nox, Level: 6, Rank: 1, Gender: Female, HP IV: 58(0%), ATK IV: 70(0%), DEF IV: 68(0%), Work Speed: (0%), Skills: Coldblooded, Hydromaniac
POWDEMONIC's 4 Pals
-------------------
Chikipi, Level: 6, Rank: 1, Gender: Female, HP IV: 33(0%), ATK IV: 51(0%), DEF IV: 45(0%), Work Speed: (0%), Skills: Ferocious
Chikipi, Level: 6, Rank: 1, Gender: Female, HP IV: 41(0%), ATK IV: 12(0%), DEF IV: 75(0%), Work Speed: (0%), Skills: Sadist
Chikipi, Level: 6, Rank: 1, Gender: Female, HP IV: 59(0%), ATK IV: 82(0%), DEF IV: 3(0%), Work Speed: (0%)
Nox, Level: 6, Rank: 1, Gender: Female, HP IV: 58(0%), ATK IV: 70(0%), DEF IV: 68(0%), Work Speed: (0%), Skills: Coldblooded, Hydromaniac
POWDEMONIC's 4 Pals
-------------------
Chikipi, Level: 6, Rank: 1, Gender: Female, HP IV: 33(0%), ATK IV: 51(0%), DEF IV: 45(0%), Work Speed: (0%), Skills: Ferocious
Chikipi, Level: 6, Rank: 1, Gender: Female, HP IV: 41(0%), ATK IV: 12(0%), DEF IV: 75(0%), Work Speed: (0%), Skills: Sadist
Chikipi, Level: 6, Rank: 1, Gender: Female, HP IV: 59(0%), ATK IV: 82(0%), DEF IV: 3(0%), Work Speed: (0%)
Nox, Level: 6, Rank: 1, Gender: Female, HP IV: 58(0%), ATK IV: 70(0%), DEF IV: 68(0%), Work Speed: (0%), Skills: Coldblooded, Hydromaniac
POWDEMONIC's 4 Pals
-------------------
Chikipi, Level: 6, Rank: 1, Gender: Female, HP IV: 33(0%), ATK IV: 51(0%), DEF IV: 45(0%), Work Speed: (0%), Skills: Ferocious
Chikipi, Level: 6, Rank: 1, Gender: Female, HP IV: 41(0%), ATK IV: 12(0%), DEF IV: 75(0%), Work Speed: (0%), Skills: Sadist
Chikipi, Level: 6, Rank: 1, Gender: Female, HP IV: 59(0%), ATK IV: 82(0%), DEF IV: 3(0%), Work Speed: (0%)
Nox, Level: 6, Rank: 1, Gender: Female, HP IV: 58(0%), ATK IV: 70(0%), DEF IV: 68(0%), Work Speed: (0%), Skills: Coldblooded, Hydromaniac
POWDEMONIC's 4 Pals
-------------------
Chikipi, Level: 6, Rank: 1, Gender: Female, HP IV: 33(0%), ATK IV: 51(0%), DEF IV: 45(0%), Work Speed: (0%), Skills: Ferocious
Chikipi, Level: 6, Rank: 1, Gender: Female, HP IV: 41(0%), ATK IV: 12(0%), DEF IV: 75(0%), Work Speed: (0%), Skills: Sadist
Chikipi, Level: 6, Rank: 1, Gender: Female, HP IV: 59(0%), ATK IV: 82(0%), DEF IV: 3(0%), Work Speed: (0%)
Nox, Level: 6, Rank: 1, Gender: Female, HP IV: 58(0%), ATK IV: 70(0%), DEF IV: 68(0%), Work Speed: (0%), Skills: Coldblooded, Hydromaniac
POWDEMONIC's 4 Pals
-------------------
Chikipi, Level: 6, Rank: 1, Gender: Female, HP IV: 33(0%), ATK IV: 51(0%), DEF IV: 45(0%), Work Speed: (0%), Skills: Ferocious
Chikipi, Level: 6, Rank: 1, Gender: Female, HP IV: 41(0%), ATK IV: 12(0%), DEF IV: 75(0%), Work Speed: (0%), Skills: Sadist
Chikipi, Level: 6, Rank: 1, Gender: Female, HP IV: 59(0%), ATK IV: 82(0%), DEF IV: 3(0%), Work Speed: (0%)
Nox, Level: 6, Rank: 1, Gender: Female, HP IV: 58(0%), ATK IV: 70(0%), DEF IV: 68(0%), Work Speed: (0%), Skills: Coldblooded, Hydromaniac
