ProphetRaheim's 8 Pals
----------------------
Chikipi, Level: 5, Rank: 1, Gender: Female, HP IV: 72(0%), ATK IV: 63(0%), DEF IV: 20(0%), Work Speed: (0%), Skills: Nocturnal
Croajiro, Level: 6, Rank: 1, Gender: Female, HP IV: 45(0%), ATK IV: 69(0%), DEF IV: 42(0%), Work Speed: (0%), Skills: Easygoing
Depresso, Level: 6, Rank: 1, Gender: Male, HP IV: 14(0%), ATK IV: 42(0%), DEF IV: 16(0%), Work Speed: (0%), Skills: Dragonkiller
Foxparks, Level: 6, Rank: 1, Gender: Male, HP IV: 51(0%), ATK IV: 55(0%), DEF IV: 91(0%), Work Speed: (0%), Skills: Brittle
Fuack, Level: 6, Rank: 1, Gender: Male, HP IV: 77(0%), ATK IV: 66(0%), DEF IV: 97(0%), Work Speed: (0%), Skills: Vanguard, Brave, Blood of the Dragon
Lamball, Level: 2, Rank: 1, Gender: Female, HP IV: 61(0%), ATK IV: 59(0%), DEF IV: 95(0%), Work Speed: (0%), Skills: Clumsy
Lamball, Level: 6, Rank: 1, Gender: Male, HP IV: 94(0%), ATK IV: 20(0%), DEF IV: 38(0%), Work Speed: (0%)
Teafant, Level: 4, Rank: 1, Gender: Female, HP IV: 7(0%), ATK IV: 65(0%), DEF IV: 63(0%), Work Speed: (0%), Skills: Fit as a Fiddle
ProphetRaheim's 8 Pals
----------------------
Chikipi, Level: 5, Rank: 1, Gender: Female, HP IV: 72(0%), ATK IV: 63(0%), DEF IV: 20(0%), Work Speed: (0%), Skills: Nocturnal
Croajiro, Level: 6, Rank: 1, Gender: Female, HP IV: 45(0%), ATK IV: 69(0%), DEF IV: 42(0%), Work Speed: (0%), Skills: Easygoing
Depresso, Level: 6, Rank: 1, Gender: Male, HP IV: 14(0%), ATK IV: 42(0%), DEF IV: 16(0%), Work Speed: (0%), Skills: Dragonkiller
Foxparks, Level: 6, Rank: 1, Gender: Male, HP IV: 51(0%), ATK IV: 55(0%), DEF IV: 91(0%), Work Speed: (0%), Skills: Brittle
Fuack, Level: 6, Rank: 1, Gender: Male, HP IV: 77(0%), ATK IV: 66(0%), DEF IV: 97(0%), Work Speed: (0%), Skills: Vanguard, Brave, Blood of the Dragon
Lamball, Level: 2, Rank: 1, Gender: Female, HP IV: 61(0%), ATK IV: 59(0%), DEF IV: 95(0%), Work Speed: (0%), Skills: Clumsy
Lamball, Level: 6, Rank: 1, Gender: Male, HP IV: 94(0%), ATK IV: 20(0%), DEF IV: 38(0%), Work Speed: (0%)
Teafant, Level: 4, Rank: 1, Gender: Female, HP IV: 7(0%), ATK IV: 65(0%), DEF IV: 63(0%), Work Speed: (0%), Skills: Fit as a Fiddle
ProphetRaheim's 8 Pals
----------------------
Chikipi, Level: 5, Rank: 1, Gender: Female, HP IV: 72(0%), ATK IV: 63(0%), DEF IV: 20(0%), Work Speed: (0%), Skills: Nocturnal
Croajiro, Level: 6, Rank: 1, Gender: Female, HP IV: 45(0%), ATK IV: 69(0%), DEF IV: 42(0%), Work Speed: (0%), Skills: Easygoing
Depresso, Level: 6, Rank: 1, Gender: Male, HP IV: 14(0%), ATK IV: 42(0%), DEF IV: 16(0%), Work Speed: (0%), Skills: Dragonkiller
Foxparks, Level: 6, Rank: 1, Gender: Male, HP IV: 51(0%), ATK IV: 55(0%), DEF IV: 91(0%), Work Speed: (0%), Skills: Brittle
Fuack, Level: 6, Rank: 1, Gender: Male, HP IV: 77(0%), ATK IV: 66(0%), DEF IV: 97(0%), Work Speed: (0%), Skills: Vanguard, Brave, Blood of the Dragon
Lamball, Level: 2, Rank: 1, Gender: Female, HP IV: 61(0%), ATK IV: 59(0%), DEF IV: 95(0%), Work Speed: (0%), Skills: Clumsy
Lamball, Level: 6, Rank: 1, Gender: Male, HP IV: 94(0%), ATK IV: 20(0%), DEF IV: 38(0%), Work Speed: (0%)
Teafant, Level: 4, Rank: 1, Gender: Female, HP IV: 7(0%), ATK IV: 65(0%), DEF IV: 63(0%), Work Speed: (0%), Skills: Fit as a Fiddle
ProphetRaheim's 8 Pals
----------------------
Chikipi, Level: 5, Rank: 1, Gender: Female, HP IV: 72(0%), ATK IV: 63(0%), DEF IV: 20(0%), Work Speed: (0%), Skills: Nocturnal
Croajiro, Level: 6, Rank: 1, Gender: Female, HP IV: 45(0%), ATK IV: 69(0%), DEF IV: 42(0%), Work Speed: (0%), Skills: Easygoing
Depresso, Level: 6, Rank: 1, Gender: Male, HP IV: 14(0%), ATK IV: 42(0%), DEF IV: 16(0%), Work Speed: (0%), Skills: Dragonkiller
Foxparks, Level: 6, Rank: 1, Gender: Male, HP IV: 51(0%), ATK IV: 55(0%), DEF IV: 91(0%), Work Speed: (0%), Skills: Brittle
Fuack, Level: 6, Rank: 1, Gender: Male, HP IV: 77(0%), ATK IV: 66(0%), DEF IV: 97(0%), Work Speed: (0%), Skills: Vanguard, Brave, Blood of the Dragon
Lamball, Level: 2, Rank: 1, Gender: Female, HP IV: 61(0%), ATK IV: 59(0%), DEF IV: 95(0%), Work Speed: (0%), Skills: Clumsy
Lamball, Level: 6, Rank: 1, Gender: Male, HP IV: 94(0%), ATK IV: 20(0%), DEF IV: 38(0%), Work Speed: (0%)
Teafant, Level: 4, Rank: 1, Gender: Female, HP IV: 7(0%), ATK IV: 65(0%), DEF IV: 63(0%), Work Speed: (0%), Skills: Fit as a Fiddle
ProphetRaheim's 8 Pals
----------------------
Chikipi, Level: 5, Rank: 1, Gender: Female, HP IV: 72(0%), ATK IV: 63(0%), DEF IV: 20(0%), Work Speed: (0%), Skills: Nocturnal
Croajiro, Level: 6, Rank: 1, Gender: Female, HP IV: 45(0%), ATK IV: 69(0%), DEF IV: 42(0%), Work Speed: (0%), Skills: Easygoing
Depresso, Level: 6, Rank: 1, Gender: Male, HP IV: 14(0%), ATK IV: 42(0%), DEF IV: 16(0%), Work Speed: (0%), Skills: Dragonkiller
Foxparks, Level: 6, Rank: 1, Gender: Male, HP IV: 51(0%), ATK IV: 55(0%), DEF IV: 91(0%), Work Speed: (0%), Skills: Brittle
Fuack, Level: 6, Rank: 1, Gender: Male, HP IV: 77(0%), ATK IV: 66(0%), DEF IV: 97(0%), Work Speed: (0%), Skills: Vanguard, Brave, Blood of the Dragon
Lamball, Level: 2, Rank: 1, Gender: Female, HP IV: 61(0%), ATK IV: 59(0%), DEF IV: 95(0%), Work Speed: (0%), Skills: Clumsy
Lamball, Level: 6, Rank: 1, Gender: Male, HP IV: 94(0%), ATK IV: 20(0%), DEF IV: 38(0%), Work Speed: (0%)
Teafant, Level: 4, Rank: 1, Gender: Female, HP IV: 7(0%), ATK IV: 65(0%), DEF IV: 63(0%), Work Speed: (0%), Skills: Fit as a Fiddle
ProphetRaheim's 8 Pals
----------------------
Chikipi, Level: 5, Rank: 1, Gender: Female, HP IV: 72(0%), ATK IV: 63(0%), DEF IV: 20(0%), Work Speed: (0%), Skills: Nocturnal
Croajiro, Level: 6, Rank: 1, Gender: Female, HP IV: 45(0%), ATK IV: 69(0%), DEF IV: 42(0%), Work Speed: (0%), Skills: Easygoing
Depresso, Level: 6, Rank: 1, Gender: Male, HP IV: 14(0%), ATK IV: 42(0%), DEF IV: 16(0%), Work Speed: (0%), Skills: Dragonkiller
Foxparks, Level: 6, Rank: 1, Gender: Male, HP IV: 51(0%), ATK IV: 55(0%), DEF IV: 91(0%), Work Speed: (0%), Skills: Brittle
Fuack, Level: 6, Rank: 1, Gender: Male, HP IV: 77(0%), ATK IV: 66(0%), DEF IV: 97(0%), Work Speed: (0%), Skills: Vanguard, Brave, Blood of the Dragon
Lamball, Level: 2, Rank: 1, Gender: Female, HP IV: 61(0%), ATK IV: 59(0%), DEF IV: 95(0%), Work Speed: (0%), Skills: Clumsy
Lamball, Level: 6, Rank: 1, Gender: Male, HP IV: 94(0%), ATK IV: 20(0%), DEF IV: 38(0%), Work Speed: (0%)
Teafant, Level: 4, Rank: 1, Gender: Female, HP IV: 7(0%), ATK IV: 65(0%), DEF IV: 63(0%), Work Speed: (0%), Skills: Fit as a Fiddle
ProphetRaheim's 8 Pals
----------------------
Chikipi, Level: 5, Rank: 1, Gender: Female, HP IV: 72(0%), ATK IV: 63(0%), DEF IV: 20(0%), Work Speed: (0%), Skills: Nocturnal
Croajiro, Level: 6, Rank: 1, Gender: Female, HP IV: 45(0%), ATK IV: 69(0%), DEF IV: 42(0%), Work Speed: (0%), Skills: Easygoing
Depresso, Level: 6, Rank: 1, Gender: Male, HP IV: 14(0%), ATK IV: 42(0%), DEF IV: 16(0%), Work Speed: (0%), Skills: Dragonkiller
Foxparks, Level: 6, Rank: 1, Gender: Male, HP IV: 51(0%), ATK IV: 55(0%), DEF IV: 91(0%), Work Speed: (0%), Skills: Brittle
Fuack, Level: 6, Rank: 1, Gender: Male, HP IV: 77(0%), ATK IV: 66(0%), DEF IV: 97(0%), Work Speed: (0%), Skills: Vanguard, Brave, Blood of the Dragon
Lamball, Level: 2, Rank: 1, Gender: Female, HP IV: 61(0%), ATK IV: 59(0%), DEF IV: 95(0%), Work Speed: (0%), Skills: Clumsy
Lamball, Level: 6, Rank: 1, Gender: Male, HP IV: 94(0%), ATK IV: 20(0%), DEF IV: 38(0%), Work Speed: (0%)
Teafant, Level: 4, Rank: 1, Gender: Female, HP IV: 7(0%), ATK IV: 65(0%), DEF IV: 63(0%), Work Speed: (0%), Skills: Fit as a Fiddle
ProphetRaheim's 8 Pals
----------------------
Chikipi, Level: 5, Rank: 1, Gender: Female, HP IV: 72(0%), ATK IV: 63(0%), DEF IV: 20(0%), Work Speed: (0%), Skills: Nocturnal
Croajiro, Level: 6, Rank: 1, Gender: Female, HP IV: 45(0%), ATK IV: 69(0%), DEF IV: 42(0%), Work Speed: (0%), Skills: Easygoing
Depresso, Level: 6, Rank: 1, Gender: Male, HP IV: 14(0%), ATK IV: 42(0%), DEF IV: 16(0%), Work Speed: (0%), Skills: Dragonkiller
Foxparks, Level: 6, Rank: 1, Gender: Male, HP IV: 51(0%), ATK IV: 55(0%), DEF IV: 91(0%), Work Speed: (0%), Skills: Brittle
Fuack, Level: 6, Rank: 1, Gender: Male, HP IV: 77(0%), ATK IV: 66(0%), DEF IV: 97(0%), Work Speed: (0%), Skills: Vanguard, Brave, Blood of the Dragon
Lamball, Level: 2, Rank: 1, Gender: Female, HP IV: 61(0%), ATK IV: 59(0%), DEF IV: 95(0%), Work Speed: (0%), Skills: Clumsy
Lamball, Level: 6, Rank: 1, Gender: Male, HP IV: 94(0%), ATK IV: 20(0%), DEF IV: 38(0%), Work Speed: (0%)
Teafant, Level: 4, Rank: 1, Gender: Female, HP IV: 7(0%), ATK IV: 65(0%), DEF IV: 63(0%), Work Speed: (0%), Skills: Fit as a Fiddle
ProphetRaheim's 8 Pals
----------------------
Chikipi, Level: 5, Rank: 1, Gender: Female, HP IV: 72(0%), ATK IV: 63(0%), DEF IV: 20(0%), Work Speed: (0%), Skills: Nocturnal
Croajiro, Level: 6, Rank: 1, Gender: Female, HP IV: 45(0%), ATK IV: 69(0%), DEF IV: 42(0%), Work Speed: (0%), Skills: Easygoing
Depresso, Level: 6, Rank: 1, Gender: Male, HP IV: 14(0%), ATK IV: 42(0%), DEF IV: 16(0%), Work Speed: (0%), Skills: Dragonkiller
Foxparks, Level: 6, Rank: 1, Gender: Male, HP IV: 51(0%), ATK IV: 55(0%), DEF IV: 91(0%), Work Speed: (0%), Skills: Brittle
Fuack, Level: 6, Rank: 1, Gender: Male, HP IV: 77(0%), ATK IV: 66(0%), DEF IV: 97(0%), Work Speed: (0%), Skills: Vanguard, Brave, Blood of the Dragon
Lamball, Level: 2, Rank: 1, Gender: Female, HP IV: 61(0%), ATK IV: 59(0%), DEF IV: 95(0%), Work Speed: (0%), Skills: Clumsy
Lamball, Level: 6, Rank: 1, Gender: Male, HP IV: 94(0%), ATK IV: 20(0%), DEF IV: 38(0%), Work Speed: (0%)
Teafant, Level: 4, Rank: 1, Gender: Female, HP IV: 7(0%), ATK IV: 65(0%), DEF IV: 63(0%), Work Speed: (0%), Skills: Fit as a Fiddle
ProphetRaheim's 8 Pals
----------------------
Chikipi, Level: 5, Rank: 1, Gender: Female, HP IV: 72(0%), ATK IV: 63(0%), DEF IV: 20(0%), Work Speed: (0%), Skills: Nocturnal
Croajiro, Level: 6, Rank: 1, Gender: Female, HP IV: 45(0%), ATK IV: 69(0%), DEF IV: 42(0%), Work Speed: (0%), Skills: Easygoing
Depresso, Level: 6, Rank: 1, Gender: Male, HP IV: 14(0%), ATK IV: 42(0%), DEF IV: 16(0%), Work Speed: (0%), Skills: Dragonkiller
Foxparks, Level: 6, Rank: 1, Gender: Male, HP IV: 51(0%), ATK IV: 55(0%), DEF IV: 91(0%), Work Speed: (0%), Skills: Brittle
Fuack, Level: 6, Rank: 1, Gender: Male, HP IV: 77(0%), ATK IV: 66(0%), DEF IV: 97(0%), Work Speed: (0%), Skills: Vanguard, Brave, Blood of the Dragon
Lamball, Level: 2, Rank: 1, Gender: Female, HP IV: 61(0%), ATK IV: 59(0%), DEF IV: 95(0%), Work Speed: (0%), Skills: Clumsy
Lamball, Level: 6, Rank: 1, Gender: Male, HP IV: 94(0%), ATK IV: 20(0%), DEF IV: 38(0%), Work Speed: (0%)
Teafant, Level: 4, Rank: 1, Gender: Female, HP IV: 7(0%), ATK IV: 65(0%), DEF IV: 63(0%), Work Speed: (0%), Skills: Fit as a Fiddle
ProphetRaheim's 8 Pals
----------------------
Chikipi, Level: 5, Rank: 1, Gender: Female, HP IV: 72(0%), ATK IV: 63(0%), DEF IV: 20(0%), Work Speed: (0%), Skills: Nocturnal
Croajiro, Level: 6, Rank: 1, Gender: Female, HP IV: 45(0%), ATK IV: 69(0%), DEF IV: 42(0%), Work Speed: (0%), Skills: Easygoing
Depresso, Level: 6, Rank: 1, Gender: Male, HP IV: 14(0%), ATK IV: 42(0%), DEF IV: 16(0%), Work Speed: (0%), Skills: Dragonkiller
Foxparks, Level: 6, Rank: 1, Gender: Male, HP IV: 51(0%), ATK IV: 55(0%), DEF IV: 91(0%), Work Speed: (0%), Skills: Brittle
Fuack, Level: 6, Rank: 1, Gender: Male, HP IV: 77(0%), ATK IV: 66(0%), DEF IV: 97(0%), Work Speed: (0%), Skills: Vanguard, Brave, Blood of the Dragon
Lamball, Level: 2, Rank: 1, Gender: Female, HP IV: 61(0%), ATK IV: 59(0%), DEF IV: 95(0%), Work Speed: (0%), Skills: Clumsy
Lamball, Level: 6, Rank: 1, Gender: Male, HP IV: 94(0%), ATK IV: 20(0%), DEF IV: 38(0%), Work Speed: (0%)
Teafant, Level: 4, Rank: 1, Gender: Female, HP IV: 7(0%), ATK IV: 65(0%), DEF IV: 63(0%), Work Speed: (0%), Skills: Fit as a Fiddle
ProphetRaheim's 8 Pals
----------------------
Chikipi, Level: 5, Rank: 1, Gender: Female, HP IV: 72(0%), ATK IV: 63(0%), DEF IV: 20(0%), Work Speed: (0%), Skills: Nocturnal
Croajiro, Level: 6, Rank: 1, Gender: Female, HP IV: 45(0%), ATK IV: 69(0%), DEF IV: 42(0%), Work Speed: (0%), Skills: Easygoing
Depresso, Level: 6, Rank: 1, Gender: Male, HP IV: 14(0%), ATK IV: 42(0%), DEF IV: 16(0%), Work Speed: (0%), Skills: Dragonkiller
Foxparks, Level: 6, Rank: 1, Gender: Male, HP IV: 51(0%), ATK IV: 55(0%), DEF IV: 91(0%), Work Speed: (0%), Skills: Brittle
Fuack, Level: 6, Rank: 1, Gender: Male, HP IV: 77(0%), ATK IV: 66(0%), DEF IV: 97(0%), Work Speed: (0%), Skills: Vanguard, Brave, Blood of the Dragon
Lamball, Level: 2, Rank: 1, Gender: Female, HP IV: 61(0%), ATK IV: 59(0%), DEF IV: 95(0%), Work Speed: (0%), Skills: Clumsy
Lamball, Level: 6, Rank: 1, Gender: Male, HP IV: 94(0%), ATK IV: 20(0%), DEF IV: 38(0%), Work Speed: (0%)
Teafant, Level: 4, Rank: 1, Gender: Female, HP IV: 7(0%), ATK IV: 65(0%), DEF IV: 63(0%), Work Speed: (0%), Skills: Fit as a Fiddle
ProphetRaheim's 8 Pals
----------------------
Chikipi, Level: 5, Rank: 1, Gender: Female, HP IV: 72(0%), ATK IV: 63(0%), DEF IV: 20(0%), Work Speed: (0%), Skills: Nocturnal
Croajiro, Level: 6, Rank: 1, Gender: Female, HP IV: 45(0%), ATK IV: 69(0%), DEF IV: 42(0%), Work Speed: (0%), Skills: Easygoing
Depresso, Level: 6, Rank: 1, Gender: Male, HP IV: 14(0%), ATK IV: 42(0%), DEF IV: 16(0%), Work Speed: (0%), Skills: Dragonkiller
Foxparks, Level: 6, Rank: 1, Gender: Male, HP IV: 51(0%), ATK IV: 55(0%), DEF IV: 91(0%), Work Speed: (0%), Skills: Brittle
Fuack, Level: 6, Rank: 1, Gender: Male, HP IV: 77(0%), ATK IV: 66(0%), DEF IV: 97(0%), Work Speed: (0%), Skills: Vanguard, Brave, Blood of the Dragon
Lamball, Level: 2, Rank: 1, Gender: Female, HP IV: 61(0%), ATK IV: 59(0%), DEF IV: 95(0%), Work Speed: (0%), Skills: Clumsy
Lamball, Level: 6, Rank: 1, Gender: Male, HP IV: 94(0%), ATK IV: 20(0%), DEF IV: 38(0%), Work Speed: (0%)
Teafant, Level: 4, Rank: 1, Gender: Female, HP IV: 7(0%), ATK IV: 65(0%), DEF IV: 63(0%), Work Speed: (0%), Skills: Fit as a Fiddle
ProphetRaheim's 8 Pals
----------------------
Chikipi, Level: 5, Rank: 1, Gender: Female, HP IV: 72(0%), ATK IV: 63(0%), DEF IV: 20(0%), Work Speed: (0%), Skills: Nocturnal
Croajiro, Level: 6, Rank: 1, Gender: Female, HP IV: 45(0%), ATK IV: 69(0%), DEF IV: 42(0%), Work Speed: (0%), Skills: Easygoing
Depresso, Level: 6, Rank: 1, Gender: Male, HP IV: 14(0%), ATK IV: 42(0%), DEF IV: 16(0%), Work Speed: (0%), Skills: Dragonkiller
Foxparks, Level: 6, Rank: 1, Gender: Male, HP IV: 51(0%), ATK IV: 55(0%), DEF IV: 91(0%), Work Speed: (0%), Skills: Brittle
Fuack, Level: 6, Rank: 1, Gender: Male, HP IV: 77(0%), ATK IV: 66(0%), DEF IV: 97(0%), Work Speed: (0%), Skills: Vanguard, Brave, Blood of the Dragon
Lamball, Level: 2, Rank: 1, Gender: Female, HP IV: 61(0%), ATK IV: 59(0%), DEF IV: 95(0%), Work Speed: (0%), Skills: Clumsy
Lamball, Level: 6, Rank: 1, Gender: Male, HP IV: 94(0%), ATK IV: 20(0%), DEF IV: 38(0%), Work Speed: (0%)
Teafant, Level: 4, Rank: 1, Gender: Female, HP IV: 7(0%), ATK IV: 65(0%), DEF IV: 63(0%), Work Speed: (0%), Skills: Fit as a Fiddle
