Puyo's 36 Pals
--------------
Cattiva, Level: 10, Rank: 1, Gender: Female, HP IV: 49(0%), ATK IV: 35(0%), DEF IV: 28(0%), Work Speed: (0%), Skills: Coward, Mine Foreman, Downtrodden, Artisan
Chikipi, Level: 2, Rank: 1, Gender: Female, HP IV: 75(0%), ATK IV: 58(0%), DEF IV: 37(0%), Work Speed: (0%), Skills: Nocturnal
Chikipi, Level: 2, Rank: 1, Gender: Male, HP IV: 10(0%), ATK IV: 47(0%), DEF IV: 0(0%), Work Speed: (0%), Skills: Nimble
Chikipi, Level: 2, Rank: 1, Gender: Male, HP IV: 23(0%), ATK IV: 15(0%), DEF IV: 61(0%), Work Speed: (0%), Skills: Masochist
Chikipi, Level: 4, Rank: 1, Gender: Female, HP IV: 81(0%), ATK IV: 50(0%), DEF IV: 55(0%), Work Speed: (0%), Skills: Runner
Chikipi, Level: 4, Rank: 1, Gender: Male, HP IV: 97(0%), ATK IV: 15(0%), DEF IV: 17(0%), Work Speed: (0%), Skills: Fine Furs
Chikipi, Level: 5, Rank: 1, Gender: Female, HP IV: 17(0%), ATK IV: 0(0%), DEF IV: 5(0%), Work Speed: (0%), Skills: Fine Furs
Cremis, Level: 2, Rank: 1, Gender: Female, HP IV: 20(0%), ATK IV: 99(0%), DEF IV: 70(0%), Work Speed: (0%), Skills: Impatient
Cremis, Level: 2, Rank: 1, Gender: Male, HP IV: 53(0%), ATK IV: 42(0%), DEF IV: 91(0%), Work Speed: (0%), Skills: Heated Body
Cremis, Level: 3, Rank: 1, Gender: Male, HP IV: 50(0%), ATK IV: 98(0%), DEF IV: 72(0%), Work Speed: (0%), Skills: Runner
Cremis, Level: 3, Rank: 1, Gender: Male, HP IV: 59(0%), ATK IV: 65(0%), DEF IV: 62(0%), Work Speed: (0%), Skills: Conceited
Cremis, Level: 4, Rank: 1, Gender: Female, HP IV: 99(0%), ATK IV: 15(0%), DEF IV: 9(0%), Work Speed: (0%), Skills: Cheery
Cremis, Level: 4, Rank: 1, Gender: Male, HP IV: 33(0%), ATK IV: 6(0%), DEF IV: 37(0%), Work Speed: (0%)
Foxparks, Level: 3, Rank: 1, Gender: Male, HP IV: 41(0%), ATK IV: 27(0%), DEF IV: 60(0%), Work Speed: (0%)
Foxparks, Level: 4, Rank: 1, Gender: Male, HP IV: 99(0%), ATK IV: 74(0%), DEF IV: 100(0%), Work Speed: (0%), Skills: Philantropist
Foxparks, Level: 5, Rank: 1, Gender: Male, HP IV: 76(0%), ATK IV: 94(0%), DEF IV: 59(0%), Work Speed: (0%), Skills: Mine Foreman
Foxparks, Level: 6, Rank: 1, Gender: Male, HP IV: 83(0%), ATK IV: 82(0%), DEF IV: 9(0%), Work Speed: (0%), Skills: Easygoing
Gumoss (Special), Level: 3, Rank: 1, Gender: Female, HP IV: 10(0%), ATK IV: 41(0%), DEF IV: 37(0%), Work Speed: (0%), Skills: Botanical Barrier
Gumoss (Special), Level: 4, Rank: 1, Gender: Female, HP IV: 16(0%), ATK IV: 45(0%), DEF IV: 13(0%), Work Speed: (0%), Skills: Serious
Lamball, Level: 1, Rank: 1, Gender: Female, HP IV: 44(0%), ATK IV: 11(0%), DEF IV: 29(0%), Work Speed: (0%), Skills: Burly Body
Lamball, Level: 1, Rank: 1, Gender: Male, HP IV: 27(0%), ATK IV: 75(0%), DEF IV: 64(0%), Work Speed: (0%), Skills: Stronghold Strategist, Slacker, Mercy hit
Lamball, Level: 10, Rank: 1, Gender: Female, HP IV: 13(0%), ATK IV: 57(0%), DEF IV: 50(0%), Work Speed: (0%), Skills: Hooligan
Lamball, Level: 10, Rank: 1, Gender: Female, HP IV: 68(0%), ATK IV: 56(0%), DEF IV: 10(0%), Work Speed: (0%), Skills: Shabby
Lamball, Level: 10, Rank: 1, Gender: Female, HP IV: 93(0%), ATK IV: 59(0%), DEF IV: 3(0%), Work Speed: (0%), Skills: Shabby
Lamball, Level: 10, Rank: 1, Gender: Male, HP IV: 100(0%), ATK IV: 13(0%), DEF IV: 60(0%), Work Speed: (0%), Skills: Downtrodden
Lamball, Level: 3, Rank: 1, Gender: Male, HP IV: 73(0%), ATK IV: 39(0%), DEF IV: 42(0%), Work Speed: (0%), Skills: Serious
Lamball, Level: 7, Rank: 1, Gender: Male, HP IV: 47(0%), ATK IV: 84(0%), DEF IV: 89(0%), Work Speed: (0%), Skills: Mine Foreman
Lifmunk, Level: 4, Rank: 1, Gender: Female, HP IV: 18(0%), ATK IV: 23(0%), DEF IV: 21(0%), Work Speed: (0%), Skills: Earthquake Resistant
Mau Cryst, Level: 3, Rank: 1, Gender: Male, HP IV: 7(0%), ATK IV: 54(0%), DEF IV: 44(0%), Work Speed: (0%)
Pengullet, Level: 3, Rank: 1, Gender: Female, HP IV: 16(0%), ATK IV: 31(0%), DEF IV: 34(0%), Work Speed: (0%), Skills: Power of Gaia, Zen Mind
Pengullet, Level: 4, Rank: 1, Gender: Female, HP IV: 35(0%), ATK IV: 3(0%), DEF IV: 1(0%), Work Speed: (0%), Skills: Brave
Pengullet, Level: 4, Rank: 1, Gender: Female, HP IV: 61(0%), ATK IV: 28(0%), DEF IV: 71(0%), Work Speed: (0%), Skills: Swift
Pengullet, Level: 5, Rank: 1, Gender: Male, HP IV: 22(0%), ATK IV: 77(0%), DEF IV: 7(0%), Work Speed: (0%), Skills: Impatient
Pengullet, Level: 6, Rank: 1, Gender: Female, HP IV: 100(0%), ATK IV: 27(0%), DEF IV: 84(0%), Work Speed: (0%), Skills: Mercy hit, Musclehead
Pengullet, Level: 6, Rank: 1, Gender: Female, HP IV: 60(0%), ATK IV: 40(0%), DEF IV: 18(0%), Work Speed: (0%), Skills: Stronghold Strategist, Zen Mind
Syndicate Thug (Handgun), Level: 5, Rank: 1, Gender: Unknown, HP IV: 56(0%), ATK IV: 3(0%), DEF IV: 30(0%), Work Speed: (0%), Skills: Fit as a Fiddle
Puyo's 36 Pals
--------------
Cattiva, Level: 10, Rank: 1, Gender: Female, HP IV: 49(0%), ATK IV: 35(0%), DEF IV: 28(0%), Work Speed: (0%), Skills: Coward, Mine Foreman, Downtrodden, Artisan
Chikipi, Level: 2, Rank: 1, Gender: Female, HP IV: 75(0%), ATK IV: 58(0%), DEF IV: 37(0%), Work Speed: (0%), Skills: Nocturnal
Chikipi, Level: 2, Rank: 1, Gender: Male, HP IV: 10(0%), ATK IV: 47(0%), DEF IV: 0(0%), Work Speed: (0%), Skills: Nimble
Chikipi, Level: 2, Rank: 1, Gender: Male, HP IV: 23(0%), ATK IV: 15(0%), DEF IV: 61(0%), Work Speed: (0%), Skills: Masochist
Chikipi, Level: 4, Rank: 1, Gender: Female, HP IV: 81(0%), ATK IV: 50(0%), DEF IV: 55(0%), Work Speed: (0%), Skills: Runner
Chikipi, Level: 4, Rank: 1, Gender: Male, HP IV: 97(0%), ATK IV: 15(0%), DEF IV: 17(0%), Work Speed: (0%), Skills: Fine Furs
Chikipi, Level: 5, Rank: 1, Gender: Female, HP IV: 17(0%), ATK IV: 0(0%), DEF IV: 5(0%), Work Speed: (0%), Skills: Fine Furs
Cremis, Level: 2, Rank: 1, Gender: Female, HP IV: 20(0%), ATK IV: 99(0%), DEF IV: 70(0%), Work Speed: (0%), Skills: Impatient
Cremis, Level: 2, Rank: 1, Gender: Male, HP IV: 53(0%), ATK IV: 42(0%), DEF IV: 91(0%), Work Speed: (0%), Skills: Heated Body
Cremis, Level: 3, Rank: 1, Gender: Male, HP IV: 50(0%), ATK IV: 98(0%), DEF IV: 72(0%), Work Speed: (0%), Skills: Runner
Cremis, Level: 3, Rank: 1, Gender: Male, HP IV: 59(0%), ATK IV: 65(0%), DEF IV: 62(0%), Work Speed: (0%), Skills: Conceited
Cremis, Level: 4, Rank: 1, Gender: Female, HP IV: 99(0%), ATK IV: 15(0%), DEF IV: 9(0%), Work Speed: (0%), Skills: Cheery
Cremis, Level: 4, Rank: 1, Gender: Male, HP IV: 33(0%), ATK IV: 6(0%), DEF IV: 37(0%), Work Speed: (0%)
Foxparks, Level: 3, Rank: 1, Gender: Male, HP IV: 41(0%), ATK IV: 27(0%), DEF IV: 60(0%), Work Speed: (0%)
Foxparks, Level: 4, Rank: 1, Gender: Male, HP IV: 99(0%), ATK IV: 74(0%), DEF IV: 100(0%), Work Speed: (0%), Skills: Philantropist
Foxparks, Level: 5, Rank: 1, Gender: Male, HP IV: 76(0%), ATK IV: 94(0%), DEF IV: 59(0%), Work Speed: (0%), Skills: Mine Foreman
Foxparks, Level: 6, Rank: 1, Gender: Male, HP IV: 83(0%), ATK IV: 82(0%), DEF IV: 9(0%), Work Speed: (0%), Skills: Easygoing
Gumoss (Special), Level: 3, Rank: 1, Gender: Female, HP IV: 10(0%), ATK IV: 41(0%), DEF IV: 37(0%), Work Speed: (0%), Skills: Botanical Barrier
Gumoss (Special), Level: 4, Rank: 1, Gender: Female, HP IV: 16(0%), ATK IV: 45(0%), DEF IV: 13(0%), Work Speed: (0%), Skills: Serious
Lamball, Level: 1, Rank: 1, Gender: Female, HP IV: 44(0%), ATK IV: 11(0%), DEF IV: 29(0%), Work Speed: (0%), Skills: Burly Body
Lamball, Level: 1, Rank: 1, Gender: Male, HP IV: 27(0%), ATK IV: 75(0%), DEF IV: 64(0%), Work Speed: (0%), Skills: Stronghold Strategist, Slacker, Mercy hit
Lamball, Level: 10, Rank: 1, Gender: Female, HP IV: 13(0%), ATK IV: 57(0%), DEF IV: 50(0%), Work Speed: (0%), Skills: Hooligan
Lamball, Level: 10, Rank: 1, Gender: Female, HP IV: 68(0%), ATK IV: 56(0%), DEF IV: 10(0%), Work Speed: (0%), Skills: Shabby
Lamball, Level: 10, Rank: 1, Gender: Female, HP IV: 93(0%), ATK IV: 59(0%), DEF IV: 3(0%), Work Speed: (0%), Skills: Shabby
Lamball, Level: 10, Rank: 1, Gender: Male, HP IV: 100(0%), ATK IV: 13(0%), DEF IV: 60(0%), Work Speed: (0%), Skills: Downtrodden
Lamball, Level: 3, Rank: 1, Gender: Male, HP IV: 73(0%), ATK IV: 39(0%), DEF IV: 42(0%), Work Speed: (0%), Skills: Serious
Lamball, Level: 7, Rank: 1, Gender: Male, HP IV: 47(0%), ATK IV: 84(0%), DEF IV: 89(0%), Work Speed: (0%), Skills: Mine Foreman
Lifmunk, Level: 4, Rank: 1, Gender: Female, HP IV: 18(0%), ATK IV: 23(0%), DEF IV: 21(0%), Work Speed: (0%), Skills: Earthquake Resistant
Mau Cryst, Level: 3, Rank: 1, Gender: Male, HP IV: 7(0%), ATK IV: 54(0%), DEF IV: 44(0%), Work Speed: (0%)
Pengullet, Level: 3, Rank: 1, Gender: Female, HP IV: 16(0%), ATK IV: 31(0%), DEF IV: 34(0%), Work Speed: (0%), Skills: Power of Gaia, Zen Mind
Pengullet, Level: 4, Rank: 1, Gender: Female, HP IV: 35(0%), ATK IV: 3(0%), DEF IV: 1(0%), Work Speed: (0%), Skills: Brave
Pengullet, Level: 4, Rank: 1, Gender: Female, HP IV: 61(0%), ATK IV: 28(0%), DEF IV: 71(0%), Work Speed: (0%), Skills: Swift
Pengullet, Level: 5, Rank: 1, Gender: Male, HP IV: 22(0%), ATK IV: 77(0%), DEF IV: 7(0%), Work Speed: (0%), Skills: Impatient
Pengullet, Level: 6, Rank: 1, Gender: Female, HP IV: 100(0%), ATK IV: 27(0%), DEF IV: 84(0%), Work Speed: (0%), Skills: Mercy hit, Musclehead
Pengullet, Level: 6, Rank: 1, Gender: Female, HP IV: 60(0%), ATK IV: 40(0%), DEF IV: 18(0%), Work Speed: (0%), Skills: Stronghold Strategist, Zen Mind
Syndicate Thug (Handgun), Level: 5, Rank: 1, Gender: Unknown, HP IV: 56(0%), ATK IV: 3(0%), DEF IV: 30(0%), Work Speed: (0%), Skills: Fit as a Fiddle
Puyo's 36 Pals
--------------
Cattiva, Level: 10, Rank: 1, Gender: Female, HP IV: 49(0%), ATK IV: 35(0%), DEF IV: 28(0%), Work Speed: (0%), Skills: Coward, Mine Foreman, Downtrodden, Artisan
Chikipi, Level: 2, Rank: 1, Gender: Female, HP IV: 75(0%), ATK IV: 58(0%), DEF IV: 37(0%), Work Speed: (0%), Skills: Nocturnal
Chikipi, Level: 2, Rank: 1, Gender: Male, HP IV: 10(0%), ATK IV: 47(0%), DEF IV: 0(0%), Work Speed: (0%), Skills: Nimble
Chikipi, Level: 2, Rank: 1, Gender: Male, HP IV: 23(0%), ATK IV: 15(0%), DEF IV: 61(0%), Work Speed: (0%), Skills: Masochist
Chikipi, Level: 4, Rank: 1, Gender: Female, HP IV: 81(0%), ATK IV: 50(0%), DEF IV: 55(0%), Work Speed: (0%), Skills: Runner
Chikipi, Level: 4, Rank: 1, Gender: Male, HP IV: 97(0%), ATK IV: 15(0%), DEF IV: 17(0%), Work Speed: (0%), Skills: Fine Furs
Chikipi, Level: 5, Rank: 1, Gender: Female, HP IV: 17(0%), ATK IV: 0(0%), DEF IV: 5(0%), Work Speed: (0%), Skills: Fine Furs
Cremis, Level: 2, Rank: 1, Gender: Female, HP IV: 20(0%), ATK IV: 99(0%), DEF IV: 70(0%), Work Speed: (0%), Skills: Impatient
Cremis, Level: 2, Rank: 1, Gender: Male, HP IV: 53(0%), ATK IV: 42(0%), DEF IV: 91(0%), Work Speed: (0%), Skills: Heated Body
Cremis, Level: 3, Rank: 1, Gender: Male, HP IV: 50(0%), ATK IV: 98(0%), DEF IV: 72(0%), Work Speed: (0%), Skills: Runner
Cremis, Level: 3, Rank: 1, Gender: Male, HP IV: 59(0%), ATK IV: 65(0%), DEF IV: 62(0%), Work Speed: (0%), Skills: Conceited
Cremis, Level: 4, Rank: 1, Gender: Female, HP IV: 99(0%), ATK IV: 15(0%), DEF IV: 9(0%), Work Speed: (0%), Skills: Cheery
Cremis, Level: 4, Rank: 1, Gender: Male, HP IV: 33(0%), ATK IV: 6(0%), DEF IV: 37(0%), Work Speed: (0%)
Foxparks, Level: 3, Rank: 1, Gender: Male, HP IV: 41(0%), ATK IV: 27(0%), DEF IV: 60(0%), Work Speed: (0%)
Foxparks, Level: 4, Rank: 1, Gender: Male, HP IV: 99(0%), ATK IV: 74(0%), DEF IV: 100(0%), Work Speed: (0%), Skills: Philantropist
Foxparks, Level: 5, Rank: 1, Gender: Male, HP IV: 76(0%), ATK IV: 94(0%), DEF IV: 59(0%), Work Speed: (0%), Skills: Mine Foreman
Foxparks, Level: 6, Rank: 1, Gender: Male, HP IV: 83(0%), ATK IV: 82(0%), DEF IV: 9(0%), Work Speed: (0%), Skills: Easygoing
Gumoss (Special), Level: 3, Rank: 1, Gender: Female, HP IV: 10(0%), ATK IV: 41(0%), DEF IV: 37(0%), Work Speed: (0%), Skills: Botanical Barrier
Gumoss (Special), Level: 4, Rank: 1, Gender: Female, HP IV: 16(0%), ATK IV: 45(0%), DEF IV: 13(0%), Work Speed: (0%), Skills: Serious
Lamball, Level: 1, Rank: 1, Gender: Female, HP IV: 44(0%), ATK IV: 11(0%), DEF IV: 29(0%), Work Speed: (0%), Skills: Burly Body
Lamball, Level: 1, Rank: 1, Gender: Male, HP IV: 27(0%), ATK IV: 75(0%), DEF IV: 64(0%), Work Speed: (0%), Skills: Stronghold Strategist, Slacker, Mercy hit
Lamball, Level: 10, Rank: 1, Gender: Female, HP IV: 13(0%), ATK IV: 57(0%), DEF IV: 50(0%), Work Speed: (0%), Skills: Hooligan
Lamball, Level: 10, Rank: 1, Gender: Female, HP IV: 68(0%), ATK IV: 56(0%), DEF IV: 10(0%), Work Speed: (0%), Skills: Shabby
Lamball, Level: 10, Rank: 1, Gender: Female, HP IV: 93(0%), ATK IV: 59(0%), DEF IV: 3(0%), Work Speed: (0%), Skills: Shabby
Lamball, Level: 10, Rank: 1, Gender: Male, HP IV: 100(0%), ATK IV: 13(0%), DEF IV: 60(0%), Work Speed: (0%), Skills: Downtrodden
Lamball, Level: 3, Rank: 1, Gender: Male, HP IV: 73(0%), ATK IV: 39(0%), DEF IV: 42(0%), Work Speed: (0%), Skills: Serious
Lamball, Level: 7, Rank: 1, Gender: Male, HP IV: 47(0%), ATK IV: 84(0%), DEF IV: 89(0%), Work Speed: (0%), Skills: Mine Foreman
Lifmunk, Level: 4, Rank: 1, Gender: Female, HP IV: 18(0%), ATK IV: 23(0%), DEF IV: 21(0%), Work Speed: (0%), Skills: Earthquake Resistant
Mau Cryst, Level: 3, Rank: 1, Gender: Male, HP IV: 7(0%), ATK IV: 54(0%), DEF IV: 44(0%), Work Speed: (0%)
Pengullet, Level: 3, Rank: 1, Gender: Female, HP IV: 16(0%), ATK IV: 31(0%), DEF IV: 34(0%), Work Speed: (0%), Skills: Power of Gaia, Zen Mind
Pengullet, Level: 4, Rank: 1, Gender: Female, HP IV: 35(0%), ATK IV: 3(0%), DEF IV: 1(0%), Work Speed: (0%), Skills: Brave
Pengullet, Level: 4, Rank: 1, Gender: Female, HP IV: 61(0%), ATK IV: 28(0%), DEF IV: 71(0%), Work Speed: (0%), Skills: Swift
Pengullet, Level: 5, Rank: 1, Gender: Male, HP IV: 22(0%), ATK IV: 77(0%), DEF IV: 7(0%), Work Speed: (0%), Skills: Impatient
Pengullet, Level: 6, Rank: 1, Gender: Female, HP IV: 100(0%), ATK IV: 27(0%), DEF IV: 84(0%), Work Speed: (0%), Skills: Mercy hit, Musclehead
Pengullet, Level: 6, Rank: 1, Gender: Female, HP IV: 60(0%), ATK IV: 40(0%), DEF IV: 18(0%), Work Speed: (0%), Skills: Stronghold Strategist, Zen Mind
Syndicate Thug (Handgun), Level: 5, Rank: 1, Gender: Unknown, HP IV: 56(0%), ATK IV: 3(0%), DEF IV: 30(0%), Work Speed: (0%), Skills: Fit as a Fiddle
Puyo's 36 Pals
--------------
Cattiva, Level: 10, Rank: 1, Gender: Female, HP IV: 49(0%), ATK IV: 35(0%), DEF IV: 28(0%), Work Speed: (0%), Skills: Coward, Mine Foreman, Downtrodden, Artisan
Chikipi, Level: 2, Rank: 1, Gender: Female, HP IV: 75(0%), ATK IV: 58(0%), DEF IV: 37(0%), Work Speed: (0%), Skills: Nocturnal
Chikipi, Level: 2, Rank: 1, Gender: Male, HP IV: 10(0%), ATK IV: 47(0%), DEF IV: 0(0%), Work Speed: (0%), Skills: Nimble
Chikipi, Level: 2, Rank: 1, Gender: Male, HP IV: 23(0%), ATK IV: 15(0%), DEF IV: 61(0%), Work Speed: (0%), Skills: Masochist
Chikipi, Level: 4, Rank: 1, Gender: Female, HP IV: 81(0%), ATK IV: 50(0%), DEF IV: 55(0%), Work Speed: (0%), Skills: Runner
Chikipi, Level: 4, Rank: 1, Gender: Male, HP IV: 97(0%), ATK IV: 15(0%), DEF IV: 17(0%), Work Speed: (0%), Skills: Fine Furs
Chikipi, Level: 5, Rank: 1, Gender: Female, HP IV: 17(0%), ATK IV: 0(0%), DEF IV: 5(0%), Work Speed: (0%), Skills: Fine Furs
Cremis, Level: 2, Rank: 1, Gender: Female, HP IV: 20(0%), ATK IV: 99(0%), DEF IV: 70(0%), Work Speed: (0%), Skills: Impatient
Cremis, Level: 2, Rank: 1, Gender: Male, HP IV: 53(0%), ATK IV: 42(0%), DEF IV: 91(0%), Work Speed: (0%), Skills: Heated Body
Cremis, Level: 3, Rank: 1, Gender: Male, HP IV: 50(0%), ATK IV: 98(0%), DEF IV: 72(0%), Work Speed: (0%), Skills: Runner
Cremis, Level: 3, Rank: 1, Gender: Male, HP IV: 59(0%), ATK IV: 65(0%), DEF IV: 62(0%), Work Speed: (0%), Skills: Conceited
Cremis, Level: 4, Rank: 1, Gender: Female, HP IV: 99(0%), ATK IV: 15(0%), DEF IV: 9(0%), Work Speed: (0%), Skills: Cheery
Cremis, Level: 4, Rank: 1, Gender: Male, HP IV: 33(0%), ATK IV: 6(0%), DEF IV: 37(0%), Work Speed: (0%)
Foxparks, Level: 3, Rank: 1, Gender: Male, HP IV: 41(0%), ATK IV: 27(0%), DEF IV: 60(0%), Work Speed: (0%)
Foxparks, Level: 4, Rank: 1, Gender: Male, HP IV: 99(0%), ATK IV: 74(0%), DEF IV: 100(0%), Work Speed: (0%), Skills: Philantropist
Foxparks, Level: 5, Rank: 1, Gender: Male, HP IV: 76(0%), ATK IV: 94(0%), DEF IV: 59(0%), Work Speed: (0%), Skills: Mine Foreman
Foxparks, Level: 6, Rank: 1, Gender: Male, HP IV: 83(0%), ATK IV: 82(0%), DEF IV: 9(0%), Work Speed: (0%), Skills: Easygoing
Gumoss (Special), Level: 3, Rank: 1, Gender: Female, HP IV: 10(0%), ATK IV: 41(0%), DEF IV: 37(0%), Work Speed: (0%), Skills: Botanical Barrier
Gumoss (Special), Level: 4, Rank: 1, Gender: Female, HP IV: 16(0%), ATK IV: 45(0%), DEF IV: 13(0%), Work Speed: (0%), Skills: Serious
Lamball, Level: 1, Rank: 1, Gender: Female, HP IV: 44(0%), ATK IV: 11(0%), DEF IV: 29(0%), Work Speed: (0%), Skills: Burly Body
Lamball, Level: 1, Rank: 1, Gender: Male, HP IV: 27(0%), ATK IV: 75(0%), DEF IV: 64(0%), Work Speed: (0%), Skills: Stronghold Strategist, Slacker, Mercy hit
Lamball, Level: 10, Rank: 1, Gender: Female, HP IV: 13(0%), ATK IV: 57(0%), DEF IV: 50(0%), Work Speed: (0%), Skills: Hooligan
Lamball, Level: 10, Rank: 1, Gender: Female, HP IV: 68(0%), ATK IV: 56(0%), DEF IV: 10(0%), Work Speed: (0%), Skills: Shabby
Lamball, Level: 10, Rank: 1, Gender: Female, HP IV: 93(0%), ATK IV: 59(0%), DEF IV: 3(0%), Work Speed: (0%), Skills: Shabby
Lamball, Level: 10, Rank: 1, Gender: Male, HP IV: 100(0%), ATK IV: 13(0%), DEF IV: 60(0%), Work Speed: (0%), Skills: Downtrodden
Lamball, Level: 3, Rank: 1, Gender: Male, HP IV: 73(0%), ATK IV: 39(0%), DEF IV: 42(0%), Work Speed: (0%), Skills: Serious
Lamball, Level: 7, Rank: 1, Gender: Male, HP IV: 47(0%), ATK IV: 84(0%), DEF IV: 89(0%), Work Speed: (0%), Skills: Mine Foreman
Lifmunk, Level: 4, Rank: 1, Gender: Female, HP IV: 18(0%), ATK IV: 23(0%), DEF IV: 21(0%), Work Speed: (0%), Skills: Earthquake Resistant
Mau Cryst, Level: 3, Rank: 1, Gender: Male, HP IV: 7(0%), ATK IV: 54(0%), DEF IV: 44(0%), Work Speed: (0%)
Pengullet, Level: 3, Rank: 1, Gender: Female, HP IV: 16(0%), ATK IV: 31(0%), DEF IV: 34(0%), Work Speed: (0%), Skills: Power of Gaia, Zen Mind
Pengullet, Level: 4, Rank: 1, Gender: Female, HP IV: 35(0%), ATK IV: 3(0%), DEF IV: 1(0%), Work Speed: (0%), Skills: Brave
Pengullet, Level: 4, Rank: 1, Gender: Female, HP IV: 61(0%), ATK IV: 28(0%), DEF IV: 71(0%), Work Speed: (0%), Skills: Swift
Pengullet, Level: 5, Rank: 1, Gender: Male, HP IV: 22(0%), ATK IV: 77(0%), DEF IV: 7(0%), Work Speed: (0%), Skills: Impatient
Pengullet, Level: 6, Rank: 1, Gender: Female, HP IV: 100(0%), ATK IV: 27(0%), DEF IV: 84(0%), Work Speed: (0%), Skills: Mercy hit, Musclehead
Pengullet, Level: 6, Rank: 1, Gender: Female, HP IV: 60(0%), ATK IV: 40(0%), DEF IV: 18(0%), Work Speed: (0%), Skills: Stronghold Strategist, Zen Mind
Syndicate Thug (Handgun), Level: 5, Rank: 1, Gender: Unknown, HP IV: 56(0%), ATK IV: 3(0%), DEF IV: 30(0%), Work Speed: (0%), Skills: Fit as a Fiddle
Puyo's 36 Pals
--------------
Cattiva, Level: 10, Rank: 1, Gender: Female, HP IV: 49(0%), ATK IV: 35(0%), DEF IV: 28(0%), Work Speed: (0%), Skills: Coward, Mine Foreman, Downtrodden, Artisan
Chikipi, Level: 2, Rank: 1, Gender: Female, HP IV: 75(0%), ATK IV: 58(0%), DEF IV: 37(0%), Work Speed: (0%), Skills: Nocturnal
Chikipi, Level: 2, Rank: 1, Gender: Male, HP IV: 10(0%), ATK IV: 47(0%), DEF IV: 0(0%), Work Speed: (0%), Skills: Nimble
Chikipi, Level: 2, Rank: 1, Gender: Male, HP IV: 23(0%), ATK IV: 15(0%), DEF IV: 61(0%), Work Speed: (0%), Skills: Masochist
Chikipi, Level: 4, Rank: 1, Gender: Female, HP IV: 81(0%), ATK IV: 50(0%), DEF IV: 55(0%), Work Speed: (0%), Skills: Runner
Chikipi, Level: 4, Rank: 1, Gender: Male, HP IV: 97(0%), ATK IV: 15(0%), DEF IV: 17(0%), Work Speed: (0%), Skills: Fine Furs
Chikipi, Level: 5, Rank: 1, Gender: Female, HP IV: 17(0%), ATK IV: 0(0%), DEF IV: 5(0%), Work Speed: (0%), Skills: Fine Furs
Cremis, Level: 2, Rank: 1, Gender: Female, HP IV: 20(0%), ATK IV: 99(0%), DEF IV: 70(0%), Work Speed: (0%), Skills: Impatient
Cremis, Level: 2, Rank: 1, Gender: Male, HP IV: 53(0%), ATK IV: 42(0%), DEF IV: 91(0%), Work Speed: (0%), Skills: Heated Body
Cremis, Level: 3, Rank: 1, Gender: Male, HP IV: 50(0%), ATK IV: 98(0%), DEF IV: 72(0%), Work Speed: (0%), Skills: Runner
Cremis, Level: 3, Rank: 1, Gender: Male, HP IV: 59(0%), ATK IV: 65(0%), DEF IV: 62(0%), Work Speed: (0%), Skills: Conceited
Cremis, Level: 4, Rank: 1, Gender: Female, HP IV: 99(0%), ATK IV: 15(0%), DEF IV: 9(0%), Work Speed: (0%), Skills: Cheery
Cremis, Level: 4, Rank: 1, Gender: Male, HP IV: 33(0%), ATK IV: 6(0%), DEF IV: 37(0%), Work Speed: (0%)
Foxparks, Level: 3, Rank: 1, Gender: Male, HP IV: 41(0%), ATK IV: 27(0%), DEF IV: 60(0%), Work Speed: (0%)
Foxparks, Level: 4, Rank: 1, Gender: Male, HP IV: 99(0%), ATK IV: 74(0%), DEF IV: 100(0%), Work Speed: (0%), Skills: Philantropist
Foxparks, Level: 5, Rank: 1, Gender: Male, HP IV: 76(0%), ATK IV: 94(0%), DEF IV: 59(0%), Work Speed: (0%), Skills: Mine Foreman
Foxparks, Level: 6, Rank: 1, Gender: Male, HP IV: 83(0%), ATK IV: 82(0%), DEF IV: 9(0%), Work Speed: (0%), Skills: Easygoing
Gumoss (Special), Level: 3, Rank: 1, Gender: Female, HP IV: 10(0%), ATK IV: 41(0%), DEF IV: 37(0%), Work Speed: (0%), Skills: Botanical Barrier
Gumoss (Special), Level: 4, Rank: 1, Gender: Female, HP IV: 16(0%), ATK IV: 45(0%), DEF IV: 13(0%), Work Speed: (0%), Skills: Serious
Lamball, Level: 1, Rank: 1, Gender: Female, HP IV: 44(0%), ATK IV: 11(0%), DEF IV: 29(0%), Work Speed: (0%), Skills: Burly Body
Lamball, Level: 1, Rank: 1, Gender: Male, HP IV: 27(0%), ATK IV: 75(0%), DEF IV: 64(0%), Work Speed: (0%), Skills: Stronghold Strategist, Slacker, Mercy hit
Lamball, Level: 10, Rank: 1, Gender: Female, HP IV: 13(0%), ATK IV: 57(0%), DEF IV: 50(0%), Work Speed: (0%), Skills: Hooligan
Lamball, Level: 10, Rank: 1, Gender: Female, HP IV: 68(0%), ATK IV: 56(0%), DEF IV: 10(0%), Work Speed: (0%), Skills: Shabby
Lamball, Level: 10, Rank: 1, Gender: Female, HP IV: 93(0%), ATK IV: 59(0%), DEF IV: 3(0%), Work Speed: (0%), Skills: Shabby
Lamball, Level: 10, Rank: 1, Gender: Male, HP IV: 100(0%), ATK IV: 13(0%), DEF IV: 60(0%), Work Speed: (0%), Skills: Downtrodden
Lamball, Level: 3, Rank: 1, Gender: Male, HP IV: 73(0%), ATK IV: 39(0%), DEF IV: 42(0%), Work Speed: (0%), Skills: Serious
Lamball, Level: 7, Rank: 1, Gender: Male, HP IV: 47(0%), ATK IV: 84(0%), DEF IV: 89(0%), Work Speed: (0%), Skills: Mine Foreman
Lifmunk, Level: 4, Rank: 1, Gender: Female, HP IV: 18(0%), ATK IV: 23(0%), DEF IV: 21(0%), Work Speed: (0%), Skills: Earthquake Resistant
Mau Cryst, Level: 3, Rank: 1, Gender: Male, HP IV: 7(0%), ATK IV: 54(0%), DEF IV: 44(0%), Work Speed: (0%)
Pengullet, Level: 3, Rank: 1, Gender: Female, HP IV: 16(0%), ATK IV: 31(0%), DEF IV: 34(0%), Work Speed: (0%), Skills: Power of Gaia, Zen Mind
Pengullet, Level: 4, Rank: 1, Gender: Female, HP IV: 35(0%), ATK IV: 3(0%), DEF IV: 1(0%), Work Speed: (0%), Skills: Brave
Pengullet, Level: 4, Rank: 1, Gender: Female, HP IV: 61(0%), ATK IV: 28(0%), DEF IV: 71(0%), Work Speed: (0%), Skills: Swift
Pengullet, Level: 5, Rank: 1, Gender: Male, HP IV: 22(0%), ATK IV: 77(0%), DEF IV: 7(0%), Work Speed: (0%), Skills: Impatient
Pengullet, Level: 6, Rank: 1, Gender: Female, HP IV: 100(0%), ATK IV: 27(0%), DEF IV: 84(0%), Work Speed: (0%), Skills: Mercy hit, Musclehead
Pengullet, Level: 6, Rank: 1, Gender: Female, HP IV: 60(0%), ATK IV: 40(0%), DEF IV: 18(0%), Work Speed: (0%), Skills: Stronghold Strategist, Zen Mind
Syndicate Thug (Handgun), Level: 5, Rank: 1, Gender: Unknown, HP IV: 56(0%), ATK IV: 3(0%), DEF IV: 30(0%), Work Speed: (0%), Skills: Fit as a Fiddle
Puyo's 36 Pals
--------------
Cattiva, Level: 10, Rank: 1, Gender: Female, HP IV: 49(0%), ATK IV: 35(0%), DEF IV: 28(0%), Work Speed: (0%), Skills: Coward, Mine Foreman, Downtrodden, Artisan
Chikipi, Level: 2, Rank: 1, Gender: Female, HP IV: 75(0%), ATK IV: 58(0%), DEF IV: 37(0%), Work Speed: (0%), Skills: Nocturnal
Chikipi, Level: 2, Rank: 1, Gender: Male, HP IV: 10(0%), ATK IV: 47(0%), DEF IV: 0(0%), Work Speed: (0%), Skills: Nimble
Chikipi, Level: 2, Rank: 1, Gender: Male, HP IV: 23(0%), ATK IV: 15(0%), DEF IV: 61(0%), Work Speed: (0%), Skills: Masochist
Chikipi, Level: 4, Rank: 1, Gender: Female, HP IV: 81(0%), ATK IV: 50(0%), DEF IV: 55(0%), Work Speed: (0%), Skills: Runner
Chikipi, Level: 4, Rank: 1, Gender: Male, HP IV: 97(0%), ATK IV: 15(0%), DEF IV: 17(0%), Work Speed: (0%), Skills: Fine Furs
Chikipi, Level: 5, Rank: 1, Gender: Female, HP IV: 17(0%), ATK IV: 0(0%), DEF IV: 5(0%), Work Speed: (0%), Skills: Fine Furs
Cremis, Level: 2, Rank: 1, Gender: Female, HP IV: 20(0%), ATK IV: 99(0%), DEF IV: 70(0%), Work Speed: (0%), Skills: Impatient
Cremis, Level: 2, Rank: 1, Gender: Male, HP IV: 53(0%), ATK IV: 42(0%), DEF IV: 91(0%), Work Speed: (0%), Skills: Heated Body
Cremis, Level: 3, Rank: 1, Gender: Male, HP IV: 50(0%), ATK IV: 98(0%), DEF IV: 72(0%), Work Speed: (0%), Skills: Runner
Cremis, Level: 3, Rank: 1, Gender: Male, HP IV: 59(0%), ATK IV: 65(0%), DEF IV: 62(0%), Work Speed: (0%), Skills: Conceited
Cremis, Level: 4, Rank: 1, Gender: Female, HP IV: 99(0%), ATK IV: 15(0%), DEF IV: 9(0%), Work Speed: (0%), Skills: Cheery
Cremis, Level: 4, Rank: 1, Gender: Male, HP IV: 33(0%), ATK IV: 6(0%), DEF IV: 37(0%), Work Speed: (0%)
Foxparks, Level: 3, Rank: 1, Gender: Male, HP IV: 41(0%), ATK IV: 27(0%), DEF IV: 60(0%), Work Speed: (0%)
Foxparks, Level: 4, Rank: 1, Gender: Male, HP IV: 99(0%), ATK IV: 74(0%), DEF IV: 100(0%), Work Speed: (0%), Skills: Philantropist
Foxparks, Level: 5, Rank: 1, Gender: Male, HP IV: 76(0%), ATK IV: 94(0%), DEF IV: 59(0%), Work Speed: (0%), Skills: Mine Foreman
Foxparks, Level: 6, Rank: 1, Gender: Male, HP IV: 83(0%), ATK IV: 82(0%), DEF IV: 9(0%), Work Speed: (0%), Skills: Easygoing
Gumoss (Special), Level: 3, Rank: 1, Gender: Female, HP IV: 10(0%), ATK IV: 41(0%), DEF IV: 37(0%), Work Speed: (0%), Skills: Botanical Barrier
Gumoss (Special), Level: 4, Rank: 1, Gender: Female, HP IV: 16(0%), ATK IV: 45(0%), DEF IV: 13(0%), Work Speed: (0%), Skills: Serious
Lamball, Level: 1, Rank: 1, Gender: Female, HP IV: 44(0%), ATK IV: 11(0%), DEF IV: 29(0%), Work Speed: (0%), Skills: Burly Body
Lamball, Level: 1, Rank: 1, Gender: Male, HP IV: 27(0%), ATK IV: 75(0%), DEF IV: 64(0%), Work Speed: (0%), Skills: Stronghold Strategist, Slacker, Mercy hit
Lamball, Level: 10, Rank: 1, Gender: Female, HP IV: 13(0%), ATK IV: 57(0%), DEF IV: 50(0%), Work Speed: (0%), Skills: Hooligan
Lamball, Level: 10, Rank: 1, Gender: Female, HP IV: 68(0%), ATK IV: 56(0%), DEF IV: 10(0%), Work Speed: (0%), Skills: Shabby
Lamball, Level: 10, Rank: 1, Gender: Female, HP IV: 93(0%), ATK IV: 59(0%), DEF IV: 3(0%), Work Speed: (0%), Skills: Shabby
Lamball, Level: 10, Rank: 1, Gender: Male, HP IV: 100(0%), ATK IV: 13(0%), DEF IV: 60(0%), Work Speed: (0%), Skills: Downtrodden
Lamball, Level: 3, Rank: 1, Gender: Male, HP IV: 73(0%), ATK IV: 39(0%), DEF IV: 42(0%), Work Speed: (0%), Skills: Serious
Lamball, Level: 7, Rank: 1, Gender: Male, HP IV: 47(0%), ATK IV: 84(0%), DEF IV: 89(0%), Work Speed: (0%), Skills: Mine Foreman
Lifmunk, Level: 4, Rank: 1, Gender: Female, HP IV: 18(0%), ATK IV: 23(0%), DEF IV: 21(0%), Work Speed: (0%), Skills: Earthquake Resistant
Mau Cryst, Level: 3, Rank: 1, Gender: Male, HP IV: 7(0%), ATK IV: 54(0%), DEF IV: 44(0%), Work Speed: (0%)
Pengullet, Level: 3, Rank: 1, Gender: Female, HP IV: 16(0%), ATK IV: 31(0%), DEF IV: 34(0%), Work Speed: (0%), Skills: Power of Gaia, Zen Mind
Pengullet, Level: 4, Rank: 1, Gender: Female, HP IV: 35(0%), ATK IV: 3(0%), DEF IV: 1(0%), Work Speed: (0%), Skills: Brave
Pengullet, Level: 4, Rank: 1, Gender: Female, HP IV: 61(0%), ATK IV: 28(0%), DEF IV: 71(0%), Work Speed: (0%), Skills: Swift
Pengullet, Level: 5, Rank: 1, Gender: Male, HP IV: 22(0%), ATK IV: 77(0%), DEF IV: 7(0%), Work Speed: (0%), Skills: Impatient
Pengullet, Level: 6, Rank: 1, Gender: Female, HP IV: 100(0%), ATK IV: 27(0%), DEF IV: 84(0%), Work Speed: (0%), Skills: Mercy hit, Musclehead
Pengullet, Level: 6, Rank: 1, Gender: Female, HP IV: 60(0%), ATK IV: 40(0%), DEF IV: 18(0%), Work Speed: (0%), Skills: Stronghold Strategist, Zen Mind
Syndicate Thug (Handgun), Level: 5, Rank: 1, Gender: Unknown, HP IV: 56(0%), ATK IV: 3(0%), DEF IV: 30(0%), Work Speed: (0%), Skills: Fit as a Fiddle
Puyo's 36 Pals
--------------
Cattiva, Level: 10, Rank: 1, Gender: Female, HP IV: 49(0%), ATK IV: 35(0%), DEF IV: 28(0%), Work Speed: (0%), Skills: Coward, Mine Foreman, Downtrodden, Artisan
Chikipi, Level: 2, Rank: 1, Gender: Female, HP IV: 75(0%), ATK IV: 58(0%), DEF IV: 37(0%), Work Speed: (0%), Skills: Nocturnal
Chikipi, Level: 2, Rank: 1, Gender: Male, HP IV: 10(0%), ATK IV: 47(0%), DEF IV: 0(0%), Work Speed: (0%), Skills: Nimble
Chikipi, Level: 2, Rank: 1, Gender: Male, HP IV: 23(0%), ATK IV: 15(0%), DEF IV: 61(0%), Work Speed: (0%), Skills: Masochist
Chikipi, Level: 4, Rank: 1, Gender: Female, HP IV: 81(0%), ATK IV: 50(0%), DEF IV: 55(0%), Work Speed: (0%), Skills: Runner
Chikipi, Level: 4, Rank: 1, Gender: Male, HP IV: 97(0%), ATK IV: 15(0%), DEF IV: 17(0%), Work Speed: (0%), Skills: Fine Furs
Chikipi, Level: 5, Rank: 1, Gender: Female, HP IV: 17(0%), ATK IV: 0(0%), DEF IV: 5(0%), Work Speed: (0%), Skills: Fine Furs
Cremis, Level: 2, Rank: 1, Gender: Female, HP IV: 20(0%), ATK IV: 99(0%), DEF IV: 70(0%), Work Speed: (0%), Skills: Impatient
Cremis, Level: 2, Rank: 1, Gender: Male, HP IV: 53(0%), ATK IV: 42(0%), DEF IV: 91(0%), Work Speed: (0%), Skills: Heated Body
Cremis, Level: 3, Rank: 1, Gender: Male, HP IV: 50(0%), ATK IV: 98(0%), DEF IV: 72(0%), Work Speed: (0%), Skills: Runner
Cremis, Level: 3, Rank: 1, Gender: Male, HP IV: 59(0%), ATK IV: 65(0%), DEF IV: 62(0%), Work Speed: (0%), Skills: Conceited
Cremis, Level: 4, Rank: 1, Gender: Female, HP IV: 99(0%), ATK IV: 15(0%), DEF IV: 9(0%), Work Speed: (0%), Skills: Cheery
Cremis, Level: 4, Rank: 1, Gender: Male, HP IV: 33(0%), ATK IV: 6(0%), DEF IV: 37(0%), Work Speed: (0%)
Foxparks, Level: 3, Rank: 1, Gender: Male, HP IV: 41(0%), ATK IV: 27(0%), DEF IV: 60(0%), Work Speed: (0%)
Foxparks, Level: 4, Rank: 1, Gender: Male, HP IV: 99(0%), ATK IV: 74(0%), DEF IV: 100(0%), Work Speed: (0%), Skills: Philantropist
Foxparks, Level: 5, Rank: 1, Gender: Male, HP IV: 76(0%), ATK IV: 94(0%), DEF IV: 59(0%), Work Speed: (0%), Skills: Mine Foreman
Foxparks, Level: 6, Rank: 1, Gender: Male, HP IV: 83(0%), ATK IV: 82(0%), DEF IV: 9(0%), Work Speed: (0%), Skills: Easygoing
Gumoss (Special), Level: 3, Rank: 1, Gender: Female, HP IV: 10(0%), ATK IV: 41(0%), DEF IV: 37(0%), Work Speed: (0%), Skills: Botanical Barrier
Gumoss (Special), Level: 4, Rank: 1, Gender: Female, HP IV: 16(0%), ATK IV: 45(0%), DEF IV: 13(0%), Work Speed: (0%), Skills: Serious
Lamball, Level: 1, Rank: 1, Gender: Female, HP IV: 44(0%), ATK IV: 11(0%), DEF IV: 29(0%), Work Speed: (0%), Skills: Burly Body
Lamball, Level: 1, Rank: 1, Gender: Male, HP IV: 27(0%), ATK IV: 75(0%), DEF IV: 64(0%), Work Speed: (0%), Skills: Stronghold Strategist, Slacker, Mercy hit
Lamball, Level: 10, Rank: 1, Gender: Female, HP IV: 13(0%), ATK IV: 57(0%), DEF IV: 50(0%), Work Speed: (0%), Skills: Hooligan
Lamball, Level: 10, Rank: 1, Gender: Female, HP IV: 68(0%), ATK IV: 56(0%), DEF IV: 10(0%), Work Speed: (0%), Skills: Shabby
Lamball, Level: 10, Rank: 1, Gender: Female, HP IV: 93(0%), ATK IV: 59(0%), DEF IV: 3(0%), Work Speed: (0%), Skills: Shabby
Lamball, Level: 10, Rank: 1, Gender: Male, HP IV: 100(0%), ATK IV: 13(0%), DEF IV: 60(0%), Work Speed: (0%), Skills: Downtrodden
Lamball, Level: 3, Rank: 1, Gender: Male, HP IV: 73(0%), ATK IV: 39(0%), DEF IV: 42(0%), Work Speed: (0%), Skills: Serious
Lamball, Level: 7, Rank: 1, Gender: Male, HP IV: 47(0%), ATK IV: 84(0%), DEF IV: 89(0%), Work Speed: (0%), Skills: Mine Foreman
Lifmunk, Level: 4, Rank: 1, Gender: Female, HP IV: 18(0%), ATK IV: 23(0%), DEF IV: 21(0%), Work Speed: (0%), Skills: Earthquake Resistant
Mau Cryst, Level: 3, Rank: 1, Gender: Male, HP IV: 7(0%), ATK IV: 54(0%), DEF IV: 44(0%), Work Speed: (0%)
Pengullet, Level: 3, Rank: 1, Gender: Female, HP IV: 16(0%), ATK IV: 31(0%), DEF IV: 34(0%), Work Speed: (0%), Skills: Power of Gaia, Zen Mind
Pengullet, Level: 4, Rank: 1, Gender: Female, HP IV: 35(0%), ATK IV: 3(0%), DEF IV: 1(0%), Work Speed: (0%), Skills: Brave
Pengullet, Level: 4, Rank: 1, Gender: Female, HP IV: 61(0%), ATK IV: 28(0%), DEF IV: 71(0%), Work Speed: (0%), Skills: Swift
Pengullet, Level: 5, Rank: 1, Gender: Male, HP IV: 22(0%), ATK IV: 77(0%), DEF IV: 7(0%), Work Speed: (0%), Skills: Impatient
Pengullet, Level: 6, Rank: 1, Gender: Female, HP IV: 100(0%), ATK IV: 27(0%), DEF IV: 84(0%), Work Speed: (0%), Skills: Mercy hit, Musclehead
Pengullet, Level: 6, Rank: 1, Gender: Female, HP IV: 60(0%), ATK IV: 40(0%), DEF IV: 18(0%), Work Speed: (0%), Skills: Stronghold Strategist, Zen Mind
Syndicate Thug (Handgun), Level: 5, Rank: 1, Gender: Unknown, HP IV: 56(0%), ATK IV: 3(0%), DEF IV: 30(0%), Work Speed: (0%), Skills: Fit as a Fiddle
Puyo's 36 Pals
--------------
Cattiva, Level: 10, Rank: 1, Gender: Female, HP IV: 49(0%), ATK IV: 35(0%), DEF IV: 28(0%), Work Speed: (0%), Skills: Coward, Mine Foreman, Downtrodden, Artisan
Chikipi, Level: 2, Rank: 1, Gender: Female, HP IV: 75(0%), ATK IV: 58(0%), DEF IV: 37(0%), Work Speed: (0%), Skills: Nocturnal
Chikipi, Level: 2, Rank: 1, Gender: Male, HP IV: 10(0%), ATK IV: 47(0%), DEF IV: 0(0%), Work Speed: (0%), Skills: Nimble
Chikipi, Level: 2, Rank: 1, Gender: Male, HP IV: 23(0%), ATK IV: 15(0%), DEF IV: 61(0%), Work Speed: (0%), Skills: Masochist
Chikipi, Level: 4, Rank: 1, Gender: Female, HP IV: 81(0%), ATK IV: 50(0%), DEF IV: 55(0%), Work Speed: (0%), Skills: Runner
Chikipi, Level: 4, Rank: 1, Gender: Male, HP IV: 97(0%), ATK IV: 15(0%), DEF IV: 17(0%), Work Speed: (0%), Skills: Fine Furs
Chikipi, Level: 5, Rank: 1, Gender: Female, HP IV: 17(0%), ATK IV: 0(0%), DEF IV: 5(0%), Work Speed: (0%), Skills: Fine Furs
Cremis, Level: 2, Rank: 1, Gender: Female, HP IV: 20(0%), ATK IV: 99(0%), DEF IV: 70(0%), Work Speed: (0%), Skills: Impatient
Cremis, Level: 2, Rank: 1, Gender: Male, HP IV: 53(0%), ATK IV: 42(0%), DEF IV: 91(0%), Work Speed: (0%), Skills: Heated Body
Cremis, Level: 3, Rank: 1, Gender: Male, HP IV: 50(0%), ATK IV: 98(0%), DEF IV: 72(0%), Work Speed: (0%), Skills: Runner
Cremis, Level: 3, Rank: 1, Gender: Male, HP IV: 59(0%), ATK IV: 65(0%), DEF IV: 62(0%), Work Speed: (0%), Skills: Conceited
Cremis, Level: 4, Rank: 1, Gender: Female, HP IV: 99(0%), ATK IV: 15(0%), DEF IV: 9(0%), Work Speed: (0%), Skills: Cheery
Cremis, Level: 4, Rank: 1, Gender: Male, HP IV: 33(0%), ATK IV: 6(0%), DEF IV: 37(0%), Work Speed: (0%)
Foxparks, Level: 3, Rank: 1, Gender: Male, HP IV: 41(0%), ATK IV: 27(0%), DEF IV: 60(0%), Work Speed: (0%)
Foxparks, Level: 4, Rank: 1, Gender: Male, HP IV: 99(0%), ATK IV: 74(0%), DEF IV: 100(0%), Work Speed: (0%), Skills: Philantropist
Foxparks, Level: 5, Rank: 1, Gender: Male, HP IV: 76(0%), ATK IV: 94(0%), DEF IV: 59(0%), Work Speed: (0%), Skills: Mine Foreman
Foxparks, Level: 6, Rank: 1, Gender: Male, HP IV: 83(0%), ATK IV: 82(0%), DEF IV: 9(0%), Work Speed: (0%), Skills: Easygoing
Gumoss (Special), Level: 3, Rank: 1, Gender: Female, HP IV: 10(0%), ATK IV: 41(0%), DEF IV: 37(0%), Work Speed: (0%), Skills: Botanical Barrier
Gumoss (Special), Level: 4, Rank: 1, Gender: Female, HP IV: 16(0%), ATK IV: 45(0%), DEF IV: 13(0%), Work Speed: (0%), Skills: Serious
Lamball, Level: 1, Rank: 1, Gender: Female, HP IV: 44(0%), ATK IV: 11(0%), DEF IV: 29(0%), Work Speed: (0%), Skills: Burly Body
Lamball, Level: 1, Rank: 1, Gender: Male, HP IV: 27(0%), ATK IV: 75(0%), DEF IV: 64(0%), Work Speed: (0%), Skills: Stronghold Strategist, Slacker, Mercy hit
Lamball, Level: 10, Rank: 1, Gender: Female, HP IV: 13(0%), ATK IV: 57(0%), DEF IV: 50(0%), Work Speed: (0%), Skills: Hooligan
Lamball, Level: 10, Rank: 1, Gender: Female, HP IV: 68(0%), ATK IV: 56(0%), DEF IV: 10(0%), Work Speed: (0%), Skills: Shabby
Lamball, Level: 10, Rank: 1, Gender: Female, HP IV: 93(0%), ATK IV: 59(0%), DEF IV: 3(0%), Work Speed: (0%), Skills: Shabby
Lamball, Level: 10, Rank: 1, Gender: Male, HP IV: 100(0%), ATK IV: 13(0%), DEF IV: 60(0%), Work Speed: (0%), Skills: Downtrodden
Lamball, Level: 3, Rank: 1, Gender: Male, HP IV: 73(0%), ATK IV: 39(0%), DEF IV: 42(0%), Work Speed: (0%), Skills: Serious
Lamball, Level: 7, Rank: 1, Gender: Male, HP IV: 47(0%), ATK IV: 84(0%), DEF IV: 89(0%), Work Speed: (0%), Skills: Mine Foreman
Lifmunk, Level: 4, Rank: 1, Gender: Female, HP IV: 18(0%), ATK IV: 23(0%), DEF IV: 21(0%), Work Speed: (0%), Skills: Earthquake Resistant
Mau Cryst, Level: 3, Rank: 1, Gender: Male, HP IV: 7(0%), ATK IV: 54(0%), DEF IV: 44(0%), Work Speed: (0%)
Pengullet, Level: 3, Rank: 1, Gender: Female, HP IV: 16(0%), ATK IV: 31(0%), DEF IV: 34(0%), Work Speed: (0%), Skills: Power of Gaia, Zen Mind
Pengullet, Level: 4, Rank: 1, Gender: Female, HP IV: 35(0%), ATK IV: 3(0%), DEF IV: 1(0%), Work Speed: (0%), Skills: Brave
Pengullet, Level: 4, Rank: 1, Gender: Female, HP IV: 61(0%), ATK IV: 28(0%), DEF IV: 71(0%), Work Speed: (0%), Skills: Swift
Pengullet, Level: 5, Rank: 1, Gender: Male, HP IV: 22(0%), ATK IV: 77(0%), DEF IV: 7(0%), Work Speed: (0%), Skills: Impatient
Pengullet, Level: 6, Rank: 1, Gender: Female, HP IV: 100(0%), ATK IV: 27(0%), DEF IV: 84(0%), Work Speed: (0%), Skills: Mercy hit, Musclehead
Pengullet, Level: 6, Rank: 1, Gender: Female, HP IV: 60(0%), ATK IV: 40(0%), DEF IV: 18(0%), Work Speed: (0%), Skills: Stronghold Strategist, Zen Mind
Syndicate Thug (Handgun), Level: 5, Rank: 1, Gender: Unknown, HP IV: 56(0%), ATK IV: 3(0%), DEF IV: 30(0%), Work Speed: (0%), Skills: Fit as a Fiddle
Puyo's 36 Pals
--------------
Cattiva, Level: 10, Rank: 1, Gender: Female, HP IV: 49(0%), ATK IV: 35(0%), DEF IV: 28(0%), Work Speed: (0%), Skills: Coward, Mine Foreman, Downtrodden, Artisan
Chikipi, Level: 2, Rank: 1, Gender: Female, HP IV: 75(0%), ATK IV: 58(0%), DEF IV: 37(0%), Work Speed: (0%), Skills: Nocturnal
Chikipi, Level: 2, Rank: 1, Gender: Male, HP IV: 10(0%), ATK IV: 47(0%), DEF IV: 0(0%), Work Speed: (0%), Skills: Nimble
Chikipi, Level: 2, Rank: 1, Gender: Male, HP IV: 23(0%), ATK IV: 15(0%), DEF IV: 61(0%), Work Speed: (0%), Skills: Masochist
Chikipi, Level: 4, Rank: 1, Gender: Female, HP IV: 81(0%), ATK IV: 50(0%), DEF IV: 55(0%), Work Speed: (0%), Skills: Runner
Chikipi, Level: 4, Rank: 1, Gender: Male, HP IV: 97(0%), ATK IV: 15(0%), DEF IV: 17(0%), Work Speed: (0%), Skills: Fine Furs
Chikipi, Level: 5, Rank: 1, Gender: Female, HP IV: 17(0%), ATK IV: 0(0%), DEF IV: 5(0%), Work Speed: (0%), Skills: Fine Furs
Cremis, Level: 2, Rank: 1, Gender: Female, HP IV: 20(0%), ATK IV: 99(0%), DEF IV: 70(0%), Work Speed: (0%), Skills: Impatient
Cremis, Level: 2, Rank: 1, Gender: Male, HP IV: 53(0%), ATK IV: 42(0%), DEF IV: 91(0%), Work Speed: (0%), Skills: Heated Body
Cremis, Level: 3, Rank: 1, Gender: Male, HP IV: 50(0%), ATK IV: 98(0%), DEF IV: 72(0%), Work Speed: (0%), Skills: Runner
Cremis, Level: 3, Rank: 1, Gender: Male, HP IV: 59(0%), ATK IV: 65(0%), DEF IV: 62(0%), Work Speed: (0%), Skills: Conceited
Cremis, Level: 4, Rank: 1, Gender: Female, HP IV: 99(0%), ATK IV: 15(0%), DEF IV: 9(0%), Work Speed: (0%), Skills: Cheery
Cremis, Level: 4, Rank: 1, Gender: Male, HP IV: 33(0%), ATK IV: 6(0%), DEF IV: 37(0%), Work Speed: (0%)
Foxparks, Level: 3, Rank: 1, Gender: Male, HP IV: 41(0%), ATK IV: 27(0%), DEF IV: 60(0%), Work Speed: (0%)
Foxparks, Level: 4, Rank: 1, Gender: Male, HP IV: 99(0%), ATK IV: 74(0%), DEF IV: 100(0%), Work Speed: (0%), Skills: Philantropist
Foxparks, Level: 5, Rank: 1, Gender: Male, HP IV: 76(0%), ATK IV: 94(0%), DEF IV: 59(0%), Work Speed: (0%), Skills: Mine Foreman
Foxparks, Level: 6, Rank: 1, Gender: Male, HP IV: 83(0%), ATK IV: 82(0%), DEF IV: 9(0%), Work Speed: (0%), Skills: Easygoing
Gumoss (Special), Level: 3, Rank: 1, Gender: Female, HP IV: 10(0%), ATK IV: 41(0%), DEF IV: 37(0%), Work Speed: (0%), Skills: Botanical Barrier
Gumoss (Special), Level: 4, Rank: 1, Gender: Female, HP IV: 16(0%), ATK IV: 45(0%), DEF IV: 13(0%), Work Speed: (0%), Skills: Serious
Lamball, Level: 1, Rank: 1, Gender: Female, HP IV: 44(0%), ATK IV: 11(0%), DEF IV: 29(0%), Work Speed: (0%), Skills: Burly Body
Lamball, Level: 1, Rank: 1, Gender: Male, HP IV: 27(0%), ATK IV: 75(0%), DEF IV: 64(0%), Work Speed: (0%), Skills: Stronghold Strategist, Slacker, Mercy hit
Lamball, Level: 10, Rank: 1, Gender: Female, HP IV: 13(0%), ATK IV: 57(0%), DEF IV: 50(0%), Work Speed: (0%), Skills: Hooligan
Lamball, Level: 10, Rank: 1, Gender: Female, HP IV: 68(0%), ATK IV: 56(0%), DEF IV: 10(0%), Work Speed: (0%), Skills: Shabby
Lamball, Level: 10, Rank: 1, Gender: Female, HP IV: 93(0%), ATK IV: 59(0%), DEF IV: 3(0%), Work Speed: (0%), Skills: Shabby
Lamball, Level: 10, Rank: 1, Gender: Male, HP IV: 100(0%), ATK IV: 13(0%), DEF IV: 60(0%), Work Speed: (0%), Skills: Downtrodden
Lamball, Level: 3, Rank: 1, Gender: Male, HP IV: 73(0%), ATK IV: 39(0%), DEF IV: 42(0%), Work Speed: (0%), Skills: Serious
Lamball, Level: 7, Rank: 1, Gender: Male, HP IV: 47(0%), ATK IV: 84(0%), DEF IV: 89(0%), Work Speed: (0%), Skills: Mine Foreman
Lifmunk, Level: 4, Rank: 1, Gender: Female, HP IV: 18(0%), ATK IV: 23(0%), DEF IV: 21(0%), Work Speed: (0%), Skills: Earthquake Resistant
Mau Cryst, Level: 3, Rank: 1, Gender: Male, HP IV: 7(0%), ATK IV: 54(0%), DEF IV: 44(0%), Work Speed: (0%)
Pengullet, Level: 3, Rank: 1, Gender: Female, HP IV: 16(0%), ATK IV: 31(0%), DEF IV: 34(0%), Work Speed: (0%), Skills: Power of Gaia, Zen Mind
Pengullet, Level: 4, Rank: 1, Gender: Female, HP IV: 35(0%), ATK IV: 3(0%), DEF IV: 1(0%), Work Speed: (0%), Skills: Brave
Pengullet, Level: 4, Rank: 1, Gender: Female, HP IV: 61(0%), ATK IV: 28(0%), DEF IV: 71(0%), Work Speed: (0%), Skills: Swift
Pengullet, Level: 5, Rank: 1, Gender: Male, HP IV: 22(0%), ATK IV: 77(0%), DEF IV: 7(0%), Work Speed: (0%), Skills: Impatient
Pengullet, Level: 6, Rank: 1, Gender: Female, HP IV: 100(0%), ATK IV: 27(0%), DEF IV: 84(0%), Work Speed: (0%), Skills: Mercy hit, Musclehead
Pengullet, Level: 6, Rank: 1, Gender: Female, HP IV: 60(0%), ATK IV: 40(0%), DEF IV: 18(0%), Work Speed: (0%), Skills: Stronghold Strategist, Zen Mind
Syndicate Thug (Handgun), Level: 5, Rank: 1, Gender: Unknown, HP IV: 56(0%), ATK IV: 3(0%), DEF IV: 30(0%), Work Speed: (0%), Skills: Fit as a Fiddle
