Raving Ryan's 3 Pals
--------------------
Chikipi, Level: 2, Rank: 1, Gender: Male, HP IV: 32(0%), ATK IV: 16(0%), DEF IV: 28(0%), Work Speed: (0%), Skills: Serious
Lamball, Level: 3, Rank: 1, Gender: Male, HP IV: 95(0%), ATK IV: 16(0%), DEF IV: 32(0%), Work Speed: (0%), Skills: Pacifist
Lamball, Level: 4, Rank: 1, Gender: Male, HP IV: 30(0%), ATK IV: 96(0%), DEF IV: 73(0%), Work Speed: (0%), Skills: Fragrant Foliage, Conceited
Raving Ryan's 4 Pals
--------------------
Chikipi, Level: 5, Rank: 1, Gender: Female, HP IV: 87(0%), ATK IV: 59(0%), DEF IV: 70(0%), Work Speed: (0%), Skills: Zen Mind
Chikipi, Level: 5, Rank: 1, Gender: Male, HP IV: 32(0%), ATK IV: 16(0%), DEF IV: 28(0%), Work Speed: (0%), Skills: Serious
Lamball, Level: 5, Rank: 1, Gender: Male, HP IV: 30(0%), ATK IV: 96(0%), DEF IV: 73(0%), Work Speed: (0%), Skills: Fragrant Foliage, Conceited
Lamball, Level: 5, Rank: 1, Gender: Male, HP IV: 95(0%), ATK IV: 16(0%), DEF IV: 32(0%), Work Speed: (0%), Skills: Pacifist
Raving Ryan's 4 Pals
--------------------
Chikipi, Level: 5, Rank: 1, Gender: Female, HP IV: 87(0%), ATK IV: 59(0%), DEF IV: 70(0%), Work Speed: (0%), Skills: Zen Mind
Chikipi, Level: 5, Rank: 1, Gender: Male, HP IV: 32(0%), ATK IV: 16(0%), DEF IV: 28(0%), Work Speed: (0%), Skills: Serious
Lamball, Level: 5, Rank: 1, Gender: Male, HP IV: 30(0%), ATK IV: 96(0%), DEF IV: 73(0%), Work Speed: (0%), Skills: Fragrant Foliage, Conceited
Lamball, Level: 5, Rank: 1, Gender: Male, HP IV: 95(0%), ATK IV: 16(0%), DEF IV: 32(0%), Work Speed: (0%), Skills: Pacifist
Raving Ryan's 4 Pals
--------------------
Chikipi, Level: 5, Rank: 1, Gender: Female, HP IV: 87(0%), ATK IV: 59(0%), DEF IV: 70(0%), Work Speed: (0%), Skills: Zen Mind
Chikipi, Level: 5, Rank: 1, Gender: Male, HP IV: 32(0%), ATK IV: 16(0%), DEF IV: 28(0%), Work Speed: (0%), Skills: Serious
Lamball, Level: 5, Rank: 1, Gender: Male, HP IV: 30(0%), ATK IV: 96(0%), DEF IV: 73(0%), Work Speed: (0%), Skills: Fragrant Foliage, Conceited
Lamball, Level: 5, Rank: 1, Gender: Male, HP IV: 95(0%), ATK IV: 16(0%), DEF IV: 32(0%), Work Speed: (0%), Skills: Pacifist
