Rin's 5 Pals
------------
Cattiva, Level: 5, Rank: 1, Gender: Female, HP IV: 2(0%), ATK IV: 92(0%), DEF IV: 53(0%), Work Speed: (0%), Skills: Coward, Sickly
Chikipi, Level: 5, Rank: 1, Gender: Female, HP IV: 34(0%), ATK IV: 66(0%), DEF IV: 20(0%), Work Speed: (0%), Skills: Hydromaniac
Daedream, Level: 3, Rank: 1, Gender: Male, HP IV: 32(0%), ATK IV: 75(0%), DEF IV: 97(0%), Work Speed: (0%), Skills: Infinite Stamina
Daedream, Level: 6, Rank: 1, Gender: Male, HP IV: 38(0%), ATK IV: 84(0%), DEF IV: 35(0%), Work Speed: (0%), Skills: Pyromaniac, Aggressive, Artisan
Lamball, Level: 4, Rank: 1, Gender: Female, HP IV: 0(0%), ATK IV: 66(0%), DEF IV: 56(0%), Work Speed: (0%), Skills: Sadist
Rin's 5 Pals
------------
Cattiva, Level: 5, Rank: 1, Gender: Female, HP IV: 2(0%), ATK IV: 92(0%), DEF IV: 53(0%), Work Speed: (0%), Skills: Coward, Sickly
Chikipi, Level: 5, Rank: 1, Gender: Female, HP IV: 34(0%), ATK IV: 66(0%), DEF IV: 20(0%), Work Speed: (0%), Skills: Hydromaniac
Daedream, Level: 3, Rank: 1, Gender: Male, HP IV: 32(0%), ATK IV: 75(0%), DEF IV: 97(0%), Work Speed: (0%), Skills: Infinite Stamina
Daedream, Level: 6, Rank: 1, Gender: Male, HP IV: 38(0%), ATK IV: 84(0%), DEF IV: 35(0%), Work Speed: (0%), Skills: Pyromaniac, Aggressive, Artisan
Lamball, Level: 4, Rank: 1, Gender: Female, HP IV: 0(0%), ATK IV: 66(0%), DEF IV: 56(0%), Work Speed: (0%), Skills: Sadist
Rin's 5 Pals
------------
Cattiva, Level: 5, Rank: 1, Gender: Female, HP IV: 2(0%), ATK IV: 92(0%), DEF IV: 53(0%), Work Speed: (0%), Skills: Coward, Sickly
Chikipi, Level: 5, Rank: 1, Gender: Female, HP IV: 34(0%), ATK IV: 66(0%), DEF IV: 20(0%), Work Speed: (0%), Skills: Hydromaniac
Daedream, Level: 3, Rank: 1, Gender: Male, HP IV: 32(0%), ATK IV: 75(0%), DEF IV: 97(0%), Work Speed: (0%), Skills: Infinite Stamina
Daedream, Level: 6, Rank: 1, Gender: Male, HP IV: 38(0%), ATK IV: 84(0%), DEF IV: 35(0%), Work Speed: (0%), Skills: Pyromaniac, Aggressive, Artisan
Lamball, Level: 4, Rank: 1, Gender: Female, HP IV: 0(0%), ATK IV: 66(0%), DEF IV: 56(0%), Work Speed: (0%), Skills: Sadist
Rin's 5 Pals
------------
Cattiva, Level: 5, Rank: 1, Gender: Female, HP IV: 2(0%), ATK IV: 92(0%), DEF IV: 53(0%), Work Speed: (0%), Skills: Coward, Sickly
Chikipi, Level: 5, Rank: 1, Gender: Female, HP IV: 34(0%), ATK IV: 66(0%), DEF IV: 20(0%), Work Speed: (0%), Skills: Hydromaniac
Daedream, Level: 3, Rank: 1, Gender: Male, HP IV: 32(0%), ATK IV: 75(0%), DEF IV: 97(0%), Work Speed: (0%), Skills: Infinite Stamina
Daedream, Level: 6, Rank: 1, Gender: Male, HP IV: 38(0%), ATK IV: 84(0%), DEF IV: 35(0%), Work Speed: (0%), Skills: Pyromaniac, Aggressive, Artisan
Lamball, Level: 4, Rank: 1, Gender: Female, HP IV: 0(0%), ATK IV: 66(0%), DEF IV: 56(0%), Work Speed: (0%), Skills: Sadist
Rin's 5 Pals
------------
Cattiva, Level: 5, Rank: 1, Gender: Female, HP IV: 2(0%), ATK IV: 92(0%), DEF IV: 53(0%), Work Speed: (0%), Skills: Coward, Sickly
Chikipi, Level: 5, Rank: 1, Gender: Female, HP IV: 34(0%), ATK IV: 66(0%), DEF IV: 20(0%), Work Speed: (0%), Skills: Hydromaniac
Daedream, Level: 3, Rank: 1, Gender: Male, HP IV: 32(0%), ATK IV: 75(0%), DEF IV: 97(0%), Work Speed: (0%), Skills: Infinite Stamina
Daedream, Level: 6, Rank: 1, Gender: Male, HP IV: 38(0%), ATK IV: 84(0%), DEF IV: 35(0%), Work Speed: (0%), Skills: Pyromaniac, Aggressive, Artisan
Lamball, Level: 4, Rank: 1, Gender: Female, HP IV: 0(0%), ATK IV: 66(0%), DEF IV: 56(0%), Work Speed: (0%), Skills: Sadist
Rin's 5 Pals
------------
Cattiva, Level: 5, Rank: 1, Gender: Female, HP IV: 2(0%), ATK IV: 92(0%), DEF IV: 53(0%), Work Speed: (0%), Skills: Coward, Sickly
Chikipi, Level: 5, Rank: 1, Gender: Female, HP IV: 34(0%), ATK IV: 66(0%), DEF IV: 20(0%), Work Speed: (0%), Skills: Hydromaniac
Daedream, Level: 3, Rank: 1, Gender: Male, HP IV: 32(0%), ATK IV: 75(0%), DEF IV: 97(0%), Work Speed: (0%), Skills: Infinite Stamina
Daedream, Level: 6, Rank: 1, Gender: Male, HP IV: 38(0%), ATK IV: 84(0%), DEF IV: 35(0%), Work Speed: (0%), Skills: Pyromaniac, Aggressive, Artisan
Lamball, Level: 4, Rank: 1, Gender: Female, HP IV: 0(0%), ATK IV: 66(0%), DEF IV: 56(0%), Work Speed: (0%), Skills: Sadist
Rin's 5 Pals
------------
Cattiva, Level: 5, Rank: 1, Gender: Female, HP IV: 2(0%), ATK IV: 92(0%), DEF IV: 53(0%), Work Speed: (0%), Skills: Coward, Sickly
Chikipi, Level: 5, Rank: 1, Gender: Female, HP IV: 34(0%), ATK IV: 66(0%), DEF IV: 20(0%), Work Speed: (0%), Skills: Hydromaniac
Daedream, Level: 3, Rank: 1, Gender: Male, HP IV: 32(0%), ATK IV: 75(0%), DEF IV: 97(0%), Work Speed: (0%), Skills: Infinite Stamina
Daedream, Level: 6, Rank: 1, Gender: Male, HP IV: 38(0%), ATK IV: 84(0%), DEF IV: 35(0%), Work Speed: (0%), Skills: Pyromaniac, Aggressive, Artisan
Lamball, Level: 4, Rank: 1, Gender: Female, HP IV: 0(0%), ATK IV: 66(0%), DEF IV: 56(0%), Work Speed: (0%), Skills: Sadist
Rin's 5 Pals
------------
Cattiva, Level: 5, Rank: 1, Gender: Female, HP IV: 2(0%), ATK IV: 92(0%), DEF IV: 53(0%), Work Speed: (0%), Skills: Coward, Sickly
Chikipi, Level: 5, Rank: 1, Gender: Female, HP IV: 34(0%), ATK IV: 66(0%), DEF IV: 20(0%), Work Speed: (0%), Skills: Hydromaniac
Daedream, Level: 3, Rank: 1, Gender: Male, HP IV: 32(0%), ATK IV: 75(0%), DEF IV: 97(0%), Work Speed: (0%), Skills: Infinite Stamina
Daedream, Level: 6, Rank: 1, Gender: Male, HP IV: 38(0%), ATK IV: 84(0%), DEF IV: 35(0%), Work Speed: (0%), Skills: Pyromaniac, Aggressive, Artisan
Lamball, Level: 4, Rank: 1, Gender: Female, HP IV: 0(0%), ATK IV: 66(0%), DEF IV: 56(0%), Work Speed: (0%), Skills: Sadist
Rin's 5 Pals
------------
Cattiva, Level: 5, Rank: 1, Gender: Female, HP IV: 2(0%), ATK IV: 92(0%), DEF IV: 53(0%), Work Speed: (0%), Skills: Coward, Sickly
Chikipi, Level: 5, Rank: 1, Gender: Female, HP IV: 34(0%), ATK IV: 66(0%), DEF IV: 20(0%), Work Speed: (0%), Skills: Hydromaniac
Daedream, Level: 3, Rank: 1, Gender: Male, HP IV: 32(0%), ATK IV: 75(0%), DEF IV: 97(0%), Work Speed: (0%), Skills: Infinite Stamina
Daedream, Level: 6, Rank: 1, Gender: Male, HP IV: 38(0%), ATK IV: 84(0%), DEF IV: 35(0%), Work Speed: (0%), Skills: Pyromaniac, Aggressive, Artisan
Lamball, Level: 4, Rank: 1, Gender: Female, HP IV: 0(0%), ATK IV: 66(0%), DEF IV: 56(0%), Work Speed: (0%), Skills: Sadist
Rin's 5 Pals
------------
Cattiva, Level: 5, Rank: 1, Gender: Female, HP IV: 2(0%), ATK IV: 92(0%), DEF IV: 53(0%), Work Speed: (0%), Skills: Coward, Sickly
Chikipi, Level: 5, Rank: 1, Gender: Female, HP IV: 34(0%), ATK IV: 66(0%), DEF IV: 20(0%), Work Speed: (0%), Skills: Hydromaniac
Daedream, Level: 3, Rank: 1, Gender: Male, HP IV: 32(0%), ATK IV: 75(0%), DEF IV: 97(0%), Work Speed: (0%), Skills: Infinite Stamina
Daedream, Level: 6, Rank: 1, Gender: Male, HP IV: 38(0%), ATK IV: 84(0%), DEF IV: 35(0%), Work Speed: (0%), Skills: Pyromaniac, Aggressive, Artisan
Lamball, Level: 4, Rank: 1, Gender: Female, HP IV: 0(0%), ATK IV: 66(0%), DEF IV: 56(0%), Work Speed: (0%), Skills: Sadist
Rin's 5 Pals
------------
Cattiva, Level: 5, Rank: 1, Gender: Female, HP IV: 2(0%), ATK IV: 92(0%), DEF IV: 53(0%), Work Speed: (0%), Skills: Coward, Sickly
Chikipi, Level: 5, Rank: 1, Gender: Female, HP IV: 34(0%), ATK IV: 66(0%), DEF IV: 20(0%), Work Speed: (0%), Skills: Hydromaniac
Daedream, Level: 3, Rank: 1, Gender: Male, HP IV: 32(0%), ATK IV: 75(0%), DEF IV: 97(0%), Work Speed: (0%), Skills: Infinite Stamina
Daedream, Level: 6, Rank: 1, Gender: Male, HP IV: 38(0%), ATK IV: 84(0%), DEF IV: 35(0%), Work Speed: (0%), Skills: Pyromaniac, Aggressive, Artisan
Lamball, Level: 4, Rank: 1, Gender: Female, HP IV: 0(0%), ATK IV: 66(0%), DEF IV: 56(0%), Work Speed: (0%), Skills: Sadist
Rin's 5 Pals
------------
Cattiva, Level: 5, Rank: 1, Gender: Female, HP IV: 2(0%), ATK IV: 92(0%), DEF IV: 53(0%), Work Speed: (0%), Skills: Coward, Sickly
Chikipi, Level: 5, Rank: 1, Gender: Female, HP IV: 34(0%), ATK IV: 66(0%), DEF IV: 20(0%), Work Speed: (0%), Skills: Hydromaniac
Daedream, Level: 3, Rank: 1, Gender: Male, HP IV: 32(0%), ATK IV: 75(0%), DEF IV: 97(0%), Work Speed: (0%), Skills: Infinite Stamina
Daedream, Level: 6, Rank: 1, Gender: Male, HP IV: 38(0%), ATK IV: 84(0%), DEF IV: 35(0%), Work Speed: (0%), Skills: Pyromaniac, Aggressive, Artisan
Lamball, Level: 4, Rank: 1, Gender: Female, HP IV: 0(0%), ATK IV: 66(0%), DEF IV: 56(0%), Work Speed: (0%), Skills: Sadist
Rin's 5 Pals
------------
Cattiva, Level: 5, Rank: 1, Gender: Female, HP IV: 2(0%), ATK IV: 92(0%), DEF IV: 53(0%), Work Speed: (0%), Skills: Coward, Sickly
Chikipi, Level: 5, Rank: 1, Gender: Female, HP IV: 34(0%), ATK IV: 66(0%), DEF IV: 20(0%), Work Speed: (0%), Skills: Hydromaniac
Daedream, Level: 3, Rank: 1, Gender: Male, HP IV: 32(0%), ATK IV: 75(0%), DEF IV: 97(0%), Work Speed: (0%), Skills: Infinite Stamina
Daedream, Level: 6, Rank: 1, Gender: Male, HP IV: 38(0%), ATK IV: 84(0%), DEF IV: 35(0%), Work Speed: (0%), Skills: Pyromaniac, Aggressive, Artisan
Lamball, Level: 4, Rank: 1, Gender: Female, HP IV: 0(0%), ATK IV: 66(0%), DEF IV: 56(0%), Work Speed: (0%), Skills: Sadist
Rin's 5 Pals
------------
Cattiva, Level: 5, Rank: 1, Gender: Female, HP IV: 2(0%), ATK IV: 92(0%), DEF IV: 53(0%), Work Speed: (0%), Skills: Coward, Sickly
Chikipi, Level: 5, Rank: 1, Gender: Female, HP IV: 34(0%), ATK IV: 66(0%), DEF IV: 20(0%), Work Speed: (0%), Skills: Hydromaniac
Daedream, Level: 3, Rank: 1, Gender: Male, HP IV: 32(0%), ATK IV: 75(0%), DEF IV: 97(0%), Work Speed: (0%), Skills: Infinite Stamina
Daedream, Level: 6, Rank: 1, Gender: Male, HP IV: 38(0%), ATK IV: 84(0%), DEF IV: 35(0%), Work Speed: (0%), Skills: Pyromaniac, Aggressive, Artisan
Lamball, Level: 4, Rank: 1, Gender: Female, HP IV: 0(0%), ATK IV: 66(0%), DEF IV: 56(0%), Work Speed: (0%), Skills: Sadist
