Ritoo's 12 Pals
---------------
Caprity, Level: 8, Rank: 1, Gender: Female, HP IV: 63(0%), ATK IV: 57(0%), DEF IV: 10(0%), Work Speed: (0%), Skills: Clumsy
Cattiva, Level: 8, Rank: 1, Gender: Female, HP IV: 46(0%), ATK IV: 54(0%), DEF IV: 62(0%), Work Speed: (0%), Skills: Coward, Clumsy
Chikipi, Level: 2, Rank: 1, Gender: Male, HP IV: 1(0%), ATK IV: 63(0%), DEF IV: 22(0%), Work Speed: (0%), Skills: Clumsy
Chikipi, Level: 8, Rank: 1, Gender: Female, HP IV: 4(0%), ATK IV: 23(0%), DEF IV: 0(0%), Work Speed: (0%), Skills: Cheery
Cremis, Level: 8, Rank: 1, Gender: Male, HP IV: 60(0%), ATK IV: 44(0%), DEF IV: 89(0%), Work Speed: (0%), Skills: Pyromaniac
Croajiro, Level: 6, Rank: 1, Gender: Female, HP IV: 51(0%), ATK IV: 20(0%), DEF IV: 93(0%), Work Speed: (0%)
Croajiro, Level: 6, Rank: 1, Gender: Male, HP IV: 28(0%), ATK IV: 32(0%), DEF IV: 75(0%), Work Speed: (0%), Skills: Abnormal
Croajiro, Level: 6, Rank: 1, Gender: Male, HP IV: 95(0%), ATK IV: 85(0%), DEF IV: 79(0%), Work Speed: (0%), Skills: Cheery
Eikthyrdeer, Level: 9, Rank: 1, Gender: Female, HP IV: 8(0%), ATK IV: 22(0%), DEF IV: 99(0%), Work Speed: (0%), Skills: Sadist
Foxparks, Level: 7, Rank: 1, Gender: Female, HP IV: 48(0%), ATK IV: 81(0%), DEF IV: 62(0%), Work Speed: (0%)
Lamball, Level: 3, Rank: 1, Gender: Male, HP IV: 42(0%), ATK IV: 46(0%), DEF IV: 50(0%), Work Speed: (0%), Skills: Positive Thinker
Ribbuny, Level: 5, Rank: 1, Gender: Female, HP IV: 29(0%), ATK IV: 54(0%), DEF IV: 52(0%), Work Speed: (0%), Skills: Heated Body
Ritoo's 12 Pals
---------------
Caprity, Level: 8, Rank: 1, Gender: Female, HP IV: 63(0%), ATK IV: 57(0%), DEF IV: 10(0%), Work Speed: (0%), Skills: Clumsy
Cattiva, Level: 8, Rank: 1, Gender: Female, HP IV: 46(0%), ATK IV: 54(0%), DEF IV: 62(0%), Work Speed: (0%), Skills: Coward, Clumsy
Chikipi, Level: 2, Rank: 1, Gender: Male, HP IV: 1(0%), ATK IV: 63(0%), DEF IV: 22(0%), Work Speed: (0%), Skills: Clumsy
Chikipi, Level: 8, Rank: 1, Gender: Female, HP IV: 4(0%), ATK IV: 23(0%), DEF IV: 0(0%), Work Speed: (0%), Skills: Cheery
Cremis, Level: 8, Rank: 1, Gender: Male, HP IV: 60(0%), ATK IV: 44(0%), DEF IV: 89(0%), Work Speed: (0%), Skills: Pyromaniac
Croajiro, Level: 6, Rank: 1, Gender: Female, HP IV: 51(0%), ATK IV: 20(0%), DEF IV: 93(0%), Work Speed: (0%)
Croajiro, Level: 6, Rank: 1, Gender: Male, HP IV: 28(0%), ATK IV: 32(0%), DEF IV: 75(0%), Work Speed: (0%), Skills: Abnormal
Croajiro, Level: 6, Rank: 1, Gender: Male, HP IV: 95(0%), ATK IV: 85(0%), DEF IV: 79(0%), Work Speed: (0%), Skills: Cheery
Eikthyrdeer, Level: 9, Rank: 1, Gender: Female, HP IV: 8(0%), ATK IV: 22(0%), DEF IV: 99(0%), Work Speed: (0%), Skills: Sadist
Foxparks, Level: 7, Rank: 1, Gender: Female, HP IV: 48(0%), ATK IV: 81(0%), DEF IV: 62(0%), Work Speed: (0%)
Lamball, Level: 3, Rank: 1, Gender: Male, HP IV: 42(0%), ATK IV: 46(0%), DEF IV: 50(0%), Work Speed: (0%), Skills: Positive Thinker
Ribbuny, Level: 5, Rank: 1, Gender: Female, HP IV: 29(0%), ATK IV: 54(0%), DEF IV: 52(0%), Work Speed: (0%), Skills: Heated Body
Ritoo's 12 Pals
---------------
Caprity, Level: 8, Rank: 1, Gender: Female, HP IV: 63(0%), ATK IV: 57(0%), DEF IV: 10(0%), Work Speed: (0%), Skills: Clumsy
Cattiva, Level: 8, Rank: 1, Gender: Female, HP IV: 46(0%), ATK IV: 54(0%), DEF IV: 62(0%), Work Speed: (0%), Skills: Coward, Clumsy
Chikipi, Level: 2, Rank: 1, Gender: Male, HP IV: 1(0%), ATK IV: 63(0%), DEF IV: 22(0%), Work Speed: (0%), Skills: Clumsy
Chikipi, Level: 8, Rank: 1, Gender: Female, HP IV: 4(0%), ATK IV: 23(0%), DEF IV: 0(0%), Work Speed: (0%), Skills: Cheery
Cremis, Level: 8, Rank: 1, Gender: Male, HP IV: 60(0%), ATK IV: 44(0%), DEF IV: 89(0%), Work Speed: (0%), Skills: Pyromaniac
Croajiro, Level: 6, Rank: 1, Gender: Female, HP IV: 51(0%), ATK IV: 20(0%), DEF IV: 93(0%), Work Speed: (0%)
Croajiro, Level: 6, Rank: 1, Gender: Male, HP IV: 28(0%), ATK IV: 32(0%), DEF IV: 75(0%), Work Speed: (0%), Skills: Abnormal
Croajiro, Level: 6, Rank: 1, Gender: Male, HP IV: 95(0%), ATK IV: 85(0%), DEF IV: 79(0%), Work Speed: (0%), Skills: Cheery
Eikthyrdeer, Level: 9, Rank: 1, Gender: Female, HP IV: 8(0%), ATK IV: 22(0%), DEF IV: 99(0%), Work Speed: (0%), Skills: Sadist
Foxparks, Level: 7, Rank: 1, Gender: Female, HP IV: 48(0%), ATK IV: 81(0%), DEF IV: 62(0%), Work Speed: (0%)
Lamball, Level: 3, Rank: 1, Gender: Male, HP IV: 42(0%), ATK IV: 46(0%), DEF IV: 50(0%), Work Speed: (0%), Skills: Positive Thinker
Ribbuny, Level: 5, Rank: 1, Gender: Female, HP IV: 29(0%), ATK IV: 54(0%), DEF IV: 52(0%), Work Speed: (0%), Skills: Heated Body
Ritoo's 12 Pals
---------------
Caprity, Level: 8, Rank: 1, Gender: Female, HP IV: 63(0%), ATK IV: 57(0%), DEF IV: 10(0%), Work Speed: (0%), Skills: Clumsy
Cattiva, Level: 8, Rank: 1, Gender: Female, HP IV: 46(0%), ATK IV: 54(0%), DEF IV: 62(0%), Work Speed: (0%), Skills: Coward, Clumsy
Chikipi, Level: 2, Rank: 1, Gender: Male, HP IV: 1(0%), ATK IV: 63(0%), DEF IV: 22(0%), Work Speed: (0%), Skills: Clumsy
Chikipi, Level: 8, Rank: 1, Gender: Female, HP IV: 4(0%), ATK IV: 23(0%), DEF IV: 0(0%), Work Speed: (0%), Skills: Cheery
Cremis, Level: 8, Rank: 1, Gender: Male, HP IV: 60(0%), ATK IV: 44(0%), DEF IV: 89(0%), Work Speed: (0%), Skills: Pyromaniac
Croajiro, Level: 6, Rank: 1, Gender: Female, HP IV: 51(0%), ATK IV: 20(0%), DEF IV: 93(0%), Work Speed: (0%)
Croajiro, Level: 6, Rank: 1, Gender: Male, HP IV: 28(0%), ATK IV: 32(0%), DEF IV: 75(0%), Work Speed: (0%), Skills: Abnormal
Croajiro, Level: 6, Rank: 1, Gender: Male, HP IV: 95(0%), ATK IV: 85(0%), DEF IV: 79(0%), Work Speed: (0%), Skills: Cheery
Eikthyrdeer, Level: 9, Rank: 1, Gender: Female, HP IV: 8(0%), ATK IV: 22(0%), DEF IV: 99(0%), Work Speed: (0%), Skills: Sadist
Foxparks, Level: 7, Rank: 1, Gender: Female, HP IV: 48(0%), ATK IV: 81(0%), DEF IV: 62(0%), Work Speed: (0%)
Lamball, Level: 3, Rank: 1, Gender: Male, HP IV: 42(0%), ATK IV: 46(0%), DEF IV: 50(0%), Work Speed: (0%), Skills: Positive Thinker
Ribbuny, Level: 5, Rank: 1, Gender: Female, HP IV: 29(0%), ATK IV: 54(0%), DEF IV: 52(0%), Work Speed: (0%), Skills: Heated Body
Ritoo's 12 Pals
---------------
Caprity, Level: 8, Rank: 1, Gender: Female, HP IV: 63(0%), ATK IV: 57(0%), DEF IV: 10(0%), Work Speed: (0%), Skills: Clumsy
Cattiva, Level: 8, Rank: 1, Gender: Female, HP IV: 46(0%), ATK IV: 54(0%), DEF IV: 62(0%), Work Speed: (0%), Skills: Coward, Clumsy
Chikipi, Level: 2, Rank: 1, Gender: Male, HP IV: 1(0%), ATK IV: 63(0%), DEF IV: 22(0%), Work Speed: (0%), Skills: Clumsy
Chikipi, Level: 8, Rank: 1, Gender: Female, HP IV: 4(0%), ATK IV: 23(0%), DEF IV: 0(0%), Work Speed: (0%), Skills: Cheery
Cremis, Level: 8, Rank: 1, Gender: Male, HP IV: 60(0%), ATK IV: 44(0%), DEF IV: 89(0%), Work Speed: (0%), Skills: Pyromaniac
Croajiro, Level: 6, Rank: 1, Gender: Female, HP IV: 51(0%), ATK IV: 20(0%), DEF IV: 93(0%), Work Speed: (0%)
Croajiro, Level: 6, Rank: 1, Gender: Male, HP IV: 28(0%), ATK IV: 32(0%), DEF IV: 75(0%), Work Speed: (0%), Skills: Abnormal
Croajiro, Level: 6, Rank: 1, Gender: Male, HP IV: 95(0%), ATK IV: 85(0%), DEF IV: 79(0%), Work Speed: (0%), Skills: Cheery
Eikthyrdeer, Level: 9, Rank: 1, Gender: Female, HP IV: 8(0%), ATK IV: 22(0%), DEF IV: 99(0%), Work Speed: (0%), Skills: Sadist
Foxparks, Level: 7, Rank: 1, Gender: Female, HP IV: 48(0%), ATK IV: 81(0%), DEF IV: 62(0%), Work Speed: (0%)
Lamball, Level: 3, Rank: 1, Gender: Male, HP IV: 42(0%), ATK IV: 46(0%), DEF IV: 50(0%), Work Speed: (0%), Skills: Positive Thinker
Ribbuny, Level: 5, Rank: 1, Gender: Female, HP IV: 29(0%), ATK IV: 54(0%), DEF IV: 52(0%), Work Speed: (0%), Skills: Heated Body
Ritoo's 12 Pals
---------------
Caprity, Level: 8, Rank: 1, Gender: Female, HP IV: 63(0%), ATK IV: 57(0%), DEF IV: 10(0%), Work Speed: (0%), Skills: Clumsy
Cattiva, Level: 8, Rank: 1, Gender: Female, HP IV: 46(0%), ATK IV: 54(0%), DEF IV: 62(0%), Work Speed: (0%), Skills: Coward, Clumsy
Chikipi, Level: 2, Rank: 1, Gender: Male, HP IV: 1(0%), ATK IV: 63(0%), DEF IV: 22(0%), Work Speed: (0%), Skills: Clumsy
Chikipi, Level: 8, Rank: 1, Gender: Female, HP IV: 4(0%), ATK IV: 23(0%), DEF IV: 0(0%), Work Speed: (0%), Skills: Cheery
Cremis, Level: 8, Rank: 1, Gender: Male, HP IV: 60(0%), ATK IV: 44(0%), DEF IV: 89(0%), Work Speed: (0%), Skills: Pyromaniac
Croajiro, Level: 6, Rank: 1, Gender: Female, HP IV: 51(0%), ATK IV: 20(0%), DEF IV: 93(0%), Work Speed: (0%)
Croajiro, Level: 6, Rank: 1, Gender: Male, HP IV: 28(0%), ATK IV: 32(0%), DEF IV: 75(0%), Work Speed: (0%), Skills: Abnormal
Croajiro, Level: 6, Rank: 1, Gender: Male, HP IV: 95(0%), ATK IV: 85(0%), DEF IV: 79(0%), Work Speed: (0%), Skills: Cheery
Eikthyrdeer, Level: 9, Rank: 1, Gender: Female, HP IV: 8(0%), ATK IV: 22(0%), DEF IV: 99(0%), Work Speed: (0%), Skills: Sadist
Foxparks, Level: 7, Rank: 1, Gender: Female, HP IV: 48(0%), ATK IV: 81(0%), DEF IV: 62(0%), Work Speed: (0%)
Lamball, Level: 3, Rank: 1, Gender: Male, HP IV: 42(0%), ATK IV: 46(0%), DEF IV: 50(0%), Work Speed: (0%), Skills: Positive Thinker
Ribbuny, Level: 5, Rank: 1, Gender: Female, HP IV: 29(0%), ATK IV: 54(0%), DEF IV: 52(0%), Work Speed: (0%), Skills: Heated Body
Ritoo's 12 Pals
---------------
Caprity, Level: 8, Rank: 1, Gender: Female, HP IV: 63(0%), ATK IV: 57(0%), DEF IV: 10(0%), Work Speed: (0%), Skills: Clumsy
Cattiva, Level: 8, Rank: 1, Gender: Female, HP IV: 46(0%), ATK IV: 54(0%), DEF IV: 62(0%), Work Speed: (0%), Skills: Coward, Clumsy
Chikipi, Level: 2, Rank: 1, Gender: Male, HP IV: 1(0%), ATK IV: 63(0%), DEF IV: 22(0%), Work Speed: (0%), Skills: Clumsy
Chikipi, Level: 8, Rank: 1, Gender: Female, HP IV: 4(0%), ATK IV: 23(0%), DEF IV: 0(0%), Work Speed: (0%), Skills: Cheery
Cremis, Level: 8, Rank: 1, Gender: Male, HP IV: 60(0%), ATK IV: 44(0%), DEF IV: 89(0%), Work Speed: (0%), Skills: Pyromaniac
Croajiro, Level: 6, Rank: 1, Gender: Female, HP IV: 51(0%), ATK IV: 20(0%), DEF IV: 93(0%), Work Speed: (0%)
Croajiro, Level: 6, Rank: 1, Gender: Male, HP IV: 28(0%), ATK IV: 32(0%), DEF IV: 75(0%), Work Speed: (0%), Skills: Abnormal
Croajiro, Level: 6, Rank: 1, Gender: Male, HP IV: 95(0%), ATK IV: 85(0%), DEF IV: 79(0%), Work Speed: (0%), Skills: Cheery
Eikthyrdeer, Level: 9, Rank: 1, Gender: Female, HP IV: 8(0%), ATK IV: 22(0%), DEF IV: 99(0%), Work Speed: (0%), Skills: Sadist
Foxparks, Level: 7, Rank: 1, Gender: Female, HP IV: 48(0%), ATK IV: 81(0%), DEF IV: 62(0%), Work Speed: (0%)
Lamball, Level: 3, Rank: 1, Gender: Male, HP IV: 42(0%), ATK IV: 46(0%), DEF IV: 50(0%), Work Speed: (0%), Skills: Positive Thinker
Ribbuny, Level: 5, Rank: 1, Gender: Female, HP IV: 29(0%), ATK IV: 54(0%), DEF IV: 52(0%), Work Speed: (0%), Skills: Heated Body
Ritoo's 12 Pals
---------------
Caprity, Level: 8, Rank: 1, Gender: Female, HP IV: 63(0%), ATK IV: 57(0%), DEF IV: 10(0%), Work Speed: (0%), Skills: Clumsy
Cattiva, Level: 8, Rank: 1, Gender: Female, HP IV: 46(0%), ATK IV: 54(0%), DEF IV: 62(0%), Work Speed: (0%), Skills: Coward, Clumsy
Chikipi, Level: 2, Rank: 1, Gender: Male, HP IV: 1(0%), ATK IV: 63(0%), DEF IV: 22(0%), Work Speed: (0%), Skills: Clumsy
Chikipi, Level: 8, Rank: 1, Gender: Female, HP IV: 4(0%), ATK IV: 23(0%), DEF IV: 0(0%), Work Speed: (0%), Skills: Cheery
Cremis, Level: 8, Rank: 1, Gender: Male, HP IV: 60(0%), ATK IV: 44(0%), DEF IV: 89(0%), Work Speed: (0%), Skills: Pyromaniac
Croajiro, Level: 6, Rank: 1, Gender: Female, HP IV: 51(0%), ATK IV: 20(0%), DEF IV: 93(0%), Work Speed: (0%)
Croajiro, Level: 6, Rank: 1, Gender: Male, HP IV: 28(0%), ATK IV: 32(0%), DEF IV: 75(0%), Work Speed: (0%), Skills: Abnormal
Croajiro, Level: 6, Rank: 1, Gender: Male, HP IV: 95(0%), ATK IV: 85(0%), DEF IV: 79(0%), Work Speed: (0%), Skills: Cheery
Eikthyrdeer, Level: 9, Rank: 1, Gender: Female, HP IV: 8(0%), ATK IV: 22(0%), DEF IV: 99(0%), Work Speed: (0%), Skills: Sadist
Foxparks, Level: 7, Rank: 1, Gender: Female, HP IV: 48(0%), ATK IV: 81(0%), DEF IV: 62(0%), Work Speed: (0%)
Lamball, Level: 3, Rank: 1, Gender: Male, HP IV: 42(0%), ATK IV: 46(0%), DEF IV: 50(0%), Work Speed: (0%), Skills: Positive Thinker
Ribbuny, Level: 5, Rank: 1, Gender: Female, HP IV: 29(0%), ATK IV: 54(0%), DEF IV: 52(0%), Work Speed: (0%), Skills: Heated Body
Ritoo's 12 Pals
---------------
Caprity, Level: 8, Rank: 1, Gender: Female, HP IV: 63(0%), ATK IV: 57(0%), DEF IV: 10(0%), Work Speed: (0%), Skills: Clumsy
Cattiva, Level: 8, Rank: 1, Gender: Female, HP IV: 46(0%), ATK IV: 54(0%), DEF IV: 62(0%), Work Speed: (0%), Skills: Coward, Clumsy
Chikipi, Level: 2, Rank: 1, Gender: Male, HP IV: 1(0%), ATK IV: 63(0%), DEF IV: 22(0%), Work Speed: (0%), Skills: Clumsy
Chikipi, Level: 8, Rank: 1, Gender: Female, HP IV: 4(0%), ATK IV: 23(0%), DEF IV: 0(0%), Work Speed: (0%), Skills: Cheery
Cremis, Level: 8, Rank: 1, Gender: Male, HP IV: 60(0%), ATK IV: 44(0%), DEF IV: 89(0%), Work Speed: (0%), Skills: Pyromaniac
Croajiro, Level: 6, Rank: 1, Gender: Female, HP IV: 51(0%), ATK IV: 20(0%), DEF IV: 93(0%), Work Speed: (0%)
Croajiro, Level: 6, Rank: 1, Gender: Male, HP IV: 28(0%), ATK IV: 32(0%), DEF IV: 75(0%), Work Speed: (0%), Skills: Abnormal
Croajiro, Level: 6, Rank: 1, Gender: Male, HP IV: 95(0%), ATK IV: 85(0%), DEF IV: 79(0%), Work Speed: (0%), Skills: Cheery
Eikthyrdeer, Level: 9, Rank: 1, Gender: Female, HP IV: 8(0%), ATK IV: 22(0%), DEF IV: 99(0%), Work Speed: (0%), Skills: Sadist
Foxparks, Level: 7, Rank: 1, Gender: Female, HP IV: 48(0%), ATK IV: 81(0%), DEF IV: 62(0%), Work Speed: (0%)
Lamball, Level: 3, Rank: 1, Gender: Male, HP IV: 42(0%), ATK IV: 46(0%), DEF IV: 50(0%), Work Speed: (0%), Skills: Positive Thinker
Ribbuny, Level: 5, Rank: 1, Gender: Female, HP IV: 29(0%), ATK IV: 54(0%), DEF IV: 52(0%), Work Speed: (0%), Skills: Heated Body
Ritoo's 12 Pals
---------------
Caprity, Level: 8, Rank: 1, Gender: Female, HP IV: 63(0%), ATK IV: 57(0%), DEF IV: 10(0%), Work Speed: (0%), Skills: Clumsy
Cattiva, Level: 8, Rank: 1, Gender: Female, HP IV: 46(0%), ATK IV: 54(0%), DEF IV: 62(0%), Work Speed: (0%), Skills: Coward, Clumsy
Chikipi, Level: 2, Rank: 1, Gender: Male, HP IV: 1(0%), ATK IV: 63(0%), DEF IV: 22(0%), Work Speed: (0%), Skills: Clumsy
Chikipi, Level: 8, Rank: 1, Gender: Female, HP IV: 4(0%), ATK IV: 23(0%), DEF IV: 0(0%), Work Speed: (0%), Skills: Cheery
Cremis, Level: 8, Rank: 1, Gender: Male, HP IV: 60(0%), ATK IV: 44(0%), DEF IV: 89(0%), Work Speed: (0%), Skills: Pyromaniac
Croajiro, Level: 6, Rank: 1, Gender: Female, HP IV: 51(0%), ATK IV: 20(0%), DEF IV: 93(0%), Work Speed: (0%)
Croajiro, Level: 6, Rank: 1, Gender: Male, HP IV: 28(0%), ATK IV: 32(0%), DEF IV: 75(0%), Work Speed: (0%), Skills: Abnormal
Croajiro, Level: 6, Rank: 1, Gender: Male, HP IV: 95(0%), ATK IV: 85(0%), DEF IV: 79(0%), Work Speed: (0%), Skills: Cheery
Eikthyrdeer, Level: 9, Rank: 1, Gender: Female, HP IV: 8(0%), ATK IV: 22(0%), DEF IV: 99(0%), Work Speed: (0%), Skills: Sadist
Foxparks, Level: 7, Rank: 1, Gender: Female, HP IV: 48(0%), ATK IV: 81(0%), DEF IV: 62(0%), Work Speed: (0%)
Lamball, Level: 3, Rank: 1, Gender: Male, HP IV: 42(0%), ATK IV: 46(0%), DEF IV: 50(0%), Work Speed: (0%), Skills: Positive Thinker
Ribbuny, Level: 5, Rank: 1, Gender: Female, HP IV: 29(0%), ATK IV: 54(0%), DEF IV: 52(0%), Work Speed: (0%), Skills: Heated Body
Ritoo's 12 Pals
---------------
Caprity, Level: 8, Rank: 1, Gender: Female, HP IV: 63(0%), ATK IV: 57(0%), DEF IV: 10(0%), Work Speed: (0%), Skills: Clumsy
Cattiva, Level: 8, Rank: 1, Gender: Female, HP IV: 46(0%), ATK IV: 54(0%), DEF IV: 62(0%), Work Speed: (0%), Skills: Coward, Clumsy
Chikipi, Level: 2, Rank: 1, Gender: Male, HP IV: 1(0%), ATK IV: 63(0%), DEF IV: 22(0%), Work Speed: (0%), Skills: Clumsy
Chikipi, Level: 8, Rank: 1, Gender: Female, HP IV: 4(0%), ATK IV: 23(0%), DEF IV: 0(0%), Work Speed: (0%), Skills: Cheery
Cremis, Level: 8, Rank: 1, Gender: Male, HP IV: 60(0%), ATK IV: 44(0%), DEF IV: 89(0%), Work Speed: (0%), Skills: Pyromaniac
Croajiro, Level: 6, Rank: 1, Gender: Female, HP IV: 51(0%), ATK IV: 20(0%), DEF IV: 93(0%), Work Speed: (0%)
Croajiro, Level: 6, Rank: 1, Gender: Male, HP IV: 28(0%), ATK IV: 32(0%), DEF IV: 75(0%), Work Speed: (0%), Skills: Abnormal
Croajiro, Level: 6, Rank: 1, Gender: Male, HP IV: 95(0%), ATK IV: 85(0%), DEF IV: 79(0%), Work Speed: (0%), Skills: Cheery
Eikthyrdeer, Level: 9, Rank: 1, Gender: Female, HP IV: 8(0%), ATK IV: 22(0%), DEF IV: 99(0%), Work Speed: (0%), Skills: Sadist
Foxparks, Level: 7, Rank: 1, Gender: Female, HP IV: 48(0%), ATK IV: 81(0%), DEF IV: 62(0%), Work Speed: (0%)
Lamball, Level: 3, Rank: 1, Gender: Male, HP IV: 42(0%), ATK IV: 46(0%), DEF IV: 50(0%), Work Speed: (0%), Skills: Positive Thinker
Ribbuny, Level: 5, Rank: 1, Gender: Female, HP IV: 29(0%), ATK IV: 54(0%), DEF IV: 52(0%), Work Speed: (0%), Skills: Heated Body
Ritoo's 12 Pals
---------------
Caprity, Level: 8, Rank: 1, Gender: Female, HP IV: 63(0%), ATK IV: 57(0%), DEF IV: 10(0%), Work Speed: (0%), Skills: Clumsy
Cattiva, Level: 8, Rank: 1, Gender: Female, HP IV: 46(0%), ATK IV: 54(0%), DEF IV: 62(0%), Work Speed: (0%), Skills: Coward, Clumsy
Chikipi, Level: 2, Rank: 1, Gender: Male, HP IV: 1(0%), ATK IV: 63(0%), DEF IV: 22(0%), Work Speed: (0%), Skills: Clumsy
Chikipi, Level: 8, Rank: 1, Gender: Female, HP IV: 4(0%), ATK IV: 23(0%), DEF IV: 0(0%), Work Speed: (0%), Skills: Cheery
Cremis, Level: 8, Rank: 1, Gender: Male, HP IV: 60(0%), ATK IV: 44(0%), DEF IV: 89(0%), Work Speed: (0%), Skills: Pyromaniac
Croajiro, Level: 6, Rank: 1, Gender: Female, HP IV: 51(0%), ATK IV: 20(0%), DEF IV: 93(0%), Work Speed: (0%)
Croajiro, Level: 6, Rank: 1, Gender: Male, HP IV: 28(0%), ATK IV: 32(0%), DEF IV: 75(0%), Work Speed: (0%), Skills: Abnormal
Croajiro, Level: 6, Rank: 1, Gender: Male, HP IV: 95(0%), ATK IV: 85(0%), DEF IV: 79(0%), Work Speed: (0%), Skills: Cheery
Eikthyrdeer, Level: 9, Rank: 1, Gender: Female, HP IV: 8(0%), ATK IV: 22(0%), DEF IV: 99(0%), Work Speed: (0%), Skills: Sadist
Foxparks, Level: 7, Rank: 1, Gender: Female, HP IV: 48(0%), ATK IV: 81(0%), DEF IV: 62(0%), Work Speed: (0%)
Lamball, Level: 3, Rank: 1, Gender: Male, HP IV: 42(0%), ATK IV: 46(0%), DEF IV: 50(0%), Work Speed: (0%), Skills: Positive Thinker
Ribbuny, Level: 5, Rank: 1, Gender: Female, HP IV: 29(0%), ATK IV: 54(0%), DEF IV: 52(0%), Work Speed: (0%), Skills: Heated Body
Ritoo's 12 Pals
---------------
Caprity, Level: 8, Rank: 1, Gender: Female, HP IV: 63(0%), ATK IV: 57(0%), DEF IV: 10(0%), Work Speed: (0%), Skills: Clumsy
Cattiva, Level: 8, Rank: 1, Gender: Female, HP IV: 46(0%), ATK IV: 54(0%), DEF IV: 62(0%), Work Speed: (0%), Skills: Coward, Clumsy
Chikipi, Level: 2, Rank: 1, Gender: Male, HP IV: 1(0%), ATK IV: 63(0%), DEF IV: 22(0%), Work Speed: (0%), Skills: Clumsy
Chikipi, Level: 8, Rank: 1, Gender: Female, HP IV: 4(0%), ATK IV: 23(0%), DEF IV: 0(0%), Work Speed: (0%), Skills: Cheery
Cremis, Level: 8, Rank: 1, Gender: Male, HP IV: 60(0%), ATK IV: 44(0%), DEF IV: 89(0%), Work Speed: (0%), Skills: Pyromaniac
Croajiro, Level: 6, Rank: 1, Gender: Female, HP IV: 51(0%), ATK IV: 20(0%), DEF IV: 93(0%), Work Speed: (0%)
Croajiro, Level: 6, Rank: 1, Gender: Male, HP IV: 28(0%), ATK IV: 32(0%), DEF IV: 75(0%), Work Speed: (0%), Skills: Abnormal
Croajiro, Level: 6, Rank: 1, Gender: Male, HP IV: 95(0%), ATK IV: 85(0%), DEF IV: 79(0%), Work Speed: (0%), Skills: Cheery
Eikthyrdeer, Level: 9, Rank: 1, Gender: Female, HP IV: 8(0%), ATK IV: 22(0%), DEF IV: 99(0%), Work Speed: (0%), Skills: Sadist
Foxparks, Level: 7, Rank: 1, Gender: Female, HP IV: 48(0%), ATK IV: 81(0%), DEF IV: 62(0%), Work Speed: (0%)
Lamball, Level: 3, Rank: 1, Gender: Male, HP IV: 42(0%), ATK IV: 46(0%), DEF IV: 50(0%), Work Speed: (0%), Skills: Positive Thinker
Ribbuny, Level: 5, Rank: 1, Gender: Female, HP IV: 29(0%), ATK IV: 54(0%), DEF IV: 52(0%), Work Speed: (0%), Skills: Heated Body
Ritoo's 12 Pals
---------------
Caprity, Level: 8, Rank: 1, Gender: Female, HP IV: 63(0%), ATK IV: 57(0%), DEF IV: 10(0%), Work Speed: (0%), Skills: Clumsy
Cattiva, Level: 8, Rank: 1, Gender: Female, HP IV: 46(0%), ATK IV: 54(0%), DEF IV: 62(0%), Work Speed: (0%), Skills: Coward, Clumsy
Chikipi, Level: 2, Rank: 1, Gender: Male, HP IV: 1(0%), ATK IV: 63(0%), DEF IV: 22(0%), Work Speed: (0%), Skills: Clumsy
Chikipi, Level: 8, Rank: 1, Gender: Female, HP IV: 4(0%), ATK IV: 23(0%), DEF IV: 0(0%), Work Speed: (0%), Skills: Cheery
Cremis, Level: 8, Rank: 1, Gender: Male, HP IV: 60(0%), ATK IV: 44(0%), DEF IV: 89(0%), Work Speed: (0%), Skills: Pyromaniac
Croajiro, Level: 6, Rank: 1, Gender: Female, HP IV: 51(0%), ATK IV: 20(0%), DEF IV: 93(0%), Work Speed: (0%)
Croajiro, Level: 6, Rank: 1, Gender: Male, HP IV: 28(0%), ATK IV: 32(0%), DEF IV: 75(0%), Work Speed: (0%), Skills: Abnormal
Croajiro, Level: 6, Rank: 1, Gender: Male, HP IV: 95(0%), ATK IV: 85(0%), DEF IV: 79(0%), Work Speed: (0%), Skills: Cheery
Eikthyrdeer, Level: 9, Rank: 1, Gender: Female, HP IV: 8(0%), ATK IV: 22(0%), DEF IV: 99(0%), Work Speed: (0%), Skills: Sadist
Foxparks, Level: 7, Rank: 1, Gender: Female, HP IV: 48(0%), ATK IV: 81(0%), DEF IV: 62(0%), Work Speed: (0%)
Lamball, Level: 3, Rank: 1, Gender: Male, HP IV: 42(0%), ATK IV: 46(0%), DEF IV: 50(0%), Work Speed: (0%), Skills: Positive Thinker
Ribbuny, Level: 5, Rank: 1, Gender: Female, HP IV: 29(0%), ATK IV: 54(0%), DEF IV: 52(0%), Work Speed: (0%), Skills: Heated Body
