Rque's 42 Pals
--------------
Beegarde, Level: 6, Rank: 1, Gender: Female, HP IV: 88(0%), ATK IV: 66(0%), DEF IV: 61(0%), Work Speed: (0%), Skills: Slacker
Cattiva, Level: 11, Rank: 1, Gender: Male, HP IV: 53(0%), ATK IV: 94(0%), DEF IV: 81(0%), Work Speed: (0%), Skills: Coward, Insulated Body
Cattiva, Level: 3, Rank: 1, Gender: Female, HP IV: 69(0%), ATK IV: 61(0%), DEF IV: 23(0%), Work Speed: (0%), Skills: Coward, Easygoing
Cattiva, Level: 6, Rank: 1, Gender: Female, HP IV: 12(0%), ATK IV: 74(0%), DEF IV: 26(0%), Work Speed: (0%), Skills: Coward, Infinite Stamina
Chikipi, Level: 2, Rank: 1, Gender: Male, HP IV: 50(0%), ATK IV: 22(0%), DEF IV: 75(0%), Work Speed: (0%), Skills: Masochist
Chikipi, Level: 4, Rank: 1, Gender: Female, HP IV: 32(0%), ATK IV: 2(0%), DEF IV: 23(0%), Work Speed: (0%), Skills: Fine Furs
Daedream, Level: 10, Rank: 1, Gender: Male, HP IV: 62(0%), ATK IV: 29(0%), DEF IV: 70(0%), Work Speed: (0%), Skills: Noble
Depresso, Level: 9, Rank: 1, Gender: Female, HP IV: 11(0%), ATK IV: 20(0%), DEF IV: 32(0%), Work Speed: (0%), Skills: Bottomless Stomach, Coward
Dinossom Lux, Level: 16, Rank: 1, Gender: Female, HP IV: 20(0%), ATK IV: 96(0%), DEF IV: 10(0%), Work Speed: (0%), Skills: Fit as a Fiddle
Dinossom, Level: 13, Rank: 1, Gender: Female, HP IV: 58(0%), ATK IV: 30(0%), DEF IV: 43(0%), Work Speed: (0%), Skills: Heated Body
Dinossom, Level: 13, Rank: 1, Gender: Female, HP IV: 90(0%), ATK IV: 52(0%), DEF IV: 100(0%), Work Speed: (0%), Skills: Motivational Leader, Diet Lover
Direhowl, Level: 11, Rank: 1, Gender: Male, HP IV: 62(0%), ATK IV: 37(0%), DEF IV: 45(0%), Work Speed: (0%), Skills: Serious
Direhowl, Level: 5, Rank: 1, Gender: Female, HP IV: 77(0%), ATK IV: 55(0%), DEF IV: 87(0%), Work Speed: (0%)
Direhowl, Level: 6, Rank: 1, Gender: Male, HP IV: 10(0%), ATK IV: 17(0%), DEF IV: 53(0%), Work Speed: (0%)
Direhowl, Level: 6, Rank: 1, Gender: Male, HP IV: 58(0%), ATK IV: 87(0%), DEF IV: 12(0%), Work Speed: (0%), Skills: Botanical Barrier
Eikthyrdeer, Level: 11, Rank: 1, Gender: Female, HP IV: 27(0%), ATK IV: 63(0%), DEF IV: 91(0%), Work Speed: (0%), Skills: Power of Gaia
Eikthyrdeer, Level: 11, Rank: 1, Gender: Female, HP IV: 57(0%), ATK IV: 69(0%), DEF IV: 83(0%), Work Speed: (0%), Skills: Pacifist
Elphidran, Level: 9, Rank: 1, Gender: Female, HP IV: 46(0%), ATK IV: 100(0%), DEF IV: 44(0%), Work Speed: (0%), Skills: Bottomless Stomach
Flambelle, Level: 9, Rank: 1, Gender: Female, HP IV: 21(0%), ATK IV: 72(0%), DEF IV: 73(0%), Work Speed: (0%), Skills: Nocturnal
Foxparks, Level: 10, Rank: 1, Gender: Male, HP IV: 69(0%), ATK IV: 96(0%), DEF IV: 8(0%), Work Speed: (0%), Skills: Aggressive
Foxparks, Level: 2, Rank: 1, Gender: Female, HP IV: 91(0%), ATK IV: 33(0%), DEF IV: 84(0%), Work Speed: (0%), Skills: Fine Furs
Foxparks, Level: 2, Rank: 1, Gender: Male, HP IV: 56(0%), ATK IV: 21(0%), DEF IV: 29(0%), Work Speed: (0%), Skills: Easygoing, Coldblooded
Foxparks, Level: 9, Rank: 1, Gender: Female, HP IV: 2(0%), ATK IV: 87(0%), DEF IV: 97(0%), Work Speed: (0%)
Hoocrates, Level: 4, Rank: 1, Gender: Female, HP IV: 59(0%), ATK IV: 57(0%), DEF IV: 83(0%), Work Speed: (0%), Skills: Diet Lover, Logging Foreman, Suntan Lover
Incineram, Level: 9, Rank: 1, Gender: Female, HP IV: 80(0%), ATK IV: 33(0%), DEF IV: 0(0%), Work Speed: (0%), Skills: Diet Lover
Jolthog Cryst, Level: 10, Rank: 1, Gender: Female, HP IV: 66(0%), ATK IV: 57(0%), DEF IV: 89(0%), Work Speed: (0%), Skills: Motivational Leader
Lamball, Level: 2, Rank: 1, Gender: Female, HP IV: 74(0%), ATK IV: 45(0%), DEF IV: 52(0%), Work Speed: (0%), Skills: Conceited
Lamball, Level: 2, Rank: 1, Gender: Male, HP IV: 55(0%), ATK IV: 61(0%), DEF IV: 9(0%), Work Speed: (0%), Skills: Zen Mind
Lamball, Level: 2, Rank: 1, Gender: Male, HP IV: 68(0%), ATK IV: 2(0%), DEF IV: 22(0%), Work Speed: (0%), Skills: Musclehead
Lamball, Level: 4, Rank: 1, Gender: Male, HP IV: 61(0%), ATK IV: 16(0%), DEF IV: 77(0%), Work Speed: (0%), Skills: Destructive
Lamball, Level: 5, Rank: 1, Gender: Male, HP IV: 54(0%), ATK IV: 60(0%), DEF IV: 4(0%), Work Speed: (0%), Skills: Mine Foreman
Leezpunk, Level: 9, Rank: 1, Gender: Male, HP IV: 72(0%), ATK IV: 26(0%), DEF IV: 7(0%), Work Speed: (0%)
Loupmoon, Level: 5, Rank: 1, Gender: Male, HP IV: 63(0%), ATK IV: 99(0%), DEF IV: 82(0%), Work Speed: (0%), Skills: Noble
Melpaca, Level: 10, Rank: 1, Gender: Male, HP IV: 45(0%), ATK IV: 9(0%), DEF IV: 81(0%), Work Speed: (0%), Skills: Dainty Eater
Melpaca, Level: 8, Rank: 1, Gender: Male, HP IV: 48(0%), ATK IV: 33(0%), DEF IV: 47(0%), Work Speed: (0%), Skills: Insulated Body
Melpaca, Level: 9, Rank: 1, Gender: Male, HP IV: 14(0%), ATK IV: 1(0%), DEF IV: 41(0%), Work Speed: (0%), Skills: Workaholic
Nox, Level: 6, Rank: 1, Gender: Male, HP IV: 91(0%), ATK IV: 16(0%), DEF IV: 82(0%), Work Speed: (0%), Skills: Impatient
Pengullet, Level: 10, Rank: 1, Gender: Male, HP IV: 36(0%), ATK IV: 82(0%), DEF IV: 95(0%), Work Speed: (0%), Skills: Nimble
Relaxaurus, Level: 9, Rank: 1, Gender: Female, HP IV: 47(0%), ATK IV: 1(0%), DEF IV: 50(0%), Work Speed: (0%), Skills: Glutton, Serious
Ribbuny, Level: 5, Rank: 1, Gender: Female, HP IV: 18(0%), ATK IV: 58(0%), DEF IV: 14(0%), Work Speed: (0%), Skills: Philantropist
Robinquill, Level: 7, Rank: 1, Gender: Male, HP IV: 24(0%), ATK IV: 87(0%), DEF IV: 61(0%), Work Speed: (0%), Skills: Fine Furs
Tanzee, Level: 2, Rank: 1, Gender: Male, HP IV: 81(0%), ATK IV: 42(0%), DEF IV: 8(0%), Work Speed: (0%), Skills: Pyromaniac
Rque's 42 Pals
--------------
Beegarde, Level: 6, Rank: 1, Gender: Female, HP IV: 88(0%), ATK IV: 66(0%), DEF IV: 61(0%), Work Speed: (0%), Skills: Slacker
Cattiva, Level: 11, Rank: 1, Gender: Male, HP IV: 53(0%), ATK IV: 94(0%), DEF IV: 81(0%), Work Speed: (0%), Skills: Coward, Insulated Body
Cattiva, Level: 3, Rank: 1, Gender: Female, HP IV: 69(0%), ATK IV: 61(0%), DEF IV: 23(0%), Work Speed: (0%), Skills: Coward, Easygoing
Cattiva, Level: 6, Rank: 1, Gender: Female, HP IV: 12(0%), ATK IV: 74(0%), DEF IV: 26(0%), Work Speed: (0%), Skills: Coward, Infinite Stamina
Chikipi, Level: 2, Rank: 1, Gender: Male, HP IV: 50(0%), ATK IV: 22(0%), DEF IV: 75(0%), Work Speed: (0%), Skills: Masochist
Chikipi, Level: 4, Rank: 1, Gender: Female, HP IV: 32(0%), ATK IV: 2(0%), DEF IV: 23(0%), Work Speed: (0%), Skills: Fine Furs
Daedream, Level: 10, Rank: 1, Gender: Male, HP IV: 62(0%), ATK IV: 29(0%), DEF IV: 70(0%), Work Speed: (0%), Skills: Noble
Depresso, Level: 9, Rank: 1, Gender: Female, HP IV: 11(0%), ATK IV: 20(0%), DEF IV: 32(0%), Work Speed: (0%), Skills: Bottomless Stomach, Coward
Dinossom Lux, Level: 16, Rank: 1, Gender: Female, HP IV: 20(0%), ATK IV: 96(0%), DEF IV: 10(0%), Work Speed: (0%), Skills: Fit as a Fiddle
Dinossom, Level: 13, Rank: 1, Gender: Female, HP IV: 58(0%), ATK IV: 30(0%), DEF IV: 43(0%), Work Speed: (0%), Skills: Heated Body
Dinossom, Level: 13, Rank: 1, Gender: Female, HP IV: 90(0%), ATK IV: 52(0%), DEF IV: 100(0%), Work Speed: (0%), Skills: Motivational Leader, Diet Lover
Direhowl, Level: 11, Rank: 1, Gender: Male, HP IV: 62(0%), ATK IV: 37(0%), DEF IV: 45(0%), Work Speed: (0%), Skills: Serious
Direhowl, Level: 5, Rank: 1, Gender: Female, HP IV: 77(0%), ATK IV: 55(0%), DEF IV: 87(0%), Work Speed: (0%)
Direhowl, Level: 6, Rank: 1, Gender: Male, HP IV: 10(0%), ATK IV: 17(0%), DEF IV: 53(0%), Work Speed: (0%)
Direhowl, Level: 6, Rank: 1, Gender: Male, HP IV: 58(0%), ATK IV: 87(0%), DEF IV: 12(0%), Work Speed: (0%), Skills: Botanical Barrier
Eikthyrdeer, Level: 11, Rank: 1, Gender: Female, HP IV: 27(0%), ATK IV: 63(0%), DEF IV: 91(0%), Work Speed: (0%), Skills: Power of Gaia
Eikthyrdeer, Level: 11, Rank: 1, Gender: Female, HP IV: 57(0%), ATK IV: 69(0%), DEF IV: 83(0%), Work Speed: (0%), Skills: Pacifist
Elphidran, Level: 9, Rank: 1, Gender: Female, HP IV: 46(0%), ATK IV: 100(0%), DEF IV: 44(0%), Work Speed: (0%), Skills: Bottomless Stomach
Flambelle, Level: 9, Rank: 1, Gender: Female, HP IV: 21(0%), ATK IV: 72(0%), DEF IV: 73(0%), Work Speed: (0%), Skills: Nocturnal
Foxparks, Level: 10, Rank: 1, Gender: Male, HP IV: 69(0%), ATK IV: 96(0%), DEF IV: 8(0%), Work Speed: (0%), Skills: Aggressive
Foxparks, Level: 2, Rank: 1, Gender: Female, HP IV: 91(0%), ATK IV: 33(0%), DEF IV: 84(0%), Work Speed: (0%), Skills: Fine Furs
Foxparks, Level: 2, Rank: 1, Gender: Male, HP IV: 56(0%), ATK IV: 21(0%), DEF IV: 29(0%), Work Speed: (0%), Skills: Easygoing, Coldblooded
Foxparks, Level: 9, Rank: 1, Gender: Female, HP IV: 2(0%), ATK IV: 87(0%), DEF IV: 97(0%), Work Speed: (0%)
Hoocrates, Level: 4, Rank: 1, Gender: Female, HP IV: 59(0%), ATK IV: 57(0%), DEF IV: 83(0%), Work Speed: (0%), Skills: Diet Lover, Logging Foreman, Suntan Lover
Incineram, Level: 9, Rank: 1, Gender: Female, HP IV: 80(0%), ATK IV: 33(0%), DEF IV: 0(0%), Work Speed: (0%), Skills: Diet Lover
Jolthog Cryst, Level: 10, Rank: 1, Gender: Female, HP IV: 66(0%), ATK IV: 57(0%), DEF IV: 89(0%), Work Speed: (0%), Skills: Motivational Leader
Lamball, Level: 2, Rank: 1, Gender: Female, HP IV: 74(0%), ATK IV: 45(0%), DEF IV: 52(0%), Work Speed: (0%), Skills: Conceited
Lamball, Level: 2, Rank: 1, Gender: Male, HP IV: 55(0%), ATK IV: 61(0%), DEF IV: 9(0%), Work Speed: (0%), Skills: Zen Mind
Lamball, Level: 2, Rank: 1, Gender: Male, HP IV: 68(0%), ATK IV: 2(0%), DEF IV: 22(0%), Work Speed: (0%), Skills: Musclehead
Lamball, Level: 4, Rank: 1, Gender: Male, HP IV: 61(0%), ATK IV: 16(0%), DEF IV: 77(0%), Work Speed: (0%), Skills: Destructive
Lamball, Level: 5, Rank: 1, Gender: Male, HP IV: 54(0%), ATK IV: 60(0%), DEF IV: 4(0%), Work Speed: (0%), Skills: Mine Foreman
Leezpunk, Level: 9, Rank: 1, Gender: Male, HP IV: 72(0%), ATK IV: 26(0%), DEF IV: 7(0%), Work Speed: (0%)
Loupmoon, Level: 5, Rank: 1, Gender: Male, HP IV: 63(0%), ATK IV: 99(0%), DEF IV: 82(0%), Work Speed: (0%), Skills: Noble
Melpaca, Level: 10, Rank: 1, Gender: Male, HP IV: 45(0%), ATK IV: 9(0%), DEF IV: 81(0%), Work Speed: (0%), Skills: Dainty Eater
Melpaca, Level: 8, Rank: 1, Gender: Male, HP IV: 48(0%), ATK IV: 33(0%), DEF IV: 47(0%), Work Speed: (0%), Skills: Insulated Body
Melpaca, Level: 9, Rank: 1, Gender: Male, HP IV: 14(0%), ATK IV: 1(0%), DEF IV: 41(0%), Work Speed: (0%), Skills: Workaholic
Nox, Level: 6, Rank: 1, Gender: Male, HP IV: 91(0%), ATK IV: 16(0%), DEF IV: 82(0%), Work Speed: (0%), Skills: Impatient
Pengullet, Level: 10, Rank: 1, Gender: Male, HP IV: 36(0%), ATK IV: 82(0%), DEF IV: 95(0%), Work Speed: (0%), Skills: Nimble
Relaxaurus, Level: 9, Rank: 1, Gender: Female, HP IV: 47(0%), ATK IV: 1(0%), DEF IV: 50(0%), Work Speed: (0%), Skills: Glutton, Serious
Ribbuny, Level: 5, Rank: 1, Gender: Female, HP IV: 18(0%), ATK IV: 58(0%), DEF IV: 14(0%), Work Speed: (0%), Skills: Philantropist
Robinquill, Level: 7, Rank: 1, Gender: Male, HP IV: 24(0%), ATK IV: 87(0%), DEF IV: 61(0%), Work Speed: (0%), Skills: Fine Furs
Tanzee, Level: 2, Rank: 1, Gender: Male, HP IV: 81(0%), ATK IV: 42(0%), DEF IV: 8(0%), Work Speed: (0%), Skills: Pyromaniac
Rque's 42 Pals
--------------
Beegarde, Level: 6, Rank: 1, Gender: Female, HP IV: 88(0%), ATK IV: 66(0%), DEF IV: 61(0%), Work Speed: (0%), Skills: Slacker
Cattiva, Level: 11, Rank: 1, Gender: Male, HP IV: 53(0%), ATK IV: 94(0%), DEF IV: 81(0%), Work Speed: (0%), Skills: Coward, Insulated Body
Cattiva, Level: 3, Rank: 1, Gender: Female, HP IV: 69(0%), ATK IV: 61(0%), DEF IV: 23(0%), Work Speed: (0%), Skills: Coward, Easygoing
Cattiva, Level: 6, Rank: 1, Gender: Female, HP IV: 12(0%), ATK IV: 74(0%), DEF IV: 26(0%), Work Speed: (0%), Skills: Coward, Infinite Stamina
Chikipi, Level: 2, Rank: 1, Gender: Male, HP IV: 50(0%), ATK IV: 22(0%), DEF IV: 75(0%), Work Speed: (0%), Skills: Masochist
Chikipi, Level: 4, Rank: 1, Gender: Female, HP IV: 32(0%), ATK IV: 2(0%), DEF IV: 23(0%), Work Speed: (0%), Skills: Fine Furs
Daedream, Level: 10, Rank: 1, Gender: Male, HP IV: 62(0%), ATK IV: 29(0%), DEF IV: 70(0%), Work Speed: (0%), Skills: Noble
Depresso, Level: 9, Rank: 1, Gender: Female, HP IV: 11(0%), ATK IV: 20(0%), DEF IV: 32(0%), Work Speed: (0%), Skills: Bottomless Stomach, Coward
Dinossom Lux, Level: 16, Rank: 1, Gender: Female, HP IV: 20(0%), ATK IV: 96(0%), DEF IV: 10(0%), Work Speed: (0%), Skills: Fit as a Fiddle
Dinossom, Level: 13, Rank: 1, Gender: Female, HP IV: 58(0%), ATK IV: 30(0%), DEF IV: 43(0%), Work Speed: (0%), Skills: Heated Body
Dinossom, Level: 13, Rank: 1, Gender: Female, HP IV: 90(0%), ATK IV: 52(0%), DEF IV: 100(0%), Work Speed: (0%), Skills: Motivational Leader, Diet Lover
Direhowl, Level: 11, Rank: 1, Gender: Male, HP IV: 62(0%), ATK IV: 37(0%), DEF IV: 45(0%), Work Speed: (0%), Skills: Serious
Direhowl, Level: 5, Rank: 1, Gender: Female, HP IV: 77(0%), ATK IV: 55(0%), DEF IV: 87(0%), Work Speed: (0%)
Direhowl, Level: 6, Rank: 1, Gender: Male, HP IV: 10(0%), ATK IV: 17(0%), DEF IV: 53(0%), Work Speed: (0%)
Direhowl, Level: 6, Rank: 1, Gender: Male, HP IV: 58(0%), ATK IV: 87(0%), DEF IV: 12(0%), Work Speed: (0%), Skills: Botanical Barrier
Eikthyrdeer, Level: 11, Rank: 1, Gender: Female, HP IV: 27(0%), ATK IV: 63(0%), DEF IV: 91(0%), Work Speed: (0%), Skills: Power of Gaia
Eikthyrdeer, Level: 11, Rank: 1, Gender: Female, HP IV: 57(0%), ATK IV: 69(0%), DEF IV: 83(0%), Work Speed: (0%), Skills: Pacifist
Elphidran, Level: 9, Rank: 1, Gender: Female, HP IV: 46(0%), ATK IV: 100(0%), DEF IV: 44(0%), Work Speed: (0%), Skills: Bottomless Stomach
Flambelle, Level: 9, Rank: 1, Gender: Female, HP IV: 21(0%), ATK IV: 72(0%), DEF IV: 73(0%), Work Speed: (0%), Skills: Nocturnal
Foxparks, Level: 10, Rank: 1, Gender: Male, HP IV: 69(0%), ATK IV: 96(0%), DEF IV: 8(0%), Work Speed: (0%), Skills: Aggressive
Foxparks, Level: 2, Rank: 1, Gender: Female, HP IV: 91(0%), ATK IV: 33(0%), DEF IV: 84(0%), Work Speed: (0%), Skills: Fine Furs
Foxparks, Level: 2, Rank: 1, Gender: Male, HP IV: 56(0%), ATK IV: 21(0%), DEF IV: 29(0%), Work Speed: (0%), Skills: Easygoing, Coldblooded
Foxparks, Level: 9, Rank: 1, Gender: Female, HP IV: 2(0%), ATK IV: 87(0%), DEF IV: 97(0%), Work Speed: (0%)
Hoocrates, Level: 4, Rank: 1, Gender: Female, HP IV: 59(0%), ATK IV: 57(0%), DEF IV: 83(0%), Work Speed: (0%), Skills: Diet Lover, Logging Foreman, Suntan Lover
Incineram, Level: 9, Rank: 1, Gender: Female, HP IV: 80(0%), ATK IV: 33(0%), DEF IV: 0(0%), Work Speed: (0%), Skills: Diet Lover
Jolthog Cryst, Level: 10, Rank: 1, Gender: Female, HP IV: 66(0%), ATK IV: 57(0%), DEF IV: 89(0%), Work Speed: (0%), Skills: Motivational Leader
Lamball, Level: 2, Rank: 1, Gender: Female, HP IV: 74(0%), ATK IV: 45(0%), DEF IV: 52(0%), Work Speed: (0%), Skills: Conceited
Lamball, Level: 2, Rank: 1, Gender: Male, HP IV: 55(0%), ATK IV: 61(0%), DEF IV: 9(0%), Work Speed: (0%), Skills: Zen Mind
Lamball, Level: 2, Rank: 1, Gender: Male, HP IV: 68(0%), ATK IV: 2(0%), DEF IV: 22(0%), Work Speed: (0%), Skills: Musclehead
Lamball, Level: 4, Rank: 1, Gender: Male, HP IV: 61(0%), ATK IV: 16(0%), DEF IV: 77(0%), Work Speed: (0%), Skills: Destructive
Lamball, Level: 5, Rank: 1, Gender: Male, HP IV: 54(0%), ATK IV: 60(0%), DEF IV: 4(0%), Work Speed: (0%), Skills: Mine Foreman
Leezpunk, Level: 9, Rank: 1, Gender: Male, HP IV: 72(0%), ATK IV: 26(0%), DEF IV: 7(0%), Work Speed: (0%)
Loupmoon, Level: 5, Rank: 1, Gender: Male, HP IV: 63(0%), ATK IV: 99(0%), DEF IV: 82(0%), Work Speed: (0%), Skills: Noble
Melpaca, Level: 10, Rank: 1, Gender: Male, HP IV: 45(0%), ATK IV: 9(0%), DEF IV: 81(0%), Work Speed: (0%), Skills: Dainty Eater
Melpaca, Level: 8, Rank: 1, Gender: Male, HP IV: 48(0%), ATK IV: 33(0%), DEF IV: 47(0%), Work Speed: (0%), Skills: Insulated Body
Melpaca, Level: 9, Rank: 1, Gender: Male, HP IV: 14(0%), ATK IV: 1(0%), DEF IV: 41(0%), Work Speed: (0%), Skills: Workaholic
Nox, Level: 6, Rank: 1, Gender: Male, HP IV: 91(0%), ATK IV: 16(0%), DEF IV: 82(0%), Work Speed: (0%), Skills: Impatient
Pengullet, Level: 10, Rank: 1, Gender: Male, HP IV: 36(0%), ATK IV: 82(0%), DEF IV: 95(0%), Work Speed: (0%), Skills: Nimble
Relaxaurus, Level: 9, Rank: 1, Gender: Female, HP IV: 47(0%), ATK IV: 1(0%), DEF IV: 50(0%), Work Speed: (0%), Skills: Glutton, Serious
Ribbuny, Level: 5, Rank: 1, Gender: Female, HP IV: 18(0%), ATK IV: 58(0%), DEF IV: 14(0%), Work Speed: (0%), Skills: Philantropist
Robinquill, Level: 7, Rank: 1, Gender: Male, HP IV: 24(0%), ATK IV: 87(0%), DEF IV: 61(0%), Work Speed: (0%), Skills: Fine Furs
Tanzee, Level: 2, Rank: 1, Gender: Male, HP IV: 81(0%), ATK IV: 42(0%), DEF IV: 8(0%), Work Speed: (0%), Skills: Pyromaniac
Rque's 42 Pals
--------------
Beegarde, Level: 6, Rank: 1, Gender: Female, HP IV: 88(0%), ATK IV: 66(0%), DEF IV: 61(0%), Work Speed: (0%), Skills: Slacker
Cattiva, Level: 11, Rank: 1, Gender: Male, HP IV: 53(0%), ATK IV: 94(0%), DEF IV: 81(0%), Work Speed: (0%), Skills: Coward, Insulated Body
Cattiva, Level: 3, Rank: 1, Gender: Female, HP IV: 69(0%), ATK IV: 61(0%), DEF IV: 23(0%), Work Speed: (0%), Skills: Coward, Easygoing
Cattiva, Level: 6, Rank: 1, Gender: Female, HP IV: 12(0%), ATK IV: 74(0%), DEF IV: 26(0%), Work Speed: (0%), Skills: Coward, Infinite Stamina
Chikipi, Level: 2, Rank: 1, Gender: Male, HP IV: 50(0%), ATK IV: 22(0%), DEF IV: 75(0%), Work Speed: (0%), Skills: Masochist
Chikipi, Level: 4, Rank: 1, Gender: Female, HP IV: 32(0%), ATK IV: 2(0%), DEF IV: 23(0%), Work Speed: (0%), Skills: Fine Furs
Daedream, Level: 10, Rank: 1, Gender: Male, HP IV: 62(0%), ATK IV: 29(0%), DEF IV: 70(0%), Work Speed: (0%), Skills: Noble
Depresso, Level: 9, Rank: 1, Gender: Female, HP IV: 11(0%), ATK IV: 20(0%), DEF IV: 32(0%), Work Speed: (0%), Skills: Bottomless Stomach, Coward
Dinossom Lux, Level: 16, Rank: 1, Gender: Female, HP IV: 20(0%), ATK IV: 96(0%), DEF IV: 10(0%), Work Speed: (0%), Skills: Fit as a Fiddle
Dinossom, Level: 13, Rank: 1, Gender: Female, HP IV: 58(0%), ATK IV: 30(0%), DEF IV: 43(0%), Work Speed: (0%), Skills: Heated Body
Dinossom, Level: 13, Rank: 1, Gender: Female, HP IV: 90(0%), ATK IV: 52(0%), DEF IV: 100(0%), Work Speed: (0%), Skills: Motivational Leader, Diet Lover
Direhowl, Level: 11, Rank: 1, Gender: Male, HP IV: 62(0%), ATK IV: 37(0%), DEF IV: 45(0%), Work Speed: (0%), Skills: Serious
Direhowl, Level: 5, Rank: 1, Gender: Female, HP IV: 77(0%), ATK IV: 55(0%), DEF IV: 87(0%), Work Speed: (0%)
Direhowl, Level: 6, Rank: 1, Gender: Male, HP IV: 10(0%), ATK IV: 17(0%), DEF IV: 53(0%), Work Speed: (0%)
Direhowl, Level: 6, Rank: 1, Gender: Male, HP IV: 58(0%), ATK IV: 87(0%), DEF IV: 12(0%), Work Speed: (0%), Skills: Botanical Barrier
Eikthyrdeer, Level: 11, Rank: 1, Gender: Female, HP IV: 27(0%), ATK IV: 63(0%), DEF IV: 91(0%), Work Speed: (0%), Skills: Power of Gaia
Eikthyrdeer, Level: 11, Rank: 1, Gender: Female, HP IV: 57(0%), ATK IV: 69(0%), DEF IV: 83(0%), Work Speed: (0%), Skills: Pacifist
Elphidran, Level: 9, Rank: 1, Gender: Female, HP IV: 46(0%), ATK IV: 100(0%), DEF IV: 44(0%), Work Speed: (0%), Skills: Bottomless Stomach
Flambelle, Level: 9, Rank: 1, Gender: Female, HP IV: 21(0%), ATK IV: 72(0%), DEF IV: 73(0%), Work Speed: (0%), Skills: Nocturnal
Foxparks, Level: 10, Rank: 1, Gender: Male, HP IV: 69(0%), ATK IV: 96(0%), DEF IV: 8(0%), Work Speed: (0%), Skills: Aggressive
Foxparks, Level: 2, Rank: 1, Gender: Female, HP IV: 91(0%), ATK IV: 33(0%), DEF IV: 84(0%), Work Speed: (0%), Skills: Fine Furs
Foxparks, Level: 2, Rank: 1, Gender: Male, HP IV: 56(0%), ATK IV: 21(0%), DEF IV: 29(0%), Work Speed: (0%), Skills: Easygoing, Coldblooded
Foxparks, Level: 9, Rank: 1, Gender: Female, HP IV: 2(0%), ATK IV: 87(0%), DEF IV: 97(0%), Work Speed: (0%)
Hoocrates, Level: 4, Rank: 1, Gender: Female, HP IV: 59(0%), ATK IV: 57(0%), DEF IV: 83(0%), Work Speed: (0%), Skills: Diet Lover, Logging Foreman, Suntan Lover
Incineram, Level: 9, Rank: 1, Gender: Female, HP IV: 80(0%), ATK IV: 33(0%), DEF IV: 0(0%), Work Speed: (0%), Skills: Diet Lover
Jolthog Cryst, Level: 10, Rank: 1, Gender: Female, HP IV: 66(0%), ATK IV: 57(0%), DEF IV: 89(0%), Work Speed: (0%), Skills: Motivational Leader
Lamball, Level: 2, Rank: 1, Gender: Female, HP IV: 74(0%), ATK IV: 45(0%), DEF IV: 52(0%), Work Speed: (0%), Skills: Conceited
Lamball, Level: 2, Rank: 1, Gender: Male, HP IV: 55(0%), ATK IV: 61(0%), DEF IV: 9(0%), Work Speed: (0%), Skills: Zen Mind
Lamball, Level: 2, Rank: 1, Gender: Male, HP IV: 68(0%), ATK IV: 2(0%), DEF IV: 22(0%), Work Speed: (0%), Skills: Musclehead
Lamball, Level: 4, Rank: 1, Gender: Male, HP IV: 61(0%), ATK IV: 16(0%), DEF IV: 77(0%), Work Speed: (0%), Skills: Destructive
Lamball, Level: 5, Rank: 1, Gender: Male, HP IV: 54(0%), ATK IV: 60(0%), DEF IV: 4(0%), Work Speed: (0%), Skills: Mine Foreman
Leezpunk, Level: 9, Rank: 1, Gender: Male, HP IV: 72(0%), ATK IV: 26(0%), DEF IV: 7(0%), Work Speed: (0%)
Loupmoon, Level: 5, Rank: 1, Gender: Male, HP IV: 63(0%), ATK IV: 99(0%), DEF IV: 82(0%), Work Speed: (0%), Skills: Noble
Melpaca, Level: 10, Rank: 1, Gender: Male, HP IV: 45(0%), ATK IV: 9(0%), DEF IV: 81(0%), Work Speed: (0%), Skills: Dainty Eater
Melpaca, Level: 8, Rank: 1, Gender: Male, HP IV: 48(0%), ATK IV: 33(0%), DEF IV: 47(0%), Work Speed: (0%), Skills: Insulated Body
Melpaca, Level: 9, Rank: 1, Gender: Male, HP IV: 14(0%), ATK IV: 1(0%), DEF IV: 41(0%), Work Speed: (0%), Skills: Workaholic
Nox, Level: 6, Rank: 1, Gender: Male, HP IV: 91(0%), ATK IV: 16(0%), DEF IV: 82(0%), Work Speed: (0%), Skills: Impatient
Pengullet, Level: 10, Rank: 1, Gender: Male, HP IV: 36(0%), ATK IV: 82(0%), DEF IV: 95(0%), Work Speed: (0%), Skills: Nimble
Relaxaurus, Level: 9, Rank: 1, Gender: Female, HP IV: 47(0%), ATK IV: 1(0%), DEF IV: 50(0%), Work Speed: (0%), Skills: Glutton, Serious
Ribbuny, Level: 5, Rank: 1, Gender: Female, HP IV: 18(0%), ATK IV: 58(0%), DEF IV: 14(0%), Work Speed: (0%), Skills: Philantropist
Robinquill, Level: 7, Rank: 1, Gender: Male, HP IV: 24(0%), ATK IV: 87(0%), DEF IV: 61(0%), Work Speed: (0%), Skills: Fine Furs
Tanzee, Level: 2, Rank: 1, Gender: Male, HP IV: 81(0%), ATK IV: 42(0%), DEF IV: 8(0%), Work Speed: (0%), Skills: Pyromaniac
Rque's 42 Pals
--------------
Beegarde, Level: 6, Rank: 1, Gender: Female, HP IV: 88(0%), ATK IV: 66(0%), DEF IV: 61(0%), Work Speed: (0%), Skills: Slacker
Cattiva, Level: 11, Rank: 1, Gender: Male, HP IV: 53(0%), ATK IV: 94(0%), DEF IV: 81(0%), Work Speed: (0%), Skills: Coward, Insulated Body
Cattiva, Level: 3, Rank: 1, Gender: Female, HP IV: 69(0%), ATK IV: 61(0%), DEF IV: 23(0%), Work Speed: (0%), Skills: Coward, Easygoing
Cattiva, Level: 6, Rank: 1, Gender: Female, HP IV: 12(0%), ATK IV: 74(0%), DEF IV: 26(0%), Work Speed: (0%), Skills: Coward, Infinite Stamina
Chikipi, Level: 2, Rank: 1, Gender: Male, HP IV: 50(0%), ATK IV: 22(0%), DEF IV: 75(0%), Work Speed: (0%), Skills: Masochist
Chikipi, Level: 4, Rank: 1, Gender: Female, HP IV: 32(0%), ATK IV: 2(0%), DEF IV: 23(0%), Work Speed: (0%), Skills: Fine Furs
Daedream, Level: 10, Rank: 1, Gender: Male, HP IV: 62(0%), ATK IV: 29(0%), DEF IV: 70(0%), Work Speed: (0%), Skills: Noble
Depresso, Level: 9, Rank: 1, Gender: Female, HP IV: 11(0%), ATK IV: 20(0%), DEF IV: 32(0%), Work Speed: (0%), Skills: Bottomless Stomach, Coward
Dinossom Lux, Level: 16, Rank: 1, Gender: Female, HP IV: 20(0%), ATK IV: 96(0%), DEF IV: 10(0%), Work Speed: (0%), Skills: Fit as a Fiddle
Dinossom, Level: 13, Rank: 1, Gender: Female, HP IV: 58(0%), ATK IV: 30(0%), DEF IV: 43(0%), Work Speed: (0%), Skills: Heated Body
Dinossom, Level: 13, Rank: 1, Gender: Female, HP IV: 90(0%), ATK IV: 52(0%), DEF IV: 100(0%), Work Speed: (0%), Skills: Motivational Leader, Diet Lover
Direhowl, Level: 11, Rank: 1, Gender: Male, HP IV: 62(0%), ATK IV: 37(0%), DEF IV: 45(0%), Work Speed: (0%), Skills: Serious
Direhowl, Level: 5, Rank: 1, Gender: Female, HP IV: 77(0%), ATK IV: 55(0%), DEF IV: 87(0%), Work Speed: (0%)
Direhowl, Level: 6, Rank: 1, Gender: Male, HP IV: 10(0%), ATK IV: 17(0%), DEF IV: 53(0%), Work Speed: (0%)
Direhowl, Level: 6, Rank: 1, Gender: Male, HP IV: 58(0%), ATK IV: 87(0%), DEF IV: 12(0%), Work Speed: (0%), Skills: Botanical Barrier
Eikthyrdeer, Level: 11, Rank: 1, Gender: Female, HP IV: 27(0%), ATK IV: 63(0%), DEF IV: 91(0%), Work Speed: (0%), Skills: Power of Gaia
Eikthyrdeer, Level: 11, Rank: 1, Gender: Female, HP IV: 57(0%), ATK IV: 69(0%), DEF IV: 83(0%), Work Speed: (0%), Skills: Pacifist
Elphidran, Level: 9, Rank: 1, Gender: Female, HP IV: 46(0%), ATK IV: 100(0%), DEF IV: 44(0%), Work Speed: (0%), Skills: Bottomless Stomach
Flambelle, Level: 9, Rank: 1, Gender: Female, HP IV: 21(0%), ATK IV: 72(0%), DEF IV: 73(0%), Work Speed: (0%), Skills: Nocturnal
Foxparks, Level: 10, Rank: 1, Gender: Male, HP IV: 69(0%), ATK IV: 96(0%), DEF IV: 8(0%), Work Speed: (0%), Skills: Aggressive
Foxparks, Level: 2, Rank: 1, Gender: Female, HP IV: 91(0%), ATK IV: 33(0%), DEF IV: 84(0%), Work Speed: (0%), Skills: Fine Furs
Foxparks, Level: 2, Rank: 1, Gender: Male, HP IV: 56(0%), ATK IV: 21(0%), DEF IV: 29(0%), Work Speed: (0%), Skills: Easygoing, Coldblooded
Foxparks, Level: 9, Rank: 1, Gender: Female, HP IV: 2(0%), ATK IV: 87(0%), DEF IV: 97(0%), Work Speed: (0%)
Hoocrates, Level: 4, Rank: 1, Gender: Female, HP IV: 59(0%), ATK IV: 57(0%), DEF IV: 83(0%), Work Speed: (0%), Skills: Diet Lover, Logging Foreman, Suntan Lover
Incineram, Level: 9, Rank: 1, Gender: Female, HP IV: 80(0%), ATK IV: 33(0%), DEF IV: 0(0%), Work Speed: (0%), Skills: Diet Lover
Jolthog Cryst, Level: 10, Rank: 1, Gender: Female, HP IV: 66(0%), ATK IV: 57(0%), DEF IV: 89(0%), Work Speed: (0%), Skills: Motivational Leader
Lamball, Level: 2, Rank: 1, Gender: Female, HP IV: 74(0%), ATK IV: 45(0%), DEF IV: 52(0%), Work Speed: (0%), Skills: Conceited
Lamball, Level: 2, Rank: 1, Gender: Male, HP IV: 55(0%), ATK IV: 61(0%), DEF IV: 9(0%), Work Speed: (0%), Skills: Zen Mind
Lamball, Level: 2, Rank: 1, Gender: Male, HP IV: 68(0%), ATK IV: 2(0%), DEF IV: 22(0%), Work Speed: (0%), Skills: Musclehead
Lamball, Level: 4, Rank: 1, Gender: Male, HP IV: 61(0%), ATK IV: 16(0%), DEF IV: 77(0%), Work Speed: (0%), Skills: Destructive
Lamball, Level: 5, Rank: 1, Gender: Male, HP IV: 54(0%), ATK IV: 60(0%), DEF IV: 4(0%), Work Speed: (0%), Skills: Mine Foreman
Leezpunk, Level: 9, Rank: 1, Gender: Male, HP IV: 72(0%), ATK IV: 26(0%), DEF IV: 7(0%), Work Speed: (0%)
Loupmoon, Level: 5, Rank: 1, Gender: Male, HP IV: 63(0%), ATK IV: 99(0%), DEF IV: 82(0%), Work Speed: (0%), Skills: Noble
Melpaca, Level: 10, Rank: 1, Gender: Male, HP IV: 45(0%), ATK IV: 9(0%), DEF IV: 81(0%), Work Speed: (0%), Skills: Dainty Eater
Melpaca, Level: 8, Rank: 1, Gender: Male, HP IV: 48(0%), ATK IV: 33(0%), DEF IV: 47(0%), Work Speed: (0%), Skills: Insulated Body
Melpaca, Level: 9, Rank: 1, Gender: Male, HP IV: 14(0%), ATK IV: 1(0%), DEF IV: 41(0%), Work Speed: (0%), Skills: Workaholic
Nox, Level: 6, Rank: 1, Gender: Male, HP IV: 91(0%), ATK IV: 16(0%), DEF IV: 82(0%), Work Speed: (0%), Skills: Impatient
Pengullet, Level: 10, Rank: 1, Gender: Male, HP IV: 36(0%), ATK IV: 82(0%), DEF IV: 95(0%), Work Speed: (0%), Skills: Nimble
Relaxaurus, Level: 9, Rank: 1, Gender: Female, HP IV: 47(0%), ATK IV: 1(0%), DEF IV: 50(0%), Work Speed: (0%), Skills: Glutton, Serious
Ribbuny, Level: 5, Rank: 1, Gender: Female, HP IV: 18(0%), ATK IV: 58(0%), DEF IV: 14(0%), Work Speed: (0%), Skills: Philantropist
Robinquill, Level: 7, Rank: 1, Gender: Male, HP IV: 24(0%), ATK IV: 87(0%), DEF IV: 61(0%), Work Speed: (0%), Skills: Fine Furs
Tanzee, Level: 2, Rank: 1, Gender: Male, HP IV: 81(0%), ATK IV: 42(0%), DEF IV: 8(0%), Work Speed: (0%), Skills: Pyromaniac
Rque's 42 Pals
--------------
Beegarde, Level: 6, Rank: 1, Gender: Female, HP IV: 88(0%), ATK IV: 66(0%), DEF IV: 61(0%), Work Speed: (0%), Skills: Slacker
Cattiva, Level: 11, Rank: 1, Gender: Male, HP IV: 53(0%), ATK IV: 94(0%), DEF IV: 81(0%), Work Speed: (0%), Skills: Coward, Insulated Body
Cattiva, Level: 3, Rank: 1, Gender: Female, HP IV: 69(0%), ATK IV: 61(0%), DEF IV: 23(0%), Work Speed: (0%), Skills: Coward, Easygoing
Cattiva, Level: 6, Rank: 1, Gender: Female, HP IV: 12(0%), ATK IV: 74(0%), DEF IV: 26(0%), Work Speed: (0%), Skills: Coward, Infinite Stamina
Chikipi, Level: 2, Rank: 1, Gender: Male, HP IV: 50(0%), ATK IV: 22(0%), DEF IV: 75(0%), Work Speed: (0%), Skills: Masochist
Chikipi, Level: 4, Rank: 1, Gender: Female, HP IV: 32(0%), ATK IV: 2(0%), DEF IV: 23(0%), Work Speed: (0%), Skills: Fine Furs
Daedream, Level: 10, Rank: 1, Gender: Male, HP IV: 62(0%), ATK IV: 29(0%), DEF IV: 70(0%), Work Speed: (0%), Skills: Noble
Depresso, Level: 9, Rank: 1, Gender: Female, HP IV: 11(0%), ATK IV: 20(0%), DEF IV: 32(0%), Work Speed: (0%), Skills: Bottomless Stomach, Coward
Dinossom Lux, Level: 16, Rank: 1, Gender: Female, HP IV: 20(0%), ATK IV: 96(0%), DEF IV: 10(0%), Work Speed: (0%), Skills: Fit as a Fiddle
Dinossom, Level: 13, Rank: 1, Gender: Female, HP IV: 58(0%), ATK IV: 30(0%), DEF IV: 43(0%), Work Speed: (0%), Skills: Heated Body
Dinossom, Level: 13, Rank: 1, Gender: Female, HP IV: 90(0%), ATK IV: 52(0%), DEF IV: 100(0%), Work Speed: (0%), Skills: Motivational Leader, Diet Lover
Direhowl, Level: 11, Rank: 1, Gender: Male, HP IV: 62(0%), ATK IV: 37(0%), DEF IV: 45(0%), Work Speed: (0%), Skills: Serious
Direhowl, Level: 5, Rank: 1, Gender: Female, HP IV: 77(0%), ATK IV: 55(0%), DEF IV: 87(0%), Work Speed: (0%)
Direhowl, Level: 6, Rank: 1, Gender: Male, HP IV: 10(0%), ATK IV: 17(0%), DEF IV: 53(0%), Work Speed: (0%)
Direhowl, Level: 6, Rank: 1, Gender: Male, HP IV: 58(0%), ATK IV: 87(0%), DEF IV: 12(0%), Work Speed: (0%), Skills: Botanical Barrier
Eikthyrdeer, Level: 11, Rank: 1, Gender: Female, HP IV: 27(0%), ATK IV: 63(0%), DEF IV: 91(0%), Work Speed: (0%), Skills: Power of Gaia
Eikthyrdeer, Level: 11, Rank: 1, Gender: Female, HP IV: 57(0%), ATK IV: 69(0%), DEF IV: 83(0%), Work Speed: (0%), Skills: Pacifist
Elphidran, Level: 9, Rank: 1, Gender: Female, HP IV: 46(0%), ATK IV: 100(0%), DEF IV: 44(0%), Work Speed: (0%), Skills: Bottomless Stomach
Flambelle, Level: 9, Rank: 1, Gender: Female, HP IV: 21(0%), ATK IV: 72(0%), DEF IV: 73(0%), Work Speed: (0%), Skills: Nocturnal
Foxparks, Level: 10, Rank: 1, Gender: Male, HP IV: 69(0%), ATK IV: 96(0%), DEF IV: 8(0%), Work Speed: (0%), Skills: Aggressive
Foxparks, Level: 2, Rank: 1, Gender: Female, HP IV: 91(0%), ATK IV: 33(0%), DEF IV: 84(0%), Work Speed: (0%), Skills: Fine Furs
Foxparks, Level: 2, Rank: 1, Gender: Male, HP IV: 56(0%), ATK IV: 21(0%), DEF IV: 29(0%), Work Speed: (0%), Skills: Easygoing, Coldblooded
Foxparks, Level: 9, Rank: 1, Gender: Female, HP IV: 2(0%), ATK IV: 87(0%), DEF IV: 97(0%), Work Speed: (0%)
Hoocrates, Level: 4, Rank: 1, Gender: Female, HP IV: 59(0%), ATK IV: 57(0%), DEF IV: 83(0%), Work Speed: (0%), Skills: Diet Lover, Logging Foreman, Suntan Lover
Incineram, Level: 9, Rank: 1, Gender: Female, HP IV: 80(0%), ATK IV: 33(0%), DEF IV: 0(0%), Work Speed: (0%), Skills: Diet Lover
Jolthog Cryst, Level: 10, Rank: 1, Gender: Female, HP IV: 66(0%), ATK IV: 57(0%), DEF IV: 89(0%), Work Speed: (0%), Skills: Motivational Leader
Lamball, Level: 2, Rank: 1, Gender: Female, HP IV: 74(0%), ATK IV: 45(0%), DEF IV: 52(0%), Work Speed: (0%), Skills: Conceited
Lamball, Level: 2, Rank: 1, Gender: Male, HP IV: 55(0%), ATK IV: 61(0%), DEF IV: 9(0%), Work Speed: (0%), Skills: Zen Mind
Lamball, Level: 2, Rank: 1, Gender: Male, HP IV: 68(0%), ATK IV: 2(0%), DEF IV: 22(0%), Work Speed: (0%), Skills: Musclehead
Lamball, Level: 4, Rank: 1, Gender: Male, HP IV: 61(0%), ATK IV: 16(0%), DEF IV: 77(0%), Work Speed: (0%), Skills: Destructive
Lamball, Level: 5, Rank: 1, Gender: Male, HP IV: 54(0%), ATK IV: 60(0%), DEF IV: 4(0%), Work Speed: (0%), Skills: Mine Foreman
Leezpunk, Level: 9, Rank: 1, Gender: Male, HP IV: 72(0%), ATK IV: 26(0%), DEF IV: 7(0%), Work Speed: (0%)
Loupmoon, Level: 5, Rank: 1, Gender: Male, HP IV: 63(0%), ATK IV: 99(0%), DEF IV: 82(0%), Work Speed: (0%), Skills: Noble
Melpaca, Level: 10, Rank: 1, Gender: Male, HP IV: 45(0%), ATK IV: 9(0%), DEF IV: 81(0%), Work Speed: (0%), Skills: Dainty Eater
Melpaca, Level: 8, Rank: 1, Gender: Male, HP IV: 48(0%), ATK IV: 33(0%), DEF IV: 47(0%), Work Speed: (0%), Skills: Insulated Body
Melpaca, Level: 9, Rank: 1, Gender: Male, HP IV: 14(0%), ATK IV: 1(0%), DEF IV: 41(0%), Work Speed: (0%), Skills: Workaholic
Nox, Level: 6, Rank: 1, Gender: Male, HP IV: 91(0%), ATK IV: 16(0%), DEF IV: 82(0%), Work Speed: (0%), Skills: Impatient
Pengullet, Level: 10, Rank: 1, Gender: Male, HP IV: 36(0%), ATK IV: 82(0%), DEF IV: 95(0%), Work Speed: (0%), Skills: Nimble
Relaxaurus, Level: 9, Rank: 1, Gender: Female, HP IV: 47(0%), ATK IV: 1(0%), DEF IV: 50(0%), Work Speed: (0%), Skills: Glutton, Serious
Ribbuny, Level: 5, Rank: 1, Gender: Female, HP IV: 18(0%), ATK IV: 58(0%), DEF IV: 14(0%), Work Speed: (0%), Skills: Philantropist
Robinquill, Level: 7, Rank: 1, Gender: Male, HP IV: 24(0%), ATK IV: 87(0%), DEF IV: 61(0%), Work Speed: (0%), Skills: Fine Furs
Tanzee, Level: 2, Rank: 1, Gender: Male, HP IV: 81(0%), ATK IV: 42(0%), DEF IV: 8(0%), Work Speed: (0%), Skills: Pyromaniac
Rque's 42 Pals
--------------
Beegarde, Level: 6, Rank: 1, Gender: Female, HP IV: 88(0%), ATK IV: 66(0%), DEF IV: 61(0%), Work Speed: (0%), Skills: Slacker
Cattiva, Level: 11, Rank: 1, Gender: Male, HP IV: 53(0%), ATK IV: 94(0%), DEF IV: 81(0%), Work Speed: (0%), Skills: Coward, Insulated Body
Cattiva, Level: 3, Rank: 1, Gender: Female, HP IV: 69(0%), ATK IV: 61(0%), DEF IV: 23(0%), Work Speed: (0%), Skills: Coward, Easygoing
Cattiva, Level: 6, Rank: 1, Gender: Female, HP IV: 12(0%), ATK IV: 74(0%), DEF IV: 26(0%), Work Speed: (0%), Skills: Coward, Infinite Stamina
Chikipi, Level: 2, Rank: 1, Gender: Male, HP IV: 50(0%), ATK IV: 22(0%), DEF IV: 75(0%), Work Speed: (0%), Skills: Masochist
Chikipi, Level: 4, Rank: 1, Gender: Female, HP IV: 32(0%), ATK IV: 2(0%), DEF IV: 23(0%), Work Speed: (0%), Skills: Fine Furs
Daedream, Level: 10, Rank: 1, Gender: Male, HP IV: 62(0%), ATK IV: 29(0%), DEF IV: 70(0%), Work Speed: (0%), Skills: Noble
Depresso, Level: 9, Rank: 1, Gender: Female, HP IV: 11(0%), ATK IV: 20(0%), DEF IV: 32(0%), Work Speed: (0%), Skills: Bottomless Stomach, Coward
Dinossom Lux, Level: 16, Rank: 1, Gender: Female, HP IV: 20(0%), ATK IV: 96(0%), DEF IV: 10(0%), Work Speed: (0%), Skills: Fit as a Fiddle
Dinossom, Level: 13, Rank: 1, Gender: Female, HP IV: 58(0%), ATK IV: 30(0%), DEF IV: 43(0%), Work Speed: (0%), Skills: Heated Body
Dinossom, Level: 13, Rank: 1, Gender: Female, HP IV: 90(0%), ATK IV: 52(0%), DEF IV: 100(0%), Work Speed: (0%), Skills: Motivational Leader, Diet Lover
Direhowl, Level: 11, Rank: 1, Gender: Male, HP IV: 62(0%), ATK IV: 37(0%), DEF IV: 45(0%), Work Speed: (0%), Skills: Serious
Direhowl, Level: 5, Rank: 1, Gender: Female, HP IV: 77(0%), ATK IV: 55(0%), DEF IV: 87(0%), Work Speed: (0%)
Direhowl, Level: 6, Rank: 1, Gender: Male, HP IV: 10(0%), ATK IV: 17(0%), DEF IV: 53(0%), Work Speed: (0%)
Direhowl, Level: 6, Rank: 1, Gender: Male, HP IV: 58(0%), ATK IV: 87(0%), DEF IV: 12(0%), Work Speed: (0%), Skills: Botanical Barrier
Eikthyrdeer, Level: 11, Rank: 1, Gender: Female, HP IV: 27(0%), ATK IV: 63(0%), DEF IV: 91(0%), Work Speed: (0%), Skills: Power of Gaia
Eikthyrdeer, Level: 11, Rank: 1, Gender: Female, HP IV: 57(0%), ATK IV: 69(0%), DEF IV: 83(0%), Work Speed: (0%), Skills: Pacifist
Elphidran, Level: 9, Rank: 1, Gender: Female, HP IV: 46(0%), ATK IV: 100(0%), DEF IV: 44(0%), Work Speed: (0%), Skills: Bottomless Stomach
Flambelle, Level: 9, Rank: 1, Gender: Female, HP IV: 21(0%), ATK IV: 72(0%), DEF IV: 73(0%), Work Speed: (0%), Skills: Nocturnal
Foxparks, Level: 10, Rank: 1, Gender: Male, HP IV: 69(0%), ATK IV: 96(0%), DEF IV: 8(0%), Work Speed: (0%), Skills: Aggressive
Foxparks, Level: 2, Rank: 1, Gender: Female, HP IV: 91(0%), ATK IV: 33(0%), DEF IV: 84(0%), Work Speed: (0%), Skills: Fine Furs
Foxparks, Level: 2, Rank: 1, Gender: Male, HP IV: 56(0%), ATK IV: 21(0%), DEF IV: 29(0%), Work Speed: (0%), Skills: Easygoing, Coldblooded
Foxparks, Level: 9, Rank: 1, Gender: Female, HP IV: 2(0%), ATK IV: 87(0%), DEF IV: 97(0%), Work Speed: (0%)
Hoocrates, Level: 4, Rank: 1, Gender: Female, HP IV: 59(0%), ATK IV: 57(0%), DEF IV: 83(0%), Work Speed: (0%), Skills: Diet Lover, Logging Foreman, Suntan Lover
Incineram, Level: 9, Rank: 1, Gender: Female, HP IV: 80(0%), ATK IV: 33(0%), DEF IV: 0(0%), Work Speed: (0%), Skills: Diet Lover
Jolthog Cryst, Level: 10, Rank: 1, Gender: Female, HP IV: 66(0%), ATK IV: 57(0%), DEF IV: 89(0%), Work Speed: (0%), Skills: Motivational Leader
Lamball, Level: 2, Rank: 1, Gender: Female, HP IV: 74(0%), ATK IV: 45(0%), DEF IV: 52(0%), Work Speed: (0%), Skills: Conceited
Lamball, Level: 2, Rank: 1, Gender: Male, HP IV: 55(0%), ATK IV: 61(0%), DEF IV: 9(0%), Work Speed: (0%), Skills: Zen Mind
Lamball, Level: 2, Rank: 1, Gender: Male, HP IV: 68(0%), ATK IV: 2(0%), DEF IV: 22(0%), Work Speed: (0%), Skills: Musclehead
Lamball, Level: 4, Rank: 1, Gender: Male, HP IV: 61(0%), ATK IV: 16(0%), DEF IV: 77(0%), Work Speed: (0%), Skills: Destructive
Lamball, Level: 5, Rank: 1, Gender: Male, HP IV: 54(0%), ATK IV: 60(0%), DEF IV: 4(0%), Work Speed: (0%), Skills: Mine Foreman
Leezpunk, Level: 9, Rank: 1, Gender: Male, HP IV: 72(0%), ATK IV: 26(0%), DEF IV: 7(0%), Work Speed: (0%)
Loupmoon, Level: 5, Rank: 1, Gender: Male, HP IV: 63(0%), ATK IV: 99(0%), DEF IV: 82(0%), Work Speed: (0%), Skills: Noble
Melpaca, Level: 10, Rank: 1, Gender: Male, HP IV: 45(0%), ATK IV: 9(0%), DEF IV: 81(0%), Work Speed: (0%), Skills: Dainty Eater
Melpaca, Level: 8, Rank: 1, Gender: Male, HP IV: 48(0%), ATK IV: 33(0%), DEF IV: 47(0%), Work Speed: (0%), Skills: Insulated Body
Melpaca, Level: 9, Rank: 1, Gender: Male, HP IV: 14(0%), ATK IV: 1(0%), DEF IV: 41(0%), Work Speed: (0%), Skills: Workaholic
Nox, Level: 6, Rank: 1, Gender: Male, HP IV: 91(0%), ATK IV: 16(0%), DEF IV: 82(0%), Work Speed: (0%), Skills: Impatient
Pengullet, Level: 10, Rank: 1, Gender: Male, HP IV: 36(0%), ATK IV: 82(0%), DEF IV: 95(0%), Work Speed: (0%), Skills: Nimble
Relaxaurus, Level: 9, Rank: 1, Gender: Female, HP IV: 47(0%), ATK IV: 1(0%), DEF IV: 50(0%), Work Speed: (0%), Skills: Glutton, Serious
Ribbuny, Level: 5, Rank: 1, Gender: Female, HP IV: 18(0%), ATK IV: 58(0%), DEF IV: 14(0%), Work Speed: (0%), Skills: Philantropist
Robinquill, Level: 7, Rank: 1, Gender: Male, HP IV: 24(0%), ATK IV: 87(0%), DEF IV: 61(0%), Work Speed: (0%), Skills: Fine Furs
Tanzee, Level: 2, Rank: 1, Gender: Male, HP IV: 81(0%), ATK IV: 42(0%), DEF IV: 8(0%), Work Speed: (0%), Skills: Pyromaniac
Rque's 42 Pals
--------------
Beegarde, Level: 6, Rank: 1, Gender: Female, HP IV: 88(0%), ATK IV: 66(0%), DEF IV: 61(0%), Work Speed: (0%), Skills: Slacker
Cattiva, Level: 11, Rank: 1, Gender: Male, HP IV: 53(0%), ATK IV: 94(0%), DEF IV: 81(0%), Work Speed: (0%), Skills: Coward, Insulated Body
Cattiva, Level: 3, Rank: 1, Gender: Female, HP IV: 69(0%), ATK IV: 61(0%), DEF IV: 23(0%), Work Speed: (0%), Skills: Coward, Easygoing
Cattiva, Level: 6, Rank: 1, Gender: Female, HP IV: 12(0%), ATK IV: 74(0%), DEF IV: 26(0%), Work Speed: (0%), Skills: Coward, Infinite Stamina
Chikipi, Level: 2, Rank: 1, Gender: Male, HP IV: 50(0%), ATK IV: 22(0%), DEF IV: 75(0%), Work Speed: (0%), Skills: Masochist
Chikipi, Level: 4, Rank: 1, Gender: Female, HP IV: 32(0%), ATK IV: 2(0%), DEF IV: 23(0%), Work Speed: (0%), Skills: Fine Furs
Daedream, Level: 10, Rank: 1, Gender: Male, HP IV: 62(0%), ATK IV: 29(0%), DEF IV: 70(0%), Work Speed: (0%), Skills: Noble
Depresso, Level: 9, Rank: 1, Gender: Female, HP IV: 11(0%), ATK IV: 20(0%), DEF IV: 32(0%), Work Speed: (0%), Skills: Bottomless Stomach, Coward
Dinossom Lux, Level: 16, Rank: 1, Gender: Female, HP IV: 20(0%), ATK IV: 96(0%), DEF IV: 10(0%), Work Speed: (0%), Skills: Fit as a Fiddle
Dinossom, Level: 13, Rank: 1, Gender: Female, HP IV: 58(0%), ATK IV: 30(0%), DEF IV: 43(0%), Work Speed: (0%), Skills: Heated Body
Dinossom, Level: 13, Rank: 1, Gender: Female, HP IV: 90(0%), ATK IV: 52(0%), DEF IV: 100(0%), Work Speed: (0%), Skills: Motivational Leader, Diet Lover
Direhowl, Level: 11, Rank: 1, Gender: Male, HP IV: 62(0%), ATK IV: 37(0%), DEF IV: 45(0%), Work Speed: (0%), Skills: Serious
Direhowl, Level: 5, Rank: 1, Gender: Female, HP IV: 77(0%), ATK IV: 55(0%), DEF IV: 87(0%), Work Speed: (0%)
Direhowl, Level: 6, Rank: 1, Gender: Male, HP IV: 10(0%), ATK IV: 17(0%), DEF IV: 53(0%), Work Speed: (0%)
Direhowl, Level: 6, Rank: 1, Gender: Male, HP IV: 58(0%), ATK IV: 87(0%), DEF IV: 12(0%), Work Speed: (0%), Skills: Botanical Barrier
Eikthyrdeer, Level: 11, Rank: 1, Gender: Female, HP IV: 27(0%), ATK IV: 63(0%), DEF IV: 91(0%), Work Speed: (0%), Skills: Power of Gaia
Eikthyrdeer, Level: 11, Rank: 1, Gender: Female, HP IV: 57(0%), ATK IV: 69(0%), DEF IV: 83(0%), Work Speed: (0%), Skills: Pacifist
Elphidran, Level: 9, Rank: 1, Gender: Female, HP IV: 46(0%), ATK IV: 100(0%), DEF IV: 44(0%), Work Speed: (0%), Skills: Bottomless Stomach
Flambelle, Level: 9, Rank: 1, Gender: Female, HP IV: 21(0%), ATK IV: 72(0%), DEF IV: 73(0%), Work Speed: (0%), Skills: Nocturnal
Foxparks, Level: 10, Rank: 1, Gender: Male, HP IV: 69(0%), ATK IV: 96(0%), DEF IV: 8(0%), Work Speed: (0%), Skills: Aggressive
Foxparks, Level: 2, Rank: 1, Gender: Female, HP IV: 91(0%), ATK IV: 33(0%), DEF IV: 84(0%), Work Speed: (0%), Skills: Fine Furs
Foxparks, Level: 2, Rank: 1, Gender: Male, HP IV: 56(0%), ATK IV: 21(0%), DEF IV: 29(0%), Work Speed: (0%), Skills: Easygoing, Coldblooded
Foxparks, Level: 9, Rank: 1, Gender: Female, HP IV: 2(0%), ATK IV: 87(0%), DEF IV: 97(0%), Work Speed: (0%)
Hoocrates, Level: 4, Rank: 1, Gender: Female, HP IV: 59(0%), ATK IV: 57(0%), DEF IV: 83(0%), Work Speed: (0%), Skills: Diet Lover, Logging Foreman, Suntan Lover
Incineram, Level: 9, Rank: 1, Gender: Female, HP IV: 80(0%), ATK IV: 33(0%), DEF IV: 0(0%), Work Speed: (0%), Skills: Diet Lover
Jolthog Cryst, Level: 10, Rank: 1, Gender: Female, HP IV: 66(0%), ATK IV: 57(0%), DEF IV: 89(0%), Work Speed: (0%), Skills: Motivational Leader
Lamball, Level: 2, Rank: 1, Gender: Female, HP IV: 74(0%), ATK IV: 45(0%), DEF IV: 52(0%), Work Speed: (0%), Skills: Conceited
Lamball, Level: 2, Rank: 1, Gender: Male, HP IV: 55(0%), ATK IV: 61(0%), DEF IV: 9(0%), Work Speed: (0%), Skills: Zen Mind
Lamball, Level: 2, Rank: 1, Gender: Male, HP IV: 68(0%), ATK IV: 2(0%), DEF IV: 22(0%), Work Speed: (0%), Skills: Musclehead
Lamball, Level: 4, Rank: 1, Gender: Male, HP IV: 61(0%), ATK IV: 16(0%), DEF IV: 77(0%), Work Speed: (0%), Skills: Destructive
Lamball, Level: 5, Rank: 1, Gender: Male, HP IV: 54(0%), ATK IV: 60(0%), DEF IV: 4(0%), Work Speed: (0%), Skills: Mine Foreman
Leezpunk, Level: 9, Rank: 1, Gender: Male, HP IV: 72(0%), ATK IV: 26(0%), DEF IV: 7(0%), Work Speed: (0%)
Loupmoon, Level: 5, Rank: 1, Gender: Male, HP IV: 63(0%), ATK IV: 99(0%), DEF IV: 82(0%), Work Speed: (0%), Skills: Noble
Melpaca, Level: 10, Rank: 1, Gender: Male, HP IV: 45(0%), ATK IV: 9(0%), DEF IV: 81(0%), Work Speed: (0%), Skills: Dainty Eater
Melpaca, Level: 8, Rank: 1, Gender: Male, HP IV: 48(0%), ATK IV: 33(0%), DEF IV: 47(0%), Work Speed: (0%), Skills: Insulated Body
Melpaca, Level: 9, Rank: 1, Gender: Male, HP IV: 14(0%), ATK IV: 1(0%), DEF IV: 41(0%), Work Speed: (0%), Skills: Workaholic
Nox, Level: 6, Rank: 1, Gender: Male, HP IV: 91(0%), ATK IV: 16(0%), DEF IV: 82(0%), Work Speed: (0%), Skills: Impatient
Pengullet, Level: 10, Rank: 1, Gender: Male, HP IV: 36(0%), ATK IV: 82(0%), DEF IV: 95(0%), Work Speed: (0%), Skills: Nimble
Relaxaurus, Level: 9, Rank: 1, Gender: Female, HP IV: 47(0%), ATK IV: 1(0%), DEF IV: 50(0%), Work Speed: (0%), Skills: Glutton, Serious
Ribbuny, Level: 5, Rank: 1, Gender: Female, HP IV: 18(0%), ATK IV: 58(0%), DEF IV: 14(0%), Work Speed: (0%), Skills: Philantropist
Robinquill, Level: 7, Rank: 1, Gender: Male, HP IV: 24(0%), ATK IV: 87(0%), DEF IV: 61(0%), Work Speed: (0%), Skills: Fine Furs
Tanzee, Level: 2, Rank: 1, Gender: Male, HP IV: 81(0%), ATK IV: 42(0%), DEF IV: 8(0%), Work Speed: (0%), Skills: Pyromaniac
Rque's 42 Pals
--------------
Beegarde, Level: 6, Rank: 1, Gender: Female, HP IV: 88(0%), ATK IV: 66(0%), DEF IV: 61(0%), Work Speed: (0%), Skills: Slacker
Cattiva, Level: 11, Rank: 1, Gender: Male, HP IV: 53(0%), ATK IV: 94(0%), DEF IV: 81(0%), Work Speed: (0%), Skills: Coward, Insulated Body
Cattiva, Level: 3, Rank: 1, Gender: Female, HP IV: 69(0%), ATK IV: 61(0%), DEF IV: 23(0%), Work Speed: (0%), Skills: Coward, Easygoing
Cattiva, Level: 6, Rank: 1, Gender: Female, HP IV: 12(0%), ATK IV: 74(0%), DEF IV: 26(0%), Work Speed: (0%), Skills: Coward, Infinite Stamina
Chikipi, Level: 2, Rank: 1, Gender: Male, HP IV: 50(0%), ATK IV: 22(0%), DEF IV: 75(0%), Work Speed: (0%), Skills: Masochist
Chikipi, Level: 4, Rank: 1, Gender: Female, HP IV: 32(0%), ATK IV: 2(0%), DEF IV: 23(0%), Work Speed: (0%), Skills: Fine Furs
Daedream, Level: 10, Rank: 1, Gender: Male, HP IV: 62(0%), ATK IV: 29(0%), DEF IV: 70(0%), Work Speed: (0%), Skills: Noble
Depresso, Level: 9, Rank: 1, Gender: Female, HP IV: 11(0%), ATK IV: 20(0%), DEF IV: 32(0%), Work Speed: (0%), Skills: Bottomless Stomach, Coward
Dinossom Lux, Level: 16, Rank: 1, Gender: Female, HP IV: 20(0%), ATK IV: 96(0%), DEF IV: 10(0%), Work Speed: (0%), Skills: Fit as a Fiddle
Dinossom, Level: 13, Rank: 1, Gender: Female, HP IV: 58(0%), ATK IV: 30(0%), DEF IV: 43(0%), Work Speed: (0%), Skills: Heated Body
Dinossom, Level: 13, Rank: 1, Gender: Female, HP IV: 90(0%), ATK IV: 52(0%), DEF IV: 100(0%), Work Speed: (0%), Skills: Motivational Leader, Diet Lover
Direhowl, Level: 11, Rank: 1, Gender: Male, HP IV: 62(0%), ATK IV: 37(0%), DEF IV: 45(0%), Work Speed: (0%), Skills: Serious
Direhowl, Level: 5, Rank: 1, Gender: Female, HP IV: 77(0%), ATK IV: 55(0%), DEF IV: 87(0%), Work Speed: (0%)
Direhowl, Level: 6, Rank: 1, Gender: Male, HP IV: 10(0%), ATK IV: 17(0%), DEF IV: 53(0%), Work Speed: (0%)
Direhowl, Level: 6, Rank: 1, Gender: Male, HP IV: 58(0%), ATK IV: 87(0%), DEF IV: 12(0%), Work Speed: (0%), Skills: Botanical Barrier
Eikthyrdeer, Level: 11, Rank: 1, Gender: Female, HP IV: 27(0%), ATK IV: 63(0%), DEF IV: 91(0%), Work Speed: (0%), Skills: Power of Gaia
Eikthyrdeer, Level: 11, Rank: 1, Gender: Female, HP IV: 57(0%), ATK IV: 69(0%), DEF IV: 83(0%), Work Speed: (0%), Skills: Pacifist
Elphidran, Level: 9, Rank: 1, Gender: Female, HP IV: 46(0%), ATK IV: 100(0%), DEF IV: 44(0%), Work Speed: (0%), Skills: Bottomless Stomach
Flambelle, Level: 9, Rank: 1, Gender: Female, HP IV: 21(0%), ATK IV: 72(0%), DEF IV: 73(0%), Work Speed: (0%), Skills: Nocturnal
Foxparks, Level: 10, Rank: 1, Gender: Male, HP IV: 69(0%), ATK IV: 96(0%), DEF IV: 8(0%), Work Speed: (0%), Skills: Aggressive
Foxparks, Level: 2, Rank: 1, Gender: Female, HP IV: 91(0%), ATK IV: 33(0%), DEF IV: 84(0%), Work Speed: (0%), Skills: Fine Furs
Foxparks, Level: 2, Rank: 1, Gender: Male, HP IV: 56(0%), ATK IV: 21(0%), DEF IV: 29(0%), Work Speed: (0%), Skills: Easygoing, Coldblooded
Foxparks, Level: 9, Rank: 1, Gender: Female, HP IV: 2(0%), ATK IV: 87(0%), DEF IV: 97(0%), Work Speed: (0%)
Hoocrates, Level: 4, Rank: 1, Gender: Female, HP IV: 59(0%), ATK IV: 57(0%), DEF IV: 83(0%), Work Speed: (0%), Skills: Diet Lover, Logging Foreman, Suntan Lover
Incineram, Level: 9, Rank: 1, Gender: Female, HP IV: 80(0%), ATK IV: 33(0%), DEF IV: 0(0%), Work Speed: (0%), Skills: Diet Lover
Jolthog Cryst, Level: 10, Rank: 1, Gender: Female, HP IV: 66(0%), ATK IV: 57(0%), DEF IV: 89(0%), Work Speed: (0%), Skills: Motivational Leader
Lamball, Level: 2, Rank: 1, Gender: Female, HP IV: 74(0%), ATK IV: 45(0%), DEF IV: 52(0%), Work Speed: (0%), Skills: Conceited
Lamball, Level: 2, Rank: 1, Gender: Male, HP IV: 55(0%), ATK IV: 61(0%), DEF IV: 9(0%), Work Speed: (0%), Skills: Zen Mind
Lamball, Level: 2, Rank: 1, Gender: Male, HP IV: 68(0%), ATK IV: 2(0%), DEF IV: 22(0%), Work Speed: (0%), Skills: Musclehead
Lamball, Level: 4, Rank: 1, Gender: Male, HP IV: 61(0%), ATK IV: 16(0%), DEF IV: 77(0%), Work Speed: (0%), Skills: Destructive
Lamball, Level: 5, Rank: 1, Gender: Male, HP IV: 54(0%), ATK IV: 60(0%), DEF IV: 4(0%), Work Speed: (0%), Skills: Mine Foreman
Leezpunk, Level: 9, Rank: 1, Gender: Male, HP IV: 72(0%), ATK IV: 26(0%), DEF IV: 7(0%), Work Speed: (0%)
Loupmoon, Level: 5, Rank: 1, Gender: Male, HP IV: 63(0%), ATK IV: 99(0%), DEF IV: 82(0%), Work Speed: (0%), Skills: Noble
Melpaca, Level: 10, Rank: 1, Gender: Male, HP IV: 45(0%), ATK IV: 9(0%), DEF IV: 81(0%), Work Speed: (0%), Skills: Dainty Eater
Melpaca, Level: 8, Rank: 1, Gender: Male, HP IV: 48(0%), ATK IV: 33(0%), DEF IV: 47(0%), Work Speed: (0%), Skills: Insulated Body
Melpaca, Level: 9, Rank: 1, Gender: Male, HP IV: 14(0%), ATK IV: 1(0%), DEF IV: 41(0%), Work Speed: (0%), Skills: Workaholic
Nox, Level: 6, Rank: 1, Gender: Male, HP IV: 91(0%), ATK IV: 16(0%), DEF IV: 82(0%), Work Speed: (0%), Skills: Impatient
Pengullet, Level: 10, Rank: 1, Gender: Male, HP IV: 36(0%), ATK IV: 82(0%), DEF IV: 95(0%), Work Speed: (0%), Skills: Nimble
Relaxaurus, Level: 9, Rank: 1, Gender: Female, HP IV: 47(0%), ATK IV: 1(0%), DEF IV: 50(0%), Work Speed: (0%), Skills: Glutton, Serious
Ribbuny, Level: 5, Rank: 1, Gender: Female, HP IV: 18(0%), ATK IV: 58(0%), DEF IV: 14(0%), Work Speed: (0%), Skills: Philantropist
Robinquill, Level: 7, Rank: 1, Gender: Male, HP IV: 24(0%), ATK IV: 87(0%), DEF IV: 61(0%), Work Speed: (0%), Skills: Fine Furs
Tanzee, Level: 2, Rank: 1, Gender: Male, HP IV: 81(0%), ATK IV: 42(0%), DEF IV: 8(0%), Work Speed: (0%), Skills: Pyromaniac
Rque's 42 Pals
--------------
Beegarde, Level: 6, Rank: 1, Gender: Female, HP IV: 88(0%), ATK IV: 66(0%), DEF IV: 61(0%), Work Speed: (0%), Skills: Slacker
Cattiva, Level: 11, Rank: 1, Gender: Male, HP IV: 53(0%), ATK IV: 94(0%), DEF IV: 81(0%), Work Speed: (0%), Skills: Coward, Insulated Body
Cattiva, Level: 3, Rank: 1, Gender: Female, HP IV: 69(0%), ATK IV: 61(0%), DEF IV: 23(0%), Work Speed: (0%), Skills: Coward, Easygoing
Cattiva, Level: 6, Rank: 1, Gender: Female, HP IV: 12(0%), ATK IV: 74(0%), DEF IV: 26(0%), Work Speed: (0%), Skills: Coward, Infinite Stamina
Chikipi, Level: 2, Rank: 1, Gender: Male, HP IV: 50(0%), ATK IV: 22(0%), DEF IV: 75(0%), Work Speed: (0%), Skills: Masochist
Chikipi, Level: 4, Rank: 1, Gender: Female, HP IV: 32(0%), ATK IV: 2(0%), DEF IV: 23(0%), Work Speed: (0%), Skills: Fine Furs
Daedream, Level: 10, Rank: 1, Gender: Male, HP IV: 62(0%), ATK IV: 29(0%), DEF IV: 70(0%), Work Speed: (0%), Skills: Noble
Depresso, Level: 9, Rank: 1, Gender: Female, HP IV: 11(0%), ATK IV: 20(0%), DEF IV: 32(0%), Work Speed: (0%), Skills: Bottomless Stomach, Coward
Dinossom Lux, Level: 16, Rank: 1, Gender: Female, HP IV: 20(0%), ATK IV: 96(0%), DEF IV: 10(0%), Work Speed: (0%), Skills: Fit as a Fiddle
Dinossom, Level: 13, Rank: 1, Gender: Female, HP IV: 58(0%), ATK IV: 30(0%), DEF IV: 43(0%), Work Speed: (0%), Skills: Heated Body
Dinossom, Level: 13, Rank: 1, Gender: Female, HP IV: 90(0%), ATK IV: 52(0%), DEF IV: 100(0%), Work Speed: (0%), Skills: Motivational Leader, Diet Lover
Direhowl, Level: 11, Rank: 1, Gender: Male, HP IV: 62(0%), ATK IV: 37(0%), DEF IV: 45(0%), Work Speed: (0%), Skills: Serious
Direhowl, Level: 5, Rank: 1, Gender: Female, HP IV: 77(0%), ATK IV: 55(0%), DEF IV: 87(0%), Work Speed: (0%)
Direhowl, Level: 6, Rank: 1, Gender: Male, HP IV: 10(0%), ATK IV: 17(0%), DEF IV: 53(0%), Work Speed: (0%)
Direhowl, Level: 6, Rank: 1, Gender: Male, HP IV: 58(0%), ATK IV: 87(0%), DEF IV: 12(0%), Work Speed: (0%), Skills: Botanical Barrier
Eikthyrdeer, Level: 11, Rank: 1, Gender: Female, HP IV: 27(0%), ATK IV: 63(0%), DEF IV: 91(0%), Work Speed: (0%), Skills: Power of Gaia
Eikthyrdeer, Level: 11, Rank: 1, Gender: Female, HP IV: 57(0%), ATK IV: 69(0%), DEF IV: 83(0%), Work Speed: (0%), Skills: Pacifist
Elphidran, Level: 9, Rank: 1, Gender: Female, HP IV: 46(0%), ATK IV: 100(0%), DEF IV: 44(0%), Work Speed: (0%), Skills: Bottomless Stomach
Flambelle, Level: 9, Rank: 1, Gender: Female, HP IV: 21(0%), ATK IV: 72(0%), DEF IV: 73(0%), Work Speed: (0%), Skills: Nocturnal
Foxparks, Level: 10, Rank: 1, Gender: Male, HP IV: 69(0%), ATK IV: 96(0%), DEF IV: 8(0%), Work Speed: (0%), Skills: Aggressive
Foxparks, Level: 2, Rank: 1, Gender: Female, HP IV: 91(0%), ATK IV: 33(0%), DEF IV: 84(0%), Work Speed: (0%), Skills: Fine Furs
Foxparks, Level: 2, Rank: 1, Gender: Male, HP IV: 56(0%), ATK IV: 21(0%), DEF IV: 29(0%), Work Speed: (0%), Skills: Easygoing, Coldblooded
Foxparks, Level: 9, Rank: 1, Gender: Female, HP IV: 2(0%), ATK IV: 87(0%), DEF IV: 97(0%), Work Speed: (0%)
Hoocrates, Level: 4, Rank: 1, Gender: Female, HP IV: 59(0%), ATK IV: 57(0%), DEF IV: 83(0%), Work Speed: (0%), Skills: Diet Lover, Logging Foreman, Suntan Lover
Incineram, Level: 9, Rank: 1, Gender: Female, HP IV: 80(0%), ATK IV: 33(0%), DEF IV: 0(0%), Work Speed: (0%), Skills: Diet Lover
Jolthog Cryst, Level: 10, Rank: 1, Gender: Female, HP IV: 66(0%), ATK IV: 57(0%), DEF IV: 89(0%), Work Speed: (0%), Skills: Motivational Leader
Lamball, Level: 2, Rank: 1, Gender: Female, HP IV: 74(0%), ATK IV: 45(0%), DEF IV: 52(0%), Work Speed: (0%), Skills: Conceited
Lamball, Level: 2, Rank: 1, Gender: Male, HP IV: 55(0%), ATK IV: 61(0%), DEF IV: 9(0%), Work Speed: (0%), Skills: Zen Mind
Lamball, Level: 2, Rank: 1, Gender: Male, HP IV: 68(0%), ATK IV: 2(0%), DEF IV: 22(0%), Work Speed: (0%), Skills: Musclehead
Lamball, Level: 4, Rank: 1, Gender: Male, HP IV: 61(0%), ATK IV: 16(0%), DEF IV: 77(0%), Work Speed: (0%), Skills: Destructive
Lamball, Level: 5, Rank: 1, Gender: Male, HP IV: 54(0%), ATK IV: 60(0%), DEF IV: 4(0%), Work Speed: (0%), Skills: Mine Foreman
Leezpunk, Level: 9, Rank: 1, Gender: Male, HP IV: 72(0%), ATK IV: 26(0%), DEF IV: 7(0%), Work Speed: (0%)
Loupmoon, Level: 5, Rank: 1, Gender: Male, HP IV: 63(0%), ATK IV: 99(0%), DEF IV: 82(0%), Work Speed: (0%), Skills: Noble
Melpaca, Level: 10, Rank: 1, Gender: Male, HP IV: 45(0%), ATK IV: 9(0%), DEF IV: 81(0%), Work Speed: (0%), Skills: Dainty Eater
Melpaca, Level: 8, Rank: 1, Gender: Male, HP IV: 48(0%), ATK IV: 33(0%), DEF IV: 47(0%), Work Speed: (0%), Skills: Insulated Body
Melpaca, Level: 9, Rank: 1, Gender: Male, HP IV: 14(0%), ATK IV: 1(0%), DEF IV: 41(0%), Work Speed: (0%), Skills: Workaholic
Nox, Level: 6, Rank: 1, Gender: Male, HP IV: 91(0%), ATK IV: 16(0%), DEF IV: 82(0%), Work Speed: (0%), Skills: Impatient
Pengullet, Level: 10, Rank: 1, Gender: Male, HP IV: 36(0%), ATK IV: 82(0%), DEF IV: 95(0%), Work Speed: (0%), Skills: Nimble
Relaxaurus, Level: 9, Rank: 1, Gender: Female, HP IV: 47(0%), ATK IV: 1(0%), DEF IV: 50(0%), Work Speed: (0%), Skills: Glutton, Serious
Ribbuny, Level: 5, Rank: 1, Gender: Female, HP IV: 18(0%), ATK IV: 58(0%), DEF IV: 14(0%), Work Speed: (0%), Skills: Philantropist
Robinquill, Level: 7, Rank: 1, Gender: Male, HP IV: 24(0%), ATK IV: 87(0%), DEF IV: 61(0%), Work Speed: (0%), Skills: Fine Furs
Tanzee, Level: 2, Rank: 1, Gender: Male, HP IV: 81(0%), ATK IV: 42(0%), DEF IV: 8(0%), Work Speed: (0%), Skills: Pyromaniac
Rque's 42 Pals
--------------
Beegarde, Level: 6, Rank: 1, Gender: Female, HP IV: 88(0%), ATK IV: 66(0%), DEF IV: 61(0%), Work Speed: (0%), Skills: Slacker
Cattiva, Level: 11, Rank: 1, Gender: Male, HP IV: 53(0%), ATK IV: 94(0%), DEF IV: 81(0%), Work Speed: (0%), Skills: Coward, Insulated Body
Cattiva, Level: 3, Rank: 1, Gender: Female, HP IV: 69(0%), ATK IV: 61(0%), DEF IV: 23(0%), Work Speed: (0%), Skills: Coward, Easygoing
Cattiva, Level: 6, Rank: 1, Gender: Female, HP IV: 12(0%), ATK IV: 74(0%), DEF IV: 26(0%), Work Speed: (0%), Skills: Coward, Infinite Stamina
Chikipi, Level: 2, Rank: 1, Gender: Male, HP IV: 50(0%), ATK IV: 22(0%), DEF IV: 75(0%), Work Speed: (0%), Skills: Masochist
Chikipi, Level: 4, Rank: 1, Gender: Female, HP IV: 32(0%), ATK IV: 2(0%), DEF IV: 23(0%), Work Speed: (0%), Skills: Fine Furs
Daedream, Level: 10, Rank: 1, Gender: Male, HP IV: 62(0%), ATK IV: 29(0%), DEF IV: 70(0%), Work Speed: (0%), Skills: Noble
Depresso, Level: 9, Rank: 1, Gender: Female, HP IV: 11(0%), ATK IV: 20(0%), DEF IV: 32(0%), Work Speed: (0%), Skills: Bottomless Stomach, Coward
Dinossom Lux, Level: 16, Rank: 1, Gender: Female, HP IV: 20(0%), ATK IV: 96(0%), DEF IV: 10(0%), Work Speed: (0%), Skills: Fit as a Fiddle
Dinossom, Level: 13, Rank: 1, Gender: Female, HP IV: 58(0%), ATK IV: 30(0%), DEF IV: 43(0%), Work Speed: (0%), Skills: Heated Body
Dinossom, Level: 13, Rank: 1, Gender: Female, HP IV: 90(0%), ATK IV: 52(0%), DEF IV: 100(0%), Work Speed: (0%), Skills: Motivational Leader, Diet Lover
Direhowl, Level: 11, Rank: 1, Gender: Male, HP IV: 62(0%), ATK IV: 37(0%), DEF IV: 45(0%), Work Speed: (0%), Skills: Serious
Direhowl, Level: 5, Rank: 1, Gender: Female, HP IV: 77(0%), ATK IV: 55(0%), DEF IV: 87(0%), Work Speed: (0%)
Direhowl, Level: 6, Rank: 1, Gender: Male, HP IV: 10(0%), ATK IV: 17(0%), DEF IV: 53(0%), Work Speed: (0%)
Direhowl, Level: 6, Rank: 1, Gender: Male, HP IV: 58(0%), ATK IV: 87(0%), DEF IV: 12(0%), Work Speed: (0%), Skills: Botanical Barrier
Eikthyrdeer, Level: 11, Rank: 1, Gender: Female, HP IV: 27(0%), ATK IV: 63(0%), DEF IV: 91(0%), Work Speed: (0%), Skills: Power of Gaia
Eikthyrdeer, Level: 11, Rank: 1, Gender: Female, HP IV: 57(0%), ATK IV: 69(0%), DEF IV: 83(0%), Work Speed: (0%), Skills: Pacifist
Elphidran, Level: 9, Rank: 1, Gender: Female, HP IV: 46(0%), ATK IV: 100(0%), DEF IV: 44(0%), Work Speed: (0%), Skills: Bottomless Stomach
Flambelle, Level: 9, Rank: 1, Gender: Female, HP IV: 21(0%), ATK IV: 72(0%), DEF IV: 73(0%), Work Speed: (0%), Skills: Nocturnal
Foxparks, Level: 10, Rank: 1, Gender: Male, HP IV: 69(0%), ATK IV: 96(0%), DEF IV: 8(0%), Work Speed: (0%), Skills: Aggressive
Foxparks, Level: 2, Rank: 1, Gender: Female, HP IV: 91(0%), ATK IV: 33(0%), DEF IV: 84(0%), Work Speed: (0%), Skills: Fine Furs
Foxparks, Level: 2, Rank: 1, Gender: Male, HP IV: 56(0%), ATK IV: 21(0%), DEF IV: 29(0%), Work Speed: (0%), Skills: Easygoing, Coldblooded
Foxparks, Level: 9, Rank: 1, Gender: Female, HP IV: 2(0%), ATK IV: 87(0%), DEF IV: 97(0%), Work Speed: (0%)
Hoocrates, Level: 4, Rank: 1, Gender: Female, HP IV: 59(0%), ATK IV: 57(0%), DEF IV: 83(0%), Work Speed: (0%), Skills: Diet Lover, Logging Foreman, Suntan Lover
Incineram, Level: 9, Rank: 1, Gender: Female, HP IV: 80(0%), ATK IV: 33(0%), DEF IV: 0(0%), Work Speed: (0%), Skills: Diet Lover
Jolthog Cryst, Level: 10, Rank: 1, Gender: Female, HP IV: 66(0%), ATK IV: 57(0%), DEF IV: 89(0%), Work Speed: (0%), Skills: Motivational Leader
Lamball, Level: 2, Rank: 1, Gender: Female, HP IV: 74(0%), ATK IV: 45(0%), DEF IV: 52(0%), Work Speed: (0%), Skills: Conceited
Lamball, Level: 2, Rank: 1, Gender: Male, HP IV: 55(0%), ATK IV: 61(0%), DEF IV: 9(0%), Work Speed: (0%), Skills: Zen Mind
Lamball, Level: 2, Rank: 1, Gender: Male, HP IV: 68(0%), ATK IV: 2(0%), DEF IV: 22(0%), Work Speed: (0%), Skills: Musclehead
Lamball, Level: 4, Rank: 1, Gender: Male, HP IV: 61(0%), ATK IV: 16(0%), DEF IV: 77(0%), Work Speed: (0%), Skills: Destructive
Lamball, Level: 5, Rank: 1, Gender: Male, HP IV: 54(0%), ATK IV: 60(0%), DEF IV: 4(0%), Work Speed: (0%), Skills: Mine Foreman
Leezpunk, Level: 9, Rank: 1, Gender: Male, HP IV: 72(0%), ATK IV: 26(0%), DEF IV: 7(0%), Work Speed: (0%)
Loupmoon, Level: 5, Rank: 1, Gender: Male, HP IV: 63(0%), ATK IV: 99(0%), DEF IV: 82(0%), Work Speed: (0%), Skills: Noble
Melpaca, Level: 10, Rank: 1, Gender: Male, HP IV: 45(0%), ATK IV: 9(0%), DEF IV: 81(0%), Work Speed: (0%), Skills: Dainty Eater
Melpaca, Level: 8, Rank: 1, Gender: Male, HP IV: 48(0%), ATK IV: 33(0%), DEF IV: 47(0%), Work Speed: (0%), Skills: Insulated Body
Melpaca, Level: 9, Rank: 1, Gender: Male, HP IV: 14(0%), ATK IV: 1(0%), DEF IV: 41(0%), Work Speed: (0%), Skills: Workaholic
Nox, Level: 6, Rank: 1, Gender: Male, HP IV: 91(0%), ATK IV: 16(0%), DEF IV: 82(0%), Work Speed: (0%), Skills: Impatient
Pengullet, Level: 10, Rank: 1, Gender: Male, HP IV: 36(0%), ATK IV: 82(0%), DEF IV: 95(0%), Work Speed: (0%), Skills: Nimble
Relaxaurus, Level: 9, Rank: 1, Gender: Female, HP IV: 47(0%), ATK IV: 1(0%), DEF IV: 50(0%), Work Speed: (0%), Skills: Glutton, Serious
Ribbuny, Level: 5, Rank: 1, Gender: Female, HP IV: 18(0%), ATK IV: 58(0%), DEF IV: 14(0%), Work Speed: (0%), Skills: Philantropist
Robinquill, Level: 7, Rank: 1, Gender: Male, HP IV: 24(0%), ATK IV: 87(0%), DEF IV: 61(0%), Work Speed: (0%), Skills: Fine Furs
Tanzee, Level: 2, Rank: 1, Gender: Male, HP IV: 81(0%), ATK IV: 42(0%), DEF IV: 8(0%), Work Speed: (0%), Skills: Pyromaniac
Rque's 42 Pals
--------------
Beegarde, Level: 6, Rank: 1, Gender: Female, HP IV: 88(0%), ATK IV: 66(0%), DEF IV: 61(0%), Work Speed: (0%), Skills: Slacker
Cattiva, Level: 11, Rank: 1, Gender: Male, HP IV: 53(0%), ATK IV: 94(0%), DEF IV: 81(0%), Work Speed: (0%), Skills: Coward, Insulated Body
Cattiva, Level: 3, Rank: 1, Gender: Female, HP IV: 69(0%), ATK IV: 61(0%), DEF IV: 23(0%), Work Speed: (0%), Skills: Coward, Easygoing
Cattiva, Level: 6, Rank: 1, Gender: Female, HP IV: 12(0%), ATK IV: 74(0%), DEF IV: 26(0%), Work Speed: (0%), Skills: Coward, Infinite Stamina
Chikipi, Level: 2, Rank: 1, Gender: Male, HP IV: 50(0%), ATK IV: 22(0%), DEF IV: 75(0%), Work Speed: (0%), Skills: Masochist
Chikipi, Level: 4, Rank: 1, Gender: Female, HP IV: 32(0%), ATK IV: 2(0%), DEF IV: 23(0%), Work Speed: (0%), Skills: Fine Furs
Daedream, Level: 10, Rank: 1, Gender: Male, HP IV: 62(0%), ATK IV: 29(0%), DEF IV: 70(0%), Work Speed: (0%), Skills: Noble
Depresso, Level: 9, Rank: 1, Gender: Female, HP IV: 11(0%), ATK IV: 20(0%), DEF IV: 32(0%), Work Speed: (0%), Skills: Bottomless Stomach, Coward
Dinossom Lux, Level: 16, Rank: 1, Gender: Female, HP IV: 20(0%), ATK IV: 96(0%), DEF IV: 10(0%), Work Speed: (0%), Skills: Fit as a Fiddle
Dinossom, Level: 13, Rank: 1, Gender: Female, HP IV: 58(0%), ATK IV: 30(0%), DEF IV: 43(0%), Work Speed: (0%), Skills: Heated Body
Dinossom, Level: 13, Rank: 1, Gender: Female, HP IV: 90(0%), ATK IV: 52(0%), DEF IV: 100(0%), Work Speed: (0%), Skills: Motivational Leader, Diet Lover
Direhowl, Level: 11, Rank: 1, Gender: Male, HP IV: 62(0%), ATK IV: 37(0%), DEF IV: 45(0%), Work Speed: (0%), Skills: Serious
Direhowl, Level: 5, Rank: 1, Gender: Female, HP IV: 77(0%), ATK IV: 55(0%), DEF IV: 87(0%), Work Speed: (0%)
Direhowl, Level: 6, Rank: 1, Gender: Male, HP IV: 10(0%), ATK IV: 17(0%), DEF IV: 53(0%), Work Speed: (0%)
Direhowl, Level: 6, Rank: 1, Gender: Male, HP IV: 58(0%), ATK IV: 87(0%), DEF IV: 12(0%), Work Speed: (0%), Skills: Botanical Barrier
Eikthyrdeer, Level: 11, Rank: 1, Gender: Female, HP IV: 27(0%), ATK IV: 63(0%), DEF IV: 91(0%), Work Speed: (0%), Skills: Power of Gaia
Eikthyrdeer, Level: 11, Rank: 1, Gender: Female, HP IV: 57(0%), ATK IV: 69(0%), DEF IV: 83(0%), Work Speed: (0%), Skills: Pacifist
Elphidran, Level: 9, Rank: 1, Gender: Female, HP IV: 46(0%), ATK IV: 100(0%), DEF IV: 44(0%), Work Speed: (0%), Skills: Bottomless Stomach
Flambelle, Level: 9, Rank: 1, Gender: Female, HP IV: 21(0%), ATK IV: 72(0%), DEF IV: 73(0%), Work Speed: (0%), Skills: Nocturnal
Foxparks, Level: 10, Rank: 1, Gender: Male, HP IV: 69(0%), ATK IV: 96(0%), DEF IV: 8(0%), Work Speed: (0%), Skills: Aggressive
Foxparks, Level: 2, Rank: 1, Gender: Female, HP IV: 91(0%), ATK IV: 33(0%), DEF IV: 84(0%), Work Speed: (0%), Skills: Fine Furs
Foxparks, Level: 2, Rank: 1, Gender: Male, HP IV: 56(0%), ATK IV: 21(0%), DEF IV: 29(0%), Work Speed: (0%), Skills: Easygoing, Coldblooded
Foxparks, Level: 9, Rank: 1, Gender: Female, HP IV: 2(0%), ATK IV: 87(0%), DEF IV: 97(0%), Work Speed: (0%)
Hoocrates, Level: 4, Rank: 1, Gender: Female, HP IV: 59(0%), ATK IV: 57(0%), DEF IV: 83(0%), Work Speed: (0%), Skills: Diet Lover, Logging Foreman, Suntan Lover
Incineram, Level: 9, Rank: 1, Gender: Female, HP IV: 80(0%), ATK IV: 33(0%), DEF IV: 0(0%), Work Speed: (0%), Skills: Diet Lover
Jolthog Cryst, Level: 10, Rank: 1, Gender: Female, HP IV: 66(0%), ATK IV: 57(0%), DEF IV: 89(0%), Work Speed: (0%), Skills: Motivational Leader
Lamball, Level: 2, Rank: 1, Gender: Female, HP IV: 74(0%), ATK IV: 45(0%), DEF IV: 52(0%), Work Speed: (0%), Skills: Conceited
Lamball, Level: 2, Rank: 1, Gender: Male, HP IV: 55(0%), ATK IV: 61(0%), DEF IV: 9(0%), Work Speed: (0%), Skills: Zen Mind
Lamball, Level: 2, Rank: 1, Gender: Male, HP IV: 68(0%), ATK IV: 2(0%), DEF IV: 22(0%), Work Speed: (0%), Skills: Musclehead
Lamball, Level: 4, Rank: 1, Gender: Male, HP IV: 61(0%), ATK IV: 16(0%), DEF IV: 77(0%), Work Speed: (0%), Skills: Destructive
Lamball, Level: 5, Rank: 1, Gender: Male, HP IV: 54(0%), ATK IV: 60(0%), DEF IV: 4(0%), Work Speed: (0%), Skills: Mine Foreman
Leezpunk, Level: 9, Rank: 1, Gender: Male, HP IV: 72(0%), ATK IV: 26(0%), DEF IV: 7(0%), Work Speed: (0%)
Loupmoon, Level: 5, Rank: 1, Gender: Male, HP IV: 63(0%), ATK IV: 99(0%), DEF IV: 82(0%), Work Speed: (0%), Skills: Noble
Melpaca, Level: 10, Rank: 1, Gender: Male, HP IV: 45(0%), ATK IV: 9(0%), DEF IV: 81(0%), Work Speed: (0%), Skills: Dainty Eater
Melpaca, Level: 8, Rank: 1, Gender: Male, HP IV: 48(0%), ATK IV: 33(0%), DEF IV: 47(0%), Work Speed: (0%), Skills: Insulated Body
Melpaca, Level: 9, Rank: 1, Gender: Male, HP IV: 14(0%), ATK IV: 1(0%), DEF IV: 41(0%), Work Speed: (0%), Skills: Workaholic
Nox, Level: 6, Rank: 1, Gender: Male, HP IV: 91(0%), ATK IV: 16(0%), DEF IV: 82(0%), Work Speed: (0%), Skills: Impatient
Pengullet, Level: 10, Rank: 1, Gender: Male, HP IV: 36(0%), ATK IV: 82(0%), DEF IV: 95(0%), Work Speed: (0%), Skills: Nimble
Relaxaurus, Level: 9, Rank: 1, Gender: Female, HP IV: 47(0%), ATK IV: 1(0%), DEF IV: 50(0%), Work Speed: (0%), Skills: Glutton, Serious
Ribbuny, Level: 5, Rank: 1, Gender: Female, HP IV: 18(0%), ATK IV: 58(0%), DEF IV: 14(0%), Work Speed: (0%), Skills: Philantropist
Robinquill, Level: 7, Rank: 1, Gender: Male, HP IV: 24(0%), ATK IV: 87(0%), DEF IV: 61(0%), Work Speed: (0%), Skills: Fine Furs
Tanzee, Level: 2, Rank: 1, Gender: Male, HP IV: 81(0%), ATK IV: 42(0%), DEF IV: 8(0%), Work Speed: (0%), Skills: Pyromaniac
Rque's 42 Pals
--------------
Beegarde, Level: 6, Rank: 1, Gender: Female, HP IV: 88(0%), ATK IV: 66(0%), DEF IV: 61(0%), Work Speed: (0%), Skills: Slacker
Cattiva, Level: 11, Rank: 1, Gender: Male, HP IV: 53(0%), ATK IV: 94(0%), DEF IV: 81(0%), Work Speed: (0%), Skills: Coward, Insulated Body
Cattiva, Level: 3, Rank: 1, Gender: Female, HP IV: 69(0%), ATK IV: 61(0%), DEF IV: 23(0%), Work Speed: (0%), Skills: Coward, Easygoing
Cattiva, Level: 6, Rank: 1, Gender: Female, HP IV: 12(0%), ATK IV: 74(0%), DEF IV: 26(0%), Work Speed: (0%), Skills: Coward, Infinite Stamina
Chikipi, Level: 2, Rank: 1, Gender: Male, HP IV: 50(0%), ATK IV: 22(0%), DEF IV: 75(0%), Work Speed: (0%), Skills: Masochist
Chikipi, Level: 4, Rank: 1, Gender: Female, HP IV: 32(0%), ATK IV: 2(0%), DEF IV: 23(0%), Work Speed: (0%), Skills: Fine Furs
Daedream, Level: 10, Rank: 1, Gender: Male, HP IV: 62(0%), ATK IV: 29(0%), DEF IV: 70(0%), Work Speed: (0%), Skills: Noble
Depresso, Level: 9, Rank: 1, Gender: Female, HP IV: 11(0%), ATK IV: 20(0%), DEF IV: 32(0%), Work Speed: (0%), Skills: Bottomless Stomach, Coward
Dinossom Lux, Level: 16, Rank: 1, Gender: Female, HP IV: 20(0%), ATK IV: 96(0%), DEF IV: 10(0%), Work Speed: (0%), Skills: Fit as a Fiddle
Dinossom, Level: 13, Rank: 1, Gender: Female, HP IV: 58(0%), ATK IV: 30(0%), DEF IV: 43(0%), Work Speed: (0%), Skills: Heated Body
Dinossom, Level: 13, Rank: 1, Gender: Female, HP IV: 90(0%), ATK IV: 52(0%), DEF IV: 100(0%), Work Speed: (0%), Skills: Motivational Leader, Diet Lover
Direhowl, Level: 11, Rank: 1, Gender: Male, HP IV: 62(0%), ATK IV: 37(0%), DEF IV: 45(0%), Work Speed: (0%), Skills: Serious
Direhowl, Level: 5, Rank: 1, Gender: Female, HP IV: 77(0%), ATK IV: 55(0%), DEF IV: 87(0%), Work Speed: (0%)
Direhowl, Level: 6, Rank: 1, Gender: Male, HP IV: 10(0%), ATK IV: 17(0%), DEF IV: 53(0%), Work Speed: (0%)
Direhowl, Level: 6, Rank: 1, Gender: Male, HP IV: 58(0%), ATK IV: 87(0%), DEF IV: 12(0%), Work Speed: (0%), Skills: Botanical Barrier
Eikthyrdeer, Level: 11, Rank: 1, Gender: Female, HP IV: 27(0%), ATK IV: 63(0%), DEF IV: 91(0%), Work Speed: (0%), Skills: Power of Gaia
Eikthyrdeer, Level: 11, Rank: 1, Gender: Female, HP IV: 57(0%), ATK IV: 69(0%), DEF IV: 83(0%), Work Speed: (0%), Skills: Pacifist
Elphidran, Level: 9, Rank: 1, Gender: Female, HP IV: 46(0%), ATK IV: 100(0%), DEF IV: 44(0%), Work Speed: (0%), Skills: Bottomless Stomach
Flambelle, Level: 9, Rank: 1, Gender: Female, HP IV: 21(0%), ATK IV: 72(0%), DEF IV: 73(0%), Work Speed: (0%), Skills: Nocturnal
Foxparks, Level: 10, Rank: 1, Gender: Male, HP IV: 69(0%), ATK IV: 96(0%), DEF IV: 8(0%), Work Speed: (0%), Skills: Aggressive
Foxparks, Level: 2, Rank: 1, Gender: Female, HP IV: 91(0%), ATK IV: 33(0%), DEF IV: 84(0%), Work Speed: (0%), Skills: Fine Furs
Foxparks, Level: 2, Rank: 1, Gender: Male, HP IV: 56(0%), ATK IV: 21(0%), DEF IV: 29(0%), Work Speed: (0%), Skills: Easygoing, Coldblooded
Foxparks, Level: 9, Rank: 1, Gender: Female, HP IV: 2(0%), ATK IV: 87(0%), DEF IV: 97(0%), Work Speed: (0%)
Hoocrates, Level: 4, Rank: 1, Gender: Female, HP IV: 59(0%), ATK IV: 57(0%), DEF IV: 83(0%), Work Speed: (0%), Skills: Diet Lover, Logging Foreman, Suntan Lover
Incineram, Level: 9, Rank: 1, Gender: Female, HP IV: 80(0%), ATK IV: 33(0%), DEF IV: 0(0%), Work Speed: (0%), Skills: Diet Lover
Jolthog Cryst, Level: 10, Rank: 1, Gender: Female, HP IV: 66(0%), ATK IV: 57(0%), DEF IV: 89(0%), Work Speed: (0%), Skills: Motivational Leader
Lamball, Level: 2, Rank: 1, Gender: Female, HP IV: 74(0%), ATK IV: 45(0%), DEF IV: 52(0%), Work Speed: (0%), Skills: Conceited
Lamball, Level: 2, Rank: 1, Gender: Male, HP IV: 55(0%), ATK IV: 61(0%), DEF IV: 9(0%), Work Speed: (0%), Skills: Zen Mind
Lamball, Level: 2, Rank: 1, Gender: Male, HP IV: 68(0%), ATK IV: 2(0%), DEF IV: 22(0%), Work Speed: (0%), Skills: Musclehead
Lamball, Level: 4, Rank: 1, Gender: Male, HP IV: 61(0%), ATK IV: 16(0%), DEF IV: 77(0%), Work Speed: (0%), Skills: Destructive
Lamball, Level: 5, Rank: 1, Gender: Male, HP IV: 54(0%), ATK IV: 60(0%), DEF IV: 4(0%), Work Speed: (0%), Skills: Mine Foreman
Leezpunk, Level: 9, Rank: 1, Gender: Male, HP IV: 72(0%), ATK IV: 26(0%), DEF IV: 7(0%), Work Speed: (0%)
Loupmoon, Level: 5, Rank: 1, Gender: Male, HP IV: 63(0%), ATK IV: 99(0%), DEF IV: 82(0%), Work Speed: (0%), Skills: Noble
Melpaca, Level: 10, Rank: 1, Gender: Male, HP IV: 45(0%), ATK IV: 9(0%), DEF IV: 81(0%), Work Speed: (0%), Skills: Dainty Eater
Melpaca, Level: 8, Rank: 1, Gender: Male, HP IV: 48(0%), ATK IV: 33(0%), DEF IV: 47(0%), Work Speed: (0%), Skills: Insulated Body
Melpaca, Level: 9, Rank: 1, Gender: Male, HP IV: 14(0%), ATK IV: 1(0%), DEF IV: 41(0%), Work Speed: (0%), Skills: Workaholic
Nox, Level: 6, Rank: 1, Gender: Male, HP IV: 91(0%), ATK IV: 16(0%), DEF IV: 82(0%), Work Speed: (0%), Skills: Impatient
Pengullet, Level: 10, Rank: 1, Gender: Male, HP IV: 36(0%), ATK IV: 82(0%), DEF IV: 95(0%), Work Speed: (0%), Skills: Nimble
Relaxaurus, Level: 9, Rank: 1, Gender: Female, HP IV: 47(0%), ATK IV: 1(0%), DEF IV: 50(0%), Work Speed: (0%), Skills: Glutton, Serious
Ribbuny, Level: 5, Rank: 1, Gender: Female, HP IV: 18(0%), ATK IV: 58(0%), DEF IV: 14(0%), Work Speed: (0%), Skills: Philantropist
Robinquill, Level: 7, Rank: 1, Gender: Male, HP IV: 24(0%), ATK IV: 87(0%), DEF IV: 61(0%), Work Speed: (0%), Skills: Fine Furs
Tanzee, Level: 2, Rank: 1, Gender: Male, HP IV: 81(0%), ATK IV: 42(0%), DEF IV: 8(0%), Work Speed: (0%), Skills: Pyromaniac
Rque's 42 Pals
--------------
Beegarde, Level: 6, Rank: 1, Gender: Female, HP IV: 88(0%), ATK IV: 66(0%), DEF IV: 61(0%), Work Speed: (0%), Skills: Slacker
Cattiva, Level: 11, Rank: 1, Gender: Male, HP IV: 53(0%), ATK IV: 94(0%), DEF IV: 81(0%), Work Speed: (0%), Skills: Coward, Insulated Body
Cattiva, Level: 3, Rank: 1, Gender: Female, HP IV: 69(0%), ATK IV: 61(0%), DEF IV: 23(0%), Work Speed: (0%), Skills: Coward, Easygoing
Cattiva, Level: 6, Rank: 1, Gender: Female, HP IV: 12(0%), ATK IV: 74(0%), DEF IV: 26(0%), Work Speed: (0%), Skills: Coward, Infinite Stamina
Chikipi, Level: 2, Rank: 1, Gender: Male, HP IV: 50(0%), ATK IV: 22(0%), DEF IV: 75(0%), Work Speed: (0%), Skills: Masochist
Chikipi, Level: 4, Rank: 1, Gender: Female, HP IV: 32(0%), ATK IV: 2(0%), DEF IV: 23(0%), Work Speed: (0%), Skills: Fine Furs
Daedream, Level: 10, Rank: 1, Gender: Male, HP IV: 62(0%), ATK IV: 29(0%), DEF IV: 70(0%), Work Speed: (0%), Skills: Noble
Depresso, Level: 9, Rank: 1, Gender: Female, HP IV: 11(0%), ATK IV: 20(0%), DEF IV: 32(0%), Work Speed: (0%), Skills: Bottomless Stomach, Coward
Dinossom Lux, Level: 16, Rank: 1, Gender: Female, HP IV: 20(0%), ATK IV: 96(0%), DEF IV: 10(0%), Work Speed: (0%), Skills: Fit as a Fiddle
Dinossom, Level: 13, Rank: 1, Gender: Female, HP IV: 58(0%), ATK IV: 30(0%), DEF IV: 43(0%), Work Speed: (0%), Skills: Heated Body
Dinossom, Level: 13, Rank: 1, Gender: Female, HP IV: 90(0%), ATK IV: 52(0%), DEF IV: 100(0%), Work Speed: (0%), Skills: Motivational Leader, Diet Lover
Direhowl, Level: 11, Rank: 1, Gender: Male, HP IV: 62(0%), ATK IV: 37(0%), DEF IV: 45(0%), Work Speed: (0%), Skills: Serious
Direhowl, Level: 5, Rank: 1, Gender: Female, HP IV: 77(0%), ATK IV: 55(0%), DEF IV: 87(0%), Work Speed: (0%)
Direhowl, Level: 6, Rank: 1, Gender: Male, HP IV: 10(0%), ATK IV: 17(0%), DEF IV: 53(0%), Work Speed: (0%)
Direhowl, Level: 6, Rank: 1, Gender: Male, HP IV: 58(0%), ATK IV: 87(0%), DEF IV: 12(0%), Work Speed: (0%), Skills: Botanical Barrier
Eikthyrdeer, Level: 11, Rank: 1, Gender: Female, HP IV: 27(0%), ATK IV: 63(0%), DEF IV: 91(0%), Work Speed: (0%), Skills: Power of Gaia
Eikthyrdeer, Level: 11, Rank: 1, Gender: Female, HP IV: 57(0%), ATK IV: 69(0%), DEF IV: 83(0%), Work Speed: (0%), Skills: Pacifist
Elphidran, Level: 9, Rank: 1, Gender: Female, HP IV: 46(0%), ATK IV: 100(0%), DEF IV: 44(0%), Work Speed: (0%), Skills: Bottomless Stomach
Flambelle, Level: 9, Rank: 1, Gender: Female, HP IV: 21(0%), ATK IV: 72(0%), DEF IV: 73(0%), Work Speed: (0%), Skills: Nocturnal
Foxparks, Level: 10, Rank: 1, Gender: Male, HP IV: 69(0%), ATK IV: 96(0%), DEF IV: 8(0%), Work Speed: (0%), Skills: Aggressive
Foxparks, Level: 2, Rank: 1, Gender: Female, HP IV: 91(0%), ATK IV: 33(0%), DEF IV: 84(0%), Work Speed: (0%), Skills: Fine Furs
Foxparks, Level: 2, Rank: 1, Gender: Male, HP IV: 56(0%), ATK IV: 21(0%), DEF IV: 29(0%), Work Speed: (0%), Skills: Easygoing, Coldblooded
Foxparks, Level: 9, Rank: 1, Gender: Female, HP IV: 2(0%), ATK IV: 87(0%), DEF IV: 97(0%), Work Speed: (0%)
Hoocrates, Level: 4, Rank: 1, Gender: Female, HP IV: 59(0%), ATK IV: 57(0%), DEF IV: 83(0%), Work Speed: (0%), Skills: Diet Lover, Logging Foreman, Suntan Lover
Incineram, Level: 9, Rank: 1, Gender: Female, HP IV: 80(0%), ATK IV: 33(0%), DEF IV: 0(0%), Work Speed: (0%), Skills: Diet Lover
Jolthog Cryst, Level: 10, Rank: 1, Gender: Female, HP IV: 66(0%), ATK IV: 57(0%), DEF IV: 89(0%), Work Speed: (0%), Skills: Motivational Leader
Lamball, Level: 2, Rank: 1, Gender: Female, HP IV: 74(0%), ATK IV: 45(0%), DEF IV: 52(0%), Work Speed: (0%), Skills: Conceited
Lamball, Level: 2, Rank: 1, Gender: Male, HP IV: 55(0%), ATK IV: 61(0%), DEF IV: 9(0%), Work Speed: (0%), Skills: Zen Mind
Lamball, Level: 2, Rank: 1, Gender: Male, HP IV: 68(0%), ATK IV: 2(0%), DEF IV: 22(0%), Work Speed: (0%), Skills: Musclehead
Lamball, Level: 4, Rank: 1, Gender: Male, HP IV: 61(0%), ATK IV: 16(0%), DEF IV: 77(0%), Work Speed: (0%), Skills: Destructive
Lamball, Level: 5, Rank: 1, Gender: Male, HP IV: 54(0%), ATK IV: 60(0%), DEF IV: 4(0%), Work Speed: (0%), Skills: Mine Foreman
Leezpunk, Level: 9, Rank: 1, Gender: Male, HP IV: 72(0%), ATK IV: 26(0%), DEF IV: 7(0%), Work Speed: (0%)
Loupmoon, Level: 5, Rank: 1, Gender: Male, HP IV: 63(0%), ATK IV: 99(0%), DEF IV: 82(0%), Work Speed: (0%), Skills: Noble
Melpaca, Level: 10, Rank: 1, Gender: Male, HP IV: 45(0%), ATK IV: 9(0%), DEF IV: 81(0%), Work Speed: (0%), Skills: Dainty Eater
Melpaca, Level: 8, Rank: 1, Gender: Male, HP IV: 48(0%), ATK IV: 33(0%), DEF IV: 47(0%), Work Speed: (0%), Skills: Insulated Body
Melpaca, Level: 9, Rank: 1, Gender: Male, HP IV: 14(0%), ATK IV: 1(0%), DEF IV: 41(0%), Work Speed: (0%), Skills: Workaholic
Nox, Level: 6, Rank: 1, Gender: Male, HP IV: 91(0%), ATK IV: 16(0%), DEF IV: 82(0%), Work Speed: (0%), Skills: Impatient
Pengullet, Level: 10, Rank: 1, Gender: Male, HP IV: 36(0%), ATK IV: 82(0%), DEF IV: 95(0%), Work Speed: (0%), Skills: Nimble
Relaxaurus, Level: 9, Rank: 1, Gender: Female, HP IV: 47(0%), ATK IV: 1(0%), DEF IV: 50(0%), Work Speed: (0%), Skills: Glutton, Serious
Ribbuny, Level: 5, Rank: 1, Gender: Female, HP IV: 18(0%), ATK IV: 58(0%), DEF IV: 14(0%), Work Speed: (0%), Skills: Philantropist
Robinquill, Level: 7, Rank: 1, Gender: Male, HP IV: 24(0%), ATK IV: 87(0%), DEF IV: 61(0%), Work Speed: (0%), Skills: Fine Furs
Tanzee, Level: 2, Rank: 1, Gender: Male, HP IV: 81(0%), ATK IV: 42(0%), DEF IV: 8(0%), Work Speed: (0%), Skills: Pyromaniac
