RubyIsLove's 4 Pals
-------------------
Chikipi, Level: 6, Rank: 1, Gender: Male, HP IV: 96(0%), ATK IV: 51(0%), DEF IV: 10(0%), Work Speed: (0%), Skills: Fit as a Fiddle
Fuack, Level: 5, Rank: 1, Gender: Female, HP IV: 35(0%), ATK IV: 96(0%), DEF IV: 20(0%), Work Speed: (0%), Skills: Sadist
Fuack, Level: 6, Rank: 1, Gender: Female, HP IV: 85(0%), ATK IV: 39(0%), DEF IV: 39(0%), Work Speed: (0%), Skills: Fit as a Fiddle
Lamball, Level: 3, Rank: 1, Gender: Female, HP IV: 0(0%), ATK IV: 78(0%), DEF IV: 0(0%), Work Speed: (0%), Skills: Easygoing, Positive Thinker
RubyIsLove's 4 Pals
-------------------
Chikipi, Level: 6, Rank: 1, Gender: Male, HP IV: 96(0%), ATK IV: 51(0%), DEF IV: 10(0%), Work Speed: (0%), Skills: Fit as a Fiddle
Fuack, Level: 5, Rank: 1, Gender: Female, HP IV: 35(0%), ATK IV: 96(0%), DEF IV: 20(0%), Work Speed: (0%), Skills: Sadist
Fuack, Level: 6, Rank: 1, Gender: Female, HP IV: 85(0%), ATK IV: 39(0%), DEF IV: 39(0%), Work Speed: (0%), Skills: Fit as a Fiddle
Lamball, Level: 3, Rank: 1, Gender: Female, HP IV: 0(0%), ATK IV: 78(0%), DEF IV: 0(0%), Work Speed: (0%), Skills: Easygoing, Positive Thinker
RubyIsLove's 4 Pals
-------------------
Chikipi, Level: 6, Rank: 1, Gender: Male, HP IV: 96(0%), ATK IV: 51(0%), DEF IV: 10(0%), Work Speed: (0%), Skills: Fit as a Fiddle
Fuack, Level: 5, Rank: 1, Gender: Female, HP IV: 35(0%), ATK IV: 96(0%), DEF IV: 20(0%), Work Speed: (0%), Skills: Sadist
Fuack, Level: 6, Rank: 1, Gender: Female, HP IV: 85(0%), ATK IV: 39(0%), DEF IV: 39(0%), Work Speed: (0%), Skills: Fit as a Fiddle
Lamball, Level: 3, Rank: 1, Gender: Female, HP IV: 0(0%), ATK IV: 78(0%), DEF IV: 0(0%), Work Speed: (0%), Skills: Easygoing, Positive Thinker
RubyIsLove's 4 Pals
-------------------
Chikipi, Level: 6, Rank: 1, Gender: Male, HP IV: 96(0%), ATK IV: 51(0%), DEF IV: 10(0%), Work Speed: (0%), Skills: Fit as a Fiddle
Fuack, Level: 5, Rank: 1, Gender: Female, HP IV: 35(0%), ATK IV: 96(0%), DEF IV: 20(0%), Work Speed: (0%), Skills: Sadist
Fuack, Level: 6, Rank: 1, Gender: Female, HP IV: 85(0%), ATK IV: 39(0%), DEF IV: 39(0%), Work Speed: (0%), Skills: Fit as a Fiddle
Lamball, Level: 3, Rank: 1, Gender: Female, HP IV: 0(0%), ATK IV: 78(0%), DEF IV: 0(0%), Work Speed: (0%), Skills: Easygoing, Positive Thinker
RubyIsLove's 4 Pals
-------------------
Chikipi, Level: 6, Rank: 1, Gender: Male, HP IV: 96(0%), ATK IV: 51(0%), DEF IV: 10(0%), Work Speed: (0%), Skills: Fit as a Fiddle
Fuack, Level: 5, Rank: 1, Gender: Female, HP IV: 35(0%), ATK IV: 96(0%), DEF IV: 20(0%), Work Speed: (0%), Skills: Sadist
Fuack, Level: 6, Rank: 1, Gender: Female, HP IV: 85(0%), ATK IV: 39(0%), DEF IV: 39(0%), Work Speed: (0%), Skills: Fit as a Fiddle
Lamball, Level: 3, Rank: 1, Gender: Female, HP IV: 0(0%), ATK IV: 78(0%), DEF IV: 0(0%), Work Speed: (0%), Skills: Easygoing, Positive Thinker
RubyIsLove's 4 Pals
-------------------
Chikipi, Level: 6, Rank: 1, Gender: Male, HP IV: 96(0%), ATK IV: 51(0%), DEF IV: 10(0%), Work Speed: (0%), Skills: Fit as a Fiddle
Fuack, Level: 5, Rank: 1, Gender: Female, HP IV: 35(0%), ATK IV: 96(0%), DEF IV: 20(0%), Work Speed: (0%), Skills: Sadist
Fuack, Level: 6, Rank: 1, Gender: Female, HP IV: 85(0%), ATK IV: 39(0%), DEF IV: 39(0%), Work Speed: (0%), Skills: Fit as a Fiddle
Lamball, Level: 3, Rank: 1, Gender: Female, HP IV: 0(0%), ATK IV: 78(0%), DEF IV: 0(0%), Work Speed: (0%), Skills: Easygoing, Positive Thinker
RubyIsLove's 4 Pals
-------------------
Chikipi, Level: 6, Rank: 1, Gender: Male, HP IV: 96(0%), ATK IV: 51(0%), DEF IV: 10(0%), Work Speed: (0%), Skills: Fit as a Fiddle
Fuack, Level: 5, Rank: 1, Gender: Female, HP IV: 35(0%), ATK IV: 96(0%), DEF IV: 20(0%), Work Speed: (0%), Skills: Sadist
Fuack, Level: 6, Rank: 1, Gender: Female, HP IV: 85(0%), ATK IV: 39(0%), DEF IV: 39(0%), Work Speed: (0%), Skills: Fit as a Fiddle
Lamball, Level: 3, Rank: 1, Gender: Female, HP IV: 0(0%), ATK IV: 78(0%), DEF IV: 0(0%), Work Speed: (0%), Skills: Easygoing, Positive Thinker
RubyIsLove's 4 Pals
-------------------
Chikipi, Level: 6, Rank: 1, Gender: Male, HP IV: 96(0%), ATK IV: 51(0%), DEF IV: 10(0%), Work Speed: (0%), Skills: Fit as a Fiddle
Fuack, Level: 5, Rank: 1, Gender: Female, HP IV: 35(0%), ATK IV: 96(0%), DEF IV: 20(0%), Work Speed: (0%), Skills: Sadist
Fuack, Level: 6, Rank: 1, Gender: Female, HP IV: 85(0%), ATK IV: 39(0%), DEF IV: 39(0%), Work Speed: (0%), Skills: Fit as a Fiddle
Lamball, Level: 3, Rank: 1, Gender: Female, HP IV: 0(0%), ATK IV: 78(0%), DEF IV: 0(0%), Work Speed: (0%), Skills: Easygoing, Positive Thinker
RubyIsLove's 4 Pals
-------------------
Chikipi, Level: 6, Rank: 1, Gender: Male, HP IV: 96(0%), ATK IV: 51(0%), DEF IV: 10(0%), Work Speed: (0%), Skills: Fit as a Fiddle
Fuack, Level: 5, Rank: 1, Gender: Female, HP IV: 35(0%), ATK IV: 96(0%), DEF IV: 20(0%), Work Speed: (0%), Skills: Sadist
Fuack, Level: 6, Rank: 1, Gender: Female, HP IV: 85(0%), ATK IV: 39(0%), DEF IV: 39(0%), Work Speed: (0%), Skills: Fit as a Fiddle
Lamball, Level: 3, Rank: 1, Gender: Female, HP IV: 0(0%), ATK IV: 78(0%), DEF IV: 0(0%), Work Speed: (0%), Skills: Easygoing, Positive Thinker
RubyIsLove's 4 Pals
-------------------
Chikipi, Level: 6, Rank: 1, Gender: Male, HP IV: 96(0%), ATK IV: 51(0%), DEF IV: 10(0%), Work Speed: (0%), Skills: Fit as a Fiddle
Fuack, Level: 5, Rank: 1, Gender: Female, HP IV: 35(0%), ATK IV: 96(0%), DEF IV: 20(0%), Work Speed: (0%), Skills: Sadist
Fuack, Level: 6, Rank: 1, Gender: Female, HP IV: 85(0%), ATK IV: 39(0%), DEF IV: 39(0%), Work Speed: (0%), Skills: Fit as a Fiddle
Lamball, Level: 3, Rank: 1, Gender: Female, HP IV: 0(0%), ATK IV: 78(0%), DEF IV: 0(0%), Work Speed: (0%), Skills: Easygoing, Positive Thinker
RubyIsLove's 4 Pals
-------------------
Chikipi, Level: 6, Rank: 1, Gender: Male, HP IV: 96(0%), ATK IV: 51(0%), DEF IV: 10(0%), Work Speed: (0%), Skills: Fit as a Fiddle
Fuack, Level: 5, Rank: 1, Gender: Female, HP IV: 35(0%), ATK IV: 96(0%), DEF IV: 20(0%), Work Speed: (0%), Skills: Sadist
Fuack, Level: 6, Rank: 1, Gender: Female, HP IV: 85(0%), ATK IV: 39(0%), DEF IV: 39(0%), Work Speed: (0%), Skills: Fit as a Fiddle
Lamball, Level: 3, Rank: 1, Gender: Female, HP IV: 0(0%), ATK IV: 78(0%), DEF IV: 0(0%), Work Speed: (0%), Skills: Easygoing, Positive Thinker
RubyIsLove's 4 Pals
-------------------
Chikipi, Level: 6, Rank: 1, Gender: Male, HP IV: 96(0%), ATK IV: 51(0%), DEF IV: 10(0%), Work Speed: (0%), Skills: Fit as a Fiddle
Fuack, Level: 5, Rank: 1, Gender: Female, HP IV: 35(0%), ATK IV: 96(0%), DEF IV: 20(0%), Work Speed: (0%), Skills: Sadist
Fuack, Level: 6, Rank: 1, Gender: Female, HP IV: 85(0%), ATK IV: 39(0%), DEF IV: 39(0%), Work Speed: (0%), Skills: Fit as a Fiddle
Lamball, Level: 3, Rank: 1, Gender: Female, HP IV: 0(0%), ATK IV: 78(0%), DEF IV: 0(0%), Work Speed: (0%), Skills: Easygoing, Positive Thinker
RubyIsLove's 4 Pals
-------------------
Chikipi, Level: 6, Rank: 1, Gender: Male, HP IV: 96(0%), ATK IV: 51(0%), DEF IV: 10(0%), Work Speed: (0%), Skills: Fit as a Fiddle
Fuack, Level: 5, Rank: 1, Gender: Female, HP IV: 35(0%), ATK IV: 96(0%), DEF IV: 20(0%), Work Speed: (0%), Skills: Sadist
Fuack, Level: 6, Rank: 1, Gender: Female, HP IV: 85(0%), ATK IV: 39(0%), DEF IV: 39(0%), Work Speed: (0%), Skills: Fit as a Fiddle
Lamball, Level: 3, Rank: 1, Gender: Female, HP IV: 0(0%), ATK IV: 78(0%), DEF IV: 0(0%), Work Speed: (0%), Skills: Easygoing, Positive Thinker
RubyIsLove's 4 Pals
-------------------
Chikipi, Level: 6, Rank: 1, Gender: Male, HP IV: 96(0%), ATK IV: 51(0%), DEF IV: 10(0%), Work Speed: (0%), Skills: Fit as a Fiddle
Fuack, Level: 5, Rank: 1, Gender: Female, HP IV: 35(0%), ATK IV: 96(0%), DEF IV: 20(0%), Work Speed: (0%), Skills: Sadist
Fuack, Level: 6, Rank: 1, Gender: Female, HP IV: 85(0%), ATK IV: 39(0%), DEF IV: 39(0%), Work Speed: (0%), Skills: Fit as a Fiddle
Lamball, Level: 3, Rank: 1, Gender: Female, HP IV: 0(0%), ATK IV: 78(0%), DEF IV: 0(0%), Work Speed: (0%), Skills: Easygoing, Positive Thinker
