Sadmoto's 48 Pals
-----------------
Cattiva, Level: 1, Rank: 1, Gender: Female, HP IV: 100(0%), ATK IV: 36(0%), DEF IV: 67(0%), Work Speed: (0%), Skills: Coward, Infinite Stamina, Pyromaniac
Cattiva, Level: 1, Rank: 1, Gender: Male, HP IV: 5(0%), ATK IV: 91(0%), DEF IV: 76(0%), Work Speed: (0%), Skills: Coward, Mine Foreman, Aggressive
Cattiva, Level: 13, Rank: 1, Gender: Male, HP IV: 0(0%), ATK IV: 17(0%), DEF IV: 35(0%), Work Speed: (0%), Skills: Coward, Mine Foreman, Hydromaniac
Cattiva, Level: 14, Rank: 1, Gender: Male, HP IV: 90(0%), ATK IV: 63(0%), DEF IV: 53(0%), Work Speed: (0%), Skills: Coward, Dragonkiller
Cattiva, Level: 3, Rank: 1, Gender: Female, HP IV: 35(0%), ATK IV: 90(0%), DEF IV: 34(0%), Work Speed: (0%), Skills: Coward, Downtrodden, Conceited, Earthquake Resistant
Cattiva, Level: 3, Rank: 1, Gender: Male, HP IV: 4(0%), ATK IV: 49(0%), DEF IV: 65(0%), Work Speed: (0%), Skills: Coward
Cattiva, Level: 3, Rank: 1, Gender: Male, HP IV: 65(0%), ATK IV: 91(0%), DEF IV: 42(0%), Work Speed: (0%), Skills: Coward, Botanical Barrier
Chikipi, Level: 1, Rank: 1, Gender: Male, HP IV: 33(0%), ATK IV: 39(0%), DEF IV: 15(0%), Work Speed: (0%)
Chikipi, Level: 1, Rank: 1, Gender: Male, HP IV: 68(0%), ATK IV: 6(0%), DEF IV: 93(0%), Work Speed: (0%), Skills: Aggressive
Chikipi, Level: 13, Rank: 1, Gender: Male, HP IV: 29(0%), ATK IV: 33(0%), DEF IV: 47(0%), Work Speed: (0%), Skills: Glutton
Chikipi, Level: 2, Rank: 1, Gender: Female, HP IV: 10(0%), ATK IV: 81(0%), DEF IV: 58(0%), Work Speed: (0%), Skills: Noble
Chikipi, Level: 2, Rank: 1, Gender: Male, HP IV: 5(0%), ATK IV: 3(0%), DEF IV: 38(0%), Work Speed: (0%), Skills: Abnormal, Blood of the Dragon
Chikipi, Level: 4, Rank: 1, Gender: Female, HP IV: 7(0%), ATK IV: 0(0%), DEF IV: 76(0%), Work Speed: (0%), Skills: Dragonkiller
Chikipi, Level: 4, Rank: 1, Gender: Male, HP IV: 6(0%), ATK IV: 20(0%), DEF IV: 96(0%), Work Speed: (0%)
Chikipi, Level: 4, Rank: 1, Gender: Male, HP IV: 71(0%), ATK IV: 76(0%), DEF IV: 86(0%), Work Speed: (0%), Skills: Coward
Cremis, Level: 3, Rank: 1, Gender: Male, HP IV: 86(0%), ATK IV: 4(0%), DEF IV: 55(0%), Work Speed: (0%), Skills: Downtrodden
Cremis, Level: 4, Rank: 1, Gender: Female, HP IV: 4(0%), ATK IV: 28(0%), DEF IV: 40(0%), Work Speed: (0%), Skills: Brave
Cremis, Level: 4, Rank: 1, Gender: Female, HP IV: 40(0%), ATK IV: 17(0%), DEF IV: 0(0%), Work Speed: (0%), Skills: Brave
Depresso, Level: 5, Rank: 1, Gender: Female, HP IV: 35(0%), ATK IV: 62(0%), DEF IV: 27(0%), Work Speed: (0%), Skills: Stronghold Strategist
Foxparks, Level: 4, Rank: 1, Gender: Male, HP IV: 47(0%), ATK IV: 45(0%), DEF IV: 65(0%), Work Speed: (0%), Skills: Zen Mind
Foxparks, Level: 6, Rank: 1, Gender: Female, HP IV: 34(0%), ATK IV: 38(0%), DEF IV: 46(0%), Work Speed: (0%), Skills: Vanguard
Foxparks, Level: 6, Rank: 1, Gender: Female, HP IV: 69(0%), ATK IV: 69(0%), DEF IV: 29(0%), Work Speed: (0%), Skills: Coldblooded
Foxparks, Level: 6, Rank: 1, Gender: Female, HP IV: 72(0%), ATK IV: 28(0%), DEF IV: 66(0%), Work Speed: (0%), Skills: Abnormal
Gumoss, Level: 3, Rank: 1, Gender: Female, HP IV: 12(0%), ATK IV: 86(0%), DEF IV: 100(0%), Work Speed: (0%), Skills: Stronghold Strategist
Gumoss, Level: 3, Rank: 1, Gender: Female, HP IV: 94(0%), ATK IV: 34(0%), DEF IV: 6(0%), Work Speed: (0%), Skills: Shabby
Gumoss, Level: 3, Rank: 1, Gender: Male, HP IV: 73(0%), ATK IV: 48(0%), DEF IV: 74(0%), Work Speed: (0%), Skills: Coldblooded
Gumoss, Level: 4, Rank: 1, Gender: Female, HP IV: 16(0%), ATK IV: 31(0%), DEF IV: 79(0%), Work Speed: (0%), Skills: Brave
Gumoss, Level: 4, Rank: 1, Gender: Female, HP IV: 39(0%), ATK IV: 20(0%), DEF IV: 64(0%), Work Speed: (0%), Skills: Fit as a Fiddle, Hooligan, Workaholic, Aggressive
Gumoss, Level: 4, Rank: 1, Gender: Female, HP IV: 91(0%), ATK IV: 53(0%), DEF IV: 22(0%), Work Speed: (0%), Skills: Pacifist
Gumoss, Level: 4, Rank: 1, Gender: Male, HP IV: 91(0%), ATK IV: 8(0%), DEF IV: 89(0%), Work Speed: (0%), Skills: Easygoing
Gumoss, Level: 5, Rank: 1, Gender: Female, HP IV: 60(0%), ATK IV: 28(0%), DEF IV: 99(0%), Work Speed: (0%), Skills: Clumsy
Gumoss, Level: 5, Rank: 1, Gender: Female, HP IV: 74(0%), ATK IV: 2(0%), DEF IV: 52(0%), Work Speed: (0%), Skills: Heated Body
Gumoss, Level: 5, Rank: 1, Gender: Male, HP IV: 17(0%), ATK IV: 19(0%), DEF IV: 37(0%), Work Speed: (0%), Skills: Dainty Eater
Gumoss, Level: 5, Rank: 1, Gender: Male, HP IV: 31(0%), ATK IV: 75(0%), DEF IV: 89(0%), Work Speed: (0%), Skills: Shabby, Impatient
Lamball, Level: 1, Rank: 1, Gender: Male, HP IV: 52(0%), ATK IV: 1(0%), DEF IV: 58(0%), Work Speed: (0%), Skills: Artisan
Lamball, Level: 13, Rank: 1, Gender: Male, HP IV: 16(0%), ATK IV: 45(0%), DEF IV: 99(0%), Work Speed: (0%), Skills: Noble
Lamball, Level: 2, Rank: 1, Gender: Female, HP IV: 22(0%), ATK IV: 97(0%), DEF IV: 43(0%), Work Speed: (0%), Skills: Conceited
Lamball, Level: 3, Rank: 1, Gender: Female, HP IV: 32(0%), ATK IV: 99(0%), DEF IV: 21(0%), Work Speed: (0%), Skills: Hooligan
Lamball, Level: 3, Rank: 1, Gender: Female, HP IV: 81(0%), ATK IV: 59(0%), DEF IV: 61(0%), Work Speed: (0%), Skills: Waterproof
Lamball, Level: 3, Rank: 1, Gender: Female, HP IV: 90(0%), ATK IV: 11(0%), DEF IV: 37(0%), Work Speed: (0%), Skills: Artisan, Serenity
Lamball, Level: 3, Rank: 1, Gender: Male, HP IV: 79(0%), ATK IV: 96(0%), DEF IV: 31(0%), Work Speed: (0%), Skills: Easygoing
Nitewing, Level: 10, Rank: 1, Gender: Male, HP IV: 91(0%), ATK IV: 76(0%), DEF IV: 7(0%), Work Speed: (0%), Skills: Destructive
Nitewing, Level: 11, Rank: 1, Gender: Male, HP IV: 60(0%), ATK IV: 55(0%), DEF IV: 37(0%), Work Speed: (0%), Skills: Botanical Barrier, Noble
Nitewing, Level: 14, Rank: 1, Gender: Male, HP IV: 55(0%), ATK IV: 5(0%), DEF IV: 37(0%), Work Speed: (0%), Skills: Suntan Lover
Pengullet, Level: 5, Rank: 1, Gender: Male, HP IV: 75(0%), ATK IV: 7(0%), DEF IV: 31(0%), Work Speed: (0%)
Tanzee, Level: 4, Rank: 1, Gender: Male, HP IV: 94(0%), ATK IV: 6(0%), DEF IV: 68(0%), Work Speed: (0%), Skills: Zen Mind
Tanzee, Level: 5, Rank: 1, Gender: Female, HP IV: 42(0%), ATK IV: 88(0%), DEF IV: 35(0%), Work Speed: (0%), Skills: Easygoing
Teafant, Level: 3, Rank: 1, Gender: Male, HP IV: 55(0%), ATK IV: 81(0%), DEF IV: 0(0%), Work Speed: (0%), Skills: Shabby
Sadmoto's 48 Pals
-----------------
Cattiva, Level: 1, Rank: 1, Gender: Female, HP IV: 100(0%), ATK IV: 36(0%), DEF IV: 67(0%), Work Speed: (0%), Skills: Coward, Infinite Stamina, Pyromaniac
Cattiva, Level: 1, Rank: 1, Gender: Male, HP IV: 5(0%), ATK IV: 91(0%), DEF IV: 76(0%), Work Speed: (0%), Skills: Coward, Mine Foreman, Aggressive
Cattiva, Level: 13, Rank: 1, Gender: Male, HP IV: 0(0%), ATK IV: 17(0%), DEF IV: 35(0%), Work Speed: (0%), Skills: Coward, Mine Foreman, Hydromaniac
Cattiva, Level: 14, Rank: 1, Gender: Male, HP IV: 90(0%), ATK IV: 63(0%), DEF IV: 53(0%), Work Speed: (0%), Skills: Coward, Dragonkiller
Cattiva, Level: 3, Rank: 1, Gender: Female, HP IV: 35(0%), ATK IV: 90(0%), DEF IV: 34(0%), Work Speed: (0%), Skills: Coward, Downtrodden, Conceited, Earthquake Resistant
Cattiva, Level: 3, Rank: 1, Gender: Male, HP IV: 4(0%), ATK IV: 49(0%), DEF IV: 65(0%), Work Speed: (0%), Skills: Coward
Cattiva, Level: 3, Rank: 1, Gender: Male, HP IV: 65(0%), ATK IV: 91(0%), DEF IV: 42(0%), Work Speed: (0%), Skills: Coward, Botanical Barrier
Chikipi, Level: 1, Rank: 1, Gender: Male, HP IV: 33(0%), ATK IV: 39(0%), DEF IV: 15(0%), Work Speed: (0%)
Chikipi, Level: 1, Rank: 1, Gender: Male, HP IV: 68(0%), ATK IV: 6(0%), DEF IV: 93(0%), Work Speed: (0%), Skills: Aggressive
Chikipi, Level: 13, Rank: 1, Gender: Male, HP IV: 29(0%), ATK IV: 33(0%), DEF IV: 47(0%), Work Speed: (0%), Skills: Glutton
Chikipi, Level: 2, Rank: 1, Gender: Female, HP IV: 10(0%), ATK IV: 81(0%), DEF IV: 58(0%), Work Speed: (0%), Skills: Noble
Chikipi, Level: 2, Rank: 1, Gender: Male, HP IV: 5(0%), ATK IV: 3(0%), DEF IV: 38(0%), Work Speed: (0%), Skills: Abnormal, Blood of the Dragon
Chikipi, Level: 4, Rank: 1, Gender: Female, HP IV: 7(0%), ATK IV: 0(0%), DEF IV: 76(0%), Work Speed: (0%), Skills: Dragonkiller
Chikipi, Level: 4, Rank: 1, Gender: Male, HP IV: 6(0%), ATK IV: 20(0%), DEF IV: 96(0%), Work Speed: (0%)
Chikipi, Level: 4, Rank: 1, Gender: Male, HP IV: 71(0%), ATK IV: 76(0%), DEF IV: 86(0%), Work Speed: (0%), Skills: Coward
Cremis, Level: 3, Rank: 1, Gender: Male, HP IV: 86(0%), ATK IV: 4(0%), DEF IV: 55(0%), Work Speed: (0%), Skills: Downtrodden
Cremis, Level: 4, Rank: 1, Gender: Female, HP IV: 4(0%), ATK IV: 28(0%), DEF IV: 40(0%), Work Speed: (0%), Skills: Brave
Cremis, Level: 4, Rank: 1, Gender: Female, HP IV: 40(0%), ATK IV: 17(0%), DEF IV: 0(0%), Work Speed: (0%), Skills: Brave
Depresso, Level: 5, Rank: 1, Gender: Female, HP IV: 35(0%), ATK IV: 62(0%), DEF IV: 27(0%), Work Speed: (0%), Skills: Stronghold Strategist
Foxparks, Level: 4, Rank: 1, Gender: Male, HP IV: 47(0%), ATK IV: 45(0%), DEF IV: 65(0%), Work Speed: (0%), Skills: Zen Mind
Foxparks, Level: 6, Rank: 1, Gender: Female, HP IV: 34(0%), ATK IV: 38(0%), DEF IV: 46(0%), Work Speed: (0%), Skills: Vanguard
Foxparks, Level: 6, Rank: 1, Gender: Female, HP IV: 69(0%), ATK IV: 69(0%), DEF IV: 29(0%), Work Speed: (0%), Skills: Coldblooded
Foxparks, Level: 6, Rank: 1, Gender: Female, HP IV: 72(0%), ATK IV: 28(0%), DEF IV: 66(0%), Work Speed: (0%), Skills: Abnormal
Gumoss, Level: 3, Rank: 1, Gender: Female, HP IV: 12(0%), ATK IV: 86(0%), DEF IV: 100(0%), Work Speed: (0%), Skills: Stronghold Strategist
Gumoss, Level: 3, Rank: 1, Gender: Female, HP IV: 94(0%), ATK IV: 34(0%), DEF IV: 6(0%), Work Speed: (0%), Skills: Shabby
Gumoss, Level: 3, Rank: 1, Gender: Male, HP IV: 73(0%), ATK IV: 48(0%), DEF IV: 74(0%), Work Speed: (0%), Skills: Coldblooded
Gumoss, Level: 4, Rank: 1, Gender: Female, HP IV: 16(0%), ATK IV: 31(0%), DEF IV: 79(0%), Work Speed: (0%), Skills: Brave
Gumoss, Level: 4, Rank: 1, Gender: Female, HP IV: 39(0%), ATK IV: 20(0%), DEF IV: 64(0%), Work Speed: (0%), Skills: Fit as a Fiddle, Hooligan, Workaholic, Aggressive
Gumoss, Level: 4, Rank: 1, Gender: Female, HP IV: 91(0%), ATK IV: 53(0%), DEF IV: 22(0%), Work Speed: (0%), Skills: Pacifist
Gumoss, Level: 4, Rank: 1, Gender: Male, HP IV: 91(0%), ATK IV: 8(0%), DEF IV: 89(0%), Work Speed: (0%), Skills: Easygoing
Gumoss, Level: 5, Rank: 1, Gender: Female, HP IV: 60(0%), ATK IV: 28(0%), DEF IV: 99(0%), Work Speed: (0%), Skills: Clumsy
Gumoss, Level: 5, Rank: 1, Gender: Female, HP IV: 74(0%), ATK IV: 2(0%), DEF IV: 52(0%), Work Speed: (0%), Skills: Heated Body
Gumoss, Level: 5, Rank: 1, Gender: Male, HP IV: 17(0%), ATK IV: 19(0%), DEF IV: 37(0%), Work Speed: (0%), Skills: Dainty Eater
Gumoss, Level: 5, Rank: 1, Gender: Male, HP IV: 31(0%), ATK IV: 75(0%), DEF IV: 89(0%), Work Speed: (0%), Skills: Shabby, Impatient
Lamball, Level: 1, Rank: 1, Gender: Male, HP IV: 52(0%), ATK IV: 1(0%), DEF IV: 58(0%), Work Speed: (0%), Skills: Artisan
Lamball, Level: 13, Rank: 1, Gender: Male, HP IV: 16(0%), ATK IV: 45(0%), DEF IV: 99(0%), Work Speed: (0%), Skills: Noble
Lamball, Level: 2, Rank: 1, Gender: Female, HP IV: 22(0%), ATK IV: 97(0%), DEF IV: 43(0%), Work Speed: (0%), Skills: Conceited
Lamball, Level: 3, Rank: 1, Gender: Female, HP IV: 32(0%), ATK IV: 99(0%), DEF IV: 21(0%), Work Speed: (0%), Skills: Hooligan
Lamball, Level: 3, Rank: 1, Gender: Female, HP IV: 81(0%), ATK IV: 59(0%), DEF IV: 61(0%), Work Speed: (0%), Skills: Waterproof
Lamball, Level: 3, Rank: 1, Gender: Female, HP IV: 90(0%), ATK IV: 11(0%), DEF IV: 37(0%), Work Speed: (0%), Skills: Artisan, Serenity
Lamball, Level: 3, Rank: 1, Gender: Male, HP IV: 79(0%), ATK IV: 96(0%), DEF IV: 31(0%), Work Speed: (0%), Skills: Easygoing
Nitewing, Level: 10, Rank: 1, Gender: Male, HP IV: 91(0%), ATK IV: 76(0%), DEF IV: 7(0%), Work Speed: (0%), Skills: Destructive
Nitewing, Level: 11, Rank: 1, Gender: Male, HP IV: 60(0%), ATK IV: 55(0%), DEF IV: 37(0%), Work Speed: (0%), Skills: Botanical Barrier, Noble
Nitewing, Level: 14, Rank: 1, Gender: Male, HP IV: 55(0%), ATK IV: 5(0%), DEF IV: 37(0%), Work Speed: (0%), Skills: Suntan Lover
Pengullet, Level: 5, Rank: 1, Gender: Male, HP IV: 75(0%), ATK IV: 7(0%), DEF IV: 31(0%), Work Speed: (0%)
Tanzee, Level: 4, Rank: 1, Gender: Male, HP IV: 94(0%), ATK IV: 6(0%), DEF IV: 68(0%), Work Speed: (0%), Skills: Zen Mind
Tanzee, Level: 5, Rank: 1, Gender: Female, HP IV: 42(0%), ATK IV: 88(0%), DEF IV: 35(0%), Work Speed: (0%), Skills: Easygoing
Teafant, Level: 3, Rank: 1, Gender: Male, HP IV: 55(0%), ATK IV: 81(0%), DEF IV: 0(0%), Work Speed: (0%), Skills: Shabby
Sadmoto's 48 Pals
-----------------
Cattiva, Level: 1, Rank: 1, Gender: Female, HP IV: 100(0%), ATK IV: 36(0%), DEF IV: 67(0%), Work Speed: (0%), Skills: Coward, Infinite Stamina, Pyromaniac
Cattiva, Level: 1, Rank: 1, Gender: Male, HP IV: 5(0%), ATK IV: 91(0%), DEF IV: 76(0%), Work Speed: (0%), Skills: Coward, Mine Foreman, Aggressive
Cattiva, Level: 13, Rank: 1, Gender: Male, HP IV: 0(0%), ATK IV: 17(0%), DEF IV: 35(0%), Work Speed: (0%), Skills: Coward, Mine Foreman, Hydromaniac
Cattiva, Level: 14, Rank: 1, Gender: Male, HP IV: 90(0%), ATK IV: 63(0%), DEF IV: 53(0%), Work Speed: (0%), Skills: Coward, Dragonkiller
Cattiva, Level: 3, Rank: 1, Gender: Female, HP IV: 35(0%), ATK IV: 90(0%), DEF IV: 34(0%), Work Speed: (0%), Skills: Coward, Downtrodden, Conceited, Earthquake Resistant
Cattiva, Level: 3, Rank: 1, Gender: Male, HP IV: 4(0%), ATK IV: 49(0%), DEF IV: 65(0%), Work Speed: (0%), Skills: Coward
Cattiva, Level: 3, Rank: 1, Gender: Male, HP IV: 65(0%), ATK IV: 91(0%), DEF IV: 42(0%), Work Speed: (0%), Skills: Coward, Botanical Barrier
Chikipi, Level: 1, Rank: 1, Gender: Male, HP IV: 33(0%), ATK IV: 39(0%), DEF IV: 15(0%), Work Speed: (0%)
Chikipi, Level: 1, Rank: 1, Gender: Male, HP IV: 68(0%), ATK IV: 6(0%), DEF IV: 93(0%), Work Speed: (0%), Skills: Aggressive
Chikipi, Level: 13, Rank: 1, Gender: Male, HP IV: 29(0%), ATK IV: 33(0%), DEF IV: 47(0%), Work Speed: (0%), Skills: Glutton
Chikipi, Level: 2, Rank: 1, Gender: Female, HP IV: 10(0%), ATK IV: 81(0%), DEF IV: 58(0%), Work Speed: (0%), Skills: Noble
Chikipi, Level: 2, Rank: 1, Gender: Male, HP IV: 5(0%), ATK IV: 3(0%), DEF IV: 38(0%), Work Speed: (0%), Skills: Abnormal, Blood of the Dragon
Chikipi, Level: 4, Rank: 1, Gender: Female, HP IV: 7(0%), ATK IV: 0(0%), DEF IV: 76(0%), Work Speed: (0%), Skills: Dragonkiller
Chikipi, Level: 4, Rank: 1, Gender: Male, HP IV: 6(0%), ATK IV: 20(0%), DEF IV: 96(0%), Work Speed: (0%)
Chikipi, Level: 4, Rank: 1, Gender: Male, HP IV: 71(0%), ATK IV: 76(0%), DEF IV: 86(0%), Work Speed: (0%), Skills: Coward
Cremis, Level: 3, Rank: 1, Gender: Male, HP IV: 86(0%), ATK IV: 4(0%), DEF IV: 55(0%), Work Speed: (0%), Skills: Downtrodden
Cremis, Level: 4, Rank: 1, Gender: Female, HP IV: 4(0%), ATK IV: 28(0%), DEF IV: 40(0%), Work Speed: (0%), Skills: Brave
Cremis, Level: 4, Rank: 1, Gender: Female, HP IV: 40(0%), ATK IV: 17(0%), DEF IV: 0(0%), Work Speed: (0%), Skills: Brave
Depresso, Level: 5, Rank: 1, Gender: Female, HP IV: 35(0%), ATK IV: 62(0%), DEF IV: 27(0%), Work Speed: (0%), Skills: Stronghold Strategist
Foxparks, Level: 4, Rank: 1, Gender: Male, HP IV: 47(0%), ATK IV: 45(0%), DEF IV: 65(0%), Work Speed: (0%), Skills: Zen Mind
Foxparks, Level: 6, Rank: 1, Gender: Female, HP IV: 34(0%), ATK IV: 38(0%), DEF IV: 46(0%), Work Speed: (0%), Skills: Vanguard
Foxparks, Level: 6, Rank: 1, Gender: Female, HP IV: 69(0%), ATK IV: 69(0%), DEF IV: 29(0%), Work Speed: (0%), Skills: Coldblooded
Foxparks, Level: 6, Rank: 1, Gender: Female, HP IV: 72(0%), ATK IV: 28(0%), DEF IV: 66(0%), Work Speed: (0%), Skills: Abnormal
Gumoss, Level: 3, Rank: 1, Gender: Female, HP IV: 12(0%), ATK IV: 86(0%), DEF IV: 100(0%), Work Speed: (0%), Skills: Stronghold Strategist
Gumoss, Level: 3, Rank: 1, Gender: Female, HP IV: 94(0%), ATK IV: 34(0%), DEF IV: 6(0%), Work Speed: (0%), Skills: Shabby
Gumoss, Level: 3, Rank: 1, Gender: Male, HP IV: 73(0%), ATK IV: 48(0%), DEF IV: 74(0%), Work Speed: (0%), Skills: Coldblooded
Gumoss, Level: 4, Rank: 1, Gender: Female, HP IV: 16(0%), ATK IV: 31(0%), DEF IV: 79(0%), Work Speed: (0%), Skills: Brave
Gumoss, Level: 4, Rank: 1, Gender: Female, HP IV: 39(0%), ATK IV: 20(0%), DEF IV: 64(0%), Work Speed: (0%), Skills: Fit as a Fiddle, Hooligan, Workaholic, Aggressive
Gumoss, Level: 4, Rank: 1, Gender: Female, HP IV: 91(0%), ATK IV: 53(0%), DEF IV: 22(0%), Work Speed: (0%), Skills: Pacifist
Gumoss, Level: 4, Rank: 1, Gender: Male, HP IV: 91(0%), ATK IV: 8(0%), DEF IV: 89(0%), Work Speed: (0%), Skills: Easygoing
Gumoss, Level: 5, Rank: 1, Gender: Female, HP IV: 60(0%), ATK IV: 28(0%), DEF IV: 99(0%), Work Speed: (0%), Skills: Clumsy
Gumoss, Level: 5, Rank: 1, Gender: Female, HP IV: 74(0%), ATK IV: 2(0%), DEF IV: 52(0%), Work Speed: (0%), Skills: Heated Body
Gumoss, Level: 5, Rank: 1, Gender: Male, HP IV: 17(0%), ATK IV: 19(0%), DEF IV: 37(0%), Work Speed: (0%), Skills: Dainty Eater
Gumoss, Level: 5, Rank: 1, Gender: Male, HP IV: 31(0%), ATK IV: 75(0%), DEF IV: 89(0%), Work Speed: (0%), Skills: Shabby, Impatient
Lamball, Level: 1, Rank: 1, Gender: Male, HP IV: 52(0%), ATK IV: 1(0%), DEF IV: 58(0%), Work Speed: (0%), Skills: Artisan
Lamball, Level: 13, Rank: 1, Gender: Male, HP IV: 16(0%), ATK IV: 45(0%), DEF IV: 99(0%), Work Speed: (0%), Skills: Noble
Lamball, Level: 2, Rank: 1, Gender: Female, HP IV: 22(0%), ATK IV: 97(0%), DEF IV: 43(0%), Work Speed: (0%), Skills: Conceited
Lamball, Level: 3, Rank: 1, Gender: Female, HP IV: 32(0%), ATK IV: 99(0%), DEF IV: 21(0%), Work Speed: (0%), Skills: Hooligan
Lamball, Level: 3, Rank: 1, Gender: Female, HP IV: 81(0%), ATK IV: 59(0%), DEF IV: 61(0%), Work Speed: (0%), Skills: Waterproof
Lamball, Level: 3, Rank: 1, Gender: Female, HP IV: 90(0%), ATK IV: 11(0%), DEF IV: 37(0%), Work Speed: (0%), Skills: Artisan, Serenity
Lamball, Level: 3, Rank: 1, Gender: Male, HP IV: 79(0%), ATK IV: 96(0%), DEF IV: 31(0%), Work Speed: (0%), Skills: Easygoing
Nitewing, Level: 10, Rank: 1, Gender: Male, HP IV: 91(0%), ATK IV: 76(0%), DEF IV: 7(0%), Work Speed: (0%), Skills: Destructive
Nitewing, Level: 11, Rank: 1, Gender: Male, HP IV: 60(0%), ATK IV: 55(0%), DEF IV: 37(0%), Work Speed: (0%), Skills: Botanical Barrier, Noble
Nitewing, Level: 14, Rank: 1, Gender: Male, HP IV: 55(0%), ATK IV: 5(0%), DEF IV: 37(0%), Work Speed: (0%), Skills: Suntan Lover
Pengullet, Level: 5, Rank: 1, Gender: Male, HP IV: 75(0%), ATK IV: 7(0%), DEF IV: 31(0%), Work Speed: (0%)
Tanzee, Level: 4, Rank: 1, Gender: Male, HP IV: 94(0%), ATK IV: 6(0%), DEF IV: 68(0%), Work Speed: (0%), Skills: Zen Mind
Tanzee, Level: 5, Rank: 1, Gender: Female, HP IV: 42(0%), ATK IV: 88(0%), DEF IV: 35(0%), Work Speed: (0%), Skills: Easygoing
Teafant, Level: 3, Rank: 1, Gender: Male, HP IV: 55(0%), ATK IV: 81(0%), DEF IV: 0(0%), Work Speed: (0%), Skills: Shabby
Sadmoto's 48 Pals
-----------------
Cattiva, Level: 1, Rank: 1, Gender: Female, HP IV: 100(0%), ATK IV: 36(0%), DEF IV: 67(0%), Work Speed: (0%), Skills: Coward, Infinite Stamina, Pyromaniac
Cattiva, Level: 1, Rank: 1, Gender: Male, HP IV: 5(0%), ATK IV: 91(0%), DEF IV: 76(0%), Work Speed: (0%), Skills: Coward, Mine Foreman, Aggressive
Cattiva, Level: 13, Rank: 1, Gender: Male, HP IV: 0(0%), ATK IV: 17(0%), DEF IV: 35(0%), Work Speed: (0%), Skills: Coward, Mine Foreman, Hydromaniac
Cattiva, Level: 14, Rank: 1, Gender: Male, HP IV: 90(0%), ATK IV: 63(0%), DEF IV: 53(0%), Work Speed: (0%), Skills: Coward, Dragonkiller
Cattiva, Level: 3, Rank: 1, Gender: Female, HP IV: 35(0%), ATK IV: 90(0%), DEF IV: 34(0%), Work Speed: (0%), Skills: Coward, Downtrodden, Conceited, Earthquake Resistant
Cattiva, Level: 3, Rank: 1, Gender: Male, HP IV: 4(0%), ATK IV: 49(0%), DEF IV: 65(0%), Work Speed: (0%), Skills: Coward
Cattiva, Level: 3, Rank: 1, Gender: Male, HP IV: 65(0%), ATK IV: 91(0%), DEF IV: 42(0%), Work Speed: (0%), Skills: Coward, Botanical Barrier
Chikipi, Level: 1, Rank: 1, Gender: Male, HP IV: 33(0%), ATK IV: 39(0%), DEF IV: 15(0%), Work Speed: (0%)
Chikipi, Level: 1, Rank: 1, Gender: Male, HP IV: 68(0%), ATK IV: 6(0%), DEF IV: 93(0%), Work Speed: (0%), Skills: Aggressive
Chikipi, Level: 13, Rank: 1, Gender: Male, HP IV: 29(0%), ATK IV: 33(0%), DEF IV: 47(0%), Work Speed: (0%), Skills: Glutton
Chikipi, Level: 2, Rank: 1, Gender: Female, HP IV: 10(0%), ATK IV: 81(0%), DEF IV: 58(0%), Work Speed: (0%), Skills: Noble
Chikipi, Level: 2, Rank: 1, Gender: Male, HP IV: 5(0%), ATK IV: 3(0%), DEF IV: 38(0%), Work Speed: (0%), Skills: Abnormal, Blood of the Dragon
Chikipi, Level: 4, Rank: 1, Gender: Female, HP IV: 7(0%), ATK IV: 0(0%), DEF IV: 76(0%), Work Speed: (0%), Skills: Dragonkiller
Chikipi, Level: 4, Rank: 1, Gender: Male, HP IV: 6(0%), ATK IV: 20(0%), DEF IV: 96(0%), Work Speed: (0%)
Chikipi, Level: 4, Rank: 1, Gender: Male, HP IV: 71(0%), ATK IV: 76(0%), DEF IV: 86(0%), Work Speed: (0%), Skills: Coward
Cremis, Level: 3, Rank: 1, Gender: Male, HP IV: 86(0%), ATK IV: 4(0%), DEF IV: 55(0%), Work Speed: (0%), Skills: Downtrodden
Cremis, Level: 4, Rank: 1, Gender: Female, HP IV: 4(0%), ATK IV: 28(0%), DEF IV: 40(0%), Work Speed: (0%), Skills: Brave
Cremis, Level: 4, Rank: 1, Gender: Female, HP IV: 40(0%), ATK IV: 17(0%), DEF IV: 0(0%), Work Speed: (0%), Skills: Brave
Depresso, Level: 5, Rank: 1, Gender: Female, HP IV: 35(0%), ATK IV: 62(0%), DEF IV: 27(0%), Work Speed: (0%), Skills: Stronghold Strategist
Foxparks, Level: 4, Rank: 1, Gender: Male, HP IV: 47(0%), ATK IV: 45(0%), DEF IV: 65(0%), Work Speed: (0%), Skills: Zen Mind
Foxparks, Level: 6, Rank: 1, Gender: Female, HP IV: 34(0%), ATK IV: 38(0%), DEF IV: 46(0%), Work Speed: (0%), Skills: Vanguard
Foxparks, Level: 6, Rank: 1, Gender: Female, HP IV: 69(0%), ATK IV: 69(0%), DEF IV: 29(0%), Work Speed: (0%), Skills: Coldblooded
Foxparks, Level: 6, Rank: 1, Gender: Female, HP IV: 72(0%), ATK IV: 28(0%), DEF IV: 66(0%), Work Speed: (0%), Skills: Abnormal
Gumoss, Level: 3, Rank: 1, Gender: Female, HP IV: 12(0%), ATK IV: 86(0%), DEF IV: 100(0%), Work Speed: (0%), Skills: Stronghold Strategist
Gumoss, Level: 3, Rank: 1, Gender: Female, HP IV: 94(0%), ATK IV: 34(0%), DEF IV: 6(0%), Work Speed: (0%), Skills: Shabby
Gumoss, Level: 3, Rank: 1, Gender: Male, HP IV: 73(0%), ATK IV: 48(0%), DEF IV: 74(0%), Work Speed: (0%), Skills: Coldblooded
Gumoss, Level: 4, Rank: 1, Gender: Female, HP IV: 16(0%), ATK IV: 31(0%), DEF IV: 79(0%), Work Speed: (0%), Skills: Brave
Gumoss, Level: 4, Rank: 1, Gender: Female, HP IV: 39(0%), ATK IV: 20(0%), DEF IV: 64(0%), Work Speed: (0%), Skills: Fit as a Fiddle, Hooligan, Workaholic, Aggressive
Gumoss, Level: 4, Rank: 1, Gender: Female, HP IV: 91(0%), ATK IV: 53(0%), DEF IV: 22(0%), Work Speed: (0%), Skills: Pacifist
Gumoss, Level: 4, Rank: 1, Gender: Male, HP IV: 91(0%), ATK IV: 8(0%), DEF IV: 89(0%), Work Speed: (0%), Skills: Easygoing
Gumoss, Level: 5, Rank: 1, Gender: Female, HP IV: 60(0%), ATK IV: 28(0%), DEF IV: 99(0%), Work Speed: (0%), Skills: Clumsy
Gumoss, Level: 5, Rank: 1, Gender: Female, HP IV: 74(0%), ATK IV: 2(0%), DEF IV: 52(0%), Work Speed: (0%), Skills: Heated Body
Gumoss, Level: 5, Rank: 1, Gender: Male, HP IV: 17(0%), ATK IV: 19(0%), DEF IV: 37(0%), Work Speed: (0%), Skills: Dainty Eater
Gumoss, Level: 5, Rank: 1, Gender: Male, HP IV: 31(0%), ATK IV: 75(0%), DEF IV: 89(0%), Work Speed: (0%), Skills: Shabby, Impatient
Lamball, Level: 1, Rank: 1, Gender: Male, HP IV: 52(0%), ATK IV: 1(0%), DEF IV: 58(0%), Work Speed: (0%), Skills: Artisan
Lamball, Level: 13, Rank: 1, Gender: Male, HP IV: 16(0%), ATK IV: 45(0%), DEF IV: 99(0%), Work Speed: (0%), Skills: Noble
Lamball, Level: 2, Rank: 1, Gender: Female, HP IV: 22(0%), ATK IV: 97(0%), DEF IV: 43(0%), Work Speed: (0%), Skills: Conceited
Lamball, Level: 3, Rank: 1, Gender: Female, HP IV: 32(0%), ATK IV: 99(0%), DEF IV: 21(0%), Work Speed: (0%), Skills: Hooligan
Lamball, Level: 3, Rank: 1, Gender: Female, HP IV: 81(0%), ATK IV: 59(0%), DEF IV: 61(0%), Work Speed: (0%), Skills: Waterproof
Lamball, Level: 3, Rank: 1, Gender: Female, HP IV: 90(0%), ATK IV: 11(0%), DEF IV: 37(0%), Work Speed: (0%), Skills: Artisan, Serenity
Lamball, Level: 3, Rank: 1, Gender: Male, HP IV: 79(0%), ATK IV: 96(0%), DEF IV: 31(0%), Work Speed: (0%), Skills: Easygoing
Nitewing, Level: 10, Rank: 1, Gender: Male, HP IV: 91(0%), ATK IV: 76(0%), DEF IV: 7(0%), Work Speed: (0%), Skills: Destructive
Nitewing, Level: 11, Rank: 1, Gender: Male, HP IV: 60(0%), ATK IV: 55(0%), DEF IV: 37(0%), Work Speed: (0%), Skills: Botanical Barrier, Noble
Nitewing, Level: 14, Rank: 1, Gender: Male, HP IV: 55(0%), ATK IV: 5(0%), DEF IV: 37(0%), Work Speed: (0%), Skills: Suntan Lover
Pengullet, Level: 5, Rank: 1, Gender: Male, HP IV: 75(0%), ATK IV: 7(0%), DEF IV: 31(0%), Work Speed: (0%)
Tanzee, Level: 4, Rank: 1, Gender: Male, HP IV: 94(0%), ATK IV: 6(0%), DEF IV: 68(0%), Work Speed: (0%), Skills: Zen Mind
Tanzee, Level: 5, Rank: 1, Gender: Female, HP IV: 42(0%), ATK IV: 88(0%), DEF IV: 35(0%), Work Speed: (0%), Skills: Easygoing
Teafant, Level: 3, Rank: 1, Gender: Male, HP IV: 55(0%), ATK IV: 81(0%), DEF IV: 0(0%), Work Speed: (0%), Skills: Shabby
Sadmoto's 48 Pals
-----------------
Cattiva, Level: 1, Rank: 1, Gender: Female, HP IV: 100(0%), ATK IV: 36(0%), DEF IV: 67(0%), Work Speed: (0%), Skills: Coward, Infinite Stamina, Pyromaniac
Cattiva, Level: 1, Rank: 1, Gender: Male, HP IV: 5(0%), ATK IV: 91(0%), DEF IV: 76(0%), Work Speed: (0%), Skills: Coward, Mine Foreman, Aggressive
Cattiva, Level: 13, Rank: 1, Gender: Male, HP IV: 0(0%), ATK IV: 17(0%), DEF IV: 35(0%), Work Speed: (0%), Skills: Coward, Mine Foreman, Hydromaniac
Cattiva, Level: 14, Rank: 1, Gender: Male, HP IV: 90(0%), ATK IV: 63(0%), DEF IV: 53(0%), Work Speed: (0%), Skills: Coward, Dragonkiller
Cattiva, Level: 3, Rank: 1, Gender: Female, HP IV: 35(0%), ATK IV: 90(0%), DEF IV: 34(0%), Work Speed: (0%), Skills: Coward, Downtrodden, Conceited, Earthquake Resistant
Cattiva, Level: 3, Rank: 1, Gender: Male, HP IV: 4(0%), ATK IV: 49(0%), DEF IV: 65(0%), Work Speed: (0%), Skills: Coward
Cattiva, Level: 3, Rank: 1, Gender: Male, HP IV: 65(0%), ATK IV: 91(0%), DEF IV: 42(0%), Work Speed: (0%), Skills: Coward, Botanical Barrier
Chikipi, Level: 1, Rank: 1, Gender: Male, HP IV: 33(0%), ATK IV: 39(0%), DEF IV: 15(0%), Work Speed: (0%)
Chikipi, Level: 1, Rank: 1, Gender: Male, HP IV: 68(0%), ATK IV: 6(0%), DEF IV: 93(0%), Work Speed: (0%), Skills: Aggressive
Chikipi, Level: 13, Rank: 1, Gender: Male, HP IV: 29(0%), ATK IV: 33(0%), DEF IV: 47(0%), Work Speed: (0%), Skills: Glutton
Chikipi, Level: 2, Rank: 1, Gender: Female, HP IV: 10(0%), ATK IV: 81(0%), DEF IV: 58(0%), Work Speed: (0%), Skills: Noble
Chikipi, Level: 2, Rank: 1, Gender: Male, HP IV: 5(0%), ATK IV: 3(0%), DEF IV: 38(0%), Work Speed: (0%), Skills: Abnormal, Blood of the Dragon
Chikipi, Level: 4, Rank: 1, Gender: Female, HP IV: 7(0%), ATK IV: 0(0%), DEF IV: 76(0%), Work Speed: (0%), Skills: Dragonkiller
Chikipi, Level: 4, Rank: 1, Gender: Male, HP IV: 6(0%), ATK IV: 20(0%), DEF IV: 96(0%), Work Speed: (0%)
Chikipi, Level: 4, Rank: 1, Gender: Male, HP IV: 71(0%), ATK IV: 76(0%), DEF IV: 86(0%), Work Speed: (0%), Skills: Coward
Cremis, Level: 3, Rank: 1, Gender: Male, HP IV: 86(0%), ATK IV: 4(0%), DEF IV: 55(0%), Work Speed: (0%), Skills: Downtrodden
Cremis, Level: 4, Rank: 1, Gender: Female, HP IV: 4(0%), ATK IV: 28(0%), DEF IV: 40(0%), Work Speed: (0%), Skills: Brave
Cremis, Level: 4, Rank: 1, Gender: Female, HP IV: 40(0%), ATK IV: 17(0%), DEF IV: 0(0%), Work Speed: (0%), Skills: Brave
Depresso, Level: 5, Rank: 1, Gender: Female, HP IV: 35(0%), ATK IV: 62(0%), DEF IV: 27(0%), Work Speed: (0%), Skills: Stronghold Strategist
Foxparks, Level: 4, Rank: 1, Gender: Male, HP IV: 47(0%), ATK IV: 45(0%), DEF IV: 65(0%), Work Speed: (0%), Skills: Zen Mind
Foxparks, Level: 6, Rank: 1, Gender: Female, HP IV: 34(0%), ATK IV: 38(0%), DEF IV: 46(0%), Work Speed: (0%), Skills: Vanguard
Foxparks, Level: 6, Rank: 1, Gender: Female, HP IV: 69(0%), ATK IV: 69(0%), DEF IV: 29(0%), Work Speed: (0%), Skills: Coldblooded
Foxparks, Level: 6, Rank: 1, Gender: Female, HP IV: 72(0%), ATK IV: 28(0%), DEF IV: 66(0%), Work Speed: (0%), Skills: Abnormal
Gumoss, Level: 3, Rank: 1, Gender: Female, HP IV: 12(0%), ATK IV: 86(0%), DEF IV: 100(0%), Work Speed: (0%), Skills: Stronghold Strategist
Gumoss, Level: 3, Rank: 1, Gender: Female, HP IV: 94(0%), ATK IV: 34(0%), DEF IV: 6(0%), Work Speed: (0%), Skills: Shabby
Gumoss, Level: 3, Rank: 1, Gender: Male, HP IV: 73(0%), ATK IV: 48(0%), DEF IV: 74(0%), Work Speed: (0%), Skills: Coldblooded
Gumoss, Level: 4, Rank: 1, Gender: Female, HP IV: 16(0%), ATK IV: 31(0%), DEF IV: 79(0%), Work Speed: (0%), Skills: Brave
Gumoss, Level: 4, Rank: 1, Gender: Female, HP IV: 39(0%), ATK IV: 20(0%), DEF IV: 64(0%), Work Speed: (0%), Skills: Fit as a Fiddle, Hooligan, Workaholic, Aggressive
Gumoss, Level: 4, Rank: 1, Gender: Female, HP IV: 91(0%), ATK IV: 53(0%), DEF IV: 22(0%), Work Speed: (0%), Skills: Pacifist
Gumoss, Level: 4, Rank: 1, Gender: Male, HP IV: 91(0%), ATK IV: 8(0%), DEF IV: 89(0%), Work Speed: (0%), Skills: Easygoing
Gumoss, Level: 5, Rank: 1, Gender: Female, HP IV: 60(0%), ATK IV: 28(0%), DEF IV: 99(0%), Work Speed: (0%), Skills: Clumsy
Gumoss, Level: 5, Rank: 1, Gender: Female, HP IV: 74(0%), ATK IV: 2(0%), DEF IV: 52(0%), Work Speed: (0%), Skills: Heated Body
Gumoss, Level: 5, Rank: 1, Gender: Male, HP IV: 17(0%), ATK IV: 19(0%), DEF IV: 37(0%), Work Speed: (0%), Skills: Dainty Eater
Gumoss, Level: 5, Rank: 1, Gender: Male, HP IV: 31(0%), ATK IV: 75(0%), DEF IV: 89(0%), Work Speed: (0%), Skills: Shabby, Impatient
Lamball, Level: 1, Rank: 1, Gender: Male, HP IV: 52(0%), ATK IV: 1(0%), DEF IV: 58(0%), Work Speed: (0%), Skills: Artisan
Lamball, Level: 13, Rank: 1, Gender: Male, HP IV: 16(0%), ATK IV: 45(0%), DEF IV: 99(0%), Work Speed: (0%), Skills: Noble
Lamball, Level: 2, Rank: 1, Gender: Female, HP IV: 22(0%), ATK IV: 97(0%), DEF IV: 43(0%), Work Speed: (0%), Skills: Conceited
Lamball, Level: 3, Rank: 1, Gender: Female, HP IV: 32(0%), ATK IV: 99(0%), DEF IV: 21(0%), Work Speed: (0%), Skills: Hooligan
Lamball, Level: 3, Rank: 1, Gender: Female, HP IV: 81(0%), ATK IV: 59(0%), DEF IV: 61(0%), Work Speed: (0%), Skills: Waterproof
Lamball, Level: 3, Rank: 1, Gender: Female, HP IV: 90(0%), ATK IV: 11(0%), DEF IV: 37(0%), Work Speed: (0%), Skills: Artisan, Serenity
Lamball, Level: 3, Rank: 1, Gender: Male, HP IV: 79(0%), ATK IV: 96(0%), DEF IV: 31(0%), Work Speed: (0%), Skills: Easygoing
Nitewing, Level: 10, Rank: 1, Gender: Male, HP IV: 91(0%), ATK IV: 76(0%), DEF IV: 7(0%), Work Speed: (0%), Skills: Destructive
Nitewing, Level: 11, Rank: 1, Gender: Male, HP IV: 60(0%), ATK IV: 55(0%), DEF IV: 37(0%), Work Speed: (0%), Skills: Botanical Barrier, Noble
Nitewing, Level: 14, Rank: 1, Gender: Male, HP IV: 55(0%), ATK IV: 5(0%), DEF IV: 37(0%), Work Speed: (0%), Skills: Suntan Lover
Pengullet, Level: 5, Rank: 1, Gender: Male, HP IV: 75(0%), ATK IV: 7(0%), DEF IV: 31(0%), Work Speed: (0%)
Tanzee, Level: 4, Rank: 1, Gender: Male, HP IV: 94(0%), ATK IV: 6(0%), DEF IV: 68(0%), Work Speed: (0%), Skills: Zen Mind
Tanzee, Level: 5, Rank: 1, Gender: Female, HP IV: 42(0%), ATK IV: 88(0%), DEF IV: 35(0%), Work Speed: (0%), Skills: Easygoing
Teafant, Level: 3, Rank: 1, Gender: Male, HP IV: 55(0%), ATK IV: 81(0%), DEF IV: 0(0%), Work Speed: (0%), Skills: Shabby
Sadmoto's 48 Pals
-----------------
Cattiva, Level: 1, Rank: 1, Gender: Female, HP IV: 100(0%), ATK IV: 36(0%), DEF IV: 67(0%), Work Speed: (0%), Skills: Coward, Infinite Stamina, Pyromaniac
Cattiva, Level: 1, Rank: 1, Gender: Male, HP IV: 5(0%), ATK IV: 91(0%), DEF IV: 76(0%), Work Speed: (0%), Skills: Coward, Mine Foreman, Aggressive
Cattiva, Level: 13, Rank: 1, Gender: Male, HP IV: 0(0%), ATK IV: 17(0%), DEF IV: 35(0%), Work Speed: (0%), Skills: Coward, Mine Foreman, Hydromaniac
Cattiva, Level: 14, Rank: 1, Gender: Male, HP IV: 90(0%), ATK IV: 63(0%), DEF IV: 53(0%), Work Speed: (0%), Skills: Coward, Dragonkiller
Cattiva, Level: 3, Rank: 1, Gender: Female, HP IV: 35(0%), ATK IV: 90(0%), DEF IV: 34(0%), Work Speed: (0%), Skills: Coward, Downtrodden, Conceited, Earthquake Resistant
Cattiva, Level: 3, Rank: 1, Gender: Male, HP IV: 4(0%), ATK IV: 49(0%), DEF IV: 65(0%), Work Speed: (0%), Skills: Coward
Cattiva, Level: 3, Rank: 1, Gender: Male, HP IV: 65(0%), ATK IV: 91(0%), DEF IV: 42(0%), Work Speed: (0%), Skills: Coward, Botanical Barrier
Chikipi, Level: 1, Rank: 1, Gender: Male, HP IV: 33(0%), ATK IV: 39(0%), DEF IV: 15(0%), Work Speed: (0%)
Chikipi, Level: 1, Rank: 1, Gender: Male, HP IV: 68(0%), ATK IV: 6(0%), DEF IV: 93(0%), Work Speed: (0%), Skills: Aggressive
Chikipi, Level: 13, Rank: 1, Gender: Male, HP IV: 29(0%), ATK IV: 33(0%), DEF IV: 47(0%), Work Speed: (0%), Skills: Glutton
Chikipi, Level: 2, Rank: 1, Gender: Female, HP IV: 10(0%), ATK IV: 81(0%), DEF IV: 58(0%), Work Speed: (0%), Skills: Noble
Chikipi, Level: 2, Rank: 1, Gender: Male, HP IV: 5(0%), ATK IV: 3(0%), DEF IV: 38(0%), Work Speed: (0%), Skills: Abnormal, Blood of the Dragon
Chikipi, Level: 4, Rank: 1, Gender: Female, HP IV: 7(0%), ATK IV: 0(0%), DEF IV: 76(0%), Work Speed: (0%), Skills: Dragonkiller
Chikipi, Level: 4, Rank: 1, Gender: Male, HP IV: 6(0%), ATK IV: 20(0%), DEF IV: 96(0%), Work Speed: (0%)
Chikipi, Level: 4, Rank: 1, Gender: Male, HP IV: 71(0%), ATK IV: 76(0%), DEF IV: 86(0%), Work Speed: (0%), Skills: Coward
Cremis, Level: 3, Rank: 1, Gender: Male, HP IV: 86(0%), ATK IV: 4(0%), DEF IV: 55(0%), Work Speed: (0%), Skills: Downtrodden
Cremis, Level: 4, Rank: 1, Gender: Female, HP IV: 4(0%), ATK IV: 28(0%), DEF IV: 40(0%), Work Speed: (0%), Skills: Brave
Cremis, Level: 4, Rank: 1, Gender: Female, HP IV: 40(0%), ATK IV: 17(0%), DEF IV: 0(0%), Work Speed: (0%), Skills: Brave
Depresso, Level: 5, Rank: 1, Gender: Female, HP IV: 35(0%), ATK IV: 62(0%), DEF IV: 27(0%), Work Speed: (0%), Skills: Stronghold Strategist
Foxparks, Level: 4, Rank: 1, Gender: Male, HP IV: 47(0%), ATK IV: 45(0%), DEF IV: 65(0%), Work Speed: (0%), Skills: Zen Mind
Foxparks, Level: 6, Rank: 1, Gender: Female, HP IV: 34(0%), ATK IV: 38(0%), DEF IV: 46(0%), Work Speed: (0%), Skills: Vanguard
Foxparks, Level: 6, Rank: 1, Gender: Female, HP IV: 69(0%), ATK IV: 69(0%), DEF IV: 29(0%), Work Speed: (0%), Skills: Coldblooded
Foxparks, Level: 6, Rank: 1, Gender: Female, HP IV: 72(0%), ATK IV: 28(0%), DEF IV: 66(0%), Work Speed: (0%), Skills: Abnormal
Gumoss, Level: 3, Rank: 1, Gender: Female, HP IV: 12(0%), ATK IV: 86(0%), DEF IV: 100(0%), Work Speed: (0%), Skills: Stronghold Strategist
Gumoss, Level: 3, Rank: 1, Gender: Female, HP IV: 94(0%), ATK IV: 34(0%), DEF IV: 6(0%), Work Speed: (0%), Skills: Shabby
Gumoss, Level: 3, Rank: 1, Gender: Male, HP IV: 73(0%), ATK IV: 48(0%), DEF IV: 74(0%), Work Speed: (0%), Skills: Coldblooded
Gumoss, Level: 4, Rank: 1, Gender: Female, HP IV: 16(0%), ATK IV: 31(0%), DEF IV: 79(0%), Work Speed: (0%), Skills: Brave
Gumoss, Level: 4, Rank: 1, Gender: Female, HP IV: 39(0%), ATK IV: 20(0%), DEF IV: 64(0%), Work Speed: (0%), Skills: Fit as a Fiddle, Hooligan, Workaholic, Aggressive
Gumoss, Level: 4, Rank: 1, Gender: Female, HP IV: 91(0%), ATK IV: 53(0%), DEF IV: 22(0%), Work Speed: (0%), Skills: Pacifist
Gumoss, Level: 4, Rank: 1, Gender: Male, HP IV: 91(0%), ATK IV: 8(0%), DEF IV: 89(0%), Work Speed: (0%), Skills: Easygoing
Gumoss, Level: 5, Rank: 1, Gender: Female, HP IV: 60(0%), ATK IV: 28(0%), DEF IV: 99(0%), Work Speed: (0%), Skills: Clumsy
Gumoss, Level: 5, Rank: 1, Gender: Female, HP IV: 74(0%), ATK IV: 2(0%), DEF IV: 52(0%), Work Speed: (0%), Skills: Heated Body
Gumoss, Level: 5, Rank: 1, Gender: Male, HP IV: 17(0%), ATK IV: 19(0%), DEF IV: 37(0%), Work Speed: (0%), Skills: Dainty Eater
Gumoss, Level: 5, Rank: 1, Gender: Male, HP IV: 31(0%), ATK IV: 75(0%), DEF IV: 89(0%), Work Speed: (0%), Skills: Shabby, Impatient
Lamball, Level: 1, Rank: 1, Gender: Male, HP IV: 52(0%), ATK IV: 1(0%), DEF IV: 58(0%), Work Speed: (0%), Skills: Artisan
Lamball, Level: 13, Rank: 1, Gender: Male, HP IV: 16(0%), ATK IV: 45(0%), DEF IV: 99(0%), Work Speed: (0%), Skills: Noble
Lamball, Level: 2, Rank: 1, Gender: Female, HP IV: 22(0%), ATK IV: 97(0%), DEF IV: 43(0%), Work Speed: (0%), Skills: Conceited
Lamball, Level: 3, Rank: 1, Gender: Female, HP IV: 32(0%), ATK IV: 99(0%), DEF IV: 21(0%), Work Speed: (0%), Skills: Hooligan
Lamball, Level: 3, Rank: 1, Gender: Female, HP IV: 81(0%), ATK IV: 59(0%), DEF IV: 61(0%), Work Speed: (0%), Skills: Waterproof
Lamball, Level: 3, Rank: 1, Gender: Female, HP IV: 90(0%), ATK IV: 11(0%), DEF IV: 37(0%), Work Speed: (0%), Skills: Artisan, Serenity
Lamball, Level: 3, Rank: 1, Gender: Male, HP IV: 79(0%), ATK IV: 96(0%), DEF IV: 31(0%), Work Speed: (0%), Skills: Easygoing
Nitewing, Level: 10, Rank: 1, Gender: Male, HP IV: 91(0%), ATK IV: 76(0%), DEF IV: 7(0%), Work Speed: (0%), Skills: Destructive
Nitewing, Level: 11, Rank: 1, Gender: Male, HP IV: 60(0%), ATK IV: 55(0%), DEF IV: 37(0%), Work Speed: (0%), Skills: Botanical Barrier, Noble
Nitewing, Level: 14, Rank: 1, Gender: Male, HP IV: 55(0%), ATK IV: 5(0%), DEF IV: 37(0%), Work Speed: (0%), Skills: Suntan Lover
Pengullet, Level: 5, Rank: 1, Gender: Male, HP IV: 75(0%), ATK IV: 7(0%), DEF IV: 31(0%), Work Speed: (0%)
Tanzee, Level: 4, Rank: 1, Gender: Male, HP IV: 94(0%), ATK IV: 6(0%), DEF IV: 68(0%), Work Speed: (0%), Skills: Zen Mind
Tanzee, Level: 5, Rank: 1, Gender: Female, HP IV: 42(0%), ATK IV: 88(0%), DEF IV: 35(0%), Work Speed: (0%), Skills: Easygoing
Teafant, Level: 3, Rank: 1, Gender: Male, HP IV: 55(0%), ATK IV: 81(0%), DEF IV: 0(0%), Work Speed: (0%), Skills: Shabby
Sadmoto's 48 Pals
-----------------
Cattiva, Level: 1, Rank: 1, Gender: Female, HP IV: 100(0%), ATK IV: 36(0%), DEF IV: 67(0%), Work Speed: (0%), Skills: Coward, Infinite Stamina, Pyromaniac
Cattiva, Level: 1, Rank: 1, Gender: Male, HP IV: 5(0%), ATK IV: 91(0%), DEF IV: 76(0%), Work Speed: (0%), Skills: Coward, Mine Foreman, Aggressive
Cattiva, Level: 13, Rank: 1, Gender: Male, HP IV: 0(0%), ATK IV: 17(0%), DEF IV: 35(0%), Work Speed: (0%), Skills: Coward, Mine Foreman, Hydromaniac
Cattiva, Level: 14, Rank: 1, Gender: Male, HP IV: 90(0%), ATK IV: 63(0%), DEF IV: 53(0%), Work Speed: (0%), Skills: Coward, Dragonkiller
Cattiva, Level: 3, Rank: 1, Gender: Female, HP IV: 35(0%), ATK IV: 90(0%), DEF IV: 34(0%), Work Speed: (0%), Skills: Coward, Downtrodden, Conceited, Earthquake Resistant
Cattiva, Level: 3, Rank: 1, Gender: Male, HP IV: 4(0%), ATK IV: 49(0%), DEF IV: 65(0%), Work Speed: (0%), Skills: Coward
Cattiva, Level: 3, Rank: 1, Gender: Male, HP IV: 65(0%), ATK IV: 91(0%), DEF IV: 42(0%), Work Speed: (0%), Skills: Coward, Botanical Barrier
Chikipi, Level: 1, Rank: 1, Gender: Male, HP IV: 33(0%), ATK IV: 39(0%), DEF IV: 15(0%), Work Speed: (0%)
Chikipi, Level: 1, Rank: 1, Gender: Male, HP IV: 68(0%), ATK IV: 6(0%), DEF IV: 93(0%), Work Speed: (0%), Skills: Aggressive
Chikipi, Level: 13, Rank: 1, Gender: Male, HP IV: 29(0%), ATK IV: 33(0%), DEF IV: 47(0%), Work Speed: (0%), Skills: Glutton
Chikipi, Level: 2, Rank: 1, Gender: Female, HP IV: 10(0%), ATK IV: 81(0%), DEF IV: 58(0%), Work Speed: (0%), Skills: Noble
Chikipi, Level: 2, Rank: 1, Gender: Male, HP IV: 5(0%), ATK IV: 3(0%), DEF IV: 38(0%), Work Speed: (0%), Skills: Abnormal, Blood of the Dragon
Chikipi, Level: 4, Rank: 1, Gender: Female, HP IV: 7(0%), ATK IV: 0(0%), DEF IV: 76(0%), Work Speed: (0%), Skills: Dragonkiller
Chikipi, Level: 4, Rank: 1, Gender: Male, HP IV: 6(0%), ATK IV: 20(0%), DEF IV: 96(0%), Work Speed: (0%)
Chikipi, Level: 4, Rank: 1, Gender: Male, HP IV: 71(0%), ATK IV: 76(0%), DEF IV: 86(0%), Work Speed: (0%), Skills: Coward
Cremis, Level: 3, Rank: 1, Gender: Male, HP IV: 86(0%), ATK IV: 4(0%), DEF IV: 55(0%), Work Speed: (0%), Skills: Downtrodden
Cremis, Level: 4, Rank: 1, Gender: Female, HP IV: 4(0%), ATK IV: 28(0%), DEF IV: 40(0%), Work Speed: (0%), Skills: Brave
Cremis, Level: 4, Rank: 1, Gender: Female, HP IV: 40(0%), ATK IV: 17(0%), DEF IV: 0(0%), Work Speed: (0%), Skills: Brave
Depresso, Level: 5, Rank: 1, Gender: Female, HP IV: 35(0%), ATK IV: 62(0%), DEF IV: 27(0%), Work Speed: (0%), Skills: Stronghold Strategist
Foxparks, Level: 4, Rank: 1, Gender: Male, HP IV: 47(0%), ATK IV: 45(0%), DEF IV: 65(0%), Work Speed: (0%), Skills: Zen Mind
Foxparks, Level: 6, Rank: 1, Gender: Female, HP IV: 34(0%), ATK IV: 38(0%), DEF IV: 46(0%), Work Speed: (0%), Skills: Vanguard
Foxparks, Level: 6, Rank: 1, Gender: Female, HP IV: 69(0%), ATK IV: 69(0%), DEF IV: 29(0%), Work Speed: (0%), Skills: Coldblooded
Foxparks, Level: 6, Rank: 1, Gender: Female, HP IV: 72(0%), ATK IV: 28(0%), DEF IV: 66(0%), Work Speed: (0%), Skills: Abnormal
Gumoss, Level: 3, Rank: 1, Gender: Female, HP IV: 12(0%), ATK IV: 86(0%), DEF IV: 100(0%), Work Speed: (0%), Skills: Stronghold Strategist
Gumoss, Level: 3, Rank: 1, Gender: Female, HP IV: 94(0%), ATK IV: 34(0%), DEF IV: 6(0%), Work Speed: (0%), Skills: Shabby
Gumoss, Level: 3, Rank: 1, Gender: Male, HP IV: 73(0%), ATK IV: 48(0%), DEF IV: 74(0%), Work Speed: (0%), Skills: Coldblooded
Gumoss, Level: 4, Rank: 1, Gender: Female, HP IV: 16(0%), ATK IV: 31(0%), DEF IV: 79(0%), Work Speed: (0%), Skills: Brave
Gumoss, Level: 4, Rank: 1, Gender: Female, HP IV: 39(0%), ATK IV: 20(0%), DEF IV: 64(0%), Work Speed: (0%), Skills: Fit as a Fiddle, Hooligan, Workaholic, Aggressive
Gumoss, Level: 4, Rank: 1, Gender: Female, HP IV: 91(0%), ATK IV: 53(0%), DEF IV: 22(0%), Work Speed: (0%), Skills: Pacifist
Gumoss, Level: 4, Rank: 1, Gender: Male, HP IV: 91(0%), ATK IV: 8(0%), DEF IV: 89(0%), Work Speed: (0%), Skills: Easygoing
Gumoss, Level: 5, Rank: 1, Gender: Female, HP IV: 60(0%), ATK IV: 28(0%), DEF IV: 99(0%), Work Speed: (0%), Skills: Clumsy
Gumoss, Level: 5, Rank: 1, Gender: Female, HP IV: 74(0%), ATK IV: 2(0%), DEF IV: 52(0%), Work Speed: (0%), Skills: Heated Body
Gumoss, Level: 5, Rank: 1, Gender: Male, HP IV: 17(0%), ATK IV: 19(0%), DEF IV: 37(0%), Work Speed: (0%), Skills: Dainty Eater
Gumoss, Level: 5, Rank: 1, Gender: Male, HP IV: 31(0%), ATK IV: 75(0%), DEF IV: 89(0%), Work Speed: (0%), Skills: Shabby, Impatient
Lamball, Level: 1, Rank: 1, Gender: Male, HP IV: 52(0%), ATK IV: 1(0%), DEF IV: 58(0%), Work Speed: (0%), Skills: Artisan
Lamball, Level: 13, Rank: 1, Gender: Male, HP IV: 16(0%), ATK IV: 45(0%), DEF IV: 99(0%), Work Speed: (0%), Skills: Noble
Lamball, Level: 2, Rank: 1, Gender: Female, HP IV: 22(0%), ATK IV: 97(0%), DEF IV: 43(0%), Work Speed: (0%), Skills: Conceited
Lamball, Level: 3, Rank: 1, Gender: Female, HP IV: 32(0%), ATK IV: 99(0%), DEF IV: 21(0%), Work Speed: (0%), Skills: Hooligan
Lamball, Level: 3, Rank: 1, Gender: Female, HP IV: 81(0%), ATK IV: 59(0%), DEF IV: 61(0%), Work Speed: (0%), Skills: Waterproof
Lamball, Level: 3, Rank: 1, Gender: Female, HP IV: 90(0%), ATK IV: 11(0%), DEF IV: 37(0%), Work Speed: (0%), Skills: Artisan, Serenity
Lamball, Level: 3, Rank: 1, Gender: Male, HP IV: 79(0%), ATK IV: 96(0%), DEF IV: 31(0%), Work Speed: (0%), Skills: Easygoing
Nitewing, Level: 10, Rank: 1, Gender: Male, HP IV: 91(0%), ATK IV: 76(0%), DEF IV: 7(0%), Work Speed: (0%), Skills: Destructive
Nitewing, Level: 11, Rank: 1, Gender: Male, HP IV: 60(0%), ATK IV: 55(0%), DEF IV: 37(0%), Work Speed: (0%), Skills: Botanical Barrier, Noble
Nitewing, Level: 14, Rank: 1, Gender: Male, HP IV: 55(0%), ATK IV: 5(0%), DEF IV: 37(0%), Work Speed: (0%), Skills: Suntan Lover
Pengullet, Level: 5, Rank: 1, Gender: Male, HP IV: 75(0%), ATK IV: 7(0%), DEF IV: 31(0%), Work Speed: (0%)
Tanzee, Level: 4, Rank: 1, Gender: Male, HP IV: 94(0%), ATK IV: 6(0%), DEF IV: 68(0%), Work Speed: (0%), Skills: Zen Mind
Tanzee, Level: 5, Rank: 1, Gender: Female, HP IV: 42(0%), ATK IV: 88(0%), DEF IV: 35(0%), Work Speed: (0%), Skills: Easygoing
Teafant, Level: 3, Rank: 1, Gender: Male, HP IV: 55(0%), ATK IV: 81(0%), DEF IV: 0(0%), Work Speed: (0%), Skills: Shabby
Sadmoto's 48 Pals
-----------------
Cattiva, Level: 1, Rank: 1, Gender: Female, HP IV: 100(0%), ATK IV: 36(0%), DEF IV: 67(0%), Work Speed: (0%), Skills: Coward, Infinite Stamina, Pyromaniac
Cattiva, Level: 1, Rank: 1, Gender: Male, HP IV: 5(0%), ATK IV: 91(0%), DEF IV: 76(0%), Work Speed: (0%), Skills: Coward, Mine Foreman, Aggressive
Cattiva, Level: 13, Rank: 1, Gender: Male, HP IV: 0(0%), ATK IV: 17(0%), DEF IV: 35(0%), Work Speed: (0%), Skills: Coward, Mine Foreman, Hydromaniac
Cattiva, Level: 14, Rank: 1, Gender: Male, HP IV: 90(0%), ATK IV: 63(0%), DEF IV: 53(0%), Work Speed: (0%), Skills: Coward, Dragonkiller
Cattiva, Level: 3, Rank: 1, Gender: Female, HP IV: 35(0%), ATK IV: 90(0%), DEF IV: 34(0%), Work Speed: (0%), Skills: Coward, Downtrodden, Conceited, Earthquake Resistant
Cattiva, Level: 3, Rank: 1, Gender: Male, HP IV: 4(0%), ATK IV: 49(0%), DEF IV: 65(0%), Work Speed: (0%), Skills: Coward
Cattiva, Level: 3, Rank: 1, Gender: Male, HP IV: 65(0%), ATK IV: 91(0%), DEF IV: 42(0%), Work Speed: (0%), Skills: Coward, Botanical Barrier
Chikipi, Level: 1, Rank: 1, Gender: Male, HP IV: 33(0%), ATK IV: 39(0%), DEF IV: 15(0%), Work Speed: (0%)
Chikipi, Level: 1, Rank: 1, Gender: Male, HP IV: 68(0%), ATK IV: 6(0%), DEF IV: 93(0%), Work Speed: (0%), Skills: Aggressive
Chikipi, Level: 13, Rank: 1, Gender: Male, HP IV: 29(0%), ATK IV: 33(0%), DEF IV: 47(0%), Work Speed: (0%), Skills: Glutton
Chikipi, Level: 2, Rank: 1, Gender: Female, HP IV: 10(0%), ATK IV: 81(0%), DEF IV: 58(0%), Work Speed: (0%), Skills: Noble
Chikipi, Level: 2, Rank: 1, Gender: Male, HP IV: 5(0%), ATK IV: 3(0%), DEF IV: 38(0%), Work Speed: (0%), Skills: Abnormal, Blood of the Dragon
Chikipi, Level: 4, Rank: 1, Gender: Female, HP IV: 7(0%), ATK IV: 0(0%), DEF IV: 76(0%), Work Speed: (0%), Skills: Dragonkiller
Chikipi, Level: 4, Rank: 1, Gender: Male, HP IV: 6(0%), ATK IV: 20(0%), DEF IV: 96(0%), Work Speed: (0%)
Chikipi, Level: 4, Rank: 1, Gender: Male, HP IV: 71(0%), ATK IV: 76(0%), DEF IV: 86(0%), Work Speed: (0%), Skills: Coward
Cremis, Level: 3, Rank: 1, Gender: Male, HP IV: 86(0%), ATK IV: 4(0%), DEF IV: 55(0%), Work Speed: (0%), Skills: Downtrodden
Cremis, Level: 4, Rank: 1, Gender: Female, HP IV: 4(0%), ATK IV: 28(0%), DEF IV: 40(0%), Work Speed: (0%), Skills: Brave
Cremis, Level: 4, Rank: 1, Gender: Female, HP IV: 40(0%), ATK IV: 17(0%), DEF IV: 0(0%), Work Speed: (0%), Skills: Brave
Depresso, Level: 5, Rank: 1, Gender: Female, HP IV: 35(0%), ATK IV: 62(0%), DEF IV: 27(0%), Work Speed: (0%), Skills: Stronghold Strategist
Foxparks, Level: 4, Rank: 1, Gender: Male, HP IV: 47(0%), ATK IV: 45(0%), DEF IV: 65(0%), Work Speed: (0%), Skills: Zen Mind
Foxparks, Level: 6, Rank: 1, Gender: Female, HP IV: 34(0%), ATK IV: 38(0%), DEF IV: 46(0%), Work Speed: (0%), Skills: Vanguard
Foxparks, Level: 6, Rank: 1, Gender: Female, HP IV: 69(0%), ATK IV: 69(0%), DEF IV: 29(0%), Work Speed: (0%), Skills: Coldblooded
Foxparks, Level: 6, Rank: 1, Gender: Female, HP IV: 72(0%), ATK IV: 28(0%), DEF IV: 66(0%), Work Speed: (0%), Skills: Abnormal
Gumoss, Level: 3, Rank: 1, Gender: Female, HP IV: 12(0%), ATK IV: 86(0%), DEF IV: 100(0%), Work Speed: (0%), Skills: Stronghold Strategist
Gumoss, Level: 3, Rank: 1, Gender: Female, HP IV: 94(0%), ATK IV: 34(0%), DEF IV: 6(0%), Work Speed: (0%), Skills: Shabby
Gumoss, Level: 3, Rank: 1, Gender: Male, HP IV: 73(0%), ATK IV: 48(0%), DEF IV: 74(0%), Work Speed: (0%), Skills: Coldblooded
Gumoss, Level: 4, Rank: 1, Gender: Female, HP IV: 16(0%), ATK IV: 31(0%), DEF IV: 79(0%), Work Speed: (0%), Skills: Brave
Gumoss, Level: 4, Rank: 1, Gender: Female, HP IV: 39(0%), ATK IV: 20(0%), DEF IV: 64(0%), Work Speed: (0%), Skills: Fit as a Fiddle, Hooligan, Workaholic, Aggressive
Gumoss, Level: 4, Rank: 1, Gender: Female, HP IV: 91(0%), ATK IV: 53(0%), DEF IV: 22(0%), Work Speed: (0%), Skills: Pacifist
Gumoss, Level: 4, Rank: 1, Gender: Male, HP IV: 91(0%), ATK IV: 8(0%), DEF IV: 89(0%), Work Speed: (0%), Skills: Easygoing
Gumoss, Level: 5, Rank: 1, Gender: Female, HP IV: 60(0%), ATK IV: 28(0%), DEF IV: 99(0%), Work Speed: (0%), Skills: Clumsy
Gumoss, Level: 5, Rank: 1, Gender: Female, HP IV: 74(0%), ATK IV: 2(0%), DEF IV: 52(0%), Work Speed: (0%), Skills: Heated Body
Gumoss, Level: 5, Rank: 1, Gender: Male, HP IV: 17(0%), ATK IV: 19(0%), DEF IV: 37(0%), Work Speed: (0%), Skills: Dainty Eater
Gumoss, Level: 5, Rank: 1, Gender: Male, HP IV: 31(0%), ATK IV: 75(0%), DEF IV: 89(0%), Work Speed: (0%), Skills: Shabby, Impatient
Lamball, Level: 1, Rank: 1, Gender: Male, HP IV: 52(0%), ATK IV: 1(0%), DEF IV: 58(0%), Work Speed: (0%), Skills: Artisan
Lamball, Level: 13, Rank: 1, Gender: Male, HP IV: 16(0%), ATK IV: 45(0%), DEF IV: 99(0%), Work Speed: (0%), Skills: Noble
Lamball, Level: 2, Rank: 1, Gender: Female, HP IV: 22(0%), ATK IV: 97(0%), DEF IV: 43(0%), Work Speed: (0%), Skills: Conceited
Lamball, Level: 3, Rank: 1, Gender: Female, HP IV: 32(0%), ATK IV: 99(0%), DEF IV: 21(0%), Work Speed: (0%), Skills: Hooligan
Lamball, Level: 3, Rank: 1, Gender: Female, HP IV: 81(0%), ATK IV: 59(0%), DEF IV: 61(0%), Work Speed: (0%), Skills: Waterproof
Lamball, Level: 3, Rank: 1, Gender: Female, HP IV: 90(0%), ATK IV: 11(0%), DEF IV: 37(0%), Work Speed: (0%), Skills: Artisan, Serenity
Lamball, Level: 3, Rank: 1, Gender: Male, HP IV: 79(0%), ATK IV: 96(0%), DEF IV: 31(0%), Work Speed: (0%), Skills: Easygoing
Nitewing, Level: 10, Rank: 1, Gender: Male, HP IV: 91(0%), ATK IV: 76(0%), DEF IV: 7(0%), Work Speed: (0%), Skills: Destructive
Nitewing, Level: 11, Rank: 1, Gender: Male, HP IV: 60(0%), ATK IV: 55(0%), DEF IV: 37(0%), Work Speed: (0%), Skills: Botanical Barrier, Noble
Nitewing, Level: 14, Rank: 1, Gender: Male, HP IV: 55(0%), ATK IV: 5(0%), DEF IV: 37(0%), Work Speed: (0%), Skills: Suntan Lover
Pengullet, Level: 5, Rank: 1, Gender: Male, HP IV: 75(0%), ATK IV: 7(0%), DEF IV: 31(0%), Work Speed: (0%)
Tanzee, Level: 4, Rank: 1, Gender: Male, HP IV: 94(0%), ATK IV: 6(0%), DEF IV: 68(0%), Work Speed: (0%), Skills: Zen Mind
Tanzee, Level: 5, Rank: 1, Gender: Female, HP IV: 42(0%), ATK IV: 88(0%), DEF IV: 35(0%), Work Speed: (0%), Skills: Easygoing
Teafant, Level: 3, Rank: 1, Gender: Male, HP IV: 55(0%), ATK IV: 81(0%), DEF IV: 0(0%), Work Speed: (0%), Skills: Shabby
Sadmoto's 48 Pals
-----------------
Cattiva, Level: 1, Rank: 1, Gender: Female, HP IV: 100(0%), ATK IV: 36(0%), DEF IV: 67(0%), Work Speed: (0%), Skills: Coward, Infinite Stamina, Pyromaniac
Cattiva, Level: 1, Rank: 1, Gender: Male, HP IV: 5(0%), ATK IV: 91(0%), DEF IV: 76(0%), Work Speed: (0%), Skills: Coward, Mine Foreman, Aggressive
Cattiva, Level: 13, Rank: 1, Gender: Male, HP IV: 0(0%), ATK IV: 17(0%), DEF IV: 35(0%), Work Speed: (0%), Skills: Coward, Mine Foreman, Hydromaniac
Cattiva, Level: 14, Rank: 1, Gender: Male, HP IV: 90(0%), ATK IV: 63(0%), DEF IV: 53(0%), Work Speed: (0%), Skills: Coward, Dragonkiller
Cattiva, Level: 3, Rank: 1, Gender: Female, HP IV: 35(0%), ATK IV: 90(0%), DEF IV: 34(0%), Work Speed: (0%), Skills: Coward, Downtrodden, Conceited, Earthquake Resistant
Cattiva, Level: 3, Rank: 1, Gender: Male, HP IV: 4(0%), ATK IV: 49(0%), DEF IV: 65(0%), Work Speed: (0%), Skills: Coward
Cattiva, Level: 3, Rank: 1, Gender: Male, HP IV: 65(0%), ATK IV: 91(0%), DEF IV: 42(0%), Work Speed: (0%), Skills: Coward, Botanical Barrier
Chikipi, Level: 1, Rank: 1, Gender: Male, HP IV: 33(0%), ATK IV: 39(0%), DEF IV: 15(0%), Work Speed: (0%)
Chikipi, Level: 1, Rank: 1, Gender: Male, HP IV: 68(0%), ATK IV: 6(0%), DEF IV: 93(0%), Work Speed: (0%), Skills: Aggressive
Chikipi, Level: 13, Rank: 1, Gender: Male, HP IV: 29(0%), ATK IV: 33(0%), DEF IV: 47(0%), Work Speed: (0%), Skills: Glutton
Chikipi, Level: 2, Rank: 1, Gender: Female, HP IV: 10(0%), ATK IV: 81(0%), DEF IV: 58(0%), Work Speed: (0%), Skills: Noble
Chikipi, Level: 2, Rank: 1, Gender: Male, HP IV: 5(0%), ATK IV: 3(0%), DEF IV: 38(0%), Work Speed: (0%), Skills: Abnormal, Blood of the Dragon
Chikipi, Level: 4, Rank: 1, Gender: Female, HP IV: 7(0%), ATK IV: 0(0%), DEF IV: 76(0%), Work Speed: (0%), Skills: Dragonkiller
Chikipi, Level: 4, Rank: 1, Gender: Male, HP IV: 6(0%), ATK IV: 20(0%), DEF IV: 96(0%), Work Speed: (0%)
Chikipi, Level: 4, Rank: 1, Gender: Male, HP IV: 71(0%), ATK IV: 76(0%), DEF IV: 86(0%), Work Speed: (0%), Skills: Coward
Cremis, Level: 3, Rank: 1, Gender: Male, HP IV: 86(0%), ATK IV: 4(0%), DEF IV: 55(0%), Work Speed: (0%), Skills: Downtrodden
Cremis, Level: 4, Rank: 1, Gender: Female, HP IV: 4(0%), ATK IV: 28(0%), DEF IV: 40(0%), Work Speed: (0%), Skills: Brave
Cremis, Level: 4, Rank: 1, Gender: Female, HP IV: 40(0%), ATK IV: 17(0%), DEF IV: 0(0%), Work Speed: (0%), Skills: Brave
Depresso, Level: 5, Rank: 1, Gender: Female, HP IV: 35(0%), ATK IV: 62(0%), DEF IV: 27(0%), Work Speed: (0%), Skills: Stronghold Strategist
Foxparks, Level: 4, Rank: 1, Gender: Male, HP IV: 47(0%), ATK IV: 45(0%), DEF IV: 65(0%), Work Speed: (0%), Skills: Zen Mind
Foxparks, Level: 6, Rank: 1, Gender: Female, HP IV: 34(0%), ATK IV: 38(0%), DEF IV: 46(0%), Work Speed: (0%), Skills: Vanguard
Foxparks, Level: 6, Rank: 1, Gender: Female, HP IV: 69(0%), ATK IV: 69(0%), DEF IV: 29(0%), Work Speed: (0%), Skills: Coldblooded
Foxparks, Level: 6, Rank: 1, Gender: Female, HP IV: 72(0%), ATK IV: 28(0%), DEF IV: 66(0%), Work Speed: (0%), Skills: Abnormal
Gumoss, Level: 3, Rank: 1, Gender: Female, HP IV: 12(0%), ATK IV: 86(0%), DEF IV: 100(0%), Work Speed: (0%), Skills: Stronghold Strategist
Gumoss, Level: 3, Rank: 1, Gender: Female, HP IV: 94(0%), ATK IV: 34(0%), DEF IV: 6(0%), Work Speed: (0%), Skills: Shabby
Gumoss, Level: 3, Rank: 1, Gender: Male, HP IV: 73(0%), ATK IV: 48(0%), DEF IV: 74(0%), Work Speed: (0%), Skills: Coldblooded
Gumoss, Level: 4, Rank: 1, Gender: Female, HP IV: 16(0%), ATK IV: 31(0%), DEF IV: 79(0%), Work Speed: (0%), Skills: Brave
Gumoss, Level: 4, Rank: 1, Gender: Female, HP IV: 39(0%), ATK IV: 20(0%), DEF IV: 64(0%), Work Speed: (0%), Skills: Fit as a Fiddle, Hooligan, Workaholic, Aggressive
Gumoss, Level: 4, Rank: 1, Gender: Female, HP IV: 91(0%), ATK IV: 53(0%), DEF IV: 22(0%), Work Speed: (0%), Skills: Pacifist
Gumoss, Level: 4, Rank: 1, Gender: Male, HP IV: 91(0%), ATK IV: 8(0%), DEF IV: 89(0%), Work Speed: (0%), Skills: Easygoing
Gumoss, Level: 5, Rank: 1, Gender: Female, HP IV: 60(0%), ATK IV: 28(0%), DEF IV: 99(0%), Work Speed: (0%), Skills: Clumsy
Gumoss, Level: 5, Rank: 1, Gender: Female, HP IV: 74(0%), ATK IV: 2(0%), DEF IV: 52(0%), Work Speed: (0%), Skills: Heated Body
Gumoss, Level: 5, Rank: 1, Gender: Male, HP IV: 17(0%), ATK IV: 19(0%), DEF IV: 37(0%), Work Speed: (0%), Skills: Dainty Eater
Gumoss, Level: 5, Rank: 1, Gender: Male, HP IV: 31(0%), ATK IV: 75(0%), DEF IV: 89(0%), Work Speed: (0%), Skills: Shabby, Impatient
Lamball, Level: 1, Rank: 1, Gender: Male, HP IV: 52(0%), ATK IV: 1(0%), DEF IV: 58(0%), Work Speed: (0%), Skills: Artisan
Lamball, Level: 13, Rank: 1, Gender: Male, HP IV: 16(0%), ATK IV: 45(0%), DEF IV: 99(0%), Work Speed: (0%), Skills: Noble
Lamball, Level: 2, Rank: 1, Gender: Female, HP IV: 22(0%), ATK IV: 97(0%), DEF IV: 43(0%), Work Speed: (0%), Skills: Conceited
Lamball, Level: 3, Rank: 1, Gender: Female, HP IV: 32(0%), ATK IV: 99(0%), DEF IV: 21(0%), Work Speed: (0%), Skills: Hooligan
Lamball, Level: 3, Rank: 1, Gender: Female, HP IV: 81(0%), ATK IV: 59(0%), DEF IV: 61(0%), Work Speed: (0%), Skills: Waterproof
Lamball, Level: 3, Rank: 1, Gender: Female, HP IV: 90(0%), ATK IV: 11(0%), DEF IV: 37(0%), Work Speed: (0%), Skills: Artisan, Serenity
Lamball, Level: 3, Rank: 1, Gender: Male, HP IV: 79(0%), ATK IV: 96(0%), DEF IV: 31(0%), Work Speed: (0%), Skills: Easygoing
Nitewing, Level: 10, Rank: 1, Gender: Male, HP IV: 91(0%), ATK IV: 76(0%), DEF IV: 7(0%), Work Speed: (0%), Skills: Destructive
Nitewing, Level: 11, Rank: 1, Gender: Male, HP IV: 60(0%), ATK IV: 55(0%), DEF IV: 37(0%), Work Speed: (0%), Skills: Botanical Barrier, Noble
Nitewing, Level: 14, Rank: 1, Gender: Male, HP IV: 55(0%), ATK IV: 5(0%), DEF IV: 37(0%), Work Speed: (0%), Skills: Suntan Lover
Pengullet, Level: 5, Rank: 1, Gender: Male, HP IV: 75(0%), ATK IV: 7(0%), DEF IV: 31(0%), Work Speed: (0%)
Tanzee, Level: 4, Rank: 1, Gender: Male, HP IV: 94(0%), ATK IV: 6(0%), DEF IV: 68(0%), Work Speed: (0%), Skills: Zen Mind
Tanzee, Level: 5, Rank: 1, Gender: Female, HP IV: 42(0%), ATK IV: 88(0%), DEF IV: 35(0%), Work Speed: (0%), Skills: Easygoing
Teafant, Level: 3, Rank: 1, Gender: Male, HP IV: 55(0%), ATK IV: 81(0%), DEF IV: 0(0%), Work Speed: (0%), Skills: Shabby
Sadmoto's 48 Pals
-----------------
Cattiva, Level: 1, Rank: 1, Gender: Female, HP IV: 100(0%), ATK IV: 36(0%), DEF IV: 67(0%), Work Speed: (0%), Skills: Coward, Infinite Stamina, Pyromaniac
Cattiva, Level: 1, Rank: 1, Gender: Male, HP IV: 5(0%), ATK IV: 91(0%), DEF IV: 76(0%), Work Speed: (0%), Skills: Coward, Mine Foreman, Aggressive
Cattiva, Level: 13, Rank: 1, Gender: Male, HP IV: 0(0%), ATK IV: 17(0%), DEF IV: 35(0%), Work Speed: (0%), Skills: Coward, Mine Foreman, Hydromaniac
Cattiva, Level: 14, Rank: 1, Gender: Male, HP IV: 90(0%), ATK IV: 63(0%), DEF IV: 53(0%), Work Speed: (0%), Skills: Coward, Dragonkiller
Cattiva, Level: 3, Rank: 1, Gender: Female, HP IV: 35(0%), ATK IV: 90(0%), DEF IV: 34(0%), Work Speed: (0%), Skills: Coward, Downtrodden, Conceited, Earthquake Resistant
Cattiva, Level: 3, Rank: 1, Gender: Male, HP IV: 4(0%), ATK IV: 49(0%), DEF IV: 65(0%), Work Speed: (0%), Skills: Coward
Cattiva, Level: 3, Rank: 1, Gender: Male, HP IV: 65(0%), ATK IV: 91(0%), DEF IV: 42(0%), Work Speed: (0%), Skills: Coward, Botanical Barrier
Chikipi, Level: 1, Rank: 1, Gender: Male, HP IV: 33(0%), ATK IV: 39(0%), DEF IV: 15(0%), Work Speed: (0%)
Chikipi, Level: 1, Rank: 1, Gender: Male, HP IV: 68(0%), ATK IV: 6(0%), DEF IV: 93(0%), Work Speed: (0%), Skills: Aggressive
Chikipi, Level: 13, Rank: 1, Gender: Male, HP IV: 29(0%), ATK IV: 33(0%), DEF IV: 47(0%), Work Speed: (0%), Skills: Glutton
Chikipi, Level: 2, Rank: 1, Gender: Female, HP IV: 10(0%), ATK IV: 81(0%), DEF IV: 58(0%), Work Speed: (0%), Skills: Noble
Chikipi, Level: 2, Rank: 1, Gender: Male, HP IV: 5(0%), ATK IV: 3(0%), DEF IV: 38(0%), Work Speed: (0%), Skills: Abnormal, Blood of the Dragon
Chikipi, Level: 4, Rank: 1, Gender: Female, HP IV: 7(0%), ATK IV: 0(0%), DEF IV: 76(0%), Work Speed: (0%), Skills: Dragonkiller
Chikipi, Level: 4, Rank: 1, Gender: Male, HP IV: 6(0%), ATK IV: 20(0%), DEF IV: 96(0%), Work Speed: (0%)
Chikipi, Level: 4, Rank: 1, Gender: Male, HP IV: 71(0%), ATK IV: 76(0%), DEF IV: 86(0%), Work Speed: (0%), Skills: Coward
Cremis, Level: 3, Rank: 1, Gender: Male, HP IV: 86(0%), ATK IV: 4(0%), DEF IV: 55(0%), Work Speed: (0%), Skills: Downtrodden
Cremis, Level: 4, Rank: 1, Gender: Female, HP IV: 4(0%), ATK IV: 28(0%), DEF IV: 40(0%), Work Speed: (0%), Skills: Brave
Cremis, Level: 4, Rank: 1, Gender: Female, HP IV: 40(0%), ATK IV: 17(0%), DEF IV: 0(0%), Work Speed: (0%), Skills: Brave
Depresso, Level: 5, Rank: 1, Gender: Female, HP IV: 35(0%), ATK IV: 62(0%), DEF IV: 27(0%), Work Speed: (0%), Skills: Stronghold Strategist
Foxparks, Level: 4, Rank: 1, Gender: Male, HP IV: 47(0%), ATK IV: 45(0%), DEF IV: 65(0%), Work Speed: (0%), Skills: Zen Mind
Foxparks, Level: 6, Rank: 1, Gender: Female, HP IV: 34(0%), ATK IV: 38(0%), DEF IV: 46(0%), Work Speed: (0%), Skills: Vanguard
Foxparks, Level: 6, Rank: 1, Gender: Female, HP IV: 69(0%), ATK IV: 69(0%), DEF IV: 29(0%), Work Speed: (0%), Skills: Coldblooded
Foxparks, Level: 6, Rank: 1, Gender: Female, HP IV: 72(0%), ATK IV: 28(0%), DEF IV: 66(0%), Work Speed: (0%), Skills: Abnormal
Gumoss, Level: 3, Rank: 1, Gender: Female, HP IV: 12(0%), ATK IV: 86(0%), DEF IV: 100(0%), Work Speed: (0%), Skills: Stronghold Strategist
Gumoss, Level: 3, Rank: 1, Gender: Female, HP IV: 94(0%), ATK IV: 34(0%), DEF IV: 6(0%), Work Speed: (0%), Skills: Shabby
Gumoss, Level: 3, Rank: 1, Gender: Male, HP IV: 73(0%), ATK IV: 48(0%), DEF IV: 74(0%), Work Speed: (0%), Skills: Coldblooded
Gumoss, Level: 4, Rank: 1, Gender: Female, HP IV: 16(0%), ATK IV: 31(0%), DEF IV: 79(0%), Work Speed: (0%), Skills: Brave
Gumoss, Level: 4, Rank: 1, Gender: Female, HP IV: 39(0%), ATK IV: 20(0%), DEF IV: 64(0%), Work Speed: (0%), Skills: Fit as a Fiddle, Hooligan, Workaholic, Aggressive
Gumoss, Level: 4, Rank: 1, Gender: Female, HP IV: 91(0%), ATK IV: 53(0%), DEF IV: 22(0%), Work Speed: (0%), Skills: Pacifist
Gumoss, Level: 4, Rank: 1, Gender: Male, HP IV: 91(0%), ATK IV: 8(0%), DEF IV: 89(0%), Work Speed: (0%), Skills: Easygoing
Gumoss, Level: 5, Rank: 1, Gender: Female, HP IV: 60(0%), ATK IV: 28(0%), DEF IV: 99(0%), Work Speed: (0%), Skills: Clumsy
Gumoss, Level: 5, Rank: 1, Gender: Female, HP IV: 74(0%), ATK IV: 2(0%), DEF IV: 52(0%), Work Speed: (0%), Skills: Heated Body
Gumoss, Level: 5, Rank: 1, Gender: Male, HP IV: 17(0%), ATK IV: 19(0%), DEF IV: 37(0%), Work Speed: (0%), Skills: Dainty Eater
Gumoss, Level: 5, Rank: 1, Gender: Male, HP IV: 31(0%), ATK IV: 75(0%), DEF IV: 89(0%), Work Speed: (0%), Skills: Shabby, Impatient
Lamball, Level: 1, Rank: 1, Gender: Male, HP IV: 52(0%), ATK IV: 1(0%), DEF IV: 58(0%), Work Speed: (0%), Skills: Artisan
Lamball, Level: 13, Rank: 1, Gender: Male, HP IV: 16(0%), ATK IV: 45(0%), DEF IV: 99(0%), Work Speed: (0%), Skills: Noble
Lamball, Level: 2, Rank: 1, Gender: Female, HP IV: 22(0%), ATK IV: 97(0%), DEF IV: 43(0%), Work Speed: (0%), Skills: Conceited
Lamball, Level: 3, Rank: 1, Gender: Female, HP IV: 32(0%), ATK IV: 99(0%), DEF IV: 21(0%), Work Speed: (0%), Skills: Hooligan
Lamball, Level: 3, Rank: 1, Gender: Female, HP IV: 81(0%), ATK IV: 59(0%), DEF IV: 61(0%), Work Speed: (0%), Skills: Waterproof
Lamball, Level: 3, Rank: 1, Gender: Female, HP IV: 90(0%), ATK IV: 11(0%), DEF IV: 37(0%), Work Speed: (0%), Skills: Artisan, Serenity
Lamball, Level: 3, Rank: 1, Gender: Male, HP IV: 79(0%), ATK IV: 96(0%), DEF IV: 31(0%), Work Speed: (0%), Skills: Easygoing
Nitewing, Level: 10, Rank: 1, Gender: Male, HP IV: 91(0%), ATK IV: 76(0%), DEF IV: 7(0%), Work Speed: (0%), Skills: Destructive
Nitewing, Level: 11, Rank: 1, Gender: Male, HP IV: 60(0%), ATK IV: 55(0%), DEF IV: 37(0%), Work Speed: (0%), Skills: Botanical Barrier, Noble
Nitewing, Level: 14, Rank: 1, Gender: Male, HP IV: 55(0%), ATK IV: 5(0%), DEF IV: 37(0%), Work Speed: (0%), Skills: Suntan Lover
Pengullet, Level: 5, Rank: 1, Gender: Male, HP IV: 75(0%), ATK IV: 7(0%), DEF IV: 31(0%), Work Speed: (0%)
Tanzee, Level: 4, Rank: 1, Gender: Male, HP IV: 94(0%), ATK IV: 6(0%), DEF IV: 68(0%), Work Speed: (0%), Skills: Zen Mind
Tanzee, Level: 5, Rank: 1, Gender: Female, HP IV: 42(0%), ATK IV: 88(0%), DEF IV: 35(0%), Work Speed: (0%), Skills: Easygoing
Teafant, Level: 3, Rank: 1, Gender: Male, HP IV: 55(0%), ATK IV: 81(0%), DEF IV: 0(0%), Work Speed: (0%), Skills: Shabby
Sadmoto's 48 Pals
-----------------
Cattiva, Level: 1, Rank: 1, Gender: Female, HP IV: 100(0%), ATK IV: 36(0%), DEF IV: 67(0%), Work Speed: (0%), Skills: Coward, Infinite Stamina, Pyromaniac
Cattiva, Level: 1, Rank: 1, Gender: Male, HP IV: 5(0%), ATK IV: 91(0%), DEF IV: 76(0%), Work Speed: (0%), Skills: Coward, Mine Foreman, Aggressive
Cattiva, Level: 13, Rank: 1, Gender: Male, HP IV: 0(0%), ATK IV: 17(0%), DEF IV: 35(0%), Work Speed: (0%), Skills: Coward, Mine Foreman, Hydromaniac
Cattiva, Level: 14, Rank: 1, Gender: Male, HP IV: 90(0%), ATK IV: 63(0%), DEF IV: 53(0%), Work Speed: (0%), Skills: Coward, Dragonkiller
Cattiva, Level: 3, Rank: 1, Gender: Female, HP IV: 35(0%), ATK IV: 90(0%), DEF IV: 34(0%), Work Speed: (0%), Skills: Coward, Downtrodden, Conceited, Earthquake Resistant
Cattiva, Level: 3, Rank: 1, Gender: Male, HP IV: 4(0%), ATK IV: 49(0%), DEF IV: 65(0%), Work Speed: (0%), Skills: Coward
Cattiva, Level: 3, Rank: 1, Gender: Male, HP IV: 65(0%), ATK IV: 91(0%), DEF IV: 42(0%), Work Speed: (0%), Skills: Coward, Botanical Barrier
Chikipi, Level: 1, Rank: 1, Gender: Male, HP IV: 33(0%), ATK IV: 39(0%), DEF IV: 15(0%), Work Speed: (0%)
Chikipi, Level: 1, Rank: 1, Gender: Male, HP IV: 68(0%), ATK IV: 6(0%), DEF IV: 93(0%), Work Speed: (0%), Skills: Aggressive
Chikipi, Level: 13, Rank: 1, Gender: Male, HP IV: 29(0%), ATK IV: 33(0%), DEF IV: 47(0%), Work Speed: (0%), Skills: Glutton
Chikipi, Level: 2, Rank: 1, Gender: Female, HP IV: 10(0%), ATK IV: 81(0%), DEF IV: 58(0%), Work Speed: (0%), Skills: Noble
Chikipi, Level: 2, Rank: 1, Gender: Male, HP IV: 5(0%), ATK IV: 3(0%), DEF IV: 38(0%), Work Speed: (0%), Skills: Abnormal, Blood of the Dragon
Chikipi, Level: 4, Rank: 1, Gender: Female, HP IV: 7(0%), ATK IV: 0(0%), DEF IV: 76(0%), Work Speed: (0%), Skills: Dragonkiller
Chikipi, Level: 4, Rank: 1, Gender: Male, HP IV: 6(0%), ATK IV: 20(0%), DEF IV: 96(0%), Work Speed: (0%)
Chikipi, Level: 4, Rank: 1, Gender: Male, HP IV: 71(0%), ATK IV: 76(0%), DEF IV: 86(0%), Work Speed: (0%), Skills: Coward
Cremis, Level: 3, Rank: 1, Gender: Male, HP IV: 86(0%), ATK IV: 4(0%), DEF IV: 55(0%), Work Speed: (0%), Skills: Downtrodden
Cremis, Level: 4, Rank: 1, Gender: Female, HP IV: 4(0%), ATK IV: 28(0%), DEF IV: 40(0%), Work Speed: (0%), Skills: Brave
Cremis, Level: 4, Rank: 1, Gender: Female, HP IV: 40(0%), ATK IV: 17(0%), DEF IV: 0(0%), Work Speed: (0%), Skills: Brave
Depresso, Level: 5, Rank: 1, Gender: Female, HP IV: 35(0%), ATK IV: 62(0%), DEF IV: 27(0%), Work Speed: (0%), Skills: Stronghold Strategist
Foxparks, Level: 4, Rank: 1, Gender: Male, HP IV: 47(0%), ATK IV: 45(0%), DEF IV: 65(0%), Work Speed: (0%), Skills: Zen Mind
Foxparks, Level: 6, Rank: 1, Gender: Female, HP IV: 34(0%), ATK IV: 38(0%), DEF IV: 46(0%), Work Speed: (0%), Skills: Vanguard
Foxparks, Level: 6, Rank: 1, Gender: Female, HP IV: 69(0%), ATK IV: 69(0%), DEF IV: 29(0%), Work Speed: (0%), Skills: Coldblooded
Foxparks, Level: 6, Rank: 1, Gender: Female, HP IV: 72(0%), ATK IV: 28(0%), DEF IV: 66(0%), Work Speed: (0%), Skills: Abnormal
Gumoss, Level: 3, Rank: 1, Gender: Female, HP IV: 12(0%), ATK IV: 86(0%), DEF IV: 100(0%), Work Speed: (0%), Skills: Stronghold Strategist
Gumoss, Level: 3, Rank: 1, Gender: Female, HP IV: 94(0%), ATK IV: 34(0%), DEF IV: 6(0%), Work Speed: (0%), Skills: Shabby
Gumoss, Level: 3, Rank: 1, Gender: Male, HP IV: 73(0%), ATK IV: 48(0%), DEF IV: 74(0%), Work Speed: (0%), Skills: Coldblooded
Gumoss, Level: 4, Rank: 1, Gender: Female, HP IV: 16(0%), ATK IV: 31(0%), DEF IV: 79(0%), Work Speed: (0%), Skills: Brave
Gumoss, Level: 4, Rank: 1, Gender: Female, HP IV: 39(0%), ATK IV: 20(0%), DEF IV: 64(0%), Work Speed: (0%), Skills: Fit as a Fiddle, Hooligan, Workaholic, Aggressive
Gumoss, Level: 4, Rank: 1, Gender: Female, HP IV: 91(0%), ATK IV: 53(0%), DEF IV: 22(0%), Work Speed: (0%), Skills: Pacifist
Gumoss, Level: 4, Rank: 1, Gender: Male, HP IV: 91(0%), ATK IV: 8(0%), DEF IV: 89(0%), Work Speed: (0%), Skills: Easygoing
Gumoss, Level: 5, Rank: 1, Gender: Female, HP IV: 60(0%), ATK IV: 28(0%), DEF IV: 99(0%), Work Speed: (0%), Skills: Clumsy
Gumoss, Level: 5, Rank: 1, Gender: Female, HP IV: 74(0%), ATK IV: 2(0%), DEF IV: 52(0%), Work Speed: (0%), Skills: Heated Body
Gumoss, Level: 5, Rank: 1, Gender: Male, HP IV: 17(0%), ATK IV: 19(0%), DEF IV: 37(0%), Work Speed: (0%), Skills: Dainty Eater
Gumoss, Level: 5, Rank: 1, Gender: Male, HP IV: 31(0%), ATK IV: 75(0%), DEF IV: 89(0%), Work Speed: (0%), Skills: Shabby, Impatient
Lamball, Level: 1, Rank: 1, Gender: Male, HP IV: 52(0%), ATK IV: 1(0%), DEF IV: 58(0%), Work Speed: (0%), Skills: Artisan
Lamball, Level: 13, Rank: 1, Gender: Male, HP IV: 16(0%), ATK IV: 45(0%), DEF IV: 99(0%), Work Speed: (0%), Skills: Noble
Lamball, Level: 2, Rank: 1, Gender: Female, HP IV: 22(0%), ATK IV: 97(0%), DEF IV: 43(0%), Work Speed: (0%), Skills: Conceited
Lamball, Level: 3, Rank: 1, Gender: Female, HP IV: 32(0%), ATK IV: 99(0%), DEF IV: 21(0%), Work Speed: (0%), Skills: Hooligan
Lamball, Level: 3, Rank: 1, Gender: Female, HP IV: 81(0%), ATK IV: 59(0%), DEF IV: 61(0%), Work Speed: (0%), Skills: Waterproof
Lamball, Level: 3, Rank: 1, Gender: Female, HP IV: 90(0%), ATK IV: 11(0%), DEF IV: 37(0%), Work Speed: (0%), Skills: Artisan, Serenity
Lamball, Level: 3, Rank: 1, Gender: Male, HP IV: 79(0%), ATK IV: 96(0%), DEF IV: 31(0%), Work Speed: (0%), Skills: Easygoing
Nitewing, Level: 10, Rank: 1, Gender: Male, HP IV: 91(0%), ATK IV: 76(0%), DEF IV: 7(0%), Work Speed: (0%), Skills: Destructive
Nitewing, Level: 11, Rank: 1, Gender: Male, HP IV: 60(0%), ATK IV: 55(0%), DEF IV: 37(0%), Work Speed: (0%), Skills: Botanical Barrier, Noble
Nitewing, Level: 14, Rank: 1, Gender: Male, HP IV: 55(0%), ATK IV: 5(0%), DEF IV: 37(0%), Work Speed: (0%), Skills: Suntan Lover
Pengullet, Level: 5, Rank: 1, Gender: Male, HP IV: 75(0%), ATK IV: 7(0%), DEF IV: 31(0%), Work Speed: (0%)
Tanzee, Level: 4, Rank: 1, Gender: Male, HP IV: 94(0%), ATK IV: 6(0%), DEF IV: 68(0%), Work Speed: (0%), Skills: Zen Mind
Tanzee, Level: 5, Rank: 1, Gender: Female, HP IV: 42(0%), ATK IV: 88(0%), DEF IV: 35(0%), Work Speed: (0%), Skills: Easygoing
Teafant, Level: 3, Rank: 1, Gender: Male, HP IV: 55(0%), ATK IV: 81(0%), DEF IV: 0(0%), Work Speed: (0%), Skills: Shabby
Sadmoto's 48 Pals
-----------------
Cattiva, Level: 1, Rank: 1, Gender: Female, HP IV: 100(0%), ATK IV: 36(0%), DEF IV: 67(0%), Work Speed: (0%), Skills: Coward, Infinite Stamina, Pyromaniac
Cattiva, Level: 1, Rank: 1, Gender: Male, HP IV: 5(0%), ATK IV: 91(0%), DEF IV: 76(0%), Work Speed: (0%), Skills: Coward, Mine Foreman, Aggressive
Cattiva, Level: 13, Rank: 1, Gender: Male, HP IV: 0(0%), ATK IV: 17(0%), DEF IV: 35(0%), Work Speed: (0%), Skills: Coward, Mine Foreman, Hydromaniac
Cattiva, Level: 14, Rank: 1, Gender: Male, HP IV: 90(0%), ATK IV: 63(0%), DEF IV: 53(0%), Work Speed: (0%), Skills: Coward, Dragonkiller
Cattiva, Level: 3, Rank: 1, Gender: Female, HP IV: 35(0%), ATK IV: 90(0%), DEF IV: 34(0%), Work Speed: (0%), Skills: Coward, Downtrodden, Conceited, Earthquake Resistant
Cattiva, Level: 3, Rank: 1, Gender: Male, HP IV: 4(0%), ATK IV: 49(0%), DEF IV: 65(0%), Work Speed: (0%), Skills: Coward
Cattiva, Level: 3, Rank: 1, Gender: Male, HP IV: 65(0%), ATK IV: 91(0%), DEF IV: 42(0%), Work Speed: (0%), Skills: Coward, Botanical Barrier
Chikipi, Level: 1, Rank: 1, Gender: Male, HP IV: 33(0%), ATK IV: 39(0%), DEF IV: 15(0%), Work Speed: (0%)
Chikipi, Level: 1, Rank: 1, Gender: Male, HP IV: 68(0%), ATK IV: 6(0%), DEF IV: 93(0%), Work Speed: (0%), Skills: Aggressive
Chikipi, Level: 13, Rank: 1, Gender: Male, HP IV: 29(0%), ATK IV: 33(0%), DEF IV: 47(0%), Work Speed: (0%), Skills: Glutton
Chikipi, Level: 2, Rank: 1, Gender: Female, HP IV: 10(0%), ATK IV: 81(0%), DEF IV: 58(0%), Work Speed: (0%), Skills: Noble
Chikipi, Level: 2, Rank: 1, Gender: Male, HP IV: 5(0%), ATK IV: 3(0%), DEF IV: 38(0%), Work Speed: (0%), Skills: Abnormal, Blood of the Dragon
Chikipi, Level: 4, Rank: 1, Gender: Female, HP IV: 7(0%), ATK IV: 0(0%), DEF IV: 76(0%), Work Speed: (0%), Skills: Dragonkiller
Chikipi, Level: 4, Rank: 1, Gender: Male, HP IV: 6(0%), ATK IV: 20(0%), DEF IV: 96(0%), Work Speed: (0%)
Chikipi, Level: 4, Rank: 1, Gender: Male, HP IV: 71(0%), ATK IV: 76(0%), DEF IV: 86(0%), Work Speed: (0%), Skills: Coward
Cremis, Level: 3, Rank: 1, Gender: Male, HP IV: 86(0%), ATK IV: 4(0%), DEF IV: 55(0%), Work Speed: (0%), Skills: Downtrodden
Cremis, Level: 4, Rank: 1, Gender: Female, HP IV: 4(0%), ATK IV: 28(0%), DEF IV: 40(0%), Work Speed: (0%), Skills: Brave
Cremis, Level: 4, Rank: 1, Gender: Female, HP IV: 40(0%), ATK IV: 17(0%), DEF IV: 0(0%), Work Speed: (0%), Skills: Brave
Depresso, Level: 5, Rank: 1, Gender: Female, HP IV: 35(0%), ATK IV: 62(0%), DEF IV: 27(0%), Work Speed: (0%), Skills: Stronghold Strategist
Foxparks, Level: 4, Rank: 1, Gender: Male, HP IV: 47(0%), ATK IV: 45(0%), DEF IV: 65(0%), Work Speed: (0%), Skills: Zen Mind
Foxparks, Level: 6, Rank: 1, Gender: Female, HP IV: 34(0%), ATK IV: 38(0%), DEF IV: 46(0%), Work Speed: (0%), Skills: Vanguard
Foxparks, Level: 6, Rank: 1, Gender: Female, HP IV: 69(0%), ATK IV: 69(0%), DEF IV: 29(0%), Work Speed: (0%), Skills: Coldblooded
Foxparks, Level: 6, Rank: 1, Gender: Female, HP IV: 72(0%), ATK IV: 28(0%), DEF IV: 66(0%), Work Speed: (0%), Skills: Abnormal
Gumoss, Level: 3, Rank: 1, Gender: Female, HP IV: 12(0%), ATK IV: 86(0%), DEF IV: 100(0%), Work Speed: (0%), Skills: Stronghold Strategist
Gumoss, Level: 3, Rank: 1, Gender: Female, HP IV: 94(0%), ATK IV: 34(0%), DEF IV: 6(0%), Work Speed: (0%), Skills: Shabby
Gumoss, Level: 3, Rank: 1, Gender: Male, HP IV: 73(0%), ATK IV: 48(0%), DEF IV: 74(0%), Work Speed: (0%), Skills: Coldblooded
Gumoss, Level: 4, Rank: 1, Gender: Female, HP IV: 16(0%), ATK IV: 31(0%), DEF IV: 79(0%), Work Speed: (0%), Skills: Brave
Gumoss, Level: 4, Rank: 1, Gender: Female, HP IV: 39(0%), ATK IV: 20(0%), DEF IV: 64(0%), Work Speed: (0%), Skills: Fit as a Fiddle, Hooligan, Workaholic, Aggressive
Gumoss, Level: 4, Rank: 1, Gender: Female, HP IV: 91(0%), ATK IV: 53(0%), DEF IV: 22(0%), Work Speed: (0%), Skills: Pacifist
Gumoss, Level: 4, Rank: 1, Gender: Male, HP IV: 91(0%), ATK IV: 8(0%), DEF IV: 89(0%), Work Speed: (0%), Skills: Easygoing
Gumoss, Level: 5, Rank: 1, Gender: Female, HP IV: 60(0%), ATK IV: 28(0%), DEF IV: 99(0%), Work Speed: (0%), Skills: Clumsy
Gumoss, Level: 5, Rank: 1, Gender: Female, HP IV: 74(0%), ATK IV: 2(0%), DEF IV: 52(0%), Work Speed: (0%), Skills: Heated Body
Gumoss, Level: 5, Rank: 1, Gender: Male, HP IV: 17(0%), ATK IV: 19(0%), DEF IV: 37(0%), Work Speed: (0%), Skills: Dainty Eater
Gumoss, Level: 5, Rank: 1, Gender: Male, HP IV: 31(0%), ATK IV: 75(0%), DEF IV: 89(0%), Work Speed: (0%), Skills: Shabby, Impatient
Lamball, Level: 1, Rank: 1, Gender: Male, HP IV: 52(0%), ATK IV: 1(0%), DEF IV: 58(0%), Work Speed: (0%), Skills: Artisan
Lamball, Level: 13, Rank: 1, Gender: Male, HP IV: 16(0%), ATK IV: 45(0%), DEF IV: 99(0%), Work Speed: (0%), Skills: Noble
Lamball, Level: 2, Rank: 1, Gender: Female, HP IV: 22(0%), ATK IV: 97(0%), DEF IV: 43(0%), Work Speed: (0%), Skills: Conceited
Lamball, Level: 3, Rank: 1, Gender: Female, HP IV: 32(0%), ATK IV: 99(0%), DEF IV: 21(0%), Work Speed: (0%), Skills: Hooligan
Lamball, Level: 3, Rank: 1, Gender: Female, HP IV: 81(0%), ATK IV: 59(0%), DEF IV: 61(0%), Work Speed: (0%), Skills: Waterproof
Lamball, Level: 3, Rank: 1, Gender: Female, HP IV: 90(0%), ATK IV: 11(0%), DEF IV: 37(0%), Work Speed: (0%), Skills: Artisan, Serenity
Lamball, Level: 3, Rank: 1, Gender: Male, HP IV: 79(0%), ATK IV: 96(0%), DEF IV: 31(0%), Work Speed: (0%), Skills: Easygoing
Nitewing, Level: 10, Rank: 1, Gender: Male, HP IV: 91(0%), ATK IV: 76(0%), DEF IV: 7(0%), Work Speed: (0%), Skills: Destructive
Nitewing, Level: 11, Rank: 1, Gender: Male, HP IV: 60(0%), ATK IV: 55(0%), DEF IV: 37(0%), Work Speed: (0%), Skills: Botanical Barrier, Noble
Nitewing, Level: 14, Rank: 1, Gender: Male, HP IV: 55(0%), ATK IV: 5(0%), DEF IV: 37(0%), Work Speed: (0%), Skills: Suntan Lover
Pengullet, Level: 5, Rank: 1, Gender: Male, HP IV: 75(0%), ATK IV: 7(0%), DEF IV: 31(0%), Work Speed: (0%)
Tanzee, Level: 4, Rank: 1, Gender: Male, HP IV: 94(0%), ATK IV: 6(0%), DEF IV: 68(0%), Work Speed: (0%), Skills: Zen Mind
Tanzee, Level: 5, Rank: 1, Gender: Female, HP IV: 42(0%), ATK IV: 88(0%), DEF IV: 35(0%), Work Speed: (0%), Skills: Easygoing
Teafant, Level: 3, Rank: 1, Gender: Male, HP IV: 55(0%), ATK IV: 81(0%), DEF IV: 0(0%), Work Speed: (0%), Skills: Shabby
Sadmoto's 48 Pals
-----------------
Cattiva, Level: 1, Rank: 1, Gender: Female, HP IV: 100(0%), ATK IV: 36(0%), DEF IV: 67(0%), Work Speed: (0%), Skills: Coward, Infinite Stamina, Pyromaniac
Cattiva, Level: 1, Rank: 1, Gender: Male, HP IV: 5(0%), ATK IV: 91(0%), DEF IV: 76(0%), Work Speed: (0%), Skills: Coward, Mine Foreman, Aggressive
Cattiva, Level: 13, Rank: 1, Gender: Male, HP IV: 0(0%), ATK IV: 17(0%), DEF IV: 35(0%), Work Speed: (0%), Skills: Coward, Mine Foreman, Hydromaniac
Cattiva, Level: 14, Rank: 1, Gender: Male, HP IV: 90(0%), ATK IV: 63(0%), DEF IV: 53(0%), Work Speed: (0%), Skills: Coward, Dragonkiller
Cattiva, Level: 3, Rank: 1, Gender: Female, HP IV: 35(0%), ATK IV: 90(0%), DEF IV: 34(0%), Work Speed: (0%), Skills: Coward, Downtrodden, Conceited, Earthquake Resistant
Cattiva, Level: 3, Rank: 1, Gender: Male, HP IV: 4(0%), ATK IV: 49(0%), DEF IV: 65(0%), Work Speed: (0%), Skills: Coward
Cattiva, Level: 3, Rank: 1, Gender: Male, HP IV: 65(0%), ATK IV: 91(0%), DEF IV: 42(0%), Work Speed: (0%), Skills: Coward, Botanical Barrier
Chikipi, Level: 1, Rank: 1, Gender: Male, HP IV: 33(0%), ATK IV: 39(0%), DEF IV: 15(0%), Work Speed: (0%)
Chikipi, Level: 1, Rank: 1, Gender: Male, HP IV: 68(0%), ATK IV: 6(0%), DEF IV: 93(0%), Work Speed: (0%), Skills: Aggressive
Chikipi, Level: 13, Rank: 1, Gender: Male, HP IV: 29(0%), ATK IV: 33(0%), DEF IV: 47(0%), Work Speed: (0%), Skills: Glutton
Chikipi, Level: 2, Rank: 1, Gender: Female, HP IV: 10(0%), ATK IV: 81(0%), DEF IV: 58(0%), Work Speed: (0%), Skills: Noble
Chikipi, Level: 2, Rank: 1, Gender: Male, HP IV: 5(0%), ATK IV: 3(0%), DEF IV: 38(0%), Work Speed: (0%), Skills: Abnormal, Blood of the Dragon
Chikipi, Level: 4, Rank: 1, Gender: Female, HP IV: 7(0%), ATK IV: 0(0%), DEF IV: 76(0%), Work Speed: (0%), Skills: Dragonkiller
Chikipi, Level: 4, Rank: 1, Gender: Male, HP IV: 6(0%), ATK IV: 20(0%), DEF IV: 96(0%), Work Speed: (0%)
Chikipi, Level: 4, Rank: 1, Gender: Male, HP IV: 71(0%), ATK IV: 76(0%), DEF IV: 86(0%), Work Speed: (0%), Skills: Coward
Cremis, Level: 3, Rank: 1, Gender: Male, HP IV: 86(0%), ATK IV: 4(0%), DEF IV: 55(0%), Work Speed: (0%), Skills: Downtrodden
Cremis, Level: 4, Rank: 1, Gender: Female, HP IV: 4(0%), ATK IV: 28(0%), DEF IV: 40(0%), Work Speed: (0%), Skills: Brave
Cremis, Level: 4, Rank: 1, Gender: Female, HP IV: 40(0%), ATK IV: 17(0%), DEF IV: 0(0%), Work Speed: (0%), Skills: Brave
Depresso, Level: 5, Rank: 1, Gender: Female, HP IV: 35(0%), ATK IV: 62(0%), DEF IV: 27(0%), Work Speed: (0%), Skills: Stronghold Strategist
Foxparks, Level: 4, Rank: 1, Gender: Male, HP IV: 47(0%), ATK IV: 45(0%), DEF IV: 65(0%), Work Speed: (0%), Skills: Zen Mind
Foxparks, Level: 6, Rank: 1, Gender: Female, HP IV: 34(0%), ATK IV: 38(0%), DEF IV: 46(0%), Work Speed: (0%), Skills: Vanguard
Foxparks, Level: 6, Rank: 1, Gender: Female, HP IV: 69(0%), ATK IV: 69(0%), DEF IV: 29(0%), Work Speed: (0%), Skills: Coldblooded
Foxparks, Level: 6, Rank: 1, Gender: Female, HP IV: 72(0%), ATK IV: 28(0%), DEF IV: 66(0%), Work Speed: (0%), Skills: Abnormal
Gumoss, Level: 3, Rank: 1, Gender: Female, HP IV: 12(0%), ATK IV: 86(0%), DEF IV: 100(0%), Work Speed: (0%), Skills: Stronghold Strategist
Gumoss, Level: 3, Rank: 1, Gender: Female, HP IV: 94(0%), ATK IV: 34(0%), DEF IV: 6(0%), Work Speed: (0%), Skills: Shabby
Gumoss, Level: 3, Rank: 1, Gender: Male, HP IV: 73(0%), ATK IV: 48(0%), DEF IV: 74(0%), Work Speed: (0%), Skills: Coldblooded
Gumoss, Level: 4, Rank: 1, Gender: Female, HP IV: 16(0%), ATK IV: 31(0%), DEF IV: 79(0%), Work Speed: (0%), Skills: Brave
Gumoss, Level: 4, Rank: 1, Gender: Female, HP IV: 39(0%), ATK IV: 20(0%), DEF IV: 64(0%), Work Speed: (0%), Skills: Fit as a Fiddle, Hooligan, Workaholic, Aggressive
Gumoss, Level: 4, Rank: 1, Gender: Female, HP IV: 91(0%), ATK IV: 53(0%), DEF IV: 22(0%), Work Speed: (0%), Skills: Pacifist
Gumoss, Level: 4, Rank: 1, Gender: Male, HP IV: 91(0%), ATK IV: 8(0%), DEF IV: 89(0%), Work Speed: (0%), Skills: Easygoing
Gumoss, Level: 5, Rank: 1, Gender: Female, HP IV: 60(0%), ATK IV: 28(0%), DEF IV: 99(0%), Work Speed: (0%), Skills: Clumsy
Gumoss, Level: 5, Rank: 1, Gender: Female, HP IV: 74(0%), ATK IV: 2(0%), DEF IV: 52(0%), Work Speed: (0%), Skills: Heated Body
Gumoss, Level: 5, Rank: 1, Gender: Male, HP IV: 17(0%), ATK IV: 19(0%), DEF IV: 37(0%), Work Speed: (0%), Skills: Dainty Eater
Gumoss, Level: 5, Rank: 1, Gender: Male, HP IV: 31(0%), ATK IV: 75(0%), DEF IV: 89(0%), Work Speed: (0%), Skills: Shabby, Impatient
Lamball, Level: 1, Rank: 1, Gender: Male, HP IV: 52(0%), ATK IV: 1(0%), DEF IV: 58(0%), Work Speed: (0%), Skills: Artisan
Lamball, Level: 13, Rank: 1, Gender: Male, HP IV: 16(0%), ATK IV: 45(0%), DEF IV: 99(0%), Work Speed: (0%), Skills: Noble
Lamball, Level: 2, Rank: 1, Gender: Female, HP IV: 22(0%), ATK IV: 97(0%), DEF IV: 43(0%), Work Speed: (0%), Skills: Conceited
Lamball, Level: 3, Rank: 1, Gender: Female, HP IV: 32(0%), ATK IV: 99(0%), DEF IV: 21(0%), Work Speed: (0%), Skills: Hooligan
Lamball, Level: 3, Rank: 1, Gender: Female, HP IV: 81(0%), ATK IV: 59(0%), DEF IV: 61(0%), Work Speed: (0%), Skills: Waterproof
Lamball, Level: 3, Rank: 1, Gender: Female, HP IV: 90(0%), ATK IV: 11(0%), DEF IV: 37(0%), Work Speed: (0%), Skills: Artisan, Serenity
Lamball, Level: 3, Rank: 1, Gender: Male, HP IV: 79(0%), ATK IV: 96(0%), DEF IV: 31(0%), Work Speed: (0%), Skills: Easygoing
Nitewing, Level: 10, Rank: 1, Gender: Male, HP IV: 91(0%), ATK IV: 76(0%), DEF IV: 7(0%), Work Speed: (0%), Skills: Destructive
Nitewing, Level: 11, Rank: 1, Gender: Male, HP IV: 60(0%), ATK IV: 55(0%), DEF IV: 37(0%), Work Speed: (0%), Skills: Botanical Barrier, Noble
Nitewing, Level: 14, Rank: 1, Gender: Male, HP IV: 55(0%), ATK IV: 5(0%), DEF IV: 37(0%), Work Speed: (0%), Skills: Suntan Lover
Pengullet, Level: 5, Rank: 1, Gender: Male, HP IV: 75(0%), ATK IV: 7(0%), DEF IV: 31(0%), Work Speed: (0%)
Tanzee, Level: 4, Rank: 1, Gender: Male, HP IV: 94(0%), ATK IV: 6(0%), DEF IV: 68(0%), Work Speed: (0%), Skills: Zen Mind
Tanzee, Level: 5, Rank: 1, Gender: Female, HP IV: 42(0%), ATK IV: 88(0%), DEF IV: 35(0%), Work Speed: (0%), Skills: Easygoing
Teafant, Level: 3, Rank: 1, Gender: Male, HP IV: 55(0%), ATK IV: 81(0%), DEF IV: 0(0%), Work Speed: (0%), Skills: Shabby
Sadmoto's 48 Pals
-----------------
Cattiva, Level: 1, Rank: 1, Gender: Female, HP IV: 100(0%), ATK IV: 36(0%), DEF IV: 67(0%), Work Speed: (0%), Skills: Coward, Infinite Stamina, Pyromaniac
Cattiva, Level: 1, Rank: 1, Gender: Male, HP IV: 5(0%), ATK IV: 91(0%), DEF IV: 76(0%), Work Speed: (0%), Skills: Coward, Mine Foreman, Aggressive
Cattiva, Level: 13, Rank: 1, Gender: Male, HP IV: 0(0%), ATK IV: 17(0%), DEF IV: 35(0%), Work Speed: (0%), Skills: Coward, Mine Foreman, Hydromaniac
Cattiva, Level: 14, Rank: 1, Gender: Male, HP IV: 90(0%), ATK IV: 63(0%), DEF IV: 53(0%), Work Speed: (0%), Skills: Coward, Dragonkiller
Cattiva, Level: 3, Rank: 1, Gender: Female, HP IV: 35(0%), ATK IV: 90(0%), DEF IV: 34(0%), Work Speed: (0%), Skills: Coward, Downtrodden, Conceited, Earthquake Resistant
Cattiva, Level: 3, Rank: 1, Gender: Male, HP IV: 4(0%), ATK IV: 49(0%), DEF IV: 65(0%), Work Speed: (0%), Skills: Coward
Cattiva, Level: 3, Rank: 1, Gender: Male, HP IV: 65(0%), ATK IV: 91(0%), DEF IV: 42(0%), Work Speed: (0%), Skills: Coward, Botanical Barrier
Chikipi, Level: 1, Rank: 1, Gender: Male, HP IV: 33(0%), ATK IV: 39(0%), DEF IV: 15(0%), Work Speed: (0%)
Chikipi, Level: 1, Rank: 1, Gender: Male, HP IV: 68(0%), ATK IV: 6(0%), DEF IV: 93(0%), Work Speed: (0%), Skills: Aggressive
Chikipi, Level: 13, Rank: 1, Gender: Male, HP IV: 29(0%), ATK IV: 33(0%), DEF IV: 47(0%), Work Speed: (0%), Skills: Glutton
Chikipi, Level: 2, Rank: 1, Gender: Female, HP IV: 10(0%), ATK IV: 81(0%), DEF IV: 58(0%), Work Speed: (0%), Skills: Noble
Chikipi, Level: 2, Rank: 1, Gender: Male, HP IV: 5(0%), ATK IV: 3(0%), DEF IV: 38(0%), Work Speed: (0%), Skills: Abnormal, Blood of the Dragon
Chikipi, Level: 4, Rank: 1, Gender: Female, HP IV: 7(0%), ATK IV: 0(0%), DEF IV: 76(0%), Work Speed: (0%), Skills: Dragonkiller
Chikipi, Level: 4, Rank: 1, Gender: Male, HP IV: 6(0%), ATK IV: 20(0%), DEF IV: 96(0%), Work Speed: (0%)
Chikipi, Level: 4, Rank: 1, Gender: Male, HP IV: 71(0%), ATK IV: 76(0%), DEF IV: 86(0%), Work Speed: (0%), Skills: Coward
Cremis, Level: 3, Rank: 1, Gender: Male, HP IV: 86(0%), ATK IV: 4(0%), DEF IV: 55(0%), Work Speed: (0%), Skills: Downtrodden
Cremis, Level: 4, Rank: 1, Gender: Female, HP IV: 4(0%), ATK IV: 28(0%), DEF IV: 40(0%), Work Speed: (0%), Skills: Brave
Cremis, Level: 4, Rank: 1, Gender: Female, HP IV: 40(0%), ATK IV: 17(0%), DEF IV: 0(0%), Work Speed: (0%), Skills: Brave
Depresso, Level: 5, Rank: 1, Gender: Female, HP IV: 35(0%), ATK IV: 62(0%), DEF IV: 27(0%), Work Speed: (0%), Skills: Stronghold Strategist
Foxparks, Level: 4, Rank: 1, Gender: Male, HP IV: 47(0%), ATK IV: 45(0%), DEF IV: 65(0%), Work Speed: (0%), Skills: Zen Mind
Foxparks, Level: 6, Rank: 1, Gender: Female, HP IV: 34(0%), ATK IV: 38(0%), DEF IV: 46(0%), Work Speed: (0%), Skills: Vanguard
Foxparks, Level: 6, Rank: 1, Gender: Female, HP IV: 69(0%), ATK IV: 69(0%), DEF IV: 29(0%), Work Speed: (0%), Skills: Coldblooded
Foxparks, Level: 6, Rank: 1, Gender: Female, HP IV: 72(0%), ATK IV: 28(0%), DEF IV: 66(0%), Work Speed: (0%), Skills: Abnormal
Gumoss, Level: 3, Rank: 1, Gender: Female, HP IV: 12(0%), ATK IV: 86(0%), DEF IV: 100(0%), Work Speed: (0%), Skills: Stronghold Strategist
Gumoss, Level: 3, Rank: 1, Gender: Female, HP IV: 94(0%), ATK IV: 34(0%), DEF IV: 6(0%), Work Speed: (0%), Skills: Shabby
Gumoss, Level: 3, Rank: 1, Gender: Male, HP IV: 73(0%), ATK IV: 48(0%), DEF IV: 74(0%), Work Speed: (0%), Skills: Coldblooded
Gumoss, Level: 4, Rank: 1, Gender: Female, HP IV: 16(0%), ATK IV: 31(0%), DEF IV: 79(0%), Work Speed: (0%), Skills: Brave
Gumoss, Level: 4, Rank: 1, Gender: Female, HP IV: 39(0%), ATK IV: 20(0%), DEF IV: 64(0%), Work Speed: (0%), Skills: Fit as a Fiddle, Hooligan, Workaholic, Aggressive
Gumoss, Level: 4, Rank: 1, Gender: Female, HP IV: 91(0%), ATK IV: 53(0%), DEF IV: 22(0%), Work Speed: (0%), Skills: Pacifist
Gumoss, Level: 4, Rank: 1, Gender: Male, HP IV: 91(0%), ATK IV: 8(0%), DEF IV: 89(0%), Work Speed: (0%), Skills: Easygoing
Gumoss, Level: 5, Rank: 1, Gender: Female, HP IV: 60(0%), ATK IV: 28(0%), DEF IV: 99(0%), Work Speed: (0%), Skills: Clumsy
Gumoss, Level: 5, Rank: 1, Gender: Female, HP IV: 74(0%), ATK IV: 2(0%), DEF IV: 52(0%), Work Speed: (0%), Skills: Heated Body
Gumoss, Level: 5, Rank: 1, Gender: Male, HP IV: 17(0%), ATK IV: 19(0%), DEF IV: 37(0%), Work Speed: (0%), Skills: Dainty Eater
Gumoss, Level: 5, Rank: 1, Gender: Male, HP IV: 31(0%), ATK IV: 75(0%), DEF IV: 89(0%), Work Speed: (0%), Skills: Shabby, Impatient
Lamball, Level: 1, Rank: 1, Gender: Male, HP IV: 52(0%), ATK IV: 1(0%), DEF IV: 58(0%), Work Speed: (0%), Skills: Artisan
Lamball, Level: 13, Rank: 1, Gender: Male, HP IV: 16(0%), ATK IV: 45(0%), DEF IV: 99(0%), Work Speed: (0%), Skills: Noble
Lamball, Level: 2, Rank: 1, Gender: Female, HP IV: 22(0%), ATK IV: 97(0%), DEF IV: 43(0%), Work Speed: (0%), Skills: Conceited
Lamball, Level: 3, Rank: 1, Gender: Female, HP IV: 32(0%), ATK IV: 99(0%), DEF IV: 21(0%), Work Speed: (0%), Skills: Hooligan
Lamball, Level: 3, Rank: 1, Gender: Female, HP IV: 81(0%), ATK IV: 59(0%), DEF IV: 61(0%), Work Speed: (0%), Skills: Waterproof
Lamball, Level: 3, Rank: 1, Gender: Female, HP IV: 90(0%), ATK IV: 11(0%), DEF IV: 37(0%), Work Speed: (0%), Skills: Artisan, Serenity
Lamball, Level: 3, Rank: 1, Gender: Male, HP IV: 79(0%), ATK IV: 96(0%), DEF IV: 31(0%), Work Speed: (0%), Skills: Easygoing
Nitewing, Level: 10, Rank: 1, Gender: Male, HP IV: 91(0%), ATK IV: 76(0%), DEF IV: 7(0%), Work Speed: (0%), Skills: Destructive
Nitewing, Level: 11, Rank: 1, Gender: Male, HP IV: 60(0%), ATK IV: 55(0%), DEF IV: 37(0%), Work Speed: (0%), Skills: Botanical Barrier, Noble
Nitewing, Level: 14, Rank: 1, Gender: Male, HP IV: 55(0%), ATK IV: 5(0%), DEF IV: 37(0%), Work Speed: (0%), Skills: Suntan Lover
Pengullet, Level: 5, Rank: 1, Gender: Male, HP IV: 75(0%), ATK IV: 7(0%), DEF IV: 31(0%), Work Speed: (0%)
Tanzee, Level: 4, Rank: 1, Gender: Male, HP IV: 94(0%), ATK IV: 6(0%), DEF IV: 68(0%), Work Speed: (0%), Skills: Zen Mind
Tanzee, Level: 5, Rank: 1, Gender: Female, HP IV: 42(0%), ATK IV: 88(0%), DEF IV: 35(0%), Work Speed: (0%), Skills: Easygoing
Teafant, Level: 3, Rank: 1, Gender: Male, HP IV: 55(0%), ATK IV: 81(0%), DEF IV: 0(0%), Work Speed: (0%), Skills: Shabby
