SAUCE's 4 Pals
--------------
Cattiva, Level: 5, Rank: 1, Gender: Female, HP IV: 58(0%), ATK IV: 59(0%), DEF IV: 9(0%), Work Speed: (0%), Skills: Coward, Vanguard
Lamball, Level: 4, Rank: 1, Gender: Female, HP IV: 75(0%), ATK IV: 70(0%), DEF IV: 66(0%), Work Speed: (0%), Skills: Positive Thinker
Tanzee, Level: 3, Rank: 1, Gender: Female, HP IV: 79(0%), ATK IV: 65(0%), DEF IV: 62(0%), Work Speed: (0%), Skills: Brittle
Tanzee, Level: 5, Rank: 1, Gender: Female, HP IV: 7(0%), ATK IV: 51(0%), DEF IV: 38(0%), Work Speed: (0%)
SAUCE's 4 Pals
--------------
Cattiva, Level: 5, Rank: 1, Gender: Female, HP IV: 58(0%), ATK IV: 59(0%), DEF IV: 9(0%), Work Speed: (0%), Skills: Coward, Vanguard
Lamball, Level: 4, Rank: 1, Gender: Female, HP IV: 75(0%), ATK IV: 70(0%), DEF IV: 66(0%), Work Speed: (0%), Skills: Positive Thinker
Tanzee, Level: 3, Rank: 1, Gender: Female, HP IV: 79(0%), ATK IV: 65(0%), DEF IV: 62(0%), Work Speed: (0%), Skills: Brittle
Tanzee, Level: 5, Rank: 1, Gender: Female, HP IV: 7(0%), ATK IV: 51(0%), DEF IV: 38(0%), Work Speed: (0%)
SAUCE's 4 Pals
--------------
Cattiva, Level: 5, Rank: 1, Gender: Female, HP IV: 58(0%), ATK IV: 59(0%), DEF IV: 9(0%), Work Speed: (0%), Skills: Coward, Vanguard
Lamball, Level: 4, Rank: 1, Gender: Female, HP IV: 75(0%), ATK IV: 70(0%), DEF IV: 66(0%), Work Speed: (0%), Skills: Positive Thinker
Tanzee, Level: 3, Rank: 1, Gender: Female, HP IV: 79(0%), ATK IV: 65(0%), DEF IV: 62(0%), Work Speed: (0%), Skills: Brittle
Tanzee, Level: 5, Rank: 1, Gender: Female, HP IV: 7(0%), ATK IV: 51(0%), DEF IV: 38(0%), Work Speed: (0%)
SAUCE's 4 Pals
--------------
Cattiva, Level: 5, Rank: 1, Gender: Female, HP IV: 58(0%), ATK IV: 59(0%), DEF IV: 9(0%), Work Speed: (0%), Skills: Coward, Vanguard
Lamball, Level: 4, Rank: 1, Gender: Female, HP IV: 75(0%), ATK IV: 70(0%), DEF IV: 66(0%), Work Speed: (0%), Skills: Positive Thinker
Tanzee, Level: 3, Rank: 1, Gender: Female, HP IV: 79(0%), ATK IV: 65(0%), DEF IV: 62(0%), Work Speed: (0%), Skills: Brittle
Tanzee, Level: 5, Rank: 1, Gender: Female, HP IV: 7(0%), ATK IV: 51(0%), DEF IV: 38(0%), Work Speed: (0%)
SAUCE's 4 Pals
--------------
Cattiva, Level: 5, Rank: 1, Gender: Female, HP IV: 58(0%), ATK IV: 59(0%), DEF IV: 9(0%), Work Speed: (0%), Skills: Coward, Vanguard
Lamball, Level: 4, Rank: 1, Gender: Female, HP IV: 75(0%), ATK IV: 70(0%), DEF IV: 66(0%), Work Speed: (0%), Skills: Positive Thinker
Tanzee, Level: 3, Rank: 1, Gender: Female, HP IV: 79(0%), ATK IV: 65(0%), DEF IV: 62(0%), Work Speed: (0%), Skills: Brittle
Tanzee, Level: 5, Rank: 1, Gender: Female, HP IV: 7(0%), ATK IV: 51(0%), DEF IV: 38(0%), Work Speed: (0%)
SAUCE's 4 Pals
--------------
Cattiva, Level: 5, Rank: 1, Gender: Female, HP IV: 58(0%), ATK IV: 59(0%), DEF IV: 9(0%), Work Speed: (0%), Skills: Coward, Vanguard
Lamball, Level: 4, Rank: 1, Gender: Female, HP IV: 75(0%), ATK IV: 70(0%), DEF IV: 66(0%), Work Speed: (0%), Skills: Positive Thinker
Tanzee, Level: 3, Rank: 1, Gender: Female, HP IV: 79(0%), ATK IV: 65(0%), DEF IV: 62(0%), Work Speed: (0%), Skills: Brittle
Tanzee, Level: 5, Rank: 1, Gender: Female, HP IV: 7(0%), ATK IV: 51(0%), DEF IV: 38(0%), Work Speed: (0%)
SAUCE's 4 Pals
--------------
Cattiva, Level: 5, Rank: 1, Gender: Female, HP IV: 58(0%), ATK IV: 59(0%), DEF IV: 9(0%), Work Speed: (0%), Skills: Coward, Vanguard
Lamball, Level: 4, Rank: 1, Gender: Female, HP IV: 75(0%), ATK IV: 70(0%), DEF IV: 66(0%), Work Speed: (0%), Skills: Positive Thinker
Tanzee, Level: 3, Rank: 1, Gender: Female, HP IV: 79(0%), ATK IV: 65(0%), DEF IV: 62(0%), Work Speed: (0%), Skills: Brittle
Tanzee, Level: 5, Rank: 1, Gender: Female, HP IV: 7(0%), ATK IV: 51(0%), DEF IV: 38(0%), Work Speed: (0%)
SAUCE's 4 Pals
--------------
Cattiva, Level: 5, Rank: 1, Gender: Female, HP IV: 58(0%), ATK IV: 59(0%), DEF IV: 9(0%), Work Speed: (0%), Skills: Coward, Vanguard
Lamball, Level: 4, Rank: 1, Gender: Female, HP IV: 75(0%), ATK IV: 70(0%), DEF IV: 66(0%), Work Speed: (0%), Skills: Positive Thinker
Tanzee, Level: 3, Rank: 1, Gender: Female, HP IV: 79(0%), ATK IV: 65(0%), DEF IV: 62(0%), Work Speed: (0%), Skills: Brittle
Tanzee, Level: 5, Rank: 1, Gender: Female, HP IV: 7(0%), ATK IV: 51(0%), DEF IV: 38(0%), Work Speed: (0%)
SAUCE's 4 Pals
--------------
Cattiva, Level: 5, Rank: 1, Gender: Female, HP IV: 58(0%), ATK IV: 59(0%), DEF IV: 9(0%), Work Speed: (0%), Skills: Coward, Vanguard
Lamball, Level: 4, Rank: 1, Gender: Female, HP IV: 75(0%), ATK IV: 70(0%), DEF IV: 66(0%), Work Speed: (0%), Skills: Positive Thinker
Tanzee, Level: 3, Rank: 1, Gender: Female, HP IV: 79(0%), ATK IV: 65(0%), DEF IV: 62(0%), Work Speed: (0%), Skills: Brittle
Tanzee, Level: 5, Rank: 1, Gender: Female, HP IV: 7(0%), ATK IV: 51(0%), DEF IV: 38(0%), Work Speed: (0%)
SAUCE's 4 Pals
--------------
Cattiva, Level: 5, Rank: 1, Gender: Female, HP IV: 58(0%), ATK IV: 59(0%), DEF IV: 9(0%), Work Speed: (0%), Skills: Coward, Vanguard
Lamball, Level: 4, Rank: 1, Gender: Female, HP IV: 75(0%), ATK IV: 70(0%), DEF IV: 66(0%), Work Speed: (0%), Skills: Positive Thinker
Tanzee, Level: 3, Rank: 1, Gender: Female, HP IV: 79(0%), ATK IV: 65(0%), DEF IV: 62(0%), Work Speed: (0%), Skills: Brittle
Tanzee, Level: 5, Rank: 1, Gender: Female, HP IV: 7(0%), ATK IV: 51(0%), DEF IV: 38(0%), Work Speed: (0%)
SAUCE's 4 Pals
--------------
Cattiva, Level: 5, Rank: 1, Gender: Female, HP IV: 58(0%), ATK IV: 59(0%), DEF IV: 9(0%), Work Speed: (0%), Skills: Coward, Vanguard
Lamball, Level: 4, Rank: 1, Gender: Female, HP IV: 75(0%), ATK IV: 70(0%), DEF IV: 66(0%), Work Speed: (0%), Skills: Positive Thinker
Tanzee, Level: 3, Rank: 1, Gender: Female, HP IV: 79(0%), ATK IV: 65(0%), DEF IV: 62(0%), Work Speed: (0%), Skills: Brittle
Tanzee, Level: 5, Rank: 1, Gender: Female, HP IV: 7(0%), ATK IV: 51(0%), DEF IV: 38(0%), Work Speed: (0%)
SAUCE's 4 Pals
--------------
Cattiva, Level: 5, Rank: 1, Gender: Female, HP IV: 58(0%), ATK IV: 59(0%), DEF IV: 9(0%), Work Speed: (0%), Skills: Coward, Vanguard
Lamball, Level: 4, Rank: 1, Gender: Female, HP IV: 75(0%), ATK IV: 70(0%), DEF IV: 66(0%), Work Speed: (0%), Skills: Positive Thinker
Tanzee, Level: 3, Rank: 1, Gender: Female, HP IV: 79(0%), ATK IV: 65(0%), DEF IV: 62(0%), Work Speed: (0%), Skills: Brittle
Tanzee, Level: 5, Rank: 1, Gender: Female, HP IV: 7(0%), ATK IV: 51(0%), DEF IV: 38(0%), Work Speed: (0%)
SAUCE's 4 Pals
--------------
Cattiva, Level: 5, Rank: 1, Gender: Female, HP IV: 58(0%), ATK IV: 59(0%), DEF IV: 9(0%), Work Speed: (0%), Skills: Coward, Vanguard
Lamball, Level: 4, Rank: 1, Gender: Female, HP IV: 75(0%), ATK IV: 70(0%), DEF IV: 66(0%), Work Speed: (0%), Skills: Positive Thinker
Tanzee, Level: 3, Rank: 1, Gender: Female, HP IV: 79(0%), ATK IV: 65(0%), DEF IV: 62(0%), Work Speed: (0%), Skills: Brittle
Tanzee, Level: 5, Rank: 1, Gender: Female, HP IV: 7(0%), ATK IV: 51(0%), DEF IV: 38(0%), Work Speed: (0%)
SAUCE's 4 Pals
--------------
Cattiva, Level: 5, Rank: 1, Gender: Female, HP IV: 58(0%), ATK IV: 59(0%), DEF IV: 9(0%), Work Speed: (0%), Skills: Coward, Vanguard
Lamball, Level: 4, Rank: 1, Gender: Female, HP IV: 75(0%), ATK IV: 70(0%), DEF IV: 66(0%), Work Speed: (0%), Skills: Positive Thinker
Tanzee, Level: 3, Rank: 1, Gender: Female, HP IV: 79(0%), ATK IV: 65(0%), DEF IV: 62(0%), Work Speed: (0%), Skills: Brittle
Tanzee, Level: 5, Rank: 1, Gender: Female, HP IV: 7(0%), ATK IV: 51(0%), DEF IV: 38(0%), Work Speed: (0%)
