SenpaiJacky's 13 Pals
---------------------
Celaray, Level: 2, Rank: 1, Gender: Female, HP IV: 91(0%), ATK IV: 82(0%), DEF IV: 54(0%), Work Speed: (0%), Skills: Shabby, Brave
Chikipi, Level: 7, Rank: 1, Gender: Female, HP IV: 64(0%), ATK IV: 91(0%), DEF IV: 26(0%), Work Speed: (0%), Skills: Mercy hit
Chikipi, Level: 7, Rank: 1, Gender: Male, HP IV: 78(0%), ATK IV: 4(0%), DEF IV: 33(0%), Work Speed: (0%), Skills: Easygoing
Cremis, Level: 2, Rank: 1, Gender: Male, HP IV: 21(0%), ATK IV: 95(0%), DEF IV: 69(0%), Work Speed: (0%), Skills: Unstable
Cremis, Level: 5, Rank: 1, Gender: Female, HP IV: 85(0%), ATK IV: 68(0%), DEF IV: 95(0%), Work Speed: (0%), Skills: Insulated Body
Croajiro, Level: 4, Rank: 1, Gender: Female, HP IV: 72(0%), ATK IV: 53(0%), DEF IV: 85(0%), Work Speed: (0%), Skills: Diet Lover
Croajiro, Level: 4, Rank: 1, Gender: Male, HP IV: 29(0%), ATK IV: 39(0%), DEF IV: 50(0%), Work Speed: (0%)
Croajiro, Level: 7, Rank: 1, Gender: Female, HP IV: 39(0%), ATK IV: 0(0%), DEF IV: 14(0%), Work Speed: (0%)
Direhowl, Level: 4, Rank: 1, Gender: Male, HP IV: 95(0%), ATK IV: 32(0%), DEF IV: 0(0%), Work Speed: (0%), Skills: Work Slave, Sadist
Direhowl, Level: 7, Rank: 1, Gender: Male, HP IV: 1(0%), ATK IV: 91(0%), DEF IV: 47(0%), Work Speed: (0%), Skills: Nocturnal, Glutton, Artisan, Abnormal
Lamball, Level: 7, Rank: 1, Gender: Male, HP IV: 32(0%), ATK IV: 9(0%), DEF IV: 93(0%), Work Speed: (0%), Skills: Power of Gaia
Lifmunk, Level: 4, Rank: 1, Gender: Male, HP IV: 4(0%), ATK IV: 34(0%), DEF IV: 3(0%), Work Speed: (0%), Skills: Pacifist
Melpaca, Level: 8, Rank: 1, Gender: Female, HP IV: 91(0%), ATK IV: 70(0%), DEF IV: 67(0%), Work Speed: (0%), Skills: Hard Skin
SenpaiJacky's 13 Pals
---------------------
Celaray, Level: 2, Rank: 1, Gender: Female, HP IV: 91(0%), ATK IV: 82(0%), DEF IV: 54(0%), Work Speed: (0%), Skills: Shabby, Brave
Chikipi, Level: 7, Rank: 1, Gender: Female, HP IV: 64(0%), ATK IV: 91(0%), DEF IV: 26(0%), Work Speed: (0%), Skills: Mercy hit
Chikipi, Level: 7, Rank: 1, Gender: Male, HP IV: 78(0%), ATK IV: 4(0%), DEF IV: 33(0%), Work Speed: (0%), Skills: Easygoing
Cremis, Level: 2, Rank: 1, Gender: Male, HP IV: 21(0%), ATK IV: 95(0%), DEF IV: 69(0%), Work Speed: (0%), Skills: Unstable
Cremis, Level: 5, Rank: 1, Gender: Female, HP IV: 85(0%), ATK IV: 68(0%), DEF IV: 95(0%), Work Speed: (0%), Skills: Insulated Body
Croajiro, Level: 4, Rank: 1, Gender: Female, HP IV: 72(0%), ATK IV: 53(0%), DEF IV: 85(0%), Work Speed: (0%), Skills: Diet Lover
Croajiro, Level: 4, Rank: 1, Gender: Male, HP IV: 29(0%), ATK IV: 39(0%), DEF IV: 50(0%), Work Speed: (0%)
Croajiro, Level: 7, Rank: 1, Gender: Female, HP IV: 39(0%), ATK IV: 0(0%), DEF IV: 14(0%), Work Speed: (0%)
Direhowl, Level: 4, Rank: 1, Gender: Male, HP IV: 95(0%), ATK IV: 32(0%), DEF IV: 0(0%), Work Speed: (0%), Skills: Work Slave, Sadist
Direhowl, Level: 7, Rank: 1, Gender: Male, HP IV: 1(0%), ATK IV: 91(0%), DEF IV: 47(0%), Work Speed: (0%), Skills: Nocturnal, Glutton, Artisan, Abnormal
Lamball, Level: 7, Rank: 1, Gender: Male, HP IV: 32(0%), ATK IV: 9(0%), DEF IV: 93(0%), Work Speed: (0%), Skills: Power of Gaia
Lifmunk, Level: 4, Rank: 1, Gender: Male, HP IV: 4(0%), ATK IV: 34(0%), DEF IV: 3(0%), Work Speed: (0%), Skills: Pacifist
Melpaca, Level: 8, Rank: 1, Gender: Female, HP IV: 91(0%), ATK IV: 70(0%), DEF IV: 67(0%), Work Speed: (0%), Skills: Hard Skin
SenpaiJacky's 13 Pals
---------------------
Celaray, Level: 2, Rank: 1, Gender: Female, HP IV: 91(0%), ATK IV: 82(0%), DEF IV: 54(0%), Work Speed: (0%), Skills: Shabby, Brave
Chikipi, Level: 7, Rank: 1, Gender: Female, HP IV: 64(0%), ATK IV: 91(0%), DEF IV: 26(0%), Work Speed: (0%), Skills: Mercy hit
Chikipi, Level: 7, Rank: 1, Gender: Male, HP IV: 78(0%), ATK IV: 4(0%), DEF IV: 33(0%), Work Speed: (0%), Skills: Easygoing
Cremis, Level: 2, Rank: 1, Gender: Male, HP IV: 21(0%), ATK IV: 95(0%), DEF IV: 69(0%), Work Speed: (0%), Skills: Unstable
Cremis, Level: 5, Rank: 1, Gender: Female, HP IV: 85(0%), ATK IV: 68(0%), DEF IV: 95(0%), Work Speed: (0%), Skills: Insulated Body
Croajiro, Level: 4, Rank: 1, Gender: Female, HP IV: 72(0%), ATK IV: 53(0%), DEF IV: 85(0%), Work Speed: (0%), Skills: Diet Lover
Croajiro, Level: 4, Rank: 1, Gender: Male, HP IV: 29(0%), ATK IV: 39(0%), DEF IV: 50(0%), Work Speed: (0%)
Croajiro, Level: 7, Rank: 1, Gender: Female, HP IV: 39(0%), ATK IV: 0(0%), DEF IV: 14(0%), Work Speed: (0%)
Direhowl, Level: 4, Rank: 1, Gender: Male, HP IV: 95(0%), ATK IV: 32(0%), DEF IV: 0(0%), Work Speed: (0%), Skills: Work Slave, Sadist
Direhowl, Level: 7, Rank: 1, Gender: Male, HP IV: 1(0%), ATK IV: 91(0%), DEF IV: 47(0%), Work Speed: (0%), Skills: Nocturnal, Glutton, Artisan, Abnormal
Lamball, Level: 7, Rank: 1, Gender: Male, HP IV: 32(0%), ATK IV: 9(0%), DEF IV: 93(0%), Work Speed: (0%), Skills: Power of Gaia
Lifmunk, Level: 4, Rank: 1, Gender: Male, HP IV: 4(0%), ATK IV: 34(0%), DEF IV: 3(0%), Work Speed: (0%), Skills: Pacifist
Melpaca, Level: 8, Rank: 1, Gender: Female, HP IV: 91(0%), ATK IV: 70(0%), DEF IV: 67(0%), Work Speed: (0%), Skills: Hard Skin
SenpaiJacky's 13 Pals
---------------------
Celaray, Level: 2, Rank: 1, Gender: Female, HP IV: 91(0%), ATK IV: 82(0%), DEF IV: 54(0%), Work Speed: (0%), Skills: Shabby, Brave
Chikipi, Level: 7, Rank: 1, Gender: Female, HP IV: 64(0%), ATK IV: 91(0%), DEF IV: 26(0%), Work Speed: (0%), Skills: Mercy hit
Chikipi, Level: 7, Rank: 1, Gender: Male, HP IV: 78(0%), ATK IV: 4(0%), DEF IV: 33(0%), Work Speed: (0%), Skills: Easygoing
Cremis, Level: 2, Rank: 1, Gender: Male, HP IV: 21(0%), ATK IV: 95(0%), DEF IV: 69(0%), Work Speed: (0%), Skills: Unstable
Cremis, Level: 5, Rank: 1, Gender: Female, HP IV: 85(0%), ATK IV: 68(0%), DEF IV: 95(0%), Work Speed: (0%), Skills: Insulated Body
Croajiro, Level: 4, Rank: 1, Gender: Female, HP IV: 72(0%), ATK IV: 53(0%), DEF IV: 85(0%), Work Speed: (0%), Skills: Diet Lover
Croajiro, Level: 4, Rank: 1, Gender: Male, HP IV: 29(0%), ATK IV: 39(0%), DEF IV: 50(0%), Work Speed: (0%)
Croajiro, Level: 7, Rank: 1, Gender: Female, HP IV: 39(0%), ATK IV: 0(0%), DEF IV: 14(0%), Work Speed: (0%)
Direhowl, Level: 4, Rank: 1, Gender: Male, HP IV: 95(0%), ATK IV: 32(0%), DEF IV: 0(0%), Work Speed: (0%), Skills: Work Slave, Sadist
Direhowl, Level: 7, Rank: 1, Gender: Male, HP IV: 1(0%), ATK IV: 91(0%), DEF IV: 47(0%), Work Speed: (0%), Skills: Nocturnal, Glutton, Artisan, Abnormal
Lamball, Level: 7, Rank: 1, Gender: Male, HP IV: 32(0%), ATK IV: 9(0%), DEF IV: 93(0%), Work Speed: (0%), Skills: Power of Gaia
Lifmunk, Level: 4, Rank: 1, Gender: Male, HP IV: 4(0%), ATK IV: 34(0%), DEF IV: 3(0%), Work Speed: (0%), Skills: Pacifist
Melpaca, Level: 8, Rank: 1, Gender: Female, HP IV: 91(0%), ATK IV: 70(0%), DEF IV: 67(0%), Work Speed: (0%), Skills: Hard Skin
SenpaiJacky's 13 Pals
---------------------
Celaray, Level: 2, Rank: 1, Gender: Female, HP IV: 91(0%), ATK IV: 82(0%), DEF IV: 54(0%), Work Speed: (0%), Skills: Shabby, Brave
Chikipi, Level: 7, Rank: 1, Gender: Female, HP IV: 64(0%), ATK IV: 91(0%), DEF IV: 26(0%), Work Speed: (0%), Skills: Mercy hit
Chikipi, Level: 7, Rank: 1, Gender: Male, HP IV: 78(0%), ATK IV: 4(0%), DEF IV: 33(0%), Work Speed: (0%), Skills: Easygoing
Cremis, Level: 2, Rank: 1, Gender: Male, HP IV: 21(0%), ATK IV: 95(0%), DEF IV: 69(0%), Work Speed: (0%), Skills: Unstable
Cremis, Level: 5, Rank: 1, Gender: Female, HP IV: 85(0%), ATK IV: 68(0%), DEF IV: 95(0%), Work Speed: (0%), Skills: Insulated Body
Croajiro, Level: 4, Rank: 1, Gender: Female, HP IV: 72(0%), ATK IV: 53(0%), DEF IV: 85(0%), Work Speed: (0%), Skills: Diet Lover
Croajiro, Level: 4, Rank: 1, Gender: Male, HP IV: 29(0%), ATK IV: 39(0%), DEF IV: 50(0%), Work Speed: (0%)
Croajiro, Level: 7, Rank: 1, Gender: Female, HP IV: 39(0%), ATK IV: 0(0%), DEF IV: 14(0%), Work Speed: (0%)
Direhowl, Level: 4, Rank: 1, Gender: Male, HP IV: 95(0%), ATK IV: 32(0%), DEF IV: 0(0%), Work Speed: (0%), Skills: Work Slave, Sadist
Direhowl, Level: 7, Rank: 1, Gender: Male, HP IV: 1(0%), ATK IV: 91(0%), DEF IV: 47(0%), Work Speed: (0%), Skills: Nocturnal, Glutton, Artisan, Abnormal
Lamball, Level: 7, Rank: 1, Gender: Male, HP IV: 32(0%), ATK IV: 9(0%), DEF IV: 93(0%), Work Speed: (0%), Skills: Power of Gaia
Lifmunk, Level: 4, Rank: 1, Gender: Male, HP IV: 4(0%), ATK IV: 34(0%), DEF IV: 3(0%), Work Speed: (0%), Skills: Pacifist
Melpaca, Level: 8, Rank: 1, Gender: Female, HP IV: 91(0%), ATK IV: 70(0%), DEF IV: 67(0%), Work Speed: (0%), Skills: Hard Skin
SenpaiJacky's 13 Pals
---------------------
Celaray, Level: 2, Rank: 1, Gender: Female, HP IV: 91(0%), ATK IV: 82(0%), DEF IV: 54(0%), Work Speed: (0%), Skills: Shabby, Brave
Chikipi, Level: 7, Rank: 1, Gender: Female, HP IV: 64(0%), ATK IV: 91(0%), DEF IV: 26(0%), Work Speed: (0%), Skills: Mercy hit
Chikipi, Level: 7, Rank: 1, Gender: Male, HP IV: 78(0%), ATK IV: 4(0%), DEF IV: 33(0%), Work Speed: (0%), Skills: Easygoing
Cremis, Level: 2, Rank: 1, Gender: Male, HP IV: 21(0%), ATK IV: 95(0%), DEF IV: 69(0%), Work Speed: (0%), Skills: Unstable
Cremis, Level: 5, Rank: 1, Gender: Female, HP IV: 85(0%), ATK IV: 68(0%), DEF IV: 95(0%), Work Speed: (0%), Skills: Insulated Body
Croajiro, Level: 4, Rank: 1, Gender: Female, HP IV: 72(0%), ATK IV: 53(0%), DEF IV: 85(0%), Work Speed: (0%), Skills: Diet Lover
Croajiro, Level: 4, Rank: 1, Gender: Male, HP IV: 29(0%), ATK IV: 39(0%), DEF IV: 50(0%), Work Speed: (0%)
Croajiro, Level: 7, Rank: 1, Gender: Female, HP IV: 39(0%), ATK IV: 0(0%), DEF IV: 14(0%), Work Speed: (0%)
Direhowl, Level: 4, Rank: 1, Gender: Male, HP IV: 95(0%), ATK IV: 32(0%), DEF IV: 0(0%), Work Speed: (0%), Skills: Work Slave, Sadist
Direhowl, Level: 7, Rank: 1, Gender: Male, HP IV: 1(0%), ATK IV: 91(0%), DEF IV: 47(0%), Work Speed: (0%), Skills: Nocturnal, Glutton, Artisan, Abnormal
Lamball, Level: 7, Rank: 1, Gender: Male, HP IV: 32(0%), ATK IV: 9(0%), DEF IV: 93(0%), Work Speed: (0%), Skills: Power of Gaia
Lifmunk, Level: 4, Rank: 1, Gender: Male, HP IV: 4(0%), ATK IV: 34(0%), DEF IV: 3(0%), Work Speed: (0%), Skills: Pacifist
Melpaca, Level: 8, Rank: 1, Gender: Female, HP IV: 91(0%), ATK IV: 70(0%), DEF IV: 67(0%), Work Speed: (0%), Skills: Hard Skin
SenpaiJacky's 13 Pals
---------------------
Celaray, Level: 2, Rank: 1, Gender: Female, HP IV: 91(0%), ATK IV: 82(0%), DEF IV: 54(0%), Work Speed: (0%), Skills: Shabby, Brave
Chikipi, Level: 7, Rank: 1, Gender: Female, HP IV: 64(0%), ATK IV: 91(0%), DEF IV: 26(0%), Work Speed: (0%), Skills: Mercy hit
Chikipi, Level: 7, Rank: 1, Gender: Male, HP IV: 78(0%), ATK IV: 4(0%), DEF IV: 33(0%), Work Speed: (0%), Skills: Easygoing
Cremis, Level: 2, Rank: 1, Gender: Male, HP IV: 21(0%), ATK IV: 95(0%), DEF IV: 69(0%), Work Speed: (0%), Skills: Unstable
Cremis, Level: 5, Rank: 1, Gender: Female, HP IV: 85(0%), ATK IV: 68(0%), DEF IV: 95(0%), Work Speed: (0%), Skills: Insulated Body
Croajiro, Level: 4, Rank: 1, Gender: Female, HP IV: 72(0%), ATK IV: 53(0%), DEF IV: 85(0%), Work Speed: (0%), Skills: Diet Lover
Croajiro, Level: 4, Rank: 1, Gender: Male, HP IV: 29(0%), ATK IV: 39(0%), DEF IV: 50(0%), Work Speed: (0%)
Croajiro, Level: 7, Rank: 1, Gender: Female, HP IV: 39(0%), ATK IV: 0(0%), DEF IV: 14(0%), Work Speed: (0%)
Direhowl, Level: 4, Rank: 1, Gender: Male, HP IV: 95(0%), ATK IV: 32(0%), DEF IV: 0(0%), Work Speed: (0%), Skills: Work Slave, Sadist
Direhowl, Level: 7, Rank: 1, Gender: Male, HP IV: 1(0%), ATK IV: 91(0%), DEF IV: 47(0%), Work Speed: (0%), Skills: Nocturnal, Glutton, Artisan, Abnormal
Lamball, Level: 7, Rank: 1, Gender: Male, HP IV: 32(0%), ATK IV: 9(0%), DEF IV: 93(0%), Work Speed: (0%), Skills: Power of Gaia
Lifmunk, Level: 4, Rank: 1, Gender: Male, HP IV: 4(0%), ATK IV: 34(0%), DEF IV: 3(0%), Work Speed: (0%), Skills: Pacifist
Melpaca, Level: 8, Rank: 1, Gender: Female, HP IV: 91(0%), ATK IV: 70(0%), DEF IV: 67(0%), Work Speed: (0%), Skills: Hard Skin
SenpaiJacky's 13 Pals
---------------------
Celaray, Level: 2, Rank: 1, Gender: Female, HP IV: 91(0%), ATK IV: 82(0%), DEF IV: 54(0%), Work Speed: (0%), Skills: Shabby, Brave
Chikipi, Level: 7, Rank: 1, Gender: Female, HP IV: 64(0%), ATK IV: 91(0%), DEF IV: 26(0%), Work Speed: (0%), Skills: Mercy hit
Chikipi, Level: 7, Rank: 1, Gender: Male, HP IV: 78(0%), ATK IV: 4(0%), DEF IV: 33(0%), Work Speed: (0%), Skills: Easygoing
Cremis, Level: 2, Rank: 1, Gender: Male, HP IV: 21(0%), ATK IV: 95(0%), DEF IV: 69(0%), Work Speed: (0%), Skills: Unstable
Cremis, Level: 5, Rank: 1, Gender: Female, HP IV: 85(0%), ATK IV: 68(0%), DEF IV: 95(0%), Work Speed: (0%), Skills: Insulated Body
Croajiro, Level: 4, Rank: 1, Gender: Female, HP IV: 72(0%), ATK IV: 53(0%), DEF IV: 85(0%), Work Speed: (0%), Skills: Diet Lover
Croajiro, Level: 4, Rank: 1, Gender: Male, HP IV: 29(0%), ATK IV: 39(0%), DEF IV: 50(0%), Work Speed: (0%)
Croajiro, Level: 7, Rank: 1, Gender: Female, HP IV: 39(0%), ATK IV: 0(0%), DEF IV: 14(0%), Work Speed: (0%)
Direhowl, Level: 4, Rank: 1, Gender: Male, HP IV: 95(0%), ATK IV: 32(0%), DEF IV: 0(0%), Work Speed: (0%), Skills: Work Slave, Sadist
Direhowl, Level: 7, Rank: 1, Gender: Male, HP IV: 1(0%), ATK IV: 91(0%), DEF IV: 47(0%), Work Speed: (0%), Skills: Nocturnal, Glutton, Artisan, Abnormal
Lamball, Level: 7, Rank: 1, Gender: Male, HP IV: 32(0%), ATK IV: 9(0%), DEF IV: 93(0%), Work Speed: (0%), Skills: Power of Gaia
Lifmunk, Level: 4, Rank: 1, Gender: Male, HP IV: 4(0%), ATK IV: 34(0%), DEF IV: 3(0%), Work Speed: (0%), Skills: Pacifist
Melpaca, Level: 8, Rank: 1, Gender: Female, HP IV: 91(0%), ATK IV: 70(0%), DEF IV: 67(0%), Work Speed: (0%), Skills: Hard Skin
SenpaiJacky's 13 Pals
---------------------
Celaray, Level: 2, Rank: 1, Gender: Female, HP IV: 91(0%), ATK IV: 82(0%), DEF IV: 54(0%), Work Speed: (0%), Skills: Shabby, Brave
Chikipi, Level: 7, Rank: 1, Gender: Female, HP IV: 64(0%), ATK IV: 91(0%), DEF IV: 26(0%), Work Speed: (0%), Skills: Mercy hit
Chikipi, Level: 7, Rank: 1, Gender: Male, HP IV: 78(0%), ATK IV: 4(0%), DEF IV: 33(0%), Work Speed: (0%), Skills: Easygoing
Cremis, Level: 2, Rank: 1, Gender: Male, HP IV: 21(0%), ATK IV: 95(0%), DEF IV: 69(0%), Work Speed: (0%), Skills: Unstable
Cremis, Level: 5, Rank: 1, Gender: Female, HP IV: 85(0%), ATK IV: 68(0%), DEF IV: 95(0%), Work Speed: (0%), Skills: Insulated Body
Croajiro, Level: 4, Rank: 1, Gender: Female, HP IV: 72(0%), ATK IV: 53(0%), DEF IV: 85(0%), Work Speed: (0%), Skills: Diet Lover
Croajiro, Level: 4, Rank: 1, Gender: Male, HP IV: 29(0%), ATK IV: 39(0%), DEF IV: 50(0%), Work Speed: (0%)
Croajiro, Level: 7, Rank: 1, Gender: Female, HP IV: 39(0%), ATK IV: 0(0%), DEF IV: 14(0%), Work Speed: (0%)
Direhowl, Level: 4, Rank: 1, Gender: Male, HP IV: 95(0%), ATK IV: 32(0%), DEF IV: 0(0%), Work Speed: (0%), Skills: Work Slave, Sadist
Direhowl, Level: 7, Rank: 1, Gender: Male, HP IV: 1(0%), ATK IV: 91(0%), DEF IV: 47(0%), Work Speed: (0%), Skills: Nocturnal, Glutton, Artisan, Abnormal
Lamball, Level: 7, Rank: 1, Gender: Male, HP IV: 32(0%), ATK IV: 9(0%), DEF IV: 93(0%), Work Speed: (0%), Skills: Power of Gaia
Lifmunk, Level: 4, Rank: 1, Gender: Male, HP IV: 4(0%), ATK IV: 34(0%), DEF IV: 3(0%), Work Speed: (0%), Skills: Pacifist
Melpaca, Level: 8, Rank: 1, Gender: Female, HP IV: 91(0%), ATK IV: 70(0%), DEF IV: 67(0%), Work Speed: (0%), Skills: Hard Skin
SenpaiJacky's 13 Pals
---------------------
Celaray, Level: 2, Rank: 1, Gender: Female, HP IV: 91(0%), ATK IV: 82(0%), DEF IV: 54(0%), Work Speed: (0%), Skills: Shabby, Brave
Chikipi, Level: 7, Rank: 1, Gender: Female, HP IV: 64(0%), ATK IV: 91(0%), DEF IV: 26(0%), Work Speed: (0%), Skills: Mercy hit
Chikipi, Level: 7, Rank: 1, Gender: Male, HP IV: 78(0%), ATK IV: 4(0%), DEF IV: 33(0%), Work Speed: (0%), Skills: Easygoing
Cremis, Level: 2, Rank: 1, Gender: Male, HP IV: 21(0%), ATK IV: 95(0%), DEF IV: 69(0%), Work Speed: (0%), Skills: Unstable
Cremis, Level: 5, Rank: 1, Gender: Female, HP IV: 85(0%), ATK IV: 68(0%), DEF IV: 95(0%), Work Speed: (0%), Skills: Insulated Body
Croajiro, Level: 4, Rank: 1, Gender: Female, HP IV: 72(0%), ATK IV: 53(0%), DEF IV: 85(0%), Work Speed: (0%), Skills: Diet Lover
Croajiro, Level: 4, Rank: 1, Gender: Male, HP IV: 29(0%), ATK IV: 39(0%), DEF IV: 50(0%), Work Speed: (0%)
Croajiro, Level: 7, Rank: 1, Gender: Female, HP IV: 39(0%), ATK IV: 0(0%), DEF IV: 14(0%), Work Speed: (0%)
Direhowl, Level: 4, Rank: 1, Gender: Male, HP IV: 95(0%), ATK IV: 32(0%), DEF IV: 0(0%), Work Speed: (0%), Skills: Work Slave, Sadist
Direhowl, Level: 7, Rank: 1, Gender: Male, HP IV: 1(0%), ATK IV: 91(0%), DEF IV: 47(0%), Work Speed: (0%), Skills: Nocturnal, Glutton, Artisan, Abnormal
Lamball, Level: 7, Rank: 1, Gender: Male, HP IV: 32(0%), ATK IV: 9(0%), DEF IV: 93(0%), Work Speed: (0%), Skills: Power of Gaia
Lifmunk, Level: 4, Rank: 1, Gender: Male, HP IV: 4(0%), ATK IV: 34(0%), DEF IV: 3(0%), Work Speed: (0%), Skills: Pacifist
Melpaca, Level: 8, Rank: 1, Gender: Female, HP IV: 91(0%), ATK IV: 70(0%), DEF IV: 67(0%), Work Speed: (0%), Skills: Hard Skin
SenpaiJacky's 13 Pals
---------------------
Celaray, Level: 2, Rank: 1, Gender: Female, HP IV: 91(0%), ATK IV: 82(0%), DEF IV: 54(0%), Work Speed: (0%), Skills: Shabby, Brave
Chikipi, Level: 7, Rank: 1, Gender: Female, HP IV: 64(0%), ATK IV: 91(0%), DEF IV: 26(0%), Work Speed: (0%), Skills: Mercy hit
Chikipi, Level: 7, Rank: 1, Gender: Male, HP IV: 78(0%), ATK IV: 4(0%), DEF IV: 33(0%), Work Speed: (0%), Skills: Easygoing
Cremis, Level: 2, Rank: 1, Gender: Male, HP IV: 21(0%), ATK IV: 95(0%), DEF IV: 69(0%), Work Speed: (0%), Skills: Unstable
Cremis, Level: 5, Rank: 1, Gender: Female, HP IV: 85(0%), ATK IV: 68(0%), DEF IV: 95(0%), Work Speed: (0%), Skills: Insulated Body
Croajiro, Level: 4, Rank: 1, Gender: Female, HP IV: 72(0%), ATK IV: 53(0%), DEF IV: 85(0%), Work Speed: (0%), Skills: Diet Lover
Croajiro, Level: 4, Rank: 1, Gender: Male, HP IV: 29(0%), ATK IV: 39(0%), DEF IV: 50(0%), Work Speed: (0%)
Croajiro, Level: 7, Rank: 1, Gender: Female, HP IV: 39(0%), ATK IV: 0(0%), DEF IV: 14(0%), Work Speed: (0%)
Direhowl, Level: 4, Rank: 1, Gender: Male, HP IV: 95(0%), ATK IV: 32(0%), DEF IV: 0(0%), Work Speed: (0%), Skills: Work Slave, Sadist
Direhowl, Level: 7, Rank: 1, Gender: Male, HP IV: 1(0%), ATK IV: 91(0%), DEF IV: 47(0%), Work Speed: (0%), Skills: Nocturnal, Glutton, Artisan, Abnormal
Lamball, Level: 7, Rank: 1, Gender: Male, HP IV: 32(0%), ATK IV: 9(0%), DEF IV: 93(0%), Work Speed: (0%), Skills: Power of Gaia
Lifmunk, Level: 4, Rank: 1, Gender: Male, HP IV: 4(0%), ATK IV: 34(0%), DEF IV: 3(0%), Work Speed: (0%), Skills: Pacifist
Melpaca, Level: 8, Rank: 1, Gender: Female, HP IV: 91(0%), ATK IV: 70(0%), DEF IV: 67(0%), Work Speed: (0%), Skills: Hard Skin
SenpaiJacky's 13 Pals
---------------------
Celaray, Level: 2, Rank: 1, Gender: Female, HP IV: 91(0%), ATK IV: 82(0%), DEF IV: 54(0%), Work Speed: (0%), Skills: Shabby, Brave
Chikipi, Level: 7, Rank: 1, Gender: Female, HP IV: 64(0%), ATK IV: 91(0%), DEF IV: 26(0%), Work Speed: (0%), Skills: Mercy hit
Chikipi, Level: 7, Rank: 1, Gender: Male, HP IV: 78(0%), ATK IV: 4(0%), DEF IV: 33(0%), Work Speed: (0%), Skills: Easygoing
Cremis, Level: 2, Rank: 1, Gender: Male, HP IV: 21(0%), ATK IV: 95(0%), DEF IV: 69(0%), Work Speed: (0%), Skills: Unstable
Cremis, Level: 5, Rank: 1, Gender: Female, HP IV: 85(0%), ATK IV: 68(0%), DEF IV: 95(0%), Work Speed: (0%), Skills: Insulated Body
Croajiro, Level: 4, Rank: 1, Gender: Female, HP IV: 72(0%), ATK IV: 53(0%), DEF IV: 85(0%), Work Speed: (0%), Skills: Diet Lover
Croajiro, Level: 4, Rank: 1, Gender: Male, HP IV: 29(0%), ATK IV: 39(0%), DEF IV: 50(0%), Work Speed: (0%)
Croajiro, Level: 7, Rank: 1, Gender: Female, HP IV: 39(0%), ATK IV: 0(0%), DEF IV: 14(0%), Work Speed: (0%)
Direhowl, Level: 4, Rank: 1, Gender: Male, HP IV: 95(0%), ATK IV: 32(0%), DEF IV: 0(0%), Work Speed: (0%), Skills: Work Slave, Sadist
Direhowl, Level: 7, Rank: 1, Gender: Male, HP IV: 1(0%), ATK IV: 91(0%), DEF IV: 47(0%), Work Speed: (0%), Skills: Nocturnal, Glutton, Artisan, Abnormal
Lamball, Level: 7, Rank: 1, Gender: Male, HP IV: 32(0%), ATK IV: 9(0%), DEF IV: 93(0%), Work Speed: (0%), Skills: Power of Gaia
Lifmunk, Level: 4, Rank: 1, Gender: Male, HP IV: 4(0%), ATK IV: 34(0%), DEF IV: 3(0%), Work Speed: (0%), Skills: Pacifist
Melpaca, Level: 8, Rank: 1, Gender: Female, HP IV: 91(0%), ATK IV: 70(0%), DEF IV: 67(0%), Work Speed: (0%), Skills: Hard Skin
SenpaiJacky's 13 Pals
---------------------
Celaray, Level: 2, Rank: 1, Gender: Female, HP IV: 91(0%), ATK IV: 82(0%), DEF IV: 54(0%), Work Speed: (0%), Skills: Shabby, Brave
Chikipi, Level: 7, Rank: 1, Gender: Female, HP IV: 64(0%), ATK IV: 91(0%), DEF IV: 26(0%), Work Speed: (0%), Skills: Mercy hit
Chikipi, Level: 7, Rank: 1, Gender: Male, HP IV: 78(0%), ATK IV: 4(0%), DEF IV: 33(0%), Work Speed: (0%), Skills: Easygoing
Cremis, Level: 2, Rank: 1, Gender: Male, HP IV: 21(0%), ATK IV: 95(0%), DEF IV: 69(0%), Work Speed: (0%), Skills: Unstable
Cremis, Level: 5, Rank: 1, Gender: Female, HP IV: 85(0%), ATK IV: 68(0%), DEF IV: 95(0%), Work Speed: (0%), Skills: Insulated Body
Croajiro, Level: 4, Rank: 1, Gender: Female, HP IV: 72(0%), ATK IV: 53(0%), DEF IV: 85(0%), Work Speed: (0%), Skills: Diet Lover
Croajiro, Level: 4, Rank: 1, Gender: Male, HP IV: 29(0%), ATK IV: 39(0%), DEF IV: 50(0%), Work Speed: (0%)
Croajiro, Level: 7, Rank: 1, Gender: Female, HP IV: 39(0%), ATK IV: 0(0%), DEF IV: 14(0%), Work Speed: (0%)
Direhowl, Level: 4, Rank: 1, Gender: Male, HP IV: 95(0%), ATK IV: 32(0%), DEF IV: 0(0%), Work Speed: (0%), Skills: Work Slave, Sadist
Direhowl, Level: 7, Rank: 1, Gender: Male, HP IV: 1(0%), ATK IV: 91(0%), DEF IV: 47(0%), Work Speed: (0%), Skills: Nocturnal, Glutton, Artisan, Abnormal
Lamball, Level: 7, Rank: 1, Gender: Male, HP IV: 32(0%), ATK IV: 9(0%), DEF IV: 93(0%), Work Speed: (0%), Skills: Power of Gaia
Lifmunk, Level: 4, Rank: 1, Gender: Male, HP IV: 4(0%), ATK IV: 34(0%), DEF IV: 3(0%), Work Speed: (0%), Skills: Pacifist
Melpaca, Level: 8, Rank: 1, Gender: Female, HP IV: 91(0%), ATK IV: 70(0%), DEF IV: 67(0%), Work Speed: (0%), Skills: Hard Skin
SenpaiJacky's 13 Pals
---------------------
Celaray, Level: 2, Rank: 1, Gender: Female, HP IV: 91(0%), ATK IV: 82(0%), DEF IV: 54(0%), Work Speed: (0%), Skills: Shabby, Brave
Chikipi, Level: 7, Rank: 1, Gender: Female, HP IV: 64(0%), ATK IV: 91(0%), DEF IV: 26(0%), Work Speed: (0%), Skills: Mercy hit
Chikipi, Level: 7, Rank: 1, Gender: Male, HP IV: 78(0%), ATK IV: 4(0%), DEF IV: 33(0%), Work Speed: (0%), Skills: Easygoing
Cremis, Level: 2, Rank: 1, Gender: Male, HP IV: 21(0%), ATK IV: 95(0%), DEF IV: 69(0%), Work Speed: (0%), Skills: Unstable
Cremis, Level: 5, Rank: 1, Gender: Female, HP IV: 85(0%), ATK IV: 68(0%), DEF IV: 95(0%), Work Speed: (0%), Skills: Insulated Body
Croajiro, Level: 4, Rank: 1, Gender: Female, HP IV: 72(0%), ATK IV: 53(0%), DEF IV: 85(0%), Work Speed: (0%), Skills: Diet Lover
Croajiro, Level: 4, Rank: 1, Gender: Male, HP IV: 29(0%), ATK IV: 39(0%), DEF IV: 50(0%), Work Speed: (0%)
Croajiro, Level: 7, Rank: 1, Gender: Female, HP IV: 39(0%), ATK IV: 0(0%), DEF IV: 14(0%), Work Speed: (0%)
Direhowl, Level: 4, Rank: 1, Gender: Male, HP IV: 95(0%), ATK IV: 32(0%), DEF IV: 0(0%), Work Speed: (0%), Skills: Work Slave, Sadist
Direhowl, Level: 7, Rank: 1, Gender: Male, HP IV: 1(0%), ATK IV: 91(0%), DEF IV: 47(0%), Work Speed: (0%), Skills: Nocturnal, Glutton, Artisan, Abnormal
Lamball, Level: 7, Rank: 1, Gender: Male, HP IV: 32(0%), ATK IV: 9(0%), DEF IV: 93(0%), Work Speed: (0%), Skills: Power of Gaia
Lifmunk, Level: 4, Rank: 1, Gender: Male, HP IV: 4(0%), ATK IV: 34(0%), DEF IV: 3(0%), Work Speed: (0%), Skills: Pacifist
Melpaca, Level: 8, Rank: 1, Gender: Female, HP IV: 91(0%), ATK IV: 70(0%), DEF IV: 67(0%), Work Speed: (0%), Skills: Hard Skin
