Shadow's 3 Pals
---------------
Cattiva, Level: 5, Rank: 1, Gender: Female, HP IV: 20(0%), ATK IV: 76(0%), DEF IV: 65(0%), Work Speed: (0%), Skills: Coward, Hydromaniac
Lamball, Level: 5, Rank: 1, Gender: Female, HP IV: 86(0%), ATK IV: 20(0%), DEF IV: 70(0%), Work Speed: (0%), Skills: Hooligan
Pengullet, Level: 5, Rank: 1, Gender: Female, HP IV: 75(0%), ATK IV: 70(0%), DEF IV: 25(0%), Work Speed: (0%), Skills: Pyromaniac
Shadow's 3 Pals
---------------
Cattiva, Level: 5, Rank: 1, Gender: Female, HP IV: 20(0%), ATK IV: 76(0%), DEF IV: 65(0%), Work Speed: (0%), Skills: Coward, Hydromaniac
Lamball, Level: 5, Rank: 1, Gender: Female, HP IV: 86(0%), ATK IV: 20(0%), DEF IV: 70(0%), Work Speed: (0%), Skills: Hooligan
Pengullet, Level: 5, Rank: 1, Gender: Female, HP IV: 75(0%), ATK IV: 70(0%), DEF IV: 25(0%), Work Speed: (0%), Skills: Pyromaniac
Shadow's 3 Pals
---------------
Cattiva, Level: 5, Rank: 1, Gender: Female, HP IV: 20(0%), ATK IV: 76(0%), DEF IV: 65(0%), Work Speed: (0%), Skills: Coward, Hydromaniac
Lamball, Level: 5, Rank: 1, Gender: Female, HP IV: 86(0%), ATK IV: 20(0%), DEF IV: 70(0%), Work Speed: (0%), Skills: Hooligan
Pengullet, Level: 5, Rank: 1, Gender: Female, HP IV: 75(0%), ATK IV: 70(0%), DEF IV: 25(0%), Work Speed: (0%), Skills: Pyromaniac
Shadow's 3 Pals
---------------
Cattiva, Level: 5, Rank: 1, Gender: Female, HP IV: 20(0%), ATK IV: 76(0%), DEF IV: 65(0%), Work Speed: (0%), Skills: Coward, Hydromaniac
Lamball, Level: 5, Rank: 1, Gender: Female, HP IV: 86(0%), ATK IV: 20(0%), DEF IV: 70(0%), Work Speed: (0%), Skills: Hooligan
Pengullet, Level: 5, Rank: 1, Gender: Female, HP IV: 75(0%), ATK IV: 70(0%), DEF IV: 25(0%), Work Speed: (0%), Skills: Pyromaniac
Shadow's 3 Pals
---------------
Cattiva, Level: 5, Rank: 1, Gender: Female, HP IV: 20(0%), ATK IV: 76(0%), DEF IV: 65(0%), Work Speed: (0%), Skills: Coward, Hydromaniac
Lamball, Level: 5, Rank: 1, Gender: Female, HP IV: 86(0%), ATK IV: 20(0%), DEF IV: 70(0%), Work Speed: (0%), Skills: Hooligan
Pengullet, Level: 5, Rank: 1, Gender: Female, HP IV: 75(0%), ATK IV: 70(0%), DEF IV: 25(0%), Work Speed: (0%), Skills: Pyromaniac
Shadow's 3 Pals
---------------
Cattiva, Level: 5, Rank: 1, Gender: Female, HP IV: 20(0%), ATK IV: 76(0%), DEF IV: 65(0%), Work Speed: (0%), Skills: Coward, Hydromaniac
Lamball, Level: 5, Rank: 1, Gender: Female, HP IV: 86(0%), ATK IV: 20(0%), DEF IV: 70(0%), Work Speed: (0%), Skills: Hooligan
Pengullet, Level: 5, Rank: 1, Gender: Female, HP IV: 75(0%), ATK IV: 70(0%), DEF IV: 25(0%), Work Speed: (0%), Skills: Pyromaniac
Shadow's 3 Pals
---------------
Cattiva, Level: 5, Rank: 1, Gender: Female, HP IV: 20(0%), ATK IV: 76(0%), DEF IV: 65(0%), Work Speed: (0%), Skills: Coward, Hydromaniac
Lamball, Level: 5, Rank: 1, Gender: Female, HP IV: 86(0%), ATK IV: 20(0%), DEF IV: 70(0%), Work Speed: (0%), Skills: Hooligan
Pengullet, Level: 5, Rank: 1, Gender: Female, HP IV: 75(0%), ATK IV: 70(0%), DEF IV: 25(0%), Work Speed: (0%), Skills: Pyromaniac
Shadow's 3 Pals
---------------
Cattiva, Level: 5, Rank: 1, Gender: Female, HP IV: 20(0%), ATK IV: 76(0%), DEF IV: 65(0%), Work Speed: (0%), Skills: Coward, Hydromaniac
Lamball, Level: 5, Rank: 1, Gender: Female, HP IV: 86(0%), ATK IV: 20(0%), DEF IV: 70(0%), Work Speed: (0%), Skills: Hooligan
Pengullet, Level: 5, Rank: 1, Gender: Female, HP IV: 75(0%), ATK IV: 70(0%), DEF IV: 25(0%), Work Speed: (0%), Skills: Pyromaniac
Shadow's 3 Pals
---------------
Cattiva, Level: 5, Rank: 1, Gender: Female, HP IV: 20(0%), ATK IV: 76(0%), DEF IV: 65(0%), Work Speed: (0%), Skills: Coward, Hydromaniac
Lamball, Level: 5, Rank: 1, Gender: Female, HP IV: 86(0%), ATK IV: 20(0%), DEF IV: 70(0%), Work Speed: (0%), Skills: Hooligan
Pengullet, Level: 5, Rank: 1, Gender: Female, HP IV: 75(0%), ATK IV: 70(0%), DEF IV: 25(0%), Work Speed: (0%), Skills: Pyromaniac
Shadow's 3 Pals
---------------
Cattiva, Level: 5, Rank: 1, Gender: Female, HP IV: 20(0%), ATK IV: 76(0%), DEF IV: 65(0%), Work Speed: (0%), Skills: Coward, Hydromaniac
Lamball, Level: 5, Rank: 1, Gender: Female, HP IV: 86(0%), ATK IV: 20(0%), DEF IV: 70(0%), Work Speed: (0%), Skills: Hooligan
Pengullet, Level: 5, Rank: 1, Gender: Female, HP IV: 75(0%), ATK IV: 70(0%), DEF IV: 25(0%), Work Speed: (0%), Skills: Pyromaniac
Shadow's 3 Pals
---------------
Cattiva, Level: 5, Rank: 1, Gender: Female, HP IV: 20(0%), ATK IV: 76(0%), DEF IV: 65(0%), Work Speed: (0%), Skills: Coward, Hydromaniac
Lamball, Level: 5, Rank: 1, Gender: Female, HP IV: 86(0%), ATK IV: 20(0%), DEF IV: 70(0%), Work Speed: (0%), Skills: Hooligan
Pengullet, Level: 5, Rank: 1, Gender: Female, HP IV: 75(0%), ATK IV: 70(0%), DEF IV: 25(0%), Work Speed: (0%), Skills: Pyromaniac
Shadow's 3 Pals
---------------
Cattiva, Level: 5, Rank: 1, Gender: Female, HP IV: 20(0%), ATK IV: 76(0%), DEF IV: 65(0%), Work Speed: (0%), Skills: Coward, Hydromaniac
Lamball, Level: 5, Rank: 1, Gender: Female, HP IV: 86(0%), ATK IV: 20(0%), DEF IV: 70(0%), Work Speed: (0%), Skills: Hooligan
Pengullet, Level: 5, Rank: 1, Gender: Female, HP IV: 75(0%), ATK IV: 70(0%), DEF IV: 25(0%), Work Speed: (0%), Skills: Pyromaniac
Shadow's 3 Pals
---------------
Cattiva, Level: 5, Rank: 1, Gender: Female, HP IV: 20(0%), ATK IV: 76(0%), DEF IV: 65(0%), Work Speed: (0%), Skills: Coward, Hydromaniac
Lamball, Level: 5, Rank: 1, Gender: Female, HP IV: 86(0%), ATK IV: 20(0%), DEF IV: 70(0%), Work Speed: (0%), Skills: Hooligan
Pengullet, Level: 5, Rank: 1, Gender: Female, HP IV: 75(0%), ATK IV: 70(0%), DEF IV: 25(0%), Work Speed: (0%), Skills: Pyromaniac
Shadow's 3 Pals
---------------
Cattiva, Level: 5, Rank: 1, Gender: Female, HP IV: 20(0%), ATK IV: 76(0%), DEF IV: 65(0%), Work Speed: (0%), Skills: Coward, Hydromaniac
Lamball, Level: 5, Rank: 1, Gender: Female, HP IV: 86(0%), ATK IV: 20(0%), DEF IV: 70(0%), Work Speed: (0%), Skills: Hooligan
Pengullet, Level: 5, Rank: 1, Gender: Female, HP IV: 75(0%), ATK IV: 70(0%), DEF IV: 25(0%), Work Speed: (0%), Skills: Pyromaniac
