Slithiro's 6 Pals
-----------------
Cattiva, Level: 7, Rank: 1, Gender: Male, HP IV: 54(0%), ATK IV: 79(0%), DEF IV: 66(0%), Work Speed: (0%), Skills: Coward, Fine Furs
Depresso, Level: 7, Rank: 1, Gender: Male, HP IV: 20(0%), ATK IV: 36(0%), DEF IV: 6(0%), Work Speed: (0%), Skills: Vanguard, Downtrodden
Eikthyrdeer, Level: 8, Rank: 1, Gender: Male, HP IV: 49(0%), ATK IV: 51(0%), DEF IV: 66(0%), Work Speed: (0%), Skills: Mercy hit
Gumoss, Level: 2, Rank: 1, Gender: Male, HP IV: 85(0%), ATK IV: 44(0%), DEF IV: 83(0%), Work Speed: (0%), Skills: Serious
Gumoss, Level: 4, Rank: 1, Gender: Female, HP IV: 74(0%), ATK IV: 10(0%), DEF IV: 75(0%), Work Speed: (0%), Skills: Brave, Infinite Stamina
Rooby, Level: 7, Rank: 1, Gender: Female, HP IV: 19(0%), ATK IV: 88(0%), DEF IV: 95(0%), Work Speed: (0%), Skills: Dainty Eater
Slithiro's 6 Pals
-----------------
Cattiva, Level: 7, Rank: 1, Gender: Male, HP IV: 54(0%), ATK IV: 79(0%), DEF IV: 66(0%), Work Speed: (0%), Skills: Coward, Fine Furs
Depresso, Level: 7, Rank: 1, Gender: Male, HP IV: 20(0%), ATK IV: 36(0%), DEF IV: 6(0%), Work Speed: (0%), Skills: Vanguard, Downtrodden
Eikthyrdeer, Level: 8, Rank: 1, Gender: Male, HP IV: 49(0%), ATK IV: 51(0%), DEF IV: 66(0%), Work Speed: (0%), Skills: Mercy hit
Gumoss, Level: 2, Rank: 1, Gender: Male, HP IV: 85(0%), ATK IV: 44(0%), DEF IV: 83(0%), Work Speed: (0%), Skills: Serious
Gumoss, Level: 4, Rank: 1, Gender: Female, HP IV: 74(0%), ATK IV: 10(0%), DEF IV: 75(0%), Work Speed: (0%), Skills: Brave, Infinite Stamina
Rooby, Level: 7, Rank: 1, Gender: Female, HP IV: 19(0%), ATK IV: 88(0%), DEF IV: 95(0%), Work Speed: (0%), Skills: Dainty Eater
Slithiro's 6 Pals
-----------------
Cattiva, Level: 7, Rank: 1, Gender: Male, HP IV: 54(0%), ATK IV: 79(0%), DEF IV: 66(0%), Work Speed: (0%), Skills: Coward, Fine Furs
Depresso, Level: 7, Rank: 1, Gender: Male, HP IV: 20(0%), ATK IV: 36(0%), DEF IV: 6(0%), Work Speed: (0%), Skills: Vanguard, Downtrodden
Eikthyrdeer, Level: 8, Rank: 1, Gender: Male, HP IV: 49(0%), ATK IV: 51(0%), DEF IV: 66(0%), Work Speed: (0%), Skills: Mercy hit
Gumoss, Level: 2, Rank: 1, Gender: Male, HP IV: 85(0%), ATK IV: 44(0%), DEF IV: 83(0%), Work Speed: (0%), Skills: Serious
Gumoss, Level: 4, Rank: 1, Gender: Female, HP IV: 74(0%), ATK IV: 10(0%), DEF IV: 75(0%), Work Speed: (0%), Skills: Brave, Infinite Stamina
Rooby, Level: 7, Rank: 1, Gender: Female, HP IV: 19(0%), ATK IV: 88(0%), DEF IV: 95(0%), Work Speed: (0%), Skills: Dainty Eater
Slithiro's 6 Pals
-----------------
Cattiva, Level: 7, Rank: 1, Gender: Male, HP IV: 54(0%), ATK IV: 79(0%), DEF IV: 66(0%), Work Speed: (0%), Skills: Coward, Fine Furs
Depresso, Level: 7, Rank: 1, Gender: Male, HP IV: 20(0%), ATK IV: 36(0%), DEF IV: 6(0%), Work Speed: (0%), Skills: Vanguard, Downtrodden
Eikthyrdeer, Level: 8, Rank: 1, Gender: Male, HP IV: 49(0%), ATK IV: 51(0%), DEF IV: 66(0%), Work Speed: (0%), Skills: Mercy hit
Gumoss, Level: 2, Rank: 1, Gender: Male, HP IV: 85(0%), ATK IV: 44(0%), DEF IV: 83(0%), Work Speed: (0%), Skills: Serious
Gumoss, Level: 4, Rank: 1, Gender: Female, HP IV: 74(0%), ATK IV: 10(0%), DEF IV: 75(0%), Work Speed: (0%), Skills: Brave, Infinite Stamina
Rooby, Level: 7, Rank: 1, Gender: Female, HP IV: 19(0%), ATK IV: 88(0%), DEF IV: 95(0%), Work Speed: (0%), Skills: Dainty Eater
Slithiro's 6 Pals
-----------------
Cattiva, Level: 7, Rank: 1, Gender: Male, HP IV: 54(0%), ATK IV: 79(0%), DEF IV: 66(0%), Work Speed: (0%), Skills: Coward, Fine Furs
Depresso, Level: 7, Rank: 1, Gender: Male, HP IV: 20(0%), ATK IV: 36(0%), DEF IV: 6(0%), Work Speed: (0%), Skills: Vanguard, Downtrodden
Eikthyrdeer, Level: 8, Rank: 1, Gender: Male, HP IV: 49(0%), ATK IV: 51(0%), DEF IV: 66(0%), Work Speed: (0%), Skills: Mercy hit
Gumoss, Level: 2, Rank: 1, Gender: Male, HP IV: 85(0%), ATK IV: 44(0%), DEF IV: 83(0%), Work Speed: (0%), Skills: Serious
Gumoss, Level: 4, Rank: 1, Gender: Female, HP IV: 74(0%), ATK IV: 10(0%), DEF IV: 75(0%), Work Speed: (0%), Skills: Brave, Infinite Stamina
Rooby, Level: 7, Rank: 1, Gender: Female, HP IV: 19(0%), ATK IV: 88(0%), DEF IV: 95(0%), Work Speed: (0%), Skills: Dainty Eater
Slithiro's 6 Pals
-----------------
Cattiva, Level: 7, Rank: 1, Gender: Male, HP IV: 54(0%), ATK IV: 79(0%), DEF IV: 66(0%), Work Speed: (0%), Skills: Coward, Fine Furs
Depresso, Level: 7, Rank: 1, Gender: Male, HP IV: 20(0%), ATK IV: 36(0%), DEF IV: 6(0%), Work Speed: (0%), Skills: Vanguard, Downtrodden
Eikthyrdeer, Level: 8, Rank: 1, Gender: Male, HP IV: 49(0%), ATK IV: 51(0%), DEF IV: 66(0%), Work Speed: (0%), Skills: Mercy hit
Gumoss, Level: 2, Rank: 1, Gender: Male, HP IV: 85(0%), ATK IV: 44(0%), DEF IV: 83(0%), Work Speed: (0%), Skills: Serious
Gumoss, Level: 4, Rank: 1, Gender: Female, HP IV: 74(0%), ATK IV: 10(0%), DEF IV: 75(0%), Work Speed: (0%), Skills: Brave, Infinite Stamina
Rooby, Level: 7, Rank: 1, Gender: Female, HP IV: 19(0%), ATK IV: 88(0%), DEF IV: 95(0%), Work Speed: (0%), Skills: Dainty Eater
Slithiro's 6 Pals
-----------------
Cattiva, Level: 7, Rank: 1, Gender: Male, HP IV: 54(0%), ATK IV: 79(0%), DEF IV: 66(0%), Work Speed: (0%), Skills: Coward, Fine Furs
Depresso, Level: 7, Rank: 1, Gender: Male, HP IV: 20(0%), ATK IV: 36(0%), DEF IV: 6(0%), Work Speed: (0%), Skills: Vanguard, Downtrodden
Eikthyrdeer, Level: 8, Rank: 1, Gender: Male, HP IV: 49(0%), ATK IV: 51(0%), DEF IV: 66(0%), Work Speed: (0%), Skills: Mercy hit
Gumoss, Level: 2, Rank: 1, Gender: Male, HP IV: 85(0%), ATK IV: 44(0%), DEF IV: 83(0%), Work Speed: (0%), Skills: Serious
Gumoss, Level: 4, Rank: 1, Gender: Female, HP IV: 74(0%), ATK IV: 10(0%), DEF IV: 75(0%), Work Speed: (0%), Skills: Brave, Infinite Stamina
Rooby, Level: 7, Rank: 1, Gender: Female, HP IV: 19(0%), ATK IV: 88(0%), DEF IV: 95(0%), Work Speed: (0%), Skills: Dainty Eater
Slithiro's 6 Pals
-----------------
Cattiva, Level: 7, Rank: 1, Gender: Male, HP IV: 54(0%), ATK IV: 79(0%), DEF IV: 66(0%), Work Speed: (0%), Skills: Coward, Fine Furs
Depresso, Level: 7, Rank: 1, Gender: Male, HP IV: 20(0%), ATK IV: 36(0%), DEF IV: 6(0%), Work Speed: (0%), Skills: Vanguard, Downtrodden
Eikthyrdeer, Level: 8, Rank: 1, Gender: Male, HP IV: 49(0%), ATK IV: 51(0%), DEF IV: 66(0%), Work Speed: (0%), Skills: Mercy hit
Gumoss, Level: 2, Rank: 1, Gender: Male, HP IV: 85(0%), ATK IV: 44(0%), DEF IV: 83(0%), Work Speed: (0%), Skills: Serious
Gumoss, Level: 4, Rank: 1, Gender: Female, HP IV: 74(0%), ATK IV: 10(0%), DEF IV: 75(0%), Work Speed: (0%), Skills: Brave, Infinite Stamina
Rooby, Level: 7, Rank: 1, Gender: Female, HP IV: 19(0%), ATK IV: 88(0%), DEF IV: 95(0%), Work Speed: (0%), Skills: Dainty Eater
Slithiro's 6 Pals
-----------------
Cattiva, Level: 7, Rank: 1, Gender: Male, HP IV: 54(0%), ATK IV: 79(0%), DEF IV: 66(0%), Work Speed: (0%), Skills: Coward, Fine Furs
Depresso, Level: 7, Rank: 1, Gender: Male, HP IV: 20(0%), ATK IV: 36(0%), DEF IV: 6(0%), Work Speed: (0%), Skills: Vanguard, Downtrodden
Eikthyrdeer, Level: 8, Rank: 1, Gender: Male, HP IV: 49(0%), ATK IV: 51(0%), DEF IV: 66(0%), Work Speed: (0%), Skills: Mercy hit
Gumoss, Level: 2, Rank: 1, Gender: Male, HP IV: 85(0%), ATK IV: 44(0%), DEF IV: 83(0%), Work Speed: (0%), Skills: Serious
Gumoss, Level: 4, Rank: 1, Gender: Female, HP IV: 74(0%), ATK IV: 10(0%), DEF IV: 75(0%), Work Speed: (0%), Skills: Brave, Infinite Stamina
Rooby, Level: 7, Rank: 1, Gender: Female, HP IV: 19(0%), ATK IV: 88(0%), DEF IV: 95(0%), Work Speed: (0%), Skills: Dainty Eater
Slithiro's 6 Pals
-----------------
Cattiva, Level: 7, Rank: 1, Gender: Male, HP IV: 54(0%), ATK IV: 79(0%), DEF IV: 66(0%), Work Speed: (0%), Skills: Coward, Fine Furs
Depresso, Level: 7, Rank: 1, Gender: Male, HP IV: 20(0%), ATK IV: 36(0%), DEF IV: 6(0%), Work Speed: (0%), Skills: Vanguard, Downtrodden
Eikthyrdeer, Level: 8, Rank: 1, Gender: Male, HP IV: 49(0%), ATK IV: 51(0%), DEF IV: 66(0%), Work Speed: (0%), Skills: Mercy hit
Gumoss, Level: 2, Rank: 1, Gender: Male, HP IV: 85(0%), ATK IV: 44(0%), DEF IV: 83(0%), Work Speed: (0%), Skills: Serious
Gumoss, Level: 4, Rank: 1, Gender: Female, HP IV: 74(0%), ATK IV: 10(0%), DEF IV: 75(0%), Work Speed: (0%), Skills: Brave, Infinite Stamina
Rooby, Level: 7, Rank: 1, Gender: Female, HP IV: 19(0%), ATK IV: 88(0%), DEF IV: 95(0%), Work Speed: (0%), Skills: Dainty Eater
Slithiro's 6 Pals
-----------------
Cattiva, Level: 7, Rank: 1, Gender: Male, HP IV: 54(0%), ATK IV: 79(0%), DEF IV: 66(0%), Work Speed: (0%), Skills: Coward, Fine Furs
Depresso, Level: 7, Rank: 1, Gender: Male, HP IV: 20(0%), ATK IV: 36(0%), DEF IV: 6(0%), Work Speed: (0%), Skills: Vanguard, Downtrodden
Eikthyrdeer, Level: 8, Rank: 1, Gender: Male, HP IV: 49(0%), ATK IV: 51(0%), DEF IV: 66(0%), Work Speed: (0%), Skills: Mercy hit
Gumoss, Level: 2, Rank: 1, Gender: Male, HP IV: 85(0%), ATK IV: 44(0%), DEF IV: 83(0%), Work Speed: (0%), Skills: Serious
Gumoss, Level: 4, Rank: 1, Gender: Female, HP IV: 74(0%), ATK IV: 10(0%), DEF IV: 75(0%), Work Speed: (0%), Skills: Brave, Infinite Stamina
Rooby, Level: 7, Rank: 1, Gender: Female, HP IV: 19(0%), ATK IV: 88(0%), DEF IV: 95(0%), Work Speed: (0%), Skills: Dainty Eater
Slithiro's 6 Pals
-----------------
Cattiva, Level: 7, Rank: 1, Gender: Male, HP IV: 54(0%), ATK IV: 79(0%), DEF IV: 66(0%), Work Speed: (0%), Skills: Coward, Fine Furs
Depresso, Level: 7, Rank: 1, Gender: Male, HP IV: 20(0%), ATK IV: 36(0%), DEF IV: 6(0%), Work Speed: (0%), Skills: Vanguard, Downtrodden
Eikthyrdeer, Level: 8, Rank: 1, Gender: Male, HP IV: 49(0%), ATK IV: 51(0%), DEF IV: 66(0%), Work Speed: (0%), Skills: Mercy hit
Gumoss, Level: 2, Rank: 1, Gender: Male, HP IV: 85(0%), ATK IV: 44(0%), DEF IV: 83(0%), Work Speed: (0%), Skills: Serious
Gumoss, Level: 4, Rank: 1, Gender: Female, HP IV: 74(0%), ATK IV: 10(0%), DEF IV: 75(0%), Work Speed: (0%), Skills: Brave, Infinite Stamina
Rooby, Level: 7, Rank: 1, Gender: Female, HP IV: 19(0%), ATK IV: 88(0%), DEF IV: 95(0%), Work Speed: (0%), Skills: Dainty Eater
Slithiro's 6 Pals
-----------------
Cattiva, Level: 7, Rank: 1, Gender: Male, HP IV: 54(0%), ATK IV: 79(0%), DEF IV: 66(0%), Work Speed: (0%), Skills: Coward, Fine Furs
Depresso, Level: 7, Rank: 1, Gender: Male, HP IV: 20(0%), ATK IV: 36(0%), DEF IV: 6(0%), Work Speed: (0%), Skills: Vanguard, Downtrodden
Eikthyrdeer, Level: 8, Rank: 1, Gender: Male, HP IV: 49(0%), ATK IV: 51(0%), DEF IV: 66(0%), Work Speed: (0%), Skills: Mercy hit
Gumoss, Level: 2, Rank: 1, Gender: Male, HP IV: 85(0%), ATK IV: 44(0%), DEF IV: 83(0%), Work Speed: (0%), Skills: Serious
Gumoss, Level: 4, Rank: 1, Gender: Female, HP IV: 74(0%), ATK IV: 10(0%), DEF IV: 75(0%), Work Speed: (0%), Skills: Brave, Infinite Stamina
Rooby, Level: 7, Rank: 1, Gender: Female, HP IV: 19(0%), ATK IV: 88(0%), DEF IV: 95(0%), Work Speed: (0%), Skills: Dainty Eater
Slithiro's 6 Pals
-----------------
Cattiva, Level: 7, Rank: 1, Gender: Male, HP IV: 54(0%), ATK IV: 79(0%), DEF IV: 66(0%), Work Speed: (0%), Skills: Coward, Fine Furs
Depresso, Level: 7, Rank: 1, Gender: Male, HP IV: 20(0%), ATK IV: 36(0%), DEF IV: 6(0%), Work Speed: (0%), Skills: Vanguard, Downtrodden
Eikthyrdeer, Level: 8, Rank: 1, Gender: Male, HP IV: 49(0%), ATK IV: 51(0%), DEF IV: 66(0%), Work Speed: (0%), Skills: Mercy hit
Gumoss, Level: 2, Rank: 1, Gender: Male, HP IV: 85(0%), ATK IV: 44(0%), DEF IV: 83(0%), Work Speed: (0%), Skills: Serious
Gumoss, Level: 4, Rank: 1, Gender: Female, HP IV: 74(0%), ATK IV: 10(0%), DEF IV: 75(0%), Work Speed: (0%), Skills: Brave, Infinite Stamina
Rooby, Level: 7, Rank: 1, Gender: Female, HP IV: 19(0%), ATK IV: 88(0%), DEF IV: 95(0%), Work Speed: (0%), Skills: Dainty Eater
