SmOk3o's 3 Pals
---------------
Foxparks, Level: 5, Rank: 1, Gender: Female, HP IV: 53(0%), ATK IV: 5(0%), DEF IV: 2(0%), Work Speed: (0%), Skills: Noble
Foxparks, Level: 6, Rank: 1, Gender: Female, HP IV: 35(0%), ATK IV: 79(0%), DEF IV: 9(0%), Work Speed: (0%), Skills: Shabby
Lamball, Level: 5, Rank: 1, Gender: Male, HP IV: 81(0%), ATK IV: 22(0%), DEF IV: 29(0%), Work Speed: (0%), Skills: Easygoing
SmOk3o's 3 Pals
---------------
Foxparks, Level: 5, Rank: 1, Gender: Female, HP IV: 53(0%), ATK IV: 5(0%), DEF IV: 2(0%), Work Speed: (0%), Skills: Noble
Foxparks, Level: 6, Rank: 1, Gender: Female, HP IV: 35(0%), ATK IV: 79(0%), DEF IV: 9(0%), Work Speed: (0%), Skills: Shabby
Lamball, Level: 5, Rank: 1, Gender: Male, HP IV: 81(0%), ATK IV: 22(0%), DEF IV: 29(0%), Work Speed: (0%), Skills: Easygoing
SmOk3o's 3 Pals
---------------
Foxparks, Level: 5, Rank: 1, Gender: Female, HP IV: 53(0%), ATK IV: 5(0%), DEF IV: 2(0%), Work Speed: (0%), Skills: Noble
Foxparks, Level: 6, Rank: 1, Gender: Female, HP IV: 35(0%), ATK IV: 79(0%), DEF IV: 9(0%), Work Speed: (0%), Skills: Shabby
Lamball, Level: 5, Rank: 1, Gender: Male, HP IV: 81(0%), ATK IV: 22(0%), DEF IV: 29(0%), Work Speed: (0%), Skills: Easygoing
SmOk3o's 3 Pals
---------------
Foxparks, Level: 5, Rank: 1, Gender: Female, HP IV: 53(0%), ATK IV: 5(0%), DEF IV: 2(0%), Work Speed: (0%), Skills: Noble
Foxparks, Level: 6, Rank: 1, Gender: Female, HP IV: 35(0%), ATK IV: 79(0%), DEF IV: 9(0%), Work Speed: (0%), Skills: Shabby
Lamball, Level: 5, Rank: 1, Gender: Male, HP IV: 81(0%), ATK IV: 22(0%), DEF IV: 29(0%), Work Speed: (0%), Skills: Easygoing
SmOk3o's 3 Pals
---------------
Foxparks, Level: 5, Rank: 1, Gender: Female, HP IV: 53(0%), ATK IV: 5(0%), DEF IV: 2(0%), Work Speed: (0%), Skills: Noble
Foxparks, Level: 6, Rank: 1, Gender: Female, HP IV: 35(0%), ATK IV: 79(0%), DEF IV: 9(0%), Work Speed: (0%), Skills: Shabby
Lamball, Level: 5, Rank: 1, Gender: Male, HP IV: 81(0%), ATK IV: 22(0%), DEF IV: 29(0%), Work Speed: (0%), Skills: Easygoing
SmOk3o's 3 Pals
---------------
Foxparks, Level: 5, Rank: 1, Gender: Female, HP IV: 53(0%), ATK IV: 5(0%), DEF IV: 2(0%), Work Speed: (0%), Skills: Noble
Foxparks, Level: 6, Rank: 1, Gender: Female, HP IV: 35(0%), ATK IV: 79(0%), DEF IV: 9(0%), Work Speed: (0%), Skills: Shabby
Lamball, Level: 5, Rank: 1, Gender: Male, HP IV: 81(0%), ATK IV: 22(0%), DEF IV: 29(0%), Work Speed: (0%), Skills: Easygoing
SmOk3o's 3 Pals
---------------
Foxparks, Level: 5, Rank: 1, Gender: Female, HP IV: 53(0%), ATK IV: 5(0%), DEF IV: 2(0%), Work Speed: (0%), Skills: Noble
Foxparks, Level: 6, Rank: 1, Gender: Female, HP IV: 35(0%), ATK IV: 79(0%), DEF IV: 9(0%), Work Speed: (0%), Skills: Shabby
Lamball, Level: 5, Rank: 1, Gender: Male, HP IV: 81(0%), ATK IV: 22(0%), DEF IV: 29(0%), Work Speed: (0%), Skills: Easygoing
SmOk3o's 3 Pals
---------------
Foxparks, Level: 5, Rank: 1, Gender: Female, HP IV: 53(0%), ATK IV: 5(0%), DEF IV: 2(0%), Work Speed: (0%), Skills: Noble
Foxparks, Level: 6, Rank: 1, Gender: Female, HP IV: 35(0%), ATK IV: 79(0%), DEF IV: 9(0%), Work Speed: (0%), Skills: Shabby
Lamball, Level: 5, Rank: 1, Gender: Male, HP IV: 81(0%), ATK IV: 22(0%), DEF IV: 29(0%), Work Speed: (0%), Skills: Easygoing
SmOk3o's 3 Pals
---------------
Foxparks, Level: 5, Rank: 1, Gender: Female, HP IV: 53(0%), ATK IV: 5(0%), DEF IV: 2(0%), Work Speed: (0%), Skills: Noble
Foxparks, Level: 6, Rank: 1, Gender: Female, HP IV: 35(0%), ATK IV: 79(0%), DEF IV: 9(0%), Work Speed: (0%), Skills: Shabby
Lamball, Level: 5, Rank: 1, Gender: Male, HP IV: 81(0%), ATK IV: 22(0%), DEF IV: 29(0%), Work Speed: (0%), Skills: Easygoing
SmOk3o's 3 Pals
---------------
Foxparks, Level: 5, Rank: 1, Gender: Female, HP IV: 53(0%), ATK IV: 5(0%), DEF IV: 2(0%), Work Speed: (0%), Skills: Noble
Foxparks, Level: 6, Rank: 1, Gender: Female, HP IV: 35(0%), ATK IV: 79(0%), DEF IV: 9(0%), Work Speed: (0%), Skills: Shabby
Lamball, Level: 5, Rank: 1, Gender: Male, HP IV: 81(0%), ATK IV: 22(0%), DEF IV: 29(0%), Work Speed: (0%), Skills: Easygoing
SmOk3o's 3 Pals
---------------
Foxparks, Level: 5, Rank: 1, Gender: Female, HP IV: 53(0%), ATK IV: 5(0%), DEF IV: 2(0%), Work Speed: (0%), Skills: Noble
Foxparks, Level: 6, Rank: 1, Gender: Female, HP IV: 35(0%), ATK IV: 79(0%), DEF IV: 9(0%), Work Speed: (0%), Skills: Shabby
Lamball, Level: 5, Rank: 1, Gender: Male, HP IV: 81(0%), ATK IV: 22(0%), DEF IV: 29(0%), Work Speed: (0%), Skills: Easygoing
SmOk3o's 3 Pals
---------------
Foxparks, Level: 5, Rank: 1, Gender: Female, HP IV: 53(0%), ATK IV: 5(0%), DEF IV: 2(0%), Work Speed: (0%), Skills: Noble
Foxparks, Level: 6, Rank: 1, Gender: Female, HP IV: 35(0%), ATK IV: 79(0%), DEF IV: 9(0%), Work Speed: (0%), Skills: Shabby
Lamball, Level: 5, Rank: 1, Gender: Male, HP IV: 81(0%), ATK IV: 22(0%), DEF IV: 29(0%), Work Speed: (0%), Skills: Easygoing
SmOk3o's 3 Pals
---------------
Foxparks, Level: 5, Rank: 1, Gender: Female, HP IV: 53(0%), ATK IV: 5(0%), DEF IV: 2(0%), Work Speed: (0%), Skills: Noble
Foxparks, Level: 6, Rank: 1, Gender: Female, HP IV: 35(0%), ATK IV: 79(0%), DEF IV: 9(0%), Work Speed: (0%), Skills: Shabby
Lamball, Level: 5, Rank: 1, Gender: Male, HP IV: 81(0%), ATK IV: 22(0%), DEF IV: 29(0%), Work Speed: (0%), Skills: Easygoing
SmOk3o's 3 Pals
---------------
Foxparks, Level: 5, Rank: 1, Gender: Female, HP IV: 53(0%), ATK IV: 5(0%), DEF IV: 2(0%), Work Speed: (0%), Skills: Noble
Foxparks, Level: 6, Rank: 1, Gender: Female, HP IV: 35(0%), ATK IV: 79(0%), DEF IV: 9(0%), Work Speed: (0%), Skills: Shabby
Lamball, Level: 5, Rank: 1, Gender: Male, HP IV: 81(0%), ATK IV: 22(0%), DEF IV: 29(0%), Work Speed: (0%), Skills: Easygoing
