SnakeKamLTTV's 3 Pals
---------------------
Cattiva, Level: 5, Rank: 1, Gender: Male, HP IV: 97(0%), ATK IV: 89(0%), DEF IV: 92(0%), Work Speed: (0%), Skills: Coward
Chikipi, Level: 4, Rank: 1, Gender: Male, HP IV: 99(0%), ATK IV: 32(0%), DEF IV: 51(0%), Work Speed: (0%), Skills: Diet Lover, Conceited
Hoocrates, Level: 5, Rank: 1, Gender: Male, HP IV: 98(0%), ATK IV: 58(0%), DEF IV: 10(0%), Work Speed: (0%), Skills: Capacitor
SnakeKamLTTV's 3 Pals
---------------------
Cattiva, Level: 5, Rank: 1, Gender: Male, HP IV: 97(0%), ATK IV: 89(0%), DEF IV: 92(0%), Work Speed: (0%), Skills: Coward
Chikipi, Level: 4, Rank: 1, Gender: Male, HP IV: 99(0%), ATK IV: 32(0%), DEF IV: 51(0%), Work Speed: (0%), Skills: Diet Lover, Conceited
Hoocrates, Level: 5, Rank: 1, Gender: Male, HP IV: 98(0%), ATK IV: 58(0%), DEF IV: 10(0%), Work Speed: (0%), Skills: Capacitor
SnakeKamLTTV's 3 Pals
---------------------
Cattiva, Level: 5, Rank: 1, Gender: Male, HP IV: 97(0%), ATK IV: 89(0%), DEF IV: 92(0%), Work Speed: (0%), Skills: Coward
Chikipi, Level: 4, Rank: 1, Gender: Male, HP IV: 99(0%), ATK IV: 32(0%), DEF IV: 51(0%), Work Speed: (0%), Skills: Diet Lover, Conceited
Hoocrates, Level: 5, Rank: 1, Gender: Male, HP IV: 98(0%), ATK IV: 58(0%), DEF IV: 10(0%), Work Speed: (0%), Skills: Capacitor
SnakeKamLTTV's 3 Pals
---------------------
Cattiva, Level: 5, Rank: 1, Gender: Male, HP IV: 97(0%), ATK IV: 89(0%), DEF IV: 92(0%), Work Speed: (0%), Skills: Coward
Chikipi, Level: 4, Rank: 1, Gender: Male, HP IV: 99(0%), ATK IV: 32(0%), DEF IV: 51(0%), Work Speed: (0%), Skills: Diet Lover, Conceited
Hoocrates, Level: 5, Rank: 1, Gender: Male, HP IV: 98(0%), ATK IV: 58(0%), DEF IV: 10(0%), Work Speed: (0%), Skills: Capacitor
SnakeKamLTTV's 3 Pals
---------------------
Cattiva, Level: 5, Rank: 1, Gender: Male, HP IV: 97(0%), ATK IV: 89(0%), DEF IV: 92(0%), Work Speed: (0%), Skills: Coward
Chikipi, Level: 4, Rank: 1, Gender: Male, HP IV: 99(0%), ATK IV: 32(0%), DEF IV: 51(0%), Work Speed: (0%), Skills: Diet Lover, Conceited
Hoocrates, Level: 5, Rank: 1, Gender: Male, HP IV: 98(0%), ATK IV: 58(0%), DEF IV: 10(0%), Work Speed: (0%), Skills: Capacitor
SnakeKamLTTV's 3 Pals
---------------------
Cattiva, Level: 5, Rank: 1, Gender: Male, HP IV: 97(0%), ATK IV: 89(0%), DEF IV: 92(0%), Work Speed: (0%), Skills: Coward
Chikipi, Level: 4, Rank: 1, Gender: Male, HP IV: 99(0%), ATK IV: 32(0%), DEF IV: 51(0%), Work Speed: (0%), Skills: Diet Lover, Conceited
Hoocrates, Level: 5, Rank: 1, Gender: Male, HP IV: 98(0%), ATK IV: 58(0%), DEF IV: 10(0%), Work Speed: (0%), Skills: Capacitor
SnakeKamLTTV's 3 Pals
---------------------
Cattiva, Level: 5, Rank: 1, Gender: Male, HP IV: 97(0%), ATK IV: 89(0%), DEF IV: 92(0%), Work Speed: (0%), Skills: Coward
Chikipi, Level: 4, Rank: 1, Gender: Male, HP IV: 99(0%), ATK IV: 32(0%), DEF IV: 51(0%), Work Speed: (0%), Skills: Diet Lover, Conceited
Hoocrates, Level: 5, Rank: 1, Gender: Male, HP IV: 98(0%), ATK IV: 58(0%), DEF IV: 10(0%), Work Speed: (0%), Skills: Capacitor
SnakeKamLTTV's 3 Pals
---------------------
Cattiva, Level: 5, Rank: 1, Gender: Male, HP IV: 97(0%), ATK IV: 89(0%), DEF IV: 92(0%), Work Speed: (0%), Skills: Coward
Chikipi, Level: 4, Rank: 1, Gender: Male, HP IV: 99(0%), ATK IV: 32(0%), DEF IV: 51(0%), Work Speed: (0%), Skills: Diet Lover, Conceited
Hoocrates, Level: 5, Rank: 1, Gender: Male, HP IV: 98(0%), ATK IV: 58(0%), DEF IV: 10(0%), Work Speed: (0%), Skills: Capacitor
SnakeKamLTTV's 3 Pals
---------------------
Cattiva, Level: 5, Rank: 1, Gender: Male, HP IV: 97(0%), ATK IV: 89(0%), DEF IV: 92(0%), Work Speed: (0%), Skills: Coward
Chikipi, Level: 4, Rank: 1, Gender: Male, HP IV: 99(0%), ATK IV: 32(0%), DEF IV: 51(0%), Work Speed: (0%), Skills: Diet Lover, Conceited
Hoocrates, Level: 5, Rank: 1, Gender: Male, HP IV: 98(0%), ATK IV: 58(0%), DEF IV: 10(0%), Work Speed: (0%), Skills: Capacitor
SnakeKamLTTV's 3 Pals
---------------------
Cattiva, Level: 5, Rank: 1, Gender: Male, HP IV: 97(0%), ATK IV: 89(0%), DEF IV: 92(0%), Work Speed: (0%), Skills: Coward
Chikipi, Level: 4, Rank: 1, Gender: Male, HP IV: 99(0%), ATK IV: 32(0%), DEF IV: 51(0%), Work Speed: (0%), Skills: Diet Lover, Conceited
Hoocrates, Level: 5, Rank: 1, Gender: Male, HP IV: 98(0%), ATK IV: 58(0%), DEF IV: 10(0%), Work Speed: (0%), Skills: Capacitor
SnakeKamLTTV's 3 Pals
---------------------
Cattiva, Level: 5, Rank: 1, Gender: Male, HP IV: 97(0%), ATK IV: 89(0%), DEF IV: 92(0%), Work Speed: (0%), Skills: Coward
Chikipi, Level: 4, Rank: 1, Gender: Male, HP IV: 99(0%), ATK IV: 32(0%), DEF IV: 51(0%), Work Speed: (0%), Skills: Diet Lover, Conceited
Hoocrates, Level: 5, Rank: 1, Gender: Male, HP IV: 98(0%), ATK IV: 58(0%), DEF IV: 10(0%), Work Speed: (0%), Skills: Capacitor
SnakeKamLTTV's 3 Pals
---------------------
Cattiva, Level: 5, Rank: 1, Gender: Male, HP IV: 97(0%), ATK IV: 89(0%), DEF IV: 92(0%), Work Speed: (0%), Skills: Coward
Chikipi, Level: 4, Rank: 1, Gender: Male, HP IV: 99(0%), ATK IV: 32(0%), DEF IV: 51(0%), Work Speed: (0%), Skills: Diet Lover, Conceited
Hoocrates, Level: 5, Rank: 1, Gender: Male, HP IV: 98(0%), ATK IV: 58(0%), DEF IV: 10(0%), Work Speed: (0%), Skills: Capacitor
SnakeKamLTTV's 3 Pals
---------------------
Cattiva, Level: 5, Rank: 1, Gender: Male, HP IV: 97(0%), ATK IV: 89(0%), DEF IV: 92(0%), Work Speed: (0%), Skills: Coward
Chikipi, Level: 4, Rank: 1, Gender: Male, HP IV: 99(0%), ATK IV: 32(0%), DEF IV: 51(0%), Work Speed: (0%), Skills: Diet Lover, Conceited
Hoocrates, Level: 5, Rank: 1, Gender: Male, HP IV: 98(0%), ATK IV: 58(0%), DEF IV: 10(0%), Work Speed: (0%), Skills: Capacitor
SnakeKamLTTV's 3 Pals
---------------------
Cattiva, Level: 5, Rank: 1, Gender: Male, HP IV: 97(0%), ATK IV: 89(0%), DEF IV: 92(0%), Work Speed: (0%), Skills: Coward
Chikipi, Level: 4, Rank: 1, Gender: Male, HP IV: 99(0%), ATK IV: 32(0%), DEF IV: 51(0%), Work Speed: (0%), Skills: Diet Lover, Conceited
Hoocrates, Level: 5, Rank: 1, Gender: Male, HP IV: 98(0%), ATK IV: 58(0%), DEF IV: 10(0%), Work Speed: (0%), Skills: Capacitor
