SUKAVLYAT's 15 Pals
-------------------
Cattiva, Level: 3, Rank: 1, Gender: Male, HP IV: 33(0%), ATK IV: 42(0%), DEF IV: 73(0%), Work Speed: (0%), Skills: Coward, Stronghold Strategist
Cattiva, Level: 4, Rank: 1, Gender: Male, HP IV: 33(0%), ATK IV: 8(0%), DEF IV: 65(0%), Work Speed: (0%), Skills: Coward, Waterproof
Croajiro, Level: 43, Rank: 1, Gender: Male, HP IV: 75(0%), ATK IV: 72(0%), DEF IV: 33(0%), Work Speed: (0%), Skills: Nocturnal, Philantropist, Impatient
Daedream, Level: 19, Rank: 1, Gender: Female, HP IV: 8(0%), ATK IV: 77(0%), DEF IV: 42(0%), Work Speed: (0%)
Daedream, Level: 19, Rank: 1, Gender: Male, HP IV: 53(0%), ATK IV: 27(0%), DEF IV: 88(0%), Work Speed: (0%), Skills: Pacifist
Daedream, Level: 19, Rank: 1, Gender: Male, HP IV: 72(0%), ATK IV: 5(0%), DEF IV: 28(0%), Work Speed: (0%), Skills: Artisan
Foxparks, Level: 3, Rank: 1, Gender: Male, HP IV: 50(0%), ATK IV: 4(0%), DEF IV: 55(0%), Work Speed: (0%), Skills: Hooligan
Fuddler, Level: 7, Rank: 1, Gender: Male, HP IV: 78(0%), ATK IV: 40(0%), DEF IV: 19(0%), Work Speed: (0%)
Grintale, Level: 30, Rank: 1, Gender: Male, HP IV: 15(0%), ATK IV: 43(0%), DEF IV: 87(0%), Work Speed: (0%), Skills: Coldblooded
Lamball, Level: 1, Rank: 1, Gender: Female, HP IV: 61(0%), ATK IV: 87(0%), DEF IV: 61(0%), Work Speed: (0%), Skills: Bottomless Stomach
Lamball, Level: 1, Rank: 1, Gender: Male, HP IV: 35(0%), ATK IV: 96(0%), DEF IV: 46(0%), Work Speed: (0%), Skills: Artisan
Lamball, Level: 3, Rank: 1, Gender: Female, HP IV: 33(0%), ATK IV: 65(0%), DEF IV: 75(0%), Work Speed: (0%), Skills: Coldblooded
Lamball, Level: 3, Rank: 1, Gender: Female, HP IV: 54(0%), ATK IV: 22(0%), DEF IV: 2(0%), Work Speed: (0%), Skills: Earthquake Resistant
Pengullet, Level: 3, Rank: 1, Gender: Female, HP IV: 20(0%), ATK IV: 94(0%), DEF IV: 1(0%), Work Speed: (0%), Skills: Heated Body
Pengullet, Level: 6, Rank: 1, Gender: Female, HP IV: 90(0%), ATK IV: 60(0%), DEF IV: 16(0%), Work Speed: (0%), Skills: Blood of the Dragon
SUKAVLYAT's 15 Pals
-------------------
Cattiva, Level: 3, Rank: 1, Gender: Male, HP IV: 33(0%), ATK IV: 42(0%), DEF IV: 73(0%), Work Speed: (0%), Skills: Coward, Stronghold Strategist
Cattiva, Level: 4, Rank: 1, Gender: Male, HP IV: 33(0%), ATK IV: 8(0%), DEF IV: 65(0%), Work Speed: (0%), Skills: Coward, Waterproof
Croajiro, Level: 43, Rank: 1, Gender: Male, HP IV: 75(0%), ATK IV: 72(0%), DEF IV: 33(0%), Work Speed: (0%), Skills: Nocturnal, Philantropist, Impatient
Daedream, Level: 19, Rank: 1, Gender: Female, HP IV: 8(0%), ATK IV: 77(0%), DEF IV: 42(0%), Work Speed: (0%)
Daedream, Level: 19, Rank: 1, Gender: Male, HP IV: 53(0%), ATK IV: 27(0%), DEF IV: 88(0%), Work Speed: (0%), Skills: Pacifist
Daedream, Level: 19, Rank: 1, Gender: Male, HP IV: 72(0%), ATK IV: 5(0%), DEF IV: 28(0%), Work Speed: (0%), Skills: Artisan
Foxparks, Level: 3, Rank: 1, Gender: Male, HP IV: 50(0%), ATK IV: 4(0%), DEF IV: 55(0%), Work Speed: (0%), Skills: Hooligan
Fuddler, Level: 7, Rank: 1, Gender: Male, HP IV: 78(0%), ATK IV: 40(0%), DEF IV: 19(0%), Work Speed: (0%)
Grintale, Level: 30, Rank: 1, Gender: Male, HP IV: 15(0%), ATK IV: 43(0%), DEF IV: 87(0%), Work Speed: (0%), Skills: Coldblooded
Lamball, Level: 1, Rank: 1, Gender: Female, HP IV: 61(0%), ATK IV: 87(0%), DEF IV: 61(0%), Work Speed: (0%), Skills: Bottomless Stomach
Lamball, Level: 1, Rank: 1, Gender: Male, HP IV: 35(0%), ATK IV: 96(0%), DEF IV: 46(0%), Work Speed: (0%), Skills: Artisan
Lamball, Level: 3, Rank: 1, Gender: Female, HP IV: 33(0%), ATK IV: 65(0%), DEF IV: 75(0%), Work Speed: (0%), Skills: Coldblooded
Lamball, Level: 3, Rank: 1, Gender: Female, HP IV: 54(0%), ATK IV: 22(0%), DEF IV: 2(0%), Work Speed: (0%), Skills: Earthquake Resistant
Pengullet, Level: 3, Rank: 1, Gender: Female, HP IV: 20(0%), ATK IV: 94(0%), DEF IV: 1(0%), Work Speed: (0%), Skills: Heated Body
Pengullet, Level: 6, Rank: 1, Gender: Female, HP IV: 90(0%), ATK IV: 60(0%), DEF IV: 16(0%), Work Speed: (0%), Skills: Blood of the Dragon
SUKAVLYAT's 15 Pals
-------------------
Cattiva, Level: 3, Rank: 1, Gender: Male, HP IV: 33(0%), ATK IV: 42(0%), DEF IV: 73(0%), Work Speed: (0%), Skills: Coward, Stronghold Strategist
Cattiva, Level: 4, Rank: 1, Gender: Male, HP IV: 33(0%), ATK IV: 8(0%), DEF IV: 65(0%), Work Speed: (0%), Skills: Coward, Waterproof
Croajiro, Level: 43, Rank: 1, Gender: Male, HP IV: 75(0%), ATK IV: 72(0%), DEF IV: 33(0%), Work Speed: (0%), Skills: Nocturnal, Philantropist, Impatient
Daedream, Level: 19, Rank: 1, Gender: Female, HP IV: 8(0%), ATK IV: 77(0%), DEF IV: 42(0%), Work Speed: (0%)
Daedream, Level: 19, Rank: 1, Gender: Male, HP IV: 53(0%), ATK IV: 27(0%), DEF IV: 88(0%), Work Speed: (0%), Skills: Pacifist
Daedream, Level: 19, Rank: 1, Gender: Male, HP IV: 72(0%), ATK IV: 5(0%), DEF IV: 28(0%), Work Speed: (0%), Skills: Artisan
Foxparks, Level: 3, Rank: 1, Gender: Male, HP IV: 50(0%), ATK IV: 4(0%), DEF IV: 55(0%), Work Speed: (0%), Skills: Hooligan
Fuddler, Level: 7, Rank: 1, Gender: Male, HP IV: 78(0%), ATK IV: 40(0%), DEF IV: 19(0%), Work Speed: (0%)
Grintale, Level: 30, Rank: 1, Gender: Male, HP IV: 15(0%), ATK IV: 43(0%), DEF IV: 87(0%), Work Speed: (0%), Skills: Coldblooded
Lamball, Level: 1, Rank: 1, Gender: Female, HP IV: 61(0%), ATK IV: 87(0%), DEF IV: 61(0%), Work Speed: (0%), Skills: Bottomless Stomach
Lamball, Level: 1, Rank: 1, Gender: Male, HP IV: 35(0%), ATK IV: 96(0%), DEF IV: 46(0%), Work Speed: (0%), Skills: Artisan
Lamball, Level: 3, Rank: 1, Gender: Female, HP IV: 33(0%), ATK IV: 65(0%), DEF IV: 75(0%), Work Speed: (0%), Skills: Coldblooded
Lamball, Level: 3, Rank: 1, Gender: Female, HP IV: 54(0%), ATK IV: 22(0%), DEF IV: 2(0%), Work Speed: (0%), Skills: Earthquake Resistant
Pengullet, Level: 3, Rank: 1, Gender: Female, HP IV: 20(0%), ATK IV: 94(0%), DEF IV: 1(0%), Work Speed: (0%), Skills: Heated Body
Pengullet, Level: 6, Rank: 1, Gender: Female, HP IV: 90(0%), ATK IV: 60(0%), DEF IV: 16(0%), Work Speed: (0%), Skills: Blood of the Dragon
SUKAVLYAT's 15 Pals
-------------------
Cattiva, Level: 3, Rank: 1, Gender: Male, HP IV: 33(0%), ATK IV: 42(0%), DEF IV: 73(0%), Work Speed: (0%), Skills: Coward, Stronghold Strategist
Cattiva, Level: 4, Rank: 1, Gender: Male, HP IV: 33(0%), ATK IV: 8(0%), DEF IV: 65(0%), Work Speed: (0%), Skills: Coward, Waterproof
Croajiro, Level: 43, Rank: 1, Gender: Male, HP IV: 75(0%), ATK IV: 72(0%), DEF IV: 33(0%), Work Speed: (0%), Skills: Nocturnal, Philantropist, Impatient
Daedream, Level: 19, Rank: 1, Gender: Female, HP IV: 8(0%), ATK IV: 77(0%), DEF IV: 42(0%), Work Speed: (0%)
Daedream, Level: 19, Rank: 1, Gender: Male, HP IV: 53(0%), ATK IV: 27(0%), DEF IV: 88(0%), Work Speed: (0%), Skills: Pacifist
Daedream, Level: 19, Rank: 1, Gender: Male, HP IV: 72(0%), ATK IV: 5(0%), DEF IV: 28(0%), Work Speed: (0%), Skills: Artisan
Foxparks, Level: 3, Rank: 1, Gender: Male, HP IV: 50(0%), ATK IV: 4(0%), DEF IV: 55(0%), Work Speed: (0%), Skills: Hooligan
Fuddler, Level: 7, Rank: 1, Gender: Male, HP IV: 78(0%), ATK IV: 40(0%), DEF IV: 19(0%), Work Speed: (0%)
Grintale, Level: 30, Rank: 1, Gender: Male, HP IV: 15(0%), ATK IV: 43(0%), DEF IV: 87(0%), Work Speed: (0%), Skills: Coldblooded
Lamball, Level: 1, Rank: 1, Gender: Female, HP IV: 61(0%), ATK IV: 87(0%), DEF IV: 61(0%), Work Speed: (0%), Skills: Bottomless Stomach
Lamball, Level: 1, Rank: 1, Gender: Male, HP IV: 35(0%), ATK IV: 96(0%), DEF IV: 46(0%), Work Speed: (0%), Skills: Artisan
Lamball, Level: 3, Rank: 1, Gender: Female, HP IV: 33(0%), ATK IV: 65(0%), DEF IV: 75(0%), Work Speed: (0%), Skills: Coldblooded
Lamball, Level: 3, Rank: 1, Gender: Female, HP IV: 54(0%), ATK IV: 22(0%), DEF IV: 2(0%), Work Speed: (0%), Skills: Earthquake Resistant
Pengullet, Level: 3, Rank: 1, Gender: Female, HP IV: 20(0%), ATK IV: 94(0%), DEF IV: 1(0%), Work Speed: (0%), Skills: Heated Body
Pengullet, Level: 6, Rank: 1, Gender: Female, HP IV: 90(0%), ATK IV: 60(0%), DEF IV: 16(0%), Work Speed: (0%), Skills: Blood of the Dragon
SUKAVLYAT's 15 Pals
-------------------
Cattiva, Level: 3, Rank: 1, Gender: Male, HP IV: 33(0%), ATK IV: 42(0%), DEF IV: 73(0%), Work Speed: (0%), Skills: Coward, Stronghold Strategist
Cattiva, Level: 4, Rank: 1, Gender: Male, HP IV: 33(0%), ATK IV: 8(0%), DEF IV: 65(0%), Work Speed: (0%), Skills: Coward, Waterproof
Croajiro, Level: 43, Rank: 1, Gender: Male, HP IV: 75(0%), ATK IV: 72(0%), DEF IV: 33(0%), Work Speed: (0%), Skills: Nocturnal, Philantropist, Impatient
Daedream, Level: 19, Rank: 1, Gender: Female, HP IV: 8(0%), ATK IV: 77(0%), DEF IV: 42(0%), Work Speed: (0%)
Daedream, Level: 19, Rank: 1, Gender: Male, HP IV: 53(0%), ATK IV: 27(0%), DEF IV: 88(0%), Work Speed: (0%), Skills: Pacifist
Daedream, Level: 19, Rank: 1, Gender: Male, HP IV: 72(0%), ATK IV: 5(0%), DEF IV: 28(0%), Work Speed: (0%), Skills: Artisan
Foxparks, Level: 3, Rank: 1, Gender: Male, HP IV: 50(0%), ATK IV: 4(0%), DEF IV: 55(0%), Work Speed: (0%), Skills: Hooligan
Fuddler, Level: 7, Rank: 1, Gender: Male, HP IV: 78(0%), ATK IV: 40(0%), DEF IV: 19(0%), Work Speed: (0%)
Grintale, Level: 30, Rank: 1, Gender: Male, HP IV: 15(0%), ATK IV: 43(0%), DEF IV: 87(0%), Work Speed: (0%), Skills: Coldblooded
Lamball, Level: 1, Rank: 1, Gender: Female, HP IV: 61(0%), ATK IV: 87(0%), DEF IV: 61(0%), Work Speed: (0%), Skills: Bottomless Stomach
Lamball, Level: 1, Rank: 1, Gender: Male, HP IV: 35(0%), ATK IV: 96(0%), DEF IV: 46(0%), Work Speed: (0%), Skills: Artisan
Lamball, Level: 3, Rank: 1, Gender: Female, HP IV: 33(0%), ATK IV: 65(0%), DEF IV: 75(0%), Work Speed: (0%), Skills: Coldblooded
Lamball, Level: 3, Rank: 1, Gender: Female, HP IV: 54(0%), ATK IV: 22(0%), DEF IV: 2(0%), Work Speed: (0%), Skills: Earthquake Resistant
Pengullet, Level: 3, Rank: 1, Gender: Female, HP IV: 20(0%), ATK IV: 94(0%), DEF IV: 1(0%), Work Speed: (0%), Skills: Heated Body
Pengullet, Level: 6, Rank: 1, Gender: Female, HP IV: 90(0%), ATK IV: 60(0%), DEF IV: 16(0%), Work Speed: (0%), Skills: Blood of the Dragon
SUKAVLYAT's 15 Pals
-------------------
Cattiva, Level: 3, Rank: 1, Gender: Male, HP IV: 33(0%), ATK IV: 42(0%), DEF IV: 73(0%), Work Speed: (0%), Skills: Coward, Stronghold Strategist
Cattiva, Level: 4, Rank: 1, Gender: Male, HP IV: 33(0%), ATK IV: 8(0%), DEF IV: 65(0%), Work Speed: (0%), Skills: Coward, Waterproof
Croajiro, Level: 43, Rank: 1, Gender: Male, HP IV: 75(0%), ATK IV: 72(0%), DEF IV: 33(0%), Work Speed: (0%), Skills: Nocturnal, Philantropist, Impatient
Daedream, Level: 19, Rank: 1, Gender: Female, HP IV: 8(0%), ATK IV: 77(0%), DEF IV: 42(0%), Work Speed: (0%)
Daedream, Level: 19, Rank: 1, Gender: Male, HP IV: 53(0%), ATK IV: 27(0%), DEF IV: 88(0%), Work Speed: (0%), Skills: Pacifist
Daedream, Level: 19, Rank: 1, Gender: Male, HP IV: 72(0%), ATK IV: 5(0%), DEF IV: 28(0%), Work Speed: (0%), Skills: Artisan
Foxparks, Level: 3, Rank: 1, Gender: Male, HP IV: 50(0%), ATK IV: 4(0%), DEF IV: 55(0%), Work Speed: (0%), Skills: Hooligan
Fuddler, Level: 7, Rank: 1, Gender: Male, HP IV: 78(0%), ATK IV: 40(0%), DEF IV: 19(0%), Work Speed: (0%)
Grintale, Level: 30, Rank: 1, Gender: Male, HP IV: 15(0%), ATK IV: 43(0%), DEF IV: 87(0%), Work Speed: (0%), Skills: Coldblooded
Lamball, Level: 1, Rank: 1, Gender: Female, HP IV: 61(0%), ATK IV: 87(0%), DEF IV: 61(0%), Work Speed: (0%), Skills: Bottomless Stomach
Lamball, Level: 1, Rank: 1, Gender: Male, HP IV: 35(0%), ATK IV: 96(0%), DEF IV: 46(0%), Work Speed: (0%), Skills: Artisan
Lamball, Level: 3, Rank: 1, Gender: Female, HP IV: 33(0%), ATK IV: 65(0%), DEF IV: 75(0%), Work Speed: (0%), Skills: Coldblooded
Lamball, Level: 3, Rank: 1, Gender: Female, HP IV: 54(0%), ATK IV: 22(0%), DEF IV: 2(0%), Work Speed: (0%), Skills: Earthquake Resistant
Pengullet, Level: 3, Rank: 1, Gender: Female, HP IV: 20(0%), ATK IV: 94(0%), DEF IV: 1(0%), Work Speed: (0%), Skills: Heated Body
Pengullet, Level: 6, Rank: 1, Gender: Female, HP IV: 90(0%), ATK IV: 60(0%), DEF IV: 16(0%), Work Speed: (0%), Skills: Blood of the Dragon
SUKAVLYAT's 15 Pals
-------------------
Cattiva, Level: 3, Rank: 1, Gender: Male, HP IV: 33(0%), ATK IV: 42(0%), DEF IV: 73(0%), Work Speed: (0%), Skills: Coward, Stronghold Strategist
Cattiva, Level: 4, Rank: 1, Gender: Male, HP IV: 33(0%), ATK IV: 8(0%), DEF IV: 65(0%), Work Speed: (0%), Skills: Coward, Waterproof
Croajiro, Level: 43, Rank: 1, Gender: Male, HP IV: 75(0%), ATK IV: 72(0%), DEF IV: 33(0%), Work Speed: (0%), Skills: Nocturnal, Philantropist, Impatient
Daedream, Level: 19, Rank: 1, Gender: Female, HP IV: 8(0%), ATK IV: 77(0%), DEF IV: 42(0%), Work Speed: (0%)
Daedream, Level: 19, Rank: 1, Gender: Male, HP IV: 53(0%), ATK IV: 27(0%), DEF IV: 88(0%), Work Speed: (0%), Skills: Pacifist
Daedream, Level: 19, Rank: 1, Gender: Male, HP IV: 72(0%), ATK IV: 5(0%), DEF IV: 28(0%), Work Speed: (0%), Skills: Artisan
Foxparks, Level: 3, Rank: 1, Gender: Male, HP IV: 50(0%), ATK IV: 4(0%), DEF IV: 55(0%), Work Speed: (0%), Skills: Hooligan
Fuddler, Level: 7, Rank: 1, Gender: Male, HP IV: 78(0%), ATK IV: 40(0%), DEF IV: 19(0%), Work Speed: (0%)
Grintale, Level: 30, Rank: 1, Gender: Male, HP IV: 15(0%), ATK IV: 43(0%), DEF IV: 87(0%), Work Speed: (0%), Skills: Coldblooded
Lamball, Level: 1, Rank: 1, Gender: Female, HP IV: 61(0%), ATK IV: 87(0%), DEF IV: 61(0%), Work Speed: (0%), Skills: Bottomless Stomach
Lamball, Level: 1, Rank: 1, Gender: Male, HP IV: 35(0%), ATK IV: 96(0%), DEF IV: 46(0%), Work Speed: (0%), Skills: Artisan
Lamball, Level: 3, Rank: 1, Gender: Female, HP IV: 33(0%), ATK IV: 65(0%), DEF IV: 75(0%), Work Speed: (0%), Skills: Coldblooded
Lamball, Level: 3, Rank: 1, Gender: Female, HP IV: 54(0%), ATK IV: 22(0%), DEF IV: 2(0%), Work Speed: (0%), Skills: Earthquake Resistant
Pengullet, Level: 3, Rank: 1, Gender: Female, HP IV: 20(0%), ATK IV: 94(0%), DEF IV: 1(0%), Work Speed: (0%), Skills: Heated Body
Pengullet, Level: 6, Rank: 1, Gender: Female, HP IV: 90(0%), ATK IV: 60(0%), DEF IV: 16(0%), Work Speed: (0%), Skills: Blood of the Dragon
SUKAVLYAT's 15 Pals
-------------------
Cattiva, Level: 3, Rank: 1, Gender: Male, HP IV: 33(0%), ATK IV: 42(0%), DEF IV: 73(0%), Work Speed: (0%), Skills: Coward, Stronghold Strategist
Cattiva, Level: 4, Rank: 1, Gender: Male, HP IV: 33(0%), ATK IV: 8(0%), DEF IV: 65(0%), Work Speed: (0%), Skills: Coward, Waterproof
Croajiro, Level: 43, Rank: 1, Gender: Male, HP IV: 75(0%), ATK IV: 72(0%), DEF IV: 33(0%), Work Speed: (0%), Skills: Nocturnal, Philantropist, Impatient
Daedream, Level: 19, Rank: 1, Gender: Female, HP IV: 8(0%), ATK IV: 77(0%), DEF IV: 42(0%), Work Speed: (0%)
Daedream, Level: 19, Rank: 1, Gender: Male, HP IV: 53(0%), ATK IV: 27(0%), DEF IV: 88(0%), Work Speed: (0%), Skills: Pacifist
Daedream, Level: 19, Rank: 1, Gender: Male, HP IV: 72(0%), ATK IV: 5(0%), DEF IV: 28(0%), Work Speed: (0%), Skills: Artisan
Foxparks, Level: 3, Rank: 1, Gender: Male, HP IV: 50(0%), ATK IV: 4(0%), DEF IV: 55(0%), Work Speed: (0%), Skills: Hooligan
Fuddler, Level: 7, Rank: 1, Gender: Male, HP IV: 78(0%), ATK IV: 40(0%), DEF IV: 19(0%), Work Speed: (0%)
Grintale, Level: 30, Rank: 1, Gender: Male, HP IV: 15(0%), ATK IV: 43(0%), DEF IV: 87(0%), Work Speed: (0%), Skills: Coldblooded
Lamball, Level: 1, Rank: 1, Gender: Female, HP IV: 61(0%), ATK IV: 87(0%), DEF IV: 61(0%), Work Speed: (0%), Skills: Bottomless Stomach
Lamball, Level: 1, Rank: 1, Gender: Male, HP IV: 35(0%), ATK IV: 96(0%), DEF IV: 46(0%), Work Speed: (0%), Skills: Artisan
Lamball, Level: 3, Rank: 1, Gender: Female, HP IV: 33(0%), ATK IV: 65(0%), DEF IV: 75(0%), Work Speed: (0%), Skills: Coldblooded
Lamball, Level: 3, Rank: 1, Gender: Female, HP IV: 54(0%), ATK IV: 22(0%), DEF IV: 2(0%), Work Speed: (0%), Skills: Earthquake Resistant
Pengullet, Level: 3, Rank: 1, Gender: Female, HP IV: 20(0%), ATK IV: 94(0%), DEF IV: 1(0%), Work Speed: (0%), Skills: Heated Body
Pengullet, Level: 6, Rank: 1, Gender: Female, HP IV: 90(0%), ATK IV: 60(0%), DEF IV: 16(0%), Work Speed: (0%), Skills: Blood of the Dragon
SUKAVLYAT's 15 Pals
-------------------
Cattiva, Level: 3, Rank: 1, Gender: Male, HP IV: 33(0%), ATK IV: 42(0%), DEF IV: 73(0%), Work Speed: (0%), Skills: Coward, Stronghold Strategist
Cattiva, Level: 4, Rank: 1, Gender: Male, HP IV: 33(0%), ATK IV: 8(0%), DEF IV: 65(0%), Work Speed: (0%), Skills: Coward, Waterproof
Croajiro, Level: 43, Rank: 1, Gender: Male, HP IV: 75(0%), ATK IV: 72(0%), DEF IV: 33(0%), Work Speed: (0%), Skills: Nocturnal, Philantropist, Impatient
Daedream, Level: 19, Rank: 1, Gender: Female, HP IV: 8(0%), ATK IV: 77(0%), DEF IV: 42(0%), Work Speed: (0%)
Daedream, Level: 19, Rank: 1, Gender: Male, HP IV: 53(0%), ATK IV: 27(0%), DEF IV: 88(0%), Work Speed: (0%), Skills: Pacifist
Daedream, Level: 19, Rank: 1, Gender: Male, HP IV: 72(0%), ATK IV: 5(0%), DEF IV: 28(0%), Work Speed: (0%), Skills: Artisan
Foxparks, Level: 3, Rank: 1, Gender: Male, HP IV: 50(0%), ATK IV: 4(0%), DEF IV: 55(0%), Work Speed: (0%), Skills: Hooligan
Fuddler, Level: 7, Rank: 1, Gender: Male, HP IV: 78(0%), ATK IV: 40(0%), DEF IV: 19(0%), Work Speed: (0%)
Grintale, Level: 30, Rank: 1, Gender: Male, HP IV: 15(0%), ATK IV: 43(0%), DEF IV: 87(0%), Work Speed: (0%), Skills: Coldblooded
Lamball, Level: 1, Rank: 1, Gender: Female, HP IV: 61(0%), ATK IV: 87(0%), DEF IV: 61(0%), Work Speed: (0%), Skills: Bottomless Stomach
Lamball, Level: 1, Rank: 1, Gender: Male, HP IV: 35(0%), ATK IV: 96(0%), DEF IV: 46(0%), Work Speed: (0%), Skills: Artisan
Lamball, Level: 3, Rank: 1, Gender: Female, HP IV: 33(0%), ATK IV: 65(0%), DEF IV: 75(0%), Work Speed: (0%), Skills: Coldblooded
Lamball, Level: 3, Rank: 1, Gender: Female, HP IV: 54(0%), ATK IV: 22(0%), DEF IV: 2(0%), Work Speed: (0%), Skills: Earthquake Resistant
Pengullet, Level: 3, Rank: 1, Gender: Female, HP IV: 20(0%), ATK IV: 94(0%), DEF IV: 1(0%), Work Speed: (0%), Skills: Heated Body
Pengullet, Level: 6, Rank: 1, Gender: Female, HP IV: 90(0%), ATK IV: 60(0%), DEF IV: 16(0%), Work Speed: (0%), Skills: Blood of the Dragon
SUKAVLYAT's 15 Pals
-------------------
Cattiva, Level: 3, Rank: 1, Gender: Male, HP IV: 33(0%), ATK IV: 42(0%), DEF IV: 73(0%), Work Speed: (0%), Skills: Coward, Stronghold Strategist
Cattiva, Level: 4, Rank: 1, Gender: Male, HP IV: 33(0%), ATK IV: 8(0%), DEF IV: 65(0%), Work Speed: (0%), Skills: Coward, Waterproof
Croajiro, Level: 43, Rank: 1, Gender: Male, HP IV: 75(0%), ATK IV: 72(0%), DEF IV: 33(0%), Work Speed: (0%), Skills: Nocturnal, Philantropist, Impatient
Daedream, Level: 19, Rank: 1, Gender: Female, HP IV: 8(0%), ATK IV: 77(0%), DEF IV: 42(0%), Work Speed: (0%)
Daedream, Level: 19, Rank: 1, Gender: Male, HP IV: 53(0%), ATK IV: 27(0%), DEF IV: 88(0%), Work Speed: (0%), Skills: Pacifist
Daedream, Level: 19, Rank: 1, Gender: Male, HP IV: 72(0%), ATK IV: 5(0%), DEF IV: 28(0%), Work Speed: (0%), Skills: Artisan
Foxparks, Level: 3, Rank: 1, Gender: Male, HP IV: 50(0%), ATK IV: 4(0%), DEF IV: 55(0%), Work Speed: (0%), Skills: Hooligan
Fuddler, Level: 7, Rank: 1, Gender: Male, HP IV: 78(0%), ATK IV: 40(0%), DEF IV: 19(0%), Work Speed: (0%)
Grintale, Level: 30, Rank: 1, Gender: Male, HP IV: 15(0%), ATK IV: 43(0%), DEF IV: 87(0%), Work Speed: (0%), Skills: Coldblooded
Lamball, Level: 1, Rank: 1, Gender: Female, HP IV: 61(0%), ATK IV: 87(0%), DEF IV: 61(0%), Work Speed: (0%), Skills: Bottomless Stomach
Lamball, Level: 1, Rank: 1, Gender: Male, HP IV: 35(0%), ATK IV: 96(0%), DEF IV: 46(0%), Work Speed: (0%), Skills: Artisan
Lamball, Level: 3, Rank: 1, Gender: Female, HP IV: 33(0%), ATK IV: 65(0%), DEF IV: 75(0%), Work Speed: (0%), Skills: Coldblooded
Lamball, Level: 3, Rank: 1, Gender: Female, HP IV: 54(0%), ATK IV: 22(0%), DEF IV: 2(0%), Work Speed: (0%), Skills: Earthquake Resistant
Pengullet, Level: 3, Rank: 1, Gender: Female, HP IV: 20(0%), ATK IV: 94(0%), DEF IV: 1(0%), Work Speed: (0%), Skills: Heated Body
Pengullet, Level: 6, Rank: 1, Gender: Female, HP IV: 90(0%), ATK IV: 60(0%), DEF IV: 16(0%), Work Speed: (0%), Skills: Blood of the Dragon
SUKAVLYAT's 15 Pals
-------------------
Cattiva, Level: 3, Rank: 1, Gender: Male, HP IV: 33(0%), ATK IV: 42(0%), DEF IV: 73(0%), Work Speed: (0%), Skills: Coward, Stronghold Strategist
Cattiva, Level: 4, Rank: 1, Gender: Male, HP IV: 33(0%), ATK IV: 8(0%), DEF IV: 65(0%), Work Speed: (0%), Skills: Coward, Waterproof
Croajiro, Level: 43, Rank: 1, Gender: Male, HP IV: 75(0%), ATK IV: 72(0%), DEF IV: 33(0%), Work Speed: (0%), Skills: Nocturnal, Philantropist, Impatient
Daedream, Level: 19, Rank: 1, Gender: Female, HP IV: 8(0%), ATK IV: 77(0%), DEF IV: 42(0%), Work Speed: (0%)
Daedream, Level: 19, Rank: 1, Gender: Male, HP IV: 53(0%), ATK IV: 27(0%), DEF IV: 88(0%), Work Speed: (0%), Skills: Pacifist
Daedream, Level: 19, Rank: 1, Gender: Male, HP IV: 72(0%), ATK IV: 5(0%), DEF IV: 28(0%), Work Speed: (0%), Skills: Artisan
Foxparks, Level: 3, Rank: 1, Gender: Male, HP IV: 50(0%), ATK IV: 4(0%), DEF IV: 55(0%), Work Speed: (0%), Skills: Hooligan
Fuddler, Level: 7, Rank: 1, Gender: Male, HP IV: 78(0%), ATK IV: 40(0%), DEF IV: 19(0%), Work Speed: (0%)
Grintale, Level: 30, Rank: 1, Gender: Male, HP IV: 15(0%), ATK IV: 43(0%), DEF IV: 87(0%), Work Speed: (0%), Skills: Coldblooded
Lamball, Level: 1, Rank: 1, Gender: Female, HP IV: 61(0%), ATK IV: 87(0%), DEF IV: 61(0%), Work Speed: (0%), Skills: Bottomless Stomach
Lamball, Level: 1, Rank: 1, Gender: Male, HP IV: 35(0%), ATK IV: 96(0%), DEF IV: 46(0%), Work Speed: (0%), Skills: Artisan
Lamball, Level: 3, Rank: 1, Gender: Female, HP IV: 33(0%), ATK IV: 65(0%), DEF IV: 75(0%), Work Speed: (0%), Skills: Coldblooded
Lamball, Level: 3, Rank: 1, Gender: Female, HP IV: 54(0%), ATK IV: 22(0%), DEF IV: 2(0%), Work Speed: (0%), Skills: Earthquake Resistant
Pengullet, Level: 3, Rank: 1, Gender: Female, HP IV: 20(0%), ATK IV: 94(0%), DEF IV: 1(0%), Work Speed: (0%), Skills: Heated Body
Pengullet, Level: 6, Rank: 1, Gender: Female, HP IV: 90(0%), ATK IV: 60(0%), DEF IV: 16(0%), Work Speed: (0%), Skills: Blood of the Dragon
SUKAVLYAT's 15 Pals
-------------------
Cattiva, Level: 3, Rank: 1, Gender: Male, HP IV: 33(0%), ATK IV: 42(0%), DEF IV: 73(0%), Work Speed: (0%), Skills: Coward, Stronghold Strategist
Cattiva, Level: 4, Rank: 1, Gender: Male, HP IV: 33(0%), ATK IV: 8(0%), DEF IV: 65(0%), Work Speed: (0%), Skills: Coward, Waterproof
Croajiro, Level: 43, Rank: 1, Gender: Male, HP IV: 75(0%), ATK IV: 72(0%), DEF IV: 33(0%), Work Speed: (0%), Skills: Nocturnal, Philantropist, Impatient
Daedream, Level: 19, Rank: 1, Gender: Female, HP IV: 8(0%), ATK IV: 77(0%), DEF IV: 42(0%), Work Speed: (0%)
Daedream, Level: 19, Rank: 1, Gender: Male, HP IV: 53(0%), ATK IV: 27(0%), DEF IV: 88(0%), Work Speed: (0%), Skills: Pacifist
Daedream, Level: 19, Rank: 1, Gender: Male, HP IV: 72(0%), ATK IV: 5(0%), DEF IV: 28(0%), Work Speed: (0%), Skills: Artisan
Foxparks, Level: 3, Rank: 1, Gender: Male, HP IV: 50(0%), ATK IV: 4(0%), DEF IV: 55(0%), Work Speed: (0%), Skills: Hooligan
Fuddler, Level: 7, Rank: 1, Gender: Male, HP IV: 78(0%), ATK IV: 40(0%), DEF IV: 19(0%), Work Speed: (0%)
Grintale, Level: 30, Rank: 1, Gender: Male, HP IV: 15(0%), ATK IV: 43(0%), DEF IV: 87(0%), Work Speed: (0%), Skills: Coldblooded
Lamball, Level: 1, Rank: 1, Gender: Female, HP IV: 61(0%), ATK IV: 87(0%), DEF IV: 61(0%), Work Speed: (0%), Skills: Bottomless Stomach
Lamball, Level: 1, Rank: 1, Gender: Male, HP IV: 35(0%), ATK IV: 96(0%), DEF IV: 46(0%), Work Speed: (0%), Skills: Artisan
Lamball, Level: 3, Rank: 1, Gender: Female, HP IV: 33(0%), ATK IV: 65(0%), DEF IV: 75(0%), Work Speed: (0%), Skills: Coldblooded
Lamball, Level: 3, Rank: 1, Gender: Female, HP IV: 54(0%), ATK IV: 22(0%), DEF IV: 2(0%), Work Speed: (0%), Skills: Earthquake Resistant
Pengullet, Level: 3, Rank: 1, Gender: Female, HP IV: 20(0%), ATK IV: 94(0%), DEF IV: 1(0%), Work Speed: (0%), Skills: Heated Body
Pengullet, Level: 6, Rank: 1, Gender: Female, HP IV: 90(0%), ATK IV: 60(0%), DEF IV: 16(0%), Work Speed: (0%), Skills: Blood of the Dragon
SUKAVLYAT's 15 Pals
-------------------
Cattiva, Level: 3, Rank: 1, Gender: Male, HP IV: 33(0%), ATK IV: 42(0%), DEF IV: 73(0%), Work Speed: (0%), Skills: Coward, Stronghold Strategist
Cattiva, Level: 4, Rank: 1, Gender: Male, HP IV: 33(0%), ATK IV: 8(0%), DEF IV: 65(0%), Work Speed: (0%), Skills: Coward, Waterproof
Croajiro, Level: 43, Rank: 1, Gender: Male, HP IV: 75(0%), ATK IV: 72(0%), DEF IV: 33(0%), Work Speed: (0%), Skills: Nocturnal, Philantropist, Impatient
Daedream, Level: 19, Rank: 1, Gender: Female, HP IV: 8(0%), ATK IV: 77(0%), DEF IV: 42(0%), Work Speed: (0%)
Daedream, Level: 19, Rank: 1, Gender: Male, HP IV: 53(0%), ATK IV: 27(0%), DEF IV: 88(0%), Work Speed: (0%), Skills: Pacifist
Daedream, Level: 19, Rank: 1, Gender: Male, HP IV: 72(0%), ATK IV: 5(0%), DEF IV: 28(0%), Work Speed: (0%), Skills: Artisan
Foxparks, Level: 3, Rank: 1, Gender: Male, HP IV: 50(0%), ATK IV: 4(0%), DEF IV: 55(0%), Work Speed: (0%), Skills: Hooligan
Fuddler, Level: 7, Rank: 1, Gender: Male, HP IV: 78(0%), ATK IV: 40(0%), DEF IV: 19(0%), Work Speed: (0%)
Grintale, Level: 30, Rank: 1, Gender: Male, HP IV: 15(0%), ATK IV: 43(0%), DEF IV: 87(0%), Work Speed: (0%), Skills: Coldblooded
Lamball, Level: 1, Rank: 1, Gender: Female, HP IV: 61(0%), ATK IV: 87(0%), DEF IV: 61(0%), Work Speed: (0%), Skills: Bottomless Stomach
Lamball, Level: 1, Rank: 1, Gender: Male, HP IV: 35(0%), ATK IV: 96(0%), DEF IV: 46(0%), Work Speed: (0%), Skills: Artisan
Lamball, Level: 3, Rank: 1, Gender: Female, HP IV: 33(0%), ATK IV: 65(0%), DEF IV: 75(0%), Work Speed: (0%), Skills: Coldblooded
Lamball, Level: 3, Rank: 1, Gender: Female, HP IV: 54(0%), ATK IV: 22(0%), DEF IV: 2(0%), Work Speed: (0%), Skills: Earthquake Resistant
Pengullet, Level: 3, Rank: 1, Gender: Female, HP IV: 20(0%), ATK IV: 94(0%), DEF IV: 1(0%), Work Speed: (0%), Skills: Heated Body
Pengullet, Level: 6, Rank: 1, Gender: Female, HP IV: 90(0%), ATK IV: 60(0%), DEF IV: 16(0%), Work Speed: (0%), Skills: Blood of the Dragon
SUKAVLYAT's 15 Pals
-------------------
Cattiva, Level: 3, Rank: 1, Gender: Male, HP IV: 33(0%), ATK IV: 42(0%), DEF IV: 73(0%), Work Speed: (0%), Skills: Coward, Stronghold Strategist
Cattiva, Level: 4, Rank: 1, Gender: Male, HP IV: 33(0%), ATK IV: 8(0%), DEF IV: 65(0%), Work Speed: (0%), Skills: Coward, Waterproof
Croajiro, Level: 43, Rank: 1, Gender: Male, HP IV: 75(0%), ATK IV: 72(0%), DEF IV: 33(0%), Work Speed: (0%), Skills: Nocturnal, Philantropist, Impatient
Daedream, Level: 19, Rank: 1, Gender: Female, HP IV: 8(0%), ATK IV: 77(0%), DEF IV: 42(0%), Work Speed: (0%)
Daedream, Level: 19, Rank: 1, Gender: Male, HP IV: 53(0%), ATK IV: 27(0%), DEF IV: 88(0%), Work Speed: (0%), Skills: Pacifist
Daedream, Level: 19, Rank: 1, Gender: Male, HP IV: 72(0%), ATK IV: 5(0%), DEF IV: 28(0%), Work Speed: (0%), Skills: Artisan
Foxparks, Level: 3, Rank: 1, Gender: Male, HP IV: 50(0%), ATK IV: 4(0%), DEF IV: 55(0%), Work Speed: (0%), Skills: Hooligan
Fuddler, Level: 7, Rank: 1, Gender: Male, HP IV: 78(0%), ATK IV: 40(0%), DEF IV: 19(0%), Work Speed: (0%)
Grintale, Level: 30, Rank: 1, Gender: Male, HP IV: 15(0%), ATK IV: 43(0%), DEF IV: 87(0%), Work Speed: (0%), Skills: Coldblooded
Lamball, Level: 1, Rank: 1, Gender: Female, HP IV: 61(0%), ATK IV: 87(0%), DEF IV: 61(0%), Work Speed: (0%), Skills: Bottomless Stomach
Lamball, Level: 1, Rank: 1, Gender: Male, HP IV: 35(0%), ATK IV: 96(0%), DEF IV: 46(0%), Work Speed: (0%), Skills: Artisan
Lamball, Level: 3, Rank: 1, Gender: Female, HP IV: 33(0%), ATK IV: 65(0%), DEF IV: 75(0%), Work Speed: (0%), Skills: Coldblooded
Lamball, Level: 3, Rank: 1, Gender: Female, HP IV: 54(0%), ATK IV: 22(0%), DEF IV: 2(0%), Work Speed: (0%), Skills: Earthquake Resistant
Pengullet, Level: 3, Rank: 1, Gender: Female, HP IV: 20(0%), ATK IV: 94(0%), DEF IV: 1(0%), Work Speed: (0%), Skills: Heated Body
Pengullet, Level: 6, Rank: 1, Gender: Female, HP IV: 90(0%), ATK IV: 60(0%), DEF IV: 16(0%), Work Speed: (0%), Skills: Blood of the Dragon
