T.Tv-TitanFang58's 7 Pals
-------------------------
Eikthyrdeer, Level: 11, Rank: 1, Gender: Male, HP IV: 72(0%), ATK IV: 71(0%), DEF IV: 40(0%), Work Speed: (0%), Skills: Hard Skin
Free Pal Alliance Thug, Level: 20, Rank: 1, Gender: Unknown, HP IV: 26(0%), ATK IV: 20(0%), DEF IV: 67(0%), Work Speed: (0%), Skills: Hard Skin
Fuack, Level: 13, Rank: 1, Gender: Male, HP IV: 97(0%), ATK IV: 97(0%), DEF IV: 71(0%), Work Speed: (0%), Skills: Burly Body, Slacker
Galeclaw, Level: 20, Rank: 1, Gender: Male, HP IV: 97(0%), ATK IV: 71(0%), DEF IV: 95(0%), Work Speed: (0%), Skills: Sadist, Zen Mind
Lifmunk, Level: 12, Rank: 1, Gender: Male, HP IV: 3(0%), ATK IV: 54(0%), DEF IV: 74(0%), Work Speed: (0%), Skills: Fine Furs, Swift
Mau Cryst, Level: 32, Rank: 1, Gender: Female, HP IV: 0(0%), ATK IV: 79(0%), DEF IV: 80(0%), Work Speed: (0%), Skills: Conceited
Vixy, Level: 12, Rank: 1, Gender: Male, HP IV: 66(0%), ATK IV: 85(0%), DEF IV: 37(0%), Work Speed: (0%)
T.Tv-TitanFang58's 7 Pals
-------------------------
Eikthyrdeer, Level: 11, Rank: 1, Gender: Male, HP IV: 72(0%), ATK IV: 71(0%), DEF IV: 40(0%), Work Speed: (0%), Skills: Hard Skin
Free Pal Alliance Thug, Level: 20, Rank: 1, Gender: Unknown, HP IV: 26(0%), ATK IV: 20(0%), DEF IV: 67(0%), Work Speed: (0%), Skills: Hard Skin
Fuack, Level: 13, Rank: 1, Gender: Male, HP IV: 97(0%), ATK IV: 97(0%), DEF IV: 71(0%), Work Speed: (0%), Skills: Burly Body, Slacker
Galeclaw, Level: 20, Rank: 1, Gender: Male, HP IV: 97(0%), ATK IV: 71(0%), DEF IV: 95(0%), Work Speed: (0%), Skills: Sadist, Zen Mind
Lifmunk, Level: 12, Rank: 1, Gender: Male, HP IV: 3(0%), ATK IV: 54(0%), DEF IV: 74(0%), Work Speed: (0%), Skills: Fine Furs, Swift
Mau Cryst, Level: 32, Rank: 1, Gender: Female, HP IV: 0(0%), ATK IV: 79(0%), DEF IV: 80(0%), Work Speed: (0%), Skills: Conceited
Vixy, Level: 12, Rank: 1, Gender: Male, HP IV: 66(0%), ATK IV: 85(0%), DEF IV: 37(0%), Work Speed: (0%)
T.Tv-TitanFang58's 7 Pals
-------------------------
Eikthyrdeer, Level: 11, Rank: 1, Gender: Male, HP IV: 72(0%), ATK IV: 71(0%), DEF IV: 40(0%), Work Speed: (0%), Skills: Hard Skin
Free Pal Alliance Thug, Level: 20, Rank: 1, Gender: Unknown, HP IV: 26(0%), ATK IV: 20(0%), DEF IV: 67(0%), Work Speed: (0%), Skills: Hard Skin
Fuack, Level: 13, Rank: 1, Gender: Male, HP IV: 97(0%), ATK IV: 97(0%), DEF IV: 71(0%), Work Speed: (0%), Skills: Burly Body, Slacker
Galeclaw, Level: 20, Rank: 1, Gender: Male, HP IV: 97(0%), ATK IV: 71(0%), DEF IV: 95(0%), Work Speed: (0%), Skills: Sadist, Zen Mind
Lifmunk, Level: 12, Rank: 1, Gender: Male, HP IV: 3(0%), ATK IV: 54(0%), DEF IV: 74(0%), Work Speed: (0%), Skills: Fine Furs, Swift
Mau Cryst, Level: 32, Rank: 1, Gender: Female, HP IV: 0(0%), ATK IV: 79(0%), DEF IV: 80(0%), Work Speed: (0%), Skills: Conceited
Vixy, Level: 12, Rank: 1, Gender: Male, HP IV: 66(0%), ATK IV: 85(0%), DEF IV: 37(0%), Work Speed: (0%)
T.Tv-TitanFang58's 7 Pals
-------------------------
Eikthyrdeer, Level: 11, Rank: 1, Gender: Male, HP IV: 72(0%), ATK IV: 71(0%), DEF IV: 40(0%), Work Speed: (0%), Skills: Hard Skin
Free Pal Alliance Thug, Level: 20, Rank: 1, Gender: Unknown, HP IV: 26(0%), ATK IV: 20(0%), DEF IV: 67(0%), Work Speed: (0%), Skills: Hard Skin
Fuack, Level: 13, Rank: 1, Gender: Male, HP IV: 97(0%), ATK IV: 97(0%), DEF IV: 71(0%), Work Speed: (0%), Skills: Burly Body, Slacker
Galeclaw, Level: 20, Rank: 1, Gender: Male, HP IV: 97(0%), ATK IV: 71(0%), DEF IV: 95(0%), Work Speed: (0%), Skills: Sadist, Zen Mind
Lifmunk, Level: 12, Rank: 1, Gender: Male, HP IV: 3(0%), ATK IV: 54(0%), DEF IV: 74(0%), Work Speed: (0%), Skills: Fine Furs, Swift
Mau Cryst, Level: 32, Rank: 1, Gender: Female, HP IV: 0(0%), ATK IV: 79(0%), DEF IV: 80(0%), Work Speed: (0%), Skills: Conceited
Vixy, Level: 12, Rank: 1, Gender: Male, HP IV: 66(0%), ATK IV: 85(0%), DEF IV: 37(0%), Work Speed: (0%)
T.Tv-TitanFang58's 7 Pals
-------------------------
Eikthyrdeer, Level: 11, Rank: 1, Gender: Male, HP IV: 72(0%), ATK IV: 71(0%), DEF IV: 40(0%), Work Speed: (0%), Skills: Hard Skin
Free Pal Alliance Thug, Level: 20, Rank: 1, Gender: Unknown, HP IV: 26(0%), ATK IV: 20(0%), DEF IV: 67(0%), Work Speed: (0%), Skills: Hard Skin
Fuack, Level: 13, Rank: 1, Gender: Male, HP IV: 97(0%), ATK IV: 97(0%), DEF IV: 71(0%), Work Speed: (0%), Skills: Burly Body, Slacker
Galeclaw, Level: 20, Rank: 1, Gender: Male, HP IV: 97(0%), ATK IV: 71(0%), DEF IV: 95(0%), Work Speed: (0%), Skills: Sadist, Zen Mind
Lifmunk, Level: 12, Rank: 1, Gender: Male, HP IV: 3(0%), ATK IV: 54(0%), DEF IV: 74(0%), Work Speed: (0%), Skills: Fine Furs, Swift
Mau Cryst, Level: 32, Rank: 1, Gender: Female, HP IV: 0(0%), ATK IV: 79(0%), DEF IV: 80(0%), Work Speed: (0%), Skills: Conceited
Vixy, Level: 12, Rank: 1, Gender: Male, HP IV: 66(0%), ATK IV: 85(0%), DEF IV: 37(0%), Work Speed: (0%)
T.Tv-TitanFang58's 7 Pals
-------------------------
Eikthyrdeer, Level: 11, Rank: 1, Gender: Male, HP IV: 72(0%), ATK IV: 71(0%), DEF IV: 40(0%), Work Speed: (0%), Skills: Hard Skin
Free Pal Alliance Thug, Level: 20, Rank: 1, Gender: Unknown, HP IV: 26(0%), ATK IV: 20(0%), DEF IV: 67(0%), Work Speed: (0%), Skills: Hard Skin
Fuack, Level: 13, Rank: 1, Gender: Male, HP IV: 97(0%), ATK IV: 97(0%), DEF IV: 71(0%), Work Speed: (0%), Skills: Burly Body, Slacker
Galeclaw, Level: 20, Rank: 1, Gender: Male, HP IV: 97(0%), ATK IV: 71(0%), DEF IV: 95(0%), Work Speed: (0%), Skills: Sadist, Zen Mind
Lifmunk, Level: 12, Rank: 1, Gender: Male, HP IV: 3(0%), ATK IV: 54(0%), DEF IV: 74(0%), Work Speed: (0%), Skills: Fine Furs, Swift
Mau Cryst, Level: 32, Rank: 1, Gender: Female, HP IV: 0(0%), ATK IV: 79(0%), DEF IV: 80(0%), Work Speed: (0%), Skills: Conceited
Vixy, Level: 12, Rank: 1, Gender: Male, HP IV: 66(0%), ATK IV: 85(0%), DEF IV: 37(0%), Work Speed: (0%)
T.Tv-TitanFang58's 7 Pals
-------------------------
Eikthyrdeer, Level: 11, Rank: 1, Gender: Male, HP IV: 72(0%), ATK IV: 71(0%), DEF IV: 40(0%), Work Speed: (0%), Skills: Hard Skin
Free Pal Alliance Thug, Level: 20, Rank: 1, Gender: Unknown, HP IV: 26(0%), ATK IV: 20(0%), DEF IV: 67(0%), Work Speed: (0%), Skills: Hard Skin
Fuack, Level: 13, Rank: 1, Gender: Male, HP IV: 97(0%), ATK IV: 97(0%), DEF IV: 71(0%), Work Speed: (0%), Skills: Burly Body, Slacker
Galeclaw, Level: 20, Rank: 1, Gender: Male, HP IV: 97(0%), ATK IV: 71(0%), DEF IV: 95(0%), Work Speed: (0%), Skills: Sadist, Zen Mind
Lifmunk, Level: 12, Rank: 1, Gender: Male, HP IV: 3(0%), ATK IV: 54(0%), DEF IV: 74(0%), Work Speed: (0%), Skills: Fine Furs, Swift
Mau Cryst, Level: 32, Rank: 1, Gender: Female, HP IV: 0(0%), ATK IV: 79(0%), DEF IV: 80(0%), Work Speed: (0%), Skills: Conceited
Vixy, Level: 12, Rank: 1, Gender: Male, HP IV: 66(0%), ATK IV: 85(0%), DEF IV: 37(0%), Work Speed: (0%)
T.Tv-TitanFang58's 7 Pals
-------------------------
Eikthyrdeer, Level: 11, Rank: 1, Gender: Male, HP IV: 72(0%), ATK IV: 71(0%), DEF IV: 40(0%), Work Speed: (0%), Skills: Hard Skin
Free Pal Alliance Thug, Level: 20, Rank: 1, Gender: Unknown, HP IV: 26(0%), ATK IV: 20(0%), DEF IV: 67(0%), Work Speed: (0%), Skills: Hard Skin
Fuack, Level: 13, Rank: 1, Gender: Male, HP IV: 97(0%), ATK IV: 97(0%), DEF IV: 71(0%), Work Speed: (0%), Skills: Burly Body, Slacker
Galeclaw, Level: 20, Rank: 1, Gender: Male, HP IV: 97(0%), ATK IV: 71(0%), DEF IV: 95(0%), Work Speed: (0%), Skills: Sadist, Zen Mind
Lifmunk, Level: 12, Rank: 1, Gender: Male, HP IV: 3(0%), ATK IV: 54(0%), DEF IV: 74(0%), Work Speed: (0%), Skills: Fine Furs, Swift
Mau Cryst, Level: 32, Rank: 1, Gender: Female, HP IV: 0(0%), ATK IV: 79(0%), DEF IV: 80(0%), Work Speed: (0%), Skills: Conceited
Vixy, Level: 12, Rank: 1, Gender: Male, HP IV: 66(0%), ATK IV: 85(0%), DEF IV: 37(0%), Work Speed: (0%)
T.Tv-TitanFang58's 7 Pals
-------------------------
Eikthyrdeer, Level: 11, Rank: 1, Gender: Male, HP IV: 72(0%), ATK IV: 71(0%), DEF IV: 40(0%), Work Speed: (0%), Skills: Hard Skin
Free Pal Alliance Thug, Level: 20, Rank: 1, Gender: Unknown, HP IV: 26(0%), ATK IV: 20(0%), DEF IV: 67(0%), Work Speed: (0%), Skills: Hard Skin
Fuack, Level: 13, Rank: 1, Gender: Male, HP IV: 97(0%), ATK IV: 97(0%), DEF IV: 71(0%), Work Speed: (0%), Skills: Burly Body, Slacker
Galeclaw, Level: 20, Rank: 1, Gender: Male, HP IV: 97(0%), ATK IV: 71(0%), DEF IV: 95(0%), Work Speed: (0%), Skills: Sadist, Zen Mind
Lifmunk, Level: 12, Rank: 1, Gender: Male, HP IV: 3(0%), ATK IV: 54(0%), DEF IV: 74(0%), Work Speed: (0%), Skills: Fine Furs, Swift
Mau Cryst, Level: 32, Rank: 1, Gender: Female, HP IV: 0(0%), ATK IV: 79(0%), DEF IV: 80(0%), Work Speed: (0%), Skills: Conceited
Vixy, Level: 12, Rank: 1, Gender: Male, HP IV: 66(0%), ATK IV: 85(0%), DEF IV: 37(0%), Work Speed: (0%)
T.Tv-TitanFang58's 7 Pals
-------------------------
Eikthyrdeer, Level: 11, Rank: 1, Gender: Male, HP IV: 72(0%), ATK IV: 71(0%), DEF IV: 40(0%), Work Speed: (0%), Skills: Hard Skin
Free Pal Alliance Thug, Level: 20, Rank: 1, Gender: Unknown, HP IV: 26(0%), ATK IV: 20(0%), DEF IV: 67(0%), Work Speed: (0%), Skills: Hard Skin
Fuack, Level: 13, Rank: 1, Gender: Male, HP IV: 97(0%), ATK IV: 97(0%), DEF IV: 71(0%), Work Speed: (0%), Skills: Burly Body, Slacker
Galeclaw, Level: 20, Rank: 1, Gender: Male, HP IV: 97(0%), ATK IV: 71(0%), DEF IV: 95(0%), Work Speed: (0%), Skills: Sadist, Zen Mind
Lifmunk, Level: 12, Rank: 1, Gender: Male, HP IV: 3(0%), ATK IV: 54(0%), DEF IV: 74(0%), Work Speed: (0%), Skills: Fine Furs, Swift
Mau Cryst, Level: 32, Rank: 1, Gender: Female, HP IV: 0(0%), ATK IV: 79(0%), DEF IV: 80(0%), Work Speed: (0%), Skills: Conceited
Vixy, Level: 12, Rank: 1, Gender: Male, HP IV: 66(0%), ATK IV: 85(0%), DEF IV: 37(0%), Work Speed: (0%)
T.Tv-TitanFang58's 7 Pals
-------------------------
Eikthyrdeer, Level: 11, Rank: 1, Gender: Male, HP IV: 72(0%), ATK IV: 71(0%), DEF IV: 40(0%), Work Speed: (0%), Skills: Hard Skin
Free Pal Alliance Thug, Level: 20, Rank: 1, Gender: Unknown, HP IV: 26(0%), ATK IV: 20(0%), DEF IV: 67(0%), Work Speed: (0%), Skills: Hard Skin
Fuack, Level: 13, Rank: 1, Gender: Male, HP IV: 97(0%), ATK IV: 97(0%), DEF IV: 71(0%), Work Speed: (0%), Skills: Burly Body, Slacker
Galeclaw, Level: 20, Rank: 1, Gender: Male, HP IV: 97(0%), ATK IV: 71(0%), DEF IV: 95(0%), Work Speed: (0%), Skills: Sadist, Zen Mind
Lifmunk, Level: 12, Rank: 1, Gender: Male, HP IV: 3(0%), ATK IV: 54(0%), DEF IV: 74(0%), Work Speed: (0%), Skills: Fine Furs, Swift
Mau Cryst, Level: 32, Rank: 1, Gender: Female, HP IV: 0(0%), ATK IV: 79(0%), DEF IV: 80(0%), Work Speed: (0%), Skills: Conceited
Vixy, Level: 12, Rank: 1, Gender: Male, HP IV: 66(0%), ATK IV: 85(0%), DEF IV: 37(0%), Work Speed: (0%)
T.Tv-TitanFang58's 7 Pals
-------------------------
Eikthyrdeer, Level: 11, Rank: 1, Gender: Male, HP IV: 72(0%), ATK IV: 71(0%), DEF IV: 40(0%), Work Speed: (0%), Skills: Hard Skin
Free Pal Alliance Thug, Level: 20, Rank: 1, Gender: Unknown, HP IV: 26(0%), ATK IV: 20(0%), DEF IV: 67(0%), Work Speed: (0%), Skills: Hard Skin
Fuack, Level: 13, Rank: 1, Gender: Male, HP IV: 97(0%), ATK IV: 97(0%), DEF IV: 71(0%), Work Speed: (0%), Skills: Burly Body, Slacker
Galeclaw, Level: 20, Rank: 1, Gender: Male, HP IV: 97(0%), ATK IV: 71(0%), DEF IV: 95(0%), Work Speed: (0%), Skills: Sadist, Zen Mind
Lifmunk, Level: 12, Rank: 1, Gender: Male, HP IV: 3(0%), ATK IV: 54(0%), DEF IV: 74(0%), Work Speed: (0%), Skills: Fine Furs, Swift
Mau Cryst, Level: 32, Rank: 1, Gender: Female, HP IV: 0(0%), ATK IV: 79(0%), DEF IV: 80(0%), Work Speed: (0%), Skills: Conceited
Vixy, Level: 12, Rank: 1, Gender: Male, HP IV: 66(0%), ATK IV: 85(0%), DEF IV: 37(0%), Work Speed: (0%)
T.Tv-TitanFang58's 7 Pals
-------------------------
Eikthyrdeer, Level: 11, Rank: 1, Gender: Male, HP IV: 72(0%), ATK IV: 71(0%), DEF IV: 40(0%), Work Speed: (0%), Skills: Hard Skin
Free Pal Alliance Thug, Level: 20, Rank: 1, Gender: Unknown, HP IV: 26(0%), ATK IV: 20(0%), DEF IV: 67(0%), Work Speed: (0%), Skills: Hard Skin
Fuack, Level: 13, Rank: 1, Gender: Male, HP IV: 97(0%), ATK IV: 97(0%), DEF IV: 71(0%), Work Speed: (0%), Skills: Burly Body, Slacker
Galeclaw, Level: 20, Rank: 1, Gender: Male, HP IV: 97(0%), ATK IV: 71(0%), DEF IV: 95(0%), Work Speed: (0%), Skills: Sadist, Zen Mind
Lifmunk, Level: 12, Rank: 1, Gender: Male, HP IV: 3(0%), ATK IV: 54(0%), DEF IV: 74(0%), Work Speed: (0%), Skills: Fine Furs, Swift
Mau Cryst, Level: 32, Rank: 1, Gender: Female, HP IV: 0(0%), ATK IV: 79(0%), DEF IV: 80(0%), Work Speed: (0%), Skills: Conceited
Vixy, Level: 12, Rank: 1, Gender: Male, HP IV: 66(0%), ATK IV: 85(0%), DEF IV: 37(0%), Work Speed: (0%)
T.Tv-TitanFang58's 7 Pals
-------------------------
Eikthyrdeer, Level: 11, Rank: 1, Gender: Male, HP IV: 72(0%), ATK IV: 71(0%), DEF IV: 40(0%), Work Speed: (0%), Skills: Hard Skin
Free Pal Alliance Thug, Level: 20, Rank: 1, Gender: Unknown, HP IV: 26(0%), ATK IV: 20(0%), DEF IV: 67(0%), Work Speed: (0%), Skills: Hard Skin
Fuack, Level: 13, Rank: 1, Gender: Male, HP IV: 97(0%), ATK IV: 97(0%), DEF IV: 71(0%), Work Speed: (0%), Skills: Burly Body, Slacker
Galeclaw, Level: 20, Rank: 1, Gender: Male, HP IV: 97(0%), ATK IV: 71(0%), DEF IV: 95(0%), Work Speed: (0%), Skills: Sadist, Zen Mind
Lifmunk, Level: 12, Rank: 1, Gender: Male, HP IV: 3(0%), ATK IV: 54(0%), DEF IV: 74(0%), Work Speed: (0%), Skills: Fine Furs, Swift
Mau Cryst, Level: 32, Rank: 1, Gender: Female, HP IV: 0(0%), ATK IV: 79(0%), DEF IV: 80(0%), Work Speed: (0%), Skills: Conceited
Vixy, Level: 12, Rank: 1, Gender: Male, HP IV: 66(0%), ATK IV: 85(0%), DEF IV: 37(0%), Work Speed: (0%)
