Tayo's 36 Pals
--------------
Alpha Chillet, Level: 11, Rank: 1, Gender: Male, HP IV: 80(0%), ATK IV: 69(0%), DEF IV: 86(0%), Work Speed: (0%), Skills: Waterproof, Stronghold Strategist
Alpha Gumoss, Level: 4, Rank: 1, Gender: Female, HP IV: 91(0%), ATK IV: 92(0%), DEF IV: 58(0%), Work Speed: (0%), Skills: Lucky, Veil of Darkness
Bristla, Level: 9, Rank: 1, Gender: Female, HP IV: 22(0%), ATK IV: 23(0%), DEF IV: 52(0%), Work Speed: (0%), Skills: Zen Mind
Cattiva, Level: 11, Rank: 1, Gender: Female, HP IV: 66(0%), ATK IV: 25(0%), DEF IV: 1(0%), Work Speed: (0%), Skills: Coward, Dainty Eater
Cattiva, Level: 4, Rank: 1, Gender: Male, HP IV: 5(0%), ATK IV: 70(0%), DEF IV: 17(0%), Work Speed: (0%), Skills: Coward, Bottomless Stomach, Workaholic
Cattiva, Level: 7, Rank: 1, Gender: Male, HP IV: 35(0%), ATK IV: 18(0%), DEF IV: 93(0%), Work Speed: (0%), Skills: Coward, Serious
Cattiva, Level: 8, Rank: 1, Gender: Female, HP IV: 68(0%), ATK IV: 63(0%), DEF IV: 58(0%), Work Speed: (0%), Skills: Coward
Celaray, Level: 3, Rank: 1, Gender: Female, HP IV: 63(0%), ATK IV: 45(0%), DEF IV: 92(0%), Work Speed: (0%), Skills: Motivational Leader
Celaray, Level: 4, Rank: 1, Gender: Female, HP IV: 91(0%), ATK IV: 28(0%), DEF IV: 34(0%), Work Speed: (0%), Skills: Zen Mind
Celaray, Level: 4, Rank: 1, Gender: Male, HP IV: 53(0%), ATK IV: 38(0%), DEF IV: 5(0%), Work Speed: (0%), Skills: Destructive
Chikipi, Level: 2, Rank: 1, Gender: Male, HP IV: 16(0%), ATK IV: 74(0%), DEF IV: 15(0%), Work Speed: (0%), Skills: Blood of the Dragon, Ferocious
Chikipi, Level: 9, Rank: 1, Gender: Male, HP IV: 19(0%), ATK IV: 14(0%), DEF IV: 44(0%), Work Speed: (0%), Skills: Zen Mind, Coward
Cremis, Level: 10, Rank: 1, Gender: Female, HP IV: 56(0%), ATK IV: 14(0%), DEF IV: 33(0%), Work Speed: (0%), Skills: Botanical Barrier
Cremis, Level: 4, Rank: 1, Gender: Male, HP IV: 45(0%), ATK IV: 95(0%), DEF IV: 65(0%), Work Speed: (0%), Skills: Blood of the Dragon
Eikthyrdeer, Level: 10, Rank: 1, Gender: Female, HP IV: 36(0%), ATK IV: 16(0%), DEF IV: 37(0%), Work Speed: (0%), Skills: Unstable
Foxparks, Level: 9, Rank: 1, Gender: Male, HP IV: 23(0%), ATK IV: 88(0%), DEF IV: 20(0%), Work Speed: (0%), Skills: Swift
Gumoss, Level: 10, Rank: 1, Gender: Male, HP IV: 5(0%), ATK IV: 50(0%), DEF IV: 81(0%), Work Speed: (0%), Skills: Waterproof
Gumoss, Level: 4, Rank: 1, Gender: Female, HP IV: 18(0%), ATK IV: 82(0%), DEF IV: 46(0%), Work Speed: (0%), Skills: Ferocious
Gumoss, Level: 5, Rank: 1, Gender: Female, HP IV: 75(0%), ATK IV: 65(0%), DEF IV: 6(0%), Work Speed: (0%), Skills: Conceited
Lamball, Level: 10, Rank: 1, Gender: Female, HP IV: 65(0%), ATK IV: 33(0%), DEF IV: 77(0%), Work Speed: (0%), Skills: Positive Thinker
Lamball, Level: 2, Rank: 1, Gender: Female, HP IV: 6(0%), ATK IV: 92(0%), DEF IV: 61(0%), Work Speed: (0%), Skills: Noble
Lamball, Level: 3, Rank: 1, Gender: Female, HP IV: 80(0%), ATK IV: 48(0%), DEF IV: 92(0%), Work Speed: (0%), Skills: Coldblooded, Logging Foreman
Lamball, Level: 5, Rank: 1, Gender: Male, HP IV: 27(0%), ATK IV: 50(0%), DEF IV: 22(0%), Work Speed: (0%), Skills: Clumsy
Lifmunk, Level: 12, Rank: 1, Gender: Female, HP IV: 25(0%), ATK IV: 14(0%), DEF IV: 24(0%), Work Speed: (0%), Skills: Vanguard
Lifmunk, Level: 3, Rank: 1, Gender: Male, HP IV: 20(0%), ATK IV: 24(0%), DEF IV: 24(0%), Work Speed: (0%), Skills: Sickly
Nitewing, Level: 9, Rank: 1, Gender: Female, HP IV: 89(0%), ATK IV: 89(0%), DEF IV: 75(0%), Work Speed: (0%)
Nitewing, Level: 9, Rank: 1, Gender: Male, HP IV: 39(0%), ATK IV: 33(0%), DEF IV: 17(0%), Work Speed: (0%), Skills: Conceited
Ribbuny, Level: 14, Rank: 1, Gender: Female, HP IV: 85(0%), ATK IV: 90(0%), DEF IV: 0(0%), Work Speed: (0%), Skills: Noble
Tanzee, Level: 13, Rank: 1, Gender: Male, HP IV: 62(0%), ATK IV: 68(0%), DEF IV: 52(0%), Work Speed: (0%), Skills: Hooligan
Teafant, Level: 12, Rank: 1, Gender: Male, HP IV: 61(0%), ATK IV: 14(0%), DEF IV: 91(0%), Work Speed: (0%), Skills: Destructive
Teafant, Level: 7, Rank: 1, Gender: Female, HP IV: 65(0%), ATK IV: 60(0%), DEF IV: 85(0%), Work Speed: (0%)
Teafant, Level: 8, Rank: 1, Gender: Male, HP IV: 94(0%), ATK IV: 50(0%), DEF IV: 8(0%), Work Speed: (0%), Skills: Work Slave
Tocotoco, Level: 17, Rank: 1, Gender: Male, HP IV: 49(0%), ATK IV: 23(0%), DEF IV: 86(0%), Work Speed: (0%)
Tocotoco, Level: 23, Rank: 1, Gender: Male, HP IV: 88(0%), ATK IV: 15(0%), DEF IV: 61(0%), Work Speed: (0%)
Vixy, Level: 10, Rank: 1, Gender: Female, HP IV: 90(0%), ATK IV: 85(0%), DEF IV: 66(0%), Work Speed: (0%)
Vixy, Level: 9, Rank: 1, Gender: Male, HP IV: 75(0%), ATK IV: 78(0%), DEF IV: 13(0%), Work Speed: (0%), Skills: Sadist
Tayo's 36 Pals
--------------
Alpha Chillet, Level: 11, Rank: 1, Gender: Male, HP IV: 80(0%), ATK IV: 69(0%), DEF IV: 86(0%), Work Speed: (0%), Skills: Waterproof, Stronghold Strategist
Alpha Gumoss, Level: 4, Rank: 1, Gender: Female, HP IV: 91(0%), ATK IV: 92(0%), DEF IV: 58(0%), Work Speed: (0%), Skills: Lucky, Veil of Darkness
Bristla, Level: 9, Rank: 1, Gender: Female, HP IV: 22(0%), ATK IV: 23(0%), DEF IV: 52(0%), Work Speed: (0%), Skills: Zen Mind
Cattiva, Level: 11, Rank: 1, Gender: Female, HP IV: 66(0%), ATK IV: 25(0%), DEF IV: 1(0%), Work Speed: (0%), Skills: Coward, Dainty Eater
Cattiva, Level: 4, Rank: 1, Gender: Male, HP IV: 5(0%), ATK IV: 70(0%), DEF IV: 17(0%), Work Speed: (0%), Skills: Coward, Bottomless Stomach, Workaholic
Cattiva, Level: 7, Rank: 1, Gender: Male, HP IV: 35(0%), ATK IV: 18(0%), DEF IV: 93(0%), Work Speed: (0%), Skills: Coward, Serious
Cattiva, Level: 8, Rank: 1, Gender: Female, HP IV: 68(0%), ATK IV: 63(0%), DEF IV: 58(0%), Work Speed: (0%), Skills: Coward
Celaray, Level: 3, Rank: 1, Gender: Female, HP IV: 63(0%), ATK IV: 45(0%), DEF IV: 92(0%), Work Speed: (0%), Skills: Motivational Leader
Celaray, Level: 4, Rank: 1, Gender: Female, HP IV: 91(0%), ATK IV: 28(0%), DEF IV: 34(0%), Work Speed: (0%), Skills: Zen Mind
Celaray, Level: 4, Rank: 1, Gender: Male, HP IV: 53(0%), ATK IV: 38(0%), DEF IV: 5(0%), Work Speed: (0%), Skills: Destructive
Chikipi, Level: 2, Rank: 1, Gender: Male, HP IV: 16(0%), ATK IV: 74(0%), DEF IV: 15(0%), Work Speed: (0%), Skills: Blood of the Dragon, Ferocious
Chikipi, Level: 9, Rank: 1, Gender: Male, HP IV: 19(0%), ATK IV: 14(0%), DEF IV: 44(0%), Work Speed: (0%), Skills: Zen Mind, Coward
Cremis, Level: 10, Rank: 1, Gender: Female, HP IV: 56(0%), ATK IV: 14(0%), DEF IV: 33(0%), Work Speed: (0%), Skills: Botanical Barrier
Cremis, Level: 4, Rank: 1, Gender: Male, HP IV: 45(0%), ATK IV: 95(0%), DEF IV: 65(0%), Work Speed: (0%), Skills: Blood of the Dragon
Eikthyrdeer, Level: 10, Rank: 1, Gender: Female, HP IV: 36(0%), ATK IV: 16(0%), DEF IV: 37(0%), Work Speed: (0%), Skills: Unstable
Foxparks, Level: 9, Rank: 1, Gender: Male, HP IV: 23(0%), ATK IV: 88(0%), DEF IV: 20(0%), Work Speed: (0%), Skills: Swift
Gumoss, Level: 10, Rank: 1, Gender: Male, HP IV: 5(0%), ATK IV: 50(0%), DEF IV: 81(0%), Work Speed: (0%), Skills: Waterproof
Gumoss, Level: 4, Rank: 1, Gender: Female, HP IV: 18(0%), ATK IV: 82(0%), DEF IV: 46(0%), Work Speed: (0%), Skills: Ferocious
Gumoss, Level: 5, Rank: 1, Gender: Female, HP IV: 75(0%), ATK IV: 65(0%), DEF IV: 6(0%), Work Speed: (0%), Skills: Conceited
Lamball, Level: 10, Rank: 1, Gender: Female, HP IV: 65(0%), ATK IV: 33(0%), DEF IV: 77(0%), Work Speed: (0%), Skills: Positive Thinker
Lamball, Level: 2, Rank: 1, Gender: Female, HP IV: 6(0%), ATK IV: 92(0%), DEF IV: 61(0%), Work Speed: (0%), Skills: Noble
Lamball, Level: 3, Rank: 1, Gender: Female, HP IV: 80(0%), ATK IV: 48(0%), DEF IV: 92(0%), Work Speed: (0%), Skills: Coldblooded, Logging Foreman
Lamball, Level: 5, Rank: 1, Gender: Male, HP IV: 27(0%), ATK IV: 50(0%), DEF IV: 22(0%), Work Speed: (0%), Skills: Clumsy
Lifmunk, Level: 12, Rank: 1, Gender: Female, HP IV: 25(0%), ATK IV: 14(0%), DEF IV: 24(0%), Work Speed: (0%), Skills: Vanguard
Lifmunk, Level: 3, Rank: 1, Gender: Male, HP IV: 20(0%), ATK IV: 24(0%), DEF IV: 24(0%), Work Speed: (0%), Skills: Sickly
Nitewing, Level: 9, Rank: 1, Gender: Female, HP IV: 89(0%), ATK IV: 89(0%), DEF IV: 75(0%), Work Speed: (0%)
Nitewing, Level: 9, Rank: 1, Gender: Male, HP IV: 39(0%), ATK IV: 33(0%), DEF IV: 17(0%), Work Speed: (0%), Skills: Conceited
Ribbuny, Level: 14, Rank: 1, Gender: Female, HP IV: 85(0%), ATK IV: 90(0%), DEF IV: 0(0%), Work Speed: (0%), Skills: Noble
Tanzee, Level: 13, Rank: 1, Gender: Male, HP IV: 62(0%), ATK IV: 68(0%), DEF IV: 52(0%), Work Speed: (0%), Skills: Hooligan
Teafant, Level: 12, Rank: 1, Gender: Male, HP IV: 61(0%), ATK IV: 14(0%), DEF IV: 91(0%), Work Speed: (0%), Skills: Destructive
Teafant, Level: 7, Rank: 1, Gender: Female, HP IV: 65(0%), ATK IV: 60(0%), DEF IV: 85(0%), Work Speed: (0%)
Teafant, Level: 8, Rank: 1, Gender: Male, HP IV: 94(0%), ATK IV: 50(0%), DEF IV: 8(0%), Work Speed: (0%), Skills: Work Slave
Tocotoco, Level: 17, Rank: 1, Gender: Male, HP IV: 49(0%), ATK IV: 23(0%), DEF IV: 86(0%), Work Speed: (0%)
Tocotoco, Level: 23, Rank: 1, Gender: Male, HP IV: 88(0%), ATK IV: 15(0%), DEF IV: 61(0%), Work Speed: (0%)
Vixy, Level: 10, Rank: 1, Gender: Female, HP IV: 90(0%), ATK IV: 85(0%), DEF IV: 66(0%), Work Speed: (0%)
Vixy, Level: 9, Rank: 1, Gender: Male, HP IV: 75(0%), ATK IV: 78(0%), DEF IV: 13(0%), Work Speed: (0%), Skills: Sadist
Tayo's 36 Pals
--------------
Alpha Chillet, Level: 11, Rank: 1, Gender: Male, HP IV: 80(0%), ATK IV: 69(0%), DEF IV: 86(0%), Work Speed: (0%), Skills: Waterproof, Stronghold Strategist
Alpha Gumoss, Level: 4, Rank: 1, Gender: Female, HP IV: 91(0%), ATK IV: 92(0%), DEF IV: 58(0%), Work Speed: (0%), Skills: Lucky, Veil of Darkness
Bristla, Level: 9, Rank: 1, Gender: Female, HP IV: 22(0%), ATK IV: 23(0%), DEF IV: 52(0%), Work Speed: (0%), Skills: Zen Mind
Cattiva, Level: 11, Rank: 1, Gender: Female, HP IV: 66(0%), ATK IV: 25(0%), DEF IV: 1(0%), Work Speed: (0%), Skills: Coward, Dainty Eater
Cattiva, Level: 4, Rank: 1, Gender: Male, HP IV: 5(0%), ATK IV: 70(0%), DEF IV: 17(0%), Work Speed: (0%), Skills: Coward, Bottomless Stomach, Workaholic
Cattiva, Level: 7, Rank: 1, Gender: Male, HP IV: 35(0%), ATK IV: 18(0%), DEF IV: 93(0%), Work Speed: (0%), Skills: Coward, Serious
Cattiva, Level: 8, Rank: 1, Gender: Female, HP IV: 68(0%), ATK IV: 63(0%), DEF IV: 58(0%), Work Speed: (0%), Skills: Coward
Celaray, Level: 3, Rank: 1, Gender: Female, HP IV: 63(0%), ATK IV: 45(0%), DEF IV: 92(0%), Work Speed: (0%), Skills: Motivational Leader
Celaray, Level: 4, Rank: 1, Gender: Female, HP IV: 91(0%), ATK IV: 28(0%), DEF IV: 34(0%), Work Speed: (0%), Skills: Zen Mind
Celaray, Level: 4, Rank: 1, Gender: Male, HP IV: 53(0%), ATK IV: 38(0%), DEF IV: 5(0%), Work Speed: (0%), Skills: Destructive
Chikipi, Level: 2, Rank: 1, Gender: Male, HP IV: 16(0%), ATK IV: 74(0%), DEF IV: 15(0%), Work Speed: (0%), Skills: Blood of the Dragon, Ferocious
Chikipi, Level: 9, Rank: 1, Gender: Male, HP IV: 19(0%), ATK IV: 14(0%), DEF IV: 44(0%), Work Speed: (0%), Skills: Zen Mind, Coward
Cremis, Level: 10, Rank: 1, Gender: Female, HP IV: 56(0%), ATK IV: 14(0%), DEF IV: 33(0%), Work Speed: (0%), Skills: Botanical Barrier
Cremis, Level: 4, Rank: 1, Gender: Male, HP IV: 45(0%), ATK IV: 95(0%), DEF IV: 65(0%), Work Speed: (0%), Skills: Blood of the Dragon
Eikthyrdeer, Level: 10, Rank: 1, Gender: Female, HP IV: 36(0%), ATK IV: 16(0%), DEF IV: 37(0%), Work Speed: (0%), Skills: Unstable
Foxparks, Level: 9, Rank: 1, Gender: Male, HP IV: 23(0%), ATK IV: 88(0%), DEF IV: 20(0%), Work Speed: (0%), Skills: Swift
Gumoss, Level: 10, Rank: 1, Gender: Male, HP IV: 5(0%), ATK IV: 50(0%), DEF IV: 81(0%), Work Speed: (0%), Skills: Waterproof
Gumoss, Level: 4, Rank: 1, Gender: Female, HP IV: 18(0%), ATK IV: 82(0%), DEF IV: 46(0%), Work Speed: (0%), Skills: Ferocious
Gumoss, Level: 5, Rank: 1, Gender: Female, HP IV: 75(0%), ATK IV: 65(0%), DEF IV: 6(0%), Work Speed: (0%), Skills: Conceited
Lamball, Level: 10, Rank: 1, Gender: Female, HP IV: 65(0%), ATK IV: 33(0%), DEF IV: 77(0%), Work Speed: (0%), Skills: Positive Thinker
Lamball, Level: 2, Rank: 1, Gender: Female, HP IV: 6(0%), ATK IV: 92(0%), DEF IV: 61(0%), Work Speed: (0%), Skills: Noble
Lamball, Level: 3, Rank: 1, Gender: Female, HP IV: 80(0%), ATK IV: 48(0%), DEF IV: 92(0%), Work Speed: (0%), Skills: Coldblooded, Logging Foreman
Lamball, Level: 5, Rank: 1, Gender: Male, HP IV: 27(0%), ATK IV: 50(0%), DEF IV: 22(0%), Work Speed: (0%), Skills: Clumsy
Lifmunk, Level: 12, Rank: 1, Gender: Female, HP IV: 25(0%), ATK IV: 14(0%), DEF IV: 24(0%), Work Speed: (0%), Skills: Vanguard
Lifmunk, Level: 3, Rank: 1, Gender: Male, HP IV: 20(0%), ATK IV: 24(0%), DEF IV: 24(0%), Work Speed: (0%), Skills: Sickly
Nitewing, Level: 9, Rank: 1, Gender: Female, HP IV: 89(0%), ATK IV: 89(0%), DEF IV: 75(0%), Work Speed: (0%)
Nitewing, Level: 9, Rank: 1, Gender: Male, HP IV: 39(0%), ATK IV: 33(0%), DEF IV: 17(0%), Work Speed: (0%), Skills: Conceited
Ribbuny, Level: 14, Rank: 1, Gender: Female, HP IV: 85(0%), ATK IV: 90(0%), DEF IV: 0(0%), Work Speed: (0%), Skills: Noble
Tanzee, Level: 13, Rank: 1, Gender: Male, HP IV: 62(0%), ATK IV: 68(0%), DEF IV: 52(0%), Work Speed: (0%), Skills: Hooligan
Teafant, Level: 12, Rank: 1, Gender: Male, HP IV: 61(0%), ATK IV: 14(0%), DEF IV: 91(0%), Work Speed: (0%), Skills: Destructive
Teafant, Level: 7, Rank: 1, Gender: Female, HP IV: 65(0%), ATK IV: 60(0%), DEF IV: 85(0%), Work Speed: (0%)
Teafant, Level: 8, Rank: 1, Gender: Male, HP IV: 94(0%), ATK IV: 50(0%), DEF IV: 8(0%), Work Speed: (0%), Skills: Work Slave
Tocotoco, Level: 17, Rank: 1, Gender: Male, HP IV: 49(0%), ATK IV: 23(0%), DEF IV: 86(0%), Work Speed: (0%)
Tocotoco, Level: 23, Rank: 1, Gender: Male, HP IV: 88(0%), ATK IV: 15(0%), DEF IV: 61(0%), Work Speed: (0%)
Vixy, Level: 10, Rank: 1, Gender: Female, HP IV: 90(0%), ATK IV: 85(0%), DEF IV: 66(0%), Work Speed: (0%)
Vixy, Level: 9, Rank: 1, Gender: Male, HP IV: 75(0%), ATK IV: 78(0%), DEF IV: 13(0%), Work Speed: (0%), Skills: Sadist
Tayo's 36 Pals
--------------
Alpha Chillet, Level: 11, Rank: 1, Gender: Male, HP IV: 80(0%), ATK IV: 69(0%), DEF IV: 86(0%), Work Speed: (0%), Skills: Waterproof, Stronghold Strategist
Alpha Gumoss, Level: 4, Rank: 1, Gender: Female, HP IV: 91(0%), ATK IV: 92(0%), DEF IV: 58(0%), Work Speed: (0%), Skills: Lucky, Veil of Darkness
Bristla, Level: 9, Rank: 1, Gender: Female, HP IV: 22(0%), ATK IV: 23(0%), DEF IV: 52(0%), Work Speed: (0%), Skills: Zen Mind
Cattiva, Level: 11, Rank: 1, Gender: Female, HP IV: 66(0%), ATK IV: 25(0%), DEF IV: 1(0%), Work Speed: (0%), Skills: Coward, Dainty Eater
Cattiva, Level: 4, Rank: 1, Gender: Male, HP IV: 5(0%), ATK IV: 70(0%), DEF IV: 17(0%), Work Speed: (0%), Skills: Coward, Bottomless Stomach, Workaholic
Cattiva, Level: 7, Rank: 1, Gender: Male, HP IV: 35(0%), ATK IV: 18(0%), DEF IV: 93(0%), Work Speed: (0%), Skills: Coward, Serious
Cattiva, Level: 8, Rank: 1, Gender: Female, HP IV: 68(0%), ATK IV: 63(0%), DEF IV: 58(0%), Work Speed: (0%), Skills: Coward
Celaray, Level: 3, Rank: 1, Gender: Female, HP IV: 63(0%), ATK IV: 45(0%), DEF IV: 92(0%), Work Speed: (0%), Skills: Motivational Leader
Celaray, Level: 4, Rank: 1, Gender: Female, HP IV: 91(0%), ATK IV: 28(0%), DEF IV: 34(0%), Work Speed: (0%), Skills: Zen Mind
Celaray, Level: 4, Rank: 1, Gender: Male, HP IV: 53(0%), ATK IV: 38(0%), DEF IV: 5(0%), Work Speed: (0%), Skills: Destructive
Chikipi, Level: 2, Rank: 1, Gender: Male, HP IV: 16(0%), ATK IV: 74(0%), DEF IV: 15(0%), Work Speed: (0%), Skills: Blood of the Dragon, Ferocious
Chikipi, Level: 9, Rank: 1, Gender: Male, HP IV: 19(0%), ATK IV: 14(0%), DEF IV: 44(0%), Work Speed: (0%), Skills: Zen Mind, Coward
Cremis, Level: 10, Rank: 1, Gender: Female, HP IV: 56(0%), ATK IV: 14(0%), DEF IV: 33(0%), Work Speed: (0%), Skills: Botanical Barrier
Cremis, Level: 4, Rank: 1, Gender: Male, HP IV: 45(0%), ATK IV: 95(0%), DEF IV: 65(0%), Work Speed: (0%), Skills: Blood of the Dragon
Eikthyrdeer, Level: 10, Rank: 1, Gender: Female, HP IV: 36(0%), ATK IV: 16(0%), DEF IV: 37(0%), Work Speed: (0%), Skills: Unstable
Foxparks, Level: 9, Rank: 1, Gender: Male, HP IV: 23(0%), ATK IV: 88(0%), DEF IV: 20(0%), Work Speed: (0%), Skills: Swift
Gumoss, Level: 10, Rank: 1, Gender: Male, HP IV: 5(0%), ATK IV: 50(0%), DEF IV: 81(0%), Work Speed: (0%), Skills: Waterproof
Gumoss, Level: 4, Rank: 1, Gender: Female, HP IV: 18(0%), ATK IV: 82(0%), DEF IV: 46(0%), Work Speed: (0%), Skills: Ferocious
Gumoss, Level: 5, Rank: 1, Gender: Female, HP IV: 75(0%), ATK IV: 65(0%), DEF IV: 6(0%), Work Speed: (0%), Skills: Conceited
Lamball, Level: 10, Rank: 1, Gender: Female, HP IV: 65(0%), ATK IV: 33(0%), DEF IV: 77(0%), Work Speed: (0%), Skills: Positive Thinker
Lamball, Level: 2, Rank: 1, Gender: Female, HP IV: 6(0%), ATK IV: 92(0%), DEF IV: 61(0%), Work Speed: (0%), Skills: Noble
Lamball, Level: 3, Rank: 1, Gender: Female, HP IV: 80(0%), ATK IV: 48(0%), DEF IV: 92(0%), Work Speed: (0%), Skills: Coldblooded, Logging Foreman
Lamball, Level: 5, Rank: 1, Gender: Male, HP IV: 27(0%), ATK IV: 50(0%), DEF IV: 22(0%), Work Speed: (0%), Skills: Clumsy
Lifmunk, Level: 12, Rank: 1, Gender: Female, HP IV: 25(0%), ATK IV: 14(0%), DEF IV: 24(0%), Work Speed: (0%), Skills: Vanguard
Lifmunk, Level: 3, Rank: 1, Gender: Male, HP IV: 20(0%), ATK IV: 24(0%), DEF IV: 24(0%), Work Speed: (0%), Skills: Sickly
Nitewing, Level: 9, Rank: 1, Gender: Female, HP IV: 89(0%), ATK IV: 89(0%), DEF IV: 75(0%), Work Speed: (0%)
Nitewing, Level: 9, Rank: 1, Gender: Male, HP IV: 39(0%), ATK IV: 33(0%), DEF IV: 17(0%), Work Speed: (0%), Skills: Conceited
Ribbuny, Level: 14, Rank: 1, Gender: Female, HP IV: 85(0%), ATK IV: 90(0%), DEF IV: 0(0%), Work Speed: (0%), Skills: Noble
Tanzee, Level: 13, Rank: 1, Gender: Male, HP IV: 62(0%), ATK IV: 68(0%), DEF IV: 52(0%), Work Speed: (0%), Skills: Hooligan
Teafant, Level: 12, Rank: 1, Gender: Male, HP IV: 61(0%), ATK IV: 14(0%), DEF IV: 91(0%), Work Speed: (0%), Skills: Destructive
Teafant, Level: 7, Rank: 1, Gender: Female, HP IV: 65(0%), ATK IV: 60(0%), DEF IV: 85(0%), Work Speed: (0%)
Teafant, Level: 8, Rank: 1, Gender: Male, HP IV: 94(0%), ATK IV: 50(0%), DEF IV: 8(0%), Work Speed: (0%), Skills: Work Slave
Tocotoco, Level: 17, Rank: 1, Gender: Male, HP IV: 49(0%), ATK IV: 23(0%), DEF IV: 86(0%), Work Speed: (0%)
Tocotoco, Level: 23, Rank: 1, Gender: Male, HP IV: 88(0%), ATK IV: 15(0%), DEF IV: 61(0%), Work Speed: (0%)
Vixy, Level: 10, Rank: 1, Gender: Female, HP IV: 90(0%), ATK IV: 85(0%), DEF IV: 66(0%), Work Speed: (0%)
Vixy, Level: 9, Rank: 1, Gender: Male, HP IV: 75(0%), ATK IV: 78(0%), DEF IV: 13(0%), Work Speed: (0%), Skills: Sadist
Tayo's 36 Pals
--------------
Alpha Chillet, Level: 11, Rank: 1, Gender: Male, HP IV: 80(0%), ATK IV: 69(0%), DEF IV: 86(0%), Work Speed: (0%), Skills: Waterproof, Stronghold Strategist
Alpha Gumoss, Level: 4, Rank: 1, Gender: Female, HP IV: 91(0%), ATK IV: 92(0%), DEF IV: 58(0%), Work Speed: (0%), Skills: Lucky, Veil of Darkness
Bristla, Level: 9, Rank: 1, Gender: Female, HP IV: 22(0%), ATK IV: 23(0%), DEF IV: 52(0%), Work Speed: (0%), Skills: Zen Mind
Cattiva, Level: 11, Rank: 1, Gender: Female, HP IV: 66(0%), ATK IV: 25(0%), DEF IV: 1(0%), Work Speed: (0%), Skills: Coward, Dainty Eater
Cattiva, Level: 4, Rank: 1, Gender: Male, HP IV: 5(0%), ATK IV: 70(0%), DEF IV: 17(0%), Work Speed: (0%), Skills: Coward, Bottomless Stomach, Workaholic
Cattiva, Level: 7, Rank: 1, Gender: Male, HP IV: 35(0%), ATK IV: 18(0%), DEF IV: 93(0%), Work Speed: (0%), Skills: Coward, Serious
Cattiva, Level: 8, Rank: 1, Gender: Female, HP IV: 68(0%), ATK IV: 63(0%), DEF IV: 58(0%), Work Speed: (0%), Skills: Coward
Celaray, Level: 3, Rank: 1, Gender: Female, HP IV: 63(0%), ATK IV: 45(0%), DEF IV: 92(0%), Work Speed: (0%), Skills: Motivational Leader
Celaray, Level: 4, Rank: 1, Gender: Female, HP IV: 91(0%), ATK IV: 28(0%), DEF IV: 34(0%), Work Speed: (0%), Skills: Zen Mind
Celaray, Level: 4, Rank: 1, Gender: Male, HP IV: 53(0%), ATK IV: 38(0%), DEF IV: 5(0%), Work Speed: (0%), Skills: Destructive
Chikipi, Level: 2, Rank: 1, Gender: Male, HP IV: 16(0%), ATK IV: 74(0%), DEF IV: 15(0%), Work Speed: (0%), Skills: Blood of the Dragon, Ferocious
Chikipi, Level: 9, Rank: 1, Gender: Male, HP IV: 19(0%), ATK IV: 14(0%), DEF IV: 44(0%), Work Speed: (0%), Skills: Zen Mind, Coward
Cremis, Level: 10, Rank: 1, Gender: Female, HP IV: 56(0%), ATK IV: 14(0%), DEF IV: 33(0%), Work Speed: (0%), Skills: Botanical Barrier
Cremis, Level: 4, Rank: 1, Gender: Male, HP IV: 45(0%), ATK IV: 95(0%), DEF IV: 65(0%), Work Speed: (0%), Skills: Blood of the Dragon
Eikthyrdeer, Level: 10, Rank: 1, Gender: Female, HP IV: 36(0%), ATK IV: 16(0%), DEF IV: 37(0%), Work Speed: (0%), Skills: Unstable
Foxparks, Level: 9, Rank: 1, Gender: Male, HP IV: 23(0%), ATK IV: 88(0%), DEF IV: 20(0%), Work Speed: (0%), Skills: Swift
Gumoss, Level: 10, Rank: 1, Gender: Male, HP IV: 5(0%), ATK IV: 50(0%), DEF IV: 81(0%), Work Speed: (0%), Skills: Waterproof
Gumoss, Level: 4, Rank: 1, Gender: Female, HP IV: 18(0%), ATK IV: 82(0%), DEF IV: 46(0%), Work Speed: (0%), Skills: Ferocious
Gumoss, Level: 5, Rank: 1, Gender: Female, HP IV: 75(0%), ATK IV: 65(0%), DEF IV: 6(0%), Work Speed: (0%), Skills: Conceited
Lamball, Level: 10, Rank: 1, Gender: Female, HP IV: 65(0%), ATK IV: 33(0%), DEF IV: 77(0%), Work Speed: (0%), Skills: Positive Thinker
Lamball, Level: 2, Rank: 1, Gender: Female, HP IV: 6(0%), ATK IV: 92(0%), DEF IV: 61(0%), Work Speed: (0%), Skills: Noble
Lamball, Level: 3, Rank: 1, Gender: Female, HP IV: 80(0%), ATK IV: 48(0%), DEF IV: 92(0%), Work Speed: (0%), Skills: Coldblooded, Logging Foreman
Lamball, Level: 5, Rank: 1, Gender: Male, HP IV: 27(0%), ATK IV: 50(0%), DEF IV: 22(0%), Work Speed: (0%), Skills: Clumsy
Lifmunk, Level: 12, Rank: 1, Gender: Female, HP IV: 25(0%), ATK IV: 14(0%), DEF IV: 24(0%), Work Speed: (0%), Skills: Vanguard
Lifmunk, Level: 3, Rank: 1, Gender: Male, HP IV: 20(0%), ATK IV: 24(0%), DEF IV: 24(0%), Work Speed: (0%), Skills: Sickly
Nitewing, Level: 9, Rank: 1, Gender: Female, HP IV: 89(0%), ATK IV: 89(0%), DEF IV: 75(0%), Work Speed: (0%)
Nitewing, Level: 9, Rank: 1, Gender: Male, HP IV: 39(0%), ATK IV: 33(0%), DEF IV: 17(0%), Work Speed: (0%), Skills: Conceited
Ribbuny, Level: 14, Rank: 1, Gender: Female, HP IV: 85(0%), ATK IV: 90(0%), DEF IV: 0(0%), Work Speed: (0%), Skills: Noble
Tanzee, Level: 13, Rank: 1, Gender: Male, HP IV: 62(0%), ATK IV: 68(0%), DEF IV: 52(0%), Work Speed: (0%), Skills: Hooligan
Teafant, Level: 12, Rank: 1, Gender: Male, HP IV: 61(0%), ATK IV: 14(0%), DEF IV: 91(0%), Work Speed: (0%), Skills: Destructive
Teafant, Level: 7, Rank: 1, Gender: Female, HP IV: 65(0%), ATK IV: 60(0%), DEF IV: 85(0%), Work Speed: (0%)
Teafant, Level: 8, Rank: 1, Gender: Male, HP IV: 94(0%), ATK IV: 50(0%), DEF IV: 8(0%), Work Speed: (0%), Skills: Work Slave
Tocotoco, Level: 17, Rank: 1, Gender: Male, HP IV: 49(0%), ATK IV: 23(0%), DEF IV: 86(0%), Work Speed: (0%)
Tocotoco, Level: 23, Rank: 1, Gender: Male, HP IV: 88(0%), ATK IV: 15(0%), DEF IV: 61(0%), Work Speed: (0%)
Vixy, Level: 10, Rank: 1, Gender: Female, HP IV: 90(0%), ATK IV: 85(0%), DEF IV: 66(0%), Work Speed: (0%)
Vixy, Level: 9, Rank: 1, Gender: Male, HP IV: 75(0%), ATK IV: 78(0%), DEF IV: 13(0%), Work Speed: (0%), Skills: Sadist
Tayo's 36 Pals
--------------
Alpha Chillet, Level: 11, Rank: 1, Gender: Male, HP IV: 80(0%), ATK IV: 69(0%), DEF IV: 86(0%), Work Speed: (0%), Skills: Waterproof, Stronghold Strategist
Alpha Gumoss, Level: 4, Rank: 1, Gender: Female, HP IV: 91(0%), ATK IV: 92(0%), DEF IV: 58(0%), Work Speed: (0%), Skills: Lucky, Veil of Darkness
Bristla, Level: 9, Rank: 1, Gender: Female, HP IV: 22(0%), ATK IV: 23(0%), DEF IV: 52(0%), Work Speed: (0%), Skills: Zen Mind
Cattiva, Level: 11, Rank: 1, Gender: Female, HP IV: 66(0%), ATK IV: 25(0%), DEF IV: 1(0%), Work Speed: (0%), Skills: Coward, Dainty Eater
Cattiva, Level: 4, Rank: 1, Gender: Male, HP IV: 5(0%), ATK IV: 70(0%), DEF IV: 17(0%), Work Speed: (0%), Skills: Coward, Bottomless Stomach, Workaholic
Cattiva, Level: 7, Rank: 1, Gender: Male, HP IV: 35(0%), ATK IV: 18(0%), DEF IV: 93(0%), Work Speed: (0%), Skills: Coward, Serious
Cattiva, Level: 8, Rank: 1, Gender: Female, HP IV: 68(0%), ATK IV: 63(0%), DEF IV: 58(0%), Work Speed: (0%), Skills: Coward
Celaray, Level: 3, Rank: 1, Gender: Female, HP IV: 63(0%), ATK IV: 45(0%), DEF IV: 92(0%), Work Speed: (0%), Skills: Motivational Leader
Celaray, Level: 4, Rank: 1, Gender: Female, HP IV: 91(0%), ATK IV: 28(0%), DEF IV: 34(0%), Work Speed: (0%), Skills: Zen Mind
Celaray, Level: 4, Rank: 1, Gender: Male, HP IV: 53(0%), ATK IV: 38(0%), DEF IV: 5(0%), Work Speed: (0%), Skills: Destructive
Chikipi, Level: 2, Rank: 1, Gender: Male, HP IV: 16(0%), ATK IV: 74(0%), DEF IV: 15(0%), Work Speed: (0%), Skills: Blood of the Dragon, Ferocious
Chikipi, Level: 9, Rank: 1, Gender: Male, HP IV: 19(0%), ATK IV: 14(0%), DEF IV: 44(0%), Work Speed: (0%), Skills: Zen Mind, Coward
Cremis, Level: 10, Rank: 1, Gender: Female, HP IV: 56(0%), ATK IV: 14(0%), DEF IV: 33(0%), Work Speed: (0%), Skills: Botanical Barrier
Cremis, Level: 4, Rank: 1, Gender: Male, HP IV: 45(0%), ATK IV: 95(0%), DEF IV: 65(0%), Work Speed: (0%), Skills: Blood of the Dragon
Eikthyrdeer, Level: 10, Rank: 1, Gender: Female, HP IV: 36(0%), ATK IV: 16(0%), DEF IV: 37(0%), Work Speed: (0%), Skills: Unstable
Foxparks, Level: 9, Rank: 1, Gender: Male, HP IV: 23(0%), ATK IV: 88(0%), DEF IV: 20(0%), Work Speed: (0%), Skills: Swift
Gumoss, Level: 10, Rank: 1, Gender: Male, HP IV: 5(0%), ATK IV: 50(0%), DEF IV: 81(0%), Work Speed: (0%), Skills: Waterproof
Gumoss, Level: 4, Rank: 1, Gender: Female, HP IV: 18(0%), ATK IV: 82(0%), DEF IV: 46(0%), Work Speed: (0%), Skills: Ferocious
Gumoss, Level: 5, Rank: 1, Gender: Female, HP IV: 75(0%), ATK IV: 65(0%), DEF IV: 6(0%), Work Speed: (0%), Skills: Conceited
Lamball, Level: 10, Rank: 1, Gender: Female, HP IV: 65(0%), ATK IV: 33(0%), DEF IV: 77(0%), Work Speed: (0%), Skills: Positive Thinker
Lamball, Level: 2, Rank: 1, Gender: Female, HP IV: 6(0%), ATK IV: 92(0%), DEF IV: 61(0%), Work Speed: (0%), Skills: Noble
Lamball, Level: 3, Rank: 1, Gender: Female, HP IV: 80(0%), ATK IV: 48(0%), DEF IV: 92(0%), Work Speed: (0%), Skills: Coldblooded, Logging Foreman
Lamball, Level: 5, Rank: 1, Gender: Male, HP IV: 27(0%), ATK IV: 50(0%), DEF IV: 22(0%), Work Speed: (0%), Skills: Clumsy
Lifmunk, Level: 12, Rank: 1, Gender: Female, HP IV: 25(0%), ATK IV: 14(0%), DEF IV: 24(0%), Work Speed: (0%), Skills: Vanguard
Lifmunk, Level: 3, Rank: 1, Gender: Male, HP IV: 20(0%), ATK IV: 24(0%), DEF IV: 24(0%), Work Speed: (0%), Skills: Sickly
Nitewing, Level: 9, Rank: 1, Gender: Female, HP IV: 89(0%), ATK IV: 89(0%), DEF IV: 75(0%), Work Speed: (0%)
Nitewing, Level: 9, Rank: 1, Gender: Male, HP IV: 39(0%), ATK IV: 33(0%), DEF IV: 17(0%), Work Speed: (0%), Skills: Conceited
Ribbuny, Level: 14, Rank: 1, Gender: Female, HP IV: 85(0%), ATK IV: 90(0%), DEF IV: 0(0%), Work Speed: (0%), Skills: Noble
Tanzee, Level: 13, Rank: 1, Gender: Male, HP IV: 62(0%), ATK IV: 68(0%), DEF IV: 52(0%), Work Speed: (0%), Skills: Hooligan
Teafant, Level: 12, Rank: 1, Gender: Male, HP IV: 61(0%), ATK IV: 14(0%), DEF IV: 91(0%), Work Speed: (0%), Skills: Destructive
Teafant, Level: 7, Rank: 1, Gender: Female, HP IV: 65(0%), ATK IV: 60(0%), DEF IV: 85(0%), Work Speed: (0%)
Teafant, Level: 8, Rank: 1, Gender: Male, HP IV: 94(0%), ATK IV: 50(0%), DEF IV: 8(0%), Work Speed: (0%), Skills: Work Slave
Tocotoco, Level: 17, Rank: 1, Gender: Male, HP IV: 49(0%), ATK IV: 23(0%), DEF IV: 86(0%), Work Speed: (0%)
Tocotoco, Level: 23, Rank: 1, Gender: Male, HP IV: 88(0%), ATK IV: 15(0%), DEF IV: 61(0%), Work Speed: (0%)
Vixy, Level: 10, Rank: 1, Gender: Female, HP IV: 90(0%), ATK IV: 85(0%), DEF IV: 66(0%), Work Speed: (0%)
Vixy, Level: 9, Rank: 1, Gender: Male, HP IV: 75(0%), ATK IV: 78(0%), DEF IV: 13(0%), Work Speed: (0%), Skills: Sadist
Tayo's 36 Pals
--------------
Alpha Chillet, Level: 11, Rank: 1, Gender: Male, HP IV: 80(0%), ATK IV: 69(0%), DEF IV: 86(0%), Work Speed: (0%), Skills: Waterproof, Stronghold Strategist
Alpha Gumoss, Level: 4, Rank: 1, Gender: Female, HP IV: 91(0%), ATK IV: 92(0%), DEF IV: 58(0%), Work Speed: (0%), Skills: Lucky, Veil of Darkness
Bristla, Level: 9, Rank: 1, Gender: Female, HP IV: 22(0%), ATK IV: 23(0%), DEF IV: 52(0%), Work Speed: (0%), Skills: Zen Mind
Cattiva, Level: 11, Rank: 1, Gender: Female, HP IV: 66(0%), ATK IV: 25(0%), DEF IV: 1(0%), Work Speed: (0%), Skills: Coward, Dainty Eater
Cattiva, Level: 4, Rank: 1, Gender: Male, HP IV: 5(0%), ATK IV: 70(0%), DEF IV: 17(0%), Work Speed: (0%), Skills: Coward, Bottomless Stomach, Workaholic
Cattiva, Level: 7, Rank: 1, Gender: Male, HP IV: 35(0%), ATK IV: 18(0%), DEF IV: 93(0%), Work Speed: (0%), Skills: Coward, Serious
Cattiva, Level: 8, Rank: 1, Gender: Female, HP IV: 68(0%), ATK IV: 63(0%), DEF IV: 58(0%), Work Speed: (0%), Skills: Coward
Celaray, Level: 3, Rank: 1, Gender: Female, HP IV: 63(0%), ATK IV: 45(0%), DEF IV: 92(0%), Work Speed: (0%), Skills: Motivational Leader
Celaray, Level: 4, Rank: 1, Gender: Female, HP IV: 91(0%), ATK IV: 28(0%), DEF IV: 34(0%), Work Speed: (0%), Skills: Zen Mind
Celaray, Level: 4, Rank: 1, Gender: Male, HP IV: 53(0%), ATK IV: 38(0%), DEF IV: 5(0%), Work Speed: (0%), Skills: Destructive
Chikipi, Level: 2, Rank: 1, Gender: Male, HP IV: 16(0%), ATK IV: 74(0%), DEF IV: 15(0%), Work Speed: (0%), Skills: Blood of the Dragon, Ferocious
Chikipi, Level: 9, Rank: 1, Gender: Male, HP IV: 19(0%), ATK IV: 14(0%), DEF IV: 44(0%), Work Speed: (0%), Skills: Zen Mind, Coward
Cremis, Level: 10, Rank: 1, Gender: Female, HP IV: 56(0%), ATK IV: 14(0%), DEF IV: 33(0%), Work Speed: (0%), Skills: Botanical Barrier
Cremis, Level: 4, Rank: 1, Gender: Male, HP IV: 45(0%), ATK IV: 95(0%), DEF IV: 65(0%), Work Speed: (0%), Skills: Blood of the Dragon
Eikthyrdeer, Level: 10, Rank: 1, Gender: Female, HP IV: 36(0%), ATK IV: 16(0%), DEF IV: 37(0%), Work Speed: (0%), Skills: Unstable
Foxparks, Level: 9, Rank: 1, Gender: Male, HP IV: 23(0%), ATK IV: 88(0%), DEF IV: 20(0%), Work Speed: (0%), Skills: Swift
Gumoss, Level: 10, Rank: 1, Gender: Male, HP IV: 5(0%), ATK IV: 50(0%), DEF IV: 81(0%), Work Speed: (0%), Skills: Waterproof
Gumoss, Level: 4, Rank: 1, Gender: Female, HP IV: 18(0%), ATK IV: 82(0%), DEF IV: 46(0%), Work Speed: (0%), Skills: Ferocious
Gumoss, Level: 5, Rank: 1, Gender: Female, HP IV: 75(0%), ATK IV: 65(0%), DEF IV: 6(0%), Work Speed: (0%), Skills: Conceited
Lamball, Level: 10, Rank: 1, Gender: Female, HP IV: 65(0%), ATK IV: 33(0%), DEF IV: 77(0%), Work Speed: (0%), Skills: Positive Thinker
Lamball, Level: 2, Rank: 1, Gender: Female, HP IV: 6(0%), ATK IV: 92(0%), DEF IV: 61(0%), Work Speed: (0%), Skills: Noble
Lamball, Level: 3, Rank: 1, Gender: Female, HP IV: 80(0%), ATK IV: 48(0%), DEF IV: 92(0%), Work Speed: (0%), Skills: Coldblooded, Logging Foreman
Lamball, Level: 5, Rank: 1, Gender: Male, HP IV: 27(0%), ATK IV: 50(0%), DEF IV: 22(0%), Work Speed: (0%), Skills: Clumsy
Lifmunk, Level: 12, Rank: 1, Gender: Female, HP IV: 25(0%), ATK IV: 14(0%), DEF IV: 24(0%), Work Speed: (0%), Skills: Vanguard
Lifmunk, Level: 3, Rank: 1, Gender: Male, HP IV: 20(0%), ATK IV: 24(0%), DEF IV: 24(0%), Work Speed: (0%), Skills: Sickly
Nitewing, Level: 9, Rank: 1, Gender: Female, HP IV: 89(0%), ATK IV: 89(0%), DEF IV: 75(0%), Work Speed: (0%)
Nitewing, Level: 9, Rank: 1, Gender: Male, HP IV: 39(0%), ATK IV: 33(0%), DEF IV: 17(0%), Work Speed: (0%), Skills: Conceited
Ribbuny, Level: 14, Rank: 1, Gender: Female, HP IV: 85(0%), ATK IV: 90(0%), DEF IV: 0(0%), Work Speed: (0%), Skills: Noble
Tanzee, Level: 13, Rank: 1, Gender: Male, HP IV: 62(0%), ATK IV: 68(0%), DEF IV: 52(0%), Work Speed: (0%), Skills: Hooligan
Teafant, Level: 12, Rank: 1, Gender: Male, HP IV: 61(0%), ATK IV: 14(0%), DEF IV: 91(0%), Work Speed: (0%), Skills: Destructive
Teafant, Level: 7, Rank: 1, Gender: Female, HP IV: 65(0%), ATK IV: 60(0%), DEF IV: 85(0%), Work Speed: (0%)
Teafant, Level: 8, Rank: 1, Gender: Male, HP IV: 94(0%), ATK IV: 50(0%), DEF IV: 8(0%), Work Speed: (0%), Skills: Work Slave
Tocotoco, Level: 17, Rank: 1, Gender: Male, HP IV: 49(0%), ATK IV: 23(0%), DEF IV: 86(0%), Work Speed: (0%)
Tocotoco, Level: 23, Rank: 1, Gender: Male, HP IV: 88(0%), ATK IV: 15(0%), DEF IV: 61(0%), Work Speed: (0%)
Vixy, Level: 10, Rank: 1, Gender: Female, HP IV: 90(0%), ATK IV: 85(0%), DEF IV: 66(0%), Work Speed: (0%)
Vixy, Level: 9, Rank: 1, Gender: Male, HP IV: 75(0%), ATK IV: 78(0%), DEF IV: 13(0%), Work Speed: (0%), Skills: Sadist
Tayo's 36 Pals
--------------
Alpha Chillet, Level: 11, Rank: 1, Gender: Male, HP IV: 80(0%), ATK IV: 69(0%), DEF IV: 86(0%), Work Speed: (0%), Skills: Waterproof, Stronghold Strategist
Alpha Gumoss, Level: 4, Rank: 1, Gender: Female, HP IV: 91(0%), ATK IV: 92(0%), DEF IV: 58(0%), Work Speed: (0%), Skills: Lucky, Veil of Darkness
Bristla, Level: 9, Rank: 1, Gender: Female, HP IV: 22(0%), ATK IV: 23(0%), DEF IV: 52(0%), Work Speed: (0%), Skills: Zen Mind
Cattiva, Level: 11, Rank: 1, Gender: Female, HP IV: 66(0%), ATK IV: 25(0%), DEF IV: 1(0%), Work Speed: (0%), Skills: Coward, Dainty Eater
Cattiva, Level: 4, Rank: 1, Gender: Male, HP IV: 5(0%), ATK IV: 70(0%), DEF IV: 17(0%), Work Speed: (0%), Skills: Coward, Bottomless Stomach, Workaholic
Cattiva, Level: 7, Rank: 1, Gender: Male, HP IV: 35(0%), ATK IV: 18(0%), DEF IV: 93(0%), Work Speed: (0%), Skills: Coward, Serious
Cattiva, Level: 8, Rank: 1, Gender: Female, HP IV: 68(0%), ATK IV: 63(0%), DEF IV: 58(0%), Work Speed: (0%), Skills: Coward
Celaray, Level: 3, Rank: 1, Gender: Female, HP IV: 63(0%), ATK IV: 45(0%), DEF IV: 92(0%), Work Speed: (0%), Skills: Motivational Leader
Celaray, Level: 4, Rank: 1, Gender: Female, HP IV: 91(0%), ATK IV: 28(0%), DEF IV: 34(0%), Work Speed: (0%), Skills: Zen Mind
Celaray, Level: 4, Rank: 1, Gender: Male, HP IV: 53(0%), ATK IV: 38(0%), DEF IV: 5(0%), Work Speed: (0%), Skills: Destructive
Chikipi, Level: 2, Rank: 1, Gender: Male, HP IV: 16(0%), ATK IV: 74(0%), DEF IV: 15(0%), Work Speed: (0%), Skills: Blood of the Dragon, Ferocious
Chikipi, Level: 9, Rank: 1, Gender: Male, HP IV: 19(0%), ATK IV: 14(0%), DEF IV: 44(0%), Work Speed: (0%), Skills: Zen Mind, Coward
Cremis, Level: 10, Rank: 1, Gender: Female, HP IV: 56(0%), ATK IV: 14(0%), DEF IV: 33(0%), Work Speed: (0%), Skills: Botanical Barrier
Cremis, Level: 4, Rank: 1, Gender: Male, HP IV: 45(0%), ATK IV: 95(0%), DEF IV: 65(0%), Work Speed: (0%), Skills: Blood of the Dragon
Eikthyrdeer, Level: 10, Rank: 1, Gender: Female, HP IV: 36(0%), ATK IV: 16(0%), DEF IV: 37(0%), Work Speed: (0%), Skills: Unstable
Foxparks, Level: 9, Rank: 1, Gender: Male, HP IV: 23(0%), ATK IV: 88(0%), DEF IV: 20(0%), Work Speed: (0%), Skills: Swift
Gumoss, Level: 10, Rank: 1, Gender: Male, HP IV: 5(0%), ATK IV: 50(0%), DEF IV: 81(0%), Work Speed: (0%), Skills: Waterproof
Gumoss, Level: 4, Rank: 1, Gender: Female, HP IV: 18(0%), ATK IV: 82(0%), DEF IV: 46(0%), Work Speed: (0%), Skills: Ferocious
Gumoss, Level: 5, Rank: 1, Gender: Female, HP IV: 75(0%), ATK IV: 65(0%), DEF IV: 6(0%), Work Speed: (0%), Skills: Conceited
Lamball, Level: 10, Rank: 1, Gender: Female, HP IV: 65(0%), ATK IV: 33(0%), DEF IV: 77(0%), Work Speed: (0%), Skills: Positive Thinker
Lamball, Level: 2, Rank: 1, Gender: Female, HP IV: 6(0%), ATK IV: 92(0%), DEF IV: 61(0%), Work Speed: (0%), Skills: Noble
Lamball, Level: 3, Rank: 1, Gender: Female, HP IV: 80(0%), ATK IV: 48(0%), DEF IV: 92(0%), Work Speed: (0%), Skills: Coldblooded, Logging Foreman
Lamball, Level: 5, Rank: 1, Gender: Male, HP IV: 27(0%), ATK IV: 50(0%), DEF IV: 22(0%), Work Speed: (0%), Skills: Clumsy
Lifmunk, Level: 12, Rank: 1, Gender: Female, HP IV: 25(0%), ATK IV: 14(0%), DEF IV: 24(0%), Work Speed: (0%), Skills: Vanguard
Lifmunk, Level: 3, Rank: 1, Gender: Male, HP IV: 20(0%), ATK IV: 24(0%), DEF IV: 24(0%), Work Speed: (0%), Skills: Sickly
Nitewing, Level: 9, Rank: 1, Gender: Female, HP IV: 89(0%), ATK IV: 89(0%), DEF IV: 75(0%), Work Speed: (0%)
Nitewing, Level: 9, Rank: 1, Gender: Male, HP IV: 39(0%), ATK IV: 33(0%), DEF IV: 17(0%), Work Speed: (0%), Skills: Conceited
Ribbuny, Level: 14, Rank: 1, Gender: Female, HP IV: 85(0%), ATK IV: 90(0%), DEF IV: 0(0%), Work Speed: (0%), Skills: Noble
Tanzee, Level: 13, Rank: 1, Gender: Male, HP IV: 62(0%), ATK IV: 68(0%), DEF IV: 52(0%), Work Speed: (0%), Skills: Hooligan
Teafant, Level: 12, Rank: 1, Gender: Male, HP IV: 61(0%), ATK IV: 14(0%), DEF IV: 91(0%), Work Speed: (0%), Skills: Destructive
Teafant, Level: 7, Rank: 1, Gender: Female, HP IV: 65(0%), ATK IV: 60(0%), DEF IV: 85(0%), Work Speed: (0%)
Teafant, Level: 8, Rank: 1, Gender: Male, HP IV: 94(0%), ATK IV: 50(0%), DEF IV: 8(0%), Work Speed: (0%), Skills: Work Slave
Tocotoco, Level: 17, Rank: 1, Gender: Male, HP IV: 49(0%), ATK IV: 23(0%), DEF IV: 86(0%), Work Speed: (0%)
Tocotoco, Level: 23, Rank: 1, Gender: Male, HP IV: 88(0%), ATK IV: 15(0%), DEF IV: 61(0%), Work Speed: (0%)
Vixy, Level: 10, Rank: 1, Gender: Female, HP IV: 90(0%), ATK IV: 85(0%), DEF IV: 66(0%), Work Speed: (0%)
Vixy, Level: 9, Rank: 1, Gender: Male, HP IV: 75(0%), ATK IV: 78(0%), DEF IV: 13(0%), Work Speed: (0%), Skills: Sadist
Tayo's 36 Pals
--------------
Alpha Chillet, Level: 11, Rank: 1, Gender: Male, HP IV: 80(0%), ATK IV: 69(0%), DEF IV: 86(0%), Work Speed: (0%), Skills: Waterproof, Stronghold Strategist
Alpha Gumoss, Level: 4, Rank: 1, Gender: Female, HP IV: 91(0%), ATK IV: 92(0%), DEF IV: 58(0%), Work Speed: (0%), Skills: Lucky, Veil of Darkness
Bristla, Level: 9, Rank: 1, Gender: Female, HP IV: 22(0%), ATK IV: 23(0%), DEF IV: 52(0%), Work Speed: (0%), Skills: Zen Mind
Cattiva, Level: 11, Rank: 1, Gender: Female, HP IV: 66(0%), ATK IV: 25(0%), DEF IV: 1(0%), Work Speed: (0%), Skills: Coward, Dainty Eater
Cattiva, Level: 4, Rank: 1, Gender: Male, HP IV: 5(0%), ATK IV: 70(0%), DEF IV: 17(0%), Work Speed: (0%), Skills: Coward, Bottomless Stomach, Workaholic
Cattiva, Level: 7, Rank: 1, Gender: Male, HP IV: 35(0%), ATK IV: 18(0%), DEF IV: 93(0%), Work Speed: (0%), Skills: Coward, Serious
Cattiva, Level: 8, Rank: 1, Gender: Female, HP IV: 68(0%), ATK IV: 63(0%), DEF IV: 58(0%), Work Speed: (0%), Skills: Coward
Celaray, Level: 3, Rank: 1, Gender: Female, HP IV: 63(0%), ATK IV: 45(0%), DEF IV: 92(0%), Work Speed: (0%), Skills: Motivational Leader
Celaray, Level: 4, Rank: 1, Gender: Female, HP IV: 91(0%), ATK IV: 28(0%), DEF IV: 34(0%), Work Speed: (0%), Skills: Zen Mind
Celaray, Level: 4, Rank: 1, Gender: Male, HP IV: 53(0%), ATK IV: 38(0%), DEF IV: 5(0%), Work Speed: (0%), Skills: Destructive
Chikipi, Level: 2, Rank: 1, Gender: Male, HP IV: 16(0%), ATK IV: 74(0%), DEF IV: 15(0%), Work Speed: (0%), Skills: Blood of the Dragon, Ferocious
Chikipi, Level: 9, Rank: 1, Gender: Male, HP IV: 19(0%), ATK IV: 14(0%), DEF IV: 44(0%), Work Speed: (0%), Skills: Zen Mind, Coward
Cremis, Level: 10, Rank: 1, Gender: Female, HP IV: 56(0%), ATK IV: 14(0%), DEF IV: 33(0%), Work Speed: (0%), Skills: Botanical Barrier
Cremis, Level: 4, Rank: 1, Gender: Male, HP IV: 45(0%), ATK IV: 95(0%), DEF IV: 65(0%), Work Speed: (0%), Skills: Blood of the Dragon
Eikthyrdeer, Level: 10, Rank: 1, Gender: Female, HP IV: 36(0%), ATK IV: 16(0%), DEF IV: 37(0%), Work Speed: (0%), Skills: Unstable
Foxparks, Level: 9, Rank: 1, Gender: Male, HP IV: 23(0%), ATK IV: 88(0%), DEF IV: 20(0%), Work Speed: (0%), Skills: Swift
Gumoss, Level: 10, Rank: 1, Gender: Male, HP IV: 5(0%), ATK IV: 50(0%), DEF IV: 81(0%), Work Speed: (0%), Skills: Waterproof
Gumoss, Level: 4, Rank: 1, Gender: Female, HP IV: 18(0%), ATK IV: 82(0%), DEF IV: 46(0%), Work Speed: (0%), Skills: Ferocious
Gumoss, Level: 5, Rank: 1, Gender: Female, HP IV: 75(0%), ATK IV: 65(0%), DEF IV: 6(0%), Work Speed: (0%), Skills: Conceited
Lamball, Level: 10, Rank: 1, Gender: Female, HP IV: 65(0%), ATK IV: 33(0%), DEF IV: 77(0%), Work Speed: (0%), Skills: Positive Thinker
Lamball, Level: 2, Rank: 1, Gender: Female, HP IV: 6(0%), ATK IV: 92(0%), DEF IV: 61(0%), Work Speed: (0%), Skills: Noble
Lamball, Level: 3, Rank: 1, Gender: Female, HP IV: 80(0%), ATK IV: 48(0%), DEF IV: 92(0%), Work Speed: (0%), Skills: Coldblooded, Logging Foreman
Lamball, Level: 5, Rank: 1, Gender: Male, HP IV: 27(0%), ATK IV: 50(0%), DEF IV: 22(0%), Work Speed: (0%), Skills: Clumsy
Lifmunk, Level: 12, Rank: 1, Gender: Female, HP IV: 25(0%), ATK IV: 14(0%), DEF IV: 24(0%), Work Speed: (0%), Skills: Vanguard
Lifmunk, Level: 3, Rank: 1, Gender: Male, HP IV: 20(0%), ATK IV: 24(0%), DEF IV: 24(0%), Work Speed: (0%), Skills: Sickly
Nitewing, Level: 9, Rank: 1, Gender: Female, HP IV: 89(0%), ATK IV: 89(0%), DEF IV: 75(0%), Work Speed: (0%)
Nitewing, Level: 9, Rank: 1, Gender: Male, HP IV: 39(0%), ATK IV: 33(0%), DEF IV: 17(0%), Work Speed: (0%), Skills: Conceited
Ribbuny, Level: 14, Rank: 1, Gender: Female, HP IV: 85(0%), ATK IV: 90(0%), DEF IV: 0(0%), Work Speed: (0%), Skills: Noble
Tanzee, Level: 13, Rank: 1, Gender: Male, HP IV: 62(0%), ATK IV: 68(0%), DEF IV: 52(0%), Work Speed: (0%), Skills: Hooligan
Teafant, Level: 12, Rank: 1, Gender: Male, HP IV: 61(0%), ATK IV: 14(0%), DEF IV: 91(0%), Work Speed: (0%), Skills: Destructive
Teafant, Level: 7, Rank: 1, Gender: Female, HP IV: 65(0%), ATK IV: 60(0%), DEF IV: 85(0%), Work Speed: (0%)
Teafant, Level: 8, Rank: 1, Gender: Male, HP IV: 94(0%), ATK IV: 50(0%), DEF IV: 8(0%), Work Speed: (0%), Skills: Work Slave
Tocotoco, Level: 17, Rank: 1, Gender: Male, HP IV: 49(0%), ATK IV: 23(0%), DEF IV: 86(0%), Work Speed: (0%)
Tocotoco, Level: 23, Rank: 1, Gender: Male, HP IV: 88(0%), ATK IV: 15(0%), DEF IV: 61(0%), Work Speed: (0%)
Vixy, Level: 10, Rank: 1, Gender: Female, HP IV: 90(0%), ATK IV: 85(0%), DEF IV: 66(0%), Work Speed: (0%)
Vixy, Level: 9, Rank: 1, Gender: Male, HP IV: 75(0%), ATK IV: 78(0%), DEF IV: 13(0%), Work Speed: (0%), Skills: Sadist
Tayo's 36 Pals
--------------
Alpha Chillet, Level: 11, Rank: 1, Gender: Male, HP IV: 80(0%), ATK IV: 69(0%), DEF IV: 86(0%), Work Speed: (0%), Skills: Waterproof, Stronghold Strategist
Alpha Gumoss, Level: 4, Rank: 1, Gender: Female, HP IV: 91(0%), ATK IV: 92(0%), DEF IV: 58(0%), Work Speed: (0%), Skills: Lucky, Veil of Darkness
Bristla, Level: 9, Rank: 1, Gender: Female, HP IV: 22(0%), ATK IV: 23(0%), DEF IV: 52(0%), Work Speed: (0%), Skills: Zen Mind
Cattiva, Level: 11, Rank: 1, Gender: Female, HP IV: 66(0%), ATK IV: 25(0%), DEF IV: 1(0%), Work Speed: (0%), Skills: Coward, Dainty Eater
Cattiva, Level: 4, Rank: 1, Gender: Male, HP IV: 5(0%), ATK IV: 70(0%), DEF IV: 17(0%), Work Speed: (0%), Skills: Coward, Bottomless Stomach, Workaholic
Cattiva, Level: 7, Rank: 1, Gender: Male, HP IV: 35(0%), ATK IV: 18(0%), DEF IV: 93(0%), Work Speed: (0%), Skills: Coward, Serious
Cattiva, Level: 8, Rank: 1, Gender: Female, HP IV: 68(0%), ATK IV: 63(0%), DEF IV: 58(0%), Work Speed: (0%), Skills: Coward
Celaray, Level: 3, Rank: 1, Gender: Female, HP IV: 63(0%), ATK IV: 45(0%), DEF IV: 92(0%), Work Speed: (0%), Skills: Motivational Leader
Celaray, Level: 4, Rank: 1, Gender: Female, HP IV: 91(0%), ATK IV: 28(0%), DEF IV: 34(0%), Work Speed: (0%), Skills: Zen Mind
Celaray, Level: 4, Rank: 1, Gender: Male, HP IV: 53(0%), ATK IV: 38(0%), DEF IV: 5(0%), Work Speed: (0%), Skills: Destructive
Chikipi, Level: 2, Rank: 1, Gender: Male, HP IV: 16(0%), ATK IV: 74(0%), DEF IV: 15(0%), Work Speed: (0%), Skills: Blood of the Dragon, Ferocious
Chikipi, Level: 9, Rank: 1, Gender: Male, HP IV: 19(0%), ATK IV: 14(0%), DEF IV: 44(0%), Work Speed: (0%), Skills: Zen Mind, Coward
Cremis, Level: 10, Rank: 1, Gender: Female, HP IV: 56(0%), ATK IV: 14(0%), DEF IV: 33(0%), Work Speed: (0%), Skills: Botanical Barrier
Cremis, Level: 4, Rank: 1, Gender: Male, HP IV: 45(0%), ATK IV: 95(0%), DEF IV: 65(0%), Work Speed: (0%), Skills: Blood of the Dragon
Eikthyrdeer, Level: 10, Rank: 1, Gender: Female, HP IV: 36(0%), ATK IV: 16(0%), DEF IV: 37(0%), Work Speed: (0%), Skills: Unstable
Foxparks, Level: 9, Rank: 1, Gender: Male, HP IV: 23(0%), ATK IV: 88(0%), DEF IV: 20(0%), Work Speed: (0%), Skills: Swift
Gumoss, Level: 10, Rank: 1, Gender: Male, HP IV: 5(0%), ATK IV: 50(0%), DEF IV: 81(0%), Work Speed: (0%), Skills: Waterproof
Gumoss, Level: 4, Rank: 1, Gender: Female, HP IV: 18(0%), ATK IV: 82(0%), DEF IV: 46(0%), Work Speed: (0%), Skills: Ferocious
Gumoss, Level: 5, Rank: 1, Gender: Female, HP IV: 75(0%), ATK IV: 65(0%), DEF IV: 6(0%), Work Speed: (0%), Skills: Conceited
Lamball, Level: 10, Rank: 1, Gender: Female, HP IV: 65(0%), ATK IV: 33(0%), DEF IV: 77(0%), Work Speed: (0%), Skills: Positive Thinker
Lamball, Level: 2, Rank: 1, Gender: Female, HP IV: 6(0%), ATK IV: 92(0%), DEF IV: 61(0%), Work Speed: (0%), Skills: Noble
Lamball, Level: 3, Rank: 1, Gender: Female, HP IV: 80(0%), ATK IV: 48(0%), DEF IV: 92(0%), Work Speed: (0%), Skills: Coldblooded, Logging Foreman
Lamball, Level: 5, Rank: 1, Gender: Male, HP IV: 27(0%), ATK IV: 50(0%), DEF IV: 22(0%), Work Speed: (0%), Skills: Clumsy
Lifmunk, Level: 12, Rank: 1, Gender: Female, HP IV: 25(0%), ATK IV: 14(0%), DEF IV: 24(0%), Work Speed: (0%), Skills: Vanguard
Lifmunk, Level: 3, Rank: 1, Gender: Male, HP IV: 20(0%), ATK IV: 24(0%), DEF IV: 24(0%), Work Speed: (0%), Skills: Sickly
Nitewing, Level: 9, Rank: 1, Gender: Female, HP IV: 89(0%), ATK IV: 89(0%), DEF IV: 75(0%), Work Speed: (0%)
Nitewing, Level: 9, Rank: 1, Gender: Male, HP IV: 39(0%), ATK IV: 33(0%), DEF IV: 17(0%), Work Speed: (0%), Skills: Conceited
Ribbuny, Level: 14, Rank: 1, Gender: Female, HP IV: 85(0%), ATK IV: 90(0%), DEF IV: 0(0%), Work Speed: (0%), Skills: Noble
Tanzee, Level: 13, Rank: 1, Gender: Male, HP IV: 62(0%), ATK IV: 68(0%), DEF IV: 52(0%), Work Speed: (0%), Skills: Hooligan
Teafant, Level: 12, Rank: 1, Gender: Male, HP IV: 61(0%), ATK IV: 14(0%), DEF IV: 91(0%), Work Speed: (0%), Skills: Destructive
Teafant, Level: 7, Rank: 1, Gender: Female, HP IV: 65(0%), ATK IV: 60(0%), DEF IV: 85(0%), Work Speed: (0%)
Teafant, Level: 8, Rank: 1, Gender: Male, HP IV: 94(0%), ATK IV: 50(0%), DEF IV: 8(0%), Work Speed: (0%), Skills: Work Slave
Tocotoco, Level: 17, Rank: 1, Gender: Male, HP IV: 49(0%), ATK IV: 23(0%), DEF IV: 86(0%), Work Speed: (0%)
Tocotoco, Level: 23, Rank: 1, Gender: Male, HP IV: 88(0%), ATK IV: 15(0%), DEF IV: 61(0%), Work Speed: (0%)
Vixy, Level: 10, Rank: 1, Gender: Female, HP IV: 90(0%), ATK IV: 85(0%), DEF IV: 66(0%), Work Speed: (0%)
Vixy, Level: 9, Rank: 1, Gender: Male, HP IV: 75(0%), ATK IV: 78(0%), DEF IV: 13(0%), Work Speed: (0%), Skills: Sadist
Tayo's 36 Pals
--------------
Alpha Chillet, Level: 11, Rank: 1, Gender: Male, HP IV: 80(0%), ATK IV: 69(0%), DEF IV: 86(0%), Work Speed: (0%), Skills: Waterproof, Stronghold Strategist
Alpha Gumoss, Level: 4, Rank: 1, Gender: Female, HP IV: 91(0%), ATK IV: 92(0%), DEF IV: 58(0%), Work Speed: (0%), Skills: Lucky, Veil of Darkness
Bristla, Level: 9, Rank: 1, Gender: Female, HP IV: 22(0%), ATK IV: 23(0%), DEF IV: 52(0%), Work Speed: (0%), Skills: Zen Mind
Cattiva, Level: 11, Rank: 1, Gender: Female, HP IV: 66(0%), ATK IV: 25(0%), DEF IV: 1(0%), Work Speed: (0%), Skills: Coward, Dainty Eater
Cattiva, Level: 4, Rank: 1, Gender: Male, HP IV: 5(0%), ATK IV: 70(0%), DEF IV: 17(0%), Work Speed: (0%), Skills: Coward, Bottomless Stomach, Workaholic
Cattiva, Level: 7, Rank: 1, Gender: Male, HP IV: 35(0%), ATK IV: 18(0%), DEF IV: 93(0%), Work Speed: (0%), Skills: Coward, Serious
Cattiva, Level: 8, Rank: 1, Gender: Female, HP IV: 68(0%), ATK IV: 63(0%), DEF IV: 58(0%), Work Speed: (0%), Skills: Coward
Celaray, Level: 3, Rank: 1, Gender: Female, HP IV: 63(0%), ATK IV: 45(0%), DEF IV: 92(0%), Work Speed: (0%), Skills: Motivational Leader
Celaray, Level: 4, Rank: 1, Gender: Female, HP IV: 91(0%), ATK IV: 28(0%), DEF IV: 34(0%), Work Speed: (0%), Skills: Zen Mind
Celaray, Level: 4, Rank: 1, Gender: Male, HP IV: 53(0%), ATK IV: 38(0%), DEF IV: 5(0%), Work Speed: (0%), Skills: Destructive
Chikipi, Level: 2, Rank: 1, Gender: Male, HP IV: 16(0%), ATK IV: 74(0%), DEF IV: 15(0%), Work Speed: (0%), Skills: Blood of the Dragon, Ferocious
Chikipi, Level: 9, Rank: 1, Gender: Male, HP IV: 19(0%), ATK IV: 14(0%), DEF IV: 44(0%), Work Speed: (0%), Skills: Zen Mind, Coward
Cremis, Level: 10, Rank: 1, Gender: Female, HP IV: 56(0%), ATK IV: 14(0%), DEF IV: 33(0%), Work Speed: (0%), Skills: Botanical Barrier
Cremis, Level: 4, Rank: 1, Gender: Male, HP IV: 45(0%), ATK IV: 95(0%), DEF IV: 65(0%), Work Speed: (0%), Skills: Blood of the Dragon
Eikthyrdeer, Level: 10, Rank: 1, Gender: Female, HP IV: 36(0%), ATK IV: 16(0%), DEF IV: 37(0%), Work Speed: (0%), Skills: Unstable
Foxparks, Level: 9, Rank: 1, Gender: Male, HP IV: 23(0%), ATK IV: 88(0%), DEF IV: 20(0%), Work Speed: (0%), Skills: Swift
Gumoss, Level: 10, Rank: 1, Gender: Male, HP IV: 5(0%), ATK IV: 50(0%), DEF IV: 81(0%), Work Speed: (0%), Skills: Waterproof
Gumoss, Level: 4, Rank: 1, Gender: Female, HP IV: 18(0%), ATK IV: 82(0%), DEF IV: 46(0%), Work Speed: (0%), Skills: Ferocious
Gumoss, Level: 5, Rank: 1, Gender: Female, HP IV: 75(0%), ATK IV: 65(0%), DEF IV: 6(0%), Work Speed: (0%), Skills: Conceited
Lamball, Level: 10, Rank: 1, Gender: Female, HP IV: 65(0%), ATK IV: 33(0%), DEF IV: 77(0%), Work Speed: (0%), Skills: Positive Thinker
Lamball, Level: 2, Rank: 1, Gender: Female, HP IV: 6(0%), ATK IV: 92(0%), DEF IV: 61(0%), Work Speed: (0%), Skills: Noble
Lamball, Level: 3, Rank: 1, Gender: Female, HP IV: 80(0%), ATK IV: 48(0%), DEF IV: 92(0%), Work Speed: (0%), Skills: Coldblooded, Logging Foreman
Lamball, Level: 5, Rank: 1, Gender: Male, HP IV: 27(0%), ATK IV: 50(0%), DEF IV: 22(0%), Work Speed: (0%), Skills: Clumsy
Lifmunk, Level: 12, Rank: 1, Gender: Female, HP IV: 25(0%), ATK IV: 14(0%), DEF IV: 24(0%), Work Speed: (0%), Skills: Vanguard
Lifmunk, Level: 3, Rank: 1, Gender: Male, HP IV: 20(0%), ATK IV: 24(0%), DEF IV: 24(0%), Work Speed: (0%), Skills: Sickly
Nitewing, Level: 9, Rank: 1, Gender: Female, HP IV: 89(0%), ATK IV: 89(0%), DEF IV: 75(0%), Work Speed: (0%)
Nitewing, Level: 9, Rank: 1, Gender: Male, HP IV: 39(0%), ATK IV: 33(0%), DEF IV: 17(0%), Work Speed: (0%), Skills: Conceited
Ribbuny, Level: 14, Rank: 1, Gender: Female, HP IV: 85(0%), ATK IV: 90(0%), DEF IV: 0(0%), Work Speed: (0%), Skills: Noble
Tanzee, Level: 13, Rank: 1, Gender: Male, HP IV: 62(0%), ATK IV: 68(0%), DEF IV: 52(0%), Work Speed: (0%), Skills: Hooligan
Teafant, Level: 12, Rank: 1, Gender: Male, HP IV: 61(0%), ATK IV: 14(0%), DEF IV: 91(0%), Work Speed: (0%), Skills: Destructive
Teafant, Level: 7, Rank: 1, Gender: Female, HP IV: 65(0%), ATK IV: 60(0%), DEF IV: 85(0%), Work Speed: (0%)
Teafant, Level: 8, Rank: 1, Gender: Male, HP IV: 94(0%), ATK IV: 50(0%), DEF IV: 8(0%), Work Speed: (0%), Skills: Work Slave
Tocotoco, Level: 17, Rank: 1, Gender: Male, HP IV: 49(0%), ATK IV: 23(0%), DEF IV: 86(0%), Work Speed: (0%)
Tocotoco, Level: 23, Rank: 1, Gender: Male, HP IV: 88(0%), ATK IV: 15(0%), DEF IV: 61(0%), Work Speed: (0%)
Vixy, Level: 10, Rank: 1, Gender: Female, HP IV: 90(0%), ATK IV: 85(0%), DEF IV: 66(0%), Work Speed: (0%)
Vixy, Level: 9, Rank: 1, Gender: Male, HP IV: 75(0%), ATK IV: 78(0%), DEF IV: 13(0%), Work Speed: (0%), Skills: Sadist
Tayo's 36 Pals
--------------
Alpha Chillet, Level: 11, Rank: 1, Gender: Male, HP IV: 80(0%), ATK IV: 69(0%), DEF IV: 86(0%), Work Speed: (0%), Skills: Waterproof, Stronghold Strategist
Alpha Gumoss, Level: 4, Rank: 1, Gender: Female, HP IV: 91(0%), ATK IV: 92(0%), DEF IV: 58(0%), Work Speed: (0%), Skills: Lucky, Veil of Darkness
Bristla, Level: 9, Rank: 1, Gender: Female, HP IV: 22(0%), ATK IV: 23(0%), DEF IV: 52(0%), Work Speed: (0%), Skills: Zen Mind
Cattiva, Level: 11, Rank: 1, Gender: Female, HP IV: 66(0%), ATK IV: 25(0%), DEF IV: 1(0%), Work Speed: (0%), Skills: Coward, Dainty Eater
Cattiva, Level: 4, Rank: 1, Gender: Male, HP IV: 5(0%), ATK IV: 70(0%), DEF IV: 17(0%), Work Speed: (0%), Skills: Coward, Bottomless Stomach, Workaholic
Cattiva, Level: 7, Rank: 1, Gender: Male, HP IV: 35(0%), ATK IV: 18(0%), DEF IV: 93(0%), Work Speed: (0%), Skills: Coward, Serious
Cattiva, Level: 8, Rank: 1, Gender: Female, HP IV: 68(0%), ATK IV: 63(0%), DEF IV: 58(0%), Work Speed: (0%), Skills: Coward
Celaray, Level: 3, Rank: 1, Gender: Female, HP IV: 63(0%), ATK IV: 45(0%), DEF IV: 92(0%), Work Speed: (0%), Skills: Motivational Leader
Celaray, Level: 4, Rank: 1, Gender: Female, HP IV: 91(0%), ATK IV: 28(0%), DEF IV: 34(0%), Work Speed: (0%), Skills: Zen Mind
Celaray, Level: 4, Rank: 1, Gender: Male, HP IV: 53(0%), ATK IV: 38(0%), DEF IV: 5(0%), Work Speed: (0%), Skills: Destructive
Chikipi, Level: 2, Rank: 1, Gender: Male, HP IV: 16(0%), ATK IV: 74(0%), DEF IV: 15(0%), Work Speed: (0%), Skills: Blood of the Dragon, Ferocious
Chikipi, Level: 9, Rank: 1, Gender: Male, HP IV: 19(0%), ATK IV: 14(0%), DEF IV: 44(0%), Work Speed: (0%), Skills: Zen Mind, Coward
Cremis, Level: 10, Rank: 1, Gender: Female, HP IV: 56(0%), ATK IV: 14(0%), DEF IV: 33(0%), Work Speed: (0%), Skills: Botanical Barrier
Cremis, Level: 4, Rank: 1, Gender: Male, HP IV: 45(0%), ATK IV: 95(0%), DEF IV: 65(0%), Work Speed: (0%), Skills: Blood of the Dragon
Eikthyrdeer, Level: 10, Rank: 1, Gender: Female, HP IV: 36(0%), ATK IV: 16(0%), DEF IV: 37(0%), Work Speed: (0%), Skills: Unstable
Foxparks, Level: 9, Rank: 1, Gender: Male, HP IV: 23(0%), ATK IV: 88(0%), DEF IV: 20(0%), Work Speed: (0%), Skills: Swift
Gumoss, Level: 10, Rank: 1, Gender: Male, HP IV: 5(0%), ATK IV: 50(0%), DEF IV: 81(0%), Work Speed: (0%), Skills: Waterproof
Gumoss, Level: 4, Rank: 1, Gender: Female, HP IV: 18(0%), ATK IV: 82(0%), DEF IV: 46(0%), Work Speed: (0%), Skills: Ferocious
Gumoss, Level: 5, Rank: 1, Gender: Female, HP IV: 75(0%), ATK IV: 65(0%), DEF IV: 6(0%), Work Speed: (0%), Skills: Conceited
Lamball, Level: 10, Rank: 1, Gender: Female, HP IV: 65(0%), ATK IV: 33(0%), DEF IV: 77(0%), Work Speed: (0%), Skills: Positive Thinker
Lamball, Level: 2, Rank: 1, Gender: Female, HP IV: 6(0%), ATK IV: 92(0%), DEF IV: 61(0%), Work Speed: (0%), Skills: Noble
Lamball, Level: 3, Rank: 1, Gender: Female, HP IV: 80(0%), ATK IV: 48(0%), DEF IV: 92(0%), Work Speed: (0%), Skills: Coldblooded, Logging Foreman
Lamball, Level: 5, Rank: 1, Gender: Male, HP IV: 27(0%), ATK IV: 50(0%), DEF IV: 22(0%), Work Speed: (0%), Skills: Clumsy
Lifmunk, Level: 12, Rank: 1, Gender: Female, HP IV: 25(0%), ATK IV: 14(0%), DEF IV: 24(0%), Work Speed: (0%), Skills: Vanguard
Lifmunk, Level: 3, Rank: 1, Gender: Male, HP IV: 20(0%), ATK IV: 24(0%), DEF IV: 24(0%), Work Speed: (0%), Skills: Sickly
Nitewing, Level: 9, Rank: 1, Gender: Female, HP IV: 89(0%), ATK IV: 89(0%), DEF IV: 75(0%), Work Speed: (0%)
Nitewing, Level: 9, Rank: 1, Gender: Male, HP IV: 39(0%), ATK IV: 33(0%), DEF IV: 17(0%), Work Speed: (0%), Skills: Conceited
Ribbuny, Level: 14, Rank: 1, Gender: Female, HP IV: 85(0%), ATK IV: 90(0%), DEF IV: 0(0%), Work Speed: (0%), Skills: Noble
Tanzee, Level: 13, Rank: 1, Gender: Male, HP IV: 62(0%), ATK IV: 68(0%), DEF IV: 52(0%), Work Speed: (0%), Skills: Hooligan
Teafant, Level: 12, Rank: 1, Gender: Male, HP IV: 61(0%), ATK IV: 14(0%), DEF IV: 91(0%), Work Speed: (0%), Skills: Destructive
Teafant, Level: 7, Rank: 1, Gender: Female, HP IV: 65(0%), ATK IV: 60(0%), DEF IV: 85(0%), Work Speed: (0%)
Teafant, Level: 8, Rank: 1, Gender: Male, HP IV: 94(0%), ATK IV: 50(0%), DEF IV: 8(0%), Work Speed: (0%), Skills: Work Slave
Tocotoco, Level: 17, Rank: 1, Gender: Male, HP IV: 49(0%), ATK IV: 23(0%), DEF IV: 86(0%), Work Speed: (0%)
Tocotoco, Level: 23, Rank: 1, Gender: Male, HP IV: 88(0%), ATK IV: 15(0%), DEF IV: 61(0%), Work Speed: (0%)
Vixy, Level: 10, Rank: 1, Gender: Female, HP IV: 90(0%), ATK IV: 85(0%), DEF IV: 66(0%), Work Speed: (0%)
Vixy, Level: 9, Rank: 1, Gender: Male, HP IV: 75(0%), ATK IV: 78(0%), DEF IV: 13(0%), Work Speed: (0%), Skills: Sadist
Tayo's 36 Pals
--------------
Alpha Chillet, Level: 11, Rank: 1, Gender: Male, HP IV: 80(0%), ATK IV: 69(0%), DEF IV: 86(0%), Work Speed: (0%), Skills: Waterproof, Stronghold Strategist
Alpha Gumoss, Level: 4, Rank: 1, Gender: Female, HP IV: 91(0%), ATK IV: 92(0%), DEF IV: 58(0%), Work Speed: (0%), Skills: Lucky, Veil of Darkness
Bristla, Level: 9, Rank: 1, Gender: Female, HP IV: 22(0%), ATK IV: 23(0%), DEF IV: 52(0%), Work Speed: (0%), Skills: Zen Mind
Cattiva, Level: 11, Rank: 1, Gender: Female, HP IV: 66(0%), ATK IV: 25(0%), DEF IV: 1(0%), Work Speed: (0%), Skills: Coward, Dainty Eater
Cattiva, Level: 4, Rank: 1, Gender: Male, HP IV: 5(0%), ATK IV: 70(0%), DEF IV: 17(0%), Work Speed: (0%), Skills: Coward, Bottomless Stomach, Workaholic
Cattiva, Level: 7, Rank: 1, Gender: Male, HP IV: 35(0%), ATK IV: 18(0%), DEF IV: 93(0%), Work Speed: (0%), Skills: Coward, Serious
Cattiva, Level: 8, Rank: 1, Gender: Female, HP IV: 68(0%), ATK IV: 63(0%), DEF IV: 58(0%), Work Speed: (0%), Skills: Coward
Celaray, Level: 3, Rank: 1, Gender: Female, HP IV: 63(0%), ATK IV: 45(0%), DEF IV: 92(0%), Work Speed: (0%), Skills: Motivational Leader
Celaray, Level: 4, Rank: 1, Gender: Female, HP IV: 91(0%), ATK IV: 28(0%), DEF IV: 34(0%), Work Speed: (0%), Skills: Zen Mind
Celaray, Level: 4, Rank: 1, Gender: Male, HP IV: 53(0%), ATK IV: 38(0%), DEF IV: 5(0%), Work Speed: (0%), Skills: Destructive
Chikipi, Level: 2, Rank: 1, Gender: Male, HP IV: 16(0%), ATK IV: 74(0%), DEF IV: 15(0%), Work Speed: (0%), Skills: Blood of the Dragon, Ferocious
Chikipi, Level: 9, Rank: 1, Gender: Male, HP IV: 19(0%), ATK IV: 14(0%), DEF IV: 44(0%), Work Speed: (0%), Skills: Zen Mind, Coward
Cremis, Level: 10, Rank: 1, Gender: Female, HP IV: 56(0%), ATK IV: 14(0%), DEF IV: 33(0%), Work Speed: (0%), Skills: Botanical Barrier
Cremis, Level: 4, Rank: 1, Gender: Male, HP IV: 45(0%), ATK IV: 95(0%), DEF IV: 65(0%), Work Speed: (0%), Skills: Blood of the Dragon
Eikthyrdeer, Level: 10, Rank: 1, Gender: Female, HP IV: 36(0%), ATK IV: 16(0%), DEF IV: 37(0%), Work Speed: (0%), Skills: Unstable
Foxparks, Level: 9, Rank: 1, Gender: Male, HP IV: 23(0%), ATK IV: 88(0%), DEF IV: 20(0%), Work Speed: (0%), Skills: Swift
Gumoss, Level: 10, Rank: 1, Gender: Male, HP IV: 5(0%), ATK IV: 50(0%), DEF IV: 81(0%), Work Speed: (0%), Skills: Waterproof
Gumoss, Level: 4, Rank: 1, Gender: Female, HP IV: 18(0%), ATK IV: 82(0%), DEF IV: 46(0%), Work Speed: (0%), Skills: Ferocious
Gumoss, Level: 5, Rank: 1, Gender: Female, HP IV: 75(0%), ATK IV: 65(0%), DEF IV: 6(0%), Work Speed: (0%), Skills: Conceited
Lamball, Level: 10, Rank: 1, Gender: Female, HP IV: 65(0%), ATK IV: 33(0%), DEF IV: 77(0%), Work Speed: (0%), Skills: Positive Thinker
Lamball, Level: 2, Rank: 1, Gender: Female, HP IV: 6(0%), ATK IV: 92(0%), DEF IV: 61(0%), Work Speed: (0%), Skills: Noble
Lamball, Level: 3, Rank: 1, Gender: Female, HP IV: 80(0%), ATK IV: 48(0%), DEF IV: 92(0%), Work Speed: (0%), Skills: Coldblooded, Logging Foreman
Lamball, Level: 5, Rank: 1, Gender: Male, HP IV: 27(0%), ATK IV: 50(0%), DEF IV: 22(0%), Work Speed: (0%), Skills: Clumsy
Lifmunk, Level: 12, Rank: 1, Gender: Female, HP IV: 25(0%), ATK IV: 14(0%), DEF IV: 24(0%), Work Speed: (0%), Skills: Vanguard
Lifmunk, Level: 3, Rank: 1, Gender: Male, HP IV: 20(0%), ATK IV: 24(0%), DEF IV: 24(0%), Work Speed: (0%), Skills: Sickly
Nitewing, Level: 9, Rank: 1, Gender: Female, HP IV: 89(0%), ATK IV: 89(0%), DEF IV: 75(0%), Work Speed: (0%)
Nitewing, Level: 9, Rank: 1, Gender: Male, HP IV: 39(0%), ATK IV: 33(0%), DEF IV: 17(0%), Work Speed: (0%), Skills: Conceited
Ribbuny, Level: 14, Rank: 1, Gender: Female, HP IV: 85(0%), ATK IV: 90(0%), DEF IV: 0(0%), Work Speed: (0%), Skills: Noble
Tanzee, Level: 13, Rank: 1, Gender: Male, HP IV: 62(0%), ATK IV: 68(0%), DEF IV: 52(0%), Work Speed: (0%), Skills: Hooligan
Teafant, Level: 12, Rank: 1, Gender: Male, HP IV: 61(0%), ATK IV: 14(0%), DEF IV: 91(0%), Work Speed: (0%), Skills: Destructive
Teafant, Level: 7, Rank: 1, Gender: Female, HP IV: 65(0%), ATK IV: 60(0%), DEF IV: 85(0%), Work Speed: (0%)
Teafant, Level: 8, Rank: 1, Gender: Male, HP IV: 94(0%), ATK IV: 50(0%), DEF IV: 8(0%), Work Speed: (0%), Skills: Work Slave
Tocotoco, Level: 17, Rank: 1, Gender: Male, HP IV: 49(0%), ATK IV: 23(0%), DEF IV: 86(0%), Work Speed: (0%)
Tocotoco, Level: 23, Rank: 1, Gender: Male, HP IV: 88(0%), ATK IV: 15(0%), DEF IV: 61(0%), Work Speed: (0%)
Vixy, Level: 10, Rank: 1, Gender: Female, HP IV: 90(0%), ATK IV: 85(0%), DEF IV: 66(0%), Work Speed: (0%)
Vixy, Level: 9, Rank: 1, Gender: Male, HP IV: 75(0%), ATK IV: 78(0%), DEF IV: 13(0%), Work Speed: (0%), Skills: Sadist
Tayo's 36 Pals
--------------
Alpha Chillet, Level: 11, Rank: 1, Gender: Male, HP IV: 80(0%), ATK IV: 69(0%), DEF IV: 86(0%), Work Speed: (0%), Skills: Waterproof, Stronghold Strategist
Alpha Gumoss, Level: 4, Rank: 1, Gender: Female, HP IV: 91(0%), ATK IV: 92(0%), DEF IV: 58(0%), Work Speed: (0%), Skills: Lucky, Veil of Darkness
Bristla, Level: 9, Rank: 1, Gender: Female, HP IV: 22(0%), ATK IV: 23(0%), DEF IV: 52(0%), Work Speed: (0%), Skills: Zen Mind
Cattiva, Level: 11, Rank: 1, Gender: Female, HP IV: 66(0%), ATK IV: 25(0%), DEF IV: 1(0%), Work Speed: (0%), Skills: Coward, Dainty Eater
Cattiva, Level: 4, Rank: 1, Gender: Male, HP IV: 5(0%), ATK IV: 70(0%), DEF IV: 17(0%), Work Speed: (0%), Skills: Coward, Bottomless Stomach, Workaholic
Cattiva, Level: 7, Rank: 1, Gender: Male, HP IV: 35(0%), ATK IV: 18(0%), DEF IV: 93(0%), Work Speed: (0%), Skills: Coward, Serious
Cattiva, Level: 8, Rank: 1, Gender: Female, HP IV: 68(0%), ATK IV: 63(0%), DEF IV: 58(0%), Work Speed: (0%), Skills: Coward
Celaray, Level: 3, Rank: 1, Gender: Female, HP IV: 63(0%), ATK IV: 45(0%), DEF IV: 92(0%), Work Speed: (0%), Skills: Motivational Leader
Celaray, Level: 4, Rank: 1, Gender: Female, HP IV: 91(0%), ATK IV: 28(0%), DEF IV: 34(0%), Work Speed: (0%), Skills: Zen Mind
Celaray, Level: 4, Rank: 1, Gender: Male, HP IV: 53(0%), ATK IV: 38(0%), DEF IV: 5(0%), Work Speed: (0%), Skills: Destructive
Chikipi, Level: 2, Rank: 1, Gender: Male, HP IV: 16(0%), ATK IV: 74(0%), DEF IV: 15(0%), Work Speed: (0%), Skills: Blood of the Dragon, Ferocious
Chikipi, Level: 9, Rank: 1, Gender: Male, HP IV: 19(0%), ATK IV: 14(0%), DEF IV: 44(0%), Work Speed: (0%), Skills: Zen Mind, Coward
Cremis, Level: 10, Rank: 1, Gender: Female, HP IV: 56(0%), ATK IV: 14(0%), DEF IV: 33(0%), Work Speed: (0%), Skills: Botanical Barrier
Cremis, Level: 4, Rank: 1, Gender: Male, HP IV: 45(0%), ATK IV: 95(0%), DEF IV: 65(0%), Work Speed: (0%), Skills: Blood of the Dragon
Eikthyrdeer, Level: 10, Rank: 1, Gender: Female, HP IV: 36(0%), ATK IV: 16(0%), DEF IV: 37(0%), Work Speed: (0%), Skills: Unstable
Foxparks, Level: 9, Rank: 1, Gender: Male, HP IV: 23(0%), ATK IV: 88(0%), DEF IV: 20(0%), Work Speed: (0%), Skills: Swift
Gumoss, Level: 10, Rank: 1, Gender: Male, HP IV: 5(0%), ATK IV: 50(0%), DEF IV: 81(0%), Work Speed: (0%), Skills: Waterproof
Gumoss, Level: 4, Rank: 1, Gender: Female, HP IV: 18(0%), ATK IV: 82(0%), DEF IV: 46(0%), Work Speed: (0%), Skills: Ferocious
Gumoss, Level: 5, Rank: 1, Gender: Female, HP IV: 75(0%), ATK IV: 65(0%), DEF IV: 6(0%), Work Speed: (0%), Skills: Conceited
Lamball, Level: 10, Rank: 1, Gender: Female, HP IV: 65(0%), ATK IV: 33(0%), DEF IV: 77(0%), Work Speed: (0%), Skills: Positive Thinker
Lamball, Level: 2, Rank: 1, Gender: Female, HP IV: 6(0%), ATK IV: 92(0%), DEF IV: 61(0%), Work Speed: (0%), Skills: Noble
Lamball, Level: 3, Rank: 1, Gender: Female, HP IV: 80(0%), ATK IV: 48(0%), DEF IV: 92(0%), Work Speed: (0%), Skills: Coldblooded, Logging Foreman
Lamball, Level: 5, Rank: 1, Gender: Male, HP IV: 27(0%), ATK IV: 50(0%), DEF IV: 22(0%), Work Speed: (0%), Skills: Clumsy
Lifmunk, Level: 12, Rank: 1, Gender: Female, HP IV: 25(0%), ATK IV: 14(0%), DEF IV: 24(0%), Work Speed: (0%), Skills: Vanguard
Lifmunk, Level: 3, Rank: 1, Gender: Male, HP IV: 20(0%), ATK IV: 24(0%), DEF IV: 24(0%), Work Speed: (0%), Skills: Sickly
Nitewing, Level: 9, Rank: 1, Gender: Female, HP IV: 89(0%), ATK IV: 89(0%), DEF IV: 75(0%), Work Speed: (0%)
Nitewing, Level: 9, Rank: 1, Gender: Male, HP IV: 39(0%), ATK IV: 33(0%), DEF IV: 17(0%), Work Speed: (0%), Skills: Conceited
Ribbuny, Level: 14, Rank: 1, Gender: Female, HP IV: 85(0%), ATK IV: 90(0%), DEF IV: 0(0%), Work Speed: (0%), Skills: Noble
Tanzee, Level: 13, Rank: 1, Gender: Male, HP IV: 62(0%), ATK IV: 68(0%), DEF IV: 52(0%), Work Speed: (0%), Skills: Hooligan
Teafant, Level: 12, Rank: 1, Gender: Male, HP IV: 61(0%), ATK IV: 14(0%), DEF IV: 91(0%), Work Speed: (0%), Skills: Destructive
Teafant, Level: 7, Rank: 1, Gender: Female, HP IV: 65(0%), ATK IV: 60(0%), DEF IV: 85(0%), Work Speed: (0%)
Teafant, Level: 8, Rank: 1, Gender: Male, HP IV: 94(0%), ATK IV: 50(0%), DEF IV: 8(0%), Work Speed: (0%), Skills: Work Slave
Tocotoco, Level: 17, Rank: 1, Gender: Male, HP IV: 49(0%), ATK IV: 23(0%), DEF IV: 86(0%), Work Speed: (0%)
Tocotoco, Level: 23, Rank: 1, Gender: Male, HP IV: 88(0%), ATK IV: 15(0%), DEF IV: 61(0%), Work Speed: (0%)
Vixy, Level: 10, Rank: 1, Gender: Female, HP IV: 90(0%), ATK IV: 85(0%), DEF IV: 66(0%), Work Speed: (0%)
Vixy, Level: 9, Rank: 1, Gender: Male, HP IV: 75(0%), ATK IV: 78(0%), DEF IV: 13(0%), Work Speed: (0%), Skills: Sadist
