Teerwenn's 6 Pals
-----------------
Cattiva, Level: 5, Rank: 1, Gender: Male, HP IV: 25(0%), ATK IV: 43(0%), DEF IV: 18(0%), Work Speed: (0%), Skills: Coward, Pacifist
Cremis, Level: 4, Rank: 1, Gender: Male, HP IV: 21(0%), ATK IV: 84(0%), DEF IV: 84(0%), Work Speed: (0%)
Cremis, Level: 5, Rank: 1, Gender: Male, HP IV: 70(0%), ATK IV: 91(0%), DEF IV: 94(0%), Work Speed: (0%), Skills: Power of Gaia
Gumoss (Special), Level: 3, Rank: 1, Gender: Female, HP IV: 85(0%), ATK IV: 79(0%), DEF IV: 19(0%), Work Speed: (0%), Skills: Fit as a Fiddle
Gumoss (Special), Level: 5, Rank: 1, Gender: Female, HP IV: 96(0%), ATK IV: 49(0%), DEF IV: 20(0%), Work Speed: (0%), Skills: Sickly
Lamball, Level: 5, Rank: 1, Gender: Male, HP IV: 94(0%), ATK IV: 66(0%), DEF IV: 50(0%), Work Speed: (0%), Skills: Shabby
Teerwenn's 15 Pals
------------------
Caprity, Level: 10, Rank: 1, Gender: Male, HP IV: 9(0%), ATK IV: 96(0%), DEF IV: 57(0%), Work Speed: (0%), Skills: Burly Body
Caprity, Level: 12, Rank: 1, Gender: Male, HP IV: 22(0%), ATK IV: 10(0%), DEF IV: 96(0%), Work Speed: (0%)
Cremis, Level: 3, Rank: 1, Gender: Male, HP IV: 86(0%), ATK IV: 88(0%), DEF IV: 25(0%), Work Speed: (0%)
Cremis, Level: 9, Rank: 1, Gender: Female, HP IV: 3(0%), ATK IV: 15(0%), DEF IV: 86(0%), Work Speed: (0%), Skills: Bottomless Stomach
Cremis, Level: 9, Rank: 1, Gender: Male, HP IV: 21(0%), ATK IV: 84(0%), DEF IV: 84(0%), Work Speed: (0%)
Cremis, Level: 9, Rank: 1, Gender: Male, HP IV: 70(0%), ATK IV: 91(0%), DEF IV: 94(0%), Work Speed: (0%), Skills: Power of Gaia
Gumoss (Special), Level: 3, Rank: 1, Gender: Female, HP IV: 85(0%), ATK IV: 79(0%), DEF IV: 19(0%), Work Speed: (0%), Skills: Fit as a Fiddle
Gumoss (Special), Level: 9, Rank: 1, Gender: Female, HP IV: 96(0%), ATK IV: 49(0%), DEF IV: 20(0%), Work Speed: (0%), Skills: Sickly
Hoocrates, Level: 3, Rank: 1, Gender: Male, HP IV: 67(0%), ATK IV: 61(0%), DEF IV: 29(0%), Work Speed: (0%), Skills: Nocturnal
Hoocrates, Level: 6, Rank: 1, Gender: Female, HP IV: 7(0%), ATK IV: 97(0%), DEF IV: 1(0%), Work Speed: (0%), Skills: Stronghold Strategist
Rushoar, Level: 3, Rank: 1, Gender: Female, HP IV: 37(0%), ATK IV: 55(0%), DEF IV: 89(0%), Work Speed: (0%), Skills: Pacifist
Sparkit, Level: 6, Rank: 1, Gender: Female, HP IV: 31(0%), ATK IV: 27(0%), DEF IV: 65(0%), Work Speed: (0%), Skills: Noble
Traveling Merchant, Level: 1, Rank: 1, Gender: Unknown, HP IV: 89(0%), ATK IV: 26(0%), DEF IV: 11(0%), Work Speed: (0%), Skills: Hydromaniac
Vixy, Level: 3, Rank: 1, Gender: Female, HP IV: 31(0%), ATK IV: 59(0%), DEF IV: 52(0%), Work Speed: (0%), Skills: Motivational Leader
Vixy, Level: 9, Rank: 1, Gender: Male, HP IV: 99(0%), ATK IV: 5(0%), DEF IV: 17(0%), Work Speed: (0%), Skills: Unstable
Teerwenn's 99 Pals
------------------
Alpha Dinossom, Level: 12, Rank: 1, Gender: Male, HP IV: 82(0%), ATK IV: 80(0%), DEF IV: 78(0%), Work Speed: (0%), Skills: Motivational Leader, Mine Foreman
Alpha Nitewing, Level: 17, Rank: 1, Gender: Male, HP IV: 65(0%), ATK IV: 55(0%), DEF IV: 83(0%), Work Speed: (0%), Skills: Lucky, Noble
Alpha Penking, Level: 15, Rank: 1, Gender: Female, HP IV: 81(0%), ATK IV: 84(0%), DEF IV: 62(0%), Work Speed: (0%), Skills: Power of Gaia
Alpha Rooby, Level: 11, Rank: 1, Gender: Female, HP IV: 87(0%), ATK IV: 63(0%), DEF IV: 53(0%), Work Speed: (0%), Skills: Coldblooded, Conceited, Work Slave
Alpha Rushoar, Level: 14, Rank: 1, Gender: Male, HP IV: 57(0%), ATK IV: 80(0%), DEF IV: 87(0%), Work Speed: (0%), Skills: Lucky
Caprity, Level: 10, Rank: 1, Gender: Female, HP IV: 61(0%), ATK IV: 11(0%), DEF IV: 84(0%), Work Speed: (0%), Skills: Pyromaniac, Positive Thinker
Caprity, Level: 10, Rank: 1, Gender: Male, HP IV: 9(0%), ATK IV: 96(0%), DEF IV: 57(0%), Work Speed: (0%), Skills: Burly Body
Caprity, Level: 11, Rank: 1, Gender: Female, HP IV: 66(0%), ATK IV: 92(0%), DEF IV: 63(0%), Work Speed: (0%), Skills: Ferocious
Caprity, Level: 12, Rank: 1, Gender: Male, HP IV: 22(0%), ATK IV: 10(0%), DEF IV: 96(0%), Work Speed: (0%)
Cattiva, Level: 12, Rank: 1, Gender: Male, HP IV: 25(0%), ATK IV: 43(0%), DEF IV: 18(0%), Work Speed: (0%), Skills: Coward, Pacifist
Cattiva, Level: 4, Rank: 1, Gender: Female, HP IV: 51(0%), ATK IV: 52(0%), DEF IV: 40(0%), Work Speed: (0%), Skills: Coward, Artisan, Musclehead
Celaray, Level: 2, Rank: 1, Gender: Male, HP IV: 37(0%), ATK IV: 38(0%), DEF IV: 20(0%), Work Speed: (0%), Skills: Fit as a Fiddle
Celaray, Level: 3, Rank: 1, Gender: Female, HP IV: 18(0%), ATK IV: 76(0%), DEF IV: 77(0%), Work Speed: (0%)
Celaray, Level: 3, Rank: 1, Gender: Male, HP IV: 30(0%), ATK IV: 50(0%), DEF IV: 76(0%), Work Speed: (0%), Skills: Earthquake Resistant
Celaray, Level: 3, Rank: 1, Gender: Male, HP IV: 79(0%), ATK IV: 68(0%), DEF IV: 88(0%), Work Speed: (0%), Skills: Suntan Lover
Celaray, Level: 4, Rank: 1, Gender: Female, HP IV: 8(0%), ATK IV: 34(0%), DEF IV: 23(0%), Work Speed: (0%), Skills: Cheery
Celaray, Level: 4, Rank: 1, Gender: Female, HP IV: 98(0%), ATK IV: 37(0%), DEF IV: 50(0%), Work Speed: (0%), Skills: Serenity
Chikipi, Level: 1, Rank: 1, Gender: Male, HP IV: 95(0%), ATK IV: 76(0%), DEF IV: 56(0%), Work Speed: (0%), Skills: Logging Foreman
Chikipi, Level: 3, Rank: 1, Gender: Male, HP IV: 46(0%), ATK IV: 59(0%), DEF IV: 4(0%), Work Speed: (0%), Skills: Unstable
Cinnamoth, Level: 1, Rank: 1, Gender: Male, HP IV: 74(0%), ATK IV: 25(0%), DEF IV: 64(0%), Work Speed: (0%), Skills: Hooligan
Cremis, Level: 12, Rank: 1, Gender: Female, HP IV: 63(0%), ATK IV: 49(0%), DEF IV: 58(0%), Work Speed: (0%), Skills: Hooligan
Cremis, Level: 2, Rank: 1, Gender: Female, HP IV: 47(0%), ATK IV: 2(0%), DEF IV: 2(0%), Work Speed: (0%), Skills: Ferocious
Cremis, Level: 2, Rank: 1, Gender: Female, HP IV: 99(0%), ATK IV: 8(0%), DEF IV: 52(0%), Work Speed: (0%), Skills: Unstable
Cremis, Level: 2, Rank: 1, Gender: Male, HP IV: 24(0%), ATK IV: 21(0%), DEF IV: 29(0%), Work Speed: (0%), Skills: Pacifist
Cremis, Level: 21, Rank: 1, Gender: Female, HP IV: 3(0%), ATK IV: 15(0%), DEF IV: 86(0%), Work Speed: (0%), Skills: Bottomless Stomach
Cremis, Level: 21, Rank: 1, Gender: Female, HP IV: 9(0%), ATK IV: 97(0%), DEF IV: 50(0%), Work Speed: (0%), Skills: Positive Thinker
Cremis, Level: 21, Rank: 1, Gender: Male, HP IV: 21(0%), ATK IV: 84(0%), DEF IV: 84(0%), Work Speed: (0%)
Cremis, Level: 21, Rank: 1, Gender: Male, HP IV: 70(0%), ATK IV: 91(0%), DEF IV: 94(0%), Work Speed: (0%), Skills: Power of Gaia
Cremis, Level: 3, Rank: 1, Gender: Female, HP IV: 38(0%), ATK IV: 11(0%), DEF IV: 43(0%), Work Speed: (0%), Skills: Sadist, Clumsy
Cremis, Level: 3, Rank: 1, Gender: Female, HP IV: 94(0%), ATK IV: 38(0%), DEF IV: 27(0%), Work Speed: (0%)
Cremis, Level: 3, Rank: 1, Gender: Male, HP IV: 86(0%), ATK IV: 88(0%), DEF IV: 25(0%), Work Speed: (0%)
Cremis, Level: 4, Rank: 1, Gender: Female, HP IV: 3(0%), ATK IV: 90(0%), DEF IV: 67(0%), Work Speed: (0%), Skills: Bottomless Stomach
Croajiro, Level: 5, Rank: 1, Gender: Female, HP IV: 88(0%), ATK IV: 59(0%), DEF IV: 1(0%), Work Speed: (0%), Skills: Fit as a Fiddle
Daedream, Level: 6, Rank: 1, Gender: Female, HP IV: 100(0%), ATK IV: 41(0%), DEF IV: 37(0%), Work Speed: (0%), Skills: Clumsy
Daedream, Level: 6, Rank: 1, Gender: Female, HP IV: 16(0%), ATK IV: 23(0%), DEF IV: 54(0%), Work Speed: (0%), Skills: Slacker
Daedream, Level: 6, Rank: 1, Gender: Male, HP IV: 28(0%), ATK IV: 78(0%), DEF IV: 99(0%), Work Speed: (0%)
Daedream, Level: 6, Rank: 1, Gender: Male, HP IV: 67(0%), ATK IV: 90(0%), DEF IV: 74(0%), Work Speed: (0%)
Direhowl, Level: 1, Rank: 1, Gender: Female, HP IV: 2(0%), ATK IV: 27(0%), DEF IV: 2(0%), Work Speed: (0%)
Foxparks, Level: 5, Rank: 1, Gender: Female, HP IV: 50(0%), ATK IV: 71(0%), DEF IV: 69(0%), Work Speed: (0%)
Fuack, Level: 12, Rank: 1, Gender: Male, HP IV: 65(0%), ATK IV: 36(0%), DEF IV: 65(0%), Work Speed: (0%), Skills: Coward
Fuack, Level: 3, Rank: 1, Gender: Male, HP IV: 5(0%), ATK IV: 69(0%), DEF IV: 73(0%), Work Speed: (0%), Skills: Artisan
Fuack, Level: 4, Rank: 1, Gender: Female, HP IV: 32(0%), ATK IV: 77(0%), DEF IV: 33(0%), Work Speed: (0%), Skills: Insulated Body
Fuack, Level: 5, Rank: 1, Gender: Male, HP IV: 44(0%), ATK IV: 69(0%), DEF IV: 81(0%), Work Speed: (0%), Skills: Diet Lover
Fuack, Level: 5, Rank: 1, Gender: Male, HP IV: 56(0%), ATK IV: 69(0%), DEF IV: 77(0%), Work Speed: (0%), Skills: Botanical Barrier
Fuddler, Level: 5, Rank: 1, Gender: Male, HP IV: 20(0%), ATK IV: 97(0%), DEF IV: 42(0%), Work Speed: (0%), Skills: Destructive
Fuddler, Level: 6, Rank: 1, Gender: Female, HP IV: 93(0%), ATK IV: 38(0%), DEF IV: 42(0%), Work Speed: (0%), Skills: Positive Thinker
Fuddler, Level: 9, Rank: 1, Gender: Male, HP IV: 15(0%), ATK IV: 31(0%), DEF IV: 67(0%), Work Speed: (0%), Skills: Swift
Gumoss (Special), Level: 12, Rank: 1, Gender: Female, HP IV: 96(0%), ATK IV: 49(0%), DEF IV: 20(0%), Work Speed: (0%), Skills: Sickly
Gumoss (Special), Level: 3, Rank: 1, Gender: Female, HP IV: 85(0%), ATK IV: 79(0%), DEF IV: 19(0%), Work Speed: (0%), Skills: Fit as a Fiddle
Gumoss, Level: 3, Rank: 1, Gender: Female, HP IV: 14(0%), ATK IV: 68(0%), DEF IV: 99(0%), Work Speed: (0%), Skills: Conceited
Gumoss, Level: 3, Rank: 1, Gender: Female, HP IV: 68(0%), ATK IV: 55(0%), DEF IV: 10(0%), Work Speed: (0%), Skills: Fragrant Foliage, Ferocious, Fit as a Fiddle
Gumoss, Level: 3, Rank: 1, Gender: Male, HP IV: 34(0%), ATK IV: 50(0%), DEF IV: 65(0%), Work Speed: (0%), Skills: Heated Body
Gumoss, Level: 4, Rank: 1, Gender: Female, HP IV: 58(0%), ATK IV: 68(0%), DEF IV: 28(0%), Work Speed: (0%), Skills: Hard Skin
Gumoss, Level: 4, Rank: 1, Gender: Male, HP IV: 100(0%), ATK IV: 47(0%), DEF IV: 39(0%), Work Speed: (0%), Skills: Abnormal
Gumoss, Level: 5, Rank: 1, Gender: Male, HP IV: 48(0%), ATK IV: 35(0%), DEF IV: 84(0%), Work Speed: (0%), Skills: Heated Body
Gumoss, Level: 5, Rank: 1, Gender: Male, HP IV: 56(0%), ATK IV: 90(0%), DEF IV: 65(0%), Work Speed: (0%), Skills: Waterproof, Shabby
Hoocrates, Level: 3, Rank: 1, Gender: Male, HP IV: 67(0%), ATK IV: 61(0%), DEF IV: 29(0%), Work Speed: (0%), Skills: Nocturnal
Hoocrates, Level: 4, Rank: 1, Gender: Female, HP IV: 7(0%), ATK IV: 65(0%), DEF IV: 91(0%), Work Speed: (0%), Skills: Fragrant Foliage, Burly Body, Impatient, Fit as a Fiddle
Hoocrates, Level: 5, Rank: 1, Gender: Female, HP IV: 61(0%), ATK IV: 27(0%), DEF IV: 40(0%), Work Speed: (0%), Skills: Mine Foreman
Hoocrates, Level: 6, Rank: 1, Gender: Female, HP IV: 7(0%), ATK IV: 97(0%), DEF IV: 1(0%), Work Speed: (0%), Skills: Stronghold Strategist
Killamari, Level: 7, Rank: 1, Gender: Male, HP IV: 36(0%), ATK IV: 49(0%), DEF IV: 9(0%), Work Speed: (0%), Skills: Blood of the Dragon, Glutton
Killamari, Level: 8, Rank: 1, Gender: Female, HP IV: 23(0%), ATK IV: 42(0%), DEF IV: 19(0%), Work Speed: (0%), Skills: Coward
Killamari, Level: 8, Rank: 1, Gender: Male, HP IV: 55(0%), ATK IV: 53(0%), DEF IV: 25(0%), Work Speed: (0%), Skills: Pyromaniac
Killamari, Level: 9, Rank: 1, Gender: Male, HP IV: 14(0%), ATK IV: 21(0%), DEF IV: 23(0%), Work Speed: (0%), Skills: Impatient
Killamari, Level: 9, Rank: 1, Gender: Male, HP IV: 46(0%), ATK IV: 48(0%), DEF IV: 59(0%), Work Speed: (0%), Skills: Earthquake Resistant
Lamball, Level: 12, Rank: 1, Gender: Male, HP IV: 94(0%), ATK IV: 66(0%), DEF IV: 50(0%), Work Speed: (0%), Skills: Shabby
Lifmunk, Level: 3, Rank: 1, Gender: Male, HP IV: 97(0%), ATK IV: 22(0%), DEF IV: 83(0%), Work Speed: (0%), Skills: Musclehead
Lifmunk, Level: 5, Rank: 1, Gender: Female, HP IV: 6(0%), ATK IV: 64(0%), DEF IV: 0(0%), Work Speed: (0%), Skills: Swift
Pengullet, Level: 10, Rank: 1, Gender: Female, HP IV: 0(0%), ATK IV: 76(0%), DEF IV: 0(0%), Work Speed: (0%), Skills: Sickly
Pengullet, Level: 10, Rank: 1, Gender: Female, HP IV: 51(0%), ATK IV: 13(0%), DEF IV: 28(0%), Work Speed: (0%), Skills: Clumsy
Pengullet, Level: 10, Rank: 1, Gender: Female, HP IV: 66(0%), ATK IV: 50(0%), DEF IV: 73(0%), Work Speed: (0%)
Pengullet, Level: 10, Rank: 1, Gender: Male, HP IV: 30(0%), ATK IV: 54(0%), DEF IV: 80(0%), Work Speed: (0%), Skills: Hard Skin
Pengullet, Level: 11, Rank: 1, Gender: Female, HP IV: 37(0%), ATK IV: 0(0%), DEF IV: 63(0%), Work Speed: (0%), Skills: Pyromaniac
Pengullet, Level: 11, Rank: 1, Gender: Female, HP IV: 4(0%), ATK IV: 17(0%), DEF IV: 89(0%), Work Speed: (0%), Skills: Aggressive, Workaholic
Pengullet, Level: 11, Rank: 1, Gender: Male, HP IV: 4(0%), ATK IV: 66(0%), DEF IV: 41(0%), Work Speed: (0%)
Pengullet, Level: 3, Rank: 1, Gender: Male, HP IV: 87(0%), ATK IV: 9(0%), DEF IV: 57(0%), Work Speed: (0%)
Pengullet, Level: 5, Rank: 1, Gender: Male, HP IV: 22(0%), ATK IV: 29(0%), DEF IV: 99(0%), Work Speed: (0%), Skills: Mine Foreman
Rooby, Level: 8, Rank: 1, Gender: Male, HP IV: 22(0%), ATK IV: 38(0%), DEF IV: 100(0%), Work Speed: (0%), Skills: Noble
Rushoar, Level: 3, Rank: 1, Gender: Female, HP IV: 37(0%), ATK IV: 55(0%), DEF IV: 89(0%), Work Speed: (0%), Skills: Pacifist
Rushoar, Level: 3, Rank: 1, Gender: Female, HP IV: 51(0%), ATK IV: 76(0%), DEF IV: 8(0%), Work Speed: (0%)
Rushoar, Level: 3, Rank: 1, Gender: Male, HP IV: 38(0%), ATK IV: 84(0%), DEF IV: 94(0%), Work Speed: (0%), Skills: Swift
Rushoar, Level: 4, Rank: 1, Gender: Male, HP IV: 26(0%), ATK IV: 6(0%), DEF IV: 66(0%), Work Speed: (0%), Skills: Brave
Rushoar, Level: 4, Rank: 1, Gender: Male, HP IV: 43(0%), ATK IV: 9(0%), DEF IV: 27(0%), Work Speed: (0%), Skills: Work Slave
Rushoar, Level: 4, Rank: 1, Gender: Male, HP IV: 50(0%), ATK IV: 68(0%), DEF IV: 31(0%), Work Speed: (0%), Skills: Impatient
Rushoar, Level: 4, Rank: 1, Gender: Male, HP IV: 51(0%), ATK IV: 35(0%), DEF IV: 58(0%), Work Speed: (0%), Skills: Pacifist
Rushoar, Level: 5, Rank: 1, Gender: Male, HP IV: 37(0%), ATK IV: 88(0%), DEF IV: 23(0%), Work Speed: (0%), Skills: Unstable
Rushoar, Level: 6, Rank: 1, Gender: Female, HP IV: 12(0%), ATK IV: 96(0%), DEF IV: 94(0%), Work Speed: (0%), Skills: Unstable
Rushoar, Level: 6, Rank: 1, Gender: Male, HP IV: 64(0%), ATK IV: 49(0%), DEF IV: 32(0%), Work Speed: (0%), Skills: Bottomless Stomach
Rushoar, Level: 6, Rank: 1, Gender: Male, HP IV: 89(0%), ATK IV: 63(0%), DEF IV: 60(0%), Work Speed: (0%), Skills: Zen Mind
Sparkit, Level: 3, Rank: 1, Gender: Male, HP IV: 49(0%), ATK IV: 75(0%), DEF IV: 47(0%), Work Speed: (0%), Skills: Hydromaniac
Sparkit, Level: 5, Rank: 1, Gender: Female, HP IV: 53(0%), ATK IV: 38(0%), DEF IV: 52(0%), Work Speed: (0%), Skills: Waterproof
Sparkit, Level: 6, Rank: 1, Gender: Female, HP IV: 31(0%), ATK IV: 27(0%), DEF IV: 65(0%), Work Speed: (0%), Skills: Noble
Teafant, Level: 2, Rank: 1, Gender: Male, HP IV: 44(0%), ATK IV: 82(0%), DEF IV: 49(0%), Work Speed: (0%), Skills: Motivational Leader
Teafant, Level: 4, Rank: 1, Gender: Female, HP IV: 20(0%), ATK IV: 21(0%), DEF IV: 33(0%), Work Speed: (0%), Skills: Brave
Traveling Merchant, Level: 1, Rank: 1, Gender: Unknown, HP IV: 87(0%), ATK IV: 14(0%), DEF IV: 47(0%), Work Speed: (0%), Skills: Work Slave
Traveling Merchant, Level: 2, Rank: 1, Gender: Unknown, HP IV: 89(0%), ATK IV: 26(0%), DEF IV: 11(0%), Work Speed: (0%), Skills: Hydromaniac
Vixy, Level: 21, Rank: 1, Gender: Male, HP IV: 99(0%), ATK IV: 5(0%), DEF IV: 17(0%), Work Speed: (0%), Skills: Unstable
Vixy, Level: 3, Rank: 1, Gender: Female, HP IV: 31(0%), ATK IV: 59(0%), DEF IV: 52(0%), Work Speed: (0%), Skills: Motivational Leader
Vixy, Level: 6, Rank: 1, Gender: Female, HP IV: 8(0%), ATK IV: 60(0%), DEF IV: 22(0%), Work Speed: (0%), Skills: Dainty Eater
Teerwenn's 145 Pals
-------------------
Alpha Chillet, Level: 11, Rank: 1, Gender: Female, HP IV: 84(0%), ATK IV: 74(0%), DEF IV: 100(0%), Work Speed: (0%), Skills: Waterproof
Alpha Dinossom, Level: 12, Rank: 1, Gender: Male, HP IV: 82(0%), ATK IV: 80(0%), DEF IV: 78(0%), Work Speed: (0%), Skills: Motivational Leader, Mine Foreman
Alpha Katress, Level: 23, Rank: 1, Gender: Male, HP IV: 74(0%), ATK IV: 51(0%), DEF IV: 82(0%), Work Speed: (0%), Skills: Fine Furs, Blood of the Dragon
Alpha Nitewing, Level: 22, Rank: 1, Gender: Male, HP IV: 65(0%), ATK IV: 55(0%), DEF IV: 83(0%), Work Speed: (0%), Skills: Lucky, Noble
Alpha Penking, Level: 15, Rank: 1, Gender: Female, HP IV: 81(0%), ATK IV: 84(0%), DEF IV: 62(0%), Work Speed: (0%), Skills: Power of Gaia
Alpha Rooby, Level: 11, Rank: 1, Gender: Female, HP IV: 87(0%), ATK IV: 63(0%), DEF IV: 53(0%), Work Speed: (0%), Skills: Coldblooded, Conceited, Work Slave
Alpha Rushoar, Level: 14, Rank: 1, Gender: Male, HP IV: 57(0%), ATK IV: 80(0%), DEF IV: 87(0%), Work Speed: (0%), Skills: Lucky
Caprity, Level: 10, Rank: 1, Gender: Female, HP IV: 61(0%), ATK IV: 11(0%), DEF IV: 84(0%), Work Speed: (0%), Skills: Pyromaniac, Positive Thinker
Caprity, Level: 10, Rank: 1, Gender: Male, HP IV: 9(0%), ATK IV: 96(0%), DEF IV: 57(0%), Work Speed: (0%), Skills: Burly Body
Caprity, Level: 11, Rank: 1, Gender: Female, HP IV: 66(0%), ATK IV: 92(0%), DEF IV: 63(0%), Work Speed: (0%), Skills: Ferocious
Caprity, Level: 12, Rank: 1, Gender: Male, HP IV: 22(0%), ATK IV: 10(0%), DEF IV: 96(0%), Work Speed: (0%)
Cattiva, Level: 12, Rank: 1, Gender: Male, HP IV: 25(0%), ATK IV: 43(0%), DEF IV: 18(0%), Work Speed: (0%), Skills: Coward, Pacifist
Cattiva, Level: 4, Rank: 1, Gender: Female, HP IV: 51(0%), ATK IV: 52(0%), DEF IV: 40(0%), Work Speed: (0%), Skills: Coward, Artisan, Musclehead
Celaray, Level: 2, Rank: 1, Gender: Male, HP IV: 37(0%), ATK IV: 38(0%), DEF IV: 20(0%), Work Speed: (0%), Skills: Fit as a Fiddle
Celaray, Level: 3, Rank: 1, Gender: Female, HP IV: 18(0%), ATK IV: 76(0%), DEF IV: 77(0%), Work Speed: (0%)
Celaray, Level: 3, Rank: 1, Gender: Male, HP IV: 30(0%), ATK IV: 50(0%), DEF IV: 76(0%), Work Speed: (0%), Skills: Earthquake Resistant
Celaray, Level: 3, Rank: 1, Gender: Male, HP IV: 79(0%), ATK IV: 68(0%), DEF IV: 88(0%), Work Speed: (0%), Skills: Suntan Lover
Celaray, Level: 4, Rank: 1, Gender: Female, HP IV: 8(0%), ATK IV: 34(0%), DEF IV: 23(0%), Work Speed: (0%), Skills: Cheery
Celaray, Level: 4, Rank: 1, Gender: Female, HP IV: 98(0%), ATK IV: 37(0%), DEF IV: 50(0%), Work Speed: (0%), Skills: Serenity
Chikipi, Level: 1, Rank: 1, Gender: Male, HP IV: 95(0%), ATK IV: 76(0%), DEF IV: 56(0%), Work Speed: (0%), Skills: Logging Foreman
Chikipi, Level: 3, Rank: 1, Gender: Male, HP IV: 46(0%), ATK IV: 59(0%), DEF IV: 4(0%), Work Speed: (0%), Skills: Unstable
Chikipi, Level: 5, Rank: 1, Gender: Female, HP IV: 55(0%), ATK IV: 43(0%), DEF IV: 29(0%), Work Speed: (0%), Skills: Coward
Cinnamoth, Level: 1, Rank: 1, Gender: Male, HP IV: 74(0%), ATK IV: 25(0%), DEF IV: 64(0%), Work Speed: (0%), Skills: Hooligan
Cremis, Level: 12, Rank: 1, Gender: Female, HP IV: 63(0%), ATK IV: 49(0%), DEF IV: 58(0%), Work Speed: (0%), Skills: Hooligan
Cremis, Level: 2, Rank: 1, Gender: Female, HP IV: 47(0%), ATK IV: 2(0%), DEF IV: 2(0%), Work Speed: (0%), Skills: Ferocious
Cremis, Level: 2, Rank: 1, Gender: Female, HP IV: 99(0%), ATK IV: 8(0%), DEF IV: 52(0%), Work Speed: (0%), Skills: Unstable
Cremis, Level: 2, Rank: 1, Gender: Male, HP IV: 24(0%), ATK IV: 21(0%), DEF IV: 29(0%), Work Speed: (0%), Skills: Pacifist
Cremis, Level: 21, Rank: 1, Gender: Male, HP IV: 70(0%), ATK IV: 91(0%), DEF IV: 94(0%), Work Speed: (0%), Skills: Power of Gaia
Cremis, Level: 23, Rank: 1, Gender: Female, HP IV: 3(0%), ATK IV: 15(0%), DEF IV: 86(0%), Work Speed: (0%), Skills: Bottomless Stomach
Cremis, Level: 23, Rank: 1, Gender: Female, HP IV: 9(0%), ATK IV: 97(0%), DEF IV: 50(0%), Work Speed: (0%), Skills: Positive Thinker
Cremis, Level: 23, Rank: 1, Gender: Male, HP IV: 21(0%), ATK IV: 84(0%), DEF IV: 84(0%), Work Speed: (0%)
Cremis, Level: 3, Rank: 1, Gender: Female, HP IV: 38(0%), ATK IV: 11(0%), DEF IV: 43(0%), Work Speed: (0%), Skills: Sadist, Clumsy
Cremis, Level: 3, Rank: 1, Gender: Female, HP IV: 94(0%), ATK IV: 38(0%), DEF IV: 27(0%), Work Speed: (0%)
Cremis, Level: 3, Rank: 1, Gender: Male, HP IV: 86(0%), ATK IV: 88(0%), DEF IV: 25(0%), Work Speed: (0%)
Cremis, Level: 4, Rank: 1, Gender: Female, HP IV: 3(0%), ATK IV: 90(0%), DEF IV: 67(0%), Work Speed: (0%), Skills: Bottomless Stomach
Croajiro, Level: 5, Rank: 1, Gender: Female, HP IV: 88(0%), ATK IV: 59(0%), DEF IV: 1(0%), Work Speed: (0%), Skills: Fit as a Fiddle
Daedream, Level: 6, Rank: 1, Gender: Female, HP IV: 100(0%), ATK IV: 41(0%), DEF IV: 37(0%), Work Speed: (0%), Skills: Clumsy
Daedream, Level: 6, Rank: 1, Gender: Female, HP IV: 16(0%), ATK IV: 23(0%), DEF IV: 54(0%), Work Speed: (0%), Skills: Slacker
Daedream, Level: 6, Rank: 1, Gender: Male, HP IV: 28(0%), ATK IV: 78(0%), DEF IV: 99(0%), Work Speed: (0%)
Daedream, Level: 6, Rank: 1, Gender: Male, HP IV: 67(0%), ATK IV: 90(0%), DEF IV: 74(0%), Work Speed: (0%)
Depresso, Level: 3, Rank: 1, Gender: Female, HP IV: 36(0%), ATK IV: 25(0%), DEF IV: 58(0%), Work Speed: (0%), Skills: Cheery
Depresso, Level: 4, Rank: 1, Gender: Female, HP IV: 93(0%), ATK IV: 11(0%), DEF IV: 47(0%), Work Speed: (0%), Skills: Dainty Eater
Depresso, Level: 4, Rank: 1, Gender: Male, HP IV: 92(0%), ATK IV: 59(0%), DEF IV: 17(0%), Work Speed: (0%), Skills: Diet Lover
Depresso, Level: 5, Rank: 1, Gender: Male, HP IV: 34(0%), ATK IV: 18(0%), DEF IV: 88(0%), Work Speed: (0%), Skills: Fine Furs, Diet Lover
Depresso, Level: 5, Rank: 1, Gender: Male, HP IV: 34(0%), ATK IV: 79(0%), DEF IV: 50(0%), Work Speed: (0%), Skills: Insulated Body
Depresso, Level: 6, Rank: 1, Gender: Male, HP IV: 45(0%), ATK IV: 83(0%), DEF IV: 98(0%), Work Speed: (0%), Skills: Nocturnal
Dinossom, Level: 1, Rank: 1, Gender: Female, HP IV: 3(0%), ATK IV: 42(0%), DEF IV: 46(0%), Work Speed: (0%), Skills: Brave
Direhowl, Level: 1, Rank: 1, Gender: Female, HP IV: 2(0%), ATK IV: 27(0%), DEF IV: 2(0%), Work Speed: (0%)
Eikthyrdeer, Level: 11, Rank: 1, Gender: Female, HP IV: 1(0%), ATK IV: 21(0%), DEF IV: 84(0%), Work Speed: (0%), Skills: Aggressive
Eikthyrdeer, Level: 8, Rank: 1, Gender: Female, HP IV: 28(0%), ATK IV: 17(0%), DEF IV: 11(0%), Work Speed: (0%), Skills: Bottomless Stomach
Eikthyrdeer, Level: 8, Rank: 1, Gender: Male, HP IV: 49(0%), ATK IV: 69(0%), DEF IV: 76(0%), Work Speed: (0%), Skills: Unstable
Eikthyrdeer, Level: 8, Rank: 1, Gender: Male, HP IV: 52(0%), ATK IV: 79(0%), DEF IV: 14(0%), Work Speed: (0%), Skills: Shabby, Conceited
Eikthyrdeer, Level: 9, Rank: 1, Gender: Male, HP IV: 53(0%), ATK IV: 83(0%), DEF IV: 10(0%), Work Speed: (0%)
Eikthyrdeer, Level: 9, Rank: 1, Gender: Male, HP IV: 8(0%), ATK IV: 84(0%), DEF IV: 44(0%), Work Speed: (0%)
Foxparks, Level: 5, Rank: 1, Gender: Female, HP IV: 50(0%), ATK IV: 71(0%), DEF IV: 69(0%), Work Speed: (0%)
Fuack, Level: 12, Rank: 1, Gender: Male, HP IV: 65(0%), ATK IV: 36(0%), DEF IV: 65(0%), Work Speed: (0%), Skills: Coward
Fuack, Level: 3, Rank: 1, Gender: Female, HP IV: 39(0%), ATK IV: 16(0%), DEF IV: 51(0%), Work Speed: (0%), Skills: Pacifist
Fuack, Level: 3, Rank: 1, Gender: Male, HP IV: 5(0%), ATK IV: 69(0%), DEF IV: 73(0%), Work Speed: (0%), Skills: Artisan
Fuack, Level: 3, Rank: 1, Gender: Male, HP IV: 81(0%), ATK IV: 2(0%), DEF IV: 6(0%), Work Speed: (0%), Skills: Hooligan
Fuack, Level: 4, Rank: 1, Gender: Female, HP IV: 32(0%), ATK IV: 77(0%), DEF IV: 33(0%), Work Speed: (0%), Skills: Insulated Body
Fuack, Level: 5, Rank: 1, Gender: Male, HP IV: 44(0%), ATK IV: 69(0%), DEF IV: 81(0%), Work Speed: (0%), Skills: Diet Lover
Fuack, Level: 5, Rank: 1, Gender: Male, HP IV: 56(0%), ATK IV: 69(0%), DEF IV: 77(0%), Work Speed: (0%), Skills: Botanical Barrier
Fuack, Level: 6, Rank: 1, Gender: Male, HP IV: 60(0%), ATK IV: 31(0%), DEF IV: 67(0%), Work Speed: (0%), Skills: Suntan Lover, Impatient, Power of Gaia, Infinite Stamina
Fuddler, Level: 5, Rank: 1, Gender: Male, HP IV: 20(0%), ATK IV: 97(0%), DEF IV: 42(0%), Work Speed: (0%), Skills: Destructive
Fuddler, Level: 6, Rank: 1, Gender: Female, HP IV: 93(0%), ATK IV: 38(0%), DEF IV: 42(0%), Work Speed: (0%), Skills: Positive Thinker
Fuddler, Level: 9, Rank: 1, Gender: Male, HP IV: 15(0%), ATK IV: 31(0%), DEF IV: 67(0%), Work Speed: (0%), Skills: Swift
Gumoss (Special), Level: 12, Rank: 1, Gender: Female, HP IV: 96(0%), ATK IV: 49(0%), DEF IV: 20(0%), Work Speed: (0%), Skills: Sickly
Gumoss (Special), Level: 3, Rank: 1, Gender: Female, HP IV: 85(0%), ATK IV: 79(0%), DEF IV: 19(0%), Work Speed: (0%), Skills: Fit as a Fiddle
Gumoss, Level: 2, Rank: 1, Gender: Female, HP IV: 73(0%), ATK IV: 96(0%), DEF IV: 96(0%), Work Speed: (0%)
Gumoss, Level: 3, Rank: 1, Gender: Female, HP IV: 14(0%), ATK IV: 68(0%), DEF IV: 99(0%), Work Speed: (0%), Skills: Conceited
Gumoss, Level: 3, Rank: 1, Gender: Female, HP IV: 68(0%), ATK IV: 55(0%), DEF IV: 10(0%), Work Speed: (0%), Skills: Fragrant Foliage, Ferocious, Fit as a Fiddle
Gumoss, Level: 3, Rank: 1, Gender: Male, HP IV: 34(0%), ATK IV: 50(0%), DEF IV: 65(0%), Work Speed: (0%), Skills: Heated Body
Gumoss, Level: 4, Rank: 1, Gender: Female, HP IV: 58(0%), ATK IV: 68(0%), DEF IV: 28(0%), Work Speed: (0%), Skills: Hard Skin
Gumoss, Level: 4, Rank: 1, Gender: Male, HP IV: 100(0%), ATK IV: 47(0%), DEF IV: 39(0%), Work Speed: (0%), Skills: Abnormal
Gumoss, Level: 5, Rank: 1, Gender: Male, HP IV: 48(0%), ATK IV: 35(0%), DEF IV: 84(0%), Work Speed: (0%), Skills: Heated Body
Gumoss, Level: 5, Rank: 1, Gender: Male, HP IV: 56(0%), ATK IV: 90(0%), DEF IV: 65(0%), Work Speed: (0%), Skills: Waterproof, Shabby
Gumoss, Level: 5, Rank: 1, Gender: Male, HP IV: 95(0%), ATK IV: 51(0%), DEF IV: 97(0%), Work Speed: (0%), Skills: Mine Foreman
Hoocrates, Level: 3, Rank: 1, Gender: Female, HP IV: 59(0%), ATK IV: 14(0%), DEF IV: 37(0%), Work Speed: (0%), Skills: Runner
Hoocrates, Level: 3, Rank: 1, Gender: Female, HP IV: 91(0%), ATK IV: 42(0%), DEF IV: 28(0%), Work Speed: (0%), Skills: Philantropist
Hoocrates, Level: 3, Rank: 1, Gender: Male, HP IV: 62(0%), ATK IV: 47(0%), DEF IV: 45(0%), Work Speed: (0%)
Hoocrates, Level: 3, Rank: 1, Gender: Male, HP IV: 67(0%), ATK IV: 61(0%), DEF IV: 29(0%), Work Speed: (0%), Skills: Nocturnal
Hoocrates, Level: 3, Rank: 1, Gender: Male, HP IV: 80(0%), ATK IV: 25(0%), DEF IV: 75(0%), Work Speed: (0%), Skills: Coldblooded
Hoocrates, Level: 4, Rank: 1, Gender: Female, HP IV: 7(0%), ATK IV: 65(0%), DEF IV: 91(0%), Work Speed: (0%), Skills: Fragrant Foliage, Burly Body, Impatient, Fit as a Fiddle
Hoocrates, Level: 5, Rank: 1, Gender: Female, HP IV: 61(0%), ATK IV: 27(0%), DEF IV: 40(0%), Work Speed: (0%), Skills: Mine Foreman
Hoocrates, Level: 5, Rank: 1, Gender: Female, HP IV: 7(0%), ATK IV: 92(0%), DEF IV: 12(0%), Work Speed: (0%), Skills: Botanical Barrier
Hoocrates, Level: 5, Rank: 1, Gender: Male, HP IV: 1(0%), ATK IV: 43(0%), DEF IV: 67(0%), Work Speed: (0%), Skills: Unstable
Hoocrates, Level: 5, Rank: 1, Gender: Male, HP IV: 20(0%), ATK IV: 28(0%), DEF IV: 98(0%), Work Speed: (0%), Skills: Fine Furs, Diet Lover
Hoocrates, Level: 6, Rank: 1, Gender: Female, HP IV: 7(0%), ATK IV: 97(0%), DEF IV: 1(0%), Work Speed: (0%), Skills: Stronghold Strategist
Killamari, Level: 7, Rank: 1, Gender: Male, HP IV: 36(0%), ATK IV: 49(0%), DEF IV: 9(0%), Work Speed: (0%), Skills: Blood of the Dragon, Glutton
Killamari, Level: 8, Rank: 1, Gender: Female, HP IV: 23(0%), ATK IV: 42(0%), DEF IV: 19(0%), Work Speed: (0%), Skills: Coward
Killamari, Level: 8, Rank: 1, Gender: Male, HP IV: 55(0%), ATK IV: 53(0%), DEF IV: 25(0%), Work Speed: (0%), Skills: Pyromaniac
Killamari, Level: 9, Rank: 1, Gender: Male, HP IV: 14(0%), ATK IV: 21(0%), DEF IV: 23(0%), Work Speed: (0%), Skills: Impatient
Killamari, Level: 9, Rank: 1, Gender: Male, HP IV: 46(0%), ATK IV: 48(0%), DEF IV: 59(0%), Work Speed: (0%), Skills: Earthquake Resistant
Lamball, Level: 12, Rank: 1, Gender: Male, HP IV: 94(0%), ATK IV: 66(0%), DEF IV: 50(0%), Work Speed: (0%), Skills: Shabby
Lamball, Level: 4, Rank: 1, Gender: Female, HP IV: 57(0%), ATK IV: 97(0%), DEF IV: 54(0%), Work Speed: (0%)
Lamball, Level: 4, Rank: 1, Gender: Male, HP IV: 4(0%), ATK IV: 70(0%), DEF IV: 93(0%), Work Speed: (0%)
Lamball, Level: 4, Rank: 1, Gender: Male, HP IV: 87(0%), ATK IV: 1(0%), DEF IV: 36(0%), Work Speed: (0%), Skills: Easygoing
Lamball, Level: 5, Rank: 1, Gender: Male, HP IV: 44(0%), ATK IV: 77(0%), DEF IV: 22(0%), Work Speed: (0%), Skills: Fine Furs
Lifmunk, Level: 2, Rank: 1, Gender: Male, HP IV: 54(0%), ATK IV: 9(0%), DEF IV: 54(0%), Work Speed: (0%), Skills: Artisan
Lifmunk, Level: 3, Rank: 1, Gender: Female, HP IV: 39(0%), ATK IV: 24(0%), DEF IV: 7(0%), Work Speed: (0%), Skills: Masochist
Lifmunk, Level: 3, Rank: 1, Gender: Female, HP IV: 6(0%), ATK IV: 33(0%), DEF IV: 61(0%), Work Speed: (0%), Skills: Brittle
Lifmunk, Level: 3, Rank: 1, Gender: Male, HP IV: 97(0%), ATK IV: 22(0%), DEF IV: 83(0%), Work Speed: (0%), Skills: Musclehead
Lifmunk, Level: 4, Rank: 1, Gender: Female, HP IV: 35(0%), ATK IV: 48(0%), DEF IV: 55(0%), Work Speed: (0%), Skills: Serious
Lifmunk, Level: 5, Rank: 1, Gender: Female, HP IV: 6(0%), ATK IV: 64(0%), DEF IV: 0(0%), Work Speed: (0%), Skills: Swift
Lifmunk, Level: 5, Rank: 1, Gender: Male, HP IV: 73(0%), ATK IV: 8(0%), DEF IV: 32(0%), Work Speed: (0%), Skills: Fragrant Foliage
Pengullet, Level: 10, Rank: 1, Gender: Female, HP IV: 0(0%), ATK IV: 76(0%), DEF IV: 0(0%), Work Speed: (0%), Skills: Sickly
Pengullet, Level: 10, Rank: 1, Gender: Female, HP IV: 51(0%), ATK IV: 13(0%), DEF IV: 28(0%), Work Speed: (0%), Skills: Clumsy
Pengullet, Level: 10, Rank: 1, Gender: Female, HP IV: 66(0%), ATK IV: 50(0%), DEF IV: 73(0%), Work Speed: (0%)
Pengullet, Level: 10, Rank: 1, Gender: Male, HP IV: 30(0%), ATK IV: 54(0%), DEF IV: 80(0%), Work Speed: (0%), Skills: Hard Skin
Pengullet, Level: 11, Rank: 1, Gender: Female, HP IV: 37(0%), ATK IV: 0(0%), DEF IV: 63(0%), Work Speed: (0%), Skills: Pyromaniac
Pengullet, Level: 11, Rank: 1, Gender: Female, HP IV: 4(0%), ATK IV: 17(0%), DEF IV: 89(0%), Work Speed: (0%), Skills: Aggressive, Workaholic
Pengullet, Level: 11, Rank: 1, Gender: Male, HP IV: 4(0%), ATK IV: 66(0%), DEF IV: 41(0%), Work Speed: (0%)
Pengullet, Level: 3, Rank: 1, Gender: Female, HP IV: 43(0%), ATK IV: 86(0%), DEF IV: 65(0%), Work Speed: (0%), Skills: Pacifist
Pengullet, Level: 3, Rank: 1, Gender: Male, HP IV: 87(0%), ATK IV: 9(0%), DEF IV: 57(0%), Work Speed: (0%)
Pengullet, Level: 5, Rank: 1, Gender: Male, HP IV: 22(0%), ATK IV: 29(0%), DEF IV: 99(0%), Work Speed: (0%), Skills: Mine Foreman
Rooby, Level: 2, Rank: 1, Gender: Male, HP IV: 48(0%), ATK IV: 99(0%), DEF IV: 89(0%), Work Speed: (0%), Skills: Diet Lover
Rooby, Level: 3, Rank: 1, Gender: Female, HP IV: 28(0%), ATK IV: 13(0%), DEF IV: 71(0%), Work Speed: (0%), Skills: Vanguard
Rooby, Level: 5, Rank: 1, Gender: Female, HP IV: 8(0%), ATK IV: 42(0%), DEF IV: 5(0%), Work Speed: (0%), Skills: Fragrant Foliage, Motivational Leader, Positive Thinker
Rooby, Level: 5, Rank: 1, Gender: Male, HP IV: 39(0%), ATK IV: 63(0%), DEF IV: 63(0%), Work Speed: (0%), Skills: Hard Skin
Rooby, Level: 8, Rank: 1, Gender: Male, HP IV: 22(0%), ATK IV: 38(0%), DEF IV: 100(0%), Work Speed: (0%), Skills: Noble
Rushoar, Level: 3, Rank: 1, Gender: Female, HP IV: 37(0%), ATK IV: 55(0%), DEF IV: 89(0%), Work Speed: (0%), Skills: Pacifist
Rushoar, Level: 3, Rank: 1, Gender: Female, HP IV: 51(0%), ATK IV: 76(0%), DEF IV: 8(0%), Work Speed: (0%)
Rushoar, Level: 3, Rank: 1, Gender: Male, HP IV: 38(0%), ATK IV: 84(0%), DEF IV: 94(0%), Work Speed: (0%), Skills: Swift
Rushoar, Level: 4, Rank: 1, Gender: Male, HP IV: 26(0%), ATK IV: 6(0%), DEF IV: 66(0%), Work Speed: (0%), Skills: Brave
Rushoar, Level: 4, Rank: 1, Gender: Male, HP IV: 43(0%), ATK IV: 9(0%), DEF IV: 27(0%), Work Speed: (0%), Skills: Work Slave
Rushoar, Level: 4, Rank: 1, Gender: Male, HP IV: 50(0%), ATK IV: 68(0%), DEF IV: 31(0%), Work Speed: (0%), Skills: Impatient
Rushoar, Level: 4, Rank: 1, Gender: Male, HP IV: 51(0%), ATK IV: 35(0%), DEF IV: 58(0%), Work Speed: (0%), Skills: Pacifist
Rushoar, Level: 5, Rank: 1, Gender: Male, HP IV: 37(0%), ATK IV: 88(0%), DEF IV: 23(0%), Work Speed: (0%), Skills: Unstable
Rushoar, Level: 6, Rank: 1, Gender: Female, HP IV: 12(0%), ATK IV: 96(0%), DEF IV: 94(0%), Work Speed: (0%), Skills: Unstable
Rushoar, Level: 6, Rank: 1, Gender: Male, HP IV: 64(0%), ATK IV: 49(0%), DEF IV: 32(0%), Work Speed: (0%), Skills: Bottomless Stomach
Rushoar, Level: 6, Rank: 1, Gender: Male, HP IV: 89(0%), ATK IV: 63(0%), DEF IV: 60(0%), Work Speed: (0%), Skills: Zen Mind
Sparkit, Level: 3, Rank: 1, Gender: Male, HP IV: 49(0%), ATK IV: 75(0%), DEF IV: 47(0%), Work Speed: (0%), Skills: Hydromaniac
Sparkit, Level: 5, Rank: 1, Gender: Female, HP IV: 53(0%), ATK IV: 38(0%), DEF IV: 52(0%), Work Speed: (0%), Skills: Waterproof
Sparkit, Level: 5, Rank: 1, Gender: Male, HP IV: 70(0%), ATK IV: 84(0%), DEF IV: 53(0%), Work Speed: (0%), Skills: Destructive
Sparkit, Level: 6, Rank: 1, Gender: Female, HP IV: 31(0%), ATK IV: 27(0%), DEF IV: 65(0%), Work Speed: (0%), Skills: Noble
Teafant, Level: 1, Rank: 1, Gender: Male, HP IV: 7(0%), ATK IV: 67(0%), DEF IV: 63(0%), Work Speed: (0%), Skills: Hydromaniac
Teafant, Level: 2, Rank: 1, Gender: Male, HP IV: 44(0%), ATK IV: 82(0%), DEF IV: 49(0%), Work Speed: (0%), Skills: Motivational Leader
Teafant, Level: 3, Rank: 1, Gender: Female, HP IV: 91(0%), ATK IV: 44(0%), DEF IV: 47(0%), Work Speed: (0%)
Teafant, Level: 4, Rank: 1, Gender: Female, HP IV: 20(0%), ATK IV: 21(0%), DEF IV: 33(0%), Work Speed: (0%), Skills: Brave
Teafant, Level: 4, Rank: 1, Gender: Female, HP IV: 32(0%), ATK IV: 36(0%), DEF IV: 66(0%), Work Speed: (0%), Skills: Fine Furs, Motivational Leader
Traveling Merchant, Level: 1, Rank: 1, Gender: Unknown, HP IV: 87(0%), ATK IV: 14(0%), DEF IV: 47(0%), Work Speed: (0%), Skills: Work Slave
Traveling Merchant, Level: 2, Rank: 1, Gender: Unknown, HP IV: 89(0%), ATK IV: 26(0%), DEF IV: 11(0%), Work Speed: (0%), Skills: Hydromaniac
Vixy, Level: 23, Rank: 1, Gender: Male, HP IV: 99(0%), ATK IV: 5(0%), DEF IV: 17(0%), Work Speed: (0%), Skills: Unstable
Vixy, Level: 3, Rank: 1, Gender: Female, HP IV: 31(0%), ATK IV: 59(0%), DEF IV: 52(0%), Work Speed: (0%), Skills: Motivational Leader
Vixy, Level: 6, Rank: 1, Gender: Female, HP IV: 8(0%), ATK IV: 60(0%), DEF IV: 22(0%), Work Speed: (0%), Skills: Dainty Eater
Teerwenn's 145 Pals
-------------------
Alpha Chillet, Level: 11, Rank: 1, Gender: Female, HP IV: 84(0%), ATK IV: 74(0%), DEF IV: 100(0%), Work Speed: (0%), Skills: Waterproof
Alpha Dinossom, Level: 12, Rank: 1, Gender: Male, HP IV: 82(0%), ATK IV: 80(0%), DEF IV: 78(0%), Work Speed: (0%), Skills: Motivational Leader, Mine Foreman
Alpha Katress, Level: 23, Rank: 1, Gender: Male, HP IV: 74(0%), ATK IV: 51(0%), DEF IV: 82(0%), Work Speed: (0%), Skills: Fine Furs, Blood of the Dragon
Alpha Nitewing, Level: 22, Rank: 1, Gender: Male, HP IV: 65(0%), ATK IV: 55(0%), DEF IV: 83(0%), Work Speed: (0%), Skills: Lucky, Noble
Alpha Penking, Level: 15, Rank: 1, Gender: Female, HP IV: 81(0%), ATK IV: 84(0%), DEF IV: 62(0%), Work Speed: (0%), Skills: Power of Gaia
Alpha Rooby, Level: 11, Rank: 1, Gender: Female, HP IV: 87(0%), ATK IV: 63(0%), DEF IV: 53(0%), Work Speed: (0%), Skills: Coldblooded, Conceited, Work Slave
Alpha Rushoar, Level: 14, Rank: 1, Gender: Male, HP IV: 57(0%), ATK IV: 80(0%), DEF IV: 87(0%), Work Speed: (0%), Skills: Lucky
Caprity, Level: 10, Rank: 1, Gender: Female, HP IV: 61(0%), ATK IV: 11(0%), DEF IV: 84(0%), Work Speed: (0%), Skills: Pyromaniac, Positive Thinker
Caprity, Level: 10, Rank: 1, Gender: Male, HP IV: 9(0%), ATK IV: 96(0%), DEF IV: 57(0%), Work Speed: (0%), Skills: Burly Body
Caprity, Level: 11, Rank: 1, Gender: Female, HP IV: 66(0%), ATK IV: 92(0%), DEF IV: 63(0%), Work Speed: (0%), Skills: Ferocious
Caprity, Level: 12, Rank: 1, Gender: Male, HP IV: 22(0%), ATK IV: 10(0%), DEF IV: 96(0%), Work Speed: (0%)
Cattiva, Level: 12, Rank: 1, Gender: Male, HP IV: 25(0%), ATK IV: 43(0%), DEF IV: 18(0%), Work Speed: (0%), Skills: Coward, Pacifist
Cattiva, Level: 4, Rank: 1, Gender: Female, HP IV: 51(0%), ATK IV: 52(0%), DEF IV: 40(0%), Work Speed: (0%), Skills: Coward, Artisan, Musclehead
Celaray, Level: 2, Rank: 1, Gender: Male, HP IV: 37(0%), ATK IV: 38(0%), DEF IV: 20(0%), Work Speed: (0%), Skills: Fit as a Fiddle
Celaray, Level: 3, Rank: 1, Gender: Female, HP IV: 18(0%), ATK IV: 76(0%), DEF IV: 77(0%), Work Speed: (0%)
Celaray, Level: 3, Rank: 1, Gender: Male, HP IV: 30(0%), ATK IV: 50(0%), DEF IV: 76(0%), Work Speed: (0%), Skills: Earthquake Resistant
Celaray, Level: 3, Rank: 1, Gender: Male, HP IV: 79(0%), ATK IV: 68(0%), DEF IV: 88(0%), Work Speed: (0%), Skills: Suntan Lover
Celaray, Level: 4, Rank: 1, Gender: Female, HP IV: 8(0%), ATK IV: 34(0%), DEF IV: 23(0%), Work Speed: (0%), Skills: Cheery
Celaray, Level: 4, Rank: 1, Gender: Female, HP IV: 98(0%), ATK IV: 37(0%), DEF IV: 50(0%), Work Speed: (0%), Skills: Serenity
Chikipi, Level: 1, Rank: 1, Gender: Male, HP IV: 95(0%), ATK IV: 76(0%), DEF IV: 56(0%), Work Speed: (0%), Skills: Logging Foreman
Chikipi, Level: 3, Rank: 1, Gender: Male, HP IV: 46(0%), ATK IV: 59(0%), DEF IV: 4(0%), Work Speed: (0%), Skills: Unstable
Chikipi, Level: 5, Rank: 1, Gender: Female, HP IV: 55(0%), ATK IV: 43(0%), DEF IV: 29(0%), Work Speed: (0%), Skills: Coward
Cinnamoth, Level: 1, Rank: 1, Gender: Male, HP IV: 74(0%), ATK IV: 25(0%), DEF IV: 64(0%), Work Speed: (0%), Skills: Hooligan
Cremis, Level: 12, Rank: 1, Gender: Female, HP IV: 63(0%), ATK IV: 49(0%), DEF IV: 58(0%), Work Speed: (0%), Skills: Hooligan
Cremis, Level: 2, Rank: 1, Gender: Female, HP IV: 47(0%), ATK IV: 2(0%), DEF IV: 2(0%), Work Speed: (0%), Skills: Ferocious
Cremis, Level: 2, Rank: 1, Gender: Female, HP IV: 99(0%), ATK IV: 8(0%), DEF IV: 52(0%), Work Speed: (0%), Skills: Unstable
Cremis, Level: 2, Rank: 1, Gender: Male, HP IV: 24(0%), ATK IV: 21(0%), DEF IV: 29(0%), Work Speed: (0%), Skills: Pacifist
Cremis, Level: 21, Rank: 1, Gender: Male, HP IV: 70(0%), ATK IV: 91(0%), DEF IV: 94(0%), Work Speed: (0%), Skills: Power of Gaia
Cremis, Level: 23, Rank: 1, Gender: Female, HP IV: 3(0%), ATK IV: 15(0%), DEF IV: 86(0%), Work Speed: (0%), Skills: Bottomless Stomach
Cremis, Level: 23, Rank: 1, Gender: Female, HP IV: 9(0%), ATK IV: 97(0%), DEF IV: 50(0%), Work Speed: (0%), Skills: Positive Thinker
Cremis, Level: 23, Rank: 1, Gender: Male, HP IV: 21(0%), ATK IV: 84(0%), DEF IV: 84(0%), Work Speed: (0%)
Cremis, Level: 3, Rank: 1, Gender: Female, HP IV: 38(0%), ATK IV: 11(0%), DEF IV: 43(0%), Work Speed: (0%), Skills: Sadist, Clumsy
Cremis, Level: 3, Rank: 1, Gender: Female, HP IV: 94(0%), ATK IV: 38(0%), DEF IV: 27(0%), Work Speed: (0%)
Cremis, Level: 3, Rank: 1, Gender: Male, HP IV: 86(0%), ATK IV: 88(0%), DEF IV: 25(0%), Work Speed: (0%)
Cremis, Level: 4, Rank: 1, Gender: Female, HP IV: 3(0%), ATK IV: 90(0%), DEF IV: 67(0%), Work Speed: (0%), Skills: Bottomless Stomach
Croajiro, Level: 5, Rank: 1, Gender: Female, HP IV: 88(0%), ATK IV: 59(0%), DEF IV: 1(0%), Work Speed: (0%), Skills: Fit as a Fiddle
Daedream, Level: 6, Rank: 1, Gender: Female, HP IV: 100(0%), ATK IV: 41(0%), DEF IV: 37(0%), Work Speed: (0%), Skills: Clumsy
Daedream, Level: 6, Rank: 1, Gender: Female, HP IV: 16(0%), ATK IV: 23(0%), DEF IV: 54(0%), Work Speed: (0%), Skills: Slacker
Daedream, Level: 6, Rank: 1, Gender: Male, HP IV: 28(0%), ATK IV: 78(0%), DEF IV: 99(0%), Work Speed: (0%)
Daedream, Level: 6, Rank: 1, Gender: Male, HP IV: 67(0%), ATK IV: 90(0%), DEF IV: 74(0%), Work Speed: (0%)
Depresso, Level: 3, Rank: 1, Gender: Female, HP IV: 36(0%), ATK IV: 25(0%), DEF IV: 58(0%), Work Speed: (0%), Skills: Cheery
Depresso, Level: 4, Rank: 1, Gender: Female, HP IV: 93(0%), ATK IV: 11(0%), DEF IV: 47(0%), Work Speed: (0%), Skills: Dainty Eater
Depresso, Level: 4, Rank: 1, Gender: Male, HP IV: 92(0%), ATK IV: 59(0%), DEF IV: 17(0%), Work Speed: (0%), Skills: Diet Lover
Depresso, Level: 5, Rank: 1, Gender: Male, HP IV: 34(0%), ATK IV: 18(0%), DEF IV: 88(0%), Work Speed: (0%), Skills: Fine Furs, Diet Lover
Depresso, Level: 5, Rank: 1, Gender: Male, HP IV: 34(0%), ATK IV: 79(0%), DEF IV: 50(0%), Work Speed: (0%), Skills: Insulated Body
Depresso, Level: 6, Rank: 1, Gender: Male, HP IV: 45(0%), ATK IV: 83(0%), DEF IV: 98(0%), Work Speed: (0%), Skills: Nocturnal
Dinossom, Level: 1, Rank: 1, Gender: Female, HP IV: 3(0%), ATK IV: 42(0%), DEF IV: 46(0%), Work Speed: (0%), Skills: Brave
Direhowl, Level: 1, Rank: 1, Gender: Female, HP IV: 2(0%), ATK IV: 27(0%), DEF IV: 2(0%), Work Speed: (0%)
Eikthyrdeer, Level: 11, Rank: 1, Gender: Female, HP IV: 1(0%), ATK IV: 21(0%), DEF IV: 84(0%), Work Speed: (0%), Skills: Aggressive
Eikthyrdeer, Level: 8, Rank: 1, Gender: Female, HP IV: 28(0%), ATK IV: 17(0%), DEF IV: 11(0%), Work Speed: (0%), Skills: Bottomless Stomach
Eikthyrdeer, Level: 8, Rank: 1, Gender: Male, HP IV: 49(0%), ATK IV: 69(0%), DEF IV: 76(0%), Work Speed: (0%), Skills: Unstable
Eikthyrdeer, Level: 8, Rank: 1, Gender: Male, HP IV: 52(0%), ATK IV: 79(0%), DEF IV: 14(0%), Work Speed: (0%), Skills: Shabby, Conceited
Eikthyrdeer, Level: 9, Rank: 1, Gender: Male, HP IV: 53(0%), ATK IV: 83(0%), DEF IV: 10(0%), Work Speed: (0%)
Eikthyrdeer, Level: 9, Rank: 1, Gender: Male, HP IV: 8(0%), ATK IV: 84(0%), DEF IV: 44(0%), Work Speed: (0%)
Foxparks, Level: 5, Rank: 1, Gender: Female, HP IV: 50(0%), ATK IV: 71(0%), DEF IV: 69(0%), Work Speed: (0%)
Fuack, Level: 12, Rank: 1, Gender: Male, HP IV: 65(0%), ATK IV: 36(0%), DEF IV: 65(0%), Work Speed: (0%), Skills: Coward
Fuack, Level: 3, Rank: 1, Gender: Female, HP IV: 39(0%), ATK IV: 16(0%), DEF IV: 51(0%), Work Speed: (0%), Skills: Pacifist
Fuack, Level: 3, Rank: 1, Gender: Male, HP IV: 5(0%), ATK IV: 69(0%), DEF IV: 73(0%), Work Speed: (0%), Skills: Artisan
Fuack, Level: 3, Rank: 1, Gender: Male, HP IV: 81(0%), ATK IV: 2(0%), DEF IV: 6(0%), Work Speed: (0%), Skills: Hooligan
Fuack, Level: 4, Rank: 1, Gender: Female, HP IV: 32(0%), ATK IV: 77(0%), DEF IV: 33(0%), Work Speed: (0%), Skills: Insulated Body
Fuack, Level: 5, Rank: 1, Gender: Male, HP IV: 44(0%), ATK IV: 69(0%), DEF IV: 81(0%), Work Speed: (0%), Skills: Diet Lover
Fuack, Level: 5, Rank: 1, Gender: Male, HP IV: 56(0%), ATK IV: 69(0%), DEF IV: 77(0%), Work Speed: (0%), Skills: Botanical Barrier
Fuack, Level: 6, Rank: 1, Gender: Male, HP IV: 60(0%), ATK IV: 31(0%), DEF IV: 67(0%), Work Speed: (0%), Skills: Suntan Lover, Impatient, Power of Gaia, Infinite Stamina
Fuddler, Level: 5, Rank: 1, Gender: Male, HP IV: 20(0%), ATK IV: 97(0%), DEF IV: 42(0%), Work Speed: (0%), Skills: Destructive
Fuddler, Level: 6, Rank: 1, Gender: Female, HP IV: 93(0%), ATK IV: 38(0%), DEF IV: 42(0%), Work Speed: (0%), Skills: Positive Thinker
Fuddler, Level: 9, Rank: 1, Gender: Male, HP IV: 15(0%), ATK IV: 31(0%), DEF IV: 67(0%), Work Speed: (0%), Skills: Swift
Gumoss (Special), Level: 12, Rank: 1, Gender: Female, HP IV: 96(0%), ATK IV: 49(0%), DEF IV: 20(0%), Work Speed: (0%), Skills: Sickly
Gumoss (Special), Level: 3, Rank: 1, Gender: Female, HP IV: 85(0%), ATK IV: 79(0%), DEF IV: 19(0%), Work Speed: (0%), Skills: Fit as a Fiddle
Gumoss, Level: 2, Rank: 1, Gender: Female, HP IV: 73(0%), ATK IV: 96(0%), DEF IV: 96(0%), Work Speed: (0%)
Gumoss, Level: 3, Rank: 1, Gender: Female, HP IV: 14(0%), ATK IV: 68(0%), DEF IV: 99(0%), Work Speed: (0%), Skills: Conceited
Gumoss, Level: 3, Rank: 1, Gender: Female, HP IV: 68(0%), ATK IV: 55(0%), DEF IV: 10(0%), Work Speed: (0%), Skills: Fragrant Foliage, Ferocious, Fit as a Fiddle
Gumoss, Level: 3, Rank: 1, Gender: Male, HP IV: 34(0%), ATK IV: 50(0%), DEF IV: 65(0%), Work Speed: (0%), Skills: Heated Body
Gumoss, Level: 4, Rank: 1, Gender: Female, HP IV: 58(0%), ATK IV: 68(0%), DEF IV: 28(0%), Work Speed: (0%), Skills: Hard Skin
Gumoss, Level: 4, Rank: 1, Gender: Male, HP IV: 100(0%), ATK IV: 47(0%), DEF IV: 39(0%), Work Speed: (0%), Skills: Abnormal
Gumoss, Level: 5, Rank: 1, Gender: Male, HP IV: 48(0%), ATK IV: 35(0%), DEF IV: 84(0%), Work Speed: (0%), Skills: Heated Body
Gumoss, Level: 5, Rank: 1, Gender: Male, HP IV: 56(0%), ATK IV: 90(0%), DEF IV: 65(0%), Work Speed: (0%), Skills: Waterproof, Shabby
Gumoss, Level: 5, Rank: 1, Gender: Male, HP IV: 95(0%), ATK IV: 51(0%), DEF IV: 97(0%), Work Speed: (0%), Skills: Mine Foreman
Hoocrates, Level: 3, Rank: 1, Gender: Female, HP IV: 59(0%), ATK IV: 14(0%), DEF IV: 37(0%), Work Speed: (0%), Skills: Runner
Hoocrates, Level: 3, Rank: 1, Gender: Female, HP IV: 91(0%), ATK IV: 42(0%), DEF IV: 28(0%), Work Speed: (0%), Skills: Philantropist
Hoocrates, Level: 3, Rank: 1, Gender: Male, HP IV: 62(0%), ATK IV: 47(0%), DEF IV: 45(0%), Work Speed: (0%)
Hoocrates, Level: 3, Rank: 1, Gender: Male, HP IV: 67(0%), ATK IV: 61(0%), DEF IV: 29(0%), Work Speed: (0%), Skills: Nocturnal
Hoocrates, Level: 3, Rank: 1, Gender: Male, HP IV: 80(0%), ATK IV: 25(0%), DEF IV: 75(0%), Work Speed: (0%), Skills: Coldblooded
Hoocrates, Level: 4, Rank: 1, Gender: Female, HP IV: 7(0%), ATK IV: 65(0%), DEF IV: 91(0%), Work Speed: (0%), Skills: Fragrant Foliage, Burly Body, Impatient, Fit as a Fiddle
Hoocrates, Level: 5, Rank: 1, Gender: Female, HP IV: 61(0%), ATK IV: 27(0%), DEF IV: 40(0%), Work Speed: (0%), Skills: Mine Foreman
Hoocrates, Level: 5, Rank: 1, Gender: Female, HP IV: 7(0%), ATK IV: 92(0%), DEF IV: 12(0%), Work Speed: (0%), Skills: Botanical Barrier
Hoocrates, Level: 5, Rank: 1, Gender: Male, HP IV: 1(0%), ATK IV: 43(0%), DEF IV: 67(0%), Work Speed: (0%), Skills: Unstable
Hoocrates, Level: 5, Rank: 1, Gender: Male, HP IV: 20(0%), ATK IV: 28(0%), DEF IV: 98(0%), Work Speed: (0%), Skills: Fine Furs, Diet Lover
Hoocrates, Level: 6, Rank: 1, Gender: Female, HP IV: 7(0%), ATK IV: 97(0%), DEF IV: 1(0%), Work Speed: (0%), Skills: Stronghold Strategist
Killamari, Level: 7, Rank: 1, Gender: Male, HP IV: 36(0%), ATK IV: 49(0%), DEF IV: 9(0%), Work Speed: (0%), Skills: Blood of the Dragon, Glutton
Killamari, Level: 8, Rank: 1, Gender: Female, HP IV: 23(0%), ATK IV: 42(0%), DEF IV: 19(0%), Work Speed: (0%), Skills: Coward
Killamari, Level: 8, Rank: 1, Gender: Male, HP IV: 55(0%), ATK IV: 53(0%), DEF IV: 25(0%), Work Speed: (0%), Skills: Pyromaniac
Killamari, Level: 9, Rank: 1, Gender: Male, HP IV: 14(0%), ATK IV: 21(0%), DEF IV: 23(0%), Work Speed: (0%), Skills: Impatient
Killamari, Level: 9, Rank: 1, Gender: Male, HP IV: 46(0%), ATK IV: 48(0%), DEF IV: 59(0%), Work Speed: (0%), Skills: Earthquake Resistant
Lamball, Level: 12, Rank: 1, Gender: Male, HP IV: 94(0%), ATK IV: 66(0%), DEF IV: 50(0%), Work Speed: (0%), Skills: Shabby
Lamball, Level: 4, Rank: 1, Gender: Female, HP IV: 57(0%), ATK IV: 97(0%), DEF IV: 54(0%), Work Speed: (0%)
Lamball, Level: 4, Rank: 1, Gender: Male, HP IV: 4(0%), ATK IV: 70(0%), DEF IV: 93(0%), Work Speed: (0%)
Lamball, Level: 4, Rank: 1, Gender: Male, HP IV: 87(0%), ATK IV: 1(0%), DEF IV: 36(0%), Work Speed: (0%), Skills: Easygoing
Lamball, Level: 5, Rank: 1, Gender: Male, HP IV: 44(0%), ATK IV: 77(0%), DEF IV: 22(0%), Work Speed: (0%), Skills: Fine Furs
Lifmunk, Level: 2, Rank: 1, Gender: Male, HP IV: 54(0%), ATK IV: 9(0%), DEF IV: 54(0%), Work Speed: (0%), Skills: Artisan
Lifmunk, Level: 3, Rank: 1, Gender: Female, HP IV: 39(0%), ATK IV: 24(0%), DEF IV: 7(0%), Work Speed: (0%), Skills: Masochist
Lifmunk, Level: 3, Rank: 1, Gender: Female, HP IV: 6(0%), ATK IV: 33(0%), DEF IV: 61(0%), Work Speed: (0%), Skills: Brittle
Lifmunk, Level: 3, Rank: 1, Gender: Male, HP IV: 97(0%), ATK IV: 22(0%), DEF IV: 83(0%), Work Speed: (0%), Skills: Musclehead
Lifmunk, Level: 4, Rank: 1, Gender: Female, HP IV: 35(0%), ATK IV: 48(0%), DEF IV: 55(0%), Work Speed: (0%), Skills: Serious
Lifmunk, Level: 5, Rank: 1, Gender: Female, HP IV: 6(0%), ATK IV: 64(0%), DEF IV: 0(0%), Work Speed: (0%), Skills: Swift
Lifmunk, Level: 5, Rank: 1, Gender: Male, HP IV: 73(0%), ATK IV: 8(0%), DEF IV: 32(0%), Work Speed: (0%), Skills: Fragrant Foliage
Pengullet, Level: 10, Rank: 1, Gender: Female, HP IV: 0(0%), ATK IV: 76(0%), DEF IV: 0(0%), Work Speed: (0%), Skills: Sickly
Pengullet, Level: 10, Rank: 1, Gender: Female, HP IV: 51(0%), ATK IV: 13(0%), DEF IV: 28(0%), Work Speed: (0%), Skills: Clumsy
Pengullet, Level: 10, Rank: 1, Gender: Female, HP IV: 66(0%), ATK IV: 50(0%), DEF IV: 73(0%), Work Speed: (0%)
Pengullet, Level: 10, Rank: 1, Gender: Male, HP IV: 30(0%), ATK IV: 54(0%), DEF IV: 80(0%), Work Speed: (0%), Skills: Hard Skin
Pengullet, Level: 11, Rank: 1, Gender: Female, HP IV: 37(0%), ATK IV: 0(0%), DEF IV: 63(0%), Work Speed: (0%), Skills: Pyromaniac
Pengullet, Level: 11, Rank: 1, Gender: Female, HP IV: 4(0%), ATK IV: 17(0%), DEF IV: 89(0%), Work Speed: (0%), Skills: Aggressive, Workaholic
Pengullet, Level: 11, Rank: 1, Gender: Male, HP IV: 4(0%), ATK IV: 66(0%), DEF IV: 41(0%), Work Speed: (0%)
Pengullet, Level: 3, Rank: 1, Gender: Female, HP IV: 43(0%), ATK IV: 86(0%), DEF IV: 65(0%), Work Speed: (0%), Skills: Pacifist
Pengullet, Level: 3, Rank: 1, Gender: Male, HP IV: 87(0%), ATK IV: 9(0%), DEF IV: 57(0%), Work Speed: (0%)
Pengullet, Level: 5, Rank: 1, Gender: Male, HP IV: 22(0%), ATK IV: 29(0%), DEF IV: 99(0%), Work Speed: (0%), Skills: Mine Foreman
Rooby, Level: 2, Rank: 1, Gender: Male, HP IV: 48(0%), ATK IV: 99(0%), DEF IV: 89(0%), Work Speed: (0%), Skills: Diet Lover
Rooby, Level: 3, Rank: 1, Gender: Female, HP IV: 28(0%), ATK IV: 13(0%), DEF IV: 71(0%), Work Speed: (0%), Skills: Vanguard
Rooby, Level: 5, Rank: 1, Gender: Female, HP IV: 8(0%), ATK IV: 42(0%), DEF IV: 5(0%), Work Speed: (0%), Skills: Fragrant Foliage, Motivational Leader, Positive Thinker
Rooby, Level: 5, Rank: 1, Gender: Male, HP IV: 39(0%), ATK IV: 63(0%), DEF IV: 63(0%), Work Speed: (0%), Skills: Hard Skin
Rooby, Level: 8, Rank: 1, Gender: Male, HP IV: 22(0%), ATK IV: 38(0%), DEF IV: 100(0%), Work Speed: (0%), Skills: Noble
Rushoar, Level: 3, Rank: 1, Gender: Female, HP IV: 37(0%), ATK IV: 55(0%), DEF IV: 89(0%), Work Speed: (0%), Skills: Pacifist
Rushoar, Level: 3, Rank: 1, Gender: Female, HP IV: 51(0%), ATK IV: 76(0%), DEF IV: 8(0%), Work Speed: (0%)
Rushoar, Level: 3, Rank: 1, Gender: Male, HP IV: 38(0%), ATK IV: 84(0%), DEF IV: 94(0%), Work Speed: (0%), Skills: Swift
Rushoar, Level: 4, Rank: 1, Gender: Male, HP IV: 26(0%), ATK IV: 6(0%), DEF IV: 66(0%), Work Speed: (0%), Skills: Brave
Rushoar, Level: 4, Rank: 1, Gender: Male, HP IV: 43(0%), ATK IV: 9(0%), DEF IV: 27(0%), Work Speed: (0%), Skills: Work Slave
Rushoar, Level: 4, Rank: 1, Gender: Male, HP IV: 50(0%), ATK IV: 68(0%), DEF IV: 31(0%), Work Speed: (0%), Skills: Impatient
Rushoar, Level: 4, Rank: 1, Gender: Male, HP IV: 51(0%), ATK IV: 35(0%), DEF IV: 58(0%), Work Speed: (0%), Skills: Pacifist
Rushoar, Level: 5, Rank: 1, Gender: Male, HP IV: 37(0%), ATK IV: 88(0%), DEF IV: 23(0%), Work Speed: (0%), Skills: Unstable
Rushoar, Level: 6, Rank: 1, Gender: Female, HP IV: 12(0%), ATK IV: 96(0%), DEF IV: 94(0%), Work Speed: (0%), Skills: Unstable
Rushoar, Level: 6, Rank: 1, Gender: Male, HP IV: 64(0%), ATK IV: 49(0%), DEF IV: 32(0%), Work Speed: (0%), Skills: Bottomless Stomach
Rushoar, Level: 6, Rank: 1, Gender: Male, HP IV: 89(0%), ATK IV: 63(0%), DEF IV: 60(0%), Work Speed: (0%), Skills: Zen Mind
Sparkit, Level: 3, Rank: 1, Gender: Male, HP IV: 49(0%), ATK IV: 75(0%), DEF IV: 47(0%), Work Speed: (0%), Skills: Hydromaniac
Sparkit, Level: 5, Rank: 1, Gender: Female, HP IV: 53(0%), ATK IV: 38(0%), DEF IV: 52(0%), Work Speed: (0%), Skills: Waterproof
Sparkit, Level: 5, Rank: 1, Gender: Male, HP IV: 70(0%), ATK IV: 84(0%), DEF IV: 53(0%), Work Speed: (0%), Skills: Destructive
Sparkit, Level: 6, Rank: 1, Gender: Female, HP IV: 31(0%), ATK IV: 27(0%), DEF IV: 65(0%), Work Speed: (0%), Skills: Noble
Teafant, Level: 1, Rank: 1, Gender: Male, HP IV: 7(0%), ATK IV: 67(0%), DEF IV: 63(0%), Work Speed: (0%), Skills: Hydromaniac
Teafant, Level: 2, Rank: 1, Gender: Male, HP IV: 44(0%), ATK IV: 82(0%), DEF IV: 49(0%), Work Speed: (0%), Skills: Motivational Leader
Teafant, Level: 3, Rank: 1, Gender: Female, HP IV: 91(0%), ATK IV: 44(0%), DEF IV: 47(0%), Work Speed: (0%)
Teafant, Level: 4, Rank: 1, Gender: Female, HP IV: 20(0%), ATK IV: 21(0%), DEF IV: 33(0%), Work Speed: (0%), Skills: Brave
Teafant, Level: 4, Rank: 1, Gender: Female, HP IV: 32(0%), ATK IV: 36(0%), DEF IV: 66(0%), Work Speed: (0%), Skills: Fine Furs, Motivational Leader
Traveling Merchant, Level: 1, Rank: 1, Gender: Unknown, HP IV: 87(0%), ATK IV: 14(0%), DEF IV: 47(0%), Work Speed: (0%), Skills: Work Slave
Traveling Merchant, Level: 2, Rank: 1, Gender: Unknown, HP IV: 89(0%), ATK IV: 26(0%), DEF IV: 11(0%), Work Speed: (0%), Skills: Hydromaniac
Vixy, Level: 23, Rank: 1, Gender: Male, HP IV: 99(0%), ATK IV: 5(0%), DEF IV: 17(0%), Work Speed: (0%), Skills: Unstable
Vixy, Level: 3, Rank: 1, Gender: Female, HP IV: 31(0%), ATK IV: 59(0%), DEF IV: 52(0%), Work Speed: (0%), Skills: Motivational Leader
Vixy, Level: 6, Rank: 1, Gender: Female, HP IV: 8(0%), ATK IV: 60(0%), DEF IV: 22(0%), Work Speed: (0%), Skills: Dainty Eater
Teerwenn's 145 Pals
-------------------
Alpha Chillet, Level: 11, Rank: 1, Gender: Female, HP IV: 84(0%), ATK IV: 74(0%), DEF IV: 100(0%), Work Speed: (0%), Skills: Waterproof
Alpha Dinossom, Level: 12, Rank: 1, Gender: Male, HP IV: 82(0%), ATK IV: 80(0%), DEF IV: 78(0%), Work Speed: (0%), Skills: Motivational Leader, Mine Foreman
Alpha Katress, Level: 23, Rank: 1, Gender: Male, HP IV: 74(0%), ATK IV: 51(0%), DEF IV: 82(0%), Work Speed: (0%), Skills: Fine Furs, Blood of the Dragon
Alpha Nitewing, Level: 22, Rank: 1, Gender: Male, HP IV: 65(0%), ATK IV: 55(0%), DEF IV: 83(0%), Work Speed: (0%), Skills: Lucky, Noble
Alpha Penking, Level: 15, Rank: 1, Gender: Female, HP IV: 81(0%), ATK IV: 84(0%), DEF IV: 62(0%), Work Speed: (0%), Skills: Power of Gaia
Alpha Rooby, Level: 11, Rank: 1, Gender: Female, HP IV: 87(0%), ATK IV: 63(0%), DEF IV: 53(0%), Work Speed: (0%), Skills: Coldblooded, Conceited, Work Slave
Alpha Rushoar, Level: 14, Rank: 1, Gender: Male, HP IV: 57(0%), ATK IV: 80(0%), DEF IV: 87(0%), Work Speed: (0%), Skills: Lucky
Caprity, Level: 10, Rank: 1, Gender: Female, HP IV: 61(0%), ATK IV: 11(0%), DEF IV: 84(0%), Work Speed: (0%), Skills: Pyromaniac, Positive Thinker
Caprity, Level: 10, Rank: 1, Gender: Male, HP IV: 9(0%), ATK IV: 96(0%), DEF IV: 57(0%), Work Speed: (0%), Skills: Burly Body
Caprity, Level: 11, Rank: 1, Gender: Female, HP IV: 66(0%), ATK IV: 92(0%), DEF IV: 63(0%), Work Speed: (0%), Skills: Ferocious
Caprity, Level: 12, Rank: 1, Gender: Male, HP IV: 22(0%), ATK IV: 10(0%), DEF IV: 96(0%), Work Speed: (0%)
Cattiva, Level: 12, Rank: 1, Gender: Male, HP IV: 25(0%), ATK IV: 43(0%), DEF IV: 18(0%), Work Speed: (0%), Skills: Coward, Pacifist
Cattiva, Level: 4, Rank: 1, Gender: Female, HP IV: 51(0%), ATK IV: 52(0%), DEF IV: 40(0%), Work Speed: (0%), Skills: Coward, Artisan, Musclehead
Celaray, Level: 2, Rank: 1, Gender: Male, HP IV: 37(0%), ATK IV: 38(0%), DEF IV: 20(0%), Work Speed: (0%), Skills: Fit as a Fiddle
Celaray, Level: 3, Rank: 1, Gender: Female, HP IV: 18(0%), ATK IV: 76(0%), DEF IV: 77(0%), Work Speed: (0%)
Celaray, Level: 3, Rank: 1, Gender: Male, HP IV: 30(0%), ATK IV: 50(0%), DEF IV: 76(0%), Work Speed: (0%), Skills: Earthquake Resistant
Celaray, Level: 3, Rank: 1, Gender: Male, HP IV: 79(0%), ATK IV: 68(0%), DEF IV: 88(0%), Work Speed: (0%), Skills: Suntan Lover
Celaray, Level: 4, Rank: 1, Gender: Female, HP IV: 8(0%), ATK IV: 34(0%), DEF IV: 23(0%), Work Speed: (0%), Skills: Cheery
Celaray, Level: 4, Rank: 1, Gender: Female, HP IV: 98(0%), ATK IV: 37(0%), DEF IV: 50(0%), Work Speed: (0%), Skills: Serenity
Chikipi, Level: 1, Rank: 1, Gender: Male, HP IV: 95(0%), ATK IV: 76(0%), DEF IV: 56(0%), Work Speed: (0%), Skills: Logging Foreman
Chikipi, Level: 3, Rank: 1, Gender: Male, HP IV: 46(0%), ATK IV: 59(0%), DEF IV: 4(0%), Work Speed: (0%), Skills: Unstable
Chikipi, Level: 5, Rank: 1, Gender: Female, HP IV: 55(0%), ATK IV: 43(0%), DEF IV: 29(0%), Work Speed: (0%), Skills: Coward
Cinnamoth, Level: 1, Rank: 1, Gender: Male, HP IV: 74(0%), ATK IV: 25(0%), DEF IV: 64(0%), Work Speed: (0%), Skills: Hooligan
Cremis, Level: 12, Rank: 1, Gender: Female, HP IV: 63(0%), ATK IV: 49(0%), DEF IV: 58(0%), Work Speed: (0%), Skills: Hooligan
Cremis, Level: 2, Rank: 1, Gender: Female, HP IV: 47(0%), ATK IV: 2(0%), DEF IV: 2(0%), Work Speed: (0%), Skills: Ferocious
Cremis, Level: 2, Rank: 1, Gender: Female, HP IV: 99(0%), ATK IV: 8(0%), DEF IV: 52(0%), Work Speed: (0%), Skills: Unstable
Cremis, Level: 2, Rank: 1, Gender: Male, HP IV: 24(0%), ATK IV: 21(0%), DEF IV: 29(0%), Work Speed: (0%), Skills: Pacifist
Cremis, Level: 21, Rank: 1, Gender: Male, HP IV: 70(0%), ATK IV: 91(0%), DEF IV: 94(0%), Work Speed: (0%), Skills: Power of Gaia
Cremis, Level: 23, Rank: 1, Gender: Female, HP IV: 3(0%), ATK IV: 15(0%), DEF IV: 86(0%), Work Speed: (0%), Skills: Bottomless Stomach
Cremis, Level: 23, Rank: 1, Gender: Female, HP IV: 9(0%), ATK IV: 97(0%), DEF IV: 50(0%), Work Speed: (0%), Skills: Positive Thinker
Cremis, Level: 23, Rank: 1, Gender: Male, HP IV: 21(0%), ATK IV: 84(0%), DEF IV: 84(0%), Work Speed: (0%)
Cremis, Level: 3, Rank: 1, Gender: Female, HP IV: 38(0%), ATK IV: 11(0%), DEF IV: 43(0%), Work Speed: (0%), Skills: Sadist, Clumsy
Cremis, Level: 3, Rank: 1, Gender: Female, HP IV: 94(0%), ATK IV: 38(0%), DEF IV: 27(0%), Work Speed: (0%)
Cremis, Level: 3, Rank: 1, Gender: Male, HP IV: 86(0%), ATK IV: 88(0%), DEF IV: 25(0%), Work Speed: (0%)
Cremis, Level: 4, Rank: 1, Gender: Female, HP IV: 3(0%), ATK IV: 90(0%), DEF IV: 67(0%), Work Speed: (0%), Skills: Bottomless Stomach
Croajiro, Level: 5, Rank: 1, Gender: Female, HP IV: 88(0%), ATK IV: 59(0%), DEF IV: 1(0%), Work Speed: (0%), Skills: Fit as a Fiddle
Daedream, Level: 6, Rank: 1, Gender: Female, HP IV: 100(0%), ATK IV: 41(0%), DEF IV: 37(0%), Work Speed: (0%), Skills: Clumsy
Daedream, Level: 6, Rank: 1, Gender: Female, HP IV: 16(0%), ATK IV: 23(0%), DEF IV: 54(0%), Work Speed: (0%), Skills: Slacker
Daedream, Level: 6, Rank: 1, Gender: Male, HP IV: 28(0%), ATK IV: 78(0%), DEF IV: 99(0%), Work Speed: (0%)
Daedream, Level: 6, Rank: 1, Gender: Male, HP IV: 67(0%), ATK IV: 90(0%), DEF IV: 74(0%), Work Speed: (0%)
Depresso, Level: 3, Rank: 1, Gender: Female, HP IV: 36(0%), ATK IV: 25(0%), DEF IV: 58(0%), Work Speed: (0%), Skills: Cheery
Depresso, Level: 4, Rank: 1, Gender: Female, HP IV: 93(0%), ATK IV: 11(0%), DEF IV: 47(0%), Work Speed: (0%), Skills: Dainty Eater
Depresso, Level: 4, Rank: 1, Gender: Male, HP IV: 92(0%), ATK IV: 59(0%), DEF IV: 17(0%), Work Speed: (0%), Skills: Diet Lover
Depresso, Level: 5, Rank: 1, Gender: Male, HP IV: 34(0%), ATK IV: 18(0%), DEF IV: 88(0%), Work Speed: (0%), Skills: Fine Furs, Diet Lover
Depresso, Level: 5, Rank: 1, Gender: Male, HP IV: 34(0%), ATK IV: 79(0%), DEF IV: 50(0%), Work Speed: (0%), Skills: Insulated Body
Depresso, Level: 6, Rank: 1, Gender: Male, HP IV: 45(0%), ATK IV: 83(0%), DEF IV: 98(0%), Work Speed: (0%), Skills: Nocturnal
Dinossom, Level: 1, Rank: 1, Gender: Female, HP IV: 3(0%), ATK IV: 42(0%), DEF IV: 46(0%), Work Speed: (0%), Skills: Brave
Direhowl, Level: 1, Rank: 1, Gender: Female, HP IV: 2(0%), ATK IV: 27(0%), DEF IV: 2(0%), Work Speed: (0%)
Eikthyrdeer, Level: 11, Rank: 1, Gender: Female, HP IV: 1(0%), ATK IV: 21(0%), DEF IV: 84(0%), Work Speed: (0%), Skills: Aggressive
Eikthyrdeer, Level: 8, Rank: 1, Gender: Female, HP IV: 28(0%), ATK IV: 17(0%), DEF IV: 11(0%), Work Speed: (0%), Skills: Bottomless Stomach
Eikthyrdeer, Level: 8, Rank: 1, Gender: Male, HP IV: 49(0%), ATK IV: 69(0%), DEF IV: 76(0%), Work Speed: (0%), Skills: Unstable
Eikthyrdeer, Level: 8, Rank: 1, Gender: Male, HP IV: 52(0%), ATK IV: 79(0%), DEF IV: 14(0%), Work Speed: (0%), Skills: Shabby, Conceited
Eikthyrdeer, Level: 9, Rank: 1, Gender: Male, HP IV: 53(0%), ATK IV: 83(0%), DEF IV: 10(0%), Work Speed: (0%)
Eikthyrdeer, Level: 9, Rank: 1, Gender: Male, HP IV: 8(0%), ATK IV: 84(0%), DEF IV: 44(0%), Work Speed: (0%)
Foxparks, Level: 5, Rank: 1, Gender: Female, HP IV: 50(0%), ATK IV: 71(0%), DEF IV: 69(0%), Work Speed: (0%)
Fuack, Level: 12, Rank: 1, Gender: Male, HP IV: 65(0%), ATK IV: 36(0%), DEF IV: 65(0%), Work Speed: (0%), Skills: Coward
Fuack, Level: 3, Rank: 1, Gender: Female, HP IV: 39(0%), ATK IV: 16(0%), DEF IV: 51(0%), Work Speed: (0%), Skills: Pacifist
Fuack, Level: 3, Rank: 1, Gender: Male, HP IV: 5(0%), ATK IV: 69(0%), DEF IV: 73(0%), Work Speed: (0%), Skills: Artisan
Fuack, Level: 3, Rank: 1, Gender: Male, HP IV: 81(0%), ATK IV: 2(0%), DEF IV: 6(0%), Work Speed: (0%), Skills: Hooligan
Fuack, Level: 4, Rank: 1, Gender: Female, HP IV: 32(0%), ATK IV: 77(0%), DEF IV: 33(0%), Work Speed: (0%), Skills: Insulated Body
Fuack, Level: 5, Rank: 1, Gender: Male, HP IV: 44(0%), ATK IV: 69(0%), DEF IV: 81(0%), Work Speed: (0%), Skills: Diet Lover
Fuack, Level: 5, Rank: 1, Gender: Male, HP IV: 56(0%), ATK IV: 69(0%), DEF IV: 77(0%), Work Speed: (0%), Skills: Botanical Barrier
Fuack, Level: 6, Rank: 1, Gender: Male, HP IV: 60(0%), ATK IV: 31(0%), DEF IV: 67(0%), Work Speed: (0%), Skills: Suntan Lover, Impatient, Power of Gaia, Infinite Stamina
Fuddler, Level: 5, Rank: 1, Gender: Male, HP IV: 20(0%), ATK IV: 97(0%), DEF IV: 42(0%), Work Speed: (0%), Skills: Destructive
Fuddler, Level: 6, Rank: 1, Gender: Female, HP IV: 93(0%), ATK IV: 38(0%), DEF IV: 42(0%), Work Speed: (0%), Skills: Positive Thinker
Fuddler, Level: 9, Rank: 1, Gender: Male, HP IV: 15(0%), ATK IV: 31(0%), DEF IV: 67(0%), Work Speed: (0%), Skills: Swift
Gumoss (Special), Level: 12, Rank: 1, Gender: Female, HP IV: 96(0%), ATK IV: 49(0%), DEF IV: 20(0%), Work Speed: (0%), Skills: Sickly
Gumoss (Special), Level: 3, Rank: 1, Gender: Female, HP IV: 85(0%), ATK IV: 79(0%), DEF IV: 19(0%), Work Speed: (0%), Skills: Fit as a Fiddle
Gumoss, Level: 2, Rank: 1, Gender: Female, HP IV: 73(0%), ATK IV: 96(0%), DEF IV: 96(0%), Work Speed: (0%)
Gumoss, Level: 3, Rank: 1, Gender: Female, HP IV: 14(0%), ATK IV: 68(0%), DEF IV: 99(0%), Work Speed: (0%), Skills: Conceited
Gumoss, Level: 3, Rank: 1, Gender: Female, HP IV: 68(0%), ATK IV: 55(0%), DEF IV: 10(0%), Work Speed: (0%), Skills: Fragrant Foliage, Ferocious, Fit as a Fiddle
Gumoss, Level: 3, Rank: 1, Gender: Male, HP IV: 34(0%), ATK IV: 50(0%), DEF IV: 65(0%), Work Speed: (0%), Skills: Heated Body
Gumoss, Level: 4, Rank: 1, Gender: Female, HP IV: 58(0%), ATK IV: 68(0%), DEF IV: 28(0%), Work Speed: (0%), Skills: Hard Skin
Gumoss, Level: 4, Rank: 1, Gender: Male, HP IV: 100(0%), ATK IV: 47(0%), DEF IV: 39(0%), Work Speed: (0%), Skills: Abnormal
Gumoss, Level: 5, Rank: 1, Gender: Male, HP IV: 48(0%), ATK IV: 35(0%), DEF IV: 84(0%), Work Speed: (0%), Skills: Heated Body
Gumoss, Level: 5, Rank: 1, Gender: Male, HP IV: 56(0%), ATK IV: 90(0%), DEF IV: 65(0%), Work Speed: (0%), Skills: Waterproof, Shabby
Gumoss, Level: 5, Rank: 1, Gender: Male, HP IV: 95(0%), ATK IV: 51(0%), DEF IV: 97(0%), Work Speed: (0%), Skills: Mine Foreman
Hoocrates, Level: 3, Rank: 1, Gender: Female, HP IV: 59(0%), ATK IV: 14(0%), DEF IV: 37(0%), Work Speed: (0%), Skills: Runner
Hoocrates, Level: 3, Rank: 1, Gender: Female, HP IV: 91(0%), ATK IV: 42(0%), DEF IV: 28(0%), Work Speed: (0%), Skills: Philantropist
Hoocrates, Level: 3, Rank: 1, Gender: Male, HP IV: 62(0%), ATK IV: 47(0%), DEF IV: 45(0%), Work Speed: (0%)
Hoocrates, Level: 3, Rank: 1, Gender: Male, HP IV: 67(0%), ATK IV: 61(0%), DEF IV: 29(0%), Work Speed: (0%), Skills: Nocturnal
Hoocrates, Level: 3, Rank: 1, Gender: Male, HP IV: 80(0%), ATK IV: 25(0%), DEF IV: 75(0%), Work Speed: (0%), Skills: Coldblooded
Hoocrates, Level: 4, Rank: 1, Gender: Female, HP IV: 7(0%), ATK IV: 65(0%), DEF IV: 91(0%), Work Speed: (0%), Skills: Fragrant Foliage, Burly Body, Impatient, Fit as a Fiddle
Hoocrates, Level: 5, Rank: 1, Gender: Female, HP IV: 61(0%), ATK IV: 27(0%), DEF IV: 40(0%), Work Speed: (0%), Skills: Mine Foreman
Hoocrates, Level: 5, Rank: 1, Gender: Female, HP IV: 7(0%), ATK IV: 92(0%), DEF IV: 12(0%), Work Speed: (0%), Skills: Botanical Barrier
Hoocrates, Level: 5, Rank: 1, Gender: Male, HP IV: 1(0%), ATK IV: 43(0%), DEF IV: 67(0%), Work Speed: (0%), Skills: Unstable
Hoocrates, Level: 5, Rank: 1, Gender: Male, HP IV: 20(0%), ATK IV: 28(0%), DEF IV: 98(0%), Work Speed: (0%), Skills: Fine Furs, Diet Lover
Hoocrates, Level: 6, Rank: 1, Gender: Female, HP IV: 7(0%), ATK IV: 97(0%), DEF IV: 1(0%), Work Speed: (0%), Skills: Stronghold Strategist
Killamari, Level: 7, Rank: 1, Gender: Male, HP IV: 36(0%), ATK IV: 49(0%), DEF IV: 9(0%), Work Speed: (0%), Skills: Blood of the Dragon, Glutton
Killamari, Level: 8, Rank: 1, Gender: Female, HP IV: 23(0%), ATK IV: 42(0%), DEF IV: 19(0%), Work Speed: (0%), Skills: Coward
Killamari, Level: 8, Rank: 1, Gender: Male, HP IV: 55(0%), ATK IV: 53(0%), DEF IV: 25(0%), Work Speed: (0%), Skills: Pyromaniac
Killamari, Level: 9, Rank: 1, Gender: Male, HP IV: 14(0%), ATK IV: 21(0%), DEF IV: 23(0%), Work Speed: (0%), Skills: Impatient
Killamari, Level: 9, Rank: 1, Gender: Male, HP IV: 46(0%), ATK IV: 48(0%), DEF IV: 59(0%), Work Speed: (0%), Skills: Earthquake Resistant
Lamball, Level: 12, Rank: 1, Gender: Male, HP IV: 94(0%), ATK IV: 66(0%), DEF IV: 50(0%), Work Speed: (0%), Skills: Shabby
Lamball, Level: 4, Rank: 1, Gender: Female, HP IV: 57(0%), ATK IV: 97(0%), DEF IV: 54(0%), Work Speed: (0%)
Lamball, Level: 4, Rank: 1, Gender: Male, HP IV: 4(0%), ATK IV: 70(0%), DEF IV: 93(0%), Work Speed: (0%)
Lamball, Level: 4, Rank: 1, Gender: Male, HP IV: 87(0%), ATK IV: 1(0%), DEF IV: 36(0%), Work Speed: (0%), Skills: Easygoing
Lamball, Level: 5, Rank: 1, Gender: Male, HP IV: 44(0%), ATK IV: 77(0%), DEF IV: 22(0%), Work Speed: (0%), Skills: Fine Furs
Lifmunk, Level: 2, Rank: 1, Gender: Male, HP IV: 54(0%), ATK IV: 9(0%), DEF IV: 54(0%), Work Speed: (0%), Skills: Artisan
Lifmunk, Level: 3, Rank: 1, Gender: Female, HP IV: 39(0%), ATK IV: 24(0%), DEF IV: 7(0%), Work Speed: (0%), Skills: Masochist
Lifmunk, Level: 3, Rank: 1, Gender: Female, HP IV: 6(0%), ATK IV: 33(0%), DEF IV: 61(0%), Work Speed: (0%), Skills: Brittle
Lifmunk, Level: 3, Rank: 1, Gender: Male, HP IV: 97(0%), ATK IV: 22(0%), DEF IV: 83(0%), Work Speed: (0%), Skills: Musclehead
Lifmunk, Level: 4, Rank: 1, Gender: Female, HP IV: 35(0%), ATK IV: 48(0%), DEF IV: 55(0%), Work Speed: (0%), Skills: Serious
Lifmunk, Level: 5, Rank: 1, Gender: Female, HP IV: 6(0%), ATK IV: 64(0%), DEF IV: 0(0%), Work Speed: (0%), Skills: Swift
Lifmunk, Level: 5, Rank: 1, Gender: Male, HP IV: 73(0%), ATK IV: 8(0%), DEF IV: 32(0%), Work Speed: (0%), Skills: Fragrant Foliage
Pengullet, Level: 10, Rank: 1, Gender: Female, HP IV: 0(0%), ATK IV: 76(0%), DEF IV: 0(0%), Work Speed: (0%), Skills: Sickly
Pengullet, Level: 10, Rank: 1, Gender: Female, HP IV: 51(0%), ATK IV: 13(0%), DEF IV: 28(0%), Work Speed: (0%), Skills: Clumsy
Pengullet, Level: 10, Rank: 1, Gender: Female, HP IV: 66(0%), ATK IV: 50(0%), DEF IV: 73(0%), Work Speed: (0%)
Pengullet, Level: 10, Rank: 1, Gender: Male, HP IV: 30(0%), ATK IV: 54(0%), DEF IV: 80(0%), Work Speed: (0%), Skills: Hard Skin
Pengullet, Level: 11, Rank: 1, Gender: Female, HP IV: 37(0%), ATK IV: 0(0%), DEF IV: 63(0%), Work Speed: (0%), Skills: Pyromaniac
Pengullet, Level: 11, Rank: 1, Gender: Female, HP IV: 4(0%), ATK IV: 17(0%), DEF IV: 89(0%), Work Speed: (0%), Skills: Aggressive, Workaholic
Pengullet, Level: 11, Rank: 1, Gender: Male, HP IV: 4(0%), ATK IV: 66(0%), DEF IV: 41(0%), Work Speed: (0%)
Pengullet, Level: 3, Rank: 1, Gender: Female, HP IV: 43(0%), ATK IV: 86(0%), DEF IV: 65(0%), Work Speed: (0%), Skills: Pacifist
Pengullet, Level: 3, Rank: 1, Gender: Male, HP IV: 87(0%), ATK IV: 9(0%), DEF IV: 57(0%), Work Speed: (0%)
Pengullet, Level: 5, Rank: 1, Gender: Male, HP IV: 22(0%), ATK IV: 29(0%), DEF IV: 99(0%), Work Speed: (0%), Skills: Mine Foreman
Rooby, Level: 2, Rank: 1, Gender: Male, HP IV: 48(0%), ATK IV: 99(0%), DEF IV: 89(0%), Work Speed: (0%), Skills: Diet Lover
Rooby, Level: 3, Rank: 1, Gender: Female, HP IV: 28(0%), ATK IV: 13(0%), DEF IV: 71(0%), Work Speed: (0%), Skills: Vanguard
Rooby, Level: 5, Rank: 1, Gender: Female, HP IV: 8(0%), ATK IV: 42(0%), DEF IV: 5(0%), Work Speed: (0%), Skills: Fragrant Foliage, Motivational Leader, Positive Thinker
Rooby, Level: 5, Rank: 1, Gender: Male, HP IV: 39(0%), ATK IV: 63(0%), DEF IV: 63(0%), Work Speed: (0%), Skills: Hard Skin
Rooby, Level: 8, Rank: 1, Gender: Male, HP IV: 22(0%), ATK IV: 38(0%), DEF IV: 100(0%), Work Speed: (0%), Skills: Noble
Rushoar, Level: 3, Rank: 1, Gender: Female, HP IV: 37(0%), ATK IV: 55(0%), DEF IV: 89(0%), Work Speed: (0%), Skills: Pacifist
Rushoar, Level: 3, Rank: 1, Gender: Female, HP IV: 51(0%), ATK IV: 76(0%), DEF IV: 8(0%), Work Speed: (0%)
Rushoar, Level: 3, Rank: 1, Gender: Male, HP IV: 38(0%), ATK IV: 84(0%), DEF IV: 94(0%), Work Speed: (0%), Skills: Swift
Rushoar, Level: 4, Rank: 1, Gender: Male, HP IV: 26(0%), ATK IV: 6(0%), DEF IV: 66(0%), Work Speed: (0%), Skills: Brave
Rushoar, Level: 4, Rank: 1, Gender: Male, HP IV: 43(0%), ATK IV: 9(0%), DEF IV: 27(0%), Work Speed: (0%), Skills: Work Slave
Rushoar, Level: 4, Rank: 1, Gender: Male, HP IV: 50(0%), ATK IV: 68(0%), DEF IV: 31(0%), Work Speed: (0%), Skills: Impatient
Rushoar, Level: 4, Rank: 1, Gender: Male, HP IV: 51(0%), ATK IV: 35(0%), DEF IV: 58(0%), Work Speed: (0%), Skills: Pacifist
Rushoar, Level: 5, Rank: 1, Gender: Male, HP IV: 37(0%), ATK IV: 88(0%), DEF IV: 23(0%), Work Speed: (0%), Skills: Unstable
Rushoar, Level: 6, Rank: 1, Gender: Female, HP IV: 12(0%), ATK IV: 96(0%), DEF IV: 94(0%), Work Speed: (0%), Skills: Unstable
Rushoar, Level: 6, Rank: 1, Gender: Male, HP IV: 64(0%), ATK IV: 49(0%), DEF IV: 32(0%), Work Speed: (0%), Skills: Bottomless Stomach
Rushoar, Level: 6, Rank: 1, Gender: Male, HP IV: 89(0%), ATK IV: 63(0%), DEF IV: 60(0%), Work Speed: (0%), Skills: Zen Mind
Sparkit, Level: 3, Rank: 1, Gender: Male, HP IV: 49(0%), ATK IV: 75(0%), DEF IV: 47(0%), Work Speed: (0%), Skills: Hydromaniac
Sparkit, Level: 5, Rank: 1, Gender: Female, HP IV: 53(0%), ATK IV: 38(0%), DEF IV: 52(0%), Work Speed: (0%), Skills: Waterproof
Sparkit, Level: 5, Rank: 1, Gender: Male, HP IV: 70(0%), ATK IV: 84(0%), DEF IV: 53(0%), Work Speed: (0%), Skills: Destructive
Sparkit, Level: 6, Rank: 1, Gender: Female, HP IV: 31(0%), ATK IV: 27(0%), DEF IV: 65(0%), Work Speed: (0%), Skills: Noble
Teafant, Level: 1, Rank: 1, Gender: Male, HP IV: 7(0%), ATK IV: 67(0%), DEF IV: 63(0%), Work Speed: (0%), Skills: Hydromaniac
Teafant, Level: 2, Rank: 1, Gender: Male, HP IV: 44(0%), ATK IV: 82(0%), DEF IV: 49(0%), Work Speed: (0%), Skills: Motivational Leader
Teafant, Level: 3, Rank: 1, Gender: Female, HP IV: 91(0%), ATK IV: 44(0%), DEF IV: 47(0%), Work Speed: (0%)
Teafant, Level: 4, Rank: 1, Gender: Female, HP IV: 20(0%), ATK IV: 21(0%), DEF IV: 33(0%), Work Speed: (0%), Skills: Brave
Teafant, Level: 4, Rank: 1, Gender: Female, HP IV: 32(0%), ATK IV: 36(0%), DEF IV: 66(0%), Work Speed: (0%), Skills: Fine Furs, Motivational Leader
Traveling Merchant, Level: 1, Rank: 1, Gender: Unknown, HP IV: 87(0%), ATK IV: 14(0%), DEF IV: 47(0%), Work Speed: (0%), Skills: Work Slave
Traveling Merchant, Level: 2, Rank: 1, Gender: Unknown, HP IV: 89(0%), ATK IV: 26(0%), DEF IV: 11(0%), Work Speed: (0%), Skills: Hydromaniac
Vixy, Level: 23, Rank: 1, Gender: Male, HP IV: 99(0%), ATK IV: 5(0%), DEF IV: 17(0%), Work Speed: (0%), Skills: Unstable
Vixy, Level: 3, Rank: 1, Gender: Female, HP IV: 31(0%), ATK IV: 59(0%), DEF IV: 52(0%), Work Speed: (0%), Skills: Motivational Leader
Vixy, Level: 6, Rank: 1, Gender: Female, HP IV: 8(0%), ATK IV: 60(0%), DEF IV: 22(0%), Work Speed: (0%), Skills: Dainty Eater
