The Black Flower's 4 Pals
-------------------------
Daedream, Level: 4, Rank: 1, Gender: Female, HP IV: 77(0%), ATK IV: 5(0%), DEF IV: 94(0%), Work Speed: (0%), Skills: Botanical Barrier
Hoocrates, Level: 5, Rank: 1, Gender: Male, HP IV: 54(0%), ATK IV: 48(0%), DEF IV: 54(0%), Work Speed: (0%), Skills: Ferocious
Lifmunk, Level: 3, Rank: 1, Gender: Female, HP IV: 82(0%), ATK IV: 27(0%), DEF IV: 81(0%), Work Speed: (0%), Skills: Philantropist
Sparkit, Level: 4, Rank: 1, Gender: Female, HP IV: 98(0%), ATK IV: 54(0%), DEF IV: 41(0%), Work Speed: (0%), Skills: Infinite Stamina, Fit as a Fiddle
The Black Flower's 4 Pals
-------------------------
Daedream, Level: 4, Rank: 1, Gender: Female, HP IV: 77(0%), ATK IV: 5(0%), DEF IV: 94(0%), Work Speed: (0%), Skills: Botanical Barrier
Hoocrates, Level: 5, Rank: 1, Gender: Male, HP IV: 54(0%), ATK IV: 48(0%), DEF IV: 54(0%), Work Speed: (0%), Skills: Ferocious
Lifmunk, Level: 3, Rank: 1, Gender: Female, HP IV: 82(0%), ATK IV: 27(0%), DEF IV: 81(0%), Work Speed: (0%), Skills: Philantropist
Sparkit, Level: 4, Rank: 1, Gender: Female, HP IV: 98(0%), ATK IV: 54(0%), DEF IV: 41(0%), Work Speed: (0%), Skills: Infinite Stamina, Fit as a Fiddle
The Black Flower's 4 Pals
-------------------------
Daedream, Level: 4, Rank: 1, Gender: Female, HP IV: 77(0%), ATK IV: 5(0%), DEF IV: 94(0%), Work Speed: (0%), Skills: Botanical Barrier
Hoocrates, Level: 5, Rank: 1, Gender: Male, HP IV: 54(0%), ATK IV: 48(0%), DEF IV: 54(0%), Work Speed: (0%), Skills: Ferocious
Lifmunk, Level: 3, Rank: 1, Gender: Female, HP IV: 82(0%), ATK IV: 27(0%), DEF IV: 81(0%), Work Speed: (0%), Skills: Philantropist
Sparkit, Level: 4, Rank: 1, Gender: Female, HP IV: 98(0%), ATK IV: 54(0%), DEF IV: 41(0%), Work Speed: (0%), Skills: Infinite Stamina, Fit as a Fiddle
The Black Flower's 4 Pals
-------------------------
Daedream, Level: 4, Rank: 1, Gender: Female, HP IV: 77(0%), ATK IV: 5(0%), DEF IV: 94(0%), Work Speed: (0%), Skills: Botanical Barrier
Hoocrates, Level: 5, Rank: 1, Gender: Male, HP IV: 54(0%), ATK IV: 48(0%), DEF IV: 54(0%), Work Speed: (0%), Skills: Ferocious
Lifmunk, Level: 3, Rank: 1, Gender: Female, HP IV: 82(0%), ATK IV: 27(0%), DEF IV: 81(0%), Work Speed: (0%), Skills: Philantropist
Sparkit, Level: 4, Rank: 1, Gender: Female, HP IV: 98(0%), ATK IV: 54(0%), DEF IV: 41(0%), Work Speed: (0%), Skills: Infinite Stamina, Fit as a Fiddle
The Black Flower's 4 Pals
-------------------------
Daedream, Level: 4, Rank: 1, Gender: Female, HP IV: 77(0%), ATK IV: 5(0%), DEF IV: 94(0%), Work Speed: (0%), Skills: Botanical Barrier
Hoocrates, Level: 5, Rank: 1, Gender: Male, HP IV: 54(0%), ATK IV: 48(0%), DEF IV: 54(0%), Work Speed: (0%), Skills: Ferocious
Lifmunk, Level: 3, Rank: 1, Gender: Female, HP IV: 82(0%), ATK IV: 27(0%), DEF IV: 81(0%), Work Speed: (0%), Skills: Philantropist
Sparkit, Level: 4, Rank: 1, Gender: Female, HP IV: 98(0%), ATK IV: 54(0%), DEF IV: 41(0%), Work Speed: (0%), Skills: Infinite Stamina, Fit as a Fiddle
The Black Flower's 4 Pals
-------------------------
Daedream, Level: 4, Rank: 1, Gender: Female, HP IV: 77(0%), ATK IV: 5(0%), DEF IV: 94(0%), Work Speed: (0%), Skills: Botanical Barrier
Hoocrates, Level: 5, Rank: 1, Gender: Male, HP IV: 54(0%), ATK IV: 48(0%), DEF IV: 54(0%), Work Speed: (0%), Skills: Ferocious
Lifmunk, Level: 3, Rank: 1, Gender: Female, HP IV: 82(0%), ATK IV: 27(0%), DEF IV: 81(0%), Work Speed: (0%), Skills: Philantropist
Sparkit, Level: 4, Rank: 1, Gender: Female, HP IV: 98(0%), ATK IV: 54(0%), DEF IV: 41(0%), Work Speed: (0%), Skills: Infinite Stamina, Fit as a Fiddle
The Black Flower's 4 Pals
-------------------------
Daedream, Level: 4, Rank: 1, Gender: Female, HP IV: 77(0%), ATK IV: 5(0%), DEF IV: 94(0%), Work Speed: (0%), Skills: Botanical Barrier
Hoocrates, Level: 5, Rank: 1, Gender: Male, HP IV: 54(0%), ATK IV: 48(0%), DEF IV: 54(0%), Work Speed: (0%), Skills: Ferocious
Lifmunk, Level: 3, Rank: 1, Gender: Female, HP IV: 82(0%), ATK IV: 27(0%), DEF IV: 81(0%), Work Speed: (0%), Skills: Philantropist
Sparkit, Level: 4, Rank: 1, Gender: Female, HP IV: 98(0%), ATK IV: 54(0%), DEF IV: 41(0%), Work Speed: (0%), Skills: Infinite Stamina, Fit as a Fiddle
The Black Flower's 4 Pals
-------------------------
Daedream, Level: 4, Rank: 1, Gender: Female, HP IV: 77(0%), ATK IV: 5(0%), DEF IV: 94(0%), Work Speed: (0%), Skills: Botanical Barrier
Hoocrates, Level: 5, Rank: 1, Gender: Male, HP IV: 54(0%), ATK IV: 48(0%), DEF IV: 54(0%), Work Speed: (0%), Skills: Ferocious
Lifmunk, Level: 3, Rank: 1, Gender: Female, HP IV: 82(0%), ATK IV: 27(0%), DEF IV: 81(0%), Work Speed: (0%), Skills: Philantropist
Sparkit, Level: 4, Rank: 1, Gender: Female, HP IV: 98(0%), ATK IV: 54(0%), DEF IV: 41(0%), Work Speed: (0%), Skills: Infinite Stamina, Fit as a Fiddle
The Black Flower's 4 Pals
-------------------------
Daedream, Level: 4, Rank: 1, Gender: Female, HP IV: 77(0%), ATK IV: 5(0%), DEF IV: 94(0%), Work Speed: (0%), Skills: Botanical Barrier
Hoocrates, Level: 5, Rank: 1, Gender: Male, HP IV: 54(0%), ATK IV: 48(0%), DEF IV: 54(0%), Work Speed: (0%), Skills: Ferocious
Lifmunk, Level: 3, Rank: 1, Gender: Female, HP IV: 82(0%), ATK IV: 27(0%), DEF IV: 81(0%), Work Speed: (0%), Skills: Philantropist
Sparkit, Level: 4, Rank: 1, Gender: Female, HP IV: 98(0%), ATK IV: 54(0%), DEF IV: 41(0%), Work Speed: (0%), Skills: Infinite Stamina, Fit as a Fiddle
The Black Flower's 4 Pals
-------------------------
Daedream, Level: 4, Rank: 1, Gender: Female, HP IV: 77(0%), ATK IV: 5(0%), DEF IV: 94(0%), Work Speed: (0%), Skills: Botanical Barrier
Hoocrates, Level: 5, Rank: 1, Gender: Male, HP IV: 54(0%), ATK IV: 48(0%), DEF IV: 54(0%), Work Speed: (0%), Skills: Ferocious
Lifmunk, Level: 3, Rank: 1, Gender: Female, HP IV: 82(0%), ATK IV: 27(0%), DEF IV: 81(0%), Work Speed: (0%), Skills: Philantropist
Sparkit, Level: 4, Rank: 1, Gender: Female, HP IV: 98(0%), ATK IV: 54(0%), DEF IV: 41(0%), Work Speed: (0%), Skills: Infinite Stamina, Fit as a Fiddle
The Black Flower's 4 Pals
-------------------------
Daedream, Level: 4, Rank: 1, Gender: Female, HP IV: 77(0%), ATK IV: 5(0%), DEF IV: 94(0%), Work Speed: (0%), Skills: Botanical Barrier
Hoocrates, Level: 5, Rank: 1, Gender: Male, HP IV: 54(0%), ATK IV: 48(0%), DEF IV: 54(0%), Work Speed: (0%), Skills: Ferocious
Lifmunk, Level: 3, Rank: 1, Gender: Female, HP IV: 82(0%), ATK IV: 27(0%), DEF IV: 81(0%), Work Speed: (0%), Skills: Philantropist
Sparkit, Level: 4, Rank: 1, Gender: Female, HP IV: 98(0%), ATK IV: 54(0%), DEF IV: 41(0%), Work Speed: (0%), Skills: Infinite Stamina, Fit as a Fiddle
The Black Flower's 4 Pals
-------------------------
Daedream, Level: 4, Rank: 1, Gender: Female, HP IV: 77(0%), ATK IV: 5(0%), DEF IV: 94(0%), Work Speed: (0%), Skills: Botanical Barrier
Hoocrates, Level: 5, Rank: 1, Gender: Male, HP IV: 54(0%), ATK IV: 48(0%), DEF IV: 54(0%), Work Speed: (0%), Skills: Ferocious
Lifmunk, Level: 3, Rank: 1, Gender: Female, HP IV: 82(0%), ATK IV: 27(0%), DEF IV: 81(0%), Work Speed: (0%), Skills: Philantropist
Sparkit, Level: 4, Rank: 1, Gender: Female, HP IV: 98(0%), ATK IV: 54(0%), DEF IV: 41(0%), Work Speed: (0%), Skills: Infinite Stamina, Fit as a Fiddle
The Black Flower's 4 Pals
-------------------------
Daedream, Level: 4, Rank: 1, Gender: Female, HP IV: 77(0%), ATK IV: 5(0%), DEF IV: 94(0%), Work Speed: (0%), Skills: Botanical Barrier
Hoocrates, Level: 5, Rank: 1, Gender: Male, HP IV: 54(0%), ATK IV: 48(0%), DEF IV: 54(0%), Work Speed: (0%), Skills: Ferocious
Lifmunk, Level: 3, Rank: 1, Gender: Female, HP IV: 82(0%), ATK IV: 27(0%), DEF IV: 81(0%), Work Speed: (0%), Skills: Philantropist
Sparkit, Level: 4, Rank: 1, Gender: Female, HP IV: 98(0%), ATK IV: 54(0%), DEF IV: 41(0%), Work Speed: (0%), Skills: Infinite Stamina, Fit as a Fiddle
The Black Flower's 4 Pals
-------------------------
Daedream, Level: 4, Rank: 1, Gender: Female, HP IV: 77(0%), ATK IV: 5(0%), DEF IV: 94(0%), Work Speed: (0%), Skills: Botanical Barrier
Hoocrates, Level: 5, Rank: 1, Gender: Male, HP IV: 54(0%), ATK IV: 48(0%), DEF IV: 54(0%), Work Speed: (0%), Skills: Ferocious
Lifmunk, Level: 3, Rank: 1, Gender: Female, HP IV: 82(0%), ATK IV: 27(0%), DEF IV: 81(0%), Work Speed: (0%), Skills: Philantropist
Sparkit, Level: 4, Rank: 1, Gender: Female, HP IV: 98(0%), ATK IV: 54(0%), DEF IV: 41(0%), Work Speed: (0%), Skills: Infinite Stamina, Fit as a Fiddle
