TheGreat20's 14 Pals
--------------------
Cattiva, Level: 3, Rank: 1, Gender: Male, HP IV: 69(0%), ATK IV: 15(0%), DEF IV: 96(0%), Work Speed: (0%), Skills: Coward, Nocturnal
Cattiva, Level: 8, Rank: 1, Gender: Female, HP IV: 47(0%), ATK IV: 82(0%), DEF IV: 70(0%), Work Speed: (0%), Skills: Coward
Cattiva, Level: 8, Rank: 1, Gender: Female, HP IV: 74(0%), ATK IV: 22(0%), DEF IV: 62(0%), Work Speed: (0%), Skills: Coward, Musclehead
Celaray, Level: 2, Rank: 1, Gender: Male, HP IV: 19(0%), ATK IV: 83(0%), DEF IV: 31(0%), Work Speed: (0%), Skills: Blood of the Dragon
Chikipi, Level: 2, Rank: 1, Gender: Female, HP IV: 54(0%), ATK IV: 8(0%), DEF IV: 46(0%), Work Speed: (0%), Skills: Hard Skin
Chikipi, Level: 3, Rank: 1, Gender: Female, HP IV: 97(0%), ATK IV: 100(0%), DEF IV: 76(0%), Work Speed: (0%), Skills: Nocturnal
Chikipi, Level: 5, Rank: 1, Gender: Male, HP IV: 29(0%), ATK IV: 35(0%), DEF IV: 98(0%), Work Speed: (0%), Skills: Mine Foreman
Gumoss, Level: 3, Rank: 1, Gender: Female, HP IV: 41(0%), ATK IV: 29(0%), DEF IV: 40(0%), Work Speed: (0%), Skills: Conceited
Gumoss, Level: 3, Rank: 1, Gender: Male, HP IV: 55(0%), ATK IV: 84(0%), DEF IV: 21(0%), Work Speed: (0%), Skills: Power of Gaia
Lamball, Level: 3, Rank: 1, Gender: Female, HP IV: 39(0%), ATK IV: 34(0%), DEF IV: 35(0%), Work Speed: (0%), Skills: Impatient
Lamball, Level: 3, Rank: 1, Gender: Male, HP IV: 73(0%), ATK IV: 12(0%), DEF IV: 74(0%), Work Speed: (0%), Skills: Downtrodden
Lamball, Level: 8, Rank: 1, Gender: Female, HP IV: 55(0%), ATK IV: 29(0%), DEF IV: 82(0%), Work Speed: (0%), Skills: Zen Mind
Lamball, Level: 8, Rank: 1, Gender: Male, HP IV: 72(0%), ATK IV: 18(0%), DEF IV: 63(0%), Work Speed: (0%), Skills: Coward
Lamball, Level: 8, Rank: 1, Gender: Male, HP IV: 99(0%), ATK IV: 6(0%), DEF IV: 89(0%), Work Speed: (0%), Skills: Destructive
TheGreat20's 14 Pals
--------------------
Cattiva, Level: 3, Rank: 1, Gender: Male, HP IV: 69(0%), ATK IV: 15(0%), DEF IV: 96(0%), Work Speed: (0%), Skills: Coward, Nocturnal
Cattiva, Level: 8, Rank: 1, Gender: Female, HP IV: 47(0%), ATK IV: 82(0%), DEF IV: 70(0%), Work Speed: (0%), Skills: Coward
Cattiva, Level: 8, Rank: 1, Gender: Female, HP IV: 74(0%), ATK IV: 22(0%), DEF IV: 62(0%), Work Speed: (0%), Skills: Coward, Musclehead
Celaray, Level: 2, Rank: 1, Gender: Male, HP IV: 19(0%), ATK IV: 83(0%), DEF IV: 31(0%), Work Speed: (0%), Skills: Blood of the Dragon
Chikipi, Level: 2, Rank: 1, Gender: Female, HP IV: 54(0%), ATK IV: 8(0%), DEF IV: 46(0%), Work Speed: (0%), Skills: Hard Skin
Chikipi, Level: 3, Rank: 1, Gender: Female, HP IV: 97(0%), ATK IV: 100(0%), DEF IV: 76(0%), Work Speed: (0%), Skills: Nocturnal
Chikipi, Level: 5, Rank: 1, Gender: Male, HP IV: 29(0%), ATK IV: 35(0%), DEF IV: 98(0%), Work Speed: (0%), Skills: Mine Foreman
Gumoss, Level: 3, Rank: 1, Gender: Female, HP IV: 41(0%), ATK IV: 29(0%), DEF IV: 40(0%), Work Speed: (0%), Skills: Conceited
Gumoss, Level: 3, Rank: 1, Gender: Male, HP IV: 55(0%), ATK IV: 84(0%), DEF IV: 21(0%), Work Speed: (0%), Skills: Power of Gaia
Lamball, Level: 3, Rank: 1, Gender: Female, HP IV: 39(0%), ATK IV: 34(0%), DEF IV: 35(0%), Work Speed: (0%), Skills: Impatient
Lamball, Level: 3, Rank: 1, Gender: Male, HP IV: 73(0%), ATK IV: 12(0%), DEF IV: 74(0%), Work Speed: (0%), Skills: Downtrodden
Lamball, Level: 8, Rank: 1, Gender: Female, HP IV: 55(0%), ATK IV: 29(0%), DEF IV: 82(0%), Work Speed: (0%), Skills: Zen Mind
Lamball, Level: 8, Rank: 1, Gender: Male, HP IV: 72(0%), ATK IV: 18(0%), DEF IV: 63(0%), Work Speed: (0%), Skills: Coward
Lamball, Level: 8, Rank: 1, Gender: Male, HP IV: 99(0%), ATK IV: 6(0%), DEF IV: 89(0%), Work Speed: (0%), Skills: Destructive
TheGreat20's 14 Pals
--------------------
Cattiva, Level: 3, Rank: 1, Gender: Male, HP IV: 69(0%), ATK IV: 15(0%), DEF IV: 96(0%), Work Speed: (0%), Skills: Coward, Nocturnal
Cattiva, Level: 8, Rank: 1, Gender: Female, HP IV: 47(0%), ATK IV: 82(0%), DEF IV: 70(0%), Work Speed: (0%), Skills: Coward
Cattiva, Level: 8, Rank: 1, Gender: Female, HP IV: 74(0%), ATK IV: 22(0%), DEF IV: 62(0%), Work Speed: (0%), Skills: Coward, Musclehead
Celaray, Level: 2, Rank: 1, Gender: Male, HP IV: 19(0%), ATK IV: 83(0%), DEF IV: 31(0%), Work Speed: (0%), Skills: Blood of the Dragon
Chikipi, Level: 2, Rank: 1, Gender: Female, HP IV: 54(0%), ATK IV: 8(0%), DEF IV: 46(0%), Work Speed: (0%), Skills: Hard Skin
Chikipi, Level: 3, Rank: 1, Gender: Female, HP IV: 97(0%), ATK IV: 100(0%), DEF IV: 76(0%), Work Speed: (0%), Skills: Nocturnal
Chikipi, Level: 5, Rank: 1, Gender: Male, HP IV: 29(0%), ATK IV: 35(0%), DEF IV: 98(0%), Work Speed: (0%), Skills: Mine Foreman
Gumoss, Level: 3, Rank: 1, Gender: Female, HP IV: 41(0%), ATK IV: 29(0%), DEF IV: 40(0%), Work Speed: (0%), Skills: Conceited
Gumoss, Level: 3, Rank: 1, Gender: Male, HP IV: 55(0%), ATK IV: 84(0%), DEF IV: 21(0%), Work Speed: (0%), Skills: Power of Gaia
Lamball, Level: 3, Rank: 1, Gender: Female, HP IV: 39(0%), ATK IV: 34(0%), DEF IV: 35(0%), Work Speed: (0%), Skills: Impatient
Lamball, Level: 3, Rank: 1, Gender: Male, HP IV: 73(0%), ATK IV: 12(0%), DEF IV: 74(0%), Work Speed: (0%), Skills: Downtrodden
Lamball, Level: 8, Rank: 1, Gender: Female, HP IV: 55(0%), ATK IV: 29(0%), DEF IV: 82(0%), Work Speed: (0%), Skills: Zen Mind
Lamball, Level: 8, Rank: 1, Gender: Male, HP IV: 72(0%), ATK IV: 18(0%), DEF IV: 63(0%), Work Speed: (0%), Skills: Coward
Lamball, Level: 8, Rank: 1, Gender: Male, HP IV: 99(0%), ATK IV: 6(0%), DEF IV: 89(0%), Work Speed: (0%), Skills: Destructive
TheGreat20's 14 Pals
--------------------
Cattiva, Level: 3, Rank: 1, Gender: Male, HP IV: 69(0%), ATK IV: 15(0%), DEF IV: 96(0%), Work Speed: (0%), Skills: Coward, Nocturnal
Cattiva, Level: 8, Rank: 1, Gender: Female, HP IV: 47(0%), ATK IV: 82(0%), DEF IV: 70(0%), Work Speed: (0%), Skills: Coward
Cattiva, Level: 8, Rank: 1, Gender: Female, HP IV: 74(0%), ATK IV: 22(0%), DEF IV: 62(0%), Work Speed: (0%), Skills: Coward, Musclehead
Celaray, Level: 2, Rank: 1, Gender: Male, HP IV: 19(0%), ATK IV: 83(0%), DEF IV: 31(0%), Work Speed: (0%), Skills: Blood of the Dragon
Chikipi, Level: 2, Rank: 1, Gender: Female, HP IV: 54(0%), ATK IV: 8(0%), DEF IV: 46(0%), Work Speed: (0%), Skills: Hard Skin
Chikipi, Level: 3, Rank: 1, Gender: Female, HP IV: 97(0%), ATK IV: 100(0%), DEF IV: 76(0%), Work Speed: (0%), Skills: Nocturnal
Chikipi, Level: 5, Rank: 1, Gender: Male, HP IV: 29(0%), ATK IV: 35(0%), DEF IV: 98(0%), Work Speed: (0%), Skills: Mine Foreman
Gumoss, Level: 3, Rank: 1, Gender: Female, HP IV: 41(0%), ATK IV: 29(0%), DEF IV: 40(0%), Work Speed: (0%), Skills: Conceited
Gumoss, Level: 3, Rank: 1, Gender: Male, HP IV: 55(0%), ATK IV: 84(0%), DEF IV: 21(0%), Work Speed: (0%), Skills: Power of Gaia
Lamball, Level: 3, Rank: 1, Gender: Female, HP IV: 39(0%), ATK IV: 34(0%), DEF IV: 35(0%), Work Speed: (0%), Skills: Impatient
Lamball, Level: 3, Rank: 1, Gender: Male, HP IV: 73(0%), ATK IV: 12(0%), DEF IV: 74(0%), Work Speed: (0%), Skills: Downtrodden
Lamball, Level: 8, Rank: 1, Gender: Female, HP IV: 55(0%), ATK IV: 29(0%), DEF IV: 82(0%), Work Speed: (0%), Skills: Zen Mind
Lamball, Level: 8, Rank: 1, Gender: Male, HP IV: 72(0%), ATK IV: 18(0%), DEF IV: 63(0%), Work Speed: (0%), Skills: Coward
Lamball, Level: 8, Rank: 1, Gender: Male, HP IV: 99(0%), ATK IV: 6(0%), DEF IV: 89(0%), Work Speed: (0%), Skills: Destructive
TheGreat20's 14 Pals
--------------------
Cattiva, Level: 3, Rank: 1, Gender: Male, HP IV: 69(0%), ATK IV: 15(0%), DEF IV: 96(0%), Work Speed: (0%), Skills: Coward, Nocturnal
Cattiva, Level: 8, Rank: 1, Gender: Female, HP IV: 47(0%), ATK IV: 82(0%), DEF IV: 70(0%), Work Speed: (0%), Skills: Coward
Cattiva, Level: 8, Rank: 1, Gender: Female, HP IV: 74(0%), ATK IV: 22(0%), DEF IV: 62(0%), Work Speed: (0%), Skills: Coward, Musclehead
Celaray, Level: 2, Rank: 1, Gender: Male, HP IV: 19(0%), ATK IV: 83(0%), DEF IV: 31(0%), Work Speed: (0%), Skills: Blood of the Dragon
Chikipi, Level: 2, Rank: 1, Gender: Female, HP IV: 54(0%), ATK IV: 8(0%), DEF IV: 46(0%), Work Speed: (0%), Skills: Hard Skin
Chikipi, Level: 3, Rank: 1, Gender: Female, HP IV: 97(0%), ATK IV: 100(0%), DEF IV: 76(0%), Work Speed: (0%), Skills: Nocturnal
Chikipi, Level: 5, Rank: 1, Gender: Male, HP IV: 29(0%), ATK IV: 35(0%), DEF IV: 98(0%), Work Speed: (0%), Skills: Mine Foreman
Gumoss, Level: 3, Rank: 1, Gender: Female, HP IV: 41(0%), ATK IV: 29(0%), DEF IV: 40(0%), Work Speed: (0%), Skills: Conceited
Gumoss, Level: 3, Rank: 1, Gender: Male, HP IV: 55(0%), ATK IV: 84(0%), DEF IV: 21(0%), Work Speed: (0%), Skills: Power of Gaia
Lamball, Level: 3, Rank: 1, Gender: Female, HP IV: 39(0%), ATK IV: 34(0%), DEF IV: 35(0%), Work Speed: (0%), Skills: Impatient
Lamball, Level: 3, Rank: 1, Gender: Male, HP IV: 73(0%), ATK IV: 12(0%), DEF IV: 74(0%), Work Speed: (0%), Skills: Downtrodden
Lamball, Level: 8, Rank: 1, Gender: Female, HP IV: 55(0%), ATK IV: 29(0%), DEF IV: 82(0%), Work Speed: (0%), Skills: Zen Mind
Lamball, Level: 8, Rank: 1, Gender: Male, HP IV: 72(0%), ATK IV: 18(0%), DEF IV: 63(0%), Work Speed: (0%), Skills: Coward
Lamball, Level: 8, Rank: 1, Gender: Male, HP IV: 99(0%), ATK IV: 6(0%), DEF IV: 89(0%), Work Speed: (0%), Skills: Destructive
TheGreat20's 14 Pals
--------------------
Cattiva, Level: 3, Rank: 1, Gender: Male, HP IV: 69(0%), ATK IV: 15(0%), DEF IV: 96(0%), Work Speed: (0%), Skills: Coward, Nocturnal
Cattiva, Level: 8, Rank: 1, Gender: Female, HP IV: 47(0%), ATK IV: 82(0%), DEF IV: 70(0%), Work Speed: (0%), Skills: Coward
Cattiva, Level: 8, Rank: 1, Gender: Female, HP IV: 74(0%), ATK IV: 22(0%), DEF IV: 62(0%), Work Speed: (0%), Skills: Coward, Musclehead
Celaray, Level: 2, Rank: 1, Gender: Male, HP IV: 19(0%), ATK IV: 83(0%), DEF IV: 31(0%), Work Speed: (0%), Skills: Blood of the Dragon
Chikipi, Level: 2, Rank: 1, Gender: Female, HP IV: 54(0%), ATK IV: 8(0%), DEF IV: 46(0%), Work Speed: (0%), Skills: Hard Skin
Chikipi, Level: 3, Rank: 1, Gender: Female, HP IV: 97(0%), ATK IV: 100(0%), DEF IV: 76(0%), Work Speed: (0%), Skills: Nocturnal
Chikipi, Level: 5, Rank: 1, Gender: Male, HP IV: 29(0%), ATK IV: 35(0%), DEF IV: 98(0%), Work Speed: (0%), Skills: Mine Foreman
Gumoss, Level: 3, Rank: 1, Gender: Female, HP IV: 41(0%), ATK IV: 29(0%), DEF IV: 40(0%), Work Speed: (0%), Skills: Conceited
Gumoss, Level: 3, Rank: 1, Gender: Male, HP IV: 55(0%), ATK IV: 84(0%), DEF IV: 21(0%), Work Speed: (0%), Skills: Power of Gaia
Lamball, Level: 3, Rank: 1, Gender: Female, HP IV: 39(0%), ATK IV: 34(0%), DEF IV: 35(0%), Work Speed: (0%), Skills: Impatient
Lamball, Level: 3, Rank: 1, Gender: Male, HP IV: 73(0%), ATK IV: 12(0%), DEF IV: 74(0%), Work Speed: (0%), Skills: Downtrodden
Lamball, Level: 8, Rank: 1, Gender: Female, HP IV: 55(0%), ATK IV: 29(0%), DEF IV: 82(0%), Work Speed: (0%), Skills: Zen Mind
Lamball, Level: 8, Rank: 1, Gender: Male, HP IV: 72(0%), ATK IV: 18(0%), DEF IV: 63(0%), Work Speed: (0%), Skills: Coward
Lamball, Level: 8, Rank: 1, Gender: Male, HP IV: 99(0%), ATK IV: 6(0%), DEF IV: 89(0%), Work Speed: (0%), Skills: Destructive
TheGreat20's 14 Pals
--------------------
Cattiva, Level: 3, Rank: 1, Gender: Male, HP IV: 69(0%), ATK IV: 15(0%), DEF IV: 96(0%), Work Speed: (0%), Skills: Coward, Nocturnal
Cattiva, Level: 8, Rank: 1, Gender: Female, HP IV: 47(0%), ATK IV: 82(0%), DEF IV: 70(0%), Work Speed: (0%), Skills: Coward
Cattiva, Level: 8, Rank: 1, Gender: Female, HP IV: 74(0%), ATK IV: 22(0%), DEF IV: 62(0%), Work Speed: (0%), Skills: Coward, Musclehead
Celaray, Level: 2, Rank: 1, Gender: Male, HP IV: 19(0%), ATK IV: 83(0%), DEF IV: 31(0%), Work Speed: (0%), Skills: Blood of the Dragon
Chikipi, Level: 2, Rank: 1, Gender: Female, HP IV: 54(0%), ATK IV: 8(0%), DEF IV: 46(0%), Work Speed: (0%), Skills: Hard Skin
Chikipi, Level: 3, Rank: 1, Gender: Female, HP IV: 97(0%), ATK IV: 100(0%), DEF IV: 76(0%), Work Speed: (0%), Skills: Nocturnal
Chikipi, Level: 5, Rank: 1, Gender: Male, HP IV: 29(0%), ATK IV: 35(0%), DEF IV: 98(0%), Work Speed: (0%), Skills: Mine Foreman
Gumoss, Level: 3, Rank: 1, Gender: Female, HP IV: 41(0%), ATK IV: 29(0%), DEF IV: 40(0%), Work Speed: (0%), Skills: Conceited
Gumoss, Level: 3, Rank: 1, Gender: Male, HP IV: 55(0%), ATK IV: 84(0%), DEF IV: 21(0%), Work Speed: (0%), Skills: Power of Gaia
Lamball, Level: 3, Rank: 1, Gender: Female, HP IV: 39(0%), ATK IV: 34(0%), DEF IV: 35(0%), Work Speed: (0%), Skills: Impatient
Lamball, Level: 3, Rank: 1, Gender: Male, HP IV: 73(0%), ATK IV: 12(0%), DEF IV: 74(0%), Work Speed: (0%), Skills: Downtrodden
Lamball, Level: 8, Rank: 1, Gender: Female, HP IV: 55(0%), ATK IV: 29(0%), DEF IV: 82(0%), Work Speed: (0%), Skills: Zen Mind
Lamball, Level: 8, Rank: 1, Gender: Male, HP IV: 72(0%), ATK IV: 18(0%), DEF IV: 63(0%), Work Speed: (0%), Skills: Coward
Lamball, Level: 8, Rank: 1, Gender: Male, HP IV: 99(0%), ATK IV: 6(0%), DEF IV: 89(0%), Work Speed: (0%), Skills: Destructive
TheGreat20's 14 Pals
--------------------
Cattiva, Level: 3, Rank: 1, Gender: Male, HP IV: 69(0%), ATK IV: 15(0%), DEF IV: 96(0%), Work Speed: (0%), Skills: Coward, Nocturnal
Cattiva, Level: 8, Rank: 1, Gender: Female, HP IV: 47(0%), ATK IV: 82(0%), DEF IV: 70(0%), Work Speed: (0%), Skills: Coward
Cattiva, Level: 8, Rank: 1, Gender: Female, HP IV: 74(0%), ATK IV: 22(0%), DEF IV: 62(0%), Work Speed: (0%), Skills: Coward, Musclehead
Celaray, Level: 2, Rank: 1, Gender: Male, HP IV: 19(0%), ATK IV: 83(0%), DEF IV: 31(0%), Work Speed: (0%), Skills: Blood of the Dragon
Chikipi, Level: 2, Rank: 1, Gender: Female, HP IV: 54(0%), ATK IV: 8(0%), DEF IV: 46(0%), Work Speed: (0%), Skills: Hard Skin
Chikipi, Level: 3, Rank: 1, Gender: Female, HP IV: 97(0%), ATK IV: 100(0%), DEF IV: 76(0%), Work Speed: (0%), Skills: Nocturnal
Chikipi, Level: 5, Rank: 1, Gender: Male, HP IV: 29(0%), ATK IV: 35(0%), DEF IV: 98(0%), Work Speed: (0%), Skills: Mine Foreman
Gumoss, Level: 3, Rank: 1, Gender: Female, HP IV: 41(0%), ATK IV: 29(0%), DEF IV: 40(0%), Work Speed: (0%), Skills: Conceited
Gumoss, Level: 3, Rank: 1, Gender: Male, HP IV: 55(0%), ATK IV: 84(0%), DEF IV: 21(0%), Work Speed: (0%), Skills: Power of Gaia
Lamball, Level: 3, Rank: 1, Gender: Female, HP IV: 39(0%), ATK IV: 34(0%), DEF IV: 35(0%), Work Speed: (0%), Skills: Impatient
Lamball, Level: 3, Rank: 1, Gender: Male, HP IV: 73(0%), ATK IV: 12(0%), DEF IV: 74(0%), Work Speed: (0%), Skills: Downtrodden
Lamball, Level: 8, Rank: 1, Gender: Female, HP IV: 55(0%), ATK IV: 29(0%), DEF IV: 82(0%), Work Speed: (0%), Skills: Zen Mind
Lamball, Level: 8, Rank: 1, Gender: Male, HP IV: 72(0%), ATK IV: 18(0%), DEF IV: 63(0%), Work Speed: (0%), Skills: Coward
Lamball, Level: 8, Rank: 1, Gender: Male, HP IV: 99(0%), ATK IV: 6(0%), DEF IV: 89(0%), Work Speed: (0%), Skills: Destructive
TheGreat20's 14 Pals
--------------------
Cattiva, Level: 3, Rank: 1, Gender: Male, HP IV: 69(0%), ATK IV: 15(0%), DEF IV: 96(0%), Work Speed: (0%), Skills: Coward, Nocturnal
Cattiva, Level: 8, Rank: 1, Gender: Female, HP IV: 47(0%), ATK IV: 82(0%), DEF IV: 70(0%), Work Speed: (0%), Skills: Coward
Cattiva, Level: 8, Rank: 1, Gender: Female, HP IV: 74(0%), ATK IV: 22(0%), DEF IV: 62(0%), Work Speed: (0%), Skills: Coward, Musclehead
Celaray, Level: 2, Rank: 1, Gender: Male, HP IV: 19(0%), ATK IV: 83(0%), DEF IV: 31(0%), Work Speed: (0%), Skills: Blood of the Dragon
Chikipi, Level: 2, Rank: 1, Gender: Female, HP IV: 54(0%), ATK IV: 8(0%), DEF IV: 46(0%), Work Speed: (0%), Skills: Hard Skin
Chikipi, Level: 3, Rank: 1, Gender: Female, HP IV: 97(0%), ATK IV: 100(0%), DEF IV: 76(0%), Work Speed: (0%), Skills: Nocturnal
Chikipi, Level: 5, Rank: 1, Gender: Male, HP IV: 29(0%), ATK IV: 35(0%), DEF IV: 98(0%), Work Speed: (0%), Skills: Mine Foreman
Gumoss, Level: 3, Rank: 1, Gender: Female, HP IV: 41(0%), ATK IV: 29(0%), DEF IV: 40(0%), Work Speed: (0%), Skills: Conceited
Gumoss, Level: 3, Rank: 1, Gender: Male, HP IV: 55(0%), ATK IV: 84(0%), DEF IV: 21(0%), Work Speed: (0%), Skills: Power of Gaia
Lamball, Level: 3, Rank: 1, Gender: Female, HP IV: 39(0%), ATK IV: 34(0%), DEF IV: 35(0%), Work Speed: (0%), Skills: Impatient
Lamball, Level: 3, Rank: 1, Gender: Male, HP IV: 73(0%), ATK IV: 12(0%), DEF IV: 74(0%), Work Speed: (0%), Skills: Downtrodden
Lamball, Level: 8, Rank: 1, Gender: Female, HP IV: 55(0%), ATK IV: 29(0%), DEF IV: 82(0%), Work Speed: (0%), Skills: Zen Mind
Lamball, Level: 8, Rank: 1, Gender: Male, HP IV: 72(0%), ATK IV: 18(0%), DEF IV: 63(0%), Work Speed: (0%), Skills: Coward
Lamball, Level: 8, Rank: 1, Gender: Male, HP IV: 99(0%), ATK IV: 6(0%), DEF IV: 89(0%), Work Speed: (0%), Skills: Destructive
TheGreat20's 14 Pals
--------------------
Cattiva, Level: 3, Rank: 1, Gender: Male, HP IV: 69(0%), ATK IV: 15(0%), DEF IV: 96(0%), Work Speed: (0%), Skills: Coward, Nocturnal
Cattiva, Level: 8, Rank: 1, Gender: Female, HP IV: 47(0%), ATK IV: 82(0%), DEF IV: 70(0%), Work Speed: (0%), Skills: Coward
Cattiva, Level: 8, Rank: 1, Gender: Female, HP IV: 74(0%), ATK IV: 22(0%), DEF IV: 62(0%), Work Speed: (0%), Skills: Coward, Musclehead
Celaray, Level: 2, Rank: 1, Gender: Male, HP IV: 19(0%), ATK IV: 83(0%), DEF IV: 31(0%), Work Speed: (0%), Skills: Blood of the Dragon
Chikipi, Level: 2, Rank: 1, Gender: Female, HP IV: 54(0%), ATK IV: 8(0%), DEF IV: 46(0%), Work Speed: (0%), Skills: Hard Skin
Chikipi, Level: 3, Rank: 1, Gender: Female, HP IV: 97(0%), ATK IV: 100(0%), DEF IV: 76(0%), Work Speed: (0%), Skills: Nocturnal
Chikipi, Level: 5, Rank: 1, Gender: Male, HP IV: 29(0%), ATK IV: 35(0%), DEF IV: 98(0%), Work Speed: (0%), Skills: Mine Foreman
Gumoss, Level: 3, Rank: 1, Gender: Female, HP IV: 41(0%), ATK IV: 29(0%), DEF IV: 40(0%), Work Speed: (0%), Skills: Conceited
Gumoss, Level: 3, Rank: 1, Gender: Male, HP IV: 55(0%), ATK IV: 84(0%), DEF IV: 21(0%), Work Speed: (0%), Skills: Power of Gaia
Lamball, Level: 3, Rank: 1, Gender: Female, HP IV: 39(0%), ATK IV: 34(0%), DEF IV: 35(0%), Work Speed: (0%), Skills: Impatient
Lamball, Level: 3, Rank: 1, Gender: Male, HP IV: 73(0%), ATK IV: 12(0%), DEF IV: 74(0%), Work Speed: (0%), Skills: Downtrodden
Lamball, Level: 8, Rank: 1, Gender: Female, HP IV: 55(0%), ATK IV: 29(0%), DEF IV: 82(0%), Work Speed: (0%), Skills: Zen Mind
Lamball, Level: 8, Rank: 1, Gender: Male, HP IV: 72(0%), ATK IV: 18(0%), DEF IV: 63(0%), Work Speed: (0%), Skills: Coward
Lamball, Level: 8, Rank: 1, Gender: Male, HP IV: 99(0%), ATK IV: 6(0%), DEF IV: 89(0%), Work Speed: (0%), Skills: Destructive
TheGreat20's 14 Pals
--------------------
Cattiva, Level: 3, Rank: 1, Gender: Male, HP IV: 69(0%), ATK IV: 15(0%), DEF IV: 96(0%), Work Speed: (0%), Skills: Coward, Nocturnal
Cattiva, Level: 8, Rank: 1, Gender: Female, HP IV: 47(0%), ATK IV: 82(0%), DEF IV: 70(0%), Work Speed: (0%), Skills: Coward
Cattiva, Level: 8, Rank: 1, Gender: Female, HP IV: 74(0%), ATK IV: 22(0%), DEF IV: 62(0%), Work Speed: (0%), Skills: Coward, Musclehead
Celaray, Level: 2, Rank: 1, Gender: Male, HP IV: 19(0%), ATK IV: 83(0%), DEF IV: 31(0%), Work Speed: (0%), Skills: Blood of the Dragon
Chikipi, Level: 2, Rank: 1, Gender: Female, HP IV: 54(0%), ATK IV: 8(0%), DEF IV: 46(0%), Work Speed: (0%), Skills: Hard Skin
Chikipi, Level: 3, Rank: 1, Gender: Female, HP IV: 97(0%), ATK IV: 100(0%), DEF IV: 76(0%), Work Speed: (0%), Skills: Nocturnal
Chikipi, Level: 5, Rank: 1, Gender: Male, HP IV: 29(0%), ATK IV: 35(0%), DEF IV: 98(0%), Work Speed: (0%), Skills: Mine Foreman
Gumoss, Level: 3, Rank: 1, Gender: Female, HP IV: 41(0%), ATK IV: 29(0%), DEF IV: 40(0%), Work Speed: (0%), Skills: Conceited
Gumoss, Level: 3, Rank: 1, Gender: Male, HP IV: 55(0%), ATK IV: 84(0%), DEF IV: 21(0%), Work Speed: (0%), Skills: Power of Gaia
Lamball, Level: 3, Rank: 1, Gender: Female, HP IV: 39(0%), ATK IV: 34(0%), DEF IV: 35(0%), Work Speed: (0%), Skills: Impatient
Lamball, Level: 3, Rank: 1, Gender: Male, HP IV: 73(0%), ATK IV: 12(0%), DEF IV: 74(0%), Work Speed: (0%), Skills: Downtrodden
Lamball, Level: 8, Rank: 1, Gender: Female, HP IV: 55(0%), ATK IV: 29(0%), DEF IV: 82(0%), Work Speed: (0%), Skills: Zen Mind
Lamball, Level: 8, Rank: 1, Gender: Male, HP IV: 72(0%), ATK IV: 18(0%), DEF IV: 63(0%), Work Speed: (0%), Skills: Coward
Lamball, Level: 8, Rank: 1, Gender: Male, HP IV: 99(0%), ATK IV: 6(0%), DEF IV: 89(0%), Work Speed: (0%), Skills: Destructive
TheGreat20's 14 Pals
--------------------
Cattiva, Level: 3, Rank: 1, Gender: Male, HP IV: 69(0%), ATK IV: 15(0%), DEF IV: 96(0%), Work Speed: (0%), Skills: Coward, Nocturnal
Cattiva, Level: 8, Rank: 1, Gender: Female, HP IV: 47(0%), ATK IV: 82(0%), DEF IV: 70(0%), Work Speed: (0%), Skills: Coward
Cattiva, Level: 8, Rank: 1, Gender: Female, HP IV: 74(0%), ATK IV: 22(0%), DEF IV: 62(0%), Work Speed: (0%), Skills: Coward, Musclehead
Celaray, Level: 2, Rank: 1, Gender: Male, HP IV: 19(0%), ATK IV: 83(0%), DEF IV: 31(0%), Work Speed: (0%), Skills: Blood of the Dragon
Chikipi, Level: 2, Rank: 1, Gender: Female, HP IV: 54(0%), ATK IV: 8(0%), DEF IV: 46(0%), Work Speed: (0%), Skills: Hard Skin
Chikipi, Level: 3, Rank: 1, Gender: Female, HP IV: 97(0%), ATK IV: 100(0%), DEF IV: 76(0%), Work Speed: (0%), Skills: Nocturnal
Chikipi, Level: 5, Rank: 1, Gender: Male, HP IV: 29(0%), ATK IV: 35(0%), DEF IV: 98(0%), Work Speed: (0%), Skills: Mine Foreman
Gumoss, Level: 3, Rank: 1, Gender: Female, HP IV: 41(0%), ATK IV: 29(0%), DEF IV: 40(0%), Work Speed: (0%), Skills: Conceited
Gumoss, Level: 3, Rank: 1, Gender: Male, HP IV: 55(0%), ATK IV: 84(0%), DEF IV: 21(0%), Work Speed: (0%), Skills: Power of Gaia
Lamball, Level: 3, Rank: 1, Gender: Female, HP IV: 39(0%), ATK IV: 34(0%), DEF IV: 35(0%), Work Speed: (0%), Skills: Impatient
Lamball, Level: 3, Rank: 1, Gender: Male, HP IV: 73(0%), ATK IV: 12(0%), DEF IV: 74(0%), Work Speed: (0%), Skills: Downtrodden
Lamball, Level: 8, Rank: 1, Gender: Female, HP IV: 55(0%), ATK IV: 29(0%), DEF IV: 82(0%), Work Speed: (0%), Skills: Zen Mind
Lamball, Level: 8, Rank: 1, Gender: Male, HP IV: 72(0%), ATK IV: 18(0%), DEF IV: 63(0%), Work Speed: (0%), Skills: Coward
Lamball, Level: 8, Rank: 1, Gender: Male, HP IV: 99(0%), ATK IV: 6(0%), DEF IV: 89(0%), Work Speed: (0%), Skills: Destructive
TheGreat20's 14 Pals
--------------------
Cattiva, Level: 3, Rank: 1, Gender: Male, HP IV: 69(0%), ATK IV: 15(0%), DEF IV: 96(0%), Work Speed: (0%), Skills: Coward, Nocturnal
Cattiva, Level: 8, Rank: 1, Gender: Female, HP IV: 47(0%), ATK IV: 82(0%), DEF IV: 70(0%), Work Speed: (0%), Skills: Coward
Cattiva, Level: 8, Rank: 1, Gender: Female, HP IV: 74(0%), ATK IV: 22(0%), DEF IV: 62(0%), Work Speed: (0%), Skills: Coward, Musclehead
Celaray, Level: 2, Rank: 1, Gender: Male, HP IV: 19(0%), ATK IV: 83(0%), DEF IV: 31(0%), Work Speed: (0%), Skills: Blood of the Dragon
Chikipi, Level: 2, Rank: 1, Gender: Female, HP IV: 54(0%), ATK IV: 8(0%), DEF IV: 46(0%), Work Speed: (0%), Skills: Hard Skin
Chikipi, Level: 3, Rank: 1, Gender: Female, HP IV: 97(0%), ATK IV: 100(0%), DEF IV: 76(0%), Work Speed: (0%), Skills: Nocturnal
Chikipi, Level: 5, Rank: 1, Gender: Male, HP IV: 29(0%), ATK IV: 35(0%), DEF IV: 98(0%), Work Speed: (0%), Skills: Mine Foreman
Gumoss, Level: 3, Rank: 1, Gender: Female, HP IV: 41(0%), ATK IV: 29(0%), DEF IV: 40(0%), Work Speed: (0%), Skills: Conceited
Gumoss, Level: 3, Rank: 1, Gender: Male, HP IV: 55(0%), ATK IV: 84(0%), DEF IV: 21(0%), Work Speed: (0%), Skills: Power of Gaia
Lamball, Level: 3, Rank: 1, Gender: Female, HP IV: 39(0%), ATK IV: 34(0%), DEF IV: 35(0%), Work Speed: (0%), Skills: Impatient
Lamball, Level: 3, Rank: 1, Gender: Male, HP IV: 73(0%), ATK IV: 12(0%), DEF IV: 74(0%), Work Speed: (0%), Skills: Downtrodden
Lamball, Level: 8, Rank: 1, Gender: Female, HP IV: 55(0%), ATK IV: 29(0%), DEF IV: 82(0%), Work Speed: (0%), Skills: Zen Mind
Lamball, Level: 8, Rank: 1, Gender: Male, HP IV: 72(0%), ATK IV: 18(0%), DEF IV: 63(0%), Work Speed: (0%), Skills: Coward
Lamball, Level: 8, Rank: 1, Gender: Male, HP IV: 99(0%), ATK IV: 6(0%), DEF IV: 89(0%), Work Speed: (0%), Skills: Destructive
TheGreat20's 14 Pals
--------------------
Cattiva, Level: 3, Rank: 1, Gender: Male, HP IV: 69(0%), ATK IV: 15(0%), DEF IV: 96(0%), Work Speed: (0%), Skills: Coward, Nocturnal
Cattiva, Level: 8, Rank: 1, Gender: Female, HP IV: 47(0%), ATK IV: 82(0%), DEF IV: 70(0%), Work Speed: (0%), Skills: Coward
Cattiva, Level: 8, Rank: 1, Gender: Female, HP IV: 74(0%), ATK IV: 22(0%), DEF IV: 62(0%), Work Speed: (0%), Skills: Coward, Musclehead
Celaray, Level: 2, Rank: 1, Gender: Male, HP IV: 19(0%), ATK IV: 83(0%), DEF IV: 31(0%), Work Speed: (0%), Skills: Blood of the Dragon
Chikipi, Level: 2, Rank: 1, Gender: Female, HP IV: 54(0%), ATK IV: 8(0%), DEF IV: 46(0%), Work Speed: (0%), Skills: Hard Skin
Chikipi, Level: 3, Rank: 1, Gender: Female, HP IV: 97(0%), ATK IV: 100(0%), DEF IV: 76(0%), Work Speed: (0%), Skills: Nocturnal
Chikipi, Level: 5, Rank: 1, Gender: Male, HP IV: 29(0%), ATK IV: 35(0%), DEF IV: 98(0%), Work Speed: (0%), Skills: Mine Foreman
Gumoss, Level: 3, Rank: 1, Gender: Female, HP IV: 41(0%), ATK IV: 29(0%), DEF IV: 40(0%), Work Speed: (0%), Skills: Conceited
Gumoss, Level: 3, Rank: 1, Gender: Male, HP IV: 55(0%), ATK IV: 84(0%), DEF IV: 21(0%), Work Speed: (0%), Skills: Power of Gaia
Lamball, Level: 3, Rank: 1, Gender: Female, HP IV: 39(0%), ATK IV: 34(0%), DEF IV: 35(0%), Work Speed: (0%), Skills: Impatient
Lamball, Level: 3, Rank: 1, Gender: Male, HP IV: 73(0%), ATK IV: 12(0%), DEF IV: 74(0%), Work Speed: (0%), Skills: Downtrodden
Lamball, Level: 8, Rank: 1, Gender: Female, HP IV: 55(0%), ATK IV: 29(0%), DEF IV: 82(0%), Work Speed: (0%), Skills: Zen Mind
Lamball, Level: 8, Rank: 1, Gender: Male, HP IV: 72(0%), ATK IV: 18(0%), DEF IV: 63(0%), Work Speed: (0%), Skills: Coward
Lamball, Level: 8, Rank: 1, Gender: Male, HP IV: 99(0%), ATK IV: 6(0%), DEF IV: 89(0%), Work Speed: (0%), Skills: Destructive
