TheOpenWorldGamer's 2 Pals
--------------------------
Cattiva, Level: 3, Rank: 1, Gender: Male, HP IV: 4(0%), ATK IV: 68(0%), DEF IV: 96(0%), Work Speed: (0%), Skills: Coward, Noble
Lifmunk, Level: 4, Rank: 1, Gender: Male, HP IV: 29(0%), ATK IV: 84(0%), DEF IV: 72(0%), Work Speed: (0%), Skills: Positive Thinker
TheOpenWorldGamer's 2 Pals
--------------------------
Cattiva, Level: 3, Rank: 1, Gender: Male, HP IV: 4(0%), ATK IV: 68(0%), DEF IV: 96(0%), Work Speed: (0%), Skills: Coward, Noble
Lifmunk, Level: 4, Rank: 1, Gender: Male, HP IV: 29(0%), ATK IV: 84(0%), DEF IV: 72(0%), Work Speed: (0%), Skills: Positive Thinker
TheOpenWorldGamer's 2 Pals
--------------------------
Cattiva, Level: 3, Rank: 1, Gender: Male, HP IV: 4(0%), ATK IV: 68(0%), DEF IV: 96(0%), Work Speed: (0%), Skills: Coward, Noble
Lifmunk, Level: 4, Rank: 1, Gender: Male, HP IV: 29(0%), ATK IV: 84(0%), DEF IV: 72(0%), Work Speed: (0%), Skills: Positive Thinker
TheOpenWorldGamer's 2 Pals
--------------------------
Cattiva, Level: 3, Rank: 1, Gender: Male, HP IV: 4(0%), ATK IV: 68(0%), DEF IV: 96(0%), Work Speed: (0%), Skills: Coward, Noble
Lifmunk, Level: 4, Rank: 1, Gender: Male, HP IV: 29(0%), ATK IV: 84(0%), DEF IV: 72(0%), Work Speed: (0%), Skills: Positive Thinker
TheOpenWorldGamer's 2 Pals
--------------------------
Chikipi, Level: 7, Rank: 1, Gender: Female, HP IV: 65(0%), ATK IV: 28(0%), DEF IV: 94(0%), Work Speed: (0%), Skills: Serious
Lamball, Level: 4, Rank: 1, Gender: Female, HP IV: 76(0%), ATK IV: 63(0%), DEF IV: 17(0%), Work Speed: (0%)
TheOpenWorldGamer's 2 Pals
--------------------------
Chikipi, Level: 7, Rank: 1, Gender: Female, HP IV: 65(0%), ATK IV: 28(0%), DEF IV: 94(0%), Work Speed: (0%), Skills: Serious
Lamball, Level: 4, Rank: 1, Gender: Female, HP IV: 76(0%), ATK IV: 63(0%), DEF IV: 17(0%), Work Speed: (0%)
TheOpenWorldGamer's 2 Pals
--------------------------
Chikipi, Level: 7, Rank: 1, Gender: Female, HP IV: 65(0%), ATK IV: 28(0%), DEF IV: 94(0%), Work Speed: (0%), Skills: Serious
Lamball, Level: 4, Rank: 1, Gender: Female, HP IV: 76(0%), ATK IV: 63(0%), DEF IV: 17(0%), Work Speed: (0%)
TheOpenWorldGamer's 2 Pals
--------------------------
Chikipi, Level: 7, Rank: 1, Gender: Female, HP IV: 65(0%), ATK IV: 28(0%), DEF IV: 94(0%), Work Speed: (0%), Skills: Serious
Lamball, Level: 4, Rank: 1, Gender: Female, HP IV: 76(0%), ATK IV: 63(0%), DEF IV: 17(0%), Work Speed: (0%)
TheOpenWorldGamer's 2 Pals
--------------------------
Chikipi, Level: 7, Rank: 1, Gender: Female, HP IV: 65(0%), ATK IV: 28(0%), DEF IV: 94(0%), Work Speed: (0%), Skills: Serious
Lamball, Level: 4, Rank: 1, Gender: Female, HP IV: 76(0%), ATK IV: 63(0%), DEF IV: 17(0%), Work Speed: (0%)
TheOpenWorldGamer's 2 Pals
--------------------------
Chikipi, Level: 7, Rank: 1, Gender: Female, HP IV: 65(0%), ATK IV: 28(0%), DEF IV: 94(0%), Work Speed: (0%), Skills: Serious
Lamball, Level: 4, Rank: 1, Gender: Female, HP IV: 76(0%), ATK IV: 63(0%), DEF IV: 17(0%), Work Speed: (0%)
TheOpenWorldGamer's 2 Pals
--------------------------
Chikipi, Level: 7, Rank: 1, Gender: Female, HP IV: 65(0%), ATK IV: 28(0%), DEF IV: 94(0%), Work Speed: (0%), Skills: Serious
Lamball, Level: 4, Rank: 1, Gender: Female, HP IV: 76(0%), ATK IV: 63(0%), DEF IV: 17(0%), Work Speed: (0%)
TheOpenWorldGamer's 2 Pals
--------------------------
Chikipi, Level: 7, Rank: 1, Gender: Female, HP IV: 65(0%), ATK IV: 28(0%), DEF IV: 94(0%), Work Speed: (0%), Skills: Serious
Lamball, Level: 4, Rank: 1, Gender: Female, HP IV: 76(0%), ATK IV: 63(0%), DEF IV: 17(0%), Work Speed: (0%)
TheOpenWorldGamer's 2 Pals
--------------------------
Chikipi, Level: 7, Rank: 1, Gender: Female, HP IV: 65(0%), ATK IV: 28(0%), DEF IV: 94(0%), Work Speed: (0%), Skills: Serious
Lamball, Level: 4, Rank: 1, Gender: Female, HP IV: 76(0%), ATK IV: 63(0%), DEF IV: 17(0%), Work Speed: (0%)
TheOpenWorldGamer's 2 Pals
--------------------------
Chikipi, Level: 7, Rank: 1, Gender: Female, HP IV: 65(0%), ATK IV: 28(0%), DEF IV: 94(0%), Work Speed: (0%), Skills: Serious
Lamball, Level: 4, Rank: 1, Gender: Female, HP IV: 76(0%), ATK IV: 63(0%), DEF IV: 17(0%), Work Speed: (0%)
