thic's 49 Pals
--------------
Cattiva, Level: 2, Rank: 1, Gender: Female, HP IV: 94(0%), ATK IV: 6(0%), DEF IV: 83(0%), Work Speed: (0%), Skills: Coward, Pyromaniac
Cattiva, Level: 2, Rank: 1, Gender: Male, HP IV: 55(0%), ATK IV: 99(0%), DEF IV: 23(0%), Work Speed: (0%), Skills: Coward, Dainty Eater
Cattiva, Level: 3, Rank: 1, Gender: Female, HP IV: 53(0%), ATK IV: 36(0%), DEF IV: 39(0%), Work Speed: (0%), Skills: Coward, Artisan
Cattiva, Level: 3, Rank: 1, Gender: Female, HP IV: 69(0%), ATK IV: 79(0%), DEF IV: 51(0%), Work Speed: (0%), Skills: Coward, Logging Foreman
Cattiva, Level: 3, Rank: 1, Gender: Female, HP IV: 72(0%), ATK IV: 67(0%), DEF IV: 68(0%), Work Speed: (0%), Skills: Coward, Noble
Cattiva, Level: 3, Rank: 1, Gender: Female, HP IV: 79(0%), ATK IV: 26(0%), DEF IV: 74(0%), Work Speed: (0%), Skills: Coward, Positive Thinker
Cattiva, Level: 4, Rank: 1, Gender: Female, HP IV: 59(0%), ATK IV: 96(0%), DEF IV: 44(0%), Work Speed: (0%), Skills: Coward, Vanguard
Cattiva, Level: 5, Rank: 1, Gender: Male, HP IV: 16(0%), ATK IV: 80(0%), DEF IV: 8(0%), Work Speed: (0%), Skills: Coward, Sadist
Cattiva, Level: 5, Rank: 1, Gender: Male, HP IV: 18(0%), ATK IV: 87(0%), DEF IV: 37(0%), Work Speed: (0%), Skills: Coward, Pyromaniac
Celaray, Level: 3, Rank: 1, Gender: Male, HP IV: 12(0%), ATK IV: 4(0%), DEF IV: 50(0%), Work Speed: (0%), Skills: Diet Lover, Aggressive
Celaray, Level: 3, Rank: 1, Gender: Male, HP IV: 18(0%), ATK IV: 84(0%), DEF IV: 90(0%), Work Speed: (0%), Skills: Hard Skin
Celaray, Level: 3, Rank: 1, Gender: Male, HP IV: 58(0%), ATK IV: 13(0%), DEF IV: 45(0%), Work Speed: (0%)
Celaray, Level: 4, Rank: 1, Gender: Female, HP IV: 41(0%), ATK IV: 3(0%), DEF IV: 100(0%), Work Speed: (0%), Skills: Downtrodden
Celaray, Level: 4, Rank: 1, Gender: Male, HP IV: 41(0%), ATK IV: 67(0%), DEF IV: 45(0%), Work Speed: (0%), Skills: Logging Foreman
Chikipi, Level: 1, Rank: 1, Gender: Male, HP IV: 30(0%), ATK IV: 49(0%), DEF IV: 4(0%), Work Speed: (0%), Skills: Runner
Chikipi, Level: 12, Rank: 1, Gender: Female, HP IV: 84(0%), ATK IV: 67(0%), DEF IV: 13(0%), Work Speed: (0%), Skills: Sadist
Chikipi, Level: 2, Rank: 1, Gender: Female, HP IV: 19(0%), ATK IV: 74(0%), DEF IV: 89(0%), Work Speed: (0%), Skills: Dragonkiller
Chikipi, Level: 2, Rank: 1, Gender: Female, HP IV: 47(0%), ATK IV: 81(0%), DEF IV: 29(0%), Work Speed: (0%), Skills: Glutton, Mine Foreman, Musclehead
Cremis, Level: 3, Rank: 1, Gender: Male, HP IV: 6(0%), ATK IV: 15(0%), DEF IV: 9(0%), Work Speed: (0%), Skills: Glutton
Cremis, Level: 4, Rank: 1, Gender: Female, HP IV: 38(0%), ATK IV: 40(0%), DEF IV: 74(0%), Work Speed: (0%), Skills: Impatient
Eikthyrdeer, Level: 10, Rank: 1, Gender: Female, HP IV: 40(0%), ATK IV: 11(0%), DEF IV: 74(0%), Work Speed: (0%), Skills: Coldblooded
Eikthyrdeer, Level: 10, Rank: 1, Gender: Male, HP IV: 27(0%), ATK IV: 52(0%), DEF IV: 96(0%), Work Speed: (0%), Skills: Ferocious, Impatient, Waterproof
Foxparks, Level: 6, Rank: 1, Gender: Female, HP IV: 66(0%), ATK IV: 18(0%), DEF IV: 6(0%), Work Speed: (0%), Skills: Fragrant Foliage, Pyromaniac
Fuack, Level: 5, Rank: 1, Gender: Male, HP IV: 63(0%), ATK IV: 77(0%), DEF IV: 43(0%), Work Speed: (0%), Skills: Runner
Gumoss, Level: 2, Rank: 1, Gender: Male, HP IV: 92(0%), ATK IV: 6(0%), DEF IV: 78(0%), Work Speed: (0%), Skills: Unstable
Gumoss, Level: 3, Rank: 1, Gender: Female, HP IV: 43(0%), ATK IV: 89(0%), DEF IV: 41(0%), Work Speed: (0%), Skills: Fragrant Foliage
Lamball, Level: 1, Rank: 1, Gender: Female, HP IV: 52(0%), ATK IV: 83(0%), DEF IV: 20(0%), Work Speed: (0%)
Lamball, Level: 1, Rank: 1, Gender: Male, HP IV: 93(0%), ATK IV: 52(0%), DEF IV: 30(0%), Work Speed: (0%), Skills: Fragrant Foliage
Lamball, Level: 12, Rank: 1, Gender: Female, HP IV: 75(0%), ATK IV: 65(0%), DEF IV: 69(0%), Work Speed: (0%), Skills: Slacker
Lamball, Level: 12, Rank: 1, Gender: Female, HP IV: 99(0%), ATK IV: 84(0%), DEF IV: 95(0%), Work Speed: (0%), Skills: Mine Foreman
Lamball, Level: 12, Rank: 1, Gender: Male, HP IV: 42(0%), ATK IV: 69(0%), DEF IV: 93(0%), Work Speed: (0%), Skills: Dragonkiller
Lamball, Level: 2, Rank: 1, Gender: Female, HP IV: 15(0%), ATK IV: 92(0%), DEF IV: 20(0%), Work Speed: (0%)
Lamball, Level: 2, Rank: 1, Gender: Male, HP IV: 25(0%), ATK IV: 50(0%), DEF IV: 100(0%), Work Speed: (0%), Skills: Burly Body
Lamball, Level: 2, Rank: 1, Gender: Male, HP IV: 44(0%), ATK IV: 57(0%), DEF IV: 6(0%), Work Speed: (0%), Skills: Diet Lover
Lamball, Level: 2, Rank: 1, Gender: Male, HP IV: 93(0%), ATK IV: 71(0%), DEF IV: 53(0%), Work Speed: (0%), Skills: Power of Gaia
Lamball, Level: 3, Rank: 1, Gender: Male, HP IV: 23(0%), ATK IV: 51(0%), DEF IV: 37(0%), Work Speed: (0%)
Lamball, Level: 4, Rank: 1, Gender: Male, HP IV: 68(0%), ATK IV: 20(0%), DEF IV: 48(0%), Work Speed: (0%), Skills: Ferocious
Lifmunk, Level: 4, Rank: 1, Gender: Female, HP IV: 83(0%), ATK IV: 95(0%), DEF IV: 62(0%), Work Speed: (0%), Skills: Runner
Melpaca, Level: 10, Rank: 1, Gender: Female, HP IV: 14(0%), ATK IV: 17(0%), DEF IV: 63(0%), Work Speed: (0%), Skills: Coward
Tanzee, Level: 11, Rank: 1, Gender: Female, HP IV: 96(0%), ATK IV: 16(0%), DEF IV: 14(0%), Work Speed: (0%), Skills: Serenity
Tanzee, Level: 3, Rank: 1, Gender: Female, HP IV: 55(0%), ATK IV: 31(0%), DEF IV: 25(0%), Work Speed: (0%), Skills: Clumsy
Tanzee, Level: 4, Rank: 1, Gender: Male, HP IV: 2(0%), ATK IV: 96(0%), DEF IV: 59(0%), Work Speed: (0%), Skills: Shabby
Teafant, Level: 1, Rank: 1, Gender: Female, HP IV: 10(0%), ATK IV: 73(0%), DEF IV: 81(0%), Work Speed: (0%), Skills: Mercy hit
Teafant, Level: 1, Rank: 1, Gender: Male, HP IV: 67(0%), ATK IV: 15(0%), DEF IV: 47(0%), Work Speed: (0%), Skills: Blood of the Dragon
Teafant, Level: 2, Rank: 1, Gender: Female, HP IV: 30(0%), ATK IV: 93(0%), DEF IV: 97(0%), Work Speed: (0%), Skills: Work Slave
Teafant, Level: 2, Rank: 1, Gender: Female, HP IV: 54(0%), ATK IV: 75(0%), DEF IV: 58(0%), Work Speed: (0%), Skills: Infinite Stamina, Bottomless Stomach
Teafant, Level: 2, Rank: 1, Gender: Female, HP IV: 57(0%), ATK IV: 73(0%), DEF IV: 40(0%), Work Speed: (0%), Skills: Nocturnal
Teafant, Level: 3, Rank: 1, Gender: Female, HP IV: 54(0%), ATK IV: 57(0%), DEF IV: 32(0%), Work Speed: (0%), Skills: Positive Thinker
Teafant, Level: 4, Rank: 1, Gender: Male, HP IV: 92(0%), ATK IV: 3(0%), DEF IV: 100(0%), Work Speed: (0%), Skills: Burly Body
thic's 49 Pals
--------------
Cattiva, Level: 2, Rank: 1, Gender: Female, HP IV: 94(0%), ATK IV: 6(0%), DEF IV: 83(0%), Work Speed: (0%), Skills: Coward, Pyromaniac
Cattiva, Level: 2, Rank: 1, Gender: Male, HP IV: 55(0%), ATK IV: 99(0%), DEF IV: 23(0%), Work Speed: (0%), Skills: Coward, Dainty Eater
Cattiva, Level: 3, Rank: 1, Gender: Female, HP IV: 53(0%), ATK IV: 36(0%), DEF IV: 39(0%), Work Speed: (0%), Skills: Coward, Artisan
Cattiva, Level: 3, Rank: 1, Gender: Female, HP IV: 69(0%), ATK IV: 79(0%), DEF IV: 51(0%), Work Speed: (0%), Skills: Coward, Logging Foreman
Cattiva, Level: 3, Rank: 1, Gender: Female, HP IV: 72(0%), ATK IV: 67(0%), DEF IV: 68(0%), Work Speed: (0%), Skills: Coward, Noble
Cattiva, Level: 3, Rank: 1, Gender: Female, HP IV: 79(0%), ATK IV: 26(0%), DEF IV: 74(0%), Work Speed: (0%), Skills: Coward, Positive Thinker
Cattiva, Level: 4, Rank: 1, Gender: Female, HP IV: 59(0%), ATK IV: 96(0%), DEF IV: 44(0%), Work Speed: (0%), Skills: Coward, Vanguard
Cattiva, Level: 5, Rank: 1, Gender: Male, HP IV: 16(0%), ATK IV: 80(0%), DEF IV: 8(0%), Work Speed: (0%), Skills: Coward, Sadist
Cattiva, Level: 5, Rank: 1, Gender: Male, HP IV: 18(0%), ATK IV: 87(0%), DEF IV: 37(0%), Work Speed: (0%), Skills: Coward, Pyromaniac
Celaray, Level: 3, Rank: 1, Gender: Male, HP IV: 12(0%), ATK IV: 4(0%), DEF IV: 50(0%), Work Speed: (0%), Skills: Diet Lover, Aggressive
Celaray, Level: 3, Rank: 1, Gender: Male, HP IV: 18(0%), ATK IV: 84(0%), DEF IV: 90(0%), Work Speed: (0%), Skills: Hard Skin
Celaray, Level: 3, Rank: 1, Gender: Male, HP IV: 58(0%), ATK IV: 13(0%), DEF IV: 45(0%), Work Speed: (0%)
Celaray, Level: 4, Rank: 1, Gender: Female, HP IV: 41(0%), ATK IV: 3(0%), DEF IV: 100(0%), Work Speed: (0%), Skills: Downtrodden
Celaray, Level: 4, Rank: 1, Gender: Male, HP IV: 41(0%), ATK IV: 67(0%), DEF IV: 45(0%), Work Speed: (0%), Skills: Logging Foreman
Chikipi, Level: 1, Rank: 1, Gender: Male, HP IV: 30(0%), ATK IV: 49(0%), DEF IV: 4(0%), Work Speed: (0%), Skills: Runner
Chikipi, Level: 12, Rank: 1, Gender: Female, HP IV: 84(0%), ATK IV: 67(0%), DEF IV: 13(0%), Work Speed: (0%), Skills: Sadist
Chikipi, Level: 2, Rank: 1, Gender: Female, HP IV: 19(0%), ATK IV: 74(0%), DEF IV: 89(0%), Work Speed: (0%), Skills: Dragonkiller
Chikipi, Level: 2, Rank: 1, Gender: Female, HP IV: 47(0%), ATK IV: 81(0%), DEF IV: 29(0%), Work Speed: (0%), Skills: Glutton, Mine Foreman, Musclehead
Cremis, Level: 3, Rank: 1, Gender: Male, HP IV: 6(0%), ATK IV: 15(0%), DEF IV: 9(0%), Work Speed: (0%), Skills: Glutton
Cremis, Level: 4, Rank: 1, Gender: Female, HP IV: 38(0%), ATK IV: 40(0%), DEF IV: 74(0%), Work Speed: (0%), Skills: Impatient
Eikthyrdeer, Level: 10, Rank: 1, Gender: Female, HP IV: 40(0%), ATK IV: 11(0%), DEF IV: 74(0%), Work Speed: (0%), Skills: Coldblooded
Eikthyrdeer, Level: 10, Rank: 1, Gender: Male, HP IV: 27(0%), ATK IV: 52(0%), DEF IV: 96(0%), Work Speed: (0%), Skills: Ferocious, Impatient, Waterproof
Foxparks, Level: 6, Rank: 1, Gender: Female, HP IV: 66(0%), ATK IV: 18(0%), DEF IV: 6(0%), Work Speed: (0%), Skills: Fragrant Foliage, Pyromaniac
Fuack, Level: 5, Rank: 1, Gender: Male, HP IV: 63(0%), ATK IV: 77(0%), DEF IV: 43(0%), Work Speed: (0%), Skills: Runner
Gumoss, Level: 2, Rank: 1, Gender: Male, HP IV: 92(0%), ATK IV: 6(0%), DEF IV: 78(0%), Work Speed: (0%), Skills: Unstable
Gumoss, Level: 3, Rank: 1, Gender: Female, HP IV: 43(0%), ATK IV: 89(0%), DEF IV: 41(0%), Work Speed: (0%), Skills: Fragrant Foliage
Lamball, Level: 1, Rank: 1, Gender: Female, HP IV: 52(0%), ATK IV: 83(0%), DEF IV: 20(0%), Work Speed: (0%)
Lamball, Level: 1, Rank: 1, Gender: Male, HP IV: 93(0%), ATK IV: 52(0%), DEF IV: 30(0%), Work Speed: (0%), Skills: Fragrant Foliage
Lamball, Level: 12, Rank: 1, Gender: Female, HP IV: 75(0%), ATK IV: 65(0%), DEF IV: 69(0%), Work Speed: (0%), Skills: Slacker
Lamball, Level: 12, Rank: 1, Gender: Female, HP IV: 99(0%), ATK IV: 84(0%), DEF IV: 95(0%), Work Speed: (0%), Skills: Mine Foreman
Lamball, Level: 12, Rank: 1, Gender: Male, HP IV: 42(0%), ATK IV: 69(0%), DEF IV: 93(0%), Work Speed: (0%), Skills: Dragonkiller
Lamball, Level: 2, Rank: 1, Gender: Female, HP IV: 15(0%), ATK IV: 92(0%), DEF IV: 20(0%), Work Speed: (0%)
Lamball, Level: 2, Rank: 1, Gender: Male, HP IV: 25(0%), ATK IV: 50(0%), DEF IV: 100(0%), Work Speed: (0%), Skills: Burly Body
Lamball, Level: 2, Rank: 1, Gender: Male, HP IV: 44(0%), ATK IV: 57(0%), DEF IV: 6(0%), Work Speed: (0%), Skills: Diet Lover
Lamball, Level: 2, Rank: 1, Gender: Male, HP IV: 93(0%), ATK IV: 71(0%), DEF IV: 53(0%), Work Speed: (0%), Skills: Power of Gaia
Lamball, Level: 3, Rank: 1, Gender: Male, HP IV: 23(0%), ATK IV: 51(0%), DEF IV: 37(0%), Work Speed: (0%)
Lamball, Level: 4, Rank: 1, Gender: Male, HP IV: 68(0%), ATK IV: 20(0%), DEF IV: 48(0%), Work Speed: (0%), Skills: Ferocious
Lifmunk, Level: 4, Rank: 1, Gender: Female, HP IV: 83(0%), ATK IV: 95(0%), DEF IV: 62(0%), Work Speed: (0%), Skills: Runner
Melpaca, Level: 10, Rank: 1, Gender: Female, HP IV: 14(0%), ATK IV: 17(0%), DEF IV: 63(0%), Work Speed: (0%), Skills: Coward
Tanzee, Level: 11, Rank: 1, Gender: Female, HP IV: 96(0%), ATK IV: 16(0%), DEF IV: 14(0%), Work Speed: (0%), Skills: Serenity
Tanzee, Level: 3, Rank: 1, Gender: Female, HP IV: 55(0%), ATK IV: 31(0%), DEF IV: 25(0%), Work Speed: (0%), Skills: Clumsy
Tanzee, Level: 4, Rank: 1, Gender: Male, HP IV: 2(0%), ATK IV: 96(0%), DEF IV: 59(0%), Work Speed: (0%), Skills: Shabby
Teafant, Level: 1, Rank: 1, Gender: Female, HP IV: 10(0%), ATK IV: 73(0%), DEF IV: 81(0%), Work Speed: (0%), Skills: Mercy hit
Teafant, Level: 1, Rank: 1, Gender: Male, HP IV: 67(0%), ATK IV: 15(0%), DEF IV: 47(0%), Work Speed: (0%), Skills: Blood of the Dragon
Teafant, Level: 2, Rank: 1, Gender: Female, HP IV: 30(0%), ATK IV: 93(0%), DEF IV: 97(0%), Work Speed: (0%), Skills: Work Slave
Teafant, Level: 2, Rank: 1, Gender: Female, HP IV: 54(0%), ATK IV: 75(0%), DEF IV: 58(0%), Work Speed: (0%), Skills: Infinite Stamina, Bottomless Stomach
Teafant, Level: 2, Rank: 1, Gender: Female, HP IV: 57(0%), ATK IV: 73(0%), DEF IV: 40(0%), Work Speed: (0%), Skills: Nocturnal
Teafant, Level: 3, Rank: 1, Gender: Female, HP IV: 54(0%), ATK IV: 57(0%), DEF IV: 32(0%), Work Speed: (0%), Skills: Positive Thinker
Teafant, Level: 4, Rank: 1, Gender: Male, HP IV: 92(0%), ATK IV: 3(0%), DEF IV: 100(0%), Work Speed: (0%), Skills: Burly Body
thic's 49 Pals
--------------
Cattiva, Level: 2, Rank: 1, Gender: Female, HP IV: 94(0%), ATK IV: 6(0%), DEF IV: 83(0%), Work Speed: (0%), Skills: Coward, Pyromaniac
Cattiva, Level: 2, Rank: 1, Gender: Male, HP IV: 55(0%), ATK IV: 99(0%), DEF IV: 23(0%), Work Speed: (0%), Skills: Coward, Dainty Eater
Cattiva, Level: 3, Rank: 1, Gender: Female, HP IV: 53(0%), ATK IV: 36(0%), DEF IV: 39(0%), Work Speed: (0%), Skills: Coward, Artisan
Cattiva, Level: 3, Rank: 1, Gender: Female, HP IV: 69(0%), ATK IV: 79(0%), DEF IV: 51(0%), Work Speed: (0%), Skills: Coward, Logging Foreman
Cattiva, Level: 3, Rank: 1, Gender: Female, HP IV: 72(0%), ATK IV: 67(0%), DEF IV: 68(0%), Work Speed: (0%), Skills: Coward, Noble
Cattiva, Level: 3, Rank: 1, Gender: Female, HP IV: 79(0%), ATK IV: 26(0%), DEF IV: 74(0%), Work Speed: (0%), Skills: Coward, Positive Thinker
Cattiva, Level: 4, Rank: 1, Gender: Female, HP IV: 59(0%), ATK IV: 96(0%), DEF IV: 44(0%), Work Speed: (0%), Skills: Coward, Vanguard
Cattiva, Level: 5, Rank: 1, Gender: Male, HP IV: 16(0%), ATK IV: 80(0%), DEF IV: 8(0%), Work Speed: (0%), Skills: Coward, Sadist
Cattiva, Level: 5, Rank: 1, Gender: Male, HP IV: 18(0%), ATK IV: 87(0%), DEF IV: 37(0%), Work Speed: (0%), Skills: Coward, Pyromaniac
Celaray, Level: 3, Rank: 1, Gender: Male, HP IV: 12(0%), ATK IV: 4(0%), DEF IV: 50(0%), Work Speed: (0%), Skills: Diet Lover, Aggressive
Celaray, Level: 3, Rank: 1, Gender: Male, HP IV: 18(0%), ATK IV: 84(0%), DEF IV: 90(0%), Work Speed: (0%), Skills: Hard Skin
Celaray, Level: 3, Rank: 1, Gender: Male, HP IV: 58(0%), ATK IV: 13(0%), DEF IV: 45(0%), Work Speed: (0%)
Celaray, Level: 4, Rank: 1, Gender: Female, HP IV: 41(0%), ATK IV: 3(0%), DEF IV: 100(0%), Work Speed: (0%), Skills: Downtrodden
Celaray, Level: 4, Rank: 1, Gender: Male, HP IV: 41(0%), ATK IV: 67(0%), DEF IV: 45(0%), Work Speed: (0%), Skills: Logging Foreman
Chikipi, Level: 1, Rank: 1, Gender: Male, HP IV: 30(0%), ATK IV: 49(0%), DEF IV: 4(0%), Work Speed: (0%), Skills: Runner
Chikipi, Level: 12, Rank: 1, Gender: Female, HP IV: 84(0%), ATK IV: 67(0%), DEF IV: 13(0%), Work Speed: (0%), Skills: Sadist
Chikipi, Level: 2, Rank: 1, Gender: Female, HP IV: 19(0%), ATK IV: 74(0%), DEF IV: 89(0%), Work Speed: (0%), Skills: Dragonkiller
Chikipi, Level: 2, Rank: 1, Gender: Female, HP IV: 47(0%), ATK IV: 81(0%), DEF IV: 29(0%), Work Speed: (0%), Skills: Glutton, Mine Foreman, Musclehead
Cremis, Level: 3, Rank: 1, Gender: Male, HP IV: 6(0%), ATK IV: 15(0%), DEF IV: 9(0%), Work Speed: (0%), Skills: Glutton
Cremis, Level: 4, Rank: 1, Gender: Female, HP IV: 38(0%), ATK IV: 40(0%), DEF IV: 74(0%), Work Speed: (0%), Skills: Impatient
Eikthyrdeer, Level: 10, Rank: 1, Gender: Female, HP IV: 40(0%), ATK IV: 11(0%), DEF IV: 74(0%), Work Speed: (0%), Skills: Coldblooded
Eikthyrdeer, Level: 10, Rank: 1, Gender: Male, HP IV: 27(0%), ATK IV: 52(0%), DEF IV: 96(0%), Work Speed: (0%), Skills: Ferocious, Impatient, Waterproof
Foxparks, Level: 6, Rank: 1, Gender: Female, HP IV: 66(0%), ATK IV: 18(0%), DEF IV: 6(0%), Work Speed: (0%), Skills: Fragrant Foliage, Pyromaniac
Fuack, Level: 5, Rank: 1, Gender: Male, HP IV: 63(0%), ATK IV: 77(0%), DEF IV: 43(0%), Work Speed: (0%), Skills: Runner
Gumoss, Level: 2, Rank: 1, Gender: Male, HP IV: 92(0%), ATK IV: 6(0%), DEF IV: 78(0%), Work Speed: (0%), Skills: Unstable
Gumoss, Level: 3, Rank: 1, Gender: Female, HP IV: 43(0%), ATK IV: 89(0%), DEF IV: 41(0%), Work Speed: (0%), Skills: Fragrant Foliage
Lamball, Level: 1, Rank: 1, Gender: Female, HP IV: 52(0%), ATK IV: 83(0%), DEF IV: 20(0%), Work Speed: (0%)
Lamball, Level: 1, Rank: 1, Gender: Male, HP IV: 93(0%), ATK IV: 52(0%), DEF IV: 30(0%), Work Speed: (0%), Skills: Fragrant Foliage
Lamball, Level: 12, Rank: 1, Gender: Female, HP IV: 75(0%), ATK IV: 65(0%), DEF IV: 69(0%), Work Speed: (0%), Skills: Slacker
Lamball, Level: 12, Rank: 1, Gender: Female, HP IV: 99(0%), ATK IV: 84(0%), DEF IV: 95(0%), Work Speed: (0%), Skills: Mine Foreman
Lamball, Level: 12, Rank: 1, Gender: Male, HP IV: 42(0%), ATK IV: 69(0%), DEF IV: 93(0%), Work Speed: (0%), Skills: Dragonkiller
Lamball, Level: 2, Rank: 1, Gender: Female, HP IV: 15(0%), ATK IV: 92(0%), DEF IV: 20(0%), Work Speed: (0%)
Lamball, Level: 2, Rank: 1, Gender: Male, HP IV: 25(0%), ATK IV: 50(0%), DEF IV: 100(0%), Work Speed: (0%), Skills: Burly Body
Lamball, Level: 2, Rank: 1, Gender: Male, HP IV: 44(0%), ATK IV: 57(0%), DEF IV: 6(0%), Work Speed: (0%), Skills: Diet Lover
Lamball, Level: 2, Rank: 1, Gender: Male, HP IV: 93(0%), ATK IV: 71(0%), DEF IV: 53(0%), Work Speed: (0%), Skills: Power of Gaia
Lamball, Level: 3, Rank: 1, Gender: Male, HP IV: 23(0%), ATK IV: 51(0%), DEF IV: 37(0%), Work Speed: (0%)
Lamball, Level: 4, Rank: 1, Gender: Male, HP IV: 68(0%), ATK IV: 20(0%), DEF IV: 48(0%), Work Speed: (0%), Skills: Ferocious
Lifmunk, Level: 4, Rank: 1, Gender: Female, HP IV: 83(0%), ATK IV: 95(0%), DEF IV: 62(0%), Work Speed: (0%), Skills: Runner
Melpaca, Level: 10, Rank: 1, Gender: Female, HP IV: 14(0%), ATK IV: 17(0%), DEF IV: 63(0%), Work Speed: (0%), Skills: Coward
Tanzee, Level: 11, Rank: 1, Gender: Female, HP IV: 96(0%), ATK IV: 16(0%), DEF IV: 14(0%), Work Speed: (0%), Skills: Serenity
Tanzee, Level: 3, Rank: 1, Gender: Female, HP IV: 55(0%), ATK IV: 31(0%), DEF IV: 25(0%), Work Speed: (0%), Skills: Clumsy
Tanzee, Level: 4, Rank: 1, Gender: Male, HP IV: 2(0%), ATK IV: 96(0%), DEF IV: 59(0%), Work Speed: (0%), Skills: Shabby
Teafant, Level: 1, Rank: 1, Gender: Female, HP IV: 10(0%), ATK IV: 73(0%), DEF IV: 81(0%), Work Speed: (0%), Skills: Mercy hit
Teafant, Level: 1, Rank: 1, Gender: Male, HP IV: 67(0%), ATK IV: 15(0%), DEF IV: 47(0%), Work Speed: (0%), Skills: Blood of the Dragon
Teafant, Level: 2, Rank: 1, Gender: Female, HP IV: 30(0%), ATK IV: 93(0%), DEF IV: 97(0%), Work Speed: (0%), Skills: Work Slave
Teafant, Level: 2, Rank: 1, Gender: Female, HP IV: 54(0%), ATK IV: 75(0%), DEF IV: 58(0%), Work Speed: (0%), Skills: Infinite Stamina, Bottomless Stomach
Teafant, Level: 2, Rank: 1, Gender: Female, HP IV: 57(0%), ATK IV: 73(0%), DEF IV: 40(0%), Work Speed: (0%), Skills: Nocturnal
Teafant, Level: 3, Rank: 1, Gender: Female, HP IV: 54(0%), ATK IV: 57(0%), DEF IV: 32(0%), Work Speed: (0%), Skills: Positive Thinker
Teafant, Level: 4, Rank: 1, Gender: Male, HP IV: 92(0%), ATK IV: 3(0%), DEF IV: 100(0%), Work Speed: (0%), Skills: Burly Body
thic's 49 Pals
--------------
Cattiva, Level: 2, Rank: 1, Gender: Female, HP IV: 94(0%), ATK IV: 6(0%), DEF IV: 83(0%), Work Speed: (0%), Skills: Coward, Pyromaniac
Cattiva, Level: 2, Rank: 1, Gender: Male, HP IV: 55(0%), ATK IV: 99(0%), DEF IV: 23(0%), Work Speed: (0%), Skills: Coward, Dainty Eater
Cattiva, Level: 3, Rank: 1, Gender: Female, HP IV: 53(0%), ATK IV: 36(0%), DEF IV: 39(0%), Work Speed: (0%), Skills: Coward, Artisan
Cattiva, Level: 3, Rank: 1, Gender: Female, HP IV: 69(0%), ATK IV: 79(0%), DEF IV: 51(0%), Work Speed: (0%), Skills: Coward, Logging Foreman
Cattiva, Level: 3, Rank: 1, Gender: Female, HP IV: 72(0%), ATK IV: 67(0%), DEF IV: 68(0%), Work Speed: (0%), Skills: Coward, Noble
Cattiva, Level: 3, Rank: 1, Gender: Female, HP IV: 79(0%), ATK IV: 26(0%), DEF IV: 74(0%), Work Speed: (0%), Skills: Coward, Positive Thinker
Cattiva, Level: 4, Rank: 1, Gender: Female, HP IV: 59(0%), ATK IV: 96(0%), DEF IV: 44(0%), Work Speed: (0%), Skills: Coward, Vanguard
Cattiva, Level: 5, Rank: 1, Gender: Male, HP IV: 16(0%), ATK IV: 80(0%), DEF IV: 8(0%), Work Speed: (0%), Skills: Coward, Sadist
Cattiva, Level: 5, Rank: 1, Gender: Male, HP IV: 18(0%), ATK IV: 87(0%), DEF IV: 37(0%), Work Speed: (0%), Skills: Coward, Pyromaniac
Celaray, Level: 3, Rank: 1, Gender: Male, HP IV: 12(0%), ATK IV: 4(0%), DEF IV: 50(0%), Work Speed: (0%), Skills: Diet Lover, Aggressive
Celaray, Level: 3, Rank: 1, Gender: Male, HP IV: 18(0%), ATK IV: 84(0%), DEF IV: 90(0%), Work Speed: (0%), Skills: Hard Skin
Celaray, Level: 3, Rank: 1, Gender: Male, HP IV: 58(0%), ATK IV: 13(0%), DEF IV: 45(0%), Work Speed: (0%)
Celaray, Level: 4, Rank: 1, Gender: Female, HP IV: 41(0%), ATK IV: 3(0%), DEF IV: 100(0%), Work Speed: (0%), Skills: Downtrodden
Celaray, Level: 4, Rank: 1, Gender: Male, HP IV: 41(0%), ATK IV: 67(0%), DEF IV: 45(0%), Work Speed: (0%), Skills: Logging Foreman
Chikipi, Level: 1, Rank: 1, Gender: Male, HP IV: 30(0%), ATK IV: 49(0%), DEF IV: 4(0%), Work Speed: (0%), Skills: Runner
Chikipi, Level: 12, Rank: 1, Gender: Female, HP IV: 84(0%), ATK IV: 67(0%), DEF IV: 13(0%), Work Speed: (0%), Skills: Sadist
Chikipi, Level: 2, Rank: 1, Gender: Female, HP IV: 19(0%), ATK IV: 74(0%), DEF IV: 89(0%), Work Speed: (0%), Skills: Dragonkiller
Chikipi, Level: 2, Rank: 1, Gender: Female, HP IV: 47(0%), ATK IV: 81(0%), DEF IV: 29(0%), Work Speed: (0%), Skills: Glutton, Mine Foreman, Musclehead
Cremis, Level: 3, Rank: 1, Gender: Male, HP IV: 6(0%), ATK IV: 15(0%), DEF IV: 9(0%), Work Speed: (0%), Skills: Glutton
Cremis, Level: 4, Rank: 1, Gender: Female, HP IV: 38(0%), ATK IV: 40(0%), DEF IV: 74(0%), Work Speed: (0%), Skills: Impatient
Eikthyrdeer, Level: 10, Rank: 1, Gender: Female, HP IV: 40(0%), ATK IV: 11(0%), DEF IV: 74(0%), Work Speed: (0%), Skills: Coldblooded
Eikthyrdeer, Level: 10, Rank: 1, Gender: Male, HP IV: 27(0%), ATK IV: 52(0%), DEF IV: 96(0%), Work Speed: (0%), Skills: Ferocious, Impatient, Waterproof
Foxparks, Level: 6, Rank: 1, Gender: Female, HP IV: 66(0%), ATK IV: 18(0%), DEF IV: 6(0%), Work Speed: (0%), Skills: Fragrant Foliage, Pyromaniac
Fuack, Level: 5, Rank: 1, Gender: Male, HP IV: 63(0%), ATK IV: 77(0%), DEF IV: 43(0%), Work Speed: (0%), Skills: Runner
Gumoss, Level: 2, Rank: 1, Gender: Male, HP IV: 92(0%), ATK IV: 6(0%), DEF IV: 78(0%), Work Speed: (0%), Skills: Unstable
Gumoss, Level: 3, Rank: 1, Gender: Female, HP IV: 43(0%), ATK IV: 89(0%), DEF IV: 41(0%), Work Speed: (0%), Skills: Fragrant Foliage
Lamball, Level: 1, Rank: 1, Gender: Female, HP IV: 52(0%), ATK IV: 83(0%), DEF IV: 20(0%), Work Speed: (0%)
Lamball, Level: 1, Rank: 1, Gender: Male, HP IV: 93(0%), ATK IV: 52(0%), DEF IV: 30(0%), Work Speed: (0%), Skills: Fragrant Foliage
Lamball, Level: 12, Rank: 1, Gender: Female, HP IV: 75(0%), ATK IV: 65(0%), DEF IV: 69(0%), Work Speed: (0%), Skills: Slacker
Lamball, Level: 12, Rank: 1, Gender: Female, HP IV: 99(0%), ATK IV: 84(0%), DEF IV: 95(0%), Work Speed: (0%), Skills: Mine Foreman
Lamball, Level: 12, Rank: 1, Gender: Male, HP IV: 42(0%), ATK IV: 69(0%), DEF IV: 93(0%), Work Speed: (0%), Skills: Dragonkiller
Lamball, Level: 2, Rank: 1, Gender: Female, HP IV: 15(0%), ATK IV: 92(0%), DEF IV: 20(0%), Work Speed: (0%)
Lamball, Level: 2, Rank: 1, Gender: Male, HP IV: 25(0%), ATK IV: 50(0%), DEF IV: 100(0%), Work Speed: (0%), Skills: Burly Body
Lamball, Level: 2, Rank: 1, Gender: Male, HP IV: 44(0%), ATK IV: 57(0%), DEF IV: 6(0%), Work Speed: (0%), Skills: Diet Lover
Lamball, Level: 2, Rank: 1, Gender: Male, HP IV: 93(0%), ATK IV: 71(0%), DEF IV: 53(0%), Work Speed: (0%), Skills: Power of Gaia
Lamball, Level: 3, Rank: 1, Gender: Male, HP IV: 23(0%), ATK IV: 51(0%), DEF IV: 37(0%), Work Speed: (0%)
Lamball, Level: 4, Rank: 1, Gender: Male, HP IV: 68(0%), ATK IV: 20(0%), DEF IV: 48(0%), Work Speed: (0%), Skills: Ferocious
Lifmunk, Level: 4, Rank: 1, Gender: Female, HP IV: 83(0%), ATK IV: 95(0%), DEF IV: 62(0%), Work Speed: (0%), Skills: Runner
Melpaca, Level: 10, Rank: 1, Gender: Female, HP IV: 14(0%), ATK IV: 17(0%), DEF IV: 63(0%), Work Speed: (0%), Skills: Coward
Tanzee, Level: 11, Rank: 1, Gender: Female, HP IV: 96(0%), ATK IV: 16(0%), DEF IV: 14(0%), Work Speed: (0%), Skills: Serenity
Tanzee, Level: 3, Rank: 1, Gender: Female, HP IV: 55(0%), ATK IV: 31(0%), DEF IV: 25(0%), Work Speed: (0%), Skills: Clumsy
Tanzee, Level: 4, Rank: 1, Gender: Male, HP IV: 2(0%), ATK IV: 96(0%), DEF IV: 59(0%), Work Speed: (0%), Skills: Shabby
Teafant, Level: 1, Rank: 1, Gender: Female, HP IV: 10(0%), ATK IV: 73(0%), DEF IV: 81(0%), Work Speed: (0%), Skills: Mercy hit
Teafant, Level: 1, Rank: 1, Gender: Male, HP IV: 67(0%), ATK IV: 15(0%), DEF IV: 47(0%), Work Speed: (0%), Skills: Blood of the Dragon
Teafant, Level: 2, Rank: 1, Gender: Female, HP IV: 30(0%), ATK IV: 93(0%), DEF IV: 97(0%), Work Speed: (0%), Skills: Work Slave
Teafant, Level: 2, Rank: 1, Gender: Female, HP IV: 54(0%), ATK IV: 75(0%), DEF IV: 58(0%), Work Speed: (0%), Skills: Infinite Stamina, Bottomless Stomach
Teafant, Level: 2, Rank: 1, Gender: Female, HP IV: 57(0%), ATK IV: 73(0%), DEF IV: 40(0%), Work Speed: (0%), Skills: Nocturnal
Teafant, Level: 3, Rank: 1, Gender: Female, HP IV: 54(0%), ATK IV: 57(0%), DEF IV: 32(0%), Work Speed: (0%), Skills: Positive Thinker
Teafant, Level: 4, Rank: 1, Gender: Male, HP IV: 92(0%), ATK IV: 3(0%), DEF IV: 100(0%), Work Speed: (0%), Skills: Burly Body
thic's 49 Pals
--------------
Cattiva, Level: 2, Rank: 1, Gender: Female, HP IV: 94(0%), ATK IV: 6(0%), DEF IV: 83(0%), Work Speed: (0%), Skills: Coward, Pyromaniac
Cattiva, Level: 2, Rank: 1, Gender: Male, HP IV: 55(0%), ATK IV: 99(0%), DEF IV: 23(0%), Work Speed: (0%), Skills: Coward, Dainty Eater
Cattiva, Level: 3, Rank: 1, Gender: Female, HP IV: 53(0%), ATK IV: 36(0%), DEF IV: 39(0%), Work Speed: (0%), Skills: Coward, Artisan
Cattiva, Level: 3, Rank: 1, Gender: Female, HP IV: 69(0%), ATK IV: 79(0%), DEF IV: 51(0%), Work Speed: (0%), Skills: Coward, Logging Foreman
Cattiva, Level: 3, Rank: 1, Gender: Female, HP IV: 72(0%), ATK IV: 67(0%), DEF IV: 68(0%), Work Speed: (0%), Skills: Coward, Noble
Cattiva, Level: 3, Rank: 1, Gender: Female, HP IV: 79(0%), ATK IV: 26(0%), DEF IV: 74(0%), Work Speed: (0%), Skills: Coward, Positive Thinker
Cattiva, Level: 4, Rank: 1, Gender: Female, HP IV: 59(0%), ATK IV: 96(0%), DEF IV: 44(0%), Work Speed: (0%), Skills: Coward, Vanguard
Cattiva, Level: 5, Rank: 1, Gender: Male, HP IV: 16(0%), ATK IV: 80(0%), DEF IV: 8(0%), Work Speed: (0%), Skills: Coward, Sadist
Cattiva, Level: 5, Rank: 1, Gender: Male, HP IV: 18(0%), ATK IV: 87(0%), DEF IV: 37(0%), Work Speed: (0%), Skills: Coward, Pyromaniac
Celaray, Level: 3, Rank: 1, Gender: Male, HP IV: 12(0%), ATK IV: 4(0%), DEF IV: 50(0%), Work Speed: (0%), Skills: Diet Lover, Aggressive
Celaray, Level: 3, Rank: 1, Gender: Male, HP IV: 18(0%), ATK IV: 84(0%), DEF IV: 90(0%), Work Speed: (0%), Skills: Hard Skin
Celaray, Level: 3, Rank: 1, Gender: Male, HP IV: 58(0%), ATK IV: 13(0%), DEF IV: 45(0%), Work Speed: (0%)
Celaray, Level: 4, Rank: 1, Gender: Female, HP IV: 41(0%), ATK IV: 3(0%), DEF IV: 100(0%), Work Speed: (0%), Skills: Downtrodden
Celaray, Level: 4, Rank: 1, Gender: Male, HP IV: 41(0%), ATK IV: 67(0%), DEF IV: 45(0%), Work Speed: (0%), Skills: Logging Foreman
Chikipi, Level: 1, Rank: 1, Gender: Male, HP IV: 30(0%), ATK IV: 49(0%), DEF IV: 4(0%), Work Speed: (0%), Skills: Runner
Chikipi, Level: 12, Rank: 1, Gender: Female, HP IV: 84(0%), ATK IV: 67(0%), DEF IV: 13(0%), Work Speed: (0%), Skills: Sadist
Chikipi, Level: 2, Rank: 1, Gender: Female, HP IV: 19(0%), ATK IV: 74(0%), DEF IV: 89(0%), Work Speed: (0%), Skills: Dragonkiller
Chikipi, Level: 2, Rank: 1, Gender: Female, HP IV: 47(0%), ATK IV: 81(0%), DEF IV: 29(0%), Work Speed: (0%), Skills: Glutton, Mine Foreman, Musclehead
Cremis, Level: 3, Rank: 1, Gender: Male, HP IV: 6(0%), ATK IV: 15(0%), DEF IV: 9(0%), Work Speed: (0%), Skills: Glutton
Cremis, Level: 4, Rank: 1, Gender: Female, HP IV: 38(0%), ATK IV: 40(0%), DEF IV: 74(0%), Work Speed: (0%), Skills: Impatient
Eikthyrdeer, Level: 10, Rank: 1, Gender: Female, HP IV: 40(0%), ATK IV: 11(0%), DEF IV: 74(0%), Work Speed: (0%), Skills: Coldblooded
Eikthyrdeer, Level: 10, Rank: 1, Gender: Male, HP IV: 27(0%), ATK IV: 52(0%), DEF IV: 96(0%), Work Speed: (0%), Skills: Ferocious, Impatient, Waterproof
Foxparks, Level: 6, Rank: 1, Gender: Female, HP IV: 66(0%), ATK IV: 18(0%), DEF IV: 6(0%), Work Speed: (0%), Skills: Fragrant Foliage, Pyromaniac
Fuack, Level: 5, Rank: 1, Gender: Male, HP IV: 63(0%), ATK IV: 77(0%), DEF IV: 43(0%), Work Speed: (0%), Skills: Runner
Gumoss, Level: 2, Rank: 1, Gender: Male, HP IV: 92(0%), ATK IV: 6(0%), DEF IV: 78(0%), Work Speed: (0%), Skills: Unstable
Gumoss, Level: 3, Rank: 1, Gender: Female, HP IV: 43(0%), ATK IV: 89(0%), DEF IV: 41(0%), Work Speed: (0%), Skills: Fragrant Foliage
Lamball, Level: 1, Rank: 1, Gender: Female, HP IV: 52(0%), ATK IV: 83(0%), DEF IV: 20(0%), Work Speed: (0%)
Lamball, Level: 1, Rank: 1, Gender: Male, HP IV: 93(0%), ATK IV: 52(0%), DEF IV: 30(0%), Work Speed: (0%), Skills: Fragrant Foliage
Lamball, Level: 12, Rank: 1, Gender: Female, HP IV: 75(0%), ATK IV: 65(0%), DEF IV: 69(0%), Work Speed: (0%), Skills: Slacker
Lamball, Level: 12, Rank: 1, Gender: Female, HP IV: 99(0%), ATK IV: 84(0%), DEF IV: 95(0%), Work Speed: (0%), Skills: Mine Foreman
Lamball, Level: 12, Rank: 1, Gender: Male, HP IV: 42(0%), ATK IV: 69(0%), DEF IV: 93(0%), Work Speed: (0%), Skills: Dragonkiller
Lamball, Level: 2, Rank: 1, Gender: Female, HP IV: 15(0%), ATK IV: 92(0%), DEF IV: 20(0%), Work Speed: (0%)
Lamball, Level: 2, Rank: 1, Gender: Male, HP IV: 25(0%), ATK IV: 50(0%), DEF IV: 100(0%), Work Speed: (0%), Skills: Burly Body
Lamball, Level: 2, Rank: 1, Gender: Male, HP IV: 44(0%), ATK IV: 57(0%), DEF IV: 6(0%), Work Speed: (0%), Skills: Diet Lover
Lamball, Level: 2, Rank: 1, Gender: Male, HP IV: 93(0%), ATK IV: 71(0%), DEF IV: 53(0%), Work Speed: (0%), Skills: Power of Gaia
Lamball, Level: 3, Rank: 1, Gender: Male, HP IV: 23(0%), ATK IV: 51(0%), DEF IV: 37(0%), Work Speed: (0%)
Lamball, Level: 4, Rank: 1, Gender: Male, HP IV: 68(0%), ATK IV: 20(0%), DEF IV: 48(0%), Work Speed: (0%), Skills: Ferocious
Lifmunk, Level: 4, Rank: 1, Gender: Female, HP IV: 83(0%), ATK IV: 95(0%), DEF IV: 62(0%), Work Speed: (0%), Skills: Runner
Melpaca, Level: 10, Rank: 1, Gender: Female, HP IV: 14(0%), ATK IV: 17(0%), DEF IV: 63(0%), Work Speed: (0%), Skills: Coward
Tanzee, Level: 11, Rank: 1, Gender: Female, HP IV: 96(0%), ATK IV: 16(0%), DEF IV: 14(0%), Work Speed: (0%), Skills: Serenity
Tanzee, Level: 3, Rank: 1, Gender: Female, HP IV: 55(0%), ATK IV: 31(0%), DEF IV: 25(0%), Work Speed: (0%), Skills: Clumsy
Tanzee, Level: 4, Rank: 1, Gender: Male, HP IV: 2(0%), ATK IV: 96(0%), DEF IV: 59(0%), Work Speed: (0%), Skills: Shabby
Teafant, Level: 1, Rank: 1, Gender: Female, HP IV: 10(0%), ATK IV: 73(0%), DEF IV: 81(0%), Work Speed: (0%), Skills: Mercy hit
Teafant, Level: 1, Rank: 1, Gender: Male, HP IV: 67(0%), ATK IV: 15(0%), DEF IV: 47(0%), Work Speed: (0%), Skills: Blood of the Dragon
Teafant, Level: 2, Rank: 1, Gender: Female, HP IV: 30(0%), ATK IV: 93(0%), DEF IV: 97(0%), Work Speed: (0%), Skills: Work Slave
Teafant, Level: 2, Rank: 1, Gender: Female, HP IV: 54(0%), ATK IV: 75(0%), DEF IV: 58(0%), Work Speed: (0%), Skills: Infinite Stamina, Bottomless Stomach
Teafant, Level: 2, Rank: 1, Gender: Female, HP IV: 57(0%), ATK IV: 73(0%), DEF IV: 40(0%), Work Speed: (0%), Skills: Nocturnal
Teafant, Level: 3, Rank: 1, Gender: Female, HP IV: 54(0%), ATK IV: 57(0%), DEF IV: 32(0%), Work Speed: (0%), Skills: Positive Thinker
Teafant, Level: 4, Rank: 1, Gender: Male, HP IV: 92(0%), ATK IV: 3(0%), DEF IV: 100(0%), Work Speed: (0%), Skills: Burly Body
thic's 49 Pals
--------------
Cattiva, Level: 2, Rank: 1, Gender: Female, HP IV: 94(0%), ATK IV: 6(0%), DEF IV: 83(0%), Work Speed: (0%), Skills: Coward, Pyromaniac
Cattiva, Level: 2, Rank: 1, Gender: Male, HP IV: 55(0%), ATK IV: 99(0%), DEF IV: 23(0%), Work Speed: (0%), Skills: Coward, Dainty Eater
Cattiva, Level: 3, Rank: 1, Gender: Female, HP IV: 53(0%), ATK IV: 36(0%), DEF IV: 39(0%), Work Speed: (0%), Skills: Coward, Artisan
Cattiva, Level: 3, Rank: 1, Gender: Female, HP IV: 69(0%), ATK IV: 79(0%), DEF IV: 51(0%), Work Speed: (0%), Skills: Coward, Logging Foreman
Cattiva, Level: 3, Rank: 1, Gender: Female, HP IV: 72(0%), ATK IV: 67(0%), DEF IV: 68(0%), Work Speed: (0%), Skills: Coward, Noble
Cattiva, Level: 3, Rank: 1, Gender: Female, HP IV: 79(0%), ATK IV: 26(0%), DEF IV: 74(0%), Work Speed: (0%), Skills: Coward, Positive Thinker
Cattiva, Level: 4, Rank: 1, Gender: Female, HP IV: 59(0%), ATK IV: 96(0%), DEF IV: 44(0%), Work Speed: (0%), Skills: Coward, Vanguard
Cattiva, Level: 5, Rank: 1, Gender: Male, HP IV: 16(0%), ATK IV: 80(0%), DEF IV: 8(0%), Work Speed: (0%), Skills: Coward, Sadist
Cattiva, Level: 5, Rank: 1, Gender: Male, HP IV: 18(0%), ATK IV: 87(0%), DEF IV: 37(0%), Work Speed: (0%), Skills: Coward, Pyromaniac
Celaray, Level: 3, Rank: 1, Gender: Male, HP IV: 12(0%), ATK IV: 4(0%), DEF IV: 50(0%), Work Speed: (0%), Skills: Diet Lover, Aggressive
Celaray, Level: 3, Rank: 1, Gender: Male, HP IV: 18(0%), ATK IV: 84(0%), DEF IV: 90(0%), Work Speed: (0%), Skills: Hard Skin
Celaray, Level: 3, Rank: 1, Gender: Male, HP IV: 58(0%), ATK IV: 13(0%), DEF IV: 45(0%), Work Speed: (0%)
Celaray, Level: 4, Rank: 1, Gender: Female, HP IV: 41(0%), ATK IV: 3(0%), DEF IV: 100(0%), Work Speed: (0%), Skills: Downtrodden
Celaray, Level: 4, Rank: 1, Gender: Male, HP IV: 41(0%), ATK IV: 67(0%), DEF IV: 45(0%), Work Speed: (0%), Skills: Logging Foreman
Chikipi, Level: 1, Rank: 1, Gender: Male, HP IV: 30(0%), ATK IV: 49(0%), DEF IV: 4(0%), Work Speed: (0%), Skills: Runner
Chikipi, Level: 12, Rank: 1, Gender: Female, HP IV: 84(0%), ATK IV: 67(0%), DEF IV: 13(0%), Work Speed: (0%), Skills: Sadist
Chikipi, Level: 2, Rank: 1, Gender: Female, HP IV: 19(0%), ATK IV: 74(0%), DEF IV: 89(0%), Work Speed: (0%), Skills: Dragonkiller
Chikipi, Level: 2, Rank: 1, Gender: Female, HP IV: 47(0%), ATK IV: 81(0%), DEF IV: 29(0%), Work Speed: (0%), Skills: Glutton, Mine Foreman, Musclehead
Cremis, Level: 3, Rank: 1, Gender: Male, HP IV: 6(0%), ATK IV: 15(0%), DEF IV: 9(0%), Work Speed: (0%), Skills: Glutton
Cremis, Level: 4, Rank: 1, Gender: Female, HP IV: 38(0%), ATK IV: 40(0%), DEF IV: 74(0%), Work Speed: (0%), Skills: Impatient
Eikthyrdeer, Level: 10, Rank: 1, Gender: Female, HP IV: 40(0%), ATK IV: 11(0%), DEF IV: 74(0%), Work Speed: (0%), Skills: Coldblooded
Eikthyrdeer, Level: 10, Rank: 1, Gender: Male, HP IV: 27(0%), ATK IV: 52(0%), DEF IV: 96(0%), Work Speed: (0%), Skills: Ferocious, Impatient, Waterproof
Foxparks, Level: 6, Rank: 1, Gender: Female, HP IV: 66(0%), ATK IV: 18(0%), DEF IV: 6(0%), Work Speed: (0%), Skills: Fragrant Foliage, Pyromaniac
Fuack, Level: 5, Rank: 1, Gender: Male, HP IV: 63(0%), ATK IV: 77(0%), DEF IV: 43(0%), Work Speed: (0%), Skills: Runner
Gumoss, Level: 2, Rank: 1, Gender: Male, HP IV: 92(0%), ATK IV: 6(0%), DEF IV: 78(0%), Work Speed: (0%), Skills: Unstable
Gumoss, Level: 3, Rank: 1, Gender: Female, HP IV: 43(0%), ATK IV: 89(0%), DEF IV: 41(0%), Work Speed: (0%), Skills: Fragrant Foliage
Lamball, Level: 1, Rank: 1, Gender: Female, HP IV: 52(0%), ATK IV: 83(0%), DEF IV: 20(0%), Work Speed: (0%)
Lamball, Level: 1, Rank: 1, Gender: Male, HP IV: 93(0%), ATK IV: 52(0%), DEF IV: 30(0%), Work Speed: (0%), Skills: Fragrant Foliage
Lamball, Level: 12, Rank: 1, Gender: Female, HP IV: 75(0%), ATK IV: 65(0%), DEF IV: 69(0%), Work Speed: (0%), Skills: Slacker
Lamball, Level: 12, Rank: 1, Gender: Female, HP IV: 99(0%), ATK IV: 84(0%), DEF IV: 95(0%), Work Speed: (0%), Skills: Mine Foreman
Lamball, Level: 12, Rank: 1, Gender: Male, HP IV: 42(0%), ATK IV: 69(0%), DEF IV: 93(0%), Work Speed: (0%), Skills: Dragonkiller
Lamball, Level: 2, Rank: 1, Gender: Female, HP IV: 15(0%), ATK IV: 92(0%), DEF IV: 20(0%), Work Speed: (0%)
Lamball, Level: 2, Rank: 1, Gender: Male, HP IV: 25(0%), ATK IV: 50(0%), DEF IV: 100(0%), Work Speed: (0%), Skills: Burly Body
Lamball, Level: 2, Rank: 1, Gender: Male, HP IV: 44(0%), ATK IV: 57(0%), DEF IV: 6(0%), Work Speed: (0%), Skills: Diet Lover
Lamball, Level: 2, Rank: 1, Gender: Male, HP IV: 93(0%), ATK IV: 71(0%), DEF IV: 53(0%), Work Speed: (0%), Skills: Power of Gaia
Lamball, Level: 3, Rank: 1, Gender: Male, HP IV: 23(0%), ATK IV: 51(0%), DEF IV: 37(0%), Work Speed: (0%)
Lamball, Level: 4, Rank: 1, Gender: Male, HP IV: 68(0%), ATK IV: 20(0%), DEF IV: 48(0%), Work Speed: (0%), Skills: Ferocious
Lifmunk, Level: 4, Rank: 1, Gender: Female, HP IV: 83(0%), ATK IV: 95(0%), DEF IV: 62(0%), Work Speed: (0%), Skills: Runner
Melpaca, Level: 10, Rank: 1, Gender: Female, HP IV: 14(0%), ATK IV: 17(0%), DEF IV: 63(0%), Work Speed: (0%), Skills: Coward
Tanzee, Level: 11, Rank: 1, Gender: Female, HP IV: 96(0%), ATK IV: 16(0%), DEF IV: 14(0%), Work Speed: (0%), Skills: Serenity
Tanzee, Level: 3, Rank: 1, Gender: Female, HP IV: 55(0%), ATK IV: 31(0%), DEF IV: 25(0%), Work Speed: (0%), Skills: Clumsy
Tanzee, Level: 4, Rank: 1, Gender: Male, HP IV: 2(0%), ATK IV: 96(0%), DEF IV: 59(0%), Work Speed: (0%), Skills: Shabby
Teafant, Level: 1, Rank: 1, Gender: Female, HP IV: 10(0%), ATK IV: 73(0%), DEF IV: 81(0%), Work Speed: (0%), Skills: Mercy hit
Teafant, Level: 1, Rank: 1, Gender: Male, HP IV: 67(0%), ATK IV: 15(0%), DEF IV: 47(0%), Work Speed: (0%), Skills: Blood of the Dragon
Teafant, Level: 2, Rank: 1, Gender: Female, HP IV: 30(0%), ATK IV: 93(0%), DEF IV: 97(0%), Work Speed: (0%), Skills: Work Slave
Teafant, Level: 2, Rank: 1, Gender: Female, HP IV: 54(0%), ATK IV: 75(0%), DEF IV: 58(0%), Work Speed: (0%), Skills: Infinite Stamina, Bottomless Stomach
Teafant, Level: 2, Rank: 1, Gender: Female, HP IV: 57(0%), ATK IV: 73(0%), DEF IV: 40(0%), Work Speed: (0%), Skills: Nocturnal
Teafant, Level: 3, Rank: 1, Gender: Female, HP IV: 54(0%), ATK IV: 57(0%), DEF IV: 32(0%), Work Speed: (0%), Skills: Positive Thinker
Teafant, Level: 4, Rank: 1, Gender: Male, HP IV: 92(0%), ATK IV: 3(0%), DEF IV: 100(0%), Work Speed: (0%), Skills: Burly Body
thic's 49 Pals
--------------
Cattiva, Level: 2, Rank: 1, Gender: Female, HP IV: 94(0%), ATK IV: 6(0%), DEF IV: 83(0%), Work Speed: (0%), Skills: Coward, Pyromaniac
Cattiva, Level: 2, Rank: 1, Gender: Male, HP IV: 55(0%), ATK IV: 99(0%), DEF IV: 23(0%), Work Speed: (0%), Skills: Coward, Dainty Eater
Cattiva, Level: 3, Rank: 1, Gender: Female, HP IV: 53(0%), ATK IV: 36(0%), DEF IV: 39(0%), Work Speed: (0%), Skills: Coward, Artisan
Cattiva, Level: 3, Rank: 1, Gender: Female, HP IV: 69(0%), ATK IV: 79(0%), DEF IV: 51(0%), Work Speed: (0%), Skills: Coward, Logging Foreman
Cattiva, Level: 3, Rank: 1, Gender: Female, HP IV: 72(0%), ATK IV: 67(0%), DEF IV: 68(0%), Work Speed: (0%), Skills: Coward, Noble
Cattiva, Level: 3, Rank: 1, Gender: Female, HP IV: 79(0%), ATK IV: 26(0%), DEF IV: 74(0%), Work Speed: (0%), Skills: Coward, Positive Thinker
Cattiva, Level: 4, Rank: 1, Gender: Female, HP IV: 59(0%), ATK IV: 96(0%), DEF IV: 44(0%), Work Speed: (0%), Skills: Coward, Vanguard
Cattiva, Level: 5, Rank: 1, Gender: Male, HP IV: 16(0%), ATK IV: 80(0%), DEF IV: 8(0%), Work Speed: (0%), Skills: Coward, Sadist
Cattiva, Level: 5, Rank: 1, Gender: Male, HP IV: 18(0%), ATK IV: 87(0%), DEF IV: 37(0%), Work Speed: (0%), Skills: Coward, Pyromaniac
Celaray, Level: 3, Rank: 1, Gender: Male, HP IV: 12(0%), ATK IV: 4(0%), DEF IV: 50(0%), Work Speed: (0%), Skills: Diet Lover, Aggressive
Celaray, Level: 3, Rank: 1, Gender: Male, HP IV: 18(0%), ATK IV: 84(0%), DEF IV: 90(0%), Work Speed: (0%), Skills: Hard Skin
Celaray, Level: 3, Rank: 1, Gender: Male, HP IV: 58(0%), ATK IV: 13(0%), DEF IV: 45(0%), Work Speed: (0%)
Celaray, Level: 4, Rank: 1, Gender: Female, HP IV: 41(0%), ATK IV: 3(0%), DEF IV: 100(0%), Work Speed: (0%), Skills: Downtrodden
Celaray, Level: 4, Rank: 1, Gender: Male, HP IV: 41(0%), ATK IV: 67(0%), DEF IV: 45(0%), Work Speed: (0%), Skills: Logging Foreman
Chikipi, Level: 1, Rank: 1, Gender: Male, HP IV: 30(0%), ATK IV: 49(0%), DEF IV: 4(0%), Work Speed: (0%), Skills: Runner
Chikipi, Level: 12, Rank: 1, Gender: Female, HP IV: 84(0%), ATK IV: 67(0%), DEF IV: 13(0%), Work Speed: (0%), Skills: Sadist
Chikipi, Level: 2, Rank: 1, Gender: Female, HP IV: 19(0%), ATK IV: 74(0%), DEF IV: 89(0%), Work Speed: (0%), Skills: Dragonkiller
Chikipi, Level: 2, Rank: 1, Gender: Female, HP IV: 47(0%), ATK IV: 81(0%), DEF IV: 29(0%), Work Speed: (0%), Skills: Glutton, Mine Foreman, Musclehead
Cremis, Level: 3, Rank: 1, Gender: Male, HP IV: 6(0%), ATK IV: 15(0%), DEF IV: 9(0%), Work Speed: (0%), Skills: Glutton
Cremis, Level: 4, Rank: 1, Gender: Female, HP IV: 38(0%), ATK IV: 40(0%), DEF IV: 74(0%), Work Speed: (0%), Skills: Impatient
Eikthyrdeer, Level: 10, Rank: 1, Gender: Female, HP IV: 40(0%), ATK IV: 11(0%), DEF IV: 74(0%), Work Speed: (0%), Skills: Coldblooded
Eikthyrdeer, Level: 10, Rank: 1, Gender: Male, HP IV: 27(0%), ATK IV: 52(0%), DEF IV: 96(0%), Work Speed: (0%), Skills: Ferocious, Impatient, Waterproof
Foxparks, Level: 6, Rank: 1, Gender: Female, HP IV: 66(0%), ATK IV: 18(0%), DEF IV: 6(0%), Work Speed: (0%), Skills: Fragrant Foliage, Pyromaniac
Fuack, Level: 5, Rank: 1, Gender: Male, HP IV: 63(0%), ATK IV: 77(0%), DEF IV: 43(0%), Work Speed: (0%), Skills: Runner
Gumoss, Level: 2, Rank: 1, Gender: Male, HP IV: 92(0%), ATK IV: 6(0%), DEF IV: 78(0%), Work Speed: (0%), Skills: Unstable
Gumoss, Level: 3, Rank: 1, Gender: Female, HP IV: 43(0%), ATK IV: 89(0%), DEF IV: 41(0%), Work Speed: (0%), Skills: Fragrant Foliage
Lamball, Level: 1, Rank: 1, Gender: Female, HP IV: 52(0%), ATK IV: 83(0%), DEF IV: 20(0%), Work Speed: (0%)
Lamball, Level: 1, Rank: 1, Gender: Male, HP IV: 93(0%), ATK IV: 52(0%), DEF IV: 30(0%), Work Speed: (0%), Skills: Fragrant Foliage
Lamball, Level: 12, Rank: 1, Gender: Female, HP IV: 75(0%), ATK IV: 65(0%), DEF IV: 69(0%), Work Speed: (0%), Skills: Slacker
Lamball, Level: 12, Rank: 1, Gender: Female, HP IV: 99(0%), ATK IV: 84(0%), DEF IV: 95(0%), Work Speed: (0%), Skills: Mine Foreman
Lamball, Level: 12, Rank: 1, Gender: Male, HP IV: 42(0%), ATK IV: 69(0%), DEF IV: 93(0%), Work Speed: (0%), Skills: Dragonkiller
Lamball, Level: 2, Rank: 1, Gender: Female, HP IV: 15(0%), ATK IV: 92(0%), DEF IV: 20(0%), Work Speed: (0%)
Lamball, Level: 2, Rank: 1, Gender: Male, HP IV: 25(0%), ATK IV: 50(0%), DEF IV: 100(0%), Work Speed: (0%), Skills: Burly Body
Lamball, Level: 2, Rank: 1, Gender: Male, HP IV: 44(0%), ATK IV: 57(0%), DEF IV: 6(0%), Work Speed: (0%), Skills: Diet Lover
Lamball, Level: 2, Rank: 1, Gender: Male, HP IV: 93(0%), ATK IV: 71(0%), DEF IV: 53(0%), Work Speed: (0%), Skills: Power of Gaia
Lamball, Level: 3, Rank: 1, Gender: Male, HP IV: 23(0%), ATK IV: 51(0%), DEF IV: 37(0%), Work Speed: (0%)
Lamball, Level: 4, Rank: 1, Gender: Male, HP IV: 68(0%), ATK IV: 20(0%), DEF IV: 48(0%), Work Speed: (0%), Skills: Ferocious
Lifmunk, Level: 4, Rank: 1, Gender: Female, HP IV: 83(0%), ATK IV: 95(0%), DEF IV: 62(0%), Work Speed: (0%), Skills: Runner
Melpaca, Level: 10, Rank: 1, Gender: Female, HP IV: 14(0%), ATK IV: 17(0%), DEF IV: 63(0%), Work Speed: (0%), Skills: Coward
Tanzee, Level: 11, Rank: 1, Gender: Female, HP IV: 96(0%), ATK IV: 16(0%), DEF IV: 14(0%), Work Speed: (0%), Skills: Serenity
Tanzee, Level: 3, Rank: 1, Gender: Female, HP IV: 55(0%), ATK IV: 31(0%), DEF IV: 25(0%), Work Speed: (0%), Skills: Clumsy
Tanzee, Level: 4, Rank: 1, Gender: Male, HP IV: 2(0%), ATK IV: 96(0%), DEF IV: 59(0%), Work Speed: (0%), Skills: Shabby
Teafant, Level: 1, Rank: 1, Gender: Female, HP IV: 10(0%), ATK IV: 73(0%), DEF IV: 81(0%), Work Speed: (0%), Skills: Mercy hit
Teafant, Level: 1, Rank: 1, Gender: Male, HP IV: 67(0%), ATK IV: 15(0%), DEF IV: 47(0%), Work Speed: (0%), Skills: Blood of the Dragon
Teafant, Level: 2, Rank: 1, Gender: Female, HP IV: 30(0%), ATK IV: 93(0%), DEF IV: 97(0%), Work Speed: (0%), Skills: Work Slave
Teafant, Level: 2, Rank: 1, Gender: Female, HP IV: 54(0%), ATK IV: 75(0%), DEF IV: 58(0%), Work Speed: (0%), Skills: Infinite Stamina, Bottomless Stomach
Teafant, Level: 2, Rank: 1, Gender: Female, HP IV: 57(0%), ATK IV: 73(0%), DEF IV: 40(0%), Work Speed: (0%), Skills: Nocturnal
Teafant, Level: 3, Rank: 1, Gender: Female, HP IV: 54(0%), ATK IV: 57(0%), DEF IV: 32(0%), Work Speed: (0%), Skills: Positive Thinker
Teafant, Level: 4, Rank: 1, Gender: Male, HP IV: 92(0%), ATK IV: 3(0%), DEF IV: 100(0%), Work Speed: (0%), Skills: Burly Body
thic's 49 Pals
--------------
Cattiva, Level: 2, Rank: 1, Gender: Female, HP IV: 94(0%), ATK IV: 6(0%), DEF IV: 83(0%), Work Speed: (0%), Skills: Coward, Pyromaniac
Cattiva, Level: 2, Rank: 1, Gender: Male, HP IV: 55(0%), ATK IV: 99(0%), DEF IV: 23(0%), Work Speed: (0%), Skills: Coward, Dainty Eater
Cattiva, Level: 3, Rank: 1, Gender: Female, HP IV: 53(0%), ATK IV: 36(0%), DEF IV: 39(0%), Work Speed: (0%), Skills: Coward, Artisan
Cattiva, Level: 3, Rank: 1, Gender: Female, HP IV: 69(0%), ATK IV: 79(0%), DEF IV: 51(0%), Work Speed: (0%), Skills: Coward, Logging Foreman
Cattiva, Level: 3, Rank: 1, Gender: Female, HP IV: 72(0%), ATK IV: 67(0%), DEF IV: 68(0%), Work Speed: (0%), Skills: Coward, Noble
Cattiva, Level: 3, Rank: 1, Gender: Female, HP IV: 79(0%), ATK IV: 26(0%), DEF IV: 74(0%), Work Speed: (0%), Skills: Coward, Positive Thinker
Cattiva, Level: 4, Rank: 1, Gender: Female, HP IV: 59(0%), ATK IV: 96(0%), DEF IV: 44(0%), Work Speed: (0%), Skills: Coward, Vanguard
Cattiva, Level: 5, Rank: 1, Gender: Male, HP IV: 16(0%), ATK IV: 80(0%), DEF IV: 8(0%), Work Speed: (0%), Skills: Coward, Sadist
Cattiva, Level: 5, Rank: 1, Gender: Male, HP IV: 18(0%), ATK IV: 87(0%), DEF IV: 37(0%), Work Speed: (0%), Skills: Coward, Pyromaniac
Celaray, Level: 3, Rank: 1, Gender: Male, HP IV: 12(0%), ATK IV: 4(0%), DEF IV: 50(0%), Work Speed: (0%), Skills: Diet Lover, Aggressive
Celaray, Level: 3, Rank: 1, Gender: Male, HP IV: 18(0%), ATK IV: 84(0%), DEF IV: 90(0%), Work Speed: (0%), Skills: Hard Skin
Celaray, Level: 3, Rank: 1, Gender: Male, HP IV: 58(0%), ATK IV: 13(0%), DEF IV: 45(0%), Work Speed: (0%)
Celaray, Level: 4, Rank: 1, Gender: Female, HP IV: 41(0%), ATK IV: 3(0%), DEF IV: 100(0%), Work Speed: (0%), Skills: Downtrodden
Celaray, Level: 4, Rank: 1, Gender: Male, HP IV: 41(0%), ATK IV: 67(0%), DEF IV: 45(0%), Work Speed: (0%), Skills: Logging Foreman
Chikipi, Level: 1, Rank: 1, Gender: Male, HP IV: 30(0%), ATK IV: 49(0%), DEF IV: 4(0%), Work Speed: (0%), Skills: Runner
Chikipi, Level: 12, Rank: 1, Gender: Female, HP IV: 84(0%), ATK IV: 67(0%), DEF IV: 13(0%), Work Speed: (0%), Skills: Sadist
Chikipi, Level: 2, Rank: 1, Gender: Female, HP IV: 19(0%), ATK IV: 74(0%), DEF IV: 89(0%), Work Speed: (0%), Skills: Dragonkiller
Chikipi, Level: 2, Rank: 1, Gender: Female, HP IV: 47(0%), ATK IV: 81(0%), DEF IV: 29(0%), Work Speed: (0%), Skills: Glutton, Mine Foreman, Musclehead
Cremis, Level: 3, Rank: 1, Gender: Male, HP IV: 6(0%), ATK IV: 15(0%), DEF IV: 9(0%), Work Speed: (0%), Skills: Glutton
Cremis, Level: 4, Rank: 1, Gender: Female, HP IV: 38(0%), ATK IV: 40(0%), DEF IV: 74(0%), Work Speed: (0%), Skills: Impatient
Eikthyrdeer, Level: 10, Rank: 1, Gender: Female, HP IV: 40(0%), ATK IV: 11(0%), DEF IV: 74(0%), Work Speed: (0%), Skills: Coldblooded
Eikthyrdeer, Level: 10, Rank: 1, Gender: Male, HP IV: 27(0%), ATK IV: 52(0%), DEF IV: 96(0%), Work Speed: (0%), Skills: Ferocious, Impatient, Waterproof
Foxparks, Level: 6, Rank: 1, Gender: Female, HP IV: 66(0%), ATK IV: 18(0%), DEF IV: 6(0%), Work Speed: (0%), Skills: Fragrant Foliage, Pyromaniac
Fuack, Level: 5, Rank: 1, Gender: Male, HP IV: 63(0%), ATK IV: 77(0%), DEF IV: 43(0%), Work Speed: (0%), Skills: Runner
Gumoss, Level: 2, Rank: 1, Gender: Male, HP IV: 92(0%), ATK IV: 6(0%), DEF IV: 78(0%), Work Speed: (0%), Skills: Unstable
Gumoss, Level: 3, Rank: 1, Gender: Female, HP IV: 43(0%), ATK IV: 89(0%), DEF IV: 41(0%), Work Speed: (0%), Skills: Fragrant Foliage
Lamball, Level: 1, Rank: 1, Gender: Female, HP IV: 52(0%), ATK IV: 83(0%), DEF IV: 20(0%), Work Speed: (0%)
Lamball, Level: 1, Rank: 1, Gender: Male, HP IV: 93(0%), ATK IV: 52(0%), DEF IV: 30(0%), Work Speed: (0%), Skills: Fragrant Foliage
Lamball, Level: 12, Rank: 1, Gender: Female, HP IV: 75(0%), ATK IV: 65(0%), DEF IV: 69(0%), Work Speed: (0%), Skills: Slacker
Lamball, Level: 12, Rank: 1, Gender: Female, HP IV: 99(0%), ATK IV: 84(0%), DEF IV: 95(0%), Work Speed: (0%), Skills: Mine Foreman
Lamball, Level: 12, Rank: 1, Gender: Male, HP IV: 42(0%), ATK IV: 69(0%), DEF IV: 93(0%), Work Speed: (0%), Skills: Dragonkiller
Lamball, Level: 2, Rank: 1, Gender: Female, HP IV: 15(0%), ATK IV: 92(0%), DEF IV: 20(0%), Work Speed: (0%)
Lamball, Level: 2, Rank: 1, Gender: Male, HP IV: 25(0%), ATK IV: 50(0%), DEF IV: 100(0%), Work Speed: (0%), Skills: Burly Body
Lamball, Level: 2, Rank: 1, Gender: Male, HP IV: 44(0%), ATK IV: 57(0%), DEF IV: 6(0%), Work Speed: (0%), Skills: Diet Lover
Lamball, Level: 2, Rank: 1, Gender: Male, HP IV: 93(0%), ATK IV: 71(0%), DEF IV: 53(0%), Work Speed: (0%), Skills: Power of Gaia
Lamball, Level: 3, Rank: 1, Gender: Male, HP IV: 23(0%), ATK IV: 51(0%), DEF IV: 37(0%), Work Speed: (0%)
Lamball, Level: 4, Rank: 1, Gender: Male, HP IV: 68(0%), ATK IV: 20(0%), DEF IV: 48(0%), Work Speed: (0%), Skills: Ferocious
Lifmunk, Level: 4, Rank: 1, Gender: Female, HP IV: 83(0%), ATK IV: 95(0%), DEF IV: 62(0%), Work Speed: (0%), Skills: Runner
Melpaca, Level: 10, Rank: 1, Gender: Female, HP IV: 14(0%), ATK IV: 17(0%), DEF IV: 63(0%), Work Speed: (0%), Skills: Coward
Tanzee, Level: 11, Rank: 1, Gender: Female, HP IV: 96(0%), ATK IV: 16(0%), DEF IV: 14(0%), Work Speed: (0%), Skills: Serenity
Tanzee, Level: 3, Rank: 1, Gender: Female, HP IV: 55(0%), ATK IV: 31(0%), DEF IV: 25(0%), Work Speed: (0%), Skills: Clumsy
Tanzee, Level: 4, Rank: 1, Gender: Male, HP IV: 2(0%), ATK IV: 96(0%), DEF IV: 59(0%), Work Speed: (0%), Skills: Shabby
Teafant, Level: 1, Rank: 1, Gender: Female, HP IV: 10(0%), ATK IV: 73(0%), DEF IV: 81(0%), Work Speed: (0%), Skills: Mercy hit
Teafant, Level: 1, Rank: 1, Gender: Male, HP IV: 67(0%), ATK IV: 15(0%), DEF IV: 47(0%), Work Speed: (0%), Skills: Blood of the Dragon
Teafant, Level: 2, Rank: 1, Gender: Female, HP IV: 30(0%), ATK IV: 93(0%), DEF IV: 97(0%), Work Speed: (0%), Skills: Work Slave
Teafant, Level: 2, Rank: 1, Gender: Female, HP IV: 54(0%), ATK IV: 75(0%), DEF IV: 58(0%), Work Speed: (0%), Skills: Infinite Stamina, Bottomless Stomach
Teafant, Level: 2, Rank: 1, Gender: Female, HP IV: 57(0%), ATK IV: 73(0%), DEF IV: 40(0%), Work Speed: (0%), Skills: Nocturnal
Teafant, Level: 3, Rank: 1, Gender: Female, HP IV: 54(0%), ATK IV: 57(0%), DEF IV: 32(0%), Work Speed: (0%), Skills: Positive Thinker
Teafant, Level: 4, Rank: 1, Gender: Male, HP IV: 92(0%), ATK IV: 3(0%), DEF IV: 100(0%), Work Speed: (0%), Skills: Burly Body
thic's 49 Pals
--------------
Cattiva, Level: 2, Rank: 1, Gender: Female, HP IV: 94(0%), ATK IV: 6(0%), DEF IV: 83(0%), Work Speed: (0%), Skills: Coward, Pyromaniac
Cattiva, Level: 2, Rank: 1, Gender: Male, HP IV: 55(0%), ATK IV: 99(0%), DEF IV: 23(0%), Work Speed: (0%), Skills: Coward, Dainty Eater
Cattiva, Level: 3, Rank: 1, Gender: Female, HP IV: 53(0%), ATK IV: 36(0%), DEF IV: 39(0%), Work Speed: (0%), Skills: Coward, Artisan
Cattiva, Level: 3, Rank: 1, Gender: Female, HP IV: 69(0%), ATK IV: 79(0%), DEF IV: 51(0%), Work Speed: (0%), Skills: Coward, Logging Foreman
Cattiva, Level: 3, Rank: 1, Gender: Female, HP IV: 72(0%), ATK IV: 67(0%), DEF IV: 68(0%), Work Speed: (0%), Skills: Coward, Noble
Cattiva, Level: 3, Rank: 1, Gender: Female, HP IV: 79(0%), ATK IV: 26(0%), DEF IV: 74(0%), Work Speed: (0%), Skills: Coward, Positive Thinker
Cattiva, Level: 4, Rank: 1, Gender: Female, HP IV: 59(0%), ATK IV: 96(0%), DEF IV: 44(0%), Work Speed: (0%), Skills: Coward, Vanguard
Cattiva, Level: 5, Rank: 1, Gender: Male, HP IV: 16(0%), ATK IV: 80(0%), DEF IV: 8(0%), Work Speed: (0%), Skills: Coward, Sadist
Cattiva, Level: 5, Rank: 1, Gender: Male, HP IV: 18(0%), ATK IV: 87(0%), DEF IV: 37(0%), Work Speed: (0%), Skills: Coward, Pyromaniac
Celaray, Level: 3, Rank: 1, Gender: Male, HP IV: 12(0%), ATK IV: 4(0%), DEF IV: 50(0%), Work Speed: (0%), Skills: Diet Lover, Aggressive
Celaray, Level: 3, Rank: 1, Gender: Male, HP IV: 18(0%), ATK IV: 84(0%), DEF IV: 90(0%), Work Speed: (0%), Skills: Hard Skin
Celaray, Level: 3, Rank: 1, Gender: Male, HP IV: 58(0%), ATK IV: 13(0%), DEF IV: 45(0%), Work Speed: (0%)
Celaray, Level: 4, Rank: 1, Gender: Female, HP IV: 41(0%), ATK IV: 3(0%), DEF IV: 100(0%), Work Speed: (0%), Skills: Downtrodden
Celaray, Level: 4, Rank: 1, Gender: Male, HP IV: 41(0%), ATK IV: 67(0%), DEF IV: 45(0%), Work Speed: (0%), Skills: Logging Foreman
Chikipi, Level: 1, Rank: 1, Gender: Male, HP IV: 30(0%), ATK IV: 49(0%), DEF IV: 4(0%), Work Speed: (0%), Skills: Runner
Chikipi, Level: 12, Rank: 1, Gender: Female, HP IV: 84(0%), ATK IV: 67(0%), DEF IV: 13(0%), Work Speed: (0%), Skills: Sadist
Chikipi, Level: 2, Rank: 1, Gender: Female, HP IV: 19(0%), ATK IV: 74(0%), DEF IV: 89(0%), Work Speed: (0%), Skills: Dragonkiller
Chikipi, Level: 2, Rank: 1, Gender: Female, HP IV: 47(0%), ATK IV: 81(0%), DEF IV: 29(0%), Work Speed: (0%), Skills: Glutton, Mine Foreman, Musclehead
Cremis, Level: 3, Rank: 1, Gender: Male, HP IV: 6(0%), ATK IV: 15(0%), DEF IV: 9(0%), Work Speed: (0%), Skills: Glutton
Cremis, Level: 4, Rank: 1, Gender: Female, HP IV: 38(0%), ATK IV: 40(0%), DEF IV: 74(0%), Work Speed: (0%), Skills: Impatient
Eikthyrdeer, Level: 10, Rank: 1, Gender: Female, HP IV: 40(0%), ATK IV: 11(0%), DEF IV: 74(0%), Work Speed: (0%), Skills: Coldblooded
Eikthyrdeer, Level: 10, Rank: 1, Gender: Male, HP IV: 27(0%), ATK IV: 52(0%), DEF IV: 96(0%), Work Speed: (0%), Skills: Ferocious, Impatient, Waterproof
Foxparks, Level: 6, Rank: 1, Gender: Female, HP IV: 66(0%), ATK IV: 18(0%), DEF IV: 6(0%), Work Speed: (0%), Skills: Fragrant Foliage, Pyromaniac
Fuack, Level: 5, Rank: 1, Gender: Male, HP IV: 63(0%), ATK IV: 77(0%), DEF IV: 43(0%), Work Speed: (0%), Skills: Runner
Gumoss, Level: 2, Rank: 1, Gender: Male, HP IV: 92(0%), ATK IV: 6(0%), DEF IV: 78(0%), Work Speed: (0%), Skills: Unstable
Gumoss, Level: 3, Rank: 1, Gender: Female, HP IV: 43(0%), ATK IV: 89(0%), DEF IV: 41(0%), Work Speed: (0%), Skills: Fragrant Foliage
Lamball, Level: 1, Rank: 1, Gender: Female, HP IV: 52(0%), ATK IV: 83(0%), DEF IV: 20(0%), Work Speed: (0%)
Lamball, Level: 1, Rank: 1, Gender: Male, HP IV: 93(0%), ATK IV: 52(0%), DEF IV: 30(0%), Work Speed: (0%), Skills: Fragrant Foliage
Lamball, Level: 12, Rank: 1, Gender: Female, HP IV: 75(0%), ATK IV: 65(0%), DEF IV: 69(0%), Work Speed: (0%), Skills: Slacker
Lamball, Level: 12, Rank: 1, Gender: Female, HP IV: 99(0%), ATK IV: 84(0%), DEF IV: 95(0%), Work Speed: (0%), Skills: Mine Foreman
Lamball, Level: 12, Rank: 1, Gender: Male, HP IV: 42(0%), ATK IV: 69(0%), DEF IV: 93(0%), Work Speed: (0%), Skills: Dragonkiller
Lamball, Level: 2, Rank: 1, Gender: Female, HP IV: 15(0%), ATK IV: 92(0%), DEF IV: 20(0%), Work Speed: (0%)
Lamball, Level: 2, Rank: 1, Gender: Male, HP IV: 25(0%), ATK IV: 50(0%), DEF IV: 100(0%), Work Speed: (0%), Skills: Burly Body
Lamball, Level: 2, Rank: 1, Gender: Male, HP IV: 44(0%), ATK IV: 57(0%), DEF IV: 6(0%), Work Speed: (0%), Skills: Diet Lover
Lamball, Level: 2, Rank: 1, Gender: Male, HP IV: 93(0%), ATK IV: 71(0%), DEF IV: 53(0%), Work Speed: (0%), Skills: Power of Gaia
Lamball, Level: 3, Rank: 1, Gender: Male, HP IV: 23(0%), ATK IV: 51(0%), DEF IV: 37(0%), Work Speed: (0%)
Lamball, Level: 4, Rank: 1, Gender: Male, HP IV: 68(0%), ATK IV: 20(0%), DEF IV: 48(0%), Work Speed: (0%), Skills: Ferocious
Lifmunk, Level: 4, Rank: 1, Gender: Female, HP IV: 83(0%), ATK IV: 95(0%), DEF IV: 62(0%), Work Speed: (0%), Skills: Runner
Melpaca, Level: 10, Rank: 1, Gender: Female, HP IV: 14(0%), ATK IV: 17(0%), DEF IV: 63(0%), Work Speed: (0%), Skills: Coward
Tanzee, Level: 11, Rank: 1, Gender: Female, HP IV: 96(0%), ATK IV: 16(0%), DEF IV: 14(0%), Work Speed: (0%), Skills: Serenity
Tanzee, Level: 3, Rank: 1, Gender: Female, HP IV: 55(0%), ATK IV: 31(0%), DEF IV: 25(0%), Work Speed: (0%), Skills: Clumsy
Tanzee, Level: 4, Rank: 1, Gender: Male, HP IV: 2(0%), ATK IV: 96(0%), DEF IV: 59(0%), Work Speed: (0%), Skills: Shabby
Teafant, Level: 1, Rank: 1, Gender: Female, HP IV: 10(0%), ATK IV: 73(0%), DEF IV: 81(0%), Work Speed: (0%), Skills: Mercy hit
Teafant, Level: 1, Rank: 1, Gender: Male, HP IV: 67(0%), ATK IV: 15(0%), DEF IV: 47(0%), Work Speed: (0%), Skills: Blood of the Dragon
Teafant, Level: 2, Rank: 1, Gender: Female, HP IV: 30(0%), ATK IV: 93(0%), DEF IV: 97(0%), Work Speed: (0%), Skills: Work Slave
Teafant, Level: 2, Rank: 1, Gender: Female, HP IV: 54(0%), ATK IV: 75(0%), DEF IV: 58(0%), Work Speed: (0%), Skills: Infinite Stamina, Bottomless Stomach
Teafant, Level: 2, Rank: 1, Gender: Female, HP IV: 57(0%), ATK IV: 73(0%), DEF IV: 40(0%), Work Speed: (0%), Skills: Nocturnal
Teafant, Level: 3, Rank: 1, Gender: Female, HP IV: 54(0%), ATK IV: 57(0%), DEF IV: 32(0%), Work Speed: (0%), Skills: Positive Thinker
Teafant, Level: 4, Rank: 1, Gender: Male, HP IV: 92(0%), ATK IV: 3(0%), DEF IV: 100(0%), Work Speed: (0%), Skills: Burly Body
thic's 49 Pals
--------------
Cattiva, Level: 2, Rank: 1, Gender: Female, HP IV: 94(0%), ATK IV: 6(0%), DEF IV: 83(0%), Work Speed: (0%), Skills: Coward, Pyromaniac
Cattiva, Level: 2, Rank: 1, Gender: Male, HP IV: 55(0%), ATK IV: 99(0%), DEF IV: 23(0%), Work Speed: (0%), Skills: Coward, Dainty Eater
Cattiva, Level: 3, Rank: 1, Gender: Female, HP IV: 53(0%), ATK IV: 36(0%), DEF IV: 39(0%), Work Speed: (0%), Skills: Coward, Artisan
Cattiva, Level: 3, Rank: 1, Gender: Female, HP IV: 69(0%), ATK IV: 79(0%), DEF IV: 51(0%), Work Speed: (0%), Skills: Coward, Logging Foreman
Cattiva, Level: 3, Rank: 1, Gender: Female, HP IV: 72(0%), ATK IV: 67(0%), DEF IV: 68(0%), Work Speed: (0%), Skills: Coward, Noble
Cattiva, Level: 3, Rank: 1, Gender: Female, HP IV: 79(0%), ATK IV: 26(0%), DEF IV: 74(0%), Work Speed: (0%), Skills: Coward, Positive Thinker
Cattiva, Level: 4, Rank: 1, Gender: Female, HP IV: 59(0%), ATK IV: 96(0%), DEF IV: 44(0%), Work Speed: (0%), Skills: Coward, Vanguard
Cattiva, Level: 5, Rank: 1, Gender: Male, HP IV: 16(0%), ATK IV: 80(0%), DEF IV: 8(0%), Work Speed: (0%), Skills: Coward, Sadist
Cattiva, Level: 5, Rank: 1, Gender: Male, HP IV: 18(0%), ATK IV: 87(0%), DEF IV: 37(0%), Work Speed: (0%), Skills: Coward, Pyromaniac
Celaray, Level: 3, Rank: 1, Gender: Male, HP IV: 12(0%), ATK IV: 4(0%), DEF IV: 50(0%), Work Speed: (0%), Skills: Diet Lover, Aggressive
Celaray, Level: 3, Rank: 1, Gender: Male, HP IV: 18(0%), ATK IV: 84(0%), DEF IV: 90(0%), Work Speed: (0%), Skills: Hard Skin
Celaray, Level: 3, Rank: 1, Gender: Male, HP IV: 58(0%), ATK IV: 13(0%), DEF IV: 45(0%), Work Speed: (0%)
Celaray, Level: 4, Rank: 1, Gender: Female, HP IV: 41(0%), ATK IV: 3(0%), DEF IV: 100(0%), Work Speed: (0%), Skills: Downtrodden
Celaray, Level: 4, Rank: 1, Gender: Male, HP IV: 41(0%), ATK IV: 67(0%), DEF IV: 45(0%), Work Speed: (0%), Skills: Logging Foreman
Chikipi, Level: 1, Rank: 1, Gender: Male, HP IV: 30(0%), ATK IV: 49(0%), DEF IV: 4(0%), Work Speed: (0%), Skills: Runner
Chikipi, Level: 12, Rank: 1, Gender: Female, HP IV: 84(0%), ATK IV: 67(0%), DEF IV: 13(0%), Work Speed: (0%), Skills: Sadist
Chikipi, Level: 2, Rank: 1, Gender: Female, HP IV: 19(0%), ATK IV: 74(0%), DEF IV: 89(0%), Work Speed: (0%), Skills: Dragonkiller
Chikipi, Level: 2, Rank: 1, Gender: Female, HP IV: 47(0%), ATK IV: 81(0%), DEF IV: 29(0%), Work Speed: (0%), Skills: Glutton, Mine Foreman, Musclehead
Cremis, Level: 3, Rank: 1, Gender: Male, HP IV: 6(0%), ATK IV: 15(0%), DEF IV: 9(0%), Work Speed: (0%), Skills: Glutton
Cremis, Level: 4, Rank: 1, Gender: Female, HP IV: 38(0%), ATK IV: 40(0%), DEF IV: 74(0%), Work Speed: (0%), Skills: Impatient
Eikthyrdeer, Level: 10, Rank: 1, Gender: Female, HP IV: 40(0%), ATK IV: 11(0%), DEF IV: 74(0%), Work Speed: (0%), Skills: Coldblooded
Eikthyrdeer, Level: 10, Rank: 1, Gender: Male, HP IV: 27(0%), ATK IV: 52(0%), DEF IV: 96(0%), Work Speed: (0%), Skills: Ferocious, Impatient, Waterproof
Foxparks, Level: 6, Rank: 1, Gender: Female, HP IV: 66(0%), ATK IV: 18(0%), DEF IV: 6(0%), Work Speed: (0%), Skills: Fragrant Foliage, Pyromaniac
Fuack, Level: 5, Rank: 1, Gender: Male, HP IV: 63(0%), ATK IV: 77(0%), DEF IV: 43(0%), Work Speed: (0%), Skills: Runner
Gumoss, Level: 2, Rank: 1, Gender: Male, HP IV: 92(0%), ATK IV: 6(0%), DEF IV: 78(0%), Work Speed: (0%), Skills: Unstable
Gumoss, Level: 3, Rank: 1, Gender: Female, HP IV: 43(0%), ATK IV: 89(0%), DEF IV: 41(0%), Work Speed: (0%), Skills: Fragrant Foliage
Lamball, Level: 1, Rank: 1, Gender: Female, HP IV: 52(0%), ATK IV: 83(0%), DEF IV: 20(0%), Work Speed: (0%)
Lamball, Level: 1, Rank: 1, Gender: Male, HP IV: 93(0%), ATK IV: 52(0%), DEF IV: 30(0%), Work Speed: (0%), Skills: Fragrant Foliage
Lamball, Level: 12, Rank: 1, Gender: Female, HP IV: 75(0%), ATK IV: 65(0%), DEF IV: 69(0%), Work Speed: (0%), Skills: Slacker
Lamball, Level: 12, Rank: 1, Gender: Female, HP IV: 99(0%), ATK IV: 84(0%), DEF IV: 95(0%), Work Speed: (0%), Skills: Mine Foreman
Lamball, Level: 12, Rank: 1, Gender: Male, HP IV: 42(0%), ATK IV: 69(0%), DEF IV: 93(0%), Work Speed: (0%), Skills: Dragonkiller
Lamball, Level: 2, Rank: 1, Gender: Female, HP IV: 15(0%), ATK IV: 92(0%), DEF IV: 20(0%), Work Speed: (0%)
Lamball, Level: 2, Rank: 1, Gender: Male, HP IV: 25(0%), ATK IV: 50(0%), DEF IV: 100(0%), Work Speed: (0%), Skills: Burly Body
Lamball, Level: 2, Rank: 1, Gender: Male, HP IV: 44(0%), ATK IV: 57(0%), DEF IV: 6(0%), Work Speed: (0%), Skills: Diet Lover
Lamball, Level: 2, Rank: 1, Gender: Male, HP IV: 93(0%), ATK IV: 71(0%), DEF IV: 53(0%), Work Speed: (0%), Skills: Power of Gaia
Lamball, Level: 3, Rank: 1, Gender: Male, HP IV: 23(0%), ATK IV: 51(0%), DEF IV: 37(0%), Work Speed: (0%)
Lamball, Level: 4, Rank: 1, Gender: Male, HP IV: 68(0%), ATK IV: 20(0%), DEF IV: 48(0%), Work Speed: (0%), Skills: Ferocious
Lifmunk, Level: 4, Rank: 1, Gender: Female, HP IV: 83(0%), ATK IV: 95(0%), DEF IV: 62(0%), Work Speed: (0%), Skills: Runner
Melpaca, Level: 10, Rank: 1, Gender: Female, HP IV: 14(0%), ATK IV: 17(0%), DEF IV: 63(0%), Work Speed: (0%), Skills: Coward
Tanzee, Level: 11, Rank: 1, Gender: Female, HP IV: 96(0%), ATK IV: 16(0%), DEF IV: 14(0%), Work Speed: (0%), Skills: Serenity
Tanzee, Level: 3, Rank: 1, Gender: Female, HP IV: 55(0%), ATK IV: 31(0%), DEF IV: 25(0%), Work Speed: (0%), Skills: Clumsy
Tanzee, Level: 4, Rank: 1, Gender: Male, HP IV: 2(0%), ATK IV: 96(0%), DEF IV: 59(0%), Work Speed: (0%), Skills: Shabby
Teafant, Level: 1, Rank: 1, Gender: Female, HP IV: 10(0%), ATK IV: 73(0%), DEF IV: 81(0%), Work Speed: (0%), Skills: Mercy hit
Teafant, Level: 1, Rank: 1, Gender: Male, HP IV: 67(0%), ATK IV: 15(0%), DEF IV: 47(0%), Work Speed: (0%), Skills: Blood of the Dragon
Teafant, Level: 2, Rank: 1, Gender: Female, HP IV: 30(0%), ATK IV: 93(0%), DEF IV: 97(0%), Work Speed: (0%), Skills: Work Slave
Teafant, Level: 2, Rank: 1, Gender: Female, HP IV: 54(0%), ATK IV: 75(0%), DEF IV: 58(0%), Work Speed: (0%), Skills: Infinite Stamina, Bottomless Stomach
Teafant, Level: 2, Rank: 1, Gender: Female, HP IV: 57(0%), ATK IV: 73(0%), DEF IV: 40(0%), Work Speed: (0%), Skills: Nocturnal
Teafant, Level: 3, Rank: 1, Gender: Female, HP IV: 54(0%), ATK IV: 57(0%), DEF IV: 32(0%), Work Speed: (0%), Skills: Positive Thinker
Teafant, Level: 4, Rank: 1, Gender: Male, HP IV: 92(0%), ATK IV: 3(0%), DEF IV: 100(0%), Work Speed: (0%), Skills: Burly Body
thic's 49 Pals
--------------
Cattiva, Level: 2, Rank: 1, Gender: Female, HP IV: 94(0%), ATK IV: 6(0%), DEF IV: 83(0%), Work Speed: (0%), Skills: Coward, Pyromaniac
Cattiva, Level: 2, Rank: 1, Gender: Male, HP IV: 55(0%), ATK IV: 99(0%), DEF IV: 23(0%), Work Speed: (0%), Skills: Coward, Dainty Eater
Cattiva, Level: 3, Rank: 1, Gender: Female, HP IV: 53(0%), ATK IV: 36(0%), DEF IV: 39(0%), Work Speed: (0%), Skills: Coward, Artisan
Cattiva, Level: 3, Rank: 1, Gender: Female, HP IV: 69(0%), ATK IV: 79(0%), DEF IV: 51(0%), Work Speed: (0%), Skills: Coward, Logging Foreman
Cattiva, Level: 3, Rank: 1, Gender: Female, HP IV: 72(0%), ATK IV: 67(0%), DEF IV: 68(0%), Work Speed: (0%), Skills: Coward, Noble
Cattiva, Level: 3, Rank: 1, Gender: Female, HP IV: 79(0%), ATK IV: 26(0%), DEF IV: 74(0%), Work Speed: (0%), Skills: Coward, Positive Thinker
Cattiva, Level: 4, Rank: 1, Gender: Female, HP IV: 59(0%), ATK IV: 96(0%), DEF IV: 44(0%), Work Speed: (0%), Skills: Coward, Vanguard
Cattiva, Level: 5, Rank: 1, Gender: Male, HP IV: 16(0%), ATK IV: 80(0%), DEF IV: 8(0%), Work Speed: (0%), Skills: Coward, Sadist
Cattiva, Level: 5, Rank: 1, Gender: Male, HP IV: 18(0%), ATK IV: 87(0%), DEF IV: 37(0%), Work Speed: (0%), Skills: Coward, Pyromaniac
Celaray, Level: 3, Rank: 1, Gender: Male, HP IV: 12(0%), ATK IV: 4(0%), DEF IV: 50(0%), Work Speed: (0%), Skills: Diet Lover, Aggressive
Celaray, Level: 3, Rank: 1, Gender: Male, HP IV: 18(0%), ATK IV: 84(0%), DEF IV: 90(0%), Work Speed: (0%), Skills: Hard Skin
Celaray, Level: 3, Rank: 1, Gender: Male, HP IV: 58(0%), ATK IV: 13(0%), DEF IV: 45(0%), Work Speed: (0%)
Celaray, Level: 4, Rank: 1, Gender: Female, HP IV: 41(0%), ATK IV: 3(0%), DEF IV: 100(0%), Work Speed: (0%), Skills: Downtrodden
Celaray, Level: 4, Rank: 1, Gender: Male, HP IV: 41(0%), ATK IV: 67(0%), DEF IV: 45(0%), Work Speed: (0%), Skills: Logging Foreman
Chikipi, Level: 1, Rank: 1, Gender: Male, HP IV: 30(0%), ATK IV: 49(0%), DEF IV: 4(0%), Work Speed: (0%), Skills: Runner
Chikipi, Level: 12, Rank: 1, Gender: Female, HP IV: 84(0%), ATK IV: 67(0%), DEF IV: 13(0%), Work Speed: (0%), Skills: Sadist
Chikipi, Level: 2, Rank: 1, Gender: Female, HP IV: 19(0%), ATK IV: 74(0%), DEF IV: 89(0%), Work Speed: (0%), Skills: Dragonkiller
Chikipi, Level: 2, Rank: 1, Gender: Female, HP IV: 47(0%), ATK IV: 81(0%), DEF IV: 29(0%), Work Speed: (0%), Skills: Glutton, Mine Foreman, Musclehead
Cremis, Level: 3, Rank: 1, Gender: Male, HP IV: 6(0%), ATK IV: 15(0%), DEF IV: 9(0%), Work Speed: (0%), Skills: Glutton
Cremis, Level: 4, Rank: 1, Gender: Female, HP IV: 38(0%), ATK IV: 40(0%), DEF IV: 74(0%), Work Speed: (0%), Skills: Impatient
Eikthyrdeer, Level: 10, Rank: 1, Gender: Female, HP IV: 40(0%), ATK IV: 11(0%), DEF IV: 74(0%), Work Speed: (0%), Skills: Coldblooded
Eikthyrdeer, Level: 10, Rank: 1, Gender: Male, HP IV: 27(0%), ATK IV: 52(0%), DEF IV: 96(0%), Work Speed: (0%), Skills: Ferocious, Impatient, Waterproof
Foxparks, Level: 6, Rank: 1, Gender: Female, HP IV: 66(0%), ATK IV: 18(0%), DEF IV: 6(0%), Work Speed: (0%), Skills: Fragrant Foliage, Pyromaniac
Fuack, Level: 5, Rank: 1, Gender: Male, HP IV: 63(0%), ATK IV: 77(0%), DEF IV: 43(0%), Work Speed: (0%), Skills: Runner
Gumoss, Level: 2, Rank: 1, Gender: Male, HP IV: 92(0%), ATK IV: 6(0%), DEF IV: 78(0%), Work Speed: (0%), Skills: Unstable
Gumoss, Level: 3, Rank: 1, Gender: Female, HP IV: 43(0%), ATK IV: 89(0%), DEF IV: 41(0%), Work Speed: (0%), Skills: Fragrant Foliage
Lamball, Level: 1, Rank: 1, Gender: Female, HP IV: 52(0%), ATK IV: 83(0%), DEF IV: 20(0%), Work Speed: (0%)
Lamball, Level: 1, Rank: 1, Gender: Male, HP IV: 93(0%), ATK IV: 52(0%), DEF IV: 30(0%), Work Speed: (0%), Skills: Fragrant Foliage
Lamball, Level: 12, Rank: 1, Gender: Female, HP IV: 75(0%), ATK IV: 65(0%), DEF IV: 69(0%), Work Speed: (0%), Skills: Slacker
Lamball, Level: 12, Rank: 1, Gender: Female, HP IV: 99(0%), ATK IV: 84(0%), DEF IV: 95(0%), Work Speed: (0%), Skills: Mine Foreman
Lamball, Level: 12, Rank: 1, Gender: Male, HP IV: 42(0%), ATK IV: 69(0%), DEF IV: 93(0%), Work Speed: (0%), Skills: Dragonkiller
Lamball, Level: 2, Rank: 1, Gender: Female, HP IV: 15(0%), ATK IV: 92(0%), DEF IV: 20(0%), Work Speed: (0%)
Lamball, Level: 2, Rank: 1, Gender: Male, HP IV: 25(0%), ATK IV: 50(0%), DEF IV: 100(0%), Work Speed: (0%), Skills: Burly Body
Lamball, Level: 2, Rank: 1, Gender: Male, HP IV: 44(0%), ATK IV: 57(0%), DEF IV: 6(0%), Work Speed: (0%), Skills: Diet Lover
Lamball, Level: 2, Rank: 1, Gender: Male, HP IV: 93(0%), ATK IV: 71(0%), DEF IV: 53(0%), Work Speed: (0%), Skills: Power of Gaia
Lamball, Level: 3, Rank: 1, Gender: Male, HP IV: 23(0%), ATK IV: 51(0%), DEF IV: 37(0%), Work Speed: (0%)
Lamball, Level: 4, Rank: 1, Gender: Male, HP IV: 68(0%), ATK IV: 20(0%), DEF IV: 48(0%), Work Speed: (0%), Skills: Ferocious
Lifmunk, Level: 4, Rank: 1, Gender: Female, HP IV: 83(0%), ATK IV: 95(0%), DEF IV: 62(0%), Work Speed: (0%), Skills: Runner
Melpaca, Level: 10, Rank: 1, Gender: Female, HP IV: 14(0%), ATK IV: 17(0%), DEF IV: 63(0%), Work Speed: (0%), Skills: Coward
Tanzee, Level: 11, Rank: 1, Gender: Female, HP IV: 96(0%), ATK IV: 16(0%), DEF IV: 14(0%), Work Speed: (0%), Skills: Serenity
Tanzee, Level: 3, Rank: 1, Gender: Female, HP IV: 55(0%), ATK IV: 31(0%), DEF IV: 25(0%), Work Speed: (0%), Skills: Clumsy
Tanzee, Level: 4, Rank: 1, Gender: Male, HP IV: 2(0%), ATK IV: 96(0%), DEF IV: 59(0%), Work Speed: (0%), Skills: Shabby
Teafant, Level: 1, Rank: 1, Gender: Female, HP IV: 10(0%), ATK IV: 73(0%), DEF IV: 81(0%), Work Speed: (0%), Skills: Mercy hit
Teafant, Level: 1, Rank: 1, Gender: Male, HP IV: 67(0%), ATK IV: 15(0%), DEF IV: 47(0%), Work Speed: (0%), Skills: Blood of the Dragon
Teafant, Level: 2, Rank: 1, Gender: Female, HP IV: 30(0%), ATK IV: 93(0%), DEF IV: 97(0%), Work Speed: (0%), Skills: Work Slave
Teafant, Level: 2, Rank: 1, Gender: Female, HP IV: 54(0%), ATK IV: 75(0%), DEF IV: 58(0%), Work Speed: (0%), Skills: Infinite Stamina, Bottomless Stomach
Teafant, Level: 2, Rank: 1, Gender: Female, HP IV: 57(0%), ATK IV: 73(0%), DEF IV: 40(0%), Work Speed: (0%), Skills: Nocturnal
Teafant, Level: 3, Rank: 1, Gender: Female, HP IV: 54(0%), ATK IV: 57(0%), DEF IV: 32(0%), Work Speed: (0%), Skills: Positive Thinker
Teafant, Level: 4, Rank: 1, Gender: Male, HP IV: 92(0%), ATK IV: 3(0%), DEF IV: 100(0%), Work Speed: (0%), Skills: Burly Body
thic's 49 Pals
--------------
Cattiva, Level: 2, Rank: 1, Gender: Female, HP IV: 94(0%), ATK IV: 6(0%), DEF IV: 83(0%), Work Speed: (0%), Skills: Coward, Pyromaniac
Cattiva, Level: 2, Rank: 1, Gender: Male, HP IV: 55(0%), ATK IV: 99(0%), DEF IV: 23(0%), Work Speed: (0%), Skills: Coward, Dainty Eater
Cattiva, Level: 3, Rank: 1, Gender: Female, HP IV: 53(0%), ATK IV: 36(0%), DEF IV: 39(0%), Work Speed: (0%), Skills: Coward, Artisan
Cattiva, Level: 3, Rank: 1, Gender: Female, HP IV: 69(0%), ATK IV: 79(0%), DEF IV: 51(0%), Work Speed: (0%), Skills: Coward, Logging Foreman
Cattiva, Level: 3, Rank: 1, Gender: Female, HP IV: 72(0%), ATK IV: 67(0%), DEF IV: 68(0%), Work Speed: (0%), Skills: Coward, Noble
Cattiva, Level: 3, Rank: 1, Gender: Female, HP IV: 79(0%), ATK IV: 26(0%), DEF IV: 74(0%), Work Speed: (0%), Skills: Coward, Positive Thinker
Cattiva, Level: 4, Rank: 1, Gender: Female, HP IV: 59(0%), ATK IV: 96(0%), DEF IV: 44(0%), Work Speed: (0%), Skills: Coward, Vanguard
Cattiva, Level: 5, Rank: 1, Gender: Male, HP IV: 16(0%), ATK IV: 80(0%), DEF IV: 8(0%), Work Speed: (0%), Skills: Coward, Sadist
Cattiva, Level: 5, Rank: 1, Gender: Male, HP IV: 18(0%), ATK IV: 87(0%), DEF IV: 37(0%), Work Speed: (0%), Skills: Coward, Pyromaniac
Celaray, Level: 3, Rank: 1, Gender: Male, HP IV: 12(0%), ATK IV: 4(0%), DEF IV: 50(0%), Work Speed: (0%), Skills: Diet Lover, Aggressive
Celaray, Level: 3, Rank: 1, Gender: Male, HP IV: 18(0%), ATK IV: 84(0%), DEF IV: 90(0%), Work Speed: (0%), Skills: Hard Skin
Celaray, Level: 3, Rank: 1, Gender: Male, HP IV: 58(0%), ATK IV: 13(0%), DEF IV: 45(0%), Work Speed: (0%)
Celaray, Level: 4, Rank: 1, Gender: Female, HP IV: 41(0%), ATK IV: 3(0%), DEF IV: 100(0%), Work Speed: (0%), Skills: Downtrodden
Celaray, Level: 4, Rank: 1, Gender: Male, HP IV: 41(0%), ATK IV: 67(0%), DEF IV: 45(0%), Work Speed: (0%), Skills: Logging Foreman
Chikipi, Level: 1, Rank: 1, Gender: Male, HP IV: 30(0%), ATK IV: 49(0%), DEF IV: 4(0%), Work Speed: (0%), Skills: Runner
Chikipi, Level: 12, Rank: 1, Gender: Female, HP IV: 84(0%), ATK IV: 67(0%), DEF IV: 13(0%), Work Speed: (0%), Skills: Sadist
Chikipi, Level: 2, Rank: 1, Gender: Female, HP IV: 19(0%), ATK IV: 74(0%), DEF IV: 89(0%), Work Speed: (0%), Skills: Dragonkiller
Chikipi, Level: 2, Rank: 1, Gender: Female, HP IV: 47(0%), ATK IV: 81(0%), DEF IV: 29(0%), Work Speed: (0%), Skills: Glutton, Mine Foreman, Musclehead
Cremis, Level: 3, Rank: 1, Gender: Male, HP IV: 6(0%), ATK IV: 15(0%), DEF IV: 9(0%), Work Speed: (0%), Skills: Glutton
Cremis, Level: 4, Rank: 1, Gender: Female, HP IV: 38(0%), ATK IV: 40(0%), DEF IV: 74(0%), Work Speed: (0%), Skills: Impatient
Eikthyrdeer, Level: 10, Rank: 1, Gender: Female, HP IV: 40(0%), ATK IV: 11(0%), DEF IV: 74(0%), Work Speed: (0%), Skills: Coldblooded
Eikthyrdeer, Level: 10, Rank: 1, Gender: Male, HP IV: 27(0%), ATK IV: 52(0%), DEF IV: 96(0%), Work Speed: (0%), Skills: Ferocious, Impatient, Waterproof
Foxparks, Level: 6, Rank: 1, Gender: Female, HP IV: 66(0%), ATK IV: 18(0%), DEF IV: 6(0%), Work Speed: (0%), Skills: Fragrant Foliage, Pyromaniac
Fuack, Level: 5, Rank: 1, Gender: Male, HP IV: 63(0%), ATK IV: 77(0%), DEF IV: 43(0%), Work Speed: (0%), Skills: Runner
Gumoss, Level: 2, Rank: 1, Gender: Male, HP IV: 92(0%), ATK IV: 6(0%), DEF IV: 78(0%), Work Speed: (0%), Skills: Unstable
Gumoss, Level: 3, Rank: 1, Gender: Female, HP IV: 43(0%), ATK IV: 89(0%), DEF IV: 41(0%), Work Speed: (0%), Skills: Fragrant Foliage
Lamball, Level: 1, Rank: 1, Gender: Female, HP IV: 52(0%), ATK IV: 83(0%), DEF IV: 20(0%), Work Speed: (0%)
Lamball, Level: 1, Rank: 1, Gender: Male, HP IV: 93(0%), ATK IV: 52(0%), DEF IV: 30(0%), Work Speed: (0%), Skills: Fragrant Foliage
Lamball, Level: 12, Rank: 1, Gender: Female, HP IV: 75(0%), ATK IV: 65(0%), DEF IV: 69(0%), Work Speed: (0%), Skills: Slacker
Lamball, Level: 12, Rank: 1, Gender: Female, HP IV: 99(0%), ATK IV: 84(0%), DEF IV: 95(0%), Work Speed: (0%), Skills: Mine Foreman
Lamball, Level: 12, Rank: 1, Gender: Male, HP IV: 42(0%), ATK IV: 69(0%), DEF IV: 93(0%), Work Speed: (0%), Skills: Dragonkiller
Lamball, Level: 2, Rank: 1, Gender: Female, HP IV: 15(0%), ATK IV: 92(0%), DEF IV: 20(0%), Work Speed: (0%)
Lamball, Level: 2, Rank: 1, Gender: Male, HP IV: 25(0%), ATK IV: 50(0%), DEF IV: 100(0%), Work Speed: (0%), Skills: Burly Body
Lamball, Level: 2, Rank: 1, Gender: Male, HP IV: 44(0%), ATK IV: 57(0%), DEF IV: 6(0%), Work Speed: (0%), Skills: Diet Lover
Lamball, Level: 2, Rank: 1, Gender: Male, HP IV: 93(0%), ATK IV: 71(0%), DEF IV: 53(0%), Work Speed: (0%), Skills: Power of Gaia
Lamball, Level: 3, Rank: 1, Gender: Male, HP IV: 23(0%), ATK IV: 51(0%), DEF IV: 37(0%), Work Speed: (0%)
Lamball, Level: 4, Rank: 1, Gender: Male, HP IV: 68(0%), ATK IV: 20(0%), DEF IV: 48(0%), Work Speed: (0%), Skills: Ferocious
Lifmunk, Level: 4, Rank: 1, Gender: Female, HP IV: 83(0%), ATK IV: 95(0%), DEF IV: 62(0%), Work Speed: (0%), Skills: Runner
Melpaca, Level: 10, Rank: 1, Gender: Female, HP IV: 14(0%), ATK IV: 17(0%), DEF IV: 63(0%), Work Speed: (0%), Skills: Coward
Tanzee, Level: 11, Rank: 1, Gender: Female, HP IV: 96(0%), ATK IV: 16(0%), DEF IV: 14(0%), Work Speed: (0%), Skills: Serenity
Tanzee, Level: 3, Rank: 1, Gender: Female, HP IV: 55(0%), ATK IV: 31(0%), DEF IV: 25(0%), Work Speed: (0%), Skills: Clumsy
Tanzee, Level: 4, Rank: 1, Gender: Male, HP IV: 2(0%), ATK IV: 96(0%), DEF IV: 59(0%), Work Speed: (0%), Skills: Shabby
Teafant, Level: 1, Rank: 1, Gender: Female, HP IV: 10(0%), ATK IV: 73(0%), DEF IV: 81(0%), Work Speed: (0%), Skills: Mercy hit
Teafant, Level: 1, Rank: 1, Gender: Male, HP IV: 67(0%), ATK IV: 15(0%), DEF IV: 47(0%), Work Speed: (0%), Skills: Blood of the Dragon
Teafant, Level: 2, Rank: 1, Gender: Female, HP IV: 30(0%), ATK IV: 93(0%), DEF IV: 97(0%), Work Speed: (0%), Skills: Work Slave
Teafant, Level: 2, Rank: 1, Gender: Female, HP IV: 54(0%), ATK IV: 75(0%), DEF IV: 58(0%), Work Speed: (0%), Skills: Infinite Stamina, Bottomless Stomach
Teafant, Level: 2, Rank: 1, Gender: Female, HP IV: 57(0%), ATK IV: 73(0%), DEF IV: 40(0%), Work Speed: (0%), Skills: Nocturnal
Teafant, Level: 3, Rank: 1, Gender: Female, HP IV: 54(0%), ATK IV: 57(0%), DEF IV: 32(0%), Work Speed: (0%), Skills: Positive Thinker
Teafant, Level: 4, Rank: 1, Gender: Male, HP IV: 92(0%), ATK IV: 3(0%), DEF IV: 100(0%), Work Speed: (0%), Skills: Burly Body
thic's 49 Pals
--------------
Cattiva, Level: 2, Rank: 1, Gender: Female, HP IV: 94(0%), ATK IV: 6(0%), DEF IV: 83(0%), Work Speed: (0%), Skills: Coward, Pyromaniac
Cattiva, Level: 2, Rank: 1, Gender: Male, HP IV: 55(0%), ATK IV: 99(0%), DEF IV: 23(0%), Work Speed: (0%), Skills: Coward, Dainty Eater
Cattiva, Level: 3, Rank: 1, Gender: Female, HP IV: 53(0%), ATK IV: 36(0%), DEF IV: 39(0%), Work Speed: (0%), Skills: Coward, Artisan
Cattiva, Level: 3, Rank: 1, Gender: Female, HP IV: 69(0%), ATK IV: 79(0%), DEF IV: 51(0%), Work Speed: (0%), Skills: Coward, Logging Foreman
Cattiva, Level: 3, Rank: 1, Gender: Female, HP IV: 72(0%), ATK IV: 67(0%), DEF IV: 68(0%), Work Speed: (0%), Skills: Coward, Noble
Cattiva, Level: 3, Rank: 1, Gender: Female, HP IV: 79(0%), ATK IV: 26(0%), DEF IV: 74(0%), Work Speed: (0%), Skills: Coward, Positive Thinker
Cattiva, Level: 4, Rank: 1, Gender: Female, HP IV: 59(0%), ATK IV: 96(0%), DEF IV: 44(0%), Work Speed: (0%), Skills: Coward, Vanguard
Cattiva, Level: 5, Rank: 1, Gender: Male, HP IV: 16(0%), ATK IV: 80(0%), DEF IV: 8(0%), Work Speed: (0%), Skills: Coward, Sadist
Cattiva, Level: 5, Rank: 1, Gender: Male, HP IV: 18(0%), ATK IV: 87(0%), DEF IV: 37(0%), Work Speed: (0%), Skills: Coward, Pyromaniac
Celaray, Level: 3, Rank: 1, Gender: Male, HP IV: 12(0%), ATK IV: 4(0%), DEF IV: 50(0%), Work Speed: (0%), Skills: Diet Lover, Aggressive
Celaray, Level: 3, Rank: 1, Gender: Male, HP IV: 18(0%), ATK IV: 84(0%), DEF IV: 90(0%), Work Speed: (0%), Skills: Hard Skin
Celaray, Level: 3, Rank: 1, Gender: Male, HP IV: 58(0%), ATK IV: 13(0%), DEF IV: 45(0%), Work Speed: (0%)
Celaray, Level: 4, Rank: 1, Gender: Female, HP IV: 41(0%), ATK IV: 3(0%), DEF IV: 100(0%), Work Speed: (0%), Skills: Downtrodden
Celaray, Level: 4, Rank: 1, Gender: Male, HP IV: 41(0%), ATK IV: 67(0%), DEF IV: 45(0%), Work Speed: (0%), Skills: Logging Foreman
Chikipi, Level: 1, Rank: 1, Gender: Male, HP IV: 30(0%), ATK IV: 49(0%), DEF IV: 4(0%), Work Speed: (0%), Skills: Runner
Chikipi, Level: 12, Rank: 1, Gender: Female, HP IV: 84(0%), ATK IV: 67(0%), DEF IV: 13(0%), Work Speed: (0%), Skills: Sadist
Chikipi, Level: 2, Rank: 1, Gender: Female, HP IV: 19(0%), ATK IV: 74(0%), DEF IV: 89(0%), Work Speed: (0%), Skills: Dragonkiller
Chikipi, Level: 2, Rank: 1, Gender: Female, HP IV: 47(0%), ATK IV: 81(0%), DEF IV: 29(0%), Work Speed: (0%), Skills: Glutton, Mine Foreman, Musclehead
Cremis, Level: 3, Rank: 1, Gender: Male, HP IV: 6(0%), ATK IV: 15(0%), DEF IV: 9(0%), Work Speed: (0%), Skills: Glutton
Cremis, Level: 4, Rank: 1, Gender: Female, HP IV: 38(0%), ATK IV: 40(0%), DEF IV: 74(0%), Work Speed: (0%), Skills: Impatient
Eikthyrdeer, Level: 10, Rank: 1, Gender: Female, HP IV: 40(0%), ATK IV: 11(0%), DEF IV: 74(0%), Work Speed: (0%), Skills: Coldblooded
Eikthyrdeer, Level: 10, Rank: 1, Gender: Male, HP IV: 27(0%), ATK IV: 52(0%), DEF IV: 96(0%), Work Speed: (0%), Skills: Ferocious, Impatient, Waterproof
Foxparks, Level: 6, Rank: 1, Gender: Female, HP IV: 66(0%), ATK IV: 18(0%), DEF IV: 6(0%), Work Speed: (0%), Skills: Fragrant Foliage, Pyromaniac
Fuack, Level: 5, Rank: 1, Gender: Male, HP IV: 63(0%), ATK IV: 77(0%), DEF IV: 43(0%), Work Speed: (0%), Skills: Runner
Gumoss, Level: 2, Rank: 1, Gender: Male, HP IV: 92(0%), ATK IV: 6(0%), DEF IV: 78(0%), Work Speed: (0%), Skills: Unstable
Gumoss, Level: 3, Rank: 1, Gender: Female, HP IV: 43(0%), ATK IV: 89(0%), DEF IV: 41(0%), Work Speed: (0%), Skills: Fragrant Foliage
Lamball, Level: 1, Rank: 1, Gender: Female, HP IV: 52(0%), ATK IV: 83(0%), DEF IV: 20(0%), Work Speed: (0%)
Lamball, Level: 1, Rank: 1, Gender: Male, HP IV: 93(0%), ATK IV: 52(0%), DEF IV: 30(0%), Work Speed: (0%), Skills: Fragrant Foliage
Lamball, Level: 12, Rank: 1, Gender: Female, HP IV: 75(0%), ATK IV: 65(0%), DEF IV: 69(0%), Work Speed: (0%), Skills: Slacker
Lamball, Level: 12, Rank: 1, Gender: Female, HP IV: 99(0%), ATK IV: 84(0%), DEF IV: 95(0%), Work Speed: (0%), Skills: Mine Foreman
Lamball, Level: 12, Rank: 1, Gender: Male, HP IV: 42(0%), ATK IV: 69(0%), DEF IV: 93(0%), Work Speed: (0%), Skills: Dragonkiller
Lamball, Level: 2, Rank: 1, Gender: Female, HP IV: 15(0%), ATK IV: 92(0%), DEF IV: 20(0%), Work Speed: (0%)
Lamball, Level: 2, Rank: 1, Gender: Male, HP IV: 25(0%), ATK IV: 50(0%), DEF IV: 100(0%), Work Speed: (0%), Skills: Burly Body
Lamball, Level: 2, Rank: 1, Gender: Male, HP IV: 44(0%), ATK IV: 57(0%), DEF IV: 6(0%), Work Speed: (0%), Skills: Diet Lover
Lamball, Level: 2, Rank: 1, Gender: Male, HP IV: 93(0%), ATK IV: 71(0%), DEF IV: 53(0%), Work Speed: (0%), Skills: Power of Gaia
Lamball, Level: 3, Rank: 1, Gender: Male, HP IV: 23(0%), ATK IV: 51(0%), DEF IV: 37(0%), Work Speed: (0%)
Lamball, Level: 4, Rank: 1, Gender: Male, HP IV: 68(0%), ATK IV: 20(0%), DEF IV: 48(0%), Work Speed: (0%), Skills: Ferocious
Lifmunk, Level: 4, Rank: 1, Gender: Female, HP IV: 83(0%), ATK IV: 95(0%), DEF IV: 62(0%), Work Speed: (0%), Skills: Runner
Melpaca, Level: 10, Rank: 1, Gender: Female, HP IV: 14(0%), ATK IV: 17(0%), DEF IV: 63(0%), Work Speed: (0%), Skills: Coward
Tanzee, Level: 11, Rank: 1, Gender: Female, HP IV: 96(0%), ATK IV: 16(0%), DEF IV: 14(0%), Work Speed: (0%), Skills: Serenity
Tanzee, Level: 3, Rank: 1, Gender: Female, HP IV: 55(0%), ATK IV: 31(0%), DEF IV: 25(0%), Work Speed: (0%), Skills: Clumsy
Tanzee, Level: 4, Rank: 1, Gender: Male, HP IV: 2(0%), ATK IV: 96(0%), DEF IV: 59(0%), Work Speed: (0%), Skills: Shabby
Teafant, Level: 1, Rank: 1, Gender: Female, HP IV: 10(0%), ATK IV: 73(0%), DEF IV: 81(0%), Work Speed: (0%), Skills: Mercy hit
Teafant, Level: 1, Rank: 1, Gender: Male, HP IV: 67(0%), ATK IV: 15(0%), DEF IV: 47(0%), Work Speed: (0%), Skills: Blood of the Dragon
Teafant, Level: 2, Rank: 1, Gender: Female, HP IV: 30(0%), ATK IV: 93(0%), DEF IV: 97(0%), Work Speed: (0%), Skills: Work Slave
Teafant, Level: 2, Rank: 1, Gender: Female, HP IV: 54(0%), ATK IV: 75(0%), DEF IV: 58(0%), Work Speed: (0%), Skills: Infinite Stamina, Bottomless Stomach
Teafant, Level: 2, Rank: 1, Gender: Female, HP IV: 57(0%), ATK IV: 73(0%), DEF IV: 40(0%), Work Speed: (0%), Skills: Nocturnal
Teafant, Level: 3, Rank: 1, Gender: Female, HP IV: 54(0%), ATK IV: 57(0%), DEF IV: 32(0%), Work Speed: (0%), Skills: Positive Thinker
Teafant, Level: 4, Rank: 1, Gender: Male, HP IV: 92(0%), ATK IV: 3(0%), DEF IV: 100(0%), Work Speed: (0%), Skills: Burly Body
thic's 49 Pals
--------------
Cattiva, Level: 2, Rank: 1, Gender: Female, HP IV: 94(0%), ATK IV: 6(0%), DEF IV: 83(0%), Work Speed: (0%), Skills: Coward, Pyromaniac
Cattiva, Level: 2, Rank: 1, Gender: Male, HP IV: 55(0%), ATK IV: 99(0%), DEF IV: 23(0%), Work Speed: (0%), Skills: Coward, Dainty Eater
Cattiva, Level: 3, Rank: 1, Gender: Female, HP IV: 53(0%), ATK IV: 36(0%), DEF IV: 39(0%), Work Speed: (0%), Skills: Coward, Artisan
Cattiva, Level: 3, Rank: 1, Gender: Female, HP IV: 69(0%), ATK IV: 79(0%), DEF IV: 51(0%), Work Speed: (0%), Skills: Coward, Logging Foreman
Cattiva, Level: 3, Rank: 1, Gender: Female, HP IV: 72(0%), ATK IV: 67(0%), DEF IV: 68(0%), Work Speed: (0%), Skills: Coward, Noble
Cattiva, Level: 3, Rank: 1, Gender: Female, HP IV: 79(0%), ATK IV: 26(0%), DEF IV: 74(0%), Work Speed: (0%), Skills: Coward, Positive Thinker
Cattiva, Level: 4, Rank: 1, Gender: Female, HP IV: 59(0%), ATK IV: 96(0%), DEF IV: 44(0%), Work Speed: (0%), Skills: Coward, Vanguard
Cattiva, Level: 5, Rank: 1, Gender: Male, HP IV: 16(0%), ATK IV: 80(0%), DEF IV: 8(0%), Work Speed: (0%), Skills: Coward, Sadist
Cattiva, Level: 5, Rank: 1, Gender: Male, HP IV: 18(0%), ATK IV: 87(0%), DEF IV: 37(0%), Work Speed: (0%), Skills: Coward, Pyromaniac
Celaray, Level: 3, Rank: 1, Gender: Male, HP IV: 12(0%), ATK IV: 4(0%), DEF IV: 50(0%), Work Speed: (0%), Skills: Diet Lover, Aggressive
Celaray, Level: 3, Rank: 1, Gender: Male, HP IV: 18(0%), ATK IV: 84(0%), DEF IV: 90(0%), Work Speed: (0%), Skills: Hard Skin
Celaray, Level: 3, Rank: 1, Gender: Male, HP IV: 58(0%), ATK IV: 13(0%), DEF IV: 45(0%), Work Speed: (0%)
Celaray, Level: 4, Rank: 1, Gender: Female, HP IV: 41(0%), ATK IV: 3(0%), DEF IV: 100(0%), Work Speed: (0%), Skills: Downtrodden
Celaray, Level: 4, Rank: 1, Gender: Male, HP IV: 41(0%), ATK IV: 67(0%), DEF IV: 45(0%), Work Speed: (0%), Skills: Logging Foreman
Chikipi, Level: 1, Rank: 1, Gender: Male, HP IV: 30(0%), ATK IV: 49(0%), DEF IV: 4(0%), Work Speed: (0%), Skills: Runner
Chikipi, Level: 12, Rank: 1, Gender: Female, HP IV: 84(0%), ATK IV: 67(0%), DEF IV: 13(0%), Work Speed: (0%), Skills: Sadist
Chikipi, Level: 2, Rank: 1, Gender: Female, HP IV: 19(0%), ATK IV: 74(0%), DEF IV: 89(0%), Work Speed: (0%), Skills: Dragonkiller
Chikipi, Level: 2, Rank: 1, Gender: Female, HP IV: 47(0%), ATK IV: 81(0%), DEF IV: 29(0%), Work Speed: (0%), Skills: Glutton, Mine Foreman, Musclehead
Cremis, Level: 3, Rank: 1, Gender: Male, HP IV: 6(0%), ATK IV: 15(0%), DEF IV: 9(0%), Work Speed: (0%), Skills: Glutton
Cremis, Level: 4, Rank: 1, Gender: Female, HP IV: 38(0%), ATK IV: 40(0%), DEF IV: 74(0%), Work Speed: (0%), Skills: Impatient
Eikthyrdeer, Level: 10, Rank: 1, Gender: Female, HP IV: 40(0%), ATK IV: 11(0%), DEF IV: 74(0%), Work Speed: (0%), Skills: Coldblooded
Eikthyrdeer, Level: 10, Rank: 1, Gender: Male, HP IV: 27(0%), ATK IV: 52(0%), DEF IV: 96(0%), Work Speed: (0%), Skills: Ferocious, Impatient, Waterproof
Foxparks, Level: 6, Rank: 1, Gender: Female, HP IV: 66(0%), ATK IV: 18(0%), DEF IV: 6(0%), Work Speed: (0%), Skills: Fragrant Foliage, Pyromaniac
Fuack, Level: 5, Rank: 1, Gender: Male, HP IV: 63(0%), ATK IV: 77(0%), DEF IV: 43(0%), Work Speed: (0%), Skills: Runner
Gumoss, Level: 2, Rank: 1, Gender: Male, HP IV: 92(0%), ATK IV: 6(0%), DEF IV: 78(0%), Work Speed: (0%), Skills: Unstable
Gumoss, Level: 3, Rank: 1, Gender: Female, HP IV: 43(0%), ATK IV: 89(0%), DEF IV: 41(0%), Work Speed: (0%), Skills: Fragrant Foliage
Lamball, Level: 1, Rank: 1, Gender: Female, HP IV: 52(0%), ATK IV: 83(0%), DEF IV: 20(0%), Work Speed: (0%)
Lamball, Level: 1, Rank: 1, Gender: Male, HP IV: 93(0%), ATK IV: 52(0%), DEF IV: 30(0%), Work Speed: (0%), Skills: Fragrant Foliage
Lamball, Level: 12, Rank: 1, Gender: Female, HP IV: 75(0%), ATK IV: 65(0%), DEF IV: 69(0%), Work Speed: (0%), Skills: Slacker
Lamball, Level: 12, Rank: 1, Gender: Female, HP IV: 99(0%), ATK IV: 84(0%), DEF IV: 95(0%), Work Speed: (0%), Skills: Mine Foreman
Lamball, Level: 12, Rank: 1, Gender: Male, HP IV: 42(0%), ATK IV: 69(0%), DEF IV: 93(0%), Work Speed: (0%), Skills: Dragonkiller
Lamball, Level: 2, Rank: 1, Gender: Female, HP IV: 15(0%), ATK IV: 92(0%), DEF IV: 20(0%), Work Speed: (0%)
Lamball, Level: 2, Rank: 1, Gender: Male, HP IV: 25(0%), ATK IV: 50(0%), DEF IV: 100(0%), Work Speed: (0%), Skills: Burly Body
Lamball, Level: 2, Rank: 1, Gender: Male, HP IV: 44(0%), ATK IV: 57(0%), DEF IV: 6(0%), Work Speed: (0%), Skills: Diet Lover
Lamball, Level: 2, Rank: 1, Gender: Male, HP IV: 93(0%), ATK IV: 71(0%), DEF IV: 53(0%), Work Speed: (0%), Skills: Power of Gaia
Lamball, Level: 3, Rank: 1, Gender: Male, HP IV: 23(0%), ATK IV: 51(0%), DEF IV: 37(0%), Work Speed: (0%)
Lamball, Level: 4, Rank: 1, Gender: Male, HP IV: 68(0%), ATK IV: 20(0%), DEF IV: 48(0%), Work Speed: (0%), Skills: Ferocious
Lifmunk, Level: 4, Rank: 1, Gender: Female, HP IV: 83(0%), ATK IV: 95(0%), DEF IV: 62(0%), Work Speed: (0%), Skills: Runner
Melpaca, Level: 10, Rank: 1, Gender: Female, HP IV: 14(0%), ATK IV: 17(0%), DEF IV: 63(0%), Work Speed: (0%), Skills: Coward
Tanzee, Level: 11, Rank: 1, Gender: Female, HP IV: 96(0%), ATK IV: 16(0%), DEF IV: 14(0%), Work Speed: (0%), Skills: Serenity
Tanzee, Level: 3, Rank: 1, Gender: Female, HP IV: 55(0%), ATK IV: 31(0%), DEF IV: 25(0%), Work Speed: (0%), Skills: Clumsy
Tanzee, Level: 4, Rank: 1, Gender: Male, HP IV: 2(0%), ATK IV: 96(0%), DEF IV: 59(0%), Work Speed: (0%), Skills: Shabby
Teafant, Level: 1, Rank: 1, Gender: Female, HP IV: 10(0%), ATK IV: 73(0%), DEF IV: 81(0%), Work Speed: (0%), Skills: Mercy hit
Teafant, Level: 1, Rank: 1, Gender: Male, HP IV: 67(0%), ATK IV: 15(0%), DEF IV: 47(0%), Work Speed: (0%), Skills: Blood of the Dragon
Teafant, Level: 2, Rank: 1, Gender: Female, HP IV: 30(0%), ATK IV: 93(0%), DEF IV: 97(0%), Work Speed: (0%), Skills: Work Slave
Teafant, Level: 2, Rank: 1, Gender: Female, HP IV: 54(0%), ATK IV: 75(0%), DEF IV: 58(0%), Work Speed: (0%), Skills: Infinite Stamina, Bottomless Stomach
Teafant, Level: 2, Rank: 1, Gender: Female, HP IV: 57(0%), ATK IV: 73(0%), DEF IV: 40(0%), Work Speed: (0%), Skills: Nocturnal
Teafant, Level: 3, Rank: 1, Gender: Female, HP IV: 54(0%), ATK IV: 57(0%), DEF IV: 32(0%), Work Speed: (0%), Skills: Positive Thinker
Teafant, Level: 4, Rank: 1, Gender: Male, HP IV: 92(0%), ATK IV: 3(0%), DEF IV: 100(0%), Work Speed: (0%), Skills: Burly Body
