TimeGirl's 6 Pals
-----------------
Alpha Rooby, Level: 13, Rank: 1, Gender: Male, HP IV: 89(0%), ATK IV: 75(0%), DEF IV: 82(0%), Work Speed: (0%), Skills: Capacitor
Bellanoir Libero, Level: 22, Rank: 1, Gender: Female, HP IV: 24(0%), ATK IV: 58(0%), DEF IV: 9(0%), Work Speed: (0%), Skills: Siren of the Void, Hydromaniac
Blazamut Ryu, Level: 18, Rank: 1, Gender: Male, HP IV: 54(0%), ATK IV: 82(0%), DEF IV: 38(0%), Work Speed: (0%), Skills: Eternal Flame, Shabby
Daedream, Level: 8, Rank: 1, Gender: Male, HP IV: 80(0%), ATK IV: 1(0%), DEF IV: 67(0%), Work Speed: (0%), Skills: Pyromaniac
Lyleen, Level: 18, Rank: 1, Gender: Female, HP IV: 78(0%), ATK IV: 64(0%), DEF IV: 0(0%), Work Speed: (0%), Skills: Spirit Emperor, Sadist, Dragonkiller
Wumpo Botan, Level: 28, Rank: 1, Gender: Female, HP IV: 100(0%), ATK IV: 100(0%), DEF IV: 99(0%), Work Speed: (0%), Skills: Legend, Spirit Emperor
TimeGirl's 6 Pals
-----------------
Alpha Rooby, Level: 13, Rank: 1, Gender: Male, HP IV: 89(0%), ATK IV: 75(0%), DEF IV: 82(0%), Work Speed: (0%), Skills: Capacitor
Bellanoir Libero, Level: 22, Rank: 1, Gender: Female, HP IV: 24(0%), ATK IV: 58(0%), DEF IV: 9(0%), Work Speed: (0%), Skills: Siren of the Void, Hydromaniac
Blazamut Ryu, Level: 18, Rank: 1, Gender: Male, HP IV: 54(0%), ATK IV: 82(0%), DEF IV: 38(0%), Work Speed: (0%), Skills: Eternal Flame, Shabby
Daedream, Level: 8, Rank: 1, Gender: Male, HP IV: 80(0%), ATK IV: 1(0%), DEF IV: 67(0%), Work Speed: (0%), Skills: Pyromaniac
Lyleen, Level: 18, Rank: 1, Gender: Female, HP IV: 78(0%), ATK IV: 64(0%), DEF IV: 0(0%), Work Speed: (0%), Skills: Spirit Emperor, Sadist, Dragonkiller
Wumpo Botan, Level: 28, Rank: 1, Gender: Female, HP IV: 100(0%), ATK IV: 100(0%), DEF IV: 99(0%), Work Speed: (0%), Skills: Legend, Spirit Emperor
TimeGirl's 6 Pals
-----------------
Alpha Rooby, Level: 13, Rank: 1, Gender: Male, HP IV: 89(0%), ATK IV: 75(0%), DEF IV: 82(0%), Work Speed: (0%), Skills: Capacitor
Bellanoir Libero, Level: 22, Rank: 1, Gender: Female, HP IV: 24(0%), ATK IV: 58(0%), DEF IV: 9(0%), Work Speed: (0%), Skills: Siren of the Void, Hydromaniac
Blazamut Ryu, Level: 18, Rank: 1, Gender: Male, HP IV: 54(0%), ATK IV: 82(0%), DEF IV: 38(0%), Work Speed: (0%), Skills: Eternal Flame, Shabby
Daedream, Level: 8, Rank: 1, Gender: Male, HP IV: 80(0%), ATK IV: 1(0%), DEF IV: 67(0%), Work Speed: (0%), Skills: Pyromaniac
Lyleen, Level: 18, Rank: 1, Gender: Female, HP IV: 78(0%), ATK IV: 64(0%), DEF IV: 0(0%), Work Speed: (0%), Skills: Spirit Emperor, Sadist, Dragonkiller
Wumpo Botan, Level: 28, Rank: 1, Gender: Female, HP IV: 100(0%), ATK IV: 100(0%), DEF IV: 99(0%), Work Speed: (0%), Skills: Legend, Spirit Emperor
TimeGirl's 6 Pals
-----------------
Alpha Rooby, Level: 13, Rank: 1, Gender: Male, HP IV: 89(0%), ATK IV: 75(0%), DEF IV: 82(0%), Work Speed: (0%), Skills: Capacitor
Bellanoir Libero, Level: 22, Rank: 1, Gender: Female, HP IV: 24(0%), ATK IV: 58(0%), DEF IV: 9(0%), Work Speed: (0%), Skills: Siren of the Void, Hydromaniac
Blazamut Ryu, Level: 18, Rank: 1, Gender: Male, HP IV: 54(0%), ATK IV: 82(0%), DEF IV: 38(0%), Work Speed: (0%), Skills: Eternal Flame, Shabby
Daedream, Level: 8, Rank: 1, Gender: Male, HP IV: 80(0%), ATK IV: 1(0%), DEF IV: 67(0%), Work Speed: (0%), Skills: Pyromaniac
Lyleen, Level: 18, Rank: 1, Gender: Female, HP IV: 78(0%), ATK IV: 64(0%), DEF IV: 0(0%), Work Speed: (0%), Skills: Spirit Emperor, Sadist, Dragonkiller
Wumpo Botan, Level: 28, Rank: 1, Gender: Female, HP IV: 100(0%), ATK IV: 100(0%), DEF IV: 99(0%), Work Speed: (0%), Skills: Legend, Spirit Emperor
TimeGirl's 7 Pals
-----------------
Alpha Broncherry, Level: 23, Rank: 1, Gender: Female, HP IV: 85(0%), ATK IV: 77(0%), DEF IV: 51(0%), Work Speed: (0%), Skills: Nocturnal
Alpha Rooby, Level: 13, Rank: 1, Gender: Male, HP IV: 89(0%), ATK IV: 75(0%), DEF IV: 82(0%), Work Speed: (0%), Skills: Capacitor
Bellanoir Libero, Level: 22, Rank: 1, Gender: Female, HP IV: 24(0%), ATK IV: 58(0%), DEF IV: 9(0%), Work Speed: (0%), Skills: Siren of the Void, Hydromaniac
Blazamut Ryu, Level: 19, Rank: 1, Gender: Male, HP IV: 54(0%), ATK IV: 82(0%), DEF IV: 38(0%), Work Speed: (0%), Skills: Eternal Flame, Shabby
Daedream, Level: 15, Rank: 1, Gender: Male, HP IV: 80(0%), ATK IV: 1(0%), DEF IV: 67(0%), Work Speed: (0%), Skills: Pyromaniac
Lyleen, Level: 18, Rank: 1, Gender: Female, HP IV: 78(0%), ATK IV: 64(0%), DEF IV: 0(0%), Work Speed: (0%), Skills: Spirit Emperor, Sadist, Dragonkiller
Wumpo Botan, Level: 28, Rank: 1, Gender: Female, HP IV: 100(0%), ATK IV: 100(0%), DEF IV: 99(0%), Work Speed: (0%), Skills: Legend, Spirit Emperor
TimeGirl's 7 Pals
-----------------
Alpha Broncherry, Level: 23, Rank: 1, Gender: Female, HP IV: 85(0%), ATK IV: 77(0%), DEF IV: 51(0%), Work Speed: (0%), Skills: Nocturnal
Alpha Rooby, Level: 13, Rank: 1, Gender: Male, HP IV: 89(0%), ATK IV: 75(0%), DEF IV: 82(0%), Work Speed: (0%), Skills: Capacitor
Bellanoir Libero, Level: 22, Rank: 1, Gender: Female, HP IV: 24(0%), ATK IV: 58(0%), DEF IV: 9(0%), Work Speed: (0%), Skills: Siren of the Void, Hydromaniac
Blazamut Ryu, Level: 19, Rank: 1, Gender: Male, HP IV: 54(0%), ATK IV: 82(0%), DEF IV: 38(0%), Work Speed: (0%), Skills: Eternal Flame, Shabby
Daedream, Level: 15, Rank: 1, Gender: Male, HP IV: 80(0%), ATK IV: 1(0%), DEF IV: 67(0%), Work Speed: (0%), Skills: Pyromaniac
Lyleen, Level: 18, Rank: 1, Gender: Female, HP IV: 78(0%), ATK IV: 64(0%), DEF IV: 0(0%), Work Speed: (0%), Skills: Spirit Emperor, Sadist, Dragonkiller
Wumpo Botan, Level: 28, Rank: 1, Gender: Female, HP IV: 100(0%), ATK IV: 100(0%), DEF IV: 99(0%), Work Speed: (0%), Skills: Legend, Spirit Emperor
TimeGirl's 7 Pals
-----------------
Alpha Broncherry, Level: 23, Rank: 1, Gender: Female, HP IV: 85(0%), ATK IV: 77(0%), DEF IV: 51(0%), Work Speed: (0%), Skills: Nocturnal
Alpha Rooby, Level: 13, Rank: 1, Gender: Male, HP IV: 89(0%), ATK IV: 75(0%), DEF IV: 82(0%), Work Speed: (0%), Skills: Capacitor
Bellanoir Libero, Level: 22, Rank: 1, Gender: Female, HP IV: 24(0%), ATK IV: 58(0%), DEF IV: 9(0%), Work Speed: (0%), Skills: Siren of the Void, Hydromaniac
Blazamut Ryu, Level: 19, Rank: 1, Gender: Male, HP IV: 54(0%), ATK IV: 82(0%), DEF IV: 38(0%), Work Speed: (0%), Skills: Eternal Flame, Shabby
Daedream, Level: 15, Rank: 1, Gender: Male, HP IV: 80(0%), ATK IV: 1(0%), DEF IV: 67(0%), Work Speed: (0%), Skills: Pyromaniac
Lyleen, Level: 18, Rank: 1, Gender: Female, HP IV: 78(0%), ATK IV: 64(0%), DEF IV: 0(0%), Work Speed: (0%), Skills: Spirit Emperor, Sadist, Dragonkiller
Wumpo Botan, Level: 28, Rank: 1, Gender: Female, HP IV: 100(0%), ATK IV: 100(0%), DEF IV: 99(0%), Work Speed: (0%), Skills: Legend, Spirit Emperor
TimeGirl's 9 Pals
-----------------
Alpha Broncherry, Level: 23, Rank: 1, Gender: Female, HP IV: 85(0%), ATK IV: 77(0%), DEF IV: 51(0%), Work Speed: (0%), Skills: Nocturnal
Alpha Rooby, Level: 13, Rank: 1, Gender: Male, HP IV: 89(0%), ATK IV: 75(0%), DEF IV: 82(0%), Work Speed: (0%), Skills: Capacitor
Bellanoir Libero, Level: 22, Rank: 1, Gender: Female, HP IV: 24(0%), ATK IV: 58(0%), DEF IV: 9(0%), Work Speed: (0%), Skills: Siren of the Void, Hydromaniac
Blazamut Ryu, Level: 19, Rank: 1, Gender: Male, HP IV: 54(0%), ATK IV: 82(0%), DEF IV: 38(0%), Work Speed: (0%), Skills: Eternal Flame, Shabby
Daedream, Level: 15, Rank: 1, Gender: Male, HP IV: 80(0%), ATK IV: 1(0%), DEF IV: 67(0%), Work Speed: (0%), Skills: Pyromaniac
Lyleen, Level: 18, Rank: 1, Gender: Female, HP IV: 78(0%), ATK IV: 64(0%), DEF IV: 0(0%), Work Speed: (0%), Skills: Spirit Emperor, Sadist, Dragonkiller
Vanwyrm, Level: 32, Rank: 1, Gender: Female, HP IV: 99(0%), ATK IV: 5(0%), DEF IV: 75(0%), Work Speed: (0%), Skills: Suntan Lover, Brittle
Wixen, Level: 25, Rank: 1, Gender: Male, HP IV: 41(0%), ATK IV: 4(0%), DEF IV: 49(0%), Work Speed: (0%), Skills: Mercy hit
Wumpo Botan, Level: 28, Rank: 1, Gender: Female, HP IV: 100(0%), ATK IV: 100(0%), DEF IV: 99(0%), Work Speed: (0%), Skills: Legend, Spirit Emperor
TimeGirl's 9 Pals
-----------------
Alpha Broncherry, Level: 23, Rank: 1, Gender: Female, HP IV: 85(0%), ATK IV: 77(0%), DEF IV: 51(0%), Work Speed: (0%), Skills: Nocturnal
Alpha Rooby, Level: 13, Rank: 1, Gender: Male, HP IV: 89(0%), ATK IV: 75(0%), DEF IV: 82(0%), Work Speed: (0%), Skills: Capacitor
Bellanoir Libero, Level: 22, Rank: 1, Gender: Female, HP IV: 24(0%), ATK IV: 58(0%), DEF IV: 9(0%), Work Speed: (0%), Skills: Siren of the Void, Hydromaniac
Blazamut Ryu, Level: 19, Rank: 1, Gender: Male, HP IV: 54(0%), ATK IV: 82(0%), DEF IV: 38(0%), Work Speed: (0%), Skills: Eternal Flame, Shabby
Daedream, Level: 15, Rank: 1, Gender: Male, HP IV: 80(0%), ATK IV: 1(0%), DEF IV: 67(0%), Work Speed: (0%), Skills: Pyromaniac
Lyleen, Level: 18, Rank: 1, Gender: Female, HP IV: 78(0%), ATK IV: 64(0%), DEF IV: 0(0%), Work Speed: (0%), Skills: Spirit Emperor, Sadist, Dragonkiller
Vanwyrm, Level: 32, Rank: 1, Gender: Female, HP IV: 99(0%), ATK IV: 5(0%), DEF IV: 75(0%), Work Speed: (0%), Skills: Suntan Lover, Brittle
Wixen, Level: 25, Rank: 1, Gender: Male, HP IV: 41(0%), ATK IV: 4(0%), DEF IV: 49(0%), Work Speed: (0%), Skills: Mercy hit
Wumpo Botan, Level: 28, Rank: 1, Gender: Female, HP IV: 100(0%), ATK IV: 100(0%), DEF IV: 99(0%), Work Speed: (0%), Skills: Legend, Spirit Emperor
TimeGirl's 9 Pals
-----------------
Alpha Broncherry, Level: 23, Rank: 1, Gender: Female, HP IV: 85(0%), ATK IV: 77(0%), DEF IV: 51(0%), Work Speed: (0%), Skills: Nocturnal
Alpha Rooby, Level: 13, Rank: 1, Gender: Male, HP IV: 89(0%), ATK IV: 75(0%), DEF IV: 82(0%), Work Speed: (0%), Skills: Capacitor
Bellanoir Libero, Level: 22, Rank: 1, Gender: Female, HP IV: 24(0%), ATK IV: 58(0%), DEF IV: 9(0%), Work Speed: (0%), Skills: Siren of the Void, Hydromaniac
Blazamut Ryu, Level: 19, Rank: 1, Gender: Male, HP IV: 54(0%), ATK IV: 82(0%), DEF IV: 38(0%), Work Speed: (0%), Skills: Eternal Flame, Shabby
Daedream, Level: 15, Rank: 1, Gender: Male, HP IV: 80(0%), ATK IV: 1(0%), DEF IV: 67(0%), Work Speed: (0%), Skills: Pyromaniac
Lyleen, Level: 18, Rank: 1, Gender: Female, HP IV: 78(0%), ATK IV: 64(0%), DEF IV: 0(0%), Work Speed: (0%), Skills: Spirit Emperor, Sadist, Dragonkiller
Vanwyrm, Level: 32, Rank: 1, Gender: Female, HP IV: 99(0%), ATK IV: 5(0%), DEF IV: 75(0%), Work Speed: (0%), Skills: Suntan Lover, Brittle
Wixen, Level: 25, Rank: 1, Gender: Male, HP IV: 41(0%), ATK IV: 4(0%), DEF IV: 49(0%), Work Speed: (0%), Skills: Mercy hit
Wumpo Botan, Level: 28, Rank: 1, Gender: Female, HP IV: 100(0%), ATK IV: 100(0%), DEF IV: 99(0%), Work Speed: (0%), Skills: Legend, Spirit Emperor
TimeGirl's 9 Pals
-----------------
Alpha Broncherry, Level: 23, Rank: 1, Gender: Female, HP IV: 85(0%), ATK IV: 77(0%), DEF IV: 51(0%), Work Speed: (0%), Skills: Nocturnal
Alpha Rooby, Level: 13, Rank: 1, Gender: Male, HP IV: 89(0%), ATK IV: 75(0%), DEF IV: 82(0%), Work Speed: (0%), Skills: Capacitor
Bellanoir Libero, Level: 22, Rank: 1, Gender: Female, HP IV: 24(0%), ATK IV: 58(0%), DEF IV: 9(0%), Work Speed: (0%), Skills: Siren of the Void, Hydromaniac
Blazamut Ryu, Level: 19, Rank: 1, Gender: Male, HP IV: 54(0%), ATK IV: 82(0%), DEF IV: 38(0%), Work Speed: (0%), Skills: Eternal Flame, Shabby
Daedream, Level: 15, Rank: 1, Gender: Male, HP IV: 80(0%), ATK IV: 1(0%), DEF IV: 67(0%), Work Speed: (0%), Skills: Pyromaniac
Lyleen, Level: 18, Rank: 1, Gender: Female, HP IV: 78(0%), ATK IV: 64(0%), DEF IV: 0(0%), Work Speed: (0%), Skills: Spirit Emperor, Sadist, Dragonkiller
Vanwyrm, Level: 32, Rank: 1, Gender: Female, HP IV: 99(0%), ATK IV: 5(0%), DEF IV: 75(0%), Work Speed: (0%), Skills: Suntan Lover, Brittle
Wixen, Level: 25, Rank: 1, Gender: Male, HP IV: 41(0%), ATK IV: 4(0%), DEF IV: 49(0%), Work Speed: (0%), Skills: Mercy hit
Wumpo Botan, Level: 28, Rank: 1, Gender: Female, HP IV: 100(0%), ATK IV: 100(0%), DEF IV: 99(0%), Work Speed: (0%), Skills: Legend, Spirit Emperor
TimeGirl's 9 Pals
-----------------
Alpha Broncherry, Level: 23, Rank: 1, Gender: Female, HP IV: 85(0%), ATK IV: 77(0%), DEF IV: 51(0%), Work Speed: (0%), Skills: Nocturnal
Alpha Rooby, Level: 13, Rank: 1, Gender: Male, HP IV: 89(0%), ATK IV: 75(0%), DEF IV: 82(0%), Work Speed: (0%), Skills: Capacitor
Bellanoir Libero, Level: 22, Rank: 1, Gender: Female, HP IV: 24(0%), ATK IV: 58(0%), DEF IV: 9(0%), Work Speed: (0%), Skills: Siren of the Void, Hydromaniac
Blazamut Ryu, Level: 19, Rank: 1, Gender: Male, HP IV: 54(0%), ATK IV: 82(0%), DEF IV: 38(0%), Work Speed: (0%), Skills: Eternal Flame, Shabby
Daedream, Level: 15, Rank: 1, Gender: Male, HP IV: 80(0%), ATK IV: 1(0%), DEF IV: 67(0%), Work Speed: (0%), Skills: Pyromaniac
Lyleen, Level: 18, Rank: 1, Gender: Female, HP IV: 78(0%), ATK IV: 64(0%), DEF IV: 0(0%), Work Speed: (0%), Skills: Spirit Emperor, Sadist, Dragonkiller
Vanwyrm, Level: 32, Rank: 1, Gender: Female, HP IV: 99(0%), ATK IV: 5(0%), DEF IV: 75(0%), Work Speed: (0%), Skills: Suntan Lover, Brittle
Wixen, Level: 25, Rank: 1, Gender: Male, HP IV: 41(0%), ATK IV: 4(0%), DEF IV: 49(0%), Work Speed: (0%), Skills: Mercy hit
Wumpo Botan, Level: 28, Rank: 1, Gender: Female, HP IV: 100(0%), ATK IV: 100(0%), DEF IV: 99(0%), Work Speed: (0%), Skills: Legend, Spirit Emperor
TimeGirl's 9 Pals
-----------------
Alpha Broncherry, Level: 23, Rank: 1, Gender: Female, HP IV: 85(0%), ATK IV: 77(0%), DEF IV: 51(0%), Work Speed: (0%), Skills: Nocturnal
Alpha Rooby, Level: 13, Rank: 1, Gender: Male, HP IV: 89(0%), ATK IV: 75(0%), DEF IV: 82(0%), Work Speed: (0%), Skills: Capacitor
Bellanoir Libero, Level: 22, Rank: 1, Gender: Female, HP IV: 24(0%), ATK IV: 58(0%), DEF IV: 9(0%), Work Speed: (0%), Skills: Siren of the Void, Hydromaniac
Blazamut Ryu, Level: 19, Rank: 1, Gender: Male, HP IV: 54(0%), ATK IV: 82(0%), DEF IV: 38(0%), Work Speed: (0%), Skills: Eternal Flame, Shabby
Daedream, Level: 15, Rank: 1, Gender: Male, HP IV: 80(0%), ATK IV: 1(0%), DEF IV: 67(0%), Work Speed: (0%), Skills: Pyromaniac
Lyleen, Level: 18, Rank: 1, Gender: Female, HP IV: 78(0%), ATK IV: 64(0%), DEF IV: 0(0%), Work Speed: (0%), Skills: Spirit Emperor, Sadist, Dragonkiller
Vanwyrm, Level: 32, Rank: 1, Gender: Female, HP IV: 99(0%), ATK IV: 5(0%), DEF IV: 75(0%), Work Speed: (0%), Skills: Suntan Lover, Brittle
Wixen, Level: 25, Rank: 1, Gender: Male, HP IV: 41(0%), ATK IV: 4(0%), DEF IV: 49(0%), Work Speed: (0%), Skills: Mercy hit
Wumpo Botan, Level: 28, Rank: 1, Gender: Female, HP IV: 100(0%), ATK IV: 100(0%), DEF IV: 99(0%), Work Speed: (0%), Skills: Legend, Spirit Emperor
TimeGirl's 9 Pals
-----------------
Alpha Broncherry, Level: 23, Rank: 1, Gender: Female, HP IV: 85(0%), ATK IV: 77(0%), DEF IV: 51(0%), Work Speed: (0%), Skills: Nocturnal
Alpha Rooby, Level: 13, Rank: 1, Gender: Male, HP IV: 89(0%), ATK IV: 75(0%), DEF IV: 82(0%), Work Speed: (0%), Skills: Capacitor
Bellanoir Libero, Level: 22, Rank: 1, Gender: Female, HP IV: 24(0%), ATK IV: 58(0%), DEF IV: 9(0%), Work Speed: (0%), Skills: Siren of the Void, Hydromaniac
Blazamut Ryu, Level: 19, Rank: 1, Gender: Male, HP IV: 54(0%), ATK IV: 82(0%), DEF IV: 38(0%), Work Speed: (0%), Skills: Eternal Flame, Shabby
Daedream, Level: 15, Rank: 1, Gender: Male, HP IV: 80(0%), ATK IV: 1(0%), DEF IV: 67(0%), Work Speed: (0%), Skills: Pyromaniac
Lyleen, Level: 18, Rank: 1, Gender: Female, HP IV: 78(0%), ATK IV: 64(0%), DEF IV: 0(0%), Work Speed: (0%), Skills: Spirit Emperor, Sadist, Dragonkiller
Vanwyrm, Level: 32, Rank: 1, Gender: Female, HP IV: 99(0%), ATK IV: 5(0%), DEF IV: 75(0%), Work Speed: (0%), Skills: Suntan Lover, Brittle
Wixen, Level: 25, Rank: 1, Gender: Male, HP IV: 41(0%), ATK IV: 4(0%), DEF IV: 49(0%), Work Speed: (0%), Skills: Mercy hit
Wumpo Botan, Level: 28, Rank: 1, Gender: Female, HP IV: 100(0%), ATK IV: 100(0%), DEF IV: 99(0%), Work Speed: (0%), Skills: Legend, Spirit Emperor
