TinyFemboy's 3 Pals
-------------------
Cattiva, Level: 8, Rank: 1, Gender: Male, HP IV: 59(0%), ATK IV: 14(0%), DEF IV: 76(0%), Work Speed: (0%), Skills: Coward, Motivational Leader
Cattiva, Level: 8, Rank: 1, Gender: Male, HP IV: 66(0%), ATK IV: 62(0%), DEF IV: 89(0%), Work Speed: (0%), Skills: Coward, Earthquake Resistant, Hard Skin
Jolthog, Level: 5, Rank: 1, Gender: Female, HP IV: 62(0%), ATK IV: 0(0%), DEF IV: 38(0%), Work Speed: (0%), Skills: Logging Foreman
TinyFemboy's 3 Pals
-------------------
Cattiva, Level: 8, Rank: 1, Gender: Male, HP IV: 59(0%), ATK IV: 14(0%), DEF IV: 76(0%), Work Speed: (0%), Skills: Coward, Motivational Leader
Cattiva, Level: 8, Rank: 1, Gender: Male, HP IV: 66(0%), ATK IV: 62(0%), DEF IV: 89(0%), Work Speed: (0%), Skills: Coward, Earthquake Resistant, Hard Skin
Jolthog, Level: 5, Rank: 1, Gender: Female, HP IV: 62(0%), ATK IV: 0(0%), DEF IV: 38(0%), Work Speed: (0%), Skills: Logging Foreman
TinyFemboy's 3 Pals
-------------------
Cattiva, Level: 8, Rank: 1, Gender: Male, HP IV: 59(0%), ATK IV: 14(0%), DEF IV: 76(0%), Work Speed: (0%), Skills: Coward, Motivational Leader
Cattiva, Level: 8, Rank: 1, Gender: Male, HP IV: 66(0%), ATK IV: 62(0%), DEF IV: 89(0%), Work Speed: (0%), Skills: Coward, Earthquake Resistant, Hard Skin
Jolthog, Level: 5, Rank: 1, Gender: Female, HP IV: 62(0%), ATK IV: 0(0%), DEF IV: 38(0%), Work Speed: (0%), Skills: Logging Foreman
TinyFemboy's 3 Pals
-------------------
Cattiva, Level: 8, Rank: 1, Gender: Male, HP IV: 59(0%), ATK IV: 14(0%), DEF IV: 76(0%), Work Speed: (0%), Skills: Coward, Motivational Leader
Cattiva, Level: 8, Rank: 1, Gender: Male, HP IV: 66(0%), ATK IV: 62(0%), DEF IV: 89(0%), Work Speed: (0%), Skills: Coward, Earthquake Resistant, Hard Skin
Jolthog, Level: 5, Rank: 1, Gender: Female, HP IV: 62(0%), ATK IV: 0(0%), DEF IV: 38(0%), Work Speed: (0%), Skills: Logging Foreman
TinyFemboy's 3 Pals
-------------------
Cattiva, Level: 8, Rank: 1, Gender: Male, HP IV: 59(0%), ATK IV: 14(0%), DEF IV: 76(0%), Work Speed: (0%), Skills: Coward, Motivational Leader
Cattiva, Level: 8, Rank: 1, Gender: Male, HP IV: 66(0%), ATK IV: 62(0%), DEF IV: 89(0%), Work Speed: (0%), Skills: Coward, Earthquake Resistant, Hard Skin
Jolthog, Level: 5, Rank: 1, Gender: Female, HP IV: 62(0%), ATK IV: 0(0%), DEF IV: 38(0%), Work Speed: (0%), Skills: Logging Foreman
TinyFemboy's 3 Pals
-------------------
Cattiva, Level: 8, Rank: 1, Gender: Male, HP IV: 59(0%), ATK IV: 14(0%), DEF IV: 76(0%), Work Speed: (0%), Skills: Coward, Motivational Leader
Cattiva, Level: 8, Rank: 1, Gender: Male, HP IV: 66(0%), ATK IV: 62(0%), DEF IV: 89(0%), Work Speed: (0%), Skills: Coward, Earthquake Resistant, Hard Skin
Jolthog, Level: 5, Rank: 1, Gender: Female, HP IV: 62(0%), ATK IV: 0(0%), DEF IV: 38(0%), Work Speed: (0%), Skills: Logging Foreman
TinyFemboy's 3 Pals
-------------------
Cattiva, Level: 8, Rank: 1, Gender: Male, HP IV: 59(0%), ATK IV: 14(0%), DEF IV: 76(0%), Work Speed: (0%), Skills: Coward, Motivational Leader
Cattiva, Level: 8, Rank: 1, Gender: Male, HP IV: 66(0%), ATK IV: 62(0%), DEF IV: 89(0%), Work Speed: (0%), Skills: Coward, Earthquake Resistant, Hard Skin
Jolthog, Level: 5, Rank: 1, Gender: Female, HP IV: 62(0%), ATK IV: 0(0%), DEF IV: 38(0%), Work Speed: (0%), Skills: Logging Foreman
TinyFemboy's 3 Pals
-------------------
Cattiva, Level: 8, Rank: 1, Gender: Male, HP IV: 59(0%), ATK IV: 14(0%), DEF IV: 76(0%), Work Speed: (0%), Skills: Coward, Motivational Leader
Cattiva, Level: 8, Rank: 1, Gender: Male, HP IV: 66(0%), ATK IV: 62(0%), DEF IV: 89(0%), Work Speed: (0%), Skills: Coward, Earthquake Resistant, Hard Skin
Jolthog, Level: 5, Rank: 1, Gender: Female, HP IV: 62(0%), ATK IV: 0(0%), DEF IV: 38(0%), Work Speed: (0%), Skills: Logging Foreman
TinyFemboy's 3 Pals
-------------------
Cattiva, Level: 8, Rank: 1, Gender: Male, HP IV: 59(0%), ATK IV: 14(0%), DEF IV: 76(0%), Work Speed: (0%), Skills: Coward, Motivational Leader
Cattiva, Level: 8, Rank: 1, Gender: Male, HP IV: 66(0%), ATK IV: 62(0%), DEF IV: 89(0%), Work Speed: (0%), Skills: Coward, Earthquake Resistant, Hard Skin
Jolthog, Level: 5, Rank: 1, Gender: Female, HP IV: 62(0%), ATK IV: 0(0%), DEF IV: 38(0%), Work Speed: (0%), Skills: Logging Foreman
TinyFemboy's 3 Pals
-------------------
Cattiva, Level: 8, Rank: 1, Gender: Male, HP IV: 59(0%), ATK IV: 14(0%), DEF IV: 76(0%), Work Speed: (0%), Skills: Coward, Motivational Leader
Cattiva, Level: 8, Rank: 1, Gender: Male, HP IV: 66(0%), ATK IV: 62(0%), DEF IV: 89(0%), Work Speed: (0%), Skills: Coward, Earthquake Resistant, Hard Skin
Jolthog, Level: 5, Rank: 1, Gender: Female, HP IV: 62(0%), ATK IV: 0(0%), DEF IV: 38(0%), Work Speed: (0%), Skills: Logging Foreman
TinyFemboy's 3 Pals
-------------------
Cattiva, Level: 8, Rank: 1, Gender: Male, HP IV: 59(0%), ATK IV: 14(0%), DEF IV: 76(0%), Work Speed: (0%), Skills: Coward, Motivational Leader
Cattiva, Level: 8, Rank: 1, Gender: Male, HP IV: 66(0%), ATK IV: 62(0%), DEF IV: 89(0%), Work Speed: (0%), Skills: Coward, Earthquake Resistant, Hard Skin
Jolthog, Level: 5, Rank: 1, Gender: Female, HP IV: 62(0%), ATK IV: 0(0%), DEF IV: 38(0%), Work Speed: (0%), Skills: Logging Foreman
TinyFemboy's 3 Pals
-------------------
Cattiva, Level: 8, Rank: 1, Gender: Male, HP IV: 59(0%), ATK IV: 14(0%), DEF IV: 76(0%), Work Speed: (0%), Skills: Coward, Motivational Leader
Cattiva, Level: 8, Rank: 1, Gender: Male, HP IV: 66(0%), ATK IV: 62(0%), DEF IV: 89(0%), Work Speed: (0%), Skills: Coward, Earthquake Resistant, Hard Skin
Jolthog, Level: 5, Rank: 1, Gender: Female, HP IV: 62(0%), ATK IV: 0(0%), DEF IV: 38(0%), Work Speed: (0%), Skills: Logging Foreman
TinyFemboy's 3 Pals
-------------------
Cattiva, Level: 8, Rank: 1, Gender: Male, HP IV: 59(0%), ATK IV: 14(0%), DEF IV: 76(0%), Work Speed: (0%), Skills: Coward, Motivational Leader
Cattiva, Level: 8, Rank: 1, Gender: Male, HP IV: 66(0%), ATK IV: 62(0%), DEF IV: 89(0%), Work Speed: (0%), Skills: Coward, Earthquake Resistant, Hard Skin
Jolthog, Level: 5, Rank: 1, Gender: Female, HP IV: 62(0%), ATK IV: 0(0%), DEF IV: 38(0%), Work Speed: (0%), Skills: Logging Foreman
TinyFemboy's 3 Pals
-------------------
Cattiva, Level: 8, Rank: 1, Gender: Male, HP IV: 59(0%), ATK IV: 14(0%), DEF IV: 76(0%), Work Speed: (0%), Skills: Coward, Motivational Leader
Cattiva, Level: 8, Rank: 1, Gender: Male, HP IV: 66(0%), ATK IV: 62(0%), DEF IV: 89(0%), Work Speed: (0%), Skills: Coward, Earthquake Resistant, Hard Skin
Jolthog, Level: 5, Rank: 1, Gender: Female, HP IV: 62(0%), ATK IV: 0(0%), DEF IV: 38(0%), Work Speed: (0%), Skills: Logging Foreman
