Tonny's 6 Pals
--------------
Cattiva, Level: 5, Rank: 1, Gender: Female, HP IV: 88(0%), ATK IV: 32(0%), DEF IV: 26(0%), Work Speed: (0%), Skills: Coward, Destructive, Sadist
Cattiva, Level: 5, Rank: 1, Gender: Male, HP IV: 42(0%), ATK IV: 51(0%), DEF IV: 16(0%), Work Speed: (0%), Skills: Coward, Logging Foreman
Chikipi, Level: 6, Rank: 1, Gender: Male, HP IV: 51(0%), ATK IV: 65(0%), DEF IV: 76(0%), Work Speed: (0%), Skills: Serious
Daedream, Level: 6, Rank: 1, Gender: Male, HP IV: 20(0%), ATK IV: 27(0%), DEF IV: 41(0%), Work Speed: (0%), Skills: Heated Body
Eikthyrdeer, Level: 10, Rank: 1, Gender: Male, HP IV: 75(0%), ATK IV: 32(0%), DEF IV: 54(0%), Work Speed: (0%), Skills: Diet Lover
Lamball, Level: 5, Rank: 1, Gender: Female, HP IV: 87(0%), ATK IV: 21(0%), DEF IV: 39(0%), Work Speed: (0%), Skills: Artisan
Tonny's 6 Pals
--------------
Cattiva, Level: 5, Rank: 1, Gender: Female, HP IV: 88(0%), ATK IV: 32(0%), DEF IV: 26(0%), Work Speed: (0%), Skills: Coward, Destructive, Sadist
Cattiva, Level: 5, Rank: 1, Gender: Male, HP IV: 42(0%), ATK IV: 51(0%), DEF IV: 16(0%), Work Speed: (0%), Skills: Coward, Logging Foreman
Chikipi, Level: 6, Rank: 1, Gender: Male, HP IV: 51(0%), ATK IV: 65(0%), DEF IV: 76(0%), Work Speed: (0%), Skills: Serious
Daedream, Level: 6, Rank: 1, Gender: Male, HP IV: 20(0%), ATK IV: 27(0%), DEF IV: 41(0%), Work Speed: (0%), Skills: Heated Body
Eikthyrdeer, Level: 10, Rank: 1, Gender: Male, HP IV: 75(0%), ATK IV: 32(0%), DEF IV: 54(0%), Work Speed: (0%), Skills: Diet Lover
Lamball, Level: 5, Rank: 1, Gender: Female, HP IV: 87(0%), ATK IV: 21(0%), DEF IV: 39(0%), Work Speed: (0%), Skills: Artisan
Tonny's 6 Pals
--------------
Cattiva, Level: 5, Rank: 1, Gender: Female, HP IV: 88(0%), ATK IV: 32(0%), DEF IV: 26(0%), Work Speed: (0%), Skills: Coward, Destructive, Sadist
Cattiva, Level: 5, Rank: 1, Gender: Male, HP IV: 42(0%), ATK IV: 51(0%), DEF IV: 16(0%), Work Speed: (0%), Skills: Coward, Logging Foreman
Chikipi, Level: 6, Rank: 1, Gender: Male, HP IV: 51(0%), ATK IV: 65(0%), DEF IV: 76(0%), Work Speed: (0%), Skills: Serious
Daedream, Level: 6, Rank: 1, Gender: Male, HP IV: 20(0%), ATK IV: 27(0%), DEF IV: 41(0%), Work Speed: (0%), Skills: Heated Body
Eikthyrdeer, Level: 10, Rank: 1, Gender: Male, HP IV: 75(0%), ATK IV: 32(0%), DEF IV: 54(0%), Work Speed: (0%), Skills: Diet Lover
Lamball, Level: 5, Rank: 1, Gender: Female, HP IV: 87(0%), ATK IV: 21(0%), DEF IV: 39(0%), Work Speed: (0%), Skills: Artisan
Tonny's 6 Pals
--------------
Cattiva, Level: 5, Rank: 1, Gender: Female, HP IV: 88(0%), ATK IV: 32(0%), DEF IV: 26(0%), Work Speed: (0%), Skills: Coward, Destructive, Sadist
Cattiva, Level: 5, Rank: 1, Gender: Male, HP IV: 42(0%), ATK IV: 51(0%), DEF IV: 16(0%), Work Speed: (0%), Skills: Coward, Logging Foreman
Chikipi, Level: 6, Rank: 1, Gender: Male, HP IV: 51(0%), ATK IV: 65(0%), DEF IV: 76(0%), Work Speed: (0%), Skills: Serious
Daedream, Level: 6, Rank: 1, Gender: Male, HP IV: 20(0%), ATK IV: 27(0%), DEF IV: 41(0%), Work Speed: (0%), Skills: Heated Body
Eikthyrdeer, Level: 10, Rank: 1, Gender: Male, HP IV: 75(0%), ATK IV: 32(0%), DEF IV: 54(0%), Work Speed: (0%), Skills: Diet Lover
Lamball, Level: 5, Rank: 1, Gender: Female, HP IV: 87(0%), ATK IV: 21(0%), DEF IV: 39(0%), Work Speed: (0%), Skills: Artisan
Tonny's 6 Pals
--------------
Cattiva, Level: 5, Rank: 1, Gender: Female, HP IV: 88(0%), ATK IV: 32(0%), DEF IV: 26(0%), Work Speed: (0%), Skills: Coward, Destructive, Sadist
Cattiva, Level: 5, Rank: 1, Gender: Male, HP IV: 42(0%), ATK IV: 51(0%), DEF IV: 16(0%), Work Speed: (0%), Skills: Coward, Logging Foreman
Chikipi, Level: 6, Rank: 1, Gender: Male, HP IV: 51(0%), ATK IV: 65(0%), DEF IV: 76(0%), Work Speed: (0%), Skills: Serious
Daedream, Level: 6, Rank: 1, Gender: Male, HP IV: 20(0%), ATK IV: 27(0%), DEF IV: 41(0%), Work Speed: (0%), Skills: Heated Body
Eikthyrdeer, Level: 10, Rank: 1, Gender: Male, HP IV: 75(0%), ATK IV: 32(0%), DEF IV: 54(0%), Work Speed: (0%), Skills: Diet Lover
Lamball, Level: 5, Rank: 1, Gender: Female, HP IV: 87(0%), ATK IV: 21(0%), DEF IV: 39(0%), Work Speed: (0%), Skills: Artisan
Tonny's 6 Pals
--------------
Cattiva, Level: 5, Rank: 1, Gender: Female, HP IV: 88(0%), ATK IV: 32(0%), DEF IV: 26(0%), Work Speed: (0%), Skills: Coward, Destructive, Sadist
Cattiva, Level: 5, Rank: 1, Gender: Male, HP IV: 42(0%), ATK IV: 51(0%), DEF IV: 16(0%), Work Speed: (0%), Skills: Coward, Logging Foreman
Chikipi, Level: 6, Rank: 1, Gender: Male, HP IV: 51(0%), ATK IV: 65(0%), DEF IV: 76(0%), Work Speed: (0%), Skills: Serious
Daedream, Level: 6, Rank: 1, Gender: Male, HP IV: 20(0%), ATK IV: 27(0%), DEF IV: 41(0%), Work Speed: (0%), Skills: Heated Body
Eikthyrdeer, Level: 10, Rank: 1, Gender: Male, HP IV: 75(0%), ATK IV: 32(0%), DEF IV: 54(0%), Work Speed: (0%), Skills: Diet Lover
Lamball, Level: 5, Rank: 1, Gender: Female, HP IV: 87(0%), ATK IV: 21(0%), DEF IV: 39(0%), Work Speed: (0%), Skills: Artisan
Tonny's 6 Pals
--------------
Cattiva, Level: 5, Rank: 1, Gender: Female, HP IV: 88(0%), ATK IV: 32(0%), DEF IV: 26(0%), Work Speed: (0%), Skills: Coward, Destructive, Sadist
Cattiva, Level: 5, Rank: 1, Gender: Male, HP IV: 42(0%), ATK IV: 51(0%), DEF IV: 16(0%), Work Speed: (0%), Skills: Coward, Logging Foreman
Chikipi, Level: 6, Rank: 1, Gender: Male, HP IV: 51(0%), ATK IV: 65(0%), DEF IV: 76(0%), Work Speed: (0%), Skills: Serious
Daedream, Level: 6, Rank: 1, Gender: Male, HP IV: 20(0%), ATK IV: 27(0%), DEF IV: 41(0%), Work Speed: (0%), Skills: Heated Body
Eikthyrdeer, Level: 10, Rank: 1, Gender: Male, HP IV: 75(0%), ATK IV: 32(0%), DEF IV: 54(0%), Work Speed: (0%), Skills: Diet Lover
Lamball, Level: 5, Rank: 1, Gender: Female, HP IV: 87(0%), ATK IV: 21(0%), DEF IV: 39(0%), Work Speed: (0%), Skills: Artisan
Tonny's 6 Pals
--------------
Cattiva, Level: 5, Rank: 1, Gender: Female, HP IV: 88(0%), ATK IV: 32(0%), DEF IV: 26(0%), Work Speed: (0%), Skills: Coward, Destructive, Sadist
Cattiva, Level: 5, Rank: 1, Gender: Male, HP IV: 42(0%), ATK IV: 51(0%), DEF IV: 16(0%), Work Speed: (0%), Skills: Coward, Logging Foreman
Chikipi, Level: 6, Rank: 1, Gender: Male, HP IV: 51(0%), ATK IV: 65(0%), DEF IV: 76(0%), Work Speed: (0%), Skills: Serious
Daedream, Level: 6, Rank: 1, Gender: Male, HP IV: 20(0%), ATK IV: 27(0%), DEF IV: 41(0%), Work Speed: (0%), Skills: Heated Body
Eikthyrdeer, Level: 10, Rank: 1, Gender: Male, HP IV: 75(0%), ATK IV: 32(0%), DEF IV: 54(0%), Work Speed: (0%), Skills: Diet Lover
Lamball, Level: 5, Rank: 1, Gender: Female, HP IV: 87(0%), ATK IV: 21(0%), DEF IV: 39(0%), Work Speed: (0%), Skills: Artisan
Tonny's 6 Pals
--------------
Cattiva, Level: 5, Rank: 1, Gender: Female, HP IV: 88(0%), ATK IV: 32(0%), DEF IV: 26(0%), Work Speed: (0%), Skills: Coward, Destructive, Sadist
Cattiva, Level: 5, Rank: 1, Gender: Male, HP IV: 42(0%), ATK IV: 51(0%), DEF IV: 16(0%), Work Speed: (0%), Skills: Coward, Logging Foreman
Chikipi, Level: 6, Rank: 1, Gender: Male, HP IV: 51(0%), ATK IV: 65(0%), DEF IV: 76(0%), Work Speed: (0%), Skills: Serious
Daedream, Level: 6, Rank: 1, Gender: Male, HP IV: 20(0%), ATK IV: 27(0%), DEF IV: 41(0%), Work Speed: (0%), Skills: Heated Body
Eikthyrdeer, Level: 10, Rank: 1, Gender: Male, HP IV: 75(0%), ATK IV: 32(0%), DEF IV: 54(0%), Work Speed: (0%), Skills: Diet Lover
Lamball, Level: 5, Rank: 1, Gender: Female, HP IV: 87(0%), ATK IV: 21(0%), DEF IV: 39(0%), Work Speed: (0%), Skills: Artisan
Tonny's 6 Pals
--------------
Cattiva, Level: 5, Rank: 1, Gender: Female, HP IV: 88(0%), ATK IV: 32(0%), DEF IV: 26(0%), Work Speed: (0%), Skills: Coward, Destructive, Sadist
Cattiva, Level: 5, Rank: 1, Gender: Male, HP IV: 42(0%), ATK IV: 51(0%), DEF IV: 16(0%), Work Speed: (0%), Skills: Coward, Logging Foreman
Chikipi, Level: 6, Rank: 1, Gender: Male, HP IV: 51(0%), ATK IV: 65(0%), DEF IV: 76(0%), Work Speed: (0%), Skills: Serious
Daedream, Level: 6, Rank: 1, Gender: Male, HP IV: 20(0%), ATK IV: 27(0%), DEF IV: 41(0%), Work Speed: (0%), Skills: Heated Body
Eikthyrdeer, Level: 10, Rank: 1, Gender: Male, HP IV: 75(0%), ATK IV: 32(0%), DEF IV: 54(0%), Work Speed: (0%), Skills: Diet Lover
Lamball, Level: 5, Rank: 1, Gender: Female, HP IV: 87(0%), ATK IV: 21(0%), DEF IV: 39(0%), Work Speed: (0%), Skills: Artisan
Tonny's 6 Pals
--------------
Cattiva, Level: 5, Rank: 1, Gender: Female, HP IV: 88(0%), ATK IV: 32(0%), DEF IV: 26(0%), Work Speed: (0%), Skills: Coward, Destructive, Sadist
Cattiva, Level: 5, Rank: 1, Gender: Male, HP IV: 42(0%), ATK IV: 51(0%), DEF IV: 16(0%), Work Speed: (0%), Skills: Coward, Logging Foreman
Chikipi, Level: 6, Rank: 1, Gender: Male, HP IV: 51(0%), ATK IV: 65(0%), DEF IV: 76(0%), Work Speed: (0%), Skills: Serious
Daedream, Level: 6, Rank: 1, Gender: Male, HP IV: 20(0%), ATK IV: 27(0%), DEF IV: 41(0%), Work Speed: (0%), Skills: Heated Body
Eikthyrdeer, Level: 10, Rank: 1, Gender: Male, HP IV: 75(0%), ATK IV: 32(0%), DEF IV: 54(0%), Work Speed: (0%), Skills: Diet Lover
Lamball, Level: 5, Rank: 1, Gender: Female, HP IV: 87(0%), ATK IV: 21(0%), DEF IV: 39(0%), Work Speed: (0%), Skills: Artisan
Tonny's 6 Pals
--------------
Cattiva, Level: 5, Rank: 1, Gender: Female, HP IV: 88(0%), ATK IV: 32(0%), DEF IV: 26(0%), Work Speed: (0%), Skills: Coward, Destructive, Sadist
Cattiva, Level: 5, Rank: 1, Gender: Male, HP IV: 42(0%), ATK IV: 51(0%), DEF IV: 16(0%), Work Speed: (0%), Skills: Coward, Logging Foreman
Chikipi, Level: 6, Rank: 1, Gender: Male, HP IV: 51(0%), ATK IV: 65(0%), DEF IV: 76(0%), Work Speed: (0%), Skills: Serious
Daedream, Level: 6, Rank: 1, Gender: Male, HP IV: 20(0%), ATK IV: 27(0%), DEF IV: 41(0%), Work Speed: (0%), Skills: Heated Body
Eikthyrdeer, Level: 10, Rank: 1, Gender: Male, HP IV: 75(0%), ATK IV: 32(0%), DEF IV: 54(0%), Work Speed: (0%), Skills: Diet Lover
Lamball, Level: 5, Rank: 1, Gender: Female, HP IV: 87(0%), ATK IV: 21(0%), DEF IV: 39(0%), Work Speed: (0%), Skills: Artisan
Tonny's 6 Pals
--------------
Cattiva, Level: 5, Rank: 1, Gender: Female, HP IV: 88(0%), ATK IV: 32(0%), DEF IV: 26(0%), Work Speed: (0%), Skills: Coward, Destructive, Sadist
Cattiva, Level: 5, Rank: 1, Gender: Male, HP IV: 42(0%), ATK IV: 51(0%), DEF IV: 16(0%), Work Speed: (0%), Skills: Coward, Logging Foreman
Chikipi, Level: 6, Rank: 1, Gender: Male, HP IV: 51(0%), ATK IV: 65(0%), DEF IV: 76(0%), Work Speed: (0%), Skills: Serious
Daedream, Level: 6, Rank: 1, Gender: Male, HP IV: 20(0%), ATK IV: 27(0%), DEF IV: 41(0%), Work Speed: (0%), Skills: Heated Body
Eikthyrdeer, Level: 10, Rank: 1, Gender: Male, HP IV: 75(0%), ATK IV: 32(0%), DEF IV: 54(0%), Work Speed: (0%), Skills: Diet Lover
Lamball, Level: 5, Rank: 1, Gender: Female, HP IV: 87(0%), ATK IV: 21(0%), DEF IV: 39(0%), Work Speed: (0%), Skills: Artisan
Tonny's 6 Pals
--------------
Cattiva, Level: 5, Rank: 1, Gender: Female, HP IV: 88(0%), ATK IV: 32(0%), DEF IV: 26(0%), Work Speed: (0%), Skills: Coward, Destructive, Sadist
Cattiva, Level: 5, Rank: 1, Gender: Male, HP IV: 42(0%), ATK IV: 51(0%), DEF IV: 16(0%), Work Speed: (0%), Skills: Coward, Logging Foreman
Chikipi, Level: 6, Rank: 1, Gender: Male, HP IV: 51(0%), ATK IV: 65(0%), DEF IV: 76(0%), Work Speed: (0%), Skills: Serious
Daedream, Level: 6, Rank: 1, Gender: Male, HP IV: 20(0%), ATK IV: 27(0%), DEF IV: 41(0%), Work Speed: (0%), Skills: Heated Body
Eikthyrdeer, Level: 10, Rank: 1, Gender: Male, HP IV: 75(0%), ATK IV: 32(0%), DEF IV: 54(0%), Work Speed: (0%), Skills: Diet Lover
Lamball, Level: 5, Rank: 1, Gender: Female, HP IV: 87(0%), ATK IV: 21(0%), DEF IV: 39(0%), Work Speed: (0%), Skills: Artisan
