too's 19 Pals
-------------
Alpha Jormuntide, Level: 50, Rank: 5, Gender: Female, HP IV: 54(0%), ATK IV: 76(0%), DEF IV: 89(0%), Work Speed: (30%), Skills: Artisan, Lucky, Serious, Work Slave
Alpha Jormuntide, Level: 50, Rank: 5, Gender: Female, HP IV: 54(0%), ATK IV: 76(0%), DEF IV: 89(0%), Work Speed: (30%), Skills: Artisan, Lucky, Serious, Work Slave
Alpha Relaxaurus lux, Level: 38, Rank: 1, Gender: Female, HP IV: 94(0%), ATK IV: 67(0%), DEF IV: 97(0%), Work Speed: (0%), Skills: Capacitor, Workaholic
Alpha Wumpo botan, Level: 49, Rank: 5, Gender: Female, HP IV: 50(0%), ATK IV: 96(0%), DEF IV: 91(0%), Work Speed: (0%), Skills: Power of Gaia, Swift, Runner, Artisan
Anubis, Level: 45, Rank: 1, Gender: Male, HP IV: 95(0%), ATK IV: 33(0%), DEF IV: 10(0%), Work Speed: (0%), Skills: Swift, Runner
Anubis, Level: 45, Rank: 5, Gender: Female, HP IV: 0(0%), ATK IV: 23(0%), DEF IV: 10(0%), Work Speed: (30%), Skills: Artisan, Lucky, Work Slave, Serious
Astegon, Level: 19, Rank: 1, Gender: Male, HP IV: 73(0%), ATK IV: 71(0%), DEF IV: 57(0%), Work Speed: (0%), Skills: Hard Skin, Work Slave, Artisan
Astegon, Level: 19, Rank: 1, Gender: Male, HP IV: 97(0%), ATK IV: 71(0%), DEF IV: 32(0%), Work Speed: (0%), Skills: Lucky, Work Slave, Artisan, Hard Skin
Astegon, Level: 24, Rank: 1, Gender: Male, HP IV: 79(0%), ATK IV: 1(0%), DEF IV: 29(0%), Work Speed: (0%), Skills: Work Slave, Artisan, Hard Skin
Astegon, Level: 40, Rank: 1, Gender: Male, HP IV: 35(0%), ATK IV: 40(0%), DEF IV: 64(0%), Work Speed: (0%), Skills: Hard Skin, Waterproof
Astegon, Level: 40, Rank: 1, Gender: Male, HP IV: 35(0%), ATK IV: 40(0%), DEF IV: 64(0%), Work Speed: (0%), Skills: Hard Skin, Waterproof
Axel & Orserk, Level: 46, Rank: 5, Gender: Male, HP IV: 100(0%), ATK IV: 67(0%), DEF IV: 77(0%), Work Speed: (0%), Skills: Lord of Lightning
Bellanoir, Level: 25, Rank: 1, Gender: Female, HP IV: 76(0%), ATK IV: 10(0%), DEF IV: 88(0%), Work Speed: (0%), Skills: Hydromaniac
Broncherry Aqua, Level: 49, Rank: 5, Gender: Female, HP IV: 26(0%), ATK IV: 74(0%), DEF IV: 64(0%), Work Speed: (0%), Skills: Botanical Barrier, Artisan, Workaholic, Serious
Helzephyr, Level: 37, Rank: 5, Gender: Female, HP IV: 90(0%), ATK IV: 93(0%), DEF IV: 99(0%), Work Speed: (0%), Skills: Mine Foreman, Swift, Runner, Legend
Lyleen, Level: 48, Rank: 5, Gender: Female, HP IV: 56(0%), ATK IV: 27(0%), DEF IV: 7(0%), Work Speed: (30%), Skills: Workaholic, Work Slave, Vanguard, Masochist
Mozzarina, Level: 32, Rank: 1, Gender: Female, HP IV: 10(0%), ATK IV: 97(0%), DEF IV: 60(0%), Work Speed: (0%), Skills: Unstable
Reptyro, Level: 37, Rank: 1, Gender: Female, HP IV: 18(0%), ATK IV: 77(0%), DEF IV: 2(0%), Work Speed: (0%), Skills: Motivational Leader
Wumpo Botan, Level: 48, Rank: 5, Gender: Female, HP IV: 84(0%), ATK IV: 85(0%), DEF IV: 79(0%), Work Speed: (30%), Skills: Abnormal, Swift, Runner, Artisan
too's 19 Pals
-------------
Alpha Jormuntide, Level: 50, Rank: 5, Gender: Female, HP IV: 54(0%), ATK IV: 76(0%), DEF IV: 89(0%), Work Speed: (30%), Skills: Artisan, Lucky, Serious, Work Slave
Alpha Jormuntide, Level: 50, Rank: 5, Gender: Female, HP IV: 54(0%), ATK IV: 76(0%), DEF IV: 89(0%), Work Speed: (30%), Skills: Artisan, Lucky, Serious, Work Slave
Alpha Relaxaurus lux, Level: 38, Rank: 1, Gender: Female, HP IV: 94(0%), ATK IV: 67(0%), DEF IV: 97(0%), Work Speed: (0%), Skills: Capacitor, Workaholic
Alpha Wumpo botan, Level: 49, Rank: 5, Gender: Female, HP IV: 50(0%), ATK IV: 96(0%), DEF IV: 91(0%), Work Speed: (0%), Skills: Power of Gaia, Swift, Runner, Artisan
Anubis, Level: 45, Rank: 1, Gender: Male, HP IV: 95(0%), ATK IV: 33(0%), DEF IV: 10(0%), Work Speed: (0%), Skills: Swift, Runner
Anubis, Level: 45, Rank: 5, Gender: Female, HP IV: 0(0%), ATK IV: 23(0%), DEF IV: 10(0%), Work Speed: (30%), Skills: Artisan, Lucky, Work Slave, Serious
Astegon, Level: 19, Rank: 1, Gender: Male, HP IV: 73(0%), ATK IV: 71(0%), DEF IV: 57(0%), Work Speed: (0%), Skills: Hard Skin, Work Slave, Artisan
Astegon, Level: 19, Rank: 1, Gender: Male, HP IV: 97(0%), ATK IV: 71(0%), DEF IV: 32(0%), Work Speed: (0%), Skills: Lucky, Work Slave, Artisan, Hard Skin
Astegon, Level: 24, Rank: 1, Gender: Male, HP IV: 79(0%), ATK IV: 1(0%), DEF IV: 29(0%), Work Speed: (0%), Skills: Work Slave, Artisan, Hard Skin
Astegon, Level: 40, Rank: 1, Gender: Male, HP IV: 35(0%), ATK IV: 40(0%), DEF IV: 64(0%), Work Speed: (0%), Skills: Hard Skin, Waterproof
Astegon, Level: 40, Rank: 1, Gender: Male, HP IV: 35(0%), ATK IV: 40(0%), DEF IV: 64(0%), Work Speed: (0%), Skills: Hard Skin, Waterproof
Axel & Orserk, Level: 46, Rank: 5, Gender: Male, HP IV: 100(0%), ATK IV: 67(0%), DEF IV: 77(0%), Work Speed: (0%), Skills: Lord of Lightning
Bellanoir, Level: 25, Rank: 1, Gender: Female, HP IV: 76(0%), ATK IV: 10(0%), DEF IV: 88(0%), Work Speed: (0%), Skills: Hydromaniac
Broncherry Aqua, Level: 49, Rank: 5, Gender: Female, HP IV: 26(0%), ATK IV: 74(0%), DEF IV: 64(0%), Work Speed: (0%), Skills: Botanical Barrier, Artisan, Workaholic, Serious
Helzephyr, Level: 37, Rank: 5, Gender: Female, HP IV: 90(0%), ATK IV: 93(0%), DEF IV: 99(0%), Work Speed: (0%), Skills: Mine Foreman, Swift, Runner, Legend
Lyleen, Level: 48, Rank: 5, Gender: Female, HP IV: 56(0%), ATK IV: 27(0%), DEF IV: 7(0%), Work Speed: (30%), Skills: Workaholic, Work Slave, Vanguard, Masochist
Mozzarina, Level: 32, Rank: 1, Gender: Female, HP IV: 10(0%), ATK IV: 97(0%), DEF IV: 60(0%), Work Speed: (0%), Skills: Unstable
Reptyro, Level: 37, Rank: 1, Gender: Female, HP IV: 18(0%), ATK IV: 77(0%), DEF IV: 2(0%), Work Speed: (0%), Skills: Motivational Leader
Wumpo Botan, Level: 48, Rank: 5, Gender: Female, HP IV: 84(0%), ATK IV: 85(0%), DEF IV: 79(0%), Work Speed: (30%), Skills: Abnormal, Swift, Runner, Artisan
too's 19 Pals
-------------
Alpha Jormuntide, Level: 50, Rank: 5, Gender: Female, HP IV: 54(0%), ATK IV: 76(0%), DEF IV: 89(0%), Work Speed: (30%), Skills: Artisan, Lucky, Serious, Work Slave
Alpha Jormuntide, Level: 50, Rank: 5, Gender: Female, HP IV: 54(0%), ATK IV: 76(0%), DEF IV: 89(0%), Work Speed: (30%), Skills: Artisan, Lucky, Serious, Work Slave
Alpha Relaxaurus lux, Level: 38, Rank: 1, Gender: Female, HP IV: 94(0%), ATK IV: 67(0%), DEF IV: 97(0%), Work Speed: (0%), Skills: Capacitor, Workaholic
Alpha Wumpo botan, Level: 49, Rank: 5, Gender: Female, HP IV: 50(0%), ATK IV: 96(0%), DEF IV: 91(0%), Work Speed: (0%), Skills: Power of Gaia, Swift, Runner, Artisan
Anubis, Level: 45, Rank: 1, Gender: Male, HP IV: 95(0%), ATK IV: 33(0%), DEF IV: 10(0%), Work Speed: (0%), Skills: Swift, Runner
Anubis, Level: 45, Rank: 5, Gender: Female, HP IV: 0(0%), ATK IV: 23(0%), DEF IV: 10(0%), Work Speed: (30%), Skills: Artisan, Lucky, Work Slave, Serious
Astegon, Level: 19, Rank: 1, Gender: Male, HP IV: 73(0%), ATK IV: 71(0%), DEF IV: 57(0%), Work Speed: (0%), Skills: Hard Skin, Work Slave, Artisan
Astegon, Level: 19, Rank: 1, Gender: Male, HP IV: 97(0%), ATK IV: 71(0%), DEF IV: 32(0%), Work Speed: (0%), Skills: Lucky, Work Slave, Artisan, Hard Skin
Astegon, Level: 24, Rank: 1, Gender: Male, HP IV: 79(0%), ATK IV: 1(0%), DEF IV: 29(0%), Work Speed: (0%), Skills: Work Slave, Artisan, Hard Skin
Astegon, Level: 40, Rank: 1, Gender: Male, HP IV: 35(0%), ATK IV: 40(0%), DEF IV: 64(0%), Work Speed: (0%), Skills: Hard Skin, Waterproof
Astegon, Level: 40, Rank: 1, Gender: Male, HP IV: 35(0%), ATK IV: 40(0%), DEF IV: 64(0%), Work Speed: (0%), Skills: Hard Skin, Waterproof
Axel & Orserk, Level: 46, Rank: 5, Gender: Male, HP IV: 100(0%), ATK IV: 67(0%), DEF IV: 77(0%), Work Speed: (0%), Skills: Lord of Lightning
Bellanoir, Level: 25, Rank: 1, Gender: Female, HP IV: 76(0%), ATK IV: 10(0%), DEF IV: 88(0%), Work Speed: (0%), Skills: Hydromaniac
Broncherry Aqua, Level: 49, Rank: 5, Gender: Female, HP IV: 26(0%), ATK IV: 74(0%), DEF IV: 64(0%), Work Speed: (0%), Skills: Botanical Barrier, Artisan, Workaholic, Serious
Helzephyr, Level: 37, Rank: 5, Gender: Female, HP IV: 90(0%), ATK IV: 93(0%), DEF IV: 99(0%), Work Speed: (0%), Skills: Mine Foreman, Swift, Runner, Legend
Lyleen, Level: 48, Rank: 5, Gender: Female, HP IV: 56(0%), ATK IV: 27(0%), DEF IV: 7(0%), Work Speed: (30%), Skills: Workaholic, Work Slave, Vanguard, Masochist
Mozzarina, Level: 32, Rank: 1, Gender: Female, HP IV: 10(0%), ATK IV: 97(0%), DEF IV: 60(0%), Work Speed: (0%), Skills: Unstable
Reptyro, Level: 37, Rank: 1, Gender: Female, HP IV: 18(0%), ATK IV: 77(0%), DEF IV: 2(0%), Work Speed: (0%), Skills: Motivational Leader
Wumpo Botan, Level: 48, Rank: 5, Gender: Female, HP IV: 84(0%), ATK IV: 85(0%), DEF IV: 79(0%), Work Speed: (30%), Skills: Abnormal, Swift, Runner, Artisan
too's 19 Pals
-------------
Alpha Jormuntide, Level: 50, Rank: 5, Gender: Female, HP IV: 54(0%), ATK IV: 76(0%), DEF IV: 89(0%), Work Speed: (30%), Skills: Artisan, Lucky, Serious, Work Slave
Alpha Jormuntide, Level: 50, Rank: 5, Gender: Female, HP IV: 54(0%), ATK IV: 76(0%), DEF IV: 89(0%), Work Speed: (30%), Skills: Artisan, Lucky, Serious, Work Slave
Alpha Relaxaurus lux, Level: 38, Rank: 1, Gender: Female, HP IV: 94(0%), ATK IV: 67(0%), DEF IV: 97(0%), Work Speed: (0%), Skills: Capacitor, Workaholic
Alpha Wumpo botan, Level: 49, Rank: 5, Gender: Female, HP IV: 50(0%), ATK IV: 96(0%), DEF IV: 91(0%), Work Speed: (0%), Skills: Power of Gaia, Swift, Runner, Artisan
Anubis, Level: 45, Rank: 1, Gender: Male, HP IV: 95(0%), ATK IV: 33(0%), DEF IV: 10(0%), Work Speed: (0%), Skills: Swift, Runner
Anubis, Level: 45, Rank: 5, Gender: Female, HP IV: 0(0%), ATK IV: 23(0%), DEF IV: 10(0%), Work Speed: (30%), Skills: Artisan, Lucky, Work Slave, Serious
Astegon, Level: 19, Rank: 1, Gender: Male, HP IV: 73(0%), ATK IV: 71(0%), DEF IV: 57(0%), Work Speed: (0%), Skills: Hard Skin, Work Slave, Artisan
Astegon, Level: 19, Rank: 1, Gender: Male, HP IV: 97(0%), ATK IV: 71(0%), DEF IV: 32(0%), Work Speed: (0%), Skills: Lucky, Work Slave, Artisan, Hard Skin
Astegon, Level: 24, Rank: 1, Gender: Male, HP IV: 79(0%), ATK IV: 1(0%), DEF IV: 29(0%), Work Speed: (0%), Skills: Work Slave, Artisan, Hard Skin
Astegon, Level: 40, Rank: 1, Gender: Male, HP IV: 35(0%), ATK IV: 40(0%), DEF IV: 64(0%), Work Speed: (0%), Skills: Hard Skin, Waterproof
Astegon, Level: 40, Rank: 1, Gender: Male, HP IV: 35(0%), ATK IV: 40(0%), DEF IV: 64(0%), Work Speed: (0%), Skills: Hard Skin, Waterproof
Axel & Orserk, Level: 46, Rank: 5, Gender: Male, HP IV: 100(0%), ATK IV: 67(0%), DEF IV: 77(0%), Work Speed: (0%), Skills: Lord of Lightning
Bellanoir, Level: 25, Rank: 1, Gender: Female, HP IV: 76(0%), ATK IV: 10(0%), DEF IV: 88(0%), Work Speed: (0%), Skills: Hydromaniac
Broncherry Aqua, Level: 49, Rank: 5, Gender: Female, HP IV: 26(0%), ATK IV: 74(0%), DEF IV: 64(0%), Work Speed: (0%), Skills: Botanical Barrier, Artisan, Workaholic, Serious
Helzephyr, Level: 37, Rank: 5, Gender: Female, HP IV: 90(0%), ATK IV: 93(0%), DEF IV: 99(0%), Work Speed: (0%), Skills: Mine Foreman, Swift, Runner, Legend
Lyleen, Level: 48, Rank: 5, Gender: Female, HP IV: 56(0%), ATK IV: 27(0%), DEF IV: 7(0%), Work Speed: (30%), Skills: Workaholic, Work Slave, Vanguard, Masochist
Mozzarina, Level: 32, Rank: 1, Gender: Female, HP IV: 10(0%), ATK IV: 97(0%), DEF IV: 60(0%), Work Speed: (0%), Skills: Unstable
Reptyro, Level: 37, Rank: 1, Gender: Female, HP IV: 18(0%), ATK IV: 77(0%), DEF IV: 2(0%), Work Speed: (0%), Skills: Motivational Leader
Wumpo Botan, Level: 48, Rank: 5, Gender: Female, HP IV: 84(0%), ATK IV: 85(0%), DEF IV: 79(0%), Work Speed: (30%), Skills: Abnormal, Swift, Runner, Artisan
too's 19 Pals
-------------
Alpha Jormuntide, Level: 50, Rank: 5, Gender: Female, HP IV: 54(0%), ATK IV: 76(0%), DEF IV: 89(0%), Work Speed: (30%), Skills: Artisan, Lucky, Serious, Work Slave
Alpha Jormuntide, Level: 50, Rank: 5, Gender: Female, HP IV: 54(0%), ATK IV: 76(0%), DEF IV: 89(0%), Work Speed: (30%), Skills: Artisan, Lucky, Serious, Work Slave
Alpha Relaxaurus lux, Level: 38, Rank: 1, Gender: Female, HP IV: 94(0%), ATK IV: 67(0%), DEF IV: 97(0%), Work Speed: (0%), Skills: Capacitor, Workaholic
Alpha Wumpo botan, Level: 49, Rank: 5, Gender: Female, HP IV: 50(0%), ATK IV: 96(0%), DEF IV: 91(0%), Work Speed: (0%), Skills: Power of Gaia, Swift, Runner, Artisan
Anubis, Level: 45, Rank: 1, Gender: Male, HP IV: 95(0%), ATK IV: 33(0%), DEF IV: 10(0%), Work Speed: (0%), Skills: Swift, Runner
Anubis, Level: 45, Rank: 5, Gender: Female, HP IV: 0(0%), ATK IV: 23(0%), DEF IV: 10(0%), Work Speed: (30%), Skills: Artisan, Lucky, Work Slave, Serious
Astegon, Level: 19, Rank: 1, Gender: Male, HP IV: 73(0%), ATK IV: 71(0%), DEF IV: 57(0%), Work Speed: (0%), Skills: Hard Skin, Work Slave, Artisan
Astegon, Level: 19, Rank: 1, Gender: Male, HP IV: 97(0%), ATK IV: 71(0%), DEF IV: 32(0%), Work Speed: (0%), Skills: Lucky, Work Slave, Artisan, Hard Skin
Astegon, Level: 24, Rank: 1, Gender: Male, HP IV: 79(0%), ATK IV: 1(0%), DEF IV: 29(0%), Work Speed: (0%), Skills: Work Slave, Artisan, Hard Skin
Astegon, Level: 40, Rank: 1, Gender: Male, HP IV: 35(0%), ATK IV: 40(0%), DEF IV: 64(0%), Work Speed: (0%), Skills: Hard Skin, Waterproof
Astegon, Level: 40, Rank: 1, Gender: Male, HP IV: 35(0%), ATK IV: 40(0%), DEF IV: 64(0%), Work Speed: (0%), Skills: Hard Skin, Waterproof
Axel & Orserk, Level: 46, Rank: 5, Gender: Male, HP IV: 100(0%), ATK IV: 67(0%), DEF IV: 77(0%), Work Speed: (0%), Skills: Lord of Lightning
Bellanoir, Level: 25, Rank: 1, Gender: Female, HP IV: 76(0%), ATK IV: 10(0%), DEF IV: 88(0%), Work Speed: (0%), Skills: Hydromaniac
Broncherry Aqua, Level: 49, Rank: 5, Gender: Female, HP IV: 26(0%), ATK IV: 74(0%), DEF IV: 64(0%), Work Speed: (0%), Skills: Botanical Barrier, Artisan, Workaholic, Serious
Helzephyr, Level: 37, Rank: 5, Gender: Female, HP IV: 90(0%), ATK IV: 93(0%), DEF IV: 99(0%), Work Speed: (0%), Skills: Mine Foreman, Swift, Runner, Legend
Lyleen, Level: 48, Rank: 5, Gender: Female, HP IV: 56(0%), ATK IV: 27(0%), DEF IV: 7(0%), Work Speed: (30%), Skills: Workaholic, Work Slave, Vanguard, Masochist
Mozzarina, Level: 32, Rank: 1, Gender: Female, HP IV: 10(0%), ATK IV: 97(0%), DEF IV: 60(0%), Work Speed: (0%), Skills: Unstable
Reptyro, Level: 37, Rank: 1, Gender: Female, HP IV: 18(0%), ATK IV: 77(0%), DEF IV: 2(0%), Work Speed: (0%), Skills: Motivational Leader
Wumpo Botan, Level: 48, Rank: 5, Gender: Female, HP IV: 84(0%), ATK IV: 85(0%), DEF IV: 79(0%), Work Speed: (30%), Skills: Abnormal, Swift, Runner, Artisan
too's 19 Pals
-------------
Alpha Jormuntide, Level: 50, Rank: 5, Gender: Female, HP IV: 54(0%), ATK IV: 76(0%), DEF IV: 89(0%), Work Speed: (30%), Skills: Artisan, Lucky, Serious, Work Slave
Alpha Jormuntide, Level: 50, Rank: 5, Gender: Female, HP IV: 54(0%), ATK IV: 76(0%), DEF IV: 89(0%), Work Speed: (30%), Skills: Artisan, Lucky, Serious, Work Slave
Alpha Relaxaurus lux, Level: 38, Rank: 1, Gender: Female, HP IV: 94(0%), ATK IV: 67(0%), DEF IV: 97(0%), Work Speed: (0%), Skills: Capacitor, Workaholic
Alpha Wumpo botan, Level: 49, Rank: 5, Gender: Female, HP IV: 50(0%), ATK IV: 96(0%), DEF IV: 91(0%), Work Speed: (0%), Skills: Power of Gaia, Swift, Runner, Artisan
Anubis, Level: 45, Rank: 1, Gender: Male, HP IV: 95(0%), ATK IV: 33(0%), DEF IV: 10(0%), Work Speed: (0%), Skills: Swift, Runner
Anubis, Level: 45, Rank: 5, Gender: Female, HP IV: 0(0%), ATK IV: 23(0%), DEF IV: 10(0%), Work Speed: (30%), Skills: Artisan, Lucky, Work Slave, Serious
Astegon, Level: 19, Rank: 1, Gender: Male, HP IV: 73(0%), ATK IV: 71(0%), DEF IV: 57(0%), Work Speed: (0%), Skills: Hard Skin, Work Slave, Artisan
Astegon, Level: 19, Rank: 1, Gender: Male, HP IV: 97(0%), ATK IV: 71(0%), DEF IV: 32(0%), Work Speed: (0%), Skills: Lucky, Work Slave, Artisan, Hard Skin
Astegon, Level: 24, Rank: 1, Gender: Male, HP IV: 79(0%), ATK IV: 1(0%), DEF IV: 29(0%), Work Speed: (0%), Skills: Work Slave, Artisan, Hard Skin
Astegon, Level: 40, Rank: 1, Gender: Male, HP IV: 35(0%), ATK IV: 40(0%), DEF IV: 64(0%), Work Speed: (0%), Skills: Hard Skin, Waterproof
Astegon, Level: 40, Rank: 1, Gender: Male, HP IV: 35(0%), ATK IV: 40(0%), DEF IV: 64(0%), Work Speed: (0%), Skills: Hard Skin, Waterproof
Axel & Orserk, Level: 46, Rank: 5, Gender: Male, HP IV: 100(0%), ATK IV: 67(0%), DEF IV: 77(0%), Work Speed: (0%), Skills: Lord of Lightning
Bellanoir, Level: 25, Rank: 1, Gender: Female, HP IV: 76(0%), ATK IV: 10(0%), DEF IV: 88(0%), Work Speed: (0%), Skills: Hydromaniac
Broncherry Aqua, Level: 49, Rank: 5, Gender: Female, HP IV: 26(0%), ATK IV: 74(0%), DEF IV: 64(0%), Work Speed: (0%), Skills: Botanical Barrier, Artisan, Workaholic, Serious
Helzephyr, Level: 37, Rank: 5, Gender: Female, HP IV: 90(0%), ATK IV: 93(0%), DEF IV: 99(0%), Work Speed: (0%), Skills: Mine Foreman, Swift, Runner, Legend
Lyleen, Level: 48, Rank: 5, Gender: Female, HP IV: 56(0%), ATK IV: 27(0%), DEF IV: 7(0%), Work Speed: (30%), Skills: Workaholic, Work Slave, Vanguard, Masochist
Mozzarina, Level: 32, Rank: 1, Gender: Female, HP IV: 10(0%), ATK IV: 97(0%), DEF IV: 60(0%), Work Speed: (0%), Skills: Unstable
Reptyro, Level: 37, Rank: 1, Gender: Female, HP IV: 18(0%), ATK IV: 77(0%), DEF IV: 2(0%), Work Speed: (0%), Skills: Motivational Leader
Wumpo Botan, Level: 48, Rank: 5, Gender: Female, HP IV: 84(0%), ATK IV: 85(0%), DEF IV: 79(0%), Work Speed: (30%), Skills: Abnormal, Swift, Runner, Artisan
too's 19 Pals
-------------
Alpha Jormuntide, Level: 50, Rank: 5, Gender: Female, HP IV: 54(0%), ATK IV: 76(0%), DEF IV: 89(0%), Work Speed: (30%), Skills: Artisan, Lucky, Serious, Work Slave
Alpha Jormuntide, Level: 50, Rank: 5, Gender: Female, HP IV: 54(0%), ATK IV: 76(0%), DEF IV: 89(0%), Work Speed: (30%), Skills: Artisan, Lucky, Serious, Work Slave
Alpha Relaxaurus lux, Level: 38, Rank: 1, Gender: Female, HP IV: 94(0%), ATK IV: 67(0%), DEF IV: 97(0%), Work Speed: (0%), Skills: Capacitor, Workaholic
Alpha Wumpo botan, Level: 49, Rank: 5, Gender: Female, HP IV: 50(0%), ATK IV: 96(0%), DEF IV: 91(0%), Work Speed: (0%), Skills: Power of Gaia, Swift, Runner, Artisan
Anubis, Level: 45, Rank: 1, Gender: Male, HP IV: 95(0%), ATK IV: 33(0%), DEF IV: 10(0%), Work Speed: (0%), Skills: Swift, Runner
Anubis, Level: 45, Rank: 5, Gender: Female, HP IV: 0(0%), ATK IV: 23(0%), DEF IV: 10(0%), Work Speed: (30%), Skills: Artisan, Lucky, Work Slave, Serious
Astegon, Level: 19, Rank: 1, Gender: Male, HP IV: 73(0%), ATK IV: 71(0%), DEF IV: 57(0%), Work Speed: (0%), Skills: Hard Skin, Work Slave, Artisan
Astegon, Level: 19, Rank: 1, Gender: Male, HP IV: 97(0%), ATK IV: 71(0%), DEF IV: 32(0%), Work Speed: (0%), Skills: Lucky, Work Slave, Artisan, Hard Skin
Astegon, Level: 24, Rank: 1, Gender: Male, HP IV: 79(0%), ATK IV: 1(0%), DEF IV: 29(0%), Work Speed: (0%), Skills: Work Slave, Artisan, Hard Skin
Astegon, Level: 40, Rank: 1, Gender: Male, HP IV: 35(0%), ATK IV: 40(0%), DEF IV: 64(0%), Work Speed: (0%), Skills: Hard Skin, Waterproof
Astegon, Level: 40, Rank: 1, Gender: Male, HP IV: 35(0%), ATK IV: 40(0%), DEF IV: 64(0%), Work Speed: (0%), Skills: Hard Skin, Waterproof
Axel & Orserk, Level: 46, Rank: 5, Gender: Male, HP IV: 100(0%), ATK IV: 67(0%), DEF IV: 77(0%), Work Speed: (0%), Skills: Lord of Lightning
Bellanoir, Level: 25, Rank: 1, Gender: Female, HP IV: 76(0%), ATK IV: 10(0%), DEF IV: 88(0%), Work Speed: (0%), Skills: Hydromaniac
Broncherry Aqua, Level: 49, Rank: 5, Gender: Female, HP IV: 26(0%), ATK IV: 74(0%), DEF IV: 64(0%), Work Speed: (0%), Skills: Botanical Barrier, Artisan, Workaholic, Serious
Helzephyr, Level: 37, Rank: 5, Gender: Female, HP IV: 90(0%), ATK IV: 93(0%), DEF IV: 99(0%), Work Speed: (0%), Skills: Mine Foreman, Swift, Runner, Legend
Lyleen, Level: 48, Rank: 5, Gender: Female, HP IV: 56(0%), ATK IV: 27(0%), DEF IV: 7(0%), Work Speed: (30%), Skills: Workaholic, Work Slave, Vanguard, Masochist
Mozzarina, Level: 32, Rank: 1, Gender: Female, HP IV: 10(0%), ATK IV: 97(0%), DEF IV: 60(0%), Work Speed: (0%), Skills: Unstable
Reptyro, Level: 37, Rank: 1, Gender: Female, HP IV: 18(0%), ATK IV: 77(0%), DEF IV: 2(0%), Work Speed: (0%), Skills: Motivational Leader
Wumpo Botan, Level: 48, Rank: 5, Gender: Female, HP IV: 84(0%), ATK IV: 85(0%), DEF IV: 79(0%), Work Speed: (30%), Skills: Abnormal, Swift, Runner, Artisan
too's 19 Pals
-------------
Alpha Jormuntide, Level: 50, Rank: 5, Gender: Female, HP IV: 54(0%), ATK IV: 76(0%), DEF IV: 89(0%), Work Speed: (30%), Skills: Artisan, Lucky, Serious, Work Slave
Alpha Jormuntide, Level: 50, Rank: 5, Gender: Female, HP IV: 54(0%), ATK IV: 76(0%), DEF IV: 89(0%), Work Speed: (30%), Skills: Artisan, Lucky, Serious, Work Slave
Alpha Relaxaurus lux, Level: 38, Rank: 1, Gender: Female, HP IV: 94(0%), ATK IV: 67(0%), DEF IV: 97(0%), Work Speed: (0%), Skills: Capacitor, Workaholic
Alpha Wumpo botan, Level: 49, Rank: 5, Gender: Female, HP IV: 50(0%), ATK IV: 96(0%), DEF IV: 91(0%), Work Speed: (0%), Skills: Power of Gaia, Swift, Runner, Artisan
Anubis, Level: 45, Rank: 1, Gender: Male, HP IV: 95(0%), ATK IV: 33(0%), DEF IV: 10(0%), Work Speed: (0%), Skills: Swift, Runner
Anubis, Level: 45, Rank: 5, Gender: Female, HP IV: 0(0%), ATK IV: 23(0%), DEF IV: 10(0%), Work Speed: (30%), Skills: Artisan, Lucky, Work Slave, Serious
Astegon, Level: 19, Rank: 1, Gender: Male, HP IV: 73(0%), ATK IV: 71(0%), DEF IV: 57(0%), Work Speed: (0%), Skills: Hard Skin, Work Slave, Artisan
Astegon, Level: 19, Rank: 1, Gender: Male, HP IV: 97(0%), ATK IV: 71(0%), DEF IV: 32(0%), Work Speed: (0%), Skills: Lucky, Work Slave, Artisan, Hard Skin
Astegon, Level: 24, Rank: 1, Gender: Male, HP IV: 79(0%), ATK IV: 1(0%), DEF IV: 29(0%), Work Speed: (0%), Skills: Work Slave, Artisan, Hard Skin
Astegon, Level: 40, Rank: 1, Gender: Male, HP IV: 35(0%), ATK IV: 40(0%), DEF IV: 64(0%), Work Speed: (0%), Skills: Hard Skin, Waterproof
Astegon, Level: 40, Rank: 1, Gender: Male, HP IV: 35(0%), ATK IV: 40(0%), DEF IV: 64(0%), Work Speed: (0%), Skills: Hard Skin, Waterproof
Axel & Orserk, Level: 46, Rank: 5, Gender: Male, HP IV: 100(0%), ATK IV: 67(0%), DEF IV: 77(0%), Work Speed: (0%), Skills: Lord of Lightning
Bellanoir, Level: 25, Rank: 1, Gender: Female, HP IV: 76(0%), ATK IV: 10(0%), DEF IV: 88(0%), Work Speed: (0%), Skills: Hydromaniac
Broncherry Aqua, Level: 49, Rank: 5, Gender: Female, HP IV: 26(0%), ATK IV: 74(0%), DEF IV: 64(0%), Work Speed: (0%), Skills: Botanical Barrier, Artisan, Workaholic, Serious
Helzephyr, Level: 37, Rank: 5, Gender: Female, HP IV: 90(0%), ATK IV: 93(0%), DEF IV: 99(0%), Work Speed: (0%), Skills: Mine Foreman, Swift, Runner, Legend
Lyleen, Level: 48, Rank: 5, Gender: Female, HP IV: 56(0%), ATK IV: 27(0%), DEF IV: 7(0%), Work Speed: (30%), Skills: Workaholic, Work Slave, Vanguard, Masochist
Mozzarina, Level: 32, Rank: 1, Gender: Female, HP IV: 10(0%), ATK IV: 97(0%), DEF IV: 60(0%), Work Speed: (0%), Skills: Unstable
Reptyro, Level: 37, Rank: 1, Gender: Female, HP IV: 18(0%), ATK IV: 77(0%), DEF IV: 2(0%), Work Speed: (0%), Skills: Motivational Leader
Wumpo Botan, Level: 48, Rank: 5, Gender: Female, HP IV: 84(0%), ATK IV: 85(0%), DEF IV: 79(0%), Work Speed: (30%), Skills: Abnormal, Swift, Runner, Artisan
too's 19 Pals
-------------
Alpha Jormuntide, Level: 50, Rank: 5, Gender: Female, HP IV: 54(0%), ATK IV: 76(0%), DEF IV: 89(0%), Work Speed: (30%), Skills: Artisan, Lucky, Serious, Work Slave
Alpha Jormuntide, Level: 50, Rank: 5, Gender: Female, HP IV: 54(0%), ATK IV: 76(0%), DEF IV: 89(0%), Work Speed: (30%), Skills: Artisan, Lucky, Serious, Work Slave
Alpha Relaxaurus lux, Level: 38, Rank: 1, Gender: Female, HP IV: 94(0%), ATK IV: 67(0%), DEF IV: 97(0%), Work Speed: (0%), Skills: Capacitor, Workaholic
Alpha Wumpo botan, Level: 49, Rank: 5, Gender: Female, HP IV: 50(0%), ATK IV: 96(0%), DEF IV: 91(0%), Work Speed: (0%), Skills: Power of Gaia, Swift, Runner, Artisan
Anubis, Level: 45, Rank: 1, Gender: Male, HP IV: 95(0%), ATK IV: 33(0%), DEF IV: 10(0%), Work Speed: (0%), Skills: Swift, Runner
Anubis, Level: 45, Rank: 5, Gender: Female, HP IV: 0(0%), ATK IV: 23(0%), DEF IV: 10(0%), Work Speed: (30%), Skills: Artisan, Lucky, Work Slave, Serious
Astegon, Level: 19, Rank: 1, Gender: Male, HP IV: 73(0%), ATK IV: 71(0%), DEF IV: 57(0%), Work Speed: (0%), Skills: Hard Skin, Work Slave, Artisan
Astegon, Level: 19, Rank: 1, Gender: Male, HP IV: 97(0%), ATK IV: 71(0%), DEF IV: 32(0%), Work Speed: (0%), Skills: Lucky, Work Slave, Artisan, Hard Skin
Astegon, Level: 24, Rank: 1, Gender: Male, HP IV: 79(0%), ATK IV: 1(0%), DEF IV: 29(0%), Work Speed: (0%), Skills: Work Slave, Artisan, Hard Skin
Astegon, Level: 40, Rank: 1, Gender: Male, HP IV: 35(0%), ATK IV: 40(0%), DEF IV: 64(0%), Work Speed: (0%), Skills: Hard Skin, Waterproof
Astegon, Level: 40, Rank: 1, Gender: Male, HP IV: 35(0%), ATK IV: 40(0%), DEF IV: 64(0%), Work Speed: (0%), Skills: Hard Skin, Waterproof
Axel & Orserk, Level: 46, Rank: 5, Gender: Male, HP IV: 100(0%), ATK IV: 67(0%), DEF IV: 77(0%), Work Speed: (0%), Skills: Lord of Lightning
Bellanoir, Level: 25, Rank: 1, Gender: Female, HP IV: 76(0%), ATK IV: 10(0%), DEF IV: 88(0%), Work Speed: (0%), Skills: Hydromaniac
Broncherry Aqua, Level: 49, Rank: 5, Gender: Female, HP IV: 26(0%), ATK IV: 74(0%), DEF IV: 64(0%), Work Speed: (0%), Skills: Botanical Barrier, Artisan, Workaholic, Serious
Helzephyr, Level: 37, Rank: 5, Gender: Female, HP IV: 90(0%), ATK IV: 93(0%), DEF IV: 99(0%), Work Speed: (0%), Skills: Mine Foreman, Swift, Runner, Legend
Lyleen, Level: 48, Rank: 5, Gender: Female, HP IV: 56(0%), ATK IV: 27(0%), DEF IV: 7(0%), Work Speed: (30%), Skills: Workaholic, Work Slave, Vanguard, Masochist
Mozzarina, Level: 32, Rank: 1, Gender: Female, HP IV: 10(0%), ATK IV: 97(0%), DEF IV: 60(0%), Work Speed: (0%), Skills: Unstable
Reptyro, Level: 37, Rank: 1, Gender: Female, HP IV: 18(0%), ATK IV: 77(0%), DEF IV: 2(0%), Work Speed: (0%), Skills: Motivational Leader
Wumpo Botan, Level: 48, Rank: 5, Gender: Female, HP IV: 84(0%), ATK IV: 85(0%), DEF IV: 79(0%), Work Speed: (30%), Skills: Abnormal, Swift, Runner, Artisan
too's 19 Pals
-------------
Alpha Jormuntide, Level: 50, Rank: 5, Gender: Female, HP IV: 54(0%), ATK IV: 76(0%), DEF IV: 89(0%), Work Speed: (30%), Skills: Artisan, Lucky, Serious, Work Slave
Alpha Jormuntide, Level: 50, Rank: 5, Gender: Female, HP IV: 54(0%), ATK IV: 76(0%), DEF IV: 89(0%), Work Speed: (30%), Skills: Artisan, Lucky, Serious, Work Slave
Alpha Relaxaurus lux, Level: 38, Rank: 1, Gender: Female, HP IV: 94(0%), ATK IV: 67(0%), DEF IV: 97(0%), Work Speed: (0%), Skills: Capacitor, Workaholic
Alpha Wumpo botan, Level: 49, Rank: 5, Gender: Female, HP IV: 50(0%), ATK IV: 96(0%), DEF IV: 91(0%), Work Speed: (0%), Skills: Power of Gaia, Swift, Runner, Artisan
Anubis, Level: 45, Rank: 1, Gender: Male, HP IV: 95(0%), ATK IV: 33(0%), DEF IV: 10(0%), Work Speed: (0%), Skills: Swift, Runner
Anubis, Level: 45, Rank: 5, Gender: Female, HP IV: 0(0%), ATK IV: 23(0%), DEF IV: 10(0%), Work Speed: (30%), Skills: Artisan, Lucky, Work Slave, Serious
Astegon, Level: 19, Rank: 1, Gender: Male, HP IV: 73(0%), ATK IV: 71(0%), DEF IV: 57(0%), Work Speed: (0%), Skills: Hard Skin, Work Slave, Artisan
Astegon, Level: 19, Rank: 1, Gender: Male, HP IV: 97(0%), ATK IV: 71(0%), DEF IV: 32(0%), Work Speed: (0%), Skills: Lucky, Work Slave, Artisan, Hard Skin
Astegon, Level: 24, Rank: 1, Gender: Male, HP IV: 79(0%), ATK IV: 1(0%), DEF IV: 29(0%), Work Speed: (0%), Skills: Work Slave, Artisan, Hard Skin
Astegon, Level: 40, Rank: 1, Gender: Male, HP IV: 35(0%), ATK IV: 40(0%), DEF IV: 64(0%), Work Speed: (0%), Skills: Hard Skin, Waterproof
Astegon, Level: 40, Rank: 1, Gender: Male, HP IV: 35(0%), ATK IV: 40(0%), DEF IV: 64(0%), Work Speed: (0%), Skills: Hard Skin, Waterproof
Axel & Orserk, Level: 46, Rank: 5, Gender: Male, HP IV: 100(0%), ATK IV: 67(0%), DEF IV: 77(0%), Work Speed: (0%), Skills: Lord of Lightning
Bellanoir, Level: 25, Rank: 1, Gender: Female, HP IV: 76(0%), ATK IV: 10(0%), DEF IV: 88(0%), Work Speed: (0%), Skills: Hydromaniac
Broncherry Aqua, Level: 49, Rank: 5, Gender: Female, HP IV: 26(0%), ATK IV: 74(0%), DEF IV: 64(0%), Work Speed: (0%), Skills: Botanical Barrier, Artisan, Workaholic, Serious
Helzephyr, Level: 37, Rank: 5, Gender: Female, HP IV: 90(0%), ATK IV: 93(0%), DEF IV: 99(0%), Work Speed: (0%), Skills: Mine Foreman, Swift, Runner, Legend
Lyleen, Level: 48, Rank: 5, Gender: Female, HP IV: 56(0%), ATK IV: 27(0%), DEF IV: 7(0%), Work Speed: (30%), Skills: Workaholic, Work Slave, Vanguard, Masochist
Mozzarina, Level: 32, Rank: 1, Gender: Female, HP IV: 10(0%), ATK IV: 97(0%), DEF IV: 60(0%), Work Speed: (0%), Skills: Unstable
Reptyro, Level: 37, Rank: 1, Gender: Female, HP IV: 18(0%), ATK IV: 77(0%), DEF IV: 2(0%), Work Speed: (0%), Skills: Motivational Leader
Wumpo Botan, Level: 48, Rank: 5, Gender: Female, HP IV: 84(0%), ATK IV: 85(0%), DEF IV: 79(0%), Work Speed: (30%), Skills: Abnormal, Swift, Runner, Artisan
too's 19 Pals
-------------
Alpha Jormuntide, Level: 50, Rank: 5, Gender: Female, HP IV: 54(0%), ATK IV: 76(0%), DEF IV: 89(0%), Work Speed: (30%), Skills: Artisan, Lucky, Serious, Work Slave
Alpha Jormuntide, Level: 50, Rank: 5, Gender: Female, HP IV: 54(0%), ATK IV: 76(0%), DEF IV: 89(0%), Work Speed: (30%), Skills: Artisan, Lucky, Serious, Work Slave
Alpha Relaxaurus lux, Level: 38, Rank: 1, Gender: Female, HP IV: 94(0%), ATK IV: 67(0%), DEF IV: 97(0%), Work Speed: (0%), Skills: Capacitor, Workaholic
Alpha Wumpo botan, Level: 49, Rank: 5, Gender: Female, HP IV: 50(0%), ATK IV: 96(0%), DEF IV: 91(0%), Work Speed: (0%), Skills: Power of Gaia, Swift, Runner, Artisan
Anubis, Level: 45, Rank: 1, Gender: Male, HP IV: 95(0%), ATK IV: 33(0%), DEF IV: 10(0%), Work Speed: (0%), Skills: Swift, Runner
Anubis, Level: 45, Rank: 5, Gender: Female, HP IV: 0(0%), ATK IV: 23(0%), DEF IV: 10(0%), Work Speed: (30%), Skills: Artisan, Lucky, Work Slave, Serious
Astegon, Level: 19, Rank: 1, Gender: Male, HP IV: 73(0%), ATK IV: 71(0%), DEF IV: 57(0%), Work Speed: (0%), Skills: Hard Skin, Work Slave, Artisan
Astegon, Level: 19, Rank: 1, Gender: Male, HP IV: 97(0%), ATK IV: 71(0%), DEF IV: 32(0%), Work Speed: (0%), Skills: Lucky, Work Slave, Artisan, Hard Skin
Astegon, Level: 24, Rank: 1, Gender: Male, HP IV: 79(0%), ATK IV: 1(0%), DEF IV: 29(0%), Work Speed: (0%), Skills: Work Slave, Artisan, Hard Skin
Astegon, Level: 40, Rank: 1, Gender: Male, HP IV: 35(0%), ATK IV: 40(0%), DEF IV: 64(0%), Work Speed: (0%), Skills: Hard Skin, Waterproof
Astegon, Level: 40, Rank: 1, Gender: Male, HP IV: 35(0%), ATK IV: 40(0%), DEF IV: 64(0%), Work Speed: (0%), Skills: Hard Skin, Waterproof
Axel & Orserk, Level: 46, Rank: 5, Gender: Male, HP IV: 100(0%), ATK IV: 67(0%), DEF IV: 77(0%), Work Speed: (0%), Skills: Lord of Lightning
Bellanoir, Level: 25, Rank: 1, Gender: Female, HP IV: 76(0%), ATK IV: 10(0%), DEF IV: 88(0%), Work Speed: (0%), Skills: Hydromaniac
Broncherry Aqua, Level: 49, Rank: 5, Gender: Female, HP IV: 26(0%), ATK IV: 74(0%), DEF IV: 64(0%), Work Speed: (0%), Skills: Botanical Barrier, Artisan, Workaholic, Serious
Helzephyr, Level: 37, Rank: 5, Gender: Female, HP IV: 90(0%), ATK IV: 93(0%), DEF IV: 99(0%), Work Speed: (0%), Skills: Mine Foreman, Swift, Runner, Legend
Lyleen, Level: 48, Rank: 5, Gender: Female, HP IV: 56(0%), ATK IV: 27(0%), DEF IV: 7(0%), Work Speed: (30%), Skills: Workaholic, Work Slave, Vanguard, Masochist
Mozzarina, Level: 32, Rank: 1, Gender: Female, HP IV: 10(0%), ATK IV: 97(0%), DEF IV: 60(0%), Work Speed: (0%), Skills: Unstable
Reptyro, Level: 37, Rank: 1, Gender: Female, HP IV: 18(0%), ATK IV: 77(0%), DEF IV: 2(0%), Work Speed: (0%), Skills: Motivational Leader
Wumpo Botan, Level: 48, Rank: 5, Gender: Female, HP IV: 84(0%), ATK IV: 85(0%), DEF IV: 79(0%), Work Speed: (30%), Skills: Abnormal, Swift, Runner, Artisan
too's 19 Pals
-------------
Alpha Jormuntide, Level: 50, Rank: 5, Gender: Female, HP IV: 54(0%), ATK IV: 76(0%), DEF IV: 89(0%), Work Speed: (30%), Skills: Artisan, Lucky, Serious, Work Slave
Alpha Jormuntide, Level: 50, Rank: 5, Gender: Female, HP IV: 54(0%), ATK IV: 76(0%), DEF IV: 89(0%), Work Speed: (30%), Skills: Artisan, Lucky, Serious, Work Slave
Alpha Relaxaurus lux, Level: 38, Rank: 1, Gender: Female, HP IV: 94(0%), ATK IV: 67(0%), DEF IV: 97(0%), Work Speed: (0%), Skills: Capacitor, Workaholic
Alpha Wumpo botan, Level: 49, Rank: 5, Gender: Female, HP IV: 50(0%), ATK IV: 96(0%), DEF IV: 91(0%), Work Speed: (0%), Skills: Power of Gaia, Swift, Runner, Artisan
Anubis, Level: 45, Rank: 1, Gender: Male, HP IV: 95(0%), ATK IV: 33(0%), DEF IV: 10(0%), Work Speed: (0%), Skills: Swift, Runner
Anubis, Level: 45, Rank: 5, Gender: Female, HP IV: 0(0%), ATK IV: 23(0%), DEF IV: 10(0%), Work Speed: (30%), Skills: Artisan, Lucky, Work Slave, Serious
Astegon, Level: 19, Rank: 1, Gender: Male, HP IV: 73(0%), ATK IV: 71(0%), DEF IV: 57(0%), Work Speed: (0%), Skills: Hard Skin, Work Slave, Artisan
Astegon, Level: 19, Rank: 1, Gender: Male, HP IV: 97(0%), ATK IV: 71(0%), DEF IV: 32(0%), Work Speed: (0%), Skills: Lucky, Work Slave, Artisan, Hard Skin
Astegon, Level: 24, Rank: 1, Gender: Male, HP IV: 79(0%), ATK IV: 1(0%), DEF IV: 29(0%), Work Speed: (0%), Skills: Work Slave, Artisan, Hard Skin
Astegon, Level: 40, Rank: 1, Gender: Male, HP IV: 35(0%), ATK IV: 40(0%), DEF IV: 64(0%), Work Speed: (0%), Skills: Hard Skin, Waterproof
Astegon, Level: 40, Rank: 1, Gender: Male, HP IV: 35(0%), ATK IV: 40(0%), DEF IV: 64(0%), Work Speed: (0%), Skills: Hard Skin, Waterproof
Axel & Orserk, Level: 46, Rank: 5, Gender: Male, HP IV: 100(0%), ATK IV: 67(0%), DEF IV: 77(0%), Work Speed: (0%), Skills: Lord of Lightning
Bellanoir, Level: 25, Rank: 1, Gender: Female, HP IV: 76(0%), ATK IV: 10(0%), DEF IV: 88(0%), Work Speed: (0%), Skills: Hydromaniac
Broncherry Aqua, Level: 49, Rank: 5, Gender: Female, HP IV: 26(0%), ATK IV: 74(0%), DEF IV: 64(0%), Work Speed: (0%), Skills: Botanical Barrier, Artisan, Workaholic, Serious
Helzephyr, Level: 37, Rank: 5, Gender: Female, HP IV: 90(0%), ATK IV: 93(0%), DEF IV: 99(0%), Work Speed: (0%), Skills: Mine Foreman, Swift, Runner, Legend
Lyleen, Level: 48, Rank: 5, Gender: Female, HP IV: 56(0%), ATK IV: 27(0%), DEF IV: 7(0%), Work Speed: (30%), Skills: Workaholic, Work Slave, Vanguard, Masochist
Mozzarina, Level: 32, Rank: 1, Gender: Female, HP IV: 10(0%), ATK IV: 97(0%), DEF IV: 60(0%), Work Speed: (0%), Skills: Unstable
Reptyro, Level: 37, Rank: 1, Gender: Female, HP IV: 18(0%), ATK IV: 77(0%), DEF IV: 2(0%), Work Speed: (0%), Skills: Motivational Leader
Wumpo Botan, Level: 48, Rank: 5, Gender: Female, HP IV: 84(0%), ATK IV: 85(0%), DEF IV: 79(0%), Work Speed: (30%), Skills: Abnormal, Swift, Runner, Artisan
too's 19 Pals
-------------
Alpha Jormuntide, Level: 50, Rank: 5, Gender: Female, HP IV: 54(0%), ATK IV: 76(0%), DEF IV: 89(0%), Work Speed: (30%), Skills: Artisan, Lucky, Serious, Work Slave
Alpha Jormuntide, Level: 50, Rank: 5, Gender: Female, HP IV: 54(0%), ATK IV: 76(0%), DEF IV: 89(0%), Work Speed: (30%), Skills: Artisan, Lucky, Serious, Work Slave
Alpha Relaxaurus lux, Level: 38, Rank: 1, Gender: Female, HP IV: 94(0%), ATK IV: 67(0%), DEF IV: 97(0%), Work Speed: (0%), Skills: Capacitor, Workaholic
Alpha Wumpo botan, Level: 49, Rank: 5, Gender: Female, HP IV: 50(0%), ATK IV: 96(0%), DEF IV: 91(0%), Work Speed: (0%), Skills: Power of Gaia, Swift, Runner, Artisan
Anubis, Level: 45, Rank: 1, Gender: Male, HP IV: 95(0%), ATK IV: 33(0%), DEF IV: 10(0%), Work Speed: (0%), Skills: Swift, Runner
Anubis, Level: 45, Rank: 5, Gender: Female, HP IV: 0(0%), ATK IV: 23(0%), DEF IV: 10(0%), Work Speed: (30%), Skills: Artisan, Lucky, Work Slave, Serious
Astegon, Level: 19, Rank: 1, Gender: Male, HP IV: 73(0%), ATK IV: 71(0%), DEF IV: 57(0%), Work Speed: (0%), Skills: Hard Skin, Work Slave, Artisan
Astegon, Level: 19, Rank: 1, Gender: Male, HP IV: 97(0%), ATK IV: 71(0%), DEF IV: 32(0%), Work Speed: (0%), Skills: Lucky, Work Slave, Artisan, Hard Skin
Astegon, Level: 24, Rank: 1, Gender: Male, HP IV: 79(0%), ATK IV: 1(0%), DEF IV: 29(0%), Work Speed: (0%), Skills: Work Slave, Artisan, Hard Skin
Astegon, Level: 40, Rank: 1, Gender: Male, HP IV: 35(0%), ATK IV: 40(0%), DEF IV: 64(0%), Work Speed: (0%), Skills: Hard Skin, Waterproof
Astegon, Level: 40, Rank: 1, Gender: Male, HP IV: 35(0%), ATK IV: 40(0%), DEF IV: 64(0%), Work Speed: (0%), Skills: Hard Skin, Waterproof
Axel & Orserk, Level: 46, Rank: 5, Gender: Male, HP IV: 100(0%), ATK IV: 67(0%), DEF IV: 77(0%), Work Speed: (0%), Skills: Lord of Lightning
Bellanoir, Level: 25, Rank: 1, Gender: Female, HP IV: 76(0%), ATK IV: 10(0%), DEF IV: 88(0%), Work Speed: (0%), Skills: Hydromaniac
Broncherry Aqua, Level: 49, Rank: 5, Gender: Female, HP IV: 26(0%), ATK IV: 74(0%), DEF IV: 64(0%), Work Speed: (0%), Skills: Botanical Barrier, Artisan, Workaholic, Serious
Helzephyr, Level: 37, Rank: 5, Gender: Female, HP IV: 90(0%), ATK IV: 93(0%), DEF IV: 99(0%), Work Speed: (0%), Skills: Mine Foreman, Swift, Runner, Legend
Lyleen, Level: 48, Rank: 5, Gender: Female, HP IV: 56(0%), ATK IV: 27(0%), DEF IV: 7(0%), Work Speed: (30%), Skills: Workaholic, Work Slave, Vanguard, Masochist
Mozzarina, Level: 32, Rank: 1, Gender: Female, HP IV: 10(0%), ATK IV: 97(0%), DEF IV: 60(0%), Work Speed: (0%), Skills: Unstable
Reptyro, Level: 37, Rank: 1, Gender: Female, HP IV: 18(0%), ATK IV: 77(0%), DEF IV: 2(0%), Work Speed: (0%), Skills: Motivational Leader
Wumpo Botan, Level: 48, Rank: 5, Gender: Female, HP IV: 84(0%), ATK IV: 85(0%), DEF IV: 79(0%), Work Speed: (30%), Skills: Abnormal, Swift, Runner, Artisan
too's 19 Pals
-------------
Alpha Jormuntide, Level: 50, Rank: 5, Gender: Female, HP IV: 54(0%), ATK IV: 76(0%), DEF IV: 89(0%), Work Speed: (30%), Skills: Artisan, Lucky, Serious, Work Slave
Alpha Jormuntide, Level: 50, Rank: 5, Gender: Female, HP IV: 54(0%), ATK IV: 76(0%), DEF IV: 89(0%), Work Speed: (30%), Skills: Artisan, Lucky, Serious, Work Slave
Alpha Relaxaurus lux, Level: 38, Rank: 1, Gender: Female, HP IV: 94(0%), ATK IV: 67(0%), DEF IV: 97(0%), Work Speed: (0%), Skills: Capacitor, Workaholic
Alpha Wumpo botan, Level: 49, Rank: 5, Gender: Female, HP IV: 50(0%), ATK IV: 96(0%), DEF IV: 91(0%), Work Speed: (0%), Skills: Power of Gaia, Swift, Runner, Artisan
Anubis, Level: 45, Rank: 1, Gender: Male, HP IV: 95(0%), ATK IV: 33(0%), DEF IV: 10(0%), Work Speed: (0%), Skills: Swift, Runner
Anubis, Level: 45, Rank: 5, Gender: Female, HP IV: 0(0%), ATK IV: 23(0%), DEF IV: 10(0%), Work Speed: (30%), Skills: Artisan, Lucky, Work Slave, Serious
Astegon, Level: 19, Rank: 1, Gender: Male, HP IV: 73(0%), ATK IV: 71(0%), DEF IV: 57(0%), Work Speed: (0%), Skills: Hard Skin, Work Slave, Artisan
Astegon, Level: 19, Rank: 1, Gender: Male, HP IV: 97(0%), ATK IV: 71(0%), DEF IV: 32(0%), Work Speed: (0%), Skills: Lucky, Work Slave, Artisan, Hard Skin
Astegon, Level: 24, Rank: 1, Gender: Male, HP IV: 79(0%), ATK IV: 1(0%), DEF IV: 29(0%), Work Speed: (0%), Skills: Work Slave, Artisan, Hard Skin
Astegon, Level: 40, Rank: 1, Gender: Male, HP IV: 35(0%), ATK IV: 40(0%), DEF IV: 64(0%), Work Speed: (0%), Skills: Hard Skin, Waterproof
Astegon, Level: 40, Rank: 1, Gender: Male, HP IV: 35(0%), ATK IV: 40(0%), DEF IV: 64(0%), Work Speed: (0%), Skills: Hard Skin, Waterproof
Axel & Orserk, Level: 46, Rank: 5, Gender: Male, HP IV: 100(0%), ATK IV: 67(0%), DEF IV: 77(0%), Work Speed: (0%), Skills: Lord of Lightning
Bellanoir, Level: 25, Rank: 1, Gender: Female, HP IV: 76(0%), ATK IV: 10(0%), DEF IV: 88(0%), Work Speed: (0%), Skills: Hydromaniac
Broncherry Aqua, Level: 49, Rank: 5, Gender: Female, HP IV: 26(0%), ATK IV: 74(0%), DEF IV: 64(0%), Work Speed: (0%), Skills: Botanical Barrier, Artisan, Workaholic, Serious
Helzephyr, Level: 37, Rank: 5, Gender: Female, HP IV: 90(0%), ATK IV: 93(0%), DEF IV: 99(0%), Work Speed: (0%), Skills: Mine Foreman, Swift, Runner, Legend
Lyleen, Level: 48, Rank: 5, Gender: Female, HP IV: 56(0%), ATK IV: 27(0%), DEF IV: 7(0%), Work Speed: (30%), Skills: Workaholic, Work Slave, Vanguard, Masochist
Mozzarina, Level: 32, Rank: 1, Gender: Female, HP IV: 10(0%), ATK IV: 97(0%), DEF IV: 60(0%), Work Speed: (0%), Skills: Unstable
Reptyro, Level: 37, Rank: 1, Gender: Female, HP IV: 18(0%), ATK IV: 77(0%), DEF IV: 2(0%), Work Speed: (0%), Skills: Motivational Leader
Wumpo Botan, Level: 48, Rank: 5, Gender: Female, HP IV: 84(0%), ATK IV: 85(0%), DEF IV: 79(0%), Work Speed: (30%), Skills: Abnormal, Swift, Runner, Artisan
