TrevvyKun's 5 Pals
------------------
Chikipi, Level: 3, Rank: 1, Gender: Female, HP IV: 90(0%), ATK IV: 48(0%), DEF IV: 71(0%), Work Speed: (0%), Skills: Unstable
Cremis, Level: 5, Rank: 1, Gender: Female, HP IV: 87(0%), ATK IV: 18(0%), DEF IV: 60(0%), Work Speed: (0%), Skills: Nocturnal
Lamball, Level: 4, Rank: 1, Gender: Male, HP IV: 0(0%), ATK IV: 80(0%), DEF IV: 12(0%), Work Speed: (0%), Skills: Burly Body, Earthquake Resistant
Lamball, Level: 5, Rank: 1, Gender: Female, HP IV: 90(0%), ATK IV: 27(0%), DEF IV: 61(0%), Work Speed: (0%), Skills: Noble
Traveling Merchant, Level: 1, Rank: 1, Gender: Unknown, HP IV: 95(0%), ATK IV: 15(0%), DEF IV: 50(0%), Work Speed: (0%), Skills: Masochist
TrevvyKun's 5 Pals
------------------
Chikipi, Level: 3, Rank: 1, Gender: Female, HP IV: 90(0%), ATK IV: 48(0%), DEF IV: 71(0%), Work Speed: (0%), Skills: Unstable
Cremis, Level: 5, Rank: 1, Gender: Female, HP IV: 87(0%), ATK IV: 18(0%), DEF IV: 60(0%), Work Speed: (0%), Skills: Nocturnal
Lamball, Level: 4, Rank: 1, Gender: Male, HP IV: 0(0%), ATK IV: 80(0%), DEF IV: 12(0%), Work Speed: (0%), Skills: Burly Body, Earthquake Resistant
Lamball, Level: 5, Rank: 1, Gender: Female, HP IV: 90(0%), ATK IV: 27(0%), DEF IV: 61(0%), Work Speed: (0%), Skills: Noble
Traveling Merchant, Level: 1, Rank: 1, Gender: Unknown, HP IV: 95(0%), ATK IV: 15(0%), DEF IV: 50(0%), Work Speed: (0%), Skills: Masochist
TrevvyKun's 5 Pals
------------------
Chikipi, Level: 3, Rank: 1, Gender: Female, HP IV: 90(0%), ATK IV: 48(0%), DEF IV: 71(0%), Work Speed: (0%), Skills: Unstable
Cremis, Level: 5, Rank: 1, Gender: Female, HP IV: 87(0%), ATK IV: 18(0%), DEF IV: 60(0%), Work Speed: (0%), Skills: Nocturnal
Lamball, Level: 4, Rank: 1, Gender: Male, HP IV: 0(0%), ATK IV: 80(0%), DEF IV: 12(0%), Work Speed: (0%), Skills: Burly Body, Earthquake Resistant
Lamball, Level: 5, Rank: 1, Gender: Female, HP IV: 90(0%), ATK IV: 27(0%), DEF IV: 61(0%), Work Speed: (0%), Skills: Noble
Traveling Merchant, Level: 1, Rank: 1, Gender: Unknown, HP IV: 95(0%), ATK IV: 15(0%), DEF IV: 50(0%), Work Speed: (0%), Skills: Masochist
TrevvyKun's 5 Pals
------------------
Chikipi, Level: 3, Rank: 1, Gender: Female, HP IV: 90(0%), ATK IV: 48(0%), DEF IV: 71(0%), Work Speed: (0%), Skills: Unstable
Cremis, Level: 5, Rank: 1, Gender: Female, HP IV: 87(0%), ATK IV: 18(0%), DEF IV: 60(0%), Work Speed: (0%), Skills: Nocturnal
Lamball, Level: 4, Rank: 1, Gender: Male, HP IV: 0(0%), ATK IV: 80(0%), DEF IV: 12(0%), Work Speed: (0%), Skills: Burly Body, Earthquake Resistant
Lamball, Level: 5, Rank: 1, Gender: Female, HP IV: 90(0%), ATK IV: 27(0%), DEF IV: 61(0%), Work Speed: (0%), Skills: Noble
Traveling Merchant, Level: 1, Rank: 1, Gender: Unknown, HP IV: 95(0%), ATK IV: 15(0%), DEF IV: 50(0%), Work Speed: (0%), Skills: Masochist
TrevvyKun's 5 Pals
------------------
Chikipi, Level: 3, Rank: 1, Gender: Female, HP IV: 90(0%), ATK IV: 48(0%), DEF IV: 71(0%), Work Speed: (0%), Skills: Unstable
Cremis, Level: 5, Rank: 1, Gender: Female, HP IV: 87(0%), ATK IV: 18(0%), DEF IV: 60(0%), Work Speed: (0%), Skills: Nocturnal
Lamball, Level: 4, Rank: 1, Gender: Male, HP IV: 0(0%), ATK IV: 80(0%), DEF IV: 12(0%), Work Speed: (0%), Skills: Burly Body, Earthquake Resistant
Lamball, Level: 5, Rank: 1, Gender: Female, HP IV: 90(0%), ATK IV: 27(0%), DEF IV: 61(0%), Work Speed: (0%), Skills: Noble
Traveling Merchant, Level: 1, Rank: 1, Gender: Unknown, HP IV: 95(0%), ATK IV: 15(0%), DEF IV: 50(0%), Work Speed: (0%), Skills: Masochist
TrevvyKun's 5 Pals
------------------
Chikipi, Level: 3, Rank: 1, Gender: Female, HP IV: 90(0%), ATK IV: 48(0%), DEF IV: 71(0%), Work Speed: (0%), Skills: Unstable
Cremis, Level: 5, Rank: 1, Gender: Female, HP IV: 87(0%), ATK IV: 18(0%), DEF IV: 60(0%), Work Speed: (0%), Skills: Nocturnal
Lamball, Level: 4, Rank: 1, Gender: Male, HP IV: 0(0%), ATK IV: 80(0%), DEF IV: 12(0%), Work Speed: (0%), Skills: Burly Body, Earthquake Resistant
Lamball, Level: 5, Rank: 1, Gender: Female, HP IV: 90(0%), ATK IV: 27(0%), DEF IV: 61(0%), Work Speed: (0%), Skills: Noble
Traveling Merchant, Level: 1, Rank: 1, Gender: Unknown, HP IV: 95(0%), ATK IV: 15(0%), DEF IV: 50(0%), Work Speed: (0%), Skills: Masochist
TrevvyKun's 5 Pals
------------------
Chikipi, Level: 3, Rank: 1, Gender: Female, HP IV: 90(0%), ATK IV: 48(0%), DEF IV: 71(0%), Work Speed: (0%), Skills: Unstable
Cremis, Level: 5, Rank: 1, Gender: Female, HP IV: 87(0%), ATK IV: 18(0%), DEF IV: 60(0%), Work Speed: (0%), Skills: Nocturnal
Lamball, Level: 4, Rank: 1, Gender: Male, HP IV: 0(0%), ATK IV: 80(0%), DEF IV: 12(0%), Work Speed: (0%), Skills: Burly Body, Earthquake Resistant
Lamball, Level: 5, Rank: 1, Gender: Female, HP IV: 90(0%), ATK IV: 27(0%), DEF IV: 61(0%), Work Speed: (0%), Skills: Noble
Traveling Merchant, Level: 1, Rank: 1, Gender: Unknown, HP IV: 95(0%), ATK IV: 15(0%), DEF IV: 50(0%), Work Speed: (0%), Skills: Masochist
TrevvyKun's 5 Pals
------------------
Chikipi, Level: 3, Rank: 1, Gender: Female, HP IV: 90(0%), ATK IV: 48(0%), DEF IV: 71(0%), Work Speed: (0%), Skills: Unstable
Cremis, Level: 5, Rank: 1, Gender: Female, HP IV: 87(0%), ATK IV: 18(0%), DEF IV: 60(0%), Work Speed: (0%), Skills: Nocturnal
Lamball, Level: 4, Rank: 1, Gender: Male, HP IV: 0(0%), ATK IV: 80(0%), DEF IV: 12(0%), Work Speed: (0%), Skills: Burly Body, Earthquake Resistant
Lamball, Level: 5, Rank: 1, Gender: Female, HP IV: 90(0%), ATK IV: 27(0%), DEF IV: 61(0%), Work Speed: (0%), Skills: Noble
Traveling Merchant, Level: 1, Rank: 1, Gender: Unknown, HP IV: 95(0%), ATK IV: 15(0%), DEF IV: 50(0%), Work Speed: (0%), Skills: Masochist
TrevvyKun's 5 Pals
------------------
Chikipi, Level: 3, Rank: 1, Gender: Female, HP IV: 90(0%), ATK IV: 48(0%), DEF IV: 71(0%), Work Speed: (0%), Skills: Unstable
Cremis, Level: 5, Rank: 1, Gender: Female, HP IV: 87(0%), ATK IV: 18(0%), DEF IV: 60(0%), Work Speed: (0%), Skills: Nocturnal
Lamball, Level: 4, Rank: 1, Gender: Male, HP IV: 0(0%), ATK IV: 80(0%), DEF IV: 12(0%), Work Speed: (0%), Skills: Burly Body, Earthquake Resistant
Lamball, Level: 5, Rank: 1, Gender: Female, HP IV: 90(0%), ATK IV: 27(0%), DEF IV: 61(0%), Work Speed: (0%), Skills: Noble
Traveling Merchant, Level: 1, Rank: 1, Gender: Unknown, HP IV: 95(0%), ATK IV: 15(0%), DEF IV: 50(0%), Work Speed: (0%), Skills: Masochist
TrevvyKun's 5 Pals
------------------
Chikipi, Level: 3, Rank: 1, Gender: Female, HP IV: 90(0%), ATK IV: 48(0%), DEF IV: 71(0%), Work Speed: (0%), Skills: Unstable
Cremis, Level: 5, Rank: 1, Gender: Female, HP IV: 87(0%), ATK IV: 18(0%), DEF IV: 60(0%), Work Speed: (0%), Skills: Nocturnal
Lamball, Level: 4, Rank: 1, Gender: Male, HP IV: 0(0%), ATK IV: 80(0%), DEF IV: 12(0%), Work Speed: (0%), Skills: Burly Body, Earthquake Resistant
Lamball, Level: 5, Rank: 1, Gender: Female, HP IV: 90(0%), ATK IV: 27(0%), DEF IV: 61(0%), Work Speed: (0%), Skills: Noble
Traveling Merchant, Level: 1, Rank: 1, Gender: Unknown, HP IV: 95(0%), ATK IV: 15(0%), DEF IV: 50(0%), Work Speed: (0%), Skills: Masochist
TrevvyKun's 5 Pals
------------------
Chikipi, Level: 3, Rank: 1, Gender: Female, HP IV: 90(0%), ATK IV: 48(0%), DEF IV: 71(0%), Work Speed: (0%), Skills: Unstable
Cremis, Level: 5, Rank: 1, Gender: Female, HP IV: 87(0%), ATK IV: 18(0%), DEF IV: 60(0%), Work Speed: (0%), Skills: Nocturnal
Lamball, Level: 4, Rank: 1, Gender: Male, HP IV: 0(0%), ATK IV: 80(0%), DEF IV: 12(0%), Work Speed: (0%), Skills: Burly Body, Earthquake Resistant
Lamball, Level: 5, Rank: 1, Gender: Female, HP IV: 90(0%), ATK IV: 27(0%), DEF IV: 61(0%), Work Speed: (0%), Skills: Noble
Traveling Merchant, Level: 1, Rank: 1, Gender: Unknown, HP IV: 95(0%), ATK IV: 15(0%), DEF IV: 50(0%), Work Speed: (0%), Skills: Masochist
TrevvyKun's 5 Pals
------------------
Chikipi, Level: 3, Rank: 1, Gender: Female, HP IV: 90(0%), ATK IV: 48(0%), DEF IV: 71(0%), Work Speed: (0%), Skills: Unstable
Cremis, Level: 5, Rank: 1, Gender: Female, HP IV: 87(0%), ATK IV: 18(0%), DEF IV: 60(0%), Work Speed: (0%), Skills: Nocturnal
Lamball, Level: 4, Rank: 1, Gender: Male, HP IV: 0(0%), ATK IV: 80(0%), DEF IV: 12(0%), Work Speed: (0%), Skills: Burly Body, Earthquake Resistant
Lamball, Level: 5, Rank: 1, Gender: Female, HP IV: 90(0%), ATK IV: 27(0%), DEF IV: 61(0%), Work Speed: (0%), Skills: Noble
Traveling Merchant, Level: 1, Rank: 1, Gender: Unknown, HP IV: 95(0%), ATK IV: 15(0%), DEF IV: 50(0%), Work Speed: (0%), Skills: Masochist
TrevvyKun's 5 Pals
------------------
Chikipi, Level: 3, Rank: 1, Gender: Female, HP IV: 90(0%), ATK IV: 48(0%), DEF IV: 71(0%), Work Speed: (0%), Skills: Unstable
Cremis, Level: 5, Rank: 1, Gender: Female, HP IV: 87(0%), ATK IV: 18(0%), DEF IV: 60(0%), Work Speed: (0%), Skills: Nocturnal
Lamball, Level: 4, Rank: 1, Gender: Male, HP IV: 0(0%), ATK IV: 80(0%), DEF IV: 12(0%), Work Speed: (0%), Skills: Burly Body, Earthquake Resistant
Lamball, Level: 5, Rank: 1, Gender: Female, HP IV: 90(0%), ATK IV: 27(0%), DEF IV: 61(0%), Work Speed: (0%), Skills: Noble
Traveling Merchant, Level: 1, Rank: 1, Gender: Unknown, HP IV: 95(0%), ATK IV: 15(0%), DEF IV: 50(0%), Work Speed: (0%), Skills: Masochist
TrevvyKun's 5 Pals
------------------
Chikipi, Level: 3, Rank: 1, Gender: Female, HP IV: 90(0%), ATK IV: 48(0%), DEF IV: 71(0%), Work Speed: (0%), Skills: Unstable
Cremis, Level: 5, Rank: 1, Gender: Female, HP IV: 87(0%), ATK IV: 18(0%), DEF IV: 60(0%), Work Speed: (0%), Skills: Nocturnal
Lamball, Level: 4, Rank: 1, Gender: Male, HP IV: 0(0%), ATK IV: 80(0%), DEF IV: 12(0%), Work Speed: (0%), Skills: Burly Body, Earthquake Resistant
Lamball, Level: 5, Rank: 1, Gender: Female, HP IV: 90(0%), ATK IV: 27(0%), DEF IV: 61(0%), Work Speed: (0%), Skills: Noble
Traveling Merchant, Level: 1, Rank: 1, Gender: Unknown, HP IV: 95(0%), ATK IV: 15(0%), DEF IV: 50(0%), Work Speed: (0%), Skills: Masochist
