Vehrym's 3 Pals
---------------
Bristla, Level: 18, Rank: 1, Gender: Female, HP IV: 3(0%), ATK IV: 78(0%), DEF IV: 5(0%), Work Speed: (0%), Skills: Pyromaniac
Lifmunk, Level: 10, Rank: 1, Gender: Female, HP IV: 78(0%), ATK IV: 66(0%), DEF IV: 36(0%), Work Speed: (0%), Skills: Brave
Vixy, Level: 5, Rank: 1, Gender: Female, HP IV: 19(0%), ATK IV: 29(0%), DEF IV: 21(0%), Work Speed: (0%), Skills: Suntan Lover
Vehrym's 3 Pals
---------------
Bristla, Level: 18, Rank: 1, Gender: Female, HP IV: 3(0%), ATK IV: 78(0%), DEF IV: 5(0%), Work Speed: (0%), Skills: Pyromaniac
Lifmunk, Level: 10, Rank: 1, Gender: Female, HP IV: 78(0%), ATK IV: 66(0%), DEF IV: 36(0%), Work Speed: (0%), Skills: Brave
Vixy, Level: 5, Rank: 1, Gender: Female, HP IV: 19(0%), ATK IV: 29(0%), DEF IV: 21(0%), Work Speed: (0%), Skills: Suntan Lover
Vehrym's 3 Pals
---------------
Bristla, Level: 18, Rank: 1, Gender: Female, HP IV: 3(0%), ATK IV: 78(0%), DEF IV: 5(0%), Work Speed: (0%), Skills: Pyromaniac
Lifmunk, Level: 10, Rank: 1, Gender: Female, HP IV: 78(0%), ATK IV: 66(0%), DEF IV: 36(0%), Work Speed: (0%), Skills: Brave
Vixy, Level: 5, Rank: 1, Gender: Female, HP IV: 19(0%), ATK IV: 29(0%), DEF IV: 21(0%), Work Speed: (0%), Skills: Suntan Lover
Vehrym's 3 Pals
---------------
Bristla, Level: 18, Rank: 1, Gender: Female, HP IV: 3(0%), ATK IV: 78(0%), DEF IV: 5(0%), Work Speed: (0%), Skills: Pyromaniac
Lifmunk, Level: 10, Rank: 1, Gender: Female, HP IV: 78(0%), ATK IV: 66(0%), DEF IV: 36(0%), Work Speed: (0%), Skills: Brave
Vixy, Level: 5, Rank: 1, Gender: Female, HP IV: 19(0%), ATK IV: 29(0%), DEF IV: 21(0%), Work Speed: (0%), Skills: Suntan Lover
Vehrym's 3 Pals
---------------
Bristla, Level: 18, Rank: 1, Gender: Female, HP IV: 3(0%), ATK IV: 78(0%), DEF IV: 5(0%), Work Speed: (0%), Skills: Pyromaniac
Lifmunk, Level: 10, Rank: 1, Gender: Female, HP IV: 78(0%), ATK IV: 66(0%), DEF IV: 36(0%), Work Speed: (0%), Skills: Brave
Vixy, Level: 5, Rank: 1, Gender: Female, HP IV: 19(0%), ATK IV: 29(0%), DEF IV: 21(0%), Work Speed: (0%), Skills: Suntan Lover
Vehrym's 3 Pals
---------------
Bristla, Level: 18, Rank: 1, Gender: Female, HP IV: 3(0%), ATK IV: 78(0%), DEF IV: 5(0%), Work Speed: (0%), Skills: Pyromaniac
Lifmunk, Level: 10, Rank: 1, Gender: Female, HP IV: 78(0%), ATK IV: 66(0%), DEF IV: 36(0%), Work Speed: (0%), Skills: Brave
Vixy, Level: 5, Rank: 1, Gender: Female, HP IV: 19(0%), ATK IV: 29(0%), DEF IV: 21(0%), Work Speed: (0%), Skills: Suntan Lover
Vehrym's 3 Pals
---------------
Bristla, Level: 18, Rank: 1, Gender: Female, HP IV: 3(0%), ATK IV: 78(0%), DEF IV: 5(0%), Work Speed: (0%), Skills: Pyromaniac
Lifmunk, Level: 10, Rank: 1, Gender: Female, HP IV: 78(0%), ATK IV: 66(0%), DEF IV: 36(0%), Work Speed: (0%), Skills: Brave
Vixy, Level: 5, Rank: 1, Gender: Female, HP IV: 19(0%), ATK IV: 29(0%), DEF IV: 21(0%), Work Speed: (0%), Skills: Suntan Lover
Vehrym's 3 Pals
---------------
Bristla, Level: 18, Rank: 1, Gender: Female, HP IV: 3(0%), ATK IV: 78(0%), DEF IV: 5(0%), Work Speed: (0%), Skills: Pyromaniac
Lifmunk, Level: 10, Rank: 1, Gender: Female, HP IV: 78(0%), ATK IV: 66(0%), DEF IV: 36(0%), Work Speed: (0%), Skills: Brave
Vixy, Level: 5, Rank: 1, Gender: Female, HP IV: 19(0%), ATK IV: 29(0%), DEF IV: 21(0%), Work Speed: (0%), Skills: Suntan Lover
Vehrym's 3 Pals
---------------
Bristla, Level: 18, Rank: 1, Gender: Female, HP IV: 3(0%), ATK IV: 78(0%), DEF IV: 5(0%), Work Speed: (0%), Skills: Pyromaniac
Lifmunk, Level: 10, Rank: 1, Gender: Female, HP IV: 78(0%), ATK IV: 66(0%), DEF IV: 36(0%), Work Speed: (0%), Skills: Brave
Vixy, Level: 5, Rank: 1, Gender: Female, HP IV: 19(0%), ATK IV: 29(0%), DEF IV: 21(0%), Work Speed: (0%), Skills: Suntan Lover
Vehrym's 3 Pals
---------------
Bristla, Level: 18, Rank: 1, Gender: Female, HP IV: 3(0%), ATK IV: 78(0%), DEF IV: 5(0%), Work Speed: (0%), Skills: Pyromaniac
Lifmunk, Level: 10, Rank: 1, Gender: Female, HP IV: 78(0%), ATK IV: 66(0%), DEF IV: 36(0%), Work Speed: (0%), Skills: Brave
Vixy, Level: 5, Rank: 1, Gender: Female, HP IV: 19(0%), ATK IV: 29(0%), DEF IV: 21(0%), Work Speed: (0%), Skills: Suntan Lover
Vehrym's 3 Pals
---------------
Bristla, Level: 18, Rank: 1, Gender: Female, HP IV: 3(0%), ATK IV: 78(0%), DEF IV: 5(0%), Work Speed: (0%), Skills: Pyromaniac
Lifmunk, Level: 10, Rank: 1, Gender: Female, HP IV: 78(0%), ATK IV: 66(0%), DEF IV: 36(0%), Work Speed: (0%), Skills: Brave
Vixy, Level: 5, Rank: 1, Gender: Female, HP IV: 19(0%), ATK IV: 29(0%), DEF IV: 21(0%), Work Speed: (0%), Skills: Suntan Lover
Vehrym's 3 Pals
---------------
Bristla, Level: 18, Rank: 1, Gender: Female, HP IV: 3(0%), ATK IV: 78(0%), DEF IV: 5(0%), Work Speed: (0%), Skills: Pyromaniac
Lifmunk, Level: 10, Rank: 1, Gender: Female, HP IV: 78(0%), ATK IV: 66(0%), DEF IV: 36(0%), Work Speed: (0%), Skills: Brave
Vixy, Level: 5, Rank: 1, Gender: Female, HP IV: 19(0%), ATK IV: 29(0%), DEF IV: 21(0%), Work Speed: (0%), Skills: Suntan Lover
Vehrym's 3 Pals
---------------
Bristla, Level: 18, Rank: 1, Gender: Female, HP IV: 3(0%), ATK IV: 78(0%), DEF IV: 5(0%), Work Speed: (0%), Skills: Pyromaniac
Lifmunk, Level: 10, Rank: 1, Gender: Female, HP IV: 78(0%), ATK IV: 66(0%), DEF IV: 36(0%), Work Speed: (0%), Skills: Brave
Vixy, Level: 5, Rank: 1, Gender: Female, HP IV: 19(0%), ATK IV: 29(0%), DEF IV: 21(0%), Work Speed: (0%), Skills: Suntan Lover
Vehrym's 3 Pals
---------------
Bristla, Level: 18, Rank: 1, Gender: Female, HP IV: 3(0%), ATK IV: 78(0%), DEF IV: 5(0%), Work Speed: (0%), Skills: Pyromaniac
Lifmunk, Level: 10, Rank: 1, Gender: Female, HP IV: 78(0%), ATK IV: 66(0%), DEF IV: 36(0%), Work Speed: (0%), Skills: Brave
Vixy, Level: 5, Rank: 1, Gender: Female, HP IV: 19(0%), ATK IV: 29(0%), DEF IV: 21(0%), Work Speed: (0%), Skills: Suntan Lover
