Verdelet's 49 Pals
------------------
Alpha Chillet, Level: 11, Rank: 1, Gender: Male, HP IV: 98(0%), ATK IV: 50(0%), DEF IV: 95(0%), Work Speed: (0%), Skills: Destructive
Alpha Chillet, Level: 19, Rank: 1, Gender: Male, HP IV: 67(0%), ATK IV: 67(0%), DEF IV: 75(0%), Work Speed: (0%), Skills: Zen Mind
Alpha Daedream, Level: 13, Rank: 1, Gender: Female, HP IV: 72(0%), ATK IV: 74(0%), DEF IV: 59(0%), Work Speed: (0%), Skills: Coward
Alpha Eikthyrdeer, Level: 10, Rank: 1, Gender: Male, HP IV: 96(0%), ATK IV: 76(0%), DEF IV: 86(0%), Work Speed: (0%), Skills: Conceited
Alpha Nox, Level: 20, Rank: 1, Gender: Female, HP IV: 78(0%), ATK IV: 93(0%), DEF IV: 60(0%), Work Speed: (0%), Skills: Brittle
Cattiva, Level: 1, Rank: 1, Gender: Male, HP IV: 46(0%), ATK IV: 29(0%), DEF IV: 45(0%), Work Speed: (0%), Skills: Coward, Ferocious
Cattiva, Level: 5, Rank: 1, Gender: Female, HP IV: 10(0%), ATK IV: 14(0%), DEF IV: 47(0%), Work Speed: (0%), Skills: Coward, Waterproof
Cattiva, Level: 6, Rank: 1, Gender: Male, HP IV: 60(0%), ATK IV: 99(0%), DEF IV: 71(0%), Work Speed: (0%), Skills: Coward, Vanguard
Cattiva, Level: 9, Rank: 1, Gender: Male, HP IV: 21(0%), ATK IV: 78(0%), DEF IV: 26(0%), Work Speed: (0%), Skills: Coward, Artisan
Chikipi, Level: 1, Rank: 1, Gender: Female, HP IV: 82(0%), ATK IV: 39(0%), DEF IV: 23(0%), Work Speed: (0%), Skills: Runner
Cremis, Level: 2, Rank: 1, Gender: Female, HP IV: 15(0%), ATK IV: 25(0%), DEF IV: 19(0%), Work Speed: (0%), Skills: Swift
Cremis, Level: 4, Rank: 1, Gender: Male, HP IV: 55(0%), ATK IV: 21(0%), DEF IV: 59(0%), Work Speed: (0%)
Cremis, Level: 4, Rank: 1, Gender: Male, HP IV: 65(0%), ATK IV: 13(0%), DEF IV: 12(0%), Work Speed: (0%), Skills: Burly Body
Daedream, Level: 10, Rank: 1, Gender: Female, HP IV: 59(0%), ATK IV: 96(0%), DEF IV: 95(0%), Work Speed: (0%), Skills: Brave
Daedream, Level: 19, Rank: 1, Gender: Female, HP IV: 27(0%), ATK IV: 37(0%), DEF IV: 96(0%), Work Speed: (0%), Skills: Noble, Veil of Darkness
Daedream, Level: 4, Rank: 1, Gender: Male, HP IV: 77(0%), ATK IV: 81(0%), DEF IV: 81(0%), Work Speed: (0%)
Daedream, Level: 4, Rank: 1, Gender: Male, HP IV: 85(0%), ATK IV: 29(0%), DEF IV: 67(0%), Work Speed: (0%), Skills: Clumsy, Hooligan, Fit as a Fiddle
Daedream, Level: 6, Rank: 1, Gender: Male, HP IV: 65(0%), ATK IV: 33(0%), DEF IV: 83(0%), Work Speed: (0%), Skills: Burly Body
Daedream, Level: 7, Rank: 1, Gender: Male, HP IV: 31(0%), ATK IV: 69(0%), DEF IV: 98(0%), Work Speed: (0%), Skills: Diet Lover
Dazzi, Level: 3, Rank: 1, Gender: Female, HP IV: 8(0%), ATK IV: 30(0%), DEF IV: 68(0%), Work Speed: (0%), Skills: Hooligan
Direhowl, Level: 15, Rank: 1, Gender: Male, HP IV: 14(0%), ATK IV: 8(0%), DEF IV: 33(0%), Work Speed: (0%), Skills: Musclehead
Direhowl, Level: 5, Rank: 1, Gender: Male, HP IV: 57(0%), ATK IV: 38(0%), DEF IV: 83(0%), Work Speed: (0%), Skills: Shabby
Direhowl, Level: 6, Rank: 1, Gender: Female, HP IV: 7(0%), ATK IV: 26(0%), DEF IV: 52(0%), Work Speed: (0%), Skills: Masochist
Direhowl, Level: 6, Rank: 1, Gender: Female, HP IV: 85(0%), ATK IV: 74(0%), DEF IV: 45(0%), Work Speed: (0%), Skills: Veil of Darkness
Direhowl, Level: 6, Rank: 1, Gender: Male, HP IV: 79(0%), ATK IV: 16(0%), DEF IV: 24(0%), Work Speed: (0%), Skills: Noble
Direhowl, Level: 8, Rank: 1, Gender: Male, HP IV: 27(0%), ATK IV: 23(0%), DEF IV: 98(0%), Work Speed: (0%), Skills: Noble
Direhowl, Level: 8, Rank: 1, Gender: Male, HP IV: 9(0%), ATK IV: 20(0%), DEF IV: 8(0%), Work Speed: (0%), Skills: Suntan Lover, Motivational Leader
Eikthyrdeer, Level: 10, Rank: 1, Gender: Male, HP IV: 20(0%), ATK IV: 3(0%), DEF IV: 86(0%), Work Speed: (0%), Skills: Ferocious
Foxparks, Level: 9, Rank: 1, Gender: Female, HP IV: 51(0%), ATK IV: 9(0%), DEF IV: 83(0%), Work Speed: (0%), Skills: Hydromaniac
Fuddler, Level: 6, Rank: 1, Gender: Female, HP IV: 21(0%), ATK IV: 24(0%), DEF IV: 92(0%), Work Speed: (0%), Skills: Coldblooded
Fuddler, Level: 8, Rank: 1, Gender: Female, HP IV: 5(0%), ATK IV: 25(0%), DEF IV: 70(0%), Work Speed: (0%), Skills: Hooligan
Gumoss, Level: 9, Rank: 1, Gender: Male, HP IV: 12(0%), ATK IV: 86(0%), DEF IV: 78(0%), Work Speed: (0%), Skills: Veil of Darkness, Pyromaniac, Sickly, Burly Body
Hoocrates, Level: 5, Rank: 1, Gender: Male, HP IV: 41(0%), ATK IV: 19(0%), DEF IV: 61(0%), Work Speed: (0%), Skills: Diet Lover, Brittle
Killamari, Level: 5, Rank: 1, Gender: Male, HP IV: 16(0%), ATK IV: 66(0%), DEF IV: 17(0%), Work Speed: (0%), Skills: Hooligan
Lamball, Level: 1, Rank: 1, Gender: Male, HP IV: 21(0%), ATK IV: 38(0%), DEF IV: 67(0%), Work Speed: (0%), Skills: Mine Foreman
Lifmunk, Level: 4, Rank: 1, Gender: Female, HP IV: 1(0%), ATK IV: 39(0%), DEF IV: 81(0%), Work Speed: (0%), Skills: Burly Body
Lifmunk, Level: 4, Rank: 1, Gender: Female, HP IV: 96(0%), ATK IV: 5(0%), DEF IV: 47(0%), Work Speed: (0%), Skills: Motivational Leader
Loupmoon, Level: 14, Rank: 1, Gender: Male, HP IV: 38(0%), ATK IV: 91(0%), DEF IV: 74(0%), Work Speed: (0%), Skills: Hooligan
Loupmoon, Level: 15, Rank: 1, Gender: Female, HP IV: 85(0%), ATK IV: 22(0%), DEF IV: 74(0%), Work Speed: (0%), Skills: Destructive, Burly Body, Fine Furs
Mozzarina, Level: 12, Rank: 1, Gender: Male, HP IV: 42(0%), ATK IV: 86(0%), DEF IV: 67(0%), Work Speed: (0%), Skills: Botanical Barrier
Nitewing, Level: 11, Rank: 1, Gender: Female, HP IV: 71(0%), ATK IV: 1(0%), DEF IV: 20(0%), Work Speed: (0%)
Pengullet, Level: 10, Rank: 1, Gender: Male, HP IV: 99(0%), ATK IV: 65(0%), DEF IV: 97(0%), Work Speed: (0%), Skills: Positive Thinker, Noble
Pengullet, Level: 3, Rank: 1, Gender: Male, HP IV: 37(0%), ATK IV: 30(0%), DEF IV: 2(0%), Work Speed: (0%), Skills: Vanguard
Tanzee, Level: 5, Rank: 1, Gender: Female, HP IV: 2(0%), ATK IV: 93(0%), DEF IV: 55(0%), Work Speed: (0%), Skills: Runner, Dragonkiller
Teafant, Level: 3, Rank: 1, Gender: Male, HP IV: 68(0%), ATK IV: 70(0%), DEF IV: 12(0%), Work Speed: (0%), Skills: Motivational Leader
Tombat, Level: 19, Rank: 1, Gender: Male, HP IV: 78(0%), ATK IV: 88(0%), DEF IV: 97(0%), Work Speed: (0%), Skills: Suntan Lover, Motivational Leader
Tombat, Level: 9, Rank: 1, Gender: Female, HP IV: 31(0%), ATK IV: 27(0%), DEF IV: 65(0%), Work Speed: (0%), Skills: Artisan
Traveling Merchant, Level: 1, Rank: 1, Gender: Unknown, HP IV: 57(0%), ATK IV: 51(0%), DEF IV: 35(0%), Work Speed: (0%), Skills: Pacifist
Traveling Merchant, Level: 18, Rank: 1, Gender: Unknown, HP IV: 67(0%), ATK IV: 18(0%), DEF IV: 53(0%), Work Speed: (0%), Skills: Clumsy
Verdelet's 49 Pals
------------------
Alpha Chillet, Level: 11, Rank: 1, Gender: Male, HP IV: 98(0%), ATK IV: 50(0%), DEF IV: 95(0%), Work Speed: (0%), Skills: Destructive
Alpha Chillet, Level: 19, Rank: 1, Gender: Male, HP IV: 67(0%), ATK IV: 67(0%), DEF IV: 75(0%), Work Speed: (0%), Skills: Zen Mind
Alpha Daedream, Level: 13, Rank: 1, Gender: Female, HP IV: 72(0%), ATK IV: 74(0%), DEF IV: 59(0%), Work Speed: (0%), Skills: Coward
Alpha Eikthyrdeer, Level: 10, Rank: 1, Gender: Male, HP IV: 96(0%), ATK IV: 76(0%), DEF IV: 86(0%), Work Speed: (0%), Skills: Conceited
Alpha Nox, Level: 20, Rank: 1, Gender: Female, HP IV: 78(0%), ATK IV: 93(0%), DEF IV: 60(0%), Work Speed: (0%), Skills: Brittle
Cattiva, Level: 1, Rank: 1, Gender: Male, HP IV: 46(0%), ATK IV: 29(0%), DEF IV: 45(0%), Work Speed: (0%), Skills: Coward, Ferocious
Cattiva, Level: 5, Rank: 1, Gender: Female, HP IV: 10(0%), ATK IV: 14(0%), DEF IV: 47(0%), Work Speed: (0%), Skills: Coward, Waterproof
Cattiva, Level: 6, Rank: 1, Gender: Male, HP IV: 60(0%), ATK IV: 99(0%), DEF IV: 71(0%), Work Speed: (0%), Skills: Coward, Vanguard
Cattiva, Level: 9, Rank: 1, Gender: Male, HP IV: 21(0%), ATK IV: 78(0%), DEF IV: 26(0%), Work Speed: (0%), Skills: Coward, Artisan
Chikipi, Level: 1, Rank: 1, Gender: Female, HP IV: 82(0%), ATK IV: 39(0%), DEF IV: 23(0%), Work Speed: (0%), Skills: Runner
Cremis, Level: 2, Rank: 1, Gender: Female, HP IV: 15(0%), ATK IV: 25(0%), DEF IV: 19(0%), Work Speed: (0%), Skills: Swift
Cremis, Level: 4, Rank: 1, Gender: Male, HP IV: 55(0%), ATK IV: 21(0%), DEF IV: 59(0%), Work Speed: (0%)
Cremis, Level: 4, Rank: 1, Gender: Male, HP IV: 65(0%), ATK IV: 13(0%), DEF IV: 12(0%), Work Speed: (0%), Skills: Burly Body
Daedream, Level: 10, Rank: 1, Gender: Female, HP IV: 59(0%), ATK IV: 96(0%), DEF IV: 95(0%), Work Speed: (0%), Skills: Brave
Daedream, Level: 19, Rank: 1, Gender: Female, HP IV: 27(0%), ATK IV: 37(0%), DEF IV: 96(0%), Work Speed: (0%), Skills: Noble, Veil of Darkness
Daedream, Level: 4, Rank: 1, Gender: Male, HP IV: 77(0%), ATK IV: 81(0%), DEF IV: 81(0%), Work Speed: (0%)
Daedream, Level: 4, Rank: 1, Gender: Male, HP IV: 85(0%), ATK IV: 29(0%), DEF IV: 67(0%), Work Speed: (0%), Skills: Clumsy, Hooligan, Fit as a Fiddle
Daedream, Level: 6, Rank: 1, Gender: Male, HP IV: 65(0%), ATK IV: 33(0%), DEF IV: 83(0%), Work Speed: (0%), Skills: Burly Body
Daedream, Level: 7, Rank: 1, Gender: Male, HP IV: 31(0%), ATK IV: 69(0%), DEF IV: 98(0%), Work Speed: (0%), Skills: Diet Lover
Dazzi, Level: 3, Rank: 1, Gender: Female, HP IV: 8(0%), ATK IV: 30(0%), DEF IV: 68(0%), Work Speed: (0%), Skills: Hooligan
Direhowl, Level: 15, Rank: 1, Gender: Male, HP IV: 14(0%), ATK IV: 8(0%), DEF IV: 33(0%), Work Speed: (0%), Skills: Musclehead
Direhowl, Level: 5, Rank: 1, Gender: Male, HP IV: 57(0%), ATK IV: 38(0%), DEF IV: 83(0%), Work Speed: (0%), Skills: Shabby
Direhowl, Level: 6, Rank: 1, Gender: Female, HP IV: 7(0%), ATK IV: 26(0%), DEF IV: 52(0%), Work Speed: (0%), Skills: Masochist
Direhowl, Level: 6, Rank: 1, Gender: Female, HP IV: 85(0%), ATK IV: 74(0%), DEF IV: 45(0%), Work Speed: (0%), Skills: Veil of Darkness
Direhowl, Level: 6, Rank: 1, Gender: Male, HP IV: 79(0%), ATK IV: 16(0%), DEF IV: 24(0%), Work Speed: (0%), Skills: Noble
Direhowl, Level: 8, Rank: 1, Gender: Male, HP IV: 27(0%), ATK IV: 23(0%), DEF IV: 98(0%), Work Speed: (0%), Skills: Noble
Direhowl, Level: 8, Rank: 1, Gender: Male, HP IV: 9(0%), ATK IV: 20(0%), DEF IV: 8(0%), Work Speed: (0%), Skills: Suntan Lover, Motivational Leader
Eikthyrdeer, Level: 10, Rank: 1, Gender: Male, HP IV: 20(0%), ATK IV: 3(0%), DEF IV: 86(0%), Work Speed: (0%), Skills: Ferocious
Foxparks, Level: 9, Rank: 1, Gender: Female, HP IV: 51(0%), ATK IV: 9(0%), DEF IV: 83(0%), Work Speed: (0%), Skills: Hydromaniac
Fuddler, Level: 6, Rank: 1, Gender: Female, HP IV: 21(0%), ATK IV: 24(0%), DEF IV: 92(0%), Work Speed: (0%), Skills: Coldblooded
Fuddler, Level: 8, Rank: 1, Gender: Female, HP IV: 5(0%), ATK IV: 25(0%), DEF IV: 70(0%), Work Speed: (0%), Skills: Hooligan
Gumoss, Level: 9, Rank: 1, Gender: Male, HP IV: 12(0%), ATK IV: 86(0%), DEF IV: 78(0%), Work Speed: (0%), Skills: Veil of Darkness, Pyromaniac, Sickly, Burly Body
Hoocrates, Level: 5, Rank: 1, Gender: Male, HP IV: 41(0%), ATK IV: 19(0%), DEF IV: 61(0%), Work Speed: (0%), Skills: Diet Lover, Brittle
Killamari, Level: 5, Rank: 1, Gender: Male, HP IV: 16(0%), ATK IV: 66(0%), DEF IV: 17(0%), Work Speed: (0%), Skills: Hooligan
Lamball, Level: 1, Rank: 1, Gender: Male, HP IV: 21(0%), ATK IV: 38(0%), DEF IV: 67(0%), Work Speed: (0%), Skills: Mine Foreman
Lifmunk, Level: 4, Rank: 1, Gender: Female, HP IV: 1(0%), ATK IV: 39(0%), DEF IV: 81(0%), Work Speed: (0%), Skills: Burly Body
Lifmunk, Level: 4, Rank: 1, Gender: Female, HP IV: 96(0%), ATK IV: 5(0%), DEF IV: 47(0%), Work Speed: (0%), Skills: Motivational Leader
Loupmoon, Level: 14, Rank: 1, Gender: Male, HP IV: 38(0%), ATK IV: 91(0%), DEF IV: 74(0%), Work Speed: (0%), Skills: Hooligan
Loupmoon, Level: 15, Rank: 1, Gender: Female, HP IV: 85(0%), ATK IV: 22(0%), DEF IV: 74(0%), Work Speed: (0%), Skills: Destructive, Burly Body, Fine Furs
Mozzarina, Level: 12, Rank: 1, Gender: Male, HP IV: 42(0%), ATK IV: 86(0%), DEF IV: 67(0%), Work Speed: (0%), Skills: Botanical Barrier
Nitewing, Level: 11, Rank: 1, Gender: Female, HP IV: 71(0%), ATK IV: 1(0%), DEF IV: 20(0%), Work Speed: (0%)
Pengullet, Level: 10, Rank: 1, Gender: Male, HP IV: 99(0%), ATK IV: 65(0%), DEF IV: 97(0%), Work Speed: (0%), Skills: Positive Thinker, Noble
Pengullet, Level: 3, Rank: 1, Gender: Male, HP IV: 37(0%), ATK IV: 30(0%), DEF IV: 2(0%), Work Speed: (0%), Skills: Vanguard
Tanzee, Level: 5, Rank: 1, Gender: Female, HP IV: 2(0%), ATK IV: 93(0%), DEF IV: 55(0%), Work Speed: (0%), Skills: Runner, Dragonkiller
Teafant, Level: 3, Rank: 1, Gender: Male, HP IV: 68(0%), ATK IV: 70(0%), DEF IV: 12(0%), Work Speed: (0%), Skills: Motivational Leader
Tombat, Level: 19, Rank: 1, Gender: Male, HP IV: 78(0%), ATK IV: 88(0%), DEF IV: 97(0%), Work Speed: (0%), Skills: Suntan Lover, Motivational Leader
Tombat, Level: 9, Rank: 1, Gender: Female, HP IV: 31(0%), ATK IV: 27(0%), DEF IV: 65(0%), Work Speed: (0%), Skills: Artisan
Traveling Merchant, Level: 1, Rank: 1, Gender: Unknown, HP IV: 57(0%), ATK IV: 51(0%), DEF IV: 35(0%), Work Speed: (0%), Skills: Pacifist
Traveling Merchant, Level: 18, Rank: 1, Gender: Unknown, HP IV: 67(0%), ATK IV: 18(0%), DEF IV: 53(0%), Work Speed: (0%), Skills: Clumsy
Verdelet's 49 Pals
------------------
Alpha Chillet, Level: 11, Rank: 1, Gender: Male, HP IV: 98(0%), ATK IV: 50(0%), DEF IV: 95(0%), Work Speed: (0%), Skills: Destructive
Alpha Chillet, Level: 19, Rank: 1, Gender: Male, HP IV: 67(0%), ATK IV: 67(0%), DEF IV: 75(0%), Work Speed: (0%), Skills: Zen Mind
Alpha Daedream, Level: 13, Rank: 1, Gender: Female, HP IV: 72(0%), ATK IV: 74(0%), DEF IV: 59(0%), Work Speed: (0%), Skills: Coward
Alpha Eikthyrdeer, Level: 10, Rank: 1, Gender: Male, HP IV: 96(0%), ATK IV: 76(0%), DEF IV: 86(0%), Work Speed: (0%), Skills: Conceited
Alpha Nox, Level: 20, Rank: 1, Gender: Female, HP IV: 78(0%), ATK IV: 93(0%), DEF IV: 60(0%), Work Speed: (0%), Skills: Brittle
Cattiva, Level: 1, Rank: 1, Gender: Male, HP IV: 46(0%), ATK IV: 29(0%), DEF IV: 45(0%), Work Speed: (0%), Skills: Coward, Ferocious
Cattiva, Level: 5, Rank: 1, Gender: Female, HP IV: 10(0%), ATK IV: 14(0%), DEF IV: 47(0%), Work Speed: (0%), Skills: Coward, Waterproof
Cattiva, Level: 6, Rank: 1, Gender: Male, HP IV: 60(0%), ATK IV: 99(0%), DEF IV: 71(0%), Work Speed: (0%), Skills: Coward, Vanguard
Cattiva, Level: 9, Rank: 1, Gender: Male, HP IV: 21(0%), ATK IV: 78(0%), DEF IV: 26(0%), Work Speed: (0%), Skills: Coward, Artisan
Chikipi, Level: 1, Rank: 1, Gender: Female, HP IV: 82(0%), ATK IV: 39(0%), DEF IV: 23(0%), Work Speed: (0%), Skills: Runner
Cremis, Level: 2, Rank: 1, Gender: Female, HP IV: 15(0%), ATK IV: 25(0%), DEF IV: 19(0%), Work Speed: (0%), Skills: Swift
Cremis, Level: 4, Rank: 1, Gender: Male, HP IV: 55(0%), ATK IV: 21(0%), DEF IV: 59(0%), Work Speed: (0%)
Cremis, Level: 4, Rank: 1, Gender: Male, HP IV: 65(0%), ATK IV: 13(0%), DEF IV: 12(0%), Work Speed: (0%), Skills: Burly Body
Daedream, Level: 10, Rank: 1, Gender: Female, HP IV: 59(0%), ATK IV: 96(0%), DEF IV: 95(0%), Work Speed: (0%), Skills: Brave
Daedream, Level: 19, Rank: 1, Gender: Female, HP IV: 27(0%), ATK IV: 37(0%), DEF IV: 96(0%), Work Speed: (0%), Skills: Noble, Veil of Darkness
Daedream, Level: 4, Rank: 1, Gender: Male, HP IV: 77(0%), ATK IV: 81(0%), DEF IV: 81(0%), Work Speed: (0%)
Daedream, Level: 4, Rank: 1, Gender: Male, HP IV: 85(0%), ATK IV: 29(0%), DEF IV: 67(0%), Work Speed: (0%), Skills: Clumsy, Hooligan, Fit as a Fiddle
Daedream, Level: 6, Rank: 1, Gender: Male, HP IV: 65(0%), ATK IV: 33(0%), DEF IV: 83(0%), Work Speed: (0%), Skills: Burly Body
Daedream, Level: 7, Rank: 1, Gender: Male, HP IV: 31(0%), ATK IV: 69(0%), DEF IV: 98(0%), Work Speed: (0%), Skills: Diet Lover
Dazzi, Level: 3, Rank: 1, Gender: Female, HP IV: 8(0%), ATK IV: 30(0%), DEF IV: 68(0%), Work Speed: (0%), Skills: Hooligan
Direhowl, Level: 15, Rank: 1, Gender: Male, HP IV: 14(0%), ATK IV: 8(0%), DEF IV: 33(0%), Work Speed: (0%), Skills: Musclehead
Direhowl, Level: 5, Rank: 1, Gender: Male, HP IV: 57(0%), ATK IV: 38(0%), DEF IV: 83(0%), Work Speed: (0%), Skills: Shabby
Direhowl, Level: 6, Rank: 1, Gender: Female, HP IV: 7(0%), ATK IV: 26(0%), DEF IV: 52(0%), Work Speed: (0%), Skills: Masochist
Direhowl, Level: 6, Rank: 1, Gender: Female, HP IV: 85(0%), ATK IV: 74(0%), DEF IV: 45(0%), Work Speed: (0%), Skills: Veil of Darkness
Direhowl, Level: 6, Rank: 1, Gender: Male, HP IV: 79(0%), ATK IV: 16(0%), DEF IV: 24(0%), Work Speed: (0%), Skills: Noble
Direhowl, Level: 8, Rank: 1, Gender: Male, HP IV: 27(0%), ATK IV: 23(0%), DEF IV: 98(0%), Work Speed: (0%), Skills: Noble
Direhowl, Level: 8, Rank: 1, Gender: Male, HP IV: 9(0%), ATK IV: 20(0%), DEF IV: 8(0%), Work Speed: (0%), Skills: Suntan Lover, Motivational Leader
Eikthyrdeer, Level: 10, Rank: 1, Gender: Male, HP IV: 20(0%), ATK IV: 3(0%), DEF IV: 86(0%), Work Speed: (0%), Skills: Ferocious
Foxparks, Level: 9, Rank: 1, Gender: Female, HP IV: 51(0%), ATK IV: 9(0%), DEF IV: 83(0%), Work Speed: (0%), Skills: Hydromaniac
Fuddler, Level: 6, Rank: 1, Gender: Female, HP IV: 21(0%), ATK IV: 24(0%), DEF IV: 92(0%), Work Speed: (0%), Skills: Coldblooded
Fuddler, Level: 8, Rank: 1, Gender: Female, HP IV: 5(0%), ATK IV: 25(0%), DEF IV: 70(0%), Work Speed: (0%), Skills: Hooligan
Gumoss, Level: 9, Rank: 1, Gender: Male, HP IV: 12(0%), ATK IV: 86(0%), DEF IV: 78(0%), Work Speed: (0%), Skills: Veil of Darkness, Pyromaniac, Sickly, Burly Body
Hoocrates, Level: 5, Rank: 1, Gender: Male, HP IV: 41(0%), ATK IV: 19(0%), DEF IV: 61(0%), Work Speed: (0%), Skills: Diet Lover, Brittle
Killamari, Level: 5, Rank: 1, Gender: Male, HP IV: 16(0%), ATK IV: 66(0%), DEF IV: 17(0%), Work Speed: (0%), Skills: Hooligan
Lamball, Level: 1, Rank: 1, Gender: Male, HP IV: 21(0%), ATK IV: 38(0%), DEF IV: 67(0%), Work Speed: (0%), Skills: Mine Foreman
Lifmunk, Level: 4, Rank: 1, Gender: Female, HP IV: 1(0%), ATK IV: 39(0%), DEF IV: 81(0%), Work Speed: (0%), Skills: Burly Body
Lifmunk, Level: 4, Rank: 1, Gender: Female, HP IV: 96(0%), ATK IV: 5(0%), DEF IV: 47(0%), Work Speed: (0%), Skills: Motivational Leader
Loupmoon, Level: 14, Rank: 1, Gender: Male, HP IV: 38(0%), ATK IV: 91(0%), DEF IV: 74(0%), Work Speed: (0%), Skills: Hooligan
Loupmoon, Level: 15, Rank: 1, Gender: Female, HP IV: 85(0%), ATK IV: 22(0%), DEF IV: 74(0%), Work Speed: (0%), Skills: Destructive, Burly Body, Fine Furs
Mozzarina, Level: 12, Rank: 1, Gender: Male, HP IV: 42(0%), ATK IV: 86(0%), DEF IV: 67(0%), Work Speed: (0%), Skills: Botanical Barrier
Nitewing, Level: 11, Rank: 1, Gender: Female, HP IV: 71(0%), ATK IV: 1(0%), DEF IV: 20(0%), Work Speed: (0%)
Pengullet, Level: 10, Rank: 1, Gender: Male, HP IV: 99(0%), ATK IV: 65(0%), DEF IV: 97(0%), Work Speed: (0%), Skills: Positive Thinker, Noble
Pengullet, Level: 3, Rank: 1, Gender: Male, HP IV: 37(0%), ATK IV: 30(0%), DEF IV: 2(0%), Work Speed: (0%), Skills: Vanguard
Tanzee, Level: 5, Rank: 1, Gender: Female, HP IV: 2(0%), ATK IV: 93(0%), DEF IV: 55(0%), Work Speed: (0%), Skills: Runner, Dragonkiller
Teafant, Level: 3, Rank: 1, Gender: Male, HP IV: 68(0%), ATK IV: 70(0%), DEF IV: 12(0%), Work Speed: (0%), Skills: Motivational Leader
Tombat, Level: 19, Rank: 1, Gender: Male, HP IV: 78(0%), ATK IV: 88(0%), DEF IV: 97(0%), Work Speed: (0%), Skills: Suntan Lover, Motivational Leader
Tombat, Level: 9, Rank: 1, Gender: Female, HP IV: 31(0%), ATK IV: 27(0%), DEF IV: 65(0%), Work Speed: (0%), Skills: Artisan
Traveling Merchant, Level: 1, Rank: 1, Gender: Unknown, HP IV: 57(0%), ATK IV: 51(0%), DEF IV: 35(0%), Work Speed: (0%), Skills: Pacifist
Traveling Merchant, Level: 18, Rank: 1, Gender: Unknown, HP IV: 67(0%), ATK IV: 18(0%), DEF IV: 53(0%), Work Speed: (0%), Skills: Clumsy
Verdelet's 49 Pals
------------------
Alpha Chillet, Level: 11, Rank: 1, Gender: Male, HP IV: 98(0%), ATK IV: 50(0%), DEF IV: 95(0%), Work Speed: (0%), Skills: Destructive
Alpha Chillet, Level: 19, Rank: 1, Gender: Male, HP IV: 67(0%), ATK IV: 67(0%), DEF IV: 75(0%), Work Speed: (0%), Skills: Zen Mind
Alpha Daedream, Level: 13, Rank: 1, Gender: Female, HP IV: 72(0%), ATK IV: 74(0%), DEF IV: 59(0%), Work Speed: (0%), Skills: Coward
Alpha Eikthyrdeer, Level: 10, Rank: 1, Gender: Male, HP IV: 96(0%), ATK IV: 76(0%), DEF IV: 86(0%), Work Speed: (0%), Skills: Conceited
Alpha Nox, Level: 20, Rank: 1, Gender: Female, HP IV: 78(0%), ATK IV: 93(0%), DEF IV: 60(0%), Work Speed: (0%), Skills: Brittle
Cattiva, Level: 1, Rank: 1, Gender: Male, HP IV: 46(0%), ATK IV: 29(0%), DEF IV: 45(0%), Work Speed: (0%), Skills: Coward, Ferocious
Cattiva, Level: 5, Rank: 1, Gender: Female, HP IV: 10(0%), ATK IV: 14(0%), DEF IV: 47(0%), Work Speed: (0%), Skills: Coward, Waterproof
Cattiva, Level: 6, Rank: 1, Gender: Male, HP IV: 60(0%), ATK IV: 99(0%), DEF IV: 71(0%), Work Speed: (0%), Skills: Coward, Vanguard
Cattiva, Level: 9, Rank: 1, Gender: Male, HP IV: 21(0%), ATK IV: 78(0%), DEF IV: 26(0%), Work Speed: (0%), Skills: Coward, Artisan
Chikipi, Level: 1, Rank: 1, Gender: Female, HP IV: 82(0%), ATK IV: 39(0%), DEF IV: 23(0%), Work Speed: (0%), Skills: Runner
Cremis, Level: 2, Rank: 1, Gender: Female, HP IV: 15(0%), ATK IV: 25(0%), DEF IV: 19(0%), Work Speed: (0%), Skills: Swift
Cremis, Level: 4, Rank: 1, Gender: Male, HP IV: 55(0%), ATK IV: 21(0%), DEF IV: 59(0%), Work Speed: (0%)
Cremis, Level: 4, Rank: 1, Gender: Male, HP IV: 65(0%), ATK IV: 13(0%), DEF IV: 12(0%), Work Speed: (0%), Skills: Burly Body
Daedream, Level: 10, Rank: 1, Gender: Female, HP IV: 59(0%), ATK IV: 96(0%), DEF IV: 95(0%), Work Speed: (0%), Skills: Brave
Daedream, Level: 19, Rank: 1, Gender: Female, HP IV: 27(0%), ATK IV: 37(0%), DEF IV: 96(0%), Work Speed: (0%), Skills: Noble, Veil of Darkness
Daedream, Level: 4, Rank: 1, Gender: Male, HP IV: 77(0%), ATK IV: 81(0%), DEF IV: 81(0%), Work Speed: (0%)
Daedream, Level: 4, Rank: 1, Gender: Male, HP IV: 85(0%), ATK IV: 29(0%), DEF IV: 67(0%), Work Speed: (0%), Skills: Clumsy, Hooligan, Fit as a Fiddle
Daedream, Level: 6, Rank: 1, Gender: Male, HP IV: 65(0%), ATK IV: 33(0%), DEF IV: 83(0%), Work Speed: (0%), Skills: Burly Body
Daedream, Level: 7, Rank: 1, Gender: Male, HP IV: 31(0%), ATK IV: 69(0%), DEF IV: 98(0%), Work Speed: (0%), Skills: Diet Lover
Dazzi, Level: 3, Rank: 1, Gender: Female, HP IV: 8(0%), ATK IV: 30(0%), DEF IV: 68(0%), Work Speed: (0%), Skills: Hooligan
Direhowl, Level: 15, Rank: 1, Gender: Male, HP IV: 14(0%), ATK IV: 8(0%), DEF IV: 33(0%), Work Speed: (0%), Skills: Musclehead
Direhowl, Level: 5, Rank: 1, Gender: Male, HP IV: 57(0%), ATK IV: 38(0%), DEF IV: 83(0%), Work Speed: (0%), Skills: Shabby
Direhowl, Level: 6, Rank: 1, Gender: Female, HP IV: 7(0%), ATK IV: 26(0%), DEF IV: 52(0%), Work Speed: (0%), Skills: Masochist
Direhowl, Level: 6, Rank: 1, Gender: Female, HP IV: 85(0%), ATK IV: 74(0%), DEF IV: 45(0%), Work Speed: (0%), Skills: Veil of Darkness
Direhowl, Level: 6, Rank: 1, Gender: Male, HP IV: 79(0%), ATK IV: 16(0%), DEF IV: 24(0%), Work Speed: (0%), Skills: Noble
Direhowl, Level: 8, Rank: 1, Gender: Male, HP IV: 27(0%), ATK IV: 23(0%), DEF IV: 98(0%), Work Speed: (0%), Skills: Noble
Direhowl, Level: 8, Rank: 1, Gender: Male, HP IV: 9(0%), ATK IV: 20(0%), DEF IV: 8(0%), Work Speed: (0%), Skills: Suntan Lover, Motivational Leader
Eikthyrdeer, Level: 10, Rank: 1, Gender: Male, HP IV: 20(0%), ATK IV: 3(0%), DEF IV: 86(0%), Work Speed: (0%), Skills: Ferocious
Foxparks, Level: 9, Rank: 1, Gender: Female, HP IV: 51(0%), ATK IV: 9(0%), DEF IV: 83(0%), Work Speed: (0%), Skills: Hydromaniac
Fuddler, Level: 6, Rank: 1, Gender: Female, HP IV: 21(0%), ATK IV: 24(0%), DEF IV: 92(0%), Work Speed: (0%), Skills: Coldblooded
Fuddler, Level: 8, Rank: 1, Gender: Female, HP IV: 5(0%), ATK IV: 25(0%), DEF IV: 70(0%), Work Speed: (0%), Skills: Hooligan
Gumoss, Level: 9, Rank: 1, Gender: Male, HP IV: 12(0%), ATK IV: 86(0%), DEF IV: 78(0%), Work Speed: (0%), Skills: Veil of Darkness, Pyromaniac, Sickly, Burly Body
Hoocrates, Level: 5, Rank: 1, Gender: Male, HP IV: 41(0%), ATK IV: 19(0%), DEF IV: 61(0%), Work Speed: (0%), Skills: Diet Lover, Brittle
Killamari, Level: 5, Rank: 1, Gender: Male, HP IV: 16(0%), ATK IV: 66(0%), DEF IV: 17(0%), Work Speed: (0%), Skills: Hooligan
Lamball, Level: 1, Rank: 1, Gender: Male, HP IV: 21(0%), ATK IV: 38(0%), DEF IV: 67(0%), Work Speed: (0%), Skills: Mine Foreman
Lifmunk, Level: 4, Rank: 1, Gender: Female, HP IV: 1(0%), ATK IV: 39(0%), DEF IV: 81(0%), Work Speed: (0%), Skills: Burly Body
Lifmunk, Level: 4, Rank: 1, Gender: Female, HP IV: 96(0%), ATK IV: 5(0%), DEF IV: 47(0%), Work Speed: (0%), Skills: Motivational Leader
Loupmoon, Level: 14, Rank: 1, Gender: Male, HP IV: 38(0%), ATK IV: 91(0%), DEF IV: 74(0%), Work Speed: (0%), Skills: Hooligan
Loupmoon, Level: 15, Rank: 1, Gender: Female, HP IV: 85(0%), ATK IV: 22(0%), DEF IV: 74(0%), Work Speed: (0%), Skills: Destructive, Burly Body, Fine Furs
Mozzarina, Level: 12, Rank: 1, Gender: Male, HP IV: 42(0%), ATK IV: 86(0%), DEF IV: 67(0%), Work Speed: (0%), Skills: Botanical Barrier
Nitewing, Level: 11, Rank: 1, Gender: Female, HP IV: 71(0%), ATK IV: 1(0%), DEF IV: 20(0%), Work Speed: (0%)
Pengullet, Level: 10, Rank: 1, Gender: Male, HP IV: 99(0%), ATK IV: 65(0%), DEF IV: 97(0%), Work Speed: (0%), Skills: Positive Thinker, Noble
Pengullet, Level: 3, Rank: 1, Gender: Male, HP IV: 37(0%), ATK IV: 30(0%), DEF IV: 2(0%), Work Speed: (0%), Skills: Vanguard
Tanzee, Level: 5, Rank: 1, Gender: Female, HP IV: 2(0%), ATK IV: 93(0%), DEF IV: 55(0%), Work Speed: (0%), Skills: Runner, Dragonkiller
Teafant, Level: 3, Rank: 1, Gender: Male, HP IV: 68(0%), ATK IV: 70(0%), DEF IV: 12(0%), Work Speed: (0%), Skills: Motivational Leader
Tombat, Level: 19, Rank: 1, Gender: Male, HP IV: 78(0%), ATK IV: 88(0%), DEF IV: 97(0%), Work Speed: (0%), Skills: Suntan Lover, Motivational Leader
Tombat, Level: 9, Rank: 1, Gender: Female, HP IV: 31(0%), ATK IV: 27(0%), DEF IV: 65(0%), Work Speed: (0%), Skills: Artisan
Traveling Merchant, Level: 1, Rank: 1, Gender: Unknown, HP IV: 57(0%), ATK IV: 51(0%), DEF IV: 35(0%), Work Speed: (0%), Skills: Pacifist
Traveling Merchant, Level: 18, Rank: 1, Gender: Unknown, HP IV: 67(0%), ATK IV: 18(0%), DEF IV: 53(0%), Work Speed: (0%), Skills: Clumsy
Verdelet's 49 Pals
------------------
Alpha Chillet, Level: 11, Rank: 1, Gender: Male, HP IV: 98(0%), ATK IV: 50(0%), DEF IV: 95(0%), Work Speed: (0%), Skills: Destructive
Alpha Chillet, Level: 19, Rank: 1, Gender: Male, HP IV: 67(0%), ATK IV: 67(0%), DEF IV: 75(0%), Work Speed: (0%), Skills: Zen Mind
Alpha Daedream, Level: 13, Rank: 1, Gender: Female, HP IV: 72(0%), ATK IV: 74(0%), DEF IV: 59(0%), Work Speed: (0%), Skills: Coward
Alpha Eikthyrdeer, Level: 10, Rank: 1, Gender: Male, HP IV: 96(0%), ATK IV: 76(0%), DEF IV: 86(0%), Work Speed: (0%), Skills: Conceited
Alpha Nox, Level: 20, Rank: 1, Gender: Female, HP IV: 78(0%), ATK IV: 93(0%), DEF IV: 60(0%), Work Speed: (0%), Skills: Brittle
Cattiva, Level: 1, Rank: 1, Gender: Male, HP IV: 46(0%), ATK IV: 29(0%), DEF IV: 45(0%), Work Speed: (0%), Skills: Coward, Ferocious
Cattiva, Level: 5, Rank: 1, Gender: Female, HP IV: 10(0%), ATK IV: 14(0%), DEF IV: 47(0%), Work Speed: (0%), Skills: Coward, Waterproof
Cattiva, Level: 6, Rank: 1, Gender: Male, HP IV: 60(0%), ATK IV: 99(0%), DEF IV: 71(0%), Work Speed: (0%), Skills: Coward, Vanguard
Cattiva, Level: 9, Rank: 1, Gender: Male, HP IV: 21(0%), ATK IV: 78(0%), DEF IV: 26(0%), Work Speed: (0%), Skills: Coward, Artisan
Chikipi, Level: 1, Rank: 1, Gender: Female, HP IV: 82(0%), ATK IV: 39(0%), DEF IV: 23(0%), Work Speed: (0%), Skills: Runner
Cremis, Level: 2, Rank: 1, Gender: Female, HP IV: 15(0%), ATK IV: 25(0%), DEF IV: 19(0%), Work Speed: (0%), Skills: Swift
Cremis, Level: 4, Rank: 1, Gender: Male, HP IV: 55(0%), ATK IV: 21(0%), DEF IV: 59(0%), Work Speed: (0%)
Cremis, Level: 4, Rank: 1, Gender: Male, HP IV: 65(0%), ATK IV: 13(0%), DEF IV: 12(0%), Work Speed: (0%), Skills: Burly Body
Daedream, Level: 10, Rank: 1, Gender: Female, HP IV: 59(0%), ATK IV: 96(0%), DEF IV: 95(0%), Work Speed: (0%), Skills: Brave
Daedream, Level: 19, Rank: 1, Gender: Female, HP IV: 27(0%), ATK IV: 37(0%), DEF IV: 96(0%), Work Speed: (0%), Skills: Noble, Veil of Darkness
Daedream, Level: 4, Rank: 1, Gender: Male, HP IV: 77(0%), ATK IV: 81(0%), DEF IV: 81(0%), Work Speed: (0%)
Daedream, Level: 4, Rank: 1, Gender: Male, HP IV: 85(0%), ATK IV: 29(0%), DEF IV: 67(0%), Work Speed: (0%), Skills: Clumsy, Hooligan, Fit as a Fiddle
Daedream, Level: 6, Rank: 1, Gender: Male, HP IV: 65(0%), ATK IV: 33(0%), DEF IV: 83(0%), Work Speed: (0%), Skills: Burly Body
Daedream, Level: 7, Rank: 1, Gender: Male, HP IV: 31(0%), ATK IV: 69(0%), DEF IV: 98(0%), Work Speed: (0%), Skills: Diet Lover
Dazzi, Level: 3, Rank: 1, Gender: Female, HP IV: 8(0%), ATK IV: 30(0%), DEF IV: 68(0%), Work Speed: (0%), Skills: Hooligan
Direhowl, Level: 15, Rank: 1, Gender: Male, HP IV: 14(0%), ATK IV: 8(0%), DEF IV: 33(0%), Work Speed: (0%), Skills: Musclehead
Direhowl, Level: 5, Rank: 1, Gender: Male, HP IV: 57(0%), ATK IV: 38(0%), DEF IV: 83(0%), Work Speed: (0%), Skills: Shabby
Direhowl, Level: 6, Rank: 1, Gender: Female, HP IV: 7(0%), ATK IV: 26(0%), DEF IV: 52(0%), Work Speed: (0%), Skills: Masochist
Direhowl, Level: 6, Rank: 1, Gender: Female, HP IV: 85(0%), ATK IV: 74(0%), DEF IV: 45(0%), Work Speed: (0%), Skills: Veil of Darkness
Direhowl, Level: 6, Rank: 1, Gender: Male, HP IV: 79(0%), ATK IV: 16(0%), DEF IV: 24(0%), Work Speed: (0%), Skills: Noble
Direhowl, Level: 8, Rank: 1, Gender: Male, HP IV: 27(0%), ATK IV: 23(0%), DEF IV: 98(0%), Work Speed: (0%), Skills: Noble
Direhowl, Level: 8, Rank: 1, Gender: Male, HP IV: 9(0%), ATK IV: 20(0%), DEF IV: 8(0%), Work Speed: (0%), Skills: Suntan Lover, Motivational Leader
Eikthyrdeer, Level: 10, Rank: 1, Gender: Male, HP IV: 20(0%), ATK IV: 3(0%), DEF IV: 86(0%), Work Speed: (0%), Skills: Ferocious
Foxparks, Level: 9, Rank: 1, Gender: Female, HP IV: 51(0%), ATK IV: 9(0%), DEF IV: 83(0%), Work Speed: (0%), Skills: Hydromaniac
Fuddler, Level: 6, Rank: 1, Gender: Female, HP IV: 21(0%), ATK IV: 24(0%), DEF IV: 92(0%), Work Speed: (0%), Skills: Coldblooded
Fuddler, Level: 8, Rank: 1, Gender: Female, HP IV: 5(0%), ATK IV: 25(0%), DEF IV: 70(0%), Work Speed: (0%), Skills: Hooligan
Gumoss, Level: 9, Rank: 1, Gender: Male, HP IV: 12(0%), ATK IV: 86(0%), DEF IV: 78(0%), Work Speed: (0%), Skills: Veil of Darkness, Pyromaniac, Sickly, Burly Body
Hoocrates, Level: 5, Rank: 1, Gender: Male, HP IV: 41(0%), ATK IV: 19(0%), DEF IV: 61(0%), Work Speed: (0%), Skills: Diet Lover, Brittle
Killamari, Level: 5, Rank: 1, Gender: Male, HP IV: 16(0%), ATK IV: 66(0%), DEF IV: 17(0%), Work Speed: (0%), Skills: Hooligan
Lamball, Level: 1, Rank: 1, Gender: Male, HP IV: 21(0%), ATK IV: 38(0%), DEF IV: 67(0%), Work Speed: (0%), Skills: Mine Foreman
Lifmunk, Level: 4, Rank: 1, Gender: Female, HP IV: 1(0%), ATK IV: 39(0%), DEF IV: 81(0%), Work Speed: (0%), Skills: Burly Body
Lifmunk, Level: 4, Rank: 1, Gender: Female, HP IV: 96(0%), ATK IV: 5(0%), DEF IV: 47(0%), Work Speed: (0%), Skills: Motivational Leader
Loupmoon, Level: 14, Rank: 1, Gender: Male, HP IV: 38(0%), ATK IV: 91(0%), DEF IV: 74(0%), Work Speed: (0%), Skills: Hooligan
Loupmoon, Level: 15, Rank: 1, Gender: Female, HP IV: 85(0%), ATK IV: 22(0%), DEF IV: 74(0%), Work Speed: (0%), Skills: Destructive, Burly Body, Fine Furs
Mozzarina, Level: 12, Rank: 1, Gender: Male, HP IV: 42(0%), ATK IV: 86(0%), DEF IV: 67(0%), Work Speed: (0%), Skills: Botanical Barrier
Nitewing, Level: 11, Rank: 1, Gender: Female, HP IV: 71(0%), ATK IV: 1(0%), DEF IV: 20(0%), Work Speed: (0%)
Pengullet, Level: 10, Rank: 1, Gender: Male, HP IV: 99(0%), ATK IV: 65(0%), DEF IV: 97(0%), Work Speed: (0%), Skills: Positive Thinker, Noble
Pengullet, Level: 3, Rank: 1, Gender: Male, HP IV: 37(0%), ATK IV: 30(0%), DEF IV: 2(0%), Work Speed: (0%), Skills: Vanguard
Tanzee, Level: 5, Rank: 1, Gender: Female, HP IV: 2(0%), ATK IV: 93(0%), DEF IV: 55(0%), Work Speed: (0%), Skills: Runner, Dragonkiller
Teafant, Level: 3, Rank: 1, Gender: Male, HP IV: 68(0%), ATK IV: 70(0%), DEF IV: 12(0%), Work Speed: (0%), Skills: Motivational Leader
Tombat, Level: 19, Rank: 1, Gender: Male, HP IV: 78(0%), ATK IV: 88(0%), DEF IV: 97(0%), Work Speed: (0%), Skills: Suntan Lover, Motivational Leader
Tombat, Level: 9, Rank: 1, Gender: Female, HP IV: 31(0%), ATK IV: 27(0%), DEF IV: 65(0%), Work Speed: (0%), Skills: Artisan
Traveling Merchant, Level: 1, Rank: 1, Gender: Unknown, HP IV: 57(0%), ATK IV: 51(0%), DEF IV: 35(0%), Work Speed: (0%), Skills: Pacifist
Traveling Merchant, Level: 18, Rank: 1, Gender: Unknown, HP IV: 67(0%), ATK IV: 18(0%), DEF IV: 53(0%), Work Speed: (0%), Skills: Clumsy
Verdelet's 49 Pals
------------------
Alpha Chillet, Level: 11, Rank: 1, Gender: Male, HP IV: 98(0%), ATK IV: 50(0%), DEF IV: 95(0%), Work Speed: (0%), Skills: Destructive
Alpha Chillet, Level: 19, Rank: 1, Gender: Male, HP IV: 67(0%), ATK IV: 67(0%), DEF IV: 75(0%), Work Speed: (0%), Skills: Zen Mind
Alpha Daedream, Level: 13, Rank: 1, Gender: Female, HP IV: 72(0%), ATK IV: 74(0%), DEF IV: 59(0%), Work Speed: (0%), Skills: Coward
Alpha Eikthyrdeer, Level: 10, Rank: 1, Gender: Male, HP IV: 96(0%), ATK IV: 76(0%), DEF IV: 86(0%), Work Speed: (0%), Skills: Conceited
Alpha Nox, Level: 20, Rank: 1, Gender: Female, HP IV: 78(0%), ATK IV: 93(0%), DEF IV: 60(0%), Work Speed: (0%), Skills: Brittle
Cattiva, Level: 1, Rank: 1, Gender: Male, HP IV: 46(0%), ATK IV: 29(0%), DEF IV: 45(0%), Work Speed: (0%), Skills: Coward, Ferocious
Cattiva, Level: 5, Rank: 1, Gender: Female, HP IV: 10(0%), ATK IV: 14(0%), DEF IV: 47(0%), Work Speed: (0%), Skills: Coward, Waterproof
Cattiva, Level: 6, Rank: 1, Gender: Male, HP IV: 60(0%), ATK IV: 99(0%), DEF IV: 71(0%), Work Speed: (0%), Skills: Coward, Vanguard
Cattiva, Level: 9, Rank: 1, Gender: Male, HP IV: 21(0%), ATK IV: 78(0%), DEF IV: 26(0%), Work Speed: (0%), Skills: Coward, Artisan
Chikipi, Level: 1, Rank: 1, Gender: Female, HP IV: 82(0%), ATK IV: 39(0%), DEF IV: 23(0%), Work Speed: (0%), Skills: Runner
Cremis, Level: 2, Rank: 1, Gender: Female, HP IV: 15(0%), ATK IV: 25(0%), DEF IV: 19(0%), Work Speed: (0%), Skills: Swift
Cremis, Level: 4, Rank: 1, Gender: Male, HP IV: 55(0%), ATK IV: 21(0%), DEF IV: 59(0%), Work Speed: (0%)
Cremis, Level: 4, Rank: 1, Gender: Male, HP IV: 65(0%), ATK IV: 13(0%), DEF IV: 12(0%), Work Speed: (0%), Skills: Burly Body
Daedream, Level: 10, Rank: 1, Gender: Female, HP IV: 59(0%), ATK IV: 96(0%), DEF IV: 95(0%), Work Speed: (0%), Skills: Brave
Daedream, Level: 19, Rank: 1, Gender: Female, HP IV: 27(0%), ATK IV: 37(0%), DEF IV: 96(0%), Work Speed: (0%), Skills: Noble, Veil of Darkness
Daedream, Level: 4, Rank: 1, Gender: Male, HP IV: 77(0%), ATK IV: 81(0%), DEF IV: 81(0%), Work Speed: (0%)
Daedream, Level: 4, Rank: 1, Gender: Male, HP IV: 85(0%), ATK IV: 29(0%), DEF IV: 67(0%), Work Speed: (0%), Skills: Clumsy, Hooligan, Fit as a Fiddle
Daedream, Level: 6, Rank: 1, Gender: Male, HP IV: 65(0%), ATK IV: 33(0%), DEF IV: 83(0%), Work Speed: (0%), Skills: Burly Body
Daedream, Level: 7, Rank: 1, Gender: Male, HP IV: 31(0%), ATK IV: 69(0%), DEF IV: 98(0%), Work Speed: (0%), Skills: Diet Lover
Dazzi, Level: 3, Rank: 1, Gender: Female, HP IV: 8(0%), ATK IV: 30(0%), DEF IV: 68(0%), Work Speed: (0%), Skills: Hooligan
Direhowl, Level: 15, Rank: 1, Gender: Male, HP IV: 14(0%), ATK IV: 8(0%), DEF IV: 33(0%), Work Speed: (0%), Skills: Musclehead
Direhowl, Level: 5, Rank: 1, Gender: Male, HP IV: 57(0%), ATK IV: 38(0%), DEF IV: 83(0%), Work Speed: (0%), Skills: Shabby
Direhowl, Level: 6, Rank: 1, Gender: Female, HP IV: 7(0%), ATK IV: 26(0%), DEF IV: 52(0%), Work Speed: (0%), Skills: Masochist
Direhowl, Level: 6, Rank: 1, Gender: Female, HP IV: 85(0%), ATK IV: 74(0%), DEF IV: 45(0%), Work Speed: (0%), Skills: Veil of Darkness
Direhowl, Level: 6, Rank: 1, Gender: Male, HP IV: 79(0%), ATK IV: 16(0%), DEF IV: 24(0%), Work Speed: (0%), Skills: Noble
Direhowl, Level: 8, Rank: 1, Gender: Male, HP IV: 27(0%), ATK IV: 23(0%), DEF IV: 98(0%), Work Speed: (0%), Skills: Noble
Direhowl, Level: 8, Rank: 1, Gender: Male, HP IV: 9(0%), ATK IV: 20(0%), DEF IV: 8(0%), Work Speed: (0%), Skills: Suntan Lover, Motivational Leader
Eikthyrdeer, Level: 10, Rank: 1, Gender: Male, HP IV: 20(0%), ATK IV: 3(0%), DEF IV: 86(0%), Work Speed: (0%), Skills: Ferocious
Foxparks, Level: 9, Rank: 1, Gender: Female, HP IV: 51(0%), ATK IV: 9(0%), DEF IV: 83(0%), Work Speed: (0%), Skills: Hydromaniac
Fuddler, Level: 6, Rank: 1, Gender: Female, HP IV: 21(0%), ATK IV: 24(0%), DEF IV: 92(0%), Work Speed: (0%), Skills: Coldblooded
Fuddler, Level: 8, Rank: 1, Gender: Female, HP IV: 5(0%), ATK IV: 25(0%), DEF IV: 70(0%), Work Speed: (0%), Skills: Hooligan
Gumoss, Level: 9, Rank: 1, Gender: Male, HP IV: 12(0%), ATK IV: 86(0%), DEF IV: 78(0%), Work Speed: (0%), Skills: Veil of Darkness, Pyromaniac, Sickly, Burly Body
Hoocrates, Level: 5, Rank: 1, Gender: Male, HP IV: 41(0%), ATK IV: 19(0%), DEF IV: 61(0%), Work Speed: (0%), Skills: Diet Lover, Brittle
Killamari, Level: 5, Rank: 1, Gender: Male, HP IV: 16(0%), ATK IV: 66(0%), DEF IV: 17(0%), Work Speed: (0%), Skills: Hooligan
Lamball, Level: 1, Rank: 1, Gender: Male, HP IV: 21(0%), ATK IV: 38(0%), DEF IV: 67(0%), Work Speed: (0%), Skills: Mine Foreman
Lifmunk, Level: 4, Rank: 1, Gender: Female, HP IV: 1(0%), ATK IV: 39(0%), DEF IV: 81(0%), Work Speed: (0%), Skills: Burly Body
Lifmunk, Level: 4, Rank: 1, Gender: Female, HP IV: 96(0%), ATK IV: 5(0%), DEF IV: 47(0%), Work Speed: (0%), Skills: Motivational Leader
Loupmoon, Level: 14, Rank: 1, Gender: Male, HP IV: 38(0%), ATK IV: 91(0%), DEF IV: 74(0%), Work Speed: (0%), Skills: Hooligan
Loupmoon, Level: 15, Rank: 1, Gender: Female, HP IV: 85(0%), ATK IV: 22(0%), DEF IV: 74(0%), Work Speed: (0%), Skills: Destructive, Burly Body, Fine Furs
Mozzarina, Level: 12, Rank: 1, Gender: Male, HP IV: 42(0%), ATK IV: 86(0%), DEF IV: 67(0%), Work Speed: (0%), Skills: Botanical Barrier
Nitewing, Level: 11, Rank: 1, Gender: Female, HP IV: 71(0%), ATK IV: 1(0%), DEF IV: 20(0%), Work Speed: (0%)
Pengullet, Level: 10, Rank: 1, Gender: Male, HP IV: 99(0%), ATK IV: 65(0%), DEF IV: 97(0%), Work Speed: (0%), Skills: Positive Thinker, Noble
Pengullet, Level: 3, Rank: 1, Gender: Male, HP IV: 37(0%), ATK IV: 30(0%), DEF IV: 2(0%), Work Speed: (0%), Skills: Vanguard
Tanzee, Level: 5, Rank: 1, Gender: Female, HP IV: 2(0%), ATK IV: 93(0%), DEF IV: 55(0%), Work Speed: (0%), Skills: Runner, Dragonkiller
Teafant, Level: 3, Rank: 1, Gender: Male, HP IV: 68(0%), ATK IV: 70(0%), DEF IV: 12(0%), Work Speed: (0%), Skills: Motivational Leader
Tombat, Level: 19, Rank: 1, Gender: Male, HP IV: 78(0%), ATK IV: 88(0%), DEF IV: 97(0%), Work Speed: (0%), Skills: Suntan Lover, Motivational Leader
Tombat, Level: 9, Rank: 1, Gender: Female, HP IV: 31(0%), ATK IV: 27(0%), DEF IV: 65(0%), Work Speed: (0%), Skills: Artisan
Traveling Merchant, Level: 1, Rank: 1, Gender: Unknown, HP IV: 57(0%), ATK IV: 51(0%), DEF IV: 35(0%), Work Speed: (0%), Skills: Pacifist
Traveling Merchant, Level: 18, Rank: 1, Gender: Unknown, HP IV: 67(0%), ATK IV: 18(0%), DEF IV: 53(0%), Work Speed: (0%), Skills: Clumsy
Verdelet's 49 Pals
------------------
Alpha Chillet, Level: 11, Rank: 1, Gender: Male, HP IV: 98(0%), ATK IV: 50(0%), DEF IV: 95(0%), Work Speed: (0%), Skills: Destructive
Alpha Chillet, Level: 19, Rank: 1, Gender: Male, HP IV: 67(0%), ATK IV: 67(0%), DEF IV: 75(0%), Work Speed: (0%), Skills: Zen Mind
Alpha Daedream, Level: 13, Rank: 1, Gender: Female, HP IV: 72(0%), ATK IV: 74(0%), DEF IV: 59(0%), Work Speed: (0%), Skills: Coward
Alpha Eikthyrdeer, Level: 10, Rank: 1, Gender: Male, HP IV: 96(0%), ATK IV: 76(0%), DEF IV: 86(0%), Work Speed: (0%), Skills: Conceited
Alpha Nox, Level: 20, Rank: 1, Gender: Female, HP IV: 78(0%), ATK IV: 93(0%), DEF IV: 60(0%), Work Speed: (0%), Skills: Brittle
Cattiva, Level: 1, Rank: 1, Gender: Male, HP IV: 46(0%), ATK IV: 29(0%), DEF IV: 45(0%), Work Speed: (0%), Skills: Coward, Ferocious
Cattiva, Level: 5, Rank: 1, Gender: Female, HP IV: 10(0%), ATK IV: 14(0%), DEF IV: 47(0%), Work Speed: (0%), Skills: Coward, Waterproof
Cattiva, Level: 6, Rank: 1, Gender: Male, HP IV: 60(0%), ATK IV: 99(0%), DEF IV: 71(0%), Work Speed: (0%), Skills: Coward, Vanguard
Cattiva, Level: 9, Rank: 1, Gender: Male, HP IV: 21(0%), ATK IV: 78(0%), DEF IV: 26(0%), Work Speed: (0%), Skills: Coward, Artisan
Chikipi, Level: 1, Rank: 1, Gender: Female, HP IV: 82(0%), ATK IV: 39(0%), DEF IV: 23(0%), Work Speed: (0%), Skills: Runner
Cremis, Level: 2, Rank: 1, Gender: Female, HP IV: 15(0%), ATK IV: 25(0%), DEF IV: 19(0%), Work Speed: (0%), Skills: Swift
Cremis, Level: 4, Rank: 1, Gender: Male, HP IV: 55(0%), ATK IV: 21(0%), DEF IV: 59(0%), Work Speed: (0%)
Cremis, Level: 4, Rank: 1, Gender: Male, HP IV: 65(0%), ATK IV: 13(0%), DEF IV: 12(0%), Work Speed: (0%), Skills: Burly Body
Daedream, Level: 10, Rank: 1, Gender: Female, HP IV: 59(0%), ATK IV: 96(0%), DEF IV: 95(0%), Work Speed: (0%), Skills: Brave
Daedream, Level: 19, Rank: 1, Gender: Female, HP IV: 27(0%), ATK IV: 37(0%), DEF IV: 96(0%), Work Speed: (0%), Skills: Noble, Veil of Darkness
Daedream, Level: 4, Rank: 1, Gender: Male, HP IV: 77(0%), ATK IV: 81(0%), DEF IV: 81(0%), Work Speed: (0%)
Daedream, Level: 4, Rank: 1, Gender: Male, HP IV: 85(0%), ATK IV: 29(0%), DEF IV: 67(0%), Work Speed: (0%), Skills: Clumsy, Hooligan, Fit as a Fiddle
Daedream, Level: 6, Rank: 1, Gender: Male, HP IV: 65(0%), ATK IV: 33(0%), DEF IV: 83(0%), Work Speed: (0%), Skills: Burly Body
Daedream, Level: 7, Rank: 1, Gender: Male, HP IV: 31(0%), ATK IV: 69(0%), DEF IV: 98(0%), Work Speed: (0%), Skills: Diet Lover
Dazzi, Level: 3, Rank: 1, Gender: Female, HP IV: 8(0%), ATK IV: 30(0%), DEF IV: 68(0%), Work Speed: (0%), Skills: Hooligan
Direhowl, Level: 15, Rank: 1, Gender: Male, HP IV: 14(0%), ATK IV: 8(0%), DEF IV: 33(0%), Work Speed: (0%), Skills: Musclehead
Direhowl, Level: 5, Rank: 1, Gender: Male, HP IV: 57(0%), ATK IV: 38(0%), DEF IV: 83(0%), Work Speed: (0%), Skills: Shabby
Direhowl, Level: 6, Rank: 1, Gender: Female, HP IV: 7(0%), ATK IV: 26(0%), DEF IV: 52(0%), Work Speed: (0%), Skills: Masochist
Direhowl, Level: 6, Rank: 1, Gender: Female, HP IV: 85(0%), ATK IV: 74(0%), DEF IV: 45(0%), Work Speed: (0%), Skills: Veil of Darkness
Direhowl, Level: 6, Rank: 1, Gender: Male, HP IV: 79(0%), ATK IV: 16(0%), DEF IV: 24(0%), Work Speed: (0%), Skills: Noble
Direhowl, Level: 8, Rank: 1, Gender: Male, HP IV: 27(0%), ATK IV: 23(0%), DEF IV: 98(0%), Work Speed: (0%), Skills: Noble
Direhowl, Level: 8, Rank: 1, Gender: Male, HP IV: 9(0%), ATK IV: 20(0%), DEF IV: 8(0%), Work Speed: (0%), Skills: Suntan Lover, Motivational Leader
Eikthyrdeer, Level: 10, Rank: 1, Gender: Male, HP IV: 20(0%), ATK IV: 3(0%), DEF IV: 86(0%), Work Speed: (0%), Skills: Ferocious
Foxparks, Level: 9, Rank: 1, Gender: Female, HP IV: 51(0%), ATK IV: 9(0%), DEF IV: 83(0%), Work Speed: (0%), Skills: Hydromaniac
Fuddler, Level: 6, Rank: 1, Gender: Female, HP IV: 21(0%), ATK IV: 24(0%), DEF IV: 92(0%), Work Speed: (0%), Skills: Coldblooded
Fuddler, Level: 8, Rank: 1, Gender: Female, HP IV: 5(0%), ATK IV: 25(0%), DEF IV: 70(0%), Work Speed: (0%), Skills: Hooligan
Gumoss, Level: 9, Rank: 1, Gender: Male, HP IV: 12(0%), ATK IV: 86(0%), DEF IV: 78(0%), Work Speed: (0%), Skills: Veil of Darkness, Pyromaniac, Sickly, Burly Body
Hoocrates, Level: 5, Rank: 1, Gender: Male, HP IV: 41(0%), ATK IV: 19(0%), DEF IV: 61(0%), Work Speed: (0%), Skills: Diet Lover, Brittle
Killamari, Level: 5, Rank: 1, Gender: Male, HP IV: 16(0%), ATK IV: 66(0%), DEF IV: 17(0%), Work Speed: (0%), Skills: Hooligan
Lamball, Level: 1, Rank: 1, Gender: Male, HP IV: 21(0%), ATK IV: 38(0%), DEF IV: 67(0%), Work Speed: (0%), Skills: Mine Foreman
Lifmunk, Level: 4, Rank: 1, Gender: Female, HP IV: 1(0%), ATK IV: 39(0%), DEF IV: 81(0%), Work Speed: (0%), Skills: Burly Body
Lifmunk, Level: 4, Rank: 1, Gender: Female, HP IV: 96(0%), ATK IV: 5(0%), DEF IV: 47(0%), Work Speed: (0%), Skills: Motivational Leader
Loupmoon, Level: 14, Rank: 1, Gender: Male, HP IV: 38(0%), ATK IV: 91(0%), DEF IV: 74(0%), Work Speed: (0%), Skills: Hooligan
Loupmoon, Level: 15, Rank: 1, Gender: Female, HP IV: 85(0%), ATK IV: 22(0%), DEF IV: 74(0%), Work Speed: (0%), Skills: Destructive, Burly Body, Fine Furs
Mozzarina, Level: 12, Rank: 1, Gender: Male, HP IV: 42(0%), ATK IV: 86(0%), DEF IV: 67(0%), Work Speed: (0%), Skills: Botanical Barrier
Nitewing, Level: 11, Rank: 1, Gender: Female, HP IV: 71(0%), ATK IV: 1(0%), DEF IV: 20(0%), Work Speed: (0%)
Pengullet, Level: 10, Rank: 1, Gender: Male, HP IV: 99(0%), ATK IV: 65(0%), DEF IV: 97(0%), Work Speed: (0%), Skills: Positive Thinker, Noble
Pengullet, Level: 3, Rank: 1, Gender: Male, HP IV: 37(0%), ATK IV: 30(0%), DEF IV: 2(0%), Work Speed: (0%), Skills: Vanguard
Tanzee, Level: 5, Rank: 1, Gender: Female, HP IV: 2(0%), ATK IV: 93(0%), DEF IV: 55(0%), Work Speed: (0%), Skills: Runner, Dragonkiller
Teafant, Level: 3, Rank: 1, Gender: Male, HP IV: 68(0%), ATK IV: 70(0%), DEF IV: 12(0%), Work Speed: (0%), Skills: Motivational Leader
Tombat, Level: 19, Rank: 1, Gender: Male, HP IV: 78(0%), ATK IV: 88(0%), DEF IV: 97(0%), Work Speed: (0%), Skills: Suntan Lover, Motivational Leader
Tombat, Level: 9, Rank: 1, Gender: Female, HP IV: 31(0%), ATK IV: 27(0%), DEF IV: 65(0%), Work Speed: (0%), Skills: Artisan
Traveling Merchant, Level: 1, Rank: 1, Gender: Unknown, HP IV: 57(0%), ATK IV: 51(0%), DEF IV: 35(0%), Work Speed: (0%), Skills: Pacifist
Traveling Merchant, Level: 18, Rank: 1, Gender: Unknown, HP IV: 67(0%), ATK IV: 18(0%), DEF IV: 53(0%), Work Speed: (0%), Skills: Clumsy
Verdelet's 49 Pals
------------------
Alpha Chillet, Level: 11, Rank: 1, Gender: Male, HP IV: 98(0%), ATK IV: 50(0%), DEF IV: 95(0%), Work Speed: (0%), Skills: Destructive
Alpha Chillet, Level: 19, Rank: 1, Gender: Male, HP IV: 67(0%), ATK IV: 67(0%), DEF IV: 75(0%), Work Speed: (0%), Skills: Zen Mind
Alpha Daedream, Level: 13, Rank: 1, Gender: Female, HP IV: 72(0%), ATK IV: 74(0%), DEF IV: 59(0%), Work Speed: (0%), Skills: Coward
Alpha Eikthyrdeer, Level: 10, Rank: 1, Gender: Male, HP IV: 96(0%), ATK IV: 76(0%), DEF IV: 86(0%), Work Speed: (0%), Skills: Conceited
Alpha Nox, Level: 20, Rank: 1, Gender: Female, HP IV: 78(0%), ATK IV: 93(0%), DEF IV: 60(0%), Work Speed: (0%), Skills: Brittle
Cattiva, Level: 1, Rank: 1, Gender: Male, HP IV: 46(0%), ATK IV: 29(0%), DEF IV: 45(0%), Work Speed: (0%), Skills: Coward, Ferocious
Cattiva, Level: 5, Rank: 1, Gender: Female, HP IV: 10(0%), ATK IV: 14(0%), DEF IV: 47(0%), Work Speed: (0%), Skills: Coward, Waterproof
Cattiva, Level: 6, Rank: 1, Gender: Male, HP IV: 60(0%), ATK IV: 99(0%), DEF IV: 71(0%), Work Speed: (0%), Skills: Coward, Vanguard
Cattiva, Level: 9, Rank: 1, Gender: Male, HP IV: 21(0%), ATK IV: 78(0%), DEF IV: 26(0%), Work Speed: (0%), Skills: Coward, Artisan
Chikipi, Level: 1, Rank: 1, Gender: Female, HP IV: 82(0%), ATK IV: 39(0%), DEF IV: 23(0%), Work Speed: (0%), Skills: Runner
Cremis, Level: 2, Rank: 1, Gender: Female, HP IV: 15(0%), ATK IV: 25(0%), DEF IV: 19(0%), Work Speed: (0%), Skills: Swift
Cremis, Level: 4, Rank: 1, Gender: Male, HP IV: 55(0%), ATK IV: 21(0%), DEF IV: 59(0%), Work Speed: (0%)
Cremis, Level: 4, Rank: 1, Gender: Male, HP IV: 65(0%), ATK IV: 13(0%), DEF IV: 12(0%), Work Speed: (0%), Skills: Burly Body
Daedream, Level: 10, Rank: 1, Gender: Female, HP IV: 59(0%), ATK IV: 96(0%), DEF IV: 95(0%), Work Speed: (0%), Skills: Brave
Daedream, Level: 19, Rank: 1, Gender: Female, HP IV: 27(0%), ATK IV: 37(0%), DEF IV: 96(0%), Work Speed: (0%), Skills: Noble, Veil of Darkness
Daedream, Level: 4, Rank: 1, Gender: Male, HP IV: 77(0%), ATK IV: 81(0%), DEF IV: 81(0%), Work Speed: (0%)
Daedream, Level: 4, Rank: 1, Gender: Male, HP IV: 85(0%), ATK IV: 29(0%), DEF IV: 67(0%), Work Speed: (0%), Skills: Clumsy, Hooligan, Fit as a Fiddle
Daedream, Level: 6, Rank: 1, Gender: Male, HP IV: 65(0%), ATK IV: 33(0%), DEF IV: 83(0%), Work Speed: (0%), Skills: Burly Body
Daedream, Level: 7, Rank: 1, Gender: Male, HP IV: 31(0%), ATK IV: 69(0%), DEF IV: 98(0%), Work Speed: (0%), Skills: Diet Lover
Dazzi, Level: 3, Rank: 1, Gender: Female, HP IV: 8(0%), ATK IV: 30(0%), DEF IV: 68(0%), Work Speed: (0%), Skills: Hooligan
Direhowl, Level: 15, Rank: 1, Gender: Male, HP IV: 14(0%), ATK IV: 8(0%), DEF IV: 33(0%), Work Speed: (0%), Skills: Musclehead
Direhowl, Level: 5, Rank: 1, Gender: Male, HP IV: 57(0%), ATK IV: 38(0%), DEF IV: 83(0%), Work Speed: (0%), Skills: Shabby
Direhowl, Level: 6, Rank: 1, Gender: Female, HP IV: 7(0%), ATK IV: 26(0%), DEF IV: 52(0%), Work Speed: (0%), Skills: Masochist
Direhowl, Level: 6, Rank: 1, Gender: Female, HP IV: 85(0%), ATK IV: 74(0%), DEF IV: 45(0%), Work Speed: (0%), Skills: Veil of Darkness
Direhowl, Level: 6, Rank: 1, Gender: Male, HP IV: 79(0%), ATK IV: 16(0%), DEF IV: 24(0%), Work Speed: (0%), Skills: Noble
Direhowl, Level: 8, Rank: 1, Gender: Male, HP IV: 27(0%), ATK IV: 23(0%), DEF IV: 98(0%), Work Speed: (0%), Skills: Noble
Direhowl, Level: 8, Rank: 1, Gender: Male, HP IV: 9(0%), ATK IV: 20(0%), DEF IV: 8(0%), Work Speed: (0%), Skills: Suntan Lover, Motivational Leader
Eikthyrdeer, Level: 10, Rank: 1, Gender: Male, HP IV: 20(0%), ATK IV: 3(0%), DEF IV: 86(0%), Work Speed: (0%), Skills: Ferocious
Foxparks, Level: 9, Rank: 1, Gender: Female, HP IV: 51(0%), ATK IV: 9(0%), DEF IV: 83(0%), Work Speed: (0%), Skills: Hydromaniac
Fuddler, Level: 6, Rank: 1, Gender: Female, HP IV: 21(0%), ATK IV: 24(0%), DEF IV: 92(0%), Work Speed: (0%), Skills: Coldblooded
Fuddler, Level: 8, Rank: 1, Gender: Female, HP IV: 5(0%), ATK IV: 25(0%), DEF IV: 70(0%), Work Speed: (0%), Skills: Hooligan
Gumoss, Level: 9, Rank: 1, Gender: Male, HP IV: 12(0%), ATK IV: 86(0%), DEF IV: 78(0%), Work Speed: (0%), Skills: Veil of Darkness, Pyromaniac, Sickly, Burly Body
Hoocrates, Level: 5, Rank: 1, Gender: Male, HP IV: 41(0%), ATK IV: 19(0%), DEF IV: 61(0%), Work Speed: (0%), Skills: Diet Lover, Brittle
Killamari, Level: 5, Rank: 1, Gender: Male, HP IV: 16(0%), ATK IV: 66(0%), DEF IV: 17(0%), Work Speed: (0%), Skills: Hooligan
Lamball, Level: 1, Rank: 1, Gender: Male, HP IV: 21(0%), ATK IV: 38(0%), DEF IV: 67(0%), Work Speed: (0%), Skills: Mine Foreman
Lifmunk, Level: 4, Rank: 1, Gender: Female, HP IV: 1(0%), ATK IV: 39(0%), DEF IV: 81(0%), Work Speed: (0%), Skills: Burly Body
Lifmunk, Level: 4, Rank: 1, Gender: Female, HP IV: 96(0%), ATK IV: 5(0%), DEF IV: 47(0%), Work Speed: (0%), Skills: Motivational Leader
Loupmoon, Level: 14, Rank: 1, Gender: Male, HP IV: 38(0%), ATK IV: 91(0%), DEF IV: 74(0%), Work Speed: (0%), Skills: Hooligan
Loupmoon, Level: 15, Rank: 1, Gender: Female, HP IV: 85(0%), ATK IV: 22(0%), DEF IV: 74(0%), Work Speed: (0%), Skills: Destructive, Burly Body, Fine Furs
Mozzarina, Level: 12, Rank: 1, Gender: Male, HP IV: 42(0%), ATK IV: 86(0%), DEF IV: 67(0%), Work Speed: (0%), Skills: Botanical Barrier
Nitewing, Level: 11, Rank: 1, Gender: Female, HP IV: 71(0%), ATK IV: 1(0%), DEF IV: 20(0%), Work Speed: (0%)
Pengullet, Level: 10, Rank: 1, Gender: Male, HP IV: 99(0%), ATK IV: 65(0%), DEF IV: 97(0%), Work Speed: (0%), Skills: Positive Thinker, Noble
Pengullet, Level: 3, Rank: 1, Gender: Male, HP IV: 37(0%), ATK IV: 30(0%), DEF IV: 2(0%), Work Speed: (0%), Skills: Vanguard
Tanzee, Level: 5, Rank: 1, Gender: Female, HP IV: 2(0%), ATK IV: 93(0%), DEF IV: 55(0%), Work Speed: (0%), Skills: Runner, Dragonkiller
Teafant, Level: 3, Rank: 1, Gender: Male, HP IV: 68(0%), ATK IV: 70(0%), DEF IV: 12(0%), Work Speed: (0%), Skills: Motivational Leader
Tombat, Level: 19, Rank: 1, Gender: Male, HP IV: 78(0%), ATK IV: 88(0%), DEF IV: 97(0%), Work Speed: (0%), Skills: Suntan Lover, Motivational Leader
Tombat, Level: 9, Rank: 1, Gender: Female, HP IV: 31(0%), ATK IV: 27(0%), DEF IV: 65(0%), Work Speed: (0%), Skills: Artisan
Traveling Merchant, Level: 1, Rank: 1, Gender: Unknown, HP IV: 57(0%), ATK IV: 51(0%), DEF IV: 35(0%), Work Speed: (0%), Skills: Pacifist
Traveling Merchant, Level: 18, Rank: 1, Gender: Unknown, HP IV: 67(0%), ATK IV: 18(0%), DEF IV: 53(0%), Work Speed: (0%), Skills: Clumsy
Verdelet's 49 Pals
------------------
Alpha Chillet, Level: 11, Rank: 1, Gender: Male, HP IV: 98(0%), ATK IV: 50(0%), DEF IV: 95(0%), Work Speed: (0%), Skills: Destructive
Alpha Chillet, Level: 19, Rank: 1, Gender: Male, HP IV: 67(0%), ATK IV: 67(0%), DEF IV: 75(0%), Work Speed: (0%), Skills: Zen Mind
Alpha Daedream, Level: 13, Rank: 1, Gender: Female, HP IV: 72(0%), ATK IV: 74(0%), DEF IV: 59(0%), Work Speed: (0%), Skills: Coward
Alpha Eikthyrdeer, Level: 10, Rank: 1, Gender: Male, HP IV: 96(0%), ATK IV: 76(0%), DEF IV: 86(0%), Work Speed: (0%), Skills: Conceited
Alpha Nox, Level: 20, Rank: 1, Gender: Female, HP IV: 78(0%), ATK IV: 93(0%), DEF IV: 60(0%), Work Speed: (0%), Skills: Brittle
Cattiva, Level: 1, Rank: 1, Gender: Male, HP IV: 46(0%), ATK IV: 29(0%), DEF IV: 45(0%), Work Speed: (0%), Skills: Coward, Ferocious
Cattiva, Level: 5, Rank: 1, Gender: Female, HP IV: 10(0%), ATK IV: 14(0%), DEF IV: 47(0%), Work Speed: (0%), Skills: Coward, Waterproof
Cattiva, Level: 6, Rank: 1, Gender: Male, HP IV: 60(0%), ATK IV: 99(0%), DEF IV: 71(0%), Work Speed: (0%), Skills: Coward, Vanguard
Cattiva, Level: 9, Rank: 1, Gender: Male, HP IV: 21(0%), ATK IV: 78(0%), DEF IV: 26(0%), Work Speed: (0%), Skills: Coward, Artisan
Chikipi, Level: 1, Rank: 1, Gender: Female, HP IV: 82(0%), ATK IV: 39(0%), DEF IV: 23(0%), Work Speed: (0%), Skills: Runner
Cremis, Level: 2, Rank: 1, Gender: Female, HP IV: 15(0%), ATK IV: 25(0%), DEF IV: 19(0%), Work Speed: (0%), Skills: Swift
Cremis, Level: 4, Rank: 1, Gender: Male, HP IV: 55(0%), ATK IV: 21(0%), DEF IV: 59(0%), Work Speed: (0%)
Cremis, Level: 4, Rank: 1, Gender: Male, HP IV: 65(0%), ATK IV: 13(0%), DEF IV: 12(0%), Work Speed: (0%), Skills: Burly Body
Daedream, Level: 10, Rank: 1, Gender: Female, HP IV: 59(0%), ATK IV: 96(0%), DEF IV: 95(0%), Work Speed: (0%), Skills: Brave
Daedream, Level: 19, Rank: 1, Gender: Female, HP IV: 27(0%), ATK IV: 37(0%), DEF IV: 96(0%), Work Speed: (0%), Skills: Noble, Veil of Darkness
Daedream, Level: 4, Rank: 1, Gender: Male, HP IV: 77(0%), ATK IV: 81(0%), DEF IV: 81(0%), Work Speed: (0%)
Daedream, Level: 4, Rank: 1, Gender: Male, HP IV: 85(0%), ATK IV: 29(0%), DEF IV: 67(0%), Work Speed: (0%), Skills: Clumsy, Hooligan, Fit as a Fiddle
Daedream, Level: 6, Rank: 1, Gender: Male, HP IV: 65(0%), ATK IV: 33(0%), DEF IV: 83(0%), Work Speed: (0%), Skills: Burly Body
Daedream, Level: 7, Rank: 1, Gender: Male, HP IV: 31(0%), ATK IV: 69(0%), DEF IV: 98(0%), Work Speed: (0%), Skills: Diet Lover
Dazzi, Level: 3, Rank: 1, Gender: Female, HP IV: 8(0%), ATK IV: 30(0%), DEF IV: 68(0%), Work Speed: (0%), Skills: Hooligan
Direhowl, Level: 15, Rank: 1, Gender: Male, HP IV: 14(0%), ATK IV: 8(0%), DEF IV: 33(0%), Work Speed: (0%), Skills: Musclehead
Direhowl, Level: 5, Rank: 1, Gender: Male, HP IV: 57(0%), ATK IV: 38(0%), DEF IV: 83(0%), Work Speed: (0%), Skills: Shabby
Direhowl, Level: 6, Rank: 1, Gender: Female, HP IV: 7(0%), ATK IV: 26(0%), DEF IV: 52(0%), Work Speed: (0%), Skills: Masochist
Direhowl, Level: 6, Rank: 1, Gender: Female, HP IV: 85(0%), ATK IV: 74(0%), DEF IV: 45(0%), Work Speed: (0%), Skills: Veil of Darkness
Direhowl, Level: 6, Rank: 1, Gender: Male, HP IV: 79(0%), ATK IV: 16(0%), DEF IV: 24(0%), Work Speed: (0%), Skills: Noble
Direhowl, Level: 8, Rank: 1, Gender: Male, HP IV: 27(0%), ATK IV: 23(0%), DEF IV: 98(0%), Work Speed: (0%), Skills: Noble
Direhowl, Level: 8, Rank: 1, Gender: Male, HP IV: 9(0%), ATK IV: 20(0%), DEF IV: 8(0%), Work Speed: (0%), Skills: Suntan Lover, Motivational Leader
Eikthyrdeer, Level: 10, Rank: 1, Gender: Male, HP IV: 20(0%), ATK IV: 3(0%), DEF IV: 86(0%), Work Speed: (0%), Skills: Ferocious
Foxparks, Level: 9, Rank: 1, Gender: Female, HP IV: 51(0%), ATK IV: 9(0%), DEF IV: 83(0%), Work Speed: (0%), Skills: Hydromaniac
Fuddler, Level: 6, Rank: 1, Gender: Female, HP IV: 21(0%), ATK IV: 24(0%), DEF IV: 92(0%), Work Speed: (0%), Skills: Coldblooded
Fuddler, Level: 8, Rank: 1, Gender: Female, HP IV: 5(0%), ATK IV: 25(0%), DEF IV: 70(0%), Work Speed: (0%), Skills: Hooligan
Gumoss, Level: 9, Rank: 1, Gender: Male, HP IV: 12(0%), ATK IV: 86(0%), DEF IV: 78(0%), Work Speed: (0%), Skills: Veil of Darkness, Pyromaniac, Sickly, Burly Body
Hoocrates, Level: 5, Rank: 1, Gender: Male, HP IV: 41(0%), ATK IV: 19(0%), DEF IV: 61(0%), Work Speed: (0%), Skills: Diet Lover, Brittle
Killamari, Level: 5, Rank: 1, Gender: Male, HP IV: 16(0%), ATK IV: 66(0%), DEF IV: 17(0%), Work Speed: (0%), Skills: Hooligan
Lamball, Level: 1, Rank: 1, Gender: Male, HP IV: 21(0%), ATK IV: 38(0%), DEF IV: 67(0%), Work Speed: (0%), Skills: Mine Foreman
Lifmunk, Level: 4, Rank: 1, Gender: Female, HP IV: 1(0%), ATK IV: 39(0%), DEF IV: 81(0%), Work Speed: (0%), Skills: Burly Body
Lifmunk, Level: 4, Rank: 1, Gender: Female, HP IV: 96(0%), ATK IV: 5(0%), DEF IV: 47(0%), Work Speed: (0%), Skills: Motivational Leader
Loupmoon, Level: 14, Rank: 1, Gender: Male, HP IV: 38(0%), ATK IV: 91(0%), DEF IV: 74(0%), Work Speed: (0%), Skills: Hooligan
Loupmoon, Level: 15, Rank: 1, Gender: Female, HP IV: 85(0%), ATK IV: 22(0%), DEF IV: 74(0%), Work Speed: (0%), Skills: Destructive, Burly Body, Fine Furs
Mozzarina, Level: 12, Rank: 1, Gender: Male, HP IV: 42(0%), ATK IV: 86(0%), DEF IV: 67(0%), Work Speed: (0%), Skills: Botanical Barrier
Nitewing, Level: 11, Rank: 1, Gender: Female, HP IV: 71(0%), ATK IV: 1(0%), DEF IV: 20(0%), Work Speed: (0%)
Pengullet, Level: 10, Rank: 1, Gender: Male, HP IV: 99(0%), ATK IV: 65(0%), DEF IV: 97(0%), Work Speed: (0%), Skills: Positive Thinker, Noble
Pengullet, Level: 3, Rank: 1, Gender: Male, HP IV: 37(0%), ATK IV: 30(0%), DEF IV: 2(0%), Work Speed: (0%), Skills: Vanguard
Tanzee, Level: 5, Rank: 1, Gender: Female, HP IV: 2(0%), ATK IV: 93(0%), DEF IV: 55(0%), Work Speed: (0%), Skills: Runner, Dragonkiller
Teafant, Level: 3, Rank: 1, Gender: Male, HP IV: 68(0%), ATK IV: 70(0%), DEF IV: 12(0%), Work Speed: (0%), Skills: Motivational Leader
Tombat, Level: 19, Rank: 1, Gender: Male, HP IV: 78(0%), ATK IV: 88(0%), DEF IV: 97(0%), Work Speed: (0%), Skills: Suntan Lover, Motivational Leader
Tombat, Level: 9, Rank: 1, Gender: Female, HP IV: 31(0%), ATK IV: 27(0%), DEF IV: 65(0%), Work Speed: (0%), Skills: Artisan
Traveling Merchant, Level: 1, Rank: 1, Gender: Unknown, HP IV: 57(0%), ATK IV: 51(0%), DEF IV: 35(0%), Work Speed: (0%), Skills: Pacifist
Traveling Merchant, Level: 18, Rank: 1, Gender: Unknown, HP IV: 67(0%), ATK IV: 18(0%), DEF IV: 53(0%), Work Speed: (0%), Skills: Clumsy
Verdelet's 49 Pals
------------------
Alpha Chillet, Level: 11, Rank: 1, Gender: Male, HP IV: 98(0%), ATK IV: 50(0%), DEF IV: 95(0%), Work Speed: (0%), Skills: Destructive
Alpha Chillet, Level: 19, Rank: 1, Gender: Male, HP IV: 67(0%), ATK IV: 67(0%), DEF IV: 75(0%), Work Speed: (0%), Skills: Zen Mind
Alpha Daedream, Level: 13, Rank: 1, Gender: Female, HP IV: 72(0%), ATK IV: 74(0%), DEF IV: 59(0%), Work Speed: (0%), Skills: Coward
Alpha Eikthyrdeer, Level: 10, Rank: 1, Gender: Male, HP IV: 96(0%), ATK IV: 76(0%), DEF IV: 86(0%), Work Speed: (0%), Skills: Conceited
Alpha Nox, Level: 20, Rank: 1, Gender: Female, HP IV: 78(0%), ATK IV: 93(0%), DEF IV: 60(0%), Work Speed: (0%), Skills: Brittle
Cattiva, Level: 1, Rank: 1, Gender: Male, HP IV: 46(0%), ATK IV: 29(0%), DEF IV: 45(0%), Work Speed: (0%), Skills: Coward, Ferocious
Cattiva, Level: 5, Rank: 1, Gender: Female, HP IV: 10(0%), ATK IV: 14(0%), DEF IV: 47(0%), Work Speed: (0%), Skills: Coward, Waterproof
Cattiva, Level: 6, Rank: 1, Gender: Male, HP IV: 60(0%), ATK IV: 99(0%), DEF IV: 71(0%), Work Speed: (0%), Skills: Coward, Vanguard
Cattiva, Level: 9, Rank: 1, Gender: Male, HP IV: 21(0%), ATK IV: 78(0%), DEF IV: 26(0%), Work Speed: (0%), Skills: Coward, Artisan
Chikipi, Level: 1, Rank: 1, Gender: Female, HP IV: 82(0%), ATK IV: 39(0%), DEF IV: 23(0%), Work Speed: (0%), Skills: Runner
Cremis, Level: 2, Rank: 1, Gender: Female, HP IV: 15(0%), ATK IV: 25(0%), DEF IV: 19(0%), Work Speed: (0%), Skills: Swift
Cremis, Level: 4, Rank: 1, Gender: Male, HP IV: 55(0%), ATK IV: 21(0%), DEF IV: 59(0%), Work Speed: (0%)
Cremis, Level: 4, Rank: 1, Gender: Male, HP IV: 65(0%), ATK IV: 13(0%), DEF IV: 12(0%), Work Speed: (0%), Skills: Burly Body
Daedream, Level: 10, Rank: 1, Gender: Female, HP IV: 59(0%), ATK IV: 96(0%), DEF IV: 95(0%), Work Speed: (0%), Skills: Brave
Daedream, Level: 19, Rank: 1, Gender: Female, HP IV: 27(0%), ATK IV: 37(0%), DEF IV: 96(0%), Work Speed: (0%), Skills: Noble, Veil of Darkness
Daedream, Level: 4, Rank: 1, Gender: Male, HP IV: 77(0%), ATK IV: 81(0%), DEF IV: 81(0%), Work Speed: (0%)
Daedream, Level: 4, Rank: 1, Gender: Male, HP IV: 85(0%), ATK IV: 29(0%), DEF IV: 67(0%), Work Speed: (0%), Skills: Clumsy, Hooligan, Fit as a Fiddle
Daedream, Level: 6, Rank: 1, Gender: Male, HP IV: 65(0%), ATK IV: 33(0%), DEF IV: 83(0%), Work Speed: (0%), Skills: Burly Body
Daedream, Level: 7, Rank: 1, Gender: Male, HP IV: 31(0%), ATK IV: 69(0%), DEF IV: 98(0%), Work Speed: (0%), Skills: Diet Lover
Dazzi, Level: 3, Rank: 1, Gender: Female, HP IV: 8(0%), ATK IV: 30(0%), DEF IV: 68(0%), Work Speed: (0%), Skills: Hooligan
Direhowl, Level: 15, Rank: 1, Gender: Male, HP IV: 14(0%), ATK IV: 8(0%), DEF IV: 33(0%), Work Speed: (0%), Skills: Musclehead
Direhowl, Level: 5, Rank: 1, Gender: Male, HP IV: 57(0%), ATK IV: 38(0%), DEF IV: 83(0%), Work Speed: (0%), Skills: Shabby
Direhowl, Level: 6, Rank: 1, Gender: Female, HP IV: 7(0%), ATK IV: 26(0%), DEF IV: 52(0%), Work Speed: (0%), Skills: Masochist
Direhowl, Level: 6, Rank: 1, Gender: Female, HP IV: 85(0%), ATK IV: 74(0%), DEF IV: 45(0%), Work Speed: (0%), Skills: Veil of Darkness
Direhowl, Level: 6, Rank: 1, Gender: Male, HP IV: 79(0%), ATK IV: 16(0%), DEF IV: 24(0%), Work Speed: (0%), Skills: Noble
Direhowl, Level: 8, Rank: 1, Gender: Male, HP IV: 27(0%), ATK IV: 23(0%), DEF IV: 98(0%), Work Speed: (0%), Skills: Noble
Direhowl, Level: 8, Rank: 1, Gender: Male, HP IV: 9(0%), ATK IV: 20(0%), DEF IV: 8(0%), Work Speed: (0%), Skills: Suntan Lover, Motivational Leader
Eikthyrdeer, Level: 10, Rank: 1, Gender: Male, HP IV: 20(0%), ATK IV: 3(0%), DEF IV: 86(0%), Work Speed: (0%), Skills: Ferocious
Foxparks, Level: 9, Rank: 1, Gender: Female, HP IV: 51(0%), ATK IV: 9(0%), DEF IV: 83(0%), Work Speed: (0%), Skills: Hydromaniac
Fuddler, Level: 6, Rank: 1, Gender: Female, HP IV: 21(0%), ATK IV: 24(0%), DEF IV: 92(0%), Work Speed: (0%), Skills: Coldblooded
Fuddler, Level: 8, Rank: 1, Gender: Female, HP IV: 5(0%), ATK IV: 25(0%), DEF IV: 70(0%), Work Speed: (0%), Skills: Hooligan
Gumoss, Level: 9, Rank: 1, Gender: Male, HP IV: 12(0%), ATK IV: 86(0%), DEF IV: 78(0%), Work Speed: (0%), Skills: Veil of Darkness, Pyromaniac, Sickly, Burly Body
Hoocrates, Level: 5, Rank: 1, Gender: Male, HP IV: 41(0%), ATK IV: 19(0%), DEF IV: 61(0%), Work Speed: (0%), Skills: Diet Lover, Brittle
Killamari, Level: 5, Rank: 1, Gender: Male, HP IV: 16(0%), ATK IV: 66(0%), DEF IV: 17(0%), Work Speed: (0%), Skills: Hooligan
Lamball, Level: 1, Rank: 1, Gender: Male, HP IV: 21(0%), ATK IV: 38(0%), DEF IV: 67(0%), Work Speed: (0%), Skills: Mine Foreman
Lifmunk, Level: 4, Rank: 1, Gender: Female, HP IV: 1(0%), ATK IV: 39(0%), DEF IV: 81(0%), Work Speed: (0%), Skills: Burly Body
Lifmunk, Level: 4, Rank: 1, Gender: Female, HP IV: 96(0%), ATK IV: 5(0%), DEF IV: 47(0%), Work Speed: (0%), Skills: Motivational Leader
Loupmoon, Level: 14, Rank: 1, Gender: Male, HP IV: 38(0%), ATK IV: 91(0%), DEF IV: 74(0%), Work Speed: (0%), Skills: Hooligan
Loupmoon, Level: 15, Rank: 1, Gender: Female, HP IV: 85(0%), ATK IV: 22(0%), DEF IV: 74(0%), Work Speed: (0%), Skills: Destructive, Burly Body, Fine Furs
Mozzarina, Level: 12, Rank: 1, Gender: Male, HP IV: 42(0%), ATK IV: 86(0%), DEF IV: 67(0%), Work Speed: (0%), Skills: Botanical Barrier
Nitewing, Level: 11, Rank: 1, Gender: Female, HP IV: 71(0%), ATK IV: 1(0%), DEF IV: 20(0%), Work Speed: (0%)
Pengullet, Level: 10, Rank: 1, Gender: Male, HP IV: 99(0%), ATK IV: 65(0%), DEF IV: 97(0%), Work Speed: (0%), Skills: Positive Thinker, Noble
Pengullet, Level: 3, Rank: 1, Gender: Male, HP IV: 37(0%), ATK IV: 30(0%), DEF IV: 2(0%), Work Speed: (0%), Skills: Vanguard
Tanzee, Level: 5, Rank: 1, Gender: Female, HP IV: 2(0%), ATK IV: 93(0%), DEF IV: 55(0%), Work Speed: (0%), Skills: Runner, Dragonkiller
Teafant, Level: 3, Rank: 1, Gender: Male, HP IV: 68(0%), ATK IV: 70(0%), DEF IV: 12(0%), Work Speed: (0%), Skills: Motivational Leader
Tombat, Level: 19, Rank: 1, Gender: Male, HP IV: 78(0%), ATK IV: 88(0%), DEF IV: 97(0%), Work Speed: (0%), Skills: Suntan Lover, Motivational Leader
Tombat, Level: 9, Rank: 1, Gender: Female, HP IV: 31(0%), ATK IV: 27(0%), DEF IV: 65(0%), Work Speed: (0%), Skills: Artisan
Traveling Merchant, Level: 1, Rank: 1, Gender: Unknown, HP IV: 57(0%), ATK IV: 51(0%), DEF IV: 35(0%), Work Speed: (0%), Skills: Pacifist
Traveling Merchant, Level: 18, Rank: 1, Gender: Unknown, HP IV: 67(0%), ATK IV: 18(0%), DEF IV: 53(0%), Work Speed: (0%), Skills: Clumsy
Verdelet's 49 Pals
------------------
Alpha Chillet, Level: 11, Rank: 1, Gender: Male, HP IV: 98(0%), ATK IV: 50(0%), DEF IV: 95(0%), Work Speed: (0%), Skills: Destructive
Alpha Chillet, Level: 19, Rank: 1, Gender: Male, HP IV: 67(0%), ATK IV: 67(0%), DEF IV: 75(0%), Work Speed: (0%), Skills: Zen Mind
Alpha Daedream, Level: 13, Rank: 1, Gender: Female, HP IV: 72(0%), ATK IV: 74(0%), DEF IV: 59(0%), Work Speed: (0%), Skills: Coward
Alpha Eikthyrdeer, Level: 10, Rank: 1, Gender: Male, HP IV: 96(0%), ATK IV: 76(0%), DEF IV: 86(0%), Work Speed: (0%), Skills: Conceited
Alpha Nox, Level: 20, Rank: 1, Gender: Female, HP IV: 78(0%), ATK IV: 93(0%), DEF IV: 60(0%), Work Speed: (0%), Skills: Brittle
Cattiva, Level: 1, Rank: 1, Gender: Male, HP IV: 46(0%), ATK IV: 29(0%), DEF IV: 45(0%), Work Speed: (0%), Skills: Coward, Ferocious
Cattiva, Level: 5, Rank: 1, Gender: Female, HP IV: 10(0%), ATK IV: 14(0%), DEF IV: 47(0%), Work Speed: (0%), Skills: Coward, Waterproof
Cattiva, Level: 6, Rank: 1, Gender: Male, HP IV: 60(0%), ATK IV: 99(0%), DEF IV: 71(0%), Work Speed: (0%), Skills: Coward, Vanguard
Cattiva, Level: 9, Rank: 1, Gender: Male, HP IV: 21(0%), ATK IV: 78(0%), DEF IV: 26(0%), Work Speed: (0%), Skills: Coward, Artisan
Chikipi, Level: 1, Rank: 1, Gender: Female, HP IV: 82(0%), ATK IV: 39(0%), DEF IV: 23(0%), Work Speed: (0%), Skills: Runner
Cremis, Level: 2, Rank: 1, Gender: Female, HP IV: 15(0%), ATK IV: 25(0%), DEF IV: 19(0%), Work Speed: (0%), Skills: Swift
Cremis, Level: 4, Rank: 1, Gender: Male, HP IV: 55(0%), ATK IV: 21(0%), DEF IV: 59(0%), Work Speed: (0%)
Cremis, Level: 4, Rank: 1, Gender: Male, HP IV: 65(0%), ATK IV: 13(0%), DEF IV: 12(0%), Work Speed: (0%), Skills: Burly Body
Daedream, Level: 10, Rank: 1, Gender: Female, HP IV: 59(0%), ATK IV: 96(0%), DEF IV: 95(0%), Work Speed: (0%), Skills: Brave
Daedream, Level: 19, Rank: 1, Gender: Female, HP IV: 27(0%), ATK IV: 37(0%), DEF IV: 96(0%), Work Speed: (0%), Skills: Noble, Veil of Darkness
Daedream, Level: 4, Rank: 1, Gender: Male, HP IV: 77(0%), ATK IV: 81(0%), DEF IV: 81(0%), Work Speed: (0%)
Daedream, Level: 4, Rank: 1, Gender: Male, HP IV: 85(0%), ATK IV: 29(0%), DEF IV: 67(0%), Work Speed: (0%), Skills: Clumsy, Hooligan, Fit as a Fiddle
Daedream, Level: 6, Rank: 1, Gender: Male, HP IV: 65(0%), ATK IV: 33(0%), DEF IV: 83(0%), Work Speed: (0%), Skills: Burly Body
Daedream, Level: 7, Rank: 1, Gender: Male, HP IV: 31(0%), ATK IV: 69(0%), DEF IV: 98(0%), Work Speed: (0%), Skills: Diet Lover
Dazzi, Level: 3, Rank: 1, Gender: Female, HP IV: 8(0%), ATK IV: 30(0%), DEF IV: 68(0%), Work Speed: (0%), Skills: Hooligan
Direhowl, Level: 15, Rank: 1, Gender: Male, HP IV: 14(0%), ATK IV: 8(0%), DEF IV: 33(0%), Work Speed: (0%), Skills: Musclehead
Direhowl, Level: 5, Rank: 1, Gender: Male, HP IV: 57(0%), ATK IV: 38(0%), DEF IV: 83(0%), Work Speed: (0%), Skills: Shabby
Direhowl, Level: 6, Rank: 1, Gender: Female, HP IV: 7(0%), ATK IV: 26(0%), DEF IV: 52(0%), Work Speed: (0%), Skills: Masochist
Direhowl, Level: 6, Rank: 1, Gender: Female, HP IV: 85(0%), ATK IV: 74(0%), DEF IV: 45(0%), Work Speed: (0%), Skills: Veil of Darkness
Direhowl, Level: 6, Rank: 1, Gender: Male, HP IV: 79(0%), ATK IV: 16(0%), DEF IV: 24(0%), Work Speed: (0%), Skills: Noble
Direhowl, Level: 8, Rank: 1, Gender: Male, HP IV: 27(0%), ATK IV: 23(0%), DEF IV: 98(0%), Work Speed: (0%), Skills: Noble
Direhowl, Level: 8, Rank: 1, Gender: Male, HP IV: 9(0%), ATK IV: 20(0%), DEF IV: 8(0%), Work Speed: (0%), Skills: Suntan Lover, Motivational Leader
Eikthyrdeer, Level: 10, Rank: 1, Gender: Male, HP IV: 20(0%), ATK IV: 3(0%), DEF IV: 86(0%), Work Speed: (0%), Skills: Ferocious
Foxparks, Level: 9, Rank: 1, Gender: Female, HP IV: 51(0%), ATK IV: 9(0%), DEF IV: 83(0%), Work Speed: (0%), Skills: Hydromaniac
Fuddler, Level: 6, Rank: 1, Gender: Female, HP IV: 21(0%), ATK IV: 24(0%), DEF IV: 92(0%), Work Speed: (0%), Skills: Coldblooded
Fuddler, Level: 8, Rank: 1, Gender: Female, HP IV: 5(0%), ATK IV: 25(0%), DEF IV: 70(0%), Work Speed: (0%), Skills: Hooligan
Gumoss, Level: 9, Rank: 1, Gender: Male, HP IV: 12(0%), ATK IV: 86(0%), DEF IV: 78(0%), Work Speed: (0%), Skills: Veil of Darkness, Pyromaniac, Sickly, Burly Body
Hoocrates, Level: 5, Rank: 1, Gender: Male, HP IV: 41(0%), ATK IV: 19(0%), DEF IV: 61(0%), Work Speed: (0%), Skills: Diet Lover, Brittle
Killamari, Level: 5, Rank: 1, Gender: Male, HP IV: 16(0%), ATK IV: 66(0%), DEF IV: 17(0%), Work Speed: (0%), Skills: Hooligan
Lamball, Level: 1, Rank: 1, Gender: Male, HP IV: 21(0%), ATK IV: 38(0%), DEF IV: 67(0%), Work Speed: (0%), Skills: Mine Foreman
Lifmunk, Level: 4, Rank: 1, Gender: Female, HP IV: 1(0%), ATK IV: 39(0%), DEF IV: 81(0%), Work Speed: (0%), Skills: Burly Body
Lifmunk, Level: 4, Rank: 1, Gender: Female, HP IV: 96(0%), ATK IV: 5(0%), DEF IV: 47(0%), Work Speed: (0%), Skills: Motivational Leader
Loupmoon, Level: 14, Rank: 1, Gender: Male, HP IV: 38(0%), ATK IV: 91(0%), DEF IV: 74(0%), Work Speed: (0%), Skills: Hooligan
Loupmoon, Level: 15, Rank: 1, Gender: Female, HP IV: 85(0%), ATK IV: 22(0%), DEF IV: 74(0%), Work Speed: (0%), Skills: Destructive, Burly Body, Fine Furs
Mozzarina, Level: 12, Rank: 1, Gender: Male, HP IV: 42(0%), ATK IV: 86(0%), DEF IV: 67(0%), Work Speed: (0%), Skills: Botanical Barrier
Nitewing, Level: 11, Rank: 1, Gender: Female, HP IV: 71(0%), ATK IV: 1(0%), DEF IV: 20(0%), Work Speed: (0%)
Pengullet, Level: 10, Rank: 1, Gender: Male, HP IV: 99(0%), ATK IV: 65(0%), DEF IV: 97(0%), Work Speed: (0%), Skills: Positive Thinker, Noble
Pengullet, Level: 3, Rank: 1, Gender: Male, HP IV: 37(0%), ATK IV: 30(0%), DEF IV: 2(0%), Work Speed: (0%), Skills: Vanguard
Tanzee, Level: 5, Rank: 1, Gender: Female, HP IV: 2(0%), ATK IV: 93(0%), DEF IV: 55(0%), Work Speed: (0%), Skills: Runner, Dragonkiller
Teafant, Level: 3, Rank: 1, Gender: Male, HP IV: 68(0%), ATK IV: 70(0%), DEF IV: 12(0%), Work Speed: (0%), Skills: Motivational Leader
Tombat, Level: 19, Rank: 1, Gender: Male, HP IV: 78(0%), ATK IV: 88(0%), DEF IV: 97(0%), Work Speed: (0%), Skills: Suntan Lover, Motivational Leader
Tombat, Level: 9, Rank: 1, Gender: Female, HP IV: 31(0%), ATK IV: 27(0%), DEF IV: 65(0%), Work Speed: (0%), Skills: Artisan
Traveling Merchant, Level: 1, Rank: 1, Gender: Unknown, HP IV: 57(0%), ATK IV: 51(0%), DEF IV: 35(0%), Work Speed: (0%), Skills: Pacifist
Traveling Merchant, Level: 18, Rank: 1, Gender: Unknown, HP IV: 67(0%), ATK IV: 18(0%), DEF IV: 53(0%), Work Speed: (0%), Skills: Clumsy
Verdelet's 49 Pals
------------------
Alpha Chillet, Level: 11, Rank: 1, Gender: Male, HP IV: 98(0%), ATK IV: 50(0%), DEF IV: 95(0%), Work Speed: (0%), Skills: Destructive
Alpha Chillet, Level: 19, Rank: 1, Gender: Male, HP IV: 67(0%), ATK IV: 67(0%), DEF IV: 75(0%), Work Speed: (0%), Skills: Zen Mind
Alpha Daedream, Level: 13, Rank: 1, Gender: Female, HP IV: 72(0%), ATK IV: 74(0%), DEF IV: 59(0%), Work Speed: (0%), Skills: Coward
Alpha Eikthyrdeer, Level: 10, Rank: 1, Gender: Male, HP IV: 96(0%), ATK IV: 76(0%), DEF IV: 86(0%), Work Speed: (0%), Skills: Conceited
Alpha Nox, Level: 20, Rank: 1, Gender: Female, HP IV: 78(0%), ATK IV: 93(0%), DEF IV: 60(0%), Work Speed: (0%), Skills: Brittle
Cattiva, Level: 1, Rank: 1, Gender: Male, HP IV: 46(0%), ATK IV: 29(0%), DEF IV: 45(0%), Work Speed: (0%), Skills: Coward, Ferocious
Cattiva, Level: 5, Rank: 1, Gender: Female, HP IV: 10(0%), ATK IV: 14(0%), DEF IV: 47(0%), Work Speed: (0%), Skills: Coward, Waterproof
Cattiva, Level: 6, Rank: 1, Gender: Male, HP IV: 60(0%), ATK IV: 99(0%), DEF IV: 71(0%), Work Speed: (0%), Skills: Coward, Vanguard
Cattiva, Level: 9, Rank: 1, Gender: Male, HP IV: 21(0%), ATK IV: 78(0%), DEF IV: 26(0%), Work Speed: (0%), Skills: Coward, Artisan
Chikipi, Level: 1, Rank: 1, Gender: Female, HP IV: 82(0%), ATK IV: 39(0%), DEF IV: 23(0%), Work Speed: (0%), Skills: Runner
Cremis, Level: 2, Rank: 1, Gender: Female, HP IV: 15(0%), ATK IV: 25(0%), DEF IV: 19(0%), Work Speed: (0%), Skills: Swift
Cremis, Level: 4, Rank: 1, Gender: Male, HP IV: 55(0%), ATK IV: 21(0%), DEF IV: 59(0%), Work Speed: (0%)
Cremis, Level: 4, Rank: 1, Gender: Male, HP IV: 65(0%), ATK IV: 13(0%), DEF IV: 12(0%), Work Speed: (0%), Skills: Burly Body
Daedream, Level: 10, Rank: 1, Gender: Female, HP IV: 59(0%), ATK IV: 96(0%), DEF IV: 95(0%), Work Speed: (0%), Skills: Brave
Daedream, Level: 19, Rank: 1, Gender: Female, HP IV: 27(0%), ATK IV: 37(0%), DEF IV: 96(0%), Work Speed: (0%), Skills: Noble, Veil of Darkness
Daedream, Level: 4, Rank: 1, Gender: Male, HP IV: 77(0%), ATK IV: 81(0%), DEF IV: 81(0%), Work Speed: (0%)
Daedream, Level: 4, Rank: 1, Gender: Male, HP IV: 85(0%), ATK IV: 29(0%), DEF IV: 67(0%), Work Speed: (0%), Skills: Clumsy, Hooligan, Fit as a Fiddle
Daedream, Level: 6, Rank: 1, Gender: Male, HP IV: 65(0%), ATK IV: 33(0%), DEF IV: 83(0%), Work Speed: (0%), Skills: Burly Body
Daedream, Level: 7, Rank: 1, Gender: Male, HP IV: 31(0%), ATK IV: 69(0%), DEF IV: 98(0%), Work Speed: (0%), Skills: Diet Lover
Dazzi, Level: 3, Rank: 1, Gender: Female, HP IV: 8(0%), ATK IV: 30(0%), DEF IV: 68(0%), Work Speed: (0%), Skills: Hooligan
Direhowl, Level: 15, Rank: 1, Gender: Male, HP IV: 14(0%), ATK IV: 8(0%), DEF IV: 33(0%), Work Speed: (0%), Skills: Musclehead
Direhowl, Level: 5, Rank: 1, Gender: Male, HP IV: 57(0%), ATK IV: 38(0%), DEF IV: 83(0%), Work Speed: (0%), Skills: Shabby
Direhowl, Level: 6, Rank: 1, Gender: Female, HP IV: 7(0%), ATK IV: 26(0%), DEF IV: 52(0%), Work Speed: (0%), Skills: Masochist
Direhowl, Level: 6, Rank: 1, Gender: Female, HP IV: 85(0%), ATK IV: 74(0%), DEF IV: 45(0%), Work Speed: (0%), Skills: Veil of Darkness
Direhowl, Level: 6, Rank: 1, Gender: Male, HP IV: 79(0%), ATK IV: 16(0%), DEF IV: 24(0%), Work Speed: (0%), Skills: Noble
Direhowl, Level: 8, Rank: 1, Gender: Male, HP IV: 27(0%), ATK IV: 23(0%), DEF IV: 98(0%), Work Speed: (0%), Skills: Noble
Direhowl, Level: 8, Rank: 1, Gender: Male, HP IV: 9(0%), ATK IV: 20(0%), DEF IV: 8(0%), Work Speed: (0%), Skills: Suntan Lover, Motivational Leader
Eikthyrdeer, Level: 10, Rank: 1, Gender: Male, HP IV: 20(0%), ATK IV: 3(0%), DEF IV: 86(0%), Work Speed: (0%), Skills: Ferocious
Foxparks, Level: 9, Rank: 1, Gender: Female, HP IV: 51(0%), ATK IV: 9(0%), DEF IV: 83(0%), Work Speed: (0%), Skills: Hydromaniac
Fuddler, Level: 6, Rank: 1, Gender: Female, HP IV: 21(0%), ATK IV: 24(0%), DEF IV: 92(0%), Work Speed: (0%), Skills: Coldblooded
Fuddler, Level: 8, Rank: 1, Gender: Female, HP IV: 5(0%), ATK IV: 25(0%), DEF IV: 70(0%), Work Speed: (0%), Skills: Hooligan
Gumoss, Level: 9, Rank: 1, Gender: Male, HP IV: 12(0%), ATK IV: 86(0%), DEF IV: 78(0%), Work Speed: (0%), Skills: Veil of Darkness, Pyromaniac, Sickly, Burly Body
Hoocrates, Level: 5, Rank: 1, Gender: Male, HP IV: 41(0%), ATK IV: 19(0%), DEF IV: 61(0%), Work Speed: (0%), Skills: Diet Lover, Brittle
Killamari, Level: 5, Rank: 1, Gender: Male, HP IV: 16(0%), ATK IV: 66(0%), DEF IV: 17(0%), Work Speed: (0%), Skills: Hooligan
Lamball, Level: 1, Rank: 1, Gender: Male, HP IV: 21(0%), ATK IV: 38(0%), DEF IV: 67(0%), Work Speed: (0%), Skills: Mine Foreman
Lifmunk, Level: 4, Rank: 1, Gender: Female, HP IV: 1(0%), ATK IV: 39(0%), DEF IV: 81(0%), Work Speed: (0%), Skills: Burly Body
Lifmunk, Level: 4, Rank: 1, Gender: Female, HP IV: 96(0%), ATK IV: 5(0%), DEF IV: 47(0%), Work Speed: (0%), Skills: Motivational Leader
Loupmoon, Level: 14, Rank: 1, Gender: Male, HP IV: 38(0%), ATK IV: 91(0%), DEF IV: 74(0%), Work Speed: (0%), Skills: Hooligan
Loupmoon, Level: 15, Rank: 1, Gender: Female, HP IV: 85(0%), ATK IV: 22(0%), DEF IV: 74(0%), Work Speed: (0%), Skills: Destructive, Burly Body, Fine Furs
Mozzarina, Level: 12, Rank: 1, Gender: Male, HP IV: 42(0%), ATK IV: 86(0%), DEF IV: 67(0%), Work Speed: (0%), Skills: Botanical Barrier
Nitewing, Level: 11, Rank: 1, Gender: Female, HP IV: 71(0%), ATK IV: 1(0%), DEF IV: 20(0%), Work Speed: (0%)
Pengullet, Level: 10, Rank: 1, Gender: Male, HP IV: 99(0%), ATK IV: 65(0%), DEF IV: 97(0%), Work Speed: (0%), Skills: Positive Thinker, Noble
Pengullet, Level: 3, Rank: 1, Gender: Male, HP IV: 37(0%), ATK IV: 30(0%), DEF IV: 2(0%), Work Speed: (0%), Skills: Vanguard
Tanzee, Level: 5, Rank: 1, Gender: Female, HP IV: 2(0%), ATK IV: 93(0%), DEF IV: 55(0%), Work Speed: (0%), Skills: Runner, Dragonkiller
Teafant, Level: 3, Rank: 1, Gender: Male, HP IV: 68(0%), ATK IV: 70(0%), DEF IV: 12(0%), Work Speed: (0%), Skills: Motivational Leader
Tombat, Level: 19, Rank: 1, Gender: Male, HP IV: 78(0%), ATK IV: 88(0%), DEF IV: 97(0%), Work Speed: (0%), Skills: Suntan Lover, Motivational Leader
Tombat, Level: 9, Rank: 1, Gender: Female, HP IV: 31(0%), ATK IV: 27(0%), DEF IV: 65(0%), Work Speed: (0%), Skills: Artisan
Traveling Merchant, Level: 1, Rank: 1, Gender: Unknown, HP IV: 57(0%), ATK IV: 51(0%), DEF IV: 35(0%), Work Speed: (0%), Skills: Pacifist
Traveling Merchant, Level: 18, Rank: 1, Gender: Unknown, HP IV: 67(0%), ATK IV: 18(0%), DEF IV: 53(0%), Work Speed: (0%), Skills: Clumsy
Verdelet's 49 Pals
------------------
Alpha Chillet, Level: 11, Rank: 1, Gender: Male, HP IV: 98(0%), ATK IV: 50(0%), DEF IV: 95(0%), Work Speed: (0%), Skills: Destructive
Alpha Chillet, Level: 19, Rank: 1, Gender: Male, HP IV: 67(0%), ATK IV: 67(0%), DEF IV: 75(0%), Work Speed: (0%), Skills: Zen Mind
Alpha Daedream, Level: 13, Rank: 1, Gender: Female, HP IV: 72(0%), ATK IV: 74(0%), DEF IV: 59(0%), Work Speed: (0%), Skills: Coward
Alpha Eikthyrdeer, Level: 10, Rank: 1, Gender: Male, HP IV: 96(0%), ATK IV: 76(0%), DEF IV: 86(0%), Work Speed: (0%), Skills: Conceited
Alpha Nox, Level: 20, Rank: 1, Gender: Female, HP IV: 78(0%), ATK IV: 93(0%), DEF IV: 60(0%), Work Speed: (0%), Skills: Brittle
Cattiva, Level: 1, Rank: 1, Gender: Male, HP IV: 46(0%), ATK IV: 29(0%), DEF IV: 45(0%), Work Speed: (0%), Skills: Coward, Ferocious
Cattiva, Level: 5, Rank: 1, Gender: Female, HP IV: 10(0%), ATK IV: 14(0%), DEF IV: 47(0%), Work Speed: (0%), Skills: Coward, Waterproof
Cattiva, Level: 6, Rank: 1, Gender: Male, HP IV: 60(0%), ATK IV: 99(0%), DEF IV: 71(0%), Work Speed: (0%), Skills: Coward, Vanguard
Cattiva, Level: 9, Rank: 1, Gender: Male, HP IV: 21(0%), ATK IV: 78(0%), DEF IV: 26(0%), Work Speed: (0%), Skills: Coward, Artisan
Chikipi, Level: 1, Rank: 1, Gender: Female, HP IV: 82(0%), ATK IV: 39(0%), DEF IV: 23(0%), Work Speed: (0%), Skills: Runner
Cremis, Level: 2, Rank: 1, Gender: Female, HP IV: 15(0%), ATK IV: 25(0%), DEF IV: 19(0%), Work Speed: (0%), Skills: Swift
Cremis, Level: 4, Rank: 1, Gender: Male, HP IV: 55(0%), ATK IV: 21(0%), DEF IV: 59(0%), Work Speed: (0%)
Cremis, Level: 4, Rank: 1, Gender: Male, HP IV: 65(0%), ATK IV: 13(0%), DEF IV: 12(0%), Work Speed: (0%), Skills: Burly Body
Daedream, Level: 10, Rank: 1, Gender: Female, HP IV: 59(0%), ATK IV: 96(0%), DEF IV: 95(0%), Work Speed: (0%), Skills: Brave
Daedream, Level: 19, Rank: 1, Gender: Female, HP IV: 27(0%), ATK IV: 37(0%), DEF IV: 96(0%), Work Speed: (0%), Skills: Noble, Veil of Darkness
Daedream, Level: 4, Rank: 1, Gender: Male, HP IV: 77(0%), ATK IV: 81(0%), DEF IV: 81(0%), Work Speed: (0%)
Daedream, Level: 4, Rank: 1, Gender: Male, HP IV: 85(0%), ATK IV: 29(0%), DEF IV: 67(0%), Work Speed: (0%), Skills: Clumsy, Hooligan, Fit as a Fiddle
Daedream, Level: 6, Rank: 1, Gender: Male, HP IV: 65(0%), ATK IV: 33(0%), DEF IV: 83(0%), Work Speed: (0%), Skills: Burly Body
Daedream, Level: 7, Rank: 1, Gender: Male, HP IV: 31(0%), ATK IV: 69(0%), DEF IV: 98(0%), Work Speed: (0%), Skills: Diet Lover
Dazzi, Level: 3, Rank: 1, Gender: Female, HP IV: 8(0%), ATK IV: 30(0%), DEF IV: 68(0%), Work Speed: (0%), Skills: Hooligan
Direhowl, Level: 15, Rank: 1, Gender: Male, HP IV: 14(0%), ATK IV: 8(0%), DEF IV: 33(0%), Work Speed: (0%), Skills: Musclehead
Direhowl, Level: 5, Rank: 1, Gender: Male, HP IV: 57(0%), ATK IV: 38(0%), DEF IV: 83(0%), Work Speed: (0%), Skills: Shabby
Direhowl, Level: 6, Rank: 1, Gender: Female, HP IV: 7(0%), ATK IV: 26(0%), DEF IV: 52(0%), Work Speed: (0%), Skills: Masochist
Direhowl, Level: 6, Rank: 1, Gender: Female, HP IV: 85(0%), ATK IV: 74(0%), DEF IV: 45(0%), Work Speed: (0%), Skills: Veil of Darkness
Direhowl, Level: 6, Rank: 1, Gender: Male, HP IV: 79(0%), ATK IV: 16(0%), DEF IV: 24(0%), Work Speed: (0%), Skills: Noble
Direhowl, Level: 8, Rank: 1, Gender: Male, HP IV: 27(0%), ATK IV: 23(0%), DEF IV: 98(0%), Work Speed: (0%), Skills: Noble
Direhowl, Level: 8, Rank: 1, Gender: Male, HP IV: 9(0%), ATK IV: 20(0%), DEF IV: 8(0%), Work Speed: (0%), Skills: Suntan Lover, Motivational Leader
Eikthyrdeer, Level: 10, Rank: 1, Gender: Male, HP IV: 20(0%), ATK IV: 3(0%), DEF IV: 86(0%), Work Speed: (0%), Skills: Ferocious
Foxparks, Level: 9, Rank: 1, Gender: Female, HP IV: 51(0%), ATK IV: 9(0%), DEF IV: 83(0%), Work Speed: (0%), Skills: Hydromaniac
Fuddler, Level: 6, Rank: 1, Gender: Female, HP IV: 21(0%), ATK IV: 24(0%), DEF IV: 92(0%), Work Speed: (0%), Skills: Coldblooded
Fuddler, Level: 8, Rank: 1, Gender: Female, HP IV: 5(0%), ATK IV: 25(0%), DEF IV: 70(0%), Work Speed: (0%), Skills: Hooligan
Gumoss, Level: 9, Rank: 1, Gender: Male, HP IV: 12(0%), ATK IV: 86(0%), DEF IV: 78(0%), Work Speed: (0%), Skills: Veil of Darkness, Pyromaniac, Sickly, Burly Body
Hoocrates, Level: 5, Rank: 1, Gender: Male, HP IV: 41(0%), ATK IV: 19(0%), DEF IV: 61(0%), Work Speed: (0%), Skills: Diet Lover, Brittle
Killamari, Level: 5, Rank: 1, Gender: Male, HP IV: 16(0%), ATK IV: 66(0%), DEF IV: 17(0%), Work Speed: (0%), Skills: Hooligan
Lamball, Level: 1, Rank: 1, Gender: Male, HP IV: 21(0%), ATK IV: 38(0%), DEF IV: 67(0%), Work Speed: (0%), Skills: Mine Foreman
Lifmunk, Level: 4, Rank: 1, Gender: Female, HP IV: 1(0%), ATK IV: 39(0%), DEF IV: 81(0%), Work Speed: (0%), Skills: Burly Body
Lifmunk, Level: 4, Rank: 1, Gender: Female, HP IV: 96(0%), ATK IV: 5(0%), DEF IV: 47(0%), Work Speed: (0%), Skills: Motivational Leader
Loupmoon, Level: 14, Rank: 1, Gender: Male, HP IV: 38(0%), ATK IV: 91(0%), DEF IV: 74(0%), Work Speed: (0%), Skills: Hooligan
Loupmoon, Level: 15, Rank: 1, Gender: Female, HP IV: 85(0%), ATK IV: 22(0%), DEF IV: 74(0%), Work Speed: (0%), Skills: Destructive, Burly Body, Fine Furs
Mozzarina, Level: 12, Rank: 1, Gender: Male, HP IV: 42(0%), ATK IV: 86(0%), DEF IV: 67(0%), Work Speed: (0%), Skills: Botanical Barrier
Nitewing, Level: 11, Rank: 1, Gender: Female, HP IV: 71(0%), ATK IV: 1(0%), DEF IV: 20(0%), Work Speed: (0%)
Pengullet, Level: 10, Rank: 1, Gender: Male, HP IV: 99(0%), ATK IV: 65(0%), DEF IV: 97(0%), Work Speed: (0%), Skills: Positive Thinker, Noble
Pengullet, Level: 3, Rank: 1, Gender: Male, HP IV: 37(0%), ATK IV: 30(0%), DEF IV: 2(0%), Work Speed: (0%), Skills: Vanguard
Tanzee, Level: 5, Rank: 1, Gender: Female, HP IV: 2(0%), ATK IV: 93(0%), DEF IV: 55(0%), Work Speed: (0%), Skills: Runner, Dragonkiller
Teafant, Level: 3, Rank: 1, Gender: Male, HP IV: 68(0%), ATK IV: 70(0%), DEF IV: 12(0%), Work Speed: (0%), Skills: Motivational Leader
Tombat, Level: 19, Rank: 1, Gender: Male, HP IV: 78(0%), ATK IV: 88(0%), DEF IV: 97(0%), Work Speed: (0%), Skills: Suntan Lover, Motivational Leader
Tombat, Level: 9, Rank: 1, Gender: Female, HP IV: 31(0%), ATK IV: 27(0%), DEF IV: 65(0%), Work Speed: (0%), Skills: Artisan
Traveling Merchant, Level: 1, Rank: 1, Gender: Unknown, HP IV: 57(0%), ATK IV: 51(0%), DEF IV: 35(0%), Work Speed: (0%), Skills: Pacifist
Traveling Merchant, Level: 18, Rank: 1, Gender: Unknown, HP IV: 67(0%), ATK IV: 18(0%), DEF IV: 53(0%), Work Speed: (0%), Skills: Clumsy
Verdelet's 49 Pals
------------------
Alpha Chillet, Level: 11, Rank: 1, Gender: Male, HP IV: 98(0%), ATK IV: 50(0%), DEF IV: 95(0%), Work Speed: (0%), Skills: Destructive
Alpha Chillet, Level: 19, Rank: 1, Gender: Male, HP IV: 67(0%), ATK IV: 67(0%), DEF IV: 75(0%), Work Speed: (0%), Skills: Zen Mind
Alpha Daedream, Level: 13, Rank: 1, Gender: Female, HP IV: 72(0%), ATK IV: 74(0%), DEF IV: 59(0%), Work Speed: (0%), Skills: Coward
Alpha Eikthyrdeer, Level: 10, Rank: 1, Gender: Male, HP IV: 96(0%), ATK IV: 76(0%), DEF IV: 86(0%), Work Speed: (0%), Skills: Conceited
Alpha Nox, Level: 20, Rank: 1, Gender: Female, HP IV: 78(0%), ATK IV: 93(0%), DEF IV: 60(0%), Work Speed: (0%), Skills: Brittle
Cattiva, Level: 1, Rank: 1, Gender: Male, HP IV: 46(0%), ATK IV: 29(0%), DEF IV: 45(0%), Work Speed: (0%), Skills: Coward, Ferocious
Cattiva, Level: 5, Rank: 1, Gender: Female, HP IV: 10(0%), ATK IV: 14(0%), DEF IV: 47(0%), Work Speed: (0%), Skills: Coward, Waterproof
Cattiva, Level: 6, Rank: 1, Gender: Male, HP IV: 60(0%), ATK IV: 99(0%), DEF IV: 71(0%), Work Speed: (0%), Skills: Coward, Vanguard
Cattiva, Level: 9, Rank: 1, Gender: Male, HP IV: 21(0%), ATK IV: 78(0%), DEF IV: 26(0%), Work Speed: (0%), Skills: Coward, Artisan
Chikipi, Level: 1, Rank: 1, Gender: Female, HP IV: 82(0%), ATK IV: 39(0%), DEF IV: 23(0%), Work Speed: (0%), Skills: Runner
Cremis, Level: 2, Rank: 1, Gender: Female, HP IV: 15(0%), ATK IV: 25(0%), DEF IV: 19(0%), Work Speed: (0%), Skills: Swift
Cremis, Level: 4, Rank: 1, Gender: Male, HP IV: 55(0%), ATK IV: 21(0%), DEF IV: 59(0%), Work Speed: (0%)
Cremis, Level: 4, Rank: 1, Gender: Male, HP IV: 65(0%), ATK IV: 13(0%), DEF IV: 12(0%), Work Speed: (0%), Skills: Burly Body
Daedream, Level: 10, Rank: 1, Gender: Female, HP IV: 59(0%), ATK IV: 96(0%), DEF IV: 95(0%), Work Speed: (0%), Skills: Brave
Daedream, Level: 19, Rank: 1, Gender: Female, HP IV: 27(0%), ATK IV: 37(0%), DEF IV: 96(0%), Work Speed: (0%), Skills: Noble, Veil of Darkness
Daedream, Level: 4, Rank: 1, Gender: Male, HP IV: 77(0%), ATK IV: 81(0%), DEF IV: 81(0%), Work Speed: (0%)
Daedream, Level: 4, Rank: 1, Gender: Male, HP IV: 85(0%), ATK IV: 29(0%), DEF IV: 67(0%), Work Speed: (0%), Skills: Clumsy, Hooligan, Fit as a Fiddle
Daedream, Level: 6, Rank: 1, Gender: Male, HP IV: 65(0%), ATK IV: 33(0%), DEF IV: 83(0%), Work Speed: (0%), Skills: Burly Body
Daedream, Level: 7, Rank: 1, Gender: Male, HP IV: 31(0%), ATK IV: 69(0%), DEF IV: 98(0%), Work Speed: (0%), Skills: Diet Lover
Dazzi, Level: 3, Rank: 1, Gender: Female, HP IV: 8(0%), ATK IV: 30(0%), DEF IV: 68(0%), Work Speed: (0%), Skills: Hooligan
Direhowl, Level: 15, Rank: 1, Gender: Male, HP IV: 14(0%), ATK IV: 8(0%), DEF IV: 33(0%), Work Speed: (0%), Skills: Musclehead
Direhowl, Level: 5, Rank: 1, Gender: Male, HP IV: 57(0%), ATK IV: 38(0%), DEF IV: 83(0%), Work Speed: (0%), Skills: Shabby
Direhowl, Level: 6, Rank: 1, Gender: Female, HP IV: 7(0%), ATK IV: 26(0%), DEF IV: 52(0%), Work Speed: (0%), Skills: Masochist
Direhowl, Level: 6, Rank: 1, Gender: Female, HP IV: 85(0%), ATK IV: 74(0%), DEF IV: 45(0%), Work Speed: (0%), Skills: Veil of Darkness
Direhowl, Level: 6, Rank: 1, Gender: Male, HP IV: 79(0%), ATK IV: 16(0%), DEF IV: 24(0%), Work Speed: (0%), Skills: Noble
Direhowl, Level: 8, Rank: 1, Gender: Male, HP IV: 27(0%), ATK IV: 23(0%), DEF IV: 98(0%), Work Speed: (0%), Skills: Noble
Direhowl, Level: 8, Rank: 1, Gender: Male, HP IV: 9(0%), ATK IV: 20(0%), DEF IV: 8(0%), Work Speed: (0%), Skills: Suntan Lover, Motivational Leader
Eikthyrdeer, Level: 10, Rank: 1, Gender: Male, HP IV: 20(0%), ATK IV: 3(0%), DEF IV: 86(0%), Work Speed: (0%), Skills: Ferocious
Foxparks, Level: 9, Rank: 1, Gender: Female, HP IV: 51(0%), ATK IV: 9(0%), DEF IV: 83(0%), Work Speed: (0%), Skills: Hydromaniac
Fuddler, Level: 6, Rank: 1, Gender: Female, HP IV: 21(0%), ATK IV: 24(0%), DEF IV: 92(0%), Work Speed: (0%), Skills: Coldblooded
Fuddler, Level: 8, Rank: 1, Gender: Female, HP IV: 5(0%), ATK IV: 25(0%), DEF IV: 70(0%), Work Speed: (0%), Skills: Hooligan
Gumoss, Level: 9, Rank: 1, Gender: Male, HP IV: 12(0%), ATK IV: 86(0%), DEF IV: 78(0%), Work Speed: (0%), Skills: Veil of Darkness, Pyromaniac, Sickly, Burly Body
Hoocrates, Level: 5, Rank: 1, Gender: Male, HP IV: 41(0%), ATK IV: 19(0%), DEF IV: 61(0%), Work Speed: (0%), Skills: Diet Lover, Brittle
Killamari, Level: 5, Rank: 1, Gender: Male, HP IV: 16(0%), ATK IV: 66(0%), DEF IV: 17(0%), Work Speed: (0%), Skills: Hooligan
Lamball, Level: 1, Rank: 1, Gender: Male, HP IV: 21(0%), ATK IV: 38(0%), DEF IV: 67(0%), Work Speed: (0%), Skills: Mine Foreman
Lifmunk, Level: 4, Rank: 1, Gender: Female, HP IV: 1(0%), ATK IV: 39(0%), DEF IV: 81(0%), Work Speed: (0%), Skills: Burly Body
Lifmunk, Level: 4, Rank: 1, Gender: Female, HP IV: 96(0%), ATK IV: 5(0%), DEF IV: 47(0%), Work Speed: (0%), Skills: Motivational Leader
Loupmoon, Level: 14, Rank: 1, Gender: Male, HP IV: 38(0%), ATK IV: 91(0%), DEF IV: 74(0%), Work Speed: (0%), Skills: Hooligan
Loupmoon, Level: 15, Rank: 1, Gender: Female, HP IV: 85(0%), ATK IV: 22(0%), DEF IV: 74(0%), Work Speed: (0%), Skills: Destructive, Burly Body, Fine Furs
Mozzarina, Level: 12, Rank: 1, Gender: Male, HP IV: 42(0%), ATK IV: 86(0%), DEF IV: 67(0%), Work Speed: (0%), Skills: Botanical Barrier
Nitewing, Level: 11, Rank: 1, Gender: Female, HP IV: 71(0%), ATK IV: 1(0%), DEF IV: 20(0%), Work Speed: (0%)
Pengullet, Level: 10, Rank: 1, Gender: Male, HP IV: 99(0%), ATK IV: 65(0%), DEF IV: 97(0%), Work Speed: (0%), Skills: Positive Thinker, Noble
Pengullet, Level: 3, Rank: 1, Gender: Male, HP IV: 37(0%), ATK IV: 30(0%), DEF IV: 2(0%), Work Speed: (0%), Skills: Vanguard
Tanzee, Level: 5, Rank: 1, Gender: Female, HP IV: 2(0%), ATK IV: 93(0%), DEF IV: 55(0%), Work Speed: (0%), Skills: Runner, Dragonkiller
Teafant, Level: 3, Rank: 1, Gender: Male, HP IV: 68(0%), ATK IV: 70(0%), DEF IV: 12(0%), Work Speed: (0%), Skills: Motivational Leader
Tombat, Level: 19, Rank: 1, Gender: Male, HP IV: 78(0%), ATK IV: 88(0%), DEF IV: 97(0%), Work Speed: (0%), Skills: Suntan Lover, Motivational Leader
Tombat, Level: 9, Rank: 1, Gender: Female, HP IV: 31(0%), ATK IV: 27(0%), DEF IV: 65(0%), Work Speed: (0%), Skills: Artisan
Traveling Merchant, Level: 1, Rank: 1, Gender: Unknown, HP IV: 57(0%), ATK IV: 51(0%), DEF IV: 35(0%), Work Speed: (0%), Skills: Pacifist
Traveling Merchant, Level: 18, Rank: 1, Gender: Unknown, HP IV: 67(0%), ATK IV: 18(0%), DEF IV: 53(0%), Work Speed: (0%), Skills: Clumsy
