Vidzo's 9 Pals
--------------
Cattiva, Level: 4, Rank: 1, Gender: Male, HP IV: 55(0%), ATK IV: 79(0%), DEF IV: 19(0%), Work Speed: (0%), Skills: Coward, Glutton
Cattiva, Level: 5, Rank: 1, Gender: Male, HP IV: 14(0%), ATK IV: 32(0%), DEF IV: 53(0%), Work Speed: (0%), Skills: Coward, Philantropist, Vanguard, Glutton
Cattiva, Level: 5, Rank: 1, Gender: Male, HP IV: 39(0%), ATK IV: 28(0%), DEF IV: 61(0%), Work Speed: (0%), Skills: Coward, Mercy hit
Chikipi, Level: 5, Rank: 1, Gender: Female, HP IV: 73(0%), ATK IV: 60(0%), DEF IV: 95(0%), Work Speed: (0%), Skills: Serious
Cremis, Level: 5, Rank: 1, Gender: Female, HP IV: 10(0%), ATK IV: 74(0%), DEF IV: 30(0%), Work Speed: (0%), Skills: Insulated Body
Cremis, Level: 5, Rank: 1, Gender: Female, HP IV: 28(0%), ATK IV: 55(0%), DEF IV: 31(0%), Work Speed: (0%), Skills: Abnormal
Gumoss, Level: 5, Rank: 1, Gender: Female, HP IV: 8(0%), ATK IV: 18(0%), DEF IV: 21(0%), Work Speed: (0%), Skills: Zen Mind
Pengullet, Level: 4, Rank: 1, Gender: Female, HP IV: 37(0%), ATK IV: 65(0%), DEF IV: 37(0%), Work Speed: (0%), Skills: Diet Lover
Pengullet, Level: 5, Rank: 1, Gender: Female, HP IV: 81(0%), ATK IV: 14(0%), DEF IV: 8(0%), Work Speed: (0%), Skills: Logging Foreman
Vidzo's 9 Pals
--------------
Cattiva, Level: 4, Rank: 1, Gender: Male, HP IV: 55(0%), ATK IV: 79(0%), DEF IV: 19(0%), Work Speed: (0%), Skills: Coward, Glutton
Cattiva, Level: 5, Rank: 1, Gender: Male, HP IV: 14(0%), ATK IV: 32(0%), DEF IV: 53(0%), Work Speed: (0%), Skills: Coward, Philantropist, Vanguard, Glutton
Cattiva, Level: 5, Rank: 1, Gender: Male, HP IV: 39(0%), ATK IV: 28(0%), DEF IV: 61(0%), Work Speed: (0%), Skills: Coward, Mercy hit
Chikipi, Level: 5, Rank: 1, Gender: Female, HP IV: 73(0%), ATK IV: 60(0%), DEF IV: 95(0%), Work Speed: (0%), Skills: Serious
Cremis, Level: 5, Rank: 1, Gender: Female, HP IV: 10(0%), ATK IV: 74(0%), DEF IV: 30(0%), Work Speed: (0%), Skills: Insulated Body
Cremis, Level: 5, Rank: 1, Gender: Female, HP IV: 28(0%), ATK IV: 55(0%), DEF IV: 31(0%), Work Speed: (0%), Skills: Abnormal
Gumoss, Level: 5, Rank: 1, Gender: Female, HP IV: 8(0%), ATK IV: 18(0%), DEF IV: 21(0%), Work Speed: (0%), Skills: Zen Mind
Pengullet, Level: 4, Rank: 1, Gender: Female, HP IV: 37(0%), ATK IV: 65(0%), DEF IV: 37(0%), Work Speed: (0%), Skills: Diet Lover
Pengullet, Level: 5, Rank: 1, Gender: Female, HP IV: 81(0%), ATK IV: 14(0%), DEF IV: 8(0%), Work Speed: (0%), Skills: Logging Foreman
