WhoIsDevab?'s 24 Pals
---------------------
Alpha Chikipi, Level: 7, Rank: 1, Gender: Male, HP IV: 67(0%), ATK IV: 61(0%), DEF IV: 59(0%), Work Speed: (0%), Skills: Lucky, Runner
Alpha Chillet, Level: 18, Rank: 1, Gender: Male, HP IV: 68(0%), ATK IV: 80(0%), DEF IV: 87(0%), Work Speed: (0%), Skills: Noble
Alpha Sweepa, Level: 11, Rank: 1, Gender: Female, HP IV: 69(0%), ATK IV: 62(0%), DEF IV: 70(0%), Work Speed: (0%), Skills: Heated Body
Cattiva, Level: 12, Rank: 1, Gender: Male, HP IV: 63(0%), ATK IV: 38(0%), DEF IV: 48(0%), Work Speed: (0%), Skills: Coward, Power of Gaia
Cattiva, Level: 37, Rank: 1, Gender: Female, HP IV: 30(0%), ATK IV: 8(0%), DEF IV: 34(0%), Work Speed: (0%), Skills: Coward, Mercy hit
Daedream, Level: 5, Rank: 1, Gender: Male, HP IV: 53(0%), ATK IV: 57(0%), DEF IV: 3(0%), Work Speed: (0%), Skills: Glutton
Eikthyrdeer, Level: 19, Rank: 1, Gender: Male, HP IV: 13(0%), ATK IV: 48(0%), DEF IV: 63(0%), Work Speed: (0%)
Foxparks, Level: 19, Rank: 1, Gender: Female, HP IV: 48(0%), ATK IV: 63(0%), DEF IV: 19(0%), Work Speed: (0%)
Foxparks, Level: 6, Rank: 1, Gender: Male, HP IV: 3(0%), ATK IV: 5(0%), DEF IV: 73(0%), Work Speed: (0%), Skills: Easygoing
Fuack, Level: 5, Rank: 1, Gender: Female, HP IV: 50(0%), ATK IV: 2(0%), DEF IV: 56(0%), Work Speed: (0%), Skills: Fine Furs
Hoocrates, Level: 7, Rank: 1, Gender: Male, HP IV: 82(0%), ATK IV: 94(0%), DEF IV: 74(0%), Work Speed: (0%), Skills: Nocturnal
Jolthog, Level: 4, Rank: 1, Gender: Male, HP IV: 30(0%), ATK IV: 15(0%), DEF IV: 23(0%), Work Speed: (0%), Skills: Hydromaniac
Lamball, Level: 7, Rank: 1, Gender: Female, HP IV: 42(0%), ATK IV: 8(0%), DEF IV: 70(0%), Work Speed: (0%), Skills: Mercy hit
Lamball, Level: 8, Rank: 1, Gender: Female, HP IV: 13(0%), ATK IV: 39(0%), DEF IV: 97(0%), Work Speed: (0%), Skills: Capacitor
Nitewing, Level: 19, Rank: 1, Gender: Male, HP IV: 1(0%), ATK IV: 45(0%), DEF IV: 38(0%), Work Speed: (0%), Skills: Serious, Power of Gaia
Nox, Level: 5, Rank: 1, Gender: Male, HP IV: 68(0%), ATK IV: 58(0%), DEF IV: 66(0%), Work Speed: (0%), Skills: Motivational Leader, Slacker
Pengullet, Level: 3, Rank: 1, Gender: Female, HP IV: 87(0%), ATK IV: 63(0%), DEF IV: 93(0%), Work Speed: (0%), Skills: Artisan
Rushoar, Level: 12, Rank: 1, Gender: Female, HP IV: 82(0%), ATK IV: 59(0%), DEF IV: 100(0%), Work Speed: (0%), Skills: Philantropist
Sparkit, Level: 4, Rank: 1, Gender: Male, HP IV: 53(0%), ATK IV: 73(0%), DEF IV: 89(0%), Work Speed: (0%)
Sparkit, Level: 6, Rank: 1, Gender: Male, HP IV: 58(0%), ATK IV: 90(0%), DEF IV: 52(0%), Work Speed: (0%)
Tanzee, Level: 4, Rank: 1, Gender: Female, HP IV: 77(0%), ATK IV: 2(0%), DEF IV: 76(0%), Work Speed: (0%), Skills: Work Slave
Teafant, Level: 12, Rank: 1, Gender: Male, HP IV: 28(0%), ATK IV: 79(0%), DEF IV: 100(0%), Work Speed: (0%), Skills: Earthquake Resistant
Teafant, Level: 2, Rank: 1, Gender: Male, HP IV: 61(0%), ATK IV: 90(0%), DEF IV: 100(0%), Work Speed: (0%), Skills: Logging Foreman
Traveling Merchant, Level: 3, Rank: 1, Gender: Unknown, HP IV: 9(0%), ATK IV: 17(0%), DEF IV: 8(0%), Work Speed: (0%)
WhoIsDevab?'s 24 Pals
---------------------
Alpha Chikipi, Level: 7, Rank: 1, Gender: Male, HP IV: 67(0%), ATK IV: 61(0%), DEF IV: 59(0%), Work Speed: (0%), Skills: Lucky, Runner
Alpha Chillet, Level: 18, Rank: 1, Gender: Male, HP IV: 68(0%), ATK IV: 80(0%), DEF IV: 87(0%), Work Speed: (0%), Skills: Noble
Alpha Sweepa, Level: 11, Rank: 1, Gender: Female, HP IV: 69(0%), ATK IV: 62(0%), DEF IV: 70(0%), Work Speed: (0%), Skills: Heated Body
Cattiva, Level: 12, Rank: 1, Gender: Male, HP IV: 63(0%), ATK IV: 38(0%), DEF IV: 48(0%), Work Speed: (0%), Skills: Coward, Power of Gaia
Cattiva, Level: 37, Rank: 1, Gender: Female, HP IV: 30(0%), ATK IV: 8(0%), DEF IV: 34(0%), Work Speed: (0%), Skills: Coward, Mercy hit
Daedream, Level: 5, Rank: 1, Gender: Male, HP IV: 53(0%), ATK IV: 57(0%), DEF IV: 3(0%), Work Speed: (0%), Skills: Glutton
Eikthyrdeer, Level: 19, Rank: 1, Gender: Male, HP IV: 13(0%), ATK IV: 48(0%), DEF IV: 63(0%), Work Speed: (0%)
Foxparks, Level: 19, Rank: 1, Gender: Female, HP IV: 48(0%), ATK IV: 63(0%), DEF IV: 19(0%), Work Speed: (0%)
Foxparks, Level: 6, Rank: 1, Gender: Male, HP IV: 3(0%), ATK IV: 5(0%), DEF IV: 73(0%), Work Speed: (0%), Skills: Easygoing
Fuack, Level: 5, Rank: 1, Gender: Female, HP IV: 50(0%), ATK IV: 2(0%), DEF IV: 56(0%), Work Speed: (0%), Skills: Fine Furs
Hoocrates, Level: 7, Rank: 1, Gender: Male, HP IV: 82(0%), ATK IV: 94(0%), DEF IV: 74(0%), Work Speed: (0%), Skills: Nocturnal
Jolthog, Level: 4, Rank: 1, Gender: Male, HP IV: 30(0%), ATK IV: 15(0%), DEF IV: 23(0%), Work Speed: (0%), Skills: Hydromaniac
Lamball, Level: 7, Rank: 1, Gender: Female, HP IV: 42(0%), ATK IV: 8(0%), DEF IV: 70(0%), Work Speed: (0%), Skills: Mercy hit
Lamball, Level: 8, Rank: 1, Gender: Female, HP IV: 13(0%), ATK IV: 39(0%), DEF IV: 97(0%), Work Speed: (0%), Skills: Capacitor
Nitewing, Level: 19, Rank: 1, Gender: Male, HP IV: 1(0%), ATK IV: 45(0%), DEF IV: 38(0%), Work Speed: (0%), Skills: Serious, Power of Gaia
Nox, Level: 5, Rank: 1, Gender: Male, HP IV: 68(0%), ATK IV: 58(0%), DEF IV: 66(0%), Work Speed: (0%), Skills: Motivational Leader, Slacker
Pengullet, Level: 3, Rank: 1, Gender: Female, HP IV: 87(0%), ATK IV: 63(0%), DEF IV: 93(0%), Work Speed: (0%), Skills: Artisan
Rushoar, Level: 12, Rank: 1, Gender: Female, HP IV: 82(0%), ATK IV: 59(0%), DEF IV: 100(0%), Work Speed: (0%), Skills: Philantropist
Sparkit, Level: 4, Rank: 1, Gender: Male, HP IV: 53(0%), ATK IV: 73(0%), DEF IV: 89(0%), Work Speed: (0%)
Sparkit, Level: 6, Rank: 1, Gender: Male, HP IV: 58(0%), ATK IV: 90(0%), DEF IV: 52(0%), Work Speed: (0%)
Tanzee, Level: 4, Rank: 1, Gender: Female, HP IV: 77(0%), ATK IV: 2(0%), DEF IV: 76(0%), Work Speed: (0%), Skills: Work Slave
Teafant, Level: 12, Rank: 1, Gender: Male, HP IV: 28(0%), ATK IV: 79(0%), DEF IV: 100(0%), Work Speed: (0%), Skills: Earthquake Resistant
Teafant, Level: 2, Rank: 1, Gender: Male, HP IV: 61(0%), ATK IV: 90(0%), DEF IV: 100(0%), Work Speed: (0%), Skills: Logging Foreman
Traveling Merchant, Level: 3, Rank: 1, Gender: Unknown, HP IV: 9(0%), ATK IV: 17(0%), DEF IV: 8(0%), Work Speed: (0%)
WhoIsDevab?'s 24 Pals
---------------------
Alpha Chikipi, Level: 7, Rank: 1, Gender: Male, HP IV: 67(0%), ATK IV: 61(0%), DEF IV: 59(0%), Work Speed: (0%), Skills: Lucky, Runner
Alpha Chillet, Level: 18, Rank: 1, Gender: Male, HP IV: 68(0%), ATK IV: 80(0%), DEF IV: 87(0%), Work Speed: (0%), Skills: Noble
Alpha Sweepa, Level: 11, Rank: 1, Gender: Female, HP IV: 69(0%), ATK IV: 62(0%), DEF IV: 70(0%), Work Speed: (0%), Skills: Heated Body
Cattiva, Level: 12, Rank: 1, Gender: Male, HP IV: 63(0%), ATK IV: 38(0%), DEF IV: 48(0%), Work Speed: (0%), Skills: Coward, Power of Gaia
Cattiva, Level: 37, Rank: 1, Gender: Female, HP IV: 30(0%), ATK IV: 8(0%), DEF IV: 34(0%), Work Speed: (0%), Skills: Coward, Mercy hit
Daedream, Level: 5, Rank: 1, Gender: Male, HP IV: 53(0%), ATK IV: 57(0%), DEF IV: 3(0%), Work Speed: (0%), Skills: Glutton
Eikthyrdeer, Level: 19, Rank: 1, Gender: Male, HP IV: 13(0%), ATK IV: 48(0%), DEF IV: 63(0%), Work Speed: (0%)
Foxparks, Level: 19, Rank: 1, Gender: Female, HP IV: 48(0%), ATK IV: 63(0%), DEF IV: 19(0%), Work Speed: (0%)
Foxparks, Level: 6, Rank: 1, Gender: Male, HP IV: 3(0%), ATK IV: 5(0%), DEF IV: 73(0%), Work Speed: (0%), Skills: Easygoing
Fuack, Level: 5, Rank: 1, Gender: Female, HP IV: 50(0%), ATK IV: 2(0%), DEF IV: 56(0%), Work Speed: (0%), Skills: Fine Furs
Hoocrates, Level: 7, Rank: 1, Gender: Male, HP IV: 82(0%), ATK IV: 94(0%), DEF IV: 74(0%), Work Speed: (0%), Skills: Nocturnal
Jolthog, Level: 4, Rank: 1, Gender: Male, HP IV: 30(0%), ATK IV: 15(0%), DEF IV: 23(0%), Work Speed: (0%), Skills: Hydromaniac
Lamball, Level: 7, Rank: 1, Gender: Female, HP IV: 42(0%), ATK IV: 8(0%), DEF IV: 70(0%), Work Speed: (0%), Skills: Mercy hit
Lamball, Level: 8, Rank: 1, Gender: Female, HP IV: 13(0%), ATK IV: 39(0%), DEF IV: 97(0%), Work Speed: (0%), Skills: Capacitor
Nitewing, Level: 19, Rank: 1, Gender: Male, HP IV: 1(0%), ATK IV: 45(0%), DEF IV: 38(0%), Work Speed: (0%), Skills: Serious, Power of Gaia
Nox, Level: 5, Rank: 1, Gender: Male, HP IV: 68(0%), ATK IV: 58(0%), DEF IV: 66(0%), Work Speed: (0%), Skills: Motivational Leader, Slacker
Pengullet, Level: 3, Rank: 1, Gender: Female, HP IV: 87(0%), ATK IV: 63(0%), DEF IV: 93(0%), Work Speed: (0%), Skills: Artisan
Rushoar, Level: 12, Rank: 1, Gender: Female, HP IV: 82(0%), ATK IV: 59(0%), DEF IV: 100(0%), Work Speed: (0%), Skills: Philantropist
Sparkit, Level: 4, Rank: 1, Gender: Male, HP IV: 53(0%), ATK IV: 73(0%), DEF IV: 89(0%), Work Speed: (0%)
Sparkit, Level: 6, Rank: 1, Gender: Male, HP IV: 58(0%), ATK IV: 90(0%), DEF IV: 52(0%), Work Speed: (0%)
Tanzee, Level: 4, Rank: 1, Gender: Female, HP IV: 77(0%), ATK IV: 2(0%), DEF IV: 76(0%), Work Speed: (0%), Skills: Work Slave
Teafant, Level: 12, Rank: 1, Gender: Male, HP IV: 28(0%), ATK IV: 79(0%), DEF IV: 100(0%), Work Speed: (0%), Skills: Earthquake Resistant
Teafant, Level: 2, Rank: 1, Gender: Male, HP IV: 61(0%), ATK IV: 90(0%), DEF IV: 100(0%), Work Speed: (0%), Skills: Logging Foreman
Traveling Merchant, Level: 3, Rank: 1, Gender: Unknown, HP IV: 9(0%), ATK IV: 17(0%), DEF IV: 8(0%), Work Speed: (0%)
WhoIsDevab?'s 24 Pals
---------------------
Alpha Chikipi, Level: 7, Rank: 1, Gender: Male, HP IV: 67(0%), ATK IV: 61(0%), DEF IV: 59(0%), Work Speed: (0%), Skills: Lucky, Runner
Alpha Chillet, Level: 18, Rank: 1, Gender: Male, HP IV: 68(0%), ATK IV: 80(0%), DEF IV: 87(0%), Work Speed: (0%), Skills: Noble
Alpha Sweepa, Level: 11, Rank: 1, Gender: Female, HP IV: 69(0%), ATK IV: 62(0%), DEF IV: 70(0%), Work Speed: (0%), Skills: Heated Body
Cattiva, Level: 12, Rank: 1, Gender: Male, HP IV: 63(0%), ATK IV: 38(0%), DEF IV: 48(0%), Work Speed: (0%), Skills: Coward, Power of Gaia
Cattiva, Level: 37, Rank: 1, Gender: Female, HP IV: 30(0%), ATK IV: 8(0%), DEF IV: 34(0%), Work Speed: (0%), Skills: Coward, Mercy hit
Daedream, Level: 5, Rank: 1, Gender: Male, HP IV: 53(0%), ATK IV: 57(0%), DEF IV: 3(0%), Work Speed: (0%), Skills: Glutton
Eikthyrdeer, Level: 19, Rank: 1, Gender: Male, HP IV: 13(0%), ATK IV: 48(0%), DEF IV: 63(0%), Work Speed: (0%)
Foxparks, Level: 19, Rank: 1, Gender: Female, HP IV: 48(0%), ATK IV: 63(0%), DEF IV: 19(0%), Work Speed: (0%)
Foxparks, Level: 6, Rank: 1, Gender: Male, HP IV: 3(0%), ATK IV: 5(0%), DEF IV: 73(0%), Work Speed: (0%), Skills: Easygoing
Fuack, Level: 5, Rank: 1, Gender: Female, HP IV: 50(0%), ATK IV: 2(0%), DEF IV: 56(0%), Work Speed: (0%), Skills: Fine Furs
Hoocrates, Level: 7, Rank: 1, Gender: Male, HP IV: 82(0%), ATK IV: 94(0%), DEF IV: 74(0%), Work Speed: (0%), Skills: Nocturnal
Jolthog, Level: 4, Rank: 1, Gender: Male, HP IV: 30(0%), ATK IV: 15(0%), DEF IV: 23(0%), Work Speed: (0%), Skills: Hydromaniac
Lamball, Level: 7, Rank: 1, Gender: Female, HP IV: 42(0%), ATK IV: 8(0%), DEF IV: 70(0%), Work Speed: (0%), Skills: Mercy hit
Lamball, Level: 8, Rank: 1, Gender: Female, HP IV: 13(0%), ATK IV: 39(0%), DEF IV: 97(0%), Work Speed: (0%), Skills: Capacitor
Nitewing, Level: 19, Rank: 1, Gender: Male, HP IV: 1(0%), ATK IV: 45(0%), DEF IV: 38(0%), Work Speed: (0%), Skills: Serious, Power of Gaia
Nox, Level: 5, Rank: 1, Gender: Male, HP IV: 68(0%), ATK IV: 58(0%), DEF IV: 66(0%), Work Speed: (0%), Skills: Motivational Leader, Slacker
Pengullet, Level: 3, Rank: 1, Gender: Female, HP IV: 87(0%), ATK IV: 63(0%), DEF IV: 93(0%), Work Speed: (0%), Skills: Artisan
Rushoar, Level: 12, Rank: 1, Gender: Female, HP IV: 82(0%), ATK IV: 59(0%), DEF IV: 100(0%), Work Speed: (0%), Skills: Philantropist
Sparkit, Level: 4, Rank: 1, Gender: Male, HP IV: 53(0%), ATK IV: 73(0%), DEF IV: 89(0%), Work Speed: (0%)
Sparkit, Level: 6, Rank: 1, Gender: Male, HP IV: 58(0%), ATK IV: 90(0%), DEF IV: 52(0%), Work Speed: (0%)
Tanzee, Level: 4, Rank: 1, Gender: Female, HP IV: 77(0%), ATK IV: 2(0%), DEF IV: 76(0%), Work Speed: (0%), Skills: Work Slave
Teafant, Level: 12, Rank: 1, Gender: Male, HP IV: 28(0%), ATK IV: 79(0%), DEF IV: 100(0%), Work Speed: (0%), Skills: Earthquake Resistant
Teafant, Level: 2, Rank: 1, Gender: Male, HP IV: 61(0%), ATK IV: 90(0%), DEF IV: 100(0%), Work Speed: (0%), Skills: Logging Foreman
Traveling Merchant, Level: 3, Rank: 1, Gender: Unknown, HP IV: 9(0%), ATK IV: 17(0%), DEF IV: 8(0%), Work Speed: (0%)
WhoIsDevab?'s 24 Pals
---------------------
Alpha Chikipi, Level: 7, Rank: 1, Gender: Male, HP IV: 67(0%), ATK IV: 61(0%), DEF IV: 59(0%), Work Speed: (0%), Skills: Lucky, Runner
Alpha Chillet, Level: 18, Rank: 1, Gender: Male, HP IV: 68(0%), ATK IV: 80(0%), DEF IV: 87(0%), Work Speed: (0%), Skills: Noble
Alpha Sweepa, Level: 11, Rank: 1, Gender: Female, HP IV: 69(0%), ATK IV: 62(0%), DEF IV: 70(0%), Work Speed: (0%), Skills: Heated Body
Cattiva, Level: 12, Rank: 1, Gender: Male, HP IV: 63(0%), ATK IV: 38(0%), DEF IV: 48(0%), Work Speed: (0%), Skills: Coward, Power of Gaia
Cattiva, Level: 37, Rank: 1, Gender: Female, HP IV: 30(0%), ATK IV: 8(0%), DEF IV: 34(0%), Work Speed: (0%), Skills: Coward, Mercy hit
Daedream, Level: 5, Rank: 1, Gender: Male, HP IV: 53(0%), ATK IV: 57(0%), DEF IV: 3(0%), Work Speed: (0%), Skills: Glutton
Eikthyrdeer, Level: 19, Rank: 1, Gender: Male, HP IV: 13(0%), ATK IV: 48(0%), DEF IV: 63(0%), Work Speed: (0%)
Foxparks, Level: 19, Rank: 1, Gender: Female, HP IV: 48(0%), ATK IV: 63(0%), DEF IV: 19(0%), Work Speed: (0%)
Foxparks, Level: 6, Rank: 1, Gender: Male, HP IV: 3(0%), ATK IV: 5(0%), DEF IV: 73(0%), Work Speed: (0%), Skills: Easygoing
Fuack, Level: 5, Rank: 1, Gender: Female, HP IV: 50(0%), ATK IV: 2(0%), DEF IV: 56(0%), Work Speed: (0%), Skills: Fine Furs
Hoocrates, Level: 7, Rank: 1, Gender: Male, HP IV: 82(0%), ATK IV: 94(0%), DEF IV: 74(0%), Work Speed: (0%), Skills: Nocturnal
Jolthog, Level: 4, Rank: 1, Gender: Male, HP IV: 30(0%), ATK IV: 15(0%), DEF IV: 23(0%), Work Speed: (0%), Skills: Hydromaniac
Lamball, Level: 7, Rank: 1, Gender: Female, HP IV: 42(0%), ATK IV: 8(0%), DEF IV: 70(0%), Work Speed: (0%), Skills: Mercy hit
Lamball, Level: 8, Rank: 1, Gender: Female, HP IV: 13(0%), ATK IV: 39(0%), DEF IV: 97(0%), Work Speed: (0%), Skills: Capacitor
Nitewing, Level: 19, Rank: 1, Gender: Male, HP IV: 1(0%), ATK IV: 45(0%), DEF IV: 38(0%), Work Speed: (0%), Skills: Serious, Power of Gaia
Nox, Level: 5, Rank: 1, Gender: Male, HP IV: 68(0%), ATK IV: 58(0%), DEF IV: 66(0%), Work Speed: (0%), Skills: Motivational Leader, Slacker
Pengullet, Level: 3, Rank: 1, Gender: Female, HP IV: 87(0%), ATK IV: 63(0%), DEF IV: 93(0%), Work Speed: (0%), Skills: Artisan
Rushoar, Level: 12, Rank: 1, Gender: Female, HP IV: 82(0%), ATK IV: 59(0%), DEF IV: 100(0%), Work Speed: (0%), Skills: Philantropist
Sparkit, Level: 4, Rank: 1, Gender: Male, HP IV: 53(0%), ATK IV: 73(0%), DEF IV: 89(0%), Work Speed: (0%)
Sparkit, Level: 6, Rank: 1, Gender: Male, HP IV: 58(0%), ATK IV: 90(0%), DEF IV: 52(0%), Work Speed: (0%)
Tanzee, Level: 4, Rank: 1, Gender: Female, HP IV: 77(0%), ATK IV: 2(0%), DEF IV: 76(0%), Work Speed: (0%), Skills: Work Slave
Teafant, Level: 12, Rank: 1, Gender: Male, HP IV: 28(0%), ATK IV: 79(0%), DEF IV: 100(0%), Work Speed: (0%), Skills: Earthquake Resistant
Teafant, Level: 2, Rank: 1, Gender: Male, HP IV: 61(0%), ATK IV: 90(0%), DEF IV: 100(0%), Work Speed: (0%), Skills: Logging Foreman
Traveling Merchant, Level: 3, Rank: 1, Gender: Unknown, HP IV: 9(0%), ATK IV: 17(0%), DEF IV: 8(0%), Work Speed: (0%)
WhoIsDevab?'s 24 Pals
---------------------
Alpha Chikipi, Level: 7, Rank: 1, Gender: Male, HP IV: 67(0%), ATK IV: 61(0%), DEF IV: 59(0%), Work Speed: (0%), Skills: Lucky, Runner
Alpha Chillet, Level: 18, Rank: 1, Gender: Male, HP IV: 68(0%), ATK IV: 80(0%), DEF IV: 87(0%), Work Speed: (0%), Skills: Noble
Alpha Sweepa, Level: 11, Rank: 1, Gender: Female, HP IV: 69(0%), ATK IV: 62(0%), DEF IV: 70(0%), Work Speed: (0%), Skills: Heated Body
Cattiva, Level: 12, Rank: 1, Gender: Male, HP IV: 63(0%), ATK IV: 38(0%), DEF IV: 48(0%), Work Speed: (0%), Skills: Coward, Power of Gaia
Cattiva, Level: 37, Rank: 1, Gender: Female, HP IV: 30(0%), ATK IV: 8(0%), DEF IV: 34(0%), Work Speed: (0%), Skills: Coward, Mercy hit
Daedream, Level: 5, Rank: 1, Gender: Male, HP IV: 53(0%), ATK IV: 57(0%), DEF IV: 3(0%), Work Speed: (0%), Skills: Glutton
Eikthyrdeer, Level: 19, Rank: 1, Gender: Male, HP IV: 13(0%), ATK IV: 48(0%), DEF IV: 63(0%), Work Speed: (0%)
Foxparks, Level: 19, Rank: 1, Gender: Female, HP IV: 48(0%), ATK IV: 63(0%), DEF IV: 19(0%), Work Speed: (0%)
Foxparks, Level: 6, Rank: 1, Gender: Male, HP IV: 3(0%), ATK IV: 5(0%), DEF IV: 73(0%), Work Speed: (0%), Skills: Easygoing
Fuack, Level: 5, Rank: 1, Gender: Female, HP IV: 50(0%), ATK IV: 2(0%), DEF IV: 56(0%), Work Speed: (0%), Skills: Fine Furs
Hoocrates, Level: 7, Rank: 1, Gender: Male, HP IV: 82(0%), ATK IV: 94(0%), DEF IV: 74(0%), Work Speed: (0%), Skills: Nocturnal
Jolthog, Level: 4, Rank: 1, Gender: Male, HP IV: 30(0%), ATK IV: 15(0%), DEF IV: 23(0%), Work Speed: (0%), Skills: Hydromaniac
Lamball, Level: 7, Rank: 1, Gender: Female, HP IV: 42(0%), ATK IV: 8(0%), DEF IV: 70(0%), Work Speed: (0%), Skills: Mercy hit
Lamball, Level: 8, Rank: 1, Gender: Female, HP IV: 13(0%), ATK IV: 39(0%), DEF IV: 97(0%), Work Speed: (0%), Skills: Capacitor
Nitewing, Level: 19, Rank: 1, Gender: Male, HP IV: 1(0%), ATK IV: 45(0%), DEF IV: 38(0%), Work Speed: (0%), Skills: Serious, Power of Gaia
Nox, Level: 5, Rank: 1, Gender: Male, HP IV: 68(0%), ATK IV: 58(0%), DEF IV: 66(0%), Work Speed: (0%), Skills: Motivational Leader, Slacker
Pengullet, Level: 3, Rank: 1, Gender: Female, HP IV: 87(0%), ATK IV: 63(0%), DEF IV: 93(0%), Work Speed: (0%), Skills: Artisan
Rushoar, Level: 12, Rank: 1, Gender: Female, HP IV: 82(0%), ATK IV: 59(0%), DEF IV: 100(0%), Work Speed: (0%), Skills: Philantropist
Sparkit, Level: 4, Rank: 1, Gender: Male, HP IV: 53(0%), ATK IV: 73(0%), DEF IV: 89(0%), Work Speed: (0%)
Sparkit, Level: 6, Rank: 1, Gender: Male, HP IV: 58(0%), ATK IV: 90(0%), DEF IV: 52(0%), Work Speed: (0%)
Tanzee, Level: 4, Rank: 1, Gender: Female, HP IV: 77(0%), ATK IV: 2(0%), DEF IV: 76(0%), Work Speed: (0%), Skills: Work Slave
Teafant, Level: 12, Rank: 1, Gender: Male, HP IV: 28(0%), ATK IV: 79(0%), DEF IV: 100(0%), Work Speed: (0%), Skills: Earthquake Resistant
Teafant, Level: 2, Rank: 1, Gender: Male, HP IV: 61(0%), ATK IV: 90(0%), DEF IV: 100(0%), Work Speed: (0%), Skills: Logging Foreman
Traveling Merchant, Level: 3, Rank: 1, Gender: Unknown, HP IV: 9(0%), ATK IV: 17(0%), DEF IV: 8(0%), Work Speed: (0%)
WhoIsDevab?'s 24 Pals
---------------------
Alpha Chikipi, Level: 7, Rank: 1, Gender: Male, HP IV: 67(0%), ATK IV: 61(0%), DEF IV: 59(0%), Work Speed: (0%), Skills: Lucky, Runner
Alpha Chillet, Level: 18, Rank: 1, Gender: Male, HP IV: 68(0%), ATK IV: 80(0%), DEF IV: 87(0%), Work Speed: (0%), Skills: Noble
Alpha Sweepa, Level: 11, Rank: 1, Gender: Female, HP IV: 69(0%), ATK IV: 62(0%), DEF IV: 70(0%), Work Speed: (0%), Skills: Heated Body
Cattiva, Level: 12, Rank: 1, Gender: Male, HP IV: 63(0%), ATK IV: 38(0%), DEF IV: 48(0%), Work Speed: (0%), Skills: Coward, Power of Gaia
Cattiva, Level: 37, Rank: 1, Gender: Female, HP IV: 30(0%), ATK IV: 8(0%), DEF IV: 34(0%), Work Speed: (0%), Skills: Coward, Mercy hit
Daedream, Level: 5, Rank: 1, Gender: Male, HP IV: 53(0%), ATK IV: 57(0%), DEF IV: 3(0%), Work Speed: (0%), Skills: Glutton
Eikthyrdeer, Level: 19, Rank: 1, Gender: Male, HP IV: 13(0%), ATK IV: 48(0%), DEF IV: 63(0%), Work Speed: (0%)
Foxparks, Level: 19, Rank: 1, Gender: Female, HP IV: 48(0%), ATK IV: 63(0%), DEF IV: 19(0%), Work Speed: (0%)
Foxparks, Level: 6, Rank: 1, Gender: Male, HP IV: 3(0%), ATK IV: 5(0%), DEF IV: 73(0%), Work Speed: (0%), Skills: Easygoing
Fuack, Level: 5, Rank: 1, Gender: Female, HP IV: 50(0%), ATK IV: 2(0%), DEF IV: 56(0%), Work Speed: (0%), Skills: Fine Furs
Hoocrates, Level: 7, Rank: 1, Gender: Male, HP IV: 82(0%), ATK IV: 94(0%), DEF IV: 74(0%), Work Speed: (0%), Skills: Nocturnal
Jolthog, Level: 4, Rank: 1, Gender: Male, HP IV: 30(0%), ATK IV: 15(0%), DEF IV: 23(0%), Work Speed: (0%), Skills: Hydromaniac
Lamball, Level: 7, Rank: 1, Gender: Female, HP IV: 42(0%), ATK IV: 8(0%), DEF IV: 70(0%), Work Speed: (0%), Skills: Mercy hit
Lamball, Level: 8, Rank: 1, Gender: Female, HP IV: 13(0%), ATK IV: 39(0%), DEF IV: 97(0%), Work Speed: (0%), Skills: Capacitor
Nitewing, Level: 19, Rank: 1, Gender: Male, HP IV: 1(0%), ATK IV: 45(0%), DEF IV: 38(0%), Work Speed: (0%), Skills: Serious, Power of Gaia
Nox, Level: 5, Rank: 1, Gender: Male, HP IV: 68(0%), ATK IV: 58(0%), DEF IV: 66(0%), Work Speed: (0%), Skills: Motivational Leader, Slacker
Pengullet, Level: 3, Rank: 1, Gender: Female, HP IV: 87(0%), ATK IV: 63(0%), DEF IV: 93(0%), Work Speed: (0%), Skills: Artisan
Rushoar, Level: 12, Rank: 1, Gender: Female, HP IV: 82(0%), ATK IV: 59(0%), DEF IV: 100(0%), Work Speed: (0%), Skills: Philantropist
Sparkit, Level: 4, Rank: 1, Gender: Male, HP IV: 53(0%), ATK IV: 73(0%), DEF IV: 89(0%), Work Speed: (0%)
Sparkit, Level: 6, Rank: 1, Gender: Male, HP IV: 58(0%), ATK IV: 90(0%), DEF IV: 52(0%), Work Speed: (0%)
Tanzee, Level: 4, Rank: 1, Gender: Female, HP IV: 77(0%), ATK IV: 2(0%), DEF IV: 76(0%), Work Speed: (0%), Skills: Work Slave
Teafant, Level: 12, Rank: 1, Gender: Male, HP IV: 28(0%), ATK IV: 79(0%), DEF IV: 100(0%), Work Speed: (0%), Skills: Earthquake Resistant
Teafant, Level: 2, Rank: 1, Gender: Male, HP IV: 61(0%), ATK IV: 90(0%), DEF IV: 100(0%), Work Speed: (0%), Skills: Logging Foreman
Traveling Merchant, Level: 3, Rank: 1, Gender: Unknown, HP IV: 9(0%), ATK IV: 17(0%), DEF IV: 8(0%), Work Speed: (0%)
WhoIsDevab?'s 24 Pals
---------------------
Alpha Chikipi, Level: 7, Rank: 1, Gender: Male, HP IV: 67(0%), ATK IV: 61(0%), DEF IV: 59(0%), Work Speed: (0%), Skills: Lucky, Runner
Alpha Chillet, Level: 18, Rank: 1, Gender: Male, HP IV: 68(0%), ATK IV: 80(0%), DEF IV: 87(0%), Work Speed: (0%), Skills: Noble
Alpha Sweepa, Level: 11, Rank: 1, Gender: Female, HP IV: 69(0%), ATK IV: 62(0%), DEF IV: 70(0%), Work Speed: (0%), Skills: Heated Body
Cattiva, Level: 12, Rank: 1, Gender: Male, HP IV: 63(0%), ATK IV: 38(0%), DEF IV: 48(0%), Work Speed: (0%), Skills: Coward, Power of Gaia
Cattiva, Level: 37, Rank: 1, Gender: Female, HP IV: 30(0%), ATK IV: 8(0%), DEF IV: 34(0%), Work Speed: (0%), Skills: Coward, Mercy hit
Daedream, Level: 5, Rank: 1, Gender: Male, HP IV: 53(0%), ATK IV: 57(0%), DEF IV: 3(0%), Work Speed: (0%), Skills: Glutton
Eikthyrdeer, Level: 19, Rank: 1, Gender: Male, HP IV: 13(0%), ATK IV: 48(0%), DEF IV: 63(0%), Work Speed: (0%)
Foxparks, Level: 19, Rank: 1, Gender: Female, HP IV: 48(0%), ATK IV: 63(0%), DEF IV: 19(0%), Work Speed: (0%)
Foxparks, Level: 6, Rank: 1, Gender: Male, HP IV: 3(0%), ATK IV: 5(0%), DEF IV: 73(0%), Work Speed: (0%), Skills: Easygoing
Fuack, Level: 5, Rank: 1, Gender: Female, HP IV: 50(0%), ATK IV: 2(0%), DEF IV: 56(0%), Work Speed: (0%), Skills: Fine Furs
Hoocrates, Level: 7, Rank: 1, Gender: Male, HP IV: 82(0%), ATK IV: 94(0%), DEF IV: 74(0%), Work Speed: (0%), Skills: Nocturnal
Jolthog, Level: 4, Rank: 1, Gender: Male, HP IV: 30(0%), ATK IV: 15(0%), DEF IV: 23(0%), Work Speed: (0%), Skills: Hydromaniac
Lamball, Level: 7, Rank: 1, Gender: Female, HP IV: 42(0%), ATK IV: 8(0%), DEF IV: 70(0%), Work Speed: (0%), Skills: Mercy hit
Lamball, Level: 8, Rank: 1, Gender: Female, HP IV: 13(0%), ATK IV: 39(0%), DEF IV: 97(0%), Work Speed: (0%), Skills: Capacitor
Nitewing, Level: 19, Rank: 1, Gender: Male, HP IV: 1(0%), ATK IV: 45(0%), DEF IV: 38(0%), Work Speed: (0%), Skills: Serious, Power of Gaia
Nox, Level: 5, Rank: 1, Gender: Male, HP IV: 68(0%), ATK IV: 58(0%), DEF IV: 66(0%), Work Speed: (0%), Skills: Motivational Leader, Slacker
Pengullet, Level: 3, Rank: 1, Gender: Female, HP IV: 87(0%), ATK IV: 63(0%), DEF IV: 93(0%), Work Speed: (0%), Skills: Artisan
Rushoar, Level: 12, Rank: 1, Gender: Female, HP IV: 82(0%), ATK IV: 59(0%), DEF IV: 100(0%), Work Speed: (0%), Skills: Philantropist
Sparkit, Level: 4, Rank: 1, Gender: Male, HP IV: 53(0%), ATK IV: 73(0%), DEF IV: 89(0%), Work Speed: (0%)
Sparkit, Level: 6, Rank: 1, Gender: Male, HP IV: 58(0%), ATK IV: 90(0%), DEF IV: 52(0%), Work Speed: (0%)
Tanzee, Level: 4, Rank: 1, Gender: Female, HP IV: 77(0%), ATK IV: 2(0%), DEF IV: 76(0%), Work Speed: (0%), Skills: Work Slave
Teafant, Level: 12, Rank: 1, Gender: Male, HP IV: 28(0%), ATK IV: 79(0%), DEF IV: 100(0%), Work Speed: (0%), Skills: Earthquake Resistant
Teafant, Level: 2, Rank: 1, Gender: Male, HP IV: 61(0%), ATK IV: 90(0%), DEF IV: 100(0%), Work Speed: (0%), Skills: Logging Foreman
Traveling Merchant, Level: 3, Rank: 1, Gender: Unknown, HP IV: 9(0%), ATK IV: 17(0%), DEF IV: 8(0%), Work Speed: (0%)
WhoIsDevab?'s 24 Pals
---------------------
Alpha Chikipi, Level: 7, Rank: 1, Gender: Male, HP IV: 67(0%), ATK IV: 61(0%), DEF IV: 59(0%), Work Speed: (0%), Skills: Lucky, Runner
Alpha Chillet, Level: 18, Rank: 1, Gender: Male, HP IV: 68(0%), ATK IV: 80(0%), DEF IV: 87(0%), Work Speed: (0%), Skills: Noble
Alpha Sweepa, Level: 11, Rank: 1, Gender: Female, HP IV: 69(0%), ATK IV: 62(0%), DEF IV: 70(0%), Work Speed: (0%), Skills: Heated Body
Cattiva, Level: 12, Rank: 1, Gender: Male, HP IV: 63(0%), ATK IV: 38(0%), DEF IV: 48(0%), Work Speed: (0%), Skills: Coward, Power of Gaia
Cattiva, Level: 37, Rank: 1, Gender: Female, HP IV: 30(0%), ATK IV: 8(0%), DEF IV: 34(0%), Work Speed: (0%), Skills: Coward, Mercy hit
Daedream, Level: 5, Rank: 1, Gender: Male, HP IV: 53(0%), ATK IV: 57(0%), DEF IV: 3(0%), Work Speed: (0%), Skills: Glutton
Eikthyrdeer, Level: 19, Rank: 1, Gender: Male, HP IV: 13(0%), ATK IV: 48(0%), DEF IV: 63(0%), Work Speed: (0%)
Foxparks, Level: 19, Rank: 1, Gender: Female, HP IV: 48(0%), ATK IV: 63(0%), DEF IV: 19(0%), Work Speed: (0%)
Foxparks, Level: 6, Rank: 1, Gender: Male, HP IV: 3(0%), ATK IV: 5(0%), DEF IV: 73(0%), Work Speed: (0%), Skills: Easygoing
Fuack, Level: 5, Rank: 1, Gender: Female, HP IV: 50(0%), ATK IV: 2(0%), DEF IV: 56(0%), Work Speed: (0%), Skills: Fine Furs
Hoocrates, Level: 7, Rank: 1, Gender: Male, HP IV: 82(0%), ATK IV: 94(0%), DEF IV: 74(0%), Work Speed: (0%), Skills: Nocturnal
Jolthog, Level: 4, Rank: 1, Gender: Male, HP IV: 30(0%), ATK IV: 15(0%), DEF IV: 23(0%), Work Speed: (0%), Skills: Hydromaniac
Lamball, Level: 7, Rank: 1, Gender: Female, HP IV: 42(0%), ATK IV: 8(0%), DEF IV: 70(0%), Work Speed: (0%), Skills: Mercy hit
Lamball, Level: 8, Rank: 1, Gender: Female, HP IV: 13(0%), ATK IV: 39(0%), DEF IV: 97(0%), Work Speed: (0%), Skills: Capacitor
Nitewing, Level: 19, Rank: 1, Gender: Male, HP IV: 1(0%), ATK IV: 45(0%), DEF IV: 38(0%), Work Speed: (0%), Skills: Serious, Power of Gaia
Nox, Level: 5, Rank: 1, Gender: Male, HP IV: 68(0%), ATK IV: 58(0%), DEF IV: 66(0%), Work Speed: (0%), Skills: Motivational Leader, Slacker
Pengullet, Level: 3, Rank: 1, Gender: Female, HP IV: 87(0%), ATK IV: 63(0%), DEF IV: 93(0%), Work Speed: (0%), Skills: Artisan
Rushoar, Level: 12, Rank: 1, Gender: Female, HP IV: 82(0%), ATK IV: 59(0%), DEF IV: 100(0%), Work Speed: (0%), Skills: Philantropist
Sparkit, Level: 4, Rank: 1, Gender: Male, HP IV: 53(0%), ATK IV: 73(0%), DEF IV: 89(0%), Work Speed: (0%)
Sparkit, Level: 6, Rank: 1, Gender: Male, HP IV: 58(0%), ATK IV: 90(0%), DEF IV: 52(0%), Work Speed: (0%)
Tanzee, Level: 4, Rank: 1, Gender: Female, HP IV: 77(0%), ATK IV: 2(0%), DEF IV: 76(0%), Work Speed: (0%), Skills: Work Slave
Teafant, Level: 12, Rank: 1, Gender: Male, HP IV: 28(0%), ATK IV: 79(0%), DEF IV: 100(0%), Work Speed: (0%), Skills: Earthquake Resistant
Teafant, Level: 2, Rank: 1, Gender: Male, HP IV: 61(0%), ATK IV: 90(0%), DEF IV: 100(0%), Work Speed: (0%), Skills: Logging Foreman
Traveling Merchant, Level: 3, Rank: 1, Gender: Unknown, HP IV: 9(0%), ATK IV: 17(0%), DEF IV: 8(0%), Work Speed: (0%)
WhoIsDevab?'s 24 Pals
---------------------
Alpha Chikipi, Level: 7, Rank: 1, Gender: Male, HP IV: 67(0%), ATK IV: 61(0%), DEF IV: 59(0%), Work Speed: (0%), Skills: Lucky, Runner
Alpha Chillet, Level: 18, Rank: 1, Gender: Male, HP IV: 68(0%), ATK IV: 80(0%), DEF IV: 87(0%), Work Speed: (0%), Skills: Noble
Alpha Sweepa, Level: 11, Rank: 1, Gender: Female, HP IV: 69(0%), ATK IV: 62(0%), DEF IV: 70(0%), Work Speed: (0%), Skills: Heated Body
Cattiva, Level: 12, Rank: 1, Gender: Male, HP IV: 63(0%), ATK IV: 38(0%), DEF IV: 48(0%), Work Speed: (0%), Skills: Coward, Power of Gaia
Cattiva, Level: 37, Rank: 1, Gender: Female, HP IV: 30(0%), ATK IV: 8(0%), DEF IV: 34(0%), Work Speed: (0%), Skills: Coward, Mercy hit
Daedream, Level: 5, Rank: 1, Gender: Male, HP IV: 53(0%), ATK IV: 57(0%), DEF IV: 3(0%), Work Speed: (0%), Skills: Glutton
Eikthyrdeer, Level: 19, Rank: 1, Gender: Male, HP IV: 13(0%), ATK IV: 48(0%), DEF IV: 63(0%), Work Speed: (0%)
Foxparks, Level: 19, Rank: 1, Gender: Female, HP IV: 48(0%), ATK IV: 63(0%), DEF IV: 19(0%), Work Speed: (0%)
Foxparks, Level: 6, Rank: 1, Gender: Male, HP IV: 3(0%), ATK IV: 5(0%), DEF IV: 73(0%), Work Speed: (0%), Skills: Easygoing
Fuack, Level: 5, Rank: 1, Gender: Female, HP IV: 50(0%), ATK IV: 2(0%), DEF IV: 56(0%), Work Speed: (0%), Skills: Fine Furs
Hoocrates, Level: 7, Rank: 1, Gender: Male, HP IV: 82(0%), ATK IV: 94(0%), DEF IV: 74(0%), Work Speed: (0%), Skills: Nocturnal
Jolthog, Level: 4, Rank: 1, Gender: Male, HP IV: 30(0%), ATK IV: 15(0%), DEF IV: 23(0%), Work Speed: (0%), Skills: Hydromaniac
Lamball, Level: 7, Rank: 1, Gender: Female, HP IV: 42(0%), ATK IV: 8(0%), DEF IV: 70(0%), Work Speed: (0%), Skills: Mercy hit
Lamball, Level: 8, Rank: 1, Gender: Female, HP IV: 13(0%), ATK IV: 39(0%), DEF IV: 97(0%), Work Speed: (0%), Skills: Capacitor
Nitewing, Level: 19, Rank: 1, Gender: Male, HP IV: 1(0%), ATK IV: 45(0%), DEF IV: 38(0%), Work Speed: (0%), Skills: Serious, Power of Gaia
Nox, Level: 5, Rank: 1, Gender: Male, HP IV: 68(0%), ATK IV: 58(0%), DEF IV: 66(0%), Work Speed: (0%), Skills: Motivational Leader, Slacker
Pengullet, Level: 3, Rank: 1, Gender: Female, HP IV: 87(0%), ATK IV: 63(0%), DEF IV: 93(0%), Work Speed: (0%), Skills: Artisan
Rushoar, Level: 12, Rank: 1, Gender: Female, HP IV: 82(0%), ATK IV: 59(0%), DEF IV: 100(0%), Work Speed: (0%), Skills: Philantropist
Sparkit, Level: 4, Rank: 1, Gender: Male, HP IV: 53(0%), ATK IV: 73(0%), DEF IV: 89(0%), Work Speed: (0%)
Sparkit, Level: 6, Rank: 1, Gender: Male, HP IV: 58(0%), ATK IV: 90(0%), DEF IV: 52(0%), Work Speed: (0%)
Tanzee, Level: 4, Rank: 1, Gender: Female, HP IV: 77(0%), ATK IV: 2(0%), DEF IV: 76(0%), Work Speed: (0%), Skills: Work Slave
Teafant, Level: 12, Rank: 1, Gender: Male, HP IV: 28(0%), ATK IV: 79(0%), DEF IV: 100(0%), Work Speed: (0%), Skills: Earthquake Resistant
Teafant, Level: 2, Rank: 1, Gender: Male, HP IV: 61(0%), ATK IV: 90(0%), DEF IV: 100(0%), Work Speed: (0%), Skills: Logging Foreman
Traveling Merchant, Level: 3, Rank: 1, Gender: Unknown, HP IV: 9(0%), ATK IV: 17(0%), DEF IV: 8(0%), Work Speed: (0%)
WhoIsDevab?'s 24 Pals
---------------------
Alpha Chikipi, Level: 7, Rank: 1, Gender: Male, HP IV: 67(0%), ATK IV: 61(0%), DEF IV: 59(0%), Work Speed: (0%), Skills: Lucky, Runner
Alpha Chillet, Level: 18, Rank: 1, Gender: Male, HP IV: 68(0%), ATK IV: 80(0%), DEF IV: 87(0%), Work Speed: (0%), Skills: Noble
Alpha Sweepa, Level: 11, Rank: 1, Gender: Female, HP IV: 69(0%), ATK IV: 62(0%), DEF IV: 70(0%), Work Speed: (0%), Skills: Heated Body
Cattiva, Level: 12, Rank: 1, Gender: Male, HP IV: 63(0%), ATK IV: 38(0%), DEF IV: 48(0%), Work Speed: (0%), Skills: Coward, Power of Gaia
Cattiva, Level: 37, Rank: 1, Gender: Female, HP IV: 30(0%), ATK IV: 8(0%), DEF IV: 34(0%), Work Speed: (0%), Skills: Coward, Mercy hit
Daedream, Level: 5, Rank: 1, Gender: Male, HP IV: 53(0%), ATK IV: 57(0%), DEF IV: 3(0%), Work Speed: (0%), Skills: Glutton
Eikthyrdeer, Level: 19, Rank: 1, Gender: Male, HP IV: 13(0%), ATK IV: 48(0%), DEF IV: 63(0%), Work Speed: (0%)
Foxparks, Level: 19, Rank: 1, Gender: Female, HP IV: 48(0%), ATK IV: 63(0%), DEF IV: 19(0%), Work Speed: (0%)
Foxparks, Level: 6, Rank: 1, Gender: Male, HP IV: 3(0%), ATK IV: 5(0%), DEF IV: 73(0%), Work Speed: (0%), Skills: Easygoing
Fuack, Level: 5, Rank: 1, Gender: Female, HP IV: 50(0%), ATK IV: 2(0%), DEF IV: 56(0%), Work Speed: (0%), Skills: Fine Furs
Hoocrates, Level: 7, Rank: 1, Gender: Male, HP IV: 82(0%), ATK IV: 94(0%), DEF IV: 74(0%), Work Speed: (0%), Skills: Nocturnal
Jolthog, Level: 4, Rank: 1, Gender: Male, HP IV: 30(0%), ATK IV: 15(0%), DEF IV: 23(0%), Work Speed: (0%), Skills: Hydromaniac
Lamball, Level: 7, Rank: 1, Gender: Female, HP IV: 42(0%), ATK IV: 8(0%), DEF IV: 70(0%), Work Speed: (0%), Skills: Mercy hit
Lamball, Level: 8, Rank: 1, Gender: Female, HP IV: 13(0%), ATK IV: 39(0%), DEF IV: 97(0%), Work Speed: (0%), Skills: Capacitor
Nitewing, Level: 19, Rank: 1, Gender: Male, HP IV: 1(0%), ATK IV: 45(0%), DEF IV: 38(0%), Work Speed: (0%), Skills: Serious, Power of Gaia
Nox, Level: 5, Rank: 1, Gender: Male, HP IV: 68(0%), ATK IV: 58(0%), DEF IV: 66(0%), Work Speed: (0%), Skills: Motivational Leader, Slacker
Pengullet, Level: 3, Rank: 1, Gender: Female, HP IV: 87(0%), ATK IV: 63(0%), DEF IV: 93(0%), Work Speed: (0%), Skills: Artisan
Rushoar, Level: 12, Rank: 1, Gender: Female, HP IV: 82(0%), ATK IV: 59(0%), DEF IV: 100(0%), Work Speed: (0%), Skills: Philantropist
Sparkit, Level: 4, Rank: 1, Gender: Male, HP IV: 53(0%), ATK IV: 73(0%), DEF IV: 89(0%), Work Speed: (0%)
Sparkit, Level: 6, Rank: 1, Gender: Male, HP IV: 58(0%), ATK IV: 90(0%), DEF IV: 52(0%), Work Speed: (0%)
Tanzee, Level: 4, Rank: 1, Gender: Female, HP IV: 77(0%), ATK IV: 2(0%), DEF IV: 76(0%), Work Speed: (0%), Skills: Work Slave
Teafant, Level: 12, Rank: 1, Gender: Male, HP IV: 28(0%), ATK IV: 79(0%), DEF IV: 100(0%), Work Speed: (0%), Skills: Earthquake Resistant
Teafant, Level: 2, Rank: 1, Gender: Male, HP IV: 61(0%), ATK IV: 90(0%), DEF IV: 100(0%), Work Speed: (0%), Skills: Logging Foreman
Traveling Merchant, Level: 3, Rank: 1, Gender: Unknown, HP IV: 9(0%), ATK IV: 17(0%), DEF IV: 8(0%), Work Speed: (0%)
WhoIsDevab?'s 24 Pals
---------------------
Alpha Chikipi, Level: 7, Rank: 1, Gender: Male, HP IV: 67(0%), ATK IV: 61(0%), DEF IV: 59(0%), Work Speed: (0%), Skills: Lucky, Runner
Alpha Chillet, Level: 18, Rank: 1, Gender: Male, HP IV: 68(0%), ATK IV: 80(0%), DEF IV: 87(0%), Work Speed: (0%), Skills: Noble
Alpha Sweepa, Level: 11, Rank: 1, Gender: Female, HP IV: 69(0%), ATK IV: 62(0%), DEF IV: 70(0%), Work Speed: (0%), Skills: Heated Body
Cattiva, Level: 12, Rank: 1, Gender: Male, HP IV: 63(0%), ATK IV: 38(0%), DEF IV: 48(0%), Work Speed: (0%), Skills: Coward, Power of Gaia
Cattiva, Level: 37, Rank: 1, Gender: Female, HP IV: 30(0%), ATK IV: 8(0%), DEF IV: 34(0%), Work Speed: (0%), Skills: Coward, Mercy hit
Daedream, Level: 5, Rank: 1, Gender: Male, HP IV: 53(0%), ATK IV: 57(0%), DEF IV: 3(0%), Work Speed: (0%), Skills: Glutton
Eikthyrdeer, Level: 19, Rank: 1, Gender: Male, HP IV: 13(0%), ATK IV: 48(0%), DEF IV: 63(0%), Work Speed: (0%)
Foxparks, Level: 19, Rank: 1, Gender: Female, HP IV: 48(0%), ATK IV: 63(0%), DEF IV: 19(0%), Work Speed: (0%)
Foxparks, Level: 6, Rank: 1, Gender: Male, HP IV: 3(0%), ATK IV: 5(0%), DEF IV: 73(0%), Work Speed: (0%), Skills: Easygoing
Fuack, Level: 5, Rank: 1, Gender: Female, HP IV: 50(0%), ATK IV: 2(0%), DEF IV: 56(0%), Work Speed: (0%), Skills: Fine Furs
Hoocrates, Level: 7, Rank: 1, Gender: Male, HP IV: 82(0%), ATK IV: 94(0%), DEF IV: 74(0%), Work Speed: (0%), Skills: Nocturnal
Jolthog, Level: 4, Rank: 1, Gender: Male, HP IV: 30(0%), ATK IV: 15(0%), DEF IV: 23(0%), Work Speed: (0%), Skills: Hydromaniac
Lamball, Level: 7, Rank: 1, Gender: Female, HP IV: 42(0%), ATK IV: 8(0%), DEF IV: 70(0%), Work Speed: (0%), Skills: Mercy hit
Lamball, Level: 8, Rank: 1, Gender: Female, HP IV: 13(0%), ATK IV: 39(0%), DEF IV: 97(0%), Work Speed: (0%), Skills: Capacitor
Nitewing, Level: 19, Rank: 1, Gender: Male, HP IV: 1(0%), ATK IV: 45(0%), DEF IV: 38(0%), Work Speed: (0%), Skills: Serious, Power of Gaia
Nox, Level: 5, Rank: 1, Gender: Male, HP IV: 68(0%), ATK IV: 58(0%), DEF IV: 66(0%), Work Speed: (0%), Skills: Motivational Leader, Slacker
Pengullet, Level: 3, Rank: 1, Gender: Female, HP IV: 87(0%), ATK IV: 63(0%), DEF IV: 93(0%), Work Speed: (0%), Skills: Artisan
Rushoar, Level: 12, Rank: 1, Gender: Female, HP IV: 82(0%), ATK IV: 59(0%), DEF IV: 100(0%), Work Speed: (0%), Skills: Philantropist
Sparkit, Level: 4, Rank: 1, Gender: Male, HP IV: 53(0%), ATK IV: 73(0%), DEF IV: 89(0%), Work Speed: (0%)
Sparkit, Level: 6, Rank: 1, Gender: Male, HP IV: 58(0%), ATK IV: 90(0%), DEF IV: 52(0%), Work Speed: (0%)
Tanzee, Level: 4, Rank: 1, Gender: Female, HP IV: 77(0%), ATK IV: 2(0%), DEF IV: 76(0%), Work Speed: (0%), Skills: Work Slave
Teafant, Level: 12, Rank: 1, Gender: Male, HP IV: 28(0%), ATK IV: 79(0%), DEF IV: 100(0%), Work Speed: (0%), Skills: Earthquake Resistant
Teafant, Level: 2, Rank: 1, Gender: Male, HP IV: 61(0%), ATK IV: 90(0%), DEF IV: 100(0%), Work Speed: (0%), Skills: Logging Foreman
Traveling Merchant, Level: 3, Rank: 1, Gender: Unknown, HP IV: 9(0%), ATK IV: 17(0%), DEF IV: 8(0%), Work Speed: (0%)
WhoIsDevab?'s 24 Pals
---------------------
Alpha Chikipi, Level: 7, Rank: 1, Gender: Male, HP IV: 67(0%), ATK IV: 61(0%), DEF IV: 59(0%), Work Speed: (0%), Skills: Lucky, Runner
Alpha Chillet, Level: 18, Rank: 1, Gender: Male, HP IV: 68(0%), ATK IV: 80(0%), DEF IV: 87(0%), Work Speed: (0%), Skills: Noble
Alpha Sweepa, Level: 11, Rank: 1, Gender: Female, HP IV: 69(0%), ATK IV: 62(0%), DEF IV: 70(0%), Work Speed: (0%), Skills: Heated Body
Cattiva, Level: 12, Rank: 1, Gender: Male, HP IV: 63(0%), ATK IV: 38(0%), DEF IV: 48(0%), Work Speed: (0%), Skills: Coward, Power of Gaia
Cattiva, Level: 37, Rank: 1, Gender: Female, HP IV: 30(0%), ATK IV: 8(0%), DEF IV: 34(0%), Work Speed: (0%), Skills: Coward, Mercy hit
Daedream, Level: 5, Rank: 1, Gender: Male, HP IV: 53(0%), ATK IV: 57(0%), DEF IV: 3(0%), Work Speed: (0%), Skills: Glutton
Eikthyrdeer, Level: 19, Rank: 1, Gender: Male, HP IV: 13(0%), ATK IV: 48(0%), DEF IV: 63(0%), Work Speed: (0%)
Foxparks, Level: 19, Rank: 1, Gender: Female, HP IV: 48(0%), ATK IV: 63(0%), DEF IV: 19(0%), Work Speed: (0%)
Foxparks, Level: 6, Rank: 1, Gender: Male, HP IV: 3(0%), ATK IV: 5(0%), DEF IV: 73(0%), Work Speed: (0%), Skills: Easygoing
Fuack, Level: 5, Rank: 1, Gender: Female, HP IV: 50(0%), ATK IV: 2(0%), DEF IV: 56(0%), Work Speed: (0%), Skills: Fine Furs
Hoocrates, Level: 7, Rank: 1, Gender: Male, HP IV: 82(0%), ATK IV: 94(0%), DEF IV: 74(0%), Work Speed: (0%), Skills: Nocturnal
Jolthog, Level: 4, Rank: 1, Gender: Male, HP IV: 30(0%), ATK IV: 15(0%), DEF IV: 23(0%), Work Speed: (0%), Skills: Hydromaniac
Lamball, Level: 7, Rank: 1, Gender: Female, HP IV: 42(0%), ATK IV: 8(0%), DEF IV: 70(0%), Work Speed: (0%), Skills: Mercy hit
Lamball, Level: 8, Rank: 1, Gender: Female, HP IV: 13(0%), ATK IV: 39(0%), DEF IV: 97(0%), Work Speed: (0%), Skills: Capacitor
Nitewing, Level: 19, Rank: 1, Gender: Male, HP IV: 1(0%), ATK IV: 45(0%), DEF IV: 38(0%), Work Speed: (0%), Skills: Serious, Power of Gaia
Nox, Level: 5, Rank: 1, Gender: Male, HP IV: 68(0%), ATK IV: 58(0%), DEF IV: 66(0%), Work Speed: (0%), Skills: Motivational Leader, Slacker
Pengullet, Level: 3, Rank: 1, Gender: Female, HP IV: 87(0%), ATK IV: 63(0%), DEF IV: 93(0%), Work Speed: (0%), Skills: Artisan
Rushoar, Level: 12, Rank: 1, Gender: Female, HP IV: 82(0%), ATK IV: 59(0%), DEF IV: 100(0%), Work Speed: (0%), Skills: Philantropist
Sparkit, Level: 4, Rank: 1, Gender: Male, HP IV: 53(0%), ATK IV: 73(0%), DEF IV: 89(0%), Work Speed: (0%)
Sparkit, Level: 6, Rank: 1, Gender: Male, HP IV: 58(0%), ATK IV: 90(0%), DEF IV: 52(0%), Work Speed: (0%)
Tanzee, Level: 4, Rank: 1, Gender: Female, HP IV: 77(0%), ATK IV: 2(0%), DEF IV: 76(0%), Work Speed: (0%), Skills: Work Slave
Teafant, Level: 12, Rank: 1, Gender: Male, HP IV: 28(0%), ATK IV: 79(0%), DEF IV: 100(0%), Work Speed: (0%), Skills: Earthquake Resistant
Teafant, Level: 2, Rank: 1, Gender: Male, HP IV: 61(0%), ATK IV: 90(0%), DEF IV: 100(0%), Work Speed: (0%), Skills: Logging Foreman
Traveling Merchant, Level: 3, Rank: 1, Gender: Unknown, HP IV: 9(0%), ATK IV: 17(0%), DEF IV: 8(0%), Work Speed: (0%)
WhoIsDevab?'s 24 Pals
---------------------
Alpha Chikipi, Level: 7, Rank: 1, Gender: Male, HP IV: 67(0%), ATK IV: 61(0%), DEF IV: 59(0%), Work Speed: (0%), Skills: Lucky, Runner
Alpha Chillet, Level: 18, Rank: 1, Gender: Male, HP IV: 68(0%), ATK IV: 80(0%), DEF IV: 87(0%), Work Speed: (0%), Skills: Noble
Alpha Sweepa, Level: 11, Rank: 1, Gender: Female, HP IV: 69(0%), ATK IV: 62(0%), DEF IV: 70(0%), Work Speed: (0%), Skills: Heated Body
Cattiva, Level: 12, Rank: 1, Gender: Male, HP IV: 63(0%), ATK IV: 38(0%), DEF IV: 48(0%), Work Speed: (0%), Skills: Coward, Power of Gaia
Cattiva, Level: 37, Rank: 1, Gender: Female, HP IV: 30(0%), ATK IV: 8(0%), DEF IV: 34(0%), Work Speed: (0%), Skills: Coward, Mercy hit
Daedream, Level: 5, Rank: 1, Gender: Male, HP IV: 53(0%), ATK IV: 57(0%), DEF IV: 3(0%), Work Speed: (0%), Skills: Glutton
Eikthyrdeer, Level: 19, Rank: 1, Gender: Male, HP IV: 13(0%), ATK IV: 48(0%), DEF IV: 63(0%), Work Speed: (0%)
Foxparks, Level: 19, Rank: 1, Gender: Female, HP IV: 48(0%), ATK IV: 63(0%), DEF IV: 19(0%), Work Speed: (0%)
Foxparks, Level: 6, Rank: 1, Gender: Male, HP IV: 3(0%), ATK IV: 5(0%), DEF IV: 73(0%), Work Speed: (0%), Skills: Easygoing
Fuack, Level: 5, Rank: 1, Gender: Female, HP IV: 50(0%), ATK IV: 2(0%), DEF IV: 56(0%), Work Speed: (0%), Skills: Fine Furs
Hoocrates, Level: 7, Rank: 1, Gender: Male, HP IV: 82(0%), ATK IV: 94(0%), DEF IV: 74(0%), Work Speed: (0%), Skills: Nocturnal
Jolthog, Level: 4, Rank: 1, Gender: Male, HP IV: 30(0%), ATK IV: 15(0%), DEF IV: 23(0%), Work Speed: (0%), Skills: Hydromaniac
Lamball, Level: 7, Rank: 1, Gender: Female, HP IV: 42(0%), ATK IV: 8(0%), DEF IV: 70(0%), Work Speed: (0%), Skills: Mercy hit
Lamball, Level: 8, Rank: 1, Gender: Female, HP IV: 13(0%), ATK IV: 39(0%), DEF IV: 97(0%), Work Speed: (0%), Skills: Capacitor
Nitewing, Level: 19, Rank: 1, Gender: Male, HP IV: 1(0%), ATK IV: 45(0%), DEF IV: 38(0%), Work Speed: (0%), Skills: Serious, Power of Gaia
Nox, Level: 5, Rank: 1, Gender: Male, HP IV: 68(0%), ATK IV: 58(0%), DEF IV: 66(0%), Work Speed: (0%), Skills: Motivational Leader, Slacker
Pengullet, Level: 3, Rank: 1, Gender: Female, HP IV: 87(0%), ATK IV: 63(0%), DEF IV: 93(0%), Work Speed: (0%), Skills: Artisan
Rushoar, Level: 12, Rank: 1, Gender: Female, HP IV: 82(0%), ATK IV: 59(0%), DEF IV: 100(0%), Work Speed: (0%), Skills: Philantropist
Sparkit, Level: 4, Rank: 1, Gender: Male, HP IV: 53(0%), ATK IV: 73(0%), DEF IV: 89(0%), Work Speed: (0%)
Sparkit, Level: 6, Rank: 1, Gender: Male, HP IV: 58(0%), ATK IV: 90(0%), DEF IV: 52(0%), Work Speed: (0%)
Tanzee, Level: 4, Rank: 1, Gender: Female, HP IV: 77(0%), ATK IV: 2(0%), DEF IV: 76(0%), Work Speed: (0%), Skills: Work Slave
Teafant, Level: 12, Rank: 1, Gender: Male, HP IV: 28(0%), ATK IV: 79(0%), DEF IV: 100(0%), Work Speed: (0%), Skills: Earthquake Resistant
Teafant, Level: 2, Rank: 1, Gender: Male, HP IV: 61(0%), ATK IV: 90(0%), DEF IV: 100(0%), Work Speed: (0%), Skills: Logging Foreman
Traveling Merchant, Level: 3, Rank: 1, Gender: Unknown, HP IV: 9(0%), ATK IV: 17(0%), DEF IV: 8(0%), Work Speed: (0%)
