Wish's 3 Pals
-------------
Alpha Cattiva, Level: 9, Rank: 1, Gender: Male, HP IV: 54(0%), ATK IV: 53(0%), DEF IV: 100(0%), Work Speed: (0%), Skills: Coward, Lucky, Hydromaniac
Cattiva, Level: 9, Rank: 1, Gender: Female, HP IV: 28(0%), ATK IV: 90(0%), DEF IV: 25(0%), Work Speed: (0%), Skills: Coward, Blood of the Dragon
Cattiva, Level: 9, Rank: 1, Gender: Male, HP IV: 25(0%), ATK IV: 85(0%), DEF IV: 50(0%), Work Speed: (0%), Skills: Coward, Artisan, Workaholic
Wish's 3 Pals
-------------
Alpha Cattiva, Level: 9, Rank: 1, Gender: Male, HP IV: 54(0%), ATK IV: 53(0%), DEF IV: 100(0%), Work Speed: (0%), Skills: Coward, Lucky, Hydromaniac
Cattiva, Level: 9, Rank: 1, Gender: Female, HP IV: 28(0%), ATK IV: 90(0%), DEF IV: 25(0%), Work Speed: (0%), Skills: Coward, Blood of the Dragon
Cattiva, Level: 9, Rank: 1, Gender: Male, HP IV: 25(0%), ATK IV: 85(0%), DEF IV: 50(0%), Work Speed: (0%), Skills: Coward, Artisan, Workaholic
Wish's 3 Pals
-------------
Alpha Cattiva, Level: 9, Rank: 1, Gender: Male, HP IV: 54(0%), ATK IV: 53(0%), DEF IV: 100(0%), Work Speed: (0%), Skills: Coward, Lucky, Hydromaniac
Cattiva, Level: 9, Rank: 1, Gender: Female, HP IV: 28(0%), ATK IV: 90(0%), DEF IV: 25(0%), Work Speed: (0%), Skills: Coward, Blood of the Dragon
Cattiva, Level: 9, Rank: 1, Gender: Male, HP IV: 25(0%), ATK IV: 85(0%), DEF IV: 50(0%), Work Speed: (0%), Skills: Coward, Artisan, Workaholic
Wish's 3 Pals
-------------
Alpha Cattiva, Level: 9, Rank: 1, Gender: Male, HP IV: 54(0%), ATK IV: 53(0%), DEF IV: 100(0%), Work Speed: (0%), Skills: Coward, Lucky, Hydromaniac
Cattiva, Level: 9, Rank: 1, Gender: Female, HP IV: 28(0%), ATK IV: 90(0%), DEF IV: 25(0%), Work Speed: (0%), Skills: Coward, Blood of the Dragon
Cattiva, Level: 9, Rank: 1, Gender: Male, HP IV: 25(0%), ATK IV: 85(0%), DEF IV: 50(0%), Work Speed: (0%), Skills: Coward, Artisan, Workaholic
Wish's 3 Pals
-------------
Alpha Cattiva, Level: 9, Rank: 1, Gender: Male, HP IV: 54(0%), ATK IV: 53(0%), DEF IV: 100(0%), Work Speed: (0%), Skills: Coward, Lucky, Hydromaniac
Cattiva, Level: 9, Rank: 1, Gender: Female, HP IV: 28(0%), ATK IV: 90(0%), DEF IV: 25(0%), Work Speed: (0%), Skills: Coward, Blood of the Dragon
Cattiva, Level: 9, Rank: 1, Gender: Male, HP IV: 25(0%), ATK IV: 85(0%), DEF IV: 50(0%), Work Speed: (0%), Skills: Coward, Artisan, Workaholic
Wish's 3 Pals
-------------
Alpha Cattiva, Level: 9, Rank: 1, Gender: Male, HP IV: 54(0%), ATK IV: 53(0%), DEF IV: 100(0%), Work Speed: (0%), Skills: Coward, Lucky, Hydromaniac
Cattiva, Level: 9, Rank: 1, Gender: Female, HP IV: 28(0%), ATK IV: 90(0%), DEF IV: 25(0%), Work Speed: (0%), Skills: Coward, Blood of the Dragon
Cattiva, Level: 9, Rank: 1, Gender: Male, HP IV: 25(0%), ATK IV: 85(0%), DEF IV: 50(0%), Work Speed: (0%), Skills: Coward, Artisan, Workaholic
Wish's 3 Pals
-------------
Alpha Cattiva, Level: 9, Rank: 1, Gender: Male, HP IV: 54(0%), ATK IV: 53(0%), DEF IV: 100(0%), Work Speed: (0%), Skills: Coward, Lucky, Hydromaniac
Cattiva, Level: 9, Rank: 1, Gender: Female, HP IV: 28(0%), ATK IV: 90(0%), DEF IV: 25(0%), Work Speed: (0%), Skills: Coward, Blood of the Dragon
Cattiva, Level: 9, Rank: 1, Gender: Male, HP IV: 25(0%), ATK IV: 85(0%), DEF IV: 50(0%), Work Speed: (0%), Skills: Coward, Artisan, Workaholic
Wish's 3 Pals
-------------
Alpha Cattiva, Level: 9, Rank: 1, Gender: Male, HP IV: 54(0%), ATK IV: 53(0%), DEF IV: 100(0%), Work Speed: (0%), Skills: Coward, Lucky, Hydromaniac
Cattiva, Level: 9, Rank: 1, Gender: Female, HP IV: 28(0%), ATK IV: 90(0%), DEF IV: 25(0%), Work Speed: (0%), Skills: Coward, Blood of the Dragon
Cattiva, Level: 9, Rank: 1, Gender: Male, HP IV: 25(0%), ATK IV: 85(0%), DEF IV: 50(0%), Work Speed: (0%), Skills: Coward, Artisan, Workaholic
Wish's 3 Pals
-------------
Alpha Cattiva, Level: 9, Rank: 1, Gender: Male, HP IV: 54(0%), ATK IV: 53(0%), DEF IV: 100(0%), Work Speed: (0%), Skills: Coward, Lucky, Hydromaniac
Cattiva, Level: 9, Rank: 1, Gender: Female, HP IV: 28(0%), ATK IV: 90(0%), DEF IV: 25(0%), Work Speed: (0%), Skills: Coward, Blood of the Dragon
Cattiva, Level: 9, Rank: 1, Gender: Male, HP IV: 25(0%), ATK IV: 85(0%), DEF IV: 50(0%), Work Speed: (0%), Skills: Coward, Artisan, Workaholic
Wish's 3 Pals
-------------
Alpha Cattiva, Level: 9, Rank: 1, Gender: Male, HP IV: 54(0%), ATK IV: 53(0%), DEF IV: 100(0%), Work Speed: (0%), Skills: Coward, Lucky, Hydromaniac
Cattiva, Level: 9, Rank: 1, Gender: Female, HP IV: 28(0%), ATK IV: 90(0%), DEF IV: 25(0%), Work Speed: (0%), Skills: Coward, Blood of the Dragon
Cattiva, Level: 9, Rank: 1, Gender: Male, HP IV: 25(0%), ATK IV: 85(0%), DEF IV: 50(0%), Work Speed: (0%), Skills: Coward, Artisan, Workaholic
Wish's 3 Pals
-------------
Alpha Cattiva, Level: 9, Rank: 1, Gender: Male, HP IV: 54(0%), ATK IV: 53(0%), DEF IV: 100(0%), Work Speed: (0%), Skills: Coward, Lucky, Hydromaniac
Cattiva, Level: 9, Rank: 1, Gender: Female, HP IV: 28(0%), ATK IV: 90(0%), DEF IV: 25(0%), Work Speed: (0%), Skills: Coward, Blood of the Dragon
Cattiva, Level: 9, Rank: 1, Gender: Male, HP IV: 25(0%), ATK IV: 85(0%), DEF IV: 50(0%), Work Speed: (0%), Skills: Coward, Artisan, Workaholic
Wish's 3 Pals
-------------
Alpha Cattiva, Level: 9, Rank: 1, Gender: Male, HP IV: 54(0%), ATK IV: 53(0%), DEF IV: 100(0%), Work Speed: (0%), Skills: Coward, Lucky, Hydromaniac
Cattiva, Level: 9, Rank: 1, Gender: Female, HP IV: 28(0%), ATK IV: 90(0%), DEF IV: 25(0%), Work Speed: (0%), Skills: Coward, Blood of the Dragon
Cattiva, Level: 9, Rank: 1, Gender: Male, HP IV: 25(0%), ATK IV: 85(0%), DEF IV: 50(0%), Work Speed: (0%), Skills: Coward, Artisan, Workaholic
Wish's 3 Pals
-------------
Alpha Cattiva, Level: 9, Rank: 1, Gender: Male, HP IV: 54(0%), ATK IV: 53(0%), DEF IV: 100(0%), Work Speed: (0%), Skills: Coward, Lucky, Hydromaniac
Cattiva, Level: 9, Rank: 1, Gender: Female, HP IV: 28(0%), ATK IV: 90(0%), DEF IV: 25(0%), Work Speed: (0%), Skills: Coward, Blood of the Dragon
Cattiva, Level: 9, Rank: 1, Gender: Male, HP IV: 25(0%), ATK IV: 85(0%), DEF IV: 50(0%), Work Speed: (0%), Skills: Coward, Artisan, Workaholic
Wish's 3 Pals
-------------
Alpha Cattiva, Level: 9, Rank: 1, Gender: Male, HP IV: 54(0%), ATK IV: 53(0%), DEF IV: 100(0%), Work Speed: (0%), Skills: Coward, Lucky, Hydromaniac
Cattiva, Level: 9, Rank: 1, Gender: Female, HP IV: 28(0%), ATK IV: 90(0%), DEF IV: 25(0%), Work Speed: (0%), Skills: Coward, Blood of the Dragon
Cattiva, Level: 9, Rank: 1, Gender: Male, HP IV: 25(0%), ATK IV: 85(0%), DEF IV: 50(0%), Work Speed: (0%), Skills: Coward, Artisan, Workaholic
