Wren's 18 Pals
--------------
Celaray, Level: 4, Rank: 1, Gender: Male, HP IV: 20(0%), ATK IV: 53(0%), DEF IV: 11(0%), Work Speed: (0%), Skills: Capacitor
Celaray, Level: 4, Rank: 1, Gender: Male, HP IV: 22(0%), ATK IV: 40(0%), DEF IV: 25(0%), Work Speed: (0%), Skills: Ferocious
Chikipi, Level: 3, Rank: 1, Gender: Male, HP IV: 99(0%), ATK IV: 77(0%), DEF IV: 57(0%), Work Speed: (0%), Skills: Sickly, Earthquake Resistant
Cremis, Level: 2, Rank: 1, Gender: Female, HP IV: 51(0%), ATK IV: 32(0%), DEF IV: 6(0%), Work Speed: (0%), Skills: Logging Foreman
Eikthyrdeer, Level: 10, Rank: 1, Gender: Male, HP IV: 57(0%), ATK IV: 8(0%), DEF IV: 8(0%), Work Speed: (0%), Skills: Conceited
Eikthyrdeer, Level: 10, Rank: 1, Gender: Male, HP IV: 59(0%), ATK IV: 90(0%), DEF IV: 95(0%), Work Speed: (0%), Skills: Power of Gaia
Foxparks, Level: 10, Rank: 1, Gender: Female, HP IV: 50(0%), ATK IV: 98(0%), DEF IV: 13(0%), Work Speed: (0%)
Foxparks, Level: 9, Rank: 1, Gender: Female, HP IV: 21(0%), ATK IV: 69(0%), DEF IV: 78(0%), Work Speed: (0%), Skills: Aggressive
Gumoss, Level: 7, Rank: 1, Gender: Male, HP IV: 82(0%), ATK IV: 23(0%), DEF IV: 12(0%), Work Speed: (0%)
Hoocrates, Level: 10, Rank: 1, Gender: Female, HP IV: 36(0%), ATK IV: 81(0%), DEF IV: 93(0%), Work Speed: (0%), Skills: Sickly
Lamball, Level: 1, Rank: 1, Gender: Male, HP IV: 70(0%), ATK IV: 33(0%), DEF IV: 76(0%), Work Speed: (0%), Skills: Pyromaniac
Lamball, Level: 2, Rank: 1, Gender: Female, HP IV: 51(0%), ATK IV: 90(0%), DEF IV: 68(0%), Work Speed: (0%), Skills: Burly Body
Lamball, Level: 9, Rank: 1, Gender: Female, HP IV: 51(0%), ATK IV: 12(0%), DEF IV: 63(0%), Work Speed: (0%)
Pengullet, Level: 11, Rank: 1, Gender: Female, HP IV: 53(0%), ATK IV: 66(0%), DEF IV: 78(0%), Work Speed: (0%), Skills: Ferocious
Rushoar, Level: 11, Rank: 1, Gender: Male, HP IV: 23(0%), ATK IV: 28(0%), DEF IV: 1(0%), Work Speed: (0%), Skills: Vanguard, Motivational Leader
Rushoar, Level: 3, Rank: 1, Gender: Male, HP IV: 41(0%), ATK IV: 49(0%), DEF IV: 41(0%), Work Speed: (0%), Skills: Downtrodden, Fragrant Foliage
Rushoar, Level: 4, Rank: 1, Gender: Male, HP IV: 86(0%), ATK IV: 60(0%), DEF IV: 68(0%), Work Speed: (0%), Skills: Sickly
Sparkit, Level: 11, Rank: 1, Gender: Male, HP IV: 37(0%), ATK IV: 93(0%), DEF IV: 2(0%), Work Speed: (0%), Skills: Impatient
Wren's 18 Pals
--------------
Celaray, Level: 4, Rank: 1, Gender: Male, HP IV: 20(0%), ATK IV: 53(0%), DEF IV: 11(0%), Work Speed: (0%), Skills: Capacitor
Celaray, Level: 4, Rank: 1, Gender: Male, HP IV: 22(0%), ATK IV: 40(0%), DEF IV: 25(0%), Work Speed: (0%), Skills: Ferocious
Chikipi, Level: 3, Rank: 1, Gender: Male, HP IV: 99(0%), ATK IV: 77(0%), DEF IV: 57(0%), Work Speed: (0%), Skills: Sickly, Earthquake Resistant
Cremis, Level: 2, Rank: 1, Gender: Female, HP IV: 51(0%), ATK IV: 32(0%), DEF IV: 6(0%), Work Speed: (0%), Skills: Logging Foreman
Eikthyrdeer, Level: 10, Rank: 1, Gender: Male, HP IV: 57(0%), ATK IV: 8(0%), DEF IV: 8(0%), Work Speed: (0%), Skills: Conceited
Eikthyrdeer, Level: 10, Rank: 1, Gender: Male, HP IV: 59(0%), ATK IV: 90(0%), DEF IV: 95(0%), Work Speed: (0%), Skills: Power of Gaia
Foxparks, Level: 10, Rank: 1, Gender: Female, HP IV: 50(0%), ATK IV: 98(0%), DEF IV: 13(0%), Work Speed: (0%)
Foxparks, Level: 9, Rank: 1, Gender: Female, HP IV: 21(0%), ATK IV: 69(0%), DEF IV: 78(0%), Work Speed: (0%), Skills: Aggressive
Gumoss, Level: 7, Rank: 1, Gender: Male, HP IV: 82(0%), ATK IV: 23(0%), DEF IV: 12(0%), Work Speed: (0%)
Hoocrates, Level: 10, Rank: 1, Gender: Female, HP IV: 36(0%), ATK IV: 81(0%), DEF IV: 93(0%), Work Speed: (0%), Skills: Sickly
Lamball, Level: 1, Rank: 1, Gender: Male, HP IV: 70(0%), ATK IV: 33(0%), DEF IV: 76(0%), Work Speed: (0%), Skills: Pyromaniac
Lamball, Level: 2, Rank: 1, Gender: Female, HP IV: 51(0%), ATK IV: 90(0%), DEF IV: 68(0%), Work Speed: (0%), Skills: Burly Body
Lamball, Level: 9, Rank: 1, Gender: Female, HP IV: 51(0%), ATK IV: 12(0%), DEF IV: 63(0%), Work Speed: (0%)
Pengullet, Level: 11, Rank: 1, Gender: Female, HP IV: 53(0%), ATK IV: 66(0%), DEF IV: 78(0%), Work Speed: (0%), Skills: Ferocious
Rushoar, Level: 11, Rank: 1, Gender: Male, HP IV: 23(0%), ATK IV: 28(0%), DEF IV: 1(0%), Work Speed: (0%), Skills: Vanguard, Motivational Leader
Rushoar, Level: 3, Rank: 1, Gender: Male, HP IV: 41(0%), ATK IV: 49(0%), DEF IV: 41(0%), Work Speed: (0%), Skills: Downtrodden, Fragrant Foliage
Rushoar, Level: 4, Rank: 1, Gender: Male, HP IV: 86(0%), ATK IV: 60(0%), DEF IV: 68(0%), Work Speed: (0%), Skills: Sickly
Sparkit, Level: 11, Rank: 1, Gender: Male, HP IV: 37(0%), ATK IV: 93(0%), DEF IV: 2(0%), Work Speed: (0%), Skills: Impatient
Wren's 18 Pals
--------------
Celaray, Level: 4, Rank: 1, Gender: Male, HP IV: 20(0%), ATK IV: 53(0%), DEF IV: 11(0%), Work Speed: (0%), Skills: Capacitor
Celaray, Level: 4, Rank: 1, Gender: Male, HP IV: 22(0%), ATK IV: 40(0%), DEF IV: 25(0%), Work Speed: (0%), Skills: Ferocious
Chikipi, Level: 3, Rank: 1, Gender: Male, HP IV: 99(0%), ATK IV: 77(0%), DEF IV: 57(0%), Work Speed: (0%), Skills: Sickly, Earthquake Resistant
Cremis, Level: 2, Rank: 1, Gender: Female, HP IV: 51(0%), ATK IV: 32(0%), DEF IV: 6(0%), Work Speed: (0%), Skills: Logging Foreman
Eikthyrdeer, Level: 10, Rank: 1, Gender: Male, HP IV: 57(0%), ATK IV: 8(0%), DEF IV: 8(0%), Work Speed: (0%), Skills: Conceited
Eikthyrdeer, Level: 10, Rank: 1, Gender: Male, HP IV: 59(0%), ATK IV: 90(0%), DEF IV: 95(0%), Work Speed: (0%), Skills: Power of Gaia
Foxparks, Level: 10, Rank: 1, Gender: Female, HP IV: 50(0%), ATK IV: 98(0%), DEF IV: 13(0%), Work Speed: (0%)
Foxparks, Level: 9, Rank: 1, Gender: Female, HP IV: 21(0%), ATK IV: 69(0%), DEF IV: 78(0%), Work Speed: (0%), Skills: Aggressive
Gumoss, Level: 7, Rank: 1, Gender: Male, HP IV: 82(0%), ATK IV: 23(0%), DEF IV: 12(0%), Work Speed: (0%)
Hoocrates, Level: 10, Rank: 1, Gender: Female, HP IV: 36(0%), ATK IV: 81(0%), DEF IV: 93(0%), Work Speed: (0%), Skills: Sickly
Lamball, Level: 1, Rank: 1, Gender: Male, HP IV: 70(0%), ATK IV: 33(0%), DEF IV: 76(0%), Work Speed: (0%), Skills: Pyromaniac
Lamball, Level: 2, Rank: 1, Gender: Female, HP IV: 51(0%), ATK IV: 90(0%), DEF IV: 68(0%), Work Speed: (0%), Skills: Burly Body
Lamball, Level: 9, Rank: 1, Gender: Female, HP IV: 51(0%), ATK IV: 12(0%), DEF IV: 63(0%), Work Speed: (0%)
Pengullet, Level: 11, Rank: 1, Gender: Female, HP IV: 53(0%), ATK IV: 66(0%), DEF IV: 78(0%), Work Speed: (0%), Skills: Ferocious
Rushoar, Level: 11, Rank: 1, Gender: Male, HP IV: 23(0%), ATK IV: 28(0%), DEF IV: 1(0%), Work Speed: (0%), Skills: Vanguard, Motivational Leader
Rushoar, Level: 3, Rank: 1, Gender: Male, HP IV: 41(0%), ATK IV: 49(0%), DEF IV: 41(0%), Work Speed: (0%), Skills: Downtrodden, Fragrant Foliage
Rushoar, Level: 4, Rank: 1, Gender: Male, HP IV: 86(0%), ATK IV: 60(0%), DEF IV: 68(0%), Work Speed: (0%), Skills: Sickly
Sparkit, Level: 11, Rank: 1, Gender: Male, HP IV: 37(0%), ATK IV: 93(0%), DEF IV: 2(0%), Work Speed: (0%), Skills: Impatient
Wren's 18 Pals
--------------
Celaray, Level: 4, Rank: 1, Gender: Male, HP IV: 20(0%), ATK IV: 53(0%), DEF IV: 11(0%), Work Speed: (0%), Skills: Capacitor
Celaray, Level: 4, Rank: 1, Gender: Male, HP IV: 22(0%), ATK IV: 40(0%), DEF IV: 25(0%), Work Speed: (0%), Skills: Ferocious
Chikipi, Level: 3, Rank: 1, Gender: Male, HP IV: 99(0%), ATK IV: 77(0%), DEF IV: 57(0%), Work Speed: (0%), Skills: Sickly, Earthquake Resistant
Cremis, Level: 2, Rank: 1, Gender: Female, HP IV: 51(0%), ATK IV: 32(0%), DEF IV: 6(0%), Work Speed: (0%), Skills: Logging Foreman
Eikthyrdeer, Level: 10, Rank: 1, Gender: Male, HP IV: 57(0%), ATK IV: 8(0%), DEF IV: 8(0%), Work Speed: (0%), Skills: Conceited
Eikthyrdeer, Level: 10, Rank: 1, Gender: Male, HP IV: 59(0%), ATK IV: 90(0%), DEF IV: 95(0%), Work Speed: (0%), Skills: Power of Gaia
Foxparks, Level: 10, Rank: 1, Gender: Female, HP IV: 50(0%), ATK IV: 98(0%), DEF IV: 13(0%), Work Speed: (0%)
Foxparks, Level: 9, Rank: 1, Gender: Female, HP IV: 21(0%), ATK IV: 69(0%), DEF IV: 78(0%), Work Speed: (0%), Skills: Aggressive
Gumoss, Level: 7, Rank: 1, Gender: Male, HP IV: 82(0%), ATK IV: 23(0%), DEF IV: 12(0%), Work Speed: (0%)
Hoocrates, Level: 10, Rank: 1, Gender: Female, HP IV: 36(0%), ATK IV: 81(0%), DEF IV: 93(0%), Work Speed: (0%), Skills: Sickly
Lamball, Level: 1, Rank: 1, Gender: Male, HP IV: 70(0%), ATK IV: 33(0%), DEF IV: 76(0%), Work Speed: (0%), Skills: Pyromaniac
Lamball, Level: 2, Rank: 1, Gender: Female, HP IV: 51(0%), ATK IV: 90(0%), DEF IV: 68(0%), Work Speed: (0%), Skills: Burly Body
Lamball, Level: 9, Rank: 1, Gender: Female, HP IV: 51(0%), ATK IV: 12(0%), DEF IV: 63(0%), Work Speed: (0%)
Pengullet, Level: 11, Rank: 1, Gender: Female, HP IV: 53(0%), ATK IV: 66(0%), DEF IV: 78(0%), Work Speed: (0%), Skills: Ferocious
Rushoar, Level: 11, Rank: 1, Gender: Male, HP IV: 23(0%), ATK IV: 28(0%), DEF IV: 1(0%), Work Speed: (0%), Skills: Vanguard, Motivational Leader
Rushoar, Level: 3, Rank: 1, Gender: Male, HP IV: 41(0%), ATK IV: 49(0%), DEF IV: 41(0%), Work Speed: (0%), Skills: Downtrodden, Fragrant Foliage
Rushoar, Level: 4, Rank: 1, Gender: Male, HP IV: 86(0%), ATK IV: 60(0%), DEF IV: 68(0%), Work Speed: (0%), Skills: Sickly
Sparkit, Level: 11, Rank: 1, Gender: Male, HP IV: 37(0%), ATK IV: 93(0%), DEF IV: 2(0%), Work Speed: (0%), Skills: Impatient
Wren's 18 Pals
--------------
Celaray, Level: 4, Rank: 1, Gender: Male, HP IV: 20(0%), ATK IV: 53(0%), DEF IV: 11(0%), Work Speed: (0%), Skills: Capacitor
Celaray, Level: 4, Rank: 1, Gender: Male, HP IV: 22(0%), ATK IV: 40(0%), DEF IV: 25(0%), Work Speed: (0%), Skills: Ferocious
Chikipi, Level: 3, Rank: 1, Gender: Male, HP IV: 99(0%), ATK IV: 77(0%), DEF IV: 57(0%), Work Speed: (0%), Skills: Sickly, Earthquake Resistant
Cremis, Level: 2, Rank: 1, Gender: Female, HP IV: 51(0%), ATK IV: 32(0%), DEF IV: 6(0%), Work Speed: (0%), Skills: Logging Foreman
Eikthyrdeer, Level: 10, Rank: 1, Gender: Male, HP IV: 57(0%), ATK IV: 8(0%), DEF IV: 8(0%), Work Speed: (0%), Skills: Conceited
Eikthyrdeer, Level: 10, Rank: 1, Gender: Male, HP IV: 59(0%), ATK IV: 90(0%), DEF IV: 95(0%), Work Speed: (0%), Skills: Power of Gaia
Foxparks, Level: 10, Rank: 1, Gender: Female, HP IV: 50(0%), ATK IV: 98(0%), DEF IV: 13(0%), Work Speed: (0%)
Foxparks, Level: 9, Rank: 1, Gender: Female, HP IV: 21(0%), ATK IV: 69(0%), DEF IV: 78(0%), Work Speed: (0%), Skills: Aggressive
Gumoss, Level: 7, Rank: 1, Gender: Male, HP IV: 82(0%), ATK IV: 23(0%), DEF IV: 12(0%), Work Speed: (0%)
Hoocrates, Level: 10, Rank: 1, Gender: Female, HP IV: 36(0%), ATK IV: 81(0%), DEF IV: 93(0%), Work Speed: (0%), Skills: Sickly
Lamball, Level: 1, Rank: 1, Gender: Male, HP IV: 70(0%), ATK IV: 33(0%), DEF IV: 76(0%), Work Speed: (0%), Skills: Pyromaniac
Lamball, Level: 2, Rank: 1, Gender: Female, HP IV: 51(0%), ATK IV: 90(0%), DEF IV: 68(0%), Work Speed: (0%), Skills: Burly Body
Lamball, Level: 9, Rank: 1, Gender: Female, HP IV: 51(0%), ATK IV: 12(0%), DEF IV: 63(0%), Work Speed: (0%)
Pengullet, Level: 11, Rank: 1, Gender: Female, HP IV: 53(0%), ATK IV: 66(0%), DEF IV: 78(0%), Work Speed: (0%), Skills: Ferocious
Rushoar, Level: 11, Rank: 1, Gender: Male, HP IV: 23(0%), ATK IV: 28(0%), DEF IV: 1(0%), Work Speed: (0%), Skills: Vanguard, Motivational Leader
Rushoar, Level: 3, Rank: 1, Gender: Male, HP IV: 41(0%), ATK IV: 49(0%), DEF IV: 41(0%), Work Speed: (0%), Skills: Downtrodden, Fragrant Foliage
Rushoar, Level: 4, Rank: 1, Gender: Male, HP IV: 86(0%), ATK IV: 60(0%), DEF IV: 68(0%), Work Speed: (0%), Skills: Sickly
Sparkit, Level: 11, Rank: 1, Gender: Male, HP IV: 37(0%), ATK IV: 93(0%), DEF IV: 2(0%), Work Speed: (0%), Skills: Impatient
Wren's 18 Pals
--------------
Celaray, Level: 4, Rank: 1, Gender: Male, HP IV: 20(0%), ATK IV: 53(0%), DEF IV: 11(0%), Work Speed: (0%), Skills: Capacitor
Celaray, Level: 4, Rank: 1, Gender: Male, HP IV: 22(0%), ATK IV: 40(0%), DEF IV: 25(0%), Work Speed: (0%), Skills: Ferocious
Chikipi, Level: 3, Rank: 1, Gender: Male, HP IV: 99(0%), ATK IV: 77(0%), DEF IV: 57(0%), Work Speed: (0%), Skills: Sickly, Earthquake Resistant
Cremis, Level: 2, Rank: 1, Gender: Female, HP IV: 51(0%), ATK IV: 32(0%), DEF IV: 6(0%), Work Speed: (0%), Skills: Logging Foreman
Eikthyrdeer, Level: 10, Rank: 1, Gender: Male, HP IV: 57(0%), ATK IV: 8(0%), DEF IV: 8(0%), Work Speed: (0%), Skills: Conceited
Eikthyrdeer, Level: 10, Rank: 1, Gender: Male, HP IV: 59(0%), ATK IV: 90(0%), DEF IV: 95(0%), Work Speed: (0%), Skills: Power of Gaia
Foxparks, Level: 10, Rank: 1, Gender: Female, HP IV: 50(0%), ATK IV: 98(0%), DEF IV: 13(0%), Work Speed: (0%)
Foxparks, Level: 9, Rank: 1, Gender: Female, HP IV: 21(0%), ATK IV: 69(0%), DEF IV: 78(0%), Work Speed: (0%), Skills: Aggressive
Gumoss, Level: 7, Rank: 1, Gender: Male, HP IV: 82(0%), ATK IV: 23(0%), DEF IV: 12(0%), Work Speed: (0%)
Hoocrates, Level: 10, Rank: 1, Gender: Female, HP IV: 36(0%), ATK IV: 81(0%), DEF IV: 93(0%), Work Speed: (0%), Skills: Sickly
Lamball, Level: 1, Rank: 1, Gender: Male, HP IV: 70(0%), ATK IV: 33(0%), DEF IV: 76(0%), Work Speed: (0%), Skills: Pyromaniac
Lamball, Level: 2, Rank: 1, Gender: Female, HP IV: 51(0%), ATK IV: 90(0%), DEF IV: 68(0%), Work Speed: (0%), Skills: Burly Body
Lamball, Level: 9, Rank: 1, Gender: Female, HP IV: 51(0%), ATK IV: 12(0%), DEF IV: 63(0%), Work Speed: (0%)
Pengullet, Level: 11, Rank: 1, Gender: Female, HP IV: 53(0%), ATK IV: 66(0%), DEF IV: 78(0%), Work Speed: (0%), Skills: Ferocious
Rushoar, Level: 11, Rank: 1, Gender: Male, HP IV: 23(0%), ATK IV: 28(0%), DEF IV: 1(0%), Work Speed: (0%), Skills: Vanguard, Motivational Leader
Rushoar, Level: 3, Rank: 1, Gender: Male, HP IV: 41(0%), ATK IV: 49(0%), DEF IV: 41(0%), Work Speed: (0%), Skills: Downtrodden, Fragrant Foliage
Rushoar, Level: 4, Rank: 1, Gender: Male, HP IV: 86(0%), ATK IV: 60(0%), DEF IV: 68(0%), Work Speed: (0%), Skills: Sickly
Sparkit, Level: 11, Rank: 1, Gender: Male, HP IV: 37(0%), ATK IV: 93(0%), DEF IV: 2(0%), Work Speed: (0%), Skills: Impatient
Wren's 18 Pals
--------------
Celaray, Level: 4, Rank: 1, Gender: Male, HP IV: 20(0%), ATK IV: 53(0%), DEF IV: 11(0%), Work Speed: (0%), Skills: Capacitor
Celaray, Level: 4, Rank: 1, Gender: Male, HP IV: 22(0%), ATK IV: 40(0%), DEF IV: 25(0%), Work Speed: (0%), Skills: Ferocious
Chikipi, Level: 3, Rank: 1, Gender: Male, HP IV: 99(0%), ATK IV: 77(0%), DEF IV: 57(0%), Work Speed: (0%), Skills: Sickly, Earthquake Resistant
Cremis, Level: 2, Rank: 1, Gender: Female, HP IV: 51(0%), ATK IV: 32(0%), DEF IV: 6(0%), Work Speed: (0%), Skills: Logging Foreman
Eikthyrdeer, Level: 10, Rank: 1, Gender: Male, HP IV: 57(0%), ATK IV: 8(0%), DEF IV: 8(0%), Work Speed: (0%), Skills: Conceited
Eikthyrdeer, Level: 10, Rank: 1, Gender: Male, HP IV: 59(0%), ATK IV: 90(0%), DEF IV: 95(0%), Work Speed: (0%), Skills: Power of Gaia
Foxparks, Level: 10, Rank: 1, Gender: Female, HP IV: 50(0%), ATK IV: 98(0%), DEF IV: 13(0%), Work Speed: (0%)
Foxparks, Level: 9, Rank: 1, Gender: Female, HP IV: 21(0%), ATK IV: 69(0%), DEF IV: 78(0%), Work Speed: (0%), Skills: Aggressive
Gumoss, Level: 7, Rank: 1, Gender: Male, HP IV: 82(0%), ATK IV: 23(0%), DEF IV: 12(0%), Work Speed: (0%)
Hoocrates, Level: 10, Rank: 1, Gender: Female, HP IV: 36(0%), ATK IV: 81(0%), DEF IV: 93(0%), Work Speed: (0%), Skills: Sickly
Lamball, Level: 1, Rank: 1, Gender: Male, HP IV: 70(0%), ATK IV: 33(0%), DEF IV: 76(0%), Work Speed: (0%), Skills: Pyromaniac
Lamball, Level: 2, Rank: 1, Gender: Female, HP IV: 51(0%), ATK IV: 90(0%), DEF IV: 68(0%), Work Speed: (0%), Skills: Burly Body
Lamball, Level: 9, Rank: 1, Gender: Female, HP IV: 51(0%), ATK IV: 12(0%), DEF IV: 63(0%), Work Speed: (0%)
Pengullet, Level: 11, Rank: 1, Gender: Female, HP IV: 53(0%), ATK IV: 66(0%), DEF IV: 78(0%), Work Speed: (0%), Skills: Ferocious
Rushoar, Level: 11, Rank: 1, Gender: Male, HP IV: 23(0%), ATK IV: 28(0%), DEF IV: 1(0%), Work Speed: (0%), Skills: Vanguard, Motivational Leader
Rushoar, Level: 3, Rank: 1, Gender: Male, HP IV: 41(0%), ATK IV: 49(0%), DEF IV: 41(0%), Work Speed: (0%), Skills: Downtrodden, Fragrant Foliage
Rushoar, Level: 4, Rank: 1, Gender: Male, HP IV: 86(0%), ATK IV: 60(0%), DEF IV: 68(0%), Work Speed: (0%), Skills: Sickly
Sparkit, Level: 11, Rank: 1, Gender: Male, HP IV: 37(0%), ATK IV: 93(0%), DEF IV: 2(0%), Work Speed: (0%), Skills: Impatient
Wren's 18 Pals
--------------
Celaray, Level: 4, Rank: 1, Gender: Male, HP IV: 20(0%), ATK IV: 53(0%), DEF IV: 11(0%), Work Speed: (0%), Skills: Capacitor
Celaray, Level: 4, Rank: 1, Gender: Male, HP IV: 22(0%), ATK IV: 40(0%), DEF IV: 25(0%), Work Speed: (0%), Skills: Ferocious
Chikipi, Level: 3, Rank: 1, Gender: Male, HP IV: 99(0%), ATK IV: 77(0%), DEF IV: 57(0%), Work Speed: (0%), Skills: Sickly, Earthquake Resistant
Cremis, Level: 2, Rank: 1, Gender: Female, HP IV: 51(0%), ATK IV: 32(0%), DEF IV: 6(0%), Work Speed: (0%), Skills: Logging Foreman
Eikthyrdeer, Level: 10, Rank: 1, Gender: Male, HP IV: 57(0%), ATK IV: 8(0%), DEF IV: 8(0%), Work Speed: (0%), Skills: Conceited
Eikthyrdeer, Level: 10, Rank: 1, Gender: Male, HP IV: 59(0%), ATK IV: 90(0%), DEF IV: 95(0%), Work Speed: (0%), Skills: Power of Gaia
Foxparks, Level: 10, Rank: 1, Gender: Female, HP IV: 50(0%), ATK IV: 98(0%), DEF IV: 13(0%), Work Speed: (0%)
Foxparks, Level: 9, Rank: 1, Gender: Female, HP IV: 21(0%), ATK IV: 69(0%), DEF IV: 78(0%), Work Speed: (0%), Skills: Aggressive
Gumoss, Level: 7, Rank: 1, Gender: Male, HP IV: 82(0%), ATK IV: 23(0%), DEF IV: 12(0%), Work Speed: (0%)
Hoocrates, Level: 10, Rank: 1, Gender: Female, HP IV: 36(0%), ATK IV: 81(0%), DEF IV: 93(0%), Work Speed: (0%), Skills: Sickly
Lamball, Level: 1, Rank: 1, Gender: Male, HP IV: 70(0%), ATK IV: 33(0%), DEF IV: 76(0%), Work Speed: (0%), Skills: Pyromaniac
Lamball, Level: 2, Rank: 1, Gender: Female, HP IV: 51(0%), ATK IV: 90(0%), DEF IV: 68(0%), Work Speed: (0%), Skills: Burly Body
Lamball, Level: 9, Rank: 1, Gender: Female, HP IV: 51(0%), ATK IV: 12(0%), DEF IV: 63(0%), Work Speed: (0%)
Pengullet, Level: 11, Rank: 1, Gender: Female, HP IV: 53(0%), ATK IV: 66(0%), DEF IV: 78(0%), Work Speed: (0%), Skills: Ferocious
Rushoar, Level: 11, Rank: 1, Gender: Male, HP IV: 23(0%), ATK IV: 28(0%), DEF IV: 1(0%), Work Speed: (0%), Skills: Vanguard, Motivational Leader
Rushoar, Level: 3, Rank: 1, Gender: Male, HP IV: 41(0%), ATK IV: 49(0%), DEF IV: 41(0%), Work Speed: (0%), Skills: Downtrodden, Fragrant Foliage
Rushoar, Level: 4, Rank: 1, Gender: Male, HP IV: 86(0%), ATK IV: 60(0%), DEF IV: 68(0%), Work Speed: (0%), Skills: Sickly
Sparkit, Level: 11, Rank: 1, Gender: Male, HP IV: 37(0%), ATK IV: 93(0%), DEF IV: 2(0%), Work Speed: (0%), Skills: Impatient
Wren's 18 Pals
--------------
Celaray, Level: 4, Rank: 1, Gender: Male, HP IV: 20(0%), ATK IV: 53(0%), DEF IV: 11(0%), Work Speed: (0%), Skills: Capacitor
Celaray, Level: 4, Rank: 1, Gender: Male, HP IV: 22(0%), ATK IV: 40(0%), DEF IV: 25(0%), Work Speed: (0%), Skills: Ferocious
Chikipi, Level: 3, Rank: 1, Gender: Male, HP IV: 99(0%), ATK IV: 77(0%), DEF IV: 57(0%), Work Speed: (0%), Skills: Sickly, Earthquake Resistant
Cremis, Level: 2, Rank: 1, Gender: Female, HP IV: 51(0%), ATK IV: 32(0%), DEF IV: 6(0%), Work Speed: (0%), Skills: Logging Foreman
Eikthyrdeer, Level: 10, Rank: 1, Gender: Male, HP IV: 57(0%), ATK IV: 8(0%), DEF IV: 8(0%), Work Speed: (0%), Skills: Conceited
Eikthyrdeer, Level: 10, Rank: 1, Gender: Male, HP IV: 59(0%), ATK IV: 90(0%), DEF IV: 95(0%), Work Speed: (0%), Skills: Power of Gaia
Foxparks, Level: 10, Rank: 1, Gender: Female, HP IV: 50(0%), ATK IV: 98(0%), DEF IV: 13(0%), Work Speed: (0%)
Foxparks, Level: 9, Rank: 1, Gender: Female, HP IV: 21(0%), ATK IV: 69(0%), DEF IV: 78(0%), Work Speed: (0%), Skills: Aggressive
Gumoss, Level: 7, Rank: 1, Gender: Male, HP IV: 82(0%), ATK IV: 23(0%), DEF IV: 12(0%), Work Speed: (0%)
Hoocrates, Level: 10, Rank: 1, Gender: Female, HP IV: 36(0%), ATK IV: 81(0%), DEF IV: 93(0%), Work Speed: (0%), Skills: Sickly
Lamball, Level: 1, Rank: 1, Gender: Male, HP IV: 70(0%), ATK IV: 33(0%), DEF IV: 76(0%), Work Speed: (0%), Skills: Pyromaniac
Lamball, Level: 2, Rank: 1, Gender: Female, HP IV: 51(0%), ATK IV: 90(0%), DEF IV: 68(0%), Work Speed: (0%), Skills: Burly Body
Lamball, Level: 9, Rank: 1, Gender: Female, HP IV: 51(0%), ATK IV: 12(0%), DEF IV: 63(0%), Work Speed: (0%)
Pengullet, Level: 11, Rank: 1, Gender: Female, HP IV: 53(0%), ATK IV: 66(0%), DEF IV: 78(0%), Work Speed: (0%), Skills: Ferocious
Rushoar, Level: 11, Rank: 1, Gender: Male, HP IV: 23(0%), ATK IV: 28(0%), DEF IV: 1(0%), Work Speed: (0%), Skills: Vanguard, Motivational Leader
Rushoar, Level: 3, Rank: 1, Gender: Male, HP IV: 41(0%), ATK IV: 49(0%), DEF IV: 41(0%), Work Speed: (0%), Skills: Downtrodden, Fragrant Foliage
Rushoar, Level: 4, Rank: 1, Gender: Male, HP IV: 86(0%), ATK IV: 60(0%), DEF IV: 68(0%), Work Speed: (0%), Skills: Sickly
Sparkit, Level: 11, Rank: 1, Gender: Male, HP IV: 37(0%), ATK IV: 93(0%), DEF IV: 2(0%), Work Speed: (0%), Skills: Impatient
Wren's 18 Pals
--------------
Celaray, Level: 4, Rank: 1, Gender: Male, HP IV: 20(0%), ATK IV: 53(0%), DEF IV: 11(0%), Work Speed: (0%), Skills: Capacitor
Celaray, Level: 4, Rank: 1, Gender: Male, HP IV: 22(0%), ATK IV: 40(0%), DEF IV: 25(0%), Work Speed: (0%), Skills: Ferocious
Chikipi, Level: 3, Rank: 1, Gender: Male, HP IV: 99(0%), ATK IV: 77(0%), DEF IV: 57(0%), Work Speed: (0%), Skills: Sickly, Earthquake Resistant
Cremis, Level: 2, Rank: 1, Gender: Female, HP IV: 51(0%), ATK IV: 32(0%), DEF IV: 6(0%), Work Speed: (0%), Skills: Logging Foreman
Eikthyrdeer, Level: 10, Rank: 1, Gender: Male, HP IV: 57(0%), ATK IV: 8(0%), DEF IV: 8(0%), Work Speed: (0%), Skills: Conceited
Eikthyrdeer, Level: 10, Rank: 1, Gender: Male, HP IV: 59(0%), ATK IV: 90(0%), DEF IV: 95(0%), Work Speed: (0%), Skills: Power of Gaia
Foxparks, Level: 10, Rank: 1, Gender: Female, HP IV: 50(0%), ATK IV: 98(0%), DEF IV: 13(0%), Work Speed: (0%)
Foxparks, Level: 9, Rank: 1, Gender: Female, HP IV: 21(0%), ATK IV: 69(0%), DEF IV: 78(0%), Work Speed: (0%), Skills: Aggressive
Gumoss, Level: 7, Rank: 1, Gender: Male, HP IV: 82(0%), ATK IV: 23(0%), DEF IV: 12(0%), Work Speed: (0%)
Hoocrates, Level: 10, Rank: 1, Gender: Female, HP IV: 36(0%), ATK IV: 81(0%), DEF IV: 93(0%), Work Speed: (0%), Skills: Sickly
Lamball, Level: 1, Rank: 1, Gender: Male, HP IV: 70(0%), ATK IV: 33(0%), DEF IV: 76(0%), Work Speed: (0%), Skills: Pyromaniac
Lamball, Level: 2, Rank: 1, Gender: Female, HP IV: 51(0%), ATK IV: 90(0%), DEF IV: 68(0%), Work Speed: (0%), Skills: Burly Body
Lamball, Level: 9, Rank: 1, Gender: Female, HP IV: 51(0%), ATK IV: 12(0%), DEF IV: 63(0%), Work Speed: (0%)
Pengullet, Level: 11, Rank: 1, Gender: Female, HP IV: 53(0%), ATK IV: 66(0%), DEF IV: 78(0%), Work Speed: (0%), Skills: Ferocious
Rushoar, Level: 11, Rank: 1, Gender: Male, HP IV: 23(0%), ATK IV: 28(0%), DEF IV: 1(0%), Work Speed: (0%), Skills: Vanguard, Motivational Leader
Rushoar, Level: 3, Rank: 1, Gender: Male, HP IV: 41(0%), ATK IV: 49(0%), DEF IV: 41(0%), Work Speed: (0%), Skills: Downtrodden, Fragrant Foliage
Rushoar, Level: 4, Rank: 1, Gender: Male, HP IV: 86(0%), ATK IV: 60(0%), DEF IV: 68(0%), Work Speed: (0%), Skills: Sickly
Sparkit, Level: 11, Rank: 1, Gender: Male, HP IV: 37(0%), ATK IV: 93(0%), DEF IV: 2(0%), Work Speed: (0%), Skills: Impatient
Wren's 18 Pals
--------------
Celaray, Level: 4, Rank: 1, Gender: Male, HP IV: 20(0%), ATK IV: 53(0%), DEF IV: 11(0%), Work Speed: (0%), Skills: Capacitor
Celaray, Level: 4, Rank: 1, Gender: Male, HP IV: 22(0%), ATK IV: 40(0%), DEF IV: 25(0%), Work Speed: (0%), Skills: Ferocious
Chikipi, Level: 3, Rank: 1, Gender: Male, HP IV: 99(0%), ATK IV: 77(0%), DEF IV: 57(0%), Work Speed: (0%), Skills: Sickly, Earthquake Resistant
Cremis, Level: 2, Rank: 1, Gender: Female, HP IV: 51(0%), ATK IV: 32(0%), DEF IV: 6(0%), Work Speed: (0%), Skills: Logging Foreman
Eikthyrdeer, Level: 10, Rank: 1, Gender: Male, HP IV: 57(0%), ATK IV: 8(0%), DEF IV: 8(0%), Work Speed: (0%), Skills: Conceited
Eikthyrdeer, Level: 10, Rank: 1, Gender: Male, HP IV: 59(0%), ATK IV: 90(0%), DEF IV: 95(0%), Work Speed: (0%), Skills: Power of Gaia
Foxparks, Level: 10, Rank: 1, Gender: Female, HP IV: 50(0%), ATK IV: 98(0%), DEF IV: 13(0%), Work Speed: (0%)
Foxparks, Level: 9, Rank: 1, Gender: Female, HP IV: 21(0%), ATK IV: 69(0%), DEF IV: 78(0%), Work Speed: (0%), Skills: Aggressive
Gumoss, Level: 7, Rank: 1, Gender: Male, HP IV: 82(0%), ATK IV: 23(0%), DEF IV: 12(0%), Work Speed: (0%)
Hoocrates, Level: 10, Rank: 1, Gender: Female, HP IV: 36(0%), ATK IV: 81(0%), DEF IV: 93(0%), Work Speed: (0%), Skills: Sickly
Lamball, Level: 1, Rank: 1, Gender: Male, HP IV: 70(0%), ATK IV: 33(0%), DEF IV: 76(0%), Work Speed: (0%), Skills: Pyromaniac
Lamball, Level: 2, Rank: 1, Gender: Female, HP IV: 51(0%), ATK IV: 90(0%), DEF IV: 68(0%), Work Speed: (0%), Skills: Burly Body
Lamball, Level: 9, Rank: 1, Gender: Female, HP IV: 51(0%), ATK IV: 12(0%), DEF IV: 63(0%), Work Speed: (0%)
Pengullet, Level: 11, Rank: 1, Gender: Female, HP IV: 53(0%), ATK IV: 66(0%), DEF IV: 78(0%), Work Speed: (0%), Skills: Ferocious
Rushoar, Level: 11, Rank: 1, Gender: Male, HP IV: 23(0%), ATK IV: 28(0%), DEF IV: 1(0%), Work Speed: (0%), Skills: Vanguard, Motivational Leader
Rushoar, Level: 3, Rank: 1, Gender: Male, HP IV: 41(0%), ATK IV: 49(0%), DEF IV: 41(0%), Work Speed: (0%), Skills: Downtrodden, Fragrant Foliage
Rushoar, Level: 4, Rank: 1, Gender: Male, HP IV: 86(0%), ATK IV: 60(0%), DEF IV: 68(0%), Work Speed: (0%), Skills: Sickly
Sparkit, Level: 11, Rank: 1, Gender: Male, HP IV: 37(0%), ATK IV: 93(0%), DEF IV: 2(0%), Work Speed: (0%), Skills: Impatient
Wren's 18 Pals
--------------
Celaray, Level: 4, Rank: 1, Gender: Male, HP IV: 20(0%), ATK IV: 53(0%), DEF IV: 11(0%), Work Speed: (0%), Skills: Capacitor
Celaray, Level: 4, Rank: 1, Gender: Male, HP IV: 22(0%), ATK IV: 40(0%), DEF IV: 25(0%), Work Speed: (0%), Skills: Ferocious
Chikipi, Level: 3, Rank: 1, Gender: Male, HP IV: 99(0%), ATK IV: 77(0%), DEF IV: 57(0%), Work Speed: (0%), Skills: Sickly, Earthquake Resistant
Cremis, Level: 2, Rank: 1, Gender: Female, HP IV: 51(0%), ATK IV: 32(0%), DEF IV: 6(0%), Work Speed: (0%), Skills: Logging Foreman
Eikthyrdeer, Level: 10, Rank: 1, Gender: Male, HP IV: 57(0%), ATK IV: 8(0%), DEF IV: 8(0%), Work Speed: (0%), Skills: Conceited
Eikthyrdeer, Level: 10, Rank: 1, Gender: Male, HP IV: 59(0%), ATK IV: 90(0%), DEF IV: 95(0%), Work Speed: (0%), Skills: Power of Gaia
Foxparks, Level: 10, Rank: 1, Gender: Female, HP IV: 50(0%), ATK IV: 98(0%), DEF IV: 13(0%), Work Speed: (0%)
Foxparks, Level: 9, Rank: 1, Gender: Female, HP IV: 21(0%), ATK IV: 69(0%), DEF IV: 78(0%), Work Speed: (0%), Skills: Aggressive
Gumoss, Level: 7, Rank: 1, Gender: Male, HP IV: 82(0%), ATK IV: 23(0%), DEF IV: 12(0%), Work Speed: (0%)
Hoocrates, Level: 10, Rank: 1, Gender: Female, HP IV: 36(0%), ATK IV: 81(0%), DEF IV: 93(0%), Work Speed: (0%), Skills: Sickly
Lamball, Level: 1, Rank: 1, Gender: Male, HP IV: 70(0%), ATK IV: 33(0%), DEF IV: 76(0%), Work Speed: (0%), Skills: Pyromaniac
Lamball, Level: 2, Rank: 1, Gender: Female, HP IV: 51(0%), ATK IV: 90(0%), DEF IV: 68(0%), Work Speed: (0%), Skills: Burly Body
Lamball, Level: 9, Rank: 1, Gender: Female, HP IV: 51(0%), ATK IV: 12(0%), DEF IV: 63(0%), Work Speed: (0%)
Pengullet, Level: 11, Rank: 1, Gender: Female, HP IV: 53(0%), ATK IV: 66(0%), DEF IV: 78(0%), Work Speed: (0%), Skills: Ferocious
Rushoar, Level: 11, Rank: 1, Gender: Male, HP IV: 23(0%), ATK IV: 28(0%), DEF IV: 1(0%), Work Speed: (0%), Skills: Vanguard, Motivational Leader
Rushoar, Level: 3, Rank: 1, Gender: Male, HP IV: 41(0%), ATK IV: 49(0%), DEF IV: 41(0%), Work Speed: (0%), Skills: Downtrodden, Fragrant Foliage
Rushoar, Level: 4, Rank: 1, Gender: Male, HP IV: 86(0%), ATK IV: 60(0%), DEF IV: 68(0%), Work Speed: (0%), Skills: Sickly
Sparkit, Level: 11, Rank: 1, Gender: Male, HP IV: 37(0%), ATK IV: 93(0%), DEF IV: 2(0%), Work Speed: (0%), Skills: Impatient
Wren's 18 Pals
--------------
Celaray, Level: 4, Rank: 1, Gender: Male, HP IV: 20(0%), ATK IV: 53(0%), DEF IV: 11(0%), Work Speed: (0%), Skills: Capacitor
Celaray, Level: 4, Rank: 1, Gender: Male, HP IV: 22(0%), ATK IV: 40(0%), DEF IV: 25(0%), Work Speed: (0%), Skills: Ferocious
Chikipi, Level: 3, Rank: 1, Gender: Male, HP IV: 99(0%), ATK IV: 77(0%), DEF IV: 57(0%), Work Speed: (0%), Skills: Sickly, Earthquake Resistant
Cremis, Level: 2, Rank: 1, Gender: Female, HP IV: 51(0%), ATK IV: 32(0%), DEF IV: 6(0%), Work Speed: (0%), Skills: Logging Foreman
Eikthyrdeer, Level: 10, Rank: 1, Gender: Male, HP IV: 57(0%), ATK IV: 8(0%), DEF IV: 8(0%), Work Speed: (0%), Skills: Conceited
Eikthyrdeer, Level: 10, Rank: 1, Gender: Male, HP IV: 59(0%), ATK IV: 90(0%), DEF IV: 95(0%), Work Speed: (0%), Skills: Power of Gaia
Foxparks, Level: 10, Rank: 1, Gender: Female, HP IV: 50(0%), ATK IV: 98(0%), DEF IV: 13(0%), Work Speed: (0%)
Foxparks, Level: 9, Rank: 1, Gender: Female, HP IV: 21(0%), ATK IV: 69(0%), DEF IV: 78(0%), Work Speed: (0%), Skills: Aggressive
Gumoss, Level: 7, Rank: 1, Gender: Male, HP IV: 82(0%), ATK IV: 23(0%), DEF IV: 12(0%), Work Speed: (0%)
Hoocrates, Level: 10, Rank: 1, Gender: Female, HP IV: 36(0%), ATK IV: 81(0%), DEF IV: 93(0%), Work Speed: (0%), Skills: Sickly
Lamball, Level: 1, Rank: 1, Gender: Male, HP IV: 70(0%), ATK IV: 33(0%), DEF IV: 76(0%), Work Speed: (0%), Skills: Pyromaniac
Lamball, Level: 2, Rank: 1, Gender: Female, HP IV: 51(0%), ATK IV: 90(0%), DEF IV: 68(0%), Work Speed: (0%), Skills: Burly Body
Lamball, Level: 9, Rank: 1, Gender: Female, HP IV: 51(0%), ATK IV: 12(0%), DEF IV: 63(0%), Work Speed: (0%)
Pengullet, Level: 11, Rank: 1, Gender: Female, HP IV: 53(0%), ATK IV: 66(0%), DEF IV: 78(0%), Work Speed: (0%), Skills: Ferocious
Rushoar, Level: 11, Rank: 1, Gender: Male, HP IV: 23(0%), ATK IV: 28(0%), DEF IV: 1(0%), Work Speed: (0%), Skills: Vanguard, Motivational Leader
Rushoar, Level: 3, Rank: 1, Gender: Male, HP IV: 41(0%), ATK IV: 49(0%), DEF IV: 41(0%), Work Speed: (0%), Skills: Downtrodden, Fragrant Foliage
Rushoar, Level: 4, Rank: 1, Gender: Male, HP IV: 86(0%), ATK IV: 60(0%), DEF IV: 68(0%), Work Speed: (0%), Skills: Sickly
Sparkit, Level: 11, Rank: 1, Gender: Male, HP IV: 37(0%), ATK IV: 93(0%), DEF IV: 2(0%), Work Speed: (0%), Skills: Impatient
Wren's 18 Pals
--------------
Celaray, Level: 4, Rank: 1, Gender: Male, HP IV: 20(0%), ATK IV: 53(0%), DEF IV: 11(0%), Work Speed: (0%), Skills: Capacitor
Celaray, Level: 4, Rank: 1, Gender: Male, HP IV: 22(0%), ATK IV: 40(0%), DEF IV: 25(0%), Work Speed: (0%), Skills: Ferocious
Chikipi, Level: 3, Rank: 1, Gender: Male, HP IV: 99(0%), ATK IV: 77(0%), DEF IV: 57(0%), Work Speed: (0%), Skills: Sickly, Earthquake Resistant
Cremis, Level: 2, Rank: 1, Gender: Female, HP IV: 51(0%), ATK IV: 32(0%), DEF IV: 6(0%), Work Speed: (0%), Skills: Logging Foreman
Eikthyrdeer, Level: 10, Rank: 1, Gender: Male, HP IV: 57(0%), ATK IV: 8(0%), DEF IV: 8(0%), Work Speed: (0%), Skills: Conceited
Eikthyrdeer, Level: 10, Rank: 1, Gender: Male, HP IV: 59(0%), ATK IV: 90(0%), DEF IV: 95(0%), Work Speed: (0%), Skills: Power of Gaia
Foxparks, Level: 10, Rank: 1, Gender: Female, HP IV: 50(0%), ATK IV: 98(0%), DEF IV: 13(0%), Work Speed: (0%)
Foxparks, Level: 9, Rank: 1, Gender: Female, HP IV: 21(0%), ATK IV: 69(0%), DEF IV: 78(0%), Work Speed: (0%), Skills: Aggressive
Gumoss, Level: 7, Rank: 1, Gender: Male, HP IV: 82(0%), ATK IV: 23(0%), DEF IV: 12(0%), Work Speed: (0%)
Hoocrates, Level: 10, Rank: 1, Gender: Female, HP IV: 36(0%), ATK IV: 81(0%), DEF IV: 93(0%), Work Speed: (0%), Skills: Sickly
Lamball, Level: 1, Rank: 1, Gender: Male, HP IV: 70(0%), ATK IV: 33(0%), DEF IV: 76(0%), Work Speed: (0%), Skills: Pyromaniac
Lamball, Level: 2, Rank: 1, Gender: Female, HP IV: 51(0%), ATK IV: 90(0%), DEF IV: 68(0%), Work Speed: (0%), Skills: Burly Body
Lamball, Level: 9, Rank: 1, Gender: Female, HP IV: 51(0%), ATK IV: 12(0%), DEF IV: 63(0%), Work Speed: (0%)
Pengullet, Level: 11, Rank: 1, Gender: Female, HP IV: 53(0%), ATK IV: 66(0%), DEF IV: 78(0%), Work Speed: (0%), Skills: Ferocious
Rushoar, Level: 11, Rank: 1, Gender: Male, HP IV: 23(0%), ATK IV: 28(0%), DEF IV: 1(0%), Work Speed: (0%), Skills: Vanguard, Motivational Leader
Rushoar, Level: 3, Rank: 1, Gender: Male, HP IV: 41(0%), ATK IV: 49(0%), DEF IV: 41(0%), Work Speed: (0%), Skills: Downtrodden, Fragrant Foliage
Rushoar, Level: 4, Rank: 1, Gender: Male, HP IV: 86(0%), ATK IV: 60(0%), DEF IV: 68(0%), Work Speed: (0%), Skills: Sickly
Sparkit, Level: 11, Rank: 1, Gender: Male, HP IV: 37(0%), ATK IV: 93(0%), DEF IV: 2(0%), Work Speed: (0%), Skills: Impatient
