Wurdalak's 12 Pals
------------------
Cattiva, Level: 11, Rank: 1, Gender: Female, HP IV: 80(0%), ATK IV: 88(0%), DEF IV: 43(0%), Work Speed: (0%), Skills: Coward, Clumsy
Cattiva, Level: 11, Rank: 1, Gender: Male, HP IV: 52(0%), ATK IV: 40(0%), DEF IV: 91(0%), Work Speed: (0%), Skills: Coward, Slacker
Cattiva, Level: 9, Rank: 1, Gender: Female, HP IV: 76(0%), ATK IV: 8(0%), DEF IV: 91(0%), Work Speed: (0%), Skills: Coward, Artisan
Chikipi, Level: 2, Rank: 1, Gender: Male, HP IV: 88(0%), ATK IV: 26(0%), DEF IV: 29(0%), Work Speed: (0%), Skills: Dragonkiller
Chikipi, Level: 9, Rank: 1, Gender: Female, HP IV: 71(0%), ATK IV: 4(0%), DEF IV: 1(0%), Work Speed: (0%)
Chikipi, Level: 9, Rank: 1, Gender: Male, HP IV: 62(0%), ATK IV: 69(0%), DEF IV: 38(0%), Work Speed: (0%), Skills: Power of Gaia
Foxparks, Level: 4, Rank: 1, Gender: Male, HP IV: 74(0%), ATK IV: 19(0%), DEF IV: 81(0%), Work Speed: (0%), Skills: Serious
Foxparks, Level: 6, Rank: 1, Gender: Female, HP IV: 82(0%), ATK IV: 84(0%), DEF IV: 59(0%), Work Speed: (0%), Skills: Conceited
Lamball, Level: 1, Rank: 1, Gender: Male, HP IV: 50(0%), ATK IV: 84(0%), DEF IV: 72(0%), Work Speed: (0%), Skills: Work Slave
Lamball, Level: 4, Rank: 1, Gender: Male, HP IV: 99(0%), ATK IV: 63(0%), DEF IV: 71(0%), Work Speed: (0%), Skills: Dainty Eater, Slacker
Lifmunk, Level: 8, Rank: 1, Gender: Male, HP IV: 48(0%), ATK IV: 18(0%), DEF IV: 93(0%), Work Speed: (0%), Skills: Diet Lover
Rushoar, Level: 3, Rank: 1, Gender: Female, HP IV: 7(0%), ATK IV: 0(0%), DEF IV: 94(0%), Work Speed: (0%), Skills: Veil of Darkness
Wurdalak's 12 Pals
------------------
Cattiva, Level: 11, Rank: 1, Gender: Female, HP IV: 80(0%), ATK IV: 88(0%), DEF IV: 43(0%), Work Speed: (0%), Skills: Coward, Clumsy
Cattiva, Level: 11, Rank: 1, Gender: Male, HP IV: 52(0%), ATK IV: 40(0%), DEF IV: 91(0%), Work Speed: (0%), Skills: Coward, Slacker
Cattiva, Level: 9, Rank: 1, Gender: Female, HP IV: 76(0%), ATK IV: 8(0%), DEF IV: 91(0%), Work Speed: (0%), Skills: Coward, Artisan
Chikipi, Level: 2, Rank: 1, Gender: Male, HP IV: 88(0%), ATK IV: 26(0%), DEF IV: 29(0%), Work Speed: (0%), Skills: Dragonkiller
Chikipi, Level: 9, Rank: 1, Gender: Female, HP IV: 71(0%), ATK IV: 4(0%), DEF IV: 1(0%), Work Speed: (0%)
Chikipi, Level: 9, Rank: 1, Gender: Male, HP IV: 62(0%), ATK IV: 69(0%), DEF IV: 38(0%), Work Speed: (0%), Skills: Power of Gaia
Foxparks, Level: 4, Rank: 1, Gender: Male, HP IV: 74(0%), ATK IV: 19(0%), DEF IV: 81(0%), Work Speed: (0%), Skills: Serious
Foxparks, Level: 6, Rank: 1, Gender: Female, HP IV: 82(0%), ATK IV: 84(0%), DEF IV: 59(0%), Work Speed: (0%), Skills: Conceited
Lamball, Level: 1, Rank: 1, Gender: Male, HP IV: 50(0%), ATK IV: 84(0%), DEF IV: 72(0%), Work Speed: (0%), Skills: Work Slave
Lamball, Level: 4, Rank: 1, Gender: Male, HP IV: 99(0%), ATK IV: 63(0%), DEF IV: 71(0%), Work Speed: (0%), Skills: Dainty Eater, Slacker
Lifmunk, Level: 8, Rank: 1, Gender: Male, HP IV: 48(0%), ATK IV: 18(0%), DEF IV: 93(0%), Work Speed: (0%), Skills: Diet Lover
Rushoar, Level: 3, Rank: 1, Gender: Female, HP IV: 7(0%), ATK IV: 0(0%), DEF IV: 94(0%), Work Speed: (0%), Skills: Veil of Darkness
Wurdalak's 12 Pals
------------------
Cattiva, Level: 11, Rank: 1, Gender: Female, HP IV: 80(0%), ATK IV: 88(0%), DEF IV: 43(0%), Work Speed: (0%), Skills: Coward, Clumsy
Cattiva, Level: 11, Rank: 1, Gender: Male, HP IV: 52(0%), ATK IV: 40(0%), DEF IV: 91(0%), Work Speed: (0%), Skills: Coward, Slacker
Cattiva, Level: 9, Rank: 1, Gender: Female, HP IV: 76(0%), ATK IV: 8(0%), DEF IV: 91(0%), Work Speed: (0%), Skills: Coward, Artisan
Chikipi, Level: 2, Rank: 1, Gender: Male, HP IV: 88(0%), ATK IV: 26(0%), DEF IV: 29(0%), Work Speed: (0%), Skills: Dragonkiller
Chikipi, Level: 9, Rank: 1, Gender: Female, HP IV: 71(0%), ATK IV: 4(0%), DEF IV: 1(0%), Work Speed: (0%)
Chikipi, Level: 9, Rank: 1, Gender: Male, HP IV: 62(0%), ATK IV: 69(0%), DEF IV: 38(0%), Work Speed: (0%), Skills: Power of Gaia
Foxparks, Level: 4, Rank: 1, Gender: Male, HP IV: 74(0%), ATK IV: 19(0%), DEF IV: 81(0%), Work Speed: (0%), Skills: Serious
Foxparks, Level: 6, Rank: 1, Gender: Female, HP IV: 82(0%), ATK IV: 84(0%), DEF IV: 59(0%), Work Speed: (0%), Skills: Conceited
Lamball, Level: 1, Rank: 1, Gender: Male, HP IV: 50(0%), ATK IV: 84(0%), DEF IV: 72(0%), Work Speed: (0%), Skills: Work Slave
Lamball, Level: 4, Rank: 1, Gender: Male, HP IV: 99(0%), ATK IV: 63(0%), DEF IV: 71(0%), Work Speed: (0%), Skills: Dainty Eater, Slacker
Lifmunk, Level: 8, Rank: 1, Gender: Male, HP IV: 48(0%), ATK IV: 18(0%), DEF IV: 93(0%), Work Speed: (0%), Skills: Diet Lover
Rushoar, Level: 3, Rank: 1, Gender: Female, HP IV: 7(0%), ATK IV: 0(0%), DEF IV: 94(0%), Work Speed: (0%), Skills: Veil of Darkness
Wurdalak's 12 Pals
------------------
Cattiva, Level: 11, Rank: 1, Gender: Female, HP IV: 80(0%), ATK IV: 88(0%), DEF IV: 43(0%), Work Speed: (0%), Skills: Coward, Clumsy
Cattiva, Level: 11, Rank: 1, Gender: Male, HP IV: 52(0%), ATK IV: 40(0%), DEF IV: 91(0%), Work Speed: (0%), Skills: Coward, Slacker
Cattiva, Level: 9, Rank: 1, Gender: Female, HP IV: 76(0%), ATK IV: 8(0%), DEF IV: 91(0%), Work Speed: (0%), Skills: Coward, Artisan
Chikipi, Level: 2, Rank: 1, Gender: Male, HP IV: 88(0%), ATK IV: 26(0%), DEF IV: 29(0%), Work Speed: (0%), Skills: Dragonkiller
Chikipi, Level: 9, Rank: 1, Gender: Female, HP IV: 71(0%), ATK IV: 4(0%), DEF IV: 1(0%), Work Speed: (0%)
Chikipi, Level: 9, Rank: 1, Gender: Male, HP IV: 62(0%), ATK IV: 69(0%), DEF IV: 38(0%), Work Speed: (0%), Skills: Power of Gaia
Foxparks, Level: 4, Rank: 1, Gender: Male, HP IV: 74(0%), ATK IV: 19(0%), DEF IV: 81(0%), Work Speed: (0%), Skills: Serious
Foxparks, Level: 6, Rank: 1, Gender: Female, HP IV: 82(0%), ATK IV: 84(0%), DEF IV: 59(0%), Work Speed: (0%), Skills: Conceited
Lamball, Level: 1, Rank: 1, Gender: Male, HP IV: 50(0%), ATK IV: 84(0%), DEF IV: 72(0%), Work Speed: (0%), Skills: Work Slave
Lamball, Level: 4, Rank: 1, Gender: Male, HP IV: 99(0%), ATK IV: 63(0%), DEF IV: 71(0%), Work Speed: (0%), Skills: Dainty Eater, Slacker
Lifmunk, Level: 8, Rank: 1, Gender: Male, HP IV: 48(0%), ATK IV: 18(0%), DEF IV: 93(0%), Work Speed: (0%), Skills: Diet Lover
Rushoar, Level: 3, Rank: 1, Gender: Female, HP IV: 7(0%), ATK IV: 0(0%), DEF IV: 94(0%), Work Speed: (0%), Skills: Veil of Darkness
Wurdalak's 12 Pals
------------------
Cattiva, Level: 11, Rank: 1, Gender: Female, HP IV: 80(0%), ATK IV: 88(0%), DEF IV: 43(0%), Work Speed: (0%), Skills: Coward, Clumsy
Cattiva, Level: 11, Rank: 1, Gender: Male, HP IV: 52(0%), ATK IV: 40(0%), DEF IV: 91(0%), Work Speed: (0%), Skills: Coward, Slacker
Cattiva, Level: 9, Rank: 1, Gender: Female, HP IV: 76(0%), ATK IV: 8(0%), DEF IV: 91(0%), Work Speed: (0%), Skills: Coward, Artisan
Chikipi, Level: 2, Rank: 1, Gender: Male, HP IV: 88(0%), ATK IV: 26(0%), DEF IV: 29(0%), Work Speed: (0%), Skills: Dragonkiller
Chikipi, Level: 9, Rank: 1, Gender: Female, HP IV: 71(0%), ATK IV: 4(0%), DEF IV: 1(0%), Work Speed: (0%)
Chikipi, Level: 9, Rank: 1, Gender: Male, HP IV: 62(0%), ATK IV: 69(0%), DEF IV: 38(0%), Work Speed: (0%), Skills: Power of Gaia
Foxparks, Level: 4, Rank: 1, Gender: Male, HP IV: 74(0%), ATK IV: 19(0%), DEF IV: 81(0%), Work Speed: (0%), Skills: Serious
Foxparks, Level: 6, Rank: 1, Gender: Female, HP IV: 82(0%), ATK IV: 84(0%), DEF IV: 59(0%), Work Speed: (0%), Skills: Conceited
Lamball, Level: 1, Rank: 1, Gender: Male, HP IV: 50(0%), ATK IV: 84(0%), DEF IV: 72(0%), Work Speed: (0%), Skills: Work Slave
Lamball, Level: 4, Rank: 1, Gender: Male, HP IV: 99(0%), ATK IV: 63(0%), DEF IV: 71(0%), Work Speed: (0%), Skills: Dainty Eater, Slacker
Lifmunk, Level: 8, Rank: 1, Gender: Male, HP IV: 48(0%), ATK IV: 18(0%), DEF IV: 93(0%), Work Speed: (0%), Skills: Diet Lover
Rushoar, Level: 3, Rank: 1, Gender: Female, HP IV: 7(0%), ATK IV: 0(0%), DEF IV: 94(0%), Work Speed: (0%), Skills: Veil of Darkness
Wurdalak's 12 Pals
------------------
Cattiva, Level: 11, Rank: 1, Gender: Female, HP IV: 80(0%), ATK IV: 88(0%), DEF IV: 43(0%), Work Speed: (0%), Skills: Coward, Clumsy
Cattiva, Level: 11, Rank: 1, Gender: Male, HP IV: 52(0%), ATK IV: 40(0%), DEF IV: 91(0%), Work Speed: (0%), Skills: Coward, Slacker
Cattiva, Level: 9, Rank: 1, Gender: Female, HP IV: 76(0%), ATK IV: 8(0%), DEF IV: 91(0%), Work Speed: (0%), Skills: Coward, Artisan
Chikipi, Level: 2, Rank: 1, Gender: Male, HP IV: 88(0%), ATK IV: 26(0%), DEF IV: 29(0%), Work Speed: (0%), Skills: Dragonkiller
Chikipi, Level: 9, Rank: 1, Gender: Female, HP IV: 71(0%), ATK IV: 4(0%), DEF IV: 1(0%), Work Speed: (0%)
Chikipi, Level: 9, Rank: 1, Gender: Male, HP IV: 62(0%), ATK IV: 69(0%), DEF IV: 38(0%), Work Speed: (0%), Skills: Power of Gaia
Foxparks, Level: 4, Rank: 1, Gender: Male, HP IV: 74(0%), ATK IV: 19(0%), DEF IV: 81(0%), Work Speed: (0%), Skills: Serious
Foxparks, Level: 6, Rank: 1, Gender: Female, HP IV: 82(0%), ATK IV: 84(0%), DEF IV: 59(0%), Work Speed: (0%), Skills: Conceited
Lamball, Level: 1, Rank: 1, Gender: Male, HP IV: 50(0%), ATK IV: 84(0%), DEF IV: 72(0%), Work Speed: (0%), Skills: Work Slave
Lamball, Level: 4, Rank: 1, Gender: Male, HP IV: 99(0%), ATK IV: 63(0%), DEF IV: 71(0%), Work Speed: (0%), Skills: Dainty Eater, Slacker
Lifmunk, Level: 8, Rank: 1, Gender: Male, HP IV: 48(0%), ATK IV: 18(0%), DEF IV: 93(0%), Work Speed: (0%), Skills: Diet Lover
Rushoar, Level: 3, Rank: 1, Gender: Female, HP IV: 7(0%), ATK IV: 0(0%), DEF IV: 94(0%), Work Speed: (0%), Skills: Veil of Darkness
Wurdalak's 12 Pals
------------------
Cattiva, Level: 11, Rank: 1, Gender: Female, HP IV: 80(0%), ATK IV: 88(0%), DEF IV: 43(0%), Work Speed: (0%), Skills: Coward, Clumsy
Cattiva, Level: 11, Rank: 1, Gender: Male, HP IV: 52(0%), ATK IV: 40(0%), DEF IV: 91(0%), Work Speed: (0%), Skills: Coward, Slacker
Cattiva, Level: 9, Rank: 1, Gender: Female, HP IV: 76(0%), ATK IV: 8(0%), DEF IV: 91(0%), Work Speed: (0%), Skills: Coward, Artisan
Chikipi, Level: 2, Rank: 1, Gender: Male, HP IV: 88(0%), ATK IV: 26(0%), DEF IV: 29(0%), Work Speed: (0%), Skills: Dragonkiller
Chikipi, Level: 9, Rank: 1, Gender: Female, HP IV: 71(0%), ATK IV: 4(0%), DEF IV: 1(0%), Work Speed: (0%)
Chikipi, Level: 9, Rank: 1, Gender: Male, HP IV: 62(0%), ATK IV: 69(0%), DEF IV: 38(0%), Work Speed: (0%), Skills: Power of Gaia
Foxparks, Level: 4, Rank: 1, Gender: Male, HP IV: 74(0%), ATK IV: 19(0%), DEF IV: 81(0%), Work Speed: (0%), Skills: Serious
Foxparks, Level: 6, Rank: 1, Gender: Female, HP IV: 82(0%), ATK IV: 84(0%), DEF IV: 59(0%), Work Speed: (0%), Skills: Conceited
Lamball, Level: 1, Rank: 1, Gender: Male, HP IV: 50(0%), ATK IV: 84(0%), DEF IV: 72(0%), Work Speed: (0%), Skills: Work Slave
Lamball, Level: 4, Rank: 1, Gender: Male, HP IV: 99(0%), ATK IV: 63(0%), DEF IV: 71(0%), Work Speed: (0%), Skills: Dainty Eater, Slacker
Lifmunk, Level: 8, Rank: 1, Gender: Male, HP IV: 48(0%), ATK IV: 18(0%), DEF IV: 93(0%), Work Speed: (0%), Skills: Diet Lover
Rushoar, Level: 3, Rank: 1, Gender: Female, HP IV: 7(0%), ATK IV: 0(0%), DEF IV: 94(0%), Work Speed: (0%), Skills: Veil of Darkness
Wurdalak's 12 Pals
------------------
Cattiva, Level: 11, Rank: 1, Gender: Female, HP IV: 80(0%), ATK IV: 88(0%), DEF IV: 43(0%), Work Speed: (0%), Skills: Coward, Clumsy
Cattiva, Level: 11, Rank: 1, Gender: Male, HP IV: 52(0%), ATK IV: 40(0%), DEF IV: 91(0%), Work Speed: (0%), Skills: Coward, Slacker
Cattiva, Level: 9, Rank: 1, Gender: Female, HP IV: 76(0%), ATK IV: 8(0%), DEF IV: 91(0%), Work Speed: (0%), Skills: Coward, Artisan
Chikipi, Level: 2, Rank: 1, Gender: Male, HP IV: 88(0%), ATK IV: 26(0%), DEF IV: 29(0%), Work Speed: (0%), Skills: Dragonkiller
Chikipi, Level: 9, Rank: 1, Gender: Female, HP IV: 71(0%), ATK IV: 4(0%), DEF IV: 1(0%), Work Speed: (0%)
Chikipi, Level: 9, Rank: 1, Gender: Male, HP IV: 62(0%), ATK IV: 69(0%), DEF IV: 38(0%), Work Speed: (0%), Skills: Power of Gaia
Foxparks, Level: 4, Rank: 1, Gender: Male, HP IV: 74(0%), ATK IV: 19(0%), DEF IV: 81(0%), Work Speed: (0%), Skills: Serious
Foxparks, Level: 6, Rank: 1, Gender: Female, HP IV: 82(0%), ATK IV: 84(0%), DEF IV: 59(0%), Work Speed: (0%), Skills: Conceited
Lamball, Level: 1, Rank: 1, Gender: Male, HP IV: 50(0%), ATK IV: 84(0%), DEF IV: 72(0%), Work Speed: (0%), Skills: Work Slave
Lamball, Level: 4, Rank: 1, Gender: Male, HP IV: 99(0%), ATK IV: 63(0%), DEF IV: 71(0%), Work Speed: (0%), Skills: Dainty Eater, Slacker
Lifmunk, Level: 8, Rank: 1, Gender: Male, HP IV: 48(0%), ATK IV: 18(0%), DEF IV: 93(0%), Work Speed: (0%), Skills: Diet Lover
Rushoar, Level: 3, Rank: 1, Gender: Female, HP IV: 7(0%), ATK IV: 0(0%), DEF IV: 94(0%), Work Speed: (0%), Skills: Veil of Darkness
Wurdalak's 12 Pals
------------------
Cattiva, Level: 11, Rank: 1, Gender: Female, HP IV: 80(0%), ATK IV: 88(0%), DEF IV: 43(0%), Work Speed: (0%), Skills: Coward, Clumsy
Cattiva, Level: 11, Rank: 1, Gender: Male, HP IV: 52(0%), ATK IV: 40(0%), DEF IV: 91(0%), Work Speed: (0%), Skills: Coward, Slacker
Cattiva, Level: 9, Rank: 1, Gender: Female, HP IV: 76(0%), ATK IV: 8(0%), DEF IV: 91(0%), Work Speed: (0%), Skills: Coward, Artisan
Chikipi, Level: 2, Rank: 1, Gender: Male, HP IV: 88(0%), ATK IV: 26(0%), DEF IV: 29(0%), Work Speed: (0%), Skills: Dragonkiller
Chikipi, Level: 9, Rank: 1, Gender: Female, HP IV: 71(0%), ATK IV: 4(0%), DEF IV: 1(0%), Work Speed: (0%)
Chikipi, Level: 9, Rank: 1, Gender: Male, HP IV: 62(0%), ATK IV: 69(0%), DEF IV: 38(0%), Work Speed: (0%), Skills: Power of Gaia
Foxparks, Level: 4, Rank: 1, Gender: Male, HP IV: 74(0%), ATK IV: 19(0%), DEF IV: 81(0%), Work Speed: (0%), Skills: Serious
Foxparks, Level: 6, Rank: 1, Gender: Female, HP IV: 82(0%), ATK IV: 84(0%), DEF IV: 59(0%), Work Speed: (0%), Skills: Conceited
Lamball, Level: 1, Rank: 1, Gender: Male, HP IV: 50(0%), ATK IV: 84(0%), DEF IV: 72(0%), Work Speed: (0%), Skills: Work Slave
Lamball, Level: 4, Rank: 1, Gender: Male, HP IV: 99(0%), ATK IV: 63(0%), DEF IV: 71(0%), Work Speed: (0%), Skills: Dainty Eater, Slacker
Lifmunk, Level: 8, Rank: 1, Gender: Male, HP IV: 48(0%), ATK IV: 18(0%), DEF IV: 93(0%), Work Speed: (0%), Skills: Diet Lover
Rushoar, Level: 3, Rank: 1, Gender: Female, HP IV: 7(0%), ATK IV: 0(0%), DEF IV: 94(0%), Work Speed: (0%), Skills: Veil of Darkness
Wurdalak's 12 Pals
------------------
Cattiva, Level: 11, Rank: 1, Gender: Female, HP IV: 80(0%), ATK IV: 88(0%), DEF IV: 43(0%), Work Speed: (0%), Skills: Coward, Clumsy
Cattiva, Level: 11, Rank: 1, Gender: Male, HP IV: 52(0%), ATK IV: 40(0%), DEF IV: 91(0%), Work Speed: (0%), Skills: Coward, Slacker
Cattiva, Level: 9, Rank: 1, Gender: Female, HP IV: 76(0%), ATK IV: 8(0%), DEF IV: 91(0%), Work Speed: (0%), Skills: Coward, Artisan
Chikipi, Level: 2, Rank: 1, Gender: Male, HP IV: 88(0%), ATK IV: 26(0%), DEF IV: 29(0%), Work Speed: (0%), Skills: Dragonkiller
Chikipi, Level: 9, Rank: 1, Gender: Female, HP IV: 71(0%), ATK IV: 4(0%), DEF IV: 1(0%), Work Speed: (0%)
Chikipi, Level: 9, Rank: 1, Gender: Male, HP IV: 62(0%), ATK IV: 69(0%), DEF IV: 38(0%), Work Speed: (0%), Skills: Power of Gaia
Foxparks, Level: 4, Rank: 1, Gender: Male, HP IV: 74(0%), ATK IV: 19(0%), DEF IV: 81(0%), Work Speed: (0%), Skills: Serious
Foxparks, Level: 6, Rank: 1, Gender: Female, HP IV: 82(0%), ATK IV: 84(0%), DEF IV: 59(0%), Work Speed: (0%), Skills: Conceited
Lamball, Level: 1, Rank: 1, Gender: Male, HP IV: 50(0%), ATK IV: 84(0%), DEF IV: 72(0%), Work Speed: (0%), Skills: Work Slave
Lamball, Level: 4, Rank: 1, Gender: Male, HP IV: 99(0%), ATK IV: 63(0%), DEF IV: 71(0%), Work Speed: (0%), Skills: Dainty Eater, Slacker
Lifmunk, Level: 8, Rank: 1, Gender: Male, HP IV: 48(0%), ATK IV: 18(0%), DEF IV: 93(0%), Work Speed: (0%), Skills: Diet Lover
Rushoar, Level: 3, Rank: 1, Gender: Female, HP IV: 7(0%), ATK IV: 0(0%), DEF IV: 94(0%), Work Speed: (0%), Skills: Veil of Darkness
Wurdalak's 12 Pals
------------------
Cattiva, Level: 11, Rank: 1, Gender: Female, HP IV: 80(0%), ATK IV: 88(0%), DEF IV: 43(0%), Work Speed: (0%), Skills: Coward, Clumsy
Cattiva, Level: 11, Rank: 1, Gender: Male, HP IV: 52(0%), ATK IV: 40(0%), DEF IV: 91(0%), Work Speed: (0%), Skills: Coward, Slacker
Cattiva, Level: 9, Rank: 1, Gender: Female, HP IV: 76(0%), ATK IV: 8(0%), DEF IV: 91(0%), Work Speed: (0%), Skills: Coward, Artisan
Chikipi, Level: 2, Rank: 1, Gender: Male, HP IV: 88(0%), ATK IV: 26(0%), DEF IV: 29(0%), Work Speed: (0%), Skills: Dragonkiller
Chikipi, Level: 9, Rank: 1, Gender: Female, HP IV: 71(0%), ATK IV: 4(0%), DEF IV: 1(0%), Work Speed: (0%)
Chikipi, Level: 9, Rank: 1, Gender: Male, HP IV: 62(0%), ATK IV: 69(0%), DEF IV: 38(0%), Work Speed: (0%), Skills: Power of Gaia
Foxparks, Level: 4, Rank: 1, Gender: Male, HP IV: 74(0%), ATK IV: 19(0%), DEF IV: 81(0%), Work Speed: (0%), Skills: Serious
Foxparks, Level: 6, Rank: 1, Gender: Female, HP IV: 82(0%), ATK IV: 84(0%), DEF IV: 59(0%), Work Speed: (0%), Skills: Conceited
Lamball, Level: 1, Rank: 1, Gender: Male, HP IV: 50(0%), ATK IV: 84(0%), DEF IV: 72(0%), Work Speed: (0%), Skills: Work Slave
Lamball, Level: 4, Rank: 1, Gender: Male, HP IV: 99(0%), ATK IV: 63(0%), DEF IV: 71(0%), Work Speed: (0%), Skills: Dainty Eater, Slacker
Lifmunk, Level: 8, Rank: 1, Gender: Male, HP IV: 48(0%), ATK IV: 18(0%), DEF IV: 93(0%), Work Speed: (0%), Skills: Diet Lover
Rushoar, Level: 3, Rank: 1, Gender: Female, HP IV: 7(0%), ATK IV: 0(0%), DEF IV: 94(0%), Work Speed: (0%), Skills: Veil of Darkness
Wurdalak's 12 Pals
------------------
Cattiva, Level: 11, Rank: 1, Gender: Female, HP IV: 80(0%), ATK IV: 88(0%), DEF IV: 43(0%), Work Speed: (0%), Skills: Coward, Clumsy
Cattiva, Level: 11, Rank: 1, Gender: Male, HP IV: 52(0%), ATK IV: 40(0%), DEF IV: 91(0%), Work Speed: (0%), Skills: Coward, Slacker
Cattiva, Level: 9, Rank: 1, Gender: Female, HP IV: 76(0%), ATK IV: 8(0%), DEF IV: 91(0%), Work Speed: (0%), Skills: Coward, Artisan
Chikipi, Level: 2, Rank: 1, Gender: Male, HP IV: 88(0%), ATK IV: 26(0%), DEF IV: 29(0%), Work Speed: (0%), Skills: Dragonkiller
Chikipi, Level: 9, Rank: 1, Gender: Female, HP IV: 71(0%), ATK IV: 4(0%), DEF IV: 1(0%), Work Speed: (0%)
Chikipi, Level: 9, Rank: 1, Gender: Male, HP IV: 62(0%), ATK IV: 69(0%), DEF IV: 38(0%), Work Speed: (0%), Skills: Power of Gaia
Foxparks, Level: 4, Rank: 1, Gender: Male, HP IV: 74(0%), ATK IV: 19(0%), DEF IV: 81(0%), Work Speed: (0%), Skills: Serious
Foxparks, Level: 6, Rank: 1, Gender: Female, HP IV: 82(0%), ATK IV: 84(0%), DEF IV: 59(0%), Work Speed: (0%), Skills: Conceited
Lamball, Level: 1, Rank: 1, Gender: Male, HP IV: 50(0%), ATK IV: 84(0%), DEF IV: 72(0%), Work Speed: (0%), Skills: Work Slave
Lamball, Level: 4, Rank: 1, Gender: Male, HP IV: 99(0%), ATK IV: 63(0%), DEF IV: 71(0%), Work Speed: (0%), Skills: Dainty Eater, Slacker
Lifmunk, Level: 8, Rank: 1, Gender: Male, HP IV: 48(0%), ATK IV: 18(0%), DEF IV: 93(0%), Work Speed: (0%), Skills: Diet Lover
Rushoar, Level: 3, Rank: 1, Gender: Female, HP IV: 7(0%), ATK IV: 0(0%), DEF IV: 94(0%), Work Speed: (0%), Skills: Veil of Darkness
Wurdalak's 12 Pals
------------------
Cattiva, Level: 11, Rank: 1, Gender: Female, HP IV: 80(0%), ATK IV: 88(0%), DEF IV: 43(0%), Work Speed: (0%), Skills: Coward, Clumsy
Cattiva, Level: 11, Rank: 1, Gender: Male, HP IV: 52(0%), ATK IV: 40(0%), DEF IV: 91(0%), Work Speed: (0%), Skills: Coward, Slacker
Cattiva, Level: 9, Rank: 1, Gender: Female, HP IV: 76(0%), ATK IV: 8(0%), DEF IV: 91(0%), Work Speed: (0%), Skills: Coward, Artisan
Chikipi, Level: 2, Rank: 1, Gender: Male, HP IV: 88(0%), ATK IV: 26(0%), DEF IV: 29(0%), Work Speed: (0%), Skills: Dragonkiller
Chikipi, Level: 9, Rank: 1, Gender: Female, HP IV: 71(0%), ATK IV: 4(0%), DEF IV: 1(0%), Work Speed: (0%)
Chikipi, Level: 9, Rank: 1, Gender: Male, HP IV: 62(0%), ATK IV: 69(0%), DEF IV: 38(0%), Work Speed: (0%), Skills: Power of Gaia
Foxparks, Level: 4, Rank: 1, Gender: Male, HP IV: 74(0%), ATK IV: 19(0%), DEF IV: 81(0%), Work Speed: (0%), Skills: Serious
Foxparks, Level: 6, Rank: 1, Gender: Female, HP IV: 82(0%), ATK IV: 84(0%), DEF IV: 59(0%), Work Speed: (0%), Skills: Conceited
Lamball, Level: 1, Rank: 1, Gender: Male, HP IV: 50(0%), ATK IV: 84(0%), DEF IV: 72(0%), Work Speed: (0%), Skills: Work Slave
Lamball, Level: 4, Rank: 1, Gender: Male, HP IV: 99(0%), ATK IV: 63(0%), DEF IV: 71(0%), Work Speed: (0%), Skills: Dainty Eater, Slacker
Lifmunk, Level: 8, Rank: 1, Gender: Male, HP IV: 48(0%), ATK IV: 18(0%), DEF IV: 93(0%), Work Speed: (0%), Skills: Diet Lover
Rushoar, Level: 3, Rank: 1, Gender: Female, HP IV: 7(0%), ATK IV: 0(0%), DEF IV: 94(0%), Work Speed: (0%), Skills: Veil of Darkness
Wurdalak's 12 Pals
------------------
Cattiva, Level: 11, Rank: 1, Gender: Female, HP IV: 80(0%), ATK IV: 88(0%), DEF IV: 43(0%), Work Speed: (0%), Skills: Coward, Clumsy
Cattiva, Level: 11, Rank: 1, Gender: Male, HP IV: 52(0%), ATK IV: 40(0%), DEF IV: 91(0%), Work Speed: (0%), Skills: Coward, Slacker
Cattiva, Level: 9, Rank: 1, Gender: Female, HP IV: 76(0%), ATK IV: 8(0%), DEF IV: 91(0%), Work Speed: (0%), Skills: Coward, Artisan
Chikipi, Level: 2, Rank: 1, Gender: Male, HP IV: 88(0%), ATK IV: 26(0%), DEF IV: 29(0%), Work Speed: (0%), Skills: Dragonkiller
Chikipi, Level: 9, Rank: 1, Gender: Female, HP IV: 71(0%), ATK IV: 4(0%), DEF IV: 1(0%), Work Speed: (0%)
Chikipi, Level: 9, Rank: 1, Gender: Male, HP IV: 62(0%), ATK IV: 69(0%), DEF IV: 38(0%), Work Speed: (0%), Skills: Power of Gaia
Foxparks, Level: 4, Rank: 1, Gender: Male, HP IV: 74(0%), ATK IV: 19(0%), DEF IV: 81(0%), Work Speed: (0%), Skills: Serious
Foxparks, Level: 6, Rank: 1, Gender: Female, HP IV: 82(0%), ATK IV: 84(0%), DEF IV: 59(0%), Work Speed: (0%), Skills: Conceited
Lamball, Level: 1, Rank: 1, Gender: Male, HP IV: 50(0%), ATK IV: 84(0%), DEF IV: 72(0%), Work Speed: (0%), Skills: Work Slave
Lamball, Level: 4, Rank: 1, Gender: Male, HP IV: 99(0%), ATK IV: 63(0%), DEF IV: 71(0%), Work Speed: (0%), Skills: Dainty Eater, Slacker
Lifmunk, Level: 8, Rank: 1, Gender: Male, HP IV: 48(0%), ATK IV: 18(0%), DEF IV: 93(0%), Work Speed: (0%), Skills: Diet Lover
Rushoar, Level: 3, Rank: 1, Gender: Female, HP IV: 7(0%), ATK IV: 0(0%), DEF IV: 94(0%), Work Speed: (0%), Skills: Veil of Darkness
