Xzert's 9 Pals
--------------
Alpha Chillet, Level: 11, Rank: 1, Gender: Male, HP IV: 70(0%), ATK IV: 52(0%), DEF IV: 76(0%), Work Speed: (0%)
Cattiva, Level: 11, Rank: 1, Gender: Female, HP IV: 55(0%), ATK IV: 52(0%), DEF IV: 69(0%), Work Speed: (0%), Skills: Coward, Hooligan
Cattiva, Level: 11, Rank: 1, Gender: Male, HP IV: 17(0%), ATK IV: 51(0%), DEF IV: 92(0%), Work Speed: (0%), Skills: Coward, Heated Body
Chikipi, Level: 11, Rank: 1, Gender: Male, HP IV: 67(0%), ATK IV: 71(0%), DEF IV: 92(0%), Work Speed: (0%), Skills: Diet Lover
Hoocrates, Level: 6, Rank: 1, Gender: Male, HP IV: 9(0%), ATK IV: 70(0%), DEF IV: 28(0%), Work Speed: (0%), Skills: Veil of Darkness
Lamball, Level: 11, Rank: 1, Gender: Male, HP IV: 40(0%), ATK IV: 100(0%), DEF IV: 24(0%), Work Speed: (0%), Skills: Impatient
Lifmunk, Level: 11, Rank: 1, Gender: Female, HP IV: 20(0%), ATK IV: 33(0%), DEF IV: 43(0%), Work Speed: (0%), Skills: Ferocious, Diet Lover
Mammorest, Level: 35, Rank: 1, Gender: Male, HP IV: 90(0%), ATK IV: 3(0%), DEF IV: 7(0%), Work Speed: (0%), Skills: Easygoing
Tanzee, Level: 4, Rank: 1, Gender: Female, HP IV: 63(0%), ATK IV: 60(0%), DEF IV: 6(0%), Work Speed: (0%), Skills: Brittle, Power of Gaia, Downtrodden
Xzert's 9 Pals
--------------
Alpha Chillet, Level: 11, Rank: 1, Gender: Male, HP IV: 70(0%), ATK IV: 52(0%), DEF IV: 76(0%), Work Speed: (0%)
Cattiva, Level: 11, Rank: 1, Gender: Female, HP IV: 55(0%), ATK IV: 52(0%), DEF IV: 69(0%), Work Speed: (0%), Skills: Coward, Hooligan
Cattiva, Level: 11, Rank: 1, Gender: Male, HP IV: 17(0%), ATK IV: 51(0%), DEF IV: 92(0%), Work Speed: (0%), Skills: Coward, Heated Body
Chikipi, Level: 11, Rank: 1, Gender: Male, HP IV: 67(0%), ATK IV: 71(0%), DEF IV: 92(0%), Work Speed: (0%), Skills: Diet Lover
Hoocrates, Level: 6, Rank: 1, Gender: Male, HP IV: 9(0%), ATK IV: 70(0%), DEF IV: 28(0%), Work Speed: (0%), Skills: Veil of Darkness
Lamball, Level: 11, Rank: 1, Gender: Male, HP IV: 40(0%), ATK IV: 100(0%), DEF IV: 24(0%), Work Speed: (0%), Skills: Impatient
Lifmunk, Level: 11, Rank: 1, Gender: Female, HP IV: 20(0%), ATK IV: 33(0%), DEF IV: 43(0%), Work Speed: (0%), Skills: Ferocious, Diet Lover
Mammorest, Level: 35, Rank: 1, Gender: Male, HP IV: 90(0%), ATK IV: 3(0%), DEF IV: 7(0%), Work Speed: (0%), Skills: Easygoing
Tanzee, Level: 4, Rank: 1, Gender: Female, HP IV: 63(0%), ATK IV: 60(0%), DEF IV: 6(0%), Work Speed: (0%), Skills: Brittle, Power of Gaia, Downtrodden
Xzert's 9 Pals
--------------
Alpha Chillet, Level: 11, Rank: 1, Gender: Male, HP IV: 70(0%), ATK IV: 52(0%), DEF IV: 76(0%), Work Speed: (0%)
Cattiva, Level: 11, Rank: 1, Gender: Female, HP IV: 55(0%), ATK IV: 52(0%), DEF IV: 69(0%), Work Speed: (0%), Skills: Coward, Hooligan
Cattiva, Level: 11, Rank: 1, Gender: Male, HP IV: 17(0%), ATK IV: 51(0%), DEF IV: 92(0%), Work Speed: (0%), Skills: Coward, Heated Body
Chikipi, Level: 11, Rank: 1, Gender: Male, HP IV: 67(0%), ATK IV: 71(0%), DEF IV: 92(0%), Work Speed: (0%), Skills: Diet Lover
Hoocrates, Level: 6, Rank: 1, Gender: Male, HP IV: 9(0%), ATK IV: 70(0%), DEF IV: 28(0%), Work Speed: (0%), Skills: Veil of Darkness
Lamball, Level: 11, Rank: 1, Gender: Male, HP IV: 40(0%), ATK IV: 100(0%), DEF IV: 24(0%), Work Speed: (0%), Skills: Impatient
Lifmunk, Level: 11, Rank: 1, Gender: Female, HP IV: 20(0%), ATK IV: 33(0%), DEF IV: 43(0%), Work Speed: (0%), Skills: Ferocious, Diet Lover
Mammorest, Level: 35, Rank: 1, Gender: Male, HP IV: 90(0%), ATK IV: 3(0%), DEF IV: 7(0%), Work Speed: (0%), Skills: Easygoing
Tanzee, Level: 4, Rank: 1, Gender: Female, HP IV: 63(0%), ATK IV: 60(0%), DEF IV: 6(0%), Work Speed: (0%), Skills: Brittle, Power of Gaia, Downtrodden
Xzert's 9 Pals
--------------
Alpha Chillet, Level: 11, Rank: 1, Gender: Male, HP IV: 70(0%), ATK IV: 52(0%), DEF IV: 76(0%), Work Speed: (0%)
Cattiva, Level: 11, Rank: 1, Gender: Female, HP IV: 55(0%), ATK IV: 52(0%), DEF IV: 69(0%), Work Speed: (0%), Skills: Coward, Hooligan
Cattiva, Level: 11, Rank: 1, Gender: Male, HP IV: 17(0%), ATK IV: 51(0%), DEF IV: 92(0%), Work Speed: (0%), Skills: Coward, Heated Body
Chikipi, Level: 11, Rank: 1, Gender: Male, HP IV: 67(0%), ATK IV: 71(0%), DEF IV: 92(0%), Work Speed: (0%), Skills: Diet Lover
Hoocrates, Level: 6, Rank: 1, Gender: Male, HP IV: 9(0%), ATK IV: 70(0%), DEF IV: 28(0%), Work Speed: (0%), Skills: Veil of Darkness
Lamball, Level: 11, Rank: 1, Gender: Male, HP IV: 40(0%), ATK IV: 100(0%), DEF IV: 24(0%), Work Speed: (0%), Skills: Impatient
Lifmunk, Level: 11, Rank: 1, Gender: Female, HP IV: 20(0%), ATK IV: 33(0%), DEF IV: 43(0%), Work Speed: (0%), Skills: Ferocious, Diet Lover
Mammorest, Level: 35, Rank: 1, Gender: Male, HP IV: 90(0%), ATK IV: 3(0%), DEF IV: 7(0%), Work Speed: (0%), Skills: Easygoing
Tanzee, Level: 4, Rank: 1, Gender: Female, HP IV: 63(0%), ATK IV: 60(0%), DEF IV: 6(0%), Work Speed: (0%), Skills: Brittle, Power of Gaia, Downtrodden
Xzert's 9 Pals
--------------
Alpha Chillet, Level: 11, Rank: 1, Gender: Male, HP IV: 70(0%), ATK IV: 52(0%), DEF IV: 76(0%), Work Speed: (0%)
Cattiva, Level: 11, Rank: 1, Gender: Female, HP IV: 55(0%), ATK IV: 52(0%), DEF IV: 69(0%), Work Speed: (0%), Skills: Coward, Hooligan
Cattiva, Level: 11, Rank: 1, Gender: Male, HP IV: 17(0%), ATK IV: 51(0%), DEF IV: 92(0%), Work Speed: (0%), Skills: Coward, Heated Body
Chikipi, Level: 11, Rank: 1, Gender: Male, HP IV: 67(0%), ATK IV: 71(0%), DEF IV: 92(0%), Work Speed: (0%), Skills: Diet Lover
Hoocrates, Level: 6, Rank: 1, Gender: Male, HP IV: 9(0%), ATK IV: 70(0%), DEF IV: 28(0%), Work Speed: (0%), Skills: Veil of Darkness
Lamball, Level: 11, Rank: 1, Gender: Male, HP IV: 40(0%), ATK IV: 100(0%), DEF IV: 24(0%), Work Speed: (0%), Skills: Impatient
Lifmunk, Level: 11, Rank: 1, Gender: Female, HP IV: 20(0%), ATK IV: 33(0%), DEF IV: 43(0%), Work Speed: (0%), Skills: Ferocious, Diet Lover
Mammorest, Level: 35, Rank: 1, Gender: Male, HP IV: 90(0%), ATK IV: 3(0%), DEF IV: 7(0%), Work Speed: (0%), Skills: Easygoing
Tanzee, Level: 4, Rank: 1, Gender: Female, HP IV: 63(0%), ATK IV: 60(0%), DEF IV: 6(0%), Work Speed: (0%), Skills: Brittle, Power of Gaia, Downtrodden
Xzert's 9 Pals
--------------
Alpha Chillet, Level: 11, Rank: 1, Gender: Male, HP IV: 70(0%), ATK IV: 52(0%), DEF IV: 76(0%), Work Speed: (0%)
Cattiva, Level: 11, Rank: 1, Gender: Female, HP IV: 55(0%), ATK IV: 52(0%), DEF IV: 69(0%), Work Speed: (0%), Skills: Coward, Hooligan
Cattiva, Level: 11, Rank: 1, Gender: Male, HP IV: 17(0%), ATK IV: 51(0%), DEF IV: 92(0%), Work Speed: (0%), Skills: Coward, Heated Body
Chikipi, Level: 11, Rank: 1, Gender: Male, HP IV: 67(0%), ATK IV: 71(0%), DEF IV: 92(0%), Work Speed: (0%), Skills: Diet Lover
Hoocrates, Level: 6, Rank: 1, Gender: Male, HP IV: 9(0%), ATK IV: 70(0%), DEF IV: 28(0%), Work Speed: (0%), Skills: Veil of Darkness
Lamball, Level: 11, Rank: 1, Gender: Male, HP IV: 40(0%), ATK IV: 100(0%), DEF IV: 24(0%), Work Speed: (0%), Skills: Impatient
Lifmunk, Level: 11, Rank: 1, Gender: Female, HP IV: 20(0%), ATK IV: 33(0%), DEF IV: 43(0%), Work Speed: (0%), Skills: Ferocious, Diet Lover
Mammorest, Level: 35, Rank: 1, Gender: Male, HP IV: 90(0%), ATK IV: 3(0%), DEF IV: 7(0%), Work Speed: (0%), Skills: Easygoing
Tanzee, Level: 4, Rank: 1, Gender: Female, HP IV: 63(0%), ATK IV: 60(0%), DEF IV: 6(0%), Work Speed: (0%), Skills: Brittle, Power of Gaia, Downtrodden
Xzert's 9 Pals
--------------
Alpha Chillet, Level: 11, Rank: 1, Gender: Male, HP IV: 70(0%), ATK IV: 52(0%), DEF IV: 76(0%), Work Speed: (0%)
Cattiva, Level: 11, Rank: 1, Gender: Female, HP IV: 55(0%), ATK IV: 52(0%), DEF IV: 69(0%), Work Speed: (0%), Skills: Coward, Hooligan
Cattiva, Level: 11, Rank: 1, Gender: Male, HP IV: 17(0%), ATK IV: 51(0%), DEF IV: 92(0%), Work Speed: (0%), Skills: Coward, Heated Body
Chikipi, Level: 11, Rank: 1, Gender: Male, HP IV: 67(0%), ATK IV: 71(0%), DEF IV: 92(0%), Work Speed: (0%), Skills: Diet Lover
Hoocrates, Level: 6, Rank: 1, Gender: Male, HP IV: 9(0%), ATK IV: 70(0%), DEF IV: 28(0%), Work Speed: (0%), Skills: Veil of Darkness
Lamball, Level: 11, Rank: 1, Gender: Male, HP IV: 40(0%), ATK IV: 100(0%), DEF IV: 24(0%), Work Speed: (0%), Skills: Impatient
Lifmunk, Level: 11, Rank: 1, Gender: Female, HP IV: 20(0%), ATK IV: 33(0%), DEF IV: 43(0%), Work Speed: (0%), Skills: Ferocious, Diet Lover
Mammorest, Level: 35, Rank: 1, Gender: Male, HP IV: 90(0%), ATK IV: 3(0%), DEF IV: 7(0%), Work Speed: (0%), Skills: Easygoing
Tanzee, Level: 4, Rank: 1, Gender: Female, HP IV: 63(0%), ATK IV: 60(0%), DEF IV: 6(0%), Work Speed: (0%), Skills: Brittle, Power of Gaia, Downtrodden
Xzert's 9 Pals
--------------
Alpha Chillet, Level: 11, Rank: 1, Gender: Male, HP IV: 70(0%), ATK IV: 52(0%), DEF IV: 76(0%), Work Speed: (0%)
Cattiva, Level: 11, Rank: 1, Gender: Female, HP IV: 55(0%), ATK IV: 52(0%), DEF IV: 69(0%), Work Speed: (0%), Skills: Coward, Hooligan
Cattiva, Level: 11, Rank: 1, Gender: Male, HP IV: 17(0%), ATK IV: 51(0%), DEF IV: 92(0%), Work Speed: (0%), Skills: Coward, Heated Body
Chikipi, Level: 11, Rank: 1, Gender: Male, HP IV: 67(0%), ATK IV: 71(0%), DEF IV: 92(0%), Work Speed: (0%), Skills: Diet Lover
Hoocrates, Level: 6, Rank: 1, Gender: Male, HP IV: 9(0%), ATK IV: 70(0%), DEF IV: 28(0%), Work Speed: (0%), Skills: Veil of Darkness
Lamball, Level: 11, Rank: 1, Gender: Male, HP IV: 40(0%), ATK IV: 100(0%), DEF IV: 24(0%), Work Speed: (0%), Skills: Impatient
Lifmunk, Level: 11, Rank: 1, Gender: Female, HP IV: 20(0%), ATK IV: 33(0%), DEF IV: 43(0%), Work Speed: (0%), Skills: Ferocious, Diet Lover
Mammorest, Level: 35, Rank: 1, Gender: Male, HP IV: 90(0%), ATK IV: 3(0%), DEF IV: 7(0%), Work Speed: (0%), Skills: Easygoing
Tanzee, Level: 4, Rank: 1, Gender: Female, HP IV: 63(0%), ATK IV: 60(0%), DEF IV: 6(0%), Work Speed: (0%), Skills: Brittle, Power of Gaia, Downtrodden
Xzert's 9 Pals
--------------
Alpha Chillet, Level: 11, Rank: 1, Gender: Male, HP IV: 70(0%), ATK IV: 52(0%), DEF IV: 76(0%), Work Speed: (0%)
Cattiva, Level: 11, Rank: 1, Gender: Female, HP IV: 55(0%), ATK IV: 52(0%), DEF IV: 69(0%), Work Speed: (0%), Skills: Coward, Hooligan
Cattiva, Level: 11, Rank: 1, Gender: Male, HP IV: 17(0%), ATK IV: 51(0%), DEF IV: 92(0%), Work Speed: (0%), Skills: Coward, Heated Body
Chikipi, Level: 11, Rank: 1, Gender: Male, HP IV: 67(0%), ATK IV: 71(0%), DEF IV: 92(0%), Work Speed: (0%), Skills: Diet Lover
Hoocrates, Level: 6, Rank: 1, Gender: Male, HP IV: 9(0%), ATK IV: 70(0%), DEF IV: 28(0%), Work Speed: (0%), Skills: Veil of Darkness
Lamball, Level: 11, Rank: 1, Gender: Male, HP IV: 40(0%), ATK IV: 100(0%), DEF IV: 24(0%), Work Speed: (0%), Skills: Impatient
Lifmunk, Level: 11, Rank: 1, Gender: Female, HP IV: 20(0%), ATK IV: 33(0%), DEF IV: 43(0%), Work Speed: (0%), Skills: Ferocious, Diet Lover
Mammorest, Level: 35, Rank: 1, Gender: Male, HP IV: 90(0%), ATK IV: 3(0%), DEF IV: 7(0%), Work Speed: (0%), Skills: Easygoing
Tanzee, Level: 4, Rank: 1, Gender: Female, HP IV: 63(0%), ATK IV: 60(0%), DEF IV: 6(0%), Work Speed: (0%), Skills: Brittle, Power of Gaia, Downtrodden
Xzert's 9 Pals
--------------
Alpha Chillet, Level: 11, Rank: 1, Gender: Male, HP IV: 70(0%), ATK IV: 52(0%), DEF IV: 76(0%), Work Speed: (0%)
Cattiva, Level: 11, Rank: 1, Gender: Female, HP IV: 55(0%), ATK IV: 52(0%), DEF IV: 69(0%), Work Speed: (0%), Skills: Coward, Hooligan
Cattiva, Level: 11, Rank: 1, Gender: Male, HP IV: 17(0%), ATK IV: 51(0%), DEF IV: 92(0%), Work Speed: (0%), Skills: Coward, Heated Body
Chikipi, Level: 11, Rank: 1, Gender: Male, HP IV: 67(0%), ATK IV: 71(0%), DEF IV: 92(0%), Work Speed: (0%), Skills: Diet Lover
Hoocrates, Level: 6, Rank: 1, Gender: Male, HP IV: 9(0%), ATK IV: 70(0%), DEF IV: 28(0%), Work Speed: (0%), Skills: Veil of Darkness
Lamball, Level: 11, Rank: 1, Gender: Male, HP IV: 40(0%), ATK IV: 100(0%), DEF IV: 24(0%), Work Speed: (0%), Skills: Impatient
Lifmunk, Level: 11, Rank: 1, Gender: Female, HP IV: 20(0%), ATK IV: 33(0%), DEF IV: 43(0%), Work Speed: (0%), Skills: Ferocious, Diet Lover
Mammorest, Level: 35, Rank: 1, Gender: Male, HP IV: 90(0%), ATK IV: 3(0%), DEF IV: 7(0%), Work Speed: (0%), Skills: Easygoing
Tanzee, Level: 4, Rank: 1, Gender: Female, HP IV: 63(0%), ATK IV: 60(0%), DEF IV: 6(0%), Work Speed: (0%), Skills: Brittle, Power of Gaia, Downtrodden
Xzert's 9 Pals
--------------
Alpha Chillet, Level: 11, Rank: 1, Gender: Male, HP IV: 70(0%), ATK IV: 52(0%), DEF IV: 76(0%), Work Speed: (0%)
Cattiva, Level: 11, Rank: 1, Gender: Female, HP IV: 55(0%), ATK IV: 52(0%), DEF IV: 69(0%), Work Speed: (0%), Skills: Coward, Hooligan
Cattiva, Level: 11, Rank: 1, Gender: Male, HP IV: 17(0%), ATK IV: 51(0%), DEF IV: 92(0%), Work Speed: (0%), Skills: Coward, Heated Body
Chikipi, Level: 11, Rank: 1, Gender: Male, HP IV: 67(0%), ATK IV: 71(0%), DEF IV: 92(0%), Work Speed: (0%), Skills: Diet Lover
Hoocrates, Level: 6, Rank: 1, Gender: Male, HP IV: 9(0%), ATK IV: 70(0%), DEF IV: 28(0%), Work Speed: (0%), Skills: Veil of Darkness
Lamball, Level: 11, Rank: 1, Gender: Male, HP IV: 40(0%), ATK IV: 100(0%), DEF IV: 24(0%), Work Speed: (0%), Skills: Impatient
Lifmunk, Level: 11, Rank: 1, Gender: Female, HP IV: 20(0%), ATK IV: 33(0%), DEF IV: 43(0%), Work Speed: (0%), Skills: Ferocious, Diet Lover
Mammorest, Level: 35, Rank: 1, Gender: Male, HP IV: 90(0%), ATK IV: 3(0%), DEF IV: 7(0%), Work Speed: (0%), Skills: Easygoing
Tanzee, Level: 4, Rank: 1, Gender: Female, HP IV: 63(0%), ATK IV: 60(0%), DEF IV: 6(0%), Work Speed: (0%), Skills: Brittle, Power of Gaia, Downtrodden
Xzert's 9 Pals
--------------
Alpha Chillet, Level: 11, Rank: 1, Gender: Male, HP IV: 70(0%), ATK IV: 52(0%), DEF IV: 76(0%), Work Speed: (0%)
Cattiva, Level: 11, Rank: 1, Gender: Female, HP IV: 55(0%), ATK IV: 52(0%), DEF IV: 69(0%), Work Speed: (0%), Skills: Coward, Hooligan
Cattiva, Level: 11, Rank: 1, Gender: Male, HP IV: 17(0%), ATK IV: 51(0%), DEF IV: 92(0%), Work Speed: (0%), Skills: Coward, Heated Body
Chikipi, Level: 11, Rank: 1, Gender: Male, HP IV: 67(0%), ATK IV: 71(0%), DEF IV: 92(0%), Work Speed: (0%), Skills: Diet Lover
Hoocrates, Level: 6, Rank: 1, Gender: Male, HP IV: 9(0%), ATK IV: 70(0%), DEF IV: 28(0%), Work Speed: (0%), Skills: Veil of Darkness
Lamball, Level: 11, Rank: 1, Gender: Male, HP IV: 40(0%), ATK IV: 100(0%), DEF IV: 24(0%), Work Speed: (0%), Skills: Impatient
Lifmunk, Level: 11, Rank: 1, Gender: Female, HP IV: 20(0%), ATK IV: 33(0%), DEF IV: 43(0%), Work Speed: (0%), Skills: Ferocious, Diet Lover
Mammorest, Level: 35, Rank: 1, Gender: Male, HP IV: 90(0%), ATK IV: 3(0%), DEF IV: 7(0%), Work Speed: (0%), Skills: Easygoing
Tanzee, Level: 4, Rank: 1, Gender: Female, HP IV: 63(0%), ATK IV: 60(0%), DEF IV: 6(0%), Work Speed: (0%), Skills: Brittle, Power of Gaia, Downtrodden
Xzert's 9 Pals
--------------
Alpha Chillet, Level: 11, Rank: 1, Gender: Male, HP IV: 70(0%), ATK IV: 52(0%), DEF IV: 76(0%), Work Speed: (0%)
Cattiva, Level: 11, Rank: 1, Gender: Female, HP IV: 55(0%), ATK IV: 52(0%), DEF IV: 69(0%), Work Speed: (0%), Skills: Coward, Hooligan
Cattiva, Level: 11, Rank: 1, Gender: Male, HP IV: 17(0%), ATK IV: 51(0%), DEF IV: 92(0%), Work Speed: (0%), Skills: Coward, Heated Body
Chikipi, Level: 11, Rank: 1, Gender: Male, HP IV: 67(0%), ATK IV: 71(0%), DEF IV: 92(0%), Work Speed: (0%), Skills: Diet Lover
Hoocrates, Level: 6, Rank: 1, Gender: Male, HP IV: 9(0%), ATK IV: 70(0%), DEF IV: 28(0%), Work Speed: (0%), Skills: Veil of Darkness
Lamball, Level: 11, Rank: 1, Gender: Male, HP IV: 40(0%), ATK IV: 100(0%), DEF IV: 24(0%), Work Speed: (0%), Skills: Impatient
Lifmunk, Level: 11, Rank: 1, Gender: Female, HP IV: 20(0%), ATK IV: 33(0%), DEF IV: 43(0%), Work Speed: (0%), Skills: Ferocious, Diet Lover
Mammorest, Level: 35, Rank: 1, Gender: Male, HP IV: 90(0%), ATK IV: 3(0%), DEF IV: 7(0%), Work Speed: (0%), Skills: Easygoing
Tanzee, Level: 4, Rank: 1, Gender: Female, HP IV: 63(0%), ATK IV: 60(0%), DEF IV: 6(0%), Work Speed: (0%), Skills: Brittle, Power of Gaia, Downtrodden
Xzert's 9 Pals
--------------
Alpha Chillet, Level: 11, Rank: 1, Gender: Male, HP IV: 70(0%), ATK IV: 52(0%), DEF IV: 76(0%), Work Speed: (0%)
Cattiva, Level: 11, Rank: 1, Gender: Female, HP IV: 55(0%), ATK IV: 52(0%), DEF IV: 69(0%), Work Speed: (0%), Skills: Coward, Hooligan
Cattiva, Level: 11, Rank: 1, Gender: Male, HP IV: 17(0%), ATK IV: 51(0%), DEF IV: 92(0%), Work Speed: (0%), Skills: Coward, Heated Body
Chikipi, Level: 11, Rank: 1, Gender: Male, HP IV: 67(0%), ATK IV: 71(0%), DEF IV: 92(0%), Work Speed: (0%), Skills: Diet Lover
Hoocrates, Level: 6, Rank: 1, Gender: Male, HP IV: 9(0%), ATK IV: 70(0%), DEF IV: 28(0%), Work Speed: (0%), Skills: Veil of Darkness
Lamball, Level: 11, Rank: 1, Gender: Male, HP IV: 40(0%), ATK IV: 100(0%), DEF IV: 24(0%), Work Speed: (0%), Skills: Impatient
Lifmunk, Level: 11, Rank: 1, Gender: Female, HP IV: 20(0%), ATK IV: 33(0%), DEF IV: 43(0%), Work Speed: (0%), Skills: Ferocious, Diet Lover
Mammorest, Level: 35, Rank: 1, Gender: Male, HP IV: 90(0%), ATK IV: 3(0%), DEF IV: 7(0%), Work Speed: (0%), Skills: Easygoing
Tanzee, Level: 4, Rank: 1, Gender: Female, HP IV: 63(0%), ATK IV: 60(0%), DEF IV: 6(0%), Work Speed: (0%), Skills: Brittle, Power of Gaia, Downtrodden
