Yonny Blaze™'s 5 Pals
---------------------
Caprity, Level: 7, Rank: 1, Gender: Male, HP IV: 2(0%), ATK IV: 13(0%), DEF IV: 94(0%), Work Speed: (0%)
Croajiro, Level: 6, Rank: 1, Gender: Male, HP IV: 95(0%), ATK IV: 58(0%), DEF IV: 68(0%), Work Speed: (0%), Skills: Ferocious
Direhowl, Level: 6, Rank: 1, Gender: Male, HP IV: 40(0%), ATK IV: 16(0%), DEF IV: 19(0%), Work Speed: (0%), Skills: Hydromaniac
Direhowl, Level: 7, Rank: 1, Gender: Male, HP IV: 35(0%), ATK IV: 87(0%), DEF IV: 62(0%), Work Speed: (0%), Skills: Earthquake Resistant
Foxparks, Level: 6, Rank: 1, Gender: Female, HP IV: 10(0%), ATK IV: 10(0%), DEF IV: 19(0%), Work Speed: (0%), Skills: Masochist
Yonny Blaze™'s 5 Pals
---------------------
Caprity, Level: 7, Rank: 1, Gender: Male, HP IV: 2(0%), ATK IV: 13(0%), DEF IV: 94(0%), Work Speed: (0%)
Croajiro, Level: 6, Rank: 1, Gender: Male, HP IV: 95(0%), ATK IV: 58(0%), DEF IV: 68(0%), Work Speed: (0%), Skills: Ferocious
Direhowl, Level: 6, Rank: 1, Gender: Male, HP IV: 40(0%), ATK IV: 16(0%), DEF IV: 19(0%), Work Speed: (0%), Skills: Hydromaniac
Direhowl, Level: 7, Rank: 1, Gender: Male, HP IV: 35(0%), ATK IV: 87(0%), DEF IV: 62(0%), Work Speed: (0%), Skills: Earthquake Resistant
Foxparks, Level: 6, Rank: 1, Gender: Female, HP IV: 10(0%), ATK IV: 10(0%), DEF IV: 19(0%), Work Speed: (0%), Skills: Masochist
Yonny Blaze™'s 5 Pals
---------------------
Caprity, Level: 7, Rank: 1, Gender: Male, HP IV: 2(0%), ATK IV: 13(0%), DEF IV: 94(0%), Work Speed: (0%)
Croajiro, Level: 6, Rank: 1, Gender: Male, HP IV: 95(0%), ATK IV: 58(0%), DEF IV: 68(0%), Work Speed: (0%), Skills: Ferocious
Direhowl, Level: 6, Rank: 1, Gender: Male, HP IV: 40(0%), ATK IV: 16(0%), DEF IV: 19(0%), Work Speed: (0%), Skills: Hydromaniac
Direhowl, Level: 7, Rank: 1, Gender: Male, HP IV: 35(0%), ATK IV: 87(0%), DEF IV: 62(0%), Work Speed: (0%), Skills: Earthquake Resistant
Foxparks, Level: 6, Rank: 1, Gender: Female, HP IV: 10(0%), ATK IV: 10(0%), DEF IV: 19(0%), Work Speed: (0%), Skills: Masochist
Yonny Blaze™'s 5 Pals
---------------------
Caprity, Level: 7, Rank: 1, Gender: Male, HP IV: 2(0%), ATK IV: 13(0%), DEF IV: 94(0%), Work Speed: (0%)
Croajiro, Level: 6, Rank: 1, Gender: Male, HP IV: 95(0%), ATK IV: 58(0%), DEF IV: 68(0%), Work Speed: (0%), Skills: Ferocious
Direhowl, Level: 6, Rank: 1, Gender: Male, HP IV: 40(0%), ATK IV: 16(0%), DEF IV: 19(0%), Work Speed: (0%), Skills: Hydromaniac
Direhowl, Level: 7, Rank: 1, Gender: Male, HP IV: 35(0%), ATK IV: 87(0%), DEF IV: 62(0%), Work Speed: (0%), Skills: Earthquake Resistant
Foxparks, Level: 6, Rank: 1, Gender: Female, HP IV: 10(0%), ATK IV: 10(0%), DEF IV: 19(0%), Work Speed: (0%), Skills: Masochist
Yonny Blaze™'s 5 Pals
---------------------
Caprity, Level: 7, Rank: 1, Gender: Male, HP IV: 2(0%), ATK IV: 13(0%), DEF IV: 94(0%), Work Speed: (0%)
Croajiro, Level: 6, Rank: 1, Gender: Male, HP IV: 95(0%), ATK IV: 58(0%), DEF IV: 68(0%), Work Speed: (0%), Skills: Ferocious
Direhowl, Level: 6, Rank: 1, Gender: Male, HP IV: 40(0%), ATK IV: 16(0%), DEF IV: 19(0%), Work Speed: (0%), Skills: Hydromaniac
Direhowl, Level: 7, Rank: 1, Gender: Male, HP IV: 35(0%), ATK IV: 87(0%), DEF IV: 62(0%), Work Speed: (0%), Skills: Earthquake Resistant
Foxparks, Level: 6, Rank: 1, Gender: Female, HP IV: 10(0%), ATK IV: 10(0%), DEF IV: 19(0%), Work Speed: (0%), Skills: Masochist
Yonny Blaze™'s 5 Pals
---------------------
Caprity, Level: 7, Rank: 1, Gender: Male, HP IV: 2(0%), ATK IV: 13(0%), DEF IV: 94(0%), Work Speed: (0%)
Croajiro, Level: 6, Rank: 1, Gender: Male, HP IV: 95(0%), ATK IV: 58(0%), DEF IV: 68(0%), Work Speed: (0%), Skills: Ferocious
Direhowl, Level: 6, Rank: 1, Gender: Male, HP IV: 40(0%), ATK IV: 16(0%), DEF IV: 19(0%), Work Speed: (0%), Skills: Hydromaniac
Direhowl, Level: 7, Rank: 1, Gender: Male, HP IV: 35(0%), ATK IV: 87(0%), DEF IV: 62(0%), Work Speed: (0%), Skills: Earthquake Resistant
Foxparks, Level: 6, Rank: 1, Gender: Female, HP IV: 10(0%), ATK IV: 10(0%), DEF IV: 19(0%), Work Speed: (0%), Skills: Masochist
Yonny Blaze™'s 5 Pals
---------------------
Caprity, Level: 7, Rank: 1, Gender: Male, HP IV: 2(0%), ATK IV: 13(0%), DEF IV: 94(0%), Work Speed: (0%)
Croajiro, Level: 6, Rank: 1, Gender: Male, HP IV: 95(0%), ATK IV: 58(0%), DEF IV: 68(0%), Work Speed: (0%), Skills: Ferocious
Direhowl, Level: 6, Rank: 1, Gender: Male, HP IV: 40(0%), ATK IV: 16(0%), DEF IV: 19(0%), Work Speed: (0%), Skills: Hydromaniac
Direhowl, Level: 7, Rank: 1, Gender: Male, HP IV: 35(0%), ATK IV: 87(0%), DEF IV: 62(0%), Work Speed: (0%), Skills: Earthquake Resistant
Foxparks, Level: 6, Rank: 1, Gender: Female, HP IV: 10(0%), ATK IV: 10(0%), DEF IV: 19(0%), Work Speed: (0%), Skills: Masochist
Yonny Blaze™'s 5 Pals
---------------------
Caprity, Level: 7, Rank: 1, Gender: Male, HP IV: 2(0%), ATK IV: 13(0%), DEF IV: 94(0%), Work Speed: (0%)
Croajiro, Level: 6, Rank: 1, Gender: Male, HP IV: 95(0%), ATK IV: 58(0%), DEF IV: 68(0%), Work Speed: (0%), Skills: Ferocious
Direhowl, Level: 6, Rank: 1, Gender: Male, HP IV: 40(0%), ATK IV: 16(0%), DEF IV: 19(0%), Work Speed: (0%), Skills: Hydromaniac
Direhowl, Level: 7, Rank: 1, Gender: Male, HP IV: 35(0%), ATK IV: 87(0%), DEF IV: 62(0%), Work Speed: (0%), Skills: Earthquake Resistant
Foxparks, Level: 6, Rank: 1, Gender: Female, HP IV: 10(0%), ATK IV: 10(0%), DEF IV: 19(0%), Work Speed: (0%), Skills: Masochist
Yonny Blaze™'s 5 Pals
---------------------
Caprity, Level: 7, Rank: 1, Gender: Male, HP IV: 2(0%), ATK IV: 13(0%), DEF IV: 94(0%), Work Speed: (0%)
Croajiro, Level: 6, Rank: 1, Gender: Male, HP IV: 95(0%), ATK IV: 58(0%), DEF IV: 68(0%), Work Speed: (0%), Skills: Ferocious
Direhowl, Level: 6, Rank: 1, Gender: Male, HP IV: 40(0%), ATK IV: 16(0%), DEF IV: 19(0%), Work Speed: (0%), Skills: Hydromaniac
Direhowl, Level: 7, Rank: 1, Gender: Male, HP IV: 35(0%), ATK IV: 87(0%), DEF IV: 62(0%), Work Speed: (0%), Skills: Earthquake Resistant
Foxparks, Level: 6, Rank: 1, Gender: Female, HP IV: 10(0%), ATK IV: 10(0%), DEF IV: 19(0%), Work Speed: (0%), Skills: Masochist
Yonny Blaze™'s 5 Pals
---------------------
Caprity, Level: 7, Rank: 1, Gender: Male, HP IV: 2(0%), ATK IV: 13(0%), DEF IV: 94(0%), Work Speed: (0%)
Croajiro, Level: 6, Rank: 1, Gender: Male, HP IV: 95(0%), ATK IV: 58(0%), DEF IV: 68(0%), Work Speed: (0%), Skills: Ferocious
Direhowl, Level: 6, Rank: 1, Gender: Male, HP IV: 40(0%), ATK IV: 16(0%), DEF IV: 19(0%), Work Speed: (0%), Skills: Hydromaniac
Direhowl, Level: 7, Rank: 1, Gender: Male, HP IV: 35(0%), ATK IV: 87(0%), DEF IV: 62(0%), Work Speed: (0%), Skills: Earthquake Resistant
Foxparks, Level: 6, Rank: 1, Gender: Female, HP IV: 10(0%), ATK IV: 10(0%), DEF IV: 19(0%), Work Speed: (0%), Skills: Masochist
Yonny Blaze™'s 5 Pals
---------------------
Caprity, Level: 7, Rank: 1, Gender: Male, HP IV: 2(0%), ATK IV: 13(0%), DEF IV: 94(0%), Work Speed: (0%)
Croajiro, Level: 6, Rank: 1, Gender: Male, HP IV: 95(0%), ATK IV: 58(0%), DEF IV: 68(0%), Work Speed: (0%), Skills: Ferocious
Direhowl, Level: 6, Rank: 1, Gender: Male, HP IV: 40(0%), ATK IV: 16(0%), DEF IV: 19(0%), Work Speed: (0%), Skills: Hydromaniac
Direhowl, Level: 7, Rank: 1, Gender: Male, HP IV: 35(0%), ATK IV: 87(0%), DEF IV: 62(0%), Work Speed: (0%), Skills: Earthquake Resistant
Foxparks, Level: 6, Rank: 1, Gender: Female, HP IV: 10(0%), ATK IV: 10(0%), DEF IV: 19(0%), Work Speed: (0%), Skills: Masochist
Yonny Blaze™'s 5 Pals
---------------------
Caprity, Level: 7, Rank: 1, Gender: Male, HP IV: 2(0%), ATK IV: 13(0%), DEF IV: 94(0%), Work Speed: (0%)
Croajiro, Level: 6, Rank: 1, Gender: Male, HP IV: 95(0%), ATK IV: 58(0%), DEF IV: 68(0%), Work Speed: (0%), Skills: Ferocious
Direhowl, Level: 6, Rank: 1, Gender: Male, HP IV: 40(0%), ATK IV: 16(0%), DEF IV: 19(0%), Work Speed: (0%), Skills: Hydromaniac
Direhowl, Level: 7, Rank: 1, Gender: Male, HP IV: 35(0%), ATK IV: 87(0%), DEF IV: 62(0%), Work Speed: (0%), Skills: Earthquake Resistant
Foxparks, Level: 6, Rank: 1, Gender: Female, HP IV: 10(0%), ATK IV: 10(0%), DEF IV: 19(0%), Work Speed: (0%), Skills: Masochist
Yonny Blaze™'s 5 Pals
---------------------
Caprity, Level: 7, Rank: 1, Gender: Male, HP IV: 2(0%), ATK IV: 13(0%), DEF IV: 94(0%), Work Speed: (0%)
Croajiro, Level: 6, Rank: 1, Gender: Male, HP IV: 95(0%), ATK IV: 58(0%), DEF IV: 68(0%), Work Speed: (0%), Skills: Ferocious
Direhowl, Level: 6, Rank: 1, Gender: Male, HP IV: 40(0%), ATK IV: 16(0%), DEF IV: 19(0%), Work Speed: (0%), Skills: Hydromaniac
Direhowl, Level: 7, Rank: 1, Gender: Male, HP IV: 35(0%), ATK IV: 87(0%), DEF IV: 62(0%), Work Speed: (0%), Skills: Earthquake Resistant
Foxparks, Level: 6, Rank: 1, Gender: Female, HP IV: 10(0%), ATK IV: 10(0%), DEF IV: 19(0%), Work Speed: (0%), Skills: Masochist
Yonny Blaze™'s 5 Pals
---------------------
Caprity, Level: 7, Rank: 1, Gender: Male, HP IV: 2(0%), ATK IV: 13(0%), DEF IV: 94(0%), Work Speed: (0%)
Croajiro, Level: 6, Rank: 1, Gender: Male, HP IV: 95(0%), ATK IV: 58(0%), DEF IV: 68(0%), Work Speed: (0%), Skills: Ferocious
Direhowl, Level: 6, Rank: 1, Gender: Male, HP IV: 40(0%), ATK IV: 16(0%), DEF IV: 19(0%), Work Speed: (0%), Skills: Hydromaniac
Direhowl, Level: 7, Rank: 1, Gender: Male, HP IV: 35(0%), ATK IV: 87(0%), DEF IV: 62(0%), Work Speed: (0%), Skills: Earthquake Resistant
Foxparks, Level: 6, Rank: 1, Gender: Female, HP IV: 10(0%), ATK IV: 10(0%), DEF IV: 19(0%), Work Speed: (0%), Skills: Masochist
