zPapayita's 16 Pals
-------------------
Cattiva, Level: 3, Rank: 1, Gender: Male, HP IV: 28(0%), ATK IV: 8(0%), DEF IV: 55(0%), Work Speed: (0%), Skills: Coward, Impatient
Cattiva, Level: 4, Rank: 1, Gender: Male, HP IV: 71(0%), ATK IV: 22(0%), DEF IV: 59(0%), Work Speed: (0%), Skills: Coward, Hydromaniac
Cattiva, Level: 5, Rank: 1, Gender: Female, HP IV: 67(0%), ATK IV: 22(0%), DEF IV: 56(0%), Work Speed: (0%), Skills: Coward, Botanical Barrier
Cattiva, Level: 5, Rank: 1, Gender: Male, HP IV: 82(0%), ATK IV: 43(0%), DEF IV: 59(0%), Work Speed: (0%), Skills: Coward, Fine Furs
Chikipi, Level: 4, Rank: 1, Gender: Male, HP IV: 18(0%), ATK IV: 62(0%), DEF IV: 63(0%), Work Speed: (0%), Skills: Pacifist
Chikipi, Level: 5, Rank: 1, Gender: Male, HP IV: 94(0%), ATK IV: 63(0%), DEF IV: 97(0%), Work Speed: (0%)
Foxparks, Level: 9, Rank: 1, Gender: Female, HP IV: 100(0%), ATK IV: 95(0%), DEF IV: 71(0%), Work Speed: (0%), Skills: Hooligan
Lamball, Level: 2, Rank: 1, Gender: Female, HP IV: 0(0%), ATK IV: 16(0%), DEF IV: 12(0%), Work Speed: (0%), Skills: Burly Body
Lamball, Level: 2, Rank: 1, Gender: Male, HP IV: 2(0%), ATK IV: 10(0%), DEF IV: 23(0%), Work Speed: (0%), Skills: Bottomless Stomach, Mine Foreman, Serious, Destructive
Lamball, Level: 4, Rank: 1, Gender: Male, HP IV: 46(0%), ATK IV: 40(0%), DEF IV: 100(0%), Work Speed: (0%), Skills: Unstable
Lamball, Level: 9, Rank: 1, Gender: Female, HP IV: 88(0%), ATK IV: 62(0%), DEF IV: 73(0%), Work Speed: (0%)
Ribbuny, Level: 3, Rank: 1, Gender: Male, HP IV: 29(0%), ATK IV: 84(0%), DEF IV: 46(0%), Work Speed: (0%), Skills: Mercy hit
Rushoar, Level: 9, Rank: 1, Gender: Female, HP IV: 67(0%), ATK IV: 96(0%), DEF IV: 95(0%), Work Speed: (0%), Skills: Diet Lover
Rushoar, Level: 9, Rank: 1, Gender: Female, HP IV: 77(0%), ATK IV: 83(0%), DEF IV: 52(0%), Work Speed: (0%)
Tanzee, Level: 2, Rank: 1, Gender: Male, HP IV: 7(0%), ATK IV: 3(0%), DEF IV: 41(0%), Work Speed: (0%), Skills: Nocturnal
Teafant, Level: 9, Rank: 1, Gender: Male, HP IV: 5(0%), ATK IV: 33(0%), DEF IV: 27(0%), Work Speed: (0%)
zPapayita's 16 Pals
-------------------
Cattiva, Level: 3, Rank: 1, Gender: Male, HP IV: 28(0%), ATK IV: 8(0%), DEF IV: 55(0%), Work Speed: (0%), Skills: Coward, Impatient
Cattiva, Level: 4, Rank: 1, Gender: Male, HP IV: 71(0%), ATK IV: 22(0%), DEF IV: 59(0%), Work Speed: (0%), Skills: Coward, Hydromaniac
Cattiva, Level: 5, Rank: 1, Gender: Female, HP IV: 67(0%), ATK IV: 22(0%), DEF IV: 56(0%), Work Speed: (0%), Skills: Coward, Botanical Barrier
Cattiva, Level: 5, Rank: 1, Gender: Male, HP IV: 82(0%), ATK IV: 43(0%), DEF IV: 59(0%), Work Speed: (0%), Skills: Coward, Fine Furs
Chikipi, Level: 4, Rank: 1, Gender: Male, HP IV: 18(0%), ATK IV: 62(0%), DEF IV: 63(0%), Work Speed: (0%), Skills: Pacifist
Chikipi, Level: 5, Rank: 1, Gender: Male, HP IV: 94(0%), ATK IV: 63(0%), DEF IV: 97(0%), Work Speed: (0%)
Foxparks, Level: 9, Rank: 1, Gender: Female, HP IV: 100(0%), ATK IV: 95(0%), DEF IV: 71(0%), Work Speed: (0%), Skills: Hooligan
Lamball, Level: 2, Rank: 1, Gender: Female, HP IV: 0(0%), ATK IV: 16(0%), DEF IV: 12(0%), Work Speed: (0%), Skills: Burly Body
Lamball, Level: 2, Rank: 1, Gender: Male, HP IV: 2(0%), ATK IV: 10(0%), DEF IV: 23(0%), Work Speed: (0%), Skills: Bottomless Stomach, Mine Foreman, Serious, Destructive
Lamball, Level: 4, Rank: 1, Gender: Male, HP IV: 46(0%), ATK IV: 40(0%), DEF IV: 100(0%), Work Speed: (0%), Skills: Unstable
Lamball, Level: 9, Rank: 1, Gender: Female, HP IV: 88(0%), ATK IV: 62(0%), DEF IV: 73(0%), Work Speed: (0%)
Ribbuny, Level: 3, Rank: 1, Gender: Male, HP IV: 29(0%), ATK IV: 84(0%), DEF IV: 46(0%), Work Speed: (0%), Skills: Mercy hit
Rushoar, Level: 9, Rank: 1, Gender: Female, HP IV: 67(0%), ATK IV: 96(0%), DEF IV: 95(0%), Work Speed: (0%), Skills: Diet Lover
Rushoar, Level: 9, Rank: 1, Gender: Female, HP IV: 77(0%), ATK IV: 83(0%), DEF IV: 52(0%), Work Speed: (0%)
Tanzee, Level: 2, Rank: 1, Gender: Male, HP IV: 7(0%), ATK IV: 3(0%), DEF IV: 41(0%), Work Speed: (0%), Skills: Nocturnal
Teafant, Level: 9, Rank: 1, Gender: Male, HP IV: 5(0%), ATK IV: 33(0%), DEF IV: 27(0%), Work Speed: (0%)
zPapayita's 16 Pals
-------------------
Cattiva, Level: 3, Rank: 1, Gender: Male, HP IV: 28(0%), ATK IV: 8(0%), DEF IV: 55(0%), Work Speed: (0%), Skills: Coward, Impatient
Cattiva, Level: 4, Rank: 1, Gender: Male, HP IV: 71(0%), ATK IV: 22(0%), DEF IV: 59(0%), Work Speed: (0%), Skills: Coward, Hydromaniac
Cattiva, Level: 5, Rank: 1, Gender: Female, HP IV: 67(0%), ATK IV: 22(0%), DEF IV: 56(0%), Work Speed: (0%), Skills: Coward, Botanical Barrier
Cattiva, Level: 5, Rank: 1, Gender: Male, HP IV: 82(0%), ATK IV: 43(0%), DEF IV: 59(0%), Work Speed: (0%), Skills: Coward, Fine Furs
Chikipi, Level: 4, Rank: 1, Gender: Male, HP IV: 18(0%), ATK IV: 62(0%), DEF IV: 63(0%), Work Speed: (0%), Skills: Pacifist
Chikipi, Level: 5, Rank: 1, Gender: Male, HP IV: 94(0%), ATK IV: 63(0%), DEF IV: 97(0%), Work Speed: (0%)
Foxparks, Level: 9, Rank: 1, Gender: Female, HP IV: 100(0%), ATK IV: 95(0%), DEF IV: 71(0%), Work Speed: (0%), Skills: Hooligan
Lamball, Level: 2, Rank: 1, Gender: Female, HP IV: 0(0%), ATK IV: 16(0%), DEF IV: 12(0%), Work Speed: (0%), Skills: Burly Body
Lamball, Level: 2, Rank: 1, Gender: Male, HP IV: 2(0%), ATK IV: 10(0%), DEF IV: 23(0%), Work Speed: (0%), Skills: Bottomless Stomach, Mine Foreman, Serious, Destructive
Lamball, Level: 4, Rank: 1, Gender: Male, HP IV: 46(0%), ATK IV: 40(0%), DEF IV: 100(0%), Work Speed: (0%), Skills: Unstable
Lamball, Level: 9, Rank: 1, Gender: Female, HP IV: 88(0%), ATK IV: 62(0%), DEF IV: 73(0%), Work Speed: (0%)
Ribbuny, Level: 3, Rank: 1, Gender: Male, HP IV: 29(0%), ATK IV: 84(0%), DEF IV: 46(0%), Work Speed: (0%), Skills: Mercy hit
Rushoar, Level: 9, Rank: 1, Gender: Female, HP IV: 67(0%), ATK IV: 96(0%), DEF IV: 95(0%), Work Speed: (0%), Skills: Diet Lover
Rushoar, Level: 9, Rank: 1, Gender: Female, HP IV: 77(0%), ATK IV: 83(0%), DEF IV: 52(0%), Work Speed: (0%)
Tanzee, Level: 2, Rank: 1, Gender: Male, HP IV: 7(0%), ATK IV: 3(0%), DEF IV: 41(0%), Work Speed: (0%), Skills: Nocturnal
Teafant, Level: 9, Rank: 1, Gender: Male, HP IV: 5(0%), ATK IV: 33(0%), DEF IV: 27(0%), Work Speed: (0%)
zPapayita's 16 Pals
-------------------
Cattiva, Level: 3, Rank: 1, Gender: Male, HP IV: 28(0%), ATK IV: 8(0%), DEF IV: 55(0%), Work Speed: (0%), Skills: Coward, Impatient
Cattiva, Level: 4, Rank: 1, Gender: Male, HP IV: 71(0%), ATK IV: 22(0%), DEF IV: 59(0%), Work Speed: (0%), Skills: Coward, Hydromaniac
Cattiva, Level: 5, Rank: 1, Gender: Female, HP IV: 67(0%), ATK IV: 22(0%), DEF IV: 56(0%), Work Speed: (0%), Skills: Coward, Botanical Barrier
Cattiva, Level: 5, Rank: 1, Gender: Male, HP IV: 82(0%), ATK IV: 43(0%), DEF IV: 59(0%), Work Speed: (0%), Skills: Coward, Fine Furs
Chikipi, Level: 4, Rank: 1, Gender: Male, HP IV: 18(0%), ATK IV: 62(0%), DEF IV: 63(0%), Work Speed: (0%), Skills: Pacifist
Chikipi, Level: 5, Rank: 1, Gender: Male, HP IV: 94(0%), ATK IV: 63(0%), DEF IV: 97(0%), Work Speed: (0%)
Foxparks, Level: 9, Rank: 1, Gender: Female, HP IV: 100(0%), ATK IV: 95(0%), DEF IV: 71(0%), Work Speed: (0%), Skills: Hooligan
Lamball, Level: 2, Rank: 1, Gender: Female, HP IV: 0(0%), ATK IV: 16(0%), DEF IV: 12(0%), Work Speed: (0%), Skills: Burly Body
Lamball, Level: 2, Rank: 1, Gender: Male, HP IV: 2(0%), ATK IV: 10(0%), DEF IV: 23(0%), Work Speed: (0%), Skills: Bottomless Stomach, Mine Foreman, Serious, Destructive
Lamball, Level: 4, Rank: 1, Gender: Male, HP IV: 46(0%), ATK IV: 40(0%), DEF IV: 100(0%), Work Speed: (0%), Skills: Unstable
Lamball, Level: 9, Rank: 1, Gender: Female, HP IV: 88(0%), ATK IV: 62(0%), DEF IV: 73(0%), Work Speed: (0%)
Ribbuny, Level: 3, Rank: 1, Gender: Male, HP IV: 29(0%), ATK IV: 84(0%), DEF IV: 46(0%), Work Speed: (0%), Skills: Mercy hit
Rushoar, Level: 9, Rank: 1, Gender: Female, HP IV: 67(0%), ATK IV: 96(0%), DEF IV: 95(0%), Work Speed: (0%), Skills: Diet Lover
Rushoar, Level: 9, Rank: 1, Gender: Female, HP IV: 77(0%), ATK IV: 83(0%), DEF IV: 52(0%), Work Speed: (0%)
Tanzee, Level: 2, Rank: 1, Gender: Male, HP IV: 7(0%), ATK IV: 3(0%), DEF IV: 41(0%), Work Speed: (0%), Skills: Nocturnal
Teafant, Level: 9, Rank: 1, Gender: Male, HP IV: 5(0%), ATK IV: 33(0%), DEF IV: 27(0%), Work Speed: (0%)
zPapayita's 16 Pals
-------------------
Cattiva, Level: 3, Rank: 1, Gender: Male, HP IV: 28(0%), ATK IV: 8(0%), DEF IV: 55(0%), Work Speed: (0%), Skills: Coward, Impatient
Cattiva, Level: 4, Rank: 1, Gender: Male, HP IV: 71(0%), ATK IV: 22(0%), DEF IV: 59(0%), Work Speed: (0%), Skills: Coward, Hydromaniac
Cattiva, Level: 5, Rank: 1, Gender: Female, HP IV: 67(0%), ATK IV: 22(0%), DEF IV: 56(0%), Work Speed: (0%), Skills: Coward, Botanical Barrier
Cattiva, Level: 5, Rank: 1, Gender: Male, HP IV: 82(0%), ATK IV: 43(0%), DEF IV: 59(0%), Work Speed: (0%), Skills: Coward, Fine Furs
Chikipi, Level: 4, Rank: 1, Gender: Male, HP IV: 18(0%), ATK IV: 62(0%), DEF IV: 63(0%), Work Speed: (0%), Skills: Pacifist
Chikipi, Level: 5, Rank: 1, Gender: Male, HP IV: 94(0%), ATK IV: 63(0%), DEF IV: 97(0%), Work Speed: (0%)
Foxparks, Level: 9, Rank: 1, Gender: Female, HP IV: 100(0%), ATK IV: 95(0%), DEF IV: 71(0%), Work Speed: (0%), Skills: Hooligan
Lamball, Level: 2, Rank: 1, Gender: Female, HP IV: 0(0%), ATK IV: 16(0%), DEF IV: 12(0%), Work Speed: (0%), Skills: Burly Body
Lamball, Level: 2, Rank: 1, Gender: Male, HP IV: 2(0%), ATK IV: 10(0%), DEF IV: 23(0%), Work Speed: (0%), Skills: Bottomless Stomach, Mine Foreman, Serious, Destructive
Lamball, Level: 4, Rank: 1, Gender: Male, HP IV: 46(0%), ATK IV: 40(0%), DEF IV: 100(0%), Work Speed: (0%), Skills: Unstable
Lamball, Level: 9, Rank: 1, Gender: Female, HP IV: 88(0%), ATK IV: 62(0%), DEF IV: 73(0%), Work Speed: (0%)
Ribbuny, Level: 3, Rank: 1, Gender: Male, HP IV: 29(0%), ATK IV: 84(0%), DEF IV: 46(0%), Work Speed: (0%), Skills: Mercy hit
Rushoar, Level: 9, Rank: 1, Gender: Female, HP IV: 67(0%), ATK IV: 96(0%), DEF IV: 95(0%), Work Speed: (0%), Skills: Diet Lover
Rushoar, Level: 9, Rank: 1, Gender: Female, HP IV: 77(0%), ATK IV: 83(0%), DEF IV: 52(0%), Work Speed: (0%)
Tanzee, Level: 2, Rank: 1, Gender: Male, HP IV: 7(0%), ATK IV: 3(0%), DEF IV: 41(0%), Work Speed: (0%), Skills: Nocturnal
Teafant, Level: 9, Rank: 1, Gender: Male, HP IV: 5(0%), ATK IV: 33(0%), DEF IV: 27(0%), Work Speed: (0%)
zPapayita's 16 Pals
-------------------
Cattiva, Level: 3, Rank: 1, Gender: Male, HP IV: 28(0%), ATK IV: 8(0%), DEF IV: 55(0%), Work Speed: (0%), Skills: Coward, Impatient
Cattiva, Level: 4, Rank: 1, Gender: Male, HP IV: 71(0%), ATK IV: 22(0%), DEF IV: 59(0%), Work Speed: (0%), Skills: Coward, Hydromaniac
Cattiva, Level: 5, Rank: 1, Gender: Female, HP IV: 67(0%), ATK IV: 22(0%), DEF IV: 56(0%), Work Speed: (0%), Skills: Coward, Botanical Barrier
Cattiva, Level: 5, Rank: 1, Gender: Male, HP IV: 82(0%), ATK IV: 43(0%), DEF IV: 59(0%), Work Speed: (0%), Skills: Coward, Fine Furs
Chikipi, Level: 4, Rank: 1, Gender: Male, HP IV: 18(0%), ATK IV: 62(0%), DEF IV: 63(0%), Work Speed: (0%), Skills: Pacifist
Chikipi, Level: 5, Rank: 1, Gender: Male, HP IV: 94(0%), ATK IV: 63(0%), DEF IV: 97(0%), Work Speed: (0%)
Foxparks, Level: 9, Rank: 1, Gender: Female, HP IV: 100(0%), ATK IV: 95(0%), DEF IV: 71(0%), Work Speed: (0%), Skills: Hooligan
Lamball, Level: 2, Rank: 1, Gender: Female, HP IV: 0(0%), ATK IV: 16(0%), DEF IV: 12(0%), Work Speed: (0%), Skills: Burly Body
Lamball, Level: 2, Rank: 1, Gender: Male, HP IV: 2(0%), ATK IV: 10(0%), DEF IV: 23(0%), Work Speed: (0%), Skills: Bottomless Stomach, Mine Foreman, Serious, Destructive
Lamball, Level: 4, Rank: 1, Gender: Male, HP IV: 46(0%), ATK IV: 40(0%), DEF IV: 100(0%), Work Speed: (0%), Skills: Unstable
Lamball, Level: 9, Rank: 1, Gender: Female, HP IV: 88(0%), ATK IV: 62(0%), DEF IV: 73(0%), Work Speed: (0%)
Ribbuny, Level: 3, Rank: 1, Gender: Male, HP IV: 29(0%), ATK IV: 84(0%), DEF IV: 46(0%), Work Speed: (0%), Skills: Mercy hit
Rushoar, Level: 9, Rank: 1, Gender: Female, HP IV: 67(0%), ATK IV: 96(0%), DEF IV: 95(0%), Work Speed: (0%), Skills: Diet Lover
Rushoar, Level: 9, Rank: 1, Gender: Female, HP IV: 77(0%), ATK IV: 83(0%), DEF IV: 52(0%), Work Speed: (0%)
Tanzee, Level: 2, Rank: 1, Gender: Male, HP IV: 7(0%), ATK IV: 3(0%), DEF IV: 41(0%), Work Speed: (0%), Skills: Nocturnal
Teafant, Level: 9, Rank: 1, Gender: Male, HP IV: 5(0%), ATK IV: 33(0%), DEF IV: 27(0%), Work Speed: (0%)
zPapayita's 16 Pals
-------------------
Cattiva, Level: 3, Rank: 1, Gender: Male, HP IV: 28(0%), ATK IV: 8(0%), DEF IV: 55(0%), Work Speed: (0%), Skills: Coward, Impatient
Cattiva, Level: 4, Rank: 1, Gender: Male, HP IV: 71(0%), ATK IV: 22(0%), DEF IV: 59(0%), Work Speed: (0%), Skills: Coward, Hydromaniac
Cattiva, Level: 5, Rank: 1, Gender: Female, HP IV: 67(0%), ATK IV: 22(0%), DEF IV: 56(0%), Work Speed: (0%), Skills: Coward, Botanical Barrier
Cattiva, Level: 5, Rank: 1, Gender: Male, HP IV: 82(0%), ATK IV: 43(0%), DEF IV: 59(0%), Work Speed: (0%), Skills: Coward, Fine Furs
Chikipi, Level: 4, Rank: 1, Gender: Male, HP IV: 18(0%), ATK IV: 62(0%), DEF IV: 63(0%), Work Speed: (0%), Skills: Pacifist
Chikipi, Level: 5, Rank: 1, Gender: Male, HP IV: 94(0%), ATK IV: 63(0%), DEF IV: 97(0%), Work Speed: (0%)
Foxparks, Level: 9, Rank: 1, Gender: Female, HP IV: 100(0%), ATK IV: 95(0%), DEF IV: 71(0%), Work Speed: (0%), Skills: Hooligan
Lamball, Level: 2, Rank: 1, Gender: Female, HP IV: 0(0%), ATK IV: 16(0%), DEF IV: 12(0%), Work Speed: (0%), Skills: Burly Body
Lamball, Level: 2, Rank: 1, Gender: Male, HP IV: 2(0%), ATK IV: 10(0%), DEF IV: 23(0%), Work Speed: (0%), Skills: Bottomless Stomach, Mine Foreman, Serious, Destructive
Lamball, Level: 4, Rank: 1, Gender: Male, HP IV: 46(0%), ATK IV: 40(0%), DEF IV: 100(0%), Work Speed: (0%), Skills: Unstable
Lamball, Level: 9, Rank: 1, Gender: Female, HP IV: 88(0%), ATK IV: 62(0%), DEF IV: 73(0%), Work Speed: (0%)
Ribbuny, Level: 3, Rank: 1, Gender: Male, HP IV: 29(0%), ATK IV: 84(0%), DEF IV: 46(0%), Work Speed: (0%), Skills: Mercy hit
Rushoar, Level: 9, Rank: 1, Gender: Female, HP IV: 67(0%), ATK IV: 96(0%), DEF IV: 95(0%), Work Speed: (0%), Skills: Diet Lover
Rushoar, Level: 9, Rank: 1, Gender: Female, HP IV: 77(0%), ATK IV: 83(0%), DEF IV: 52(0%), Work Speed: (0%)
Tanzee, Level: 2, Rank: 1, Gender: Male, HP IV: 7(0%), ATK IV: 3(0%), DEF IV: 41(0%), Work Speed: (0%), Skills: Nocturnal
Teafant, Level: 9, Rank: 1, Gender: Male, HP IV: 5(0%), ATK IV: 33(0%), DEF IV: 27(0%), Work Speed: (0%)
zPapayita's 16 Pals
-------------------
Cattiva, Level: 3, Rank: 1, Gender: Male, HP IV: 28(0%), ATK IV: 8(0%), DEF IV: 55(0%), Work Speed: (0%), Skills: Coward, Impatient
Cattiva, Level: 4, Rank: 1, Gender: Male, HP IV: 71(0%), ATK IV: 22(0%), DEF IV: 59(0%), Work Speed: (0%), Skills: Coward, Hydromaniac
Cattiva, Level: 5, Rank: 1, Gender: Female, HP IV: 67(0%), ATK IV: 22(0%), DEF IV: 56(0%), Work Speed: (0%), Skills: Coward, Botanical Barrier
Cattiva, Level: 5, Rank: 1, Gender: Male, HP IV: 82(0%), ATK IV: 43(0%), DEF IV: 59(0%), Work Speed: (0%), Skills: Coward, Fine Furs
Chikipi, Level: 4, Rank: 1, Gender: Male, HP IV: 18(0%), ATK IV: 62(0%), DEF IV: 63(0%), Work Speed: (0%), Skills: Pacifist
Chikipi, Level: 5, Rank: 1, Gender: Male, HP IV: 94(0%), ATK IV: 63(0%), DEF IV: 97(0%), Work Speed: (0%)
Foxparks, Level: 9, Rank: 1, Gender: Female, HP IV: 100(0%), ATK IV: 95(0%), DEF IV: 71(0%), Work Speed: (0%), Skills: Hooligan
Lamball, Level: 2, Rank: 1, Gender: Female, HP IV: 0(0%), ATK IV: 16(0%), DEF IV: 12(0%), Work Speed: (0%), Skills: Burly Body
Lamball, Level: 2, Rank: 1, Gender: Male, HP IV: 2(0%), ATK IV: 10(0%), DEF IV: 23(0%), Work Speed: (0%), Skills: Bottomless Stomach, Mine Foreman, Serious, Destructive
Lamball, Level: 4, Rank: 1, Gender: Male, HP IV: 46(0%), ATK IV: 40(0%), DEF IV: 100(0%), Work Speed: (0%), Skills: Unstable
Lamball, Level: 9, Rank: 1, Gender: Female, HP IV: 88(0%), ATK IV: 62(0%), DEF IV: 73(0%), Work Speed: (0%)
Ribbuny, Level: 3, Rank: 1, Gender: Male, HP IV: 29(0%), ATK IV: 84(0%), DEF IV: 46(0%), Work Speed: (0%), Skills: Mercy hit
Rushoar, Level: 9, Rank: 1, Gender: Female, HP IV: 67(0%), ATK IV: 96(0%), DEF IV: 95(0%), Work Speed: (0%), Skills: Diet Lover
Rushoar, Level: 9, Rank: 1, Gender: Female, HP IV: 77(0%), ATK IV: 83(0%), DEF IV: 52(0%), Work Speed: (0%)
Tanzee, Level: 2, Rank: 1, Gender: Male, HP IV: 7(0%), ATK IV: 3(0%), DEF IV: 41(0%), Work Speed: (0%), Skills: Nocturnal
Teafant, Level: 9, Rank: 1, Gender: Male, HP IV: 5(0%), ATK IV: 33(0%), DEF IV: 27(0%), Work Speed: (0%)
zPapayita's 16 Pals
-------------------
Cattiva, Level: 3, Rank: 1, Gender: Male, HP IV: 28(0%), ATK IV: 8(0%), DEF IV: 55(0%), Work Speed: (0%), Skills: Coward, Impatient
Cattiva, Level: 4, Rank: 1, Gender: Male, HP IV: 71(0%), ATK IV: 22(0%), DEF IV: 59(0%), Work Speed: (0%), Skills: Coward, Hydromaniac
Cattiva, Level: 5, Rank: 1, Gender: Female, HP IV: 67(0%), ATK IV: 22(0%), DEF IV: 56(0%), Work Speed: (0%), Skills: Coward, Botanical Barrier
Cattiva, Level: 5, Rank: 1, Gender: Male, HP IV: 82(0%), ATK IV: 43(0%), DEF IV: 59(0%), Work Speed: (0%), Skills: Coward, Fine Furs
Chikipi, Level: 4, Rank: 1, Gender: Male, HP IV: 18(0%), ATK IV: 62(0%), DEF IV: 63(0%), Work Speed: (0%), Skills: Pacifist
Chikipi, Level: 5, Rank: 1, Gender: Male, HP IV: 94(0%), ATK IV: 63(0%), DEF IV: 97(0%), Work Speed: (0%)
Foxparks, Level: 9, Rank: 1, Gender: Female, HP IV: 100(0%), ATK IV: 95(0%), DEF IV: 71(0%), Work Speed: (0%), Skills: Hooligan
Lamball, Level: 2, Rank: 1, Gender: Female, HP IV: 0(0%), ATK IV: 16(0%), DEF IV: 12(0%), Work Speed: (0%), Skills: Burly Body
Lamball, Level: 2, Rank: 1, Gender: Male, HP IV: 2(0%), ATK IV: 10(0%), DEF IV: 23(0%), Work Speed: (0%), Skills: Bottomless Stomach, Mine Foreman, Serious, Destructive
Lamball, Level: 4, Rank: 1, Gender: Male, HP IV: 46(0%), ATK IV: 40(0%), DEF IV: 100(0%), Work Speed: (0%), Skills: Unstable
Lamball, Level: 9, Rank: 1, Gender: Female, HP IV: 88(0%), ATK IV: 62(0%), DEF IV: 73(0%), Work Speed: (0%)
Ribbuny, Level: 3, Rank: 1, Gender: Male, HP IV: 29(0%), ATK IV: 84(0%), DEF IV: 46(0%), Work Speed: (0%), Skills: Mercy hit
Rushoar, Level: 9, Rank: 1, Gender: Female, HP IV: 67(0%), ATK IV: 96(0%), DEF IV: 95(0%), Work Speed: (0%), Skills: Diet Lover
Rushoar, Level: 9, Rank: 1, Gender: Female, HP IV: 77(0%), ATK IV: 83(0%), DEF IV: 52(0%), Work Speed: (0%)
Tanzee, Level: 2, Rank: 1, Gender: Male, HP IV: 7(0%), ATK IV: 3(0%), DEF IV: 41(0%), Work Speed: (0%), Skills: Nocturnal
Teafant, Level: 9, Rank: 1, Gender: Male, HP IV: 5(0%), ATK IV: 33(0%), DEF IV: 27(0%), Work Speed: (0%)
zPapayita's 16 Pals
-------------------
Cattiva, Level: 3, Rank: 1, Gender: Male, HP IV: 28(0%), ATK IV: 8(0%), DEF IV: 55(0%), Work Speed: (0%), Skills: Coward, Impatient
Cattiva, Level: 4, Rank: 1, Gender: Male, HP IV: 71(0%), ATK IV: 22(0%), DEF IV: 59(0%), Work Speed: (0%), Skills: Coward, Hydromaniac
Cattiva, Level: 5, Rank: 1, Gender: Female, HP IV: 67(0%), ATK IV: 22(0%), DEF IV: 56(0%), Work Speed: (0%), Skills: Coward, Botanical Barrier
Cattiva, Level: 5, Rank: 1, Gender: Male, HP IV: 82(0%), ATK IV: 43(0%), DEF IV: 59(0%), Work Speed: (0%), Skills: Coward, Fine Furs
Chikipi, Level: 4, Rank: 1, Gender: Male, HP IV: 18(0%), ATK IV: 62(0%), DEF IV: 63(0%), Work Speed: (0%), Skills: Pacifist
Chikipi, Level: 5, Rank: 1, Gender: Male, HP IV: 94(0%), ATK IV: 63(0%), DEF IV: 97(0%), Work Speed: (0%)
Foxparks, Level: 9, Rank: 1, Gender: Female, HP IV: 100(0%), ATK IV: 95(0%), DEF IV: 71(0%), Work Speed: (0%), Skills: Hooligan
Lamball, Level: 2, Rank: 1, Gender: Female, HP IV: 0(0%), ATK IV: 16(0%), DEF IV: 12(0%), Work Speed: (0%), Skills: Burly Body
Lamball, Level: 2, Rank: 1, Gender: Male, HP IV: 2(0%), ATK IV: 10(0%), DEF IV: 23(0%), Work Speed: (0%), Skills: Bottomless Stomach, Mine Foreman, Serious, Destructive
Lamball, Level: 4, Rank: 1, Gender: Male, HP IV: 46(0%), ATK IV: 40(0%), DEF IV: 100(0%), Work Speed: (0%), Skills: Unstable
Lamball, Level: 9, Rank: 1, Gender: Female, HP IV: 88(0%), ATK IV: 62(0%), DEF IV: 73(0%), Work Speed: (0%)
Ribbuny, Level: 3, Rank: 1, Gender: Male, HP IV: 29(0%), ATK IV: 84(0%), DEF IV: 46(0%), Work Speed: (0%), Skills: Mercy hit
Rushoar, Level: 9, Rank: 1, Gender: Female, HP IV: 67(0%), ATK IV: 96(0%), DEF IV: 95(0%), Work Speed: (0%), Skills: Diet Lover
Rushoar, Level: 9, Rank: 1, Gender: Female, HP IV: 77(0%), ATK IV: 83(0%), DEF IV: 52(0%), Work Speed: (0%)
Tanzee, Level: 2, Rank: 1, Gender: Male, HP IV: 7(0%), ATK IV: 3(0%), DEF IV: 41(0%), Work Speed: (0%), Skills: Nocturnal
Teafant, Level: 9, Rank: 1, Gender: Male, HP IV: 5(0%), ATK IV: 33(0%), DEF IV: 27(0%), Work Speed: (0%)
zPapayita's 16 Pals
-------------------
Cattiva, Level: 3, Rank: 1, Gender: Male, HP IV: 28(0%), ATK IV: 8(0%), DEF IV: 55(0%), Work Speed: (0%), Skills: Coward, Impatient
Cattiva, Level: 4, Rank: 1, Gender: Male, HP IV: 71(0%), ATK IV: 22(0%), DEF IV: 59(0%), Work Speed: (0%), Skills: Coward, Hydromaniac
Cattiva, Level: 5, Rank: 1, Gender: Female, HP IV: 67(0%), ATK IV: 22(0%), DEF IV: 56(0%), Work Speed: (0%), Skills: Coward, Botanical Barrier
Cattiva, Level: 5, Rank: 1, Gender: Male, HP IV: 82(0%), ATK IV: 43(0%), DEF IV: 59(0%), Work Speed: (0%), Skills: Coward, Fine Furs
Chikipi, Level: 4, Rank: 1, Gender: Male, HP IV: 18(0%), ATK IV: 62(0%), DEF IV: 63(0%), Work Speed: (0%), Skills: Pacifist
Chikipi, Level: 5, Rank: 1, Gender: Male, HP IV: 94(0%), ATK IV: 63(0%), DEF IV: 97(0%), Work Speed: (0%)
Foxparks, Level: 9, Rank: 1, Gender: Female, HP IV: 100(0%), ATK IV: 95(0%), DEF IV: 71(0%), Work Speed: (0%), Skills: Hooligan
Lamball, Level: 2, Rank: 1, Gender: Female, HP IV: 0(0%), ATK IV: 16(0%), DEF IV: 12(0%), Work Speed: (0%), Skills: Burly Body
Lamball, Level: 2, Rank: 1, Gender: Male, HP IV: 2(0%), ATK IV: 10(0%), DEF IV: 23(0%), Work Speed: (0%), Skills: Bottomless Stomach, Mine Foreman, Serious, Destructive
Lamball, Level: 4, Rank: 1, Gender: Male, HP IV: 46(0%), ATK IV: 40(0%), DEF IV: 100(0%), Work Speed: (0%), Skills: Unstable
Lamball, Level: 9, Rank: 1, Gender: Female, HP IV: 88(0%), ATK IV: 62(0%), DEF IV: 73(0%), Work Speed: (0%)
Ribbuny, Level: 3, Rank: 1, Gender: Male, HP IV: 29(0%), ATK IV: 84(0%), DEF IV: 46(0%), Work Speed: (0%), Skills: Mercy hit
Rushoar, Level: 9, Rank: 1, Gender: Female, HP IV: 67(0%), ATK IV: 96(0%), DEF IV: 95(0%), Work Speed: (0%), Skills: Diet Lover
Rushoar, Level: 9, Rank: 1, Gender: Female, HP IV: 77(0%), ATK IV: 83(0%), DEF IV: 52(0%), Work Speed: (0%)
Tanzee, Level: 2, Rank: 1, Gender: Male, HP IV: 7(0%), ATK IV: 3(0%), DEF IV: 41(0%), Work Speed: (0%), Skills: Nocturnal
Teafant, Level: 9, Rank: 1, Gender: Male, HP IV: 5(0%), ATK IV: 33(0%), DEF IV: 27(0%), Work Speed: (0%)
zPapayita's 16 Pals
-------------------
Cattiva, Level: 3, Rank: 1, Gender: Male, HP IV: 28(0%), ATK IV: 8(0%), DEF IV: 55(0%), Work Speed: (0%), Skills: Coward, Impatient
Cattiva, Level: 4, Rank: 1, Gender: Male, HP IV: 71(0%), ATK IV: 22(0%), DEF IV: 59(0%), Work Speed: (0%), Skills: Coward, Hydromaniac
Cattiva, Level: 5, Rank: 1, Gender: Female, HP IV: 67(0%), ATK IV: 22(0%), DEF IV: 56(0%), Work Speed: (0%), Skills: Coward, Botanical Barrier
Cattiva, Level: 5, Rank: 1, Gender: Male, HP IV: 82(0%), ATK IV: 43(0%), DEF IV: 59(0%), Work Speed: (0%), Skills: Coward, Fine Furs
Chikipi, Level: 4, Rank: 1, Gender: Male, HP IV: 18(0%), ATK IV: 62(0%), DEF IV: 63(0%), Work Speed: (0%), Skills: Pacifist
Chikipi, Level: 5, Rank: 1, Gender: Male, HP IV: 94(0%), ATK IV: 63(0%), DEF IV: 97(0%), Work Speed: (0%)
Foxparks, Level: 9, Rank: 1, Gender: Female, HP IV: 100(0%), ATK IV: 95(0%), DEF IV: 71(0%), Work Speed: (0%), Skills: Hooligan
Lamball, Level: 2, Rank: 1, Gender: Female, HP IV: 0(0%), ATK IV: 16(0%), DEF IV: 12(0%), Work Speed: (0%), Skills: Burly Body
Lamball, Level: 2, Rank: 1, Gender: Male, HP IV: 2(0%), ATK IV: 10(0%), DEF IV: 23(0%), Work Speed: (0%), Skills: Bottomless Stomach, Mine Foreman, Serious, Destructive
Lamball, Level: 4, Rank: 1, Gender: Male, HP IV: 46(0%), ATK IV: 40(0%), DEF IV: 100(0%), Work Speed: (0%), Skills: Unstable
Lamball, Level: 9, Rank: 1, Gender: Female, HP IV: 88(0%), ATK IV: 62(0%), DEF IV: 73(0%), Work Speed: (0%)
Ribbuny, Level: 3, Rank: 1, Gender: Male, HP IV: 29(0%), ATK IV: 84(0%), DEF IV: 46(0%), Work Speed: (0%), Skills: Mercy hit
Rushoar, Level: 9, Rank: 1, Gender: Female, HP IV: 67(0%), ATK IV: 96(0%), DEF IV: 95(0%), Work Speed: (0%), Skills: Diet Lover
Rushoar, Level: 9, Rank: 1, Gender: Female, HP IV: 77(0%), ATK IV: 83(0%), DEF IV: 52(0%), Work Speed: (0%)
Tanzee, Level: 2, Rank: 1, Gender: Male, HP IV: 7(0%), ATK IV: 3(0%), DEF IV: 41(0%), Work Speed: (0%), Skills: Nocturnal
Teafant, Level: 9, Rank: 1, Gender: Male, HP IV: 5(0%), ATK IV: 33(0%), DEF IV: 27(0%), Work Speed: (0%)
zPapayita's 16 Pals
-------------------
Cattiva, Level: 3, Rank: 1, Gender: Male, HP IV: 28(0%), ATK IV: 8(0%), DEF IV: 55(0%), Work Speed: (0%), Skills: Coward, Impatient
Cattiva, Level: 4, Rank: 1, Gender: Male, HP IV: 71(0%), ATK IV: 22(0%), DEF IV: 59(0%), Work Speed: (0%), Skills: Coward, Hydromaniac
Cattiva, Level: 5, Rank: 1, Gender: Female, HP IV: 67(0%), ATK IV: 22(0%), DEF IV: 56(0%), Work Speed: (0%), Skills: Coward, Botanical Barrier
Cattiva, Level: 5, Rank: 1, Gender: Male, HP IV: 82(0%), ATK IV: 43(0%), DEF IV: 59(0%), Work Speed: (0%), Skills: Coward, Fine Furs
Chikipi, Level: 4, Rank: 1, Gender: Male, HP IV: 18(0%), ATK IV: 62(0%), DEF IV: 63(0%), Work Speed: (0%), Skills: Pacifist
Chikipi, Level: 5, Rank: 1, Gender: Male, HP IV: 94(0%), ATK IV: 63(0%), DEF IV: 97(0%), Work Speed: (0%)
Foxparks, Level: 9, Rank: 1, Gender: Female, HP IV: 100(0%), ATK IV: 95(0%), DEF IV: 71(0%), Work Speed: (0%), Skills: Hooligan
Lamball, Level: 2, Rank: 1, Gender: Female, HP IV: 0(0%), ATK IV: 16(0%), DEF IV: 12(0%), Work Speed: (0%), Skills: Burly Body
Lamball, Level: 2, Rank: 1, Gender: Male, HP IV: 2(0%), ATK IV: 10(0%), DEF IV: 23(0%), Work Speed: (0%), Skills: Bottomless Stomach, Mine Foreman, Serious, Destructive
Lamball, Level: 4, Rank: 1, Gender: Male, HP IV: 46(0%), ATK IV: 40(0%), DEF IV: 100(0%), Work Speed: (0%), Skills: Unstable
Lamball, Level: 9, Rank: 1, Gender: Female, HP IV: 88(0%), ATK IV: 62(0%), DEF IV: 73(0%), Work Speed: (0%)
Ribbuny, Level: 3, Rank: 1, Gender: Male, HP IV: 29(0%), ATK IV: 84(0%), DEF IV: 46(0%), Work Speed: (0%), Skills: Mercy hit
Rushoar, Level: 9, Rank: 1, Gender: Female, HP IV: 67(0%), ATK IV: 96(0%), DEF IV: 95(0%), Work Speed: (0%), Skills: Diet Lover
Rushoar, Level: 9, Rank: 1, Gender: Female, HP IV: 77(0%), ATK IV: 83(0%), DEF IV: 52(0%), Work Speed: (0%)
Tanzee, Level: 2, Rank: 1, Gender: Male, HP IV: 7(0%), ATK IV: 3(0%), DEF IV: 41(0%), Work Speed: (0%), Skills: Nocturnal
Teafant, Level: 9, Rank: 1, Gender: Male, HP IV: 5(0%), ATK IV: 33(0%), DEF IV: 27(0%), Work Speed: (0%)
zPapayita's 16 Pals
-------------------
Cattiva, Level: 3, Rank: 1, Gender: Male, HP IV: 28(0%), ATK IV: 8(0%), DEF IV: 55(0%), Work Speed: (0%), Skills: Coward, Impatient
Cattiva, Level: 4, Rank: 1, Gender: Male, HP IV: 71(0%), ATK IV: 22(0%), DEF IV: 59(0%), Work Speed: (0%), Skills: Coward, Hydromaniac
Cattiva, Level: 5, Rank: 1, Gender: Female, HP IV: 67(0%), ATK IV: 22(0%), DEF IV: 56(0%), Work Speed: (0%), Skills: Coward, Botanical Barrier
Cattiva, Level: 5, Rank: 1, Gender: Male, HP IV: 82(0%), ATK IV: 43(0%), DEF IV: 59(0%), Work Speed: (0%), Skills: Coward, Fine Furs
Chikipi, Level: 4, Rank: 1, Gender: Male, HP IV: 18(0%), ATK IV: 62(0%), DEF IV: 63(0%), Work Speed: (0%), Skills: Pacifist
Chikipi, Level: 5, Rank: 1, Gender: Male, HP IV: 94(0%), ATK IV: 63(0%), DEF IV: 97(0%), Work Speed: (0%)
Foxparks, Level: 9, Rank: 1, Gender: Female, HP IV: 100(0%), ATK IV: 95(0%), DEF IV: 71(0%), Work Speed: (0%), Skills: Hooligan
Lamball, Level: 2, Rank: 1, Gender: Female, HP IV: 0(0%), ATK IV: 16(0%), DEF IV: 12(0%), Work Speed: (0%), Skills: Burly Body
Lamball, Level: 2, Rank: 1, Gender: Male, HP IV: 2(0%), ATK IV: 10(0%), DEF IV: 23(0%), Work Speed: (0%), Skills: Bottomless Stomach, Mine Foreman, Serious, Destructive
Lamball, Level: 4, Rank: 1, Gender: Male, HP IV: 46(0%), ATK IV: 40(0%), DEF IV: 100(0%), Work Speed: (0%), Skills: Unstable
Lamball, Level: 9, Rank: 1, Gender: Female, HP IV: 88(0%), ATK IV: 62(0%), DEF IV: 73(0%), Work Speed: (0%)
Ribbuny, Level: 3, Rank: 1, Gender: Male, HP IV: 29(0%), ATK IV: 84(0%), DEF IV: 46(0%), Work Speed: (0%), Skills: Mercy hit
Rushoar, Level: 9, Rank: 1, Gender: Female, HP IV: 67(0%), ATK IV: 96(0%), DEF IV: 95(0%), Work Speed: (0%), Skills: Diet Lover
Rushoar, Level: 9, Rank: 1, Gender: Female, HP IV: 77(0%), ATK IV: 83(0%), DEF IV: 52(0%), Work Speed: (0%)
Tanzee, Level: 2, Rank: 1, Gender: Male, HP IV: 7(0%), ATK IV: 3(0%), DEF IV: 41(0%), Work Speed: (0%), Skills: Nocturnal
Teafant, Level: 9, Rank: 1, Gender: Male, HP IV: 5(0%), ATK IV: 33(0%), DEF IV: 27(0%), Work Speed: (0%)
