문어들의 왕's 3 Pals
---------------
Cremis, Level: 5, Rank: 1, Gender: Male, HP IV: 68(0%), ATK IV: 57(0%), DEF IV: 67(0%), Work Speed: (0%), Skills: Conceited
Foxparks, Level: 5, Rank: 1, Gender: Female, HP IV: 63(0%), ATK IV: 11(0%), DEF IV: 44(0%), Work Speed: (0%)
Vanwyrm, Level: 19, Rank: 1, Gender: Female, HP IV: 46(0%), ATK IV: 64(0%), DEF IV: 17(0%), Work Speed: (0%)
문어들의 왕's 3 Pals
---------------
Cremis, Level: 5, Rank: 1, Gender: Male, HP IV: 68(0%), ATK IV: 57(0%), DEF IV: 67(0%), Work Speed: (0%), Skills: Conceited
Foxparks, Level: 5, Rank: 1, Gender: Female, HP IV: 63(0%), ATK IV: 11(0%), DEF IV: 44(0%), Work Speed: (0%)
Vanwyrm, Level: 19, Rank: 1, Gender: Female, HP IV: 46(0%), ATK IV: 64(0%), DEF IV: 17(0%), Work Speed: (0%)
문어들의 왕's 3 Pals
---------------
Cremis, Level: 5, Rank: 1, Gender: Male, HP IV: 68(0%), ATK IV: 57(0%), DEF IV: 67(0%), Work Speed: (0%), Skills: Conceited
Foxparks, Level: 5, Rank: 1, Gender: Female, HP IV: 63(0%), ATK IV: 11(0%), DEF IV: 44(0%), Work Speed: (0%)
Vanwyrm, Level: 19, Rank: 1, Gender: Female, HP IV: 46(0%), ATK IV: 64(0%), DEF IV: 17(0%), Work Speed: (0%)
문어들의 왕's 3 Pals
---------------
Cremis, Level: 5, Rank: 1, Gender: Male, HP IV: 68(0%), ATK IV: 57(0%), DEF IV: 67(0%), Work Speed: (0%), Skills: Conceited
Foxparks, Level: 5, Rank: 1, Gender: Female, HP IV: 63(0%), ATK IV: 11(0%), DEF IV: 44(0%), Work Speed: (0%)
Vanwyrm, Level: 19, Rank: 1, Gender: Female, HP IV: 46(0%), ATK IV: 64(0%), DEF IV: 17(0%), Work Speed: (0%)
문어들의 왕's 3 Pals
---------------
Cremis, Level: 5, Rank: 1, Gender: Male, HP IV: 68(0%), ATK IV: 57(0%), DEF IV: 67(0%), Work Speed: (0%), Skills: Conceited
Foxparks, Level: 5, Rank: 1, Gender: Female, HP IV: 63(0%), ATK IV: 11(0%), DEF IV: 44(0%), Work Speed: (0%)
Vanwyrm, Level: 19, Rank: 1, Gender: Female, HP IV: 46(0%), ATK IV: 64(0%), DEF IV: 17(0%), Work Speed: (0%)
문어들의 왕's 3 Pals
---------------
Cremis, Level: 5, Rank: 1, Gender: Male, HP IV: 68(0%), ATK IV: 57(0%), DEF IV: 67(0%), Work Speed: (0%), Skills: Conceited
Foxparks, Level: 5, Rank: 1, Gender: Female, HP IV: 63(0%), ATK IV: 11(0%), DEF IV: 44(0%), Work Speed: (0%)
Vanwyrm, Level: 19, Rank: 1, Gender: Female, HP IV: 46(0%), ATK IV: 64(0%), DEF IV: 17(0%), Work Speed: (0%)
문어들의 왕's 3 Pals
---------------
Cremis, Level: 5, Rank: 1, Gender: Male, HP IV: 68(0%), ATK IV: 57(0%), DEF IV: 67(0%), Work Speed: (0%), Skills: Conceited
Foxparks, Level: 5, Rank: 1, Gender: Female, HP IV: 63(0%), ATK IV: 11(0%), DEF IV: 44(0%), Work Speed: (0%)
Vanwyrm, Level: 19, Rank: 1, Gender: Female, HP IV: 46(0%), ATK IV: 64(0%), DEF IV: 17(0%), Work Speed: (0%)
문어들의 왕's 3 Pals
---------------
Cremis, Level: 5, Rank: 1, Gender: Male, HP IV: 68(0%), ATK IV: 57(0%), DEF IV: 67(0%), Work Speed: (0%), Skills: Conceited
Foxparks, Level: 5, Rank: 1, Gender: Female, HP IV: 63(0%), ATK IV: 11(0%), DEF IV: 44(0%), Work Speed: (0%)
Vanwyrm, Level: 19, Rank: 1, Gender: Female, HP IV: 46(0%), ATK IV: 64(0%), DEF IV: 17(0%), Work Speed: (0%)
문어들의 왕's 3 Pals
---------------
Cremis, Level: 5, Rank: 1, Gender: Male, HP IV: 68(0%), ATK IV: 57(0%), DEF IV: 67(0%), Work Speed: (0%), Skills: Conceited
Foxparks, Level: 5, Rank: 1, Gender: Female, HP IV: 63(0%), ATK IV: 11(0%), DEF IV: 44(0%), Work Speed: (0%)
Vanwyrm, Level: 19, Rank: 1, Gender: Female, HP IV: 46(0%), ATK IV: 64(0%), DEF IV: 17(0%), Work Speed: (0%)
문어들의 왕's 3 Pals
---------------
Cremis, Level: 5, Rank: 1, Gender: Male, HP IV: 68(0%), ATK IV: 57(0%), DEF IV: 67(0%), Work Speed: (0%), Skills: Conceited
Foxparks, Level: 5, Rank: 1, Gender: Female, HP IV: 63(0%), ATK IV: 11(0%), DEF IV: 44(0%), Work Speed: (0%)
Vanwyrm, Level: 19, Rank: 1, Gender: Female, HP IV: 46(0%), ATK IV: 64(0%), DEF IV: 17(0%), Work Speed: (0%)
문어들의 왕's 3 Pals
---------------
Cremis, Level: 5, Rank: 1, Gender: Male, HP IV: 68(0%), ATK IV: 57(0%), DEF IV: 67(0%), Work Speed: (0%), Skills: Conceited
Foxparks, Level: 5, Rank: 1, Gender: Female, HP IV: 63(0%), ATK IV: 11(0%), DEF IV: 44(0%), Work Speed: (0%)
Vanwyrm, Level: 19, Rank: 1, Gender: Female, HP IV: 46(0%), ATK IV: 64(0%), DEF IV: 17(0%), Work Speed: (0%)
문어들의 왕's 3 Pals
---------------
Cremis, Level: 5, Rank: 1, Gender: Male, HP IV: 68(0%), ATK IV: 57(0%), DEF IV: 67(0%), Work Speed: (0%), Skills: Conceited
Foxparks, Level: 5, Rank: 1, Gender: Female, HP IV: 63(0%), ATK IV: 11(0%), DEF IV: 44(0%), Work Speed: (0%)
Vanwyrm, Level: 19, Rank: 1, Gender: Female, HP IV: 46(0%), ATK IV: 64(0%), DEF IV: 17(0%), Work Speed: (0%)
문어들의 왕's 3 Pals
---------------
Cremis, Level: 5, Rank: 1, Gender: Male, HP IV: 68(0%), ATK IV: 57(0%), DEF IV: 67(0%), Work Speed: (0%), Skills: Conceited
Foxparks, Level: 5, Rank: 1, Gender: Female, HP IV: 63(0%), ATK IV: 11(0%), DEF IV: 44(0%), Work Speed: (0%)
Vanwyrm, Level: 19, Rank: 1, Gender: Female, HP IV: 46(0%), ATK IV: 64(0%), DEF IV: 17(0%), Work Speed: (0%)
문어들의 왕's 3 Pals
---------------
Cremis, Level: 5, Rank: 1, Gender: Male, HP IV: 68(0%), ATK IV: 57(0%), DEF IV: 67(0%), Work Speed: (0%), Skills: Conceited
Foxparks, Level: 5, Rank: 1, Gender: Female, HP IV: 63(0%), ATK IV: 11(0%), DEF IV: 44(0%), Work Speed: (0%)
Vanwyrm, Level: 19, Rank: 1, Gender: Female, HP IV: 46(0%), ATK IV: 64(0%), DEF IV: 17(0%), Work Speed: (0%)
