•SΞVΞN°'s 5 Pals
----------------
Eikthyrdeer, Level: 10, Rank: 1, Gender: Male, HP IV: 65(0%), ATK IV: 11(0%), DEF IV: 94(0%), Work Speed: (0%), Skills: Aggressive
Eikthyrdeer, Level: 11, Rank: 1, Gender: Male, HP IV: 18(0%), ATK IV: 64(0%), DEF IV: 7(0%), Work Speed: (0%)
Foxparks, Level: 7, Rank: 1, Gender: Female, HP IV: 77(0%), ATK IV: 96(0%), DEF IV: 67(0%), Work Speed: (0%), Skills: Clumsy
Lamball, Level: 5, Rank: 1, Gender: Female, HP IV: 34(0%), ATK IV: 95(0%), DEF IV: 28(0%), Work Speed: (0%), Skills: Pyromaniac
Lamball, Level: 5, Rank: 1, Gender: Male, HP IV: 26(0%), ATK IV: 11(0%), DEF IV: 66(0%), Work Speed: (0%), Skills: Heated Body
•SΞVΞN°'s 5 Pals
----------------
Eikthyrdeer, Level: 10, Rank: 1, Gender: Male, HP IV: 65(0%), ATK IV: 11(0%), DEF IV: 94(0%), Work Speed: (0%), Skills: Aggressive
Eikthyrdeer, Level: 11, Rank: 1, Gender: Male, HP IV: 18(0%), ATK IV: 64(0%), DEF IV: 7(0%), Work Speed: (0%)
Foxparks, Level: 7, Rank: 1, Gender: Female, HP IV: 77(0%), ATK IV: 96(0%), DEF IV: 67(0%), Work Speed: (0%), Skills: Clumsy
Lamball, Level: 5, Rank: 1, Gender: Female, HP IV: 34(0%), ATK IV: 95(0%), DEF IV: 28(0%), Work Speed: (0%), Skills: Pyromaniac
Lamball, Level: 5, Rank: 1, Gender: Male, HP IV: 26(0%), ATK IV: 11(0%), DEF IV: 66(0%), Work Speed: (0%), Skills: Heated Body
•SΞVΞN°'s 5 Pals
----------------
Eikthyrdeer, Level: 10, Rank: 1, Gender: Male, HP IV: 65(0%), ATK IV: 11(0%), DEF IV: 94(0%), Work Speed: (0%), Skills: Aggressive
Eikthyrdeer, Level: 11, Rank: 1, Gender: Male, HP IV: 18(0%), ATK IV: 64(0%), DEF IV: 7(0%), Work Speed: (0%)
Foxparks, Level: 7, Rank: 1, Gender: Female, HP IV: 77(0%), ATK IV: 96(0%), DEF IV: 67(0%), Work Speed: (0%), Skills: Clumsy
Lamball, Level: 5, Rank: 1, Gender: Female, HP IV: 34(0%), ATK IV: 95(0%), DEF IV: 28(0%), Work Speed: (0%), Skills: Pyromaniac
Lamball, Level: 5, Rank: 1, Gender: Male, HP IV: 26(0%), ATK IV: 11(0%), DEF IV: 66(0%), Work Speed: (0%), Skills: Heated Body
•SΞVΞN°'s 5 Pals
----------------
Eikthyrdeer, Level: 10, Rank: 1, Gender: Male, HP IV: 65(0%), ATK IV: 11(0%), DEF IV: 94(0%), Work Speed: (0%), Skills: Aggressive
Eikthyrdeer, Level: 11, Rank: 1, Gender: Male, HP IV: 18(0%), ATK IV: 64(0%), DEF IV: 7(0%), Work Speed: (0%)
Foxparks, Level: 7, Rank: 1, Gender: Female, HP IV: 77(0%), ATK IV: 96(0%), DEF IV: 67(0%), Work Speed: (0%), Skills: Clumsy
Lamball, Level: 5, Rank: 1, Gender: Female, HP IV: 34(0%), ATK IV: 95(0%), DEF IV: 28(0%), Work Speed: (0%), Skills: Pyromaniac
Lamball, Level: 5, Rank: 1, Gender: Male, HP IV: 26(0%), ATK IV: 11(0%), DEF IV: 66(0%), Work Speed: (0%), Skills: Heated Body
•SΞVΞN°'s 5 Pals
----------------
Eikthyrdeer, Level: 10, Rank: 1, Gender: Male, HP IV: 65(0%), ATK IV: 11(0%), DEF IV: 94(0%), Work Speed: (0%), Skills: Aggressive
Eikthyrdeer, Level: 11, Rank: 1, Gender: Male, HP IV: 18(0%), ATK IV: 64(0%), DEF IV: 7(0%), Work Speed: (0%)
Foxparks, Level: 7, Rank: 1, Gender: Female, HP IV: 77(0%), ATK IV: 96(0%), DEF IV: 67(0%), Work Speed: (0%), Skills: Clumsy
Lamball, Level: 5, Rank: 1, Gender: Female, HP IV: 34(0%), ATK IV: 95(0%), DEF IV: 28(0%), Work Speed: (0%), Skills: Pyromaniac
Lamball, Level: 5, Rank: 1, Gender: Male, HP IV: 26(0%), ATK IV: 11(0%), DEF IV: 66(0%), Work Speed: (0%), Skills: Heated Body
•SΞVΞN°'s 5 Pals
----------------
Eikthyrdeer, Level: 10, Rank: 1, Gender: Male, HP IV: 65(0%), ATK IV: 11(0%), DEF IV: 94(0%), Work Speed: (0%), Skills: Aggressive
Eikthyrdeer, Level: 11, Rank: 1, Gender: Male, HP IV: 18(0%), ATK IV: 64(0%), DEF IV: 7(0%), Work Speed: (0%)
Foxparks, Level: 7, Rank: 1, Gender: Female, HP IV: 77(0%), ATK IV: 96(0%), DEF IV: 67(0%), Work Speed: (0%), Skills: Clumsy
Lamball, Level: 5, Rank: 1, Gender: Female, HP IV: 34(0%), ATK IV: 95(0%), DEF IV: 28(0%), Work Speed: (0%), Skills: Pyromaniac
Lamball, Level: 5, Rank: 1, Gender: Male, HP IV: 26(0%), ATK IV: 11(0%), DEF IV: 66(0%), Work Speed: (0%), Skills: Heated Body
•SΞVΞN°'s 5 Pals
----------------
Eikthyrdeer, Level: 10, Rank: 1, Gender: Male, HP IV: 65(0%), ATK IV: 11(0%), DEF IV: 94(0%), Work Speed: (0%), Skills: Aggressive
Eikthyrdeer, Level: 11, Rank: 1, Gender: Male, HP IV: 18(0%), ATK IV: 64(0%), DEF IV: 7(0%), Work Speed: (0%)
Foxparks, Level: 7, Rank: 1, Gender: Female, HP IV: 77(0%), ATK IV: 96(0%), DEF IV: 67(0%), Work Speed: (0%), Skills: Clumsy
Lamball, Level: 5, Rank: 1, Gender: Female, HP IV: 34(0%), ATK IV: 95(0%), DEF IV: 28(0%), Work Speed: (0%), Skills: Pyromaniac
Lamball, Level: 5, Rank: 1, Gender: Male, HP IV: 26(0%), ATK IV: 11(0%), DEF IV: 66(0%), Work Speed: (0%), Skills: Heated Body
•SΞVΞN°'s 5 Pals
----------------
Eikthyrdeer, Level: 10, Rank: 1, Gender: Male, HP IV: 65(0%), ATK IV: 11(0%), DEF IV: 94(0%), Work Speed: (0%), Skills: Aggressive
Eikthyrdeer, Level: 11, Rank: 1, Gender: Male, HP IV: 18(0%), ATK IV: 64(0%), DEF IV: 7(0%), Work Speed: (0%)
Foxparks, Level: 7, Rank: 1, Gender: Female, HP IV: 77(0%), ATK IV: 96(0%), DEF IV: 67(0%), Work Speed: (0%), Skills: Clumsy
Lamball, Level: 5, Rank: 1, Gender: Female, HP IV: 34(0%), ATK IV: 95(0%), DEF IV: 28(0%), Work Speed: (0%), Skills: Pyromaniac
Lamball, Level: 5, Rank: 1, Gender: Male, HP IV: 26(0%), ATK IV: 11(0%), DEF IV: 66(0%), Work Speed: (0%), Skills: Heated Body
•SΞVΞN°'s 5 Pals
----------------
Eikthyrdeer, Level: 10, Rank: 1, Gender: Male, HP IV: 65(0%), ATK IV: 11(0%), DEF IV: 94(0%), Work Speed: (0%), Skills: Aggressive
Eikthyrdeer, Level: 11, Rank: 1, Gender: Male, HP IV: 18(0%), ATK IV: 64(0%), DEF IV: 7(0%), Work Speed: (0%)
Foxparks, Level: 7, Rank: 1, Gender: Female, HP IV: 77(0%), ATK IV: 96(0%), DEF IV: 67(0%), Work Speed: (0%), Skills: Clumsy
Lamball, Level: 5, Rank: 1, Gender: Female, HP IV: 34(0%), ATK IV: 95(0%), DEF IV: 28(0%), Work Speed: (0%), Skills: Pyromaniac
Lamball, Level: 5, Rank: 1, Gender: Male, HP IV: 26(0%), ATK IV: 11(0%), DEF IV: 66(0%), Work Speed: (0%), Skills: Heated Body
•SΞVΞN°'s 5 Pals
----------------
Eikthyrdeer, Level: 10, Rank: 1, Gender: Male, HP IV: 65(0%), ATK IV: 11(0%), DEF IV: 94(0%), Work Speed: (0%), Skills: Aggressive
Eikthyrdeer, Level: 11, Rank: 1, Gender: Male, HP IV: 18(0%), ATK IV: 64(0%), DEF IV: 7(0%), Work Speed: (0%)
Foxparks, Level: 7, Rank: 1, Gender: Female, HP IV: 77(0%), ATK IV: 96(0%), DEF IV: 67(0%), Work Speed: (0%), Skills: Clumsy
Lamball, Level: 5, Rank: 1, Gender: Female, HP IV: 34(0%), ATK IV: 95(0%), DEF IV: 28(0%), Work Speed: (0%), Skills: Pyromaniac
Lamball, Level: 5, Rank: 1, Gender: Male, HP IV: 26(0%), ATK IV: 11(0%), DEF IV: 66(0%), Work Speed: (0%), Skills: Heated Body
•SΞVΞN°'s 5 Pals
----------------
Eikthyrdeer, Level: 10, Rank: 1, Gender: Male, HP IV: 65(0%), ATK IV: 11(0%), DEF IV: 94(0%), Work Speed: (0%), Skills: Aggressive
Eikthyrdeer, Level: 11, Rank: 1, Gender: Male, HP IV: 18(0%), ATK IV: 64(0%), DEF IV: 7(0%), Work Speed: (0%)
Foxparks, Level: 7, Rank: 1, Gender: Female, HP IV: 77(0%), ATK IV: 96(0%), DEF IV: 67(0%), Work Speed: (0%), Skills: Clumsy
Lamball, Level: 5, Rank: 1, Gender: Female, HP IV: 34(0%), ATK IV: 95(0%), DEF IV: 28(0%), Work Speed: (0%), Skills: Pyromaniac
Lamball, Level: 5, Rank: 1, Gender: Male, HP IV: 26(0%), ATK IV: 11(0%), DEF IV: 66(0%), Work Speed: (0%), Skills: Heated Body
•SΞVΞN°'s 5 Pals
----------------
Eikthyrdeer, Level: 10, Rank: 1, Gender: Male, HP IV: 65(0%), ATK IV: 11(0%), DEF IV: 94(0%), Work Speed: (0%), Skills: Aggressive
Eikthyrdeer, Level: 11, Rank: 1, Gender: Male, HP IV: 18(0%), ATK IV: 64(0%), DEF IV: 7(0%), Work Speed: (0%)
Foxparks, Level: 7, Rank: 1, Gender: Female, HP IV: 77(0%), ATK IV: 96(0%), DEF IV: 67(0%), Work Speed: (0%), Skills: Clumsy
Lamball, Level: 5, Rank: 1, Gender: Female, HP IV: 34(0%), ATK IV: 95(0%), DEF IV: 28(0%), Work Speed: (0%), Skills: Pyromaniac
Lamball, Level: 5, Rank: 1, Gender: Male, HP IV: 26(0%), ATK IV: 11(0%), DEF IV: 66(0%), Work Speed: (0%), Skills: Heated Body
•SΞVΞN°'s 5 Pals
----------------
Eikthyrdeer, Level: 10, Rank: 1, Gender: Male, HP IV: 65(0%), ATK IV: 11(0%), DEF IV: 94(0%), Work Speed: (0%), Skills: Aggressive
Eikthyrdeer, Level: 11, Rank: 1, Gender: Male, HP IV: 18(0%), ATK IV: 64(0%), DEF IV: 7(0%), Work Speed: (0%)
Foxparks, Level: 7, Rank: 1, Gender: Female, HP IV: 77(0%), ATK IV: 96(0%), DEF IV: 67(0%), Work Speed: (0%), Skills: Clumsy
Lamball, Level: 5, Rank: 1, Gender: Female, HP IV: 34(0%), ATK IV: 95(0%), DEF IV: 28(0%), Work Speed: (0%), Skills: Pyromaniac
Lamball, Level: 5, Rank: 1, Gender: Male, HP IV: 26(0%), ATK IV: 11(0%), DEF IV: 66(0%), Work Speed: (0%), Skills: Heated Body
•SΞVΞN°'s 5 Pals
----------------
Eikthyrdeer, Level: 10, Rank: 1, Gender: Male, HP IV: 65(0%), ATK IV: 11(0%), DEF IV: 94(0%), Work Speed: (0%), Skills: Aggressive
Eikthyrdeer, Level: 11, Rank: 1, Gender: Male, HP IV: 18(0%), ATK IV: 64(0%), DEF IV: 7(0%), Work Speed: (0%)
Foxparks, Level: 7, Rank: 1, Gender: Female, HP IV: 77(0%), ATK IV: 96(0%), DEF IV: 67(0%), Work Speed: (0%), Skills: Clumsy
Lamball, Level: 5, Rank: 1, Gender: Female, HP IV: 34(0%), ATK IV: 95(0%), DEF IV: 28(0%), Work Speed: (0%), Skills: Pyromaniac
Lamball, Level: 5, Rank: 1, Gender: Male, HP IV: 26(0%), ATK IV: 11(0%), DEF IV: 66(0%), Work Speed: (0%), Skills: Heated Body
