☯Meekyman☯'s 17 Pals
--------------------
Alpha Chillet, Level: 11, Rank: 1, Gender: Female, HP IV: 88(0%), ATK IV: 99(0%), DEF IV: 56(0%), Work Speed: (0%), Skills: Artisan
Alpha Vixy, Level: 12, Rank: 1, Gender: Male, HP IV: 85(0%), ATK IV: 72(0%), DEF IV: 87(0%), Work Speed: (0%), Skills: Artisan
Cattiva, Level: 9, Rank: 1, Gender: Female, HP IV: 59(0%), ATK IV: 54(0%), DEF IV: 5(0%), Work Speed: (0%), Skills: Coward, Sickly, Unstable
Depresso, Level: 7, Rank: 1, Gender: Female, HP IV: 93(0%), ATK IV: 19(0%), DEF IV: 49(0%), Work Speed: (0%)
Dumud, Level: 10, Rank: 1, Gender: Male, HP IV: 80(0%), ATK IV: 23(0%), DEF IV: 70(0%), Work Speed: (0%), Skills: Artisan, Serious
Fuack, Level: 6, Rank: 1, Gender: Male, HP IV: 69(0%), ATK IV: 27(0%), DEF IV: 60(0%), Work Speed: (0%), Skills: Motivational Leader
Fuack, Level: 9, Rank: 1, Gender: Female, HP IV: 59(0%), ATK IV: 17(0%), DEF IV: 18(0%), Work Speed: (0%), Skills: Power of Gaia, Positive Thinker
Fuddler, Level: 7, Rank: 1, Gender: Female, HP IV: 69(0%), ATK IV: 20(0%), DEF IV: 99(0%), Work Speed: (0%), Skills: Abnormal
Mau, Level: 5, Rank: 1, Gender: Female, HP IV: 67(0%), ATK IV: 63(0%), DEF IV: 83(0%), Work Speed: (0%), Skills: Mercy hit, Conceited
Rooby, Level: 9, Rank: 1, Gender: Male, HP IV: 54(0%), ATK IV: 83(0%), DEF IV: 74(0%), Work Speed: (0%), Skills: Veil of Darkness
Rushoar, Level: 3, Rank: 1, Gender: Male, HP IV: 68(0%), ATK IV: 9(0%), DEF IV: 5(0%), Work Speed: (0%), Skills: Masochist
Rushoar, Level: 4, Rank: 1, Gender: Female, HP IV: 49(0%), ATK IV: 15(0%), DEF IV: 98(0%), Work Speed: (0%), Skills: Bottomless Stomach, Hard Skin, Brave, Veil of Darkness
Rushoar, Level: 5, Rank: 1, Gender: Female, HP IV: 75(0%), ATK IV: 85(0%), DEF IV: 60(0%), Work Speed: (0%), Skills: Hydromaniac
Sparkit, Level: 6, Rank: 1, Gender: Male, HP IV: 1(0%), ATK IV: 100(0%), DEF IV: 54(0%), Work Speed: (0%), Skills: Waterproof
Teafant, Level: 1, Rank: 1, Gender: Female, HP IV: 64(0%), ATK IV: 83(0%), DEF IV: 85(0%), Work Speed: (0%), Skills: Hooligan
Vixy, Level: 8, Rank: 1, Gender: Male, HP IV: 7(0%), ATK IV: 55(0%), DEF IV: 20(0%), Work Speed: (0%), Skills: Capacitor
Vixy, Level: 9, Rank: 1, Gender: Male, HP IV: 22(0%), ATK IV: 94(0%), DEF IV: 79(0%), Work Speed: (0%), Skills: Heated Body
☯Meekyman☯'s 17 Pals
--------------------
Alpha Chillet, Level: 11, Rank: 1, Gender: Female, HP IV: 88(0%), ATK IV: 99(0%), DEF IV: 56(0%), Work Speed: (0%), Skills: Artisan
Alpha Vixy, Level: 12, Rank: 1, Gender: Male, HP IV: 85(0%), ATK IV: 72(0%), DEF IV: 87(0%), Work Speed: (0%), Skills: Artisan
Cattiva, Level: 9, Rank: 1, Gender: Female, HP IV: 59(0%), ATK IV: 54(0%), DEF IV: 5(0%), Work Speed: (0%), Skills: Coward, Sickly, Unstable
Depresso, Level: 7, Rank: 1, Gender: Female, HP IV: 93(0%), ATK IV: 19(0%), DEF IV: 49(0%), Work Speed: (0%)
Dumud, Level: 10, Rank: 1, Gender: Male, HP IV: 80(0%), ATK IV: 23(0%), DEF IV: 70(0%), Work Speed: (0%), Skills: Artisan, Serious
Fuack, Level: 6, Rank: 1, Gender: Male, HP IV: 69(0%), ATK IV: 27(0%), DEF IV: 60(0%), Work Speed: (0%), Skills: Motivational Leader
Fuack, Level: 9, Rank: 1, Gender: Female, HP IV: 59(0%), ATK IV: 17(0%), DEF IV: 18(0%), Work Speed: (0%), Skills: Power of Gaia, Positive Thinker
Fuddler, Level: 7, Rank: 1, Gender: Female, HP IV: 69(0%), ATK IV: 20(0%), DEF IV: 99(0%), Work Speed: (0%), Skills: Abnormal
Mau, Level: 5, Rank: 1, Gender: Female, HP IV: 67(0%), ATK IV: 63(0%), DEF IV: 83(0%), Work Speed: (0%), Skills: Mercy hit, Conceited
Rooby, Level: 9, Rank: 1, Gender: Male, HP IV: 54(0%), ATK IV: 83(0%), DEF IV: 74(0%), Work Speed: (0%), Skills: Veil of Darkness
Rushoar, Level: 3, Rank: 1, Gender: Male, HP IV: 68(0%), ATK IV: 9(0%), DEF IV: 5(0%), Work Speed: (0%), Skills: Masochist
Rushoar, Level: 4, Rank: 1, Gender: Female, HP IV: 49(0%), ATK IV: 15(0%), DEF IV: 98(0%), Work Speed: (0%), Skills: Bottomless Stomach, Hard Skin, Brave, Veil of Darkness
Rushoar, Level: 5, Rank: 1, Gender: Female, HP IV: 75(0%), ATK IV: 85(0%), DEF IV: 60(0%), Work Speed: (0%), Skills: Hydromaniac
Sparkit, Level: 6, Rank: 1, Gender: Male, HP IV: 1(0%), ATK IV: 100(0%), DEF IV: 54(0%), Work Speed: (0%), Skills: Waterproof
Teafant, Level: 1, Rank: 1, Gender: Female, HP IV: 64(0%), ATK IV: 83(0%), DEF IV: 85(0%), Work Speed: (0%), Skills: Hooligan
Vixy, Level: 8, Rank: 1, Gender: Male, HP IV: 7(0%), ATK IV: 55(0%), DEF IV: 20(0%), Work Speed: (0%), Skills: Capacitor
Vixy, Level: 9, Rank: 1, Gender: Male, HP IV: 22(0%), ATK IV: 94(0%), DEF IV: 79(0%), Work Speed: (0%), Skills: Heated Body
☯Meekyman☯'s 17 Pals
--------------------
Alpha Chillet, Level: 11, Rank: 1, Gender: Female, HP IV: 88(0%), ATK IV: 99(0%), DEF IV: 56(0%), Work Speed: (0%), Skills: Artisan
Alpha Vixy, Level: 12, Rank: 1, Gender: Male, HP IV: 85(0%), ATK IV: 72(0%), DEF IV: 87(0%), Work Speed: (0%), Skills: Artisan
Cattiva, Level: 9, Rank: 1, Gender: Female, HP IV: 59(0%), ATK IV: 54(0%), DEF IV: 5(0%), Work Speed: (0%), Skills: Coward, Sickly, Unstable
Depresso, Level: 7, Rank: 1, Gender: Female, HP IV: 93(0%), ATK IV: 19(0%), DEF IV: 49(0%), Work Speed: (0%)
Dumud, Level: 10, Rank: 1, Gender: Male, HP IV: 80(0%), ATK IV: 23(0%), DEF IV: 70(0%), Work Speed: (0%), Skills: Artisan, Serious
Fuack, Level: 6, Rank: 1, Gender: Male, HP IV: 69(0%), ATK IV: 27(0%), DEF IV: 60(0%), Work Speed: (0%), Skills: Motivational Leader
Fuack, Level: 9, Rank: 1, Gender: Female, HP IV: 59(0%), ATK IV: 17(0%), DEF IV: 18(0%), Work Speed: (0%), Skills: Power of Gaia, Positive Thinker
Fuddler, Level: 7, Rank: 1, Gender: Female, HP IV: 69(0%), ATK IV: 20(0%), DEF IV: 99(0%), Work Speed: (0%), Skills: Abnormal
Mau, Level: 5, Rank: 1, Gender: Female, HP IV: 67(0%), ATK IV: 63(0%), DEF IV: 83(0%), Work Speed: (0%), Skills: Mercy hit, Conceited
Rooby, Level: 9, Rank: 1, Gender: Male, HP IV: 54(0%), ATK IV: 83(0%), DEF IV: 74(0%), Work Speed: (0%), Skills: Veil of Darkness
Rushoar, Level: 3, Rank: 1, Gender: Male, HP IV: 68(0%), ATK IV: 9(0%), DEF IV: 5(0%), Work Speed: (0%), Skills: Masochist
Rushoar, Level: 4, Rank: 1, Gender: Female, HP IV: 49(0%), ATK IV: 15(0%), DEF IV: 98(0%), Work Speed: (0%), Skills: Bottomless Stomach, Hard Skin, Brave, Veil of Darkness
Rushoar, Level: 5, Rank: 1, Gender: Female, HP IV: 75(0%), ATK IV: 85(0%), DEF IV: 60(0%), Work Speed: (0%), Skills: Hydromaniac
Sparkit, Level: 6, Rank: 1, Gender: Male, HP IV: 1(0%), ATK IV: 100(0%), DEF IV: 54(0%), Work Speed: (0%), Skills: Waterproof
Teafant, Level: 1, Rank: 1, Gender: Female, HP IV: 64(0%), ATK IV: 83(0%), DEF IV: 85(0%), Work Speed: (0%), Skills: Hooligan
Vixy, Level: 8, Rank: 1, Gender: Male, HP IV: 7(0%), ATK IV: 55(0%), DEF IV: 20(0%), Work Speed: (0%), Skills: Capacitor
Vixy, Level: 9, Rank: 1, Gender: Male, HP IV: 22(0%), ATK IV: 94(0%), DEF IV: 79(0%), Work Speed: (0%), Skills: Heated Body
☯Meekyman☯'s 17 Pals
--------------------
Alpha Chillet, Level: 11, Rank: 1, Gender: Female, HP IV: 88(0%), ATK IV: 99(0%), DEF IV: 56(0%), Work Speed: (0%), Skills: Artisan
Alpha Vixy, Level: 12, Rank: 1, Gender: Male, HP IV: 85(0%), ATK IV: 72(0%), DEF IV: 87(0%), Work Speed: (0%), Skills: Artisan
Cattiva, Level: 9, Rank: 1, Gender: Female, HP IV: 59(0%), ATK IV: 54(0%), DEF IV: 5(0%), Work Speed: (0%), Skills: Coward, Sickly, Unstable
Depresso, Level: 7, Rank: 1, Gender: Female, HP IV: 93(0%), ATK IV: 19(0%), DEF IV: 49(0%), Work Speed: (0%)
Dumud, Level: 10, Rank: 1, Gender: Male, HP IV: 80(0%), ATK IV: 23(0%), DEF IV: 70(0%), Work Speed: (0%), Skills: Artisan, Serious
Fuack, Level: 6, Rank: 1, Gender: Male, HP IV: 69(0%), ATK IV: 27(0%), DEF IV: 60(0%), Work Speed: (0%), Skills: Motivational Leader
Fuack, Level: 9, Rank: 1, Gender: Female, HP IV: 59(0%), ATK IV: 17(0%), DEF IV: 18(0%), Work Speed: (0%), Skills: Power of Gaia, Positive Thinker
Fuddler, Level: 7, Rank: 1, Gender: Female, HP IV: 69(0%), ATK IV: 20(0%), DEF IV: 99(0%), Work Speed: (0%), Skills: Abnormal
Mau, Level: 5, Rank: 1, Gender: Female, HP IV: 67(0%), ATK IV: 63(0%), DEF IV: 83(0%), Work Speed: (0%), Skills: Mercy hit, Conceited
Rooby, Level: 9, Rank: 1, Gender: Male, HP IV: 54(0%), ATK IV: 83(0%), DEF IV: 74(0%), Work Speed: (0%), Skills: Veil of Darkness
Rushoar, Level: 3, Rank: 1, Gender: Male, HP IV: 68(0%), ATK IV: 9(0%), DEF IV: 5(0%), Work Speed: (0%), Skills: Masochist
Rushoar, Level: 4, Rank: 1, Gender: Female, HP IV: 49(0%), ATK IV: 15(0%), DEF IV: 98(0%), Work Speed: (0%), Skills: Bottomless Stomach, Hard Skin, Brave, Veil of Darkness
Rushoar, Level: 5, Rank: 1, Gender: Female, HP IV: 75(0%), ATK IV: 85(0%), DEF IV: 60(0%), Work Speed: (0%), Skills: Hydromaniac
Sparkit, Level: 6, Rank: 1, Gender: Male, HP IV: 1(0%), ATK IV: 100(0%), DEF IV: 54(0%), Work Speed: (0%), Skills: Waterproof
Teafant, Level: 1, Rank: 1, Gender: Female, HP IV: 64(0%), ATK IV: 83(0%), DEF IV: 85(0%), Work Speed: (0%), Skills: Hooligan
Vixy, Level: 8, Rank: 1, Gender: Male, HP IV: 7(0%), ATK IV: 55(0%), DEF IV: 20(0%), Work Speed: (0%), Skills: Capacitor
Vixy, Level: 9, Rank: 1, Gender: Male, HP IV: 22(0%), ATK IV: 94(0%), DEF IV: 79(0%), Work Speed: (0%), Skills: Heated Body
☯Meekyman☯'s 17 Pals
--------------------
Alpha Chillet, Level: 11, Rank: 1, Gender: Female, HP IV: 88(0%), ATK IV: 99(0%), DEF IV: 56(0%), Work Speed: (0%), Skills: Artisan
Alpha Vixy, Level: 12, Rank: 1, Gender: Male, HP IV: 85(0%), ATK IV: 72(0%), DEF IV: 87(0%), Work Speed: (0%), Skills: Artisan
Cattiva, Level: 9, Rank: 1, Gender: Female, HP IV: 59(0%), ATK IV: 54(0%), DEF IV: 5(0%), Work Speed: (0%), Skills: Coward, Sickly, Unstable
Depresso, Level: 7, Rank: 1, Gender: Female, HP IV: 93(0%), ATK IV: 19(0%), DEF IV: 49(0%), Work Speed: (0%)
Dumud, Level: 10, Rank: 1, Gender: Male, HP IV: 80(0%), ATK IV: 23(0%), DEF IV: 70(0%), Work Speed: (0%), Skills: Artisan, Serious
Fuack, Level: 6, Rank: 1, Gender: Male, HP IV: 69(0%), ATK IV: 27(0%), DEF IV: 60(0%), Work Speed: (0%), Skills: Motivational Leader
Fuack, Level: 9, Rank: 1, Gender: Female, HP IV: 59(0%), ATK IV: 17(0%), DEF IV: 18(0%), Work Speed: (0%), Skills: Power of Gaia, Positive Thinker
Fuddler, Level: 7, Rank: 1, Gender: Female, HP IV: 69(0%), ATK IV: 20(0%), DEF IV: 99(0%), Work Speed: (0%), Skills: Abnormal
Mau, Level: 5, Rank: 1, Gender: Female, HP IV: 67(0%), ATK IV: 63(0%), DEF IV: 83(0%), Work Speed: (0%), Skills: Mercy hit, Conceited
Rooby, Level: 9, Rank: 1, Gender: Male, HP IV: 54(0%), ATK IV: 83(0%), DEF IV: 74(0%), Work Speed: (0%), Skills: Veil of Darkness
Rushoar, Level: 3, Rank: 1, Gender: Male, HP IV: 68(0%), ATK IV: 9(0%), DEF IV: 5(0%), Work Speed: (0%), Skills: Masochist
Rushoar, Level: 4, Rank: 1, Gender: Female, HP IV: 49(0%), ATK IV: 15(0%), DEF IV: 98(0%), Work Speed: (0%), Skills: Bottomless Stomach, Hard Skin, Brave, Veil of Darkness
Rushoar, Level: 5, Rank: 1, Gender: Female, HP IV: 75(0%), ATK IV: 85(0%), DEF IV: 60(0%), Work Speed: (0%), Skills: Hydromaniac
Sparkit, Level: 6, Rank: 1, Gender: Male, HP IV: 1(0%), ATK IV: 100(0%), DEF IV: 54(0%), Work Speed: (0%), Skills: Waterproof
Teafant, Level: 1, Rank: 1, Gender: Female, HP IV: 64(0%), ATK IV: 83(0%), DEF IV: 85(0%), Work Speed: (0%), Skills: Hooligan
Vixy, Level: 8, Rank: 1, Gender: Male, HP IV: 7(0%), ATK IV: 55(0%), DEF IV: 20(0%), Work Speed: (0%), Skills: Capacitor
Vixy, Level: 9, Rank: 1, Gender: Male, HP IV: 22(0%), ATK IV: 94(0%), DEF IV: 79(0%), Work Speed: (0%), Skills: Heated Body
☯Meekyman☯'s 17 Pals
--------------------
Alpha Chillet, Level: 11, Rank: 1, Gender: Female, HP IV: 88(0%), ATK IV: 99(0%), DEF IV: 56(0%), Work Speed: (0%), Skills: Artisan
Alpha Vixy, Level: 12, Rank: 1, Gender: Male, HP IV: 85(0%), ATK IV: 72(0%), DEF IV: 87(0%), Work Speed: (0%), Skills: Artisan
Cattiva, Level: 9, Rank: 1, Gender: Female, HP IV: 59(0%), ATK IV: 54(0%), DEF IV: 5(0%), Work Speed: (0%), Skills: Coward, Sickly, Unstable
Depresso, Level: 7, Rank: 1, Gender: Female, HP IV: 93(0%), ATK IV: 19(0%), DEF IV: 49(0%), Work Speed: (0%)
Dumud, Level: 10, Rank: 1, Gender: Male, HP IV: 80(0%), ATK IV: 23(0%), DEF IV: 70(0%), Work Speed: (0%), Skills: Artisan, Serious
Fuack, Level: 6, Rank: 1, Gender: Male, HP IV: 69(0%), ATK IV: 27(0%), DEF IV: 60(0%), Work Speed: (0%), Skills: Motivational Leader
Fuack, Level: 9, Rank: 1, Gender: Female, HP IV: 59(0%), ATK IV: 17(0%), DEF IV: 18(0%), Work Speed: (0%), Skills: Power of Gaia, Positive Thinker
Fuddler, Level: 7, Rank: 1, Gender: Female, HP IV: 69(0%), ATK IV: 20(0%), DEF IV: 99(0%), Work Speed: (0%), Skills: Abnormal
Mau, Level: 5, Rank: 1, Gender: Female, HP IV: 67(0%), ATK IV: 63(0%), DEF IV: 83(0%), Work Speed: (0%), Skills: Mercy hit, Conceited
Rooby, Level: 9, Rank: 1, Gender: Male, HP IV: 54(0%), ATK IV: 83(0%), DEF IV: 74(0%), Work Speed: (0%), Skills: Veil of Darkness
Rushoar, Level: 3, Rank: 1, Gender: Male, HP IV: 68(0%), ATK IV: 9(0%), DEF IV: 5(0%), Work Speed: (0%), Skills: Masochist
Rushoar, Level: 4, Rank: 1, Gender: Female, HP IV: 49(0%), ATK IV: 15(0%), DEF IV: 98(0%), Work Speed: (0%), Skills: Bottomless Stomach, Hard Skin, Brave, Veil of Darkness
Rushoar, Level: 5, Rank: 1, Gender: Female, HP IV: 75(0%), ATK IV: 85(0%), DEF IV: 60(0%), Work Speed: (0%), Skills: Hydromaniac
Sparkit, Level: 6, Rank: 1, Gender: Male, HP IV: 1(0%), ATK IV: 100(0%), DEF IV: 54(0%), Work Speed: (0%), Skills: Waterproof
Teafant, Level: 1, Rank: 1, Gender: Female, HP IV: 64(0%), ATK IV: 83(0%), DEF IV: 85(0%), Work Speed: (0%), Skills: Hooligan
Vixy, Level: 8, Rank: 1, Gender: Male, HP IV: 7(0%), ATK IV: 55(0%), DEF IV: 20(0%), Work Speed: (0%), Skills: Capacitor
Vixy, Level: 9, Rank: 1, Gender: Male, HP IV: 22(0%), ATK IV: 94(0%), DEF IV: 79(0%), Work Speed: (0%), Skills: Heated Body
☯Meekyman☯'s 17 Pals
--------------------
Alpha Chillet, Level: 11, Rank: 1, Gender: Female, HP IV: 88(0%), ATK IV: 99(0%), DEF IV: 56(0%), Work Speed: (0%), Skills: Artisan
Alpha Vixy, Level: 12, Rank: 1, Gender: Male, HP IV: 85(0%), ATK IV: 72(0%), DEF IV: 87(0%), Work Speed: (0%), Skills: Artisan
Cattiva, Level: 9, Rank: 1, Gender: Female, HP IV: 59(0%), ATK IV: 54(0%), DEF IV: 5(0%), Work Speed: (0%), Skills: Coward, Sickly, Unstable
Depresso, Level: 7, Rank: 1, Gender: Female, HP IV: 93(0%), ATK IV: 19(0%), DEF IV: 49(0%), Work Speed: (0%)
Dumud, Level: 10, Rank: 1, Gender: Male, HP IV: 80(0%), ATK IV: 23(0%), DEF IV: 70(0%), Work Speed: (0%), Skills: Artisan, Serious
Fuack, Level: 6, Rank: 1, Gender: Male, HP IV: 69(0%), ATK IV: 27(0%), DEF IV: 60(0%), Work Speed: (0%), Skills: Motivational Leader
Fuack, Level: 9, Rank: 1, Gender: Female, HP IV: 59(0%), ATK IV: 17(0%), DEF IV: 18(0%), Work Speed: (0%), Skills: Power of Gaia, Positive Thinker
Fuddler, Level: 7, Rank: 1, Gender: Female, HP IV: 69(0%), ATK IV: 20(0%), DEF IV: 99(0%), Work Speed: (0%), Skills: Abnormal
Mau, Level: 5, Rank: 1, Gender: Female, HP IV: 67(0%), ATK IV: 63(0%), DEF IV: 83(0%), Work Speed: (0%), Skills: Mercy hit, Conceited
Rooby, Level: 9, Rank: 1, Gender: Male, HP IV: 54(0%), ATK IV: 83(0%), DEF IV: 74(0%), Work Speed: (0%), Skills: Veil of Darkness
Rushoar, Level: 3, Rank: 1, Gender: Male, HP IV: 68(0%), ATK IV: 9(0%), DEF IV: 5(0%), Work Speed: (0%), Skills: Masochist
Rushoar, Level: 4, Rank: 1, Gender: Female, HP IV: 49(0%), ATK IV: 15(0%), DEF IV: 98(0%), Work Speed: (0%), Skills: Bottomless Stomach, Hard Skin, Brave, Veil of Darkness
Rushoar, Level: 5, Rank: 1, Gender: Female, HP IV: 75(0%), ATK IV: 85(0%), DEF IV: 60(0%), Work Speed: (0%), Skills: Hydromaniac
Sparkit, Level: 6, Rank: 1, Gender: Male, HP IV: 1(0%), ATK IV: 100(0%), DEF IV: 54(0%), Work Speed: (0%), Skills: Waterproof
Teafant, Level: 1, Rank: 1, Gender: Female, HP IV: 64(0%), ATK IV: 83(0%), DEF IV: 85(0%), Work Speed: (0%), Skills: Hooligan
Vixy, Level: 8, Rank: 1, Gender: Male, HP IV: 7(0%), ATK IV: 55(0%), DEF IV: 20(0%), Work Speed: (0%), Skills: Capacitor
Vixy, Level: 9, Rank: 1, Gender: Male, HP IV: 22(0%), ATK IV: 94(0%), DEF IV: 79(0%), Work Speed: (0%), Skills: Heated Body
☯Meekyman☯'s 17 Pals
--------------------
Alpha Chillet, Level: 11, Rank: 1, Gender: Female, HP IV: 88(0%), ATK IV: 99(0%), DEF IV: 56(0%), Work Speed: (0%), Skills: Artisan
Alpha Vixy, Level: 12, Rank: 1, Gender: Male, HP IV: 85(0%), ATK IV: 72(0%), DEF IV: 87(0%), Work Speed: (0%), Skills: Artisan
Cattiva, Level: 9, Rank: 1, Gender: Female, HP IV: 59(0%), ATK IV: 54(0%), DEF IV: 5(0%), Work Speed: (0%), Skills: Coward, Sickly, Unstable
Depresso, Level: 7, Rank: 1, Gender: Female, HP IV: 93(0%), ATK IV: 19(0%), DEF IV: 49(0%), Work Speed: (0%)
Dumud, Level: 10, Rank: 1, Gender: Male, HP IV: 80(0%), ATK IV: 23(0%), DEF IV: 70(0%), Work Speed: (0%), Skills: Artisan, Serious
Fuack, Level: 6, Rank: 1, Gender: Male, HP IV: 69(0%), ATK IV: 27(0%), DEF IV: 60(0%), Work Speed: (0%), Skills: Motivational Leader
Fuack, Level: 9, Rank: 1, Gender: Female, HP IV: 59(0%), ATK IV: 17(0%), DEF IV: 18(0%), Work Speed: (0%), Skills: Power of Gaia, Positive Thinker
Fuddler, Level: 7, Rank: 1, Gender: Female, HP IV: 69(0%), ATK IV: 20(0%), DEF IV: 99(0%), Work Speed: (0%), Skills: Abnormal
Mau, Level: 5, Rank: 1, Gender: Female, HP IV: 67(0%), ATK IV: 63(0%), DEF IV: 83(0%), Work Speed: (0%), Skills: Mercy hit, Conceited
Rooby, Level: 9, Rank: 1, Gender: Male, HP IV: 54(0%), ATK IV: 83(0%), DEF IV: 74(0%), Work Speed: (0%), Skills: Veil of Darkness
Rushoar, Level: 3, Rank: 1, Gender: Male, HP IV: 68(0%), ATK IV: 9(0%), DEF IV: 5(0%), Work Speed: (0%), Skills: Masochist
Rushoar, Level: 4, Rank: 1, Gender: Female, HP IV: 49(0%), ATK IV: 15(0%), DEF IV: 98(0%), Work Speed: (0%), Skills: Bottomless Stomach, Hard Skin, Brave, Veil of Darkness
Rushoar, Level: 5, Rank: 1, Gender: Female, HP IV: 75(0%), ATK IV: 85(0%), DEF IV: 60(0%), Work Speed: (0%), Skills: Hydromaniac
Sparkit, Level: 6, Rank: 1, Gender: Male, HP IV: 1(0%), ATK IV: 100(0%), DEF IV: 54(0%), Work Speed: (0%), Skills: Waterproof
Teafant, Level: 1, Rank: 1, Gender: Female, HP IV: 64(0%), ATK IV: 83(0%), DEF IV: 85(0%), Work Speed: (0%), Skills: Hooligan
Vixy, Level: 8, Rank: 1, Gender: Male, HP IV: 7(0%), ATK IV: 55(0%), DEF IV: 20(0%), Work Speed: (0%), Skills: Capacitor
Vixy, Level: 9, Rank: 1, Gender: Male, HP IV: 22(0%), ATK IV: 94(0%), DEF IV: 79(0%), Work Speed: (0%), Skills: Heated Body
☯Meekyman☯'s 17 Pals
--------------------
Alpha Chillet, Level: 11, Rank: 1, Gender: Female, HP IV: 88(0%), ATK IV: 99(0%), DEF IV: 56(0%), Work Speed: (0%), Skills: Artisan
Alpha Vixy, Level: 12, Rank: 1, Gender: Male, HP IV: 85(0%), ATK IV: 72(0%), DEF IV: 87(0%), Work Speed: (0%), Skills: Artisan
Cattiva, Level: 9, Rank: 1, Gender: Female, HP IV: 59(0%), ATK IV: 54(0%), DEF IV: 5(0%), Work Speed: (0%), Skills: Coward, Sickly, Unstable
Depresso, Level: 7, Rank: 1, Gender: Female, HP IV: 93(0%), ATK IV: 19(0%), DEF IV: 49(0%), Work Speed: (0%)
Dumud, Level: 10, Rank: 1, Gender: Male, HP IV: 80(0%), ATK IV: 23(0%), DEF IV: 70(0%), Work Speed: (0%), Skills: Artisan, Serious
Fuack, Level: 6, Rank: 1, Gender: Male, HP IV: 69(0%), ATK IV: 27(0%), DEF IV: 60(0%), Work Speed: (0%), Skills: Motivational Leader
Fuack, Level: 9, Rank: 1, Gender: Female, HP IV: 59(0%), ATK IV: 17(0%), DEF IV: 18(0%), Work Speed: (0%), Skills: Power of Gaia, Positive Thinker
Fuddler, Level: 7, Rank: 1, Gender: Female, HP IV: 69(0%), ATK IV: 20(0%), DEF IV: 99(0%), Work Speed: (0%), Skills: Abnormal
Mau, Level: 5, Rank: 1, Gender: Female, HP IV: 67(0%), ATK IV: 63(0%), DEF IV: 83(0%), Work Speed: (0%), Skills: Mercy hit, Conceited
Rooby, Level: 9, Rank: 1, Gender: Male, HP IV: 54(0%), ATK IV: 83(0%), DEF IV: 74(0%), Work Speed: (0%), Skills: Veil of Darkness
Rushoar, Level: 3, Rank: 1, Gender: Male, HP IV: 68(0%), ATK IV: 9(0%), DEF IV: 5(0%), Work Speed: (0%), Skills: Masochist
Rushoar, Level: 4, Rank: 1, Gender: Female, HP IV: 49(0%), ATK IV: 15(0%), DEF IV: 98(0%), Work Speed: (0%), Skills: Bottomless Stomach, Hard Skin, Brave, Veil of Darkness
Rushoar, Level: 5, Rank: 1, Gender: Female, HP IV: 75(0%), ATK IV: 85(0%), DEF IV: 60(0%), Work Speed: (0%), Skills: Hydromaniac
Sparkit, Level: 6, Rank: 1, Gender: Male, HP IV: 1(0%), ATK IV: 100(0%), DEF IV: 54(0%), Work Speed: (0%), Skills: Waterproof
Teafant, Level: 1, Rank: 1, Gender: Female, HP IV: 64(0%), ATK IV: 83(0%), DEF IV: 85(0%), Work Speed: (0%), Skills: Hooligan
Vixy, Level: 8, Rank: 1, Gender: Male, HP IV: 7(0%), ATK IV: 55(0%), DEF IV: 20(0%), Work Speed: (0%), Skills: Capacitor
Vixy, Level: 9, Rank: 1, Gender: Male, HP IV: 22(0%), ATK IV: 94(0%), DEF IV: 79(0%), Work Speed: (0%), Skills: Heated Body
☯Meekyman☯'s 17 Pals
--------------------
Alpha Chillet, Level: 11, Rank: 1, Gender: Female, HP IV: 88(0%), ATK IV: 99(0%), DEF IV: 56(0%), Work Speed: (0%), Skills: Artisan
Alpha Vixy, Level: 12, Rank: 1, Gender: Male, HP IV: 85(0%), ATK IV: 72(0%), DEF IV: 87(0%), Work Speed: (0%), Skills: Artisan
Cattiva, Level: 9, Rank: 1, Gender: Female, HP IV: 59(0%), ATK IV: 54(0%), DEF IV: 5(0%), Work Speed: (0%), Skills: Coward, Sickly, Unstable
Depresso, Level: 7, Rank: 1, Gender: Female, HP IV: 93(0%), ATK IV: 19(0%), DEF IV: 49(0%), Work Speed: (0%)
Dumud, Level: 10, Rank: 1, Gender: Male, HP IV: 80(0%), ATK IV: 23(0%), DEF IV: 70(0%), Work Speed: (0%), Skills: Artisan, Serious
Fuack, Level: 6, Rank: 1, Gender: Male, HP IV: 69(0%), ATK IV: 27(0%), DEF IV: 60(0%), Work Speed: (0%), Skills: Motivational Leader
Fuack, Level: 9, Rank: 1, Gender: Female, HP IV: 59(0%), ATK IV: 17(0%), DEF IV: 18(0%), Work Speed: (0%), Skills: Power of Gaia, Positive Thinker
Fuddler, Level: 7, Rank: 1, Gender: Female, HP IV: 69(0%), ATK IV: 20(0%), DEF IV: 99(0%), Work Speed: (0%), Skills: Abnormal
Mau, Level: 5, Rank: 1, Gender: Female, HP IV: 67(0%), ATK IV: 63(0%), DEF IV: 83(0%), Work Speed: (0%), Skills: Mercy hit, Conceited
Rooby, Level: 9, Rank: 1, Gender: Male, HP IV: 54(0%), ATK IV: 83(0%), DEF IV: 74(0%), Work Speed: (0%), Skills: Veil of Darkness
Rushoar, Level: 3, Rank: 1, Gender: Male, HP IV: 68(0%), ATK IV: 9(0%), DEF IV: 5(0%), Work Speed: (0%), Skills: Masochist
Rushoar, Level: 4, Rank: 1, Gender: Female, HP IV: 49(0%), ATK IV: 15(0%), DEF IV: 98(0%), Work Speed: (0%), Skills: Bottomless Stomach, Hard Skin, Brave, Veil of Darkness
Rushoar, Level: 5, Rank: 1, Gender: Female, HP IV: 75(0%), ATK IV: 85(0%), DEF IV: 60(0%), Work Speed: (0%), Skills: Hydromaniac
Sparkit, Level: 6, Rank: 1, Gender: Male, HP IV: 1(0%), ATK IV: 100(0%), DEF IV: 54(0%), Work Speed: (0%), Skills: Waterproof
Teafant, Level: 1, Rank: 1, Gender: Female, HP IV: 64(0%), ATK IV: 83(0%), DEF IV: 85(0%), Work Speed: (0%), Skills: Hooligan
Vixy, Level: 8, Rank: 1, Gender: Male, HP IV: 7(0%), ATK IV: 55(0%), DEF IV: 20(0%), Work Speed: (0%), Skills: Capacitor
Vixy, Level: 9, Rank: 1, Gender: Male, HP IV: 22(0%), ATK IV: 94(0%), DEF IV: 79(0%), Work Speed: (0%), Skills: Heated Body
☯Meekyman☯'s 17 Pals
--------------------
Alpha Chillet, Level: 11, Rank: 1, Gender: Female, HP IV: 88(0%), ATK IV: 99(0%), DEF IV: 56(0%), Work Speed: (0%), Skills: Artisan
Alpha Vixy, Level: 12, Rank: 1, Gender: Male, HP IV: 85(0%), ATK IV: 72(0%), DEF IV: 87(0%), Work Speed: (0%), Skills: Artisan
Cattiva, Level: 9, Rank: 1, Gender: Female, HP IV: 59(0%), ATK IV: 54(0%), DEF IV: 5(0%), Work Speed: (0%), Skills: Coward, Sickly, Unstable
Depresso, Level: 7, Rank: 1, Gender: Female, HP IV: 93(0%), ATK IV: 19(0%), DEF IV: 49(0%), Work Speed: (0%)
Dumud, Level: 10, Rank: 1, Gender: Male, HP IV: 80(0%), ATK IV: 23(0%), DEF IV: 70(0%), Work Speed: (0%), Skills: Artisan, Serious
Fuack, Level: 6, Rank: 1, Gender: Male, HP IV: 69(0%), ATK IV: 27(0%), DEF IV: 60(0%), Work Speed: (0%), Skills: Motivational Leader
Fuack, Level: 9, Rank: 1, Gender: Female, HP IV: 59(0%), ATK IV: 17(0%), DEF IV: 18(0%), Work Speed: (0%), Skills: Power of Gaia, Positive Thinker
Fuddler, Level: 7, Rank: 1, Gender: Female, HP IV: 69(0%), ATK IV: 20(0%), DEF IV: 99(0%), Work Speed: (0%), Skills: Abnormal
Mau, Level: 5, Rank: 1, Gender: Female, HP IV: 67(0%), ATK IV: 63(0%), DEF IV: 83(0%), Work Speed: (0%), Skills: Mercy hit, Conceited
Rooby, Level: 9, Rank: 1, Gender: Male, HP IV: 54(0%), ATK IV: 83(0%), DEF IV: 74(0%), Work Speed: (0%), Skills: Veil of Darkness
Rushoar, Level: 3, Rank: 1, Gender: Male, HP IV: 68(0%), ATK IV: 9(0%), DEF IV: 5(0%), Work Speed: (0%), Skills: Masochist
Rushoar, Level: 4, Rank: 1, Gender: Female, HP IV: 49(0%), ATK IV: 15(0%), DEF IV: 98(0%), Work Speed: (0%), Skills: Bottomless Stomach, Hard Skin, Brave, Veil of Darkness
Rushoar, Level: 5, Rank: 1, Gender: Female, HP IV: 75(0%), ATK IV: 85(0%), DEF IV: 60(0%), Work Speed: (0%), Skills: Hydromaniac
Sparkit, Level: 6, Rank: 1, Gender: Male, HP IV: 1(0%), ATK IV: 100(0%), DEF IV: 54(0%), Work Speed: (0%), Skills: Waterproof
Teafant, Level: 1, Rank: 1, Gender: Female, HP IV: 64(0%), ATK IV: 83(0%), DEF IV: 85(0%), Work Speed: (0%), Skills: Hooligan
Vixy, Level: 8, Rank: 1, Gender: Male, HP IV: 7(0%), ATK IV: 55(0%), DEF IV: 20(0%), Work Speed: (0%), Skills: Capacitor
Vixy, Level: 9, Rank: 1, Gender: Male, HP IV: 22(0%), ATK IV: 94(0%), DEF IV: 79(0%), Work Speed: (0%), Skills: Heated Body
☯Meekyman☯'s 17 Pals
--------------------
Alpha Chillet, Level: 11, Rank: 1, Gender: Female, HP IV: 88(0%), ATK IV: 99(0%), DEF IV: 56(0%), Work Speed: (0%), Skills: Artisan
Alpha Vixy, Level: 12, Rank: 1, Gender: Male, HP IV: 85(0%), ATK IV: 72(0%), DEF IV: 87(0%), Work Speed: (0%), Skills: Artisan
Cattiva, Level: 9, Rank: 1, Gender: Female, HP IV: 59(0%), ATK IV: 54(0%), DEF IV: 5(0%), Work Speed: (0%), Skills: Coward, Sickly, Unstable
Depresso, Level: 7, Rank: 1, Gender: Female, HP IV: 93(0%), ATK IV: 19(0%), DEF IV: 49(0%), Work Speed: (0%)
Dumud, Level: 10, Rank: 1, Gender: Male, HP IV: 80(0%), ATK IV: 23(0%), DEF IV: 70(0%), Work Speed: (0%), Skills: Artisan, Serious
Fuack, Level: 6, Rank: 1, Gender: Male, HP IV: 69(0%), ATK IV: 27(0%), DEF IV: 60(0%), Work Speed: (0%), Skills: Motivational Leader
Fuack, Level: 9, Rank: 1, Gender: Female, HP IV: 59(0%), ATK IV: 17(0%), DEF IV: 18(0%), Work Speed: (0%), Skills: Power of Gaia, Positive Thinker
Fuddler, Level: 7, Rank: 1, Gender: Female, HP IV: 69(0%), ATK IV: 20(0%), DEF IV: 99(0%), Work Speed: (0%), Skills: Abnormal
Mau, Level: 5, Rank: 1, Gender: Female, HP IV: 67(0%), ATK IV: 63(0%), DEF IV: 83(0%), Work Speed: (0%), Skills: Mercy hit, Conceited
Rooby, Level: 9, Rank: 1, Gender: Male, HP IV: 54(0%), ATK IV: 83(0%), DEF IV: 74(0%), Work Speed: (0%), Skills: Veil of Darkness
Rushoar, Level: 3, Rank: 1, Gender: Male, HP IV: 68(0%), ATK IV: 9(0%), DEF IV: 5(0%), Work Speed: (0%), Skills: Masochist
Rushoar, Level: 4, Rank: 1, Gender: Female, HP IV: 49(0%), ATK IV: 15(0%), DEF IV: 98(0%), Work Speed: (0%), Skills: Bottomless Stomach, Hard Skin, Brave, Veil of Darkness
Rushoar, Level: 5, Rank: 1, Gender: Female, HP IV: 75(0%), ATK IV: 85(0%), DEF IV: 60(0%), Work Speed: (0%), Skills: Hydromaniac
Sparkit, Level: 6, Rank: 1, Gender: Male, HP IV: 1(0%), ATK IV: 100(0%), DEF IV: 54(0%), Work Speed: (0%), Skills: Waterproof
Teafant, Level: 1, Rank: 1, Gender: Female, HP IV: 64(0%), ATK IV: 83(0%), DEF IV: 85(0%), Work Speed: (0%), Skills: Hooligan
Vixy, Level: 8, Rank: 1, Gender: Male, HP IV: 7(0%), ATK IV: 55(0%), DEF IV: 20(0%), Work Speed: (0%), Skills: Capacitor
Vixy, Level: 9, Rank: 1, Gender: Male, HP IV: 22(0%), ATK IV: 94(0%), DEF IV: 79(0%), Work Speed: (0%), Skills: Heated Body
☯Meekyman☯'s 17 Pals
--------------------
Alpha Chillet, Level: 11, Rank: 1, Gender: Female, HP IV: 88(0%), ATK IV: 99(0%), DEF IV: 56(0%), Work Speed: (0%), Skills: Artisan
Alpha Vixy, Level: 12, Rank: 1, Gender: Male, HP IV: 85(0%), ATK IV: 72(0%), DEF IV: 87(0%), Work Speed: (0%), Skills: Artisan
Cattiva, Level: 9, Rank: 1, Gender: Female, HP IV: 59(0%), ATK IV: 54(0%), DEF IV: 5(0%), Work Speed: (0%), Skills: Coward, Sickly, Unstable
Depresso, Level: 7, Rank: 1, Gender: Female, HP IV: 93(0%), ATK IV: 19(0%), DEF IV: 49(0%), Work Speed: (0%)
Dumud, Level: 10, Rank: 1, Gender: Male, HP IV: 80(0%), ATK IV: 23(0%), DEF IV: 70(0%), Work Speed: (0%), Skills: Artisan, Serious
Fuack, Level: 6, Rank: 1, Gender: Male, HP IV: 69(0%), ATK IV: 27(0%), DEF IV: 60(0%), Work Speed: (0%), Skills: Motivational Leader
Fuack, Level: 9, Rank: 1, Gender: Female, HP IV: 59(0%), ATK IV: 17(0%), DEF IV: 18(0%), Work Speed: (0%), Skills: Power of Gaia, Positive Thinker
Fuddler, Level: 7, Rank: 1, Gender: Female, HP IV: 69(0%), ATK IV: 20(0%), DEF IV: 99(0%), Work Speed: (0%), Skills: Abnormal
Mau, Level: 5, Rank: 1, Gender: Female, HP IV: 67(0%), ATK IV: 63(0%), DEF IV: 83(0%), Work Speed: (0%), Skills: Mercy hit, Conceited
Rooby, Level: 9, Rank: 1, Gender: Male, HP IV: 54(0%), ATK IV: 83(0%), DEF IV: 74(0%), Work Speed: (0%), Skills: Veil of Darkness
Rushoar, Level: 3, Rank: 1, Gender: Male, HP IV: 68(0%), ATK IV: 9(0%), DEF IV: 5(0%), Work Speed: (0%), Skills: Masochist
Rushoar, Level: 4, Rank: 1, Gender: Female, HP IV: 49(0%), ATK IV: 15(0%), DEF IV: 98(0%), Work Speed: (0%), Skills: Bottomless Stomach, Hard Skin, Brave, Veil of Darkness
Rushoar, Level: 5, Rank: 1, Gender: Female, HP IV: 75(0%), ATK IV: 85(0%), DEF IV: 60(0%), Work Speed: (0%), Skills: Hydromaniac
Sparkit, Level: 6, Rank: 1, Gender: Male, HP IV: 1(0%), ATK IV: 100(0%), DEF IV: 54(0%), Work Speed: (0%), Skills: Waterproof
Teafant, Level: 1, Rank: 1, Gender: Female, HP IV: 64(0%), ATK IV: 83(0%), DEF IV: 85(0%), Work Speed: (0%), Skills: Hooligan
Vixy, Level: 8, Rank: 1, Gender: Male, HP IV: 7(0%), ATK IV: 55(0%), DEF IV: 20(0%), Work Speed: (0%), Skills: Capacitor
Vixy, Level: 9, Rank: 1, Gender: Male, HP IV: 22(0%), ATK IV: 94(0%), DEF IV: 79(0%), Work Speed: (0%), Skills: Heated Body
☯Meekyman☯'s 17 Pals
--------------------
Alpha Chillet, Level: 11, Rank: 1, Gender: Female, HP IV: 88(0%), ATK IV: 99(0%), DEF IV: 56(0%), Work Speed: (0%), Skills: Artisan
Alpha Vixy, Level: 12, Rank: 1, Gender: Male, HP IV: 85(0%), ATK IV: 72(0%), DEF IV: 87(0%), Work Speed: (0%), Skills: Artisan
Cattiva, Level: 9, Rank: 1, Gender: Female, HP IV: 59(0%), ATK IV: 54(0%), DEF IV: 5(0%), Work Speed: (0%), Skills: Coward, Sickly, Unstable
Depresso, Level: 7, Rank: 1, Gender: Female, HP IV: 93(0%), ATK IV: 19(0%), DEF IV: 49(0%), Work Speed: (0%)
Dumud, Level: 10, Rank: 1, Gender: Male, HP IV: 80(0%), ATK IV: 23(0%), DEF IV: 70(0%), Work Speed: (0%), Skills: Artisan, Serious
Fuack, Level: 6, Rank: 1, Gender: Male, HP IV: 69(0%), ATK IV: 27(0%), DEF IV: 60(0%), Work Speed: (0%), Skills: Motivational Leader
Fuack, Level: 9, Rank: 1, Gender: Female, HP IV: 59(0%), ATK IV: 17(0%), DEF IV: 18(0%), Work Speed: (0%), Skills: Power of Gaia, Positive Thinker
Fuddler, Level: 7, Rank: 1, Gender: Female, HP IV: 69(0%), ATK IV: 20(0%), DEF IV: 99(0%), Work Speed: (0%), Skills: Abnormal
Mau, Level: 5, Rank: 1, Gender: Female, HP IV: 67(0%), ATK IV: 63(0%), DEF IV: 83(0%), Work Speed: (0%), Skills: Mercy hit, Conceited
Rooby, Level: 9, Rank: 1, Gender: Male, HP IV: 54(0%), ATK IV: 83(0%), DEF IV: 74(0%), Work Speed: (0%), Skills: Veil of Darkness
Rushoar, Level: 3, Rank: 1, Gender: Male, HP IV: 68(0%), ATK IV: 9(0%), DEF IV: 5(0%), Work Speed: (0%), Skills: Masochist
Rushoar, Level: 4, Rank: 1, Gender: Female, HP IV: 49(0%), ATK IV: 15(0%), DEF IV: 98(0%), Work Speed: (0%), Skills: Bottomless Stomach, Hard Skin, Brave, Veil of Darkness
Rushoar, Level: 5, Rank: 1, Gender: Female, HP IV: 75(0%), ATK IV: 85(0%), DEF IV: 60(0%), Work Speed: (0%), Skills: Hydromaniac
Sparkit, Level: 6, Rank: 1, Gender: Male, HP IV: 1(0%), ATK IV: 100(0%), DEF IV: 54(0%), Work Speed: (0%), Skills: Waterproof
Teafant, Level: 1, Rank: 1, Gender: Female, HP IV: 64(0%), ATK IV: 83(0%), DEF IV: 85(0%), Work Speed: (0%), Skills: Hooligan
Vixy, Level: 8, Rank: 1, Gender: Male, HP IV: 7(0%), ATK IV: 55(0%), DEF IV: 20(0%), Work Speed: (0%), Skills: Capacitor
Vixy, Level: 9, Rank: 1, Gender: Male, HP IV: 22(0%), ATK IV: 94(0%), DEF IV: 79(0%), Work Speed: (0%), Skills: Heated Body
