✪ blAck's 37 Pals
-----------------
Alpha Jormuntide ignis, Level: 10, Rank: 1, Gender: Female, HP IV: 44(0%), ATK IV: 91(0%), DEF IV: 86(0%), Work Speed: (0%), Skills: Hooligan, Dragonkiller, Logging Foreman
Anubis, Level: 26, Rank: 1, Gender: Female, HP IV: 80(0%), ATK IV: 55(0%), DEF IV: 87(0%), Work Speed: (0%), Skills: Slacker, Musclehead, Nimble, Brave
Arsox, Level: 1, Rank: 1, Gender: Male, HP IV: 75(0%), ATK IV: 72(0%), DEF IV: 96(0%), Work Speed: (0%), Skills: Logging Foreman
Cattiva, Level: 5, Rank: 1, Gender: Male, HP IV: 79(0%), ATK IV: 14(0%), DEF IV: 70(0%), Work Speed: (0%), Skills: Coward, Fine Furs
Cattiva, Level: 8, Rank: 1, Gender: Male, HP IV: 12(0%), ATK IV: 46(0%), DEF IV: 76(0%), Work Speed: (0%), Skills: Coward, Zen Mind, Mercy hit, Blood of the Dragon
Celaray, Level: 4, Rank: 1, Gender: Male, HP IV: 57(0%), ATK IV: 0(0%), DEF IV: 89(0%), Work Speed: (0%), Skills: Cheery
Chikipi, Level: 2, Rank: 1, Gender: Male, HP IV: 10(0%), ATK IV: 22(0%), DEF IV: 72(0%), Work Speed: (0%), Skills: Brave, Pyromaniac
Chikipi, Level: 3, Rank: 1, Gender: Female, HP IV: 40(0%), ATK IV: 75(0%), DEF IV: 82(0%), Work Speed: (0%), Skills: Fine Furs
Chikipi, Level: 3, Rank: 1, Gender: Male, HP IV: 65(0%), ATK IV: 1(0%), DEF IV: 48(0%), Work Speed: (0%), Skills: Slacker
Chikipi, Level: 4, Rank: 1, Gender: Female, HP IV: 66(0%), ATK IV: 93(0%), DEF IV: 93(0%), Work Speed: (0%), Skills: Shabby
Chikipi, Level: 5, Rank: 1, Gender: Female, HP IV: 68(0%), ATK IV: 83(0%), DEF IV: 18(0%), Work Speed: (0%), Skills: Blood of the Dragon
Daedream, Level: 1, Rank: 1, Gender: Male, HP IV: 34(0%), ATK IV: 55(0%), DEF IV: 69(0%), Work Speed: (0%), Skills: Serenity
Digtoise, Level: 23, Rank: 1, Gender: Female, HP IV: 55(0%), ATK IV: 24(0%), DEF IV: 11(0%), Work Speed: (0%), Skills: Hard Skin, Conceited
Dumud, Level: 19, Rank: 1, Gender: Male, HP IV: 26(0%), ATK IV: 95(0%), DEF IV: 34(0%), Work Speed: (0%), Skills: Slacker
Eikthyrdeer, Level: 8, Rank: 1, Gender: Female, HP IV: 13(0%), ATK IV: 25(0%), DEF IV: 74(0%), Work Speed: (0%), Skills: Noble
Foxparks, Level: 10, Rank: 1, Gender: Female, HP IV: 19(0%), ATK IV: 85(0%), DEF IV: 51(0%), Work Speed: (0%), Skills: Nocturnal
Foxparks, Level: 11, Rank: 1, Gender: Female, HP IV: 96(0%), ATK IV: 98(0%), DEF IV: 91(0%), Work Speed: (0%), Skills: Power of Gaia
Fuack, Level: 3, Rank: 1, Gender: Female, HP IV: 41(0%), ATK IV: 18(0%), DEF IV: 9(0%), Work Speed: (0%), Skills: Brave
Fuack, Level: 3, Rank: 1, Gender: Female, HP IV: 90(0%), ATK IV: 96(0%), DEF IV: 57(0%), Work Speed: (0%), Skills: Botanical Barrier, Coldblooded
Fuack, Level: 4, Rank: 1, Gender: Female, HP IV: 80(0%), ATK IV: 96(0%), DEF IV: 59(0%), Work Speed: (0%), Skills: Fit as a Fiddle
Fuack, Level: 5, Rank: 1, Gender: Male, HP IV: 21(0%), ATK IV: 31(0%), DEF IV: 83(0%), Work Speed: (0%), Skills: Bottomless Stomach
Gumoss, Level: 2, Rank: 1, Gender: Male, HP IV: 65(0%), ATK IV: 33(0%), DEF IV: 27(0%), Work Speed: (0%), Skills: Serious, Downtrodden
Gumoss, Level: 4, Rank: 1, Gender: Female, HP IV: 34(0%), ATK IV: 83(0%), DEF IV: 48(0%), Work Speed: (0%), Skills: Coward
Gumoss, Level: 5, Rank: 1, Gender: Female, HP IV: 30(0%), ATK IV: 86(0%), DEF IV: 93(0%), Work Speed: (0%), Skills: Pacifist
Jormuntide Ignis, Level: 10, Rank: 1, Gender: Female, HP IV: 95(0%), ATK IV: 76(12%), DEF IV: 8(0%), Work Speed: (0%), Skills: Hooligan, Ferocious, Coldblooded, Insulated Body
Lamball, Level: 2, Rank: 1, Gender: Male, HP IV: 60(0%), ATK IV: 88(0%), DEF IV: 19(0%), Work Speed: (0%), Skills: Conceited
Lamball, Level: 4, Rank: 1, Gender: Female, HP IV: 14(0%), ATK IV: 46(0%), DEF IV: 74(0%), Work Speed: (0%), Skills: Positive Thinker
Lamball, Level: 8, Rank: 1, Gender: Male, HP IV: 22(0%), ATK IV: 11(0%), DEF IV: 89(0%), Work Speed: (0%), Skills: Musclehead
Lifmunk, Level: 2, Rank: 1, Gender: Female, HP IV: 15(0%), ATK IV: 82(0%), DEF IV: 34(0%), Work Speed: (0%), Skills: Abnormal
Lifmunk, Level: 2, Rank: 1, Gender: Female, HP IV: 16(0%), ATK IV: 33(0%), DEF IV: 62(0%), Work Speed: (0%), Skills: Mercy hit
Pengullet, Level: 3, Rank: 1, Gender: Female, HP IV: 59(0%), ATK IV: 43(0%), DEF IV: 31(0%), Work Speed: (0%), Skills: Nocturnal, Shabby
Pengullet, Level: 5, Rank: 1, Gender: Male, HP IV: 64(0%), ATK IV: 61(0%), DEF IV: 77(0%), Work Speed: (0%)
Pengullet, Level: 6, Rank: 1, Gender: Male, HP IV: 5(0%), ATK IV: 55(0%), DEF IV: 31(0%), Work Speed: (0%)
Pengullet, Level: 9, Rank: 1, Gender: Female, HP IV: 32(0%), ATK IV: 20(0%), DEF IV: 11(0%), Work Speed: (0%), Skills: Clumsy, Coward
Rooby, Level: 2, Rank: 1, Gender: Female, HP IV: 68(0%), ATK IV: 100(0%), DEF IV: 62(0%), Work Speed: (0%), Skills: Nimble
Rooby, Level: 4, Rank: 1, Gender: Male, HP IV: 23(0%), ATK IV: 64(0%), DEF IV: 68(0%), Work Speed: (0%), Skills: Fine Furs
Vanwyrm, Level: 11, Rank: 1, Gender: Male, HP IV: 61(0%), ATK IV: 48(0%), DEF IV: 84(0%), Work Speed: (0%), Skills: Ferocious, Veil of Darkness, Pyromaniac, Mercy hit
✪ blAck's 37 Pals
-----------------
Alpha Jormuntide ignis, Level: 10, Rank: 1, Gender: Female, HP IV: 44(0%), ATK IV: 91(0%), DEF IV: 86(0%), Work Speed: (0%), Skills: Hooligan, Dragonkiller, Logging Foreman
Anubis, Level: 26, Rank: 1, Gender: Female, HP IV: 80(0%), ATK IV: 55(0%), DEF IV: 87(0%), Work Speed: (0%), Skills: Slacker, Musclehead, Nimble, Brave
Arsox, Level: 1, Rank: 1, Gender: Male, HP IV: 75(0%), ATK IV: 72(0%), DEF IV: 96(0%), Work Speed: (0%), Skills: Logging Foreman
Cattiva, Level: 5, Rank: 1, Gender: Male, HP IV: 79(0%), ATK IV: 14(0%), DEF IV: 70(0%), Work Speed: (0%), Skills: Coward, Fine Furs
Cattiva, Level: 8, Rank: 1, Gender: Male, HP IV: 12(0%), ATK IV: 46(0%), DEF IV: 76(0%), Work Speed: (0%), Skills: Coward, Zen Mind, Mercy hit, Blood of the Dragon
Celaray, Level: 4, Rank: 1, Gender: Male, HP IV: 57(0%), ATK IV: 0(0%), DEF IV: 89(0%), Work Speed: (0%), Skills: Cheery
Chikipi, Level: 2, Rank: 1, Gender: Male, HP IV: 10(0%), ATK IV: 22(0%), DEF IV: 72(0%), Work Speed: (0%), Skills: Brave, Pyromaniac
Chikipi, Level: 3, Rank: 1, Gender: Female, HP IV: 40(0%), ATK IV: 75(0%), DEF IV: 82(0%), Work Speed: (0%), Skills: Fine Furs
Chikipi, Level: 3, Rank: 1, Gender: Male, HP IV: 65(0%), ATK IV: 1(0%), DEF IV: 48(0%), Work Speed: (0%), Skills: Slacker
Chikipi, Level: 4, Rank: 1, Gender: Female, HP IV: 66(0%), ATK IV: 93(0%), DEF IV: 93(0%), Work Speed: (0%), Skills: Shabby
Chikipi, Level: 5, Rank: 1, Gender: Female, HP IV: 68(0%), ATK IV: 83(0%), DEF IV: 18(0%), Work Speed: (0%), Skills: Blood of the Dragon
Daedream, Level: 1, Rank: 1, Gender: Male, HP IV: 34(0%), ATK IV: 55(0%), DEF IV: 69(0%), Work Speed: (0%), Skills: Serenity
Digtoise, Level: 23, Rank: 1, Gender: Female, HP IV: 55(0%), ATK IV: 24(0%), DEF IV: 11(0%), Work Speed: (0%), Skills: Hard Skin, Conceited
Dumud, Level: 19, Rank: 1, Gender: Male, HP IV: 26(0%), ATK IV: 95(0%), DEF IV: 34(0%), Work Speed: (0%), Skills: Slacker
Eikthyrdeer, Level: 8, Rank: 1, Gender: Female, HP IV: 13(0%), ATK IV: 25(0%), DEF IV: 74(0%), Work Speed: (0%), Skills: Noble
Foxparks, Level: 10, Rank: 1, Gender: Female, HP IV: 19(0%), ATK IV: 85(0%), DEF IV: 51(0%), Work Speed: (0%), Skills: Nocturnal
Foxparks, Level: 11, Rank: 1, Gender: Female, HP IV: 96(0%), ATK IV: 98(0%), DEF IV: 91(0%), Work Speed: (0%), Skills: Power of Gaia
Fuack, Level: 3, Rank: 1, Gender: Female, HP IV: 41(0%), ATK IV: 18(0%), DEF IV: 9(0%), Work Speed: (0%), Skills: Brave
Fuack, Level: 3, Rank: 1, Gender: Female, HP IV: 90(0%), ATK IV: 96(0%), DEF IV: 57(0%), Work Speed: (0%), Skills: Botanical Barrier, Coldblooded
Fuack, Level: 4, Rank: 1, Gender: Female, HP IV: 80(0%), ATK IV: 96(0%), DEF IV: 59(0%), Work Speed: (0%), Skills: Fit as a Fiddle
Fuack, Level: 5, Rank: 1, Gender: Male, HP IV: 21(0%), ATK IV: 31(0%), DEF IV: 83(0%), Work Speed: (0%), Skills: Bottomless Stomach
Gumoss, Level: 2, Rank: 1, Gender: Male, HP IV: 65(0%), ATK IV: 33(0%), DEF IV: 27(0%), Work Speed: (0%), Skills: Serious, Downtrodden
Gumoss, Level: 4, Rank: 1, Gender: Female, HP IV: 34(0%), ATK IV: 83(0%), DEF IV: 48(0%), Work Speed: (0%), Skills: Coward
Gumoss, Level: 5, Rank: 1, Gender: Female, HP IV: 30(0%), ATK IV: 86(0%), DEF IV: 93(0%), Work Speed: (0%), Skills: Pacifist
Jormuntide Ignis, Level: 10, Rank: 1, Gender: Female, HP IV: 95(0%), ATK IV: 76(12%), DEF IV: 8(0%), Work Speed: (0%), Skills: Hooligan, Ferocious, Coldblooded, Insulated Body
Lamball, Level: 2, Rank: 1, Gender: Male, HP IV: 60(0%), ATK IV: 88(0%), DEF IV: 19(0%), Work Speed: (0%), Skills: Conceited
Lamball, Level: 4, Rank: 1, Gender: Female, HP IV: 14(0%), ATK IV: 46(0%), DEF IV: 74(0%), Work Speed: (0%), Skills: Positive Thinker
Lamball, Level: 8, Rank: 1, Gender: Male, HP IV: 22(0%), ATK IV: 11(0%), DEF IV: 89(0%), Work Speed: (0%), Skills: Musclehead
Lifmunk, Level: 2, Rank: 1, Gender: Female, HP IV: 15(0%), ATK IV: 82(0%), DEF IV: 34(0%), Work Speed: (0%), Skills: Abnormal
Lifmunk, Level: 2, Rank: 1, Gender: Female, HP IV: 16(0%), ATK IV: 33(0%), DEF IV: 62(0%), Work Speed: (0%), Skills: Mercy hit
Pengullet, Level: 3, Rank: 1, Gender: Female, HP IV: 59(0%), ATK IV: 43(0%), DEF IV: 31(0%), Work Speed: (0%), Skills: Nocturnal, Shabby
Pengullet, Level: 5, Rank: 1, Gender: Male, HP IV: 64(0%), ATK IV: 61(0%), DEF IV: 77(0%), Work Speed: (0%)
Pengullet, Level: 6, Rank: 1, Gender: Male, HP IV: 5(0%), ATK IV: 55(0%), DEF IV: 31(0%), Work Speed: (0%)
Pengullet, Level: 9, Rank: 1, Gender: Female, HP IV: 32(0%), ATK IV: 20(0%), DEF IV: 11(0%), Work Speed: (0%), Skills: Clumsy, Coward
Rooby, Level: 2, Rank: 1, Gender: Female, HP IV: 68(0%), ATK IV: 100(0%), DEF IV: 62(0%), Work Speed: (0%), Skills: Nimble
Rooby, Level: 4, Rank: 1, Gender: Male, HP IV: 23(0%), ATK IV: 64(0%), DEF IV: 68(0%), Work Speed: (0%), Skills: Fine Furs
Vanwyrm, Level: 11, Rank: 1, Gender: Male, HP IV: 61(0%), ATK IV: 48(0%), DEF IV: 84(0%), Work Speed: (0%), Skills: Ferocious, Veil of Darkness, Pyromaniac, Mercy hit
✪ blAck's 37 Pals
-----------------
Alpha Jormuntide ignis, Level: 10, Rank: 1, Gender: Female, HP IV: 44(0%), ATK IV: 91(0%), DEF IV: 86(0%), Work Speed: (0%), Skills: Hooligan, Dragonkiller, Logging Foreman
Anubis, Level: 26, Rank: 1, Gender: Female, HP IV: 80(0%), ATK IV: 55(0%), DEF IV: 87(0%), Work Speed: (0%), Skills: Slacker, Musclehead, Nimble, Brave
Arsox, Level: 1, Rank: 1, Gender: Male, HP IV: 75(0%), ATK IV: 72(0%), DEF IV: 96(0%), Work Speed: (0%), Skills: Logging Foreman
Cattiva, Level: 5, Rank: 1, Gender: Male, HP IV: 79(0%), ATK IV: 14(0%), DEF IV: 70(0%), Work Speed: (0%), Skills: Coward, Fine Furs
Cattiva, Level: 8, Rank: 1, Gender: Male, HP IV: 12(0%), ATK IV: 46(0%), DEF IV: 76(0%), Work Speed: (0%), Skills: Coward, Zen Mind, Mercy hit, Blood of the Dragon
Celaray, Level: 4, Rank: 1, Gender: Male, HP IV: 57(0%), ATK IV: 0(0%), DEF IV: 89(0%), Work Speed: (0%), Skills: Cheery
Chikipi, Level: 2, Rank: 1, Gender: Male, HP IV: 10(0%), ATK IV: 22(0%), DEF IV: 72(0%), Work Speed: (0%), Skills: Brave, Pyromaniac
Chikipi, Level: 3, Rank: 1, Gender: Female, HP IV: 40(0%), ATK IV: 75(0%), DEF IV: 82(0%), Work Speed: (0%), Skills: Fine Furs
Chikipi, Level: 3, Rank: 1, Gender: Male, HP IV: 65(0%), ATK IV: 1(0%), DEF IV: 48(0%), Work Speed: (0%), Skills: Slacker
Chikipi, Level: 4, Rank: 1, Gender: Female, HP IV: 66(0%), ATK IV: 93(0%), DEF IV: 93(0%), Work Speed: (0%), Skills: Shabby
Chikipi, Level: 5, Rank: 1, Gender: Female, HP IV: 68(0%), ATK IV: 83(0%), DEF IV: 18(0%), Work Speed: (0%), Skills: Blood of the Dragon
Daedream, Level: 1, Rank: 1, Gender: Male, HP IV: 34(0%), ATK IV: 55(0%), DEF IV: 69(0%), Work Speed: (0%), Skills: Serenity
Digtoise, Level: 23, Rank: 1, Gender: Female, HP IV: 55(0%), ATK IV: 24(0%), DEF IV: 11(0%), Work Speed: (0%), Skills: Hard Skin, Conceited
Dumud, Level: 19, Rank: 1, Gender: Male, HP IV: 26(0%), ATK IV: 95(0%), DEF IV: 34(0%), Work Speed: (0%), Skills: Slacker
Eikthyrdeer, Level: 8, Rank: 1, Gender: Female, HP IV: 13(0%), ATK IV: 25(0%), DEF IV: 74(0%), Work Speed: (0%), Skills: Noble
Foxparks, Level: 10, Rank: 1, Gender: Female, HP IV: 19(0%), ATK IV: 85(0%), DEF IV: 51(0%), Work Speed: (0%), Skills: Nocturnal
Foxparks, Level: 11, Rank: 1, Gender: Female, HP IV: 96(0%), ATK IV: 98(0%), DEF IV: 91(0%), Work Speed: (0%), Skills: Power of Gaia
Fuack, Level: 3, Rank: 1, Gender: Female, HP IV: 41(0%), ATK IV: 18(0%), DEF IV: 9(0%), Work Speed: (0%), Skills: Brave
Fuack, Level: 3, Rank: 1, Gender: Female, HP IV: 90(0%), ATK IV: 96(0%), DEF IV: 57(0%), Work Speed: (0%), Skills: Botanical Barrier, Coldblooded
Fuack, Level: 4, Rank: 1, Gender: Female, HP IV: 80(0%), ATK IV: 96(0%), DEF IV: 59(0%), Work Speed: (0%), Skills: Fit as a Fiddle
Fuack, Level: 5, Rank: 1, Gender: Male, HP IV: 21(0%), ATK IV: 31(0%), DEF IV: 83(0%), Work Speed: (0%), Skills: Bottomless Stomach
Gumoss, Level: 2, Rank: 1, Gender: Male, HP IV: 65(0%), ATK IV: 33(0%), DEF IV: 27(0%), Work Speed: (0%), Skills: Serious, Downtrodden
Gumoss, Level: 4, Rank: 1, Gender: Female, HP IV: 34(0%), ATK IV: 83(0%), DEF IV: 48(0%), Work Speed: (0%), Skills: Coward
Gumoss, Level: 5, Rank: 1, Gender: Female, HP IV: 30(0%), ATK IV: 86(0%), DEF IV: 93(0%), Work Speed: (0%), Skills: Pacifist
Jormuntide Ignis, Level: 10, Rank: 1, Gender: Female, HP IV: 95(0%), ATK IV: 76(12%), DEF IV: 8(0%), Work Speed: (0%), Skills: Hooligan, Ferocious, Coldblooded, Insulated Body
Lamball, Level: 2, Rank: 1, Gender: Male, HP IV: 60(0%), ATK IV: 88(0%), DEF IV: 19(0%), Work Speed: (0%), Skills: Conceited
Lamball, Level: 4, Rank: 1, Gender: Female, HP IV: 14(0%), ATK IV: 46(0%), DEF IV: 74(0%), Work Speed: (0%), Skills: Positive Thinker
Lamball, Level: 8, Rank: 1, Gender: Male, HP IV: 22(0%), ATK IV: 11(0%), DEF IV: 89(0%), Work Speed: (0%), Skills: Musclehead
Lifmunk, Level: 2, Rank: 1, Gender: Female, HP IV: 15(0%), ATK IV: 82(0%), DEF IV: 34(0%), Work Speed: (0%), Skills: Abnormal
Lifmunk, Level: 2, Rank: 1, Gender: Female, HP IV: 16(0%), ATK IV: 33(0%), DEF IV: 62(0%), Work Speed: (0%), Skills: Mercy hit
Pengullet, Level: 3, Rank: 1, Gender: Female, HP IV: 59(0%), ATK IV: 43(0%), DEF IV: 31(0%), Work Speed: (0%), Skills: Nocturnal, Shabby
Pengullet, Level: 5, Rank: 1, Gender: Male, HP IV: 64(0%), ATK IV: 61(0%), DEF IV: 77(0%), Work Speed: (0%)
Pengullet, Level: 6, Rank: 1, Gender: Male, HP IV: 5(0%), ATK IV: 55(0%), DEF IV: 31(0%), Work Speed: (0%)
Pengullet, Level: 9, Rank: 1, Gender: Female, HP IV: 32(0%), ATK IV: 20(0%), DEF IV: 11(0%), Work Speed: (0%), Skills: Clumsy, Coward
Rooby, Level: 2, Rank: 1, Gender: Female, HP IV: 68(0%), ATK IV: 100(0%), DEF IV: 62(0%), Work Speed: (0%), Skills: Nimble
Rooby, Level: 4, Rank: 1, Gender: Male, HP IV: 23(0%), ATK IV: 64(0%), DEF IV: 68(0%), Work Speed: (0%), Skills: Fine Furs
Vanwyrm, Level: 11, Rank: 1, Gender: Male, HP IV: 61(0%), ATK IV: 48(0%), DEF IV: 84(0%), Work Speed: (0%), Skills: Ferocious, Veil of Darkness, Pyromaniac, Mercy hit
✪ blAck's 37 Pals
-----------------
Alpha Jormuntide ignis, Level: 10, Rank: 1, Gender: Female, HP IV: 44(0%), ATK IV: 91(0%), DEF IV: 86(0%), Work Speed: (0%), Skills: Hooligan, Dragonkiller, Logging Foreman
Anubis, Level: 26, Rank: 1, Gender: Female, HP IV: 80(0%), ATK IV: 55(0%), DEF IV: 87(0%), Work Speed: (0%), Skills: Slacker, Musclehead, Nimble, Brave
Arsox, Level: 1, Rank: 1, Gender: Male, HP IV: 75(0%), ATK IV: 72(0%), DEF IV: 96(0%), Work Speed: (0%), Skills: Logging Foreman
Cattiva, Level: 5, Rank: 1, Gender: Male, HP IV: 79(0%), ATK IV: 14(0%), DEF IV: 70(0%), Work Speed: (0%), Skills: Coward, Fine Furs
Cattiva, Level: 8, Rank: 1, Gender: Male, HP IV: 12(0%), ATK IV: 46(0%), DEF IV: 76(0%), Work Speed: (0%), Skills: Coward, Zen Mind, Mercy hit, Blood of the Dragon
Celaray, Level: 4, Rank: 1, Gender: Male, HP IV: 57(0%), ATK IV: 0(0%), DEF IV: 89(0%), Work Speed: (0%), Skills: Cheery
Chikipi, Level: 2, Rank: 1, Gender: Male, HP IV: 10(0%), ATK IV: 22(0%), DEF IV: 72(0%), Work Speed: (0%), Skills: Brave, Pyromaniac
Chikipi, Level: 3, Rank: 1, Gender: Female, HP IV: 40(0%), ATK IV: 75(0%), DEF IV: 82(0%), Work Speed: (0%), Skills: Fine Furs
Chikipi, Level: 3, Rank: 1, Gender: Male, HP IV: 65(0%), ATK IV: 1(0%), DEF IV: 48(0%), Work Speed: (0%), Skills: Slacker
Chikipi, Level: 4, Rank: 1, Gender: Female, HP IV: 66(0%), ATK IV: 93(0%), DEF IV: 93(0%), Work Speed: (0%), Skills: Shabby
Chikipi, Level: 5, Rank: 1, Gender: Female, HP IV: 68(0%), ATK IV: 83(0%), DEF IV: 18(0%), Work Speed: (0%), Skills: Blood of the Dragon
Daedream, Level: 1, Rank: 1, Gender: Male, HP IV: 34(0%), ATK IV: 55(0%), DEF IV: 69(0%), Work Speed: (0%), Skills: Serenity
Digtoise, Level: 23, Rank: 1, Gender: Female, HP IV: 55(0%), ATK IV: 24(0%), DEF IV: 11(0%), Work Speed: (0%), Skills: Hard Skin, Conceited
Dumud, Level: 19, Rank: 1, Gender: Male, HP IV: 26(0%), ATK IV: 95(0%), DEF IV: 34(0%), Work Speed: (0%), Skills: Slacker
Eikthyrdeer, Level: 8, Rank: 1, Gender: Female, HP IV: 13(0%), ATK IV: 25(0%), DEF IV: 74(0%), Work Speed: (0%), Skills: Noble
Foxparks, Level: 10, Rank: 1, Gender: Female, HP IV: 19(0%), ATK IV: 85(0%), DEF IV: 51(0%), Work Speed: (0%), Skills: Nocturnal
Foxparks, Level: 11, Rank: 1, Gender: Female, HP IV: 96(0%), ATK IV: 98(0%), DEF IV: 91(0%), Work Speed: (0%), Skills: Power of Gaia
Fuack, Level: 3, Rank: 1, Gender: Female, HP IV: 41(0%), ATK IV: 18(0%), DEF IV: 9(0%), Work Speed: (0%), Skills: Brave
Fuack, Level: 3, Rank: 1, Gender: Female, HP IV: 90(0%), ATK IV: 96(0%), DEF IV: 57(0%), Work Speed: (0%), Skills: Botanical Barrier, Coldblooded
Fuack, Level: 4, Rank: 1, Gender: Female, HP IV: 80(0%), ATK IV: 96(0%), DEF IV: 59(0%), Work Speed: (0%), Skills: Fit as a Fiddle
Fuack, Level: 5, Rank: 1, Gender: Male, HP IV: 21(0%), ATK IV: 31(0%), DEF IV: 83(0%), Work Speed: (0%), Skills: Bottomless Stomach
Gumoss, Level: 2, Rank: 1, Gender: Male, HP IV: 65(0%), ATK IV: 33(0%), DEF IV: 27(0%), Work Speed: (0%), Skills: Serious, Downtrodden
Gumoss, Level: 4, Rank: 1, Gender: Female, HP IV: 34(0%), ATK IV: 83(0%), DEF IV: 48(0%), Work Speed: (0%), Skills: Coward
Gumoss, Level: 5, Rank: 1, Gender: Female, HP IV: 30(0%), ATK IV: 86(0%), DEF IV: 93(0%), Work Speed: (0%), Skills: Pacifist
Jormuntide Ignis, Level: 10, Rank: 1, Gender: Female, HP IV: 95(0%), ATK IV: 76(12%), DEF IV: 8(0%), Work Speed: (0%), Skills: Hooligan, Ferocious, Coldblooded, Insulated Body
Lamball, Level: 2, Rank: 1, Gender: Male, HP IV: 60(0%), ATK IV: 88(0%), DEF IV: 19(0%), Work Speed: (0%), Skills: Conceited
Lamball, Level: 4, Rank: 1, Gender: Female, HP IV: 14(0%), ATK IV: 46(0%), DEF IV: 74(0%), Work Speed: (0%), Skills: Positive Thinker
Lamball, Level: 8, Rank: 1, Gender: Male, HP IV: 22(0%), ATK IV: 11(0%), DEF IV: 89(0%), Work Speed: (0%), Skills: Musclehead
Lifmunk, Level: 2, Rank: 1, Gender: Female, HP IV: 15(0%), ATK IV: 82(0%), DEF IV: 34(0%), Work Speed: (0%), Skills: Abnormal
Lifmunk, Level: 2, Rank: 1, Gender: Female, HP IV: 16(0%), ATK IV: 33(0%), DEF IV: 62(0%), Work Speed: (0%), Skills: Mercy hit
Pengullet, Level: 3, Rank: 1, Gender: Female, HP IV: 59(0%), ATK IV: 43(0%), DEF IV: 31(0%), Work Speed: (0%), Skills: Nocturnal, Shabby
Pengullet, Level: 5, Rank: 1, Gender: Male, HP IV: 64(0%), ATK IV: 61(0%), DEF IV: 77(0%), Work Speed: (0%)
Pengullet, Level: 6, Rank: 1, Gender: Male, HP IV: 5(0%), ATK IV: 55(0%), DEF IV: 31(0%), Work Speed: (0%)
Pengullet, Level: 9, Rank: 1, Gender: Female, HP IV: 32(0%), ATK IV: 20(0%), DEF IV: 11(0%), Work Speed: (0%), Skills: Clumsy, Coward
Rooby, Level: 2, Rank: 1, Gender: Female, HP IV: 68(0%), ATK IV: 100(0%), DEF IV: 62(0%), Work Speed: (0%), Skills: Nimble
Rooby, Level: 4, Rank: 1, Gender: Male, HP IV: 23(0%), ATK IV: 64(0%), DEF IV: 68(0%), Work Speed: (0%), Skills: Fine Furs
Vanwyrm, Level: 11, Rank: 1, Gender: Male, HP IV: 61(0%), ATK IV: 48(0%), DEF IV: 84(0%), Work Speed: (0%), Skills: Ferocious, Veil of Darkness, Pyromaniac, Mercy hit
✪ blAck's 37 Pals
-----------------
Alpha Jormuntide ignis, Level: 10, Rank: 1, Gender: Female, HP IV: 44(0%), ATK IV: 91(0%), DEF IV: 86(0%), Work Speed: (0%), Skills: Hooligan, Dragonkiller, Logging Foreman
Anubis, Level: 26, Rank: 1, Gender: Female, HP IV: 80(0%), ATK IV: 55(0%), DEF IV: 87(0%), Work Speed: (0%), Skills: Slacker, Musclehead, Nimble, Brave
Arsox, Level: 1, Rank: 1, Gender: Male, HP IV: 75(0%), ATK IV: 72(0%), DEF IV: 96(0%), Work Speed: (0%), Skills: Logging Foreman
Cattiva, Level: 5, Rank: 1, Gender: Male, HP IV: 79(0%), ATK IV: 14(0%), DEF IV: 70(0%), Work Speed: (0%), Skills: Coward, Fine Furs
Cattiva, Level: 8, Rank: 1, Gender: Male, HP IV: 12(0%), ATK IV: 46(0%), DEF IV: 76(0%), Work Speed: (0%), Skills: Coward, Zen Mind, Mercy hit, Blood of the Dragon
Celaray, Level: 4, Rank: 1, Gender: Male, HP IV: 57(0%), ATK IV: 0(0%), DEF IV: 89(0%), Work Speed: (0%), Skills: Cheery
Chikipi, Level: 2, Rank: 1, Gender: Male, HP IV: 10(0%), ATK IV: 22(0%), DEF IV: 72(0%), Work Speed: (0%), Skills: Brave, Pyromaniac
Chikipi, Level: 3, Rank: 1, Gender: Female, HP IV: 40(0%), ATK IV: 75(0%), DEF IV: 82(0%), Work Speed: (0%), Skills: Fine Furs
Chikipi, Level: 3, Rank: 1, Gender: Male, HP IV: 65(0%), ATK IV: 1(0%), DEF IV: 48(0%), Work Speed: (0%), Skills: Slacker
Chikipi, Level: 4, Rank: 1, Gender: Female, HP IV: 66(0%), ATK IV: 93(0%), DEF IV: 93(0%), Work Speed: (0%), Skills: Shabby
Chikipi, Level: 5, Rank: 1, Gender: Female, HP IV: 68(0%), ATK IV: 83(0%), DEF IV: 18(0%), Work Speed: (0%), Skills: Blood of the Dragon
Daedream, Level: 1, Rank: 1, Gender: Male, HP IV: 34(0%), ATK IV: 55(0%), DEF IV: 69(0%), Work Speed: (0%), Skills: Serenity
Digtoise, Level: 23, Rank: 1, Gender: Female, HP IV: 55(0%), ATK IV: 24(0%), DEF IV: 11(0%), Work Speed: (0%), Skills: Hard Skin, Conceited
Dumud, Level: 19, Rank: 1, Gender: Male, HP IV: 26(0%), ATK IV: 95(0%), DEF IV: 34(0%), Work Speed: (0%), Skills: Slacker
Eikthyrdeer, Level: 8, Rank: 1, Gender: Female, HP IV: 13(0%), ATK IV: 25(0%), DEF IV: 74(0%), Work Speed: (0%), Skills: Noble
Foxparks, Level: 10, Rank: 1, Gender: Female, HP IV: 19(0%), ATK IV: 85(0%), DEF IV: 51(0%), Work Speed: (0%), Skills: Nocturnal
Foxparks, Level: 11, Rank: 1, Gender: Female, HP IV: 96(0%), ATK IV: 98(0%), DEF IV: 91(0%), Work Speed: (0%), Skills: Power of Gaia
Fuack, Level: 3, Rank: 1, Gender: Female, HP IV: 41(0%), ATK IV: 18(0%), DEF IV: 9(0%), Work Speed: (0%), Skills: Brave
Fuack, Level: 3, Rank: 1, Gender: Female, HP IV: 90(0%), ATK IV: 96(0%), DEF IV: 57(0%), Work Speed: (0%), Skills: Botanical Barrier, Coldblooded
Fuack, Level: 4, Rank: 1, Gender: Female, HP IV: 80(0%), ATK IV: 96(0%), DEF IV: 59(0%), Work Speed: (0%), Skills: Fit as a Fiddle
Fuack, Level: 5, Rank: 1, Gender: Male, HP IV: 21(0%), ATK IV: 31(0%), DEF IV: 83(0%), Work Speed: (0%), Skills: Bottomless Stomach
Gumoss, Level: 2, Rank: 1, Gender: Male, HP IV: 65(0%), ATK IV: 33(0%), DEF IV: 27(0%), Work Speed: (0%), Skills: Serious, Downtrodden
Gumoss, Level: 4, Rank: 1, Gender: Female, HP IV: 34(0%), ATK IV: 83(0%), DEF IV: 48(0%), Work Speed: (0%), Skills: Coward
Gumoss, Level: 5, Rank: 1, Gender: Female, HP IV: 30(0%), ATK IV: 86(0%), DEF IV: 93(0%), Work Speed: (0%), Skills: Pacifist
Jormuntide Ignis, Level: 10, Rank: 1, Gender: Female, HP IV: 95(0%), ATK IV: 76(12%), DEF IV: 8(0%), Work Speed: (0%), Skills: Hooligan, Ferocious, Coldblooded, Insulated Body
Lamball, Level: 2, Rank: 1, Gender: Male, HP IV: 60(0%), ATK IV: 88(0%), DEF IV: 19(0%), Work Speed: (0%), Skills: Conceited
Lamball, Level: 4, Rank: 1, Gender: Female, HP IV: 14(0%), ATK IV: 46(0%), DEF IV: 74(0%), Work Speed: (0%), Skills: Positive Thinker
Lamball, Level: 8, Rank: 1, Gender: Male, HP IV: 22(0%), ATK IV: 11(0%), DEF IV: 89(0%), Work Speed: (0%), Skills: Musclehead
Lifmunk, Level: 2, Rank: 1, Gender: Female, HP IV: 15(0%), ATK IV: 82(0%), DEF IV: 34(0%), Work Speed: (0%), Skills: Abnormal
Lifmunk, Level: 2, Rank: 1, Gender: Female, HP IV: 16(0%), ATK IV: 33(0%), DEF IV: 62(0%), Work Speed: (0%), Skills: Mercy hit
Pengullet, Level: 3, Rank: 1, Gender: Female, HP IV: 59(0%), ATK IV: 43(0%), DEF IV: 31(0%), Work Speed: (0%), Skills: Nocturnal, Shabby
Pengullet, Level: 5, Rank: 1, Gender: Male, HP IV: 64(0%), ATK IV: 61(0%), DEF IV: 77(0%), Work Speed: (0%)
Pengullet, Level: 6, Rank: 1, Gender: Male, HP IV: 5(0%), ATK IV: 55(0%), DEF IV: 31(0%), Work Speed: (0%)
Pengullet, Level: 9, Rank: 1, Gender: Female, HP IV: 32(0%), ATK IV: 20(0%), DEF IV: 11(0%), Work Speed: (0%), Skills: Clumsy, Coward
Rooby, Level: 2, Rank: 1, Gender: Female, HP IV: 68(0%), ATK IV: 100(0%), DEF IV: 62(0%), Work Speed: (0%), Skills: Nimble
Rooby, Level: 4, Rank: 1, Gender: Male, HP IV: 23(0%), ATK IV: 64(0%), DEF IV: 68(0%), Work Speed: (0%), Skills: Fine Furs
Vanwyrm, Level: 11, Rank: 1, Gender: Male, HP IV: 61(0%), ATK IV: 48(0%), DEF IV: 84(0%), Work Speed: (0%), Skills: Ferocious, Veil of Darkness, Pyromaniac, Mercy hit
✪ blAck's 37 Pals
-----------------
Alpha Jormuntide ignis, Level: 10, Rank: 1, Gender: Female, HP IV: 44(0%), ATK IV: 91(0%), DEF IV: 86(0%), Work Speed: (0%), Skills: Hooligan, Dragonkiller, Logging Foreman
Anubis, Level: 26, Rank: 1, Gender: Female, HP IV: 80(0%), ATK IV: 55(0%), DEF IV: 87(0%), Work Speed: (0%), Skills: Slacker, Musclehead, Nimble, Brave
Arsox, Level: 1, Rank: 1, Gender: Male, HP IV: 75(0%), ATK IV: 72(0%), DEF IV: 96(0%), Work Speed: (0%), Skills: Logging Foreman
Cattiva, Level: 5, Rank: 1, Gender: Male, HP IV: 79(0%), ATK IV: 14(0%), DEF IV: 70(0%), Work Speed: (0%), Skills: Coward, Fine Furs
Cattiva, Level: 8, Rank: 1, Gender: Male, HP IV: 12(0%), ATK IV: 46(0%), DEF IV: 76(0%), Work Speed: (0%), Skills: Coward, Zen Mind, Mercy hit, Blood of the Dragon
Celaray, Level: 4, Rank: 1, Gender: Male, HP IV: 57(0%), ATK IV: 0(0%), DEF IV: 89(0%), Work Speed: (0%), Skills: Cheery
Chikipi, Level: 2, Rank: 1, Gender: Male, HP IV: 10(0%), ATK IV: 22(0%), DEF IV: 72(0%), Work Speed: (0%), Skills: Brave, Pyromaniac
Chikipi, Level: 3, Rank: 1, Gender: Female, HP IV: 40(0%), ATK IV: 75(0%), DEF IV: 82(0%), Work Speed: (0%), Skills: Fine Furs
Chikipi, Level: 3, Rank: 1, Gender: Male, HP IV: 65(0%), ATK IV: 1(0%), DEF IV: 48(0%), Work Speed: (0%), Skills: Slacker
Chikipi, Level: 4, Rank: 1, Gender: Female, HP IV: 66(0%), ATK IV: 93(0%), DEF IV: 93(0%), Work Speed: (0%), Skills: Shabby
Chikipi, Level: 5, Rank: 1, Gender: Female, HP IV: 68(0%), ATK IV: 83(0%), DEF IV: 18(0%), Work Speed: (0%), Skills: Blood of the Dragon
Daedream, Level: 1, Rank: 1, Gender: Male, HP IV: 34(0%), ATK IV: 55(0%), DEF IV: 69(0%), Work Speed: (0%), Skills: Serenity
Digtoise, Level: 23, Rank: 1, Gender: Female, HP IV: 55(0%), ATK IV: 24(0%), DEF IV: 11(0%), Work Speed: (0%), Skills: Hard Skin, Conceited
Dumud, Level: 19, Rank: 1, Gender: Male, HP IV: 26(0%), ATK IV: 95(0%), DEF IV: 34(0%), Work Speed: (0%), Skills: Slacker
Eikthyrdeer, Level: 8, Rank: 1, Gender: Female, HP IV: 13(0%), ATK IV: 25(0%), DEF IV: 74(0%), Work Speed: (0%), Skills: Noble
Foxparks, Level: 10, Rank: 1, Gender: Female, HP IV: 19(0%), ATK IV: 85(0%), DEF IV: 51(0%), Work Speed: (0%), Skills: Nocturnal
Foxparks, Level: 11, Rank: 1, Gender: Female, HP IV: 96(0%), ATK IV: 98(0%), DEF IV: 91(0%), Work Speed: (0%), Skills: Power of Gaia
Fuack, Level: 3, Rank: 1, Gender: Female, HP IV: 41(0%), ATK IV: 18(0%), DEF IV: 9(0%), Work Speed: (0%), Skills: Brave
Fuack, Level: 3, Rank: 1, Gender: Female, HP IV: 90(0%), ATK IV: 96(0%), DEF IV: 57(0%), Work Speed: (0%), Skills: Botanical Barrier, Coldblooded
Fuack, Level: 4, Rank: 1, Gender: Female, HP IV: 80(0%), ATK IV: 96(0%), DEF IV: 59(0%), Work Speed: (0%), Skills: Fit as a Fiddle
Fuack, Level: 5, Rank: 1, Gender: Male, HP IV: 21(0%), ATK IV: 31(0%), DEF IV: 83(0%), Work Speed: (0%), Skills: Bottomless Stomach
Gumoss, Level: 2, Rank: 1, Gender: Male, HP IV: 65(0%), ATK IV: 33(0%), DEF IV: 27(0%), Work Speed: (0%), Skills: Serious, Downtrodden
Gumoss, Level: 4, Rank: 1, Gender: Female, HP IV: 34(0%), ATK IV: 83(0%), DEF IV: 48(0%), Work Speed: (0%), Skills: Coward
Gumoss, Level: 5, Rank: 1, Gender: Female, HP IV: 30(0%), ATK IV: 86(0%), DEF IV: 93(0%), Work Speed: (0%), Skills: Pacifist
Jormuntide Ignis, Level: 10, Rank: 1, Gender: Female, HP IV: 95(0%), ATK IV: 76(12%), DEF IV: 8(0%), Work Speed: (0%), Skills: Hooligan, Ferocious, Coldblooded, Insulated Body
Lamball, Level: 2, Rank: 1, Gender: Male, HP IV: 60(0%), ATK IV: 88(0%), DEF IV: 19(0%), Work Speed: (0%), Skills: Conceited
Lamball, Level: 4, Rank: 1, Gender: Female, HP IV: 14(0%), ATK IV: 46(0%), DEF IV: 74(0%), Work Speed: (0%), Skills: Positive Thinker
Lamball, Level: 8, Rank: 1, Gender: Male, HP IV: 22(0%), ATK IV: 11(0%), DEF IV: 89(0%), Work Speed: (0%), Skills: Musclehead
Lifmunk, Level: 2, Rank: 1, Gender: Female, HP IV: 15(0%), ATK IV: 82(0%), DEF IV: 34(0%), Work Speed: (0%), Skills: Abnormal
Lifmunk, Level: 2, Rank: 1, Gender: Female, HP IV: 16(0%), ATK IV: 33(0%), DEF IV: 62(0%), Work Speed: (0%), Skills: Mercy hit
Pengullet, Level: 3, Rank: 1, Gender: Female, HP IV: 59(0%), ATK IV: 43(0%), DEF IV: 31(0%), Work Speed: (0%), Skills: Nocturnal, Shabby
Pengullet, Level: 5, Rank: 1, Gender: Male, HP IV: 64(0%), ATK IV: 61(0%), DEF IV: 77(0%), Work Speed: (0%)
Pengullet, Level: 6, Rank: 1, Gender: Male, HP IV: 5(0%), ATK IV: 55(0%), DEF IV: 31(0%), Work Speed: (0%)
Pengullet, Level: 9, Rank: 1, Gender: Female, HP IV: 32(0%), ATK IV: 20(0%), DEF IV: 11(0%), Work Speed: (0%), Skills: Clumsy, Coward
Rooby, Level: 2, Rank: 1, Gender: Female, HP IV: 68(0%), ATK IV: 100(0%), DEF IV: 62(0%), Work Speed: (0%), Skills: Nimble
Rooby, Level: 4, Rank: 1, Gender: Male, HP IV: 23(0%), ATK IV: 64(0%), DEF IV: 68(0%), Work Speed: (0%), Skills: Fine Furs
Vanwyrm, Level: 11, Rank: 1, Gender: Male, HP IV: 61(0%), ATK IV: 48(0%), DEF IV: 84(0%), Work Speed: (0%), Skills: Ferocious, Veil of Darkness, Pyromaniac, Mercy hit
✪ blAck's 37 Pals
-----------------
Alpha Jormuntide ignis, Level: 10, Rank: 1, Gender: Female, HP IV: 44(0%), ATK IV: 91(0%), DEF IV: 86(0%), Work Speed: (0%), Skills: Hooligan, Dragonkiller, Logging Foreman
Anubis, Level: 26, Rank: 1, Gender: Female, HP IV: 80(0%), ATK IV: 55(0%), DEF IV: 87(0%), Work Speed: (0%), Skills: Slacker, Musclehead, Nimble, Brave
Arsox, Level: 1, Rank: 1, Gender: Male, HP IV: 75(0%), ATK IV: 72(0%), DEF IV: 96(0%), Work Speed: (0%), Skills: Logging Foreman
Cattiva, Level: 5, Rank: 1, Gender: Male, HP IV: 79(0%), ATK IV: 14(0%), DEF IV: 70(0%), Work Speed: (0%), Skills: Coward, Fine Furs
Cattiva, Level: 8, Rank: 1, Gender: Male, HP IV: 12(0%), ATK IV: 46(0%), DEF IV: 76(0%), Work Speed: (0%), Skills: Coward, Zen Mind, Mercy hit, Blood of the Dragon
Celaray, Level: 4, Rank: 1, Gender: Male, HP IV: 57(0%), ATK IV: 0(0%), DEF IV: 89(0%), Work Speed: (0%), Skills: Cheery
Chikipi, Level: 2, Rank: 1, Gender: Male, HP IV: 10(0%), ATK IV: 22(0%), DEF IV: 72(0%), Work Speed: (0%), Skills: Brave, Pyromaniac
Chikipi, Level: 3, Rank: 1, Gender: Female, HP IV: 40(0%), ATK IV: 75(0%), DEF IV: 82(0%), Work Speed: (0%), Skills: Fine Furs
Chikipi, Level: 3, Rank: 1, Gender: Male, HP IV: 65(0%), ATK IV: 1(0%), DEF IV: 48(0%), Work Speed: (0%), Skills: Slacker
Chikipi, Level: 4, Rank: 1, Gender: Female, HP IV: 66(0%), ATK IV: 93(0%), DEF IV: 93(0%), Work Speed: (0%), Skills: Shabby
Chikipi, Level: 5, Rank: 1, Gender: Female, HP IV: 68(0%), ATK IV: 83(0%), DEF IV: 18(0%), Work Speed: (0%), Skills: Blood of the Dragon
Daedream, Level: 1, Rank: 1, Gender: Male, HP IV: 34(0%), ATK IV: 55(0%), DEF IV: 69(0%), Work Speed: (0%), Skills: Serenity
Digtoise, Level: 23, Rank: 1, Gender: Female, HP IV: 55(0%), ATK IV: 24(0%), DEF IV: 11(0%), Work Speed: (0%), Skills: Hard Skin, Conceited
Dumud, Level: 19, Rank: 1, Gender: Male, HP IV: 26(0%), ATK IV: 95(0%), DEF IV: 34(0%), Work Speed: (0%), Skills: Slacker
Eikthyrdeer, Level: 8, Rank: 1, Gender: Female, HP IV: 13(0%), ATK IV: 25(0%), DEF IV: 74(0%), Work Speed: (0%), Skills: Noble
Foxparks, Level: 10, Rank: 1, Gender: Female, HP IV: 19(0%), ATK IV: 85(0%), DEF IV: 51(0%), Work Speed: (0%), Skills: Nocturnal
Foxparks, Level: 11, Rank: 1, Gender: Female, HP IV: 96(0%), ATK IV: 98(0%), DEF IV: 91(0%), Work Speed: (0%), Skills: Power of Gaia
Fuack, Level: 3, Rank: 1, Gender: Female, HP IV: 41(0%), ATK IV: 18(0%), DEF IV: 9(0%), Work Speed: (0%), Skills: Brave
Fuack, Level: 3, Rank: 1, Gender: Female, HP IV: 90(0%), ATK IV: 96(0%), DEF IV: 57(0%), Work Speed: (0%), Skills: Botanical Barrier, Coldblooded
Fuack, Level: 4, Rank: 1, Gender: Female, HP IV: 80(0%), ATK IV: 96(0%), DEF IV: 59(0%), Work Speed: (0%), Skills: Fit as a Fiddle
Fuack, Level: 5, Rank: 1, Gender: Male, HP IV: 21(0%), ATK IV: 31(0%), DEF IV: 83(0%), Work Speed: (0%), Skills: Bottomless Stomach
Gumoss, Level: 2, Rank: 1, Gender: Male, HP IV: 65(0%), ATK IV: 33(0%), DEF IV: 27(0%), Work Speed: (0%), Skills: Serious, Downtrodden
Gumoss, Level: 4, Rank: 1, Gender: Female, HP IV: 34(0%), ATK IV: 83(0%), DEF IV: 48(0%), Work Speed: (0%), Skills: Coward
Gumoss, Level: 5, Rank: 1, Gender: Female, HP IV: 30(0%), ATK IV: 86(0%), DEF IV: 93(0%), Work Speed: (0%), Skills: Pacifist
Jormuntide Ignis, Level: 10, Rank: 1, Gender: Female, HP IV: 95(0%), ATK IV: 76(12%), DEF IV: 8(0%), Work Speed: (0%), Skills: Hooligan, Ferocious, Coldblooded, Insulated Body
Lamball, Level: 2, Rank: 1, Gender: Male, HP IV: 60(0%), ATK IV: 88(0%), DEF IV: 19(0%), Work Speed: (0%), Skills: Conceited
Lamball, Level: 4, Rank: 1, Gender: Female, HP IV: 14(0%), ATK IV: 46(0%), DEF IV: 74(0%), Work Speed: (0%), Skills: Positive Thinker
Lamball, Level: 8, Rank: 1, Gender: Male, HP IV: 22(0%), ATK IV: 11(0%), DEF IV: 89(0%), Work Speed: (0%), Skills: Musclehead
Lifmunk, Level: 2, Rank: 1, Gender: Female, HP IV: 15(0%), ATK IV: 82(0%), DEF IV: 34(0%), Work Speed: (0%), Skills: Abnormal
Lifmunk, Level: 2, Rank: 1, Gender: Female, HP IV: 16(0%), ATK IV: 33(0%), DEF IV: 62(0%), Work Speed: (0%), Skills: Mercy hit
Pengullet, Level: 3, Rank: 1, Gender: Female, HP IV: 59(0%), ATK IV: 43(0%), DEF IV: 31(0%), Work Speed: (0%), Skills: Nocturnal, Shabby
Pengullet, Level: 5, Rank: 1, Gender: Male, HP IV: 64(0%), ATK IV: 61(0%), DEF IV: 77(0%), Work Speed: (0%)
Pengullet, Level: 6, Rank: 1, Gender: Male, HP IV: 5(0%), ATK IV: 55(0%), DEF IV: 31(0%), Work Speed: (0%)
Pengullet, Level: 9, Rank: 1, Gender: Female, HP IV: 32(0%), ATK IV: 20(0%), DEF IV: 11(0%), Work Speed: (0%), Skills: Clumsy, Coward
Rooby, Level: 2, Rank: 1, Gender: Female, HP IV: 68(0%), ATK IV: 100(0%), DEF IV: 62(0%), Work Speed: (0%), Skills: Nimble
Rooby, Level: 4, Rank: 1, Gender: Male, HP IV: 23(0%), ATK IV: 64(0%), DEF IV: 68(0%), Work Speed: (0%), Skills: Fine Furs
Vanwyrm, Level: 11, Rank: 1, Gender: Male, HP IV: 61(0%), ATK IV: 48(0%), DEF IV: 84(0%), Work Speed: (0%), Skills: Ferocious, Veil of Darkness, Pyromaniac, Mercy hit
✪ blAck's 37 Pals
-----------------
Alpha Jormuntide ignis, Level: 10, Rank: 1, Gender: Female, HP IV: 44(0%), ATK IV: 91(0%), DEF IV: 86(0%), Work Speed: (0%), Skills: Hooligan, Dragonkiller, Logging Foreman
Anubis, Level: 26, Rank: 1, Gender: Female, HP IV: 80(0%), ATK IV: 55(0%), DEF IV: 87(0%), Work Speed: (0%), Skills: Slacker, Musclehead, Nimble, Brave
Arsox, Level: 1, Rank: 1, Gender: Male, HP IV: 75(0%), ATK IV: 72(0%), DEF IV: 96(0%), Work Speed: (0%), Skills: Logging Foreman
Cattiva, Level: 5, Rank: 1, Gender: Male, HP IV: 79(0%), ATK IV: 14(0%), DEF IV: 70(0%), Work Speed: (0%), Skills: Coward, Fine Furs
Cattiva, Level: 8, Rank: 1, Gender: Male, HP IV: 12(0%), ATK IV: 46(0%), DEF IV: 76(0%), Work Speed: (0%), Skills: Coward, Zen Mind, Mercy hit, Blood of the Dragon
Celaray, Level: 4, Rank: 1, Gender: Male, HP IV: 57(0%), ATK IV: 0(0%), DEF IV: 89(0%), Work Speed: (0%), Skills: Cheery
Chikipi, Level: 2, Rank: 1, Gender: Male, HP IV: 10(0%), ATK IV: 22(0%), DEF IV: 72(0%), Work Speed: (0%), Skills: Brave, Pyromaniac
Chikipi, Level: 3, Rank: 1, Gender: Female, HP IV: 40(0%), ATK IV: 75(0%), DEF IV: 82(0%), Work Speed: (0%), Skills: Fine Furs
Chikipi, Level: 3, Rank: 1, Gender: Male, HP IV: 65(0%), ATK IV: 1(0%), DEF IV: 48(0%), Work Speed: (0%), Skills: Slacker
Chikipi, Level: 4, Rank: 1, Gender: Female, HP IV: 66(0%), ATK IV: 93(0%), DEF IV: 93(0%), Work Speed: (0%), Skills: Shabby
Chikipi, Level: 5, Rank: 1, Gender: Female, HP IV: 68(0%), ATK IV: 83(0%), DEF IV: 18(0%), Work Speed: (0%), Skills: Blood of the Dragon
Daedream, Level: 1, Rank: 1, Gender: Male, HP IV: 34(0%), ATK IV: 55(0%), DEF IV: 69(0%), Work Speed: (0%), Skills: Serenity
Digtoise, Level: 23, Rank: 1, Gender: Female, HP IV: 55(0%), ATK IV: 24(0%), DEF IV: 11(0%), Work Speed: (0%), Skills: Hard Skin, Conceited
Dumud, Level: 19, Rank: 1, Gender: Male, HP IV: 26(0%), ATK IV: 95(0%), DEF IV: 34(0%), Work Speed: (0%), Skills: Slacker
Eikthyrdeer, Level: 8, Rank: 1, Gender: Female, HP IV: 13(0%), ATK IV: 25(0%), DEF IV: 74(0%), Work Speed: (0%), Skills: Noble
Foxparks, Level: 10, Rank: 1, Gender: Female, HP IV: 19(0%), ATK IV: 85(0%), DEF IV: 51(0%), Work Speed: (0%), Skills: Nocturnal
Foxparks, Level: 11, Rank: 1, Gender: Female, HP IV: 96(0%), ATK IV: 98(0%), DEF IV: 91(0%), Work Speed: (0%), Skills: Power of Gaia
Fuack, Level: 3, Rank: 1, Gender: Female, HP IV: 41(0%), ATK IV: 18(0%), DEF IV: 9(0%), Work Speed: (0%), Skills: Brave
Fuack, Level: 3, Rank: 1, Gender: Female, HP IV: 90(0%), ATK IV: 96(0%), DEF IV: 57(0%), Work Speed: (0%), Skills: Botanical Barrier, Coldblooded
Fuack, Level: 4, Rank: 1, Gender: Female, HP IV: 80(0%), ATK IV: 96(0%), DEF IV: 59(0%), Work Speed: (0%), Skills: Fit as a Fiddle
Fuack, Level: 5, Rank: 1, Gender: Male, HP IV: 21(0%), ATK IV: 31(0%), DEF IV: 83(0%), Work Speed: (0%), Skills: Bottomless Stomach
Gumoss, Level: 2, Rank: 1, Gender: Male, HP IV: 65(0%), ATK IV: 33(0%), DEF IV: 27(0%), Work Speed: (0%), Skills: Serious, Downtrodden
Gumoss, Level: 4, Rank: 1, Gender: Female, HP IV: 34(0%), ATK IV: 83(0%), DEF IV: 48(0%), Work Speed: (0%), Skills: Coward
Gumoss, Level: 5, Rank: 1, Gender: Female, HP IV: 30(0%), ATK IV: 86(0%), DEF IV: 93(0%), Work Speed: (0%), Skills: Pacifist
Jormuntide Ignis, Level: 10, Rank: 1, Gender: Female, HP IV: 95(0%), ATK IV: 76(12%), DEF IV: 8(0%), Work Speed: (0%), Skills: Hooligan, Ferocious, Coldblooded, Insulated Body
Lamball, Level: 2, Rank: 1, Gender: Male, HP IV: 60(0%), ATK IV: 88(0%), DEF IV: 19(0%), Work Speed: (0%), Skills: Conceited
Lamball, Level: 4, Rank: 1, Gender: Female, HP IV: 14(0%), ATK IV: 46(0%), DEF IV: 74(0%), Work Speed: (0%), Skills: Positive Thinker
Lamball, Level: 8, Rank: 1, Gender: Male, HP IV: 22(0%), ATK IV: 11(0%), DEF IV: 89(0%), Work Speed: (0%), Skills: Musclehead
Lifmunk, Level: 2, Rank: 1, Gender: Female, HP IV: 15(0%), ATK IV: 82(0%), DEF IV: 34(0%), Work Speed: (0%), Skills: Abnormal
Lifmunk, Level: 2, Rank: 1, Gender: Female, HP IV: 16(0%), ATK IV: 33(0%), DEF IV: 62(0%), Work Speed: (0%), Skills: Mercy hit
Pengullet, Level: 3, Rank: 1, Gender: Female, HP IV: 59(0%), ATK IV: 43(0%), DEF IV: 31(0%), Work Speed: (0%), Skills: Nocturnal, Shabby
Pengullet, Level: 5, Rank: 1, Gender: Male, HP IV: 64(0%), ATK IV: 61(0%), DEF IV: 77(0%), Work Speed: (0%)
Pengullet, Level: 6, Rank: 1, Gender: Male, HP IV: 5(0%), ATK IV: 55(0%), DEF IV: 31(0%), Work Speed: (0%)
Pengullet, Level: 9, Rank: 1, Gender: Female, HP IV: 32(0%), ATK IV: 20(0%), DEF IV: 11(0%), Work Speed: (0%), Skills: Clumsy, Coward
Rooby, Level: 2, Rank: 1, Gender: Female, HP IV: 68(0%), ATK IV: 100(0%), DEF IV: 62(0%), Work Speed: (0%), Skills: Nimble
Rooby, Level: 4, Rank: 1, Gender: Male, HP IV: 23(0%), ATK IV: 64(0%), DEF IV: 68(0%), Work Speed: (0%), Skills: Fine Furs
Vanwyrm, Level: 11, Rank: 1, Gender: Male, HP IV: 61(0%), ATK IV: 48(0%), DEF IV: 84(0%), Work Speed: (0%), Skills: Ferocious, Veil of Darkness, Pyromaniac, Mercy hit
✪ blAck's 37 Pals
-----------------
Alpha Jormuntide ignis, Level: 10, Rank: 1, Gender: Female, HP IV: 44(0%), ATK IV: 91(0%), DEF IV: 86(0%), Work Speed: (0%), Skills: Hooligan, Dragonkiller, Logging Foreman
Anubis, Level: 26, Rank: 1, Gender: Female, HP IV: 80(0%), ATK IV: 55(0%), DEF IV: 87(0%), Work Speed: (0%), Skills: Slacker, Musclehead, Nimble, Brave
Arsox, Level: 1, Rank: 1, Gender: Male, HP IV: 75(0%), ATK IV: 72(0%), DEF IV: 96(0%), Work Speed: (0%), Skills: Logging Foreman
Cattiva, Level: 5, Rank: 1, Gender: Male, HP IV: 79(0%), ATK IV: 14(0%), DEF IV: 70(0%), Work Speed: (0%), Skills: Coward, Fine Furs
Cattiva, Level: 8, Rank: 1, Gender: Male, HP IV: 12(0%), ATK IV: 46(0%), DEF IV: 76(0%), Work Speed: (0%), Skills: Coward, Zen Mind, Mercy hit, Blood of the Dragon
Celaray, Level: 4, Rank: 1, Gender: Male, HP IV: 57(0%), ATK IV: 0(0%), DEF IV: 89(0%), Work Speed: (0%), Skills: Cheery
Chikipi, Level: 2, Rank: 1, Gender: Male, HP IV: 10(0%), ATK IV: 22(0%), DEF IV: 72(0%), Work Speed: (0%), Skills: Brave, Pyromaniac
Chikipi, Level: 3, Rank: 1, Gender: Female, HP IV: 40(0%), ATK IV: 75(0%), DEF IV: 82(0%), Work Speed: (0%), Skills: Fine Furs
Chikipi, Level: 3, Rank: 1, Gender: Male, HP IV: 65(0%), ATK IV: 1(0%), DEF IV: 48(0%), Work Speed: (0%), Skills: Slacker
Chikipi, Level: 4, Rank: 1, Gender: Female, HP IV: 66(0%), ATK IV: 93(0%), DEF IV: 93(0%), Work Speed: (0%), Skills: Shabby
Chikipi, Level: 5, Rank: 1, Gender: Female, HP IV: 68(0%), ATK IV: 83(0%), DEF IV: 18(0%), Work Speed: (0%), Skills: Blood of the Dragon
Daedream, Level: 1, Rank: 1, Gender: Male, HP IV: 34(0%), ATK IV: 55(0%), DEF IV: 69(0%), Work Speed: (0%), Skills: Serenity
Digtoise, Level: 23, Rank: 1, Gender: Female, HP IV: 55(0%), ATK IV: 24(0%), DEF IV: 11(0%), Work Speed: (0%), Skills: Hard Skin, Conceited
Dumud, Level: 19, Rank: 1, Gender: Male, HP IV: 26(0%), ATK IV: 95(0%), DEF IV: 34(0%), Work Speed: (0%), Skills: Slacker
Eikthyrdeer, Level: 8, Rank: 1, Gender: Female, HP IV: 13(0%), ATK IV: 25(0%), DEF IV: 74(0%), Work Speed: (0%), Skills: Noble
Foxparks, Level: 10, Rank: 1, Gender: Female, HP IV: 19(0%), ATK IV: 85(0%), DEF IV: 51(0%), Work Speed: (0%), Skills: Nocturnal
Foxparks, Level: 11, Rank: 1, Gender: Female, HP IV: 96(0%), ATK IV: 98(0%), DEF IV: 91(0%), Work Speed: (0%), Skills: Power of Gaia
Fuack, Level: 3, Rank: 1, Gender: Female, HP IV: 41(0%), ATK IV: 18(0%), DEF IV: 9(0%), Work Speed: (0%), Skills: Brave
Fuack, Level: 3, Rank: 1, Gender: Female, HP IV: 90(0%), ATK IV: 96(0%), DEF IV: 57(0%), Work Speed: (0%), Skills: Botanical Barrier, Coldblooded
Fuack, Level: 4, Rank: 1, Gender: Female, HP IV: 80(0%), ATK IV: 96(0%), DEF IV: 59(0%), Work Speed: (0%), Skills: Fit as a Fiddle
Fuack, Level: 5, Rank: 1, Gender: Male, HP IV: 21(0%), ATK IV: 31(0%), DEF IV: 83(0%), Work Speed: (0%), Skills: Bottomless Stomach
Gumoss, Level: 2, Rank: 1, Gender: Male, HP IV: 65(0%), ATK IV: 33(0%), DEF IV: 27(0%), Work Speed: (0%), Skills: Serious, Downtrodden
Gumoss, Level: 4, Rank: 1, Gender: Female, HP IV: 34(0%), ATK IV: 83(0%), DEF IV: 48(0%), Work Speed: (0%), Skills: Coward
Gumoss, Level: 5, Rank: 1, Gender: Female, HP IV: 30(0%), ATK IV: 86(0%), DEF IV: 93(0%), Work Speed: (0%), Skills: Pacifist
Jormuntide Ignis, Level: 10, Rank: 1, Gender: Female, HP IV: 95(0%), ATK IV: 76(12%), DEF IV: 8(0%), Work Speed: (0%), Skills: Hooligan, Ferocious, Coldblooded, Insulated Body
Lamball, Level: 2, Rank: 1, Gender: Male, HP IV: 60(0%), ATK IV: 88(0%), DEF IV: 19(0%), Work Speed: (0%), Skills: Conceited
Lamball, Level: 4, Rank: 1, Gender: Female, HP IV: 14(0%), ATK IV: 46(0%), DEF IV: 74(0%), Work Speed: (0%), Skills: Positive Thinker
Lamball, Level: 8, Rank: 1, Gender: Male, HP IV: 22(0%), ATK IV: 11(0%), DEF IV: 89(0%), Work Speed: (0%), Skills: Musclehead
Lifmunk, Level: 2, Rank: 1, Gender: Female, HP IV: 15(0%), ATK IV: 82(0%), DEF IV: 34(0%), Work Speed: (0%), Skills: Abnormal
Lifmunk, Level: 2, Rank: 1, Gender: Female, HP IV: 16(0%), ATK IV: 33(0%), DEF IV: 62(0%), Work Speed: (0%), Skills: Mercy hit
Pengullet, Level: 3, Rank: 1, Gender: Female, HP IV: 59(0%), ATK IV: 43(0%), DEF IV: 31(0%), Work Speed: (0%), Skills: Nocturnal, Shabby
Pengullet, Level: 5, Rank: 1, Gender: Male, HP IV: 64(0%), ATK IV: 61(0%), DEF IV: 77(0%), Work Speed: (0%)
Pengullet, Level: 6, Rank: 1, Gender: Male, HP IV: 5(0%), ATK IV: 55(0%), DEF IV: 31(0%), Work Speed: (0%)
Pengullet, Level: 9, Rank: 1, Gender: Female, HP IV: 32(0%), ATK IV: 20(0%), DEF IV: 11(0%), Work Speed: (0%), Skills: Clumsy, Coward
Rooby, Level: 2, Rank: 1, Gender: Female, HP IV: 68(0%), ATK IV: 100(0%), DEF IV: 62(0%), Work Speed: (0%), Skills: Nimble
Rooby, Level: 4, Rank: 1, Gender: Male, HP IV: 23(0%), ATK IV: 64(0%), DEF IV: 68(0%), Work Speed: (0%), Skills: Fine Furs
Vanwyrm, Level: 11, Rank: 1, Gender: Male, HP IV: 61(0%), ATK IV: 48(0%), DEF IV: 84(0%), Work Speed: (0%), Skills: Ferocious, Veil of Darkness, Pyromaniac, Mercy hit
