黏性物's 3 Pals
------------
Celaray, Level: 4, Rank: 1, Gender: Female, HP IV: 29(0%), ATK IV: 35(0%), DEF IV: 45(0%), Work Speed: (0%), Skills: Positive Thinker
Cremis, Level: 2, Rank: 1, Gender: Male, HP IV: 8(0%), ATK IV: 100(0%), DEF IV: 95(0%), Work Speed: (0%), Skills: Blood of the Dragon
Gumoss, Level: 4, Rank: 1, Gender: Male, HP IV: 89(0%), ATK IV: 45(0%), DEF IV: 14(0%), Work Speed: (0%), Skills: Nocturnal
黏性物's 3 Pals
------------
Celaray, Level: 4, Rank: 1, Gender: Female, HP IV: 29(0%), ATK IV: 35(0%), DEF IV: 45(0%), Work Speed: (0%), Skills: Positive Thinker
Cremis, Level: 2, Rank: 1, Gender: Male, HP IV: 8(0%), ATK IV: 100(0%), DEF IV: 95(0%), Work Speed: (0%), Skills: Blood of the Dragon
Gumoss, Level: 4, Rank: 1, Gender: Male, HP IV: 89(0%), ATK IV: 45(0%), DEF IV: 14(0%), Work Speed: (0%), Skills: Nocturnal
黏性物's 3 Pals
------------
Celaray, Level: 4, Rank: 1, Gender: Female, HP IV: 29(0%), ATK IV: 35(0%), DEF IV: 45(0%), Work Speed: (0%), Skills: Positive Thinker
Cremis, Level: 2, Rank: 1, Gender: Male, HP IV: 8(0%), ATK IV: 100(0%), DEF IV: 95(0%), Work Speed: (0%), Skills: Blood of the Dragon
Gumoss, Level: 4, Rank: 1, Gender: Male, HP IV: 89(0%), ATK IV: 45(0%), DEF IV: 14(0%), Work Speed: (0%), Skills: Nocturnal
黏性物's 3 Pals
------------
Celaray, Level: 4, Rank: 1, Gender: Female, HP IV: 29(0%), ATK IV: 35(0%), DEF IV: 45(0%), Work Speed: (0%), Skills: Positive Thinker
Cremis, Level: 2, Rank: 1, Gender: Male, HP IV: 8(0%), ATK IV: 100(0%), DEF IV: 95(0%), Work Speed: (0%), Skills: Blood of the Dragon
Gumoss, Level: 4, Rank: 1, Gender: Male, HP IV: 89(0%), ATK IV: 45(0%), DEF IV: 14(0%), Work Speed: (0%), Skills: Nocturnal
黏性物's 3 Pals
------------
Celaray, Level: 4, Rank: 1, Gender: Female, HP IV: 29(0%), ATK IV: 35(0%), DEF IV: 45(0%), Work Speed: (0%), Skills: Positive Thinker
Cremis, Level: 2, Rank: 1, Gender: Male, HP IV: 8(0%), ATK IV: 100(0%), DEF IV: 95(0%), Work Speed: (0%), Skills: Blood of the Dragon
Gumoss, Level: 4, Rank: 1, Gender: Male, HP IV: 89(0%), ATK IV: 45(0%), DEF IV: 14(0%), Work Speed: (0%), Skills: Nocturnal
黏性物's 3 Pals
------------
Celaray, Level: 4, Rank: 1, Gender: Female, HP IV: 29(0%), ATK IV: 35(0%), DEF IV: 45(0%), Work Speed: (0%), Skills: Positive Thinker
Cremis, Level: 2, Rank: 1, Gender: Male, HP IV: 8(0%), ATK IV: 100(0%), DEF IV: 95(0%), Work Speed: (0%), Skills: Blood of the Dragon
Gumoss, Level: 4, Rank: 1, Gender: Male, HP IV: 89(0%), ATK IV: 45(0%), DEF IV: 14(0%), Work Speed: (0%), Skills: Nocturnal
黏性物's 3 Pals
------------
Celaray, Level: 4, Rank: 1, Gender: Female, HP IV: 29(0%), ATK IV: 35(0%), DEF IV: 45(0%), Work Speed: (0%), Skills: Positive Thinker
Cremis, Level: 2, Rank: 1, Gender: Male, HP IV: 8(0%), ATK IV: 100(0%), DEF IV: 95(0%), Work Speed: (0%), Skills: Blood of the Dragon
Gumoss, Level: 4, Rank: 1, Gender: Male, HP IV: 89(0%), ATK IV: 45(0%), DEF IV: 14(0%), Work Speed: (0%), Skills: Nocturnal
黏性物's 3 Pals
------------
Celaray, Level: 4, Rank: 1, Gender: Female, HP IV: 29(0%), ATK IV: 35(0%), DEF IV: 45(0%), Work Speed: (0%), Skills: Positive Thinker
Cremis, Level: 2, Rank: 1, Gender: Male, HP IV: 8(0%), ATK IV: 100(0%), DEF IV: 95(0%), Work Speed: (0%), Skills: Blood of the Dragon
Gumoss, Level: 4, Rank: 1, Gender: Male, HP IV: 89(0%), ATK IV: 45(0%), DEF IV: 14(0%), Work Speed: (0%), Skills: Nocturnal
黏性物's 3 Pals
------------
Celaray, Level: 4, Rank: 1, Gender: Female, HP IV: 29(0%), ATK IV: 35(0%), DEF IV: 45(0%), Work Speed: (0%), Skills: Positive Thinker
Cremis, Level: 2, Rank: 1, Gender: Male, HP IV: 8(0%), ATK IV: 100(0%), DEF IV: 95(0%), Work Speed: (0%), Skills: Blood of the Dragon
Gumoss, Level: 4, Rank: 1, Gender: Male, HP IV: 89(0%), ATK IV: 45(0%), DEF IV: 14(0%), Work Speed: (0%), Skills: Nocturnal
